<?xml version="1.0" encoding="UTF-8"?>
<testsuite xmlns:xsi="http://www.w3.org/2001/XMLSchema-instance" xsi:noNamespaceSchemaLocation="https://maven.apache.org/surefire/maven-failsafe-plugin/xsd/failsafe-test-report-3.0.xsd" version="3.0" name="CucumberTestSuite" time="194.037" tests="15" errors="1" skipped="0" failures="0">
  <properties>
    <property name="java.specification.version" value="17"/>
    <property name="webdriver.chrome.driver" value="D:\QE\Automation\Jubelio-Website\src\test\resources\webdriver\chromedriver.exe"/>
    <property name="sun.cpu.isalist" value="amd64"/>
    <property name="sun.jnu.encoding" value="Cp1252"/>
    <property name="java.class.path" value="D:\QE\Automation\Jubelio-Website\target\test-classes;C:\Users\Bagas Dwi Saputra\.m2\repository\net\serenity-bdd\serenity-core\2.6.0\serenity-core-2.6.0.jar;C:\Users\Bagas Dwi Saputra\.m2\repository\net\serenity-bdd\serenity-model\2.6.0\serenity-model-2.6.0.jar;C:\Users\Bagas Dwi Saputra\.m2\repository\org\apache\commons\commons-text\1.9\commons-text-1.9.jar;C:\Users\Bagas Dwi Saputra\.m2\repository\commons-net\commons-net\3.6\commons-net-3.6.jar;C:\Users\Bagas Dwi Saputra\.m2\repository\com\google\inject\guice\5.0.1\guice-5.0.1.jar;C:\Users\Bagas Dwi Saputra\.m2\repository\javax\inject\javax.inject\1\javax.inject-1.jar;C:\Users\Bagas Dwi Saputra\.m2\repository\aopalliance\aopalliance\1.0\aopalliance-1.0.jar;C:\Users\Bagas Dwi Saputra\.m2\repository\org\jsoup\jsoup\1.13.1\jsoup-1.13.1.jar;C:\Users\Bagas Dwi Saputra\.m2\repository\com\thoughtworks\xstream\xstream\1.4.18\xstream-1.4.18.jar;C:\Users\Bagas Dwi Saputra\.m2\repository\io\github\x-stream\mxparser\1.2.2\mxparser-1.2.2.jar;C:\Users\Bagas Dwi Saputra\.m2\repository\xmlpull\xmlpull\1.1.3.1\xmlpull-1.1.3.1.jar;C:\Users\Bagas Dwi Saputra\.m2\repository\io\cucumber\cucumber-core\6.10.2\cucumber-core-6.10.2.jar;C:\Users\Bagas Dwi Saputra\.m2\repository\io\cucumber\cucumber-gherkin\6.10.2\cucumber-gherkin-6.10.2.jar;C:\Users\Bagas Dwi Saputra\.m2\repository\io\cucumber\cucumber-gherkin-messages\6.10.2\cucumber-gherkin-messages-6.10.2.jar;C:\Users\Bagas Dwi Saputra\.m2\repository\io\cucumber\messages\14.0.1\messages-14.0.1.jar;C:\Users\Bagas Dwi Saputra\.m2\repository\io\cucumber\tag-expressions\3.0.0\tag-expressions-3.0.0.jar;C:\Users\Bagas Dwi Saputra\.m2\repository\io\cucumber\cucumber-expressions\10.3.0\cucumber-expressions-10.3.0.jar;C:\Users\Bagas Dwi Saputra\.m2\repository\io\cucumber\cucumber-plugin\6.10.2\cucumber-plugin-6.10.2.jar;C:\Users\Bagas Dwi Saputra\.m2\repository\io\cucumber\docstring\6.10.2\docstring-6.10.2.jar;C:\Users\Bagas Dwi Saputra\.m2\repository\io\cucumber\html-formatter\12.0.0\html-formatter-12.0.0.jar;C:\Users\Bagas Dwi Saputra\.m2\repository\io\cucumber\create-meta\3.0.0\create-meta-3.0.0.jar;C:\Users\Bagas Dwi Saputra\.m2\repository\com\typesafe\config\1.3.1\config-1.3.1.jar;C:\Users\Bagas Dwi Saputra\.m2\repository\org\imgscalr\imgscalr-lib\4.2\imgscalr-lib-4.2.jar;C:\Users\Bagas Dwi Saputra\.m2\repository\org\awaitility\awaitility\4.0.3\awaitility-4.0.3.jar;C:\Users\Bagas Dwi Saputra\.m2\repository\org\freemarker\freemarker\2.3.29\freemarker-2.3.29.jar;C:\Users\Bagas Dwi Saputra\.m2\repository\org\reflections\reflections\0.9.12\reflections-0.9.12.jar;C:\Users\Bagas Dwi Saputra\.m2\repository\org\javassist\javassist\3.26.0-GA\javassist-3.26.0-GA.jar;C:\Users\Bagas Dwi Saputra\.m2\repository\net\sourceforge\jexcelapi\jxl\2.6.12\jxl-2.6.12.jar;C:\Users\Bagas Dwi Saputra\.m2\repository\org\asciidoctor\asciidoctorj\2.5.1\asciidoctorj-2.5.1.jar;C:\Users\Bagas Dwi Saputra\.m2\repository\org\asciidoctor\asciidoctorj-api\2.5.1\asciidoctorj-api-2.5.1.jar;C:\Users\Bagas Dwi Saputra\.m2\repository\org\jruby\jruby\9.2.17.0\jruby-9.2.17.0.jar;C:\Users\Bagas Dwi Saputra\.m2\repository\org\jruby\jruby-core\9.2.17.0\jruby-core-9.2.17.0.jar;C:\Users\Bagas Dwi Saputra\.m2\repository\com\github\jnr\jnr-netdb\1.2.0\jnr-netdb-1.2.0.jar;C:\Users\Bagas Dwi Saputra\.m2\repository\com\github\jnr\jnr-enxio\0.32.3\jnr-enxio-0.32.3.jar;C:\Users\Bagas Dwi Saputra\.m2\repository\com\github\jnr\jnr-unixsocket\0.38.5\jnr-unixsocket-0.38.5.jar;C:\Users\Bagas Dwi Saputra\.m2\repository\com\github\jnr\jnr-posix\3.1.4\jnr-posix-3.1.4.jar;C:\Users\Bagas Dwi Saputra\.m2\repository\com\github\jnr\jnr-constants\0.10.1\jnr-constants-0.10.1.jar;C:\Users\Bagas Dwi Saputra\.m2\repository\com\github\jnr\jffi\1.3.1\jffi-1.3.1.jar;C:\Users\Bagas Dwi Saputra\.m2\repository\com\github\jnr\jffi\1.3.1\jffi-1.3.1-native.jar;C:\Users\Bagas Dwi Saputra\.m2\repository\org\jruby\joni\joni\2.1.31\joni-2.1.31.jar;C:\Users\Bagas Dwi Saputra\.m2\repository\org\jruby\jcodings\jcodings\1.0.46\jcodings-1.0.46.jar;C:\Users\Bagas Dwi Saputra\.m2\repository\org\jruby\dirgra\0.3\dirgra-0.3.jar;C:\Users\Bagas Dwi Saputra\.m2\repository\com\headius\invokebinder\1.11\invokebinder-1.11.jar;C:\Users\Bagas Dwi Saputra\.m2\repository\com\headius\options\1.4\options-1.4.jar;C:\Users\Bagas Dwi Saputra\.m2\repository\com\jcraft\jzlib\1.1.3\jzlib-1.1.3.jar;C:\Users\Bagas Dwi Saputra\.m2\repository\com\martiansoftware\nailgun-server\0.9.1\nailgun-server-0.9.1.jar;C:\Users\Bagas Dwi Saputra\.m2\repository\com\headius\backport9\1.8\backport9-1.8.jar;C:\Users\Bagas Dwi Saputra\.m2\repository\javax\annotation\javax.annotation-api\1.3.1\javax.annotation-api-1.3.1.jar;C:\Users\Bagas Dwi Saputra\.m2\repository\org\jruby\jruby-stdlib\9.2.17.0\jruby-stdlib-9.2.17.0.jar;C:\Users\Bagas Dwi Saputra\.m2\repository\net\bytebuddy\byte-buddy-agent\1.11.1\byte-buddy-agent-1.11.1.jar;C:\Users\Bagas Dwi Saputra\.m2\repository\org\objenesis\objenesis\3.1\objenesis-3.1.jar;C:\Users\Bagas Dwi Saputra\.m2\repository\net\serenity-bdd\serenity-reports\2.6.0\serenity-reports-2.6.0.jar;C:\Users\Bagas Dwi Saputra\.m2\repository\net\serenity-bdd\serenity-stats\2.6.0\serenity-stats-2.6.0.jar;C:\Users\Bagas Dwi Saputra\.m2\repository\net\serenity-bdd\serenity-reports-configuration\2.6.0\serenity-reports-configuration-2.6.0.jar;C:\Users\Bagas Dwi Saputra\.m2\repository\com\vladsch\flexmark\flexmark-all\0.34.30\flexmark-all-0.34.30.jar;C:\Users\Bagas Dwi Saputra\.m2\repository\com\vladsch\flexmark\flexmark\0.34.30\flexmark-0.34.30.jar;C:\Users\Bagas Dwi Saputra\.m2\repository\com\vladsch\flexmark\flexmark-ext-abbreviation\0.34.30\flexmark-ext-abbreviation-0.34.30.jar;C:\Users\Bagas Dwi Saputra\.m2\repository\com\vladsch\flexmark\flexmark-ext-admonition\0.34.30\flexmark-ext-admonition-0.34.30.jar;C:\Users\Bagas Dwi Saputra\.m2\repository\com\vladsch\flexmark\flexmark-ext-anchorlink\0.34.30\flexmark-ext-anchorlink-0.34.30.jar;C:\Users\Bagas Dwi Saputra\.m2\repository\com\vladsch\flexmark\flexmark-ext-aside\0.34.30\flexmark-ext-aside-0.34.30.jar;C:\Users\Bagas Dwi Saputra\.m2\repository\com\vladsch\flexmark\flexmark-ext-attributes\0.34.30\flexmark-ext-attributes-0.34.30.jar;C:\Users\Bagas Dwi Saputra\.m2\repository\com\vladsch\flexmark\flexmark-ext-autolink\0.34.30\flexmark-ext-autolink-0.34.30.jar;C:\Users\Bagas Dwi Saputra\.m2\repository\org\nibor\autolink\autolink\0.6.0\autolink-0.6.0.jar;C:\Users\Bagas Dwi Saputra\.m2\repository\com\vladsch\flexmark\flexmark-ext-definition\0.34.30\flexmark-ext-definition-0.34.30.jar;C:\Users\Bagas Dwi Saputra\.m2\repository\com\vladsch\flexmark\flexmark-ext-emoji\0.34.30\flexmark-ext-emoji-0.34.30.jar;C:\Users\Bagas Dwi Saputra\.m2\repository\com\vladsch\flexmark\flexmark-ext-enumerated-reference\0.34.30\flexmark-ext-enumerated-reference-0.34.30.jar;C:\Users\Bagas Dwi Saputra\.m2\repository\com\vladsch\flexmark\flexmark-ext-escaped-character\0.34.30\flexmark-ext-escaped-character-0.34.30.jar;C:\Users\Bagas Dwi Saputra\.m2\repository\com\vladsch\flexmark\flexmark-ext-footnotes\0.34.30\flexmark-ext-footnotes-0.34.30.jar;C:\Users\Bagas Dwi Saputra\.m2\repository\com\vladsch\flexmark\flexmark-ext-gfm-issues\0.34.30\flexmark-ext-gfm-issues-0.34.30.jar;C:\Users\Bagas Dwi Saputra\.m2\repository\com\vladsch\flexmark\flexmark-ext-gfm-strikethrough\0.34.30\flexmark-ext-gfm-strikethrough-0.34.30.jar;C:\Users\Bagas Dwi Saputra\.m2\repository\com\vladsch\flexmark\flexmark-ext-gfm-tables\0.34.30\flexmark-ext-gfm-tables-0.34.30.jar;C:\Users\Bagas Dwi Saputra\.m2\repository\com\vladsch\flexmark\flexmark-ext-gfm-tasklist\0.34.30\flexmark-ext-gfm-tasklist-0.34.30.jar;C:\Users\Bagas Dwi Saputra\.m2\repository\com\vladsch\flexmark\flexmark-ext-gfm-users\0.34.30\flexmark-ext-gfm-users-0.34.30.jar;C:\Users\Bagas Dwi Saputra\.m2\repository\com\vladsch\flexmark\flexmark-ext-gitlab\0.34.30\flexmark-ext-gitlab-0.34.30.jar;C:\Users\Bagas Dwi Saputra\.m2\repository\com\vladsch\flexmark\flexmark-ext-jekyll-front-matter\0.34.30\flexmark-ext-jekyll-front-matter-0.34.30.jar;C:\Users\Bagas Dwi Saputra\.m2\repository\com\vladsch\flexmark\flexmark-ext-jekyll-tag\0.34.30\flexmark-ext-jekyll-tag-0.34.30.jar;C:\Users\Bagas Dwi Saputra\.m2\repository\com\vladsch\flexmark\flexmark-ext-media-tags\0.34.30\flexmark-ext-media-tags-0.34.30.jar;C:\Users\Bagas Dwi Saputra\.m2\repository\com\vladsch\flexmark\flexmark-test-util\0.34.30\flexmark-test-util-0.34.30.jar;C:\Users\Bagas Dwi Saputra\.m2\repository\com\vladsch\flexmark\flexmark-ext-ins\0.34.30\flexmark-ext-ins-0.34.30.jar;C:\Users\Bagas Dwi Saputra\.m2\repository\com\vladsch\flexmark\flexmark-ext-xwiki-macros\0.34.30\flexmark-ext-xwiki-macros-0.34.30.jar;C:\Users\Bagas Dwi Saputra\.m2\repository\com\vladsch\flexmark\flexmark-ext-superscript\0.34.30\flexmark-ext-superscript-0.34.30.jar;C:\Users\Bagas Dwi Saputra\.m2\repository\com\vladsch\flexmark\flexmark-ext-tables\0.34.30\flexmark-ext-tables-0.34.30.jar;C:\Users\Bagas Dwi Saputra\.m2\repository\com\vladsch\flexmark\flexmark-ext-toc\0.34.30\flexmark-ext-toc-0.34.30.jar;C:\Users\Bagas Dwi Saputra\.m2\repository\com\vladsch\flexmark\flexmark-ext-typographic\0.34.30\flexmark-ext-typographic-0.34.30.jar;C:\Users\Bagas Dwi Saputra\.m2\repository\com\vladsch\flexmark\flexmark-ext-wikilink\0.34.30\flexmark-ext-wikilink-0.34.30.jar;C:\Users\Bagas Dwi Saputra\.m2\repository\com\vladsch\flexmark\flexmark-ext-yaml-front-matter\0.34.30\flexmark-ext-yaml-front-matter-0.34.30.jar;C:\Users\Bagas Dwi Saputra\.m2\repository\com\vladsch\flexmark\flexmark-ext-youtube-embedded\0.34.30\flexmark-ext-youtube-embedded-0.34.30.jar;C:\Users\Bagas Dwi Saputra\.m2\repository\com\vladsch\flexmark\flexmark-formatter\0.34.30\flexmark-formatter-0.34.30.jar;C:\Users\Bagas Dwi Saputra\.m2\repository\com\vladsch\flexmark\flexmark-html-parser\0.34.30\flexmark-html-parser-0.34.30.jar;C:\Users\Bagas Dwi Saputra\.m2\repository\com\vladsch\flexmark\flexmark-jira-converter\0.34.30\flexmark-jira-converter-0.34.30.jar;C:\Users\Bagas Dwi Saputra\.m2\repository\com\vladsch\flexmark\flexmark-pdf-converter\0.34.30\flexmark-pdf-converter-0.34.30.jar;C:\Users\Bagas Dwi Saputra\.m2\repository\com\openhtmltopdf\openhtmltopdf-core\0.0.1-RC13\openhtmltopdf-core-0.0.1-RC13.jar;C:\Users\Bagas Dwi Saputra\.m2\repository\com\openhtmltopdf\openhtmltopdf-pdfbox\0.0.1-RC13\openhtmltopdf-pdfbox-0.0.1-RC13.jar;C:\Users\Bagas Dwi Saputra\.m2\repository\org\apache\pdfbox\pdfbox\2.0.8\pdfbox-2.0.8.jar;C:\Users\Bagas Dwi Saputra\.m2\repository\org\apache\pdfbox\fontbox\2.0.8\fontbox-2.0.8.jar;C:\Users\Bagas Dwi Saputra\.m2\repository\org\apache\pdfbox\xmpbox\2.0.8\xmpbox-2.0.8.jar;C:\Users\Bagas Dwi Saputra\.m2\repository\de\rototor\pdfbox\graphics2d\0.12\graphics2d-0.12.jar;C:\Users\Bagas Dwi Saputra\.m2\repository\com\openhtmltopdf\openhtmltopdf-rtl-support\0.0.1-RC13\openhtmltopdf-rtl-support-0.0.1-RC13.jar;C:\Users\Bagas Dwi Saputra\.m2\repository\com\ibm\icu\icu4j\59.1\icu4j-59.1.jar;C:\Users\Bagas Dwi Saputra\.m2\repository\com\openhtmltopdf\openhtmltopdf-jsoup-dom-converter\0.0.1-RC13\openhtmltopdf-jsoup-dom-converter-0.0.1-RC13.jar;C:\Users\Bagas Dwi Saputra\.m2\repository\com\vladsch\flexmark\flexmark-profile-pegdown\0.34.30\flexmark-profile-pegdown-0.34.30.jar;C:\Users\Bagas Dwi Saputra\.m2\repository\com\vladsch\flexmark\flexmark-util\0.34.30\flexmark-util-0.34.30.jar;C:\Users\Bagas Dwi Saputra\.m2\repository\com\vladsch\flexmark\flexmark-youtrack-converter\0.34.30\flexmark-youtrack-converter-0.34.30.jar;C:\Users\Bagas Dwi Saputra\.m2\repository\es\nitaur\markdown\txtmark\0.16\txtmark-0.16.jar;C:\Users\Bagas Dwi Saputra\.m2\repository\net\serenity-bdd\serenity-report-resources\2.6.0\serenity-report-resources-2.6.0.jar;C:\Users\Bagas Dwi Saputra\.m2\repository\com\google\code\gson\gson\2.8.7\gson-2.8.7.jar;C:\Users\Bagas Dwi Saputra\.m2\repository\com\fasterxml\jackson\core\jackson-core\2.12.4\jackson-core-2.12.4.jar;C:\Users\Bagas Dwi Saputra\.m2\repository\com\fasterxml\jackson\core\jackson-databind\2.12.4\jackson-databind-2.12.4.jar;C:\Users\Bagas Dwi Saputra\.m2\repository\com\fasterxml\jackson\core\jackson-annotations\2.12.4\jackson-annotations-2.12.4.jar;C:\Users\Bagas Dwi Saputra\.m2\repository\commons-codec\commons-codec\1.15\commons-codec-1.15.jar;C:\Users\Bagas Dwi Saputra\.m2\repository\commons-io\commons-io\2.8.0\commons-io-2.8.0.jar;C:\Users\Bagas Dwi Saputra\.m2\repository\org\seleniumhq\selenium\selenium-server\3.141.59\selenium-server-3.141.59.jar;C:\Users\Bagas Dwi Saputra\.m2\repository\net\jcip\jcip-annotations\1.0\jcip-annotations-1.0.jar;C:\Users\Bagas Dwi Saputra\.m2\repository\org\seleniumhq\selenium\jetty-repacked\9.4.12.v20180830\jetty-repacked-9.4.12.v20180830.jar;C:\Users\Bagas Dwi Saputra\.m2\repository\javax\servlet\javax.servlet-api\3.1.0\javax.servlet-api-3.1.0.jar;C:\Users\Bagas Dwi Saputra\.m2\repository\org\yaml\snakeyaml\1.19\snakeyaml-1.19.jar;C:\Users\Bagas Dwi Saputra\.m2\repository\org\seleniumhq\selenium\selenium-api\3.141.59\selenium-api-3.141.59.jar;C:\Users\Bagas Dwi Saputra\.m2\repository\org\seleniumhq\selenium\selenium-support\3.141.59\selenium-support-3.141.59.jar;C:\Users\Bagas Dwi Saputra\.m2\repository\org\seleniumhq\selenium\selenium-chrome-driver\3.141.59\selenium-chrome-driver-3.141.59.jar;C:\Users\Bagas Dwi Saputra\.m2\repository\org\seleniumhq\selenium\selenium-firefox-driver\3.141.59\selenium-firefox-driver-3.141.59.jar;C:\Users\Bagas Dwi Saputra\.m2\repository\org\seleniumhq\selenium\selenium-edge-driver\3.141.59\selenium-edge-driver-3.141.59.jar;C:\Users\Bagas Dwi Saputra\.m2\repository\org\seleniumhq\selenium\selenium-ie-driver\3.141.59\selenium-ie-driver-3.141.59.jar;C:\Users\Bagas Dwi Saputra\.m2\repository\net\sourceforge\htmlunit\htmlunit\2.47.1\htmlunit-2.47.1.jar;C:\Users\Bagas Dwi Saputra\.m2\repository\xalan\xalan\2.7.2\xalan-2.7.2.jar;C:\Users\Bagas Dwi Saputra\.m2\repository\xalan\serializer\2.7.2\serializer-2.7.2.jar;C:\Users\Bagas Dwi Saputra\.m2\repository\net\sourceforge\htmlunit\htmlunit-core-js\2.47.0\htmlunit-core-js-2.47.0.jar;C:\Users\Bagas Dwi Saputra\.m2\repository\net\sourceforge\htmlunit\neko-htmlunit\2.47.1\neko-htmlunit-2.47.1.jar;C:\Users\Bagas Dwi Saputra\.m2\repository\xerces\xercesImpl\2.12.0\xercesImpl-2.12.0.jar;C:\Users\Bagas Dwi Saputra\.m2\repository\xml-apis\xml-apis\1.4.01\xml-apis-1.4.01.jar;C:\Users\Bagas Dwi Saputra\.m2\repository\net\sourceforge\htmlunit\htmlunit-cssparser\1.7.0\htmlunit-cssparser-1.7.0.jar;C:\Users\Bagas Dwi Saputra\.m2\repository\org\brotli\dec\0.1.2\dec-0.1.2.jar;C:\Users\Bagas Dwi Saputra\.m2\repository\com\shapesecurity\salvation2\3.0.0\salvation2-3.0.0.jar;C:\Users\Bagas Dwi Saputra\.m2\repository\org\eclipse\jetty\websocket\websocket-client\9.4.36.v20210114\websocket-client-9.4.36.v20210114.jar;C:\Users\Bagas Dwi Saputra\.m2\repository\org\eclipse\jetty\jetty-client\9.4.36.v20210114\jetty-client-9.4.36.v20210114.jar;C:\Users\Bagas Dwi Saputra\.m2\repository\org\eclipse\jetty\jetty-http\9.4.36.v20210114\jetty-http-9.4.36.v20210114.jar;C:\Users\Bagas Dwi Saputra\.m2\repository\org\eclipse\jetty\jetty-util\9.4.36.v20210114\jetty-util-9.4.36.v20210114.jar;C:\Users\Bagas Dwi Saputra\.m2\repository\org\eclipse\jetty\jetty-io\9.4.36.v20210114\jetty-io-9.4.36.v20210114.jar;C:\Users\Bagas Dwi Saputra\.m2\repository\org\eclipse\jetty\websocket\websocket-common\9.4.36.v20210114\websocket-common-9.4.36.v20210114.jar;C:\Users\Bagas Dwi Saputra\.m2\repository\org\eclipse\jetty\websocket\websocket-api\9.4.36.v20210114\websocket-api-9.4.36.v20210114.jar;C:\Users\Bagas Dwi Saputra\.m2\repository\org\projectlombok\lombok\1.18.20\lombok-1.18.20.jar;C:\Users\Bagas Dwi Saputra\.m2\repository\org\seleniumhq\selenium\htmlunit-driver\2.47.1\htmlunit-driver-2.47.1.jar;C:\Users\Bagas Dwi Saputra\.m2\repository\com\codeborne\phantomjsdriver\1.4.4\phantomjsdriver-1.4.4.jar;C:\Users\Bagas Dwi Saputra\.m2\repository\io\appium\java-client\7.5.1\java-client-7.5.1.jar;C:\Users\Bagas Dwi Saputra\.m2\repository\commons-validator\commons-validator\1.7\commons-validator-1.7.jar;C:\Users\Bagas Dwi Saputra\.m2\repository\commons-digester\commons-digester\2.1\commons-digester-2.1.jar;C:\Users\Bagas Dwi Saputra\.m2\repository\org\aspectj\aspectjweaver\1.9.6\aspectjweaver-1.9.6.jar;C:\Users\Bagas Dwi Saputra\.m2\repository\net\sf\opencsv\opencsv\2.0\opencsv-2.0.jar;C:\Users\Bagas Dwi Saputra\.m2\repository\commons-beanutils\commons-beanutils\1.9.4\commons-beanutils-1.9.4.jar;C:\Users\Bagas Dwi Saputra\.m2\repository\org\apache\commons\commons-lang3\3.11\commons-lang3-3.11.jar;C:\Users\Bagas Dwi Saputra\.m2\repository\commons-collections\commons-collections\3.2.2\commons-collections-3.2.2.jar;C:\Users\Bagas Dwi Saputra\.m2\repository\org\fluentlenium\fluentlenium-core\0.10.2\fluentlenium-core-0.10.2.jar;C:\Users\Bagas Dwi Saputra\.m2\repository\io\github\bonigarcia\webdrivermanager\4.4.1\webdrivermanager-4.4.1.jar;C:\Users\Bagas Dwi Saputra\.m2\repository\org\apache\httpcomponents\client5\httpclient5\5.0.3\httpclient5-5.0.3.jar;C:\Users\Bagas Dwi Saputra\.m2\repository\org\apache\httpcomponents\core5\httpcore5\5.0.2\httpcore5-5.0.2.jar;C:\Users\Bagas Dwi Saputra\.m2\repository\org\apache\httpcomponents\core5\httpcore5-h2\5.0.2\httpcore5-h2-5.0.2.jar;C:\Users\Bagas Dwi Saputra\.m2\repository\org\rauschig\jarchivelib\1.1.0\jarchivelib-1.1.0.jar;C:\Users\Bagas Dwi Saputra\.m2\repository\org\apache\commons\commons-compress\1.20\commons-compress-1.20.jar;C:\Users\Bagas Dwi Saputra\.m2\repository\com\jhlabs\filters\2.0.235\filters-2.0.235.jar;C:\Users\Bagas Dwi Saputra\.m2\repository\com\paulhammant\ngwebdriver\1.1.5\ngwebdriver-1.1.5.jar;C:\Users\Bagas Dwi Saputra\.m2\repository\joda-time\joda-time\2.8.2\joda-time-2.8.2.jar;C:\Users\Bagas Dwi Saputra\.m2\repository\com\google\jimfs\jimfs\1.1\jimfs-1.1.jar;C:\Users\Bagas Dwi Saputra\.m2\repository\org\mockito\mockito-core\3.3.3\mockito-core-3.3.3.jar;C:\Users\Bagas Dwi Saputra\.m2\repository\javax\xml\bind\jaxb-api\2.3.1\jaxb-api-2.3.1.jar;C:\Users\Bagas Dwi Saputra\.m2\repository\javax\activation\javax.activation-api\1.2.0\javax.activation-api-1.2.0.jar;C:\Users\Bagas Dwi Saputra\.m2\repository\com\sun\xml\bind\jaxb-core\2.3.0.1\jaxb-core-2.3.0.1.jar;C:\Users\Bagas Dwi Saputra\.m2\repository\com\sun\xml\bind\jaxb-impl\2.3.3\jaxb-impl-2.3.3.jar;C:\Users\Bagas Dwi Saputra\.m2\repository\com\sun\activation\jakarta.activation\1.2.2\jakarta.activation-1.2.2.jar;C:\Users\Bagas Dwi Saputra\.m2\repository\javax\activation\activation\1.1.1\activation-1.1.1.jar;C:\Users\Bagas Dwi Saputra\.m2\repository\net\serenity-bdd\serenity-junit\2.6.0\serenity-junit-2.6.0.jar;C:\Users\Bagas Dwi Saputra\.m2\repository\net\serenity-bdd\serenity-rest-assured\2.6.0\serenity-rest-assured-2.6.0.jar;C:\Users\Bagas Dwi Saputra\.m2\repository\org\codehaus\groovy\groovy-json\3.0.8\groovy-json-3.0.8.jar;C:\Users\Bagas Dwi Saputra\.m2\repository\org\opentest4j\opentest4j\1.2.0\opentest4j-1.2.0.jar;C:\Users\Bagas Dwi Saputra\.m2\repository\net\serenity-bdd\serenity-screenplay\2.6.0\serenity-screenplay-2.6.0.jar;C:\Users\Bagas Dwi Saputra\.m2\repository\net\serenity-bdd\serenity-screenplay-rest\2.6.0\serenity-screenplay-rest-2.6.0.jar;C:\Users\Bagas Dwi Saputra\.m2\repository\net\serenity-bdd\serenity-screenplay-webdriver\2.6.0\serenity-screenplay-webdriver-2.6.0.jar;C:\Users\Bagas Dwi Saputra\.m2\repository\net\serenity-bdd\serenity-cucumber6\2.6.0\serenity-cucumber6-2.6.0.jar;C:\Users\Bagas Dwi Saputra\.m2\repository\io\cucumber\cucumber-java\6.10.4\cucumber-java-6.10.4.jar;C:\Users\Bagas Dwi Saputra\.m2\repository\io\cucumber\cucumber-junit\6.10.4\cucumber-junit-6.10.4.jar;C:\Users\Bagas Dwi Saputra\.m2\repository\io\cucumber\datatable-matchers\3.4.0\datatable-matchers-3.4.0.jar;C:\Users\Bagas Dwi Saputra\.m2\repository\io\cucumber\datatable\3.4.0\datatable-3.4.0.jar;C:\Users\Bagas Dwi Saputra\.m2\repository\commons-logging\commons-logging\1.2\commons-logging-1.2.jar;C:\Users\Bagas Dwi Saputra\.m2\repository\org\apache\commons\commons-csv\1.5\commons-csv-1.5.jar;C:\Users\Bagas Dwi Saputra\.m2\repository\net\serenity-bdd\serenity-ensure\2.6.0\serenity-ensure-2.6.0.jar;C:\Users\Bagas Dwi Saputra\.m2\repository\org\jetbrains\kotlin\kotlin-stdlib\1.5.0\kotlin-stdlib-1.5.0.jar;C:\Users\Bagas Dwi Saputra\.m2\repository\org\jetbrains\annotations\13.0\annotations-13.0.jar;C:\Users\Bagas Dwi Saputra\.m2\repository\org\jetbrains\kotlin\kotlin-stdlib-common\1.5.0\kotlin-stdlib-common-1.5.0.jar;C:\Users\Bagas Dwi Saputra\.m2\repository\io\rest-assured\rest-assured\4.3.2\rest-assured-4.3.2.jar;C:\Users\Bagas Dwi Saputra\.m2\repository\org\apache\httpcomponents\httpclient\4.5.3\httpclient-4.5.3.jar;C:\Users\Bagas Dwi Saputra\.m2\repository\org\apache\httpcomponents\httpcore\4.4.6\httpcore-4.4.6.jar;C:\Users\Bagas Dwi Saputra\.m2\repository\org\apache\httpcomponents\httpmime\4.5.3\httpmime-4.5.3.jar;C:\Users\Bagas Dwi Saputra\.m2\repository\org\ccil\cowan\tagsoup\tagsoup\1.2.1\tagsoup-1.2.1.jar;C:\Users\Bagas Dwi Saputra\.m2\repository\io\rest-assured\json-path\4.3.3\json-path-4.3.3.jar;C:\Users\Bagas Dwi Saputra\.m2\repository\io\rest-assured\rest-assured-common\4.3.3\rest-assured-common-4.3.3.jar;C:\Users\Bagas Dwi Saputra\.m2\repository\io\rest-assured\xml-path\4.3.3\xml-path-4.3.3.jar;C:\Users\Bagas Dwi Saputra\.m2\repository\jakarta\xml\bind\jakarta.xml.bind-api\2.3.3\jakarta.xml.bind-api-2.3.3.jar;C:\Users\Bagas Dwi Saputra\.m2\repository\jakarta\activation\jakarta.activation-api\1.2.2\jakarta.activation-api-1.2.2.jar;C:\Users\Bagas Dwi Saputra\.m2\repository\junit\junit\4.13.1\junit-4.13.1.jar;C:\Users\Bagas Dwi Saputra\.m2\repository\org\hamcrest\hamcrest-core\1.3\hamcrest-core-1.3.jar;C:\Users\Bagas Dwi Saputra\.m2\repository\org\assertj\assertj-core\3.6.2\assertj-core-3.6.2.jar;C:\Users\Bagas Dwi Saputra\.m2\repository\org\hamcrest\hamcrest\2.2\hamcrest-2.2.jar;C:\Users\Bagas Dwi Saputra\.m2\repository\org\junit\platform\junit-platform-launcher\1.8.2\junit-platform-launcher-1.8.2.jar;C:\Users\Bagas Dwi Saputra\.m2\repository\org\junit\platform\junit-platform-engine\1.8.2\junit-platform-engine-1.8.2.jar;C:\Users\Bagas Dwi Saputra\.m2\repository\org\junit\platform\junit-platform-commons\1.8.2\junit-platform-commons-1.8.2.jar;C:\Users\Bagas Dwi Saputra\.m2\repository\org\apiguardian\apiguardian-api\1.1.2\apiguardian-api-1.1.2.jar;C:\Users\Bagas Dwi Saputra\.m2\repository\org\junit\jupiter\junit-jupiter-engine\5.8.2\junit-jupiter-engine-5.8.2.jar;C:\Users\Bagas Dwi Saputra\.m2\repository\org\junit\jupiter\junit-jupiter-api\5.8.2\junit-jupiter-api-5.8.2.jar;C:\Users\Bagas Dwi Saputra\.m2\repository\org\junit\vintage\junit-vintage-engine\5.8.2\junit-vintage-engine-5.8.2.jar;C:\Users\Bagas Dwi Saputra\.m2\repository\ch\qos\logback\logback-classic\1.2.3\logback-classic-1.2.3.jar;C:\Users\Bagas Dwi Saputra\.m2\repository\ch\qos\logback\logback-core\1.2.3\logback-core-1.2.3.jar;C:\Users\Bagas Dwi Saputra\.m2\repository\org\slf4j\slf4j-api\1.7.25\slf4j-api-1.7.25.jar;C:\Users\Bagas Dwi Saputra\.m2\repository\org\apache\maven\plugins\maven-surefire-plugin\3.0.0-M5\maven-surefire-plugin-3.0.0-M5.jar;C:\Users\Bagas Dwi Saputra\.m2\repository\org\apache\maven\surefire\maven-surefire-common\3.0.0-M5\maven-surefire-common-3.0.0-M5.jar;C:\Users\Bagas Dwi Saputra\.m2\repository\org\apache\maven\surefire\surefire-api\3.0.0-M5\surefire-api-3.0.0-M5.jar;C:\Users\Bagas Dwi Saputra\.m2\repository\org\apache\maven\surefire\surefire-logger-api\3.0.0-M5\surefire-logger-api-3.0.0-M5.jar;C:\Users\Bagas Dwi Saputra\.m2\repository\org\apache\maven\surefire\surefire-extensions-api\3.0.0-M5\surefire-extensions-api-3.0.0-M5.jar;C:\Users\Bagas Dwi Saputra\.m2\repository\org\apache\maven\surefire\surefire-booter\3.0.0-M5\surefire-booter-3.0.0-M5.jar;C:\Users\Bagas Dwi Saputra\.m2\repository\org\apache\maven\surefire\surefire-extensions-spi\3.0.0-M5\surefire-extensions-spi-3.0.0-M5.jar;C:\Users\Bagas Dwi Saputra\.m2\repository\org\apache\maven\maven-toolchain\3.0-alpha-2\maven-toolchain-3.0-alpha-2.jar;C:\Users\Bagas Dwi Saputra\.m2\repository\org\apache\maven\shared\maven-artifact-transfer\0.11.0\maven-artifact-transfer-0.11.0.jar;C:\Users\Bagas Dwi Saputra\.m2\repository\org\apache\maven\shared\maven-common-artifact-filters\3.0.1\maven-common-artifact-filters-3.0.1.jar;C:\Users\Bagas Dwi Saputra\.m2\repository\org\apache\maven\maven-model\3.0\maven-model-3.0.jar;C:\Users\Bagas Dwi Saputra\.m2\repository\org\apache\maven\maven-plugin-api\3.0\maven-plugin-api-3.0.jar;C:\Users\Bagas Dwi Saputra\.m2\repository\org\sonatype\sisu\sisu-inject-plexus\1.4.2\sisu-inject-plexus-1.4.2.jar;C:\Users\Bagas Dwi Saputra\.m2\repository\org\codehaus\plexus\plexus-classworlds\2.2.3\plexus-classworlds-2.2.3.jar;C:\Users\Bagas Dwi Saputra\.m2\repository\org\sonatype\sisu\sisu-inject-bean\1.4.2\sisu-inject-bean-1.4.2.jar;C:\Users\Bagas Dwi Saputra\.m2\repository\org\sonatype\sisu\sisu-guice\2.1.7\sisu-guice-2.1.7-noaop.jar;C:\Users\Bagas Dwi Saputra\.m2\repository\org\apache\maven\shared\maven-shared-utils\3.1.0\maven-shared-utils-3.1.0.jar;C:\Users\Bagas Dwi Saputra\.m2\repository\org\codehaus\plexus\plexus-java\1.0.5\plexus-java-1.0.5.jar;C:\Users\Bagas Dwi Saputra\.m2\repository\org\ow2\asm\asm\7.2\asm-7.2.jar;C:\Users\Bagas Dwi Saputra\.m2\repository\com\thoughtworks\qdox\qdox\2.0-M9\qdox-2.0-M9.jar;C:\Users\Bagas Dwi Saputra\.m2\repository\org\apache\maven\surefire\surefire-shared-utils\3.0.0-M4\surefire-shared-utils-3.0.0-M4.jar;C:\Users\Bagas Dwi Saputra\.m2\repository\org\codehaus\groovy\groovy\3.0.6\groovy-3.0.6.jar;C:\Users\Bagas Dwi Saputra\.m2\repository\org\codehaus\groovy\groovy-xml\3.0.6\groovy-xml-3.0.6.jar;C:\Users\Bagas Dwi Saputra\.m2\repository\com\googlecode\json-simple\json-simple\1.1.1\json-simple-1.1.1.jar;C:\Users\Bagas Dwi Saputra\.m2\repository\com\github\javafaker\javafaker\1.0.2\javafaker-1.0.2.jar;C:\Users\Bagas Dwi Saputra\.m2\repository\org\yaml\snakeyaml\1.23\snakeyaml-1.23-android.jar;C:\Users\Bagas Dwi Saputra\.m2\repository\com\github\mifmif\generex\1.0.2\generex-1.0.2.jar;C:\Users\Bagas Dwi Saputra\.m2\repository\dk\brics\automaton\automaton\1.11-8\automaton-1.11-8.jar;C:\Users\Bagas Dwi Saputra\.m2\repository\org\seleniumhq\selenium\selenium-java\3.141.59\selenium-java-3.141.59.jar;C:\Users\Bagas Dwi Saputra\.m2\repository\org\seleniumhq\selenium\selenium-opera-driver\3.141.59\selenium-opera-driver-3.141.59.jar;C:\Users\Bagas Dwi Saputra\.m2\repository\org\seleniumhq\selenium\selenium-remote-driver\3.141.59\selenium-remote-driver-3.141.59.jar;C:\Users\Bagas Dwi Saputra\.m2\repository\org\seleniumhq\selenium\selenium-safari-driver\3.141.59\selenium-safari-driver-3.141.59.jar;C:\Users\Bagas Dwi Saputra\.m2\repository\net\bytebuddy\byte-buddy\1.8.15\byte-buddy-1.8.15.jar;C:\Users\Bagas Dwi Saputra\.m2\repository\org\apache\commons\commons-exec\1.3\commons-exec-1.3.jar;C:\Users\Bagas Dwi Saputra\.m2\repository\com\google\guava\guava\25.0-jre\guava-25.0-jre.jar;C:\Users\Bagas Dwi Saputra\.m2\repository\com\google\code\findbugs\jsr305\1.3.9\jsr305-1.3.9.jar;C:\Users\Bagas Dwi Saputra\.m2\repository\org\checkerframework\checker-compat-qual\2.0.0\checker-compat-qual-2.0.0.jar;C:\Users\Bagas Dwi Saputra\.m2\repository\com\google\errorprone\error_prone_annotations\2.1.3\error_prone_annotations-2.1.3.jar;C:\Users\Bagas Dwi Saputra\.m2\repository\com\google\j2objc\j2objc-annotations\1.1\j2objc-annotations-1.1.jar;C:\Users\Bagas Dwi Saputra\.m2\repository\org\codehaus\mojo\animal-sniffer-annotations\1.14\animal-sniffer-annotations-1.14.jar;C:\Users\Bagas Dwi Saputra\.m2\repository\com\squareup\okhttp3\okhttp\3.11.0\okhttp-3.11.0.jar;C:\Users\Bagas Dwi Saputra\.m2\repository\com\squareup\okio\okio\1.14.0\okio-1.14.0.jar;C:\Users\Bagas Dwi Saputra\.m2\repository\org\testng\testng\6.14.3\testng-6.14.3.jar;C:\Users\Bagas Dwi Saputra\.m2\repository\com\beust\jcommander\1.72\jcommander-1.72.jar;C:\Users\Bagas Dwi Saputra\.m2\repository\org\apache-extras\beanshell\bsh\2.0b6\bsh-2.0b6.jar;"/>
    <property name="java.vm.vendor" value="Oracle Corporation"/>
    <property name="sun.arch.data.model" value="64"/>
    <property name="user.variant" value=""/>
    <property name="java.vendor.url" value="https://java.oracle.com/"/>
    <property name="user.timezone" value="Asia/Jakarta"/>
    <property name="os.name" value="Windows 11"/>
    <property name="java.vm.specification.version" value="17"/>
    <property name="sun.java.launcher" value="SUN_STANDARD"/>
    <property name="user.country" value="ID"/>
    <property name="sun.boot.library.path" value="D:\AppData\openjdk-17\bin"/>
    <property name="sun.java.command" value="org.apache.maven.surefire.booter.ForkedBooter C:\Users\Bagas Dwi Saputra\AppData\Local\Temp\surefire6625391285601334416 2023-10-06T08-15-33_441-jvmRun1 surefire15059240330503931929tmp surefire_09604843439222200518tmp"/>
    <property name="jdk.debug" value="release"/>
    <property name="surefire.test.class.path" value="D:\QE\Automation\Jubelio-Website\target\test-classes;C:\Users\Bagas Dwi Saputra\.m2\repository\net\serenity-bdd\serenity-core\2.6.0\serenity-core-2.6.0.jar;C:\Users\Bagas Dwi Saputra\.m2\repository\net\serenity-bdd\serenity-model\2.6.0\serenity-model-2.6.0.jar;C:\Users\Bagas Dwi Saputra\.m2\repository\org\apache\commons\commons-text\1.9\commons-text-1.9.jar;C:\Users\Bagas Dwi Saputra\.m2\repository\commons-net\commons-net\3.6\commons-net-3.6.jar;C:\Users\Bagas Dwi Saputra\.m2\repository\com\google\inject\guice\5.0.1\guice-5.0.1.jar;C:\Users\Bagas Dwi Saputra\.m2\repository\javax\inject\javax.inject\1\javax.inject-1.jar;C:\Users\Bagas Dwi Saputra\.m2\repository\aopalliance\aopalliance\1.0\aopalliance-1.0.jar;C:\Users\Bagas Dwi Saputra\.m2\repository\org\jsoup\jsoup\1.13.1\jsoup-1.13.1.jar;C:\Users\Bagas Dwi Saputra\.m2\repository\com\thoughtworks\xstream\xstream\1.4.18\xstream-1.4.18.jar;C:\Users\Bagas Dwi Saputra\.m2\repository\io\github\x-stream\mxparser\1.2.2\mxparser-1.2.2.jar;C:\Users\Bagas Dwi Saputra\.m2\repository\xmlpull\xmlpull\1.1.3.1\xmlpull-1.1.3.1.jar;C:\Users\Bagas Dwi Saputra\.m2\repository\io\cucumber\cucumber-core\6.10.2\cucumber-core-6.10.2.jar;C:\Users\Bagas Dwi Saputra\.m2\repository\io\cucumber\cucumber-gherkin\6.10.2\cucumber-gherkin-6.10.2.jar;C:\Users\Bagas Dwi Saputra\.m2\repository\io\cucumber\cucumber-gherkin-messages\6.10.2\cucumber-gherkin-messages-6.10.2.jar;C:\Users\Bagas Dwi Saputra\.m2\repository\io\cucumber\messages\14.0.1\messages-14.0.1.jar;C:\Users\Bagas Dwi Saputra\.m2\repository\io\cucumber\tag-expressions\3.0.0\tag-expressions-3.0.0.jar;C:\Users\Bagas Dwi Saputra\.m2\repository\io\cucumber\cucumber-expressions\10.3.0\cucumber-expressions-10.3.0.jar;C:\Users\Bagas Dwi Saputra\.m2\repository\io\cucumber\cucumber-plugin\6.10.2\cucumber-plugin-6.10.2.jar;C:\Users\Bagas Dwi Saputra\.m2\repository\io\cucumber\docstring\6.10.2\docstring-6.10.2.jar;C:\Users\Bagas Dwi Saputra\.m2\repository\io\cucumber\html-formatter\12.0.0\html-formatter-12.0.0.jar;C:\Users\Bagas Dwi Saputra\.m2\repository\io\cucumber\create-meta\3.0.0\create-meta-3.0.0.jar;C:\Users\Bagas Dwi Saputra\.m2\repository\com\typesafe\config\1.3.1\config-1.3.1.jar;C:\Users\Bagas Dwi Saputra\.m2\repository\org\imgscalr\imgscalr-lib\4.2\imgscalr-lib-4.2.jar;C:\Users\Bagas Dwi Saputra\.m2\repository\org\awaitility\awaitility\4.0.3\awaitility-4.0.3.jar;C:\Users\Bagas Dwi Saputra\.m2\repository\org\freemarker\freemarker\2.3.29\freemarker-2.3.29.jar;C:\Users\Bagas Dwi Saputra\.m2\repository\org\reflections\reflections\0.9.12\reflections-0.9.12.jar;C:\Users\Bagas Dwi Saputra\.m2\repository\org\javassist\javassist\3.26.0-GA\javassist-3.26.0-GA.jar;C:\Users\Bagas Dwi Saputra\.m2\repository\net\sourceforge\jexcelapi\jxl\2.6.12\jxl-2.6.12.jar;C:\Users\Bagas Dwi Saputra\.m2\repository\org\asciidoctor\asciidoctorj\2.5.1\asciidoctorj-2.5.1.jar;C:\Users\Bagas Dwi Saputra\.m2\repository\org\asciidoctor\asciidoctorj-api\2.5.1\asciidoctorj-api-2.5.1.jar;C:\Users\Bagas Dwi Saputra\.m2\repository\org\jruby\jruby\9.2.17.0\jruby-9.2.17.0.jar;C:\Users\Bagas Dwi Saputra\.m2\repository\org\jruby\jruby-core\9.2.17.0\jruby-core-9.2.17.0.jar;C:\Users\Bagas Dwi Saputra\.m2\repository\com\github\jnr\jnr-netdb\1.2.0\jnr-netdb-1.2.0.jar;C:\Users\Bagas Dwi Saputra\.m2\repository\com\github\jnr\jnr-enxio\0.32.3\jnr-enxio-0.32.3.jar;C:\Users\Bagas Dwi Saputra\.m2\repository\com\github\jnr\jnr-unixsocket\0.38.5\jnr-unixsocket-0.38.5.jar;C:\Users\Bagas Dwi Saputra\.m2\repository\com\github\jnr\jnr-posix\3.1.4\jnr-posix-3.1.4.jar;C:\Users\Bagas Dwi Saputra\.m2\repository\com\github\jnr\jnr-constants\0.10.1\jnr-constants-0.10.1.jar;C:\Users\Bagas Dwi Saputra\.m2\repository\com\github\jnr\jffi\1.3.1\jffi-1.3.1.jar;C:\Users\Bagas Dwi Saputra\.m2\repository\com\github\jnr\jffi\1.3.1\jffi-1.3.1-native.jar;C:\Users\Bagas Dwi Saputra\.m2\repository\org\jruby\joni\joni\2.1.31\joni-2.1.31.jar;C:\Users\Bagas Dwi Saputra\.m2\repository\org\jruby\jcodings\jcodings\1.0.46\jcodings-1.0.46.jar;C:\Users\Bagas Dwi Saputra\.m2\repository\org\jruby\dirgra\0.3\dirgra-0.3.jar;C:\Users\Bagas Dwi Saputra\.m2\repository\com\headius\invokebinder\1.11\invokebinder-1.11.jar;C:\Users\Bagas Dwi Saputra\.m2\repository\com\headius\options\1.4\options-1.4.jar;C:\Users\Bagas Dwi Saputra\.m2\repository\com\jcraft\jzlib\1.1.3\jzlib-1.1.3.jar;C:\Users\Bagas Dwi Saputra\.m2\repository\com\martiansoftware\nailgun-server\0.9.1\nailgun-server-0.9.1.jar;C:\Users\Bagas Dwi Saputra\.m2\repository\com\headius\backport9\1.8\backport9-1.8.jar;C:\Users\Bagas Dwi Saputra\.m2\repository\javax\annotation\javax.annotation-api\1.3.1\javax.annotation-api-1.3.1.jar;C:\Users\Bagas Dwi Saputra\.m2\repository\org\jruby\jruby-stdlib\9.2.17.0\jruby-stdlib-9.2.17.0.jar;C:\Users\Bagas Dwi Saputra\.m2\repository\net\bytebuddy\byte-buddy-agent\1.11.1\byte-buddy-agent-1.11.1.jar;C:\Users\Bagas Dwi Saputra\.m2\repository\org\objenesis\objenesis\3.1\objenesis-3.1.jar;C:\Users\Bagas Dwi Saputra\.m2\repository\net\serenity-bdd\serenity-reports\2.6.0\serenity-reports-2.6.0.jar;C:\Users\Bagas Dwi Saputra\.m2\repository\net\serenity-bdd\serenity-stats\2.6.0\serenity-stats-2.6.0.jar;C:\Users\Bagas Dwi Saputra\.m2\repository\net\serenity-bdd\serenity-reports-configuration\2.6.0\serenity-reports-configuration-2.6.0.jar;C:\Users\Bagas Dwi Saputra\.m2\repository\com\vladsch\flexmark\flexmark-all\0.34.30\flexmark-all-0.34.30.jar;C:\Users\Bagas Dwi Saputra\.m2\repository\com\vladsch\flexmark\flexmark\0.34.30\flexmark-0.34.30.jar;C:\Users\Bagas Dwi Saputra\.m2\repository\com\vladsch\flexmark\flexmark-ext-abbreviation\0.34.30\flexmark-ext-abbreviation-0.34.30.jar;C:\Users\Bagas Dwi Saputra\.m2\repository\com\vladsch\flexmark\flexmark-ext-admonition\0.34.30\flexmark-ext-admonition-0.34.30.jar;C:\Users\Bagas Dwi Saputra\.m2\repository\com\vladsch\flexmark\flexmark-ext-anchorlink\0.34.30\flexmark-ext-anchorlink-0.34.30.jar;C:\Users\Bagas Dwi Saputra\.m2\repository\com\vladsch\flexmark\flexmark-ext-aside\0.34.30\flexmark-ext-aside-0.34.30.jar;C:\Users\Bagas Dwi Saputra\.m2\repository\com\vladsch\flexmark\flexmark-ext-attributes\0.34.30\flexmark-ext-attributes-0.34.30.jar;C:\Users\Bagas Dwi Saputra\.m2\repository\com\vladsch\flexmark\flexmark-ext-autolink\0.34.30\flexmark-ext-autolink-0.34.30.jar;C:\Users\Bagas Dwi Saputra\.m2\repository\org\nibor\autolink\autolink\0.6.0\autolink-0.6.0.jar;C:\Users\Bagas Dwi Saputra\.m2\repository\com\vladsch\flexmark\flexmark-ext-definition\0.34.30\flexmark-ext-definition-0.34.30.jar;C:\Users\Bagas Dwi Saputra\.m2\repository\com\vladsch\flexmark\flexmark-ext-emoji\0.34.30\flexmark-ext-emoji-0.34.30.jar;C:\Users\Bagas Dwi Saputra\.m2\repository\com\vladsch\flexmark\flexmark-ext-enumerated-reference\0.34.30\flexmark-ext-enumerated-reference-0.34.30.jar;C:\Users\Bagas Dwi Saputra\.m2\repository\com\vladsch\flexmark\flexmark-ext-escaped-character\0.34.30\flexmark-ext-escaped-character-0.34.30.jar;C:\Users\Bagas Dwi Saputra\.m2\repository\com\vladsch\flexmark\flexmark-ext-footnotes\0.34.30\flexmark-ext-footnotes-0.34.30.jar;C:\Users\Bagas Dwi Saputra\.m2\repository\com\vladsch\flexmark\flexmark-ext-gfm-issues\0.34.30\flexmark-ext-gfm-issues-0.34.30.jar;C:\Users\Bagas Dwi Saputra\.m2\repository\com\vladsch\flexmark\flexmark-ext-gfm-strikethrough\0.34.30\flexmark-ext-gfm-strikethrough-0.34.30.jar;C:\Users\Bagas Dwi Saputra\.m2\repository\com\vladsch\flexmark\flexmark-ext-gfm-tables\0.34.30\flexmark-ext-gfm-tables-0.34.30.jar;C:\Users\Bagas Dwi Saputra\.m2\repository\com\vladsch\flexmark\flexmark-ext-gfm-tasklist\0.34.30\flexmark-ext-gfm-tasklist-0.34.30.jar;C:\Users\Bagas Dwi Saputra\.m2\repository\com\vladsch\flexmark\flexmark-ext-gfm-users\0.34.30\flexmark-ext-gfm-users-0.34.30.jar;C:\Users\Bagas Dwi Saputra\.m2\repository\com\vladsch\flexmark\flexmark-ext-gitlab\0.34.30\flexmark-ext-gitlab-0.34.30.jar;C:\Users\Bagas Dwi Saputra\.m2\repository\com\vladsch\flexmark\flexmark-ext-jekyll-front-matter\0.34.30\flexmark-ext-jekyll-front-matter-0.34.30.jar;C:\Users\Bagas Dwi Saputra\.m2\repository\com\vladsch\flexmark\flexmark-ext-jekyll-tag\0.34.30\flexmark-ext-jekyll-tag-0.34.30.jar;C:\Users\Bagas Dwi Saputra\.m2\repository\com\vladsch\flexmark\flexmark-ext-media-tags\0.34.30\flexmark-ext-media-tags-0.34.30.jar;C:\Users\Bagas Dwi Saputra\.m2\repository\com\vladsch\flexmark\flexmark-test-util\0.34.30\flexmark-test-util-0.34.30.jar;C:\Users\Bagas Dwi Saputra\.m2\repository\com\vladsch\flexmark\flexmark-ext-ins\0.34.30\flexmark-ext-ins-0.34.30.jar;C:\Users\Bagas Dwi Saputra\.m2\repository\com\vladsch\flexmark\flexmark-ext-xwiki-macros\0.34.30\flexmark-ext-xwiki-macros-0.34.30.jar;C:\Users\Bagas Dwi Saputra\.m2\repository\com\vladsch\flexmark\flexmark-ext-superscript\0.34.30\flexmark-ext-superscript-0.34.30.jar;C:\Users\Bagas Dwi Saputra\.m2\repository\com\vladsch\flexmark\flexmark-ext-tables\0.34.30\flexmark-ext-tables-0.34.30.jar;C:\Users\Bagas Dwi Saputra\.m2\repository\com\vladsch\flexmark\flexmark-ext-toc\0.34.30\flexmark-ext-toc-0.34.30.jar;C:\Users\Bagas Dwi Saputra\.m2\repository\com\vladsch\flexmark\flexmark-ext-typographic\0.34.30\flexmark-ext-typographic-0.34.30.jar;C:\Users\Bagas Dwi Saputra\.m2\repository\com\vladsch\flexmark\flexmark-ext-wikilink\0.34.30\flexmark-ext-wikilink-0.34.30.jar;C:\Users\Bagas Dwi Saputra\.m2\repository\com\vladsch\flexmark\flexmark-ext-yaml-front-matter\0.34.30\flexmark-ext-yaml-front-matter-0.34.30.jar;C:\Users\Bagas Dwi Saputra\.m2\repository\com\vladsch\flexmark\flexmark-ext-youtube-embedded\0.34.30\flexmark-ext-youtube-embedded-0.34.30.jar;C:\Users\Bagas Dwi Saputra\.m2\repository\com\vladsch\flexmark\flexmark-formatter\0.34.30\flexmark-formatter-0.34.30.jar;C:\Users\Bagas Dwi Saputra\.m2\repository\com\vladsch\flexmark\flexmark-html-parser\0.34.30\flexmark-html-parser-0.34.30.jar;C:\Users\Bagas Dwi Saputra\.m2\repository\com\vladsch\flexmark\flexmark-jira-converter\0.34.30\flexmark-jira-converter-0.34.30.jar;C:\Users\Bagas Dwi Saputra\.m2\repository\com\vladsch\flexmark\flexmark-pdf-converter\0.34.30\flexmark-pdf-converter-0.34.30.jar;C:\Users\Bagas Dwi Saputra\.m2\repository\com\openhtmltopdf\openhtmltopdf-core\0.0.1-RC13\openhtmltopdf-core-0.0.1-RC13.jar;C:\Users\Bagas Dwi Saputra\.m2\repository\com\openhtmltopdf\openhtmltopdf-pdfbox\0.0.1-RC13\openhtmltopdf-pdfbox-0.0.1-RC13.jar;C:\Users\Bagas Dwi Saputra\.m2\repository\org\apache\pdfbox\pdfbox\2.0.8\pdfbox-2.0.8.jar;C:\Users\Bagas Dwi Saputra\.m2\repository\org\apache\pdfbox\fontbox\2.0.8\fontbox-2.0.8.jar;C:\Users\Bagas Dwi Saputra\.m2\repository\org\apache\pdfbox\xmpbox\2.0.8\xmpbox-2.0.8.jar;C:\Users\Bagas Dwi Saputra\.m2\repository\de\rototor\pdfbox\graphics2d\0.12\graphics2d-0.12.jar;C:\Users\Bagas Dwi Saputra\.m2\repository\com\openhtmltopdf\openhtmltopdf-rtl-support\0.0.1-RC13\openhtmltopdf-rtl-support-0.0.1-RC13.jar;C:\Users\Bagas Dwi Saputra\.m2\repository\com\ibm\icu\icu4j\59.1\icu4j-59.1.jar;C:\Users\Bagas Dwi Saputra\.m2\repository\com\openhtmltopdf\openhtmltopdf-jsoup-dom-converter\0.0.1-RC13\openhtmltopdf-jsoup-dom-converter-0.0.1-RC13.jar;C:\Users\Bagas Dwi Saputra\.m2\repository\com\vladsch\flexmark\flexmark-profile-pegdown\0.34.30\flexmark-profile-pegdown-0.34.30.jar;C:\Users\Bagas Dwi Saputra\.m2\repository\com\vladsch\flexmark\flexmark-util\0.34.30\flexmark-util-0.34.30.jar;C:\Users\Bagas Dwi Saputra\.m2\repository\com\vladsch\flexmark\flexmark-youtrack-converter\0.34.30\flexmark-youtrack-converter-0.34.30.jar;C:\Users\Bagas Dwi Saputra\.m2\repository\es\nitaur\markdown\txtmark\0.16\txtmark-0.16.jar;C:\Users\Bagas Dwi Saputra\.m2\repository\net\serenity-bdd\serenity-report-resources\2.6.0\serenity-report-resources-2.6.0.jar;C:\Users\Bagas Dwi Saputra\.m2\repository\com\google\code\gson\gson\2.8.7\gson-2.8.7.jar;C:\Users\Bagas Dwi Saputra\.m2\repository\com\fasterxml\jackson\core\jackson-core\2.12.4\jackson-core-2.12.4.jar;C:\Users\Bagas Dwi Saputra\.m2\repository\com\fasterxml\jackson\core\jackson-databind\2.12.4\jackson-databind-2.12.4.jar;C:\Users\Bagas Dwi Saputra\.m2\repository\com\fasterxml\jackson\core\jackson-annotations\2.12.4\jackson-annotations-2.12.4.jar;C:\Users\Bagas Dwi Saputra\.m2\repository\commons-codec\commons-codec\1.15\commons-codec-1.15.jar;C:\Users\Bagas Dwi Saputra\.m2\repository\commons-io\commons-io\2.8.0\commons-io-2.8.0.jar;C:\Users\Bagas Dwi Saputra\.m2\repository\org\seleniumhq\selenium\selenium-server\3.141.59\selenium-server-3.141.59.jar;C:\Users\Bagas Dwi Saputra\.m2\repository\net\jcip\jcip-annotations\1.0\jcip-annotations-1.0.jar;C:\Users\Bagas Dwi Saputra\.m2\repository\org\seleniumhq\selenium\jetty-repacked\9.4.12.v20180830\jetty-repacked-9.4.12.v20180830.jar;C:\Users\Bagas Dwi Saputra\.m2\repository\javax\servlet\javax.servlet-api\3.1.0\javax.servlet-api-3.1.0.jar;C:\Users\Bagas Dwi Saputra\.m2\repository\org\yaml\snakeyaml\1.19\snakeyaml-1.19.jar;C:\Users\Bagas Dwi Saputra\.m2\repository\org\seleniumhq\selenium\selenium-api\3.141.59\selenium-api-3.141.59.jar;C:\Users\Bagas Dwi Saputra\.m2\repository\org\seleniumhq\selenium\selenium-support\3.141.59\selenium-support-3.141.59.jar;C:\Users\Bagas Dwi Saputra\.m2\repository\org\seleniumhq\selenium\selenium-chrome-driver\3.141.59\selenium-chrome-driver-3.141.59.jar;C:\Users\Bagas Dwi Saputra\.m2\repository\org\seleniumhq\selenium\selenium-firefox-driver\3.141.59\selenium-firefox-driver-3.141.59.jar;C:\Users\Bagas Dwi Saputra\.m2\repository\org\seleniumhq\selenium\selenium-edge-driver\3.141.59\selenium-edge-driver-3.141.59.jar;C:\Users\Bagas Dwi Saputra\.m2\repository\org\seleniumhq\selenium\selenium-ie-driver\3.141.59\selenium-ie-driver-3.141.59.jar;C:\Users\Bagas Dwi Saputra\.m2\repository\net\sourceforge\htmlunit\htmlunit\2.47.1\htmlunit-2.47.1.jar;C:\Users\Bagas Dwi Saputra\.m2\repository\xalan\xalan\2.7.2\xalan-2.7.2.jar;C:\Users\Bagas Dwi Saputra\.m2\repository\xalan\serializer\2.7.2\serializer-2.7.2.jar;C:\Users\Bagas Dwi Saputra\.m2\repository\net\sourceforge\htmlunit\htmlunit-core-js\2.47.0\htmlunit-core-js-2.47.0.jar;C:\Users\Bagas Dwi Saputra\.m2\repository\net\sourceforge\htmlunit\neko-htmlunit\2.47.1\neko-htmlunit-2.47.1.jar;C:\Users\Bagas Dwi Saputra\.m2\repository\xerces\xercesImpl\2.12.0\xercesImpl-2.12.0.jar;C:\Users\Bagas Dwi Saputra\.m2\repository\xml-apis\xml-apis\1.4.01\xml-apis-1.4.01.jar;C:\Users\Bagas Dwi Saputra\.m2\repository\net\sourceforge\htmlunit\htmlunit-cssparser\1.7.0\htmlunit-cssparser-1.7.0.jar;C:\Users\Bagas Dwi Saputra\.m2\repository\org\brotli\dec\0.1.2\dec-0.1.2.jar;C:\Users\Bagas Dwi Saputra\.m2\repository\com\shapesecurity\salvation2\3.0.0\salvation2-3.0.0.jar;C:\Users\Bagas Dwi Saputra\.m2\repository\org\eclipse\jetty\websocket\websocket-client\9.4.36.v20210114\websocket-client-9.4.36.v20210114.jar;C:\Users\Bagas Dwi Saputra\.m2\repository\org\eclipse\jetty\jetty-client\9.4.36.v20210114\jetty-client-9.4.36.v20210114.jar;C:\Users\Bagas Dwi Saputra\.m2\repository\org\eclipse\jetty\jetty-http\9.4.36.v20210114\jetty-http-9.4.36.v20210114.jar;C:\Users\Bagas Dwi Saputra\.m2\repository\org\eclipse\jetty\jetty-util\9.4.36.v20210114\jetty-util-9.4.36.v20210114.jar;C:\Users\Bagas Dwi Saputra\.m2\repository\org\eclipse\jetty\jetty-io\9.4.36.v20210114\jetty-io-9.4.36.v20210114.jar;C:\Users\Bagas Dwi Saputra\.m2\repository\org\eclipse\jetty\websocket\websocket-common\9.4.36.v20210114\websocket-common-9.4.36.v20210114.jar;C:\Users\Bagas Dwi Saputra\.m2\repository\org\eclipse\jetty\websocket\websocket-api\9.4.36.v20210114\websocket-api-9.4.36.v20210114.jar;C:\Users\Bagas Dwi Saputra\.m2\repository\org\projectlombok\lombok\1.18.20\lombok-1.18.20.jar;C:\Users\Bagas Dwi Saputra\.m2\repository\org\seleniumhq\selenium\htmlunit-driver\2.47.1\htmlunit-driver-2.47.1.jar;C:\Users\Bagas Dwi Saputra\.m2\repository\com\codeborne\phantomjsdriver\1.4.4\phantomjsdriver-1.4.4.jar;C:\Users\Bagas Dwi Saputra\.m2\repository\io\appium\java-client\7.5.1\java-client-7.5.1.jar;C:\Users\Bagas Dwi Saputra\.m2\repository\commons-validator\commons-validator\1.7\commons-validator-1.7.jar;C:\Users\Bagas Dwi Saputra\.m2\repository\commons-digester\commons-digester\2.1\commons-digester-2.1.jar;C:\Users\Bagas Dwi Saputra\.m2\repository\org\aspectj\aspectjweaver\1.9.6\aspectjweaver-1.9.6.jar;C:\Users\Bagas Dwi Saputra\.m2\repository\net\sf\opencsv\opencsv\2.0\opencsv-2.0.jar;C:\Users\Bagas Dwi Saputra\.m2\repository\commons-beanutils\commons-beanutils\1.9.4\commons-beanutils-1.9.4.jar;C:\Users\Bagas Dwi Saputra\.m2\repository\org\apache\commons\commons-lang3\3.11\commons-lang3-3.11.jar;C:\Users\Bagas Dwi Saputra\.m2\repository\commons-collections\commons-collections\3.2.2\commons-collections-3.2.2.jar;C:\Users\Bagas Dwi Saputra\.m2\repository\org\fluentlenium\fluentlenium-core\0.10.2\fluentlenium-core-0.10.2.jar;C:\Users\Bagas Dwi Saputra\.m2\repository\io\github\bonigarcia\webdrivermanager\4.4.1\webdrivermanager-4.4.1.jar;C:\Users\Bagas Dwi Saputra\.m2\repository\org\apache\httpcomponents\client5\httpclient5\5.0.3\httpclient5-5.0.3.jar;C:\Users\Bagas Dwi Saputra\.m2\repository\org\apache\httpcomponents\core5\httpcore5\5.0.2\httpcore5-5.0.2.jar;C:\Users\Bagas Dwi Saputra\.m2\repository\org\apache\httpcomponents\core5\httpcore5-h2\5.0.2\httpcore5-h2-5.0.2.jar;C:\Users\Bagas Dwi Saputra\.m2\repository\org\rauschig\jarchivelib\1.1.0\jarchivelib-1.1.0.jar;C:\Users\Bagas Dwi Saputra\.m2\repository\org\apache\commons\commons-compress\1.20\commons-compress-1.20.jar;C:\Users\Bagas Dwi Saputra\.m2\repository\com\jhlabs\filters\2.0.235\filters-2.0.235.jar;C:\Users\Bagas Dwi Saputra\.m2\repository\com\paulhammant\ngwebdriver\1.1.5\ngwebdriver-1.1.5.jar;C:\Users\Bagas Dwi Saputra\.m2\repository\joda-time\joda-time\2.8.2\joda-time-2.8.2.jar;C:\Users\Bagas Dwi Saputra\.m2\repository\com\google\jimfs\jimfs\1.1\jimfs-1.1.jar;C:\Users\Bagas Dwi Saputra\.m2\repository\org\mockito\mockito-core\3.3.3\mockito-core-3.3.3.jar;C:\Users\Bagas Dwi Saputra\.m2\repository\javax\xml\bind\jaxb-api\2.3.1\jaxb-api-2.3.1.jar;C:\Users\Bagas Dwi Saputra\.m2\repository\javax\activation\javax.activation-api\1.2.0\javax.activation-api-1.2.0.jar;C:\Users\Bagas Dwi Saputra\.m2\repository\com\sun\xml\bind\jaxb-core\2.3.0.1\jaxb-core-2.3.0.1.jar;C:\Users\Bagas Dwi Saputra\.m2\repository\com\sun\xml\bind\jaxb-impl\2.3.3\jaxb-impl-2.3.3.jar;C:\Users\Bagas Dwi Saputra\.m2\repository\com\sun\activation\jakarta.activation\1.2.2\jakarta.activation-1.2.2.jar;C:\Users\Bagas Dwi Saputra\.m2\repository\javax\activation\activation\1.1.1\activation-1.1.1.jar;C:\Users\Bagas Dwi Saputra\.m2\repository\net\serenity-bdd\serenity-junit\2.6.0\serenity-junit-2.6.0.jar;C:\Users\Bagas Dwi Saputra\.m2\repository\net\serenity-bdd\serenity-rest-assured\2.6.0\serenity-rest-assured-2.6.0.jar;C:\Users\Bagas Dwi Saputra\.m2\repository\org\codehaus\groovy\groovy-json\3.0.8\groovy-json-3.0.8.jar;C:\Users\Bagas Dwi Saputra\.m2\repository\org\opentest4j\opentest4j\1.2.0\opentest4j-1.2.0.jar;C:\Users\Bagas Dwi Saputra\.m2\repository\net\serenity-bdd\serenity-screenplay\2.6.0\serenity-screenplay-2.6.0.jar;C:\Users\Bagas Dwi Saputra\.m2\repository\net\serenity-bdd\serenity-screenplay-rest\2.6.0\serenity-screenplay-rest-2.6.0.jar;C:\Users\Bagas Dwi Saputra\.m2\repository\net\serenity-bdd\serenity-screenplay-webdriver\2.6.0\serenity-screenplay-webdriver-2.6.0.jar;C:\Users\Bagas Dwi Saputra\.m2\repository\net\serenity-bdd\serenity-cucumber6\2.6.0\serenity-cucumber6-2.6.0.jar;C:\Users\Bagas Dwi Saputra\.m2\repository\io\cucumber\cucumber-java\6.10.4\cucumber-java-6.10.4.jar;C:\Users\Bagas Dwi Saputra\.m2\repository\io\cucumber\cucumber-junit\6.10.4\cucumber-junit-6.10.4.jar;C:\Users\Bagas Dwi Saputra\.m2\repository\io\cucumber\datatable-matchers\3.4.0\datatable-matchers-3.4.0.jar;C:\Users\Bagas Dwi Saputra\.m2\repository\io\cucumber\datatable\3.4.0\datatable-3.4.0.jar;C:\Users\Bagas Dwi Saputra\.m2\repository\commons-logging\commons-logging\1.2\commons-logging-1.2.jar;C:\Users\Bagas Dwi Saputra\.m2\repository\org\apache\commons\commons-csv\1.5\commons-csv-1.5.jar;C:\Users\Bagas Dwi Saputra\.m2\repository\net\serenity-bdd\serenity-ensure\2.6.0\serenity-ensure-2.6.0.jar;C:\Users\Bagas Dwi Saputra\.m2\repository\org\jetbrains\kotlin\kotlin-stdlib\1.5.0\kotlin-stdlib-1.5.0.jar;C:\Users\Bagas Dwi Saputra\.m2\repository\org\jetbrains\annotations\13.0\annotations-13.0.jar;C:\Users\Bagas Dwi Saputra\.m2\repository\org\jetbrains\kotlin\kotlin-stdlib-common\1.5.0\kotlin-stdlib-common-1.5.0.jar;C:\Users\Bagas Dwi Saputra\.m2\repository\io\rest-assured\rest-assured\4.3.2\rest-assured-4.3.2.jar;C:\Users\Bagas Dwi Saputra\.m2\repository\org\apache\httpcomponents\httpclient\4.5.3\httpclient-4.5.3.jar;C:\Users\Bagas Dwi Saputra\.m2\repository\org\apache\httpcomponents\httpcore\4.4.6\httpcore-4.4.6.jar;C:\Users\Bagas Dwi Saputra\.m2\repository\org\apache\httpcomponents\httpmime\4.5.3\httpmime-4.5.3.jar;C:\Users\Bagas Dwi Saputra\.m2\repository\org\ccil\cowan\tagsoup\tagsoup\1.2.1\tagsoup-1.2.1.jar;C:\Users\Bagas Dwi Saputra\.m2\repository\io\rest-assured\json-path\4.3.3\json-path-4.3.3.jar;C:\Users\Bagas Dwi Saputra\.m2\repository\io\rest-assured\rest-assured-common\4.3.3\rest-assured-common-4.3.3.jar;C:\Users\Bagas Dwi Saputra\.m2\repository\io\rest-assured\xml-path\4.3.3\xml-path-4.3.3.jar;C:\Users\Bagas Dwi Saputra\.m2\repository\jakarta\xml\bind\jakarta.xml.bind-api\2.3.3\jakarta.xml.bind-api-2.3.3.jar;C:\Users\Bagas Dwi Saputra\.m2\repository\jakarta\activation\jakarta.activation-api\1.2.2\jakarta.activation-api-1.2.2.jar;C:\Users\Bagas Dwi Saputra\.m2\repository\junit\junit\4.13.1\junit-4.13.1.jar;C:\Users\Bagas Dwi Saputra\.m2\repository\org\hamcrest\hamcrest-core\1.3\hamcrest-core-1.3.jar;C:\Users\Bagas Dwi Saputra\.m2\repository\org\assertj\assertj-core\3.6.2\assertj-core-3.6.2.jar;C:\Users\Bagas Dwi Saputra\.m2\repository\org\hamcrest\hamcrest\2.2\hamcrest-2.2.jar;C:\Users\Bagas Dwi Saputra\.m2\repository\org\junit\platform\junit-platform-launcher\1.8.2\junit-platform-launcher-1.8.2.jar;C:\Users\Bagas Dwi Saputra\.m2\repository\org\junit\platform\junit-platform-engine\1.8.2\junit-platform-engine-1.8.2.jar;C:\Users\Bagas Dwi Saputra\.m2\repository\org\junit\platform\junit-platform-commons\1.8.2\junit-platform-commons-1.8.2.jar;C:\Users\Bagas Dwi Saputra\.m2\repository\org\apiguardian\apiguardian-api\1.1.2\apiguardian-api-1.1.2.jar;C:\Users\Bagas Dwi Saputra\.m2\repository\org\junit\jupiter\junit-jupiter-engine\5.8.2\junit-jupiter-engine-5.8.2.jar;C:\Users\Bagas Dwi Saputra\.m2\repository\org\junit\jupiter\junit-jupiter-api\5.8.2\junit-jupiter-api-5.8.2.jar;C:\Users\Bagas Dwi Saputra\.m2\repository\org\junit\vintage\junit-vintage-engine\5.8.2\junit-vintage-engine-5.8.2.jar;C:\Users\Bagas Dwi Saputra\.m2\repository\ch\qos\logback\logback-classic\1.2.3\logback-classic-1.2.3.jar;C:\Users\Bagas Dwi Saputra\.m2\repository\ch\qos\logback\logback-core\1.2.3\logback-core-1.2.3.jar;C:\Users\Bagas Dwi Saputra\.m2\repository\org\slf4j\slf4j-api\1.7.25\slf4j-api-1.7.25.jar;C:\Users\Bagas Dwi Saputra\.m2\repository\org\apache\maven\plugins\maven-surefire-plugin\3.0.0-M5\maven-surefire-plugin-3.0.0-M5.jar;C:\Users\Bagas Dwi Saputra\.m2\repository\org\apache\maven\surefire\maven-surefire-common\3.0.0-M5\maven-surefire-common-3.0.0-M5.jar;C:\Users\Bagas Dwi Saputra\.m2\repository\org\apache\maven\surefire\surefire-api\3.0.0-M5\surefire-api-3.0.0-M5.jar;C:\Users\Bagas Dwi Saputra\.m2\repository\org\apache\maven\surefire\surefire-logger-api\3.0.0-M5\surefire-logger-api-3.0.0-M5.jar;C:\Users\Bagas Dwi Saputra\.m2\repository\org\apache\maven\surefire\surefire-extensions-api\3.0.0-M5\surefire-extensions-api-3.0.0-M5.jar;C:\Users\Bagas Dwi Saputra\.m2\repository\org\apache\maven\surefire\surefire-booter\3.0.0-M5\surefire-booter-3.0.0-M5.jar;C:\Users\Bagas Dwi Saputra\.m2\repository\org\apache\maven\surefire\surefire-extensions-spi\3.0.0-M5\surefire-extensions-spi-3.0.0-M5.jar;C:\Users\Bagas Dwi Saputra\.m2\repository\org\apache\maven\maven-toolchain\3.0-alpha-2\maven-toolchain-3.0-alpha-2.jar;C:\Users\Bagas Dwi Saputra\.m2\repository\org\apache\maven\shared\maven-artifact-transfer\0.11.0\maven-artifact-transfer-0.11.0.jar;C:\Users\Bagas Dwi Saputra\.m2\repository\org\apache\maven\shared\maven-common-artifact-filters\3.0.1\maven-common-artifact-filters-3.0.1.jar;C:\Users\Bagas Dwi Saputra\.m2\repository\org\apache\maven\maven-model\3.0\maven-model-3.0.jar;C:\Users\Bagas Dwi Saputra\.m2\repository\org\apache\maven\maven-plugin-api\3.0\maven-plugin-api-3.0.jar;C:\Users\Bagas Dwi Saputra\.m2\repository\org\sonatype\sisu\sisu-inject-plexus\1.4.2\sisu-inject-plexus-1.4.2.jar;C:\Users\Bagas Dwi Saputra\.m2\repository\org\codehaus\plexus\plexus-classworlds\2.2.3\plexus-classworlds-2.2.3.jar;C:\Users\Bagas Dwi Saputra\.m2\repository\org\sonatype\sisu\sisu-inject-bean\1.4.2\sisu-inject-bean-1.4.2.jar;C:\Users\Bagas Dwi Saputra\.m2\repository\org\sonatype\sisu\sisu-guice\2.1.7\sisu-guice-2.1.7-noaop.jar;C:\Users\Bagas Dwi Saputra\.m2\repository\org\apache\maven\shared\maven-shared-utils\3.1.0\maven-shared-utils-3.1.0.jar;C:\Users\Bagas Dwi Saputra\.m2\repository\org\codehaus\plexus\plexus-java\1.0.5\plexus-java-1.0.5.jar;C:\Users\Bagas Dwi Saputra\.m2\repository\org\ow2\asm\asm\7.2\asm-7.2.jar;C:\Users\Bagas Dwi Saputra\.m2\repository\com\thoughtworks\qdox\qdox\2.0-M9\qdox-2.0-M9.jar;C:\Users\Bagas Dwi Saputra\.m2\repository\org\apache\maven\surefire\surefire-shared-utils\3.0.0-M4\surefire-shared-utils-3.0.0-M4.jar;C:\Users\Bagas Dwi Saputra\.m2\repository\org\codehaus\groovy\groovy\3.0.6\groovy-3.0.6.jar;C:\Users\Bagas Dwi Saputra\.m2\repository\org\codehaus\groovy\groovy-xml\3.0.6\groovy-xml-3.0.6.jar;C:\Users\Bagas Dwi Saputra\.m2\repository\com\googlecode\json-simple\json-simple\1.1.1\json-simple-1.1.1.jar;C:\Users\Bagas Dwi Saputra\.m2\repository\com\github\javafaker\javafaker\1.0.2\javafaker-1.0.2.jar;C:\Users\Bagas Dwi Saputra\.m2\repository\org\yaml\snakeyaml\1.23\snakeyaml-1.23-android.jar;C:\Users\Bagas Dwi Saputra\.m2\repository\com\github\mifmif\generex\1.0.2\generex-1.0.2.jar;C:\Users\Bagas Dwi Saputra\.m2\repository\dk\brics\automaton\automaton\1.11-8\automaton-1.11-8.jar;C:\Users\Bagas Dwi Saputra\.m2\repository\org\seleniumhq\selenium\selenium-java\3.141.59\selenium-java-3.141.59.jar;C:\Users\Bagas Dwi Saputra\.m2\repository\org\seleniumhq\selenium\selenium-opera-driver\3.141.59\selenium-opera-driver-3.141.59.jar;C:\Users\Bagas Dwi Saputra\.m2\repository\org\seleniumhq\selenium\selenium-remote-driver\3.141.59\selenium-remote-driver-3.141.59.jar;C:\Users\Bagas Dwi Saputra\.m2\repository\org\seleniumhq\selenium\selenium-safari-driver\3.141.59\selenium-safari-driver-3.141.59.jar;C:\Users\Bagas Dwi Saputra\.m2\repository\net\bytebuddy\byte-buddy\1.8.15\byte-buddy-1.8.15.jar;C:\Users\Bagas Dwi Saputra\.m2\repository\org\apache\commons\commons-exec\1.3\commons-exec-1.3.jar;C:\Users\Bagas Dwi Saputra\.m2\repository\com\google\guava\guava\25.0-jre\guava-25.0-jre.jar;C:\Users\Bagas Dwi Saputra\.m2\repository\com\google\code\findbugs\jsr305\1.3.9\jsr305-1.3.9.jar;C:\Users\Bagas Dwi Saputra\.m2\repository\org\checkerframework\checker-compat-qual\2.0.0\checker-compat-qual-2.0.0.jar;C:\Users\Bagas Dwi Saputra\.m2\repository\com\google\errorprone\error_prone_annotations\2.1.3\error_prone_annotations-2.1.3.jar;C:\Users\Bagas Dwi Saputra\.m2\repository\com\google\j2objc\j2objc-annotations\1.1\j2objc-annotations-1.1.jar;C:\Users\Bagas Dwi Saputra\.m2\repository\org\codehaus\mojo\animal-sniffer-annotations\1.14\animal-sniffer-annotations-1.14.jar;C:\Users\Bagas Dwi Saputra\.m2\repository\com\squareup\okhttp3\okhttp\3.11.0\okhttp-3.11.0.jar;C:\Users\Bagas Dwi Saputra\.m2\repository\com\squareup\okio\okio\1.14.0\okio-1.14.0.jar;C:\Users\Bagas Dwi Saputra\.m2\repository\org\testng\testng\6.14.3\testng-6.14.3.jar;C:\Users\Bagas Dwi Saputra\.m2\repository\com\beust\jcommander\1.72\jcommander-1.72.jar;C:\Users\Bagas Dwi Saputra\.m2\repository\org\apache-extras\beanshell\bsh\2.0b6\bsh-2.0b6.jar;"/>
    <property name="sun.cpu.endian" value="little"/>
    <property name="user.home" value="C:\Users\Bagas Dwi Saputra"/>
    <property name="user.language" value="en"/>
    <property name="java.specification.vendor" value="Oracle Corporation"/>
    <property name="jdk.module.path" value="D:\QE\Automation\Jubelio-Website\target\Website_New-1.0-SNAPSHOT.jar"/>
    <property name="java.version.date" value="2023-07-18"/>
    <property name="java.home" value="D:\AppData\openjdk-17"/>
    <property name="file.separator" value="\"/>
    <property name="basedir" value="D:\QE\Automation\Jubelio-Website"/>
    <property name="java.vm.compressedOopsMode" value="Zero based"/>
    <property name="line.separator" value="&#10;"/>
    <property name="java.vm.specification.vendor" value="Oracle Corporation"/>
    <property name="java.specification.name" value="Java Platform API Specification"/>
    <property name="surefire.real.class.path" value="C:\Users\Bagas Dwi Saputra\.m2\repository\org\apache\maven\surefire\surefire-booter\3.0.0-M5\surefire-booter-3.0.0-M5.jar;C:\Users\Bagas Dwi Saputra\.m2\repository\org\apache\maven\surefire\surefire-api\3.0.0-M5\surefire-api-3.0.0-M5.jar;C:\Users\Bagas Dwi Saputra\.m2\repository\org\apache\maven\surefire\surefire-logger-api\3.0.0-M5\surefire-logger-api-3.0.0-M5.jar;C:\Users\Bagas Dwi Saputra\.m2\repository\org\apache\maven\surefire\surefire-shared-utils\3.0.0-M4\surefire-shared-utils-3.0.0-M4.jar;C:\Users\Bagas Dwi Saputra\.m2\repository\org\apache\maven\surefire\surefire-extensions-spi\3.0.0-M5\surefire-extensions-spi-3.0.0-M5.jar;D:\QE\Automation\Jubelio-Website\target\test-classes;C:\Users\Bagas Dwi Saputra\.m2\repository\net\serenity-bdd\serenity-core\2.6.0\serenity-core-2.6.0.jar;C:\Users\Bagas Dwi Saputra\.m2\repository\net\serenity-bdd\serenity-model\2.6.0\serenity-model-2.6.0.jar;C:\Users\Bagas Dwi Saputra\.m2\repository\org\apache\commons\commons-text\1.9\commons-text-1.9.jar;C:\Users\Bagas Dwi Saputra\.m2\repository\commons-net\commons-net\3.6\commons-net-3.6.jar;C:\Users\Bagas Dwi Saputra\.m2\repository\com\google\inject\guice\5.0.1\guice-5.0.1.jar;C:\Users\Bagas Dwi Saputra\.m2\repository\javax\inject\javax.inject\1\javax.inject-1.jar;C:\Users\Bagas Dwi Saputra\.m2\repository\aopalliance\aopalliance\1.0\aopalliance-1.0.jar;C:\Users\Bagas Dwi Saputra\.m2\repository\org\jsoup\jsoup\1.13.1\jsoup-1.13.1.jar;C:\Users\Bagas Dwi Saputra\.m2\repository\com\thoughtworks\xstream\xstream\1.4.18\xstream-1.4.18.jar;C:\Users\Bagas Dwi Saputra\.m2\repository\io\github\x-stream\mxparser\1.2.2\mxparser-1.2.2.jar;C:\Users\Bagas Dwi Saputra\.m2\repository\xmlpull\xmlpull\1.1.3.1\xmlpull-1.1.3.1.jar;C:\Users\Bagas Dwi Saputra\.m2\repository\io\cucumber\cucumber-core\6.10.2\cucumber-core-6.10.2.jar;C:\Users\Bagas Dwi Saputra\.m2\repository\io\cucumber\cucumber-gherkin\6.10.2\cucumber-gherkin-6.10.2.jar;C:\Users\Bagas Dwi Saputra\.m2\repository\io\cucumber\cucumber-gherkin-messages\6.10.2\cucumber-gherkin-messages-6.10.2.jar;C:\Users\Bagas Dwi Saputra\.m2\repository\io\cucumber\messages\14.0.1\messages-14.0.1.jar;C:\Users\Bagas Dwi Saputra\.m2\repository\io\cucumber\tag-expressions\3.0.0\tag-expressions-3.0.0.jar;C:\Users\Bagas Dwi Saputra\.m2\repository\io\cucumber\cucumber-expressions\10.3.0\cucumber-expressions-10.3.0.jar;C:\Users\Bagas Dwi Saputra\.m2\repository\io\cucumber\cucumber-plugin\6.10.2\cucumber-plugin-6.10.2.jar;C:\Users\Bagas Dwi Saputra\.m2\repository\io\cucumber\docstring\6.10.2\docstring-6.10.2.jar;C:\Users\Bagas Dwi Saputra\.m2\repository\io\cucumber\html-formatter\12.0.0\html-formatter-12.0.0.jar;C:\Users\Bagas Dwi Saputra\.m2\repository\io\cucumber\create-meta\3.0.0\create-meta-3.0.0.jar;C:\Users\Bagas Dwi Saputra\.m2\repository\com\typesafe\config\1.3.1\config-1.3.1.jar;C:\Users\Bagas Dwi Saputra\.m2\repository\org\imgscalr\imgscalr-lib\4.2\imgscalr-lib-4.2.jar;C:\Users\Bagas Dwi Saputra\.m2\repository\org\awaitility\awaitility\4.0.3\awaitility-4.0.3.jar;C:\Users\Bagas Dwi Saputra\.m2\repository\org\freemarker\freemarker\2.3.29\freemarker-2.3.29.jar;C:\Users\Bagas Dwi Saputra\.m2\repository\org\reflections\reflections\0.9.12\reflections-0.9.12.jar;C:\Users\Bagas Dwi Saputra\.m2\repository\org\javassist\javassist\3.26.0-GA\javassist-3.26.0-GA.jar;C:\Users\Bagas Dwi Saputra\.m2\repository\net\sourceforge\jexcelapi\jxl\2.6.12\jxl-2.6.12.jar;C:\Users\Bagas Dwi Saputra\.m2\repository\org\asciidoctor\asciidoctorj\2.5.1\asciidoctorj-2.5.1.jar;C:\Users\Bagas Dwi Saputra\.m2\repository\org\asciidoctor\asciidoctorj-api\2.5.1\asciidoctorj-api-2.5.1.jar;C:\Users\Bagas Dwi Saputra\.m2\repository\org\jruby\jruby\9.2.17.0\jruby-9.2.17.0.jar;C:\Users\Bagas Dwi Saputra\.m2\repository\org\jruby\jruby-core\9.2.17.0\jruby-core-9.2.17.0.jar;C:\Users\Bagas Dwi Saputra\.m2\repository\com\github\jnr\jnr-netdb\1.2.0\jnr-netdb-1.2.0.jar;C:\Users\Bagas Dwi Saputra\.m2\repository\com\github\jnr\jnr-enxio\0.32.3\jnr-enxio-0.32.3.jar;C:\Users\Bagas Dwi Saputra\.m2\repository\com\github\jnr\jnr-unixsocket\0.38.5\jnr-unixsocket-0.38.5.jar;C:\Users\Bagas Dwi Saputra\.m2\repository\com\github\jnr\jnr-posix\3.1.4\jnr-posix-3.1.4.jar;C:\Users\Bagas Dwi Saputra\.m2\repository\com\github\jnr\jnr-constants\0.10.1\jnr-constants-0.10.1.jar;C:\Users\Bagas Dwi Saputra\.m2\repository\com\github\jnr\jffi\1.3.1\jffi-1.3.1.jar;C:\Users\Bagas Dwi Saputra\.m2\repository\com\github\jnr\jffi\1.3.1\jffi-1.3.1-native.jar;C:\Users\Bagas Dwi Saputra\.m2\repository\org\jruby\joni\joni\2.1.31\joni-2.1.31.jar;C:\Users\Bagas Dwi Saputra\.m2\repository\org\jruby\jcodings\jcodings\1.0.46\jcodings-1.0.46.jar;C:\Users\Bagas Dwi Saputra\.m2\repository\org\jruby\dirgra\0.3\dirgra-0.3.jar;C:\Users\Bagas Dwi Saputra\.m2\repository\com\headius\invokebinder\1.11\invokebinder-1.11.jar;C:\Users\Bagas Dwi Saputra\.m2\repository\com\headius\options\1.4\options-1.4.jar;C:\Users\Bagas Dwi Saputra\.m2\repository\com\jcraft\jzlib\1.1.3\jzlib-1.1.3.jar;C:\Users\Bagas Dwi Saputra\.m2\repository\com\martiansoftware\nailgun-server\0.9.1\nailgun-server-0.9.1.jar;C:\Users\Bagas Dwi Saputra\.m2\repository\com\headius\backport9\1.8\backport9-1.8.jar;C:\Users\Bagas Dwi Saputra\.m2\repository\javax\annotation\javax.annotation-api\1.3.1\javax.annotation-api-1.3.1.jar;C:\Users\Bagas Dwi Saputra\.m2\repository\org\jruby\jruby-stdlib\9.2.17.0\jruby-stdlib-9.2.17.0.jar;C:\Users\Bagas Dwi Saputra\.m2\repository\net\bytebuddy\byte-buddy-agent\1.11.1\byte-buddy-agent-1.11.1.jar;C:\Users\Bagas Dwi Saputra\.m2\repository\org\objenesis\objenesis\3.1\objenesis-3.1.jar;C:\Users\Bagas Dwi Saputra\.m2\repository\net\serenity-bdd\serenity-reports\2.6.0\serenity-reports-2.6.0.jar;C:\Users\Bagas Dwi Saputra\.m2\repository\net\serenity-bdd\serenity-stats\2.6.0\serenity-stats-2.6.0.jar;C:\Users\Bagas Dwi Saputra\.m2\repository\net\serenity-bdd\serenity-reports-configuration\2.6.0\serenity-reports-configuration-2.6.0.jar;C:\Users\Bagas Dwi Saputra\.m2\repository\com\vladsch\flexmark\flexmark-all\0.34.30\flexmark-all-0.34.30.jar;C:\Users\Bagas Dwi Saputra\.m2\repository\com\vladsch\flexmark\flexmark\0.34.30\flexmark-0.34.30.jar;C:\Users\Bagas Dwi Saputra\.m2\repository\com\vladsch\flexmark\flexmark-ext-abbreviation\0.34.30\flexmark-ext-abbreviation-0.34.30.jar;C:\Users\Bagas Dwi Saputra\.m2\repository\com\vladsch\flexmark\flexmark-ext-admonition\0.34.30\flexmark-ext-admonition-0.34.30.jar;C:\Users\Bagas Dwi Saputra\.m2\repository\com\vladsch\flexmark\flexmark-ext-anchorlink\0.34.30\flexmark-ext-anchorlink-0.34.30.jar;C:\Users\Bagas Dwi Saputra\.m2\repository\com\vladsch\flexmark\flexmark-ext-aside\0.34.30\flexmark-ext-aside-0.34.30.jar;C:\Users\Bagas Dwi Saputra\.m2\repository\com\vladsch\flexmark\flexmark-ext-attributes\0.34.30\flexmark-ext-attributes-0.34.30.jar;C:\Users\Bagas Dwi Saputra\.m2\repository\com\vladsch\flexmark\flexmark-ext-autolink\0.34.30\flexmark-ext-autolink-0.34.30.jar;C:\Users\Bagas Dwi Saputra\.m2\repository\org\nibor\autolink\autolink\0.6.0\autolink-0.6.0.jar;C:\Users\Bagas Dwi Saputra\.m2\repository\com\vladsch\flexmark\flexmark-ext-definition\0.34.30\flexmark-ext-definition-0.34.30.jar;C:\Users\Bagas Dwi Saputra\.m2\repository\com\vladsch\flexmark\flexmark-ext-emoji\0.34.30\flexmark-ext-emoji-0.34.30.jar;C:\Users\Bagas Dwi Saputra\.m2\repository\com\vladsch\flexmark\flexmark-ext-enumerated-reference\0.34.30\flexmark-ext-enumerated-reference-0.34.30.jar;C:\Users\Bagas Dwi Saputra\.m2\repository\com\vladsch\flexmark\flexmark-ext-escaped-character\0.34.30\flexmark-ext-escaped-character-0.34.30.jar;C:\Users\Bagas Dwi Saputra\.m2\repository\com\vladsch\flexmark\flexmark-ext-footnotes\0.34.30\flexmark-ext-footnotes-0.34.30.jar;C:\Users\Bagas Dwi Saputra\.m2\repository\com\vladsch\flexmark\flexmark-ext-gfm-issues\0.34.30\flexmark-ext-gfm-issues-0.34.30.jar;C:\Users\Bagas Dwi Saputra\.m2\repository\com\vladsch\flexmark\flexmark-ext-gfm-strikethrough\0.34.30\flexmark-ext-gfm-strikethrough-0.34.30.jar;C:\Users\Bagas Dwi Saputra\.m2\repository\com\vladsch\flexmark\flexmark-ext-gfm-tables\0.34.30\flexmark-ext-gfm-tables-0.34.30.jar;C:\Users\Bagas Dwi Saputra\.m2\repository\com\vladsch\flexmark\flexmark-ext-gfm-tasklist\0.34.30\flexmark-ext-gfm-tasklist-0.34.30.jar;C:\Users\Bagas Dwi Saputra\.m2\repository\com\vladsch\flexmark\flexmark-ext-gfm-users\0.34.30\flexmark-ext-gfm-users-0.34.30.jar;C:\Users\Bagas Dwi Saputra\.m2\repository\com\vladsch\flexmark\flexmark-ext-gitlab\0.34.30\flexmark-ext-gitlab-0.34.30.jar;C:\Users\Bagas Dwi Saputra\.m2\repository\com\vladsch\flexmark\flexmark-ext-jekyll-front-matter\0.34.30\flexmark-ext-jekyll-front-matter-0.34.30.jar;C:\Users\Bagas Dwi Saputra\.m2\repository\com\vladsch\flexmark\flexmark-ext-jekyll-tag\0.34.30\flexmark-ext-jekyll-tag-0.34.30.jar;C:\Users\Bagas Dwi Saputra\.m2\repository\com\vladsch\flexmark\flexmark-ext-media-tags\0.34.30\flexmark-ext-media-tags-0.34.30.jar;C:\Users\Bagas Dwi Saputra\.m2\repository\com\vladsch\flexmark\flexmark-test-util\0.34.30\flexmark-test-util-0.34.30.jar;C:\Users\Bagas Dwi Saputra\.m2\repository\com\vladsch\flexmark\flexmark-ext-ins\0.34.30\flexmark-ext-ins-0.34.30.jar;C:\Users\Bagas Dwi Saputra\.m2\repository\com\vladsch\flexmark\flexmark-ext-xwiki-macros\0.34.30\flexmark-ext-xwiki-macros-0.34.30.jar;C:\Users\Bagas Dwi Saputra\.m2\repository\com\vladsch\flexmark\flexmark-ext-superscript\0.34.30\flexmark-ext-superscript-0.34.30.jar;C:\Users\Bagas Dwi Saputra\.m2\repository\com\vladsch\flexmark\flexmark-ext-tables\0.34.30\flexmark-ext-tables-0.34.30.jar;C:\Users\Bagas Dwi Saputra\.m2\repository\com\vladsch\flexmark\flexmark-ext-toc\0.34.30\flexmark-ext-toc-0.34.30.jar;C:\Users\Bagas Dwi Saputra\.m2\repository\com\vladsch\flexmark\flexmark-ext-typographic\0.34.30\flexmark-ext-typographic-0.34.30.jar;C:\Users\Bagas Dwi Saputra\.m2\repository\com\vladsch\flexmark\flexmark-ext-wikilink\0.34.30\flexmark-ext-wikilink-0.34.30.jar;C:\Users\Bagas Dwi Saputra\.m2\repository\com\vladsch\flexmark\flexmark-ext-yaml-front-matter\0.34.30\flexmark-ext-yaml-front-matter-0.34.30.jar;C:\Users\Bagas Dwi Saputra\.m2\repository\com\vladsch\flexmark\flexmark-ext-youtube-embedded\0.34.30\flexmark-ext-youtube-embedded-0.34.30.jar;C:\Users\Bagas Dwi Saputra\.m2\repository\com\vladsch\flexmark\flexmark-formatter\0.34.30\flexmark-formatter-0.34.30.jar;C:\Users\Bagas Dwi Saputra\.m2\repository\com\vladsch\flexmark\flexmark-html-parser\0.34.30\flexmark-html-parser-0.34.30.jar;C:\Users\Bagas Dwi Saputra\.m2\repository\com\vladsch\flexmark\flexmark-jira-converter\0.34.30\flexmark-jira-converter-0.34.30.jar;C:\Users\Bagas Dwi Saputra\.m2\repository\com\vladsch\flexmark\flexmark-pdf-converter\0.34.30\flexmark-pdf-converter-0.34.30.jar;C:\Users\Bagas Dwi Saputra\.m2\repository\com\openhtmltopdf\openhtmltopdf-core\0.0.1-RC13\openhtmltopdf-core-0.0.1-RC13.jar;C:\Users\Bagas Dwi Saputra\.m2\repository\com\openhtmltopdf\openhtmltopdf-pdfbox\0.0.1-RC13\openhtmltopdf-pdfbox-0.0.1-RC13.jar;C:\Users\Bagas Dwi Saputra\.m2\repository\org\apache\pdfbox\pdfbox\2.0.8\pdfbox-2.0.8.jar;C:\Users\Bagas Dwi Saputra\.m2\repository\org\apache\pdfbox\fontbox\2.0.8\fontbox-2.0.8.jar;C:\Users\Bagas Dwi Saputra\.m2\repository\org\apache\pdfbox\xmpbox\2.0.8\xmpbox-2.0.8.jar;C:\Users\Bagas Dwi Saputra\.m2\repository\de\rototor\pdfbox\graphics2d\0.12\graphics2d-0.12.jar;C:\Users\Bagas Dwi Saputra\.m2\repository\com\openhtmltopdf\openhtmltopdf-rtl-support\0.0.1-RC13\openhtmltopdf-rtl-support-0.0.1-RC13.jar;C:\Users\Bagas Dwi Saputra\.m2\repository\com\ibm\icu\icu4j\59.1\icu4j-59.1.jar;C:\Users\Bagas Dwi Saputra\.m2\repository\com\openhtmltopdf\openhtmltopdf-jsoup-dom-converter\0.0.1-RC13\openhtmltopdf-jsoup-dom-converter-0.0.1-RC13.jar;C:\Users\Bagas Dwi Saputra\.m2\repository\com\vladsch\flexmark\flexmark-profile-pegdown\0.34.30\flexmark-profile-pegdown-0.34.30.jar;C:\Users\Bagas Dwi Saputra\.m2\repository\com\vladsch\flexmark\flexmark-util\0.34.30\flexmark-util-0.34.30.jar;C:\Users\Bagas Dwi Saputra\.m2\repository\com\vladsch\flexmark\flexmark-youtrack-converter\0.34.30\flexmark-youtrack-converter-0.34.30.jar;C:\Users\Bagas Dwi Saputra\.m2\repository\es\nitaur\markdown\txtmark\0.16\txtmark-0.16.jar;C:\Users\Bagas Dwi Saputra\.m2\repository\net\serenity-bdd\serenity-report-resources\2.6.0\serenity-report-resources-2.6.0.jar;C:\Users\Bagas Dwi Saputra\.m2\repository\com\google\code\gson\gson\2.8.7\gson-2.8.7.jar;C:\Users\Bagas Dwi Saputra\.m2\repository\com\fasterxml\jackson\core\jackson-core\2.12.4\jackson-core-2.12.4.jar;C:\Users\Bagas Dwi Saputra\.m2\repository\com\fasterxml\jackson\core\jackson-databind\2.12.4\jackson-databind-2.12.4.jar;C:\Users\Bagas Dwi Saputra\.m2\repository\com\fasterxml\jackson\core\jackson-annotations\2.12.4\jackson-annotations-2.12.4.jar;C:\Users\Bagas Dwi Saputra\.m2\repository\commons-codec\commons-codec\1.15\commons-codec-1.15.jar;C:\Users\Bagas Dwi Saputra\.m2\repository\commons-io\commons-io\2.8.0\commons-io-2.8.0.jar;C:\Users\Bagas Dwi Saputra\.m2\repository\org\seleniumhq\selenium\selenium-server\3.141.59\selenium-server-3.141.59.jar;C:\Users\Bagas Dwi Saputra\.m2\repository\net\jcip\jcip-annotations\1.0\jcip-annotations-1.0.jar;C:\Users\Bagas Dwi Saputra\.m2\repository\org\seleniumhq\selenium\jetty-repacked\9.4.12.v20180830\jetty-repacked-9.4.12.v20180830.jar;C:\Users\Bagas Dwi Saputra\.m2\repository\javax\servlet\javax.servlet-api\3.1.0\javax.servlet-api-3.1.0.jar;C:\Users\Bagas Dwi Saputra\.m2\repository\org\yaml\snakeyaml\1.19\snakeyaml-1.19.jar;C:\Users\Bagas Dwi Saputra\.m2\repository\org\seleniumhq\selenium\selenium-api\3.141.59\selenium-api-3.141.59.jar;C:\Users\Bagas Dwi Saputra\.m2\repository\org\seleniumhq\selenium\selenium-support\3.141.59\selenium-support-3.141.59.jar;C:\Users\Bagas Dwi Saputra\.m2\repository\org\seleniumhq\selenium\selenium-chrome-driver\3.141.59\selenium-chrome-driver-3.141.59.jar;C:\Users\Bagas Dwi Saputra\.m2\repository\org\seleniumhq\selenium\selenium-firefox-driver\3.141.59\selenium-firefox-driver-3.141.59.jar;C:\Users\Bagas Dwi Saputra\.m2\repository\org\seleniumhq\selenium\selenium-edge-driver\3.141.59\selenium-edge-driver-3.141.59.jar;C:\Users\Bagas Dwi Saputra\.m2\repository\org\seleniumhq\selenium\selenium-ie-driver\3.141.59\selenium-ie-driver-3.141.59.jar;C:\Users\Bagas Dwi Saputra\.m2\repository\net\sourceforge\htmlunit\htmlunit\2.47.1\htmlunit-2.47.1.jar;C:\Users\Bagas Dwi Saputra\.m2\repository\xalan\xalan\2.7.2\xalan-2.7.2.jar;C:\Users\Bagas Dwi Saputra\.m2\repository\xalan\serializer\2.7.2\serializer-2.7.2.jar;C:\Users\Bagas Dwi Saputra\.m2\repository\net\sourceforge\htmlunit\htmlunit-core-js\2.47.0\htmlunit-core-js-2.47.0.jar;C:\Users\Bagas Dwi Saputra\.m2\repository\net\sourceforge\htmlunit\neko-htmlunit\2.47.1\neko-htmlunit-2.47.1.jar;C:\Users\Bagas Dwi Saputra\.m2\repository\xerces\xercesImpl\2.12.0\xercesImpl-2.12.0.jar;C:\Users\Bagas Dwi Saputra\.m2\repository\xml-apis\xml-apis\1.4.01\xml-apis-1.4.01.jar;C:\Users\Bagas Dwi Saputra\.m2\repository\net\sourceforge\htmlunit\htmlunit-cssparser\1.7.0\htmlunit-cssparser-1.7.0.jar;C:\Users\Bagas Dwi Saputra\.m2\repository\org\brotli\dec\0.1.2\dec-0.1.2.jar;C:\Users\Bagas Dwi Saputra\.m2\repository\com\shapesecurity\salvation2\3.0.0\salvation2-3.0.0.jar;C:\Users\Bagas Dwi Saputra\.m2\repository\org\eclipse\jetty\websocket\websocket-client\9.4.36.v20210114\websocket-client-9.4.36.v20210114.jar;C:\Users\Bagas Dwi Saputra\.m2\repository\org\eclipse\jetty\jetty-client\9.4.36.v20210114\jetty-client-9.4.36.v20210114.jar;C:\Users\Bagas Dwi Saputra\.m2\repository\org\eclipse\jetty\jetty-http\9.4.36.v20210114\jetty-http-9.4.36.v20210114.jar;C:\Users\Bagas Dwi Saputra\.m2\repository\org\eclipse\jetty\jetty-util\9.4.36.v20210114\jetty-util-9.4.36.v20210114.jar;C:\Users\Bagas Dwi Saputra\.m2\repository\org\eclipse\jetty\jetty-io\9.4.36.v20210114\jetty-io-9.4.36.v20210114.jar;C:\Users\Bagas Dwi Saputra\.m2\repository\org\eclipse\jetty\websocket\websocket-common\9.4.36.v20210114\websocket-common-9.4.36.v20210114.jar;C:\Users\Bagas Dwi Saputra\.m2\repository\org\eclipse\jetty\websocket\websocket-api\9.4.36.v20210114\websocket-api-9.4.36.v20210114.jar;C:\Users\Bagas Dwi Saputra\.m2\repository\org\projectlombok\lombok\1.18.20\lombok-1.18.20.jar;C:\Users\Bagas Dwi Saputra\.m2\repository\org\seleniumhq\selenium\htmlunit-driver\2.47.1\htmlunit-driver-2.47.1.jar;C:\Users\Bagas Dwi Saputra\.m2\repository\com\codeborne\phantomjsdriver\1.4.4\phantomjsdriver-1.4.4.jar;C:\Users\Bagas Dwi Saputra\.m2\repository\io\appium\java-client\7.5.1\java-client-7.5.1.jar;C:\Users\Bagas Dwi Saputra\.m2\repository\commons-validator\commons-validator\1.7\commons-validator-1.7.jar;C:\Users\Bagas Dwi Saputra\.m2\repository\commons-digester\commons-digester\2.1\commons-digester-2.1.jar;C:\Users\Bagas Dwi Saputra\.m2\repository\org\aspectj\aspectjweaver\1.9.6\aspectjweaver-1.9.6.jar;C:\Users\Bagas Dwi Saputra\.m2\repository\net\sf\opencsv\opencsv\2.0\opencsv-2.0.jar;C:\Users\Bagas Dwi Saputra\.m2\repository\commons-beanutils\commons-beanutils\1.9.4\commons-beanutils-1.9.4.jar;C:\Users\Bagas Dwi Saputra\.m2\repository\org\apache\commons\commons-lang3\3.11\commons-lang3-3.11.jar;C:\Users\Bagas Dwi Saputra\.m2\repository\commons-collections\commons-collections\3.2.2\commons-collections-3.2.2.jar;C:\Users\Bagas Dwi Saputra\.m2\repository\org\fluentlenium\fluentlenium-core\0.10.2\fluentlenium-core-0.10.2.jar;C:\Users\Bagas Dwi Saputra\.m2\repository\io\github\bonigarcia\webdrivermanager\4.4.1\webdrivermanager-4.4.1.jar;C:\Users\Bagas Dwi Saputra\.m2\repository\org\apache\httpcomponents\client5\httpclient5\5.0.3\httpclient5-5.0.3.jar;C:\Users\Bagas Dwi Saputra\.m2\repository\org\apache\httpcomponents\core5\httpcore5\5.0.2\httpcore5-5.0.2.jar;C:\Users\Bagas Dwi Saputra\.m2\repository\org\apache\httpcomponents\core5\httpcore5-h2\5.0.2\httpcore5-h2-5.0.2.jar;C:\Users\Bagas Dwi Saputra\.m2\repository\org\rauschig\jarchivelib\1.1.0\jarchivelib-1.1.0.jar;C:\Users\Bagas Dwi Saputra\.m2\repository\org\apache\commons\commons-compress\1.20\commons-compress-1.20.jar;C:\Users\Bagas Dwi Saputra\.m2\repository\com\jhlabs\filters\2.0.235\filters-2.0.235.jar;C:\Users\Bagas Dwi Saputra\.m2\repository\com\paulhammant\ngwebdriver\1.1.5\ngwebdriver-1.1.5.jar;C:\Users\Bagas Dwi Saputra\.m2\repository\joda-time\joda-time\2.8.2\joda-time-2.8.2.jar;C:\Users\Bagas Dwi Saputra\.m2\repository\com\google\jimfs\jimfs\1.1\jimfs-1.1.jar;C:\Users\Bagas Dwi Saputra\.m2\repository\org\mockito\mockito-core\3.3.3\mockito-core-3.3.3.jar;C:\Users\Bagas Dwi Saputra\.m2\repository\javax\xml\bind\jaxb-api\2.3.1\jaxb-api-2.3.1.jar;C:\Users\Bagas Dwi Saputra\.m2\repository\javax\activation\javax.activation-api\1.2.0\javax.activation-api-1.2.0.jar;C:\Users\Bagas Dwi Saputra\.m2\repository\com\sun\xml\bind\jaxb-core\2.3.0.1\jaxb-core-2.3.0.1.jar;C:\Users\Bagas Dwi Saputra\.m2\repository\com\sun\xml\bind\jaxb-impl\2.3.3\jaxb-impl-2.3.3.jar;C:\Users\Bagas Dwi Saputra\.m2\repository\com\sun\activation\jakarta.activation\1.2.2\jakarta.activation-1.2.2.jar;C:\Users\Bagas Dwi Saputra\.m2\repository\javax\activation\activation\1.1.1\activation-1.1.1.jar;C:\Users\Bagas Dwi Saputra\.m2\repository\net\serenity-bdd\serenity-junit\2.6.0\serenity-junit-2.6.0.jar;C:\Users\Bagas Dwi Saputra\.m2\repository\net\serenity-bdd\serenity-rest-assured\2.6.0\serenity-rest-assured-2.6.0.jar;C:\Users\Bagas Dwi Saputra\.m2\repository\org\codehaus\groovy\groovy-json\3.0.8\groovy-json-3.0.8.jar;C:\Users\Bagas Dwi Saputra\.m2\repository\org\opentest4j\opentest4j\1.2.0\opentest4j-1.2.0.jar;C:\Users\Bagas Dwi Saputra\.m2\repository\net\serenity-bdd\serenity-screenplay\2.6.0\serenity-screenplay-2.6.0.jar;C:\Users\Bagas Dwi Saputra\.m2\repository\net\serenity-bdd\serenity-screenplay-rest\2.6.0\serenity-screenplay-rest-2.6.0.jar;C:\Users\Bagas Dwi Saputra\.m2\repository\net\serenity-bdd\serenity-screenplay-webdriver\2.6.0\serenity-screenplay-webdriver-2.6.0.jar;C:\Users\Bagas Dwi Saputra\.m2\repository\net\serenity-bdd\serenity-cucumber6\2.6.0\serenity-cucumber6-2.6.0.jar;C:\Users\Bagas Dwi Saputra\.m2\repository\io\cucumber\cucumber-java\6.10.4\cucumber-java-6.10.4.jar;C:\Users\Bagas Dwi Saputra\.m2\repository\io\cucumber\cucumber-junit\6.10.4\cucumber-junit-6.10.4.jar;C:\Users\Bagas Dwi Saputra\.m2\repository\io\cucumber\datatable-matchers\3.4.0\datatable-matchers-3.4.0.jar;C:\Users\Bagas Dwi Saputra\.m2\repository\io\cucumber\datatable\3.4.0\datatable-3.4.0.jar;C:\Users\Bagas Dwi Saputra\.m2\repository\commons-logging\commons-logging\1.2\commons-logging-1.2.jar;C:\Users\Bagas Dwi Saputra\.m2\repository\org\apache\commons\commons-csv\1.5\commons-csv-1.5.jar;C:\Users\Bagas Dwi Saputra\.m2\repository\net\serenity-bdd\serenity-ensure\2.6.0\serenity-ensure-2.6.0.jar;C:\Users\Bagas Dwi Saputra\.m2\repository\org\jetbrains\kotlin\kotlin-stdlib\1.5.0\kotlin-stdlib-1.5.0.jar;C:\Users\Bagas Dwi Saputra\.m2\repository\org\jetbrains\annotations\13.0\annotations-13.0.jar;C:\Users\Bagas Dwi Saputra\.m2\repository\org\jetbrains\kotlin\kotlin-stdlib-common\1.5.0\kotlin-stdlib-common-1.5.0.jar;C:\Users\Bagas Dwi Saputra\.m2\repository\io\rest-assured\rest-assured\4.3.2\rest-assured-4.3.2.jar;C:\Users\Bagas Dwi Saputra\.m2\repository\org\apache\httpcomponents\httpclient\4.5.3\httpclient-4.5.3.jar;C:\Users\Bagas Dwi Saputra\.m2\repository\org\apache\httpcomponents\httpcore\4.4.6\httpcore-4.4.6.jar;C:\Users\Bagas Dwi Saputra\.m2\repository\org\apache\httpcomponents\httpmime\4.5.3\httpmime-4.5.3.jar;C:\Users\Bagas Dwi Saputra\.m2\repository\org\ccil\cowan\tagsoup\tagsoup\1.2.1\tagsoup-1.2.1.jar;C:\Users\Bagas Dwi Saputra\.m2\repository\io\rest-assured\json-path\4.3.3\json-path-4.3.3.jar;C:\Users\Bagas Dwi Saputra\.m2\repository\io\rest-assured\rest-assured-common\4.3.3\rest-assured-common-4.3.3.jar;C:\Users\Bagas Dwi Saputra\.m2\repository\io\rest-assured\xml-path\4.3.3\xml-path-4.3.3.jar;C:\Users\Bagas Dwi Saputra\.m2\repository\jakarta\xml\bind\jakarta.xml.bind-api\2.3.3\jakarta.xml.bind-api-2.3.3.jar;C:\Users\Bagas Dwi Saputra\.m2\repository\jakarta\activation\jakarta.activation-api\1.2.2\jakarta.activation-api-1.2.2.jar;C:\Users\Bagas Dwi Saputra\.m2\repository\junit\junit\4.13.1\junit-4.13.1.jar;C:\Users\Bagas Dwi Saputra\.m2\repository\org\hamcrest\hamcrest-core\1.3\hamcrest-core-1.3.jar;C:\Users\Bagas Dwi Saputra\.m2\repository\org\assertj\assertj-core\3.6.2\assertj-core-3.6.2.jar;C:\Users\Bagas Dwi Saputra\.m2\repository\org\hamcrest\hamcrest\2.2\hamcrest-2.2.jar;C:\Users\Bagas Dwi Saputra\.m2\repository\org\junit\platform\junit-platform-launcher\1.8.2\junit-platform-launcher-1.8.2.jar;C:\Users\Bagas Dwi Saputra\.m2\repository\org\junit\platform\junit-platform-engine\1.8.2\junit-platform-engine-1.8.2.jar;C:\Users\Bagas Dwi Saputra\.m2\repository\org\junit\platform\junit-platform-commons\1.8.2\junit-platform-commons-1.8.2.jar;C:\Users\Bagas Dwi Saputra\.m2\repository\org\apiguardian\apiguardian-api\1.1.2\apiguardian-api-1.1.2.jar;C:\Users\Bagas Dwi Saputra\.m2\repository\org\junit\jupiter\junit-jupiter-engine\5.8.2\junit-jupiter-engine-5.8.2.jar;C:\Users\Bagas Dwi Saputra\.m2\repository\org\junit\jupiter\junit-jupiter-api\5.8.2\junit-jupiter-api-5.8.2.jar;C:\Users\Bagas Dwi Saputra\.m2\repository\org\junit\vintage\junit-vintage-engine\5.8.2\junit-vintage-engine-5.8.2.jar;C:\Users\Bagas Dwi Saputra\.m2\repository\ch\qos\logback\logback-classic\1.2.3\logback-classic-1.2.3.jar;C:\Users\Bagas Dwi Saputra\.m2\repository\ch\qos\logback\logback-core\1.2.3\logback-core-1.2.3.jar;C:\Users\Bagas Dwi Saputra\.m2\repository\org\slf4j\slf4j-api\1.7.25\slf4j-api-1.7.25.jar;C:\Users\Bagas Dwi Saputra\.m2\repository\org\apache\maven\plugins\maven-surefire-plugin\3.0.0-M5\maven-surefire-plugin-3.0.0-M5.jar;C:\Users\Bagas Dwi Saputra\.m2\repository\org\apache\maven\surefire\maven-surefire-common\3.0.0-M5\maven-surefire-common-3.0.0-M5.jar;C:\Users\Bagas Dwi Saputra\.m2\repository\org\apache\maven\surefire\surefire-extensions-api\3.0.0-M5\surefire-extensions-api-3.0.0-M5.jar;C:\Users\Bagas Dwi Saputra\.m2\repository\org\apache\maven\maven-toolchain\3.0-alpha-2\maven-toolchain-3.0-alpha-2.jar;C:\Users\Bagas Dwi Saputra\.m2\repository\org\apache\maven\shared\maven-artifact-transfer\0.11.0\maven-artifact-transfer-0.11.0.jar;C:\Users\Bagas Dwi Saputra\.m2\repository\org\apache\maven\shared\maven-common-artifact-filters\3.0.1\maven-common-artifact-filters-3.0.1.jar;C:\Users\Bagas Dwi Saputra\.m2\repository\org\apache\maven\maven-model\3.0\maven-model-3.0.jar;C:\Users\Bagas Dwi Saputra\.m2\repository\org\apache\maven\maven-plugin-api\3.0\maven-plugin-api-3.0.jar;C:\Users\Bagas Dwi Saputra\.m2\repository\org\sonatype\sisu\sisu-inject-plexus\1.4.2\sisu-inject-plexus-1.4.2.jar;C:\Users\Bagas Dwi Saputra\.m2\repository\org\codehaus\plexus\plexus-classworlds\2.2.3\plexus-classworlds-2.2.3.jar;C:\Users\Bagas Dwi Saputra\.m2\repository\org\sonatype\sisu\sisu-inject-bean\1.4.2\sisu-inject-bean-1.4.2.jar;C:\Users\Bagas Dwi Saputra\.m2\repository\org\sonatype\sisu\sisu-guice\2.1.7\sisu-guice-2.1.7-noaop.jar;C:\Users\Bagas Dwi Saputra\.m2\repository\org\apache\maven\shared\maven-shared-utils\3.1.0\maven-shared-utils-3.1.0.jar;C:\Users\Bagas Dwi Saputra\.m2\repository\org\codehaus\plexus\plexus-java\1.0.5\plexus-java-1.0.5.jar;C:\Users\Bagas Dwi Saputra\.m2\repository\org\ow2\asm\asm\7.2\asm-7.2.jar;C:\Users\Bagas Dwi Saputra\.m2\repository\com\thoughtworks\qdox\qdox\2.0-M9\qdox-2.0-M9.jar;C:\Users\Bagas Dwi Saputra\.m2\repository\org\codehaus\groovy\groovy\3.0.6\groovy-3.0.6.jar;C:\Users\Bagas Dwi Saputra\.m2\repository\org\codehaus\groovy\groovy-xml\3.0.6\groovy-xml-3.0.6.jar;C:\Users\Bagas Dwi Saputra\.m2\repository\com\googlecode\json-simple\json-simple\1.1.1\json-simple-1.1.1.jar;C:\Users\Bagas Dwi Saputra\.m2\repository\com\github\javafaker\javafaker\1.0.2\javafaker-1.0.2.jar;C:\Users\Bagas Dwi Saputra\.m2\repository\org\yaml\snakeyaml\1.23\snakeyaml-1.23-android.jar;C:\Users\Bagas Dwi Saputra\.m2\repository\com\github\mifmif\generex\1.0.2\generex-1.0.2.jar;C:\Users\Bagas Dwi Saputra\.m2\repository\dk\brics\automaton\automaton\1.11-8\automaton-1.11-8.jar;C:\Users\Bagas Dwi Saputra\.m2\repository\org\seleniumhq\selenium\selenium-java\3.141.59\selenium-java-3.141.59.jar;C:\Users\Bagas Dwi Saputra\.m2\repository\org\seleniumhq\selenium\selenium-opera-driver\3.141.59\selenium-opera-driver-3.141.59.jar;C:\Users\Bagas Dwi Saputra\.m2\repository\org\seleniumhq\selenium\selenium-remote-driver\3.141.59\selenium-remote-driver-3.141.59.jar;C:\Users\Bagas Dwi Saputra\.m2\repository\org\seleniumhq\selenium\selenium-safari-driver\3.141.59\selenium-safari-driver-3.141.59.jar;C:\Users\Bagas Dwi Saputra\.m2\repository\net\bytebuddy\byte-buddy\1.8.15\byte-buddy-1.8.15.jar;C:\Users\Bagas Dwi Saputra\.m2\repository\org\apache\commons\commons-exec\1.3\commons-exec-1.3.jar;C:\Users\Bagas Dwi Saputra\.m2\repository\com\google\guava\guava\25.0-jre\guava-25.0-jre.jar;C:\Users\Bagas Dwi Saputra\.m2\repository\com\google\code\findbugs\jsr305\1.3.9\jsr305-1.3.9.jar;C:\Users\Bagas Dwi Saputra\.m2\repository\org\checkerframework\checker-compat-qual\2.0.0\checker-compat-qual-2.0.0.jar;C:\Users\Bagas Dwi Saputra\.m2\repository\com\google\errorprone\error_prone_annotations\2.1.3\error_prone_annotations-2.1.3.jar;C:\Users\Bagas Dwi Saputra\.m2\repository\com\google\j2objc\j2objc-annotations\1.1\j2objc-annotations-1.1.jar;C:\Users\Bagas Dwi Saputra\.m2\repository\org\codehaus\mojo\animal-sniffer-annotations\1.14\animal-sniffer-annotations-1.14.jar;C:\Users\Bagas Dwi Saputra\.m2\repository\com\squareup\okhttp3\okhttp\3.11.0\okhttp-3.11.0.jar;C:\Users\Bagas Dwi Saputra\.m2\repository\com\squareup\okio\okio\1.14.0\okio-1.14.0.jar;C:\Users\Bagas Dwi Saputra\.m2\repository\org\testng\testng\6.14.3\testng-6.14.3.jar;C:\Users\Bagas Dwi Saputra\.m2\repository\com\beust\jcommander\1.72\jcommander-1.72.jar;C:\Users\Bagas Dwi Saputra\.m2\repository\org\apache-extras\beanshell\bsh\2.0b6\bsh-2.0b6.jar;C:\Users\Bagas Dwi Saputra\.m2\repository\org\apache\maven\surefire\surefire-junit-platform\3.0.0-M5\surefire-junit-platform-3.0.0-M5.jar;C:\Users\Bagas Dwi Saputra\.m2\repository\org\apache\maven\surefire\common-java5\3.0.0-M5\common-java5-3.0.0-M5.jar"/>
    <property name="user.script" value=""/>
    <property name="java.protocol.handler.pkgs" value="com.google.common"/>
    <property name="sun.management.compiler" value="HotSpot 64-Bit Tiered Compilers"/>
    <property name="java.runtime.version" value="17.0.8+9-LTS-211"/>
    <property name="user.name" value="Bagas Dwi Saputra"/>
    <property name="path.separator" value=";"/>
    <property name="os.version" value="10.0"/>
    <property name="java.runtime.name" value="Java(TM) SE Runtime Environment"/>
    <property name="file.encoding" value="Cp1252"/>
    <property name="java.vm.name" value="Java HotSpot(TM) 64-Bit Server VM"/>
    <property name="localRepository" value="C:\Users\Bagas Dwi Saputra\.m2\repository"/>
    <property name="java.vendor.url.bug" value="https://bugreport.java.com/bugreport/"/>
    <property name="java.io.tmpdir" value="C:\Users\BAGASD~1\AppData\Local\Temp\"/>
    <property name="java.version" value="17.0.8"/>
    <property name="user.dir" value="D:\QE\Automation\Jubelio-Website"/>
    <property name="os.arch" value="amd64"/>
    <property name="java.vm.specification.name" value="Java Virtual Machine Specification"/>
    <property name="sun.os.patch.level" value=""/>
    <property name="native.encoding" value="Cp1252"/>
    <property name="java.library.path" value="D:\AppData\openjdk-17\bin;C:\WINDOWS\Sun\Java\bin;C:\WINDOWS\system32;C:\WINDOWS;C:\WINDOWS\system32;C:\WINDOWS;C:\WINDOWS\system32\Wbem;C:\WINDOWS\system32\OpenSSH\;C:\WINDOWS\System32\WindowsPowerShell\v1.0;C:\Windows\System32\WindowsPowerShell\v1.0;D:\App\Git\cmd;C:\Program Files\dotnet\;C:\WINDOWS\System32\Wbem;C:\WINDOWS\System32\WindowsPowerShell\v1.0\;C:\WINDOWS\System32\OpenSSH\;D:\AppData\Python\Python310;D:\AppData\Python\Python310\Scripts;D:\AppData\Git\Git\cmd;D:\AppData\Android\Sdk\build-tools;D:\AppData\Android\Sdk\platforms;D:\AppData\Android\Sdk\platform-tools;D:\AppData\Android\Sdk\tools;C:\ProgramData\chocolatey\bin;C:\Program Files (x86)\nodejs\;C:\Users\Bagas Dwi Saputra\AppData\Local\JetBrains\IntelliJIdea2023.2;C:\Users\Bagas Dwi Saputra\AppData\Roaming\JetBrains;C:\Users\Bagas Dwi Saputra\AppData\Roaming\JetBrains\IntelliJIdea2023.2;C:\Program Files (x86)\dotnet\;D:\chromedriver-win32;D:\AppData\Ruby\Ruby31-x64\bin;C:\Users\Bagas Dwi Saputra\AppData\Local\Microsoft\WindowsApps;D:\AppData\openjdk-17\bin;D:\AppData\openjdk-17\apache-maven-3.9.4\bin;D:\AppData\JetBrains\IntelliJ IDEA Community Edition 2022.1.3\bin;;D:\AppData\openjdk-17\bin;D:\AppData\openjdk-17\apache-maven-3.9.4\bin;C:\Users\Bagas Dwi Saputra\AppData\Local\Microsoft\WindowsApps;D:\AppData\CMake\bin;D:\AppData\Python\Python310;D:\AppData\Python\Python310\Scripts;D:\AppData\JetBrains\IntelliJ IDEA 2023.2.1\bin;;D:\AppData\Virtual Studio\Microsoft VS Code\bin;C:\Users\Bagas Dwi Saputra\AppData\Roaming\npm;;."/>
    <property name="java.vm.info" value="mixed mode"/>
    <property name="java.vendor" value="Oracle Corporation"/>
    <property name="java.vm.version" value="17.0.8+9-LTS-211"/>
    <property name="sun.io.unicode.encoding" value="UnicodeLittle"/>
    <property name="java.class.version" value="61.0"/>
  </properties>
  <testcase name="Inventory Stock #1" classname="Inventory Stock at app.jubelio" time="24.488">
    <system-out><![CDATA[08:15:36.703 [main] DEBUG net.thucydides.core.util.PropertiesFileLocalPreferences - LOADING LOCAL PROPERTIES FROM D:\QE\Automation\Jubelio-Website\serenity.properties 
08:15:36.741 [main] DEBUG net.thucydides.core.util.PropertiesFileLocalPreferences - LOADING LOCAL PROPERTIES FROM D:\QE\Automation\Jubelio-Website\serenity.properties 
08:15:36.742 [main] DEBUG net.thucydides.core.util.PropertiesFileLocalPreferences - LOADING LOCAL PROPERTIES FROM D:\QE\Automation\Jubelio-Website\serenity.properties 
08:15:36.755 [main] DEBUG net.thucydides.core.util.PropertiesFileLocalPreferences - webdriver.driver=chrome
08:15:36.755 [main] DEBUG net.thucydides.core.util.PropertiesFileLocalPreferences - webdriver.chrome.driver=src/test/resources/webdriver/chromedriver.exe
08:15:36.755 [main] DEBUG net.thucydides.core.util.PropertiesFileLocalPreferences - webdriver.base.url=https://app.jubelio.com
08:15:37.386 [main] INFO io.cucumber.core.plugin.SerenityReporter - Running feature from file:///D:/QE/Automation/Jubelio-Website/src/test/resources/features/user/inventorystock.feature
08:15:37.569 [main] DEBUG net.thucydides.core.util.PropertiesFileLocalPreferences - LOADING LOCAL PROPERTIES FROM D:\QE\Automation\Jubelio-Website\serenity.properties 
08:15:37.573 [main] DEBUG net.thucydides.core.util.PropertiesFileLocalPreferences - LOADING LOCAL PROPERTIES FROM D:\QE\Automation\Jubelio-Website\serenity.properties 
08:15:37.573 [main] DEBUG net.thucydides.core.util.PropertiesFileLocalPreferences - LOADING LOCAL PROPERTIES FROM D:\QE\Automation\Jubelio-Website\serenity.properties 
08:15:37.573 [main] DEBUG net.thucydides.core.util.PropertiesFileLocalPreferences - webdriver.driver=chrome
08:15:37.573 [main] DEBUG net.thucydides.core.util.PropertiesFileLocalPreferences - webdriver.chrome.driver=src/test/resources/webdriver/chromedriver.exe
08:15:37.573 [main] DEBUG net.thucydides.core.util.PropertiesFileLocalPreferences - webdriver.base.url=https://app.jubelio.com
08:15:37.583 [main] INFO  - 

-------------------------------------------------------------------------------------
     _______. _______ .______       _______ .__   __.  __  .___________.____    ____ 
    /       ||   ____||   _  \     |   ____||  \ |  | |  | |           |\   \  /   / 
   |   (----`|  |__   |  |_)  |    |  |__   |   \|  | |  | `---|  |----` \   \/   /  
    \   \    |   __|  |      /     |   __|  |  . `  | |  |     |  |       \_    _/   
.----)   |   |  |____ |  |\  \----.|  |____ |  |\   | |  |     |  |         |  |     
|_______/    |_______|| _| `._____||_______||__| \__| |__|     |__|         |__|    
                                                                                     
 News and tutorials at http://www.serenity-bdd.info                                  
 Documentation at https://wakaleo.gitbooks.io/the-serenity-book/content/             
 Join the Serenity Community on Gitter: https://gitter.im/serenity-bdd/serenity-core 
 Serenity BDD Support and Training at http://serenity-bdd.info/#/trainingandsupport  
-------------------------------------------------------------------------------------

08:15:37.583 [main] DEBUG net.thucydides.core.steps.StepEventBus - Test suite started for story net.thucydides.core.model.Story@bfba0ca1
08:15:37.583 [main] INFO  - Test Suite Started: Inventory Stock at app.jubelio
08:15:37.605 [main] INFO io.cucumber.core.plugin.SerenityReporter - Running feature from file:///D:/QE/Automation/Jubelio-Website/src/test/resources/features/user/login.feature
08:15:37.617 [main] DEBUG net.thucydides.core.steps.StepEventBus - Test suite started for story net.thucydides.core.model.Story@60ecc02c
08:15:37.617 [main] INFO  - Test Suite Started: Login Account at app.jubelio

@Inventory @InventoryStock
Scenario Outline: Inventory Stock                                               &amp#27;[90m# src/test/resources/features/user/inventorystock.feature:15&amp#27;[0m
08:15:37.875 [main] INFO io.cucumber.core.plugin.SerenityReporter - Running feature from file:///D:/QE/Automation/Jubelio-Website/src/test/resources/features/user/inventorystock.feature
08:15:37.962 [main] INFO  - 
  _____   ___   ___   _____     ___   _____     _     ___   _____   ___   ___  
 |_   _| | __| / __| |_   _|   / __| |_   _|   /_\   | _ \ |_   _| | __| |   \ 
   | |   | _|  \__ \   | |     \__ \   | |    / _ \  |   /   | |   | _|  | |) |
   |_|   |___| |___/   |_|     |___/   |_|   /_/ \_\ |_|_\   |_|   |___| |___/ 

Inventory Stock(inventory-stock-at-app.jubelio;inventory-stock)
--------------------------------------------------------------------------------
08:15:37.962 [main] INFO net.thucydides.core.model.TestOutcome - SetUserStory Inventory Stock at app.jubelio
08:15:37.970 [main] INFO net.thucydides.core.model.TestOutcome - SetUserStory Inventory Stock at app.jubelio
08:15:38.077 [main] DEBUG net.thucydides.core.requirements.model.cucumber.CucumberParser - Added feature Inventory Stock at app.jubelio
08:15:38.124 [main] DEBUG net.thucydides.core.requirements.model.cucumber.CucumberParser - Added feature Login Account at app.jubelio
08:15:39.084 [main] DEBUG net.thucydides.core.steps.StepInterceptor - STARTING STEP: InventoryStockSteps.loginClickButtonLogin - openLink
08:15:39.181 [main] INFO net.serenitybdd.core.webdriver.driverproviders.ChromeDriverProvider - Using automatically driver download
08:15:39.538 [main] DEBUG org.apache.hc.client5.http.impl.classic.InternalHttpClient - ex-00000001: preparing request execution
08:15:39.539 [main] DEBUG org.apache.hc.client5.http.protocol.RequestAddCookies - Cookie spec selected: strict
08:15:39.539 [main] DEBUG org.apache.hc.client5.http.protocol.RequestAuthCache - Auth cache not set in the context
08:15:39.539 [main] DEBUG org.apache.hc.client5.http.impl.classic.ProtocolExec - ex-00000001: target auth state: UNCHALLENGED
08:15:39.539 [main] DEBUG org.apache.hc.client5.http.impl.classic.ProtocolExec - ex-00000001: proxy auth state: UNCHALLENGED
08:15:39.539 [main] DEBUG org.apache.hc.client5.http.impl.classic.ConnectExec - ex-00000001: acquiring connection with route {s}->https://raw.githubusercontent.com:443
08:15:39.539 [main] DEBUG org.apache.hc.client5.http.impl.classic.InternalHttpClient - ex-00000001: acquiring endpoint (3 MINUTES)
08:15:39.551 [main] DEBUG org.apache.hc.client5.http.impl.io.PoolingHttpClientConnectionManager - ex-00000001: endpoint lease request (3 MINUTES) [route: {s}->https://raw.githubusercontent.com:443][total available: 0; route allocated: 0 of 5; total allocated: 0 of 25]
08:15:39.555 [main] DEBUG org.apache.hc.client5.http.impl.io.PoolingHttpClientConnectionManager - ex-00000001: endpoint leased [route: {s}->https://raw.githubusercontent.com:443][total available: 0; route allocated: 1 of 5; total allocated: 1 of 25]
08:15:39.555 [main] DEBUG org.apache.hc.client5.http.impl.io.PoolingHttpClientConnectionManager - ex-00000001: acquired ep-00000000
08:15:39.555 [main] DEBUG org.apache.hc.client5.http.impl.classic.InternalHttpClient - ex-00000001: acquired endpoint ep-00000000
08:15:39.555 [main] DEBUG org.apache.hc.client5.http.impl.classic.ConnectExec - ex-00000001: opening connection {s}->https://raw.githubusercontent.com:443
08:15:39.555 [main] DEBUG org.apache.hc.client5.http.impl.classic.InternalHttpClient - ep-00000000: connecting endpoint (30 SECONDS)
08:15:39.568 [main] DEBUG org.apache.hc.client5.http.impl.io.PoolingHttpClientConnectionManager - ep-00000000: connecting endpoint to https://raw.githubusercontent.com:443 (30 SECONDS)
08:15:39.607 [main] DEBUG org.apache.hc.client5.http.impl.io.DefaultHttpClientConnectionOperator - http-outgoing-0: connecting to raw.githubusercontent.com/185.199.108.133:443
08:15:39.607 [main] DEBUG org.apache.hc.client5.http.ssl.SSLConnectionSocketFactory - Connecting socket to raw.githubusercontent.com/185.199.108.133:443 with timeout 30 SECONDS
08:15:39.710 [main] DEBUG org.apache.hc.client5.http.ssl.SSLConnectionSocketFactory - Enabled protocols: [TLSv1.3, TLSv1.2]
08:15:39.710 [main] DEBUG org.apache.hc.client5.http.ssl.SSLConnectionSocketFactory - Enabled cipher suites: [TLS_AES_256_GCM_SHA384, TLS_AES_128_GCM_SHA256, TLS_CHACHA20_POLY1305_SHA256, TLS_ECDHE_ECDSA_WITH_AES_256_GCM_SHA384, TLS_ECDHE_ECDSA_WITH_AES_128_GCM_SHA256, TLS_ECDHE_ECDSA_WITH_CHACHA20_POLY1305_SHA256, TLS_ECDHE_RSA_WITH_AES_256_GCM_SHA384, TLS_ECDHE_RSA_WITH_CHACHA20_POLY1305_SHA256, TLS_ECDHE_RSA_WITH_AES_128_GCM_SHA256, TLS_DHE_RSA_WITH_AES_256_GCM_SHA384, TLS_DHE_RSA_WITH_CHACHA20_POLY1305_SHA256, TLS_DHE_DSS_WITH_AES_256_GCM_SHA384, TLS_DHE_RSA_WITH_AES_128_GCM_SHA256, TLS_DHE_DSS_WITH_AES_128_GCM_SHA256, TLS_ECDHE_ECDSA_WITH_AES_256_CBC_SHA384, TLS_ECDHE_RSA_WITH_AES_256_CBC_SHA384, TLS_ECDHE_ECDSA_WITH_AES_128_CBC_SHA256, TLS_ECDHE_RSA_WITH_AES_128_CBC_SHA256, TLS_DHE_RSA_WITH_AES_256_CBC_SHA256, TLS_DHE_DSS_WITH_AES_256_CBC_SHA256, TLS_DHE_RSA_WITH_AES_128_CBC_SHA256, TLS_DHE_DSS_WITH_AES_128_CBC_SHA256, TLS_ECDH_ECDSA_WITH_AES_256_GCM_SHA384, TLS_ECDH_RSA_WITH_AES_256_GCM_SHA384, TLS_ECDH_ECDSA_WITH_AES_128_GCM_SHA256, TLS_ECDH_RSA_WITH_AES_128_GCM_SHA256, TLS_ECDH_ECDSA_WITH_AES_256_CBC_SHA384, TLS_ECDH_RSA_WITH_AES_256_CBC_SHA384, TLS_ECDH_ECDSA_WITH_AES_128_CBC_SHA256, TLS_ECDH_RSA_WITH_AES_128_CBC_SHA256, TLS_ECDHE_ECDSA_WITH_AES_256_CBC_SHA, TLS_ECDHE_RSA_WITH_AES_256_CBC_SHA, TLS_ECDHE_ECDSA_WITH_AES_128_CBC_SHA, TLS_ECDHE_RSA_WITH_AES_128_CBC_SHA, TLS_DHE_RSA_WITH_AES_256_CBC_SHA, TLS_DHE_DSS_WITH_AES_256_CBC_SHA, TLS_DHE_RSA_WITH_AES_128_CBC_SHA, TLS_DHE_DSS_WITH_AES_128_CBC_SHA, TLS_ECDH_ECDSA_WITH_AES_256_CBC_SHA, TLS_ECDH_RSA_WITH_AES_256_CBC_SHA, TLS_ECDH_ECDSA_WITH_AES_128_CBC_SHA, TLS_ECDH_RSA_WITH_AES_128_CBC_SHA, TLS_RSA_WITH_AES_256_GCM_SHA384, TLS_RSA_WITH_AES_128_GCM_SHA256, TLS_RSA_WITH_AES_256_CBC_SHA256, TLS_RSA_WITH_AES_128_CBC_SHA256, TLS_RSA_WITH_AES_256_CBC_SHA, TLS_RSA_WITH_AES_128_CBC_SHA, TLS_EMPTY_RENEGOTIATION_INFO_SCSV]
08:15:39.710 [main] DEBUG org.apache.hc.client5.http.ssl.SSLConnectionSocketFactory - Starting handshake
08:15:39.877 [main] DEBUG org.apache.hc.client5.http.ssl.SSLConnectionSocketFactory - Secure session established
08:15:39.877 [main] DEBUG org.apache.hc.client5.http.ssl.SSLConnectionSocketFactory -  negotiated protocol: TLSv1.3
08:15:39.877 [main] DEBUG org.apache.hc.client5.http.ssl.SSLConnectionSocketFactory -  negotiated cipher suite: TLS_AES_256_GCM_SHA384
08:15:39.877 [main] DEBUG org.apache.hc.client5.http.ssl.SSLConnectionSocketFactory -  peer principal: CN=*.github.io, O="GitHub, Inc.", L=San Francisco, ST=California, C=US
08:15:39.882 [main] DEBUG org.apache.hc.client5.http.ssl.SSLConnectionSocketFactory -  peer alternative names: [*.github.io, github.io, *.github.com, github.com, www.github.com, *.githubusercontent.com, githubusercontent.com]
08:15:39.882 [main] DEBUG org.apache.hc.client5.http.ssl.SSLConnectionSocketFactory -  issuer principal: CN=DigiCert TLS RSA SHA256 2020 CA1, O=DigiCert Inc, C=US
08:15:39.882 [main] DEBUG org.apache.hc.client5.http.impl.io.DefaultHttpClientConnectionOperator - http-outgoing-0: connection established 192.168.100.42:63995<->185.199.108.133:443
08:15:39.883 [main] DEBUG org.apache.hc.client5.http.impl.io.PoolingHttpClientConnectionManager - ep-00000000: connected http-outgoing-0
08:15:39.883 [main] DEBUG org.apache.hc.client5.http.impl.classic.InternalHttpClient - ep-00000000: endpoint connected
08:15:39.883 [main] DEBUG org.apache.hc.client5.http.impl.classic.MainClientExec - ex-00000001: executing GET /bonigarcia/webdrivermanager/master/src/main/resources/commands.properties HTTP/1.1
08:15:39.885 [main] DEBUG org.apache.hc.client5.http.impl.classic.InternalHttpClient - ep-00000000: start execution ex-00000001
08:15:39.885 [main] DEBUG org.apache.hc.client5.http.impl.io.PoolingHttpClientConnectionManager - ep-00000000: executing exchange ex-00000001 over http-outgoing-0
08:15:39.885 [main] DEBUG org.apache.hc.client5.http.headers - http-outgoing-0 >> GET /bonigarcia/webdrivermanager/master/src/main/resources/commands.properties HTTP/1.1
08:15:39.885 [main] DEBUG org.apache.hc.client5.http.headers - http-outgoing-0 >> user-agent: Apache-HttpClient/5.0
08:15:39.885 [main] DEBUG org.apache.hc.client5.http.headers - http-outgoing-0 >> accept-encoding: gzip, deflate, br
08:15:39.885 [main] DEBUG org.apache.hc.client5.http.headers - http-outgoing-0 >> cache-control: max-age=0
08:15:39.885 [main] DEBUG org.apache.hc.client5.http.headers - http-outgoing-0 >> connection: keep-alive
08:15:39.885 [main] DEBUG org.apache.hc.client5.http.headers - http-outgoing-0 >> Host: raw.githubusercontent.com
08:15:39.885 [main] DEBUG org.apache.hc.client5.http.wire - http-outgoing-0 >> "GET /bonigarcia/webdrivermanager/master/src/main/resources/commands.properties HTTP/1.1[\r][\n]"
08:15:39.885 [main] DEBUG org.apache.hc.client5.http.wire - http-outgoing-0 >> "user-agent: Apache-HttpClient/5.0[\r][\n]"
08:15:39.885 [main] DEBUG org.apache.hc.client5.http.wire - http-outgoing-0 >> "accept-encoding: gzip, deflate, br[\r][\n]"
08:15:39.885 [main] DEBUG org.apache.hc.client5.http.wire - http-outgoing-0 >> "cache-control: max-age=0[\r][\n]"
08:15:39.885 [main] DEBUG org.apache.hc.client5.http.wire - http-outgoing-0 >> "connection: keep-alive[\r][\n]"
08:15:39.885 [main] DEBUG org.apache.hc.client5.http.wire - http-outgoing-0 >> "Host: raw.githubusercontent.com[\r][\n]"
08:15:39.885 [main] DEBUG org.apache.hc.client5.http.wire - http-outgoing-0 >> "[\r][\n]"
08:15:39.906 [main] DEBUG org.apache.hc.client5.http.wire - http-outgoing-0 << "HTTP/1.1 200 OK[\r][\n]"
08:15:39.906 [main] DEBUG org.apache.hc.client5.http.wire - http-outgoing-0 << "Connection: keep-alive[\r][\n]"
08:15:39.906 [main] DEBUG org.apache.hc.client5.http.wire - http-outgoing-0 << "Content-Length: 723[\r][\n]"
08:15:39.906 [main] DEBUG org.apache.hc.client5.http.wire - http-outgoing-0 << "Cache-Control: max-age=300[\r][\n]"
08:15:39.906 [main] DEBUG org.apache.hc.client5.http.wire - http-outgoing-0 << "Content-Security-Policy: default-src 'none'; style-src 'unsafe-inline'; sandbox[\r][\n]"
08:15:39.906 [main] DEBUG org.apache.hc.client5.http.wire - http-outgoing-0 << "Content-Type: text/plain; charset=utf-8[\r][\n]"
08:15:39.906 [main] DEBUG org.apache.hc.client5.http.wire - http-outgoing-0 << "ETag: W/"e82b438271e9e8680c688b0b680efd0bdd22faa6d6f0a32fc1fd8accc486b67e"[\r][\n]"
08:15:39.906 [main] DEBUG org.apache.hc.client5.http.wire - http-outgoing-0 << "Strict-Transport-Security: max-age=31536000[\r][\n]"
08:15:39.906 [main] DEBUG org.apache.hc.client5.http.wire - http-outgoing-0 << "X-Content-Type-Options: nosniff[\r][\n]"
08:15:39.906 [main] DEBUG org.apache.hc.client5.http.wire - http-outgoing-0 << "X-Frame-Options: deny[\r][\n]"
08:15:39.906 [main] DEBUG org.apache.hc.client5.http.wire - http-outgoing-0 << "X-XSS-Protection: 1; mode=block[\r][\n]"
08:15:39.906 [main] DEBUG org.apache.hc.client5.http.wire - http-outgoing-0 << "X-GitHub-Request-Id: 4CA0:B8C7F:70C4E:8CACE:651389F9[\r][\n]"
08:15:39.906 [main] DEBUG org.apache.hc.client5.http.wire - http-outgoing-0 << "Content-Encoding: gzip[\r][\n]"
08:15:39.906 [main] DEBUG org.apache.hc.client5.http.wire - http-outgoing-0 << "Accept-Ranges: bytes[\r][\n]"
08:15:39.906 [main] DEBUG org.apache.hc.client5.http.wire - http-outgoing-0 << "Date: Fri, 06 Oct 2023 01:15:42 GMT[\r][\n]"
08:15:39.906 [main] DEBUG org.apache.hc.client5.http.wire - http-outgoing-0 << "Via: 1.1 varnish[\r][\n]"
08:15:39.906 [main] DEBUG org.apache.hc.client5.http.wire - http-outgoing-0 << "X-Served-By: cache-qpg1242-QPG[\r][\n]"
08:15:39.906 [main] DEBUG org.apache.hc.client5.http.wire - http-outgoing-0 << "X-Cache: HIT[\r][\n]"
08:15:39.920 [main] DEBUG org.apache.hc.client5.http.wire - http-outgoing-0 << "X-Cache-Hits: 1[\r][\n]"
08:15:39.920 [main] DEBUG org.apache.hc.client5.http.wire - http-outgoing-0 << "X-Timer: S1696554942.045069,VS0,VE1[\r][\n]"
08:15:39.920 [main] DEBUG org.apache.hc.client5.http.wire - http-outgoing-0 << "Vary: Authorization,Accept-Encoding,Origin[\r][\n]"
08:15:39.920 [main] DEBUG org.apache.hc.client5.http.wire - http-outgoing-0 << "Access-Control-Allow-Origin: *[\r][\n]"
08:15:39.920 [main] DEBUG org.apache.hc.client5.http.wire - http-outgoing-0 << "Cross-Origin-Resource-Policy: cross-origin[\r][\n]"
08:15:39.920 [main] DEBUG org.apache.hc.client5.http.wire - http-outgoing-0 << "X-Fastly-Request-ID: 98da1a30eba41e6c53bb0a59c5fe968ed00e9eb5[\r][\n]"
08:15:39.920 [main] DEBUG org.apache.hc.client5.http.wire - http-outgoing-0 << "Expires: Fri, 06 Oct 2023 01:20:42 GMT[\r][\n]"
08:15:39.920 [main] DEBUG org.apache.hc.client5.http.wire - http-outgoing-0 << "Source-Age: 276[\r][\n]"
08:15:39.920 [main] DEBUG org.apache.hc.client5.http.wire - http-outgoing-0 << "[\r][\n]"
08:15:39.920 [main] DEBUG org.apache.hc.client5.http.headers - http-outgoing-0 << HTTP/1.1 200 OK
08:15:39.920 [main] DEBUG org.apache.hc.client5.http.headers - http-outgoing-0 << Connection: keep-alive
08:15:39.920 [main] DEBUG org.apache.hc.client5.http.headers - http-outgoing-0 << Content-Length: 723
08:15:39.920 [main] DEBUG org.apache.hc.client5.http.headers - http-outgoing-0 << Cache-Control: max-age=300
08:15:39.920 [main] DEBUG org.apache.hc.client5.http.headers - http-outgoing-0 << Content-Security-Policy: default-src 'none'; style-src 'unsafe-inline'; sandbox
08:15:39.920 [main] DEBUG org.apache.hc.client5.http.headers - http-outgoing-0 << Content-Type: text/plain; charset=utf-8
08:15:39.920 [main] DEBUG org.apache.hc.client5.http.headers - http-outgoing-0 << ETag: W/"e82b438271e9e8680c688b0b680efd0bdd22faa6d6f0a32fc1fd8accc486b67e"
08:15:39.920 [main] DEBUG org.apache.hc.client5.http.headers - http-outgoing-0 << Strict-Transport-Security: max-age=31536000
08:15:39.920 [main] DEBUG org.apache.hc.client5.http.headers - http-outgoing-0 << X-Content-Type-Options: nosniff
08:15:39.920 [main] DEBUG org.apache.hc.client5.http.headers - http-outgoing-0 << X-Frame-Options: deny
08:15:39.920 [main] DEBUG org.apache.hc.client5.http.headers - http-outgoing-0 << X-XSS-Protection: 1; mode=block
08:15:39.920 [main] DEBUG org.apache.hc.client5.http.headers - http-outgoing-0 << X-GitHub-Request-Id: 4CA0:B8C7F:70C4E:8CACE:651389F9
08:15:39.920 [main] DEBUG org.apache.hc.client5.http.headers - http-outgoing-0 << Content-Encoding: gzip
08:15:39.920 [main] DEBUG org.apache.hc.client5.http.headers - http-outgoing-0 << Accept-Ranges: bytes
08:15:39.920 [main] DEBUG org.apache.hc.client5.http.headers - http-outgoing-0 << Date: Fri, 06 Oct 2023 01:15:42 GMT
08:15:39.920 [main] DEBUG org.apache.hc.client5.http.headers - http-outgoing-0 << Via: 1.1 varnish
08:15:39.920 [main] DEBUG org.apache.hc.client5.http.headers - http-outgoing-0 << X-Served-By: cache-qpg1242-QPG
08:15:39.923 [main] DEBUG org.apache.hc.client5.http.headers - http-outgoing-0 << X-Cache: HIT
08:15:39.923 [main] DEBUG org.apache.hc.client5.http.headers - http-outgoing-0 << X-Cache-Hits: 1
08:15:39.923 [main] DEBUG org.apache.hc.client5.http.headers - http-outgoing-0 << X-Timer: S1696554942.045069,VS0,VE1
08:15:39.923 [main] DEBUG org.apache.hc.client5.http.headers - http-outgoing-0 << Vary: Authorization,Accept-Encoding,Origin
08:15:39.923 [main] DEBUG org.apache.hc.client5.http.headers - http-outgoing-0 << Access-Control-Allow-Origin: *
08:15:39.923 [main] DEBUG org.apache.hc.client5.http.headers - http-outgoing-0 << Cross-Origin-Resource-Policy: cross-origin
08:15:39.923 [main] DEBUG org.apache.hc.client5.http.headers - http-outgoing-0 << X-Fastly-Request-ID: 98da1a30eba41e6c53bb0a59c5fe968ed00e9eb5
08:15:39.923 [main] DEBUG org.apache.hc.client5.http.headers - http-outgoing-0 << Expires: Fri, 06 Oct 2023 01:20:42 GMT
08:15:39.923 [main] DEBUG org.apache.hc.client5.http.headers - http-outgoing-0 << Source-Age: 276
08:15:39.926 [main] DEBUG org.apache.hc.client5.http.impl.classic.MainClientExec - ex-00000001: connection can be kept alive for 3 MINUTES
08:15:39.931 [main] DEBUG org.apache.hc.client5.http.wire - http-outgoing-0 << "[0x1f][0xffffff8b][0x8][0x0][0x0][0x0][0x0][0x0][0x0][0x3][0xffffffb5]V]o[0xffffffda]0[0x14]}[0xffffffe7]W\[0xffffff81]*[0xffffffb5][0x12][0x1f][[M[0xffffffd3]$[0x1e]hF[0xffffffbb]i [0x18][0xffffffb4][0xffffffdd]&[0xfffffff9][0xffffffc5]$7[0xffffffc1]R[0x12]#;[0xffffff94]v[0xffffffbf]~[0xffffffb6][0xfffffff3]1[0xffffff92][0xffffff9a][0xffffffc1][0x1a]x[0xffffffcb][0xffffffb5][0xffffffaf][0xffffffcf]9[0xffffffbe][0xfffffff7]8v[0xb][0x1c][0x1e]E4[0xfffffff6]$x4[0xffffffa1][0xb]*[0xffffffb1][0xffffffd1][0xffffff82][0xfffffffb]%[0xffffff93][0xffffffe0][0xffffffb3][0x10][0xffffffc1][0xffffffe5]qBY,!Y[0xffffffea] KM8,[0x10][0xfffffff0][0x19][0xffffffdd]u[0xffffff82][0x1e][0xffffffb0][0xffffffd8]L[0xffffffcb]%[0xffffff86][0xffffffa1][0xe][0xffffffb8][0xfffffff0]P[0xffffffe8]$[0xf][0x13]t[0x13]3[0xfffffff9][0xffffff84]B2[0xffffffae][0xffffffe6]|@[0xfffffff5][0x1d][0x8][0xffffffc4][0x18][0x16][0xffffff82]o[0xffffffa4][0xffffff9a]P[0xffffff94][0xffffffe7][0xffffffce]R[0xfffffff0][0x8][0xffffffdb]p[0xffffffcb][0x4][0xfffffffa][0xfffffffc][0xffffffb9][\r][0xffffff93][0x15][\n]"
08:15:39.931 [main] DEBUG org.apache.hc.client5.http.wire - http-outgoing-0 << "[0xffffffda][0xffffff86][0xffffffa1][0x17][0xffffffa8]Q3[0xffffffcb][0xffffffd6][0xffffffd1][0xffffff85][0xffffffc6][0xfffffff7][0xffffff98][0xffffffef][0xffffffa3][0xffffffc0]8[0x1][0xffffffae]s[0x12][0x16][0x7] _d[0xffffff82][0xffffff91][0xffffff84][0xfffffff3][0x1f],[0xfffffff6][0x14]j[0x1b]F,^+[0xffffff98]1ua2[0xffffffbf]h([0xffffff8e][0xffffff94][0xffffffa2][0xffffff91]m[0xffffffa3][0xffffffeb][0xffffff9a][0xffffffb0][0xffffffbb]I[0x17]t[0xffffffdf][0xffffffbd][0xffffffef][0xffffffbb][0xffffff91][0xffffffd7]U[0xffffffbb][0xffffff82][0xffffff9e][0x3][0xffffff9b][0xffffff88][0xffffffb9][0xffffffa6]$[0xffffffa6][0xc][0xffffff9b][0xffffffa5][0xffffffe2][0xffffff83][0xffffff98]F[0xffffffd8]o[0xffffff9e]Mg[0xffffff93][0xffffffbb][0xffffffd9]`|[0xfffffffb]u4[0xffffff9c][0x7f]"}B[0xffffffce][0x8][0xffffffb9][0xffffffe3]<[0x8][0xffffff91][0xffffff90][0xffffff94][0xffffff82][0xffffff90][0xffffffc1]j[0x15]2WI[0xffffffe3]1![0x19][0xffffff91]BnB[0xffffff80][0x9]<f[0xffffffb5][0xffffffe8]=[0xffffffd1]p[0xffffffbd][[0xffffffcf][0xffffffe5][0x1b][0xfffffff4][0xffffff9c][0xffffffff][0xfffffffc][0xfffffff8][0xffffffe1][0xffffffe2][0xffffff94][0xffffffa2][0xffffffae][0xe][0x14]5[0xffffff9a]8[0xffffff83][0xffffffd1]`:[0xfffffffd]<[0xffffffb8][0x1f][0xffffff9c]R[0xffffffcf]u[0x7f]6[0xffffffbc][0xffffff83][0xffffffef][0xf][0xffffffc3][0xffffffd9]/[0xfffffff8][0xfffffff2][0xffffffcd]y s[0xffffffee]'[0x1b]*0g[0xffffffcb][0xffffffc8]nF7H][0xffffff83][0xffffff97]{[0xffffffb1]Q[0x5][\r][0xffffffb5]c[0xffffffb4][0xf][0x2][0xffffffb3][0xffffffb4][0xffffff93][0xe]C[0xffffffa7][0xffffffb3]kAD][0xffffff9d][0xffffffde][0xffffffdb][0xffffffda][0xffffff88][0xffffffec][0xffffffa5][0xffffffbc][0xffffff99][0xffffffd9][0xffffffba]t[0xffffffb5][0xffffffea]9[0xffffffea][0x10])[0xffffffb7][0xffffffca][0xffffff9e][0xfffffff2][0xffffffe2]d^N[0xffffffd8]FW[0x16][0xffffffcd][0xffffffdc]_[0x10][0xfffffff9]i|[0x1c][0xffffff93][0xffffff8e][0xfffffff9]o[0x16][0xffffff86]4'!$G[0xffffffdf]W[0xfffffff4]W*j[[0xfffffff3]xR[0xffffffae][0xffffffb6][0xc][0xffffffd0],; #[0xffffffa9][0xffffff92]5[0xffffffb5][0x7][0xffffff9c][0xffffffb5][0xffffffd0][0x7f][0xffffff90][0xffffffc7]jgs[0xfffffffc][0xffffffc2][0xb][0xffffffd9][0x0]t[0xffffff9e]^'Y[0xfffffffb][0xffffff9f][0xffffffb1][0xffffffd8]:[0xffffffbf][0xffffff8d][0xffffffa5][0xffffff9a][0xffffffad][0x7f]m[0x5]&[0xffffffaa][0xffffffa0]^[0xffffff9b][0xffffffcb][0x5]f[0xffffffae][0xffffffe0]RU[0xffffff82][0x10]MS9l[0xffffff91]4t[0xfffffffb][0xffffff8a]][0xffffffd6][0xfffffff4][0xffffff96][0xffffffa6][0xffffff9f]P[0xffffffce][0xffffffd5][0xffffffce][0xffffff93][0xffffffff][0xffffff97][0xffffffcc]p[0xfffffffd][0xfffffff3][0xffffffe8][0x1b][0xffffffcc][0xffffffa2][0xffffffd9]Q[0xffffffbe][0xffffffb2][0xffffffa3][0xffffffc7]m'[0xffffffdf][0xffffffe4][[0xfffffffb]^[0xffffffb0][0xffffff9a][0xffffffbe][0xffffffda][0xffffffda]_[0xffffffce][0xffffff80][0xffffffd2][0xffffffc1]7[0xffffffb7]][0xffffffc1]b[0xffffffee][0xffffffb5][0xffffffff]w[0xffffff83][0xffffffed][0xffffffa7];[0x15]<[0x10]4[0xffffff92][0xffffff84][0x18][\n]"
08:15:39.931 [main] DEBUG org.apache.hc.client5.http.wire - http-outgoing-0 << "BB[0xffffffba][0xffffff8e]][0xffffffb5]jo[0xffffffb9]+"[0xffffffea][0xffffffb4][0xffffffff]h"[0xffffffea]\?5[0xffffffa9][0xffffffaf]k[0xffffffec][0xffffffff]P[0xffffffea][\n]"
08:15:39.932 [main] DEBUG org.apache.hc.client5.http.wire - http-outgoing-0 << "w[0xffffffe1]K[0x13][0xffffffda][0xffffffec][0xffffff98][0xffffffe6]Y[0xfffffffd]h8m6[0xffffff9c]T[0xffffffc1][0xfffffff2][0xffffffa7][0xffffff91]z_[0xffffff95]o85p[0x1c][0x13][0xffffffe6][0xfffffff0]5[0xffffffee][0xfffffffc][0xffffff92][0xffffff96][0xffffffda][0xfffffff7][0xffffffcf][0xffffffb1][0x5][0x1d][0xffffffea]K[0xffffff9b]9[0xffffff8e][0xffffffad]e[0xfffffff7][0xffffff93][0xffffffa8]`[0xffffffda][0xffffffff][0x1a][0xffffffd2][0xffffff88][0xffffff85][0xfffffffd][0xfffffff2][0xffffff91]N[0xfffffff6]`[0xffffffdf]2[0xffffffcf][0xffffffae]E[0xffffff97][0xffffffc5][0xffffffa2][0xffffff9d][0xffffffef]'[0xffffff9d]mun.[0xffffffd3]f^[0xffffffc7][0xffffff82][0xffffffda][0xffffff82]9[0xfffffff5][0xffffffa9]`[0x5][0xffffffbc]4[0xffffffa1][0x1d]<M[0xffffffb5]A[0xffffffa7]3[[0xffffffc0][0x7f][0x0][0xffffffc1][0xffffffd0]$[0xffffff85][0x1d][\r][0x0][0x0]"
08:15:39.932 [main] DEBUG org.apache.hc.client5.http.impl.classic.InternalHttpClient - ep-00000000: releasing valid endpoint
08:15:39.932 [main] DEBUG org.apache.hc.client5.http.impl.io.PoolingHttpClientConnectionManager - ep-00000000: releasing endpoint
08:15:39.932 [main] DEBUG org.apache.hc.client5.http.impl.io.PoolingHttpClientConnectionManager - ep-00000000: connection http-outgoing-0 can be kept alive for 3 MINUTES
08:15:39.934 [main] DEBUG org.apache.hc.client5.http.impl.io.PoolingHttpClientConnectionManager - ep-00000000: connection released [route: {s}->https://raw.githubusercontent.com:443][total available: 1; route allocated: 1 of 5; total allocated: 1 of 25]
08:15:39.934 [main] DEBUG io.github.bonigarcia.wdm.versions.VersionDetector - Detecting chrome version using online commands.properties
08:15:39.937 [main] DEBUG io.github.bonigarcia.wdm.versions.Shell - Running command on the shell: [cmd.exe, /C, wmic, datafile, where, name="%PROGRAMFILES:\=\\%\\Google\\Chrome\\Application\\chrome.exe", get, Version, /value]
08:15:40.056 [main] DEBUG io.github.bonigarcia.wdm.versions.Shell - Result: Version=117.0.5938.134
08:15:40.059 [main] DEBUG org.apache.hc.client5.http.impl.classic.InternalHttpClient - ex-00000002: preparing request execution
08:15:40.059 [main] DEBUG org.apache.hc.client5.http.protocol.RequestAddCookies - Cookie spec selected: strict
08:15:40.059 [main] DEBUG org.apache.hc.client5.http.protocol.RequestAuthCache - Auth cache not set in the context
08:15:40.059 [main] DEBUG org.apache.hc.client5.http.impl.classic.ProtocolExec - ex-00000002: target auth state: UNCHALLENGED
08:15:40.059 [main] DEBUG org.apache.hc.client5.http.impl.classic.ProtocolExec - ex-00000002: proxy auth state: UNCHALLENGED
08:15:40.059 [main] DEBUG org.apache.hc.client5.http.impl.classic.ConnectExec - ex-00000002: acquiring connection with route {s}->https://chromedriver.storage.googleapis.com:443
08:15:40.059 [main] DEBUG org.apache.hc.client5.http.impl.classic.InternalHttpClient - ex-00000002: acquiring endpoint (3 MINUTES)
08:15:40.059 [main] DEBUG org.apache.hc.client5.http.impl.io.PoolingHttpClientConnectionManager - ex-00000002: endpoint lease request (3 MINUTES) [route: {s}->https://chromedriver.storage.googleapis.com:443][total available: 1; route allocated: 0 of 5; total allocated: 1 of 25]
08:15:40.059 [main] DEBUG org.apache.hc.client5.http.impl.io.PoolingHttpClientConnectionManager - ex-00000002: endpoint leased [route: {s}->https://chromedriver.storage.googleapis.com:443][total available: 1; route allocated: 1 of 5; total allocated: 2 of 25]
08:15:40.059 [main] DEBUG org.apache.hc.client5.http.impl.io.PoolingHttpClientConnectionManager - ex-00000002: acquired ep-00000001
08:15:40.059 [main] DEBUG org.apache.hc.client5.http.impl.classic.InternalHttpClient - ex-00000002: acquired endpoint ep-00000001
08:15:40.059 [main] DEBUG org.apache.hc.client5.http.impl.classic.ConnectExec - ex-00000002: opening connection {s}->https://chromedriver.storage.googleapis.com:443
08:15:40.059 [main] DEBUG org.apache.hc.client5.http.impl.classic.InternalHttpClient - ep-00000001: connecting endpoint (30 SECONDS)
08:15:40.059 [main] DEBUG org.apache.hc.client5.http.impl.io.PoolingHttpClientConnectionManager - ep-00000001: connecting endpoint to https://chromedriver.storage.googleapis.com:443 (30 SECONDS)
08:15:40.166 [main] DEBUG org.apache.hc.client5.http.impl.io.DefaultHttpClientConnectionOperator - http-outgoing-1: connecting to chromedriver.storage.googleapis.com/34.101.5.27:443
08:15:40.171 [main] DEBUG org.apache.hc.client5.http.ssl.SSLConnectionSocketFactory - Connecting socket to chromedriver.storage.googleapis.com/34.101.5.27:443 with timeout 30 SECONDS
08:15:40.173 [main] DEBUG org.apache.hc.client5.http.ssl.SSLConnectionSocketFactory - Enabled protocols: [TLSv1.3, TLSv1.2]
08:15:40.173 [main] DEBUG org.apache.hc.client5.http.ssl.SSLConnectionSocketFactory - Enabled cipher suites: [TLS_AES_256_GCM_SHA384, TLS_AES_128_GCM_SHA256, TLS_CHACHA20_POLY1305_SHA256, TLS_ECDHE_ECDSA_WITH_AES_256_GCM_SHA384, TLS_ECDHE_ECDSA_WITH_AES_128_GCM_SHA256, TLS_ECDHE_ECDSA_WITH_CHACHA20_POLY1305_SHA256, TLS_ECDHE_RSA_WITH_AES_256_GCM_SHA384, TLS_ECDHE_RSA_WITH_CHACHA20_POLY1305_SHA256, TLS_ECDHE_RSA_WITH_AES_128_GCM_SHA256, TLS_DHE_RSA_WITH_AES_256_GCM_SHA384, TLS_DHE_RSA_WITH_CHACHA20_POLY1305_SHA256, TLS_DHE_DSS_WITH_AES_256_GCM_SHA384, TLS_DHE_RSA_WITH_AES_128_GCM_SHA256, TLS_DHE_DSS_WITH_AES_128_GCM_SHA256, TLS_ECDHE_ECDSA_WITH_AES_256_CBC_SHA384, TLS_ECDHE_RSA_WITH_AES_256_CBC_SHA384, TLS_ECDHE_ECDSA_WITH_AES_128_CBC_SHA256, TLS_ECDHE_RSA_WITH_AES_128_CBC_SHA256, TLS_DHE_RSA_WITH_AES_256_CBC_SHA256, TLS_DHE_DSS_WITH_AES_256_CBC_SHA256, TLS_DHE_RSA_WITH_AES_128_CBC_SHA256, TLS_DHE_DSS_WITH_AES_128_CBC_SHA256, TLS_ECDH_ECDSA_WITH_AES_256_GCM_SHA384, TLS_ECDH_RSA_WITH_AES_256_GCM_SHA384, TLS_ECDH_ECDSA_WITH_AES_128_GCM_SHA256, TLS_ECDH_RSA_WITH_AES_128_GCM_SHA256, TLS_ECDH_ECDSA_WITH_AES_256_CBC_SHA384, TLS_ECDH_RSA_WITH_AES_256_CBC_SHA384, TLS_ECDH_ECDSA_WITH_AES_128_CBC_SHA256, TLS_ECDH_RSA_WITH_AES_128_CBC_SHA256, TLS_ECDHE_ECDSA_WITH_AES_256_CBC_SHA, TLS_ECDHE_RSA_WITH_AES_256_CBC_SHA, TLS_ECDHE_ECDSA_WITH_AES_128_CBC_SHA, TLS_ECDHE_RSA_WITH_AES_128_CBC_SHA, TLS_DHE_RSA_WITH_AES_256_CBC_SHA, TLS_DHE_DSS_WITH_AES_256_CBC_SHA, TLS_DHE_RSA_WITH_AES_128_CBC_SHA, TLS_DHE_DSS_WITH_AES_128_CBC_SHA, TLS_ECDH_ECDSA_WITH_AES_256_CBC_SHA, TLS_ECDH_RSA_WITH_AES_256_CBC_SHA, TLS_ECDH_ECDSA_WITH_AES_128_CBC_SHA, TLS_ECDH_RSA_WITH_AES_128_CBC_SHA, TLS_RSA_WITH_AES_256_GCM_SHA384, TLS_RSA_WITH_AES_128_GCM_SHA256, TLS_RSA_WITH_AES_256_CBC_SHA256, TLS_RSA_WITH_AES_128_CBC_SHA256, TLS_RSA_WITH_AES_256_CBC_SHA, TLS_RSA_WITH_AES_128_CBC_SHA, TLS_EMPTY_RENEGOTIATION_INFO_SCSV]
08:15:40.173 [main] DEBUG org.apache.hc.client5.http.ssl.SSLConnectionSocketFactory - Starting handshake
08:15:40.233 [main] DEBUG org.apache.hc.client5.http.ssl.SSLConnectionSocketFactory - Secure session established
08:15:40.233 [main] DEBUG org.apache.hc.client5.http.ssl.SSLConnectionSocketFactory -  negotiated protocol: TLSv1.3
08:15:40.233 [main] DEBUG org.apache.hc.client5.http.ssl.SSLConnectionSocketFactory -  negotiated cipher suite: TLS_AES_256_GCM_SHA384
08:15:40.233 [main] DEBUG org.apache.hc.client5.http.ssl.SSLConnectionSocketFactory -  peer principal: CN=*.storage.googleapis.com
08:15:40.233 [main] DEBUG org.apache.hc.client5.http.ssl.SSLConnectionSocketFactory -  peer alternative names: [*.storage.googleapis.com, *.googleapis.com, commondatastorage.googleapis.com, *.commondatastorage.googleapis.com, storage.googleapis.com, storage-p2.googleapis.com, *.storage-p2.googleapis.com, storage.mtls.googleapis.com, *.appspot.com.storage.googleapis.com, *.content-storage.googleapis.com, *.content-storage-p2.googleapis.com, *.content-storage-upload.googleapis.com, *.content-storage-download.googleapis.com, *.storage-upload.googleapis.com, *.storage-download.googleapis.com]
08:15:40.233 [main] DEBUG org.apache.hc.client5.http.ssl.SSLConnectionSocketFactory -  issuer principal: CN=GTS CA 1C3, O=Google Trust Services LLC, C=US
08:15:40.233 [main] DEBUG org.apache.hc.client5.http.impl.io.DefaultHttpClientConnectionOperator - http-outgoing-1: connection established 192.168.100.42:63996<->34.101.5.27:443
08:15:40.233 [main] DEBUG org.apache.hc.client5.http.impl.io.PoolingHttpClientConnectionManager - ep-00000001: connected http-outgoing-1
08:15:40.233 [main] DEBUG org.apache.hc.client5.http.impl.classic.InternalHttpClient - ep-00000001: endpoint connected
08:15:40.233 [main] DEBUG org.apache.hc.client5.http.impl.classic.MainClientExec - ex-00000002: executing GET /LATEST_RELEASE_117 HTTP/1.1
08:15:40.233 [main] DEBUG org.apache.hc.client5.http.impl.classic.InternalHttpClient - ep-00000001: start execution ex-00000002
08:15:40.233 [main] DEBUG org.apache.hc.client5.http.impl.io.PoolingHttpClientConnectionManager - ep-00000001: executing exchange ex-00000002 over http-outgoing-1
08:15:40.233 [main] DEBUG org.apache.hc.client5.http.headers - http-outgoing-1 >> GET /LATEST_RELEASE_117 HTTP/1.1
08:15:40.233 [main] DEBUG org.apache.hc.client5.http.headers - http-outgoing-1 >> user-agent: Apache-HttpClient/5.0
08:15:40.233 [main] DEBUG org.apache.hc.client5.http.headers - http-outgoing-1 >> accept-encoding: gzip, deflate, br
08:15:40.233 [main] DEBUG org.apache.hc.client5.http.headers - http-outgoing-1 >> cache-control: max-age=0
08:15:40.233 [main] DEBUG org.apache.hc.client5.http.headers - http-outgoing-1 >> connection: keep-alive
08:15:40.233 [main] DEBUG org.apache.hc.client5.http.headers - http-outgoing-1 >> Host: chromedriver.storage.googleapis.com
08:15:40.233 [main] DEBUG org.apache.hc.client5.http.wire - http-outgoing-1 >> "GET /LATEST_RELEASE_117 HTTP/1.1[\r][\n]"
08:15:40.233 [main] DEBUG org.apache.hc.client5.http.wire - http-outgoing-1 >> "user-agent: Apache-HttpClient/5.0[\r][\n]"
08:15:40.233 [main] DEBUG org.apache.hc.client5.http.wire - http-outgoing-1 >> "accept-encoding: gzip, deflate, br[\r][\n]"
08:15:40.233 [main] DEBUG org.apache.hc.client5.http.wire - http-outgoing-1 >> "cache-control: max-age=0[\r][\n]"
08:15:40.233 [main] DEBUG org.apache.hc.client5.http.wire - http-outgoing-1 >> "connection: keep-alive[\r][\n]"
08:15:40.233 [main] DEBUG org.apache.hc.client5.http.wire - http-outgoing-1 >> "Host: chromedriver.storage.googleapis.com[\r][\n]"
08:15:40.233 [main] DEBUG org.apache.hc.client5.http.wire - http-outgoing-1 >> "[\r][\n]"
08:15:40.481 [main] DEBUG org.apache.hc.client5.http.wire - http-outgoing-1 << "HTTP/1.1 404 Not Found[\r][\n]"
08:15:40.483 [main] DEBUG org.apache.hc.client5.http.wire - http-outgoing-1 << "X-GUploader-UploadID: ADPycdu0xmj4CZdAudx1sZhSbYTcHww5D5_hDnYI7syZIGqKjKGM73r9FbPHuf2UF_VRVDyraW5azVEhdCeQIlHwmWnG4P4eCQWN[\r][\n]"
08:15:40.483 [main] DEBUG org.apache.hc.client5.http.wire - http-outgoing-1 << "Content-Type: application/xml; charset=UTF-8[\r][\n]"
08:15:40.483 [main] DEBUG org.apache.hc.client5.http.wire - http-outgoing-1 << "Content-Length: 193[\r][\n]"
08:15:40.483 [main] DEBUG org.apache.hc.client5.http.wire - http-outgoing-1 << "Date: Fri, 06 Oct 2023 01:15:42 GMT[\r][\n]"
08:15:40.483 [main] DEBUG org.apache.hc.client5.http.wire - http-outgoing-1 << "Expires: Fri, 06 Oct 2023 01:15:42 GMT[\r][\n]"
08:15:40.483 [main] DEBUG org.apache.hc.client5.http.wire - http-outgoing-1 << "Cache-Control: private, max-age=0[\r][\n]"
08:15:40.483 [main] DEBUG org.apache.hc.client5.http.wire - http-outgoing-1 << "Server: UploadServer[\r][\n]"
08:15:40.483 [main] DEBUG org.apache.hc.client5.http.wire - http-outgoing-1 << "Alt-Svc: h3=":443"; ma=2592000,h3-29=":443"; ma=2592000[\r][\n]"
08:15:40.483 [main] DEBUG org.apache.hc.client5.http.wire - http-outgoing-1 << "[\r][\n]"
08:15:40.483 [main] DEBUG org.apache.hc.client5.http.wire - http-outgoing-1 << "<?xml version='1.0' encoding='UTF-8'?><Error><Code>NoSuchKey</Code><Message>The specified key does not exist.</Message><Details>No such object: chromedriver/LATEST_RELEASE_117</Details></Error>"
08:15:40.483 [main] DEBUG org.apache.hc.client5.http.headers - http-outgoing-1 << HTTP/1.1 404 Not Found
08:15:40.483 [main] DEBUG org.apache.hc.client5.http.headers - http-outgoing-1 << X-GUploader-UploadID: ADPycdu0xmj4CZdAudx1sZhSbYTcHww5D5_hDnYI7syZIGqKjKGM73r9FbPHuf2UF_VRVDyraW5azVEhdCeQIlHwmWnG4P4eCQWN
08:15:40.483 [main] DEBUG org.apache.hc.client5.http.headers - http-outgoing-1 << Content-Type: application/xml; charset=UTF-8
08:15:40.483 [main] DEBUG org.apache.hc.client5.http.headers - http-outgoing-1 << Content-Length: 193
08:15:40.483 [main] DEBUG org.apache.hc.client5.http.headers - http-outgoing-1 << Date: Fri, 06 Oct 2023 01:15:42 GMT
08:15:40.483 [main] DEBUG org.apache.hc.client5.http.headers - http-outgoing-1 << Expires: Fri, 06 Oct 2023 01:15:42 GMT
08:15:40.483 [main] DEBUG org.apache.hc.client5.http.headers - http-outgoing-1 << Cache-Control: private, max-age=0
08:15:40.483 [main] DEBUG org.apache.hc.client5.http.headers - http-outgoing-1 << Server: UploadServer
08:15:40.483 [main] DEBUG org.apache.hc.client5.http.headers - http-outgoing-1 << Alt-Svc: h3=":443"; ma=2592000,h3-29=":443"; ma=2592000
08:15:40.483 [main] DEBUG org.apache.hc.client5.http.impl.classic.MainClientExec - ex-00000002: connection can be kept alive for 3 MINUTES
08:15:40.483 [main] ERROR io.github.bonigarcia.wdm.online.HttpClient - Error HTTP 404 executing https://chromedriver.storage.googleapis.com/LATEST_RELEASE_117
08:15:40.483 [main] WARN io.github.bonigarcia.wdm.versions.VersionDetector - Exception reading https://chromedriver.storage.googleapis.com/LATEST_RELEASE_117 to get latest version of chromedriver (Error HTTP 404 executing https://chromedriver.storage.googleapis.com/LATEST_RELEASE_117)
08:15:40.483 [main] DEBUG io.github.bonigarcia.wdm.versions.VersionDetector - Getting driver version for chrome117 from online versions.properties
08:15:40.483 [main] DEBUG org.apache.hc.client5.http.impl.classic.InternalHttpClient - ex-00000003: preparing request execution
08:15:40.483 [main] DEBUG org.apache.hc.client5.http.protocol.RequestAddCookies - Cookie spec selected: strict
08:15:40.483 [main] DEBUG org.apache.hc.client5.http.protocol.RequestAuthCache - Auth cache not set in the context
08:15:40.483 [main] DEBUG org.apache.hc.client5.http.impl.classic.ProtocolExec - ex-00000003: target auth state: UNCHALLENGED
08:15:40.483 [main] DEBUG org.apache.hc.client5.http.impl.classic.ProtocolExec - ex-00000003: proxy auth state: UNCHALLENGED
08:15:40.483 [main] DEBUG org.apache.hc.client5.http.impl.classic.ConnectExec - ex-00000003: acquiring connection with route {s}->https://raw.githubusercontent.com:443
08:15:40.483 [main] DEBUG org.apache.hc.client5.http.impl.classic.InternalHttpClient - ex-00000003: acquiring endpoint (3 MINUTES)
08:15:40.494 [main] DEBUG org.apache.hc.client5.http.impl.io.PoolingHttpClientConnectionManager - ex-00000003: endpoint lease request (3 MINUTES) [route: {s}->https://raw.githubusercontent.com:443][total available: 1; route allocated: 1 of 5; total allocated: 2 of 25]
08:15:40.495 [main] DEBUG org.apache.hc.client5.http.impl.io.PoolingHttpClientConnectionManager - ex-00000003: endpoint leased [route: {s}->https://raw.githubusercontent.com:443][total available: 0; route allocated: 1 of 5; total allocated: 2 of 25]
08:15:40.495 [main] DEBUG org.apache.hc.client5.http.impl.io.PoolingHttpClientConnectionManager - ex-00000003: acquired ep-00000002
08:15:40.496 [main] DEBUG org.apache.hc.client5.http.impl.classic.InternalHttpClient - ex-00000003: acquired endpoint ep-00000002
08:15:40.496 [main] DEBUG org.apache.hc.client5.http.impl.classic.MainClientExec - ex-00000003: executing GET /bonigarcia/webdrivermanager/master/src/main/resources/versions.properties HTTP/1.1
08:15:40.496 [main] DEBUG org.apache.hc.client5.http.impl.classic.InternalHttpClient - ep-00000002: start execution ex-00000003
08:15:40.496 [main] DEBUG org.apache.hc.client5.http.impl.io.PoolingHttpClientConnectionManager - ep-00000002: executing exchange ex-00000003 over http-outgoing-0
08:15:40.497 [main] DEBUG org.apache.hc.client5.http.headers - http-outgoing-0 >> GET /bonigarcia/webdrivermanager/master/src/main/resources/versions.properties HTTP/1.1
08:15:40.497 [main] DEBUG org.apache.hc.client5.http.headers - http-outgoing-0 >> user-agent: Apache-HttpClient/5.0
08:15:40.497 [main] DEBUG org.apache.hc.client5.http.headers - http-outgoing-0 >> accept-encoding: gzip, deflate, br
08:15:40.497 [main] DEBUG org.apache.hc.client5.http.headers - http-outgoing-0 >> cache-control: max-age=0
08:15:40.497 [main] DEBUG org.apache.hc.client5.http.headers - http-outgoing-0 >> connection: keep-alive
08:15:40.498 [main] DEBUG org.apache.hc.client5.http.headers - http-outgoing-0 >> Host: raw.githubusercontent.com
08:15:40.498 [main] DEBUG org.apache.hc.client5.http.wire - http-outgoing-0 >> "GET /bonigarcia/webdrivermanager/master/src/main/resources/versions.properties HTTP/1.1[\r][\n]"
08:15:40.498 [main] DEBUG org.apache.hc.client5.http.wire - http-outgoing-0 >> "user-agent: Apache-HttpClient/5.0[\r][\n]"
08:15:40.498 [main] DEBUG org.apache.hc.client5.http.wire - http-outgoing-0 >> "accept-encoding: gzip, deflate, br[\r][\n]"
08:15:40.498 [main] DEBUG org.apache.hc.client5.http.wire - http-outgoing-0 >> "cache-control: max-age=0[\r][\n]"
08:15:40.499 [main] DEBUG org.apache.hc.client5.http.wire - http-outgoing-0 >> "connection: keep-alive[\r][\n]"
08:15:40.499 [main] DEBUG org.apache.hc.client5.http.wire - http-outgoing-0 >> "Host: raw.githubusercontent.com[\r][\n]"
08:15:40.499 [main] DEBUG org.apache.hc.client5.http.wire - http-outgoing-0 >> "[\r][\n]"
08:15:40.827 [main] DEBUG org.apache.hc.client5.http.wire - http-outgoing-0 << "HTTP/1.1 200 OK[\r][\n]"
08:15:40.827 [main] DEBUG org.apache.hc.client5.http.wire - http-outgoing-0 << "Connection: keep-alive[\r][\n]"
08:15:40.827 [main] DEBUG org.apache.hc.client5.http.wire - http-outgoing-0 << "Content-Length: 1625[\r][\n]"
08:15:40.827 [main] DEBUG org.apache.hc.client5.http.wire - http-outgoing-0 << "Cache-Control: max-age=300[\r][\n]"
08:15:40.827 [main] DEBUG org.apache.hc.client5.http.wire - http-outgoing-0 << "Content-Security-Policy: default-src 'none'; style-src 'unsafe-inline'; sandbox[\r][\n]"
08:15:40.827 [main] DEBUG org.apache.hc.client5.http.wire - http-outgoing-0 << "Content-Type: text/plain; charset=utf-8[\r][\n]"
08:15:40.827 [main] DEBUG org.apache.hc.client5.http.wire - http-outgoing-0 << "ETag: W/"51a99ebb5fa30c7285d42b08929913814dd238f6403d61fccadee50390eab957"[\r][\n]"
08:15:40.827 [main] DEBUG org.apache.hc.client5.http.wire - http-outgoing-0 << "Strict-Transport-Security: max-age=31536000[\r][\n]"
08:15:40.827 [main] DEBUG org.apache.hc.client5.http.wire - http-outgoing-0 << "X-Content-Type-Options: nosniff[\r][\n]"
08:15:40.827 [main] DEBUG org.apache.hc.client5.http.wire - http-outgoing-0 << "X-Frame-Options: deny[\r][\n]"
08:15:40.827 [main] DEBUG org.apache.hc.client5.http.wire - http-outgoing-0 << "X-XSS-Protection: 1; mode=block[\r][\n]"
08:15:40.827 [main] DEBUG org.apache.hc.client5.http.wire - http-outgoing-0 << "X-GitHub-Request-Id: ADC8:C8321:F9E48:13930E:651E6E7C[\r][\n]"
08:15:40.827 [main] DEBUG org.apache.hc.client5.http.wire - http-outgoing-0 << "Content-Encoding: gzip[\r][\n]"
08:15:40.827 [main] DEBUG org.apache.hc.client5.http.wire - http-outgoing-0 << "Accept-Ranges: bytes[\r][\n]"
08:15:40.827 [main] DEBUG org.apache.hc.client5.http.wire - http-outgoing-0 << "Date: Fri, 06 Oct 2023 01:15:42 GMT[\r][\n]"
08:15:40.827 [main] DEBUG org.apache.hc.client5.http.wire - http-outgoing-0 << "Via: 1.1 varnish[\r][\n]"
08:15:40.827 [main] DEBUG org.apache.hc.client5.http.wire - http-outgoing-0 << "X-Served-By: cache-qpg1242-QPG[\r][\n]"
08:15:40.827 [main] DEBUG org.apache.hc.client5.http.wire - http-outgoing-0 << "X-Cache: HIT[\r][\n]"
08:15:40.827 [main] DEBUG org.apache.hc.client5.http.wire - http-outgoing-0 << "X-Cache-Hits: 1[\r][\n]"
08:15:40.827 [main] DEBUG org.apache.hc.client5.http.wire - http-outgoing-0 << "X-Timer: S1696554943.658374,VS0,VE310[\r][\n]"
08:15:40.827 [main] DEBUG org.apache.hc.client5.http.wire - http-outgoing-0 << "Vary: Authorization,Accept-Encoding,Origin[\r][\n]"
08:15:40.827 [main] DEBUG org.apache.hc.client5.http.wire - http-outgoing-0 << "Access-Control-Allow-Origin: *[\r][\n]"
08:15:40.827 [main] DEBUG org.apache.hc.client5.http.wire - http-outgoing-0 << "Cross-Origin-Resource-Policy: cross-origin[\r][\n]"
08:15:40.827 [main] DEBUG org.apache.hc.client5.http.wire - http-outgoing-0 << "X-Fastly-Request-ID: e7b4c2946c4fb918939f593a85cedd4acba4bd9d[\r][\n]"
08:15:40.827 [main] DEBUG org.apache.hc.client5.http.wire - http-outgoing-0 << "Expires: Fri, 06 Oct 2023 01:20:42 GMT[\r][\n]"
08:15:40.827 [main] DEBUG org.apache.hc.client5.http.wire - http-outgoing-0 << "Source-Age: 0[\r][\n]"
08:15:40.827 [main] DEBUG org.apache.hc.client5.http.wire - http-outgoing-0 << "[\r][\n]"
08:15:40.827 [main] DEBUG org.apache.hc.client5.http.headers - http-outgoing-0 << HTTP/1.1 200 OK
08:15:40.827 [main] DEBUG org.apache.hc.client5.http.headers - http-outgoing-0 << Connection: keep-alive
08:15:40.827 [main] DEBUG org.apache.hc.client5.http.headers - http-outgoing-0 << Content-Length: 1625
08:15:40.827 [main] DEBUG org.apache.hc.client5.http.headers - http-outgoing-0 << Cache-Control: max-age=300
08:15:40.827 [main] DEBUG org.apache.hc.client5.http.headers - http-outgoing-0 << Content-Security-Policy: default-src 'none'; style-src 'unsafe-inline'; sandbox
08:15:40.827 [main] DEBUG org.apache.hc.client5.http.headers - http-outgoing-0 << Content-Type: text/plain; charset=utf-8
08:15:40.827 [main] DEBUG org.apache.hc.client5.http.headers - http-outgoing-0 << ETag: W/"51a99ebb5fa30c7285d42b08929913814dd238f6403d61fccadee50390eab957"
08:15:40.827 [main] DEBUG org.apache.hc.client5.http.headers - http-outgoing-0 << Strict-Transport-Security: max-age=31536000
08:15:40.827 [main] DEBUG org.apache.hc.client5.http.headers - http-outgoing-0 << X-Content-Type-Options: nosniff
08:15:40.827 [main] DEBUG org.apache.hc.client5.http.headers - http-outgoing-0 << X-Frame-Options: deny
08:15:40.827 [main] DEBUG org.apache.hc.client5.http.headers - http-outgoing-0 << X-XSS-Protection: 1; mode=block
08:15:40.827 [main] DEBUG org.apache.hc.client5.http.headers - http-outgoing-0 << X-GitHub-Request-Id: ADC8:C8321:F9E48:13930E:651E6E7C
08:15:40.827 [main] DEBUG org.apache.hc.client5.http.headers - http-outgoing-0 << Content-Encoding: gzip
08:15:40.827 [main] DEBUG org.apache.hc.client5.http.headers - http-outgoing-0 << Accept-Ranges: bytes
08:15:40.827 [main] DEBUG org.apache.hc.client5.http.headers - http-outgoing-0 << Date: Fri, 06 Oct 2023 01:15:42 GMT
08:15:40.827 [main] DEBUG org.apache.hc.client5.http.headers - http-outgoing-0 << Via: 1.1 varnish
08:15:40.827 [main] DEBUG org.apache.hc.client5.http.headers - http-outgoing-0 << X-Served-By: cache-qpg1242-QPG
08:15:40.827 [main] DEBUG org.apache.hc.client5.http.headers - http-outgoing-0 << X-Cache: HIT
08:15:40.827 [main] DEBUG org.apache.hc.client5.http.headers - http-outgoing-0 << X-Cache-Hits: 1
08:15:40.827 [main] DEBUG org.apache.hc.client5.http.headers - http-outgoing-0 << X-Timer: S1696554943.658374,VS0,VE310
08:15:40.827 [main] DEBUG org.apache.hc.client5.http.headers - http-outgoing-0 << Vary: Authorization,Accept-Encoding,Origin
08:15:40.827 [main] DEBUG org.apache.hc.client5.http.headers - http-outgoing-0 << Access-Control-Allow-Origin: *
08:15:40.827 [main] DEBUG org.apache.hc.client5.http.headers - http-outgoing-0 << Cross-Origin-Resource-Policy: cross-origin
08:15:40.827 [main] DEBUG org.apache.hc.client5.http.headers - http-outgoing-0 << X-Fastly-Request-ID: e7b4c2946c4fb918939f593a85cedd4acba4bd9d
08:15:40.827 [main] DEBUG org.apache.hc.client5.http.headers - http-outgoing-0 << Expires: Fri, 06 Oct 2023 01:20:42 GMT
08:15:40.843 [main] DEBUG org.apache.hc.client5.http.headers - http-outgoing-0 << Source-Age: 0
08:15:40.843 [main] DEBUG org.apache.hc.client5.http.impl.classic.MainClientExec - ex-00000003: connection can be kept alive for 3 MINUTES
08:15:40.843 [main] DEBUG org.apache.hc.client5.http.wire - http-outgoing-0 << "[0x1f][0xffffff8b][0x8][0x0][0x0][0x0][0x0][0x0][0x0][0x3][0xffffff8d][0xffffff97]Ko#7[0xc][0xffffffc7][0xffffffef][0xfffffff9][0x14][0x3][0xfffffff4][0x1c]YO[0xffffff8a][\n]"
08:15:40.843 [main] DEBUG org.apache.hc.client5.http.wire - http-outgoing-0 << "[0xffffffa0]K[0xffffff9f][0xffffffa7][0xffffffa2][0xffffff87][0xfffffff6][0xb]x[0xffffffed]Ib[0xffffffac][0xffffffe3][0x9]lg[0xffffffb3][0xffffffe8][0xffffffa7]/[0xfffffff5][0xffffffa0]F[0xffffff96][[0xffffffa0][0xffffff87]`[0xffffff97]?k$[0xffffff92][0xffffffe2]p[0xfffffffe][0xfffffffc]a[0xfffffffa][0xffffffeb][0xfffffff5]p[0xffffff99][0xffffff9e][0xf][0xffffffc7]y[0xffffffda]-[0xffffffa7][0xffffffeb][0xfffffff6]p[0xffffffba]L[0xffffffd7][0xffffffd7]y[0xfffffffa]zZ>O[0xffffffd3][0xfffffffe]|[0xfffffff8]6[0xffffff9f]'[0xfffffffa][0xffffffbb][0x1c][0x16][0xfffffffa]e[0xffffffb7][0xffffffbc][0xffffffbd]o[0xffffffaf][0xffffff87]/[0xffffffb4][0xfffffffa][0xfffffff3]p}[0xffffffcd]+w[0xffffffcb][0xfffffff9]<_[0xffffffde][0xffffff97][0xffffffd3][0xfffffffe]pz[0xffffff99][0xffffffbe][0xffffff9c][0xffffff97][0xffffffcf][0xffffffcb][0xfffffffa][0xffffffc8][0xffffffc3][0xffffffc3][0xf][0xffffffd3][0xffffff8f][0x5]=M[0xffffffbf]-[0xffffffcb][0xb]=[0xfffffff9][0xffffffd3][0xffffffeb]yy[0xffffff9b][0xffffffa7][0xffffffed]i_[0xfffffffe]{[0xfffffff8]x[0xffffff9b][0x1e][0xffffffa7][0xffffff9f][0xfffffff3]QO[0xffffffd3].[0xffffffff]Z[0xe][0xffffffa6][0xffffff87][0xffffffff]\>[0xffffffce][0xffffffbb][0xfffffff9]iz[0xffffffbd]^[0xffffffdf][0xffffff9f]6[0xffffff9b][0xfffffffe]W[0xffffffb1][0xffffffab]O[0xffffff8b][0xffffffe5][0xfffffffc][0xffffffb2][0xffffffd9][0xffffff93][0xffffffbf][0xffffffc7]e[0xffffffbb][0xffffffbf]<[0xffffff94]5J[0xffffffd9]H[0x7f]B[\n]"
08:15:40.843 [main] DEBUG org.apache.hc.client5.http.wire - http-outgoing-0 << "[0xffffffe7][0xffffff8d][0x13]A6n[0xffffff88][0xffffff9b][0xffffffc4][0xffffffc1]k[0x1][0xffffffa6]qM\g[0xffffffae][0xffffff9c][0xffffffb0][0xffffffa1]qE\%[0xffffffee][0xffffffc0][0x8][0xffffffb0][0xffffff8d]K[0xffffffe2]2q[0xffffff8b]Jx[0xffffffcf]\[0xffffff86]H[0x7f][0xffffff99][0xffffffd3][0xfffffff1][0xffffffbe][0xffffffad][0xffffff97]H[0x1c][0x13]7.[0x8][0xffffffaf][0x1a][0xfffffff7][0xffffffc4]}[0xffffffe6][0xffffffd2][\n]"
08:15:40.843 [main] DEBUG org.apache.hc.client5.http.wire - http-outgoing-0 << "[0xffffffd0][0xffffff8d][0x3]qH\[0xffffffdb] `][0xffffffef][0xffffff88][0xffffffbb][0xffffffc4]Up[0xfffffff4]c[0xffffffe3][0x14][0xffffffaf][0xffffffcc][0xfffffff1][0xffffffa6]0|[0xfffffff3]_R[0xffffffbc]2[0xffffffc7]+A[\n]"
08:15:40.843 [main] DEBUG org.apache.hc.client5.http.wire - http-outgoing-0 << "eV[0xffffff87](`[0xffffff99][0x3][0xffffff96][0xffffffb4]_w[0x0][0x5],S[0xffffffc0]68%[0xffffffec][0xffffffca])`[0xffffff99][0x2][0xffffffb6][0x18]@[0x0]'4[0xffffff84][0x18]B[0xffffffa6][0xffffffd6][0xffffffd2][0xffffffd9]L1[0xffffff86][0x14][0xffffffac][0xfffffff5][0xe][0x5][0x1d][0xffffffc3][0xffffffd8][0xffffffc7][0xffffff90]b[0xffffffb5][0x10][0xfffffff4][0xffffff9a][0xffffff83][0x0]1@[0xffffffa6]`[0xffffff85]uL][0xc].S[0xffffff83][0x2]8[0xffffff9e]`c[0xffffffb0][0xffffff99]Rr[0xffffffe8]"[0x19][0xffffff9b][0x18]R[0xffffff90][0xffffffd6]y[0xffffffbf]^j[0xffffffd0]1[0xffffffe8]L[0xffffffe9]J)[0xffffffcb][0xffffff8c]U[0xc]9@K[0x15]@[0xffffffb1]2[0xffffff96]1[0xffffffe4][0xfffffff8][0xffffffac][0xffffff91]Bs[0xffffff9e]0D[0xffffffcc][0xfffffff1][0x19][0xfffffffa]G[0xfffffff3][0xffffffce][0xffffff88][0x11]s|F[[0x11][0xffffff80][0xffffffa9][0xffffff8f][0xffffff98][0xffffffc3][0xffffffd3]([0x5]"S[0xffffff88][0xffffff98][0xffffffc3][0xffffffd3][0xffffff96][0xfffffff6][0xffffffe5]T[0xffffffa0][0xffffff8b][0xffffff98][0xffffffc3]Sh[0x4][0xffffffb2]kh#[0xffffffe6][0xfffffff0][0xffffff94][0xfffffff5][0xffffffc2]p[0xffffff8e][0xffffffd1]D[0xffffffcc][0xffffffd1][0xffffffa5][0xffffff9b]4[0xffffff9c][\n]"
08:15:40.843 [main] DEBUG org.apache.hc.client5.http.wire - http-outgoing-0 << "T[0x11]s[0x18][0xffffff92]2[0xffffffaf]L;NFLa[0xffffff98]@[0xffffffbe]P[0x9]U[0xffffffec]C[0xfffffff4]!c[0xffffffeb][0xffffff84]i[0x14][0xffffffa3][0xffffffc7]L[0xffffffa9]v[0xffffffa8][0xffffffae][0x18][0xfffffffb][0xffffffe8]S [0x6][0xffffff81][0xffffffde][0x5]v[0xffffffc3]C[0xfffffff4][0xffffff90])[0x15][0xffffffb8][0xffffffd2]m[0xf][0x17]}[0xffffff8a][0xffffffc4]xO[0x5][0xffffffb6][0xffffffae][0xffffffb6][0xffffffd1][0xffffffdb][0xffffff8c]5[0xffffffd5]/C[0x13]}[0xffffff8a][0xffffffc4][0x0][0x5][0x4][0xffffffec][0xffffffb2][0xffffffd7]Q[0xffffffd3][0xffffff8d][0xffffffb2][0xffffffa5]n,[0xffffff99],v[0xc]B[0xffffffb2][0xfffffff8]n[0x0][0xffffff93][0xffffffc5][0x19][0x5][0xffffff9f],[0xffffffbe]M[0xffffff80]d[0xffffffb1]3[0xffffffe0][0xffffffc8]j)[0x2][0xffffff9b],[0xffffffce]9[0xffffff98]d[0xfffffff1]y[0xffffff90]|1[0xffffffed][0xffffffbc][0xffffffe4]K{g [0xfffffff9]b[0xffffffcc]MW[0xfffffffb]}[0xfffffff9][0xfffffffb]p<n[0xffffffa7]_[0xf][0xffffffe7][0xfffffff9]y[0xfffffff9][0xffffffde][0xffffffb5][0xffffffb2][0xffffff97]y[0xfffffff7]u[0xfffffff9][0xffffffd7]Nv[0xffffffa1]V[0xfffffff6]B[\r][0xfffffff4][0xffffffe3][0xffffff8b][0xffffffa0][0xffffff96][0xffffffba]y+[l[0xffffffba][0x7]6[0xffffffe7][0xfffffff9]8o/[0xfffffff3][0xffffffe5][0xffffffe1][0xffffffb9][0xffffffec][0xffffffab][0x14]FJ[0x1b][0xffffffe5]n%[0xfffffffe][0xffffff8e][0xffffffc0][0x1d]qw[0xffffffc4][0xffffffde][0x11]sG[0xfffffff4][0x1d]QwD&[0xffffffa2][0xffffff85]n[0xffffff84]:_&[0xffffffeb][0x1a][0xffffff89]w[0xffffffc4][0xffffffdf][0x11][0xffffffb8]#[0xffffffee][0xffffff8e]d[0xffffff9f]UO[0xffffffcc][0x1d][0xffffffd1]wD[0xffffffdd][0x11]9[0xffffff90][0x10]F[0xffffff80]#[0xfffffff0]#[0xffffff80][0x11][0xffffffb8][0x11][0xffffff8c][0xffffffde][0xffffff86][0xffffffd1][0xffffffd9]0[0xfffffffa][0x1a]FWC[0xfffffff2][0xffffff94][0xffffffde][0xffffff9b][0xe][0xffffff88][0xffffffe3][0xffffffe1][0xfffffff4][0xfffffff1][0xffffffbd]`[0xffffffc5][0x18][0xffffffc3][0xffffffb0][0xe]q[0x4]~[0x4]0[0x2]7[0x2];[0xffffff82][0x14][0xffffff80][0xffffffc6][0xe][0xffffffe8][0x11][0xffffffa4][0x0][0xffffffb4][0xffffffef][0xffffff80][0x1c][0xffffff80][0xf]#[0xffffffc8][0xffffff9e]B[0x7][0xfffffffc][0x8]`[0x4]n[0x4]v[0x4]f[0x4]z[0x4]j[0x4]r[0x0][0x10]F[0xffffff90]=u[0x1d][0xffffffc8][0xffffff9e][0xffffffda][0xe][0xffffffc0][0x8][0xffffffdc][0x8][0xffffffb2][0xffffffa7][0xffffffdd][0xb][0x4]f[0x4][0xffffffd9][0xffffffd3][0xffffffae][0xffffffec]!{[0xffffffda][0x15][0x5][0xffffffc8][0x1][0xffffffb8]0[0x2][0x1c][0xffffff81][0x1f]A[0xfffffff6]Tv[0xffffffc0]1[0xffffffe8][0xffffffbb][0xffffffda][0x1f][0xffffffef][0xfffffff3]y[0xffffffdb][0xfffffff5][0xffffffb2]%[0xffffffd9][0xffffffff][0xffffffa7][0xffffff97][0xffffffe5][0xffffff85][0xffffff97][0xffffffe5][0xfffffff9][0xfffffffa][0xffffffb9]=[0xffffffcf][0xffffffc5]b[0xffffff9d]6v[0xffffffb6][0xfffffffc]c[0xffffffd6]'*[0xffffffeb][0xffffff9f]@[0xffffffdf]ye4[0xfffffff3][0xffffffa4][0xffffffc7][0xffffffb2][0xfffffffe]A[0xfffffffa]`[0x5][0xffffffcf]8[0xffffffc9][0xffffffb1],[0x7f]<[0xffffffbd][0x12][0xffffff8a]4D[0xffffffe5][0xffffffb2][0xffffff97]{[0xffffffd4][0xffffff9d][\n]"
08:15:40.843 [main] DEBUG org.apache.hc.client5.http.wire - http-outgoing-0 << "[0xffffffa7][0x17][0xffffffbc]S{J[0xffffffd7]m[0xffffffe8]5[0xffffffef][0xffffffc4][0x1e]2[0xfffffff5]7R[0xffffffcf]U[\n]"
08:15:40.843 [main] DEBUG org.apache.hc.client5.http.wire - http-outgoing-0 << "[0xffffffbd][0xffffffd0][0xffffffa3][0xffffff83]*v[0xffffffbd][0xffffffce]S[0xffffff9a][0xffffffb1][0xffffffed]e^[0x8][0xffffff95][0xffffff9a]^[0xffffffe4][0xffffff91]2(T[0xfffffff7][0x12]O)^[0xffffffac]z[0xffffff85][0xffffff97][0xffffffc4]S[0xffffffc1][0xffffffb2][0x17]xX[0x3][0xffffffc7][0xffffffd0][0xffffffcb];[0xffffff80]Jq[0xffffffd0]v[0xffffff85][0xfffffffa]^[0xffffffd9][0xffffff91][0xffffff94]-[0x14]z][0xffffffd7]RD][0xffffffe1]F[0xffffffd7][0x15]h;Y[0xffffff87][0xffffffd5]1[0xffffffea][0xe]7[0xffffffa2][0xffffffae]@}[0xffffffab][0xffffffe9][\n]"
08:15:40.843 [main] DEBUG org.apache.hc.client5.http.wire - http-outgoing-0 << "T[0xffffff9d][0xffffffa4]s|[0xffffffbe][0xffffffec][0x14][0x1d][0xffffffbb]J[0xffffffdd][0xffffffe2]F[0xffffffcf][0x15][0xffffff88][0xffffff83][0xffffff9c]+[0xffffffd4]wj[0xffffffce]3[0xffffff84]N[0xffffffcb]a=[0xffffff9e][0xffffffda][0xffffffc7]*[0xffffffe5][0xffffffd8]{j![0xffffffab][0xffffff92][0xffffffa3][0x4]Wj:%[0x7][0xffffffbc][0xffffffa9][0xffffffee][0xffffff84][0x1c][0xffffffd6][0xb][0xffffffa7]~[0xffffffb2][0xffffffea][0xffffffb8]vY[0xffffffd4]TV[0x1d][0xffffff87][0xfffffff5]b[0xffffffa9][0xffffffb1][0xffffffac]2[0xffffff8e]+[0xffffff9a][0xffffff9a]K[0xffffffa7][0xffffffe2]T[\r][0xffffff95]:L/[0xffffffe2][0xffffffea]Y[0xffffffd4]fV[\r][0xffffffe7]yW[0xffffffd7]I8.ej7[0xffffffab][0xffffff80]k[0xffffffc5]I=[0xffffffa7][0x13]p[0xfffffffc][0xffffffaa]Q[0xffffffe3][0xffffffe9][0xfffffff4][;[0xffffffab][0xffffffea][0xffffffae]l[0xffffffb8][0xffffffd0][0x1b]Uu[0x15][0xffffffa3][0xffffff8a][0xffffffae]bT[0xffffffcd]U[0xffffff8c]*[0xffffffb9][0xffffff8a]Q[0x15]W1[0xffffffaa][0xffffffe0]*F[0xffffffd5][[0xffffffc5]PE`[0x15]Cv[0xffffff86]M[0x1e][0xffffffb0][0xffffffc7]6y`[0xffffffea]96y[0xffffffa0]k2,[0x14][0xffffffe3]F[0xffffffa1][0x1d]v[0xffffffe7]%[0xffffffb5][0xffffffa4][0xffffffe9][0xffffff97][0xfffffffd][0xffffffcb][0xffffffdc]5[0xffffffb5][0xffffffb7][0xffffffcb]L[0xffffffe0]?[0xffffffbb][0xffffffda]~[0xfffffffe]6[0x1f][0xffffffd3][0xffffffae][0xffffffe2][0xffffff8d]w[0xffffffc8]-n>=~\6[0xffffff8d]=[0xffffffa6]M6[0xffffffd7]e9^6[0xffffff9f][0xfffffff3][0xffffff97][0xffffffda][0xffffffe5][0x1e][0x12]][0xffffff87]P[0xffffff85][0xffffffd4][0xffffffea][0x15]V[0xffffffca]#[0xffffffa8][0xfffffff2][0xffffffa4][0xffffff90])[0xffffff93][0xffffff85][0xfffffff2][0x0][0xffffffaa][0xffffffbc][0xffffffce][0xffffff85]\([0xffffff8f][0xffffff9f][\n]"
08:15:40.843 [main] DEBUG org.apache.hc.client5.http.wire - http-outgoing-0 << "@[0xffffffa5][0xfffffff1][0xffffffb0]P[0x1e]>[0xffffff95][0xffffffa3][0xfffffffa][0xffffffa0][0xffffffec]e[0xffffffda]FO[0xffffffe5][0x14][\n]"
08:15:40.843 [main] DEBUG org.apache.hc.client5.http.wire - http-outgoing-0 << "_Ok[0xffffff83][0xffffffa7][0xffffffb2]@[0xfffffffb]B[0xffffffa5]<v[0xffffff92]`O[0x1f][0xffffffe5][0x2]y[0xffffffe6]T[0xffffffc6][0xffffffa7]O`[0xffffffa5]<q[0xffffffd2][0xfffffff0]h[0xffffffa8][0xffffff83]U[0xffffffca][0xfffffff3][0xffffffa6][0xffffffd2][0xfffffff4][0xffffffa6]z[0xffffffde][0xffffff81][0xffffffa7]M[0x1a][0xf]l[0xb][0xffffffa2][0xffffff8d][0xffffff9a]JS[0xffffffe1][0xffffff92]|/"
08:15:40.843 [main] DEBUG org.apache.hc.client5.http.wire - http-outgoing-0 << "[0xffffff94][0x7]M[0xffffffa5][0xffffff95]\[0xfffffff7][0xffffffe5]1[0xffffff93][0x14][0xffffffaf]K[0xffffffc3]N[0xffffffa2]<dR[0xffffffeb]O[0xffffff8d][0xffffffa2][0xffffffb0]:b[0xffffffaa][0x14]]M[0xc][0xffffffcf][0xffffff97][0x14][0xffffff9a]n[0xffffffac]N[0xffffff97][0x14][0xffffff83]m[0xffffffac][0xffffffce][0xffffff96][0xffffffe4]U;[0xffffff99]'[0xffffffcb]@=[0xffffffc6][0xffffffa8][0xffffff82][0xffffffea]T[0x19]([0xfffffff5][0xffffffa6][0xffffffae][0xffffffaa]#e[0xffffff90][0xffffffeb][0x1]u[0xffffff9c][0xffffffc4][0xffffffd4][0xffffffe9][0xffffffea][0xffffff83]u[0xffffff94]D[\n]"
08:15:40.843 [main] DEBUG org.apache.hc.client5.http.wire - http-outgoing-0 << "[0xffffffac][0x10][0x1e]#[0xffffffd3][0xffffff8d][0xffffff97][0xffffff8b][0xffffffe1][0x11][0xffffffd2]Sn[0xffffffeb]c<?[0x2][0xffffff84]z%<;[0x2][0xffffff95][0x4][0xffffff94]\[0xfffffff0][0xffffffe0][0xffffffe8]R[0xffffff82][0xffffffeb][0xffffffaa]:5[0xffffffba][0xffffffac]82[0xffffffe1][0xffffff89][0xffffff91]Z[0xffffff83][0xffffffab][0xffffffe7]Q[0xfffffff7]*[0xffffffdd]3[0xffffffb0]O<@[0xffffffd2]w[0xffffffb6]^U[0x1b][0x1e])b[0xffffffaa][0xffffffbb][0xffffffcc][0xffffffda][0xffffffe4][0xffffff98]j[0xffffffb6][0xffffff90]:5j[0xffffffcf][0xffffffa5][0xffffffc3][0x3][0xffffffa3]6[0xffffff8d][0xffffffd4]a1[0xffffffb5][0xffffffc5]J[0xffffffea][0xffffff9c][0xffffffa8][0xc][\r][0xffffffd2][0x5]Y[0x1b][0xffffffdf][0xffffffcf][0xfffffff3][0xffffffe3][0xffffffe1]t[0xffffffb9]n[0xffffff8f][0xffffffc7]y_[0xffffffa0][0xffffff8e][0xffffff90][0xffffffbe][0xffffffec][0xffffffa6][0xffffffd4][0xffffff89]U[0xffffff91]Z[0x18][0xffffffe8]P[0xffffffc2][0xffffffb7]2R[0xffffff9f][0xffffffa4][0xffffffaf]][0xffffffb9][0xf][0xffffff83][0xffffff91]^,kB1uj:t[0xffffffd3]XjDS1[0xffffffa5]K[0xffffffa6][0xffffff9e][0xfffffff4][0xf][0x3][0x1][0xffffffec][0xffffffa6][0xffffffeb][0x12][0x0][0x0]"
08:15:40.843 [main] DEBUG org.apache.hc.client5.http.impl.classic.InternalHttpClient - ep-00000002: releasing valid endpoint
08:15:40.843 [main] DEBUG org.apache.hc.client5.http.impl.io.PoolingHttpClientConnectionManager - ep-00000002: releasing endpoint
08:15:40.843 [main] DEBUG org.apache.hc.client5.http.impl.io.PoolingHttpClientConnectionManager - ep-00000002: connection http-outgoing-0 can be kept alive for 3 MINUTES
08:15:40.843 [main] DEBUG org.apache.hc.client5.http.impl.io.PoolingHttpClientConnectionManager - ep-00000002: connection released [route: {s}->https://raw.githubusercontent.com:443][total available: 1; route allocated: 1 of 5; total allocated: 2 of 25]
08:15:40.843 [main] DEBUG io.github.bonigarcia.wdm.versions.VersionDetector - Driver for chrome117 not found in online properties (using local versions.properties)
08:15:40.843 [main] DEBUG io.github.bonigarcia.wdm.WebDriverManager - The driver version for CHROME 117 is unknown ... trying with latest
08:15:40.843 [main] DEBUG org.apache.hc.client5.http.impl.classic.InternalHttpClient - ex-00000004: preparing request execution
08:15:40.843 [main] DEBUG org.apache.hc.client5.http.protocol.RequestAddCookies - Cookie spec selected: strict
08:15:40.843 [main] DEBUG org.apache.hc.client5.http.protocol.RequestAuthCache - Auth cache not set in the context
08:15:40.843 [main] DEBUG org.apache.hc.client5.http.impl.classic.ProtocolExec - ex-00000004: target auth state: UNCHALLENGED
08:15:40.843 [main] DEBUG org.apache.hc.client5.http.impl.classic.ProtocolExec - ex-00000004: proxy auth state: UNCHALLENGED
08:15:40.843 [main] DEBUG org.apache.hc.client5.http.impl.classic.ConnectExec - ex-00000004: acquiring connection with route {s}->https://chromedriver.storage.googleapis.com:443
08:15:40.843 [main] DEBUG org.apache.hc.client5.http.impl.classic.InternalHttpClient - ex-00000004: acquiring endpoint (3 MINUTES)
08:15:40.843 [main] DEBUG org.apache.hc.client5.http.impl.io.PoolingHttpClientConnectionManager - ex-00000004: endpoint lease request (3 MINUTES) [route: {s}->https://chromedriver.storage.googleapis.com:443][total available: 1; route allocated: 1 of 5; total allocated: 2 of 25]
08:15:40.843 [main] DEBUG org.apache.hc.client5.http.impl.io.PoolingHttpClientConnectionManager - ex-00000004: endpoint leased [route: {s}->https://chromedriver.storage.googleapis.com:443][total available: 1; route allocated: 2 of 5; total allocated: 3 of 25]
08:15:40.843 [main] DEBUG org.apache.hc.client5.http.impl.io.PoolingHttpClientConnectionManager - ex-00000004: acquired ep-00000003
08:15:40.843 [main] DEBUG org.apache.hc.client5.http.impl.classic.InternalHttpClient - ex-00000004: acquired endpoint ep-00000003
08:15:40.843 [main] DEBUG org.apache.hc.client5.http.impl.classic.ConnectExec - ex-00000004: opening connection {s}->https://chromedriver.storage.googleapis.com:443
08:15:40.843 [main] DEBUG org.apache.hc.client5.http.impl.classic.InternalHttpClient - ep-00000003: connecting endpoint (30 SECONDS)
08:15:40.843 [main] DEBUG org.apache.hc.client5.http.impl.io.PoolingHttpClientConnectionManager - ep-00000003: connecting endpoint to https://chromedriver.storage.googleapis.com:443 (30 SECONDS)
08:15:40.843 [main] DEBUG org.apache.hc.client5.http.impl.io.DefaultHttpClientConnectionOperator - http-outgoing-2: connecting to chromedriver.storage.googleapis.com/34.101.5.27:443
08:15:40.843 [main] DEBUG org.apache.hc.client5.http.ssl.SSLConnectionSocketFactory - Connecting socket to chromedriver.storage.googleapis.com/34.101.5.27:443 with timeout 30 SECONDS
08:15:40.874 [main] DEBUG org.apache.hc.client5.http.ssl.SSLConnectionSocketFactory - Enabled protocols: [TLSv1.3, TLSv1.2]
08:15:40.874 [main] DEBUG org.apache.hc.client5.http.ssl.SSLConnectionSocketFactory - Enabled cipher suites: [TLS_AES_256_GCM_SHA384, TLS_AES_128_GCM_SHA256, TLS_CHACHA20_POLY1305_SHA256, TLS_ECDHE_ECDSA_WITH_AES_256_GCM_SHA384, TLS_ECDHE_ECDSA_WITH_AES_128_GCM_SHA256, TLS_ECDHE_ECDSA_WITH_CHACHA20_POLY1305_SHA256, TLS_ECDHE_RSA_WITH_AES_256_GCM_SHA384, TLS_ECDHE_RSA_WITH_CHACHA20_POLY1305_SHA256, TLS_ECDHE_RSA_WITH_AES_128_GCM_SHA256, TLS_DHE_RSA_WITH_AES_256_GCM_SHA384, TLS_DHE_RSA_WITH_CHACHA20_POLY1305_SHA256, TLS_DHE_DSS_WITH_AES_256_GCM_SHA384, TLS_DHE_RSA_WITH_AES_128_GCM_SHA256, TLS_DHE_DSS_WITH_AES_128_GCM_SHA256, TLS_ECDHE_ECDSA_WITH_AES_256_CBC_SHA384, TLS_ECDHE_RSA_WITH_AES_256_CBC_SHA384, TLS_ECDHE_ECDSA_WITH_AES_128_CBC_SHA256, TLS_ECDHE_RSA_WITH_AES_128_CBC_SHA256, TLS_DHE_RSA_WITH_AES_256_CBC_SHA256, TLS_DHE_DSS_WITH_AES_256_CBC_SHA256, TLS_DHE_RSA_WITH_AES_128_CBC_SHA256, TLS_DHE_DSS_WITH_AES_128_CBC_SHA256, TLS_ECDH_ECDSA_WITH_AES_256_GCM_SHA384, TLS_ECDH_RSA_WITH_AES_256_GCM_SHA384, TLS_ECDH_ECDSA_WITH_AES_128_GCM_SHA256, TLS_ECDH_RSA_WITH_AES_128_GCM_SHA256, TLS_ECDH_ECDSA_WITH_AES_256_CBC_SHA384, TLS_ECDH_RSA_WITH_AES_256_CBC_SHA384, TLS_ECDH_ECDSA_WITH_AES_128_CBC_SHA256, TLS_ECDH_RSA_WITH_AES_128_CBC_SHA256, TLS_ECDHE_ECDSA_WITH_AES_256_CBC_SHA, TLS_ECDHE_RSA_WITH_AES_256_CBC_SHA, TLS_ECDHE_ECDSA_WITH_AES_128_CBC_SHA, TLS_ECDHE_RSA_WITH_AES_128_CBC_SHA, TLS_DHE_RSA_WITH_AES_256_CBC_SHA, TLS_DHE_DSS_WITH_AES_256_CBC_SHA, TLS_DHE_RSA_WITH_AES_128_CBC_SHA, TLS_DHE_DSS_WITH_AES_128_CBC_SHA, TLS_ECDH_ECDSA_WITH_AES_256_CBC_SHA, TLS_ECDH_RSA_WITH_AES_256_CBC_SHA, TLS_ECDH_ECDSA_WITH_AES_128_CBC_SHA, TLS_ECDH_RSA_WITH_AES_128_CBC_SHA, TLS_RSA_WITH_AES_256_GCM_SHA384, TLS_RSA_WITH_AES_128_GCM_SHA256, TLS_RSA_WITH_AES_256_CBC_SHA256, TLS_RSA_WITH_AES_128_CBC_SHA256, TLS_RSA_WITH_AES_256_CBC_SHA, TLS_RSA_WITH_AES_128_CBC_SHA, TLS_EMPTY_RENEGOTIATION_INFO_SCSV]
08:15:40.875 [main] DEBUG org.apache.hc.client5.http.ssl.SSLConnectionSocketFactory - Starting handshake
08:15:40.921 [main] DEBUG org.apache.hc.client5.http.ssl.SSLConnectionSocketFactory - Secure session established
08:15:40.921 [main] DEBUG org.apache.hc.client5.http.ssl.SSLConnectionSocketFactory -  negotiated protocol: TLSv1.3
08:15:40.921 [main] DEBUG org.apache.hc.client5.http.ssl.SSLConnectionSocketFactory -  negotiated cipher suite: TLS_AES_256_GCM_SHA384
08:15:40.921 [main] DEBUG org.apache.hc.client5.http.ssl.SSLConnectionSocketFactory -  peer principal: CN=*.storage.googleapis.com
08:15:40.921 [main] DEBUG org.apache.hc.client5.http.ssl.SSLConnectionSocketFactory -  peer alternative names: [*.storage.googleapis.com, *.googleapis.com, commondatastorage.googleapis.com, *.commondatastorage.googleapis.com, storage.googleapis.com, storage-p2.googleapis.com, *.storage-p2.googleapis.com, storage.mtls.googleapis.com, *.appspot.com.storage.googleapis.com, *.content-storage.googleapis.com, *.content-storage-p2.googleapis.com, *.content-storage-upload.googleapis.com, *.content-storage-download.googleapis.com, *.storage-upload.googleapis.com, *.storage-download.googleapis.com]
08:15:40.921 [main] DEBUG org.apache.hc.client5.http.ssl.SSLConnectionSocketFactory -  issuer principal: CN=GTS CA 1C3, O=Google Trust Services LLC, C=US
08:15:40.921 [main] DEBUG org.apache.hc.client5.http.impl.io.DefaultHttpClientConnectionOperator - http-outgoing-2: connection established 192.168.100.42:63997<->34.101.5.27:443
08:15:40.921 [main] DEBUG org.apache.hc.client5.http.impl.io.PoolingHttpClientConnectionManager - ep-00000003: connected http-outgoing-2
08:15:40.921 [main] DEBUG org.apache.hc.client5.http.impl.classic.InternalHttpClient - ep-00000003: endpoint connected
08:15:40.921 [main] DEBUG org.apache.hc.client5.http.impl.classic.MainClientExec - ex-00000004: executing GET /LATEST_RELEASE HTTP/1.1
08:15:40.921 [main] DEBUG org.apache.hc.client5.http.impl.classic.InternalHttpClient - ep-00000003: start execution ex-00000004
08:15:40.921 [main] DEBUG org.apache.hc.client5.http.impl.io.PoolingHttpClientConnectionManager - ep-00000003: executing exchange ex-00000004 over http-outgoing-2
08:15:40.921 [main] DEBUG org.apache.hc.client5.http.headers - http-outgoing-2 >> GET /LATEST_RELEASE HTTP/1.1
08:15:40.921 [main] DEBUG org.apache.hc.client5.http.headers - http-outgoing-2 >> user-agent: Apache-HttpClient/5.0
08:15:40.921 [main] DEBUG org.apache.hc.client5.http.headers - http-outgoing-2 >> accept-encoding: gzip, deflate, br
08:15:40.921 [main] DEBUG org.apache.hc.client5.http.headers - http-outgoing-2 >> cache-control: max-age=0
08:15:40.921 [main] DEBUG org.apache.hc.client5.http.headers - http-outgoing-2 >> connection: keep-alive
08:15:40.921 [main] DEBUG org.apache.hc.client5.http.headers - http-outgoing-2 >> Host: chromedriver.storage.googleapis.com
08:15:40.921 [main] DEBUG org.apache.hc.client5.http.wire - http-outgoing-2 >> "GET /LATEST_RELEASE HTTP/1.1[\r][\n]"
08:15:40.921 [main] DEBUG org.apache.hc.client5.http.wire - http-outgoing-2 >> "user-agent: Apache-HttpClient/5.0[\r][\n]"
08:15:40.921 [main] DEBUG org.apache.hc.client5.http.wire - http-outgoing-2 >> "accept-encoding: gzip, deflate, br[\r][\n]"
08:15:40.921 [main] DEBUG org.apache.hc.client5.http.wire - http-outgoing-2 >> "cache-control: max-age=0[\r][\n]"
08:15:40.921 [main] DEBUG org.apache.hc.client5.http.wire - http-outgoing-2 >> "connection: keep-alive[\r][\n]"
08:15:40.921 [main] DEBUG org.apache.hc.client5.http.wire - http-outgoing-2 >> "Host: chromedriver.storage.googleapis.com[\r][\n]"
08:15:40.921 [main] DEBUG org.apache.hc.client5.http.wire - http-outgoing-2 >> "[\r][\n]"
08:15:40.961 [main] DEBUG org.apache.hc.client5.http.wire - http-outgoing-2 << "HTTP/1.1 200 OK[\r][\n]"
08:15:40.961 [main] DEBUG org.apache.hc.client5.http.wire - http-outgoing-2 << "X-GUploader-UploadID: ADPycdtlv5hyKNxkNAPoXZam3m80ckJ0H-Ebjpx_73hqg_-MuXohMxIalbpmUb0_5biLUD8lFSrTzvfL6YS-efZL0_eYGq5S2akq[\r][\n]"
08:15:40.961 [main] DEBUG org.apache.hc.client5.http.wire - http-outgoing-2 << "x-goog-generation: 1685523462105569[\r][\n]"
08:15:40.961 [main] DEBUG org.apache.hc.client5.http.wire - http-outgoing-2 << "x-goog-metageneration: 1[\r][\n]"
08:15:40.961 [main] DEBUG org.apache.hc.client5.http.wire - http-outgoing-2 << "x-goog-stored-content-encoding: identity[\r][\n]"
08:15:40.961 [main] DEBUG org.apache.hc.client5.http.wire - http-outgoing-2 << "x-goog-stored-content-length: 13[\r][\n]"
08:15:40.961 [main] DEBUG org.apache.hc.client5.http.wire - http-outgoing-2 << "x-goog-hash: crc32c=tVW4TA==[\r][\n]"
08:15:40.961 [main] DEBUG org.apache.hc.client5.http.wire - http-outgoing-2 << "x-goog-hash: md5=NoaEuIlBlniwTkiZ1T16sA==[\r][\n]"
08:15:40.961 [main] DEBUG org.apache.hc.client5.http.wire - http-outgoing-2 << "x-goog-storage-class: STANDARD[\r][\n]"
08:15:40.961 [main] DEBUG org.apache.hc.client5.http.wire - http-outgoing-2 << "Accept-Ranges: bytes[\r][\n]"
08:15:40.961 [main] DEBUG org.apache.hc.client5.http.wire - http-outgoing-2 << "Content-Length: 13[\r][\n]"
08:15:40.961 [main] DEBUG org.apache.hc.client5.http.wire - http-outgoing-2 << "Server: UploadServer[\r][\n]"
08:15:40.961 [main] DEBUG org.apache.hc.client5.http.wire - http-outgoing-2 << "Date: Fri, 06 Oct 2023 01:08:29 GMT[\r][\n]"
08:15:40.961 [main] DEBUG org.apache.hc.client5.http.wire - http-outgoing-2 << "Expires: Fri, 06 Oct 2023 02:08:29 GMT[\r][\n]"
08:15:40.961 [main] DEBUG org.apache.hc.client5.http.wire - http-outgoing-2 << "Cache-Control: public, max-age=3600[\r][\n]"
08:15:40.961 [main] DEBUG org.apache.hc.client5.http.wire - http-outgoing-2 << "Age: 434[\r][\n]"
08:15:40.961 [main] DEBUG org.apache.hc.client5.http.wire - http-outgoing-2 << "Last-Modified: Wed, 31 May 2023 08:57:42 GMT[\r][\n]"
08:15:40.961 [main] DEBUG org.apache.hc.client5.http.wire - http-outgoing-2 << "ETag: "368684b889419678b04e4899d53d7ab0"[\r][\n]"
08:15:40.961 [main] DEBUG org.apache.hc.client5.http.wire - http-outgoing-2 << "Content-Type: text/plain[\r][\n]"
08:15:40.961 [main] DEBUG org.apache.hc.client5.http.wire - http-outgoing-2 << "Alt-Svc: h3=":443"; ma=2592000,h3-29=":443"; ma=2592000[\r][\n]"
08:15:40.961 [main] DEBUG org.apache.hc.client5.http.wire - http-outgoing-2 << "[\r][\n]"
08:15:40.961 [main] DEBUG org.apache.hc.client5.http.wire - http-outgoing-2 << "114.0.5735.90"
08:15:40.961 [main] DEBUG org.apache.hc.client5.http.headers - http-outgoing-2 << HTTP/1.1 200 OK
08:15:40.961 [main] DEBUG org.apache.hc.client5.http.headers - http-outgoing-2 << X-GUploader-UploadID: ADPycdtlv5hyKNxkNAPoXZam3m80ckJ0H-Ebjpx_73hqg_-MuXohMxIalbpmUb0_5biLUD8lFSrTzvfL6YS-efZL0_eYGq5S2akq
08:15:40.961 [main] DEBUG org.apache.hc.client5.http.headers - http-outgoing-2 << x-goog-generation: 1685523462105569
08:15:40.961 [main] DEBUG org.apache.hc.client5.http.headers - http-outgoing-2 << x-goog-metageneration: 1
08:15:40.961 [main] DEBUG org.apache.hc.client5.http.headers - http-outgoing-2 << x-goog-stored-content-encoding: identity
08:15:40.961 [main] DEBUG org.apache.hc.client5.http.headers - http-outgoing-2 << x-goog-stored-content-length: 13
08:15:40.961 [main] DEBUG org.apache.hc.client5.http.headers - http-outgoing-2 << x-goog-hash: crc32c=tVW4TA==
08:15:40.961 [main] DEBUG org.apache.hc.client5.http.headers - http-outgoing-2 << x-goog-hash: md5=NoaEuIlBlniwTkiZ1T16sA==
08:15:40.961 [main] DEBUG org.apache.hc.client5.http.headers - http-outgoing-2 << x-goog-storage-class: STANDARD
08:15:40.961 [main] DEBUG org.apache.hc.client5.http.headers - http-outgoing-2 << Accept-Ranges: bytes
08:15:40.961 [main] DEBUG org.apache.hc.client5.http.headers - http-outgoing-2 << Content-Length: 13
08:15:40.961 [main] DEBUG org.apache.hc.client5.http.headers - http-outgoing-2 << Server: UploadServer
08:15:40.961 [main] DEBUG org.apache.hc.client5.http.headers - http-outgoing-2 << Date: Fri, 06 Oct 2023 01:08:29 GMT
08:15:40.961 [main] DEBUG org.apache.hc.client5.http.headers - http-outgoing-2 << Expires: Fri, 06 Oct 2023 02:08:29 GMT
08:15:40.961 [main] DEBUG org.apache.hc.client5.http.headers - http-outgoing-2 << Cache-Control: public, max-age=3600
08:15:40.961 [main] DEBUG org.apache.hc.client5.http.headers - http-outgoing-2 << Age: 434
08:15:40.961 [main] DEBUG org.apache.hc.client5.http.headers - http-outgoing-2 << Last-Modified: Wed, 31 May 2023 08:57:42 GMT
08:15:40.961 [main] DEBUG org.apache.hc.client5.http.headers - http-outgoing-2 << ETag: "368684b889419678b04e4899d53d7ab0"
08:15:40.961 [main] DEBUG org.apache.hc.client5.http.headers - http-outgoing-2 << Content-Type: text/plain
08:15:40.961 [main] DEBUG org.apache.hc.client5.http.headers - http-outgoing-2 << Alt-Svc: h3=":443"; ma=2592000,h3-29=":443"; ma=2592000
08:15:40.961 [main] DEBUG org.apache.hc.client5.http.impl.classic.MainClientExec - ex-00000004: connection can be kept alive for 3 MINUTES
08:15:40.961 [main] DEBUG org.apache.hc.client5.http.impl.classic.InternalHttpClient - ep-00000003: releasing valid endpoint
08:15:40.961 [main] DEBUG org.apache.hc.client5.http.impl.io.PoolingHttpClientConnectionManager - ep-00000003: releasing endpoint
08:15:40.961 [main] DEBUG org.apache.hc.client5.http.impl.io.PoolingHttpClientConnectionManager - ep-00000003: connection http-outgoing-2 can be kept alive for 3 MINUTES
08:15:40.961 [main] DEBUG org.apache.hc.client5.http.impl.io.PoolingHttpClientConnectionManager - ep-00000003: connection released [route: {s}->https://chromedriver.storage.googleapis.com:443][total available: 2; route allocated: 2 of 5; total allocated: 3 of 25]
08:15:40.961 [main] DEBUG io.github.bonigarcia.wdm.versions.VersionDetector - Latest version of chromedriver according to https://chromedriver.storage.googleapis.com/LATEST_RELEASE is 114.0.5735.90
08:15:40.961 [main] DEBUG io.github.bonigarcia.wdm.WebDriverManager - Driver chromedriver 114.0.5735.90 found in cache
08:15:40.961 [main] INFO io.github.bonigarcia.wdm.WebDriverManager - Exporting webdriver.chrome.driver as C:\Users\Bagas Dwi Saputra\.cache\selenium\chromedriver\win32\114.0.5735.90\chromedriver.exe
08:15:41.595 [main] DEBUG net.thucydides.core.reflection.ClassFinder - Could not load class net.serenitybdd.rest.utils.RestSpecificationFactory
08:15:42.026 [main] DEBUG net.thucydides.core.reflection.ClassFinder - Could not load class net.serenitybdd.rest.utils.RestSpecificationFactory
08:15:42.026 [main] INFO net.serenitybdd.core.webdriver.driverproviders.ProvideNewDriver - Instantiating driver
08:15:42.026 [main] INFO net.serenitybdd.core.webdriver.driverproviders.ProvideNewDriver - Driver capabilities: Capabilities {acceptInsecureCerts: false, base.url: https://app.jubelio.com, browserName: chrome, chrome.driver: src/test/resources/webdrive..., driver: chrome, goog:chromeOptions: {args: [], extensions: []}, loggingPrefs: org.openqa.selenium.logging...}
08:15:43.723 [main] DEBUG net.thucydides.core.reflection.ClassFinder - Could not load class net.serenitybdd.rest.utils.RestSpecificationFactory
08:15:45.903 [main] DEBUG net.serenitybdd.core.photography.Darkroom - Opening darkroom
08:15:45.903 [Darkroom Processing Line] DEBUG net.serenitybdd.core.photography.DarkroomProcessingLine - Darkroom processing line starting up
08:15:46.165 [main] DEBUG net.serenitybdd.core.photography.Darkroom - Send negative for processing for target\site\serenity\4cc97b387fb82cfc136ff103deed3ff15904afea0e81e8a8130786ef5a9430f4.png
08:15:46.165 [Darkroom Processing Line] DEBUG net.serenitybdd.core.photography.DarkroomProcessingLine - Processing screenshot image in /var/screenshots/screenshot-16625258745330059959
08:15:46.166 [Darkroom Processing Line] DEBUG net.serenitybdd.core.photography.DarkroomProcessingLine - Saving screenshot to target\site\serenity\4cc97b387fb82cfc136ff103deed3ff15904afea0e81e8a8130786ef5a9430f4.png
08:15:46.169 [main] DEBUG net.thucydides.core.steps.StepInterceptor - STEP DONE: openLink
08:15:46.184 [main] DEBUG net.thucydides.core.steps.StepInterceptor - STARTING STEP: InventoryStockSteps.loginClickButtonLogin - fills in the {string} with valid data email
08:15:46.560 [main] DEBUG net.serenitybdd.core.photography.Darkroom - Send negative for processing for target\site\serenity\29d3e9f166cf597135c97994c9ce45464a7cb63e7c1b11511a227ba5e21a0a13.png
08:15:46.560 [main] DEBUG net.thucydides.core.steps.StepInterceptor - STEP DONE: fills in the {string} with valid data email
08:15:46.560 [Darkroom Processing Line] DEBUG net.serenitybdd.core.photography.DarkroomProcessingLine - Processing screenshot image in /var/screenshots/screenshot-13564033055341087553
08:15:46.560 [Darkroom Processing Line] DEBUG net.serenitybdd.core.photography.DarkroomProcessingLine - Saving screenshot to target\site\serenity\29d3e9f166cf597135c97994c9ce45464a7cb63e7c1b11511a227ba5e21a0a13.png
08:15:46.567 [main] DEBUG net.thucydides.core.steps.StepInterceptor - STARTING STEP: InventoryStockSteps.loginClickButtonLogin - fill in the {string} with valid data pass
08:15:46.846 [main] DEBUG net.serenitybdd.core.photography.Darkroom - Send negative for processing for target\site\serenity\87f438719f47d04a8bd7e15b628af5cc77cd50b1ca98365dd61481be8a1d6e8c.png
08:15:46.846 [main] DEBUG net.thucydides.core.steps.StepInterceptor - STEP DONE: fill in the {string} with valid data pass
08:15:46.846 [Darkroom Processing Line] DEBUG net.serenitybdd.core.photography.DarkroomProcessingLine - Processing screenshot image in /var/screenshots/screenshot-16969607755899901771
08:15:46.846 [Darkroom Processing Line] DEBUG net.serenitybdd.core.photography.DarkroomProcessingLine - Saving screenshot to target\site\serenity\87f438719f47d04a8bd7e15b628af5cc77cd50b1ca98365dd61481be8a1d6e8c.png
08:15:46.861 [main] DEBUG net.thucydides.core.steps.StepInterceptor - STARTING STEP: InventoryStockSteps.loginClickButtonLogin - clickbtnlogin
08:15:47.427 [main] DEBUG net.serenitybdd.core.photography.Darkroom - Send negative for processing for target\site\serenity\c1cf4b083a372747eebfbd117cbbfe352c37a6c2f5cac2720eec6f77beee08c1.png
08:15:47.427 [main] DEBUG net.thucydides.core.steps.StepInterceptor - STEP DONE: clickbtnlogin
08:15:47.428 [Darkroom Processing Line] DEBUG net.serenitybdd.core.photography.DarkroomProcessingLine - Processing screenshot image in /var/screenshots/screenshot-16345251467151401092
08:15:47.428 [Darkroom Processing Line] DEBUG net.serenitybdd.core.photography.DarkroomProcessingLine - Saving screenshot to target\site\serenity\c1cf4b083a372747eebfbd117cbbfe352c37a6c2f5cac2720eec6f77beee08c1.png
08:15:50.525 [main] DEBUG net.serenitybdd.core.photography.Darkroom - Send negative for processing for target\site\serenity\32028730d6617cbaf4be8a3a222b15af4c3642cbbbed6c786edb05d6cdf1a6ef.png
08:15:50.525 [main] DEBUG net.thucydides.core.steps.StepInterceptor - STARTING STEP: InventoryStockSteps.loginClickButtonLogin - openUrlInventory
08:15:50.526 [Darkroom Processing Line] DEBUG net.serenitybdd.core.photography.DarkroomProcessingLine - Processing screenshot image in /var/screenshots/screenshot-12955599677995294143
08:15:50.526 [Darkroom Processing Line] DEBUG net.serenitybdd.core.photography.DarkroomProcessingLine - Saving screenshot to target\site\serenity\32028730d6617cbaf4be8a3a222b15af4c3642cbbbed6c786edb05d6cdf1a6ef.png
08:15:52.977 [main] DEBUG net.serenitybdd.core.photography.Darkroom - Send negative for processing for target\site\serenity\6f879fbc3fa37b0efa2de85d73c2f7aa37a41a1eb3555f08e089eca265a01b56.png
08:15:52.977 [main] DEBUG net.thucydides.core.steps.StepInterceptor - STEP DONE: openUrlInventory
08:15:52.980 [Darkroom Processing Line] DEBUG net.serenitybdd.core.photography.DarkroomProcessingLine - Processing screenshot image in /var/screenshots/screenshot-14468513076416818407
08:15:52.980 [Darkroom Processing Line] DEBUG net.serenitybdd.core.photography.DarkroomProcessingLine - Saving screenshot to target\site\serenity\6f879fbc3fa37b0efa2de85d73c2f7aa37a41a1eb3555f08e089eca265a01b56.png
  &amp#27;[32mGiven &amp#27;[0m&amp#27;[32mLogin &amp#27;[0m&amp#27;[32m&amp#27;[1m"qa.rakamin.jubelio@gmail.com"&amp#27;[0m&amp#27;[32m, &amp#27;[0m&amp#27;[32m&amp#27;[1m"Jubelio123!"&amp#27;[0m&amp#27;[32m, click button login&amp#27;[0m &amp#27;[90m# starter.stepdefinitios.InventoryStockSteps.loginClickButtonLogin(java.lang.String,java.lang.String)&amp#27;[0m
08:15:53.295 [main] DEBUG net.serenitybdd.core.photography.Darkroom - Send negative for processing for target\site\serenity\6f879fbc3fa37b0efa2de85d73c2f7aa37a41a1eb3555f08e089eca265a01b56.png
08:15:53.958 [main] DEBUG net.serenitybdd.core.photography.Darkroom - Send negative for processing for target\site\serenity\6f879fbc3fa37b0efa2de85d73c2f7aa37a41a1eb3555f08e089eca265a01b56.png
08:15:53.971 [main] DEBUG net.thucydides.core.steps.StepInterceptor - STARTING STEP: InventoryStockSteps.fillsInTheWithValidDataEmail - validatePagePersedian
08:15:54.123 [main] DEBUG net.serenitybdd.core.photography.Darkroom - Send negative for processing for target\site\serenity\6f879fbc3fa37b0efa2de85d73c2f7aa37a41a1eb3555f08e089eca265a01b56.png
08:15:54.123 [main] DEBUG net.thucydides.core.steps.StepInterceptor - STEP DONE: validatePagePersedian
08:15:54.397 [main] DEBUG net.serenitybdd.core.photography.Darkroom - Send negative for processing for target\site\serenity\6f879fbc3fa37b0efa2de85d73c2f7aa37a41a1eb3555f08e089eca265a01b56.png
08:15:54.397 [main] DEBUG net.thucydides.core.steps.StepInterceptor - STARTING STEP: InventoryStockSteps.fillsInTheWithValidDataEmail - btnPenyesuaianPersedian
08:15:54.725 [main] DEBUG net.serenitybdd.core.photography.Darkroom - Send negative for processing for target\site\serenity\8ac42ccbf4d170f695a6ec3a7855af3bf7dcd69630f93f027d337a978b7aa0b8.png
08:15:54.725 [main] DEBUG net.thucydides.core.steps.StepInterceptor - STEP DONE: btnPenyesuaianPersedian
  &amp#27;[32mAnd &amp#27;[0m&amp#27;[32man inventory adjustment button click&amp#27;[0m                                      &amp#27;[90m# starter.stepdefinitios.InventoryStockSteps.fillsInTheWithValidDataEmail()&amp#27;[0m
08:15:54.728 [Darkroom Processing Line] DEBUG net.serenitybdd.core.photography.DarkroomProcessingLine - Processing screenshot image in /var/screenshots/screenshot-15160404091534523265
08:15:54.729 [Darkroom Processing Line] DEBUG net.serenitybdd.core.photography.DarkroomProcessingLine - Saving screenshot to target\site\serenity\8ac42ccbf4d170f695a6ec3a7855af3bf7dcd69630f93f027d337a978b7aa0b8.png
08:15:55.386 [main] DEBUG net.serenitybdd.core.photography.Darkroom - Send negative for processing for target\site\serenity\15166dbf6520a9261d78e27350acbc2a58eb3d1dcb1989055a1a731adfc2c1ff.png
08:15:55.386 [main] DEBUG net.thucydides.core.steps.StepInterceptor - STARTING STEP: InventoryStockSteps.validateTheInventoryAdjustmentPage - validatePenyesuaianPersediaa
08:15:55.386 [Darkroom Processing Line] DEBUG net.serenitybdd.core.photography.DarkroomProcessingLine - Processing screenshot image in /var/screenshots/screenshot-8303370419161215801
08:15:55.386 [Darkroom Processing Line] DEBUG net.serenitybdd.core.photography.DarkroomProcessingLine - Saving screenshot to target\site\serenity\15166dbf6520a9261d78e27350acbc2a58eb3d1dcb1989055a1a731adfc2c1ff.png
08:15:55.416 [main] DEBUG net.thucydides.core.steps.StepInterceptor - STEP DONE: validatePenyesuaianPersediaa
  &amp#27;[32mAnd &amp#27;[0m&amp#27;[32mvalidate the inventory adjustment page&amp#27;[0m                                    &amp#27;[90m# starter.stepdefinitios.InventoryStockSteps.validateTheInventoryAdjustmentPage()&amp#27;[0m
08:15:55.701 [main] DEBUG net.serenitybdd.core.photography.Darkroom - Send negative for processing for target\site\serenity\15166dbf6520a9261d78e27350acbc2a58eb3d1dcb1989055a1a731adfc2c1ff.png
08:15:55.701 [main] DEBUG net.thucydides.core.steps.StepInterceptor - STARTING STEP: InventoryStockSteps.click - btnLokasi
08:15:55.916 [main] DEBUG net.serenitybdd.core.photography.Darkroom - Send negative for processing for target\site\serenity\c3e8326d2be18d1ad61e3d9a6ee13e78fc12105281b1c796955aca7371cacc0a.png
08:15:55.916 [main] DEBUG net.thucydides.core.steps.StepInterceptor - STEP DONE: btnLokasi
08:15:55.916 [Darkroom Processing Line] DEBUG net.serenitybdd.core.photography.DarkroomProcessingLine - Processing screenshot image in /var/screenshots/screenshot-11969253671956517254
08:15:55.916 [Darkroom Processing Line] DEBUG net.serenitybdd.core.photography.DarkroomProcessingLine - Saving screenshot to target\site\serenity\c3e8326d2be18d1ad61e3d9a6ee13e78fc12105281b1c796955aca7371cacc0a.png
08:15:56.199 [main] DEBUG net.serenitybdd.core.photography.Darkroom - Send negative for processing for target\site\serenity\c3e8326d2be18d1ad61e3d9a6ee13e78fc12105281b1c796955aca7371cacc0a.png
08:15:56.199 [main] DEBUG net.thucydides.core.steps.StepInterceptor - STARTING STEP: InventoryStockSteps.click - btnVarisi
08:15:56.377 [main] DEBUG net.serenitybdd.core.photography.Darkroom - Send negative for processing for target\site\serenity\15166dbf6520a9261d78e27350acbc2a58eb3d1dcb1989055a1a731adfc2c1ff.png
08:15:56.377 [main] DEBUG net.thucydides.core.steps.StepInterceptor - STEP DONE: btnVarisi
  &amp#27;[32mAnd &amp#27;[0m&amp#27;[32mclick &amp#27;[0m&amp#27;[32m&amp#27;[1m"Pusat"&amp#27;[0m                                                             &amp#27;[90m# starter.stepdefinitios.InventoryStockSteps.click(java.lang.String)&amp#27;[0m
08:15:56.396 [main] DEBUG net.thucydides.core.steps.StepInterceptor - STARTING STEP: InventoryStockSteps.youSelectAnItem - btnPilihBarang
08:15:56.739 [main] DEBUG net.serenitybdd.core.photography.Darkroom - Send negative for processing for target\site\serenity\4ad241fb73c1c89946c9dbca954b3bd480f3e0df412929227b72eb870c6a0b08.png
08:15:56.739 [main] DEBUG net.thucydides.core.steps.StepInterceptor - STEP DONE: btnPilihBarang
08:15:56.740 [Darkroom Processing Line] DEBUG net.serenitybdd.core.photography.DarkroomProcessingLine - Processing screenshot image in /var/screenshots/screenshot-12211807379816023889
08:15:56.740 [Darkroom Processing Line] DEBUG net.serenitybdd.core.photography.DarkroomProcessingLine - Saving screenshot to target\site\serenity\4ad241fb73c1c89946c9dbca954b3bd480f3e0df412929227b72eb870c6a0b08.png
08:15:57.416 [main] DEBUG net.serenitybdd.core.photography.Darkroom - Send negative for processing for target\site\serenity\520b1d58a834d8e7e842c4077ac5705d385a7ccb2831883748c14da9635f48b2.png
08:15:57.416 [main] DEBUG net.thucydides.core.steps.StepInterceptor - STARTING STEP: InventoryStockSteps.youSelectAnItem - btnBarang
08:15:57.416 [Darkroom Processing Line] DEBUG net.serenitybdd.core.photography.DarkroomProcessingLine - Processing screenshot image in /var/screenshots/screenshot-9761646227199731685
08:15:57.416 [Darkroom Processing Line] DEBUG net.serenitybdd.core.photography.DarkroomProcessingLine - Saving screenshot to target\site\serenity\520b1d58a834d8e7e842c4077ac5705d385a7ccb2831883748c14da9635f48b2.png
08:15:57.753 [main] DEBUG net.serenitybdd.core.photography.Darkroom - Send negative for processing for target\site\serenity\c6aed791db3136e47ebb9779dcc6232e1618746407929ddab020434244a17c29.png
08:15:57.753 [main] DEBUG net.thucydides.core.steps.StepInterceptor - STEP DONE: btnBarang
08:15:57.753 [Darkroom Processing Line] DEBUG net.serenitybdd.core.photography.DarkroomProcessingLine - Processing screenshot image in /var/screenshots/screenshot-17136032426843924924
08:15:57.753 [Darkroom Processing Line] DEBUG net.serenitybdd.core.photography.DarkroomProcessingLine - Saving screenshot to target\site\serenity\c6aed791db3136e47ebb9779dcc6232e1618746407929ddab020434244a17c29.png
08:15:58.386 [main] DEBUG net.serenitybdd.core.photography.Darkroom - Send negative for processing for target\site\serenity\c6aed791db3136e47ebb9779dcc6232e1618746407929ddab020434244a17c29.png
08:15:58.386 [main] DEBUG net.thucydides.core.steps.StepInterceptor - STARTING STEP: InventoryStockSteps.youSelectAnItem - btnSimpan
08:15:58.614 [main] DEBUG net.serenitybdd.core.photography.Darkroom - Send negative for processing for target\site\serenity\750716c3e5e1948020d9bc3168d9179c27b0d385ef24ee0410ae035d1880e8d9.png
08:15:58.614 [main] DEBUG net.thucydides.core.steps.StepInterceptor - STEP DONE: btnSimpan
  &amp#27;[32mWhen &amp#27;[0m&amp#27;[32myou select an item&amp#27;[0m                                                       &amp#27;[90m# starter.stepdefinitios.InventoryStockSteps.youSelectAnItem()&amp#27;[0m
08:15:58.614 [Darkroom Processing Line] DEBUG net.serenitybdd.core.photography.DarkroomProcessingLine - Processing screenshot image in /var/screenshots/screenshot-10706583830962197236
08:15:58.614 [Darkroom Processing Line] DEBUG net.serenitybdd.core.photography.DarkroomProcessingLine - Saving screenshot to target\site\serenity\750716c3e5e1948020d9bc3168d9179c27b0d385ef24ee0410ae035d1880e8d9.png
08:15:58.904 [main] DEBUG net.serenitybdd.core.photography.Darkroom - Send negative for processing for target\site\serenity\83c33c5ae8605007c1a5dbe6fee1a7f274be4d2d3a8772e4cc50bcf23afbfb40.png
08:15:58.904 [main] DEBUG net.thucydides.core.steps.StepInterceptor - STARTING STEP: InventoryStockSteps.validateTheNameSuccessfully - validatePagePersedian
08:15:58.904 [Darkroom Processing Line] DEBUG net.serenitybdd.core.photography.DarkroomProcessingLine - Processing screenshot image in /var/screenshots/screenshot-6286054446523690183
08:15:58.904 [Darkroom Processing Line] DEBUG net.serenitybdd.core.photography.DarkroomProcessingLine - Saving screenshot to target\site\serenity\83c33c5ae8605007c1a5dbe6fee1a7f274be4d2d3a8772e4cc50bcf23afbfb40.png
08:15:58.931 [main] DEBUG net.thucydides.core.steps.StepInterceptor - STEP DONE: validatePagePersedian
08:15:59.316 [main] DEBUG net.serenitybdd.core.photography.Darkroom - Send negative for processing for target\site\serenity\4194a397dc9f3372e561fcbf91a3e3660bce7b2ca964dd8412e72c6d16e79cf4.png
08:15:59.316 [main] DEBUG net.thucydides.core.steps.StepInterceptor - STARTING STEP: InventoryStockSteps.validateTheNameSuccessfully - fieldSearch
08:15:59.316 [Darkroom Processing Line] DEBUG net.serenitybdd.core.photography.DarkroomProcessingLine - Processing screenshot image in /var/screenshots/screenshot-4566317765889925156
08:15:59.316 [Darkroom Processing Line] DEBUG net.serenitybdd.core.photography.DarkroomProcessingLine - Saving screenshot to target\site\serenity\4194a397dc9f3372e561fcbf91a3e3660bce7b2ca964dd8412e72c6d16e79cf4.png
08:15:59.620 [main] DEBUG net.serenitybdd.core.photography.Darkroom - Send negative for processing for target\site\serenity\1f16958e97f8823cab3f0492573833a0aa3a5317bdbd4310175c9d2dfb236e68.png
08:15:59.620 [main] DEBUG net.thucydides.core.steps.StepInterceptor - STEP DONE: fieldSearch
08:15:59.620 [Darkroom Processing Line] DEBUG net.serenitybdd.core.photography.DarkroomProcessingLine - Processing screenshot image in /var/screenshots/screenshot-13793917974291388075
08:15:59.620 [Darkroom Processing Line] DEBUG net.serenitybdd.core.photography.DarkroomProcessingLine - Saving screenshot to target\site\serenity\1f16958e97f8823cab3f0492573833a0aa3a5317bdbd4310175c9d2dfb236e68.png
08:15:59.626 [main] DEBUG net.thucydides.core.steps.StepInterceptor - STARTING STEP: InventoryStockSteps.validateTheNameSuccessfully - btnSearch
08:15:59.910 [main] DEBUG net.serenitybdd.core.photography.Darkroom - Send negative for processing for target\site\serenity\86be65ad7b77ab938eed6e76b73ddda6303c94db4c6a3bfd8a6f020daf41cc20.png
08:15:59.910 [main] DEBUG net.thucydides.core.steps.StepInterceptor - STEP DONE: btnSearch
08:15:59.910 [Darkroom Processing Line] DEBUG net.serenitybdd.core.photography.DarkroomProcessingLine - Processing screenshot image in /var/screenshots/screenshot-7391985889523064737
08:15:59.910 [Darkroom Processing Line] DEBUG net.serenitybdd.core.photography.DarkroomProcessingLine - Saving screenshot to target\site\serenity\86be65ad7b77ab938eed6e76b73ddda6303c94db4c6a3bfd8a6f020daf41cc20.png
08:16:00.244 [main] DEBUG net.serenitybdd.core.photography.Darkroom - Send negative for processing for target\site\serenity\09aa5410d7af749e6e0108f9fb3a97dd940890f3ea17c14e3bdcb159b9e2f132.png
08:16:00.244 [main] DEBUG net.thucydides.core.steps.StepInterceptor - STARTING STEP: InventoryStockSteps.validateTheNameSuccessfully - validateTeksBarang
08:16:00.244 [Darkroom Processing Line] DEBUG net.serenitybdd.core.photography.DarkroomProcessingLine - Processing screenshot image in /var/screenshots/screenshot-11051270296181599148
08:16:00.244 [Darkroom Processing Line] DEBUG net.serenitybdd.core.photography.DarkroomProcessingLine - Saving screenshot to target\site\serenity\09aa5410d7af749e6e0108f9fb3a97dd940890f3ea17c14e3bdcb159b9e2f132.png
08:16:01.559 [main] DEBUG net.serenitybdd.core.photography.Darkroom - Send negative for processing for target\site\serenity\c55a06da670352572fafebb0385e5b4fad78d10d0b31b2cd1eddff88f91287e5.png
08:16:01.559 [main] DEBUG net.thucydides.core.steps.StepInterceptor - STEP DONE: validateTeksBarang
  &amp#27;[32mThen &amp#27;[0m&amp#27;[32mvalidate the name &amp#27;[0m&amp#27;[32m&amp#27;[1m"Naruto"&amp#27;[0m&amp#27;[32m successfully&amp#27;[0m                                  &amp#27;[90m# starter.stepdefinitios.InventoryStockSteps.validateTheNameSuccessfully(java.lang.String)&amp#27;[0m
08:16:01.559 [Darkroom Processing Line] DEBUG net.serenitybdd.core.photography.DarkroomProcessingLine - Processing screenshot image in /var/screenshots/screenshot-11008518503540302615
08:16:01.559 [Darkroom Processing Line] DEBUG net.serenitybdd.core.photography.DarkroomProcessingLine - Saving screenshot to target\site\serenity\c55a06da670352572fafebb0385e5b4fad78d10d0b31b2cd1eddff88f91287e5.png
08:16:01.687 [main] DEBUG net.thucydides.core.reflection.ClassFinder - Could not load class net.serenitybdd.rest.utils.RestSpecificationFactory
08:16:02.110 [main] INFO  - 
  _____   ___   ___   _____     ___     _     ___   ___   ___   ___  
 |_   _| | __| / __| |_   _|   | _ \   /_\   / __| / __| | __| |   \ 
   | |   | _|  \__ \   | |     |  _/  / _ \  \__ \ \__ \ | _|  | |) |
   |_|   |___| |___/   |_|     |_|   /_/ \_\ |___/ |___/ |___| |___/ 

Inventory Stock
----------------------------------------------------------------------
]]></system-out>
    <system-err><![CDATA[Starting ChromeDriver 117.0.5938.88 (be6afae4721209be42944bbcd325665f9f44563b-refs/branch-heads/5938_62@{#9}) on port 11027
Only local connections are allowed.
Please see https://chromedriver.chromium.org/security-considerations for suggestions on keeping ChromeDriver safe.
ChromeDriver was started successfully.
Oct 06, 2023 8:15:43 AM org.openqa.selenium.remote.ProtocolHandshake createSession
INFO: Detected dialect: W3C
]]></system-err>
  </testcase>
  <testcase name="Inventory Stock #2" classname="Inventory Stock at app.jubelio" time="17.469">
    <system-out><![CDATA[
@Inventory @InventoryStock
Scenario Outline: Inventory Stock                                               &amp#27;[90m# src/test/resources/features/user/inventorystock.feature:16&amp#27;[0m
08:16:02.120 [main] INFO io.cucumber.core.plugin.SerenityReporter - Running feature from file:///D:/QE/Automation/Jubelio-Website/src/test/resources/features/user/inventorystock.feature
08:16:02.327 [main] DEBUG net.thucydides.core.steps.StepInterceptor - STARTING STEP: InventoryStockSteps.loginClickButtonLogin - openLink
08:16:02.328 [main] INFO net.serenitybdd.core.webdriver.driverproviders.ChromeDriverProvider - Using automatically driver download
08:16:02.338 [main] DEBUG org.apache.hc.client5.http.impl.classic.InternalHttpClient - ex-00000005: preparing request execution
08:16:02.338 [main] DEBUG org.apache.hc.client5.http.protocol.RequestAddCookies - Cookie spec selected: strict
08:16:02.338 [main] DEBUG org.apache.hc.client5.http.protocol.RequestAuthCache - Auth cache not set in the context
08:16:02.338 [main] DEBUG org.apache.hc.client5.http.impl.classic.ProtocolExec - ex-00000005: target auth state: UNCHALLENGED
08:16:02.338 [main] DEBUG org.apache.hc.client5.http.impl.classic.ProtocolExec - ex-00000005: proxy auth state: UNCHALLENGED
08:16:02.338 [main] DEBUG org.apache.hc.client5.http.impl.classic.ConnectExec - ex-00000005: acquiring connection with route {s}->https://raw.githubusercontent.com:443
08:16:02.338 [main] DEBUG org.apache.hc.client5.http.impl.classic.InternalHttpClient - ex-00000005: acquiring endpoint (3 MINUTES)
08:16:02.340 [main] DEBUG org.apache.hc.client5.http.impl.io.PoolingHttpClientConnectionManager - ex-00000005: endpoint lease request (3 MINUTES) [route: {s}->https://raw.githubusercontent.com:443][total available: 0; route allocated: 0 of 5; total allocated: 0 of 25]
08:16:02.340 [main] DEBUG org.apache.hc.client5.http.impl.io.PoolingHttpClientConnectionManager - ex-00000005: endpoint leased [route: {s}->https://raw.githubusercontent.com:443][total available: 0; route allocated: 1 of 5; total allocated: 1 of 25]
08:16:02.340 [main] DEBUG org.apache.hc.client5.http.impl.io.PoolingHttpClientConnectionManager - ex-00000005: acquired ep-00000004
08:16:02.340 [main] DEBUG org.apache.hc.client5.http.impl.classic.InternalHttpClient - ex-00000005: acquired endpoint ep-00000004
08:16:02.340 [main] DEBUG org.apache.hc.client5.http.impl.classic.ConnectExec - ex-00000005: opening connection {s}->https://raw.githubusercontent.com:443
08:16:02.340 [main] DEBUG org.apache.hc.client5.http.impl.classic.InternalHttpClient - ep-00000004: connecting endpoint (30 SECONDS)
08:16:02.340 [main] DEBUG org.apache.hc.client5.http.impl.io.PoolingHttpClientConnectionManager - ep-00000004: connecting endpoint to https://raw.githubusercontent.com:443 (30 SECONDS)
08:16:02.340 [main] DEBUG org.apache.hc.client5.http.impl.io.DefaultHttpClientConnectionOperator - http-outgoing-3: connecting to raw.githubusercontent.com/185.199.108.133:443
08:16:02.340 [main] DEBUG org.apache.hc.client5.http.ssl.SSLConnectionSocketFactory - Connecting socket to raw.githubusercontent.com/185.199.108.133:443 with timeout 30 SECONDS
08:16:02.359 [main] DEBUG org.apache.hc.client5.http.ssl.SSLConnectionSocketFactory - Enabled protocols: [TLSv1.3, TLSv1.2]
08:16:02.359 [main] DEBUG org.apache.hc.client5.http.ssl.SSLConnectionSocketFactory - Enabled cipher suites: [TLS_AES_256_GCM_SHA384, TLS_AES_128_GCM_SHA256, TLS_CHACHA20_POLY1305_SHA256, TLS_ECDHE_ECDSA_WITH_AES_256_GCM_SHA384, TLS_ECDHE_ECDSA_WITH_AES_128_GCM_SHA256, TLS_ECDHE_ECDSA_WITH_CHACHA20_POLY1305_SHA256, TLS_ECDHE_RSA_WITH_AES_256_GCM_SHA384, TLS_ECDHE_RSA_WITH_CHACHA20_POLY1305_SHA256, TLS_ECDHE_RSA_WITH_AES_128_GCM_SHA256, TLS_DHE_RSA_WITH_AES_256_GCM_SHA384, TLS_DHE_RSA_WITH_CHACHA20_POLY1305_SHA256, TLS_DHE_DSS_WITH_AES_256_GCM_SHA384, TLS_DHE_RSA_WITH_AES_128_GCM_SHA256, TLS_DHE_DSS_WITH_AES_128_GCM_SHA256, TLS_ECDHE_ECDSA_WITH_AES_256_CBC_SHA384, TLS_ECDHE_RSA_WITH_AES_256_CBC_SHA384, TLS_ECDHE_ECDSA_WITH_AES_128_CBC_SHA256, TLS_ECDHE_RSA_WITH_AES_128_CBC_SHA256, TLS_DHE_RSA_WITH_AES_256_CBC_SHA256, TLS_DHE_DSS_WITH_AES_256_CBC_SHA256, TLS_DHE_RSA_WITH_AES_128_CBC_SHA256, TLS_DHE_DSS_WITH_AES_128_CBC_SHA256, TLS_ECDH_ECDSA_WITH_AES_256_GCM_SHA384, TLS_ECDH_RSA_WITH_AES_256_GCM_SHA384, TLS_ECDH_ECDSA_WITH_AES_128_GCM_SHA256, TLS_ECDH_RSA_WITH_AES_128_GCM_SHA256, TLS_ECDH_ECDSA_WITH_AES_256_CBC_SHA384, TLS_ECDH_RSA_WITH_AES_256_CBC_SHA384, TLS_ECDH_ECDSA_WITH_AES_128_CBC_SHA256, TLS_ECDH_RSA_WITH_AES_128_CBC_SHA256, TLS_ECDHE_ECDSA_WITH_AES_256_CBC_SHA, TLS_ECDHE_RSA_WITH_AES_256_CBC_SHA, TLS_ECDHE_ECDSA_WITH_AES_128_CBC_SHA, TLS_ECDHE_RSA_WITH_AES_128_CBC_SHA, TLS_DHE_RSA_WITH_AES_256_CBC_SHA, TLS_DHE_DSS_WITH_AES_256_CBC_SHA, TLS_DHE_RSA_WITH_AES_128_CBC_SHA, TLS_DHE_DSS_WITH_AES_128_CBC_SHA, TLS_ECDH_ECDSA_WITH_AES_256_CBC_SHA, TLS_ECDH_RSA_WITH_AES_256_CBC_SHA, TLS_ECDH_ECDSA_WITH_AES_128_CBC_SHA, TLS_ECDH_RSA_WITH_AES_128_CBC_SHA, TLS_RSA_WITH_AES_256_GCM_SHA384, TLS_RSA_WITH_AES_128_GCM_SHA256, TLS_RSA_WITH_AES_256_CBC_SHA256, TLS_RSA_WITH_AES_128_CBC_SHA256, TLS_RSA_WITH_AES_256_CBC_SHA, TLS_RSA_WITH_AES_128_CBC_SHA, TLS_EMPTY_RENEGOTIATION_INFO_SCSV]
08:16:02.359 [main] DEBUG org.apache.hc.client5.http.ssl.SSLConnectionSocketFactory - Starting handshake
08:16:02.406 [main] DEBUG org.apache.hc.client5.http.ssl.SSLConnectionSocketFactory - Secure session established
08:16:02.408 [main] DEBUG org.apache.hc.client5.http.ssl.SSLConnectionSocketFactory -  negotiated protocol: TLSv1.3
08:16:02.408 [main] DEBUG org.apache.hc.client5.http.ssl.SSLConnectionSocketFactory -  negotiated cipher suite: TLS_AES_256_GCM_SHA384
08:16:02.408 [main] DEBUG org.apache.hc.client5.http.ssl.SSLConnectionSocketFactory -  peer principal: CN=*.github.io, O="GitHub, Inc.", L=San Francisco, ST=California, C=US
08:16:02.408 [main] DEBUG org.apache.hc.client5.http.ssl.SSLConnectionSocketFactory -  peer alternative names: [*.github.io, github.io, *.github.com, github.com, www.github.com, *.githubusercontent.com, githubusercontent.com]
08:16:02.408 [main] DEBUG org.apache.hc.client5.http.ssl.SSLConnectionSocketFactory -  issuer principal: CN=DigiCert TLS RSA SHA256 2020 CA1, O=DigiCert Inc, C=US
08:16:02.408 [main] DEBUG org.apache.hc.client5.http.impl.io.DefaultHttpClientConnectionOperator - http-outgoing-3: connection established 192.168.100.42:64071<->185.199.108.133:443
08:16:02.408 [main] DEBUG org.apache.hc.client5.http.impl.io.PoolingHttpClientConnectionManager - ep-00000004: connected http-outgoing-3
08:16:02.408 [main] DEBUG org.apache.hc.client5.http.impl.classic.InternalHttpClient - ep-00000004: endpoint connected
08:16:02.408 [main] DEBUG org.apache.hc.client5.http.impl.classic.MainClientExec - ex-00000005: executing GET /bonigarcia/webdrivermanager/master/src/main/resources/commands.properties HTTP/1.1
08:16:02.408 [main] DEBUG org.apache.hc.client5.http.impl.classic.InternalHttpClient - ep-00000004: start execution ex-00000005
08:16:02.408 [main] DEBUG org.apache.hc.client5.http.impl.io.PoolingHttpClientConnectionManager - ep-00000004: executing exchange ex-00000005 over http-outgoing-3
08:16:02.408 [main] DEBUG org.apache.hc.client5.http.headers - http-outgoing-3 >> GET /bonigarcia/webdrivermanager/master/src/main/resources/commands.properties HTTP/1.1
08:16:02.408 [main] DEBUG org.apache.hc.client5.http.headers - http-outgoing-3 >> user-agent: Apache-HttpClient/5.0
08:16:02.408 [main] DEBUG org.apache.hc.client5.http.headers - http-outgoing-3 >> accept-encoding: gzip, deflate, br
08:16:02.408 [main] DEBUG org.apache.hc.client5.http.headers - http-outgoing-3 >> cache-control: max-age=0
08:16:02.408 [main] DEBUG org.apache.hc.client5.http.headers - http-outgoing-3 >> connection: keep-alive
08:16:02.408 [main] DEBUG org.apache.hc.client5.http.headers - http-outgoing-3 >> Host: raw.githubusercontent.com
08:16:02.408 [main] DEBUG org.apache.hc.client5.http.wire - http-outgoing-3 >> "GET /bonigarcia/webdrivermanager/master/src/main/resources/commands.properties HTTP/1.1[\r][\n]"
08:16:02.408 [main] DEBUG org.apache.hc.client5.http.wire - http-outgoing-3 >> "user-agent: Apache-HttpClient/5.0[\r][\n]"
08:16:02.408 [main] DEBUG org.apache.hc.client5.http.wire - http-outgoing-3 >> "accept-encoding: gzip, deflate, br[\r][\n]"
08:16:02.408 [main] DEBUG org.apache.hc.client5.http.wire - http-outgoing-3 >> "cache-control: max-age=0[\r][\n]"
08:16:02.408 [main] DEBUG org.apache.hc.client5.http.wire - http-outgoing-3 >> "connection: keep-alive[\r][\n]"
08:16:02.408 [main] DEBUG org.apache.hc.client5.http.wire - http-outgoing-3 >> "Host: raw.githubusercontent.com[\r][\n]"
08:16:02.408 [main] DEBUG org.apache.hc.client5.http.wire - http-outgoing-3 >> "[\r][\n]"
08:16:02.433 [main] DEBUG org.apache.hc.client5.http.wire - http-outgoing-3 << "HTTP/1.1 200 OK[\r][\n]"
08:16:02.433 [main] DEBUG org.apache.hc.client5.http.wire - http-outgoing-3 << "Connection: keep-alive[\r][\n]"
08:16:02.433 [main] DEBUG org.apache.hc.client5.http.wire - http-outgoing-3 << "Content-Length: 723[\r][\n]"
08:16:02.433 [main] DEBUG org.apache.hc.client5.http.wire - http-outgoing-3 << "Cache-Control: max-age=300[\r][\n]"
08:16:02.433 [main] DEBUG org.apache.hc.client5.http.wire - http-outgoing-3 << "Content-Security-Policy: default-src 'none'; style-src 'unsafe-inline'; sandbox[\r][\n]"
08:16:02.433 [main] DEBUG org.apache.hc.client5.http.wire - http-outgoing-3 << "Content-Type: text/plain; charset=utf-8[\r][\n]"
08:16:02.433 [main] DEBUG org.apache.hc.client5.http.wire - http-outgoing-3 << "ETag: W/"e82b438271e9e8680c688b0b680efd0bdd22faa6d6f0a32fc1fd8accc486b67e"[\r][\n]"
08:16:02.433 [main] DEBUG org.apache.hc.client5.http.wire - http-outgoing-3 << "Strict-Transport-Security: max-age=31536000[\r][\n]"
08:16:02.433 [main] DEBUG org.apache.hc.client5.http.wire - http-outgoing-3 << "X-Content-Type-Options: nosniff[\r][\n]"
08:16:02.433 [main] DEBUG org.apache.hc.client5.http.wire - http-outgoing-3 << "X-Frame-Options: deny[\r][\n]"
08:16:02.433 [main] DEBUG org.apache.hc.client5.http.wire - http-outgoing-3 << "X-XSS-Protection: 1; mode=block[\r][\n]"
08:16:02.433 [main] DEBUG org.apache.hc.client5.http.wire - http-outgoing-3 << "X-GitHub-Request-Id: 4CA0:B8C7F:70C4E:8CACE:651389F9[\r][\n]"
08:16:02.433 [main] DEBUG org.apache.hc.client5.http.wire - http-outgoing-3 << "Content-Encoding: gzip[\r][\n]"
08:16:02.433 [main] DEBUG org.apache.hc.client5.http.wire - http-outgoing-3 << "Accept-Ranges: bytes[\r][\n]"
08:16:02.433 [main] DEBUG org.apache.hc.client5.http.wire - http-outgoing-3 << "Date: Fri, 06 Oct 2023 01:16:04 GMT[\r][\n]"
08:16:02.433 [main] DEBUG org.apache.hc.client5.http.wire - http-outgoing-3 << "Via: 1.1 varnish[\r][\n]"
08:16:02.433 [main] DEBUG org.apache.hc.client5.http.wire - http-outgoing-3 << "X-Served-By: cache-qpg1269-QPG[\r][\n]"
08:16:02.433 [main] DEBUG org.apache.hc.client5.http.wire - http-outgoing-3 << "X-Cache: HIT[\r][\n]"
08:16:02.433 [main] DEBUG org.apache.hc.client5.http.wire - http-outgoing-3 << "X-Cache-Hits: 2[\r][\n]"
08:16:02.433 [main] DEBUG org.apache.hc.client5.http.wire - http-outgoing-3 << "X-Timer: S1696554965.566877,VS0,VE0[\r][\n]"
08:16:02.433 [main] DEBUG org.apache.hc.client5.http.wire - http-outgoing-3 << "Vary: Authorization,Accept-Encoding,Origin[\r][\n]"
08:16:02.433 [main] DEBUG org.apache.hc.client5.http.wire - http-outgoing-3 << "Access-Control-Allow-Origin: *[\r][\n]"
08:16:02.433 [main] DEBUG org.apache.hc.client5.http.wire - http-outgoing-3 << "Cross-Origin-Resource-Policy: cross-origin[\r][\n]"
08:16:02.433 [main] DEBUG org.apache.hc.client5.http.wire - http-outgoing-3 << "X-Fastly-Request-ID: 47f7a3f37ebc3841124e997cc5927c47a074cdd6[\r][\n]"
08:16:02.433 [main] DEBUG org.apache.hc.client5.http.wire - http-outgoing-3 << "Expires: Fri, 06 Oct 2023 01:21:04 GMT[\r][\n]"
08:16:02.433 [main] DEBUG org.apache.hc.client5.http.wire - http-outgoing-3 << "Source-Age: 298[\r][\n]"
08:16:02.433 [main] DEBUG org.apache.hc.client5.http.wire - http-outgoing-3 << "[\r][\n]"
08:16:02.433 [main] DEBUG org.apache.hc.client5.http.headers - http-outgoing-3 << HTTP/1.1 200 OK
08:16:02.433 [main] DEBUG org.apache.hc.client5.http.headers - http-outgoing-3 << Connection: keep-alive
08:16:02.433 [main] DEBUG org.apache.hc.client5.http.headers - http-outgoing-3 << Content-Length: 723
08:16:02.433 [main] DEBUG org.apache.hc.client5.http.headers - http-outgoing-3 << Cache-Control: max-age=300
08:16:02.433 [main] DEBUG org.apache.hc.client5.http.headers - http-outgoing-3 << Content-Security-Policy: default-src 'none'; style-src 'unsafe-inline'; sandbox
08:16:02.433 [main] DEBUG org.apache.hc.client5.http.headers - http-outgoing-3 << Content-Type: text/plain; charset=utf-8
08:16:02.433 [main] DEBUG org.apache.hc.client5.http.headers - http-outgoing-3 << ETag: W/"e82b438271e9e8680c688b0b680efd0bdd22faa6d6f0a32fc1fd8accc486b67e"
08:16:02.433 [main] DEBUG org.apache.hc.client5.http.headers - http-outgoing-3 << Strict-Transport-Security: max-age=31536000
08:16:02.433 [main] DEBUG org.apache.hc.client5.http.headers - http-outgoing-3 << X-Content-Type-Options: nosniff
08:16:02.433 [main] DEBUG org.apache.hc.client5.http.headers - http-outgoing-3 << X-Frame-Options: deny
08:16:02.433 [main] DEBUG org.apache.hc.client5.http.headers - http-outgoing-3 << X-XSS-Protection: 1; mode=block
08:16:02.433 [main] DEBUG org.apache.hc.client5.http.headers - http-outgoing-3 << X-GitHub-Request-Id: 4CA0:B8C7F:70C4E:8CACE:651389F9
08:16:02.433 [main] DEBUG org.apache.hc.client5.http.headers - http-outgoing-3 << Content-Encoding: gzip
08:16:02.433 [main] DEBUG org.apache.hc.client5.http.headers - http-outgoing-3 << Accept-Ranges: bytes
08:16:02.433 [main] DEBUG org.apache.hc.client5.http.headers - http-outgoing-3 << Date: Fri, 06 Oct 2023 01:16:04 GMT
08:16:02.433 [main] DEBUG org.apache.hc.client5.http.headers - http-outgoing-3 << Via: 1.1 varnish
08:16:02.433 [main] DEBUG org.apache.hc.client5.http.headers - http-outgoing-3 << X-Served-By: cache-qpg1269-QPG
08:16:02.433 [main] DEBUG org.apache.hc.client5.http.headers - http-outgoing-3 << X-Cache: HIT
08:16:02.433 [main] DEBUG org.apache.hc.client5.http.headers - http-outgoing-3 << X-Cache-Hits: 2
08:16:02.433 [main] DEBUG org.apache.hc.client5.http.headers - http-outgoing-3 << X-Timer: S1696554965.566877,VS0,VE0
08:16:02.433 [main] DEBUG org.apache.hc.client5.http.headers - http-outgoing-3 << Vary: Authorization,Accept-Encoding,Origin
08:16:02.433 [main] DEBUG org.apache.hc.client5.http.headers - http-outgoing-3 << Access-Control-Allow-Origin: *
08:16:02.433 [main] DEBUG org.apache.hc.client5.http.headers - http-outgoing-3 << Cross-Origin-Resource-Policy: cross-origin
08:16:02.433 [main] DEBUG org.apache.hc.client5.http.headers - http-outgoing-3 << X-Fastly-Request-ID: 47f7a3f37ebc3841124e997cc5927c47a074cdd6
08:16:02.433 [main] DEBUG org.apache.hc.client5.http.headers - http-outgoing-3 << Expires: Fri, 06 Oct 2023 01:21:04 GMT
08:16:02.433 [main] DEBUG org.apache.hc.client5.http.headers - http-outgoing-3 << Source-Age: 298
08:16:02.433 [main] DEBUG org.apache.hc.client5.http.impl.classic.MainClientExec - ex-00000005: connection can be kept alive for 3 MINUTES
08:16:02.440 [main] DEBUG org.apache.hc.client5.http.wire - http-outgoing-3 << "[0x1f][0xffffff8b][0x8][0x0][0x0][0x0][0x0][0x0][0x0][0x3][0xffffffb5]V]o[0xffffffda]0[0x14]}[0xffffffe7]W\[0xffffff81]*[0xffffffb5][0x12][0x1f][[M[0xffffffd3]$[0x1e]hF[0xffffffbb]i [0x18][0xffffffb4][0xffffffdd]&[0xfffffff9][0xffffffc5]$7[0xffffffc1]R[0x12]#;[0xffffff94]v[0xffffffbf]~[0xffffffb6][0xfffffff3]1[0xffffff92][0xffffff9a][0xffffffc1][0x1a]x[0xffffffcb][0xffffffb5][0xffffffaf][0xffffffcf]9[0xffffffbe][0xfffffff7]8v[0xb][0x1c][0x1e]E4[0xfffffff6]$x4[0xffffffa1][0xb]*[0xffffffb1][0xffffffd1][0xffffff82][0xfffffffb]%[0xffffff93][0xffffffe0][0xffffffb3][0x10][0xffffffc1][0xffffffe5]qBY,!Y[0xffffffea] KM8,[0x10][0xfffffff0][0x19][0xffffffdd]u[0xffffff82][0x1e][0xffffffb0][0xffffffd8]L[0xffffffcb]%[0xffffff86][0xffffffa1][0xe][0xffffffb8][0xfffffff0]P[0xffffffe8]$[0xf][0x13]t[0x13]3[0xfffffff9][0xffffff84]B2[0xffffffae][0xffffffe6]|@[0xfffffff5][0x1d][0x8][0xffffffc4][0x18][0x16][0xffffff82]o[0xffffffa4][0xffffff9a]P[0xffffff94][0xffffffe7][0xffffffce]R[0xfffffff0][0x8][0xffffffdb]p[0xffffffcb][0x4][0xfffffffa][0xfffffffc][0xffffffb9][\r][0xffffff93][0x15][\n]"
08:16:02.440 [main] DEBUG org.apache.hc.client5.http.wire - http-outgoing-3 << "[0xffffffda][0xffffff86][0xffffffa1][0x17][0xffffffa8]Q3[0xffffffcb][0xffffffd6][0xffffffd1][0xffffff85][0xffffffc6][0xfffffff7][0xffffff98][0xffffffef][0xffffffa3][0xffffffc0]8[0x1][0xffffffae]s[0x12][0x16][0x7] _d[0xffffff82][0xffffff91][0xffffff84][0xfffffff3][0x1f],[0xfffffff6][0x14]j[0x1b]F,^+[0xffffff98]1ua2[0xffffffbf]h([0xffffff8e][0xffffff94][0xffffffa2][0xffffff91]m[0xffffffa3][0xffffffeb][0xffffff9a][0xffffffb0][0xffffffbb]I[0x17]t[0xffffffdf][0xffffffbd][0xffffffef][0xffffffbb][0xffffff91][0xffffffd7]U[0xffffffbb][0xffffff82][0xffffff9e][0x3][0xffffff9b][0xffffff88][0xffffffb9][0xffffffa6]$[0xffffffa6][0xc][0xffffff9b][0xffffffa5][0xffffffe2][0xffffff83][0xffffff98]F[0xffffffd8]o[0xffffff9e]Mg[0xffffff93][0xffffffbb][0xffffffd9]`|[0xfffffffb]u4[0xffffff9c][0x7f]"}B[0xffffffce][0x8][0xffffffb9][0xffffffe3]<[0x8][0xffffff91][0xffffff90][0xffffff94][0xffffff82][0xffffff90][0xffffffc1]j[0x15]2WI[0xffffffe3]1![0x19][0xffffff91]BnB[0xffffff80][0x9]<f[0xffffffb5][0xffffffe8]=[0xffffffd1]p[0xffffffbd][[0xffffffcf][0xffffffe5][0x1b][0xfffffff4][0xffffff9c][0xffffffff][0xfffffffc][0xfffffff8][0xffffffe1][0xffffffe2][0xffffff94][0xffffffa2][0xffffffae][0xe][0x14]5[0xffffff9a]8[0xffffff83][0xffffffd1]`:[0xfffffffd]<[0xffffffb8][0x1f][0xffffff9c]R[0xffffffcf]u[0x7f]6[0xffffffbc][0xffffff83][0xffffffef][0xf][0xffffffc3][0xffffffd9]/[0xfffffff8][0xfffffff2][0xffffffcd]y s[0xffffffee]'[0x1b]*0g[0xffffffcb][0xffffffc8]nF7H][0xffffff83][0xffffff97]{[0xffffffb1]Q[0x5][\r][0xffffffb5]c[0xffffffb4][0xf][0x2][0xffffffb3][0xffffffb4][0xffffff93][0xe]C[0xffffffa7][0xffffffb3]kAD][0xffffff9d][0xffffffde][0xffffffdb][0xffffffda][0xffffff88][0xffffffec][0xffffffa5][0xffffffbc][0xffffff99][0xffffffd9][0xffffffba]t[0xffffffb5][0xffffffea]9[0xffffffea][0x10])[0xffffffb7][0xffffffca][0xffffff9e][0xfffffff2][0xffffffe2]d^N[0xffffffd8]FW[0x16][0xffffffcd][0xffffffdc]_[0x10][0xfffffff9]i|[0x1c][0xffffff93][0xffffff8e][0xfffffff9]o[0x16][0xffffff86]4'!$G[0xffffffdf]W[0xfffffff4]W*j[[0xfffffff3]xR[0xffffffae][0xffffffb6][0xc][0xffffffd0],; #[0xffffffa9][0xffffff92]5[0xffffffb5][0x7][0xffffff9c][0xffffffb5][0xffffffd0][0x7f][0xffffff90][0xffffffc7]jgs[0xfffffffc][0xffffffc2][0xb][0xffffffd9][0x0]t[0xffffff9e]^'Y[0xfffffffb][0xffffff9f][0xffffffb1][0xffffffd8]:[0xffffffbf][0xffffff8d][0xffffffa5][0xffffff9a][0xffffffad][0x7f]m[0x5]&[0xffffffaa][0xffffffa0]^[0xffffff9b][0xffffffcb][0x5]f[0xffffffae][0xffffffe0]RU[0xffffff82][0x10]MS9l[0xffffff91]4t[0xfffffffb][0xffffff8a]][0xffffffd6][0xfffffff4][0xffffff96][0xffffffa6][0xffffff9f]P[0xffffffce][0xffffffd5][0xffffffce][0xffffff93][0xffffffff][0xffffff97][0xffffffcc]p[0xfffffffd][0xfffffff3][0xffffffe8][0x1b][0xffffffcc][0xffffffa2][0xffffffd9]Q[0xffffffbe][0xffffffb2][0xffffffa3][0xffffffc7]m'[0xffffffdf][0xffffffe4][[0xfffffffb]^[0xffffffb0][0xffffff9a][0xffffffbe][0xffffffda][0xffffffda]_[0xffffffce][0xffffff80][0xffffffd2][0xffffffc1]7[0xffffffb7]][0xffffffc1]b[0xffffffee][0xffffffb5][0xffffffff]w[0xffffff83][0xffffffed][0xffffffa7];[0x15]<[0x10]4[0xffffff92][0xffffff84][0x18][\n]"
08:16:02.440 [main] DEBUG org.apache.hc.client5.http.wire - http-outgoing-3 << "BB[0xffffffba][0xffffff8e]][0xffffffb5]jo[0xffffffb9]+"[0xffffffea][0xffffffb4][0xffffffff]h"[0xffffffea]\?5[0xffffffa9][0xffffffaf]k[0xffffffec][0xffffffff]P[0xffffffea][\n]"
08:16:02.440 [main] DEBUG org.apache.hc.client5.http.wire - http-outgoing-3 << "w[0xffffffe1]K[0x13][0xffffffda][0xffffffec][0xffffff98][0xffffffe6]Y[0xfffffffd]h8m6[0xffffff9c]T[0xffffffc1][0xfffffff2][0xffffffa7][0xffffff91]z_[0xffffff95]o85p[0x1c][0x13][0xffffffe6][0xfffffff0]5[0xffffffee][0xfffffffc][0xffffff92][0xffffff96][0xffffffda][0xfffffff7][0xffffffcf][0xffffffb1][0x5][0x1d][0xffffffea]K[0xffffff9b]9[0xffffff8e][0xffffffad]e[0xfffffff7][0xffffff93][0xffffffa8]`[0xffffffda][0xffffffff][0x1a][0xffffffd2][0xffffff88][0xffffff85][0xfffffffd][0xfffffff2][0xffffff91]N[0xfffffff6]`[0xffffffdf]2[0xffffffcf][0xffffffae]E[0xffffff97][0xffffffc5][0xffffffa2][0xffffff9d][0xffffffef]'[0xffffff9d]mun.[0xffffffd3]f^[0xffffffc7][0xffffff82][0xffffffda][0xffffff82]9[0xfffffff5][0xffffffa9]`[0x5][0xffffffbc]4[0xffffffa1][0x1d]<M[0xffffffb5]A[0xffffffa7]3[[0xffffffc0][0x7f][0x0][0xffffffc1][0xffffffd0]$[0xffffff85][0x1d][\r][0x0][0x0]"
08:16:02.440 [main] DEBUG org.apache.hc.client5.http.impl.classic.InternalHttpClient - ep-00000004: releasing valid endpoint
08:16:02.440 [main] DEBUG org.apache.hc.client5.http.impl.io.PoolingHttpClientConnectionManager - ep-00000004: releasing endpoint
08:16:02.440 [main] DEBUG org.apache.hc.client5.http.impl.io.PoolingHttpClientConnectionManager - ep-00000004: connection http-outgoing-3 can be kept alive for 3 MINUTES
08:16:02.440 [main] DEBUG org.apache.hc.client5.http.impl.io.PoolingHttpClientConnectionManager - ep-00000004: connection released [route: {s}->https://raw.githubusercontent.com:443][total available: 1; route allocated: 1 of 5; total allocated: 1 of 25]
08:16:02.440 [main] DEBUG io.github.bonigarcia.wdm.versions.VersionDetector - Detecting chrome version using online commands.properties
08:16:02.440 [main] DEBUG io.github.bonigarcia.wdm.versions.Shell - Running command on the shell: [cmd.exe, /C, wmic, datafile, where, name="%PROGRAMFILES:\=\\%\\Google\\Chrome\\Application\\chrome.exe", get, Version, /value]
08:16:02.540 [main] DEBUG io.github.bonigarcia.wdm.versions.Shell - Result: Version=117.0.5938.134
08:16:02.541 [main] DEBUG org.apache.hc.client5.http.impl.classic.InternalHttpClient - ex-00000006: preparing request execution
08:16:02.541 [main] DEBUG org.apache.hc.client5.http.protocol.RequestAddCookies - Cookie spec selected: strict
08:16:02.541 [main] DEBUG org.apache.hc.client5.http.protocol.RequestAuthCache - Auth cache not set in the context
08:16:02.541 [main] DEBUG org.apache.hc.client5.http.impl.classic.ProtocolExec - ex-00000006: target auth state: UNCHALLENGED
08:16:02.541 [main] DEBUG org.apache.hc.client5.http.impl.classic.ProtocolExec - ex-00000006: proxy auth state: UNCHALLENGED
08:16:02.541 [main] DEBUG org.apache.hc.client5.http.impl.classic.ConnectExec - ex-00000006: acquiring connection with route {s}->https://chromedriver.storage.googleapis.com:443
08:16:02.541 [main] DEBUG org.apache.hc.client5.http.impl.classic.InternalHttpClient - ex-00000006: acquiring endpoint (3 MINUTES)
08:16:02.541 [main] DEBUG org.apache.hc.client5.http.impl.io.PoolingHttpClientConnectionManager - ex-00000006: endpoint lease request (3 MINUTES) [route: {s}->https://chromedriver.storage.googleapis.com:443][total available: 1; route allocated: 0 of 5; total allocated: 1 of 25]
08:16:02.541 [main] DEBUG org.apache.hc.client5.http.impl.io.PoolingHttpClientConnectionManager - ex-00000006: endpoint leased [route: {s}->https://chromedriver.storage.googleapis.com:443][total available: 1; route allocated: 1 of 5; total allocated: 2 of 25]
08:16:02.541 [main] DEBUG org.apache.hc.client5.http.impl.io.PoolingHttpClientConnectionManager - ex-00000006: acquired ep-00000005
08:16:02.541 [main] DEBUG org.apache.hc.client5.http.impl.classic.InternalHttpClient - ex-00000006: acquired endpoint ep-00000005
08:16:02.541 [main] DEBUG org.apache.hc.client5.http.impl.classic.ConnectExec - ex-00000006: opening connection {s}->https://chromedriver.storage.googleapis.com:443
08:16:02.541 [main] DEBUG org.apache.hc.client5.http.impl.classic.InternalHttpClient - ep-00000005: connecting endpoint (30 SECONDS)
08:16:02.541 [main] DEBUG org.apache.hc.client5.http.impl.io.PoolingHttpClientConnectionManager - ep-00000005: connecting endpoint to https://chromedriver.storage.googleapis.com:443 (30 SECONDS)
08:16:02.541 [main] DEBUG org.apache.hc.client5.http.impl.io.DefaultHttpClientConnectionOperator - http-outgoing-4: connecting to chromedriver.storage.googleapis.com/34.101.5.27:443
08:16:02.541 [main] DEBUG org.apache.hc.client5.http.ssl.SSLConnectionSocketFactory - Connecting socket to chromedriver.storage.googleapis.com/34.101.5.27:443 with timeout 30 SECONDS
08:16:02.547 [main] DEBUG org.apache.hc.client5.http.ssl.SSLConnectionSocketFactory - Enabled protocols: [TLSv1.3, TLSv1.2]
08:16:02.547 [main] DEBUG org.apache.hc.client5.http.ssl.SSLConnectionSocketFactory - Enabled cipher suites: [TLS_AES_256_GCM_SHA384, TLS_AES_128_GCM_SHA256, TLS_CHACHA20_POLY1305_SHA256, TLS_ECDHE_ECDSA_WITH_AES_256_GCM_SHA384, TLS_ECDHE_ECDSA_WITH_AES_128_GCM_SHA256, TLS_ECDHE_ECDSA_WITH_CHACHA20_POLY1305_SHA256, TLS_ECDHE_RSA_WITH_AES_256_GCM_SHA384, TLS_ECDHE_RSA_WITH_CHACHA20_POLY1305_SHA256, TLS_ECDHE_RSA_WITH_AES_128_GCM_SHA256, TLS_DHE_RSA_WITH_AES_256_GCM_SHA384, TLS_DHE_RSA_WITH_CHACHA20_POLY1305_SHA256, TLS_DHE_DSS_WITH_AES_256_GCM_SHA384, TLS_DHE_RSA_WITH_AES_128_GCM_SHA256, TLS_DHE_DSS_WITH_AES_128_GCM_SHA256, TLS_ECDHE_ECDSA_WITH_AES_256_CBC_SHA384, TLS_ECDHE_RSA_WITH_AES_256_CBC_SHA384, TLS_ECDHE_ECDSA_WITH_AES_128_CBC_SHA256, TLS_ECDHE_RSA_WITH_AES_128_CBC_SHA256, TLS_DHE_RSA_WITH_AES_256_CBC_SHA256, TLS_DHE_DSS_WITH_AES_256_CBC_SHA256, TLS_DHE_RSA_WITH_AES_128_CBC_SHA256, TLS_DHE_DSS_WITH_AES_128_CBC_SHA256, TLS_ECDH_ECDSA_WITH_AES_256_GCM_SHA384, TLS_ECDH_RSA_WITH_AES_256_GCM_SHA384, TLS_ECDH_ECDSA_WITH_AES_128_GCM_SHA256, TLS_ECDH_RSA_WITH_AES_128_GCM_SHA256, TLS_ECDH_ECDSA_WITH_AES_256_CBC_SHA384, TLS_ECDH_RSA_WITH_AES_256_CBC_SHA384, TLS_ECDH_ECDSA_WITH_AES_128_CBC_SHA256, TLS_ECDH_RSA_WITH_AES_128_CBC_SHA256, TLS_ECDHE_ECDSA_WITH_AES_256_CBC_SHA, TLS_ECDHE_RSA_WITH_AES_256_CBC_SHA, TLS_ECDHE_ECDSA_WITH_AES_128_CBC_SHA, TLS_ECDHE_RSA_WITH_AES_128_CBC_SHA, TLS_DHE_RSA_WITH_AES_256_CBC_SHA, TLS_DHE_DSS_WITH_AES_256_CBC_SHA, TLS_DHE_RSA_WITH_AES_128_CBC_SHA, TLS_DHE_DSS_WITH_AES_128_CBC_SHA, TLS_ECDH_ECDSA_WITH_AES_256_CBC_SHA, TLS_ECDH_RSA_WITH_AES_256_CBC_SHA, TLS_ECDH_ECDSA_WITH_AES_128_CBC_SHA, TLS_ECDH_RSA_WITH_AES_128_CBC_SHA, TLS_RSA_WITH_AES_256_GCM_SHA384, TLS_RSA_WITH_AES_128_GCM_SHA256, TLS_RSA_WITH_AES_256_CBC_SHA256, TLS_RSA_WITH_AES_128_CBC_SHA256, TLS_RSA_WITH_AES_256_CBC_SHA, TLS_RSA_WITH_AES_128_CBC_SHA, TLS_EMPTY_RENEGOTIATION_INFO_SCSV]
08:16:02.547 [main] DEBUG org.apache.hc.client5.http.ssl.SSLConnectionSocketFactory - Starting handshake
08:16:02.595 [main] DEBUG org.apache.hc.client5.http.ssl.SSLConnectionSocketFactory - Secure session established
08:16:02.595 [main] DEBUG org.apache.hc.client5.http.ssl.SSLConnectionSocketFactory -  negotiated protocol: TLSv1.3
08:16:02.595 [main] DEBUG org.apache.hc.client5.http.ssl.SSLConnectionSocketFactory -  negotiated cipher suite: TLS_AES_256_GCM_SHA384
08:16:02.595 [main] DEBUG org.apache.hc.client5.http.ssl.SSLConnectionSocketFactory -  peer principal: CN=*.storage.googleapis.com
08:16:02.595 [main] DEBUG org.apache.hc.client5.http.ssl.SSLConnectionSocketFactory -  peer alternative names: [*.storage.googleapis.com, *.googleapis.com, commondatastorage.googleapis.com, *.commondatastorage.googleapis.com, storage.googleapis.com, storage-p2.googleapis.com, *.storage-p2.googleapis.com, storage.mtls.googleapis.com, *.appspot.com.storage.googleapis.com, *.content-storage.googleapis.com, *.content-storage-p2.googleapis.com, *.content-storage-upload.googleapis.com, *.content-storage-download.googleapis.com, *.storage-upload.googleapis.com, *.storage-download.googleapis.com]
08:16:02.595 [main] DEBUG org.apache.hc.client5.http.ssl.SSLConnectionSocketFactory -  issuer principal: CN=GTS CA 1C3, O=Google Trust Services LLC, C=US
08:16:02.595 [main] DEBUG org.apache.hc.client5.http.impl.io.DefaultHttpClientConnectionOperator - http-outgoing-4: connection established 192.168.100.42:64072<->34.101.5.27:443
08:16:02.595 [main] DEBUG org.apache.hc.client5.http.impl.io.PoolingHttpClientConnectionManager - ep-00000005: connected http-outgoing-4
08:16:02.595 [main] DEBUG org.apache.hc.client5.http.impl.classic.InternalHttpClient - ep-00000005: endpoint connected
08:16:02.595 [main] DEBUG org.apache.hc.client5.http.impl.classic.MainClientExec - ex-00000006: executing GET /LATEST_RELEASE_117 HTTP/1.1
08:16:02.595 [main] DEBUG org.apache.hc.client5.http.impl.classic.InternalHttpClient - ep-00000005: start execution ex-00000006
08:16:02.595 [main] DEBUG org.apache.hc.client5.http.impl.io.PoolingHttpClientConnectionManager - ep-00000005: executing exchange ex-00000006 over http-outgoing-4
08:16:02.595 [main] DEBUG org.apache.hc.client5.http.headers - http-outgoing-4 >> GET /LATEST_RELEASE_117 HTTP/1.1
08:16:02.595 [main] DEBUG org.apache.hc.client5.http.headers - http-outgoing-4 >> user-agent: Apache-HttpClient/5.0
08:16:02.595 [main] DEBUG org.apache.hc.client5.http.headers - http-outgoing-4 >> accept-encoding: gzip, deflate, br
08:16:02.595 [main] DEBUG org.apache.hc.client5.http.headers - http-outgoing-4 >> cache-control: max-age=0
08:16:02.595 [main] DEBUG org.apache.hc.client5.http.headers - http-outgoing-4 >> connection: keep-alive
08:16:02.595 [main] DEBUG org.apache.hc.client5.http.headers - http-outgoing-4 >> Host: chromedriver.storage.googleapis.com
08:16:02.595 [main] DEBUG org.apache.hc.client5.http.wire - http-outgoing-4 >> "GET /LATEST_RELEASE_117 HTTP/1.1[\r][\n]"
08:16:02.595 [main] DEBUG org.apache.hc.client5.http.wire - http-outgoing-4 >> "user-agent: Apache-HttpClient/5.0[\r][\n]"
08:16:02.595 [main] DEBUG org.apache.hc.client5.http.wire - http-outgoing-4 >> "accept-encoding: gzip, deflate, br[\r][\n]"
08:16:02.595 [main] DEBUG org.apache.hc.client5.http.wire - http-outgoing-4 >> "cache-control: max-age=0[\r][\n]"
08:16:02.595 [main] DEBUG org.apache.hc.client5.http.wire - http-outgoing-4 >> "connection: keep-alive[\r][\n]"
08:16:02.595 [main] DEBUG org.apache.hc.client5.http.wire - http-outgoing-4 >> "Host: chromedriver.storage.googleapis.com[\r][\n]"
08:16:02.595 [main] DEBUG org.apache.hc.client5.http.wire - http-outgoing-4 >> "[\r][\n]"
08:16:02.828 [main] DEBUG org.apache.hc.client5.http.wire - http-outgoing-4 << "HTTP/1.1 404 Not Found[\r][\n]"
08:16:02.828 [main] DEBUG org.apache.hc.client5.http.wire - http-outgoing-4 << "X-GUploader-UploadID: ADPycdu04SMaIDzWUu4h_V78aBdCZuWnvrIhkQGU-wxLqJKyEtFUj1D6LRxBCYN70I_tF4DLVggq3ZN8CL2ohkKJgTafn5SueNdA[\r][\n]"
08:16:02.828 [main] DEBUG org.apache.hc.client5.http.wire - http-outgoing-4 << "Content-Type: application/xml; charset=UTF-8[\r][\n]"
08:16:02.828 [main] DEBUG org.apache.hc.client5.http.wire - http-outgoing-4 << "Content-Length: 193[\r][\n]"
08:16:02.828 [main] DEBUG org.apache.hc.client5.http.wire - http-outgoing-4 << "Date: Fri, 06 Oct 2023 01:16:04 GMT[\r][\n]"
08:16:02.828 [main] DEBUG org.apache.hc.client5.http.wire - http-outgoing-4 << "Expires: Fri, 06 Oct 2023 01:16:04 GMT[\r][\n]"
08:16:02.828 [main] DEBUG org.apache.hc.client5.http.wire - http-outgoing-4 << "Cache-Control: private, max-age=0[\r][\n]"
08:16:02.828 [main] DEBUG org.apache.hc.client5.http.wire - http-outgoing-4 << "Server: UploadServer[\r][\n]"
08:16:02.828 [main] DEBUG org.apache.hc.client5.http.wire - http-outgoing-4 << "Alt-Svc: h3=":443"; ma=2592000,h3-29=":443"; ma=2592000[\r][\n]"
08:16:02.828 [main] DEBUG org.apache.hc.client5.http.wire - http-outgoing-4 << "[\r][\n]"
08:16:02.828 [main] DEBUG org.apache.hc.client5.http.wire - http-outgoing-4 << "<?xml version='1.0' encoding='UTF-8'?><Error><Code>NoSuchKey</Code><Message>The specified key does not exist.</Message><Details>No such object: chromedriver/LATEST_RELEASE_117</Details></Error>"
08:16:02.828 [main] DEBUG org.apache.hc.client5.http.headers - http-outgoing-4 << HTTP/1.1 404 Not Found
08:16:02.828 [main] DEBUG org.apache.hc.client5.http.headers - http-outgoing-4 << X-GUploader-UploadID: ADPycdu04SMaIDzWUu4h_V78aBdCZuWnvrIhkQGU-wxLqJKyEtFUj1D6LRxBCYN70I_tF4DLVggq3ZN8CL2ohkKJgTafn5SueNdA
08:16:02.828 [main] DEBUG org.apache.hc.client5.http.headers - http-outgoing-4 << Content-Type: application/xml; charset=UTF-8
08:16:02.828 [main] DEBUG org.apache.hc.client5.http.headers - http-outgoing-4 << Content-Length: 193
08:16:02.828 [main] DEBUG org.apache.hc.client5.http.headers - http-outgoing-4 << Date: Fri, 06 Oct 2023 01:16:04 GMT
08:16:02.828 [main] DEBUG org.apache.hc.client5.http.headers - http-outgoing-4 << Expires: Fri, 06 Oct 2023 01:16:04 GMT
08:16:02.828 [main] DEBUG org.apache.hc.client5.http.headers - http-outgoing-4 << Cache-Control: private, max-age=0
08:16:02.828 [main] DEBUG org.apache.hc.client5.http.headers - http-outgoing-4 << Server: UploadServer
08:16:02.828 [main] DEBUG org.apache.hc.client5.http.headers - http-outgoing-4 << Alt-Svc: h3=":443"; ma=2592000,h3-29=":443"; ma=2592000
08:16:02.828 [main] DEBUG org.apache.hc.client5.http.impl.classic.MainClientExec - ex-00000006: connection can be kept alive for 3 MINUTES
08:16:02.828 [main] ERROR io.github.bonigarcia.wdm.online.HttpClient - Error HTTP 404 executing https://chromedriver.storage.googleapis.com/LATEST_RELEASE_117
08:16:02.828 [main] WARN io.github.bonigarcia.wdm.versions.VersionDetector - Exception reading https://chromedriver.storage.googleapis.com/LATEST_RELEASE_117 to get latest version of chromedriver (Error HTTP 404 executing https://chromedriver.storage.googleapis.com/LATEST_RELEASE_117)
08:16:02.828 [main] DEBUG io.github.bonigarcia.wdm.versions.VersionDetector - Getting driver version for chrome117 from online versions.properties
08:16:02.828 [main] DEBUG org.apache.hc.client5.http.impl.classic.InternalHttpClient - ex-00000007: preparing request execution
08:16:02.828 [main] DEBUG org.apache.hc.client5.http.protocol.RequestAddCookies - Cookie spec selected: strict
08:16:02.828 [main] DEBUG org.apache.hc.client5.http.protocol.RequestAuthCache - Auth cache not set in the context
08:16:02.828 [main] DEBUG org.apache.hc.client5.http.impl.classic.ProtocolExec - ex-00000007: target auth state: UNCHALLENGED
08:16:02.828 [main] DEBUG org.apache.hc.client5.http.impl.classic.ProtocolExec - ex-00000007: proxy auth state: UNCHALLENGED
08:16:02.828 [main] DEBUG org.apache.hc.client5.http.impl.classic.ConnectExec - ex-00000007: acquiring connection with route {s}->https://raw.githubusercontent.com:443
08:16:02.828 [main] DEBUG org.apache.hc.client5.http.impl.classic.InternalHttpClient - ex-00000007: acquiring endpoint (3 MINUTES)
08:16:02.828 [main] DEBUG org.apache.hc.client5.http.impl.io.PoolingHttpClientConnectionManager - ex-00000007: endpoint lease request (3 MINUTES) [route: {s}->https://raw.githubusercontent.com:443][total available: 1; route allocated: 1 of 5; total allocated: 2 of 25]
08:16:02.828 [main] DEBUG org.apache.hc.client5.http.impl.io.PoolingHttpClientConnectionManager - ex-00000007: endpoint leased [route: {s}->https://raw.githubusercontent.com:443][total available: 0; route allocated: 1 of 5; total allocated: 2 of 25]
08:16:02.828 [main] DEBUG org.apache.hc.client5.http.impl.io.PoolingHttpClientConnectionManager - ex-00000007: acquired ep-00000006
08:16:02.828 [main] DEBUG org.apache.hc.client5.http.impl.classic.InternalHttpClient - ex-00000007: acquired endpoint ep-00000006
08:16:02.828 [main] DEBUG org.apache.hc.client5.http.impl.classic.MainClientExec - ex-00000007: executing GET /bonigarcia/webdrivermanager/master/src/main/resources/versions.properties HTTP/1.1
08:16:02.828 [main] DEBUG org.apache.hc.client5.http.impl.classic.InternalHttpClient - ep-00000006: start execution ex-00000007
08:16:02.828 [main] DEBUG org.apache.hc.client5.http.impl.io.PoolingHttpClientConnectionManager - ep-00000006: executing exchange ex-00000007 over http-outgoing-3
08:16:02.841 [main] DEBUG org.apache.hc.client5.http.headers - http-outgoing-3 >> GET /bonigarcia/webdrivermanager/master/src/main/resources/versions.properties HTTP/1.1
08:16:02.841 [main] DEBUG org.apache.hc.client5.http.headers - http-outgoing-3 >> user-agent: Apache-HttpClient/5.0
08:16:02.841 [main] DEBUG org.apache.hc.client5.http.headers - http-outgoing-3 >> accept-encoding: gzip, deflate, br
08:16:02.842 [main] DEBUG org.apache.hc.client5.http.headers - http-outgoing-3 >> cache-control: max-age=0
08:16:02.842 [main] DEBUG org.apache.hc.client5.http.headers - http-outgoing-3 >> connection: keep-alive
08:16:02.842 [main] DEBUG org.apache.hc.client5.http.headers - http-outgoing-3 >> Host: raw.githubusercontent.com
08:16:02.842 [main] DEBUG org.apache.hc.client5.http.wire - http-outgoing-3 >> "GET /bonigarcia/webdrivermanager/master/src/main/resources/versions.properties HTTP/1.1[\r][\n]"
08:16:02.842 [main] DEBUG org.apache.hc.client5.http.wire - http-outgoing-3 >> "user-agent: Apache-HttpClient/5.0[\r][\n]"
08:16:02.842 [main] DEBUG org.apache.hc.client5.http.wire - http-outgoing-3 >> "accept-encoding: gzip, deflate, br[\r][\n]"
08:16:02.842 [main] DEBUG org.apache.hc.client5.http.wire - http-outgoing-3 >> "cache-control: max-age=0[\r][\n]"
08:16:02.842 [main] DEBUG org.apache.hc.client5.http.wire - http-outgoing-3 >> "connection: keep-alive[\r][\n]"
08:16:02.842 [main] DEBUG org.apache.hc.client5.http.wire - http-outgoing-3 >> "Host: raw.githubusercontent.com[\r][\n]"
08:16:02.842 [main] DEBUG org.apache.hc.client5.http.wire - http-outgoing-3 >> "[\r][\n]"
08:16:02.875 [main] DEBUG org.apache.hc.client5.http.wire - http-outgoing-3 << "HTTP/1.1 200 OK[\r][\n]"
08:16:02.875 [main] DEBUG org.apache.hc.client5.http.wire - http-outgoing-3 << "Connection: keep-alive[\r][\n]"
08:16:02.875 [main] DEBUG org.apache.hc.client5.http.wire - http-outgoing-3 << "Content-Length: 1625[\r][\n]"
08:16:02.875 [main] DEBUG org.apache.hc.client5.http.wire - http-outgoing-3 << "Cache-Control: max-age=300[\r][\n]"
08:16:02.875 [main] DEBUG org.apache.hc.client5.http.wire - http-outgoing-3 << "Content-Security-Policy: default-src 'none'; style-src 'unsafe-inline'; sandbox[\r][\n]"
08:16:02.875 [main] DEBUG org.apache.hc.client5.http.wire - http-outgoing-3 << "Content-Type: text/plain; charset=utf-8[\r][\n]"
08:16:02.875 [main] DEBUG org.apache.hc.client5.http.wire - http-outgoing-3 << "ETag: W/"51a99ebb5fa30c7285d42b08929913814dd238f6403d61fccadee50390eab957"[\r][\n]"
08:16:02.875 [main] DEBUG org.apache.hc.client5.http.wire - http-outgoing-3 << "Strict-Transport-Security: max-age=31536000[\r][\n]"
08:16:02.875 [main] DEBUG org.apache.hc.client5.http.wire - http-outgoing-3 << "X-Content-Type-Options: nosniff[\r][\n]"
08:16:02.875 [main] DEBUG org.apache.hc.client5.http.wire - http-outgoing-3 << "X-Frame-Options: deny[\r][\n]"
08:16:02.875 [main] DEBUG org.apache.hc.client5.http.wire - http-outgoing-3 << "X-XSS-Protection: 1; mode=block[\r][\n]"
08:16:02.875 [main] DEBUG org.apache.hc.client5.http.wire - http-outgoing-3 << "X-GitHub-Request-Id: ADC8:C8321:F9E48:13930E:651E6E7C[\r][\n]"
08:16:02.875 [main] DEBUG org.apache.hc.client5.http.wire - http-outgoing-3 << "Content-Encoding: gzip[\r][\n]"
08:16:02.875 [main] DEBUG org.apache.hc.client5.http.wire - http-outgoing-3 << "Accept-Ranges: bytes[\r][\n]"
08:16:02.875 [main] DEBUG org.apache.hc.client5.http.wire - http-outgoing-3 << "Date: Fri, 06 Oct 2023 01:16:05 GMT[\r][\n]"
08:16:02.875 [main] DEBUG org.apache.hc.client5.http.wire - http-outgoing-3 << "Via: 1.1 varnish[\r][\n]"
08:16:02.875 [main] DEBUG org.apache.hc.client5.http.wire - http-outgoing-3 << "X-Served-By: cache-qpg1269-QPG[\r][\n]"
08:16:02.875 [main] DEBUG org.apache.hc.client5.http.wire - http-outgoing-3 << "X-Cache: HIT[\r][\n]"
08:16:02.875 [main] DEBUG org.apache.hc.client5.http.wire - http-outgoing-3 << "X-Cache-Hits: 1[\r][\n]"
08:16:02.875 [main] DEBUG org.apache.hc.client5.http.wire - http-outgoing-3 << "X-Timer: S1696554965.003879,VS0,VE1[\r][\n]"
08:16:02.875 [main] DEBUG org.apache.hc.client5.http.wire - http-outgoing-3 << "Vary: Authorization,Accept-Encoding,Origin[\r][\n]"
08:16:02.875 [main] DEBUG org.apache.hc.client5.http.wire - http-outgoing-3 << "Access-Control-Allow-Origin: *[\r][\n]"
08:16:02.875 [main] DEBUG org.apache.hc.client5.http.wire - http-outgoing-3 << "Cross-Origin-Resource-Policy: cross-origin[\r][\n]"
08:16:02.875 [main] DEBUG org.apache.hc.client5.http.wire - http-outgoing-3 << "X-Fastly-Request-ID: 5afa7cab5868f97033dbc9a651497dc80cdff9e9[\r][\n]"
08:16:02.875 [main] DEBUG org.apache.hc.client5.http.wire - http-outgoing-3 << "Expires: Fri, 06 Oct 2023 01:21:05 GMT[\r][\n]"
08:16:02.875 [main] DEBUG org.apache.hc.client5.http.wire - http-outgoing-3 << "Source-Age: 22[\r][\n]"
08:16:02.875 [main] DEBUG org.apache.hc.client5.http.wire - http-outgoing-3 << "[\r][\n]"
08:16:02.875 [main] DEBUG org.apache.hc.client5.http.headers - http-outgoing-3 << HTTP/1.1 200 OK
08:16:02.875 [main] DEBUG org.apache.hc.client5.http.headers - http-outgoing-3 << Connection: keep-alive
08:16:02.875 [main] DEBUG org.apache.hc.client5.http.headers - http-outgoing-3 << Content-Length: 1625
08:16:02.875 [main] DEBUG org.apache.hc.client5.http.headers - http-outgoing-3 << Cache-Control: max-age=300
08:16:02.875 [main] DEBUG org.apache.hc.client5.http.headers - http-outgoing-3 << Content-Security-Policy: default-src 'none'; style-src 'unsafe-inline'; sandbox
08:16:02.875 [main] DEBUG org.apache.hc.client5.http.headers - http-outgoing-3 << Content-Type: text/plain; charset=utf-8
08:16:02.875 [main] DEBUG org.apache.hc.client5.http.headers - http-outgoing-3 << ETag: W/"51a99ebb5fa30c7285d42b08929913814dd238f6403d61fccadee50390eab957"
08:16:02.875 [main] DEBUG org.apache.hc.client5.http.headers - http-outgoing-3 << Strict-Transport-Security: max-age=31536000
08:16:02.875 [main] DEBUG org.apache.hc.client5.http.headers - http-outgoing-3 << X-Content-Type-Options: nosniff
08:16:02.875 [main] DEBUG org.apache.hc.client5.http.headers - http-outgoing-3 << X-Frame-Options: deny
08:16:02.875 [main] DEBUG org.apache.hc.client5.http.headers - http-outgoing-3 << X-XSS-Protection: 1; mode=block
08:16:02.875 [main] DEBUG org.apache.hc.client5.http.headers - http-outgoing-3 << X-GitHub-Request-Id: ADC8:C8321:F9E48:13930E:651E6E7C
08:16:02.875 [main] DEBUG org.apache.hc.client5.http.headers - http-outgoing-3 << Content-Encoding: gzip
08:16:02.875 [main] DEBUG org.apache.hc.client5.http.headers - http-outgoing-3 << Accept-Ranges: bytes
08:16:02.875 [main] DEBUG org.apache.hc.client5.http.headers - http-outgoing-3 << Date: Fri, 06 Oct 2023 01:16:05 GMT
08:16:02.875 [main] DEBUG org.apache.hc.client5.http.headers - http-outgoing-3 << Via: 1.1 varnish
08:16:02.875 [main] DEBUG org.apache.hc.client5.http.headers - http-outgoing-3 << X-Served-By: cache-qpg1269-QPG
08:16:02.875 [main] DEBUG org.apache.hc.client5.http.headers - http-outgoing-3 << X-Cache: HIT
08:16:02.875 [main] DEBUG org.apache.hc.client5.http.headers - http-outgoing-3 << X-Cache-Hits: 1
08:16:02.875 [main] DEBUG org.apache.hc.client5.http.headers - http-outgoing-3 << X-Timer: S1696554965.003879,VS0,VE1
08:16:02.875 [main] DEBUG org.apache.hc.client5.http.headers - http-outgoing-3 << Vary: Authorization,Accept-Encoding,Origin
08:16:02.875 [main] DEBUG org.apache.hc.client5.http.headers - http-outgoing-3 << Access-Control-Allow-Origin: *
08:16:02.875 [main] DEBUG org.apache.hc.client5.http.headers - http-outgoing-3 << Cross-Origin-Resource-Policy: cross-origin
08:16:02.875 [main] DEBUG org.apache.hc.client5.http.headers - http-outgoing-3 << X-Fastly-Request-ID: 5afa7cab5868f97033dbc9a651497dc80cdff9e9
08:16:02.875 [main] DEBUG org.apache.hc.client5.http.headers - http-outgoing-3 << Expires: Fri, 06 Oct 2023 01:21:05 GMT
08:16:02.881 [main] DEBUG org.apache.hc.client5.http.headers - http-outgoing-3 << Source-Age: 22
08:16:02.881 [main] DEBUG org.apache.hc.client5.http.impl.classic.MainClientExec - ex-00000007: connection can be kept alive for 3 MINUTES
08:16:02.881 [main] DEBUG org.apache.hc.client5.http.wire - http-outgoing-3 << "[0x1f][0xffffff8b][0x8][0x0][0x0][0x0][0x0][0x0][0x0][0x3][0xffffff8d][0xffffff97]Ko#7[0xc][0xffffffc7][0xffffffef][0xfffffff9][0x14][0x3][0xfffffff4][0x1c]YO[0xffffff8a][\n]"
08:16:02.881 [main] DEBUG org.apache.hc.client5.http.wire - http-outgoing-3 << "[0xffffffa0]K[0xffffff9f][0xffffffa7][0xffffffa2][0xffffff87][0xfffffff6][0xb]x[0xffffffed]Ib[0xffffffac][0xffffffe3][0x9]lg[0xffffffb3][0xffffffe8][0xffffffa7]/[0xfffffff5][0xffffffa0]F[0xffffff96][[0xffffffa0][0xffffff87]`[0xffffff97]?k$[0xffffff92][0xffffffe2]p[0xfffffffe][0xfffffffc]a[0xfffffffa][0xffffffeb][0xfffffff5]p[0xffffff99][0xffffff9e][0xf][0xffffffc7]y[0xffffffda]-[0xffffffa7][0xffffffeb][0xfffffff6]p[0xffffffba]L[0xffffffd7][0xffffffd7]y[0xfffffffa]zZ>O[0xffffffd3][0xfffffffe]|[0xfffffff8]6[0xffffff9f]'[0xfffffffa][0xffffffbb][0x1c][0x16][0xfffffffa]e[0xffffffb7][0xffffffbc][0xffffffbd]o[0xffffffaf][0xffffff87]/[0xffffffb4][0xfffffffa][0xfffffff3]p}[0xffffffcd]+w[0xffffffcb][0xfffffff9]<_[0xffffffde][0xffffff97][0xffffffd3][0xfffffffe]pz[0xffffff99][0xffffffbe][0xffffff9c][0xffffff97][0xffffffcf][0xffffffcb][0xfffffffa][0xffffffc8][0xffffffc3][0xffffffc3][0xf][0xffffffd3][0xffffff8f][0x5]=M[0xffffffbf]-[0xffffffcb][0xb]=[0xfffffff9][0xffffffd3][0xffffffeb]yy[0xffffff9b][0xffffffa7][0xffffffed]i_[0xfffffffe]{[0xfffffff8]x[0xffffff9b][0x1e][0xffffffa7][0xffffff9f][0xfffffff3]QO[0xffffffd3].[0xffffffff]Z[0xe][0xffffffa6][0xffffff87][0xffffffff]\>[0xffffffce][0xffffffbb][0xfffffff9]iz[0xffffffbd]^[0xffffffdf][0xffffff9f]6[0xffffff9b][0xfffffffe]W[0xffffffb1][0xffffffab]O[0xffffff8b][0xffffffe5][0xfffffffc][0xffffffb2][0xffffffd9][0xffffff93][0xffffffbf][0xffffffc7]e[0xffffffbb][0xffffffbf]<[0xffffff94]5J[0xffffffd9]H[0x7f]B[\n]"
08:16:02.881 [main] DEBUG org.apache.hc.client5.http.wire - http-outgoing-3 << "[0xffffffe7][0xffffff8d][0x13]A6n[0xffffff88][0xffffff9b][0xffffffc4][0xffffffc1]k[0x1][0xffffffa6]qM\g[0xffffffae][0xffffff9c][0xffffffb0][0xffffffa1]qE\%[0xffffffee][0xffffffc0][0x8][0xffffffb0][0xffffff8d]K[0xffffffe2]2q[0xffffff8b]Jx[0xffffffcf]\[0xffffff86]H[0x7f][0xffffff99][0xffffffd3][0xfffffff1][0xffffffbe][0xffffffad][0xffffff97]H[0x1c][0x13]7.[0x8][0xffffffaf][0x1a][0xfffffff7][0xffffffc4]}[0xffffffe6][0xffffffd2][\n]"
08:16:02.881 [main] DEBUG org.apache.hc.client5.http.wire - http-outgoing-3 << "[0xffffffd0][0xffffff8d][0x3]qH\[0xffffffdb] `][0xffffffef][0xffffff88][0xffffffbb][0xffffffc4]Up[0xfffffff4]c[0xffffffe3][0x14][0xffffffaf][0xffffffcc][0xfffffff1][0xffffffa6]0|[0xfffffff3]_R[0xffffffbc]2[0xffffffc7]+A[\n]"
08:16:02.881 [main] DEBUG org.apache.hc.client5.http.wire - http-outgoing-3 << "eV[0xffffff87](`[0xffffff99][0x3][0xffffff96][0xffffffb4]_w[0x0][0x5],S[0xffffffc0]68%[0xffffffec][0xffffffca])`[0xffffff99][0x2][0xffffffb6][0x18]@[0x0]'4[0xffffff84][0x18]B[0xffffffa6][0xffffffd6][0xffffffd2][0xffffffd9]L1[0xffffff86][0x14][0xffffffac][0xfffffff5][0xe][0x5][0x1d][0xffffffc3][0xffffffd8][0xffffffc7][0xffffff90]b[0xffffffb5][0x10][0xfffffff4][0xffffff9a][0xffffff83][0x0]1@[0xffffffa6]`[0xffffff85]uL][0xc].S[0xffffff83][0x2]8[0xffffff9e]`c[0xffffffb0][0xffffff99]Rr[0xffffffe8]"[0x19][0xffffff9b][0x18]R[0xffffff90][0xffffffd6]y[0xffffffbf]^j[0xffffffd0]1[0xffffffe8]L[0xffffffe9]J)[0xffffffcb][0xffffff8c]U[0xc]9@K[0x15]@[0xffffffb1]2[0xffffff96]1[0xffffffe4][0xfffffff8][0xffffffac][0xffffff91]Bs[0xffffff9e]0D[0xffffffcc][0xfffffff1][0x19][0xfffffffa]G[0xfffffff3][0xffffffce][0xffffff88][0x11]s|F[[0x11][0xffffff80][0xffffffa9][0xffffff8f][0xffffff98][0xffffffc3][0xffffffd3]([0x5]"S[0xffffff88][0xffffff98][0xffffffc3][0xffffffd3][0xffffff96][0xfffffff6][0xffffffe5]T[0xffffffa0][0xffffff8b][0xffffff98][0xffffffc3]Sh[0x4][0xffffffb2]kh#[0xffffffe6][0xfffffff0][0xffffff94][0xfffffff5][0xffffffc2]p[0xffffff8e][0xffffffd1]D[0xffffffcc][0xffffffd1][0xffffffa5][0xffffff9b]4[0xffffff9c][\n]"
08:16:02.881 [main] DEBUG org.apache.hc.client5.http.wire - http-outgoing-3 << "T[0x11]s[0x18][0xffffff92]2[0xffffffaf]L;NFLa[0xffffff98]@[0xffffffbe]P[0x9]U[0xffffffec]C[0xfffffff4]!c[0xffffffeb][0xffffff84]i[0x14][0xffffffa3][0xffffffc7]L[0xffffffa9]v[0xffffffa8][0xffffffae][0x18][0xfffffffb][0xffffffe8]S [0x6][0xffffff81][0xffffffde][0x5]v[0xffffffc3]C[0xfffffff4][0xffffff90])[0x15][0xffffffb8][0xffffffd2]m[0xf][0x17]}[0xffffff8a][0xffffffc4]xO[0x5][0xffffffb6][0xffffffae][0xffffffb6][0xffffffd1][0xffffffdb][0xffffff8c]5[0xffffffd5]/C[0x13]}[0xffffff8a][0xffffffc4][0x0][0x5][0x4][0xffffffec][0xffffffb2][0xffffffd7]Q[0xffffffd3][0xffffff8d][0xffffffb2][0xffffffa5]n,[0xffffff99],v[0xc]B[0xffffffb2][0xfffffff8]n[0x0][0xffffff93][0xffffffc5][0x19][0x5][0xffffff9f],[0xffffffbe]M[0xffffff80]d[0xffffffb1]3[0xffffffe0][0xffffffc8]j)[0x2][0xffffff9b],[0xffffffce]9[0xffffff98]d[0xfffffff1]y[0xffffff90]|1[0xffffffed][0xffffffbc][0xffffffe4]K{g [0xfffffff9]b[0xffffffcc]MW[0xfffffffb]}[0xfffffff9][0xfffffffb]p<n[0xffffffa7]_[0xf][0xffffffe7][0xfffffff9]y[0xfffffff9][0xffffffde][0xffffffb5][0xffffffb2][0xffffff97]y[0xfffffff7]u[0xfffffff9][0xffffffd7]Nv[0xffffffa1]V[0xfffffff6]B[\r][0xfffffff4][0xffffffe3][0xffffff8b][0xffffffa0][0xffffff96][0xffffffba]y+[l[0xffffffba][0x7]6[0xffffffe7][0xfffffff9]8o/[0xfffffff3][0xffffffe5][0xffffffe1][0xffffffb9][0xffffffec][0xffffffab][0x14]FJ[0x1b][0xffffffe5]n%[0xfffffffe][0xffffff8e][0xffffffc0][0x1d]qw[0xffffffc4][0xffffffde][0x11]sG[0xfffffff4][0x1d]QwD&[0xffffffa2][0xffffff85]n[0xffffff84]:_&[0xffffffeb][0x1a][0xffffff89]w[0xffffffc4][0xffffffdf][0x11][0xffffffb8]#[0xffffffee][0xffffff8e]d[0xffffff9f]UO[0xffffffcc][0x1d][0xffffffd1]wD[0xffffffdd][0x11]9[0xffffff90][0x10]F[0xffffff80]#[0xfffffff0]#[0xffffff80][0x11][0xffffffb8][0x11][0xffffff8c][0xffffffde][0xffffff86][0xffffffd1][0xffffffd9]0[0xfffffffa][0x1a]FWC[0xfffffff2][0xffffff94][0xffffffde][0xffffff9b][0xe][0xffffff88][0xffffffe3][0xffffffe1][0xfffffff4][0xfffffff1][0xffffffbd]`[0xffffffc5][0x18][0xffffffc3][0xffffffb0][0xe]q[0x4]~[0x4]0[0x2]7[0x2];[0xffffff82][0x14][0xffffff80][0xffffffc6][0xe][0xffffffe8][0x11][0xffffffa4][0x0][0xffffffb4][0xffffffef][0xffffff80][0x1c][0xffffff80][0xf]#[0xffffffc8][0xffffff9e]B[0x7][0xfffffffc][0x8]`[0x4]n[0x4]v[0x4]f[0x4]z[0x4]j[0x4]r[0x0][0x10]F[0xffffff90]=u[0x1d][0xffffffc8][0xffffff9e][0xffffffda][0xe][0xffffffc0][0x8][0xffffffdc][0x8][0xffffffb2][0xffffffa7][0xffffffdd][0xb][0x4]f[0x4][0xffffffd9][0xffffffd3][0xffffffae][0xffffffec]!{[0xffffffda][0x15][0x5][0xffffffc8][0x1][0xffffffb8]0[0x2][0x1c][0xffffff81][0x1f]A[0xfffffff6]Tv[0xffffffc0]1[0xffffffe8][0xffffffbb][0xffffffda][0x1f][0xffffffef][0xfffffff3]y[0xffffffdb][0xfffffff5][0xffffffb2]%[0xffffffd9][0xffffffff][0xffffffa7][0xffffff97][0xffffffe5][0xffffff85][0xffffff97][0xffffffe5][0xfffffff9][0xfffffffa][0xffffffb9]=[0xffffffcf][0xffffffc5]b[0xffffff9d]6v[0xffffffb6][0xfffffffc]c[0xffffffd6]'*[0xffffffeb][0xffffff9f]@[0xffffffdf]ye4[0xfffffff3][0xffffffa4][0xffffffc7][0xffffffb2][0xfffffffe]A[0xfffffffa]`[0x5][0xffffffcf]8[0xffffffc9][0xffffffb1],[0x7f]<[0xffffffbd][0x12][0xffffff8a]4D[0xffffffe5][0xffffffb2][0xffffff97]{[0xffffffd4][0xffffff9d][\n]"
08:16:02.881 [main] DEBUG org.apache.hc.client5.http.wire - http-outgoing-3 << "[0xffffffa7][0x17][0xffffffbc]S{J[0xffffffd7]m[0xffffffe8]5[0xffffffef][0xffffffc4][0x1e]2[0xfffffff5]7R[0xffffffcf]U[\n]"
08:16:02.881 [main] DEBUG org.apache.hc.client5.http.wire - http-outgoing-3 << "[0xffffffbd][0xffffffd0][0xffffffa3][0xffffff83]*v[0xffffffbd][0xffffffce]S[0xffffff9a][0xffffffb1][0xffffffed]e^[0x8][0xffffff95][0xffffff9a]^[0xffffffe4][0xffffff91]2(T[0xfffffff7][0x12]O)^[0xffffffac]z[0xffffff85][0xffffff97][0xffffffc4]S[0xffffffc1][0xffffffb2][0x17]xX[0x3][0xffffffc7][0xffffffd0][0xffffffcb];[0xffffff80]Jq[0xffffffd0]v[0xffffff85][0xfffffffa]^[0xffffffd9][0xffffff91][0xffffff94]-[0x14]z][0xffffffd7]RD][0xffffffe1]F[0xffffffd7][0x15]h;Y[0xffffff87][0xffffffd5]1[0xffffffea][0xe]7[0xffffffa2][0xffffffae]@}[0xffffffab][0xffffffe9][\n]"
08:16:02.881 [main] DEBUG org.apache.hc.client5.http.wire - http-outgoing-3 << "T[0xffffff9d][0xffffffa4]s|[0xffffffbe][0xffffffec][0x14][0x1d][0xffffffbb]J[0xffffffdd][0xffffffe2]F[0xffffffcf][0x15][0xffffff88][0xffffff83][0xffffff9c]+[0xffffffd4]wj[0xffffffce]3[0xffffff84]N[0xffffffcb]a=[0xffffff9e][0xffffffda][0xffffffc7]*[0xffffffe5][0xffffffd8]{j![0xffffffab][0xffffff92][0xffffffa3][0x4]Wj:%[0x7][0xffffffbc][0xffffffa9][0xffffffee][0xffffff84][0x1c][0xffffffd6][0xb][0xffffffa7]~[0xffffffb2][0xffffffea][0xffffffb8]vY[0xffffffd4]TV[0x1d][0xffffff87][0xfffffff5]b[0xffffffa9][0xffffffb1][0xffffffac]2[0xffffff8e]+[0xffffff9a][0xffffff9a]K[0xffffffa7][0xffffffe2]T[\r][0xffffff95]:L/[0xffffffe2][0xffffffea]Y[0xffffffd4]fV[\r][0xffffffe7]yW[0xffffffd7]I8.ej7[0xffffffab][0xffffff80]k[0xffffffc5]I=[0xffffffa7][0x13]p[0xfffffffc][0xffffffaa]Q[0xffffffe3][0xffffffe9][0xfffffff4][;[0xffffffab][0xffffffea][0xffffffae]l[0xffffffb8][0xffffffd0][0x1b]Uu[0x15][0xffffffa3][0xffffff8a][0xffffffae]bT[0xffffffcd]U[0xffffff8c]*[0xffffffb9][0xffffff8a]Q[0x15]W1[0xffffffaa][0xffffffe0]*F[0xffffffd5][[0xffffffc5]PE`[0x15]Cv[0xffffff86]M[0x1e][0xffffffb0][0xffffffc7]6y`[0xffffffea]96y[0xffffffa0]k2,[0x14][0xffffffe3]F[0xffffffa1][0x1d]v[0xffffffe7]%[0xffffffb5][0xffffffa4][0xffffffe9][0xffffff97][0xfffffffd][0xffffffcb][0xffffffdc]5[0xffffffb5][0xffffffb7][0xffffffcb]L[0xffffffe0]?[0xffffffbb][0xffffffda]~[0xfffffffe]6[0x1f][0xffffffd3][0xffffffae][0xffffffe2][0xffffff8d]w[0xffffffc8]-n>=~\6[0xffffff8d]=[0xffffffa6]M6[0xffffffd7]e9^6[0xffffff9f][0xfffffff3][0xffffff97][0xffffffda][0xffffffe5][0x1e][0x12]][0xffffff87]P[0xffffff85][0xffffffd4][0xffffffea][0x15]V[0xffffffca]#[0xffffffa8][0xfffffff2][0xffffffa4][0xffffff90])[0xffffff93][0xffffff85][0xfffffff2][0x0][0xffffffaa][0xffffffbc][0xffffffce][0xffffff85]\([0xffffff8f][0xffffff9f][\n]"
08:16:02.881 [main] DEBUG org.apache.hc.client5.http.wire - http-outgoing-3 << "@[0xffffffa5][0xfffffff1][0xffffffb0]P[0x1e]>[0xffffff95][0xffffffa3][0xfffffffa][0xffffffa0][0xffffffec]e[0xffffffda]FO[0xffffffe5][0x14][\n]"
08:16:02.881 [main] DEBUG org.apache.hc.client5.http.wire - http-outgoing-3 << "_Ok[0xffffff83][0xffffffa7][0xffffffb2]@[0xfffffffb]B[0xffffffa5]<v[0xffffff92]`O[0x1f][0xffffffe5][0x2]y[0xffffffe6]T[0xffffffc6][0xffffffa7]O`[0xffffffa5]<q[0xffffffd2][0xfffffff0]h[0xffffffa8][0xffffff83]U[0xffffffca][0xfffffff3][0xffffffa6][0xffffffd2][0xfffffff4][0xffffffa6]z[0xffffffde][0xffffff81][0xffffffa7]M[0x1a][0xf]l[0xb][0xffffffa2][0xffffff8d][0xffffff9a]JS[0xffffffe1][0xffffff92]|/"
08:16:02.881 [main] DEBUG org.apache.hc.client5.http.wire - http-outgoing-3 << "[0xffffff94][0x7]M[0xffffffa5][0xffffff95]\[0xfffffff7][0xffffffe5]1[0xffffff93][0x14][0xffffffaf]K[0xffffffc3]N[0xffffffa2]<dR[0xffffffeb]O[0xffffff8d][0xffffffa2][0xffffffb0]:b[0xffffffaa][0x14]]M[0xc][0xffffffcf][0xffffff97][0x14][0xffffff9a]n[0xffffffac]N[0xffffff97][0x14][0xffffff83]m[0xffffffac][0xffffffce][0xffffff96][0xffffffe4]U;[0xffffff99]'[0xffffffcb]@=[0xffffffc6][0xffffffa8][0xffffff82][0xffffffea]T[0x19]([0xfffffff5][0xffffffa6][0xffffffae][0xffffffaa]#e[0xffffff90][0xffffffeb][0x1]u[0xffffff9c][0xffffffc4][0xffffffd4][0xffffffe9][0xffffffea][0xffffff83]u[0xffffff94]D[\n]"
08:16:02.881 [main] DEBUG org.apache.hc.client5.http.wire - http-outgoing-3 << "[0xffffffac][0x10][0x1e]#[0xffffffd3][0xffffff8d][0xffffff97][0xffffff8b][0xffffffe1][0x11][0xffffffd2]Sn[0xffffffeb]c<?[0x2][0xffffff84]z%<;[0x2][0xffffff95][0x4][0xffffff94]\[0xfffffff0][0xffffffe0][0xffffffe8]R[0xffffff82][0xffffffeb][0xffffffaa]:5[0xffffffba][0xffffffac]82[0xffffffe1][0xffffff89][0xffffff91]Z[0xffffff83][0xffffffab][0xffffffe7]Q[0xfffffff7]*[0xffffffdd]3[0xffffffb0]O<@[0xffffffd2]w[0xffffffb6]^U[0x1b][0x1e])b[0xffffffaa][0xffffffbb][0xffffffcc][0xffffffda][0xffffffe4][0xffffff98]j[0xffffffb6][0xffffff90]:5j[0xffffffcf][0xffffffa5][0xffffffc3][0x3][0xffffffa3]6[0xffffff8d][0xffffffd4]a1[0xffffffb5][0xffffffc5]J[0xffffffea][0xffffff9c][0xffffffa8][0xc][\r][0xffffffd2][0x5]Y[0x1b][0xffffffdf][0xffffffcf][0xfffffff3][0xffffffe3][0xffffffe1]t[0xffffffb9]n[0xffffff8f][0xffffffc7]y_[0xffffffa0][0xffffff8e][0xffffff90][0xffffffbe][0xffffffec][0xffffffa6][0xffffffd4][0xffffff89]U[0xffffff91]Z[0x18][0xffffffe8]P[0xffffffc2][0xffffffb7]2R[0xffffff9f][0xffffffa4][0xffffffaf]][0xffffffb9][0xf][0xffffff83][0xffffff91]^,kB1uj:t[0xffffffd3]XjDS1[0xffffffa5]K[0xffffffa6][0xffffff9e][0xfffffff4][0xf][0x3][0x1][0xffffffec][0xffffffa6][0xffffffeb][0x12][0x0][0x0]"
08:16:02.881 [main] DEBUG org.apache.hc.client5.http.impl.classic.InternalHttpClient - ep-00000006: releasing valid endpoint
08:16:02.881 [main] DEBUG org.apache.hc.client5.http.impl.io.PoolingHttpClientConnectionManager - ep-00000006: releasing endpoint
08:16:02.881 [main] DEBUG org.apache.hc.client5.http.impl.io.PoolingHttpClientConnectionManager - ep-00000006: connection http-outgoing-3 can be kept alive for 3 MINUTES
08:16:02.881 [main] DEBUG org.apache.hc.client5.http.impl.io.PoolingHttpClientConnectionManager - ep-00000006: connection released [route: {s}->https://raw.githubusercontent.com:443][total available: 1; route allocated: 1 of 5; total allocated: 2 of 25]
08:16:02.881 [main] DEBUG io.github.bonigarcia.wdm.versions.VersionDetector - Driver for chrome117 not found in online properties (using local versions.properties)
08:16:02.881 [main] DEBUG io.github.bonigarcia.wdm.WebDriverManager - The driver version for CHROME 117 is unknown ... trying with latest
08:16:02.881 [main] DEBUG org.apache.hc.client5.http.impl.classic.InternalHttpClient - ex-00000008: preparing request execution
08:16:02.881 [main] DEBUG org.apache.hc.client5.http.protocol.RequestAddCookies - Cookie spec selected: strict
08:16:02.881 [main] DEBUG org.apache.hc.client5.http.protocol.RequestAuthCache - Auth cache not set in the context
08:16:02.881 [main] DEBUG org.apache.hc.client5.http.impl.classic.ProtocolExec - ex-00000008: target auth state: UNCHALLENGED
08:16:02.881 [main] DEBUG org.apache.hc.client5.http.impl.classic.ProtocolExec - ex-00000008: proxy auth state: UNCHALLENGED
08:16:02.881 [main] DEBUG org.apache.hc.client5.http.impl.classic.ConnectExec - ex-00000008: acquiring connection with route {s}->https://chromedriver.storage.googleapis.com:443
08:16:02.881 [main] DEBUG org.apache.hc.client5.http.impl.classic.InternalHttpClient - ex-00000008: acquiring endpoint (3 MINUTES)
08:16:02.881 [main] DEBUG org.apache.hc.client5.http.impl.io.PoolingHttpClientConnectionManager - ex-00000008: endpoint lease request (3 MINUTES) [route: {s}->https://chromedriver.storage.googleapis.com:443][total available: 1; route allocated: 1 of 5; total allocated: 2 of 25]
08:16:02.881 [main] DEBUG org.apache.hc.client5.http.impl.io.PoolingHttpClientConnectionManager - ex-00000008: endpoint leased [route: {s}->https://chromedriver.storage.googleapis.com:443][total available: 1; route allocated: 2 of 5; total allocated: 3 of 25]
08:16:02.881 [main] DEBUG org.apache.hc.client5.http.impl.io.PoolingHttpClientConnectionManager - ex-00000008: acquired ep-00000007
08:16:02.881 [main] DEBUG org.apache.hc.client5.http.impl.classic.InternalHttpClient - ex-00000008: acquired endpoint ep-00000007
08:16:02.881 [main] DEBUG org.apache.hc.client5.http.impl.classic.ConnectExec - ex-00000008: opening connection {s}->https://chromedriver.storage.googleapis.com:443
08:16:02.881 [main] DEBUG org.apache.hc.client5.http.impl.classic.InternalHttpClient - ep-00000007: connecting endpoint (30 SECONDS)
08:16:02.881 [main] DEBUG org.apache.hc.client5.http.impl.io.PoolingHttpClientConnectionManager - ep-00000007: connecting endpoint to https://chromedriver.storage.googleapis.com:443 (30 SECONDS)
08:16:02.881 [main] DEBUG org.apache.hc.client5.http.impl.io.DefaultHttpClientConnectionOperator - http-outgoing-5: connecting to chromedriver.storage.googleapis.com/34.101.5.27:443
08:16:02.881 [main] DEBUG org.apache.hc.client5.http.ssl.SSLConnectionSocketFactory - Connecting socket to chromedriver.storage.googleapis.com/34.101.5.27:443 with timeout 30 SECONDS
08:16:02.898 [main] DEBUG org.apache.hc.client5.http.ssl.SSLConnectionSocketFactory - Enabled protocols: [TLSv1.3, TLSv1.2]
08:16:02.898 [main] DEBUG org.apache.hc.client5.http.ssl.SSLConnectionSocketFactory - Enabled cipher suites: [TLS_AES_256_GCM_SHA384, TLS_AES_128_GCM_SHA256, TLS_CHACHA20_POLY1305_SHA256, TLS_ECDHE_ECDSA_WITH_AES_256_GCM_SHA384, TLS_ECDHE_ECDSA_WITH_AES_128_GCM_SHA256, TLS_ECDHE_ECDSA_WITH_CHACHA20_POLY1305_SHA256, TLS_ECDHE_RSA_WITH_AES_256_GCM_SHA384, TLS_ECDHE_RSA_WITH_CHACHA20_POLY1305_SHA256, TLS_ECDHE_RSA_WITH_AES_128_GCM_SHA256, TLS_DHE_RSA_WITH_AES_256_GCM_SHA384, TLS_DHE_RSA_WITH_CHACHA20_POLY1305_SHA256, TLS_DHE_DSS_WITH_AES_256_GCM_SHA384, TLS_DHE_RSA_WITH_AES_128_GCM_SHA256, TLS_DHE_DSS_WITH_AES_128_GCM_SHA256, TLS_ECDHE_ECDSA_WITH_AES_256_CBC_SHA384, TLS_ECDHE_RSA_WITH_AES_256_CBC_SHA384, TLS_ECDHE_ECDSA_WITH_AES_128_CBC_SHA256, TLS_ECDHE_RSA_WITH_AES_128_CBC_SHA256, TLS_DHE_RSA_WITH_AES_256_CBC_SHA256, TLS_DHE_DSS_WITH_AES_256_CBC_SHA256, TLS_DHE_RSA_WITH_AES_128_CBC_SHA256, TLS_DHE_DSS_WITH_AES_128_CBC_SHA256, TLS_ECDH_ECDSA_WITH_AES_256_GCM_SHA384, TLS_ECDH_RSA_WITH_AES_256_GCM_SHA384, TLS_ECDH_ECDSA_WITH_AES_128_GCM_SHA256, TLS_ECDH_RSA_WITH_AES_128_GCM_SHA256, TLS_ECDH_ECDSA_WITH_AES_256_CBC_SHA384, TLS_ECDH_RSA_WITH_AES_256_CBC_SHA384, TLS_ECDH_ECDSA_WITH_AES_128_CBC_SHA256, TLS_ECDH_RSA_WITH_AES_128_CBC_SHA256, TLS_ECDHE_ECDSA_WITH_AES_256_CBC_SHA, TLS_ECDHE_RSA_WITH_AES_256_CBC_SHA, TLS_ECDHE_ECDSA_WITH_AES_128_CBC_SHA, TLS_ECDHE_RSA_WITH_AES_128_CBC_SHA, TLS_DHE_RSA_WITH_AES_256_CBC_SHA, TLS_DHE_DSS_WITH_AES_256_CBC_SHA, TLS_DHE_RSA_WITH_AES_128_CBC_SHA, TLS_DHE_DSS_WITH_AES_128_CBC_SHA, TLS_ECDH_ECDSA_WITH_AES_256_CBC_SHA, TLS_ECDH_RSA_WITH_AES_256_CBC_SHA, TLS_ECDH_ECDSA_WITH_AES_128_CBC_SHA, TLS_ECDH_RSA_WITH_AES_128_CBC_SHA, TLS_RSA_WITH_AES_256_GCM_SHA384, TLS_RSA_WITH_AES_128_GCM_SHA256, TLS_RSA_WITH_AES_256_CBC_SHA256, TLS_RSA_WITH_AES_128_CBC_SHA256, TLS_RSA_WITH_AES_256_CBC_SHA, TLS_RSA_WITH_AES_128_CBC_SHA, TLS_EMPTY_RENEGOTIATION_INFO_SCSV]
08:16:02.898 [main] DEBUG org.apache.hc.client5.http.ssl.SSLConnectionSocketFactory - Starting handshake
08:16:02.941 [main] DEBUG org.apache.hc.client5.http.ssl.SSLConnectionSocketFactory - Secure session established
08:16:02.941 [main] DEBUG org.apache.hc.client5.http.ssl.SSLConnectionSocketFactory -  negotiated protocol: TLSv1.3
08:16:02.941 [main] DEBUG org.apache.hc.client5.http.ssl.SSLConnectionSocketFactory -  negotiated cipher suite: TLS_AES_256_GCM_SHA384
08:16:02.941 [main] DEBUG org.apache.hc.client5.http.ssl.SSLConnectionSocketFactory -  peer principal: CN=*.storage.googleapis.com
08:16:02.941 [main] DEBUG org.apache.hc.client5.http.ssl.SSLConnectionSocketFactory -  peer alternative names: [*.storage.googleapis.com, *.googleapis.com, commondatastorage.googleapis.com, *.commondatastorage.googleapis.com, storage.googleapis.com, storage-p2.googleapis.com, *.storage-p2.googleapis.com, storage.mtls.googleapis.com, *.appspot.com.storage.googleapis.com, *.content-storage.googleapis.com, *.content-storage-p2.googleapis.com, *.content-storage-upload.googleapis.com, *.content-storage-download.googleapis.com, *.storage-upload.googleapis.com, *.storage-download.googleapis.com]
08:16:02.941 [main] DEBUG org.apache.hc.client5.http.ssl.SSLConnectionSocketFactory -  issuer principal: CN=GTS CA 1C3, O=Google Trust Services LLC, C=US
08:16:02.941 [main] DEBUG org.apache.hc.client5.http.impl.io.DefaultHttpClientConnectionOperator - http-outgoing-5: connection established 192.168.100.42:64073<->34.101.5.27:443
08:16:02.941 [main] DEBUG org.apache.hc.client5.http.impl.io.PoolingHttpClientConnectionManager - ep-00000007: connected http-outgoing-5
08:16:02.941 [main] DEBUG org.apache.hc.client5.http.impl.classic.InternalHttpClient - ep-00000007: endpoint connected
08:16:02.941 [main] DEBUG org.apache.hc.client5.http.impl.classic.MainClientExec - ex-00000008: executing GET /LATEST_RELEASE HTTP/1.1
08:16:02.941 [main] DEBUG org.apache.hc.client5.http.impl.classic.InternalHttpClient - ep-00000007: start execution ex-00000008
08:16:02.941 [main] DEBUG org.apache.hc.client5.http.impl.io.PoolingHttpClientConnectionManager - ep-00000007: executing exchange ex-00000008 over http-outgoing-5
08:16:02.941 [main] DEBUG org.apache.hc.client5.http.headers - http-outgoing-5 >> GET /LATEST_RELEASE HTTP/1.1
08:16:02.941 [main] DEBUG org.apache.hc.client5.http.headers - http-outgoing-5 >> user-agent: Apache-HttpClient/5.0
08:16:02.941 [main] DEBUG org.apache.hc.client5.http.headers - http-outgoing-5 >> accept-encoding: gzip, deflate, br
08:16:02.941 [main] DEBUG org.apache.hc.client5.http.headers - http-outgoing-5 >> cache-control: max-age=0
08:16:02.941 [main] DEBUG org.apache.hc.client5.http.headers - http-outgoing-5 >> connection: keep-alive
08:16:02.941 [main] DEBUG org.apache.hc.client5.http.headers - http-outgoing-5 >> Host: chromedriver.storage.googleapis.com
08:16:02.941 [main] DEBUG org.apache.hc.client5.http.wire - http-outgoing-5 >> "GET /LATEST_RELEASE HTTP/1.1[\r][\n]"
08:16:02.941 [main] DEBUG org.apache.hc.client5.http.wire - http-outgoing-5 >> "user-agent: Apache-HttpClient/5.0[\r][\n]"
08:16:02.941 [main] DEBUG org.apache.hc.client5.http.wire - http-outgoing-5 >> "accept-encoding: gzip, deflate, br[\r][\n]"
08:16:02.941 [main] DEBUG org.apache.hc.client5.http.wire - http-outgoing-5 >> "cache-control: max-age=0[\r][\n]"
08:16:02.941 [main] DEBUG org.apache.hc.client5.http.wire - http-outgoing-5 >> "connection: keep-alive[\r][\n]"
08:16:02.941 [main] DEBUG org.apache.hc.client5.http.wire - http-outgoing-5 >> "Host: chromedriver.storage.googleapis.com[\r][\n]"
08:16:02.941 [main] DEBUG org.apache.hc.client5.http.wire - http-outgoing-5 >> "[\r][\n]"
08:16:02.959 [main] DEBUG org.apache.hc.client5.http.wire - http-outgoing-5 << "HTTP/1.1 200 OK[\r][\n]"
08:16:02.959 [main] DEBUG org.apache.hc.client5.http.wire - http-outgoing-5 << "X-GUploader-UploadID: ADPycdtlv5hyKNxkNAPoXZam3m80ckJ0H-Ebjpx_73hqg_-MuXohMxIalbpmUb0_5biLUD8lFSrTzvfL6YS-efZL0_eYGq5S2akq[\r][\n]"
08:16:02.959 [main] DEBUG org.apache.hc.client5.http.wire - http-outgoing-5 << "x-goog-generation: 1685523462105569[\r][\n]"
08:16:02.959 [main] DEBUG org.apache.hc.client5.http.wire - http-outgoing-5 << "x-goog-metageneration: 1[\r][\n]"
08:16:02.959 [main] DEBUG org.apache.hc.client5.http.wire - http-outgoing-5 << "x-goog-stored-content-encoding: identity[\r][\n]"
08:16:02.959 [main] DEBUG org.apache.hc.client5.http.wire - http-outgoing-5 << "x-goog-stored-content-length: 13[\r][\n]"
08:16:02.959 [main] DEBUG org.apache.hc.client5.http.wire - http-outgoing-5 << "x-goog-hash: crc32c=tVW4TA==[\r][\n]"
08:16:02.959 [main] DEBUG org.apache.hc.client5.http.wire - http-outgoing-5 << "x-goog-hash: md5=NoaEuIlBlniwTkiZ1T16sA==[\r][\n]"
08:16:02.959 [main] DEBUG org.apache.hc.client5.http.wire - http-outgoing-5 << "x-goog-storage-class: STANDARD[\r][\n]"
08:16:02.959 [main] DEBUG org.apache.hc.client5.http.wire - http-outgoing-5 << "Accept-Ranges: bytes[\r][\n]"
08:16:02.959 [main] DEBUG org.apache.hc.client5.http.wire - http-outgoing-5 << "Content-Length: 13[\r][\n]"
08:16:02.959 [main] DEBUG org.apache.hc.client5.http.wire - http-outgoing-5 << "Server: UploadServer[\r][\n]"
08:16:02.959 [main] DEBUG org.apache.hc.client5.http.wire - http-outgoing-5 << "Date: Fri, 06 Oct 2023 01:08:29 GMT[\r][\n]"
08:16:02.959 [main] DEBUG org.apache.hc.client5.http.wire - http-outgoing-5 << "Expires: Fri, 06 Oct 2023 02:08:29 GMT[\r][\n]"
08:16:02.959 [main] DEBUG org.apache.hc.client5.http.wire - http-outgoing-5 << "Cache-Control: public, max-age=3600[\r][\n]"
08:16:02.959 [main] DEBUG org.apache.hc.client5.http.wire - http-outgoing-5 << "Age: 456[\r][\n]"
08:16:02.959 [main] DEBUG org.apache.hc.client5.http.wire - http-outgoing-5 << "Last-Modified: Wed, 31 May 2023 08:57:42 GMT[\r][\n]"
08:16:02.959 [main] DEBUG org.apache.hc.client5.http.wire - http-outgoing-5 << "ETag: "368684b889419678b04e4899d53d7ab0"[\r][\n]"
08:16:02.959 [main] DEBUG org.apache.hc.client5.http.wire - http-outgoing-5 << "Content-Type: text/plain[\r][\n]"
08:16:02.959 [main] DEBUG org.apache.hc.client5.http.wire - http-outgoing-5 << "Alt-Svc: h3=":443"; ma=2592000,h3-29=":443"; ma=2592000[\r][\n]"
08:16:02.959 [main] DEBUG org.apache.hc.client5.http.wire - http-outgoing-5 << "[\r][\n]"
08:16:02.959 [main] DEBUG org.apache.hc.client5.http.wire - http-outgoing-5 << "114.0.5735.90"
08:16:02.960 [main] DEBUG org.apache.hc.client5.http.headers - http-outgoing-5 << HTTP/1.1 200 OK
08:16:02.960 [main] DEBUG org.apache.hc.client5.http.headers - http-outgoing-5 << X-GUploader-UploadID: ADPycdtlv5hyKNxkNAPoXZam3m80ckJ0H-Ebjpx_73hqg_-MuXohMxIalbpmUb0_5biLUD8lFSrTzvfL6YS-efZL0_eYGq5S2akq
08:16:02.960 [main] DEBUG org.apache.hc.client5.http.headers - http-outgoing-5 << x-goog-generation: 1685523462105569
08:16:02.960 [main] DEBUG org.apache.hc.client5.http.headers - http-outgoing-5 << x-goog-metageneration: 1
08:16:02.960 [main] DEBUG org.apache.hc.client5.http.headers - http-outgoing-5 << x-goog-stored-content-encoding: identity
08:16:02.960 [main] DEBUG org.apache.hc.client5.http.headers - http-outgoing-5 << x-goog-stored-content-length: 13
08:16:02.960 [main] DEBUG org.apache.hc.client5.http.headers - http-outgoing-5 << x-goog-hash: crc32c=tVW4TA==
08:16:02.960 [main] DEBUG org.apache.hc.client5.http.headers - http-outgoing-5 << x-goog-hash: md5=NoaEuIlBlniwTkiZ1T16sA==
08:16:02.960 [main] DEBUG org.apache.hc.client5.http.headers - http-outgoing-5 << x-goog-storage-class: STANDARD
08:16:02.960 [main] DEBUG org.apache.hc.client5.http.headers - http-outgoing-5 << Accept-Ranges: bytes
08:16:02.960 [main] DEBUG org.apache.hc.client5.http.headers - http-outgoing-5 << Content-Length: 13
08:16:02.960 [main] DEBUG org.apache.hc.client5.http.headers - http-outgoing-5 << Server: UploadServer
08:16:02.960 [main] DEBUG org.apache.hc.client5.http.headers - http-outgoing-5 << Date: Fri, 06 Oct 2023 01:08:29 GMT
08:16:02.960 [main] DEBUG org.apache.hc.client5.http.headers - http-outgoing-5 << Expires: Fri, 06 Oct 2023 02:08:29 GMT
08:16:02.960 [main] DEBUG org.apache.hc.client5.http.headers - http-outgoing-5 << Cache-Control: public, max-age=3600
08:16:02.960 [main] DEBUG org.apache.hc.client5.http.headers - http-outgoing-5 << Age: 456
08:16:02.960 [main] DEBUG org.apache.hc.client5.http.headers - http-outgoing-5 << Last-Modified: Wed, 31 May 2023 08:57:42 GMT
08:16:02.960 [main] DEBUG org.apache.hc.client5.http.headers - http-outgoing-5 << ETag: "368684b889419678b04e4899d53d7ab0"
08:16:02.960 [main] DEBUG org.apache.hc.client5.http.headers - http-outgoing-5 << Content-Type: text/plain
08:16:02.960 [main] DEBUG org.apache.hc.client5.http.headers - http-outgoing-5 << Alt-Svc: h3=":443"; ma=2592000,h3-29=":443"; ma=2592000
08:16:02.960 [main] DEBUG org.apache.hc.client5.http.impl.classic.MainClientExec - ex-00000008: connection can be kept alive for 3 MINUTES
08:16:02.960 [main] DEBUG org.apache.hc.client5.http.impl.classic.InternalHttpClient - ep-00000007: releasing valid endpoint
08:16:02.960 [main] DEBUG org.apache.hc.client5.http.impl.io.PoolingHttpClientConnectionManager - ep-00000007: releasing endpoint
08:16:02.960 [main] DEBUG org.apache.hc.client5.http.impl.io.PoolingHttpClientConnectionManager - ep-00000007: connection http-outgoing-5 can be kept alive for 3 MINUTES
08:16:02.960 [main] DEBUG org.apache.hc.client5.http.impl.io.PoolingHttpClientConnectionManager - ep-00000007: connection released [route: {s}->https://chromedriver.storage.googleapis.com:443][total available: 2; route allocated: 2 of 5; total allocated: 3 of 25]
08:16:02.960 [main] DEBUG io.github.bonigarcia.wdm.versions.VersionDetector - Latest version of chromedriver according to https://chromedriver.storage.googleapis.com/LATEST_RELEASE is 114.0.5735.90
08:16:02.963 [main] DEBUG io.github.bonigarcia.wdm.WebDriverManager - Driver chromedriver 114.0.5735.90 found in cache
08:16:02.964 [main] INFO io.github.bonigarcia.wdm.WebDriverManager - Exporting webdriver.chrome.driver as C:\Users\Bagas Dwi Saputra\.cache\selenium\chromedriver\win32\114.0.5735.90\chromedriver.exe
08:16:03.113 [main] DEBUG net.thucydides.core.reflection.ClassFinder - Could not load class net.serenitybdd.rest.utils.RestSpecificationFactory
08:16:03.209 [main] DEBUG net.thucydides.core.reflection.ClassFinder - Could not load class net.serenitybdd.rest.utils.RestSpecificationFactory
08:16:03.209 [main] INFO net.serenitybdd.core.webdriver.driverproviders.ProvideNewDriver - Instantiating driver
08:16:03.209 [main] INFO net.serenitybdd.core.webdriver.driverproviders.ProvideNewDriver - Driver capabilities: Capabilities {acceptInsecureCerts: false, base.url: https://app.jubelio.com, browserName: chrome, chrome.driver: src/test/resources/webdrive..., driver: chrome, goog:chromeOptions: {args: [], extensions: []}, loggingPrefs: org.openqa.selenium.logging...}
08:16:04.151 [main] DEBUG net.thucydides.core.reflection.ClassFinder - Could not load class net.serenitybdd.rest.utils.RestSpecificationFactory
08:16:06.397 [main] DEBUG net.serenitybdd.core.photography.Darkroom - Send negative for processing for target\site\serenity\4cc97b387fb82cfc136ff103deed3ff15904afea0e81e8a8130786ef5a9430f4.png
08:16:06.397 [main] DEBUG net.thucydides.core.steps.StepInterceptor - STEP DONE: openLink
08:16:06.403 [main] DEBUG net.thucydides.core.steps.StepInterceptor - STARTING STEP: InventoryStockSteps.loginClickButtonLogin - fills in the {string} with valid data email
08:16:06.711 [main] DEBUG net.serenitybdd.core.photography.Darkroom - Send negative for processing for target\site\serenity\29d3e9f166cf597135c97994c9ce45464a7cb63e7c1b11511a227ba5e21a0a13.png
08:16:06.711 [main] DEBUG net.thucydides.core.steps.StepInterceptor - STEP DONE: fills in the {string} with valid data email
08:16:06.720 [main] DEBUG net.thucydides.core.steps.StepInterceptor - STARTING STEP: InventoryStockSteps.loginClickButtonLogin - fill in the {string} with valid data pass
08:16:07.099 [main] DEBUG net.serenitybdd.core.photography.Darkroom - Send negative for processing for target\site\serenity\c329e2aa7acc6bebec8dee02e691eabfa411f3a2074f31626b773d6636c0da8b.png
08:16:07.099 [main] DEBUG net.thucydides.core.steps.StepInterceptor - STEP DONE: fill in the {string} with valid data pass
08:16:07.099 [Darkroom Processing Line] DEBUG net.serenitybdd.core.photography.DarkroomProcessingLine - Processing screenshot image in /var/screenshots/screenshot-4748921314993472445
08:16:07.099 [Darkroom Processing Line] DEBUG net.serenitybdd.core.photography.DarkroomProcessingLine - Saving screenshot to target\site\serenity\c329e2aa7acc6bebec8dee02e691eabfa411f3a2074f31626b773d6636c0da8b.png
08:16:07.103 [main] DEBUG net.thucydides.core.steps.StepInterceptor - STARTING STEP: InventoryStockSteps.loginClickButtonLogin - clickbtnlogin
08:16:07.611 [main] DEBUG net.serenitybdd.core.photography.Darkroom - Send negative for processing for target\site\serenity\b030dc033ed2fbf87077aa5b2519ff701ee381cc75c48a687158804b768002b5.png
08:16:07.612 [main] DEBUG net.thucydides.core.steps.StepInterceptor - STEP DONE: clickbtnlogin
08:16:07.612 [Darkroom Processing Line] DEBUG net.serenitybdd.core.photography.DarkroomProcessingLine - Processing screenshot image in /var/screenshots/screenshot-5132905924332812836
08:16:07.612 [Darkroom Processing Line] DEBUG net.serenitybdd.core.photography.DarkroomProcessingLine - Saving screenshot to target\site\serenity\b030dc033ed2fbf87077aa5b2519ff701ee381cc75c48a687158804b768002b5.png
08:16:10.744 [main] DEBUG net.serenitybdd.core.photography.Darkroom - Send negative for processing for target\site\serenity\32028730d6617cbaf4be8a3a222b15af4c3642cbbbed6c786edb05d6cdf1a6ef.png
08:16:10.744 [main] DEBUG net.thucydides.core.steps.StepInterceptor - STARTING STEP: InventoryStockSteps.loginClickButtonLogin - openUrlInventory
08:16:12.294 [main] DEBUG net.serenitybdd.core.photography.Darkroom - Send negative for processing for target\site\serenity\9d219bc049a973ab73edf101653dc4afa02a5d6d77d90050b2223f8f13c7091c.png
08:16:12.294 [main] DEBUG net.thucydides.core.steps.StepInterceptor - STEP DONE: openUrlInventory
08:16:12.294 [Darkroom Processing Line] DEBUG net.serenitybdd.core.photography.DarkroomProcessingLine - Processing screenshot image in /var/screenshots/screenshot-17952971356187572193
08:16:12.294 [Darkroom Processing Line] DEBUG net.serenitybdd.core.photography.DarkroomProcessingLine - Saving screenshot to target\site\serenity\9d219bc049a973ab73edf101653dc4afa02a5d6d77d90050b2223f8f13c7091c.png
  &amp#27;[32mGiven &amp#27;[0m&amp#27;[32mLogin &amp#27;[0m&amp#27;[32m&amp#27;[1m"qa.rakamin.jubelio@gmail.com"&amp#27;[0m&amp#27;[32m, &amp#27;[0m&amp#27;[32m&amp#27;[1m"Jubelio123!"&amp#27;[0m&amp#27;[32m, click button login&amp#27;[0m &amp#27;[90m# starter.stepdefinitios.InventoryStockSteps.loginClickButtonLogin(java.lang.String,java.lang.String)&amp#27;[0m
08:16:12.576 [main] DEBUG net.serenitybdd.core.photography.Darkroom - Send negative for processing for target\site\serenity\e75d84fedcbb7a2b6f744b66bd24d5718c058326efcbc60bacce2e8aecd3877e.png
08:16:12.577 [Darkroom Processing Line] DEBUG net.serenitybdd.core.photography.DarkroomProcessingLine - Processing screenshot image in /var/screenshots/screenshot-16505557852777036718
08:16:12.577 [Darkroom Processing Line] DEBUG net.serenitybdd.core.photography.DarkroomProcessingLine - Saving screenshot to target\site\serenity\e75d84fedcbb7a2b6f744b66bd24d5718c058326efcbc60bacce2e8aecd3877e.png
08:16:13.256 [main] DEBUG net.serenitybdd.core.photography.Darkroom - Send negative for processing for target\site\serenity\e75d84fedcbb7a2b6f744b66bd24d5718c058326efcbc60bacce2e8aecd3877e.png
08:16:13.256 [main] DEBUG net.thucydides.core.steps.StepInterceptor - STARTING STEP: InventoryStockSteps.fillsInTheWithValidDataEmail - validatePagePersedian
08:16:13.288 [main] DEBUG net.thucydides.core.steps.StepInterceptor - STEP DONE: validatePagePersedian
08:16:13.561 [main] DEBUG net.serenitybdd.core.photography.Darkroom - Send negative for processing for target\site\serenity\e75d84fedcbb7a2b6f744b66bd24d5718c058326efcbc60bacce2e8aecd3877e.png
08:16:13.561 [main] DEBUG net.thucydides.core.steps.StepInterceptor - STARTING STEP: InventoryStockSteps.fillsInTheWithValidDataEmail - btnPenyesuaianPersedian
08:16:13.833 [main] DEBUG net.serenitybdd.core.photography.Darkroom - Send negative for processing for target\site\serenity\9af20877376416392d20d8fd87335fb996d1a9e5ec419b91d089f7d2147f6ab2.png
08:16:13.833 [main] DEBUG net.thucydides.core.steps.StepInterceptor - STEP DONE: btnPenyesuaianPersedian
  &amp#27;[32mAnd &amp#27;[0m&amp#27;[32man inventory adjustment button click&amp#27;[0m                                      &amp#27;[90m# starter.stepdefinitios.InventoryStockSteps.fillsInTheWithValidDataEmail()&amp#27;[0m
08:16:13.833 [Darkroom Processing Line] DEBUG net.serenitybdd.core.photography.DarkroomProcessingLine - Processing screenshot image in /var/screenshots/screenshot-10049665583630494166
08:16:13.833 [Darkroom Processing Line] DEBUG net.serenitybdd.core.photography.DarkroomProcessingLine - Saving screenshot to target\site\serenity\9af20877376416392d20d8fd87335fb996d1a9e5ec419b91d089f7d2147f6ab2.png
08:16:14.463 [main] DEBUG net.serenitybdd.core.photography.Darkroom - Send negative for processing for target\site\serenity\15166dbf6520a9261d78e27350acbc2a58eb3d1dcb1989055a1a731adfc2c1ff.png
08:16:14.463 [main] DEBUG net.thucydides.core.steps.StepInterceptor - STARTING STEP: InventoryStockSteps.validateTheInventoryAdjustmentPage - validatePenyesuaianPersediaa
08:16:14.492 [main] DEBUG net.thucydides.core.steps.StepInterceptor - STEP DONE: validatePenyesuaianPersediaa
  &amp#27;[32mAnd &amp#27;[0m&amp#27;[32mvalidate the inventory adjustment page&amp#27;[0m                                    &amp#27;[90m# starter.stepdefinitios.InventoryStockSteps.validateTheInventoryAdjustmentPage()&amp#27;[0m
08:16:14.791 [main] DEBUG net.serenitybdd.core.photography.Darkroom - Send negative for processing for target\site\serenity\15166dbf6520a9261d78e27350acbc2a58eb3d1dcb1989055a1a731adfc2c1ff.png
08:16:14.794 [main] DEBUG net.thucydides.core.steps.StepInterceptor - STARTING STEP: InventoryStockSteps.click - btnLokasi
08:16:15.027 [main] DEBUG net.serenitybdd.core.photography.Darkroom - Send negative for processing for target\site\serenity\c3e8326d2be18d1ad61e3d9a6ee13e78fc12105281b1c796955aca7371cacc0a.png
08:16:15.027 [main] DEBUG net.thucydides.core.steps.StepInterceptor - STEP DONE: btnLokasi
08:16:15.297 [main] DEBUG net.serenitybdd.core.photography.Darkroom - Send negative for processing for target\site\serenity\c3e8326d2be18d1ad61e3d9a6ee13e78fc12105281b1c796955aca7371cacc0a.png
08:16:15.297 [main] DEBUG net.thucydides.core.steps.StepInterceptor - STARTING STEP: InventoryStockSteps.click - btnVarisi
08:16:15.493 [main] DEBUG net.serenitybdd.core.photography.Darkroom - Send negative for processing for target\site\serenity\9242e72b16eb17f34e157aef5be5597d3c798b9c194718f15e4d74ac6705919b.png
08:16:15.494 [main] DEBUG net.thucydides.core.steps.StepInterceptor - STEP DONE: btnVarisi
  &amp#27;[32mAnd &amp#27;[0m&amp#27;[32mclick &amp#27;[0m&amp#27;[32m&amp#27;[1m"Simatupang Garden"&amp#27;[0m                                                 &amp#27;[90m# starter.stepdefinitios.InventoryStockSteps.click(java.lang.String)&amp#27;[0m
08:16:15.494 [Darkroom Processing Line] DEBUG net.serenitybdd.core.photography.DarkroomProcessingLine - Processing screenshot image in /var/screenshots/screenshot-10246133572411860220
08:16:15.494 [Darkroom Processing Line] DEBUG net.serenitybdd.core.photography.DarkroomProcessingLine - Saving screenshot to target\site\serenity\9242e72b16eb17f34e157aef5be5597d3c798b9c194718f15e4d74ac6705919b.png
08:16:15.502 [main] DEBUG net.thucydides.core.steps.StepInterceptor - STARTING STEP: InventoryStockSteps.youSelectAnItem - btnPilihBarang
08:16:15.855 [main] DEBUG net.serenitybdd.core.photography.Darkroom - Send negative for processing for target\site\serenity\66e3cf90562ed9eecc9ef5ec2d01657c4dd7aad9f49c2bcdcf3a580c725df458.png
08:16:15.855 [main] DEBUG net.thucydides.core.steps.StepInterceptor - STEP DONE: btnPilihBarang
08:16:15.856 [Darkroom Processing Line] DEBUG net.serenitybdd.core.photography.DarkroomProcessingLine - Processing screenshot image in /var/screenshots/screenshot-7109440310014479527
08:16:15.856 [Darkroom Processing Line] DEBUG net.serenitybdd.core.photography.DarkroomProcessingLine - Saving screenshot to target\site\serenity\66e3cf90562ed9eecc9ef5ec2d01657c4dd7aad9f49c2bcdcf3a580c725df458.png
08:16:16.486 [main] DEBUG net.serenitybdd.core.photography.Darkroom - Send negative for processing for target\site\serenity\66e3cf90562ed9eecc9ef5ec2d01657c4dd7aad9f49c2bcdcf3a580c725df458.png
08:16:16.486 [main] DEBUG net.thucydides.core.steps.StepInterceptor - STARTING STEP: InventoryStockSteps.youSelectAnItem - btnBarang
08:16:16.820 [main] DEBUG net.serenitybdd.core.photography.Darkroom - Send negative for processing for target\site\serenity\8a5858dec5b610a0387c5f87bcab41cc6c0d9fe4be44e8ad371a7ff8c202b6f5.png
08:16:16.820 [main] DEBUG net.thucydides.core.steps.StepInterceptor - STEP DONE: btnBarang
08:16:16.820 [Darkroom Processing Line] DEBUG net.serenitybdd.core.photography.DarkroomProcessingLine - Processing screenshot image in /var/screenshots/screenshot-10115328092061790088
08:16:16.820 [Darkroom Processing Line] DEBUG net.serenitybdd.core.photography.DarkroomProcessingLine - Saving screenshot to target\site\serenity\8a5858dec5b610a0387c5f87bcab41cc6c0d9fe4be44e8ad371a7ff8c202b6f5.png
08:16:17.446 [main] DEBUG net.serenitybdd.core.photography.Darkroom - Send negative for processing for target\site\serenity\8a5858dec5b610a0387c5f87bcab41cc6c0d9fe4be44e8ad371a7ff8c202b6f5.png
08:16:17.446 [main] DEBUG net.thucydides.core.steps.StepInterceptor - STARTING STEP: InventoryStockSteps.youSelectAnItem - btnSimpan
08:16:17.671 [main] DEBUG net.serenitybdd.core.photography.Darkroom - Send negative for processing for target\site\serenity\b5be32d16b5eabf84422e70ddd9d55efb9c2eac5dba53a5d6f515c625d5418e6.png
08:16:17.671 [main] DEBUG net.thucydides.core.steps.StepInterceptor - STEP DONE: btnSimpan
  &amp#27;[32mWhen &amp#27;[0m&amp#27;[32myou select an item&amp#27;[0m                                                       &amp#27;[90m# starter.stepdefinitios.InventoryStockSteps.youSelectAnItem()&amp#27;[0m
08:16:17.674 [Darkroom Processing Line] DEBUG net.serenitybdd.core.photography.DarkroomProcessingLine - Processing screenshot image in /var/screenshots/screenshot-10517851767715868863
08:16:17.674 [Darkroom Processing Line] DEBUG net.serenitybdd.core.photography.DarkroomProcessingLine - Saving screenshot to target\site\serenity\b5be32d16b5eabf84422e70ddd9d55efb9c2eac5dba53a5d6f515c625d5418e6.png
08:16:18.053 [main] DEBUG net.serenitybdd.core.photography.Darkroom - Send negative for processing for target\site\serenity\637a7daf691912e3af382820784ee1dfbebb801745db230abf53e9c0a8a3a34e.png
08:16:18.053 [main] DEBUG net.thucydides.core.steps.StepInterceptor - STARTING STEP: InventoryStockSteps.validateTheNameSuccessfully - validatePagePersedian
08:16:18.053 [Darkroom Processing Line] DEBUG net.serenitybdd.core.photography.DarkroomProcessingLine - Processing screenshot image in /var/screenshots/screenshot-6358494995798606103
08:16:18.053 [Darkroom Processing Line] DEBUG net.serenitybdd.core.photography.DarkroomProcessingLine - Saving screenshot to target\site\serenity\637a7daf691912e3af382820784ee1dfbebb801745db230abf53e9c0a8a3a34e.png
08:16:18.083 [main] DEBUG net.thucydides.core.steps.StepInterceptor - STEP DONE: validatePagePersedian
08:16:18.378 [main] DEBUG net.serenitybdd.core.photography.Darkroom - Send negative for processing for target\site\serenity\3f32a4988384aa9e019d322915bc820e8b45b495b28b9600300e26d6f4077142.png
08:16:18.378 [main] DEBUG net.thucydides.core.steps.StepInterceptor - STARTING STEP: InventoryStockSteps.validateTheNameSuccessfully - fieldSearch
08:16:18.378 [Darkroom Processing Line] DEBUG net.serenitybdd.core.photography.DarkroomProcessingLine - Processing screenshot image in /var/screenshots/screenshot-14655732311018086764
08:16:18.378 [Darkroom Processing Line] DEBUG net.serenitybdd.core.photography.DarkroomProcessingLine - Saving screenshot to target\site\serenity\3f32a4988384aa9e019d322915bc820e8b45b495b28b9600300e26d6f4077142.png
08:16:18.624 [main] DEBUG net.serenitybdd.core.photography.Darkroom - Send negative for processing for target\site\serenity\99d1df652fcf323f0820d7dbcb7a7e8a86ef9aa3b5b1cf42555043f9d84e4b9f.png
08:16:18.625 [main] DEBUG net.thucydides.core.steps.StepInterceptor - STEP DONE: fieldSearch
08:16:18.625 [Darkroom Processing Line] DEBUG net.serenitybdd.core.photography.DarkroomProcessingLine - Processing screenshot image in /var/screenshots/screenshot-3227460707508606136
08:16:18.625 [Darkroom Processing Line] DEBUG net.serenitybdd.core.photography.DarkroomProcessingLine - Saving screenshot to target\site\serenity\99d1df652fcf323f0820d7dbcb7a7e8a86ef9aa3b5b1cf42555043f9d84e4b9f.png
08:16:18.628 [main] DEBUG net.thucydides.core.steps.StepInterceptor - STARTING STEP: InventoryStockSteps.validateTheNameSuccessfully - btnSearch
08:16:18.895 [main] DEBUG net.serenitybdd.core.photography.Darkroom - Send negative for processing for target\site\serenity\c010adaf590017f39be661bb9eb45b670333808c5bce496609fd7d0732ca0d46.png
08:16:18.895 [main] DEBUG net.thucydides.core.steps.StepInterceptor - STEP DONE: btnSearch
08:16:18.895 [Darkroom Processing Line] DEBUG net.serenitybdd.core.photography.DarkroomProcessingLine - Processing screenshot image in /var/screenshots/screenshot-8362797555279640785
08:16:18.895 [Darkroom Processing Line] DEBUG net.serenitybdd.core.photography.DarkroomProcessingLine - Saving screenshot to target\site\serenity\c010adaf590017f39be661bb9eb45b670333808c5bce496609fd7d0732ca0d46.png
08:16:19.206 [main] DEBUG net.serenitybdd.core.photography.Darkroom - Send negative for processing for target\site\serenity\37765d6d520f04a4c0cc4c627deaf54d1aa2ab23b4d57a0c18c053c647362ea3.png
08:16:19.206 [main] DEBUG net.thucydides.core.steps.StepInterceptor - STARTING STEP: InventoryStockSteps.validateTheNameSuccessfully - validateTeksBarang
08:16:19.206 [Darkroom Processing Line] DEBUG net.serenitybdd.core.photography.DarkroomProcessingLine - Processing screenshot image in /var/screenshots/screenshot-15488439655901954914
08:16:19.206 [Darkroom Processing Line] DEBUG net.serenitybdd.core.photography.DarkroomProcessingLine - Saving screenshot to target\site\serenity\37765d6d520f04a4c0cc4c627deaf54d1aa2ab23b4d57a0c18c053c647362ea3.png
08:16:19.230 [main] DEBUG net.thucydides.core.steps.StepInterceptor - STEP DONE: validateTeksBarang
  &amp#27;[32mThen &amp#27;[0m&amp#27;[32mvalidate the name &amp#27;[0m&amp#27;[32m&amp#27;[1m"Naruto"&amp#27;[0m&amp#27;[32m successfully&amp#27;[0m                                  &amp#27;[90m# starter.stepdefinitios.InventoryStockSteps.validateTheNameSuccessfully(java.lang.String)&amp#27;[0m
08:16:19.578 [main] INFO  - 
  _____   ___   ___   _____     ___     _     ___   ___   ___   ___  
 |_   _| | __| / __| |_   _|   | _ \   /_\   / __| / __| | __| |   \ 
   | |   | _|  \__ \   | |     |  _/  / _ \  \__ \ \__ \ | _|  | |) |
   |_|   |___| |___/   |_|     |_|   /_/ \_\ |___/ |___/ |___| |___/ 

Inventory Stock
----------------------------------------------------------------------
]]></system-out>
    <system-err><![CDATA[Starting ChromeDriver 117.0.5938.88 (be6afae4721209be42944bbcd325665f9f44563b-refs/branch-heads/5938_62@{#9}) on port 11587
Only local connections are allowed.
Please see https://chromedriver.chromium.org/security-considerations for suggestions on keeping ChromeDriver safe.
ChromeDriver was started successfully.
Oct 06, 2023 8:16:04 AM org.openqa.selenium.remote.ProtocolHandshake createSession
INFO: Detected dialect: W3C
]]></system-err>
  </testcase>
  <testcase name="Inventory Stock #3" classname="Inventory Stock at app.jubelio" time="17.542">
    <system-out><![CDATA[
@Inventory @InventoryStock
Scenario Outline: Inventory Stock                                               &amp#27;[90m# src/test/resources/features/user/inventorystock.feature:17&amp#27;[0m
08:16:19.583 [main] INFO io.cucumber.core.plugin.SerenityReporter - Running feature from file:///D:/QE/Automation/Jubelio-Website/src/test/resources/features/user/inventorystock.feature
08:16:19.760 [main] DEBUG net.thucydides.core.steps.StepInterceptor - STARTING STEP: InventoryStockSteps.loginClickButtonLogin - openLink
08:16:19.760 [main] INFO net.serenitybdd.core.webdriver.driverproviders.ChromeDriverProvider - Using automatically driver download
08:16:19.777 [main] DEBUG org.apache.hc.client5.http.impl.classic.InternalHttpClient - ex-00000009: preparing request execution
08:16:19.777 [main] DEBUG org.apache.hc.client5.http.protocol.RequestAddCookies - Cookie spec selected: strict
08:16:19.778 [main] DEBUG org.apache.hc.client5.http.protocol.RequestAuthCache - Auth cache not set in the context
08:16:19.778 [main] DEBUG org.apache.hc.client5.http.impl.classic.ProtocolExec - ex-00000009: target auth state: UNCHALLENGED
08:16:19.778 [main] DEBUG org.apache.hc.client5.http.impl.classic.ProtocolExec - ex-00000009: proxy auth state: UNCHALLENGED
08:16:19.778 [main] DEBUG org.apache.hc.client5.http.impl.classic.ConnectExec - ex-00000009: acquiring connection with route {s}->https://raw.githubusercontent.com:443
08:16:19.778 [main] DEBUG org.apache.hc.client5.http.impl.classic.InternalHttpClient - ex-00000009: acquiring endpoint (3 MINUTES)
08:16:19.778 [main] DEBUG org.apache.hc.client5.http.impl.io.PoolingHttpClientConnectionManager - ex-00000009: endpoint lease request (3 MINUTES) [route: {s}->https://raw.githubusercontent.com:443][total available: 0; route allocated: 0 of 5; total allocated: 0 of 25]
08:16:19.778 [main] DEBUG org.apache.hc.client5.http.impl.io.PoolingHttpClientConnectionManager - ex-00000009: endpoint leased [route: {s}->https://raw.githubusercontent.com:443][total available: 0; route allocated: 1 of 5; total allocated: 1 of 25]
08:16:19.778 [main] DEBUG org.apache.hc.client5.http.impl.io.PoolingHttpClientConnectionManager - ex-00000009: acquired ep-00000008
08:16:19.778 [main] DEBUG org.apache.hc.client5.http.impl.classic.InternalHttpClient - ex-00000009: acquired endpoint ep-00000008
08:16:19.778 [main] DEBUG org.apache.hc.client5.http.impl.classic.ConnectExec - ex-00000009: opening connection {s}->https://raw.githubusercontent.com:443
08:16:19.778 [main] DEBUG org.apache.hc.client5.http.impl.classic.InternalHttpClient - ep-00000008: connecting endpoint (30 SECONDS)
08:16:19.778 [main] DEBUG org.apache.hc.client5.http.impl.io.PoolingHttpClientConnectionManager - ep-00000008: connecting endpoint to https://raw.githubusercontent.com:443 (30 SECONDS)
08:16:19.786 [main] DEBUG org.apache.hc.client5.http.impl.io.DefaultHttpClientConnectionOperator - http-outgoing-6: connecting to raw.githubusercontent.com/185.199.108.133:443
08:16:19.786 [main] DEBUG org.apache.hc.client5.http.ssl.SSLConnectionSocketFactory - Connecting socket to raw.githubusercontent.com/185.199.108.133:443 with timeout 30 SECONDS
08:16:19.804 [main] DEBUG org.apache.hc.client5.http.ssl.SSLConnectionSocketFactory - Enabled protocols: [TLSv1.3, TLSv1.2]
08:16:19.804 [main] DEBUG org.apache.hc.client5.http.ssl.SSLConnectionSocketFactory - Enabled cipher suites: [TLS_AES_256_GCM_SHA384, TLS_AES_128_GCM_SHA256, TLS_CHACHA20_POLY1305_SHA256, TLS_ECDHE_ECDSA_WITH_AES_256_GCM_SHA384, TLS_ECDHE_ECDSA_WITH_AES_128_GCM_SHA256, TLS_ECDHE_ECDSA_WITH_CHACHA20_POLY1305_SHA256, TLS_ECDHE_RSA_WITH_AES_256_GCM_SHA384, TLS_ECDHE_RSA_WITH_CHACHA20_POLY1305_SHA256, TLS_ECDHE_RSA_WITH_AES_128_GCM_SHA256, TLS_DHE_RSA_WITH_AES_256_GCM_SHA384, TLS_DHE_RSA_WITH_CHACHA20_POLY1305_SHA256, TLS_DHE_DSS_WITH_AES_256_GCM_SHA384, TLS_DHE_RSA_WITH_AES_128_GCM_SHA256, TLS_DHE_DSS_WITH_AES_128_GCM_SHA256, TLS_ECDHE_ECDSA_WITH_AES_256_CBC_SHA384, TLS_ECDHE_RSA_WITH_AES_256_CBC_SHA384, TLS_ECDHE_ECDSA_WITH_AES_128_CBC_SHA256, TLS_ECDHE_RSA_WITH_AES_128_CBC_SHA256, TLS_DHE_RSA_WITH_AES_256_CBC_SHA256, TLS_DHE_DSS_WITH_AES_256_CBC_SHA256, TLS_DHE_RSA_WITH_AES_128_CBC_SHA256, TLS_DHE_DSS_WITH_AES_128_CBC_SHA256, TLS_ECDH_ECDSA_WITH_AES_256_GCM_SHA384, TLS_ECDH_RSA_WITH_AES_256_GCM_SHA384, TLS_ECDH_ECDSA_WITH_AES_128_GCM_SHA256, TLS_ECDH_RSA_WITH_AES_128_GCM_SHA256, TLS_ECDH_ECDSA_WITH_AES_256_CBC_SHA384, TLS_ECDH_RSA_WITH_AES_256_CBC_SHA384, TLS_ECDH_ECDSA_WITH_AES_128_CBC_SHA256, TLS_ECDH_RSA_WITH_AES_128_CBC_SHA256, TLS_ECDHE_ECDSA_WITH_AES_256_CBC_SHA, TLS_ECDHE_RSA_WITH_AES_256_CBC_SHA, TLS_ECDHE_ECDSA_WITH_AES_128_CBC_SHA, TLS_ECDHE_RSA_WITH_AES_128_CBC_SHA, TLS_DHE_RSA_WITH_AES_256_CBC_SHA, TLS_DHE_DSS_WITH_AES_256_CBC_SHA, TLS_DHE_RSA_WITH_AES_128_CBC_SHA, TLS_DHE_DSS_WITH_AES_128_CBC_SHA, TLS_ECDH_ECDSA_WITH_AES_256_CBC_SHA, TLS_ECDH_RSA_WITH_AES_256_CBC_SHA, TLS_ECDH_ECDSA_WITH_AES_128_CBC_SHA, TLS_ECDH_RSA_WITH_AES_128_CBC_SHA, TLS_RSA_WITH_AES_256_GCM_SHA384, TLS_RSA_WITH_AES_128_GCM_SHA256, TLS_RSA_WITH_AES_256_CBC_SHA256, TLS_RSA_WITH_AES_128_CBC_SHA256, TLS_RSA_WITH_AES_256_CBC_SHA, TLS_RSA_WITH_AES_128_CBC_SHA, TLS_EMPTY_RENEGOTIATION_INFO_SCSV]
08:16:19.805 [main] DEBUG org.apache.hc.client5.http.ssl.SSLConnectionSocketFactory - Starting handshake
08:16:19.848 [main] DEBUG org.apache.hc.client5.http.ssl.SSLConnectionSocketFactory - Secure session established
08:16:19.848 [main] DEBUG org.apache.hc.client5.http.ssl.SSLConnectionSocketFactory -  negotiated protocol: TLSv1.3
08:16:19.848 [main] DEBUG org.apache.hc.client5.http.ssl.SSLConnectionSocketFactory -  negotiated cipher suite: TLS_AES_256_GCM_SHA384
08:16:19.848 [main] DEBUG org.apache.hc.client5.http.ssl.SSLConnectionSocketFactory -  peer principal: CN=*.github.io, O="GitHub, Inc.", L=San Francisco, ST=California, C=US
08:16:19.848 [main] DEBUG org.apache.hc.client5.http.ssl.SSLConnectionSocketFactory -  peer alternative names: [*.github.io, github.io, *.github.com, github.com, www.github.com, *.githubusercontent.com, githubusercontent.com]
08:16:19.848 [main] DEBUG org.apache.hc.client5.http.ssl.SSLConnectionSocketFactory -  issuer principal: CN=DigiCert TLS RSA SHA256 2020 CA1, O=DigiCert Inc, C=US
08:16:19.848 [main] DEBUG org.apache.hc.client5.http.impl.io.DefaultHttpClientConnectionOperator - http-outgoing-6: connection established 192.168.100.42:64139<->185.199.108.133:443
08:16:19.848 [main] DEBUG org.apache.hc.client5.http.impl.io.PoolingHttpClientConnectionManager - ep-00000008: connected http-outgoing-6
08:16:19.848 [main] DEBUG org.apache.hc.client5.http.impl.classic.InternalHttpClient - ep-00000008: endpoint connected
08:16:19.848 [main] DEBUG org.apache.hc.client5.http.impl.classic.MainClientExec - ex-00000009: executing GET /bonigarcia/webdrivermanager/master/src/main/resources/commands.properties HTTP/1.1
08:16:19.848 [main] DEBUG org.apache.hc.client5.http.impl.classic.InternalHttpClient - ep-00000008: start execution ex-00000009
08:16:19.848 [main] DEBUG org.apache.hc.client5.http.impl.io.PoolingHttpClientConnectionManager - ep-00000008: executing exchange ex-00000009 over http-outgoing-6
08:16:19.848 [main] DEBUG org.apache.hc.client5.http.headers - http-outgoing-6 >> GET /bonigarcia/webdrivermanager/master/src/main/resources/commands.properties HTTP/1.1
08:16:19.848 [main] DEBUG org.apache.hc.client5.http.headers - http-outgoing-6 >> user-agent: Apache-HttpClient/5.0
08:16:19.848 [main] DEBUG org.apache.hc.client5.http.headers - http-outgoing-6 >> accept-encoding: gzip, deflate, br
08:16:19.848 [main] DEBUG org.apache.hc.client5.http.headers - http-outgoing-6 >> cache-control: max-age=0
08:16:19.848 [main] DEBUG org.apache.hc.client5.http.headers - http-outgoing-6 >> connection: keep-alive
08:16:19.848 [main] DEBUG org.apache.hc.client5.http.headers - http-outgoing-6 >> Host: raw.githubusercontent.com
08:16:19.848 [main] DEBUG org.apache.hc.client5.http.wire - http-outgoing-6 >> "GET /bonigarcia/webdrivermanager/master/src/main/resources/commands.properties HTTP/1.1[\r][\n]"
08:16:19.848 [main] DEBUG org.apache.hc.client5.http.wire - http-outgoing-6 >> "user-agent: Apache-HttpClient/5.0[\r][\n]"
08:16:19.848 [main] DEBUG org.apache.hc.client5.http.wire - http-outgoing-6 >> "accept-encoding: gzip, deflate, br[\r][\n]"
08:16:19.848 [main] DEBUG org.apache.hc.client5.http.wire - http-outgoing-6 >> "cache-control: max-age=0[\r][\n]"
08:16:19.848 [main] DEBUG org.apache.hc.client5.http.wire - http-outgoing-6 >> "connection: keep-alive[\r][\n]"
08:16:19.848 [main] DEBUG org.apache.hc.client5.http.wire - http-outgoing-6 >> "Host: raw.githubusercontent.com[\r][\n]"
08:16:19.848 [main] DEBUG org.apache.hc.client5.http.wire - http-outgoing-6 >> "[\r][\n]"
08:16:19.887 [main] DEBUG org.apache.hc.client5.http.wire - http-outgoing-6 << "HTTP/1.1 200 OK[\r][\n]"
08:16:19.887 [main] DEBUG org.apache.hc.client5.http.wire - http-outgoing-6 << "Connection: keep-alive[\r][\n]"
08:16:19.887 [main] DEBUG org.apache.hc.client5.http.wire - http-outgoing-6 << "Content-Length: 723[\r][\n]"
08:16:19.887 [main] DEBUG org.apache.hc.client5.http.wire - http-outgoing-6 << "Cache-Control: max-age=300[\r][\n]"
08:16:19.887 [main] DEBUG org.apache.hc.client5.http.wire - http-outgoing-6 << "Content-Security-Policy: default-src 'none'; style-src 'unsafe-inline'; sandbox[\r][\n]"
08:16:19.887 [main] DEBUG org.apache.hc.client5.http.wire - http-outgoing-6 << "Content-Type: text/plain; charset=utf-8[\r][\n]"
08:16:19.887 [main] DEBUG org.apache.hc.client5.http.wire - http-outgoing-6 << "ETag: W/"e82b438271e9e8680c688b0b680efd0bdd22faa6d6f0a32fc1fd8accc486b67e"[\r][\n]"
08:16:19.887 [main] DEBUG org.apache.hc.client5.http.wire - http-outgoing-6 << "Strict-Transport-Security: max-age=31536000[\r][\n]"
08:16:19.887 [main] DEBUG org.apache.hc.client5.http.wire - http-outgoing-6 << "X-Content-Type-Options: nosniff[\r][\n]"
08:16:19.887 [main] DEBUG org.apache.hc.client5.http.wire - http-outgoing-6 << "X-Frame-Options: deny[\r][\n]"
08:16:19.887 [main] DEBUG org.apache.hc.client5.http.wire - http-outgoing-6 << "X-XSS-Protection: 1; mode=block[\r][\n]"
08:16:19.888 [main] DEBUG org.apache.hc.client5.http.wire - http-outgoing-6 << "X-GitHub-Request-Id: 4CA0:B8C7F:70C4E:8CACE:651389F9[\r][\n]"
08:16:19.888 [main] DEBUG org.apache.hc.client5.http.wire - http-outgoing-6 << "Content-Encoding: gzip[\r][\n]"
08:16:19.888 [main] DEBUG org.apache.hc.client5.http.wire - http-outgoing-6 << "Accept-Ranges: bytes[\r][\n]"
08:16:19.888 [main] DEBUG org.apache.hc.client5.http.wire - http-outgoing-6 << "Date: Fri, 06 Oct 2023 01:16:22 GMT[\r][\n]"
08:16:19.888 [main] DEBUG org.apache.hc.client5.http.wire - http-outgoing-6 << "Via: 1.1 varnish[\r][\n]"
08:16:19.888 [main] DEBUG org.apache.hc.client5.http.wire - http-outgoing-6 << "X-Served-By: cache-qpg1271-QPG[\r][\n]"
08:16:19.888 [main] DEBUG org.apache.hc.client5.http.wire - http-outgoing-6 << "X-Cache: HIT[\r][\n]"
08:16:19.888 [main] DEBUG org.apache.hc.client5.http.wire - http-outgoing-6 << "X-Cache-Hits: 1[\r][\n]"
08:16:19.888 [main] DEBUG org.apache.hc.client5.http.wire - http-outgoing-6 << "X-Timer: S1696554982.011603,VS0,VE1[\r][\n]"
08:16:19.888 [main] DEBUG org.apache.hc.client5.http.wire - http-outgoing-6 << "Vary: Authorization,Accept-Encoding,Origin[\r][\n]"
08:16:19.888 [main] DEBUG org.apache.hc.client5.http.wire - http-outgoing-6 << "Access-Control-Allow-Origin: *[\r][\n]"
08:16:19.888 [main] DEBUG org.apache.hc.client5.http.wire - http-outgoing-6 << "Cross-Origin-Resource-Policy: cross-origin[\r][\n]"
08:16:19.888 [main] DEBUG org.apache.hc.client5.http.wire - http-outgoing-6 << "X-Fastly-Request-ID: e7f57a6cf49e54063f95ef775759229df6885317[\r][\n]"
08:16:19.888 [main] DEBUG org.apache.hc.client5.http.wire - http-outgoing-6 << "Expires: Fri, 06 Oct 2023 01:21:22 GMT[\r][\n]"
08:16:19.888 [main] DEBUG org.apache.hc.client5.http.wire - http-outgoing-6 << "Source-Age: 14[\r][\n]"
08:16:19.888 [main] DEBUG org.apache.hc.client5.http.wire - http-outgoing-6 << "[\r][\n]"
08:16:19.888 [main] DEBUG org.apache.hc.client5.http.headers - http-outgoing-6 << HTTP/1.1 200 OK
08:16:19.888 [main] DEBUG org.apache.hc.client5.http.headers - http-outgoing-6 << Connection: keep-alive
08:16:19.888 [main] DEBUG org.apache.hc.client5.http.headers - http-outgoing-6 << Content-Length: 723
08:16:19.888 [main] DEBUG org.apache.hc.client5.http.headers - http-outgoing-6 << Cache-Control: max-age=300
08:16:19.888 [main] DEBUG org.apache.hc.client5.http.headers - http-outgoing-6 << Content-Security-Policy: default-src 'none'; style-src 'unsafe-inline'; sandbox
08:16:19.888 [main] DEBUG org.apache.hc.client5.http.headers - http-outgoing-6 << Content-Type: text/plain; charset=utf-8
08:16:19.888 [main] DEBUG org.apache.hc.client5.http.headers - http-outgoing-6 << ETag: W/"e82b438271e9e8680c688b0b680efd0bdd22faa6d6f0a32fc1fd8accc486b67e"
08:16:19.888 [main] DEBUG org.apache.hc.client5.http.headers - http-outgoing-6 << Strict-Transport-Security: max-age=31536000
08:16:19.888 [main] DEBUG org.apache.hc.client5.http.headers - http-outgoing-6 << X-Content-Type-Options: nosniff
08:16:19.888 [main] DEBUG org.apache.hc.client5.http.headers - http-outgoing-6 << X-Frame-Options: deny
08:16:19.888 [main] DEBUG org.apache.hc.client5.http.headers - http-outgoing-6 << X-XSS-Protection: 1; mode=block
08:16:19.888 [main] DEBUG org.apache.hc.client5.http.headers - http-outgoing-6 << X-GitHub-Request-Id: 4CA0:B8C7F:70C4E:8CACE:651389F9
08:16:19.888 [main] DEBUG org.apache.hc.client5.http.headers - http-outgoing-6 << Content-Encoding: gzip
08:16:19.888 [main] DEBUG org.apache.hc.client5.http.headers - http-outgoing-6 << Accept-Ranges: bytes
08:16:19.888 [main] DEBUG org.apache.hc.client5.http.headers - http-outgoing-6 << Date: Fri, 06 Oct 2023 01:16:22 GMT
08:16:19.888 [main] DEBUG org.apache.hc.client5.http.headers - http-outgoing-6 << Via: 1.1 varnish
08:16:19.888 [main] DEBUG org.apache.hc.client5.http.headers - http-outgoing-6 << X-Served-By: cache-qpg1271-QPG
08:16:19.888 [main] DEBUG org.apache.hc.client5.http.headers - http-outgoing-6 << X-Cache: HIT
08:16:19.888 [main] DEBUG org.apache.hc.client5.http.headers - http-outgoing-6 << X-Cache-Hits: 1
08:16:19.888 [main] DEBUG org.apache.hc.client5.http.headers - http-outgoing-6 << X-Timer: S1696554982.011603,VS0,VE1
08:16:19.888 [main] DEBUG org.apache.hc.client5.http.headers - http-outgoing-6 << Vary: Authorization,Accept-Encoding,Origin
08:16:19.888 [main] DEBUG org.apache.hc.client5.http.headers - http-outgoing-6 << Access-Control-Allow-Origin: *
08:16:19.888 [main] DEBUG org.apache.hc.client5.http.headers - http-outgoing-6 << Cross-Origin-Resource-Policy: cross-origin
08:16:19.888 [main] DEBUG org.apache.hc.client5.http.headers - http-outgoing-6 << X-Fastly-Request-ID: e7f57a6cf49e54063f95ef775759229df6885317
08:16:19.888 [main] DEBUG org.apache.hc.client5.http.headers - http-outgoing-6 << Expires: Fri, 06 Oct 2023 01:21:22 GMT
08:16:19.888 [main] DEBUG org.apache.hc.client5.http.headers - http-outgoing-6 << Source-Age: 14
08:16:19.888 [main] DEBUG org.apache.hc.client5.http.impl.classic.MainClientExec - ex-00000009: connection can be kept alive for 3 MINUTES
08:16:19.888 [main] DEBUG org.apache.hc.client5.http.wire - http-outgoing-6 << "[0x1f][0xffffff8b][0x8][0x0][0x0][0x0][0x0][0x0][0x0][0x3][0xffffffb5]V]o[0xffffffda]0[0x14]}[0xffffffe7]W\[0xffffff81]*[0xffffffb5][0x12][0x1f][[M[0xffffffd3]$[0x1e]hF[0xffffffbb]i [0x18][0xffffffb4][0xffffffdd]&[0xfffffff9][0xffffffc5]$7[0xffffffc1]R[0x12]#;[0xffffff94]v[0xffffffbf]~[0xffffffb6][0xfffffff3]1[0xffffff92][0xffffff9a][0xffffffc1][0x1a]x[0xffffffcb][0xffffffb5][0xffffffaf][0xffffffcf]9[0xffffffbe][0xfffffff7]8v[0xb][0x1c][0x1e]E4[0xfffffff6]$x4[0xffffffa1][0xb]*[0xffffffb1][0xffffffd1][0xffffff82][0xfffffffb]%[0xffffff93][0xffffffe0][0xffffffb3][0x10][0xffffffc1][0xffffffe5]qBY,!Y[0xffffffea] KM8,[0x10][0xfffffff0][0x19][0xffffffdd]u[0xffffff82][0x1e][0xffffffb0][0xffffffd8]L[0xffffffcb]%[0xffffff86][0xffffffa1][0xe][0xffffffb8][0xfffffff0]P[0xffffffe8]$[0xf][0x13]t[0x13]3[0xfffffff9][0xffffff84]B2[0xffffffae][0xffffffe6]|@[0xfffffff5][0x1d][0x8][0xffffffc4][0x18][0x16][0xffffff82]o[0xffffffa4][0xffffff9a]P[0xffffff94][0xffffffe7][0xffffffce]R[0xfffffff0][0x8][0xffffffdb]p[0xffffffcb][0x4][0xfffffffa][0xfffffffc][0xffffffb9][\r][0xffffff93][0x15][\n]"
08:16:19.888 [main] DEBUG org.apache.hc.client5.http.wire - http-outgoing-6 << "[0xffffffda][0xffffff86][0xffffffa1][0x17][0xffffffa8]Q3[0xffffffcb][0xffffffd6][0xffffffd1][0xffffff85][0xffffffc6][0xfffffff7][0xffffff98][0xffffffef][0xffffffa3][0xffffffc0]8[0x1][0xffffffae]s[0x12][0x16][0x7] _d[0xffffff82][0xffffff91][0xffffff84][0xfffffff3][0x1f],[0xfffffff6][0x14]j[0x1b]F,^+[0xffffff98]1ua2[0xffffffbf]h([0xffffff8e][0xffffff94][0xffffffa2][0xffffff91]m[0xffffffa3][0xffffffeb][0xffffff9a][0xffffffb0][0xffffffbb]I[0x17]t[0xffffffdf][0xffffffbd][0xffffffef][0xffffffbb][0xffffff91][0xffffffd7]U[0xffffffbb][0xffffff82][0xffffff9e][0x3][0xffffff9b][0xffffff88][0xffffffb9][0xffffffa6]$[0xffffffa6][0xc][0xffffff9b][0xffffffa5][0xffffffe2][0xffffff83][0xffffff98]F[0xffffffd8]o[0xffffff9e]Mg[0xffffff93][0xffffffbb][0xffffffd9]`|[0xfffffffb]u4[0xffffff9c][0x7f]"}B[0xffffffce][0x8][0xffffffb9][0xffffffe3]<[0x8][0xffffff91][0xffffff90][0xffffff94][0xffffff82][0xffffff90][0xffffffc1]j[0x15]2WI[0xffffffe3]1![0x19][0xffffff91]BnB[0xffffff80][0x9]<f[0xffffffb5][0xffffffe8]=[0xffffffd1]p[0xffffffbd][[0xffffffcf][0xffffffe5][0x1b][0xfffffff4][0xffffff9c][0xffffffff][0xfffffffc][0xfffffff8][0xffffffe1][0xffffffe2][0xffffff94][0xffffffa2][0xffffffae][0xe][0x14]5[0xffffff9a]8[0xffffff83][0xffffffd1]`:[0xfffffffd]<[0xffffffb8][0x1f][0xffffff9c]R[0xffffffcf]u[0x7f]6[0xffffffbc][0xffffff83][0xffffffef][0xf][0xffffffc3][0xffffffd9]/[0xfffffff8][0xfffffff2][0xffffffcd]y s[0xffffffee]'[0x1b]*0g[0xffffffcb][0xffffffc8]nF7H][0xffffff83][0xffffff97]{[0xffffffb1]Q[0x5][\r][0xffffffb5]c[0xffffffb4][0xf][0x2][0xffffffb3][0xffffffb4][0xffffff93][0xe]C[0xffffffa7][0xffffffb3]kAD][0xffffff9d][0xffffffde][0xffffffdb][0xffffffda][0xffffff88][0xffffffec][0xffffffa5][0xffffffbc][0xffffff99][0xffffffd9][0xffffffba]t[0xffffffb5][0xffffffea]9[0xffffffea][0x10])[0xffffffb7][0xffffffca][0xffffff9e][0xfffffff2][0xffffffe2]d^N[0xffffffd8]FW[0x16][0xffffffcd][0xffffffdc]_[0x10][0xfffffff9]i|[0x1c][0xffffff93][0xffffff8e][0xfffffff9]o[0x16][0xffffff86]4'!$G[0xffffffdf]W[0xfffffff4]W*j[[0xfffffff3]xR[0xffffffae][0xffffffb6][0xc][0xffffffd0],; #[0xffffffa9][0xffffff92]5[0xffffffb5][0x7][0xffffff9c][0xffffffb5][0xffffffd0][0x7f][0xffffff90][0xffffffc7]jgs[0xfffffffc][0xffffffc2][0xb][0xffffffd9][0x0]t[0xffffff9e]^'Y[0xfffffffb][0xffffff9f][0xffffffb1][0xffffffd8]:[0xffffffbf][0xffffff8d][0xffffffa5][0xffffff9a][0xffffffad][0x7f]m[0x5]&[0xffffffaa][0xffffffa0]^[0xffffff9b][0xffffffcb][0x5]f[0xffffffae][0xffffffe0]RU[0xffffff82][0x10]MS9l[0xffffff91]4t[0xfffffffb][0xffffff8a]][0xffffffd6][0xfffffff4][0xffffff96][0xffffffa6][0xffffff9f]P[0xffffffce][0xffffffd5][0xffffffce][0xffffff93][0xffffffff][0xffffff97][0xffffffcc]p[0xfffffffd][0xfffffff3][0xffffffe8][0x1b][0xffffffcc][0xffffffa2][0xffffffd9]Q[0xffffffbe][0xffffffb2][0xffffffa3][0xffffffc7]m'[0xffffffdf][0xffffffe4][[0xfffffffb]^[0xffffffb0][0xffffff9a][0xffffffbe][0xffffffda][0xffffffda]_[0xffffffce][0xffffff80][0xffffffd2][0xffffffc1]7[0xffffffb7]][0xffffffc1]b[0xffffffee][0xffffffb5][0xffffffff]w[0xffffff83][0xffffffed][0xffffffa7];[0x15]<[0x10]4[0xffffff92][0xffffff84][0x18][\n]"
08:16:19.888 [main] DEBUG org.apache.hc.client5.http.wire - http-outgoing-6 << "BB[0xffffffba][0xffffff8e]][0xffffffb5]jo[0xffffffb9]+"[0xffffffea][0xffffffb4][0xffffffff]h"[0xffffffea]\?5[0xffffffa9][0xffffffaf]k[0xffffffec][0xffffffff]P[0xffffffea][\n]"
08:16:19.888 [main] DEBUG org.apache.hc.client5.http.wire - http-outgoing-6 << "w[0xffffffe1]K[0x13][0xffffffda][0xffffffec][0xffffff98][0xffffffe6]Y[0xfffffffd]h8m6[0xffffff9c]T[0xffffffc1][0xfffffff2][0xffffffa7][0xffffff91]z_[0xffffff95]o85p[0x1c][0x13][0xffffffe6][0xfffffff0]5[0xffffffee][0xfffffffc][0xffffff92][0xffffff96][0xffffffda][0xfffffff7][0xffffffcf][0xffffffb1][0x5][0x1d][0xffffffea]K[0xffffff9b]9[0xffffff8e][0xffffffad]e[0xfffffff7][0xffffff93][0xffffffa8]`[0xffffffda][0xffffffff][0x1a][0xffffffd2][0xffffff88][0xffffff85][0xfffffffd][0xfffffff2][0xffffff91]N[0xfffffff6]`[0xffffffdf]2[0xffffffcf][0xffffffae]E[0xffffff97][0xffffffc5][0xffffffa2][0xffffff9d][0xffffffef]'[0xffffff9d]mun.[0xffffffd3]f^[0xffffffc7][0xffffff82][0xffffffda][0xffffff82]9[0xfffffff5][0xffffffa9]`[0x5][0xffffffbc]4[0xffffffa1][0x1d]<M[0xffffffb5]A[0xffffffa7]3[[0xffffffc0][0x7f][0x0][0xffffffc1][0xffffffd0]$[0xffffff85][0x1d][\r][0x0][0x0]"
08:16:19.888 [main] DEBUG org.apache.hc.client5.http.impl.classic.InternalHttpClient - ep-00000008: releasing valid endpoint
08:16:19.888 [main] DEBUG org.apache.hc.client5.http.impl.io.PoolingHttpClientConnectionManager - ep-00000008: releasing endpoint
08:16:19.888 [main] DEBUG org.apache.hc.client5.http.impl.io.PoolingHttpClientConnectionManager - ep-00000008: connection http-outgoing-6 can be kept alive for 3 MINUTES
08:16:19.888 [main] DEBUG org.apache.hc.client5.http.impl.io.PoolingHttpClientConnectionManager - ep-00000008: connection released [route: {s}->https://raw.githubusercontent.com:443][total available: 1; route allocated: 1 of 5; total allocated: 1 of 25]
08:16:19.888 [main] DEBUG io.github.bonigarcia.wdm.versions.VersionDetector - Detecting chrome version using online commands.properties
08:16:19.888 [main] DEBUG io.github.bonigarcia.wdm.versions.Shell - Running command on the shell: [cmd.exe, /C, wmic, datafile, where, name="%PROGRAMFILES:\=\\%\\Google\\Chrome\\Application\\chrome.exe", get, Version, /value]
08:16:20.087 [main] DEBUG io.github.bonigarcia.wdm.versions.Shell - Result: Version=117.0.5938.134
08:16:20.089 [main] DEBUG org.apache.hc.client5.http.impl.classic.InternalHttpClient - ex-0000000A: preparing request execution
08:16:20.089 [main] DEBUG org.apache.hc.client5.http.protocol.RequestAddCookies - Cookie spec selected: strict
08:16:20.089 [main] DEBUG org.apache.hc.client5.http.protocol.RequestAuthCache - Auth cache not set in the context
08:16:20.089 [main] DEBUG org.apache.hc.client5.http.impl.classic.ProtocolExec - ex-0000000A: target auth state: UNCHALLENGED
08:16:20.089 [main] DEBUG org.apache.hc.client5.http.impl.classic.ProtocolExec - ex-0000000A: proxy auth state: UNCHALLENGED
08:16:20.089 [main] DEBUG org.apache.hc.client5.http.impl.classic.ConnectExec - ex-0000000A: acquiring connection with route {s}->https://chromedriver.storage.googleapis.com:443
08:16:20.089 [main] DEBUG org.apache.hc.client5.http.impl.classic.InternalHttpClient - ex-0000000A: acquiring endpoint (3 MINUTES)
08:16:20.089 [main] DEBUG org.apache.hc.client5.http.impl.io.PoolingHttpClientConnectionManager - ex-0000000A: endpoint lease request (3 MINUTES) [route: {s}->https://chromedriver.storage.googleapis.com:443][total available: 1; route allocated: 0 of 5; total allocated: 1 of 25]
08:16:20.089 [main] DEBUG org.apache.hc.client5.http.impl.io.PoolingHttpClientConnectionManager - ex-0000000A: endpoint leased [route: {s}->https://chromedriver.storage.googleapis.com:443][total available: 1; route allocated: 1 of 5; total allocated: 2 of 25]
08:16:20.090 [main] DEBUG org.apache.hc.client5.http.impl.io.PoolingHttpClientConnectionManager - ex-0000000A: acquired ep-00000009
08:16:20.090 [main] DEBUG org.apache.hc.client5.http.impl.classic.InternalHttpClient - ex-0000000A: acquired endpoint ep-00000009
08:16:20.090 [main] DEBUG org.apache.hc.client5.http.impl.classic.ConnectExec - ex-0000000A: opening connection {s}->https://chromedriver.storage.googleapis.com:443
08:16:20.090 [main] DEBUG org.apache.hc.client5.http.impl.classic.InternalHttpClient - ep-00000009: connecting endpoint (30 SECONDS)
08:16:20.090 [main] DEBUG org.apache.hc.client5.http.impl.io.PoolingHttpClientConnectionManager - ep-00000009: connecting endpoint to https://chromedriver.storage.googleapis.com:443 (30 SECONDS)
08:16:20.091 [main] DEBUG org.apache.hc.client5.http.impl.io.DefaultHttpClientConnectionOperator - http-outgoing-7: connecting to chromedriver.storage.googleapis.com/34.101.5.27:443
08:16:20.091 [main] DEBUG org.apache.hc.client5.http.ssl.SSLConnectionSocketFactory - Connecting socket to chromedriver.storage.googleapis.com/34.101.5.27:443 with timeout 30 SECONDS
08:16:20.093 [main] DEBUG org.apache.hc.client5.http.ssl.SSLConnectionSocketFactory - Enabled protocols: [TLSv1.3, TLSv1.2]
08:16:20.093 [main] DEBUG org.apache.hc.client5.http.ssl.SSLConnectionSocketFactory - Enabled cipher suites: [TLS_AES_256_GCM_SHA384, TLS_AES_128_GCM_SHA256, TLS_CHACHA20_POLY1305_SHA256, TLS_ECDHE_ECDSA_WITH_AES_256_GCM_SHA384, TLS_ECDHE_ECDSA_WITH_AES_128_GCM_SHA256, TLS_ECDHE_ECDSA_WITH_CHACHA20_POLY1305_SHA256, TLS_ECDHE_RSA_WITH_AES_256_GCM_SHA384, TLS_ECDHE_RSA_WITH_CHACHA20_POLY1305_SHA256, TLS_ECDHE_RSA_WITH_AES_128_GCM_SHA256, TLS_DHE_RSA_WITH_AES_256_GCM_SHA384, TLS_DHE_RSA_WITH_CHACHA20_POLY1305_SHA256, TLS_DHE_DSS_WITH_AES_256_GCM_SHA384, TLS_DHE_RSA_WITH_AES_128_GCM_SHA256, TLS_DHE_DSS_WITH_AES_128_GCM_SHA256, TLS_ECDHE_ECDSA_WITH_AES_256_CBC_SHA384, TLS_ECDHE_RSA_WITH_AES_256_CBC_SHA384, TLS_ECDHE_ECDSA_WITH_AES_128_CBC_SHA256, TLS_ECDHE_RSA_WITH_AES_128_CBC_SHA256, TLS_DHE_RSA_WITH_AES_256_CBC_SHA256, TLS_DHE_DSS_WITH_AES_256_CBC_SHA256, TLS_DHE_RSA_WITH_AES_128_CBC_SHA256, TLS_DHE_DSS_WITH_AES_128_CBC_SHA256, TLS_ECDH_ECDSA_WITH_AES_256_GCM_SHA384, TLS_ECDH_RSA_WITH_AES_256_GCM_SHA384, TLS_ECDH_ECDSA_WITH_AES_128_GCM_SHA256, TLS_ECDH_RSA_WITH_AES_128_GCM_SHA256, TLS_ECDH_ECDSA_WITH_AES_256_CBC_SHA384, TLS_ECDH_RSA_WITH_AES_256_CBC_SHA384, TLS_ECDH_ECDSA_WITH_AES_128_CBC_SHA256, TLS_ECDH_RSA_WITH_AES_128_CBC_SHA256, TLS_ECDHE_ECDSA_WITH_AES_256_CBC_SHA, TLS_ECDHE_RSA_WITH_AES_256_CBC_SHA, TLS_ECDHE_ECDSA_WITH_AES_128_CBC_SHA, TLS_ECDHE_RSA_WITH_AES_128_CBC_SHA, TLS_DHE_RSA_WITH_AES_256_CBC_SHA, TLS_DHE_DSS_WITH_AES_256_CBC_SHA, TLS_DHE_RSA_WITH_AES_128_CBC_SHA, TLS_DHE_DSS_WITH_AES_128_CBC_SHA, TLS_ECDH_ECDSA_WITH_AES_256_CBC_SHA, TLS_ECDH_RSA_WITH_AES_256_CBC_SHA, TLS_ECDH_ECDSA_WITH_AES_128_CBC_SHA, TLS_ECDH_RSA_WITH_AES_128_CBC_SHA, TLS_RSA_WITH_AES_256_GCM_SHA384, TLS_RSA_WITH_AES_128_GCM_SHA256, TLS_RSA_WITH_AES_256_CBC_SHA256, TLS_RSA_WITH_AES_128_CBC_SHA256, TLS_RSA_WITH_AES_256_CBC_SHA, TLS_RSA_WITH_AES_128_CBC_SHA, TLS_EMPTY_RENEGOTIATION_INFO_SCSV]
08:16:20.093 [main] DEBUG org.apache.hc.client5.http.ssl.SSLConnectionSocketFactory - Starting handshake
08:16:20.138 [main] DEBUG org.apache.hc.client5.http.ssl.SSLConnectionSocketFactory - Secure session established
08:16:20.138 [main] DEBUG org.apache.hc.client5.http.ssl.SSLConnectionSocketFactory -  negotiated protocol: TLSv1.3
08:16:20.138 [main] DEBUG org.apache.hc.client5.http.ssl.SSLConnectionSocketFactory -  negotiated cipher suite: TLS_AES_256_GCM_SHA384
08:16:20.138 [main] DEBUG org.apache.hc.client5.http.ssl.SSLConnectionSocketFactory -  peer principal: CN=*.storage.googleapis.com
08:16:20.138 [main] DEBUG org.apache.hc.client5.http.ssl.SSLConnectionSocketFactory -  peer alternative names: [*.storage.googleapis.com, *.googleapis.com, commondatastorage.googleapis.com, *.commondatastorage.googleapis.com, storage.googleapis.com, storage-p2.googleapis.com, *.storage-p2.googleapis.com, storage.mtls.googleapis.com, *.appspot.com.storage.googleapis.com, *.content-storage.googleapis.com, *.content-storage-p2.googleapis.com, *.content-storage-upload.googleapis.com, *.content-storage-download.googleapis.com, *.storage-upload.googleapis.com, *.storage-download.googleapis.com]
08:16:20.138 [main] DEBUG org.apache.hc.client5.http.ssl.SSLConnectionSocketFactory -  issuer principal: CN=GTS CA 1C3, O=Google Trust Services LLC, C=US
08:16:20.138 [main] DEBUG org.apache.hc.client5.http.impl.io.DefaultHttpClientConnectionOperator - http-outgoing-7: connection established 192.168.100.42:64140<->34.101.5.27:443
08:16:20.138 [main] DEBUG org.apache.hc.client5.http.impl.io.PoolingHttpClientConnectionManager - ep-00000009: connected http-outgoing-7
08:16:20.138 [main] DEBUG org.apache.hc.client5.http.impl.classic.InternalHttpClient - ep-00000009: endpoint connected
08:16:20.138 [main] DEBUG org.apache.hc.client5.http.impl.classic.MainClientExec - ex-0000000A: executing GET /LATEST_RELEASE_117 HTTP/1.1
08:16:20.138 [main] DEBUG org.apache.hc.client5.http.impl.classic.InternalHttpClient - ep-00000009: start execution ex-0000000A
08:16:20.138 [main] DEBUG org.apache.hc.client5.http.impl.io.PoolingHttpClientConnectionManager - ep-00000009: executing exchange ex-0000000A over http-outgoing-7
08:16:20.138 [main] DEBUG org.apache.hc.client5.http.headers - http-outgoing-7 >> GET /LATEST_RELEASE_117 HTTP/1.1
08:16:20.138 [main] DEBUG org.apache.hc.client5.http.headers - http-outgoing-7 >> user-agent: Apache-HttpClient/5.0
08:16:20.138 [main] DEBUG org.apache.hc.client5.http.headers - http-outgoing-7 >> accept-encoding: gzip, deflate, br
08:16:20.138 [main] DEBUG org.apache.hc.client5.http.headers - http-outgoing-7 >> cache-control: max-age=0
08:16:20.138 [main] DEBUG org.apache.hc.client5.http.headers - http-outgoing-7 >> connection: keep-alive
08:16:20.138 [main] DEBUG org.apache.hc.client5.http.headers - http-outgoing-7 >> Host: chromedriver.storage.googleapis.com
08:16:20.138 [main] DEBUG org.apache.hc.client5.http.wire - http-outgoing-7 >> "GET /LATEST_RELEASE_117 HTTP/1.1[\r][\n]"
08:16:20.138 [main] DEBUG org.apache.hc.client5.http.wire - http-outgoing-7 >> "user-agent: Apache-HttpClient/5.0[\r][\n]"
08:16:20.138 [main] DEBUG org.apache.hc.client5.http.wire - http-outgoing-7 >> "accept-encoding: gzip, deflate, br[\r][\n]"
08:16:20.138 [main] DEBUG org.apache.hc.client5.http.wire - http-outgoing-7 >> "cache-control: max-age=0[\r][\n]"
08:16:20.138 [main] DEBUG org.apache.hc.client5.http.wire - http-outgoing-7 >> "connection: keep-alive[\r][\n]"
08:16:20.154 [main] DEBUG org.apache.hc.client5.http.wire - http-outgoing-7 >> "Host: chromedriver.storage.googleapis.com[\r][\n]"
08:16:20.154 [main] DEBUG org.apache.hc.client5.http.wire - http-outgoing-7 >> "[\r][\n]"
08:16:20.391 [main] DEBUG org.apache.hc.client5.http.wire - http-outgoing-7 << "HTTP/1.1 404 Not Found[\r][\n]"
08:16:20.391 [main] DEBUG org.apache.hc.client5.http.wire - http-outgoing-7 << "X-GUploader-UploadID: ADPycdsfr0Acu9xIbBJmxuOsowufbJky4Q083Ud8W8acX3ze2Zq7xKLrYaseY56gs443zlvy_QFMiQnDoeW-KWKcfY6ZKOdjTh_P[\r][\n]"
08:16:20.391 [main] DEBUG org.apache.hc.client5.http.wire - http-outgoing-7 << "Content-Type: application/xml; charset=UTF-8[\r][\n]"
08:16:20.391 [main] DEBUG org.apache.hc.client5.http.wire - http-outgoing-7 << "Content-Length: 193[\r][\n]"
08:16:20.391 [main] DEBUG org.apache.hc.client5.http.wire - http-outgoing-7 << "Date: Fri, 06 Oct 2023 01:16:22 GMT[\r][\n]"
08:16:20.391 [main] DEBUG org.apache.hc.client5.http.wire - http-outgoing-7 << "Expires: Fri, 06 Oct 2023 01:16:22 GMT[\r][\n]"
08:16:20.391 [main] DEBUG org.apache.hc.client5.http.wire - http-outgoing-7 << "Cache-Control: private, max-age=0[\r][\n]"
08:16:20.391 [main] DEBUG org.apache.hc.client5.http.wire - http-outgoing-7 << "Server: UploadServer[\r][\n]"
08:16:20.391 [main] DEBUG org.apache.hc.client5.http.wire - http-outgoing-7 << "Alt-Svc: h3=":443"; ma=2592000,h3-29=":443"; ma=2592000[\r][\n]"
08:16:20.391 [main] DEBUG org.apache.hc.client5.http.wire - http-outgoing-7 << "[\r][\n]"
08:16:20.391 [main] DEBUG org.apache.hc.client5.http.wire - http-outgoing-7 << "<?xml version='1.0' encoding='UTF-8'?><Error><Code>NoSuchKey</Code><Message>The specified key does not exist.</Message><Details>No such object: chromedriver/LATEST_RELEASE_117</Details></Error>"
08:16:20.391 [main] DEBUG org.apache.hc.client5.http.headers - http-outgoing-7 << HTTP/1.1 404 Not Found
08:16:20.391 [main] DEBUG org.apache.hc.client5.http.headers - http-outgoing-7 << X-GUploader-UploadID: ADPycdsfr0Acu9xIbBJmxuOsowufbJky4Q083Ud8W8acX3ze2Zq7xKLrYaseY56gs443zlvy_QFMiQnDoeW-KWKcfY6ZKOdjTh_P
08:16:20.391 [main] DEBUG org.apache.hc.client5.http.headers - http-outgoing-7 << Content-Type: application/xml; charset=UTF-8
08:16:20.391 [main] DEBUG org.apache.hc.client5.http.headers - http-outgoing-7 << Content-Length: 193
08:16:20.391 [main] DEBUG org.apache.hc.client5.http.headers - http-outgoing-7 << Date: Fri, 06 Oct 2023 01:16:22 GMT
08:16:20.391 [main] DEBUG org.apache.hc.client5.http.headers - http-outgoing-7 << Expires: Fri, 06 Oct 2023 01:16:22 GMT
08:16:20.391 [main] DEBUG org.apache.hc.client5.http.headers - http-outgoing-7 << Cache-Control: private, max-age=0
08:16:20.391 [main] DEBUG org.apache.hc.client5.http.headers - http-outgoing-7 << Server: UploadServer
08:16:20.391 [main] DEBUG org.apache.hc.client5.http.headers - http-outgoing-7 << Alt-Svc: h3=":443"; ma=2592000,h3-29=":443"; ma=2592000
08:16:20.391 [main] DEBUG org.apache.hc.client5.http.impl.classic.MainClientExec - ex-0000000A: connection can be kept alive for 3 MINUTES
08:16:20.391 [main] ERROR io.github.bonigarcia.wdm.online.HttpClient - Error HTTP 404 executing https://chromedriver.storage.googleapis.com/LATEST_RELEASE_117
08:16:20.394 [main] WARN io.github.bonigarcia.wdm.versions.VersionDetector - Exception reading https://chromedriver.storage.googleapis.com/LATEST_RELEASE_117 to get latest version of chromedriver (Error HTTP 404 executing https://chromedriver.storage.googleapis.com/LATEST_RELEASE_117)
08:16:20.394 [main] DEBUG io.github.bonigarcia.wdm.versions.VersionDetector - Getting driver version for chrome117 from online versions.properties
08:16:20.394 [main] DEBUG org.apache.hc.client5.http.impl.classic.InternalHttpClient - ex-0000000B: preparing request execution
08:16:20.394 [main] DEBUG org.apache.hc.client5.http.protocol.RequestAddCookies - Cookie spec selected: strict
08:16:20.394 [main] DEBUG org.apache.hc.client5.http.protocol.RequestAuthCache - Auth cache not set in the context
08:16:20.394 [main] DEBUG org.apache.hc.client5.http.impl.classic.ProtocolExec - ex-0000000B: target auth state: UNCHALLENGED
08:16:20.394 [main] DEBUG org.apache.hc.client5.http.impl.classic.ProtocolExec - ex-0000000B: proxy auth state: UNCHALLENGED
08:16:20.394 [main] DEBUG org.apache.hc.client5.http.impl.classic.ConnectExec - ex-0000000B: acquiring connection with route {s}->https://raw.githubusercontent.com:443
08:16:20.394 [main] DEBUG org.apache.hc.client5.http.impl.classic.InternalHttpClient - ex-0000000B: acquiring endpoint (3 MINUTES)
08:16:20.394 [main] DEBUG org.apache.hc.client5.http.impl.io.PoolingHttpClientConnectionManager - ex-0000000B: endpoint lease request (3 MINUTES) [route: {s}->https://raw.githubusercontent.com:443][total available: 1; route allocated: 1 of 5; total allocated: 2 of 25]
08:16:20.394 [main] DEBUG org.apache.hc.client5.http.impl.io.PoolingHttpClientConnectionManager - ex-0000000B: endpoint leased [route: {s}->https://raw.githubusercontent.com:443][total available: 0; route allocated: 1 of 5; total allocated: 2 of 25]
08:16:20.394 [main] DEBUG org.apache.hc.client5.http.impl.io.PoolingHttpClientConnectionManager - ex-0000000B: acquired ep-0000000A
08:16:20.394 [main] DEBUG org.apache.hc.client5.http.impl.classic.InternalHttpClient - ex-0000000B: acquired endpoint ep-0000000A
08:16:20.394 [main] DEBUG org.apache.hc.client5.http.impl.classic.MainClientExec - ex-0000000B: executing GET /bonigarcia/webdrivermanager/master/src/main/resources/versions.properties HTTP/1.1
08:16:20.394 [main] DEBUG org.apache.hc.client5.http.impl.classic.InternalHttpClient - ep-0000000A: start execution ex-0000000B
08:16:20.394 [main] DEBUG org.apache.hc.client5.http.impl.io.PoolingHttpClientConnectionManager - ep-0000000A: executing exchange ex-0000000B over http-outgoing-6
08:16:20.394 [main] DEBUG org.apache.hc.client5.http.headers - http-outgoing-6 >> GET /bonigarcia/webdrivermanager/master/src/main/resources/versions.properties HTTP/1.1
08:16:20.394 [main] DEBUG org.apache.hc.client5.http.headers - http-outgoing-6 >> user-agent: Apache-HttpClient/5.0
08:16:20.394 [main] DEBUG org.apache.hc.client5.http.headers - http-outgoing-6 >> accept-encoding: gzip, deflate, br
08:16:20.394 [main] DEBUG org.apache.hc.client5.http.headers - http-outgoing-6 >> cache-control: max-age=0
08:16:20.394 [main] DEBUG org.apache.hc.client5.http.headers - http-outgoing-6 >> connection: keep-alive
08:16:20.394 [main] DEBUG org.apache.hc.client5.http.headers - http-outgoing-6 >> Host: raw.githubusercontent.com
08:16:20.394 [main] DEBUG org.apache.hc.client5.http.wire - http-outgoing-6 >> "GET /bonigarcia/webdrivermanager/master/src/main/resources/versions.properties HTTP/1.1[\r][\n]"
08:16:20.394 [main] DEBUG org.apache.hc.client5.http.wire - http-outgoing-6 >> "user-agent: Apache-HttpClient/5.0[\r][\n]"
08:16:20.394 [main] DEBUG org.apache.hc.client5.http.wire - http-outgoing-6 >> "accept-encoding: gzip, deflate, br[\r][\n]"
08:16:20.394 [main] DEBUG org.apache.hc.client5.http.wire - http-outgoing-6 >> "cache-control: max-age=0[\r][\n]"
08:16:20.394 [main] DEBUG org.apache.hc.client5.http.wire - http-outgoing-6 >> "connection: keep-alive[\r][\n]"
08:16:20.394 [main] DEBUG org.apache.hc.client5.http.wire - http-outgoing-6 >> "Host: raw.githubusercontent.com[\r][\n]"
08:16:20.394 [main] DEBUG org.apache.hc.client5.http.wire - http-outgoing-6 >> "[\r][\n]"
08:16:20.438 [main] DEBUG org.apache.hc.client5.http.wire - http-outgoing-6 << "HTTP/1.1 200 OK[\r][\n]"
08:16:20.438 [main] DEBUG org.apache.hc.client5.http.wire - http-outgoing-6 << "Connection: keep-alive[\r][\n]"
08:16:20.438 [main] DEBUG org.apache.hc.client5.http.wire - http-outgoing-6 << "Content-Length: 1625[\r][\n]"
08:16:20.438 [main] DEBUG org.apache.hc.client5.http.wire - http-outgoing-6 << "Cache-Control: max-age=300[\r][\n]"
08:16:20.438 [main] DEBUG org.apache.hc.client5.http.wire - http-outgoing-6 << "Content-Security-Policy: default-src 'none'; style-src 'unsafe-inline'; sandbox[\r][\n]"
08:16:20.438 [main] DEBUG org.apache.hc.client5.http.wire - http-outgoing-6 << "Content-Type: text/plain; charset=utf-8[\r][\n]"
08:16:20.438 [main] DEBUG org.apache.hc.client5.http.wire - http-outgoing-6 << "ETag: W/"51a99ebb5fa30c7285d42b08929913814dd238f6403d61fccadee50390eab957"[\r][\n]"
08:16:20.438 [main] DEBUG org.apache.hc.client5.http.wire - http-outgoing-6 << "Strict-Transport-Security: max-age=31536000[\r][\n]"
08:16:20.438 [main] DEBUG org.apache.hc.client5.http.wire - http-outgoing-6 << "X-Content-Type-Options: nosniff[\r][\n]"
08:16:20.438 [main] DEBUG org.apache.hc.client5.http.wire - http-outgoing-6 << "X-Frame-Options: deny[\r][\n]"
08:16:20.438 [main] DEBUG org.apache.hc.client5.http.wire - http-outgoing-6 << "X-XSS-Protection: 1; mode=block[\r][\n]"
08:16:20.440 [main] DEBUG org.apache.hc.client5.http.wire - http-outgoing-6 << "X-GitHub-Request-Id: ADC8:C8321:F9E48:13930E:651E6E7C[\r][\n]"
08:16:20.440 [main] DEBUG org.apache.hc.client5.http.wire - http-outgoing-6 << "Content-Encoding: gzip[\r][\n]"
08:16:20.440 [main] DEBUG org.apache.hc.client5.http.wire - http-outgoing-6 << "Accept-Ranges: bytes[\r][\n]"
08:16:20.440 [main] DEBUG org.apache.hc.client5.http.wire - http-outgoing-6 << "Date: Fri, 06 Oct 2023 01:16:22 GMT[\r][\n]"
08:16:20.440 [main] DEBUG org.apache.hc.client5.http.wire - http-outgoing-6 << "Via: 1.1 varnish[\r][\n]"
08:16:20.440 [main] DEBUG org.apache.hc.client5.http.wire - http-outgoing-6 << "X-Served-By: cache-qpg1271-QPG[\r][\n]"
08:16:20.440 [main] DEBUG org.apache.hc.client5.http.wire - http-outgoing-6 << "X-Cache: HIT[\r][\n]"
08:16:20.440 [main] DEBUG org.apache.hc.client5.http.wire - http-outgoing-6 << "X-Cache-Hits: 1[\r][\n]"
08:16:20.440 [main] DEBUG org.apache.hc.client5.http.wire - http-outgoing-6 << "X-Timer: S1696554983.558228,VS0,VE1[\r][\n]"
08:16:20.440 [main] DEBUG org.apache.hc.client5.http.wire - http-outgoing-6 << "Vary: Authorization,Accept-Encoding,Origin[\r][\n]"
08:16:20.440 [main] DEBUG org.apache.hc.client5.http.wire - http-outgoing-6 << "Access-Control-Allow-Origin: *[\r][\n]"
08:16:20.440 [main] DEBUG org.apache.hc.client5.http.wire - http-outgoing-6 << "Cross-Origin-Resource-Policy: cross-origin[\r][\n]"
08:16:20.440 [main] DEBUG org.apache.hc.client5.http.wire - http-outgoing-6 << "X-Fastly-Request-ID: 77366d87575dc61dd3f4992ee4a69951930f7899[\r][\n]"
08:16:20.440 [main] DEBUG org.apache.hc.client5.http.wire - http-outgoing-6 << "Expires: Fri, 06 Oct 2023 01:21:22 GMT[\r][\n]"
08:16:20.440 [main] DEBUG org.apache.hc.client5.http.wire - http-outgoing-6 << "Source-Age: 40[\r][\n]"
08:16:20.440 [main] DEBUG org.apache.hc.client5.http.wire - http-outgoing-6 << "[\r][\n]"
08:16:20.440 [main] DEBUG org.apache.hc.client5.http.headers - http-outgoing-6 << HTTP/1.1 200 OK
08:16:20.440 [main] DEBUG org.apache.hc.client5.http.headers - http-outgoing-6 << Connection: keep-alive
08:16:20.440 [main] DEBUG org.apache.hc.client5.http.headers - http-outgoing-6 << Content-Length: 1625
08:16:20.440 [main] DEBUG org.apache.hc.client5.http.headers - http-outgoing-6 << Cache-Control: max-age=300
08:16:20.440 [main] DEBUG org.apache.hc.client5.http.headers - http-outgoing-6 << Content-Security-Policy: default-src 'none'; style-src 'unsafe-inline'; sandbox
08:16:20.440 [main] DEBUG org.apache.hc.client5.http.headers - http-outgoing-6 << Content-Type: text/plain; charset=utf-8
08:16:20.440 [main] DEBUG org.apache.hc.client5.http.headers - http-outgoing-6 << ETag: W/"51a99ebb5fa30c7285d42b08929913814dd238f6403d61fccadee50390eab957"
08:16:20.440 [main] DEBUG org.apache.hc.client5.http.headers - http-outgoing-6 << Strict-Transport-Security: max-age=31536000
08:16:20.440 [main] DEBUG org.apache.hc.client5.http.headers - http-outgoing-6 << X-Content-Type-Options: nosniff
08:16:20.440 [main] DEBUG org.apache.hc.client5.http.headers - http-outgoing-6 << X-Frame-Options: deny
08:16:20.440 [main] DEBUG org.apache.hc.client5.http.headers - http-outgoing-6 << X-XSS-Protection: 1; mode=block
08:16:20.440 [main] DEBUG org.apache.hc.client5.http.headers - http-outgoing-6 << X-GitHub-Request-Id: ADC8:C8321:F9E48:13930E:651E6E7C
08:16:20.440 [main] DEBUG org.apache.hc.client5.http.headers - http-outgoing-6 << Content-Encoding: gzip
08:16:20.440 [main] DEBUG org.apache.hc.client5.http.headers - http-outgoing-6 << Accept-Ranges: bytes
08:16:20.440 [main] DEBUG org.apache.hc.client5.http.headers - http-outgoing-6 << Date: Fri, 06 Oct 2023 01:16:22 GMT
08:16:20.440 [main] DEBUG org.apache.hc.client5.http.headers - http-outgoing-6 << Via: 1.1 varnish
08:16:20.440 [main] DEBUG org.apache.hc.client5.http.headers - http-outgoing-6 << X-Served-By: cache-qpg1271-QPG
08:16:20.440 [main] DEBUG org.apache.hc.client5.http.headers - http-outgoing-6 << X-Cache: HIT
08:16:20.440 [main] DEBUG org.apache.hc.client5.http.headers - http-outgoing-6 << X-Cache-Hits: 1
08:16:20.440 [main] DEBUG org.apache.hc.client5.http.headers - http-outgoing-6 << X-Timer: S1696554983.558228,VS0,VE1
08:16:20.440 [main] DEBUG org.apache.hc.client5.http.headers - http-outgoing-6 << Vary: Authorization,Accept-Encoding,Origin
08:16:20.440 [main] DEBUG org.apache.hc.client5.http.headers - http-outgoing-6 << Access-Control-Allow-Origin: *
08:16:20.440 [main] DEBUG org.apache.hc.client5.http.headers - http-outgoing-6 << Cross-Origin-Resource-Policy: cross-origin
08:16:20.440 [main] DEBUG org.apache.hc.client5.http.headers - http-outgoing-6 << X-Fastly-Request-ID: 77366d87575dc61dd3f4992ee4a69951930f7899
08:16:20.440 [main] DEBUG org.apache.hc.client5.http.headers - http-outgoing-6 << Expires: Fri, 06 Oct 2023 01:21:22 GMT
08:16:20.440 [main] DEBUG org.apache.hc.client5.http.headers - http-outgoing-6 << Source-Age: 40
08:16:20.440 [main] DEBUG org.apache.hc.client5.http.impl.classic.MainClientExec - ex-0000000B: connection can be kept alive for 3 MINUTES
08:16:20.440 [main] DEBUG org.apache.hc.client5.http.wire - http-outgoing-6 << "[0x1f][0xffffff8b][0x8][0x0][0x0][0x0][0x0][0x0][0x0][0x3][0xffffff8d][0xffffff97]Ko#7[0xc][0xffffffc7][0xffffffef][0xfffffff9][0x14][0x3][0xfffffff4][0x1c]YO[0xffffff8a][\n]"
08:16:20.440 [main] DEBUG org.apache.hc.client5.http.wire - http-outgoing-6 << "[0xffffffa0]K[0xffffff9f][0xffffffa7][0xffffffa2][0xffffff87][0xfffffff6][0xb]x[0xffffffed]Ib[0xffffffac][0xffffffe3][0x9]lg[0xffffffb3][0xffffffe8][0xffffffa7]/[0xfffffff5][0xffffffa0]F[0xffffff96][[0xffffffa0][0xffffff87]`[0xffffff97]?k$[0xffffff92][0xffffffe2]p[0xfffffffe][0xfffffffc]a[0xfffffffa][0xffffffeb][0xfffffff5]p[0xffffff99][0xffffff9e][0xf][0xffffffc7]y[0xffffffda]-[0xffffffa7][0xffffffeb][0xfffffff6]p[0xffffffba]L[0xffffffd7][0xffffffd7]y[0xfffffffa]zZ>O[0xffffffd3][0xfffffffe]|[0xfffffff8]6[0xffffff9f]'[0xfffffffa][0xffffffbb][0x1c][0x16][0xfffffffa]e[0xffffffb7][0xffffffbc][0xffffffbd]o[0xffffffaf][0xffffff87]/[0xffffffb4][0xfffffffa][0xfffffff3]p}[0xffffffcd]+w[0xffffffcb][0xfffffff9]<_[0xffffffde][0xffffff97][0xffffffd3][0xfffffffe]pz[0xffffff99][0xffffffbe][0xffffff9c][0xffffff97][0xffffffcf][0xffffffcb][0xfffffffa][0xffffffc8][0xffffffc3][0xffffffc3][0xf][0xffffffd3][0xffffff8f][0x5]=M[0xffffffbf]-[0xffffffcb][0xb]=[0xfffffff9][0xffffffd3][0xffffffeb]yy[0xffffff9b][0xffffffa7][0xffffffed]i_[0xfffffffe]{[0xfffffff8]x[0xffffff9b][0x1e][0xffffffa7][0xffffff9f][0xfffffff3]QO[0xffffffd3].[0xffffffff]Z[0xe][0xffffffa6][0xffffff87][0xffffffff]\>[0xffffffce][0xffffffbb][0xfffffff9]iz[0xffffffbd]^[0xffffffdf][0xffffff9f]6[0xffffff9b][0xfffffffe]W[0xffffffb1][0xffffffab]O[0xffffff8b][0xffffffe5][0xfffffffc][0xffffffb2][0xffffffd9][0xffffff93][0xffffffbf][0xffffffc7]e[0xffffffbb][0xffffffbf]<[0xffffff94]5J[0xffffffd9]H[0x7f]B[\n]"
08:16:20.440 [main] DEBUG org.apache.hc.client5.http.wire - http-outgoing-6 << "[0xffffffe7][0xffffff8d][0x13]A6n[0xffffff88][0xffffff9b][0xffffffc4][0xffffffc1]k[0x1][0xffffffa6]qM\g[0xffffffae][0xffffff9c][0xffffffb0][0xffffffa1]qE\%[0xffffffee][0xffffffc0][0x8][0xffffffb0][0xffffff8d]K[0xffffffe2]2q[0xffffff8b]Jx[0xffffffcf]\[0xffffff86]H[0x7f][0xffffff99][0xffffffd3][0xfffffff1][0xffffffbe][0xffffffad][0xffffff97]H[0x1c][0x13]7.[0x8][0xffffffaf][0x1a][0xfffffff7][0xffffffc4]}[0xffffffe6][0xffffffd2][\n]"
08:16:20.440 [main] DEBUG org.apache.hc.client5.http.wire - http-outgoing-6 << "[0xffffffd0][0xffffff8d][0x3]qH\[0xffffffdb] `][0xffffffef][0xffffff88][0xffffffbb][0xffffffc4]Up[0xfffffff4]c[0xffffffe3][0x14][0xffffffaf][0xffffffcc][0xfffffff1][0xffffffa6]0|[0xfffffff3]_R[0xffffffbc]2[0xffffffc7]+A[\n]"
08:16:20.440 [main] DEBUG org.apache.hc.client5.http.wire - http-outgoing-6 << "eV[0xffffff87](`[0xffffff99][0x3][0xffffff96][0xffffffb4]_w[0x0][0x5],S[0xffffffc0]68%[0xffffffec][0xffffffca])`[0xffffff99][0x2][0xffffffb6][0x18]@[0x0]'4[0xffffff84][0x18]B[0xffffffa6][0xffffffd6][0xffffffd2][0xffffffd9]L1[0xffffff86][0x14][0xffffffac][0xfffffff5][0xe][0x5][0x1d][0xffffffc3][0xffffffd8][0xffffffc7][0xffffff90]b[0xffffffb5][0x10][0xfffffff4][0xffffff9a][0xffffff83][0x0]1@[0xffffffa6]`[0xffffff85]uL][0xc].S[0xffffff83][0x2]8[0xffffff9e]`c[0xffffffb0][0xffffff99]Rr[0xffffffe8]"[0x19][0xffffff9b][0x18]R[0xffffff90][0xffffffd6]y[0xffffffbf]^j[0xffffffd0]1[0xffffffe8]L[0xffffffe9]J)[0xffffffcb][0xffffff8c]U[0xc]9@K[0x15]@[0xffffffb1]2[0xffffff96]1[0xffffffe4][0xfffffff8][0xffffffac][0xffffff91]Bs[0xffffff9e]0D[0xffffffcc][0xfffffff1][0x19][0xfffffffa]G[0xfffffff3][0xffffffce][0xffffff88][0x11]s|F[[0x11][0xffffff80][0xffffffa9][0xffffff8f][0xffffff98][0xffffffc3][0xffffffd3]([0x5]"S[0xffffff88][0xffffff98][0xffffffc3][0xffffffd3][0xffffff96][0xfffffff6][0xffffffe5]T[0xffffffa0][0xffffff8b][0xffffff98][0xffffffc3]Sh[0x4][0xffffffb2]kh#[0xffffffe6][0xfffffff0][0xffffff94][0xfffffff5][0xffffffc2]p[0xffffff8e][0xffffffd1]D[0xffffffcc][0xffffffd1][0xffffffa5][0xffffff9b]4[0xffffff9c][\n]"
08:16:20.440 [main] DEBUG org.apache.hc.client5.http.wire - http-outgoing-6 << "T[0x11]s[0x18][0xffffff92]2[0xffffffaf]L;NFLa[0xffffff98]@[0xffffffbe]P[0x9]U[0xffffffec]C[0xfffffff4]!c[0xffffffeb][0xffffff84]i[0x14][0xffffffa3][0xffffffc7]L[0xffffffa9]v[0xffffffa8][0xffffffae][0x18][0xfffffffb][0xffffffe8]S [0x6][0xffffff81][0xffffffde][0x5]v[0xffffffc3]C[0xfffffff4][0xffffff90])[0x15][0xffffffb8][0xffffffd2]m[0xf][0x17]}[0xffffff8a][0xffffffc4]xO[0x5][0xffffffb6][0xffffffae][0xffffffb6][0xffffffd1][0xffffffdb][0xffffff8c]5[0xffffffd5]/C[0x13]}[0xffffff8a][0xffffffc4][0x0][0x5][0x4][0xffffffec][0xffffffb2][0xffffffd7]Q[0xffffffd3][0xffffff8d][0xffffffb2][0xffffffa5]n,[0xffffff99],v[0xc]B[0xffffffb2][0xfffffff8]n[0x0][0xffffff93][0xffffffc5][0x19][0x5][0xffffff9f],[0xffffffbe]M[0xffffff80]d[0xffffffb1]3[0xffffffe0][0xffffffc8]j)[0x2][0xffffff9b],[0xffffffce]9[0xffffff98]d[0xfffffff1]y[0xffffff90]|1[0xffffffed][0xffffffbc][0xffffffe4]K{g [0xfffffff9]b[0xffffffcc]MW[0xfffffffb]}[0xfffffff9][0xfffffffb]p<n[0xffffffa7]_[0xf][0xffffffe7][0xfffffff9]y[0xfffffff9][0xffffffde][0xffffffb5][0xffffffb2][0xffffff97]y[0xfffffff7]u[0xfffffff9][0xffffffd7]Nv[0xffffffa1]V[0xfffffff6]B[\r][0xfffffff4][0xffffffe3][0xffffff8b][0xffffffa0][0xffffff96][0xffffffba]y+[l[0xffffffba][0x7]6[0xffffffe7][0xfffffff9]8o/[0xfffffff3][0xffffffe5][0xffffffe1][0xffffffb9][0xffffffec][0xffffffab][0x14]FJ[0x1b][0xffffffe5]n%[0xfffffffe][0xffffff8e][0xffffffc0][0x1d]qw[0xffffffc4][0xffffffde][0x11]sG[0xfffffff4][0x1d]QwD&[0xffffffa2][0xffffff85]n[0xffffff84]:_&[0xffffffeb][0x1a][0xffffff89]w[0xffffffc4][0xffffffdf][0x11][0xffffffb8]#[0xffffffee][0xffffff8e]d[0xffffff9f]UO[0xffffffcc][0x1d][0xffffffd1]wD[0xffffffdd][0x11]9[0xffffff90][0x10]F[0xffffff80]#[0xfffffff0]#[0xffffff80][0x11][0xffffffb8][0x11][0xffffff8c][0xffffffde][0xffffff86][0xffffffd1][0xffffffd9]0[0xfffffffa][0x1a]FWC[0xfffffff2][0xffffff94][0xffffffde][0xffffff9b][0xe][0xffffff88][0xffffffe3][0xffffffe1][0xfffffff4][0xfffffff1][0xffffffbd]`[0xffffffc5][0x18][0xffffffc3][0xffffffb0][0xe]q[0x4]~[0x4]0[0x2]7[0x2];[0xffffff82][0x14][0xffffff80][0xffffffc6][0xe][0xffffffe8][0x11][0xffffffa4][0x0][0xffffffb4][0xffffffef][0xffffff80][0x1c][0xffffff80][0xf]#[0xffffffc8][0xffffff9e]B[0x7][0xfffffffc][0x8]`[0x4]n[0x4]v[0x4]f[0x4]z[0x4]j[0x4]r[0x0][0x10]F[0xffffff90]=u[0x1d][0xffffffc8][0xffffff9e][0xffffffda][0xe][0xffffffc0][0x8][0xffffffdc][0x8][0xffffffb2][0xffffffa7][0xffffffdd][0xb][0x4]f[0x4][0xffffffd9][0xffffffd3][0xffffffae][0xffffffec]!{[0xffffffda][0x15][0x5][0xffffffc8][0x1][0xffffffb8]0[0x2][0x1c][0xffffff81][0x1f]A[0xfffffff6]Tv[0xffffffc0]1[0xffffffe8][0xffffffbb][0xffffffda][0x1f][0xffffffef][0xfffffff3]y[0xffffffdb][0xfffffff5][0xffffffb2]%[0xffffffd9][0xffffffff][0xffffffa7][0xffffff97][0xffffffe5][0xffffff85][0xffffff97][0xffffffe5][0xfffffff9][0xfffffffa][0xffffffb9]=[0xffffffcf][0xffffffc5]b[0xffffff9d]6v[0xffffffb6][0xfffffffc]c[0xffffffd6]'*[0xffffffeb][0xffffff9f]@[0xffffffdf]ye4[0xfffffff3][0xffffffa4][0xffffffc7][0xffffffb2][0xfffffffe]A[0xfffffffa]`[0x5][0xffffffcf]8[0xffffffc9][0xffffffb1],[0x7f]<[0xffffffbd][0x12][0xffffff8a]4D[0xffffffe5][0xffffffb2][0xffffff97]{[0xffffffd4][0xffffff9d][\n]"
08:16:20.440 [main] DEBUG org.apache.hc.client5.http.wire - http-outgoing-6 << "[0xffffffa7][0x17][0xffffffbc]S{J[0xffffffd7]m[0xffffffe8]5[0xffffffef][0xffffffc4][0x1e]2[0xfffffff5]7R[0xffffffcf]U[\n]"
08:16:20.440 [main] DEBUG org.apache.hc.client5.http.wire - http-outgoing-6 << "[0xffffffbd][0xffffffd0][0xffffffa3][0xffffff83]*v[0xffffffbd][0xffffffce]S[0xffffff9a][0xffffffb1][0xffffffed]e^[0x8][0xffffff95][0xffffff9a]^[0xffffffe4][0xffffff91]2(T[0xfffffff7][0x12]O)^[0xffffffac]z[0xffffff85][0xffffff97][0xffffffc4]S[0xffffffc1][0xffffffb2][0x17]xX[0x3][0xffffffc7][0xffffffd0][0xffffffcb];[0xffffff80]Jq[0xffffffd0]v[0xffffff85][0xfffffffa]^[0xffffffd9][0xffffff91][0xffffff94]-[0x14]z][0xffffffd7]RD][0xffffffe1]F[0xffffffd7][0x15]h;Y[0xffffff87][0xffffffd5]1[0xffffffea][0xe]7[0xffffffa2][0xffffffae]@}[0xffffffab][0xffffffe9][\n]"
08:16:20.440 [main] DEBUG org.apache.hc.client5.http.wire - http-outgoing-6 << "T[0xffffff9d][0xffffffa4]s|[0xffffffbe][0xffffffec][0x14][0x1d][0xffffffbb]J[0xffffffdd][0xffffffe2]F[0xffffffcf][0x15][0xffffff88][0xffffff83][0xffffff9c]+[0xffffffd4]wj[0xffffffce]3[0xffffff84]N[0xffffffcb]a=[0xffffff9e][0xffffffda][0xffffffc7]*[0xffffffe5][0xffffffd8]{j![0xffffffab][0xffffff92][0xffffffa3][0x4]Wj:%[0x7][0xffffffbc][0xffffffa9][0xffffffee][0xffffff84][0x1c][0xffffffd6][0xb][0xffffffa7]~[0xffffffb2][0xffffffea][0xffffffb8]vY[0xffffffd4]TV[0x1d][0xffffff87][0xfffffff5]b[0xffffffa9][0xffffffb1][0xffffffac]2[0xffffff8e]+[0xffffff9a][0xffffff9a]K[0xffffffa7][0xffffffe2]T[\r][0xffffff95]:L/[0xffffffe2][0xffffffea]Y[0xffffffd4]fV[\r][0xffffffe7]yW[0xffffffd7]I8.ej7[0xffffffab][0xffffff80]k[0xffffffc5]I=[0xffffffa7][0x13]p[0xfffffffc][0xffffffaa]Q[0xffffffe3][0xffffffe9][0xfffffff4][;[0xffffffab][0xffffffea][0xffffffae]l[0xffffffb8][0xffffffd0][0x1b]Uu[0x15][0xffffffa3][0xffffff8a][0xffffffae]bT[0xffffffcd]U[0xffffff8c]*[0xffffffb9][0xffffff8a]Q[0x15]W1[0xffffffaa][0xffffffe0]*F[0xffffffd5][[0xffffffc5]PE`[0x15]Cv[0xffffff86]M[0x1e][0xffffffb0][0xffffffc7]6y`[0xffffffea]96y[0xffffffa0]k2,[0x14][0xffffffe3]F[0xffffffa1][0x1d]v[0xffffffe7]%[0xffffffb5][0xffffffa4][0xffffffe9][0xffffff97][0xfffffffd][0xffffffcb][0xffffffdc]5[0xffffffb5][0xffffffb7][0xffffffcb]L[0xffffffe0]?[0xffffffbb][0xffffffda]~[0xfffffffe]6[0x1f][0xffffffd3][0xffffffae][0xffffffe2][0xffffff8d]w[0xffffffc8]-n>=~\6[0xffffff8d]=[0xffffffa6]M6[0xffffffd7]e9^6[0xffffff9f][0xfffffff3][0xffffff97][0xffffffda][0xffffffe5][0x1e][0x12]][0xffffff87]P[0xffffff85][0xffffffd4][0xffffffea][0x15]V[0xffffffca]#[0xffffffa8][0xfffffff2][0xffffffa4][0xffffff90])[0xffffff93][0xffffff85][0xfffffff2][0x0][0xffffffaa][0xffffffbc][0xffffffce][0xffffff85]\([0xffffff8f][0xffffff9f][\n]"
08:16:20.440 [main] DEBUG org.apache.hc.client5.http.wire - http-outgoing-6 << "@[0xffffffa5][0xfffffff1][0xffffffb0]P[0x1e]>[0xffffff95][0xffffffa3][0xfffffffa][0xffffffa0][0xffffffec]e[0xffffffda]FO[0xffffffe5][0x14][\n]"
08:16:20.440 [main] DEBUG org.apache.hc.client5.http.wire - http-outgoing-6 << "_Ok[0xffffff83][0xffffffa7][0xffffffb2]@[0xfffffffb]B[0xffffffa5]<v[0xffffff92]`O[0x1f][0xffffffe5][0x2]y[0xffffffe6]T[0xffffffc6][0xffffffa7]O`[0xffffffa5]<q[0xffffffd2][0xfffffff0]h[0xffffffa8][0xffffff83]U[0xffffffca][0xfffffff3][0xffffffa6][0xffffffd2][0xfffffff4][0xffffffa6]z[0xffffffde][0xffffff81][0xffffffa7]M[0x1a][0xf]l[0xb][0xffffffa2][0xffffff8d][0xffffff9a]JS[0xffffffe1][0xffffff92]|/"
08:16:20.440 [main] DEBUG org.apache.hc.client5.http.wire - http-outgoing-6 << "[0xffffff94][0x7]M[0xffffffa5][0xffffff95]\[0xfffffff7][0xffffffe5]1[0xffffff93][0x14][0xffffffaf]K[0xffffffc3]N[0xffffffa2]<dR[0xffffffeb]O[0xffffff8d][0xffffffa2][0xffffffb0]:b[0xffffffaa][0x14]]M[0xc][0xffffffcf][0xffffff97][0x14][0xffffff9a]n[0xffffffac]N[0xffffff97][0x14][0xffffff83]m[0xffffffac][0xffffffce][0xffffff96][0xffffffe4]U;[0xffffff99]'[0xffffffcb]@=[0xffffffc6][0xffffffa8][0xffffff82][0xffffffea]T[0x19]([0xfffffff5][0xffffffa6][0xffffffae][0xffffffaa]#e[0xffffff90][0xffffffeb][0x1]u[0xffffff9c][0xffffffc4][0xffffffd4][0xffffffe9][0xffffffea][0xffffff83]u[0xffffff94]D[\n]"
08:16:20.440 [main] DEBUG org.apache.hc.client5.http.wire - http-outgoing-6 << "[0xffffffac][0x10][0x1e]#[0xffffffd3][0xffffff8d][0xffffff97][0xffffff8b][0xffffffe1][0x11][0xffffffd2]Sn[0xffffffeb]c<?[0x2][0xffffff84]z%<;[0x2][0xffffff95][0x4][0xffffff94]\[0xfffffff0][0xffffffe0][0xffffffe8]R[0xffffff82][0xffffffeb][0xffffffaa]:5[0xffffffba][0xffffffac]82[0xffffffe1][0xffffff89][0xffffff91]Z[0xffffff83][0xffffffab][0xffffffe7]Q[0xfffffff7]*[0xffffffdd]3[0xffffffb0]O<@[0xffffffd2]w[0xffffffb6]^U[0x1b][0x1e])b[0xffffffaa][0xffffffbb][0xffffffcc][0xffffffda][0xffffffe4][0xffffff98]j[0xffffffb6][0xffffff90]:5j[0xffffffcf][0xffffffa5][0xffffffc3][0x3][0xffffffa3]6[0xffffff8d][0xffffffd4]a1[0xffffffb5][0xffffffc5]J[0xffffffea][0xffffff9c][0xffffffa8][0xc][\r][0xffffffd2][0x5]Y[0x1b][0xffffffdf][0xffffffcf][0xfffffff3][0xffffffe3][0xffffffe1]t[0xffffffb9]n[0xffffff8f][0xffffffc7]y_[0xffffffa0][0xffffff8e][0xffffff90][0xffffffbe][0xffffffec][0xffffffa6][0xffffffd4][0xffffff89]U[0xffffff91]Z[0x18][0xffffffe8]P[0xffffffc2][0xffffffb7]2R[0xffffff9f][0xffffffa4][0xffffffaf]][0xffffffb9][0xf][0xffffff83][0xffffff91]^,kB1uj:t[0xffffffd3]XjDS1[0xffffffa5]K[0xffffffa6][0xffffff9e][0xfffffff4][0xf][0x3][0x1][0xffffffec][0xffffffa6][0xffffffeb][0x12][0x0][0x0]"
08:16:20.440 [main] DEBUG org.apache.hc.client5.http.impl.classic.InternalHttpClient - ep-0000000A: releasing valid endpoint
08:16:20.440 [main] DEBUG org.apache.hc.client5.http.impl.io.PoolingHttpClientConnectionManager - ep-0000000A: releasing endpoint
08:16:20.440 [main] DEBUG org.apache.hc.client5.http.impl.io.PoolingHttpClientConnectionManager - ep-0000000A: connection http-outgoing-6 can be kept alive for 3 MINUTES
08:16:20.440 [main] DEBUG org.apache.hc.client5.http.impl.io.PoolingHttpClientConnectionManager - ep-0000000A: connection released [route: {s}->https://raw.githubusercontent.com:443][total available: 1; route allocated: 1 of 5; total allocated: 2 of 25]
08:16:20.440 [main] DEBUG io.github.bonigarcia.wdm.versions.VersionDetector - Driver for chrome117 not found in online properties (using local versions.properties)
08:16:20.440 [main] DEBUG io.github.bonigarcia.wdm.WebDriverManager - The driver version for CHROME 117 is unknown ... trying with latest
08:16:20.461 [main] DEBUG org.apache.hc.client5.http.impl.classic.InternalHttpClient - ex-0000000C: preparing request execution
08:16:20.462 [main] DEBUG org.apache.hc.client5.http.protocol.RequestAddCookies - Cookie spec selected: strict
08:16:20.462 [main] DEBUG org.apache.hc.client5.http.protocol.RequestAuthCache - Auth cache not set in the context
08:16:20.462 [main] DEBUG org.apache.hc.client5.http.impl.classic.ProtocolExec - ex-0000000C: target auth state: UNCHALLENGED
08:16:20.462 [main] DEBUG org.apache.hc.client5.http.impl.classic.ProtocolExec - ex-0000000C: proxy auth state: UNCHALLENGED
08:16:20.462 [main] DEBUG org.apache.hc.client5.http.impl.classic.ConnectExec - ex-0000000C: acquiring connection with route {s}->https://chromedriver.storage.googleapis.com:443
08:16:20.462 [main] DEBUG org.apache.hc.client5.http.impl.classic.InternalHttpClient - ex-0000000C: acquiring endpoint (3 MINUTES)
08:16:20.462 [main] DEBUG org.apache.hc.client5.http.impl.io.PoolingHttpClientConnectionManager - ex-0000000C: endpoint lease request (3 MINUTES) [route: {s}->https://chromedriver.storage.googleapis.com:443][total available: 1; route allocated: 1 of 5; total allocated: 2 of 25]
08:16:20.463 [main] DEBUG org.apache.hc.client5.http.impl.io.PoolingHttpClientConnectionManager - ex-0000000C: endpoint leased [route: {s}->https://chromedriver.storage.googleapis.com:443][total available: 1; route allocated: 2 of 5; total allocated: 3 of 25]
08:16:20.463 [main] DEBUG org.apache.hc.client5.http.impl.io.PoolingHttpClientConnectionManager - ex-0000000C: acquired ep-0000000B
08:16:20.463 [main] DEBUG org.apache.hc.client5.http.impl.classic.InternalHttpClient - ex-0000000C: acquired endpoint ep-0000000B
08:16:20.463 [main] DEBUG org.apache.hc.client5.http.impl.classic.ConnectExec - ex-0000000C: opening connection {s}->https://chromedriver.storage.googleapis.com:443
08:16:20.464 [main] DEBUG org.apache.hc.client5.http.impl.classic.InternalHttpClient - ep-0000000B: connecting endpoint (30 SECONDS)
08:16:20.464 [main] DEBUG org.apache.hc.client5.http.impl.io.PoolingHttpClientConnectionManager - ep-0000000B: connecting endpoint to https://chromedriver.storage.googleapis.com:443 (30 SECONDS)
08:16:20.465 [main] DEBUG org.apache.hc.client5.http.impl.io.DefaultHttpClientConnectionOperator - http-outgoing-8: connecting to chromedriver.storage.googleapis.com/34.101.5.27:443
08:16:20.465 [main] DEBUG org.apache.hc.client5.http.ssl.SSLConnectionSocketFactory - Connecting socket to chromedriver.storage.googleapis.com/34.101.5.27:443 with timeout 30 SECONDS
08:16:20.473 [main] DEBUG org.apache.hc.client5.http.ssl.SSLConnectionSocketFactory - Enabled protocols: [TLSv1.3, TLSv1.2]
08:16:20.473 [main] DEBUG org.apache.hc.client5.http.ssl.SSLConnectionSocketFactory - Enabled cipher suites: [TLS_AES_256_GCM_SHA384, TLS_AES_128_GCM_SHA256, TLS_CHACHA20_POLY1305_SHA256, TLS_ECDHE_ECDSA_WITH_AES_256_GCM_SHA384, TLS_ECDHE_ECDSA_WITH_AES_128_GCM_SHA256, TLS_ECDHE_ECDSA_WITH_CHACHA20_POLY1305_SHA256, TLS_ECDHE_RSA_WITH_AES_256_GCM_SHA384, TLS_ECDHE_RSA_WITH_CHACHA20_POLY1305_SHA256, TLS_ECDHE_RSA_WITH_AES_128_GCM_SHA256, TLS_DHE_RSA_WITH_AES_256_GCM_SHA384, TLS_DHE_RSA_WITH_CHACHA20_POLY1305_SHA256, TLS_DHE_DSS_WITH_AES_256_GCM_SHA384, TLS_DHE_RSA_WITH_AES_128_GCM_SHA256, TLS_DHE_DSS_WITH_AES_128_GCM_SHA256, TLS_ECDHE_ECDSA_WITH_AES_256_CBC_SHA384, TLS_ECDHE_RSA_WITH_AES_256_CBC_SHA384, TLS_ECDHE_ECDSA_WITH_AES_128_CBC_SHA256, TLS_ECDHE_RSA_WITH_AES_128_CBC_SHA256, TLS_DHE_RSA_WITH_AES_256_CBC_SHA256, TLS_DHE_DSS_WITH_AES_256_CBC_SHA256, TLS_DHE_RSA_WITH_AES_128_CBC_SHA256, TLS_DHE_DSS_WITH_AES_128_CBC_SHA256, TLS_ECDH_ECDSA_WITH_AES_256_GCM_SHA384, TLS_ECDH_RSA_WITH_AES_256_GCM_SHA384, TLS_ECDH_ECDSA_WITH_AES_128_GCM_SHA256, TLS_ECDH_RSA_WITH_AES_128_GCM_SHA256, TLS_ECDH_ECDSA_WITH_AES_256_CBC_SHA384, TLS_ECDH_RSA_WITH_AES_256_CBC_SHA384, TLS_ECDH_ECDSA_WITH_AES_128_CBC_SHA256, TLS_ECDH_RSA_WITH_AES_128_CBC_SHA256, TLS_ECDHE_ECDSA_WITH_AES_256_CBC_SHA, TLS_ECDHE_RSA_WITH_AES_256_CBC_SHA, TLS_ECDHE_ECDSA_WITH_AES_128_CBC_SHA, TLS_ECDHE_RSA_WITH_AES_128_CBC_SHA, TLS_DHE_RSA_WITH_AES_256_CBC_SHA, TLS_DHE_DSS_WITH_AES_256_CBC_SHA, TLS_DHE_RSA_WITH_AES_128_CBC_SHA, TLS_DHE_DSS_WITH_AES_128_CBC_SHA, TLS_ECDH_ECDSA_WITH_AES_256_CBC_SHA, TLS_ECDH_RSA_WITH_AES_256_CBC_SHA, TLS_ECDH_ECDSA_WITH_AES_128_CBC_SHA, TLS_ECDH_RSA_WITH_AES_128_CBC_SHA, TLS_RSA_WITH_AES_256_GCM_SHA384, TLS_RSA_WITH_AES_128_GCM_SHA256, TLS_RSA_WITH_AES_256_CBC_SHA256, TLS_RSA_WITH_AES_128_CBC_SHA256, TLS_RSA_WITH_AES_256_CBC_SHA, TLS_RSA_WITH_AES_128_CBC_SHA, TLS_EMPTY_RENEGOTIATION_INFO_SCSV]
08:16:20.473 [main] DEBUG org.apache.hc.client5.http.ssl.SSLConnectionSocketFactory - Starting handshake
08:16:20.528 [main] DEBUG org.apache.hc.client5.http.ssl.SSLConnectionSocketFactory - Secure session established
08:16:20.528 [main] DEBUG org.apache.hc.client5.http.ssl.SSLConnectionSocketFactory -  negotiated protocol: TLSv1.3
08:16:20.528 [main] DEBUG org.apache.hc.client5.http.ssl.SSLConnectionSocketFactory -  negotiated cipher suite: TLS_AES_256_GCM_SHA384
08:16:20.528 [main] DEBUG org.apache.hc.client5.http.ssl.SSLConnectionSocketFactory -  peer principal: CN=*.storage.googleapis.com
08:16:20.528 [main] DEBUG org.apache.hc.client5.http.ssl.SSLConnectionSocketFactory -  peer alternative names: [*.storage.googleapis.com, *.googleapis.com, commondatastorage.googleapis.com, *.commondatastorage.googleapis.com, storage.googleapis.com, storage-p2.googleapis.com, *.storage-p2.googleapis.com, storage.mtls.googleapis.com, *.appspot.com.storage.googleapis.com, *.content-storage.googleapis.com, *.content-storage-p2.googleapis.com, *.content-storage-upload.googleapis.com, *.content-storage-download.googleapis.com, *.storage-upload.googleapis.com, *.storage-download.googleapis.com]
08:16:20.528 [main] DEBUG org.apache.hc.client5.http.ssl.SSLConnectionSocketFactory -  issuer principal: CN=GTS CA 1C3, O=Google Trust Services LLC, C=US
08:16:20.528 [main] DEBUG org.apache.hc.client5.http.impl.io.DefaultHttpClientConnectionOperator - http-outgoing-8: connection established 192.168.100.42:64141<->34.101.5.27:443
08:16:20.528 [main] DEBUG org.apache.hc.client5.http.impl.io.PoolingHttpClientConnectionManager - ep-0000000B: connected http-outgoing-8
08:16:20.528 [main] DEBUG org.apache.hc.client5.http.impl.classic.InternalHttpClient - ep-0000000B: endpoint connected
08:16:20.528 [main] DEBUG org.apache.hc.client5.http.impl.classic.MainClientExec - ex-0000000C: executing GET /LATEST_RELEASE HTTP/1.1
08:16:20.528 [main] DEBUG org.apache.hc.client5.http.impl.classic.InternalHttpClient - ep-0000000B: start execution ex-0000000C
08:16:20.528 [main] DEBUG org.apache.hc.client5.http.impl.io.PoolingHttpClientConnectionManager - ep-0000000B: executing exchange ex-0000000C over http-outgoing-8
08:16:20.528 [main] DEBUG org.apache.hc.client5.http.headers - http-outgoing-8 >> GET /LATEST_RELEASE HTTP/1.1
08:16:20.528 [main] DEBUG org.apache.hc.client5.http.headers - http-outgoing-8 >> user-agent: Apache-HttpClient/5.0
08:16:20.528 [main] DEBUG org.apache.hc.client5.http.headers - http-outgoing-8 >> accept-encoding: gzip, deflate, br
08:16:20.528 [main] DEBUG org.apache.hc.client5.http.headers - http-outgoing-8 >> cache-control: max-age=0
08:16:20.528 [main] DEBUG org.apache.hc.client5.http.headers - http-outgoing-8 >> connection: keep-alive
08:16:20.528 [main] DEBUG org.apache.hc.client5.http.headers - http-outgoing-8 >> Host: chromedriver.storage.googleapis.com
08:16:20.528 [main] DEBUG org.apache.hc.client5.http.wire - http-outgoing-8 >> "GET /LATEST_RELEASE HTTP/1.1[\r][\n]"
08:16:20.528 [main] DEBUG org.apache.hc.client5.http.wire - http-outgoing-8 >> "user-agent: Apache-HttpClient/5.0[\r][\n]"
08:16:20.528 [main] DEBUG org.apache.hc.client5.http.wire - http-outgoing-8 >> "accept-encoding: gzip, deflate, br[\r][\n]"
08:16:20.528 [main] DEBUG org.apache.hc.client5.http.wire - http-outgoing-8 >> "cache-control: max-age=0[\r][\n]"
08:16:20.528 [main] DEBUG org.apache.hc.client5.http.wire - http-outgoing-8 >> "connection: keep-alive[\r][\n]"
08:16:20.528 [main] DEBUG org.apache.hc.client5.http.wire - http-outgoing-8 >> "Host: chromedriver.storage.googleapis.com[\r][\n]"
08:16:20.528 [main] DEBUG org.apache.hc.client5.http.wire - http-outgoing-8 >> "[\r][\n]"
08:16:20.548 [main] DEBUG org.apache.hc.client5.http.wire - http-outgoing-8 << "HTTP/1.1 200 OK[\r][\n]"
08:16:20.548 [main] DEBUG org.apache.hc.client5.http.wire - http-outgoing-8 << "X-GUploader-UploadID: ADPycdtlv5hyKNxkNAPoXZam3m80ckJ0H-Ebjpx_73hqg_-MuXohMxIalbpmUb0_5biLUD8lFSrTzvfL6YS-efZL0_eYGq5S2akq[\r][\n]"
08:16:20.548 [main] DEBUG org.apache.hc.client5.http.wire - http-outgoing-8 << "x-goog-generation: 1685523462105569[\r][\n]"
08:16:20.548 [main] DEBUG org.apache.hc.client5.http.wire - http-outgoing-8 << "x-goog-metageneration: 1[\r][\n]"
08:16:20.548 [main] DEBUG org.apache.hc.client5.http.wire - http-outgoing-8 << "x-goog-stored-content-encoding: identity[\r][\n]"
08:16:20.548 [main] DEBUG org.apache.hc.client5.http.wire - http-outgoing-8 << "x-goog-stored-content-length: 13[\r][\n]"
08:16:20.548 [main] DEBUG org.apache.hc.client5.http.wire - http-outgoing-8 << "x-goog-hash: crc32c=tVW4TA==[\r][\n]"
08:16:20.548 [main] DEBUG org.apache.hc.client5.http.wire - http-outgoing-8 << "x-goog-hash: md5=NoaEuIlBlniwTkiZ1T16sA==[\r][\n]"
08:16:20.548 [main] DEBUG org.apache.hc.client5.http.wire - http-outgoing-8 << "x-goog-storage-class: STANDARD[\r][\n]"
08:16:20.548 [main] DEBUG org.apache.hc.client5.http.wire - http-outgoing-8 << "Accept-Ranges: bytes[\r][\n]"
08:16:20.548 [main] DEBUG org.apache.hc.client5.http.wire - http-outgoing-8 << "Content-Length: 13[\r][\n]"
08:16:20.548 [main] DEBUG org.apache.hc.client5.http.wire - http-outgoing-8 << "Server: UploadServer[\r][\n]"
08:16:20.548 [main] DEBUG org.apache.hc.client5.http.wire - http-outgoing-8 << "Date: Fri, 06 Oct 2023 01:08:29 GMT[\r][\n]"
08:16:20.548 [main] DEBUG org.apache.hc.client5.http.wire - http-outgoing-8 << "Expires: Fri, 06 Oct 2023 02:08:29 GMT[\r][\n]"
08:16:20.548 [main] DEBUG org.apache.hc.client5.http.wire - http-outgoing-8 << "Cache-Control: public, max-age=3600[\r][\n]"
08:16:20.548 [main] DEBUG org.apache.hc.client5.http.wire - http-outgoing-8 << "Age: 473[\r][\n]"
08:16:20.548 [main] DEBUG org.apache.hc.client5.http.wire - http-outgoing-8 << "Last-Modified: Wed, 31 May 2023 08:57:42 GMT[\r][\n]"
08:16:20.548 [main] DEBUG org.apache.hc.client5.http.wire - http-outgoing-8 << "ETag: "368684b889419678b04e4899d53d7ab0"[\r][\n]"
08:16:20.548 [main] DEBUG org.apache.hc.client5.http.wire - http-outgoing-8 << "Content-Type: text/plain[\r][\n]"
08:16:20.548 [main] DEBUG org.apache.hc.client5.http.wire - http-outgoing-8 << "Alt-Svc: h3=":443"; ma=2592000,h3-29=":443"; ma=2592000[\r][\n]"
08:16:20.548 [main] DEBUG org.apache.hc.client5.http.wire - http-outgoing-8 << "[\r][\n]"
08:16:20.548 [main] DEBUG org.apache.hc.client5.http.wire - http-outgoing-8 << "114.0.5735.90"
08:16:20.548 [main] DEBUG org.apache.hc.client5.http.headers - http-outgoing-8 << HTTP/1.1 200 OK
08:16:20.548 [main] DEBUG org.apache.hc.client5.http.headers - http-outgoing-8 << X-GUploader-UploadID: ADPycdtlv5hyKNxkNAPoXZam3m80ckJ0H-Ebjpx_73hqg_-MuXohMxIalbpmUb0_5biLUD8lFSrTzvfL6YS-efZL0_eYGq5S2akq
08:16:20.548 [main] DEBUG org.apache.hc.client5.http.headers - http-outgoing-8 << x-goog-generation: 1685523462105569
08:16:20.548 [main] DEBUG org.apache.hc.client5.http.headers - http-outgoing-8 << x-goog-metageneration: 1
08:16:20.548 [main] DEBUG org.apache.hc.client5.http.headers - http-outgoing-8 << x-goog-stored-content-encoding: identity
08:16:20.548 [main] DEBUG org.apache.hc.client5.http.headers - http-outgoing-8 << x-goog-stored-content-length: 13
08:16:20.548 [main] DEBUG org.apache.hc.client5.http.headers - http-outgoing-8 << x-goog-hash: crc32c=tVW4TA==
08:16:20.548 [main] DEBUG org.apache.hc.client5.http.headers - http-outgoing-8 << x-goog-hash: md5=NoaEuIlBlniwTkiZ1T16sA==
08:16:20.548 [main] DEBUG org.apache.hc.client5.http.headers - http-outgoing-8 << x-goog-storage-class: STANDARD
08:16:20.548 [main] DEBUG org.apache.hc.client5.http.headers - http-outgoing-8 << Accept-Ranges: bytes
08:16:20.548 [main] DEBUG org.apache.hc.client5.http.headers - http-outgoing-8 << Content-Length: 13
08:16:20.548 [main] DEBUG org.apache.hc.client5.http.headers - http-outgoing-8 << Server: UploadServer
08:16:20.548 [main] DEBUG org.apache.hc.client5.http.headers - http-outgoing-8 << Date: Fri, 06 Oct 2023 01:08:29 GMT
08:16:20.548 [main] DEBUG org.apache.hc.client5.http.headers - http-outgoing-8 << Expires: Fri, 06 Oct 2023 02:08:29 GMT
08:16:20.548 [main] DEBUG org.apache.hc.client5.http.headers - http-outgoing-8 << Cache-Control: public, max-age=3600
08:16:20.548 [main] DEBUG org.apache.hc.client5.http.headers - http-outgoing-8 << Age: 473
08:16:20.548 [main] DEBUG org.apache.hc.client5.http.headers - http-outgoing-8 << Last-Modified: Wed, 31 May 2023 08:57:42 GMT
08:16:20.548 [main] DEBUG org.apache.hc.client5.http.headers - http-outgoing-8 << ETag: "368684b889419678b04e4899d53d7ab0"
08:16:20.548 [main] DEBUG org.apache.hc.client5.http.headers - http-outgoing-8 << Content-Type: text/plain
08:16:20.548 [main] DEBUG org.apache.hc.client5.http.headers - http-outgoing-8 << Alt-Svc: h3=":443"; ma=2592000,h3-29=":443"; ma=2592000
08:16:20.548 [main] DEBUG org.apache.hc.client5.http.impl.classic.MainClientExec - ex-0000000C: connection can be kept alive for 3 MINUTES
08:16:20.548 [main] DEBUG org.apache.hc.client5.http.impl.classic.InternalHttpClient - ep-0000000B: releasing valid endpoint
08:16:20.548 [main] DEBUG org.apache.hc.client5.http.impl.io.PoolingHttpClientConnectionManager - ep-0000000B: releasing endpoint
08:16:20.550 [main] DEBUG org.apache.hc.client5.http.impl.io.PoolingHttpClientConnectionManager - ep-0000000B: connection http-outgoing-8 can be kept alive for 3 MINUTES
08:16:20.550 [main] DEBUG org.apache.hc.client5.http.impl.io.PoolingHttpClientConnectionManager - ep-0000000B: connection released [route: {s}->https://chromedriver.storage.googleapis.com:443][total available: 2; route allocated: 2 of 5; total allocated: 3 of 25]
08:16:20.550 [main] DEBUG io.github.bonigarcia.wdm.versions.VersionDetector - Latest version of chromedriver according to https://chromedriver.storage.googleapis.com/LATEST_RELEASE is 114.0.5735.90
08:16:20.550 [main] DEBUG io.github.bonigarcia.wdm.WebDriverManager - Driver chromedriver 114.0.5735.90 found in cache
08:16:20.550 [main] INFO io.github.bonigarcia.wdm.WebDriverManager - Exporting webdriver.chrome.driver as C:\Users\Bagas Dwi Saputra\.cache\selenium\chromedriver\win32\114.0.5735.90\chromedriver.exe
08:16:20.640 [main] DEBUG net.thucydides.core.reflection.ClassFinder - Could not load class net.serenitybdd.rest.utils.RestSpecificationFactory
08:16:20.705 [main] DEBUG net.thucydides.core.reflection.ClassFinder - Could not load class net.serenitybdd.rest.utils.RestSpecificationFactory
08:16:20.705 [main] INFO net.serenitybdd.core.webdriver.driverproviders.ProvideNewDriver - Instantiating driver
08:16:20.705 [main] INFO net.serenitybdd.core.webdriver.driverproviders.ProvideNewDriver - Driver capabilities: Capabilities {acceptInsecureCerts: false, base.url: https://app.jubelio.com, browserName: chrome, chrome.driver: src/test/resources/webdrive..., driver: chrome, goog:chromeOptions: {args: [], extensions: []}, loggingPrefs: org.openqa.selenium.logging...}
08:16:21.654 [main] DEBUG net.thucydides.core.reflection.ClassFinder - Could not load class net.serenitybdd.rest.utils.RestSpecificationFactory
08:16:23.630 [main] DEBUG net.serenitybdd.core.photography.Darkroom - Send negative for processing for target\site\serenity\3038817d7525da4800fd8186255ce5e4cf68991618dfa75c3b583a90d9f85639.png
08:16:23.630 [main] DEBUG net.thucydides.core.steps.StepInterceptor - STEP DONE: openLink
08:16:23.630 [Darkroom Processing Line] DEBUG net.serenitybdd.core.photography.DarkroomProcessingLine - Processing screenshot image in /var/screenshots/screenshot-9647314222220780949
08:16:23.630 [Darkroom Processing Line] DEBUG net.serenitybdd.core.photography.DarkroomProcessingLine - Saving screenshot to target\site\serenity\3038817d7525da4800fd8186255ce5e4cf68991618dfa75c3b583a90d9f85639.png
08:16:23.639 [main] DEBUG net.thucydides.core.steps.StepInterceptor - STARTING STEP: InventoryStockSteps.loginClickButtonLogin - fills in the {string} with valid data email
08:16:23.940 [main] DEBUG net.serenitybdd.core.photography.Darkroom - Send negative for processing for target\site\serenity\02cb3251a2c30973c12b10e8084828a02f3abc0c297b24f7b7c3631066f5dea2.png
08:16:23.940 [main] DEBUG net.thucydides.core.steps.StepInterceptor - STEP DONE: fills in the {string} with valid data email
08:16:23.940 [Darkroom Processing Line] DEBUG net.serenitybdd.core.photography.DarkroomProcessingLine - Processing screenshot image in /var/screenshots/screenshot-7641895046547885235
08:16:23.940 [Darkroom Processing Line] DEBUG net.serenitybdd.core.photography.DarkroomProcessingLine - Saving screenshot to target\site\serenity\02cb3251a2c30973c12b10e8084828a02f3abc0c297b24f7b7c3631066f5dea2.png
08:16:23.952 [main] DEBUG net.thucydides.core.steps.StepInterceptor - STARTING STEP: InventoryStockSteps.loginClickButtonLogin - fill in the {string} with valid data pass
08:16:24.318 [main] DEBUG net.serenitybdd.core.photography.Darkroom - Send negative for processing for target\site\serenity\b763d8a2b1d63fe753c9ef573b666a29db55465a16c3209b28580de1cbd519c3.png
08:16:24.319 [main] DEBUG net.thucydides.core.steps.StepInterceptor - STEP DONE: fill in the {string} with valid data pass
08:16:24.319 [Darkroom Processing Line] DEBUG net.serenitybdd.core.photography.DarkroomProcessingLine - Processing screenshot image in /var/screenshots/screenshot-5174193471401483608
08:16:24.319 [Darkroom Processing Line] DEBUG net.serenitybdd.core.photography.DarkroomProcessingLine - Saving screenshot to target\site\serenity\b763d8a2b1d63fe753c9ef573b666a29db55465a16c3209b28580de1cbd519c3.png
08:16:24.324 [main] DEBUG net.thucydides.core.steps.StepInterceptor - STARTING STEP: InventoryStockSteps.loginClickButtonLogin - clickbtnlogin
08:16:24.812 [main] DEBUG net.serenitybdd.core.photography.Darkroom - Send negative for processing for target\site\serenity\8c448b280fff6a0268976274224eff0b8a386243cc56be736c8aadfa53574a60.png
08:16:24.812 [main] DEBUG net.thucydides.core.steps.StepInterceptor - STEP DONE: clickbtnlogin
08:16:24.812 [Darkroom Processing Line] DEBUG net.serenitybdd.core.photography.DarkroomProcessingLine - Processing screenshot image in /var/screenshots/screenshot-8890248101123642987
08:16:24.812 [Darkroom Processing Line] DEBUG net.serenitybdd.core.photography.DarkroomProcessingLine - Saving screenshot to target\site\serenity\8c448b280fff6a0268976274224eff0b8a386243cc56be736c8aadfa53574a60.png
08:16:27.918 [main] DEBUG net.serenitybdd.core.photography.Darkroom - Send negative for processing for target\site\serenity\32028730d6617cbaf4be8a3a222b15af4c3642cbbbed6c786edb05d6cdf1a6ef.png
08:16:27.918 [main] DEBUG net.thucydides.core.steps.StepInterceptor - STARTING STEP: InventoryStockSteps.loginClickButtonLogin - openUrlInventory
08:16:30.084 [main] DEBUG net.serenitybdd.core.photography.Darkroom - Send negative for processing for target\site\serenity\e75d84fedcbb7a2b6f744b66bd24d5718c058326efcbc60bacce2e8aecd3877e.png
08:16:30.084 [main] DEBUG net.thucydides.core.steps.StepInterceptor - STEP DONE: openUrlInventory
  &amp#27;[32mGiven &amp#27;[0m&amp#27;[32mLogin &amp#27;[0m&amp#27;[32m&amp#27;[1m"qa.rakamin.jubelio@gmail.com"&amp#27;[0m&amp#27;[32m, &amp#27;[0m&amp#27;[32m&amp#27;[1m"Jubelio123!"&amp#27;[0m&amp#27;[32m, click button login&amp#27;[0m &amp#27;[90m# starter.stepdefinitios.InventoryStockSteps.loginClickButtonLogin(java.lang.String,java.lang.String)&amp#27;[0m
08:16:30.374 [main] DEBUG net.serenitybdd.core.photography.Darkroom - Send negative for processing for target\site\serenity\e75d84fedcbb7a2b6f744b66bd24d5718c058326efcbc60bacce2e8aecd3877e.png
08:16:30.998 [main] DEBUG net.serenitybdd.core.photography.Darkroom - Send negative for processing for target\site\serenity\e75d84fedcbb7a2b6f744b66bd24d5718c058326efcbc60bacce2e8aecd3877e.png
08:16:30.998 [main] DEBUG net.thucydides.core.steps.StepInterceptor - STARTING STEP: InventoryStockSteps.fillsInTheWithValidDataEmail - validatePagePersedian
08:16:31.030 [main] DEBUG net.thucydides.core.steps.StepInterceptor - STEP DONE: validatePagePersedian
08:16:31.307 [main] DEBUG net.serenitybdd.core.photography.Darkroom - Send negative for processing for target\site\serenity\e75d84fedcbb7a2b6f744b66bd24d5718c058326efcbc60bacce2e8aecd3877e.png
08:16:31.307 [main] DEBUG net.thucydides.core.steps.StepInterceptor - STARTING STEP: InventoryStockSteps.fillsInTheWithValidDataEmail - btnPenyesuaianPersedian
08:16:31.590 [main] DEBUG net.serenitybdd.core.photography.Darkroom - Send negative for processing for target\site\serenity\f4a72675c7309cf42cccf6cd9b9ae3721cbea7c8e72f0042edaf98ad5b331b3c.png
08:16:31.590 [main] DEBUG net.thucydides.core.steps.StepInterceptor - STEP DONE: btnPenyesuaianPersedian
  &amp#27;[32mAnd &amp#27;[0m&amp#27;[32man inventory adjustment button click&amp#27;[0m                                      &amp#27;[90m# starter.stepdefinitios.InventoryStockSteps.fillsInTheWithValidDataEmail()&amp#27;[0m
08:16:31.592 [Darkroom Processing Line] DEBUG net.serenitybdd.core.photography.DarkroomProcessingLine - Processing screenshot image in /var/screenshots/screenshot-6575366963422827268
08:16:31.594 [Darkroom Processing Line] DEBUG net.serenitybdd.core.photography.DarkroomProcessingLine - Saving screenshot to target\site\serenity\f4a72675c7309cf42cccf6cd9b9ae3721cbea7c8e72f0042edaf98ad5b331b3c.png
08:16:32.250 [main] DEBUG net.serenitybdd.core.photography.Darkroom - Send negative for processing for target\site\serenity\15166dbf6520a9261d78e27350acbc2a58eb3d1dcb1989055a1a731adfc2c1ff.png
08:16:32.250 [main] DEBUG net.thucydides.core.steps.StepInterceptor - STARTING STEP: InventoryStockSteps.validateTheInventoryAdjustmentPage - validatePenyesuaianPersediaa
08:16:32.279 [main] DEBUG net.thucydides.core.steps.StepInterceptor - STEP DONE: validatePenyesuaianPersediaa
  &amp#27;[32mAnd &amp#27;[0m&amp#27;[32mvalidate the inventory adjustment page&amp#27;[0m                                    &amp#27;[90m# starter.stepdefinitios.InventoryStockSteps.validateTheInventoryAdjustmentPage()&amp#27;[0m
08:16:32.526 [main] DEBUG net.serenitybdd.core.photography.Darkroom - Send negative for processing for target\site\serenity\15166dbf6520a9261d78e27350acbc2a58eb3d1dcb1989055a1a731adfc2c1ff.png
08:16:32.526 [main] DEBUG net.thucydides.core.steps.StepInterceptor - STARTING STEP: InventoryStockSteps.click - btnLokasi
08:16:32.742 [main] DEBUG net.serenitybdd.core.photography.Darkroom - Send negative for processing for target\site\serenity\c3e8326d2be18d1ad61e3d9a6ee13e78fc12105281b1c796955aca7371cacc0a.png
08:16:32.742 [main] DEBUG net.thucydides.core.steps.StepInterceptor - STEP DONE: btnLokasi
08:16:33.007 [main] DEBUG net.serenitybdd.core.photography.Darkroom - Send negative for processing for target\site\serenity\c3e8326d2be18d1ad61e3d9a6ee13e78fc12105281b1c796955aca7371cacc0a.png
08:16:33.007 [main] DEBUG net.thucydides.core.steps.StepInterceptor - STARTING STEP: InventoryStockSteps.click - btnVarisi
08:16:33.184 [main] DEBUG net.serenitybdd.core.photography.Darkroom - Send negative for processing for target\site\serenity\b775ad3010f5cff8da4edc0eb317e7db379aa5a9f9466da4465d8718deeeb696.png
08:16:33.184 [main] DEBUG net.thucydides.core.steps.StepInterceptor - STEP DONE: btnVarisi
  &amp#27;[32mAnd &amp#27;[0m&amp#27;[32mclick &amp#27;[0m&amp#27;[32m&amp#27;[1m"Gudang Pedia"&amp#27;[0m                                                      &amp#27;[90m# starter.stepdefinitios.InventoryStockSteps.click(java.lang.String)&amp#27;[0m
08:16:33.184 [Darkroom Processing Line] DEBUG net.serenitybdd.core.photography.DarkroomProcessingLine - Processing screenshot image in /var/screenshots/screenshot-399077762147709966
08:16:33.184 [Darkroom Processing Line] DEBUG net.serenitybdd.core.photography.DarkroomProcessingLine - Saving screenshot to target\site\serenity\b775ad3010f5cff8da4edc0eb317e7db379aa5a9f9466da4465d8718deeeb696.png
08:16:33.192 [main] DEBUG net.thucydides.core.steps.StepInterceptor - STARTING STEP: InventoryStockSteps.youSelectAnItem - btnPilihBarang
08:16:33.525 [main] DEBUG net.serenitybdd.core.photography.Darkroom - Send negative for processing for target\site\serenity\4650af11b68234347eebaa0409ea48c4399f23c27b10615f7c70612a438277e2.png
08:16:33.525 [main] DEBUG net.thucydides.core.steps.StepInterceptor - STEP DONE: btnPilihBarang
08:16:33.525 [Darkroom Processing Line] DEBUG net.serenitybdd.core.photography.DarkroomProcessingLine - Processing screenshot image in /var/screenshots/screenshot-1116062164451387075
08:16:33.525 [Darkroom Processing Line] DEBUG net.serenitybdd.core.photography.DarkroomProcessingLine - Saving screenshot to target\site\serenity\4650af11b68234347eebaa0409ea48c4399f23c27b10615f7c70612a438277e2.png
08:16:34.147 [main] DEBUG net.serenitybdd.core.photography.Darkroom - Send negative for processing for target\site\serenity\4650af11b68234347eebaa0409ea48c4399f23c27b10615f7c70612a438277e2.png
08:16:34.147 [main] DEBUG net.thucydides.core.steps.StepInterceptor - STARTING STEP: InventoryStockSteps.youSelectAnItem - btnBarang
08:16:34.473 [main] DEBUG net.serenitybdd.core.photography.Darkroom - Send negative for processing for target\site\serenity\3ba53c91e99f8693c812d3065e67945c386bcadda1dfbe31a340fed266a3be18.png
08:16:34.473 [main] DEBUG net.thucydides.core.steps.StepInterceptor - STEP DONE: btnBarang
08:16:34.473 [Darkroom Processing Line] DEBUG net.serenitybdd.core.photography.DarkroomProcessingLine - Processing screenshot image in /var/screenshots/screenshot-7252540823414087725
08:16:34.473 [Darkroom Processing Line] DEBUG net.serenitybdd.core.photography.DarkroomProcessingLine - Saving screenshot to target\site\serenity\3ba53c91e99f8693c812d3065e67945c386bcadda1dfbe31a340fed266a3be18.png
08:16:35.093 [main] DEBUG net.serenitybdd.core.photography.Darkroom - Send negative for processing for target\site\serenity\3ba53c91e99f8693c812d3065e67945c386bcadda1dfbe31a340fed266a3be18.png
08:16:35.093 [main] DEBUG net.thucydides.core.steps.StepInterceptor - STARTING STEP: InventoryStockSteps.youSelectAnItem - btnSimpan
08:16:35.279 [main] DEBUG net.serenitybdd.core.photography.Darkroom - Send negative for processing for target\site\serenity\5aec5e3f88cd3882fdb694e598852dd462885bd41f86ca7bab0752b5ac6fe418.png
08:16:35.279 [main] DEBUG net.thucydides.core.steps.StepInterceptor - STEP DONE: btnSimpan
  &amp#27;[32mWhen &amp#27;[0m&amp#27;[32myou select an item&amp#27;[0m                                                       &amp#27;[90m# starter.stepdefinitios.InventoryStockSteps.youSelectAnItem()&amp#27;[0m
08:16:35.279 [Darkroom Processing Line] DEBUG net.serenitybdd.core.photography.DarkroomProcessingLine - Processing screenshot image in /var/screenshots/screenshot-16349322426337320096
08:16:35.279 [Darkroom Processing Line] DEBUG net.serenitybdd.core.photography.DarkroomProcessingLine - Saving screenshot to target\site\serenity\5aec5e3f88cd3882fdb694e598852dd462885bd41f86ca7bab0752b5ac6fe418.png
08:16:35.668 [main] DEBUG net.serenitybdd.core.photography.Darkroom - Send negative for processing for target\site\serenity\f91eaab9b5263c57d84f47d832b992e5a5fda954e2c3049885d96a879ff5734a.png
08:16:35.668 [main] DEBUG net.thucydides.core.steps.StepInterceptor - STARTING STEP: InventoryStockSteps.validateTheNameSuccessfully - validatePagePersedian
08:16:35.668 [Darkroom Processing Line] DEBUG net.serenitybdd.core.photography.DarkroomProcessingLine - Processing screenshot image in /var/screenshots/screenshot-9396709183547074190
08:16:35.668 [Darkroom Processing Line] DEBUG net.serenitybdd.core.photography.DarkroomProcessingLine - Saving screenshot to target\site\serenity\f91eaab9b5263c57d84f47d832b992e5a5fda954e2c3049885d96a879ff5734a.png
08:16:35.699 [main] DEBUG net.thucydides.core.steps.StepInterceptor - STEP DONE: validatePagePersedian
08:16:36.016 [main] DEBUG net.serenitybdd.core.photography.Darkroom - Send negative for processing for target\site\serenity\1bc207a79ad9d0c77692b460fd30867bf80cc48613a37c115a5d4097a8f15d2e.png
08:16:36.024 [main] DEBUG net.thucydides.core.steps.StepInterceptor - STARTING STEP: InventoryStockSteps.validateTheNameSuccessfully - fieldSearch
08:16:36.024 [Darkroom Processing Line] DEBUG net.serenitybdd.core.photography.DarkroomProcessingLine - Processing screenshot image in /var/screenshots/screenshot-9135402792182045168
08:16:36.024 [Darkroom Processing Line] DEBUG net.serenitybdd.core.photography.DarkroomProcessingLine - Saving screenshot to target\site\serenity\1bc207a79ad9d0c77692b460fd30867bf80cc48613a37c115a5d4097a8f15d2e.png
08:16:36.310 [main] DEBUG net.serenitybdd.core.photography.Darkroom - Send negative for processing for target\site\serenity\45ade5395667992979dd7c21ca5099bc093a64a04fdd29440300f29231651b27.png
08:16:36.310 [main] DEBUG net.thucydides.core.steps.StepInterceptor - STEP DONE: fieldSearch
08:16:36.310 [Darkroom Processing Line] DEBUG net.serenitybdd.core.photography.DarkroomProcessingLine - Processing screenshot image in /var/screenshots/screenshot-14095285342963744241
08:16:36.310 [Darkroom Processing Line] DEBUG net.serenitybdd.core.photography.DarkroomProcessingLine - Saving screenshot to target\site\serenity\45ade5395667992979dd7c21ca5099bc093a64a04fdd29440300f29231651b27.png
08:16:36.313 [main] DEBUG net.thucydides.core.steps.StepInterceptor - STARTING STEP: InventoryStockSteps.validateTheNameSuccessfully - btnSearch
08:16:36.549 [main] DEBUG net.serenitybdd.core.photography.Darkroom - Send negative for processing for target\site\serenity\c010adaf590017f39be661bb9eb45b670333808c5bce496609fd7d0732ca0d46.png
08:16:36.549 [main] DEBUG net.thucydides.core.steps.StepInterceptor - STEP DONE: btnSearch
08:16:36.840 [main] DEBUG net.serenitybdd.core.photography.Darkroom - Send negative for processing for target\site\serenity\2d786969cba87bb9cf4d4f65e253c163a9eaf7b86acc131079f9ba45d2a3fe54.png
08:16:36.840 [main] DEBUG net.thucydides.core.steps.StepInterceptor - STARTING STEP: InventoryStockSteps.validateTheNameSuccessfully - validateTeksBarang
08:16:36.840 [Darkroom Processing Line] DEBUG net.serenitybdd.core.photography.DarkroomProcessingLine - Processing screenshot image in /var/screenshots/screenshot-576689185916272349
08:16:36.840 [Darkroom Processing Line] DEBUG net.serenitybdd.core.photography.DarkroomProcessingLine - Saving screenshot to target\site\serenity\2d786969cba87bb9cf4d4f65e253c163a9eaf7b86acc131079f9ba45d2a3fe54.png
08:16:36.867 [main] DEBUG net.thucydides.core.steps.StepInterceptor - STEP DONE: validateTeksBarang
  &amp#27;[32mThen &amp#27;[0m&amp#27;[32mvalidate the name &amp#27;[0m&amp#27;[32m&amp#27;[1m"Naruto"&amp#27;[0m&amp#27;[32m successfully&amp#27;[0m                                  &amp#27;[90m# starter.stepdefinitios.InventoryStockSteps.validateTheNameSuccessfully(java.lang.String)&amp#27;[0m
]]></system-out>
    <system-err><![CDATA[Starting ChromeDriver 117.0.5938.88 (be6afae4721209be42944bbcd325665f9f44563b-refs/branch-heads/5938_62@{#9}) on port 51619
Only local connections are allowed.
Please see https://chromedriver.chromium.org/security-considerations for suggestions on keeping ChromeDriver safe.
ChromeDriver was started successfully.
Oct 06, 2023 8:16:21 AM org.openqa.selenium.remote.ProtocolHandshake createSession
INFO: Detected dialect: W3C
]]></system-err>
  </testcase>
  <testcase name="Inventory Stock - Delete #1" classname="Inventory Stock at app.jubelio" time="16.656">
    <system-out><![CDATA[
@Inventory @DeleteStock
Scenario Outline: Inventory Stock - Delete                                      &amp#27;[90m# src/test/resources/features/user/inventorystock.feature:30&amp#27;[0m
08:16:37.121 [main] INFO io.cucumber.core.plugin.SerenityReporter - Running feature from file:///D:/QE/Automation/Jubelio-Website/src/test/resources/features/user/inventorystock.feature
08:16:37.134 [main] INFO  - 
  _____   ___   ___   _____     ___   _____     _     ___   _____   ___   ___  
 |_   _| | __| / __| |_   _|   / __| |_   _|   /_\   | _ \ |_   _| | __| |   \ 
   | |   | _|  \__ \   | |     \__ \   | |    / _ \  |   /   | |   | _|  | |) |
   |_|   |___| |___/   |_|     |___/   |_|   /_/ \_\ |_|_\   |_|   |___| |___/ 

Inventory Stock - Delete(inventory-stock-at-app.jubelio;inventory-stock---delete)
--------------------------------------------------------------------------------
08:16:37.134 [main] INFO net.thucydides.core.model.TestOutcome - SetUserStory Inventory Stock at app.jubelio
08:16:37.134 [main] INFO net.thucydides.core.model.TestOutcome - SetUserStory Inventory Stock at app.jubelio
08:16:37.310 [main] DEBUG net.thucydides.core.steps.StepInterceptor - STARTING STEP: InventoryStockSteps.loginClickButtonLogin - openLink
08:16:37.310 [main] INFO net.serenitybdd.core.webdriver.driverproviders.ChromeDriverProvider - Using automatically driver download
08:16:37.316 [main] DEBUG org.apache.hc.client5.http.impl.classic.InternalHttpClient - ex-0000000D: preparing request execution
08:16:37.316 [main] DEBUG org.apache.hc.client5.http.protocol.RequestAddCookies - Cookie spec selected: strict
08:16:37.316 [main] DEBUG org.apache.hc.client5.http.protocol.RequestAuthCache - Auth cache not set in the context
08:16:37.316 [main] DEBUG org.apache.hc.client5.http.impl.classic.ProtocolExec - ex-0000000D: target auth state: UNCHALLENGED
08:16:37.316 [main] DEBUG org.apache.hc.client5.http.impl.classic.ProtocolExec - ex-0000000D: proxy auth state: UNCHALLENGED
08:16:37.317 [main] DEBUG org.apache.hc.client5.http.impl.classic.ConnectExec - ex-0000000D: acquiring connection with route {s}->https://raw.githubusercontent.com:443
08:16:37.317 [main] DEBUG org.apache.hc.client5.http.impl.classic.InternalHttpClient - ex-0000000D: acquiring endpoint (3 MINUTES)
08:16:37.317 [main] DEBUG org.apache.hc.client5.http.impl.io.PoolingHttpClientConnectionManager - ex-0000000D: endpoint lease request (3 MINUTES) [route: {s}->https://raw.githubusercontent.com:443][total available: 0; route allocated: 0 of 5; total allocated: 0 of 25]
08:16:37.317 [main] DEBUG org.apache.hc.client5.http.impl.io.PoolingHttpClientConnectionManager - ex-0000000D: endpoint leased [route: {s}->https://raw.githubusercontent.com:443][total available: 0; route allocated: 1 of 5; total allocated: 1 of 25]
08:16:37.317 [main] DEBUG org.apache.hc.client5.http.impl.io.PoolingHttpClientConnectionManager - ex-0000000D: acquired ep-0000000C
08:16:37.317 [main] DEBUG org.apache.hc.client5.http.impl.classic.InternalHttpClient - ex-0000000D: acquired endpoint ep-0000000C
08:16:37.317 [main] DEBUG org.apache.hc.client5.http.impl.classic.ConnectExec - ex-0000000D: opening connection {s}->https://raw.githubusercontent.com:443
08:16:37.317 [main] DEBUG org.apache.hc.client5.http.impl.classic.InternalHttpClient - ep-0000000C: connecting endpoint (30 SECONDS)
08:16:37.317 [main] DEBUG org.apache.hc.client5.http.impl.io.PoolingHttpClientConnectionManager - ep-0000000C: connecting endpoint to https://raw.githubusercontent.com:443 (30 SECONDS)
08:16:37.317 [main] DEBUG org.apache.hc.client5.http.impl.io.DefaultHttpClientConnectionOperator - http-outgoing-9: connecting to raw.githubusercontent.com/185.199.108.133:443
08:16:37.317 [main] DEBUG org.apache.hc.client5.http.ssl.SSLConnectionSocketFactory - Connecting socket to raw.githubusercontent.com/185.199.108.133:443 with timeout 30 SECONDS
08:16:37.336 [main] DEBUG org.apache.hc.client5.http.ssl.SSLConnectionSocketFactory - Enabled protocols: [TLSv1.3, TLSv1.2]
08:16:37.336 [main] DEBUG org.apache.hc.client5.http.ssl.SSLConnectionSocketFactory - Enabled cipher suites: [TLS_AES_256_GCM_SHA384, TLS_AES_128_GCM_SHA256, TLS_CHACHA20_POLY1305_SHA256, TLS_ECDHE_ECDSA_WITH_AES_256_GCM_SHA384, TLS_ECDHE_ECDSA_WITH_AES_128_GCM_SHA256, TLS_ECDHE_ECDSA_WITH_CHACHA20_POLY1305_SHA256, TLS_ECDHE_RSA_WITH_AES_256_GCM_SHA384, TLS_ECDHE_RSA_WITH_CHACHA20_POLY1305_SHA256, TLS_ECDHE_RSA_WITH_AES_128_GCM_SHA256, TLS_DHE_RSA_WITH_AES_256_GCM_SHA384, TLS_DHE_RSA_WITH_CHACHA20_POLY1305_SHA256, TLS_DHE_DSS_WITH_AES_256_GCM_SHA384, TLS_DHE_RSA_WITH_AES_128_GCM_SHA256, TLS_DHE_DSS_WITH_AES_128_GCM_SHA256, TLS_ECDHE_ECDSA_WITH_AES_256_CBC_SHA384, TLS_ECDHE_RSA_WITH_AES_256_CBC_SHA384, TLS_ECDHE_ECDSA_WITH_AES_128_CBC_SHA256, TLS_ECDHE_RSA_WITH_AES_128_CBC_SHA256, TLS_DHE_RSA_WITH_AES_256_CBC_SHA256, TLS_DHE_DSS_WITH_AES_256_CBC_SHA256, TLS_DHE_RSA_WITH_AES_128_CBC_SHA256, TLS_DHE_DSS_WITH_AES_128_CBC_SHA256, TLS_ECDH_ECDSA_WITH_AES_256_GCM_SHA384, TLS_ECDH_RSA_WITH_AES_256_GCM_SHA384, TLS_ECDH_ECDSA_WITH_AES_128_GCM_SHA256, TLS_ECDH_RSA_WITH_AES_128_GCM_SHA256, TLS_ECDH_ECDSA_WITH_AES_256_CBC_SHA384, TLS_ECDH_RSA_WITH_AES_256_CBC_SHA384, TLS_ECDH_ECDSA_WITH_AES_128_CBC_SHA256, TLS_ECDH_RSA_WITH_AES_128_CBC_SHA256, TLS_ECDHE_ECDSA_WITH_AES_256_CBC_SHA, TLS_ECDHE_RSA_WITH_AES_256_CBC_SHA, TLS_ECDHE_ECDSA_WITH_AES_128_CBC_SHA, TLS_ECDHE_RSA_WITH_AES_128_CBC_SHA, TLS_DHE_RSA_WITH_AES_256_CBC_SHA, TLS_DHE_DSS_WITH_AES_256_CBC_SHA, TLS_DHE_RSA_WITH_AES_128_CBC_SHA, TLS_DHE_DSS_WITH_AES_128_CBC_SHA, TLS_ECDH_ECDSA_WITH_AES_256_CBC_SHA, TLS_ECDH_RSA_WITH_AES_256_CBC_SHA, TLS_ECDH_ECDSA_WITH_AES_128_CBC_SHA, TLS_ECDH_RSA_WITH_AES_128_CBC_SHA, TLS_RSA_WITH_AES_256_GCM_SHA384, TLS_RSA_WITH_AES_128_GCM_SHA256, TLS_RSA_WITH_AES_256_CBC_SHA256, TLS_RSA_WITH_AES_128_CBC_SHA256, TLS_RSA_WITH_AES_256_CBC_SHA, TLS_RSA_WITH_AES_128_CBC_SHA, TLS_EMPTY_RENEGOTIATION_INFO_SCSV]
08:16:37.336 [main] DEBUG org.apache.hc.client5.http.ssl.SSLConnectionSocketFactory - Starting handshake
08:16:37.381 [main] DEBUG org.apache.hc.client5.http.ssl.SSLConnectionSocketFactory - Secure session established
08:16:37.381 [main] DEBUG org.apache.hc.client5.http.ssl.SSLConnectionSocketFactory -  negotiated protocol: TLSv1.3
08:16:37.381 [main] DEBUG org.apache.hc.client5.http.ssl.SSLConnectionSocketFactory -  negotiated cipher suite: TLS_AES_256_GCM_SHA384
08:16:37.381 [main] DEBUG org.apache.hc.client5.http.ssl.SSLConnectionSocketFactory -  peer principal: CN=*.github.io, O="GitHub, Inc.", L=San Francisco, ST=California, C=US
08:16:37.381 [main] DEBUG org.apache.hc.client5.http.ssl.SSLConnectionSocketFactory -  peer alternative names: [*.github.io, github.io, *.github.com, github.com, www.github.com, *.githubusercontent.com, githubusercontent.com]
08:16:37.381 [main] DEBUG org.apache.hc.client5.http.ssl.SSLConnectionSocketFactory -  issuer principal: CN=DigiCert TLS RSA SHA256 2020 CA1, O=DigiCert Inc, C=US
08:16:37.381 [main] DEBUG org.apache.hc.client5.http.impl.io.DefaultHttpClientConnectionOperator - http-outgoing-9: connection established 192.168.100.42:64198<->185.199.108.133:443
08:16:37.381 [main] DEBUG org.apache.hc.client5.http.impl.io.PoolingHttpClientConnectionManager - ep-0000000C: connected http-outgoing-9
08:16:37.381 [main] DEBUG org.apache.hc.client5.http.impl.classic.InternalHttpClient - ep-0000000C: endpoint connected
08:16:37.381 [main] DEBUG org.apache.hc.client5.http.impl.classic.MainClientExec - ex-0000000D: executing GET /bonigarcia/webdrivermanager/master/src/main/resources/commands.properties HTTP/1.1
08:16:37.381 [main] DEBUG org.apache.hc.client5.http.impl.classic.InternalHttpClient - ep-0000000C: start execution ex-0000000D
08:16:37.381 [main] DEBUG org.apache.hc.client5.http.impl.io.PoolingHttpClientConnectionManager - ep-0000000C: executing exchange ex-0000000D over http-outgoing-9
08:16:37.381 [main] DEBUG org.apache.hc.client5.http.headers - http-outgoing-9 >> GET /bonigarcia/webdrivermanager/master/src/main/resources/commands.properties HTTP/1.1
08:16:37.381 [main] DEBUG org.apache.hc.client5.http.headers - http-outgoing-9 >> user-agent: Apache-HttpClient/5.0
08:16:37.381 [main] DEBUG org.apache.hc.client5.http.headers - http-outgoing-9 >> accept-encoding: gzip, deflate, br
08:16:37.381 [main] DEBUG org.apache.hc.client5.http.headers - http-outgoing-9 >> cache-control: max-age=0
08:16:37.381 [main] DEBUG org.apache.hc.client5.http.headers - http-outgoing-9 >> connection: keep-alive
08:16:37.381 [main] DEBUG org.apache.hc.client5.http.headers - http-outgoing-9 >> Host: raw.githubusercontent.com
08:16:37.381 [main] DEBUG org.apache.hc.client5.http.wire - http-outgoing-9 >> "GET /bonigarcia/webdrivermanager/master/src/main/resources/commands.properties HTTP/1.1[\r][\n]"
08:16:37.381 [main] DEBUG org.apache.hc.client5.http.wire - http-outgoing-9 >> "user-agent: Apache-HttpClient/5.0[\r][\n]"
08:16:37.381 [main] DEBUG org.apache.hc.client5.http.wire - http-outgoing-9 >> "accept-encoding: gzip, deflate, br[\r][\n]"
08:16:37.381 [main] DEBUG org.apache.hc.client5.http.wire - http-outgoing-9 >> "cache-control: max-age=0[\r][\n]"
08:16:37.381 [main] DEBUG org.apache.hc.client5.http.wire - http-outgoing-9 >> "connection: keep-alive[\r][\n]"
08:16:37.381 [main] DEBUG org.apache.hc.client5.http.wire - http-outgoing-9 >> "Host: raw.githubusercontent.com[\r][\n]"
08:16:37.381 [main] DEBUG org.apache.hc.client5.http.wire - http-outgoing-9 >> "[\r][\n]"
08:16:37.407 [main] DEBUG org.apache.hc.client5.http.wire - http-outgoing-9 << "HTTP/1.1 200 OK[\r][\n]"
08:16:37.422 [main] DEBUG org.apache.hc.client5.http.wire - http-outgoing-9 << "Connection: keep-alive[\r][\n]"
08:16:37.422 [main] DEBUG org.apache.hc.client5.http.wire - http-outgoing-9 << "Content-Length: 723[\r][\n]"
08:16:37.422 [main] DEBUG org.apache.hc.client5.http.wire - http-outgoing-9 << "Cache-Control: max-age=300[\r][\n]"
08:16:37.422 [main] DEBUG org.apache.hc.client5.http.wire - http-outgoing-9 << "Content-Security-Policy: default-src 'none'; style-src 'unsafe-inline'; sandbox[\r][\n]"
08:16:37.422 [main] DEBUG org.apache.hc.client5.http.wire - http-outgoing-9 << "Content-Type: text/plain; charset=utf-8[\r][\n]"
08:16:37.422 [main] DEBUG org.apache.hc.client5.http.wire - http-outgoing-9 << "ETag: W/"e82b438271e9e8680c688b0b680efd0bdd22faa6d6f0a32fc1fd8accc486b67e"[\r][\n]"
08:16:37.422 [main] DEBUG org.apache.hc.client5.http.wire - http-outgoing-9 << "Strict-Transport-Security: max-age=31536000[\r][\n]"
08:16:37.422 [main] DEBUG org.apache.hc.client5.http.wire - http-outgoing-9 << "X-Content-Type-Options: nosniff[\r][\n]"
08:16:37.422 [main] DEBUG org.apache.hc.client5.http.wire - http-outgoing-9 << "X-Frame-Options: deny[\r][\n]"
08:16:37.422 [main] DEBUG org.apache.hc.client5.http.wire - http-outgoing-9 << "X-XSS-Protection: 1; mode=block[\r][\n]"
08:16:37.422 [main] DEBUG org.apache.hc.client5.http.wire - http-outgoing-9 << "X-GitHub-Request-Id: 4CA0:B8C7F:70C4E:8CACE:651389F9[\r][\n]"
08:16:37.422 [main] DEBUG org.apache.hc.client5.http.wire - http-outgoing-9 << "Content-Encoding: gzip[\r][\n]"
08:16:37.422 [main] DEBUG org.apache.hc.client5.http.wire - http-outgoing-9 << "Accept-Ranges: bytes[\r][\n]"
08:16:37.422 [main] DEBUG org.apache.hc.client5.http.wire - http-outgoing-9 << "Date: Fri, 06 Oct 2023 01:16:39 GMT[\r][\n]"
08:16:37.422 [main] DEBUG org.apache.hc.client5.http.wire - http-outgoing-9 << "Via: 1.1 varnish[\r][\n]"
08:16:37.422 [main] DEBUG org.apache.hc.client5.http.wire - http-outgoing-9 << "X-Served-By: cache-qpg1257-QPG[\r][\n]"
08:16:37.422 [main] DEBUG org.apache.hc.client5.http.wire - http-outgoing-9 << "X-Cache: HIT[\r][\n]"
08:16:37.422 [main] DEBUG org.apache.hc.client5.http.wire - http-outgoing-9 << "X-Cache-Hits: 1[\r][\n]"
08:16:37.422 [main] DEBUG org.apache.hc.client5.http.wire - http-outgoing-9 << "X-Timer: S1696555000.540637,VS0,VE1[\r][\n]"
08:16:37.422 [main] DEBUG org.apache.hc.client5.http.wire - http-outgoing-9 << "Vary: Authorization,Accept-Encoding,Origin[\r][\n]"
08:16:37.422 [main] DEBUG org.apache.hc.client5.http.wire - http-outgoing-9 << "Access-Control-Allow-Origin: *[\r][\n]"
08:16:37.422 [main] DEBUG org.apache.hc.client5.http.wire - http-outgoing-9 << "Cross-Origin-Resource-Policy: cross-origin[\r][\n]"
08:16:37.422 [main] DEBUG org.apache.hc.client5.http.wire - http-outgoing-9 << "X-Fastly-Request-ID: 7c6eb9f5a2d124902cab9019c46b72db49bddaa3[\r][\n]"
08:16:37.422 [main] DEBUG org.apache.hc.client5.http.wire - http-outgoing-9 << "Expires: Fri, 06 Oct 2023 01:21:39 GMT[\r][\n]"
08:16:37.422 [main] DEBUG org.apache.hc.client5.http.wire - http-outgoing-9 << "Source-Age: 31[\r][\n]"
08:16:37.422 [main] DEBUG org.apache.hc.client5.http.wire - http-outgoing-9 << "[\r][\n]"
08:16:37.422 [main] DEBUG org.apache.hc.client5.http.headers - http-outgoing-9 << HTTP/1.1 200 OK
08:16:37.422 [main] DEBUG org.apache.hc.client5.http.headers - http-outgoing-9 << Connection: keep-alive
08:16:37.422 [main] DEBUG org.apache.hc.client5.http.headers - http-outgoing-9 << Content-Length: 723
08:16:37.422 [main] DEBUG org.apache.hc.client5.http.headers - http-outgoing-9 << Cache-Control: max-age=300
08:16:37.422 [main] DEBUG org.apache.hc.client5.http.headers - http-outgoing-9 << Content-Security-Policy: default-src 'none'; style-src 'unsafe-inline'; sandbox
08:16:37.422 [main] DEBUG org.apache.hc.client5.http.headers - http-outgoing-9 << Content-Type: text/plain; charset=utf-8
08:16:37.422 [main] DEBUG org.apache.hc.client5.http.headers - http-outgoing-9 << ETag: W/"e82b438271e9e8680c688b0b680efd0bdd22faa6d6f0a32fc1fd8accc486b67e"
08:16:37.422 [main] DEBUG org.apache.hc.client5.http.headers - http-outgoing-9 << Strict-Transport-Security: max-age=31536000
08:16:37.422 [main] DEBUG org.apache.hc.client5.http.headers - http-outgoing-9 << X-Content-Type-Options: nosniff
08:16:37.422 [main] DEBUG org.apache.hc.client5.http.headers - http-outgoing-9 << X-Frame-Options: deny
08:16:37.422 [main] DEBUG org.apache.hc.client5.http.headers - http-outgoing-9 << X-XSS-Protection: 1; mode=block
08:16:37.422 [main] DEBUG org.apache.hc.client5.http.headers - http-outgoing-9 << X-GitHub-Request-Id: 4CA0:B8C7F:70C4E:8CACE:651389F9
08:16:37.422 [main] DEBUG org.apache.hc.client5.http.headers - http-outgoing-9 << Content-Encoding: gzip
08:16:37.422 [main] DEBUG org.apache.hc.client5.http.headers - http-outgoing-9 << Accept-Ranges: bytes
08:16:37.422 [main] DEBUG org.apache.hc.client5.http.headers - http-outgoing-9 << Date: Fri, 06 Oct 2023 01:16:39 GMT
08:16:37.422 [main] DEBUG org.apache.hc.client5.http.headers - http-outgoing-9 << Via: 1.1 varnish
08:16:37.422 [main] DEBUG org.apache.hc.client5.http.headers - http-outgoing-9 << X-Served-By: cache-qpg1257-QPG
08:16:37.422 [main] DEBUG org.apache.hc.client5.http.headers - http-outgoing-9 << X-Cache: HIT
08:16:37.422 [main] DEBUG org.apache.hc.client5.http.headers - http-outgoing-9 << X-Cache-Hits: 1
08:16:37.422 [main] DEBUG org.apache.hc.client5.http.headers - http-outgoing-9 << X-Timer: S1696555000.540637,VS0,VE1
08:16:37.422 [main] DEBUG org.apache.hc.client5.http.headers - http-outgoing-9 << Vary: Authorization,Accept-Encoding,Origin
08:16:37.422 [main] DEBUG org.apache.hc.client5.http.headers - http-outgoing-9 << Access-Control-Allow-Origin: *
08:16:37.422 [main] DEBUG org.apache.hc.client5.http.headers - http-outgoing-9 << Cross-Origin-Resource-Policy: cross-origin
08:16:37.422 [main] DEBUG org.apache.hc.client5.http.headers - http-outgoing-9 << X-Fastly-Request-ID: 7c6eb9f5a2d124902cab9019c46b72db49bddaa3
08:16:37.422 [main] DEBUG org.apache.hc.client5.http.headers - http-outgoing-9 << Expires: Fri, 06 Oct 2023 01:21:39 GMT
08:16:37.422 [main] DEBUG org.apache.hc.client5.http.headers - http-outgoing-9 << Source-Age: 31
08:16:37.422 [main] DEBUG org.apache.hc.client5.http.impl.classic.MainClientExec - ex-0000000D: connection can be kept alive for 3 MINUTES
08:16:37.422 [main] DEBUG org.apache.hc.client5.http.wire - http-outgoing-9 << "[0x1f][0xffffff8b][0x8][0x0][0x0][0x0][0x0][0x0][0x0][0x3][0xffffffb5]V]o[0xffffffda]0[0x14]}[0xffffffe7]W\[0xffffff81]*[0xffffffb5][0x12][0x1f][[M[0xffffffd3]$[0x1e]hF[0xffffffbb]i [0x18][0xffffffb4][0xffffffdd]&[0xfffffff9][0xffffffc5]$7[0xffffffc1]R[0x12]#;[0xffffff94]v[0xffffffbf]~[0xffffffb6][0xfffffff3]1[0xffffff92][0xffffff9a][0xffffffc1][0x1a]x[0xffffffcb][0xffffffb5][0xffffffaf][0xffffffcf]9[0xffffffbe][0xfffffff7]8v[0xb][0x1c][0x1e]E4[0xfffffff6]$x4[0xffffffa1][0xb]*[0xffffffb1][0xffffffd1][0xffffff82][0xfffffffb]%[0xffffff93][0xffffffe0][0xffffffb3][0x10][0xffffffc1][0xffffffe5]qBY,!Y[0xffffffea] KM8,[0x10][0xfffffff0][0x19][0xffffffdd]u[0xffffff82][0x1e][0xffffffb0][0xffffffd8]L[0xffffffcb]%[0xffffff86][0xffffffa1][0xe][0xffffffb8][0xfffffff0]P[0xffffffe8]$[0xf][0x13]t[0x13]3[0xfffffff9][0xffffff84]B2[0xffffffae][0xffffffe6]|@[0xfffffff5][0x1d][0x8][0xffffffc4][0x18][0x16][0xffffff82]o[0xffffffa4][0xffffff9a]P[0xffffff94][0xffffffe7][0xffffffce]R[0xfffffff0][0x8][0xffffffdb]p[0xffffffcb][0x4][0xfffffffa][0xfffffffc][0xffffffb9][\r][0xffffff93][0x15][\n]"
08:16:37.422 [main] DEBUG org.apache.hc.client5.http.wire - http-outgoing-9 << "[0xffffffda][0xffffff86][0xffffffa1][0x17][0xffffffa8]Q3[0xffffffcb][0xffffffd6][0xffffffd1][0xffffff85][0xffffffc6][0xfffffff7][0xffffff98][0xffffffef][0xffffffa3][0xffffffc0]8[0x1][0xffffffae]s[0x12][0x16][0x7] _d[0xffffff82][0xffffff91][0xffffff84][0xfffffff3][0x1f],[0xfffffff6][0x14]j[0x1b]F,^+[0xffffff98]1ua2[0xffffffbf]h([0xffffff8e][0xffffff94][0xffffffa2][0xffffff91]m[0xffffffa3][0xffffffeb][0xffffff9a][0xffffffb0][0xffffffbb]I[0x17]t[0xffffffdf][0xffffffbd][0xffffffef][0xffffffbb][0xffffff91][0xffffffd7]U[0xffffffbb][0xffffff82][0xffffff9e][0x3][0xffffff9b][0xffffff88][0xffffffb9][0xffffffa6]$[0xffffffa6][0xc][0xffffff9b][0xffffffa5][0xffffffe2][0xffffff83][0xffffff98]F[0xffffffd8]o[0xffffff9e]Mg[0xffffff93][0xffffffbb][0xffffffd9]`|[0xfffffffb]u4[0xffffff9c][0x7f]"}B[0xffffffce][0x8][0xffffffb9][0xffffffe3]<[0x8][0xffffff91][0xffffff90][0xffffff94][0xffffff82][0xffffff90][0xffffffc1]j[0x15]2WI[0xffffffe3]1![0x19][0xffffff91]BnB[0xffffff80][0x9]<f[0xffffffb5][0xffffffe8]=[0xffffffd1]p[0xffffffbd][[0xffffffcf][0xffffffe5][0x1b][0xfffffff4][0xffffff9c][0xffffffff][0xfffffffc][0xfffffff8][0xffffffe1][0xffffffe2][0xffffff94][0xffffffa2][0xffffffae][0xe][0x14]5[0xffffff9a]8[0xffffff83][0xffffffd1]`:[0xfffffffd]<[0xffffffb8][0x1f][0xffffff9c]R[0xffffffcf]u[0x7f]6[0xffffffbc][0xffffff83][0xffffffef][0xf][0xffffffc3][0xffffffd9]/[0xfffffff8][0xfffffff2][0xffffffcd]y s[0xffffffee]'[0x1b]*0g[0xffffffcb][0xffffffc8]nF7H][0xffffff83][0xffffff97]{[0xffffffb1]Q[0x5][\r][0xffffffb5]c[0xffffffb4][0xf][0x2][0xffffffb3][0xffffffb4][0xffffff93][0xe]C[0xffffffa7][0xffffffb3]kAD][0xffffff9d][0xffffffde][0xffffffdb][0xffffffda][0xffffff88][0xffffffec][0xffffffa5][0xffffffbc][0xffffff99][0xffffffd9][0xffffffba]t[0xffffffb5][0xffffffea]9[0xffffffea][0x10])[0xffffffb7][0xffffffca][0xffffff9e][0xfffffff2][0xffffffe2]d^N[0xffffffd8]FW[0x16][0xffffffcd][0xffffffdc]_[0x10][0xfffffff9]i|[0x1c][0xffffff93][0xffffff8e][0xfffffff9]o[0x16][0xffffff86]4'!$G[0xffffffdf]W[0xfffffff4]W*j[[0xfffffff3]xR[0xffffffae][0xffffffb6][0xc][0xffffffd0],; #[0xffffffa9][0xffffff92]5[0xffffffb5][0x7][0xffffff9c][0xffffffb5][0xffffffd0][0x7f][0xffffff90][0xffffffc7]jgs[0xfffffffc][0xffffffc2][0xb][0xffffffd9][0x0]t[0xffffff9e]^'Y[0xfffffffb][0xffffff9f][0xffffffb1][0xffffffd8]:[0xffffffbf][0xffffff8d][0xffffffa5][0xffffff9a][0xffffffad][0x7f]m[0x5]&[0xffffffaa][0xffffffa0]^[0xffffff9b][0xffffffcb][0x5]f[0xffffffae][0xffffffe0]RU[0xffffff82][0x10]MS9l[0xffffff91]4t[0xfffffffb][0xffffff8a]][0xffffffd6][0xfffffff4][0xffffff96][0xffffffa6][0xffffff9f]P[0xffffffce][0xffffffd5][0xffffffce][0xffffff93][0xffffffff][0xffffff97][0xffffffcc]p[0xfffffffd][0xfffffff3][0xffffffe8][0x1b][0xffffffcc][0xffffffa2][0xffffffd9]Q[0xffffffbe][0xffffffb2][0xffffffa3][0xffffffc7]m'[0xffffffdf][0xffffffe4][[0xfffffffb]^[0xffffffb0][0xffffff9a][0xffffffbe][0xffffffda][0xffffffda]_[0xffffffce][0xffffff80][0xffffffd2][0xffffffc1]7[0xffffffb7]][0xffffffc1]b[0xffffffee][0xffffffb5][0xffffffff]w[0xffffff83][0xffffffed][0xffffffa7];[0x15]<[0x10]4[0xffffff92][0xffffff84][0x18][\n]"
08:16:37.422 [main] DEBUG org.apache.hc.client5.http.wire - http-outgoing-9 << "BB[0xffffffba][0xffffff8e]][0xffffffb5]jo[0xffffffb9]+"[0xffffffea][0xffffffb4][0xffffffff]h"[0xffffffea]\?5[0xffffffa9][0xffffffaf]k[0xffffffec][0xffffffff]P[0xffffffea][\n]"
08:16:37.422 [main] DEBUG org.apache.hc.client5.http.wire - http-outgoing-9 << "w[0xffffffe1]K[0x13][0xffffffda][0xffffffec][0xffffff98][0xffffffe6]Y[0xfffffffd]h8m6[0xffffff9c]T[0xffffffc1][0xfffffff2][0xffffffa7][0xffffff91]z_[0xffffff95]o85p[0x1c][0x13][0xffffffe6][0xfffffff0]5[0xffffffee][0xfffffffc][0xffffff92][0xffffff96][0xffffffda][0xfffffff7][0xffffffcf][0xffffffb1][0x5][0x1d][0xffffffea]K[0xffffff9b]9[0xffffff8e][0xffffffad]e[0xfffffff7][0xffffff93][0xffffffa8]`[0xffffffda][0xffffffff][0x1a][0xffffffd2][0xffffff88][0xffffff85][0xfffffffd][0xfffffff2][0xffffff91]N[0xfffffff6]`[0xffffffdf]2[0xffffffcf][0xffffffae]E[0xffffff97][0xffffffc5][0xffffffa2][0xffffff9d][0xffffffef]'[0xffffff9d]mun.[0xffffffd3]f^[0xffffffc7][0xffffff82][0xffffffda][0xffffff82]9[0xfffffff5][0xffffffa9]`[0x5][0xffffffbc]4[0xffffffa1][0x1d]<M[0xffffffb5]A[0xffffffa7]3[[0xffffffc0][0x7f][0x0][0xffffffc1][0xffffffd0]$[0xffffff85][0x1d][\r][0x0][0x0]"
08:16:37.422 [main] DEBUG org.apache.hc.client5.http.impl.classic.InternalHttpClient - ep-0000000C: releasing valid endpoint
08:16:37.422 [main] DEBUG org.apache.hc.client5.http.impl.io.PoolingHttpClientConnectionManager - ep-0000000C: releasing endpoint
08:16:37.422 [main] DEBUG org.apache.hc.client5.http.impl.io.PoolingHttpClientConnectionManager - ep-0000000C: connection http-outgoing-9 can be kept alive for 3 MINUTES
08:16:37.422 [main] DEBUG org.apache.hc.client5.http.impl.io.PoolingHttpClientConnectionManager - ep-0000000C: connection released [route: {s}->https://raw.githubusercontent.com:443][total available: 1; route allocated: 1 of 5; total allocated: 1 of 25]
08:16:37.422 [main] DEBUG io.github.bonigarcia.wdm.versions.VersionDetector - Detecting chrome version using online commands.properties
08:16:37.422 [main] DEBUG io.github.bonigarcia.wdm.versions.Shell - Running command on the shell: [cmd.exe, /C, wmic, datafile, where, name="%PROGRAMFILES:\=\\%\\Google\\Chrome\\Application\\chrome.exe", get, Version, /value]
08:16:37.543 [main] DEBUG io.github.bonigarcia.wdm.versions.Shell - Result: Version=117.0.5938.134
08:16:37.547 [main] DEBUG org.apache.hc.client5.http.impl.classic.InternalHttpClient - ex-0000000E: preparing request execution
08:16:37.547 [main] DEBUG org.apache.hc.client5.http.protocol.RequestAddCookies - Cookie spec selected: strict
08:16:37.547 [main] DEBUG org.apache.hc.client5.http.protocol.RequestAuthCache - Auth cache not set in the context
08:16:37.547 [main] DEBUG org.apache.hc.client5.http.impl.classic.ProtocolExec - ex-0000000E: target auth state: UNCHALLENGED
08:16:37.547 [main] DEBUG org.apache.hc.client5.http.impl.classic.ProtocolExec - ex-0000000E: proxy auth state: UNCHALLENGED
08:16:37.547 [main] DEBUG org.apache.hc.client5.http.impl.classic.ConnectExec - ex-0000000E: acquiring connection with route {s}->https://chromedriver.storage.googleapis.com:443
08:16:37.547 [main] DEBUG org.apache.hc.client5.http.impl.classic.InternalHttpClient - ex-0000000E: acquiring endpoint (3 MINUTES)
08:16:37.547 [main] DEBUG org.apache.hc.client5.http.impl.io.PoolingHttpClientConnectionManager - ex-0000000E: endpoint lease request (3 MINUTES) [route: {s}->https://chromedriver.storage.googleapis.com:443][total available: 1; route allocated: 0 of 5; total allocated: 1 of 25]
08:16:37.547 [main] DEBUG org.apache.hc.client5.http.impl.io.PoolingHttpClientConnectionManager - ex-0000000E: endpoint leased [route: {s}->https://chromedriver.storage.googleapis.com:443][total available: 1; route allocated: 1 of 5; total allocated: 2 of 25]
08:16:37.547 [main] DEBUG org.apache.hc.client5.http.impl.io.PoolingHttpClientConnectionManager - ex-0000000E: acquired ep-0000000D
08:16:37.547 [main] DEBUG org.apache.hc.client5.http.impl.classic.InternalHttpClient - ex-0000000E: acquired endpoint ep-0000000D
08:16:37.547 [main] DEBUG org.apache.hc.client5.http.impl.classic.ConnectExec - ex-0000000E: opening connection {s}->https://chromedriver.storage.googleapis.com:443
08:16:37.547 [main] DEBUG org.apache.hc.client5.http.impl.classic.InternalHttpClient - ep-0000000D: connecting endpoint (30 SECONDS)
08:16:37.547 [main] DEBUG org.apache.hc.client5.http.impl.io.PoolingHttpClientConnectionManager - ep-0000000D: connecting endpoint to https://chromedriver.storage.googleapis.com:443 (30 SECONDS)
08:16:37.547 [main] DEBUG org.apache.hc.client5.http.impl.io.DefaultHttpClientConnectionOperator - http-outgoing-10: connecting to chromedriver.storage.googleapis.com/34.101.5.27:443
08:16:37.547 [main] DEBUG org.apache.hc.client5.http.ssl.SSLConnectionSocketFactory - Connecting socket to chromedriver.storage.googleapis.com/34.101.5.27:443 with timeout 30 SECONDS
08:16:37.550 [main] DEBUG org.apache.hc.client5.http.ssl.SSLConnectionSocketFactory - Enabled protocols: [TLSv1.3, TLSv1.2]
08:16:37.550 [main] DEBUG org.apache.hc.client5.http.ssl.SSLConnectionSocketFactory - Enabled cipher suites: [TLS_AES_256_GCM_SHA384, TLS_AES_128_GCM_SHA256, TLS_CHACHA20_POLY1305_SHA256, TLS_ECDHE_ECDSA_WITH_AES_256_GCM_SHA384, TLS_ECDHE_ECDSA_WITH_AES_128_GCM_SHA256, TLS_ECDHE_ECDSA_WITH_CHACHA20_POLY1305_SHA256, TLS_ECDHE_RSA_WITH_AES_256_GCM_SHA384, TLS_ECDHE_RSA_WITH_CHACHA20_POLY1305_SHA256, TLS_ECDHE_RSA_WITH_AES_128_GCM_SHA256, TLS_DHE_RSA_WITH_AES_256_GCM_SHA384, TLS_DHE_RSA_WITH_CHACHA20_POLY1305_SHA256, TLS_DHE_DSS_WITH_AES_256_GCM_SHA384, TLS_DHE_RSA_WITH_AES_128_GCM_SHA256, TLS_DHE_DSS_WITH_AES_128_GCM_SHA256, TLS_ECDHE_ECDSA_WITH_AES_256_CBC_SHA384, TLS_ECDHE_RSA_WITH_AES_256_CBC_SHA384, TLS_ECDHE_ECDSA_WITH_AES_128_CBC_SHA256, TLS_ECDHE_RSA_WITH_AES_128_CBC_SHA256, TLS_DHE_RSA_WITH_AES_256_CBC_SHA256, TLS_DHE_DSS_WITH_AES_256_CBC_SHA256, TLS_DHE_RSA_WITH_AES_128_CBC_SHA256, TLS_DHE_DSS_WITH_AES_128_CBC_SHA256, TLS_ECDH_ECDSA_WITH_AES_256_GCM_SHA384, TLS_ECDH_RSA_WITH_AES_256_GCM_SHA384, TLS_ECDH_ECDSA_WITH_AES_128_GCM_SHA256, TLS_ECDH_RSA_WITH_AES_128_GCM_SHA256, TLS_ECDH_ECDSA_WITH_AES_256_CBC_SHA384, TLS_ECDH_RSA_WITH_AES_256_CBC_SHA384, TLS_ECDH_ECDSA_WITH_AES_128_CBC_SHA256, TLS_ECDH_RSA_WITH_AES_128_CBC_SHA256, TLS_ECDHE_ECDSA_WITH_AES_256_CBC_SHA, TLS_ECDHE_RSA_WITH_AES_256_CBC_SHA, TLS_ECDHE_ECDSA_WITH_AES_128_CBC_SHA, TLS_ECDHE_RSA_WITH_AES_128_CBC_SHA, TLS_DHE_RSA_WITH_AES_256_CBC_SHA, TLS_DHE_DSS_WITH_AES_256_CBC_SHA, TLS_DHE_RSA_WITH_AES_128_CBC_SHA, TLS_DHE_DSS_WITH_AES_128_CBC_SHA, TLS_ECDH_ECDSA_WITH_AES_256_CBC_SHA, TLS_ECDH_RSA_WITH_AES_256_CBC_SHA, TLS_ECDH_ECDSA_WITH_AES_128_CBC_SHA, TLS_ECDH_RSA_WITH_AES_128_CBC_SHA, TLS_RSA_WITH_AES_256_GCM_SHA384, TLS_RSA_WITH_AES_128_GCM_SHA256, TLS_RSA_WITH_AES_256_CBC_SHA256, TLS_RSA_WITH_AES_128_CBC_SHA256, TLS_RSA_WITH_AES_256_CBC_SHA, TLS_RSA_WITH_AES_128_CBC_SHA, TLS_EMPTY_RENEGOTIATION_INFO_SCSV]
08:16:37.550 [main] DEBUG org.apache.hc.client5.http.ssl.SSLConnectionSocketFactory - Starting handshake
08:16:37.607 [main] DEBUG org.apache.hc.client5.http.ssl.SSLConnectionSocketFactory - Secure session established
08:16:37.607 [main] DEBUG org.apache.hc.client5.http.ssl.SSLConnectionSocketFactory -  negotiated protocol: TLSv1.3
08:16:37.607 [main] DEBUG org.apache.hc.client5.http.ssl.SSLConnectionSocketFactory -  negotiated cipher suite: TLS_AES_256_GCM_SHA384
08:16:37.607 [main] DEBUG org.apache.hc.client5.http.ssl.SSLConnectionSocketFactory -  peer principal: CN=*.storage.googleapis.com
08:16:37.607 [main] DEBUG org.apache.hc.client5.http.ssl.SSLConnectionSocketFactory -  peer alternative names: [*.storage.googleapis.com, *.googleapis.com, commondatastorage.googleapis.com, *.commondatastorage.googleapis.com, storage.googleapis.com, storage-p2.googleapis.com, *.storage-p2.googleapis.com, storage.mtls.googleapis.com, *.appspot.com.storage.googleapis.com, *.content-storage.googleapis.com, *.content-storage-p2.googleapis.com, *.content-storage-upload.googleapis.com, *.content-storage-download.googleapis.com, *.storage-upload.googleapis.com, *.storage-download.googleapis.com]
08:16:37.607 [main] DEBUG org.apache.hc.client5.http.ssl.SSLConnectionSocketFactory -  issuer principal: CN=GTS CA 1C3, O=Google Trust Services LLC, C=US
08:16:37.607 [main] DEBUG org.apache.hc.client5.http.impl.io.DefaultHttpClientConnectionOperator - http-outgoing-10: connection established 192.168.100.42:64199<->34.101.5.27:443
08:16:37.607 [main] DEBUG org.apache.hc.client5.http.impl.io.PoolingHttpClientConnectionManager - ep-0000000D: connected http-outgoing-10
08:16:37.607 [main] DEBUG org.apache.hc.client5.http.impl.classic.InternalHttpClient - ep-0000000D: endpoint connected
08:16:37.607 [main] DEBUG org.apache.hc.client5.http.impl.classic.MainClientExec - ex-0000000E: executing GET /LATEST_RELEASE_117 HTTP/1.1
08:16:37.607 [main] DEBUG org.apache.hc.client5.http.impl.classic.InternalHttpClient - ep-0000000D: start execution ex-0000000E
08:16:37.607 [main] DEBUG org.apache.hc.client5.http.impl.io.PoolingHttpClientConnectionManager - ep-0000000D: executing exchange ex-0000000E over http-outgoing-10
08:16:37.607 [main] DEBUG org.apache.hc.client5.http.headers - http-outgoing-10 >> GET /LATEST_RELEASE_117 HTTP/1.1
08:16:37.607 [main] DEBUG org.apache.hc.client5.http.headers - http-outgoing-10 >> user-agent: Apache-HttpClient/5.0
08:16:37.607 [main] DEBUG org.apache.hc.client5.http.headers - http-outgoing-10 >> accept-encoding: gzip, deflate, br
08:16:37.607 [main] DEBUG org.apache.hc.client5.http.headers - http-outgoing-10 >> cache-control: max-age=0
08:16:37.607 [main] DEBUG org.apache.hc.client5.http.headers - http-outgoing-10 >> connection: keep-alive
08:16:37.607 [main] DEBUG org.apache.hc.client5.http.headers - http-outgoing-10 >> Host: chromedriver.storage.googleapis.com
08:16:37.607 [main] DEBUG org.apache.hc.client5.http.wire - http-outgoing-10 >> "GET /LATEST_RELEASE_117 HTTP/1.1[\r][\n]"
08:16:37.607 [main] DEBUG org.apache.hc.client5.http.wire - http-outgoing-10 >> "user-agent: Apache-HttpClient/5.0[\r][\n]"
08:16:37.607 [main] DEBUG org.apache.hc.client5.http.wire - http-outgoing-10 >> "accept-encoding: gzip, deflate, br[\r][\n]"
08:16:37.607 [main] DEBUG org.apache.hc.client5.http.wire - http-outgoing-10 >> "cache-control: max-age=0[\r][\n]"
08:16:37.607 [main] DEBUG org.apache.hc.client5.http.wire - http-outgoing-10 >> "connection: keep-alive[\r][\n]"
08:16:37.607 [main] DEBUG org.apache.hc.client5.http.wire - http-outgoing-10 >> "Host: chromedriver.storage.googleapis.com[\r][\n]"
08:16:37.607 [main] DEBUG org.apache.hc.client5.http.wire - http-outgoing-10 >> "[\r][\n]"
08:16:37.847 [main] DEBUG org.apache.hc.client5.http.wire - http-outgoing-10 << "HTTP/1.1 404 Not Found[\r][\n]"
08:16:37.847 [main] DEBUG org.apache.hc.client5.http.wire - http-outgoing-10 << "X-GUploader-UploadID: ADPycduNjUHnSmAaSQhZi9Xfng5DN1d1s1VgK5cVkJxozMjJGKGZxMmg3dKAXWYfmag9VeDSgAYFoZCw7aSPXBlqETM1dKf-E1Qj[\r][\n]"
08:16:37.847 [main] DEBUG org.apache.hc.client5.http.wire - http-outgoing-10 << "Content-Type: application/xml; charset=UTF-8[\r][\n]"
08:16:37.847 [main] DEBUG org.apache.hc.client5.http.wire - http-outgoing-10 << "Content-Length: 193[\r][\n]"
08:16:37.847 [main] DEBUG org.apache.hc.client5.http.wire - http-outgoing-10 << "Date: Fri, 06 Oct 2023 01:16:39 GMT[\r][\n]"
08:16:37.847 [main] DEBUG org.apache.hc.client5.http.wire - http-outgoing-10 << "Expires: Fri, 06 Oct 2023 01:16:39 GMT[\r][\n]"
08:16:37.847 [main] DEBUG org.apache.hc.client5.http.wire - http-outgoing-10 << "Cache-Control: private, max-age=0[\r][\n]"
08:16:37.847 [main] DEBUG org.apache.hc.client5.http.wire - http-outgoing-10 << "Server: UploadServer[\r][\n]"
08:16:37.847 [main] DEBUG org.apache.hc.client5.http.wire - http-outgoing-10 << "Alt-Svc: h3=":443"; ma=2592000,h3-29=":443"; ma=2592000[\r][\n]"
08:16:37.847 [main] DEBUG org.apache.hc.client5.http.wire - http-outgoing-10 << "[\r][\n]"
08:16:37.847 [main] DEBUG org.apache.hc.client5.http.wire - http-outgoing-10 << "<?xml version='1.0' encoding='UTF-8'?><Error><Code>NoSuchKey</Code><Message>The specified key does not exist.</Message><Details>No such object: chromedriver/LATEST_RELEASE_117</Details></Error>"
08:16:37.847 [main] DEBUG org.apache.hc.client5.http.headers - http-outgoing-10 << HTTP/1.1 404 Not Found
08:16:37.847 [main] DEBUG org.apache.hc.client5.http.headers - http-outgoing-10 << X-GUploader-UploadID: ADPycduNjUHnSmAaSQhZi9Xfng5DN1d1s1VgK5cVkJxozMjJGKGZxMmg3dKAXWYfmag9VeDSgAYFoZCw7aSPXBlqETM1dKf-E1Qj
08:16:37.847 [main] DEBUG org.apache.hc.client5.http.headers - http-outgoing-10 << Content-Type: application/xml; charset=UTF-8
08:16:37.847 [main] DEBUG org.apache.hc.client5.http.headers - http-outgoing-10 << Content-Length: 193
08:16:37.847 [main] DEBUG org.apache.hc.client5.http.headers - http-outgoing-10 << Date: Fri, 06 Oct 2023 01:16:39 GMT
08:16:37.847 [main] DEBUG org.apache.hc.client5.http.headers - http-outgoing-10 << Expires: Fri, 06 Oct 2023 01:16:39 GMT
08:16:37.847 [main] DEBUG org.apache.hc.client5.http.headers - http-outgoing-10 << Cache-Control: private, max-age=0
08:16:37.847 [main] DEBUG org.apache.hc.client5.http.headers - http-outgoing-10 << Server: UploadServer
08:16:37.847 [main] DEBUG org.apache.hc.client5.http.headers - http-outgoing-10 << Alt-Svc: h3=":443"; ma=2592000,h3-29=":443"; ma=2592000
08:16:37.847 [main] DEBUG org.apache.hc.client5.http.impl.classic.MainClientExec - ex-0000000E: connection can be kept alive for 3 MINUTES
08:16:37.847 [main] ERROR io.github.bonigarcia.wdm.online.HttpClient - Error HTTP 404 executing https://chromedriver.storage.googleapis.com/LATEST_RELEASE_117
08:16:37.847 [main] WARN io.github.bonigarcia.wdm.versions.VersionDetector - Exception reading https://chromedriver.storage.googleapis.com/LATEST_RELEASE_117 to get latest version of chromedriver (Error HTTP 404 executing https://chromedriver.storage.googleapis.com/LATEST_RELEASE_117)
08:16:37.854 [main] DEBUG io.github.bonigarcia.wdm.versions.VersionDetector - Getting driver version for chrome117 from online versions.properties
08:16:37.854 [main] DEBUG org.apache.hc.client5.http.impl.classic.InternalHttpClient - ex-0000000F: preparing request execution
08:16:37.854 [main] DEBUG org.apache.hc.client5.http.protocol.RequestAddCookies - Cookie spec selected: strict
08:16:37.854 [main] DEBUG org.apache.hc.client5.http.protocol.RequestAuthCache - Auth cache not set in the context
08:16:37.854 [main] DEBUG org.apache.hc.client5.http.impl.classic.ProtocolExec - ex-0000000F: target auth state: UNCHALLENGED
08:16:37.854 [main] DEBUG org.apache.hc.client5.http.impl.classic.ProtocolExec - ex-0000000F: proxy auth state: UNCHALLENGED
08:16:37.854 [main] DEBUG org.apache.hc.client5.http.impl.classic.ConnectExec - ex-0000000F: acquiring connection with route {s}->https://raw.githubusercontent.com:443
08:16:37.854 [main] DEBUG org.apache.hc.client5.http.impl.classic.InternalHttpClient - ex-0000000F: acquiring endpoint (3 MINUTES)
08:16:37.854 [main] DEBUG org.apache.hc.client5.http.impl.io.PoolingHttpClientConnectionManager - ex-0000000F: endpoint lease request (3 MINUTES) [route: {s}->https://raw.githubusercontent.com:443][total available: 1; route allocated: 1 of 5; total allocated: 2 of 25]
08:16:37.859 [main] DEBUG org.apache.hc.client5.http.impl.io.PoolingHttpClientConnectionManager - ex-0000000F: endpoint leased [route: {s}->https://raw.githubusercontent.com:443][total available: 0; route allocated: 1 of 5; total allocated: 2 of 25]
08:16:37.859 [main] DEBUG org.apache.hc.client5.http.impl.io.PoolingHttpClientConnectionManager - ex-0000000F: acquired ep-0000000E
08:16:37.859 [main] DEBUG org.apache.hc.client5.http.impl.classic.InternalHttpClient - ex-0000000F: acquired endpoint ep-0000000E
08:16:37.859 [main] DEBUG org.apache.hc.client5.http.impl.classic.MainClientExec - ex-0000000F: executing GET /bonigarcia/webdrivermanager/master/src/main/resources/versions.properties HTTP/1.1
08:16:37.859 [main] DEBUG org.apache.hc.client5.http.impl.classic.InternalHttpClient - ep-0000000E: start execution ex-0000000F
08:16:37.859 [main] DEBUG org.apache.hc.client5.http.impl.io.PoolingHttpClientConnectionManager - ep-0000000E: executing exchange ex-0000000F over http-outgoing-9
08:16:37.859 [main] DEBUG org.apache.hc.client5.http.headers - http-outgoing-9 >> GET /bonigarcia/webdrivermanager/master/src/main/resources/versions.properties HTTP/1.1
08:16:37.859 [main] DEBUG org.apache.hc.client5.http.headers - http-outgoing-9 >> user-agent: Apache-HttpClient/5.0
08:16:37.859 [main] DEBUG org.apache.hc.client5.http.headers - http-outgoing-9 >> accept-encoding: gzip, deflate, br
08:16:37.859 [main] DEBUG org.apache.hc.client5.http.headers - http-outgoing-9 >> cache-control: max-age=0
08:16:37.859 [main] DEBUG org.apache.hc.client5.http.headers - http-outgoing-9 >> connection: keep-alive
08:16:37.859 [main] DEBUG org.apache.hc.client5.http.headers - http-outgoing-9 >> Host: raw.githubusercontent.com
08:16:37.859 [main] DEBUG org.apache.hc.client5.http.wire - http-outgoing-9 >> "GET /bonigarcia/webdrivermanager/master/src/main/resources/versions.properties HTTP/1.1[\r][\n]"
08:16:37.859 [main] DEBUG org.apache.hc.client5.http.wire - http-outgoing-9 >> "user-agent: Apache-HttpClient/5.0[\r][\n]"
08:16:37.859 [main] DEBUG org.apache.hc.client5.http.wire - http-outgoing-9 >> "accept-encoding: gzip, deflate, br[\r][\n]"
08:16:37.859 [main] DEBUG org.apache.hc.client5.http.wire - http-outgoing-9 >> "cache-control: max-age=0[\r][\n]"
08:16:37.859 [main] DEBUG org.apache.hc.client5.http.wire - http-outgoing-9 >> "connection: keep-alive[\r][\n]"
08:16:37.859 [main] DEBUG org.apache.hc.client5.http.wire - http-outgoing-9 >> "Host: raw.githubusercontent.com[\r][\n]"
08:16:37.859 [main] DEBUG org.apache.hc.client5.http.wire - http-outgoing-9 >> "[\r][\n]"
08:16:37.885 [main] DEBUG org.apache.hc.client5.http.wire - http-outgoing-9 << "HTTP/1.1 200 OK[\r][\n]"
08:16:37.885 [main] DEBUG org.apache.hc.client5.http.wire - http-outgoing-9 << "Connection: keep-alive[\r][\n]"
08:16:37.885 [main] DEBUG org.apache.hc.client5.http.wire - http-outgoing-9 << "Content-Length: 1625[\r][\n]"
08:16:37.885 [main] DEBUG org.apache.hc.client5.http.wire - http-outgoing-9 << "Cache-Control: max-age=300[\r][\n]"
08:16:37.885 [main] DEBUG org.apache.hc.client5.http.wire - http-outgoing-9 << "Content-Security-Policy: default-src 'none'; style-src 'unsafe-inline'; sandbox[\r][\n]"
08:16:37.885 [main] DEBUG org.apache.hc.client5.http.wire - http-outgoing-9 << "Content-Type: text/plain; charset=utf-8[\r][\n]"
08:16:37.885 [main] DEBUG org.apache.hc.client5.http.wire - http-outgoing-9 << "ETag: W/"51a99ebb5fa30c7285d42b08929913814dd238f6403d61fccadee50390eab957"[\r][\n]"
08:16:37.885 [main] DEBUG org.apache.hc.client5.http.wire - http-outgoing-9 << "Strict-Transport-Security: max-age=31536000[\r][\n]"
08:16:37.885 [main] DEBUG org.apache.hc.client5.http.wire - http-outgoing-9 << "X-Content-Type-Options: nosniff[\r][\n]"
08:16:37.885 [main] DEBUG org.apache.hc.client5.http.wire - http-outgoing-9 << "X-Frame-Options: deny[\r][\n]"
08:16:37.885 [main] DEBUG org.apache.hc.client5.http.wire - http-outgoing-9 << "X-XSS-Protection: 1; mode=block[\r][\n]"
08:16:37.885 [main] DEBUG org.apache.hc.client5.http.wire - http-outgoing-9 << "X-GitHub-Request-Id: ADC8:C8321:F9E48:13930E:651E6E7C[\r][\n]"
08:16:37.885 [main] DEBUG org.apache.hc.client5.http.wire - http-outgoing-9 << "Content-Encoding: gzip[\r][\n]"
08:16:37.885 [main] DEBUG org.apache.hc.client5.http.wire - http-outgoing-9 << "Accept-Ranges: bytes[\r][\n]"
08:16:37.885 [main] DEBUG org.apache.hc.client5.http.wire - http-outgoing-9 << "Date: Fri, 06 Oct 2023 01:16:40 GMT[\r][\n]"
08:16:37.885 [main] DEBUG org.apache.hc.client5.http.wire - http-outgoing-9 << "Via: 1.1 varnish[\r][\n]"
08:16:37.885 [main] DEBUG org.apache.hc.client5.http.wire - http-outgoing-9 << "X-Served-By: cache-qpg1257-QPG[\r][\n]"
08:16:37.885 [main] DEBUG org.apache.hc.client5.http.wire - http-outgoing-9 << "X-Cache: HIT[\r][\n]"
08:16:37.885 [main] DEBUG org.apache.hc.client5.http.wire - http-outgoing-9 << "X-Cache-Hits: 1[\r][\n]"
08:16:37.885 [main] DEBUG org.apache.hc.client5.http.wire - http-outgoing-9 << "X-Timer: S1696555000.024898,VS0,VE1[\r][\n]"
08:16:37.901 [main] DEBUG org.apache.hc.client5.http.wire - http-outgoing-9 << "Vary: Authorization,Accept-Encoding,Origin[\r][\n]"
08:16:37.901 [main] DEBUG org.apache.hc.client5.http.wire - http-outgoing-9 << "Access-Control-Allow-Origin: *[\r][\n]"
08:16:37.901 [main] DEBUG org.apache.hc.client5.http.wire - http-outgoing-9 << "Cross-Origin-Resource-Policy: cross-origin[\r][\n]"
08:16:37.901 [main] DEBUG org.apache.hc.client5.http.wire - http-outgoing-9 << "X-Fastly-Request-ID: 96276b8dd228a8d3eaeeaeba269414e7a034c1ad[\r][\n]"
08:16:37.901 [main] DEBUG org.apache.hc.client5.http.wire - http-outgoing-9 << "Expires: Fri, 06 Oct 2023 01:21:40 GMT[\r][\n]"
08:16:37.901 [main] DEBUG org.apache.hc.client5.http.wire - http-outgoing-9 << "Source-Age: 57[\r][\n]"
08:16:37.901 [main] DEBUG org.apache.hc.client5.http.wire - http-outgoing-9 << "[\r][\n]"
08:16:37.901 [main] DEBUG org.apache.hc.client5.http.headers - http-outgoing-9 << HTTP/1.1 200 OK
08:16:37.901 [main] DEBUG org.apache.hc.client5.http.headers - http-outgoing-9 << Connection: keep-alive
08:16:37.901 [main] DEBUG org.apache.hc.client5.http.headers - http-outgoing-9 << Content-Length: 1625
08:16:37.901 [main] DEBUG org.apache.hc.client5.http.headers - http-outgoing-9 << Cache-Control: max-age=300
08:16:37.901 [main] DEBUG org.apache.hc.client5.http.headers - http-outgoing-9 << Content-Security-Policy: default-src 'none'; style-src 'unsafe-inline'; sandbox
08:16:37.901 [main] DEBUG org.apache.hc.client5.http.headers - http-outgoing-9 << Content-Type: text/plain; charset=utf-8
08:16:37.901 [main] DEBUG org.apache.hc.client5.http.headers - http-outgoing-9 << ETag: W/"51a99ebb5fa30c7285d42b08929913814dd238f6403d61fccadee50390eab957"
08:16:37.901 [main] DEBUG org.apache.hc.client5.http.headers - http-outgoing-9 << Strict-Transport-Security: max-age=31536000
08:16:37.901 [main] DEBUG org.apache.hc.client5.http.headers - http-outgoing-9 << X-Content-Type-Options: nosniff
08:16:37.901 [main] DEBUG org.apache.hc.client5.http.headers - http-outgoing-9 << X-Frame-Options: deny
08:16:37.901 [main] DEBUG org.apache.hc.client5.http.headers - http-outgoing-9 << X-XSS-Protection: 1; mode=block
08:16:37.901 [main] DEBUG org.apache.hc.client5.http.headers - http-outgoing-9 << X-GitHub-Request-Id: ADC8:C8321:F9E48:13930E:651E6E7C
08:16:37.901 [main] DEBUG org.apache.hc.client5.http.headers - http-outgoing-9 << Content-Encoding: gzip
08:16:37.901 [main] DEBUG org.apache.hc.client5.http.headers - http-outgoing-9 << Accept-Ranges: bytes
08:16:37.901 [main] DEBUG org.apache.hc.client5.http.headers - http-outgoing-9 << Date: Fri, 06 Oct 2023 01:16:40 GMT
08:16:37.901 [main] DEBUG org.apache.hc.client5.http.headers - http-outgoing-9 << Via: 1.1 varnish
08:16:37.901 [main] DEBUG org.apache.hc.client5.http.headers - http-outgoing-9 << X-Served-By: cache-qpg1257-QPG
08:16:37.901 [main] DEBUG org.apache.hc.client5.http.headers - http-outgoing-9 << X-Cache: HIT
08:16:37.901 [main] DEBUG org.apache.hc.client5.http.headers - http-outgoing-9 << X-Cache-Hits: 1
08:16:37.901 [main] DEBUG org.apache.hc.client5.http.headers - http-outgoing-9 << X-Timer: S1696555000.024898,VS0,VE1
08:16:37.901 [main] DEBUG org.apache.hc.client5.http.headers - http-outgoing-9 << Vary: Authorization,Accept-Encoding,Origin
08:16:37.901 [main] DEBUG org.apache.hc.client5.http.headers - http-outgoing-9 << Access-Control-Allow-Origin: *
08:16:37.901 [main] DEBUG org.apache.hc.client5.http.headers - http-outgoing-9 << Cross-Origin-Resource-Policy: cross-origin
08:16:37.901 [main] DEBUG org.apache.hc.client5.http.headers - http-outgoing-9 << X-Fastly-Request-ID: 96276b8dd228a8d3eaeeaeba269414e7a034c1ad
08:16:37.901 [main] DEBUG org.apache.hc.client5.http.headers - http-outgoing-9 << Expires: Fri, 06 Oct 2023 01:21:40 GMT
08:16:37.901 [main] DEBUG org.apache.hc.client5.http.headers - http-outgoing-9 << Source-Age: 57
08:16:37.903 [main] DEBUG org.apache.hc.client5.http.impl.classic.MainClientExec - ex-0000000F: connection can be kept alive for 3 MINUTES
08:16:37.905 [main] DEBUG org.apache.hc.client5.http.wire - http-outgoing-9 << "[0x1f][0xffffff8b][0x8][0x0][0x0][0x0][0x0][0x0][0x0][0x3][0xffffff8d][0xffffff97]Ko#7[0xc][0xffffffc7][0xffffffef][0xfffffff9][0x14][0x3][0xfffffff4][0x1c]YO[0xffffff8a][\n]"
08:16:37.905 [main] DEBUG org.apache.hc.client5.http.wire - http-outgoing-9 << "[0xffffffa0]K[0xffffff9f][0xffffffa7][0xffffffa2][0xffffff87][0xfffffff6][0xb]x[0xffffffed]Ib[0xffffffac][0xffffffe3][0x9]lg[0xffffffb3][0xffffffe8][0xffffffa7]/[0xfffffff5][0xffffffa0]F[0xffffff96][[0xffffffa0][0xffffff87]`[0xffffff97]?k$[0xffffff92][0xffffffe2]p[0xfffffffe][0xfffffffc]a[0xfffffffa][0xffffffeb][0xfffffff5]p[0xffffff99][0xffffff9e][0xf][0xffffffc7]y[0xffffffda]-[0xffffffa7][0xffffffeb][0xfffffff6]p[0xffffffba]L[0xffffffd7][0xffffffd7]y[0xfffffffa]zZ>O[0xffffffd3][0xfffffffe]|[0xfffffff8]6[0xffffff9f]'[0xfffffffa][0xffffffbb][0x1c][0x16][0xfffffffa]e[0xffffffb7][0xffffffbc][0xffffffbd]o[0xffffffaf][0xffffff87]/[0xffffffb4][0xfffffffa][0xfffffff3]p}[0xffffffcd]+w[0xffffffcb][0xfffffff9]<_[0xffffffde][0xffffff97][0xffffffd3][0xfffffffe]pz[0xffffff99][0xffffffbe][0xffffff9c][0xffffff97][0xffffffcf][0xffffffcb][0xfffffffa][0xffffffc8][0xffffffc3][0xffffffc3][0xf][0xffffffd3][0xffffff8f][0x5]=M[0xffffffbf]-[0xffffffcb][0xb]=[0xfffffff9][0xffffffd3][0xffffffeb]yy[0xffffff9b][0xffffffa7][0xffffffed]i_[0xfffffffe]{[0xfffffff8]x[0xffffff9b][0x1e][0xffffffa7][0xffffff9f][0xfffffff3]QO[0xffffffd3].[0xffffffff]Z[0xe][0xffffffa6][0xffffff87][0xffffffff]\>[0xffffffce][0xffffffbb][0xfffffff9]iz[0xffffffbd]^[0xffffffdf][0xffffff9f]6[0xffffff9b][0xfffffffe]W[0xffffffb1][0xffffffab]O[0xffffff8b][0xffffffe5][0xfffffffc][0xffffffb2][0xffffffd9][0xffffff93][0xffffffbf][0xffffffc7]e[0xffffffbb][0xffffffbf]<[0xffffff94]5J[0xffffffd9]H[0x7f]B[\n]"
08:16:37.905 [main] DEBUG org.apache.hc.client5.http.wire - http-outgoing-9 << "[0xffffffe7][0xffffff8d][0x13]A6n[0xffffff88][0xffffff9b][0xffffffc4][0xffffffc1]k[0x1][0xffffffa6]qM\g[0xffffffae][0xffffff9c][0xffffffb0][0xffffffa1]qE\%[0xffffffee][0xffffffc0][0x8][0xffffffb0][0xffffff8d]K[0xffffffe2]2q[0xffffff8b]Jx[0xffffffcf]\[0xffffff86]H[0x7f][0xffffff99][0xffffffd3][0xfffffff1][0xffffffbe][0xffffffad][0xffffff97]H[0x1c][0x13]7.[0x8][0xffffffaf][0x1a][0xfffffff7][0xffffffc4]}[0xffffffe6][0xffffffd2][\n]"
08:16:37.905 [main] DEBUG org.apache.hc.client5.http.wire - http-outgoing-9 << "[0xffffffd0][0xffffff8d][0x3]qH\[0xffffffdb] `][0xffffffef][0xffffff88][0xffffffbb][0xffffffc4]Up[0xfffffff4]c[0xffffffe3][0x14][0xffffffaf][0xffffffcc][0xfffffff1][0xffffffa6]0|[0xfffffff3]_R[0xffffffbc]2[0xffffffc7]+A[\n]"
08:16:37.905 [main] DEBUG org.apache.hc.client5.http.wire - http-outgoing-9 << "eV[0xffffff87](`[0xffffff99][0x3][0xffffff96][0xffffffb4]_w[0x0][0x5],S[0xffffffc0]68%[0xffffffec][0xffffffca])`[0xffffff99][0x2][0xffffffb6][0x18]@[0x0]'4[0xffffff84][0x18]B[0xffffffa6][0xffffffd6][0xffffffd2][0xffffffd9]L1[0xffffff86][0x14][0xffffffac][0xfffffff5][0xe][0x5][0x1d][0xffffffc3][0xffffffd8][0xffffffc7][0xffffff90]b[0xffffffb5][0x10][0xfffffff4][0xffffff9a][0xffffff83][0x0]1@[0xffffffa6]`[0xffffff85]uL][0xc].S[0xffffff83][0x2]8[0xffffff9e]`c[0xffffffb0][0xffffff99]Rr[0xffffffe8]"[0x19][0xffffff9b][0x18]R[0xffffff90][0xffffffd6]y[0xffffffbf]^j[0xffffffd0]1[0xffffffe8]L[0xffffffe9]J)[0xffffffcb][0xffffff8c]U[0xc]9@K[0x15]@[0xffffffb1]2[0xffffff96]1[0xffffffe4][0xfffffff8][0xffffffac][0xffffff91]Bs[0xffffff9e]0D[0xffffffcc][0xfffffff1][0x19][0xfffffffa]G[0xfffffff3][0xffffffce][0xffffff88][0x11]s|F[[0x11][0xffffff80][0xffffffa9][0xffffff8f][0xffffff98][0xffffffc3][0xffffffd3]([0x5]"S[0xffffff88][0xffffff98][0xffffffc3][0xffffffd3][0xffffff96][0xfffffff6][0xffffffe5]T[0xffffffa0][0xffffff8b][0xffffff98][0xffffffc3]Sh[0x4][0xffffffb2]kh#[0xffffffe6][0xfffffff0][0xffffff94][0xfffffff5][0xffffffc2]p[0xffffff8e][0xffffffd1]D[0xffffffcc][0xffffffd1][0xffffffa5][0xffffff9b]4[0xffffff9c][\n]"
08:16:37.906 [main] DEBUG org.apache.hc.client5.http.wire - http-outgoing-9 << "T[0x11]s[0x18][0xffffff92]2[0xffffffaf]L;NFLa[0xffffff98]@[0xffffffbe]P[0x9]U[0xffffffec]C[0xfffffff4]!c[0xffffffeb][0xffffff84]i[0x14][0xffffffa3][0xffffffc7]L[0xffffffa9]v[0xffffffa8][0xffffffae][0x18][0xfffffffb][0xffffffe8]S [0x6][0xffffff81][0xffffffde][0x5]v[0xffffffc3]C[0xfffffff4][0xffffff90])[0x15][0xffffffb8][0xffffffd2]m[0xf][0x17]}[0xffffff8a][0xffffffc4]xO[0x5][0xffffffb6][0xffffffae][0xffffffb6][0xffffffd1][0xffffffdb][0xffffff8c]5[0xffffffd5]/C[0x13]}[0xffffff8a][0xffffffc4][0x0][0x5][0x4][0xffffffec][0xffffffb2][0xffffffd7]Q[0xffffffd3][0xffffff8d][0xffffffb2][0xffffffa5]n,[0xffffff99],v[0xc]B[0xffffffb2][0xfffffff8]n[0x0][0xffffff93][0xffffffc5][0x19][0x5][0xffffff9f],[0xffffffbe]M[0xffffff80]d[0xffffffb1]3[0xffffffe0][0xffffffc8]j)[0x2][0xffffff9b],[0xffffffce]9[0xffffff98]d[0xfffffff1]y[0xffffff90]|1[0xffffffed][0xffffffbc][0xffffffe4]K{g [0xfffffff9]b[0xffffffcc]MW[0xfffffffb]}[0xfffffff9][0xfffffffb]p<n[0xffffffa7]_[0xf][0xffffffe7][0xfffffff9]y[0xfffffff9][0xffffffde][0xffffffb5][0xffffffb2][0xffffff97]y[0xfffffff7]u[0xfffffff9][0xffffffd7]Nv[0xffffffa1]V[0xfffffff6]B[\r][0xfffffff4][0xffffffe3][0xffffff8b][0xffffffa0][0xffffff96][0xffffffba]y+[l[0xffffffba][0x7]6[0xffffffe7][0xfffffff9]8o/[0xfffffff3][0xffffffe5][0xffffffe1][0xffffffb9][0xffffffec][0xffffffab][0x14]FJ[0x1b][0xffffffe5]n%[0xfffffffe][0xffffff8e][0xffffffc0][0x1d]qw[0xffffffc4][0xffffffde][0x11]sG[0xfffffff4][0x1d]QwD&[0xffffffa2][0xffffff85]n[0xffffff84]:_&[0xffffffeb][0x1a][0xffffff89]w[0xffffffc4][0xffffffdf][0x11][0xffffffb8]#[0xffffffee][0xffffff8e]d[0xffffff9f]UO[0xffffffcc][0x1d][0xffffffd1]wD[0xffffffdd][0x11]9[0xffffff90][0x10]F[0xffffff80]#[0xfffffff0]#[0xffffff80][0x11][0xffffffb8][0x11][0xffffff8c][0xffffffde][0xffffff86][0xffffffd1][0xffffffd9]0[0xfffffffa][0x1a]FWC[0xfffffff2][0xffffff94][0xffffffde][0xffffff9b][0xe][0xffffff88][0xffffffe3][0xffffffe1][0xfffffff4][0xfffffff1][0xffffffbd]`[0xffffffc5][0x18][0xffffffc3][0xffffffb0][0xe]q[0x4]~[0x4]0[0x2]7[0x2];[0xffffff82][0x14][0xffffff80][0xffffffc6][0xe][0xffffffe8][0x11][0xffffffa4][0x0][0xffffffb4][0xffffffef][0xffffff80][0x1c][0xffffff80][0xf]#[0xffffffc8][0xffffff9e]B[0x7][0xfffffffc][0x8]`[0x4]n[0x4]v[0x4]f[0x4]z[0x4]j[0x4]r[0x0][0x10]F[0xffffff90]=u[0x1d][0xffffffc8][0xffffff9e][0xffffffda][0xe][0xffffffc0][0x8][0xffffffdc][0x8][0xffffffb2][0xffffffa7][0xffffffdd][0xb][0x4]f[0x4][0xffffffd9][0xffffffd3][0xffffffae][0xffffffec]!{[0xffffffda][0x15][0x5][0xffffffc8][0x1][0xffffffb8]0[0x2][0x1c][0xffffff81][0x1f]A[0xfffffff6]Tv[0xffffffc0]1[0xffffffe8][0xffffffbb][0xffffffda][0x1f][0xffffffef][0xfffffff3]y[0xffffffdb][0xfffffff5][0xffffffb2]%[0xffffffd9][0xffffffff][0xffffffa7][0xffffff97][0xffffffe5][0xffffff85][0xffffff97][0xffffffe5][0xfffffff9][0xfffffffa][0xffffffb9]=[0xffffffcf][0xffffffc5]b[0xffffff9d]6v[0xffffffb6][0xfffffffc]c[0xffffffd6]'*[0xffffffeb][0xffffff9f]@[0xffffffdf]ye4[0xfffffff3][0xffffffa4][0xffffffc7][0xffffffb2][0xfffffffe]A[0xfffffffa]`[0x5][0xffffffcf]8[0xffffffc9][0xffffffb1],[0x7f]<[0xffffffbd][0x12][0xffffff8a]4D[0xffffffe5][0xffffffb2][0xffffff97]{[0xffffffd4][0xffffff9d][\n]"
08:16:37.906 [main] DEBUG org.apache.hc.client5.http.wire - http-outgoing-9 << "[0xffffffa7][0x17][0xffffffbc]S{J[0xffffffd7]m[0xffffffe8]5[0xffffffef][0xffffffc4][0x1e]2[0xfffffff5]7R[0xffffffcf]U[\n]"
08:16:37.906 [main] DEBUG org.apache.hc.client5.http.wire - http-outgoing-9 << "[0xffffffbd][0xffffffd0][0xffffffa3][0xffffff83]*v[0xffffffbd][0xffffffce]S[0xffffff9a][0xffffffb1][0xffffffed]e^[0x8][0xffffff95][0xffffff9a]^[0xffffffe4][0xffffff91]2(T[0xfffffff7][0x12]O)^[0xffffffac]z[0xffffff85][0xffffff97][0xffffffc4]S[0xffffffc1][0xffffffb2][0x17]xX[0x3][0xffffffc7][0xffffffd0][0xffffffcb];[0xffffff80]Jq[0xffffffd0]v[0xffffff85][0xfffffffa]^[0xffffffd9][0xffffff91][0xffffff94]-[0x14]z][0xffffffd7]RD][0xffffffe1]F[0xffffffd7][0x15]h;Y[0xffffff87][0xffffffd5]1[0xffffffea][0xe]7[0xffffffa2][0xffffffae]@}[0xffffffab][0xffffffe9][\n]"
08:16:37.906 [main] DEBUG org.apache.hc.client5.http.wire - http-outgoing-9 << "T[0xffffff9d][0xffffffa4]s|[0xffffffbe][0xffffffec][0x14][0x1d][0xffffffbb]J[0xffffffdd][0xffffffe2]F[0xffffffcf][0x15][0xffffff88][0xffffff83][0xffffff9c]+[0xffffffd4]wj[0xffffffce]3[0xffffff84]N[0xffffffcb]a=[0xffffff9e][0xffffffda][0xffffffc7]*[0xffffffe5][0xffffffd8]{j![0xffffffab][0xffffff92][0xffffffa3][0x4]Wj:%[0x7][0xffffffbc][0xffffffa9][0xffffffee][0xffffff84][0x1c][0xffffffd6][0xb][0xffffffa7]~[0xffffffb2][0xffffffea][0xffffffb8]vY[0xffffffd4]TV[0x1d][0xffffff87][0xfffffff5]b[0xffffffa9][0xffffffb1][0xffffffac]2[0xffffff8e]+[0xffffff9a][0xffffff9a]K[0xffffffa7][0xffffffe2]T[\r][0xffffff95]:L/[0xffffffe2][0xffffffea]Y[0xffffffd4]fV[\r][0xffffffe7]yW[0xffffffd7]I8.ej7[0xffffffab][0xffffff80]k[0xffffffc5]I=[0xffffffa7][0x13]p[0xfffffffc][0xffffffaa]Q[0xffffffe3][0xffffffe9][0xfffffff4][;[0xffffffab][0xffffffea][0xffffffae]l[0xffffffb8][0xffffffd0][0x1b]Uu[0x15][0xffffffa3][0xffffff8a][0xffffffae]bT[0xffffffcd]U[0xffffff8c]*[0xffffffb9][0xffffff8a]Q[0x15]W1[0xffffffaa][0xffffffe0]*F[0xffffffd5][[0xffffffc5]PE`[0x15]Cv[0xffffff86]M[0x1e][0xffffffb0][0xffffffc7]6y`[0xffffffea]96y[0xffffffa0]k2,[0x14][0xffffffe3]F[0xffffffa1][0x1d]v[0xffffffe7]%[0xffffffb5][0xffffffa4][0xffffffe9][0xffffff97][0xfffffffd][0xffffffcb][0xffffffdc]5[0xffffffb5][0xffffffb7][0xffffffcb]L[0xffffffe0]?[0xffffffbb][0xffffffda]~[0xfffffffe]6[0x1f][0xffffffd3][0xffffffae][0xffffffe2][0xffffff8d]w[0xffffffc8]-n>=~\6[0xffffff8d]=[0xffffffa6]M6[0xffffffd7]e9^6[0xffffff9f][0xfffffff3][0xffffff97][0xffffffda][0xffffffe5][0x1e][0x12]][0xffffff87]P[0xffffff85][0xffffffd4][0xffffffea][0x15]V[0xffffffca]#[0xffffffa8][0xfffffff2][0xffffffa4][0xffffff90])[0xffffff93][0xffffff85][0xfffffff2][0x0][0xffffffaa][0xffffffbc][0xffffffce][0xffffff85]\([0xffffff8f][0xffffff9f][\n]"
08:16:37.906 [main] DEBUG org.apache.hc.client5.http.wire - http-outgoing-9 << "@[0xffffffa5][0xfffffff1][0xffffffb0]P[0x1e]>[0xffffff95][0xffffffa3][0xfffffffa][0xffffffa0][0xffffffec]e[0xffffffda]FO[0xffffffe5][0x14][\n]"
08:16:37.906 [main] DEBUG org.apache.hc.client5.http.wire - http-outgoing-9 << "_Ok[0xffffff83][0xffffffa7][0xffffffb2]@[0xfffffffb]B[0xffffffa5]<v[0xffffff92]`O[0x1f][0xffffffe5][0x2]y[0xffffffe6]T[0xffffffc6][0xffffffa7]O`[0xffffffa5]<q[0xffffffd2][0xfffffff0]h[0xffffffa8][0xffffff83]U[0xffffffca][0xfffffff3][0xffffffa6][0xffffffd2][0xfffffff4][0xffffffa6]z[0xffffffde][0xffffff81][0xffffffa7]M[0x1a][0xf]l[0xb][0xffffffa2][0xffffff8d][0xffffff9a]JS[0xffffffe1][0xffffff92]|/"
08:16:37.906 [main] DEBUG org.apache.hc.client5.http.wire - http-outgoing-9 << "[0xffffff94][0x7]M[0xffffffa5][0xffffff95]\[0xfffffff7][0xffffffe5]1[0xffffff93][0x14][0xffffffaf]K[0xffffffc3]N[0xffffffa2]<dR[0xffffffeb]O[0xffffff8d][0xffffffa2][0xffffffb0]:b[0xffffffaa][0x14]]M[0xc][0xffffffcf][0xffffff97][0x14][0xffffff9a]n[0xffffffac]N[0xffffff97][0x14][0xffffff83]m[0xffffffac][0xffffffce][0xffffff96][0xffffffe4]U;[0xffffff99]'[0xffffffcb]@=[0xffffffc6][0xffffffa8][0xffffff82][0xffffffea]T[0x19]([0xfffffff5][0xffffffa6][0xffffffae][0xffffffaa]#e[0xffffff90][0xffffffeb][0x1]u[0xffffff9c][0xffffffc4][0xffffffd4][0xffffffe9][0xffffffea][0xffffff83]u[0xffffff94]D[\n]"
08:16:37.906 [main] DEBUG org.apache.hc.client5.http.wire - http-outgoing-9 << "[0xffffffac][0x10][0x1e]#[0xffffffd3][0xffffff8d][0xffffff97][0xffffff8b][0xffffffe1][0x11][0xffffffd2]Sn[0xffffffeb]c<?[0x2][0xffffff84]z%<;[0x2][0xffffff95][0x4][0xffffff94]\[0xfffffff0][0xffffffe0][0xffffffe8]R[0xffffff82][0xffffffeb][0xffffffaa]:5[0xffffffba][0xffffffac]82[0xffffffe1][0xffffff89][0xffffff91]Z[0xffffff83][0xffffffab][0xffffffe7]Q[0xfffffff7]*[0xffffffdd]3[0xffffffb0]O<@[0xffffffd2]w[0xffffffb6]^U[0x1b][0x1e])b[0xffffffaa][0xffffffbb][0xffffffcc][0xffffffda][0xffffffe4][0xffffff98]j[0xffffffb6][0xffffff90]:5j[0xffffffcf][0xffffffa5][0xffffffc3][0x3][0xffffffa3]6[0xffffff8d][0xffffffd4]a1[0xffffffb5][0xffffffc5]J[0xffffffea][0xffffff9c][0xffffffa8][0xc][\r][0xffffffd2][0x5]Y[0x1b][0xffffffdf][0xffffffcf][0xfffffff3][0xffffffe3][0xffffffe1]t[0xffffffb9]n[0xffffff8f][0xffffffc7]y_[0xffffffa0][0xffffff8e][0xffffff90][0xffffffbe][0xffffffec][0xffffffa6][0xffffffd4][0xffffff89]U[0xffffff91]Z[0x18][0xffffffe8]P[0xffffffc2][0xffffffb7]2R[0xffffff9f][0xffffffa4][0xffffffaf]][0xffffffb9][0xf][0xffffff83][0xffffff91]^,kB1uj:t[0xffffffd3]XjDS1[0xffffffa5]K[0xffffffa6][0xffffff9e][0xfffffff4][0xf][0x3][0x1][0xffffffec][0xffffffa6][0xffffffeb][0x12][0x0][0x0]"
08:16:37.906 [main] DEBUG org.apache.hc.client5.http.impl.classic.InternalHttpClient - ep-0000000E: releasing valid endpoint
08:16:37.906 [main] DEBUG org.apache.hc.client5.http.impl.io.PoolingHttpClientConnectionManager - ep-0000000E: releasing endpoint
08:16:37.906 [main] DEBUG org.apache.hc.client5.http.impl.io.PoolingHttpClientConnectionManager - ep-0000000E: connection http-outgoing-9 can be kept alive for 3 MINUTES
08:16:37.906 [main] DEBUG org.apache.hc.client5.http.impl.io.PoolingHttpClientConnectionManager - ep-0000000E: connection released [route: {s}->https://raw.githubusercontent.com:443][total available: 1; route allocated: 1 of 5; total allocated: 2 of 25]
08:16:37.906 [main] DEBUG io.github.bonigarcia.wdm.versions.VersionDetector - Driver for chrome117 not found in online properties (using local versions.properties)
08:16:37.906 [main] DEBUG io.github.bonigarcia.wdm.WebDriverManager - The driver version for CHROME 117 is unknown ... trying with latest
08:16:37.915 [main] DEBUG org.apache.hc.client5.http.impl.classic.InternalHttpClient - ex-00000010: preparing request execution
08:16:37.915 [main] DEBUG org.apache.hc.client5.http.protocol.RequestAddCookies - Cookie spec selected: strict
08:16:37.915 [main] DEBUG org.apache.hc.client5.http.protocol.RequestAuthCache - Auth cache not set in the context
08:16:37.915 [main] DEBUG org.apache.hc.client5.http.impl.classic.ProtocolExec - ex-00000010: target auth state: UNCHALLENGED
08:16:37.915 [main] DEBUG org.apache.hc.client5.http.impl.classic.ProtocolExec - ex-00000010: proxy auth state: UNCHALLENGED
08:16:37.915 [main] DEBUG org.apache.hc.client5.http.impl.classic.ConnectExec - ex-00000010: acquiring connection with route {s}->https://chromedriver.storage.googleapis.com:443
08:16:37.915 [main] DEBUG org.apache.hc.client5.http.impl.classic.InternalHttpClient - ex-00000010: acquiring endpoint (3 MINUTES)
08:16:37.915 [main] DEBUG org.apache.hc.client5.http.impl.io.PoolingHttpClientConnectionManager - ex-00000010: endpoint lease request (3 MINUTES) [route: {s}->https://chromedriver.storage.googleapis.com:443][total available: 1; route allocated: 1 of 5; total allocated: 2 of 25]
08:16:37.915 [main] DEBUG org.apache.hc.client5.http.impl.io.PoolingHttpClientConnectionManager - ex-00000010: endpoint leased [route: {s}->https://chromedriver.storage.googleapis.com:443][total available: 1; route allocated: 2 of 5; total allocated: 3 of 25]
08:16:37.916 [main] DEBUG org.apache.hc.client5.http.impl.io.PoolingHttpClientConnectionManager - ex-00000010: acquired ep-0000000F
08:16:37.916 [main] DEBUG org.apache.hc.client5.http.impl.classic.InternalHttpClient - ex-00000010: acquired endpoint ep-0000000F
08:16:37.916 [main] DEBUG org.apache.hc.client5.http.impl.classic.ConnectExec - ex-00000010: opening connection {s}->https://chromedriver.storage.googleapis.com:443
08:16:37.916 [main] DEBUG org.apache.hc.client5.http.impl.classic.InternalHttpClient - ep-0000000F: connecting endpoint (30 SECONDS)
08:16:37.916 [main] DEBUG org.apache.hc.client5.http.impl.io.PoolingHttpClientConnectionManager - ep-0000000F: connecting endpoint to https://chromedriver.storage.googleapis.com:443 (30 SECONDS)
08:16:37.916 [main] DEBUG org.apache.hc.client5.http.impl.io.DefaultHttpClientConnectionOperator - http-outgoing-11: connecting to chromedriver.storage.googleapis.com/34.101.5.27:443
08:16:37.916 [main] DEBUG org.apache.hc.client5.http.ssl.SSLConnectionSocketFactory - Connecting socket to chromedriver.storage.googleapis.com/34.101.5.27:443 with timeout 30 SECONDS
08:16:37.925 [main] DEBUG org.apache.hc.client5.http.ssl.SSLConnectionSocketFactory - Enabled protocols: [TLSv1.3, TLSv1.2]
08:16:37.925 [main] DEBUG org.apache.hc.client5.http.ssl.SSLConnectionSocketFactory - Enabled cipher suites: [TLS_AES_256_GCM_SHA384, TLS_AES_128_GCM_SHA256, TLS_CHACHA20_POLY1305_SHA256, TLS_ECDHE_ECDSA_WITH_AES_256_GCM_SHA384, TLS_ECDHE_ECDSA_WITH_AES_128_GCM_SHA256, TLS_ECDHE_ECDSA_WITH_CHACHA20_POLY1305_SHA256, TLS_ECDHE_RSA_WITH_AES_256_GCM_SHA384, TLS_ECDHE_RSA_WITH_CHACHA20_POLY1305_SHA256, TLS_ECDHE_RSA_WITH_AES_128_GCM_SHA256, TLS_DHE_RSA_WITH_AES_256_GCM_SHA384, TLS_DHE_RSA_WITH_CHACHA20_POLY1305_SHA256, TLS_DHE_DSS_WITH_AES_256_GCM_SHA384, TLS_DHE_RSA_WITH_AES_128_GCM_SHA256, TLS_DHE_DSS_WITH_AES_128_GCM_SHA256, TLS_ECDHE_ECDSA_WITH_AES_256_CBC_SHA384, TLS_ECDHE_RSA_WITH_AES_256_CBC_SHA384, TLS_ECDHE_ECDSA_WITH_AES_128_CBC_SHA256, TLS_ECDHE_RSA_WITH_AES_128_CBC_SHA256, TLS_DHE_RSA_WITH_AES_256_CBC_SHA256, TLS_DHE_DSS_WITH_AES_256_CBC_SHA256, TLS_DHE_RSA_WITH_AES_128_CBC_SHA256, TLS_DHE_DSS_WITH_AES_128_CBC_SHA256, TLS_ECDH_ECDSA_WITH_AES_256_GCM_SHA384, TLS_ECDH_RSA_WITH_AES_256_GCM_SHA384, TLS_ECDH_ECDSA_WITH_AES_128_GCM_SHA256, TLS_ECDH_RSA_WITH_AES_128_GCM_SHA256, TLS_ECDH_ECDSA_WITH_AES_256_CBC_SHA384, TLS_ECDH_RSA_WITH_AES_256_CBC_SHA384, TLS_ECDH_ECDSA_WITH_AES_128_CBC_SHA256, TLS_ECDH_RSA_WITH_AES_128_CBC_SHA256, TLS_ECDHE_ECDSA_WITH_AES_256_CBC_SHA, TLS_ECDHE_RSA_WITH_AES_256_CBC_SHA, TLS_ECDHE_ECDSA_WITH_AES_128_CBC_SHA, TLS_ECDHE_RSA_WITH_AES_128_CBC_SHA, TLS_DHE_RSA_WITH_AES_256_CBC_SHA, TLS_DHE_DSS_WITH_AES_256_CBC_SHA, TLS_DHE_RSA_WITH_AES_128_CBC_SHA, TLS_DHE_DSS_WITH_AES_128_CBC_SHA, TLS_ECDH_ECDSA_WITH_AES_256_CBC_SHA, TLS_ECDH_RSA_WITH_AES_256_CBC_SHA, TLS_ECDH_ECDSA_WITH_AES_128_CBC_SHA, TLS_ECDH_RSA_WITH_AES_128_CBC_SHA, TLS_RSA_WITH_AES_256_GCM_SHA384, TLS_RSA_WITH_AES_128_GCM_SHA256, TLS_RSA_WITH_AES_256_CBC_SHA256, TLS_RSA_WITH_AES_128_CBC_SHA256, TLS_RSA_WITH_AES_256_CBC_SHA, TLS_RSA_WITH_AES_128_CBC_SHA, TLS_EMPTY_RENEGOTIATION_INFO_SCSV]
08:16:37.925 [main] DEBUG org.apache.hc.client5.http.ssl.SSLConnectionSocketFactory - Starting handshake
08:16:37.977 [main] DEBUG org.apache.hc.client5.http.ssl.SSLConnectionSocketFactory - Secure session established
08:16:37.977 [main] DEBUG org.apache.hc.client5.http.ssl.SSLConnectionSocketFactory -  negotiated protocol: TLSv1.3
08:16:37.977 [main] DEBUG org.apache.hc.client5.http.ssl.SSLConnectionSocketFactory -  negotiated cipher suite: TLS_AES_256_GCM_SHA384
08:16:37.977 [main] DEBUG org.apache.hc.client5.http.ssl.SSLConnectionSocketFactory -  peer principal: CN=*.storage.googleapis.com
08:16:37.978 [main] DEBUG org.apache.hc.client5.http.ssl.SSLConnectionSocketFactory -  peer alternative names: [*.storage.googleapis.com, *.googleapis.com, commondatastorage.googleapis.com, *.commondatastorage.googleapis.com, storage.googleapis.com, storage-p2.googleapis.com, *.storage-p2.googleapis.com, storage.mtls.googleapis.com, *.appspot.com.storage.googleapis.com, *.content-storage.googleapis.com, *.content-storage-p2.googleapis.com, *.content-storage-upload.googleapis.com, *.content-storage-download.googleapis.com, *.storage-upload.googleapis.com, *.storage-download.googleapis.com]
08:16:37.978 [main] DEBUG org.apache.hc.client5.http.ssl.SSLConnectionSocketFactory -  issuer principal: CN=GTS CA 1C3, O=Google Trust Services LLC, C=US
08:16:37.978 [main] DEBUG org.apache.hc.client5.http.impl.io.DefaultHttpClientConnectionOperator - http-outgoing-11: connection established 192.168.100.42:64200<->34.101.5.27:443
08:16:37.978 [main] DEBUG org.apache.hc.client5.http.impl.io.PoolingHttpClientConnectionManager - ep-0000000F: connected http-outgoing-11
08:16:37.978 [main] DEBUG org.apache.hc.client5.http.impl.classic.InternalHttpClient - ep-0000000F: endpoint connected
08:16:37.978 [main] DEBUG org.apache.hc.client5.http.impl.classic.MainClientExec - ex-00000010: executing GET /LATEST_RELEASE HTTP/1.1
08:16:37.978 [main] DEBUG org.apache.hc.client5.http.impl.classic.InternalHttpClient - ep-0000000F: start execution ex-00000010
08:16:37.978 [main] DEBUG org.apache.hc.client5.http.impl.io.PoolingHttpClientConnectionManager - ep-0000000F: executing exchange ex-00000010 over http-outgoing-11
08:16:37.978 [main] DEBUG org.apache.hc.client5.http.headers - http-outgoing-11 >> GET /LATEST_RELEASE HTTP/1.1
08:16:37.978 [main] DEBUG org.apache.hc.client5.http.headers - http-outgoing-11 >> user-agent: Apache-HttpClient/5.0
08:16:37.978 [main] DEBUG org.apache.hc.client5.http.headers - http-outgoing-11 >> accept-encoding: gzip, deflate, br
08:16:37.978 [main] DEBUG org.apache.hc.client5.http.headers - http-outgoing-11 >> cache-control: max-age=0
08:16:37.978 [main] DEBUG org.apache.hc.client5.http.headers - http-outgoing-11 >> connection: keep-alive
08:16:37.978 [main] DEBUG org.apache.hc.client5.http.headers - http-outgoing-11 >> Host: chromedriver.storage.googleapis.com
08:16:37.978 [main] DEBUG org.apache.hc.client5.http.wire - http-outgoing-11 >> "GET /LATEST_RELEASE HTTP/1.1[\r][\n]"
08:16:37.978 [main] DEBUG org.apache.hc.client5.http.wire - http-outgoing-11 >> "user-agent: Apache-HttpClient/5.0[\r][\n]"
08:16:37.978 [main] DEBUG org.apache.hc.client5.http.wire - http-outgoing-11 >> "accept-encoding: gzip, deflate, br[\r][\n]"
08:16:37.978 [main] DEBUG org.apache.hc.client5.http.wire - http-outgoing-11 >> "cache-control: max-age=0[\r][\n]"
08:16:37.978 [main] DEBUG org.apache.hc.client5.http.wire - http-outgoing-11 >> "connection: keep-alive[\r][\n]"
08:16:37.978 [main] DEBUG org.apache.hc.client5.http.wire - http-outgoing-11 >> "Host: chromedriver.storage.googleapis.com[\r][\n]"
08:16:37.978 [main] DEBUG org.apache.hc.client5.http.wire - http-outgoing-11 >> "[\r][\n]"
08:16:37.993 [main] DEBUG org.apache.hc.client5.http.wire - http-outgoing-11 << "HTTP/1.1 200 OK[\r][\n]"
08:16:37.993 [main] DEBUG org.apache.hc.client5.http.wire - http-outgoing-11 << "X-GUploader-UploadID: ADPycdtlv5hyKNxkNAPoXZam3m80ckJ0H-Ebjpx_73hqg_-MuXohMxIalbpmUb0_5biLUD8lFSrTzvfL6YS-efZL0_eYGq5S2akq[\r][\n]"
08:16:37.993 [main] DEBUG org.apache.hc.client5.http.wire - http-outgoing-11 << "x-goog-generation: 1685523462105569[\r][\n]"
08:16:37.993 [main] DEBUG org.apache.hc.client5.http.wire - http-outgoing-11 << "x-goog-metageneration: 1[\r][\n]"
08:16:37.993 [main] DEBUG org.apache.hc.client5.http.wire - http-outgoing-11 << "x-goog-stored-content-encoding: identity[\r][\n]"
08:16:37.993 [main] DEBUG org.apache.hc.client5.http.wire - http-outgoing-11 << "x-goog-stored-content-length: 13[\r][\n]"
08:16:37.993 [main] DEBUG org.apache.hc.client5.http.wire - http-outgoing-11 << "x-goog-hash: crc32c=tVW4TA==[\r][\n]"
08:16:37.993 [main] DEBUG org.apache.hc.client5.http.wire - http-outgoing-11 << "x-goog-hash: md5=NoaEuIlBlniwTkiZ1T16sA==[\r][\n]"
08:16:37.993 [main] DEBUG org.apache.hc.client5.http.wire - http-outgoing-11 << "x-goog-storage-class: STANDARD[\r][\n]"
08:16:37.993 [main] DEBUG org.apache.hc.client5.http.wire - http-outgoing-11 << "Accept-Ranges: bytes[\r][\n]"
08:16:37.993 [main] DEBUG org.apache.hc.client5.http.wire - http-outgoing-11 << "Content-Length: 13[\r][\n]"
08:16:37.993 [main] DEBUG org.apache.hc.client5.http.wire - http-outgoing-11 << "Server: UploadServer[\r][\n]"
08:16:37.993 [main] DEBUG org.apache.hc.client5.http.wire - http-outgoing-11 << "Date: Fri, 06 Oct 2023 01:08:29 GMT[\r][\n]"
08:16:37.993 [main] DEBUG org.apache.hc.client5.http.wire - http-outgoing-11 << "Expires: Fri, 06 Oct 2023 02:08:29 GMT[\r][\n]"
08:16:37.993 [main] DEBUG org.apache.hc.client5.http.wire - http-outgoing-11 << "Cache-Control: public, max-age=3600[\r][\n]"
08:16:37.993 [main] DEBUG org.apache.hc.client5.http.wire - http-outgoing-11 << "Age: 491[\r][\n]"
08:16:37.993 [main] DEBUG org.apache.hc.client5.http.wire - http-outgoing-11 << "Last-Modified: Wed, 31 May 2023 08:57:42 GMT[\r][\n]"
08:16:37.993 [main] DEBUG org.apache.hc.client5.http.wire - http-outgoing-11 << "ETag: "368684b889419678b04e4899d53d7ab0"[\r][\n]"
08:16:37.993 [main] DEBUG org.apache.hc.client5.http.wire - http-outgoing-11 << "Content-Type: text/plain[\r][\n]"
08:16:37.993 [main] DEBUG org.apache.hc.client5.http.wire - http-outgoing-11 << "Alt-Svc: h3=":443"; ma=2592000,h3-29=":443"; ma=2592000[\r][\n]"
08:16:37.993 [main] DEBUG org.apache.hc.client5.http.wire - http-outgoing-11 << "[\r][\n]"
08:16:37.993 [main] DEBUG org.apache.hc.client5.http.wire - http-outgoing-11 << "114.0.5735.90"
08:16:37.993 [main] DEBUG org.apache.hc.client5.http.headers - http-outgoing-11 << HTTP/1.1 200 OK
08:16:37.993 [main] DEBUG org.apache.hc.client5.http.headers - http-outgoing-11 << X-GUploader-UploadID: ADPycdtlv5hyKNxkNAPoXZam3m80ckJ0H-Ebjpx_73hqg_-MuXohMxIalbpmUb0_5biLUD8lFSrTzvfL6YS-efZL0_eYGq5S2akq
08:16:37.993 [main] DEBUG org.apache.hc.client5.http.headers - http-outgoing-11 << x-goog-generation: 1685523462105569
08:16:37.993 [main] DEBUG org.apache.hc.client5.http.headers - http-outgoing-11 << x-goog-metageneration: 1
08:16:37.993 [main] DEBUG org.apache.hc.client5.http.headers - http-outgoing-11 << x-goog-stored-content-encoding: identity
08:16:37.993 [main] DEBUG org.apache.hc.client5.http.headers - http-outgoing-11 << x-goog-stored-content-length: 13
08:16:37.993 [main] DEBUG org.apache.hc.client5.http.headers - http-outgoing-11 << x-goog-hash: crc32c=tVW4TA==
08:16:37.993 [main] DEBUG org.apache.hc.client5.http.headers - http-outgoing-11 << x-goog-hash: md5=NoaEuIlBlniwTkiZ1T16sA==
08:16:37.993 [main] DEBUG org.apache.hc.client5.http.headers - http-outgoing-11 << x-goog-storage-class: STANDARD
08:16:37.993 [main] DEBUG org.apache.hc.client5.http.headers - http-outgoing-11 << Accept-Ranges: bytes
08:16:37.993 [main] DEBUG org.apache.hc.client5.http.headers - http-outgoing-11 << Content-Length: 13
08:16:37.993 [main] DEBUG org.apache.hc.client5.http.headers - http-outgoing-11 << Server: UploadServer
08:16:37.993 [main] DEBUG org.apache.hc.client5.http.headers - http-outgoing-11 << Date: Fri, 06 Oct 2023 01:08:29 GMT
08:16:37.993 [main] DEBUG org.apache.hc.client5.http.headers - http-outgoing-11 << Expires: Fri, 06 Oct 2023 02:08:29 GMT
08:16:37.993 [main] DEBUG org.apache.hc.client5.http.headers - http-outgoing-11 << Cache-Control: public, max-age=3600
08:16:37.993 [main] DEBUG org.apache.hc.client5.http.headers - http-outgoing-11 << Age: 491
08:16:37.993 [main] DEBUG org.apache.hc.client5.http.headers - http-outgoing-11 << Last-Modified: Wed, 31 May 2023 08:57:42 GMT
08:16:37.993 [main] DEBUG org.apache.hc.client5.http.headers - http-outgoing-11 << ETag: "368684b889419678b04e4899d53d7ab0"
08:16:37.993 [main] DEBUG org.apache.hc.client5.http.headers - http-outgoing-11 << Content-Type: text/plain
08:16:37.993 [main] DEBUG org.apache.hc.client5.http.headers - http-outgoing-11 << Alt-Svc: h3=":443"; ma=2592000,h3-29=":443"; ma=2592000
08:16:37.993 [main] DEBUG org.apache.hc.client5.http.impl.classic.MainClientExec - ex-00000010: connection can be kept alive for 3 MINUTES
08:16:37.993 [main] DEBUG org.apache.hc.client5.http.impl.classic.InternalHttpClient - ep-0000000F: releasing valid endpoint
08:16:37.993 [main] DEBUG org.apache.hc.client5.http.impl.io.PoolingHttpClientConnectionManager - ep-0000000F: releasing endpoint
08:16:37.993 [main] DEBUG org.apache.hc.client5.http.impl.io.PoolingHttpClientConnectionManager - ep-0000000F: connection http-outgoing-11 can be kept alive for 3 MINUTES
08:16:37.993 [main] DEBUG org.apache.hc.client5.http.impl.io.PoolingHttpClientConnectionManager - ep-0000000F: connection released [route: {s}->https://chromedriver.storage.googleapis.com:443][total available: 2; route allocated: 2 of 5; total allocated: 3 of 25]
08:16:37.993 [main] DEBUG io.github.bonigarcia.wdm.versions.VersionDetector - Latest version of chromedriver according to https://chromedriver.storage.googleapis.com/LATEST_RELEASE is 114.0.5735.90
08:16:37.993 [main] DEBUG io.github.bonigarcia.wdm.WebDriverManager - Driver chromedriver 114.0.5735.90 found in cache
08:16:37.993 [main] INFO io.github.bonigarcia.wdm.WebDriverManager - Exporting webdriver.chrome.driver as C:\Users\Bagas Dwi Saputra\.cache\selenium\chromedriver\win32\114.0.5735.90\chromedriver.exe
08:16:38.128 [main] DEBUG net.thucydides.core.reflection.ClassFinder - Could not load class net.serenitybdd.rest.utils.RestSpecificationFactory
08:16:38.207 [main] DEBUG net.thucydides.core.reflection.ClassFinder - Could not load class net.serenitybdd.rest.utils.RestSpecificationFactory
08:16:38.207 [main] INFO net.serenitybdd.core.webdriver.driverproviders.ProvideNewDriver - Instantiating driver
08:16:38.207 [main] INFO net.serenitybdd.core.webdriver.driverproviders.ProvideNewDriver - Driver capabilities: Capabilities {acceptInsecureCerts: false, base.url: https://app.jubelio.com, browserName: chrome, chrome.driver: src/test/resources/webdrive..., driver: chrome, goog:chromeOptions: {args: [], extensions: []}, loggingPrefs: org.openqa.selenium.logging...}
08:16:39.166 [main] DEBUG net.thucydides.core.reflection.ClassFinder - Could not load class net.serenitybdd.rest.utils.RestSpecificationFactory
08:16:41.474 [main] DEBUG net.serenitybdd.core.photography.Darkroom - Send negative for processing for target\site\serenity\4cc97b387fb82cfc136ff103deed3ff15904afea0e81e8a8130786ef5a9430f4.png
08:16:41.474 [main] DEBUG net.thucydides.core.steps.StepInterceptor - STEP DONE: openLink
08:16:41.474 [main] DEBUG net.thucydides.core.steps.StepInterceptor - STARTING STEP: InventoryStockSteps.loginClickButtonLogin - fills in the {string} with valid data email
08:16:41.798 [main] DEBUG net.serenitybdd.core.photography.Darkroom - Send negative for processing for target\site\serenity\29d3e9f166cf597135c97994c9ce45464a7cb63e7c1b11511a227ba5e21a0a13.png
08:16:41.798 [main] DEBUG net.thucydides.core.steps.StepInterceptor - STEP DONE: fills in the {string} with valid data email
08:16:41.798 [main] DEBUG net.thucydides.core.steps.StepInterceptor - STARTING STEP: InventoryStockSteps.loginClickButtonLogin - fill in the {string} with valid data pass
08:16:42.143 [main] DEBUG net.serenitybdd.core.photography.Darkroom - Send negative for processing for target\site\serenity\990aabb8b60665a800861bab3ebd44a7a4466591143c9f8974567294b4141528.png
08:16:42.143 [main] DEBUG net.thucydides.core.steps.StepInterceptor - STEP DONE: fill in the {string} with valid data pass
08:16:42.143 [Darkroom Processing Line] DEBUG net.serenitybdd.core.photography.DarkroomProcessingLine - Processing screenshot image in /var/screenshots/screenshot-5510373220953841282
08:16:42.143 [Darkroom Processing Line] DEBUG net.serenitybdd.core.photography.DarkroomProcessingLine - Saving screenshot to target\site\serenity\990aabb8b60665a800861bab3ebd44a7a4466591143c9f8974567294b4141528.png
08:16:42.149 [main] DEBUG net.thucydides.core.steps.StepInterceptor - STARTING STEP: InventoryStockSteps.loginClickButtonLogin - clickbtnlogin
08:16:42.670 [main] DEBUG net.serenitybdd.core.photography.Darkroom - Send negative for processing for target\site\serenity\ee455e062e4a8c74c1b3ec74c61fd785bac3e988321c0692a9638c4453ae4a9e.png
08:16:42.670 [main] DEBUG net.thucydides.core.steps.StepInterceptor - STEP DONE: clickbtnlogin
08:16:42.670 [Darkroom Processing Line] DEBUG net.serenitybdd.core.photography.DarkroomProcessingLine - Processing screenshot image in /var/screenshots/screenshot-1891472904325244882
08:16:42.670 [Darkroom Processing Line] DEBUG net.serenitybdd.core.photography.DarkroomProcessingLine - Saving screenshot to target\site\serenity\ee455e062e4a8c74c1b3ec74c61fd785bac3e988321c0692a9638c4453ae4a9e.png
08:16:45.773 [main] DEBUG net.serenitybdd.core.photography.Darkroom - Send negative for processing for target\site\serenity\32028730d6617cbaf4be8a3a222b15af4c3642cbbbed6c786edb05d6cdf1a6ef.png
08:16:45.773 [main] DEBUG net.thucydides.core.steps.StepInterceptor - STARTING STEP: InventoryStockSteps.loginClickButtonLogin - openUrlInventory
08:16:47.969 [main] DEBUG net.serenitybdd.core.photography.Darkroom - Send negative for processing for target\site\serenity\6f879fbc3fa37b0efa2de85d73c2f7aa37a41a1eb3555f08e089eca265a01b56.png
08:16:47.969 [main] DEBUG net.thucydides.core.steps.StepInterceptor - STEP DONE: openUrlInventory
  &amp#27;[32mGiven &amp#27;[0m&amp#27;[32mLogin &amp#27;[0m&amp#27;[32m&amp#27;[1m"qa.rakamin.jubelio@gmail.com"&amp#27;[0m&amp#27;[32m, &amp#27;[0m&amp#27;[32m&amp#27;[1m"Jubelio123!"&amp#27;[0m&amp#27;[32m, click button login&amp#27;[0m &amp#27;[90m# starter.stepdefinitios.InventoryStockSteps.loginClickButtonLogin(java.lang.String,java.lang.String)&amp#27;[0m
08:16:48.225 [main] DEBUG net.serenitybdd.core.photography.Darkroom - Send negative for processing for target\site\serenity\6f879fbc3fa37b0efa2de85d73c2f7aa37a41a1eb3555f08e089eca265a01b56.png
08:16:48.878 [main] DEBUG net.serenitybdd.core.photography.Darkroom - Send negative for processing for target\site\serenity\6f879fbc3fa37b0efa2de85d73c2f7aa37a41a1eb3555f08e089eca265a01b56.png
08:16:48.878 [main] DEBUG net.thucydides.core.steps.StepInterceptor - STARTING STEP: InventoryStockSteps.fillsInTheWithValidDataEmail - validatePagePersedian
08:16:48.913 [main] DEBUG net.thucydides.core.steps.StepInterceptor - STEP DONE: validatePagePersedian
08:16:49.226 [main] DEBUG net.serenitybdd.core.photography.Darkroom - Send negative for processing for target\site\serenity\6f879fbc3fa37b0efa2de85d73c2f7aa37a41a1eb3555f08e089eca265a01b56.png
08:16:49.226 [main] DEBUG net.thucydides.core.steps.StepInterceptor - STARTING STEP: InventoryStockSteps.fillsInTheWithValidDataEmail - btnPenyesuaianPersedian
08:16:49.479 [main] DEBUG net.serenitybdd.core.photography.Darkroom - Send negative for processing for target\site\serenity\b16aa52f83030b3eb63bfa36f9596c66e633c02ae98fa409753723a858a36ddf.png
08:16:49.479 [main] DEBUG net.thucydides.core.steps.StepInterceptor - STEP DONE: btnPenyesuaianPersedian
  &amp#27;[32mAnd &amp#27;[0m&amp#27;[32man inventory adjustment button click&amp#27;[0m                                      &amp#27;[90m# starter.stepdefinitios.InventoryStockSteps.fillsInTheWithValidDataEmail()&amp#27;[0m
08:16:49.479 [Darkroom Processing Line] DEBUG net.serenitybdd.core.photography.DarkroomProcessingLine - Processing screenshot image in /var/screenshots/screenshot-5967602348383963551
08:16:49.479 [Darkroom Processing Line] DEBUG net.serenitybdd.core.photography.DarkroomProcessingLine - Saving screenshot to target\site\serenity\b16aa52f83030b3eb63bfa36f9596c66e633c02ae98fa409753723a858a36ddf.png
08:16:50.113 [main] DEBUG net.serenitybdd.core.photography.Darkroom - Send negative for processing for target\site\serenity\15166dbf6520a9261d78e27350acbc2a58eb3d1dcb1989055a1a731adfc2c1ff.png
08:16:50.113 [main] DEBUG net.thucydides.core.steps.StepInterceptor - STARTING STEP: InventoryStockSteps.validateTheInventoryAdjustmentPage - validatePenyesuaianPersediaa
08:16:50.146 [main] DEBUG net.thucydides.core.steps.StepInterceptor - STEP DONE: validatePenyesuaianPersediaa
  &amp#27;[32mAnd &amp#27;[0m&amp#27;[32mvalidate the inventory adjustment page&amp#27;[0m                                    &amp#27;[90m# starter.stepdefinitios.InventoryStockSteps.validateTheInventoryAdjustmentPage()&amp#27;[0m
08:16:50.457 [main] DEBUG net.serenitybdd.core.photography.Darkroom - Send negative for processing for target\site\serenity\15166dbf6520a9261d78e27350acbc2a58eb3d1dcb1989055a1a731adfc2c1ff.png
08:16:50.457 [main] DEBUG net.thucydides.core.steps.StepInterceptor - STARTING STEP: InventoryStockSteps.click - btnLokasi
08:16:50.656 [main] DEBUG net.serenitybdd.core.photography.Darkroom - Send negative for processing for target\site\serenity\c3e8326d2be18d1ad61e3d9a6ee13e78fc12105281b1c796955aca7371cacc0a.png
08:16:50.656 [main] DEBUG net.thucydides.core.steps.StepInterceptor - STEP DONE: btnLokasi
08:16:50.972 [main] DEBUG net.serenitybdd.core.photography.Darkroom - Send negative for processing for target\site\serenity\c3e8326d2be18d1ad61e3d9a6ee13e78fc12105281b1c796955aca7371cacc0a.png
08:16:50.972 [main] DEBUG net.thucydides.core.steps.StepInterceptor - STARTING STEP: InventoryStockSteps.click - btnVarisi
08:16:51.144 [main] DEBUG net.serenitybdd.core.photography.Darkroom - Send negative for processing for target\site\serenity\15166dbf6520a9261d78e27350acbc2a58eb3d1dcb1989055a1a731adfc2c1ff.png
08:16:51.144 [main] DEBUG net.thucydides.core.steps.StepInterceptor - STEP DONE: btnVarisi
  &amp#27;[32mAnd &amp#27;[0m&amp#27;[32mclick &amp#27;[0m&amp#27;[32m&amp#27;[1m"Pusat"&amp#27;[0m                                                             &amp#27;[90m# starter.stepdefinitios.InventoryStockSteps.click(java.lang.String)&amp#27;[0m
08:16:51.156 [main] DEBUG net.thucydides.core.steps.StepInterceptor - STARTING STEP: InventoryStockSteps.youDeteleItem - btnPilihBarang
08:16:51.494 [main] DEBUG net.serenitybdd.core.photography.Darkroom - Send negative for processing for target\site\serenity\4ad241fb73c1c89946c9dbca954b3bd480f3e0df412929227b72eb870c6a0b08.png
08:16:51.494 [main] DEBUG net.thucydides.core.steps.StepInterceptor - STEP DONE: btnPilihBarang
08:16:51.777 [main] DEBUG net.serenitybdd.core.photography.Darkroom - Send negative for processing for target\site\serenity\7f15cb73ad9946f989a084b9c76e41b00b16b531bbbb82669f336e45d0310100.png
08:16:51.777 [main] DEBUG net.thucydides.core.steps.StepInterceptor - STARTING STEP: InventoryStockSteps.youDeteleItem - btnBarang
08:16:51.777 [Darkroom Processing Line] DEBUG net.serenitybdd.core.photography.DarkroomProcessingLine - Processing screenshot image in /var/screenshots/screenshot-13928449287973511766
08:16:51.777 [Darkroom Processing Line] DEBUG net.serenitybdd.core.photography.DarkroomProcessingLine - Saving screenshot to target\site\serenity\7f15cb73ad9946f989a084b9c76e41b00b16b531bbbb82669f336e45d0310100.png
08:16:52.356 [main] DEBUG net.serenitybdd.core.photography.Darkroom - Send negative for processing for target\site\serenity\be526d1f3c9ba03380fc7940ec220bddfbf852182dc8e24311ec600a582a63b9.png
08:16:52.356 [main] DEBUG net.thucydides.core.steps.StepInterceptor - STEP DONE: btnBarang
08:16:52.356 [Darkroom Processing Line] DEBUG net.serenitybdd.core.photography.DarkroomProcessingLine - Processing screenshot image in /var/screenshots/screenshot-6338288310257230942
08:16:52.356 [Darkroom Processing Line] DEBUG net.serenitybdd.core.photography.DarkroomProcessingLine - Saving screenshot to target\site\serenity\be526d1f3c9ba03380fc7940ec220bddfbf852182dc8e24311ec600a582a63b9.png
08:16:52.614 [main] DEBUG net.serenitybdd.core.photography.Darkroom - Send negative for processing for target\site\serenity\be526d1f3c9ba03380fc7940ec220bddfbf852182dc8e24311ec600a582a63b9.png
08:16:52.614 [main] DEBUG net.thucydides.core.steps.StepInterceptor - STARTING STEP: InventoryStockSteps.youDeteleItem - btnCheckbox
08:16:52.906 [main] DEBUG net.serenitybdd.core.photography.Darkroom - Send negative for processing for target\site\serenity\92df7ab54759b385c8b37e27f41f8e53222d011d9764b856e094af490ced8885.png
08:16:52.906 [main] DEBUG net.thucydides.core.steps.StepInterceptor - STEP DONE: btnCheckbox
08:16:52.906 [Darkroom Processing Line] DEBUG net.serenitybdd.core.photography.DarkroomProcessingLine - Processing screenshot image in /var/screenshots/screenshot-9880771384299107588
08:16:52.906 [Darkroom Processing Line] DEBUG net.serenitybdd.core.photography.DarkroomProcessingLine - Saving screenshot to target\site\serenity\92df7ab54759b385c8b37e27f41f8e53222d011d9764b856e094af490ced8885.png
08:16:53.174 [main] DEBUG net.serenitybdd.core.photography.Darkroom - Send negative for processing for target\site\serenity\92df7ab54759b385c8b37e27f41f8e53222d011d9764b856e094af490ced8885.png
08:16:53.174 [main] DEBUG net.thucydides.core.steps.StepInterceptor - STARTING STEP: InventoryStockSteps.youDeteleItem - btnDelete
08:16:53.485 [main] DEBUG net.serenitybdd.core.photography.Darkroom - Send negative for processing for target\site\serenity\33b9cd21e146064a4eba2d03b66d68a2f73d0a8a54eb10f97f48f723eb9b681b.png
08:16:53.485 [main] DEBUG net.thucydides.core.steps.StepInterceptor - STEP DONE: btnDelete
  &amp#27;[32mWhen &amp#27;[0m&amp#27;[32myou detele item &amp#27;[0m&amp#27;[32m&amp#27;[1m"Ya"&amp#27;[0m                                                     &amp#27;[90m# starter.stepdefinitios.InventoryStockSteps.youDeteleItem(java.lang.String)&amp#27;[0m
08:16:53.485 [Darkroom Processing Line] DEBUG net.serenitybdd.core.photography.DarkroomProcessingLine - Processing screenshot image in /var/screenshots/screenshot-14911950187482563779
08:16:53.485 [Darkroom Processing Line] DEBUG net.serenitybdd.core.photography.DarkroomProcessingLine - Saving screenshot to target\site\serenity\33b9cd21e146064a4eba2d03b66d68a2f73d0a8a54eb10f97f48f723eb9b681b.png
08:16:53.497 [main] DEBUG net.thucydides.core.steps.StepInterceptor - STARTING STEP: InventoryStockSteps.validateTheNameEmpty - validatePilihBarang
08:16:53.521 [main] DEBUG net.thucydides.core.steps.StepInterceptor - STEP DONE: validatePilihBarang
  &amp#27;[32mThen &amp#27;[0m&amp#27;[32mvalidate the name empty&amp#27;[0m                                                  &amp#27;[90m# starter.stepdefinitios.InventoryStockSteps.validateTheNameEmpty()&amp#27;[0m
08:16:53.777 [main] INFO  - 
  _____   ___   ___   _____     ___     _     ___   ___   ___   ___  
 |_   _| | __| / __| |_   _|   | _ \   /_\   / __| / __| | __| |   \ 
   | |   | _|  \__ \   | |     |  _/  / _ \  \__ \ \__ \ | _|  | |) |
   |_|   |___| |___/   |_|     |_|   /_/ \_\ |___/ |___/ |___| |___/ 

Inventory Stock - Delete
----------------------------------------------------------------------
]]></system-out>
    <system-err><![CDATA[Starting ChromeDriver 117.0.5938.88 (be6afae4721209be42944bbcd325665f9f44563b-refs/branch-heads/5938_62@{#9}) on port 51488
Only local connections are allowed.
Please see https://chromedriver.chromium.org/security-considerations for suggestions on keeping ChromeDriver safe.
ChromeDriver was started successfully.
Oct 06, 2023 8:16:39 AM org.openqa.selenium.remote.ProtocolHandshake createSession
INFO: Detected dialect: W3C
]]></system-err>
  </testcase>
  <testcase name="Inventory Stock - Delete #2" classname="Inventory Stock at app.jubelio" time="17.608">
    <system-out><![CDATA[
@Inventory @DeleteStock
Scenario Outline: Inventory Stock - Delete                                      &amp#27;[90m# src/test/resources/features/user/inventorystock.feature:31&amp#27;[0m
08:16:53.781 [main] INFO io.cucumber.core.plugin.SerenityReporter - Running feature from file:///D:/QE/Automation/Jubelio-Website/src/test/resources/features/user/inventorystock.feature
08:16:53.974 [main] DEBUG net.thucydides.core.steps.StepInterceptor - STARTING STEP: InventoryStockSteps.loginClickButtonLogin - openLink
08:16:53.975 [main] INFO net.serenitybdd.core.webdriver.driverproviders.ChromeDriverProvider - Using automatically driver download
08:16:53.984 [main] DEBUG org.apache.hc.client5.http.impl.classic.InternalHttpClient - ex-00000011: preparing request execution
08:16:53.984 [main] DEBUG org.apache.hc.client5.http.protocol.RequestAddCookies - Cookie spec selected: strict
08:16:53.984 [main] DEBUG org.apache.hc.client5.http.protocol.RequestAuthCache - Auth cache not set in the context
08:16:53.984 [main] DEBUG org.apache.hc.client5.http.impl.classic.ProtocolExec - ex-00000011: target auth state: UNCHALLENGED
08:16:53.984 [main] DEBUG org.apache.hc.client5.http.impl.classic.ProtocolExec - ex-00000011: proxy auth state: UNCHALLENGED
08:16:53.984 [main] DEBUG org.apache.hc.client5.http.impl.classic.ConnectExec - ex-00000011: acquiring connection with route {s}->https://raw.githubusercontent.com:443
08:16:53.984 [main] DEBUG org.apache.hc.client5.http.impl.classic.InternalHttpClient - ex-00000011: acquiring endpoint (3 MINUTES)
08:16:53.984 [main] DEBUG org.apache.hc.client5.http.impl.io.PoolingHttpClientConnectionManager - ex-00000011: endpoint lease request (3 MINUTES) [route: {s}->https://raw.githubusercontent.com:443][total available: 0; route allocated: 0 of 5; total allocated: 0 of 25]
08:16:53.984 [main] DEBUG org.apache.hc.client5.http.impl.io.PoolingHttpClientConnectionManager - ex-00000011: endpoint leased [route: {s}->https://raw.githubusercontent.com:443][total available: 0; route allocated: 1 of 5; total allocated: 1 of 25]
08:16:53.984 [main] DEBUG org.apache.hc.client5.http.impl.io.PoolingHttpClientConnectionManager - ex-00000011: acquired ep-00000010
08:16:53.984 [main] DEBUG org.apache.hc.client5.http.impl.classic.InternalHttpClient - ex-00000011: acquired endpoint ep-00000010
08:16:53.984 [main] DEBUG org.apache.hc.client5.http.impl.classic.ConnectExec - ex-00000011: opening connection {s}->https://raw.githubusercontent.com:443
08:16:53.984 [main] DEBUG org.apache.hc.client5.http.impl.classic.InternalHttpClient - ep-00000010: connecting endpoint (30 SECONDS)
08:16:53.984 [main] DEBUG org.apache.hc.client5.http.impl.io.PoolingHttpClientConnectionManager - ep-00000010: connecting endpoint to https://raw.githubusercontent.com:443 (30 SECONDS)
08:16:53.985 [main] DEBUG org.apache.hc.client5.http.impl.io.DefaultHttpClientConnectionOperator - http-outgoing-12: connecting to raw.githubusercontent.com/185.199.108.133:443
08:16:53.985 [main] DEBUG org.apache.hc.client5.http.ssl.SSLConnectionSocketFactory - Connecting socket to raw.githubusercontent.com/185.199.108.133:443 with timeout 30 SECONDS
08:16:53.998 [main] DEBUG org.apache.hc.client5.http.ssl.SSLConnectionSocketFactory - Enabled protocols: [TLSv1.3, TLSv1.2]
08:16:53.998 [main] DEBUG org.apache.hc.client5.http.ssl.SSLConnectionSocketFactory - Enabled cipher suites: [TLS_AES_256_GCM_SHA384, TLS_AES_128_GCM_SHA256, TLS_CHACHA20_POLY1305_SHA256, TLS_ECDHE_ECDSA_WITH_AES_256_GCM_SHA384, TLS_ECDHE_ECDSA_WITH_AES_128_GCM_SHA256, TLS_ECDHE_ECDSA_WITH_CHACHA20_POLY1305_SHA256, TLS_ECDHE_RSA_WITH_AES_256_GCM_SHA384, TLS_ECDHE_RSA_WITH_CHACHA20_POLY1305_SHA256, TLS_ECDHE_RSA_WITH_AES_128_GCM_SHA256, TLS_DHE_RSA_WITH_AES_256_GCM_SHA384, TLS_DHE_RSA_WITH_CHACHA20_POLY1305_SHA256, TLS_DHE_DSS_WITH_AES_256_GCM_SHA384, TLS_DHE_RSA_WITH_AES_128_GCM_SHA256, TLS_DHE_DSS_WITH_AES_128_GCM_SHA256, TLS_ECDHE_ECDSA_WITH_AES_256_CBC_SHA384, TLS_ECDHE_RSA_WITH_AES_256_CBC_SHA384, TLS_ECDHE_ECDSA_WITH_AES_128_CBC_SHA256, TLS_ECDHE_RSA_WITH_AES_128_CBC_SHA256, TLS_DHE_RSA_WITH_AES_256_CBC_SHA256, TLS_DHE_DSS_WITH_AES_256_CBC_SHA256, TLS_DHE_RSA_WITH_AES_128_CBC_SHA256, TLS_DHE_DSS_WITH_AES_128_CBC_SHA256, TLS_ECDH_ECDSA_WITH_AES_256_GCM_SHA384, TLS_ECDH_RSA_WITH_AES_256_GCM_SHA384, TLS_ECDH_ECDSA_WITH_AES_128_GCM_SHA256, TLS_ECDH_RSA_WITH_AES_128_GCM_SHA256, TLS_ECDH_ECDSA_WITH_AES_256_CBC_SHA384, TLS_ECDH_RSA_WITH_AES_256_CBC_SHA384, TLS_ECDH_ECDSA_WITH_AES_128_CBC_SHA256, TLS_ECDH_RSA_WITH_AES_128_CBC_SHA256, TLS_ECDHE_ECDSA_WITH_AES_256_CBC_SHA, TLS_ECDHE_RSA_WITH_AES_256_CBC_SHA, TLS_ECDHE_ECDSA_WITH_AES_128_CBC_SHA, TLS_ECDHE_RSA_WITH_AES_128_CBC_SHA, TLS_DHE_RSA_WITH_AES_256_CBC_SHA, TLS_DHE_DSS_WITH_AES_256_CBC_SHA, TLS_DHE_RSA_WITH_AES_128_CBC_SHA, TLS_DHE_DSS_WITH_AES_128_CBC_SHA, TLS_ECDH_ECDSA_WITH_AES_256_CBC_SHA, TLS_ECDH_RSA_WITH_AES_256_CBC_SHA, TLS_ECDH_ECDSA_WITH_AES_128_CBC_SHA, TLS_ECDH_RSA_WITH_AES_128_CBC_SHA, TLS_RSA_WITH_AES_256_GCM_SHA384, TLS_RSA_WITH_AES_128_GCM_SHA256, TLS_RSA_WITH_AES_256_CBC_SHA256, TLS_RSA_WITH_AES_128_CBC_SHA256, TLS_RSA_WITH_AES_256_CBC_SHA, TLS_RSA_WITH_AES_128_CBC_SHA, TLS_EMPTY_RENEGOTIATION_INFO_SCSV]
08:16:53.998 [main] DEBUG org.apache.hc.client5.http.ssl.SSLConnectionSocketFactory - Starting handshake
08:16:54.037 [main] DEBUG org.apache.hc.client5.http.ssl.SSLConnectionSocketFactory - Secure session established
08:16:54.037 [main] DEBUG org.apache.hc.client5.http.ssl.SSLConnectionSocketFactory -  negotiated protocol: TLSv1.3
08:16:54.037 [main] DEBUG org.apache.hc.client5.http.ssl.SSLConnectionSocketFactory -  negotiated cipher suite: TLS_AES_256_GCM_SHA384
08:16:54.037 [main] DEBUG org.apache.hc.client5.http.ssl.SSLConnectionSocketFactory -  peer principal: CN=*.github.io, O="GitHub, Inc.", L=San Francisco, ST=California, C=US
08:16:54.037 [main] DEBUG org.apache.hc.client5.http.ssl.SSLConnectionSocketFactory -  peer alternative names: [*.github.io, github.io, *.github.com, github.com, www.github.com, *.githubusercontent.com, githubusercontent.com]
08:16:54.037 [main] DEBUG org.apache.hc.client5.http.ssl.SSLConnectionSocketFactory -  issuer principal: CN=DigiCert TLS RSA SHA256 2020 CA1, O=DigiCert Inc, C=US
08:16:54.037 [main] DEBUG org.apache.hc.client5.http.impl.io.DefaultHttpClientConnectionOperator - http-outgoing-12: connection established 192.168.100.42:64259<->185.199.108.133:443
08:16:54.037 [main] DEBUG org.apache.hc.client5.http.impl.io.PoolingHttpClientConnectionManager - ep-00000010: connected http-outgoing-12
08:16:54.037 [main] DEBUG org.apache.hc.client5.http.impl.classic.InternalHttpClient - ep-00000010: endpoint connected
08:16:54.037 [main] DEBUG org.apache.hc.client5.http.impl.classic.MainClientExec - ex-00000011: executing GET /bonigarcia/webdrivermanager/master/src/main/resources/commands.properties HTTP/1.1
08:16:54.037 [main] DEBUG org.apache.hc.client5.http.impl.classic.InternalHttpClient - ep-00000010: start execution ex-00000011
08:16:54.037 [main] DEBUG org.apache.hc.client5.http.impl.io.PoolingHttpClientConnectionManager - ep-00000010: executing exchange ex-00000011 over http-outgoing-12
08:16:54.037 [main] DEBUG org.apache.hc.client5.http.headers - http-outgoing-12 >> GET /bonigarcia/webdrivermanager/master/src/main/resources/commands.properties HTTP/1.1
08:16:54.037 [main] DEBUG org.apache.hc.client5.http.headers - http-outgoing-12 >> user-agent: Apache-HttpClient/5.0
08:16:54.037 [main] DEBUG org.apache.hc.client5.http.headers - http-outgoing-12 >> accept-encoding: gzip, deflate, br
08:16:54.037 [main] DEBUG org.apache.hc.client5.http.headers - http-outgoing-12 >> cache-control: max-age=0
08:16:54.037 [main] DEBUG org.apache.hc.client5.http.headers - http-outgoing-12 >> connection: keep-alive
08:16:54.037 [main] DEBUG org.apache.hc.client5.http.headers - http-outgoing-12 >> Host: raw.githubusercontent.com
08:16:54.037 [main] DEBUG org.apache.hc.client5.http.wire - http-outgoing-12 >> "GET /bonigarcia/webdrivermanager/master/src/main/resources/commands.properties HTTP/1.1[\r][\n]"
08:16:54.037 [main] DEBUG org.apache.hc.client5.http.wire - http-outgoing-12 >> "user-agent: Apache-HttpClient/5.0[\r][\n]"
08:16:54.037 [main] DEBUG org.apache.hc.client5.http.wire - http-outgoing-12 >> "accept-encoding: gzip, deflate, br[\r][\n]"
08:16:54.037 [main] DEBUG org.apache.hc.client5.http.wire - http-outgoing-12 >> "cache-control: max-age=0[\r][\n]"
08:16:54.037 [main] DEBUG org.apache.hc.client5.http.wire - http-outgoing-12 >> "connection: keep-alive[\r][\n]"
08:16:54.037 [main] DEBUG org.apache.hc.client5.http.wire - http-outgoing-12 >> "Host: raw.githubusercontent.com[\r][\n]"
08:16:54.037 [main] DEBUG org.apache.hc.client5.http.wire - http-outgoing-12 >> "[\r][\n]"
08:16:54.085 [main] DEBUG org.apache.hc.client5.http.wire - http-outgoing-12 << "HTTP/1.1 200 OK[\r][\n]"
08:16:54.085 [main] DEBUG org.apache.hc.client5.http.wire - http-outgoing-12 << "Connection: keep-alive[\r][\n]"
08:16:54.085 [main] DEBUG org.apache.hc.client5.http.wire - http-outgoing-12 << "Content-Length: 723[\r][\n]"
08:16:54.085 [main] DEBUG org.apache.hc.client5.http.wire - http-outgoing-12 << "Cache-Control: max-age=300[\r][\n]"
08:16:54.085 [main] DEBUG org.apache.hc.client5.http.wire - http-outgoing-12 << "Content-Security-Policy: default-src 'none'; style-src 'unsafe-inline'; sandbox[\r][\n]"
08:16:54.085 [main] DEBUG org.apache.hc.client5.http.wire - http-outgoing-12 << "Content-Type: text/plain; charset=utf-8[\r][\n]"
08:16:54.085 [main] DEBUG org.apache.hc.client5.http.wire - http-outgoing-12 << "ETag: W/"e82b438271e9e8680c688b0b680efd0bdd22faa6d6f0a32fc1fd8accc486b67e"[\r][\n]"
08:16:54.085 [main] DEBUG org.apache.hc.client5.http.wire - http-outgoing-12 << "Strict-Transport-Security: max-age=31536000[\r][\n]"
08:16:54.085 [main] DEBUG org.apache.hc.client5.http.wire - http-outgoing-12 << "X-Content-Type-Options: nosniff[\r][\n]"
08:16:54.085 [main] DEBUG org.apache.hc.client5.http.wire - http-outgoing-12 << "X-Frame-Options: deny[\r][\n]"
08:16:54.085 [main] DEBUG org.apache.hc.client5.http.wire - http-outgoing-12 << "X-XSS-Protection: 1; mode=block[\r][\n]"
08:16:54.085 [main] DEBUG org.apache.hc.client5.http.wire - http-outgoing-12 << "X-GitHub-Request-Id: 4CA0:B8C7F:70C4E:8CACE:651389F9[\r][\n]"
08:16:54.085 [main] DEBUG org.apache.hc.client5.http.wire - http-outgoing-12 << "Content-Encoding: gzip[\r][\n]"
08:16:54.085 [main] DEBUG org.apache.hc.client5.http.wire - http-outgoing-12 << "Accept-Ranges: bytes[\r][\n]"
08:16:54.085 [main] DEBUG org.apache.hc.client5.http.wire - http-outgoing-12 << "Date: Fri, 06 Oct 2023 01:16:56 GMT[\r][\n]"
08:16:54.085 [main] DEBUG org.apache.hc.client5.http.wire - http-outgoing-12 << "Via: 1.1 varnish[\r][\n]"
08:16:54.085 [main] DEBUG org.apache.hc.client5.http.wire - http-outgoing-12 << "X-Served-By: cache-qpg1230-QPG[\r][\n]"
08:16:54.085 [main] DEBUG org.apache.hc.client5.http.wire - http-outgoing-12 << "X-Cache: HIT[\r][\n]"
08:16:54.085 [main] DEBUG org.apache.hc.client5.http.wire - http-outgoing-12 << "X-Cache-Hits: 1[\r][\n]"
08:16:54.085 [main] DEBUG org.apache.hc.client5.http.wire - http-outgoing-12 << "X-Timer: S1696555016.199054,VS0,VE1[\r][\n]"
08:16:54.085 [main] DEBUG org.apache.hc.client5.http.wire - http-outgoing-12 << "Vary: Authorization,Accept-Encoding,Origin[\r][\n]"
08:16:54.085 [main] DEBUG org.apache.hc.client5.http.wire - http-outgoing-12 << "Access-Control-Allow-Origin: *[\r][\n]"
08:16:54.085 [main] DEBUG org.apache.hc.client5.http.wire - http-outgoing-12 << "Cross-Origin-Resource-Policy: cross-origin[\r][\n]"
08:16:54.085 [main] DEBUG org.apache.hc.client5.http.wire - http-outgoing-12 << "X-Fastly-Request-ID: 31b30e32f7d2a0a0556acfc7eedc8e78fd5c4522[\r][\n]"
08:16:54.085 [main] DEBUG org.apache.hc.client5.http.wire - http-outgoing-12 << "Expires: Fri, 06 Oct 2023 01:21:56 GMT[\r][\n]"
08:16:54.085 [main] DEBUG org.apache.hc.client5.http.wire - http-outgoing-12 << "Source-Age: 48[\r][\n]"
08:16:54.085 [main] DEBUG org.apache.hc.client5.http.wire - http-outgoing-12 << "[\r][\n]"
08:16:54.085 [main] DEBUG org.apache.hc.client5.http.headers - http-outgoing-12 << HTTP/1.1 200 OK
08:16:54.085 [main] DEBUG org.apache.hc.client5.http.headers - http-outgoing-12 << Connection: keep-alive
08:16:54.085 [main] DEBUG org.apache.hc.client5.http.headers - http-outgoing-12 << Content-Length: 723
08:16:54.085 [main] DEBUG org.apache.hc.client5.http.headers - http-outgoing-12 << Cache-Control: max-age=300
08:16:54.085 [main] DEBUG org.apache.hc.client5.http.headers - http-outgoing-12 << Content-Security-Policy: default-src 'none'; style-src 'unsafe-inline'; sandbox
08:16:54.085 [main] DEBUG org.apache.hc.client5.http.headers - http-outgoing-12 << Content-Type: text/plain; charset=utf-8
08:16:54.085 [main] DEBUG org.apache.hc.client5.http.headers - http-outgoing-12 << ETag: W/"e82b438271e9e8680c688b0b680efd0bdd22faa6d6f0a32fc1fd8accc486b67e"
08:16:54.085 [main] DEBUG org.apache.hc.client5.http.headers - http-outgoing-12 << Strict-Transport-Security: max-age=31536000
08:16:54.085 [main] DEBUG org.apache.hc.client5.http.headers - http-outgoing-12 << X-Content-Type-Options: nosniff
08:16:54.085 [main] DEBUG org.apache.hc.client5.http.headers - http-outgoing-12 << X-Frame-Options: deny
08:16:54.085 [main] DEBUG org.apache.hc.client5.http.headers - http-outgoing-12 << X-XSS-Protection: 1; mode=block
08:16:54.085 [main] DEBUG org.apache.hc.client5.http.headers - http-outgoing-12 << X-GitHub-Request-Id: 4CA0:B8C7F:70C4E:8CACE:651389F9
08:16:54.085 [main] DEBUG org.apache.hc.client5.http.headers - http-outgoing-12 << Content-Encoding: gzip
08:16:54.085 [main] DEBUG org.apache.hc.client5.http.headers - http-outgoing-12 << Accept-Ranges: bytes
08:16:54.085 [main] DEBUG org.apache.hc.client5.http.headers - http-outgoing-12 << Date: Fri, 06 Oct 2023 01:16:56 GMT
08:16:54.085 [main] DEBUG org.apache.hc.client5.http.headers - http-outgoing-12 << Via: 1.1 varnish
08:16:54.085 [main] DEBUG org.apache.hc.client5.http.headers - http-outgoing-12 << X-Served-By: cache-qpg1230-QPG
08:16:54.085 [main] DEBUG org.apache.hc.client5.http.headers - http-outgoing-12 << X-Cache: HIT
08:16:54.085 [main] DEBUG org.apache.hc.client5.http.headers - http-outgoing-12 << X-Cache-Hits: 1
08:16:54.085 [main] DEBUG org.apache.hc.client5.http.headers - http-outgoing-12 << X-Timer: S1696555016.199054,VS0,VE1
08:16:54.085 [main] DEBUG org.apache.hc.client5.http.headers - http-outgoing-12 << Vary: Authorization,Accept-Encoding,Origin
08:16:54.085 [main] DEBUG org.apache.hc.client5.http.headers - http-outgoing-12 << Access-Control-Allow-Origin: *
08:16:54.085 [main] DEBUG org.apache.hc.client5.http.headers - http-outgoing-12 << Cross-Origin-Resource-Policy: cross-origin
08:16:54.085 [main] DEBUG org.apache.hc.client5.http.headers - http-outgoing-12 << X-Fastly-Request-ID: 31b30e32f7d2a0a0556acfc7eedc8e78fd5c4522
08:16:54.085 [main] DEBUG org.apache.hc.client5.http.headers - http-outgoing-12 << Expires: Fri, 06 Oct 2023 01:21:56 GMT
08:16:54.085 [main] DEBUG org.apache.hc.client5.http.headers - http-outgoing-12 << Source-Age: 48
08:16:54.085 [main] DEBUG org.apache.hc.client5.http.impl.classic.MainClientExec - ex-00000011: connection can be kept alive for 3 MINUTES
08:16:54.085 [main] DEBUG org.apache.hc.client5.http.wire - http-outgoing-12 << "[0x1f][0xffffff8b][0x8][0x0][0x0][0x0][0x0][0x0][0x0][0x3][0xffffffb5]V]o[0xffffffda]0[0x14]}[0xffffffe7]W\[0xffffff81]*[0xffffffb5][0x12][0x1f][[M[0xffffffd3]$[0x1e]hF[0xffffffbb]i [0x18][0xffffffb4][0xffffffdd]&[0xfffffff9][0xffffffc5]$7[0xffffffc1]R[0x12]#;[0xffffff94]v[0xffffffbf]~[0xffffffb6][0xfffffff3]1[0xffffff92][0xffffff9a][0xffffffc1][0x1a]x[0xffffffcb][0xffffffb5][0xffffffaf][0xffffffcf]9[0xffffffbe][0xfffffff7]8v[0xb][0x1c][0x1e]E4[0xfffffff6]$x4[0xffffffa1][0xb]*[0xffffffb1][0xffffffd1][0xffffff82][0xfffffffb]%[0xffffff93][0xffffffe0][0xffffffb3][0x10][0xffffffc1][0xffffffe5]qBY,!Y[0xffffffea] KM8,[0x10][0xfffffff0][0x19][0xffffffdd]u[0xffffff82][0x1e][0xffffffb0][0xffffffd8]L[0xffffffcb]%[0xffffff86][0xffffffa1][0xe][0xffffffb8][0xfffffff0]P[0xffffffe8]$[0xf][0x13]t[0x13]3[0xfffffff9][0xffffff84]B2[0xffffffae][0xffffffe6]|@[0xfffffff5][0x1d][0x8][0xffffffc4][0x18][0x16][0xffffff82]o[0xffffffa4][0xffffff9a]P[0xffffff94][0xffffffe7][0xffffffce]R[0xfffffff0][0x8][0xffffffdb]p[0xffffffcb][0x4][0xfffffffa][0xfffffffc][0xffffffb9][\r][0xffffff93][0x15][\n]"
08:16:54.085 [main] DEBUG org.apache.hc.client5.http.wire - http-outgoing-12 << "[0xffffffda][0xffffff86][0xffffffa1][0x17][0xffffffa8]Q3[0xffffffcb][0xffffffd6][0xffffffd1][0xffffff85][0xffffffc6][0xfffffff7][0xffffff98][0xffffffef][0xffffffa3][0xffffffc0]8[0x1][0xffffffae]s[0x12][0x16][0x7] _d[0xffffff82][0xffffff91][0xffffff84][0xfffffff3][0x1f],[0xfffffff6][0x14]j[0x1b]F,^+[0xffffff98]1ua2[0xffffffbf]h([0xffffff8e][0xffffff94][0xffffffa2][0xffffff91]m[0xffffffa3][0xffffffeb][0xffffff9a][0xffffffb0][0xffffffbb]I[0x17]t[0xffffffdf][0xffffffbd][0xffffffef][0xffffffbb][0xffffff91][0xffffffd7]U[0xffffffbb][0xffffff82][0xffffff9e][0x3][0xffffff9b][0xffffff88][0xffffffb9][0xffffffa6]$[0xffffffa6][0xc][0xffffff9b][0xffffffa5][0xffffffe2][0xffffff83][0xffffff98]F[0xffffffd8]o[0xffffff9e]Mg[0xffffff93][0xffffffbb][0xffffffd9]`|[0xfffffffb]u4[0xffffff9c][0x7f]"}B[0xffffffce][0x8][0xffffffb9][0xffffffe3]<[0x8][0xffffff91][0xffffff90][0xffffff94][0xffffff82][0xffffff90][0xffffffc1]j[0x15]2WI[0xffffffe3]1![0x19][0xffffff91]BnB[0xffffff80][0x9]<f[0xffffffb5][0xffffffe8]=[0xffffffd1]p[0xffffffbd][[0xffffffcf][0xffffffe5][0x1b][0xfffffff4][0xffffff9c][0xffffffff][0xfffffffc][0xfffffff8][0xffffffe1][0xffffffe2][0xffffff94][0xffffffa2][0xffffffae][0xe][0x14]5[0xffffff9a]8[0xffffff83][0xffffffd1]`:[0xfffffffd]<[0xffffffb8][0x1f][0xffffff9c]R[0xffffffcf]u[0x7f]6[0xffffffbc][0xffffff83][0xffffffef][0xf][0xffffffc3][0xffffffd9]/[0xfffffff8][0xfffffff2][0xffffffcd]y s[0xffffffee]'[0x1b]*0g[0xffffffcb][0xffffffc8]nF7H][0xffffff83][0xffffff97]{[0xffffffb1]Q[0x5][\r][0xffffffb5]c[0xffffffb4][0xf][0x2][0xffffffb3][0xffffffb4][0xffffff93][0xe]C[0xffffffa7][0xffffffb3]kAD][0xffffff9d][0xffffffde][0xffffffdb][0xffffffda][0xffffff88][0xffffffec][0xffffffa5][0xffffffbc][0xffffff99][0xffffffd9][0xffffffba]t[0xffffffb5][0xffffffea]9[0xffffffea][0x10])[0xffffffb7][0xffffffca][0xffffff9e][0xfffffff2][0xffffffe2]d^N[0xffffffd8]FW[0x16][0xffffffcd][0xffffffdc]_[0x10][0xfffffff9]i|[0x1c][0xffffff93][0xffffff8e][0xfffffff9]o[0x16][0xffffff86]4'!$G[0xffffffdf]W[0xfffffff4]W*j[[0xfffffff3]xR[0xffffffae][0xffffffb6][0xc][0xffffffd0],; #[0xffffffa9][0xffffff92]5[0xffffffb5][0x7][0xffffff9c][0xffffffb5][0xffffffd0][0x7f][0xffffff90][0xffffffc7]jgs[0xfffffffc][0xffffffc2][0xb][0xffffffd9][0x0]t[0xffffff9e]^'Y[0xfffffffb][0xffffff9f][0xffffffb1][0xffffffd8]:[0xffffffbf][0xffffff8d][0xffffffa5][0xffffff9a][0xffffffad][0x7f]m[0x5]&[0xffffffaa][0xffffffa0]^[0xffffff9b][0xffffffcb][0x5]f[0xffffffae][0xffffffe0]RU[0xffffff82][0x10]MS9l[0xffffff91]4t[0xfffffffb][0xffffff8a]][0xffffffd6][0xfffffff4][0xffffff96][0xffffffa6][0xffffff9f]P[0xffffffce][0xffffffd5][0xffffffce][0xffffff93][0xffffffff][0xffffff97][0xffffffcc]p[0xfffffffd][0xfffffff3][0xffffffe8][0x1b][0xffffffcc][0xffffffa2][0xffffffd9]Q[0xffffffbe][0xffffffb2][0xffffffa3][0xffffffc7]m'[0xffffffdf][0xffffffe4][[0xfffffffb]^[0xffffffb0][0xffffff9a][0xffffffbe][0xffffffda][0xffffffda]_[0xffffffce][0xffffff80][0xffffffd2][0xffffffc1]7[0xffffffb7]][0xffffffc1]b[0xffffffee][0xffffffb5][0xffffffff]w[0xffffff83][0xffffffed][0xffffffa7];[0x15]<[0x10]4[0xffffff92][0xffffff84][0x18][\n]"
08:16:54.085 [main] DEBUG org.apache.hc.client5.http.wire - http-outgoing-12 << "BB[0xffffffba][0xffffff8e]][0xffffffb5]jo[0xffffffb9]+"[0xffffffea][0xffffffb4][0xffffffff]h"[0xffffffea]\?5[0xffffffa9][0xffffffaf]k[0xffffffec][0xffffffff]P[0xffffffea][\n]"
08:16:54.085 [main] DEBUG org.apache.hc.client5.http.wire - http-outgoing-12 << "w[0xffffffe1]K[0x13][0xffffffda][0xffffffec][0xffffff98][0xffffffe6]Y[0xfffffffd]h8m6[0xffffff9c]T[0xffffffc1][0xfffffff2][0xffffffa7][0xffffff91]z_[0xffffff95]o85p[0x1c][0x13][0xffffffe6][0xfffffff0]5[0xffffffee][0xfffffffc][0xffffff92][0xffffff96][0xffffffda][0xfffffff7][0xffffffcf][0xffffffb1][0x5][0x1d][0xffffffea]K[0xffffff9b]9[0xffffff8e][0xffffffad]e[0xfffffff7][0xffffff93][0xffffffa8]`[0xffffffda][0xffffffff][0x1a][0xffffffd2][0xffffff88][0xffffff85][0xfffffffd][0xfffffff2][0xffffff91]N[0xfffffff6]`[0xffffffdf]2[0xffffffcf][0xffffffae]E[0xffffff97][0xffffffc5][0xffffffa2][0xffffff9d][0xffffffef]'[0xffffff9d]mun.[0xffffffd3]f^[0xffffffc7][0xffffff82][0xffffffda][0xffffff82]9[0xfffffff5][0xffffffa9]`[0x5][0xffffffbc]4[0xffffffa1][0x1d]<M[0xffffffb5]A[0xffffffa7]3[[0xffffffc0][0x7f][0x0][0xffffffc1][0xffffffd0]$[0xffffff85][0x1d][\r][0x0][0x0]"
08:16:54.085 [main] DEBUG org.apache.hc.client5.http.impl.classic.InternalHttpClient - ep-00000010: releasing valid endpoint
08:16:54.085 [main] DEBUG org.apache.hc.client5.http.impl.io.PoolingHttpClientConnectionManager - ep-00000010: releasing endpoint
08:16:54.085 [main] DEBUG org.apache.hc.client5.http.impl.io.PoolingHttpClientConnectionManager - ep-00000010: connection http-outgoing-12 can be kept alive for 3 MINUTES
08:16:54.085 [main] DEBUG org.apache.hc.client5.http.impl.io.PoolingHttpClientConnectionManager - ep-00000010: connection released [route: {s}->https://raw.githubusercontent.com:443][total available: 1; route allocated: 1 of 5; total allocated: 1 of 25]
08:16:54.085 [main] DEBUG io.github.bonigarcia.wdm.versions.VersionDetector - Detecting chrome version using online commands.properties
08:16:54.085 [main] DEBUG io.github.bonigarcia.wdm.versions.Shell - Running command on the shell: [cmd.exe, /C, wmic, datafile, where, name="%PROGRAMFILES:\=\\%\\Google\\Chrome\\Application\\chrome.exe", get, Version, /value]
08:16:54.225 [main] DEBUG io.github.bonigarcia.wdm.versions.Shell - Result: Version=117.0.5938.134
08:16:54.227 [main] DEBUG org.apache.hc.client5.http.impl.classic.InternalHttpClient - ex-00000012: preparing request execution
08:16:54.227 [main] DEBUG org.apache.hc.client5.http.protocol.RequestAddCookies - Cookie spec selected: strict
08:16:54.227 [main] DEBUG org.apache.hc.client5.http.protocol.RequestAuthCache - Auth cache not set in the context
08:16:54.227 [main] DEBUG org.apache.hc.client5.http.impl.classic.ProtocolExec - ex-00000012: target auth state: UNCHALLENGED
08:16:54.227 [main] DEBUG org.apache.hc.client5.http.impl.classic.ProtocolExec - ex-00000012: proxy auth state: UNCHALLENGED
08:16:54.227 [main] DEBUG org.apache.hc.client5.http.impl.classic.ConnectExec - ex-00000012: acquiring connection with route {s}->https://chromedriver.storage.googleapis.com:443
08:16:54.227 [main] DEBUG org.apache.hc.client5.http.impl.classic.InternalHttpClient - ex-00000012: acquiring endpoint (3 MINUTES)
08:16:54.227 [main] DEBUG org.apache.hc.client5.http.impl.io.PoolingHttpClientConnectionManager - ex-00000012: endpoint lease request (3 MINUTES) [route: {s}->https://chromedriver.storage.googleapis.com:443][total available: 1; route allocated: 0 of 5; total allocated: 1 of 25]
08:16:54.227 [main] DEBUG org.apache.hc.client5.http.impl.io.PoolingHttpClientConnectionManager - ex-00000012: endpoint leased [route: {s}->https://chromedriver.storage.googleapis.com:443][total available: 1; route allocated: 1 of 5; total allocated: 2 of 25]
08:16:54.227 [main] DEBUG org.apache.hc.client5.http.impl.io.PoolingHttpClientConnectionManager - ex-00000012: acquired ep-00000011
08:16:54.227 [main] DEBUG org.apache.hc.client5.http.impl.classic.InternalHttpClient - ex-00000012: acquired endpoint ep-00000011
08:16:54.227 [main] DEBUG org.apache.hc.client5.http.impl.classic.ConnectExec - ex-00000012: opening connection {s}->https://chromedriver.storage.googleapis.com:443
08:16:54.227 [main] DEBUG org.apache.hc.client5.http.impl.classic.InternalHttpClient - ep-00000011: connecting endpoint (30 SECONDS)
08:16:54.227 [main] DEBUG org.apache.hc.client5.http.impl.io.PoolingHttpClientConnectionManager - ep-00000011: connecting endpoint to https://chromedriver.storage.googleapis.com:443 (30 SECONDS)
08:16:54.227 [main] DEBUG org.apache.hc.client5.http.impl.io.DefaultHttpClientConnectionOperator - http-outgoing-13: connecting to chromedriver.storage.googleapis.com/34.101.5.27:443
08:16:54.227 [main] DEBUG org.apache.hc.client5.http.ssl.SSLConnectionSocketFactory - Connecting socket to chromedriver.storage.googleapis.com/34.101.5.27:443 with timeout 30 SECONDS
08:16:54.231 [main] DEBUG org.apache.hc.client5.http.ssl.SSLConnectionSocketFactory - Enabled protocols: [TLSv1.3, TLSv1.2]
08:16:54.231 [main] DEBUG org.apache.hc.client5.http.ssl.SSLConnectionSocketFactory - Enabled cipher suites: [TLS_AES_256_GCM_SHA384, TLS_AES_128_GCM_SHA256, TLS_CHACHA20_POLY1305_SHA256, TLS_ECDHE_ECDSA_WITH_AES_256_GCM_SHA384, TLS_ECDHE_ECDSA_WITH_AES_128_GCM_SHA256, TLS_ECDHE_ECDSA_WITH_CHACHA20_POLY1305_SHA256, TLS_ECDHE_RSA_WITH_AES_256_GCM_SHA384, TLS_ECDHE_RSA_WITH_CHACHA20_POLY1305_SHA256, TLS_ECDHE_RSA_WITH_AES_128_GCM_SHA256, TLS_DHE_RSA_WITH_AES_256_GCM_SHA384, TLS_DHE_RSA_WITH_CHACHA20_POLY1305_SHA256, TLS_DHE_DSS_WITH_AES_256_GCM_SHA384, TLS_DHE_RSA_WITH_AES_128_GCM_SHA256, TLS_DHE_DSS_WITH_AES_128_GCM_SHA256, TLS_ECDHE_ECDSA_WITH_AES_256_CBC_SHA384, TLS_ECDHE_RSA_WITH_AES_256_CBC_SHA384, TLS_ECDHE_ECDSA_WITH_AES_128_CBC_SHA256, TLS_ECDHE_RSA_WITH_AES_128_CBC_SHA256, TLS_DHE_RSA_WITH_AES_256_CBC_SHA256, TLS_DHE_DSS_WITH_AES_256_CBC_SHA256, TLS_DHE_RSA_WITH_AES_128_CBC_SHA256, TLS_DHE_DSS_WITH_AES_128_CBC_SHA256, TLS_ECDH_ECDSA_WITH_AES_256_GCM_SHA384, TLS_ECDH_RSA_WITH_AES_256_GCM_SHA384, TLS_ECDH_ECDSA_WITH_AES_128_GCM_SHA256, TLS_ECDH_RSA_WITH_AES_128_GCM_SHA256, TLS_ECDH_ECDSA_WITH_AES_256_CBC_SHA384, TLS_ECDH_RSA_WITH_AES_256_CBC_SHA384, TLS_ECDH_ECDSA_WITH_AES_128_CBC_SHA256, TLS_ECDH_RSA_WITH_AES_128_CBC_SHA256, TLS_ECDHE_ECDSA_WITH_AES_256_CBC_SHA, TLS_ECDHE_RSA_WITH_AES_256_CBC_SHA, TLS_ECDHE_ECDSA_WITH_AES_128_CBC_SHA, TLS_ECDHE_RSA_WITH_AES_128_CBC_SHA, TLS_DHE_RSA_WITH_AES_256_CBC_SHA, TLS_DHE_DSS_WITH_AES_256_CBC_SHA, TLS_DHE_RSA_WITH_AES_128_CBC_SHA, TLS_DHE_DSS_WITH_AES_128_CBC_SHA, TLS_ECDH_ECDSA_WITH_AES_256_CBC_SHA, TLS_ECDH_RSA_WITH_AES_256_CBC_SHA, TLS_ECDH_ECDSA_WITH_AES_128_CBC_SHA, TLS_ECDH_RSA_WITH_AES_128_CBC_SHA, TLS_RSA_WITH_AES_256_GCM_SHA384, TLS_RSA_WITH_AES_128_GCM_SHA256, TLS_RSA_WITH_AES_256_CBC_SHA256, TLS_RSA_WITH_AES_128_CBC_SHA256, TLS_RSA_WITH_AES_256_CBC_SHA, TLS_RSA_WITH_AES_128_CBC_SHA, TLS_EMPTY_RENEGOTIATION_INFO_SCSV]
08:16:54.231 [main] DEBUG org.apache.hc.client5.http.ssl.SSLConnectionSocketFactory - Starting handshake
08:16:54.269 [main] DEBUG org.apache.hc.client5.http.ssl.SSLConnectionSocketFactory - Secure session established
08:16:54.269 [main] DEBUG org.apache.hc.client5.http.ssl.SSLConnectionSocketFactory -  negotiated protocol: TLSv1.3
08:16:54.269 [main] DEBUG org.apache.hc.client5.http.ssl.SSLConnectionSocketFactory -  negotiated cipher suite: TLS_AES_256_GCM_SHA384
08:16:54.269 [main] DEBUG org.apache.hc.client5.http.ssl.SSLConnectionSocketFactory -  peer principal: CN=*.storage.googleapis.com
08:16:54.269 [main] DEBUG org.apache.hc.client5.http.ssl.SSLConnectionSocketFactory -  peer alternative names: [*.storage.googleapis.com, *.googleapis.com, commondatastorage.googleapis.com, *.commondatastorage.googleapis.com, storage.googleapis.com, storage-p2.googleapis.com, *.storage-p2.googleapis.com, storage.mtls.googleapis.com, *.appspot.com.storage.googleapis.com, *.content-storage.googleapis.com, *.content-storage-p2.googleapis.com, *.content-storage-upload.googleapis.com, *.content-storage-download.googleapis.com, *.storage-upload.googleapis.com, *.storage-download.googleapis.com]
08:16:54.269 [main] DEBUG org.apache.hc.client5.http.ssl.SSLConnectionSocketFactory -  issuer principal: CN=GTS CA 1C3, O=Google Trust Services LLC, C=US
08:16:54.269 [main] DEBUG org.apache.hc.client5.http.impl.io.DefaultHttpClientConnectionOperator - http-outgoing-13: connection established 192.168.100.42:64260<->34.101.5.27:443
08:16:54.269 [main] DEBUG org.apache.hc.client5.http.impl.io.PoolingHttpClientConnectionManager - ep-00000011: connected http-outgoing-13
08:16:54.269 [main] DEBUG org.apache.hc.client5.http.impl.classic.InternalHttpClient - ep-00000011: endpoint connected
08:16:54.269 [main] DEBUG org.apache.hc.client5.http.impl.classic.MainClientExec - ex-00000012: executing GET /LATEST_RELEASE_117 HTTP/1.1
08:16:54.269 [main] DEBUG org.apache.hc.client5.http.impl.classic.InternalHttpClient - ep-00000011: start execution ex-00000012
08:16:54.269 [main] DEBUG org.apache.hc.client5.http.impl.io.PoolingHttpClientConnectionManager - ep-00000011: executing exchange ex-00000012 over http-outgoing-13
08:16:54.269 [main] DEBUG org.apache.hc.client5.http.headers - http-outgoing-13 >> GET /LATEST_RELEASE_117 HTTP/1.1
08:16:54.269 [main] DEBUG org.apache.hc.client5.http.headers - http-outgoing-13 >> user-agent: Apache-HttpClient/5.0
08:16:54.269 [main] DEBUG org.apache.hc.client5.http.headers - http-outgoing-13 >> accept-encoding: gzip, deflate, br
08:16:54.269 [main] DEBUG org.apache.hc.client5.http.headers - http-outgoing-13 >> cache-control: max-age=0
08:16:54.269 [main] DEBUG org.apache.hc.client5.http.headers - http-outgoing-13 >> connection: keep-alive
08:16:54.269 [main] DEBUG org.apache.hc.client5.http.headers - http-outgoing-13 >> Host: chromedriver.storage.googleapis.com
08:16:54.269 [main] DEBUG org.apache.hc.client5.http.wire - http-outgoing-13 >> "GET /LATEST_RELEASE_117 HTTP/1.1[\r][\n]"
08:16:54.269 [main] DEBUG org.apache.hc.client5.http.wire - http-outgoing-13 >> "user-agent: Apache-HttpClient/5.0[\r][\n]"
08:16:54.269 [main] DEBUG org.apache.hc.client5.http.wire - http-outgoing-13 >> "accept-encoding: gzip, deflate, br[\r][\n]"
08:16:54.269 [main] DEBUG org.apache.hc.client5.http.wire - http-outgoing-13 >> "cache-control: max-age=0[\r][\n]"
08:16:54.269 [main] DEBUG org.apache.hc.client5.http.wire - http-outgoing-13 >> "connection: keep-alive[\r][\n]"
08:16:54.269 [main] DEBUG org.apache.hc.client5.http.wire - http-outgoing-13 >> "Host: chromedriver.storage.googleapis.com[\r][\n]"
08:16:54.269 [main] DEBUG org.apache.hc.client5.http.wire - http-outgoing-13 >> "[\r][\n]"
08:16:54.516 [main] DEBUG org.apache.hc.client5.http.wire - http-outgoing-13 << "HTTP/1.1 404 Not Found[\r][\n]"
08:16:54.516 [main] DEBUG org.apache.hc.client5.http.wire - http-outgoing-13 << "X-GUploader-UploadID: ADPycdupEE1bHt60fvZUc_VEgjYB6OnUKYjsOxGll6luWV1d_STAkid-uuzRaAqXQI6rqHE9UFjvv-gXYybygZJC1OfHU9opS1r5[\r][\n]"
08:16:54.516 [main] DEBUG org.apache.hc.client5.http.wire - http-outgoing-13 << "Content-Type: application/xml; charset=UTF-8[\r][\n]"
08:16:54.516 [main] DEBUG org.apache.hc.client5.http.wire - http-outgoing-13 << "Content-Length: 193[\r][\n]"
08:16:54.516 [main] DEBUG org.apache.hc.client5.http.wire - http-outgoing-13 << "Date: Fri, 06 Oct 2023 01:16:56 GMT[\r][\n]"
08:16:54.516 [main] DEBUG org.apache.hc.client5.http.wire - http-outgoing-13 << "Expires: Fri, 06 Oct 2023 01:16:56 GMT[\r][\n]"
08:16:54.516 [main] DEBUG org.apache.hc.client5.http.wire - http-outgoing-13 << "Cache-Control: private, max-age=0[\r][\n]"
08:16:54.516 [main] DEBUG org.apache.hc.client5.http.wire - http-outgoing-13 << "Server: UploadServer[\r][\n]"
08:16:54.516 [main] DEBUG org.apache.hc.client5.http.wire - http-outgoing-13 << "Alt-Svc: h3=":443"; ma=2592000,h3-29=":443"; ma=2592000[\r][\n]"
08:16:54.516 [main] DEBUG org.apache.hc.client5.http.wire - http-outgoing-13 << "[\r][\n]"
08:16:54.516 [main] DEBUG org.apache.hc.client5.http.wire - http-outgoing-13 << "<?xml version='1.0' encoding='UTF-8'?><Error><Code>NoSuchKey</Code><Message>The specified key does not exist.</Message><Details>No such object: chromedriver/LATEST_RELEASE_117</Details></Error>"
08:16:54.516 [main] DEBUG org.apache.hc.client5.http.headers - http-outgoing-13 << HTTP/1.1 404 Not Found
08:16:54.516 [main] DEBUG org.apache.hc.client5.http.headers - http-outgoing-13 << X-GUploader-UploadID: ADPycdupEE1bHt60fvZUc_VEgjYB6OnUKYjsOxGll6luWV1d_STAkid-uuzRaAqXQI6rqHE9UFjvv-gXYybygZJC1OfHU9opS1r5
08:16:54.516 [main] DEBUG org.apache.hc.client5.http.headers - http-outgoing-13 << Content-Type: application/xml; charset=UTF-8
08:16:54.516 [main] DEBUG org.apache.hc.client5.http.headers - http-outgoing-13 << Content-Length: 193
08:16:54.516 [main] DEBUG org.apache.hc.client5.http.headers - http-outgoing-13 << Date: Fri, 06 Oct 2023 01:16:56 GMT
08:16:54.516 [main] DEBUG org.apache.hc.client5.http.headers - http-outgoing-13 << Expires: Fri, 06 Oct 2023 01:16:56 GMT
08:16:54.516 [main] DEBUG org.apache.hc.client5.http.headers - http-outgoing-13 << Cache-Control: private, max-age=0
08:16:54.516 [main] DEBUG org.apache.hc.client5.http.headers - http-outgoing-13 << Server: UploadServer
08:16:54.516 [main] DEBUG org.apache.hc.client5.http.headers - http-outgoing-13 << Alt-Svc: h3=":443"; ma=2592000,h3-29=":443"; ma=2592000
08:16:54.516 [main] DEBUG org.apache.hc.client5.http.impl.classic.MainClientExec - ex-00000012: connection can be kept alive for 3 MINUTES
08:16:54.516 [main] ERROR io.github.bonigarcia.wdm.online.HttpClient - Error HTTP 404 executing https://chromedriver.storage.googleapis.com/LATEST_RELEASE_117
08:16:54.516 [main] WARN io.github.bonigarcia.wdm.versions.VersionDetector - Exception reading https://chromedriver.storage.googleapis.com/LATEST_RELEASE_117 to get latest version of chromedriver (Error HTTP 404 executing https://chromedriver.storage.googleapis.com/LATEST_RELEASE_117)
08:16:54.516 [main] DEBUG io.github.bonigarcia.wdm.versions.VersionDetector - Getting driver version for chrome117 from online versions.properties
08:16:54.516 [main] DEBUG org.apache.hc.client5.http.impl.classic.InternalHttpClient - ex-00000013: preparing request execution
08:16:54.516 [main] DEBUG org.apache.hc.client5.http.protocol.RequestAddCookies - Cookie spec selected: strict
08:16:54.516 [main] DEBUG org.apache.hc.client5.http.protocol.RequestAuthCache - Auth cache not set in the context
08:16:54.516 [main] DEBUG org.apache.hc.client5.http.impl.classic.ProtocolExec - ex-00000013: target auth state: UNCHALLENGED
08:16:54.516 [main] DEBUG org.apache.hc.client5.http.impl.classic.ProtocolExec - ex-00000013: proxy auth state: UNCHALLENGED
08:16:54.516 [main] DEBUG org.apache.hc.client5.http.impl.classic.ConnectExec - ex-00000013: acquiring connection with route {s}->https://raw.githubusercontent.com:443
08:16:54.516 [main] DEBUG org.apache.hc.client5.http.impl.classic.InternalHttpClient - ex-00000013: acquiring endpoint (3 MINUTES)
08:16:54.516 [main] DEBUG org.apache.hc.client5.http.impl.io.PoolingHttpClientConnectionManager - ex-00000013: endpoint lease request (3 MINUTES) [route: {s}->https://raw.githubusercontent.com:443][total available: 1; route allocated: 1 of 5; total allocated: 2 of 25]
08:16:54.516 [main] DEBUG org.apache.hc.client5.http.impl.io.PoolingHttpClientConnectionManager - ex-00000013: endpoint leased [route: {s}->https://raw.githubusercontent.com:443][total available: 0; route allocated: 1 of 5; total allocated: 2 of 25]
08:16:54.516 [main] DEBUG org.apache.hc.client5.http.impl.io.PoolingHttpClientConnectionManager - ex-00000013: acquired ep-00000012
08:16:54.516 [main] DEBUG org.apache.hc.client5.http.impl.classic.InternalHttpClient - ex-00000013: acquired endpoint ep-00000012
08:16:54.516 [main] DEBUG org.apache.hc.client5.http.impl.classic.MainClientExec - ex-00000013: executing GET /bonigarcia/webdrivermanager/master/src/main/resources/versions.properties HTTP/1.1
08:16:54.516 [main] DEBUG org.apache.hc.client5.http.impl.classic.InternalHttpClient - ep-00000012: start execution ex-00000013
08:16:54.516 [main] DEBUG org.apache.hc.client5.http.impl.io.PoolingHttpClientConnectionManager - ep-00000012: executing exchange ex-00000013 over http-outgoing-12
08:16:54.516 [main] DEBUG org.apache.hc.client5.http.headers - http-outgoing-12 >> GET /bonigarcia/webdrivermanager/master/src/main/resources/versions.properties HTTP/1.1
08:16:54.516 [main] DEBUG org.apache.hc.client5.http.headers - http-outgoing-12 >> user-agent: Apache-HttpClient/5.0
08:16:54.516 [main] DEBUG org.apache.hc.client5.http.headers - http-outgoing-12 >> accept-encoding: gzip, deflate, br
08:16:54.516 [main] DEBUG org.apache.hc.client5.http.headers - http-outgoing-12 >> cache-control: max-age=0
08:16:54.516 [main] DEBUG org.apache.hc.client5.http.headers - http-outgoing-12 >> connection: keep-alive
08:16:54.516 [main] DEBUG org.apache.hc.client5.http.headers - http-outgoing-12 >> Host: raw.githubusercontent.com
08:16:54.516 [main] DEBUG org.apache.hc.client5.http.wire - http-outgoing-12 >> "GET /bonigarcia/webdrivermanager/master/src/main/resources/versions.properties HTTP/1.1[\r][\n]"
08:16:54.516 [main] DEBUG org.apache.hc.client5.http.wire - http-outgoing-12 >> "user-agent: Apache-HttpClient/5.0[\r][\n]"
08:16:54.516 [main] DEBUG org.apache.hc.client5.http.wire - http-outgoing-12 >> "accept-encoding: gzip, deflate, br[\r][\n]"
08:16:54.516 [main] DEBUG org.apache.hc.client5.http.wire - http-outgoing-12 >> "cache-control: max-age=0[\r][\n]"
08:16:54.516 [main] DEBUG org.apache.hc.client5.http.wire - http-outgoing-12 >> "connection: keep-alive[\r][\n]"
08:16:54.516 [main] DEBUG org.apache.hc.client5.http.wire - http-outgoing-12 >> "Host: raw.githubusercontent.com[\r][\n]"
08:16:54.516 [main] DEBUG org.apache.hc.client5.http.wire - http-outgoing-12 >> "[\r][\n]"
08:16:54.564 [main] DEBUG org.apache.hc.client5.http.wire - http-outgoing-12 << "HTTP/1.1 200 OK[\r][\n]"
08:16:54.564 [main] DEBUG org.apache.hc.client5.http.wire - http-outgoing-12 << "Connection: keep-alive[\r][\n]"
08:16:54.564 [main] DEBUG org.apache.hc.client5.http.wire - http-outgoing-12 << "Content-Length: 1625[\r][\n]"
08:16:54.564 [main] DEBUG org.apache.hc.client5.http.wire - http-outgoing-12 << "Cache-Control: max-age=300[\r][\n]"
08:16:54.564 [main] DEBUG org.apache.hc.client5.http.wire - http-outgoing-12 << "Content-Security-Policy: default-src 'none'; style-src 'unsafe-inline'; sandbox[\r][\n]"
08:16:54.564 [main] DEBUG org.apache.hc.client5.http.wire - http-outgoing-12 << "Content-Type: text/plain; charset=utf-8[\r][\n]"
08:16:54.564 [main] DEBUG org.apache.hc.client5.http.wire - http-outgoing-12 << "ETag: W/"51a99ebb5fa30c7285d42b08929913814dd238f6403d61fccadee50390eab957"[\r][\n]"
08:16:54.564 [main] DEBUG org.apache.hc.client5.http.wire - http-outgoing-12 << "Strict-Transport-Security: max-age=31536000[\r][\n]"
08:16:54.564 [main] DEBUG org.apache.hc.client5.http.wire - http-outgoing-12 << "X-Content-Type-Options: nosniff[\r][\n]"
08:16:54.564 [main] DEBUG org.apache.hc.client5.http.wire - http-outgoing-12 << "X-Frame-Options: deny[\r][\n]"
08:16:54.564 [main] DEBUG org.apache.hc.client5.http.wire - http-outgoing-12 << "X-XSS-Protection: 1; mode=block[\r][\n]"
08:16:54.564 [main] DEBUG org.apache.hc.client5.http.wire - http-outgoing-12 << "X-GitHub-Request-Id: ADC8:C8321:F9E48:13930E:651E6E7C[\r][\n]"
08:16:54.564 [main] DEBUG org.apache.hc.client5.http.wire - http-outgoing-12 << "Content-Encoding: gzip[\r][\n]"
08:16:54.564 [main] DEBUG org.apache.hc.client5.http.wire - http-outgoing-12 << "Accept-Ranges: bytes[\r][\n]"
08:16:54.564 [main] DEBUG org.apache.hc.client5.http.wire - http-outgoing-12 << "Date: Fri, 06 Oct 2023 01:16:56 GMT[\r][\n]"
08:16:54.564 [main] DEBUG org.apache.hc.client5.http.wire - http-outgoing-12 << "Via: 1.1 varnish[\r][\n]"
08:16:54.564 [main] DEBUG org.apache.hc.client5.http.wire - http-outgoing-12 << "X-Served-By: cache-qpg1230-QPG[\r][\n]"
08:16:54.564 [main] DEBUG org.apache.hc.client5.http.wire - http-outgoing-12 << "X-Cache: HIT[\r][\n]"
08:16:54.564 [main] DEBUG org.apache.hc.client5.http.wire - http-outgoing-12 << "X-Cache-Hits: 1[\r][\n]"
08:16:54.564 [main] DEBUG org.apache.hc.client5.http.wire - http-outgoing-12 << "X-Timer: S1696555017.685950,VS0,VE1[\r][\n]"
08:16:54.564 [main] DEBUG org.apache.hc.client5.http.wire - http-outgoing-12 << "Vary: Authorization,Accept-Encoding,Origin[\r][\n]"
08:16:54.564 [main] DEBUG org.apache.hc.client5.http.wire - http-outgoing-12 << "Access-Control-Allow-Origin: *[\r][\n]"
08:16:54.564 [main] DEBUG org.apache.hc.client5.http.wire - http-outgoing-12 << "Cross-Origin-Resource-Policy: cross-origin[\r][\n]"
08:16:54.564 [main] DEBUG org.apache.hc.client5.http.wire - http-outgoing-12 << "X-Fastly-Request-ID: f3f00c9eeaf35866a063b1f19778cb9b829b6411[\r][\n]"
08:16:54.564 [main] DEBUG org.apache.hc.client5.http.wire - http-outgoing-12 << "Expires: Fri, 06 Oct 2023 01:21:56 GMT[\r][\n]"
08:16:54.564 [main] DEBUG org.apache.hc.client5.http.wire - http-outgoing-12 << "Source-Age: 74[\r][\n]"
08:16:54.564 [main] DEBUG org.apache.hc.client5.http.wire - http-outgoing-12 << "[\r][\n]"
08:16:54.564 [main] DEBUG org.apache.hc.client5.http.headers - http-outgoing-12 << HTTP/1.1 200 OK
08:16:54.564 [main] DEBUG org.apache.hc.client5.http.headers - http-outgoing-12 << Connection: keep-alive
08:16:54.564 [main] DEBUG org.apache.hc.client5.http.headers - http-outgoing-12 << Content-Length: 1625
08:16:54.564 [main] DEBUG org.apache.hc.client5.http.headers - http-outgoing-12 << Cache-Control: max-age=300
08:16:54.564 [main] DEBUG org.apache.hc.client5.http.headers - http-outgoing-12 << Content-Security-Policy: default-src 'none'; style-src 'unsafe-inline'; sandbox
08:16:54.564 [main] DEBUG org.apache.hc.client5.http.headers - http-outgoing-12 << Content-Type: text/plain; charset=utf-8
08:16:54.564 [main] DEBUG org.apache.hc.client5.http.headers - http-outgoing-12 << ETag: W/"51a99ebb5fa30c7285d42b08929913814dd238f6403d61fccadee50390eab957"
08:16:54.564 [main] DEBUG org.apache.hc.client5.http.headers - http-outgoing-12 << Strict-Transport-Security: max-age=31536000
08:16:54.564 [main] DEBUG org.apache.hc.client5.http.headers - http-outgoing-12 << X-Content-Type-Options: nosniff
08:16:54.564 [main] DEBUG org.apache.hc.client5.http.headers - http-outgoing-12 << X-Frame-Options: deny
08:16:54.564 [main] DEBUG org.apache.hc.client5.http.headers - http-outgoing-12 << X-XSS-Protection: 1; mode=block
08:16:54.564 [main] DEBUG org.apache.hc.client5.http.headers - http-outgoing-12 << X-GitHub-Request-Id: ADC8:C8321:F9E48:13930E:651E6E7C
08:16:54.564 [main] DEBUG org.apache.hc.client5.http.headers - http-outgoing-12 << Content-Encoding: gzip
08:16:54.564 [main] DEBUG org.apache.hc.client5.http.headers - http-outgoing-12 << Accept-Ranges: bytes
08:16:54.564 [main] DEBUG org.apache.hc.client5.http.headers - http-outgoing-12 << Date: Fri, 06 Oct 2023 01:16:56 GMT
08:16:54.564 [main] DEBUG org.apache.hc.client5.http.headers - http-outgoing-12 << Via: 1.1 varnish
08:16:54.564 [main] DEBUG org.apache.hc.client5.http.headers - http-outgoing-12 << X-Served-By: cache-qpg1230-QPG
08:16:54.564 [main] DEBUG org.apache.hc.client5.http.headers - http-outgoing-12 << X-Cache: HIT
08:16:54.564 [main] DEBUG org.apache.hc.client5.http.headers - http-outgoing-12 << X-Cache-Hits: 1
08:16:54.564 [main] DEBUG org.apache.hc.client5.http.headers - http-outgoing-12 << X-Timer: S1696555017.685950,VS0,VE1
08:16:54.564 [main] DEBUG org.apache.hc.client5.http.headers - http-outgoing-12 << Vary: Authorization,Accept-Encoding,Origin
08:16:54.564 [main] DEBUG org.apache.hc.client5.http.headers - http-outgoing-12 << Access-Control-Allow-Origin: *
08:16:54.564 [main] DEBUG org.apache.hc.client5.http.headers - http-outgoing-12 << Cross-Origin-Resource-Policy: cross-origin
08:16:54.564 [main] DEBUG org.apache.hc.client5.http.headers - http-outgoing-12 << X-Fastly-Request-ID: f3f00c9eeaf35866a063b1f19778cb9b829b6411
08:16:54.564 [main] DEBUG org.apache.hc.client5.http.headers - http-outgoing-12 << Expires: Fri, 06 Oct 2023 01:21:56 GMT
08:16:54.564 [main] DEBUG org.apache.hc.client5.http.headers - http-outgoing-12 << Source-Age: 74
08:16:54.564 [main] DEBUG org.apache.hc.client5.http.impl.classic.MainClientExec - ex-00000013: connection can be kept alive for 3 MINUTES
08:16:54.569 [main] DEBUG org.apache.hc.client5.http.wire - http-outgoing-12 << "[0x1f][0xffffff8b][0x8][0x0][0x0][0x0][0x0][0x0][0x0][0x3][0xffffff8d][0xffffff97]Ko#7[0xc][0xffffffc7][0xffffffef][0xfffffff9][0x14][0x3][0xfffffff4][0x1c]YO[0xffffff8a][\n]"
08:16:54.569 [main] DEBUG org.apache.hc.client5.http.wire - http-outgoing-12 << "[0xffffffa0]K[0xffffff9f][0xffffffa7][0xffffffa2][0xffffff87][0xfffffff6][0xb]x[0xffffffed]Ib[0xffffffac][0xffffffe3][0x9]lg[0xffffffb3][0xffffffe8][0xffffffa7]/[0xfffffff5][0xffffffa0]F[0xffffff96][[0xffffffa0][0xffffff87]`[0xffffff97]?k$[0xffffff92][0xffffffe2]p[0xfffffffe][0xfffffffc]a[0xfffffffa][0xffffffeb][0xfffffff5]p[0xffffff99][0xffffff9e][0xf][0xffffffc7]y[0xffffffda]-[0xffffffa7][0xffffffeb][0xfffffff6]p[0xffffffba]L[0xffffffd7][0xffffffd7]y[0xfffffffa]zZ>O[0xffffffd3][0xfffffffe]|[0xfffffff8]6[0xffffff9f]'[0xfffffffa][0xffffffbb][0x1c][0x16][0xfffffffa]e[0xffffffb7][0xffffffbc][0xffffffbd]o[0xffffffaf][0xffffff87]/[0xffffffb4][0xfffffffa][0xfffffff3]p}[0xffffffcd]+w[0xffffffcb][0xfffffff9]<_[0xffffffde][0xffffff97][0xffffffd3][0xfffffffe]pz[0xffffff99][0xffffffbe][0xffffff9c][0xffffff97][0xffffffcf][0xffffffcb][0xfffffffa][0xffffffc8][0xffffffc3][0xffffffc3][0xf][0xffffffd3][0xffffff8f][0x5]=M[0xffffffbf]-[0xffffffcb][0xb]=[0xfffffff9][0xffffffd3][0xffffffeb]yy[0xffffff9b][0xffffffa7][0xffffffed]i_[0xfffffffe]{[0xfffffff8]x[0xffffff9b][0x1e][0xffffffa7][0xffffff9f][0xfffffff3]QO[0xffffffd3].[0xffffffff]Z[0xe][0xffffffa6][0xffffff87][0xffffffff]\>[0xffffffce][0xffffffbb][0xfffffff9]iz[0xffffffbd]^[0xffffffdf][0xffffff9f]6[0xffffff9b][0xfffffffe]W[0xffffffb1][0xffffffab]O[0xffffff8b][0xffffffe5][0xfffffffc][0xffffffb2][0xffffffd9][0xffffff93][0xffffffbf][0xffffffc7]e[0xffffffbb][0xffffffbf]<[0xffffff94]5J[0xffffffd9]H[0x7f]B[\n]"
08:16:54.569 [main] DEBUG org.apache.hc.client5.http.wire - http-outgoing-12 << "[0xffffffe7][0xffffff8d][0x13]A6n[0xffffff88][0xffffff9b][0xffffffc4][0xffffffc1]k[0x1][0xffffffa6]qM\g[0xffffffae][0xffffff9c][0xffffffb0][0xffffffa1]qE\%[0xffffffee][0xffffffc0][0x8][0xffffffb0][0xffffff8d]K[0xffffffe2]2q[0xffffff8b]Jx[0xffffffcf]\[0xffffff86]H[0x7f][0xffffff99][0xffffffd3][0xfffffff1][0xffffffbe][0xffffffad][0xffffff97]H[0x1c][0x13]7.[0x8][0xffffffaf][0x1a][0xfffffff7][0xffffffc4]}[0xffffffe6][0xffffffd2][\n]"
08:16:54.569 [main] DEBUG org.apache.hc.client5.http.wire - http-outgoing-12 << "[0xffffffd0][0xffffff8d][0x3]qH\[0xffffffdb] `][0xffffffef][0xffffff88][0xffffffbb][0xffffffc4]Up[0xfffffff4]c[0xffffffe3][0x14][0xffffffaf][0xffffffcc][0xfffffff1][0xffffffa6]0|[0xfffffff3]_R[0xffffffbc]2[0xffffffc7]+A[\n]"
08:16:54.569 [main] DEBUG org.apache.hc.client5.http.wire - http-outgoing-12 << "eV[0xffffff87](`[0xffffff99][0x3][0xffffff96][0xffffffb4]_w[0x0][0x5],S[0xffffffc0]68%[0xffffffec][0xffffffca])`[0xffffff99][0x2][0xffffffb6][0x18]@[0x0]'4[0xffffff84][0x18]B[0xffffffa6][0xffffffd6][0xffffffd2][0xffffffd9]L1[0xffffff86][0x14][0xffffffac][0xfffffff5][0xe][0x5][0x1d][0xffffffc3][0xffffffd8][0xffffffc7][0xffffff90]b[0xffffffb5][0x10][0xfffffff4][0xffffff9a][0xffffff83][0x0]1@[0xffffffa6]`[0xffffff85]uL][0xc].S[0xffffff83][0x2]8[0xffffff9e]`c[0xffffffb0][0xffffff99]Rr[0xffffffe8]"[0x19][0xffffff9b][0x18]R[0xffffff90][0xffffffd6]y[0xffffffbf]^j[0xffffffd0]1[0xffffffe8]L[0xffffffe9]J)[0xffffffcb][0xffffff8c]U[0xc]9@K[0x15]@[0xffffffb1]2[0xffffff96]1[0xffffffe4][0xfffffff8][0xffffffac][0xffffff91]Bs[0xffffff9e]0D[0xffffffcc][0xfffffff1][0x19][0xfffffffa]G[0xfffffff3][0xffffffce][0xffffff88][0x11]s|F[[0x11][0xffffff80][0xffffffa9][0xffffff8f][0xffffff98][0xffffffc3][0xffffffd3]([0x5]"S[0xffffff88][0xffffff98][0xffffffc3][0xffffffd3][0xffffff96][0xfffffff6][0xffffffe5]T[0xffffffa0][0xffffff8b][0xffffff98][0xffffffc3]Sh[0x4][0xffffffb2]kh#[0xffffffe6][0xfffffff0][0xffffff94][0xfffffff5][0xffffffc2]p[0xffffff8e][0xffffffd1]D[0xffffffcc][0xffffffd1][0xffffffa5][0xffffff9b]4[0xffffff9c][\n]"
08:16:54.569 [main] DEBUG org.apache.hc.client5.http.wire - http-outgoing-12 << "T[0x11]s[0x18][0xffffff92]2[0xffffffaf]L;NFLa[0xffffff98]@[0xffffffbe]P[0x9]U[0xffffffec]C[0xfffffff4]!c[0xffffffeb][0xffffff84]i[0x14][0xffffffa3][0xffffffc7]L[0xffffffa9]v[0xffffffa8][0xffffffae][0x18][0xfffffffb][0xffffffe8]S [0x6][0xffffff81][0xffffffde][0x5]v[0xffffffc3]C[0xfffffff4][0xffffff90])[0x15][0xffffffb8][0xffffffd2]m[0xf][0x17]}[0xffffff8a][0xffffffc4]xO[0x5][0xffffffb6][0xffffffae][0xffffffb6][0xffffffd1][0xffffffdb][0xffffff8c]5[0xffffffd5]/C[0x13]}[0xffffff8a][0xffffffc4][0x0][0x5][0x4][0xffffffec][0xffffffb2][0xffffffd7]Q[0xffffffd3][0xffffff8d][0xffffffb2][0xffffffa5]n,[0xffffff99],v[0xc]B[0xffffffb2][0xfffffff8]n[0x0][0xffffff93][0xffffffc5][0x19][0x5][0xffffff9f],[0xffffffbe]M[0xffffff80]d[0xffffffb1]3[0xffffffe0][0xffffffc8]j)[0x2][0xffffff9b],[0xffffffce]9[0xffffff98]d[0xfffffff1]y[0xffffff90]|1[0xffffffed][0xffffffbc][0xffffffe4]K{g [0xfffffff9]b[0xffffffcc]MW[0xfffffffb]}[0xfffffff9][0xfffffffb]p<n[0xffffffa7]_[0xf][0xffffffe7][0xfffffff9]y[0xfffffff9][0xffffffde][0xffffffb5][0xffffffb2][0xffffff97]y[0xfffffff7]u[0xfffffff9][0xffffffd7]Nv[0xffffffa1]V[0xfffffff6]B[\r][0xfffffff4][0xffffffe3][0xffffff8b][0xffffffa0][0xffffff96][0xffffffba]y+[l[0xffffffba][0x7]6[0xffffffe7][0xfffffff9]8o/[0xfffffff3][0xffffffe5][0xffffffe1][0xffffffb9][0xffffffec][0xffffffab][0x14]FJ[0x1b][0xffffffe5]n%[0xfffffffe][0xffffff8e][0xffffffc0][0x1d]qw[0xffffffc4][0xffffffde][0x11]sG[0xfffffff4][0x1d]QwD&[0xffffffa2][0xffffff85]n[0xffffff84]:_&[0xffffffeb][0x1a][0xffffff89]w[0xffffffc4][0xffffffdf][0x11][0xffffffb8]#[0xffffffee][0xffffff8e]d[0xffffff9f]UO[0xffffffcc][0x1d][0xffffffd1]wD[0xffffffdd][0x11]9[0xffffff90][0x10]F[0xffffff80]#[0xfffffff0]#[0xffffff80][0x11][0xffffffb8][0x11][0xffffff8c][0xffffffde][0xffffff86][0xffffffd1][0xffffffd9]0[0xfffffffa][0x1a]FWC[0xfffffff2][0xffffff94][0xffffffde][0xffffff9b][0xe][0xffffff88][0xffffffe3][0xffffffe1][0xfffffff4][0xfffffff1][0xffffffbd]`[0xffffffc5][0x18][0xffffffc3][0xffffffb0][0xe]q[0x4]~[0x4]0[0x2]7[0x2];[0xffffff82][0x14][0xffffff80][0xffffffc6][0xe][0xffffffe8][0x11][0xffffffa4][0x0][0xffffffb4][0xffffffef][0xffffff80][0x1c][0xffffff80][0xf]#[0xffffffc8][0xffffff9e]B[0x7][0xfffffffc][0x8]`[0x4]n[0x4]v[0x4]f[0x4]z[0x4]j[0x4]r[0x0][0x10]F[0xffffff90]=u[0x1d][0xffffffc8][0xffffff9e][0xffffffda][0xe][0xffffffc0][0x8][0xffffffdc][0x8][0xffffffb2][0xffffffa7][0xffffffdd][0xb][0x4]f[0x4][0xffffffd9][0xffffffd3][0xffffffae][0xffffffec]!{[0xffffffda][0x15][0x5][0xffffffc8][0x1][0xffffffb8]0[0x2][0x1c][0xffffff81][0x1f]A[0xfffffff6]Tv[0xffffffc0]1[0xffffffe8][0xffffffbb][0xffffffda][0x1f][0xffffffef][0xfffffff3]y[0xffffffdb][0xfffffff5][0xffffffb2]%[0xffffffd9][0xffffffff][0xffffffa7][0xffffff97][0xffffffe5][0xffffff85][0xffffff97][0xffffffe5][0xfffffff9][0xfffffffa][0xffffffb9]=[0xffffffcf][0xffffffc5]b[0xffffff9d]6v[0xffffffb6][0xfffffffc]c[0xffffffd6]'*[0xffffffeb][0xffffff9f]@[0xffffffdf]ye4[0xfffffff3][0xffffffa4][0xffffffc7][0xffffffb2][0xfffffffe]A[0xfffffffa]`[0x5][0xffffffcf]8[0xffffffc9][0xffffffb1],[0x7f]<[0xffffffbd][0x12][0xffffff8a]4D[0xffffffe5][0xffffffb2][0xffffff97]{[0xffffffd4][0xffffff9d][\n]"
08:16:54.569 [main] DEBUG org.apache.hc.client5.http.wire - http-outgoing-12 << "[0xffffffa7][0x17][0xffffffbc]S{J[0xffffffd7]m[0xffffffe8]5[0xffffffef][0xffffffc4][0x1e]2[0xfffffff5]7R[0xffffffcf]U[\n]"
08:16:54.569 [main] DEBUG org.apache.hc.client5.http.wire - http-outgoing-12 << "[0xffffffbd][0xffffffd0][0xffffffa3][0xffffff83]*v[0xffffffbd][0xffffffce]S[0xffffff9a][0xffffffb1][0xffffffed]e^[0x8][0xffffff95][0xffffff9a]^[0xffffffe4][0xffffff91]2(T[0xfffffff7][0x12]O)^[0xffffffac]z[0xffffff85][0xffffff97][0xffffffc4]S[0xffffffc1][0xffffffb2][0x17]xX[0x3][0xffffffc7][0xffffffd0][0xffffffcb];[0xffffff80]Jq[0xffffffd0]v[0xffffff85][0xfffffffa]^[0xffffffd9][0xffffff91][0xffffff94]-[0x14]z][0xffffffd7]RD][0xffffffe1]F[0xffffffd7][0x15]h;Y[0xffffff87][0xffffffd5]1[0xffffffea][0xe]7[0xffffffa2][0xffffffae]@}[0xffffffab][0xffffffe9][\n]"
08:16:54.572 [main] DEBUG org.apache.hc.client5.http.wire - http-outgoing-12 << "T[0xffffff9d][0xffffffa4]s|[0xffffffbe][0xffffffec][0x14][0x1d][0xffffffbb]J[0xffffffdd][0xffffffe2]F[0xffffffcf][0x15][0xffffff88][0xffffff83][0xffffff9c]+[0xffffffd4]wj[0xffffffce]3[0xffffff84]N[0xffffffcb]a=[0xffffff9e][0xffffffda][0xffffffc7]*[0xffffffe5][0xffffffd8]{j![0xffffffab][0xffffff92][0xffffffa3][0x4]Wj:%[0x7][0xffffffbc][0xffffffa9][0xffffffee][0xffffff84][0x1c][0xffffffd6][0xb][0xffffffa7]~[0xffffffb2][0xffffffea][0xffffffb8]vY[0xffffffd4]TV[0x1d][0xffffff87][0xfffffff5]b[0xffffffa9][0xffffffb1][0xffffffac]2[0xffffff8e]+[0xffffff9a][0xffffff9a]K[0xffffffa7][0xffffffe2]T[\r][0xffffff95]:L/[0xffffffe2][0xffffffea]Y[0xffffffd4]fV[\r][0xffffffe7]yW[0xffffffd7]I8.ej7[0xffffffab][0xffffff80]k[0xffffffc5]I=[0xffffffa7][0x13]p[0xfffffffc][0xffffffaa]Q[0xffffffe3][0xffffffe9][0xfffffff4][;[0xffffffab][0xffffffea][0xffffffae]l[0xffffffb8][0xffffffd0][0x1b]Uu[0x15][0xffffffa3][0xffffff8a][0xffffffae]bT[0xffffffcd]U[0xffffff8c]*[0xffffffb9][0xffffff8a]Q[0x15]W1[0xffffffaa][0xffffffe0]*F[0xffffffd5][[0xffffffc5]PE`[0x15]Cv[0xffffff86]M[0x1e][0xffffffb0][0xffffffc7]6y`[0xffffffea]96y[0xffffffa0]k2,[0x14][0xffffffe3]F[0xffffffa1][0x1d]v[0xffffffe7]%[0xffffffb5][0xffffffa4][0xffffffe9][0xffffff97][0xfffffffd][0xffffffcb][0xffffffdc]5[0xffffffb5][0xffffffb7][0xffffffcb]L[0xffffffe0]?[0xffffffbb][0xffffffda]~[0xfffffffe]6[0x1f][0xffffffd3][0xffffffae][0xffffffe2][0xffffff8d]w[0xffffffc8]-n>=~\6[0xffffff8d]=[0xffffffa6]M6[0xffffffd7]e9^6[0xffffff9f][0xfffffff3][0xffffff97][0xffffffda][0xffffffe5][0x1e][0x12]][0xffffff87]P[0xffffff85][0xffffffd4][0xffffffea][0x15]V[0xffffffca]#[0xffffffa8][0xfffffff2][0xffffffa4][0xffffff90])[0xffffff93][0xffffff85][0xfffffff2][0x0][0xffffffaa][0xffffffbc][0xffffffce][0xffffff85]\([0xffffff8f][0xffffff9f][\n]"
08:16:54.572 [main] DEBUG org.apache.hc.client5.http.wire - http-outgoing-12 << "@[0xffffffa5][0xfffffff1][0xffffffb0]P[0x1e]>[0xffffff95][0xffffffa3][0xfffffffa][0xffffffa0][0xffffffec]e[0xffffffda]FO[0xffffffe5][0x14][\n]"
08:16:54.572 [main] DEBUG org.apache.hc.client5.http.wire - http-outgoing-12 << "_Ok[0xffffff83][0xffffffa7][0xffffffb2]@[0xfffffffb]B[0xffffffa5]<v[0xffffff92]`O[0x1f][0xffffffe5][0x2]y[0xffffffe6]T[0xffffffc6][0xffffffa7]O`[0xffffffa5]<q[0xffffffd2][0xfffffff0]h[0xffffffa8][0xffffff83]U[0xffffffca][0xfffffff3][0xffffffa6][0xffffffd2][0xfffffff4][0xffffffa6]z[0xffffffde][0xffffff81][0xffffffa7]M[0x1a][0xf]l[0xb][0xffffffa2][0xffffff8d][0xffffff9a]JS[0xffffffe1][0xffffff92]|/"
08:16:54.572 [main] DEBUG org.apache.hc.client5.http.wire - http-outgoing-12 << "[0xffffff94][0x7]M[0xffffffa5][0xffffff95]\[0xfffffff7][0xffffffe5]1[0xffffff93][0x14][0xffffffaf]K[0xffffffc3]N[0xffffffa2]<dR[0xffffffeb]O[0xffffff8d][0xffffffa2][0xffffffb0]:b[0xffffffaa][0x14]]M[0xc][0xffffffcf][0xffffff97][0x14][0xffffff9a]n[0xffffffac]N[0xffffff97][0x14][0xffffff83]m[0xffffffac][0xffffffce][0xffffff96][0xffffffe4]U;[0xffffff99]'[0xffffffcb]@=[0xffffffc6][0xffffffa8][0xffffff82][0xffffffea]T[0x19]([0xfffffff5][0xffffffa6][0xffffffae][0xffffffaa]#e[0xffffff90][0xffffffeb][0x1]u[0xffffff9c][0xffffffc4][0xffffffd4][0xffffffe9][0xffffffea][0xffffff83]u[0xffffff94]D[\n]"
08:16:54.572 [main] DEBUG org.apache.hc.client5.http.wire - http-outgoing-12 << "[0xffffffac][0x10][0x1e]#[0xffffffd3][0xffffff8d][0xffffff97][0xffffff8b][0xffffffe1][0x11][0xffffffd2]Sn[0xffffffeb]c<?[0x2][0xffffff84]z%<;[0x2][0xffffff95][0x4][0xffffff94]\[0xfffffff0][0xffffffe0][0xffffffe8]R[0xffffff82][0xffffffeb][0xffffffaa]:5[0xffffffba][0xffffffac]82[0xffffffe1][0xffffff89][0xffffff91]Z[0xffffff83][0xffffffab][0xffffffe7]Q[0xfffffff7]*[0xffffffdd]3[0xffffffb0]O<@[0xffffffd2]w[0xffffffb6]^U[0x1b][0x1e])b[0xffffffaa][0xffffffbb][0xffffffcc][0xffffffda][0xffffffe4][0xffffff98]j[0xffffffb6][0xffffff90]:5j[0xffffffcf][0xffffffa5][0xffffffc3][0x3][0xffffffa3]6[0xffffff8d][0xffffffd4]a1[0xffffffb5][0xffffffc5]J[0xffffffea][0xffffff9c][0xffffffa8][0xc][\r][0xffffffd2][0x5]Y[0x1b][0xffffffdf][0xffffffcf][0xfffffff3][0xffffffe3][0xffffffe1]t[0xffffffb9]n[0xffffff8f][0xffffffc7]y_[0xffffffa0][0xffffff8e][0xffffff90][0xffffffbe][0xffffffec][0xffffffa6][0xffffffd4][0xffffff89]U[0xffffff91]Z[0x18][0xffffffe8]P[0xffffffc2][0xffffffb7]2R[0xffffff9f][0xffffffa4][0xffffffaf]][0xffffffb9][0xf][0xffffff83][0xffffff91]^,kB1uj:t[0xffffffd3]XjDS1[0xffffffa5]K[0xffffffa6][0xffffff9e][0xfffffff4][0xf][0x3][0x1][0xffffffec][0xffffffa6][0xffffffeb][0x12][0x0][0x0]"
08:16:54.574 [main] DEBUG org.apache.hc.client5.http.impl.classic.InternalHttpClient - ep-00000012: releasing valid endpoint
08:16:54.574 [main] DEBUG org.apache.hc.client5.http.impl.io.PoolingHttpClientConnectionManager - ep-00000012: releasing endpoint
08:16:54.574 [main] DEBUG org.apache.hc.client5.http.impl.io.PoolingHttpClientConnectionManager - ep-00000012: connection http-outgoing-12 can be kept alive for 3 MINUTES
08:16:54.574 [main] DEBUG org.apache.hc.client5.http.impl.io.PoolingHttpClientConnectionManager - ep-00000012: connection released [route: {s}->https://raw.githubusercontent.com:443][total available: 1; route allocated: 1 of 5; total allocated: 2 of 25]
08:16:54.574 [main] DEBUG io.github.bonigarcia.wdm.versions.VersionDetector - Driver for chrome117 not found in online properties (using local versions.properties)
08:16:54.574 [main] DEBUG io.github.bonigarcia.wdm.WebDriverManager - The driver version for CHROME 117 is unknown ... trying with latest
08:16:54.586 [main] DEBUG org.apache.hc.client5.http.impl.classic.InternalHttpClient - ex-00000014: preparing request execution
08:16:54.586 [main] DEBUG org.apache.hc.client5.http.protocol.RequestAddCookies - Cookie spec selected: strict
08:16:54.586 [main] DEBUG org.apache.hc.client5.http.protocol.RequestAuthCache - Auth cache not set in the context
08:16:54.586 [main] DEBUG org.apache.hc.client5.http.impl.classic.ProtocolExec - ex-00000014: target auth state: UNCHALLENGED
08:16:54.586 [main] DEBUG org.apache.hc.client5.http.impl.classic.ProtocolExec - ex-00000014: proxy auth state: UNCHALLENGED
08:16:54.586 [main] DEBUG org.apache.hc.client5.http.impl.classic.ConnectExec - ex-00000014: acquiring connection with route {s}->https://chromedriver.storage.googleapis.com:443
08:16:54.587 [main] DEBUG org.apache.hc.client5.http.impl.classic.InternalHttpClient - ex-00000014: acquiring endpoint (3 MINUTES)
08:16:54.587 [main] DEBUG org.apache.hc.client5.http.impl.io.PoolingHttpClientConnectionManager - ex-00000014: endpoint lease request (3 MINUTES) [route: {s}->https://chromedriver.storage.googleapis.com:443][total available: 1; route allocated: 1 of 5; total allocated: 2 of 25]
08:16:54.587 [main] DEBUG org.apache.hc.client5.http.impl.io.PoolingHttpClientConnectionManager - ex-00000014: endpoint leased [route: {s}->https://chromedriver.storage.googleapis.com:443][total available: 1; route allocated: 2 of 5; total allocated: 3 of 25]
08:16:54.588 [main] DEBUG org.apache.hc.client5.http.impl.io.PoolingHttpClientConnectionManager - ex-00000014: acquired ep-00000013
08:16:54.588 [main] DEBUG org.apache.hc.client5.http.impl.classic.InternalHttpClient - ex-00000014: acquired endpoint ep-00000013
08:16:54.588 [main] DEBUG org.apache.hc.client5.http.impl.classic.ConnectExec - ex-00000014: opening connection {s}->https://chromedriver.storage.googleapis.com:443
08:16:54.588 [main] DEBUG org.apache.hc.client5.http.impl.classic.InternalHttpClient - ep-00000013: connecting endpoint (30 SECONDS)
08:16:54.588 [main] DEBUG org.apache.hc.client5.http.impl.io.PoolingHttpClientConnectionManager - ep-00000013: connecting endpoint to https://chromedriver.storage.googleapis.com:443 (30 SECONDS)
08:16:54.589 [main] DEBUG org.apache.hc.client5.http.impl.io.DefaultHttpClientConnectionOperator - http-outgoing-14: connecting to chromedriver.storage.googleapis.com/34.101.5.27:443
08:16:54.589 [main] DEBUG org.apache.hc.client5.http.ssl.SSLConnectionSocketFactory - Connecting socket to chromedriver.storage.googleapis.com/34.101.5.27:443 with timeout 30 SECONDS
08:16:54.598 [main] DEBUG org.apache.hc.client5.http.ssl.SSLConnectionSocketFactory - Enabled protocols: [TLSv1.3, TLSv1.2]
08:16:54.598 [main] DEBUG org.apache.hc.client5.http.ssl.SSLConnectionSocketFactory - Enabled cipher suites: [TLS_AES_256_GCM_SHA384, TLS_AES_128_GCM_SHA256, TLS_CHACHA20_POLY1305_SHA256, TLS_ECDHE_ECDSA_WITH_AES_256_GCM_SHA384, TLS_ECDHE_ECDSA_WITH_AES_128_GCM_SHA256, TLS_ECDHE_ECDSA_WITH_CHACHA20_POLY1305_SHA256, TLS_ECDHE_RSA_WITH_AES_256_GCM_SHA384, TLS_ECDHE_RSA_WITH_CHACHA20_POLY1305_SHA256, TLS_ECDHE_RSA_WITH_AES_128_GCM_SHA256, TLS_DHE_RSA_WITH_AES_256_GCM_SHA384, TLS_DHE_RSA_WITH_CHACHA20_POLY1305_SHA256, TLS_DHE_DSS_WITH_AES_256_GCM_SHA384, TLS_DHE_RSA_WITH_AES_128_GCM_SHA256, TLS_DHE_DSS_WITH_AES_128_GCM_SHA256, TLS_ECDHE_ECDSA_WITH_AES_256_CBC_SHA384, TLS_ECDHE_RSA_WITH_AES_256_CBC_SHA384, TLS_ECDHE_ECDSA_WITH_AES_128_CBC_SHA256, TLS_ECDHE_RSA_WITH_AES_128_CBC_SHA256, TLS_DHE_RSA_WITH_AES_256_CBC_SHA256, TLS_DHE_DSS_WITH_AES_256_CBC_SHA256, TLS_DHE_RSA_WITH_AES_128_CBC_SHA256, TLS_DHE_DSS_WITH_AES_128_CBC_SHA256, TLS_ECDH_ECDSA_WITH_AES_256_GCM_SHA384, TLS_ECDH_RSA_WITH_AES_256_GCM_SHA384, TLS_ECDH_ECDSA_WITH_AES_128_GCM_SHA256, TLS_ECDH_RSA_WITH_AES_128_GCM_SHA256, TLS_ECDH_ECDSA_WITH_AES_256_CBC_SHA384, TLS_ECDH_RSA_WITH_AES_256_CBC_SHA384, TLS_ECDH_ECDSA_WITH_AES_128_CBC_SHA256, TLS_ECDH_RSA_WITH_AES_128_CBC_SHA256, TLS_ECDHE_ECDSA_WITH_AES_256_CBC_SHA, TLS_ECDHE_RSA_WITH_AES_256_CBC_SHA, TLS_ECDHE_ECDSA_WITH_AES_128_CBC_SHA, TLS_ECDHE_RSA_WITH_AES_128_CBC_SHA, TLS_DHE_RSA_WITH_AES_256_CBC_SHA, TLS_DHE_DSS_WITH_AES_256_CBC_SHA, TLS_DHE_RSA_WITH_AES_128_CBC_SHA, TLS_DHE_DSS_WITH_AES_128_CBC_SHA, TLS_ECDH_ECDSA_WITH_AES_256_CBC_SHA, TLS_ECDH_RSA_WITH_AES_256_CBC_SHA, TLS_ECDH_ECDSA_WITH_AES_128_CBC_SHA, TLS_ECDH_RSA_WITH_AES_128_CBC_SHA, TLS_RSA_WITH_AES_256_GCM_SHA384, TLS_RSA_WITH_AES_128_GCM_SHA256, TLS_RSA_WITH_AES_256_CBC_SHA256, TLS_RSA_WITH_AES_128_CBC_SHA256, TLS_RSA_WITH_AES_256_CBC_SHA, TLS_RSA_WITH_AES_128_CBC_SHA, TLS_EMPTY_RENEGOTIATION_INFO_SCSV]
08:16:54.598 [main] DEBUG org.apache.hc.client5.http.ssl.SSLConnectionSocketFactory - Starting handshake
08:16:54.649 [main] DEBUG org.apache.hc.client5.http.ssl.SSLConnectionSocketFactory - Secure session established
08:16:54.649 [main] DEBUG org.apache.hc.client5.http.ssl.SSLConnectionSocketFactory -  negotiated protocol: TLSv1.3
08:16:54.649 [main] DEBUG org.apache.hc.client5.http.ssl.SSLConnectionSocketFactory -  negotiated cipher suite: TLS_AES_256_GCM_SHA384
08:16:54.649 [main] DEBUG org.apache.hc.client5.http.ssl.SSLConnectionSocketFactory -  peer principal: CN=*.storage.googleapis.com
08:16:54.649 [main] DEBUG org.apache.hc.client5.http.ssl.SSLConnectionSocketFactory -  peer alternative names: [*.storage.googleapis.com, *.googleapis.com, commondatastorage.googleapis.com, *.commondatastorage.googleapis.com, storage.googleapis.com, storage-p2.googleapis.com, *.storage-p2.googleapis.com, storage.mtls.googleapis.com, *.appspot.com.storage.googleapis.com, *.content-storage.googleapis.com, *.content-storage-p2.googleapis.com, *.content-storage-upload.googleapis.com, *.content-storage-download.googleapis.com, *.storage-upload.googleapis.com, *.storage-download.googleapis.com]
08:16:54.649 [main] DEBUG org.apache.hc.client5.http.ssl.SSLConnectionSocketFactory -  issuer principal: CN=GTS CA 1C3, O=Google Trust Services LLC, C=US
08:16:54.649 [main] DEBUG org.apache.hc.client5.http.impl.io.DefaultHttpClientConnectionOperator - http-outgoing-14: connection established 192.168.100.42:64261<->34.101.5.27:443
08:16:54.649 [main] DEBUG org.apache.hc.client5.http.impl.io.PoolingHttpClientConnectionManager - ep-00000013: connected http-outgoing-14
08:16:54.649 [main] DEBUG org.apache.hc.client5.http.impl.classic.InternalHttpClient - ep-00000013: endpoint connected
08:16:54.649 [main] DEBUG org.apache.hc.client5.http.impl.classic.MainClientExec - ex-00000014: executing GET /LATEST_RELEASE HTTP/1.1
08:16:54.649 [main] DEBUG org.apache.hc.client5.http.impl.classic.InternalHttpClient - ep-00000013: start execution ex-00000014
08:16:54.649 [main] DEBUG org.apache.hc.client5.http.impl.io.PoolingHttpClientConnectionManager - ep-00000013: executing exchange ex-00000014 over http-outgoing-14
08:16:54.649 [main] DEBUG org.apache.hc.client5.http.headers - http-outgoing-14 >> GET /LATEST_RELEASE HTTP/1.1
08:16:54.649 [main] DEBUG org.apache.hc.client5.http.headers - http-outgoing-14 >> user-agent: Apache-HttpClient/5.0
08:16:54.649 [main] DEBUG org.apache.hc.client5.http.headers - http-outgoing-14 >> accept-encoding: gzip, deflate, br
08:16:54.649 [main] DEBUG org.apache.hc.client5.http.headers - http-outgoing-14 >> cache-control: max-age=0
08:16:54.649 [main] DEBUG org.apache.hc.client5.http.headers - http-outgoing-14 >> connection: keep-alive
08:16:54.649 [main] DEBUG org.apache.hc.client5.http.headers - http-outgoing-14 >> Host: chromedriver.storage.googleapis.com
08:16:54.649 [main] DEBUG org.apache.hc.client5.http.wire - http-outgoing-14 >> "GET /LATEST_RELEASE HTTP/1.1[\r][\n]"
08:16:54.649 [main] DEBUG org.apache.hc.client5.http.wire - http-outgoing-14 >> "user-agent: Apache-HttpClient/5.0[\r][\n]"
08:16:54.649 [main] DEBUG org.apache.hc.client5.http.wire - http-outgoing-14 >> "accept-encoding: gzip, deflate, br[\r][\n]"
08:16:54.649 [main] DEBUG org.apache.hc.client5.http.wire - http-outgoing-14 >> "cache-control: max-age=0[\r][\n]"
08:16:54.649 [main] DEBUG org.apache.hc.client5.http.wire - http-outgoing-14 >> "connection: keep-alive[\r][\n]"
08:16:54.649 [main] DEBUG org.apache.hc.client5.http.wire - http-outgoing-14 >> "Host: chromedriver.storage.googleapis.com[\r][\n]"
08:16:54.649 [main] DEBUG org.apache.hc.client5.http.wire - http-outgoing-14 >> "[\r][\n]"
08:16:54.665 [main] DEBUG org.apache.hc.client5.http.wire - http-outgoing-14 << "HTTP/1.1 200 OK[\r][\n]"
08:16:54.665 [main] DEBUG org.apache.hc.client5.http.wire - http-outgoing-14 << "X-GUploader-UploadID: ADPycdtlv5hyKNxkNAPoXZam3m80ckJ0H-Ebjpx_73hqg_-MuXohMxIalbpmUb0_5biLUD8lFSrTzvfL6YS-efZL0_eYGq5S2akq[\r][\n]"
08:16:54.665 [main] DEBUG org.apache.hc.client5.http.wire - http-outgoing-14 << "x-goog-generation: 1685523462105569[\r][\n]"
08:16:54.665 [main] DEBUG org.apache.hc.client5.http.wire - http-outgoing-14 << "x-goog-metageneration: 1[\r][\n]"
08:16:54.665 [main] DEBUG org.apache.hc.client5.http.wire - http-outgoing-14 << "x-goog-stored-content-encoding: identity[\r][\n]"
08:16:54.665 [main] DEBUG org.apache.hc.client5.http.wire - http-outgoing-14 << "x-goog-stored-content-length: 13[\r][\n]"
08:16:54.665 [main] DEBUG org.apache.hc.client5.http.wire - http-outgoing-14 << "x-goog-hash: crc32c=tVW4TA==[\r][\n]"
08:16:54.665 [main] DEBUG org.apache.hc.client5.http.wire - http-outgoing-14 << "x-goog-hash: md5=NoaEuIlBlniwTkiZ1T16sA==[\r][\n]"
08:16:54.665 [main] DEBUG org.apache.hc.client5.http.wire - http-outgoing-14 << "x-goog-storage-class: STANDARD[\r][\n]"
08:16:54.665 [main] DEBUG org.apache.hc.client5.http.wire - http-outgoing-14 << "Accept-Ranges: bytes[\r][\n]"
08:16:54.665 [main] DEBUG org.apache.hc.client5.http.wire - http-outgoing-14 << "Content-Length: 13[\r][\n]"
08:16:54.665 [main] DEBUG org.apache.hc.client5.http.wire - http-outgoing-14 << "Server: UploadServer[\r][\n]"
08:16:54.665 [main] DEBUG org.apache.hc.client5.http.wire - http-outgoing-14 << "Date: Fri, 06 Oct 2023 01:08:29 GMT[\r][\n]"
08:16:54.665 [main] DEBUG org.apache.hc.client5.http.wire - http-outgoing-14 << "Expires: Fri, 06 Oct 2023 02:08:29 GMT[\r][\n]"
08:16:54.665 [main] DEBUG org.apache.hc.client5.http.wire - http-outgoing-14 << "Cache-Control: public, max-age=3600[\r][\n]"
08:16:54.665 [main] DEBUG org.apache.hc.client5.http.wire - http-outgoing-14 << "Age: 507[\r][\n]"
08:16:54.665 [main] DEBUG org.apache.hc.client5.http.wire - http-outgoing-14 << "Last-Modified: Wed, 31 May 2023 08:57:42 GMT[\r][\n]"
08:16:54.665 [main] DEBUG org.apache.hc.client5.http.wire - http-outgoing-14 << "ETag: "368684b889419678b04e4899d53d7ab0"[\r][\n]"
08:16:54.665 [main] DEBUG org.apache.hc.client5.http.wire - http-outgoing-14 << "Content-Type: text/plain[\r][\n]"
08:16:54.665 [main] DEBUG org.apache.hc.client5.http.wire - http-outgoing-14 << "Alt-Svc: h3=":443"; ma=2592000,h3-29=":443"; ma=2592000[\r][\n]"
08:16:54.665 [main] DEBUG org.apache.hc.client5.http.wire - http-outgoing-14 << "[\r][\n]"
08:16:54.665 [main] DEBUG org.apache.hc.client5.http.wire - http-outgoing-14 << "114.0.5735.90"
08:16:54.665 [main] DEBUG org.apache.hc.client5.http.headers - http-outgoing-14 << HTTP/1.1 200 OK
08:16:54.665 [main] DEBUG org.apache.hc.client5.http.headers - http-outgoing-14 << X-GUploader-UploadID: ADPycdtlv5hyKNxkNAPoXZam3m80ckJ0H-Ebjpx_73hqg_-MuXohMxIalbpmUb0_5biLUD8lFSrTzvfL6YS-efZL0_eYGq5S2akq
08:16:54.665 [main] DEBUG org.apache.hc.client5.http.headers - http-outgoing-14 << x-goog-generation: 1685523462105569
08:16:54.665 [main] DEBUG org.apache.hc.client5.http.headers - http-outgoing-14 << x-goog-metageneration: 1
08:16:54.665 [main] DEBUG org.apache.hc.client5.http.headers - http-outgoing-14 << x-goog-stored-content-encoding: identity
08:16:54.665 [main] DEBUG org.apache.hc.client5.http.headers - http-outgoing-14 << x-goog-stored-content-length: 13
08:16:54.665 [main] DEBUG org.apache.hc.client5.http.headers - http-outgoing-14 << x-goog-hash: crc32c=tVW4TA==
08:16:54.665 [main] DEBUG org.apache.hc.client5.http.headers - http-outgoing-14 << x-goog-hash: md5=NoaEuIlBlniwTkiZ1T16sA==
08:16:54.665 [main] DEBUG org.apache.hc.client5.http.headers - http-outgoing-14 << x-goog-storage-class: STANDARD
08:16:54.665 [main] DEBUG org.apache.hc.client5.http.headers - http-outgoing-14 << Accept-Ranges: bytes
08:16:54.665 [main] DEBUG org.apache.hc.client5.http.headers - http-outgoing-14 << Content-Length: 13
08:16:54.665 [main] DEBUG org.apache.hc.client5.http.headers - http-outgoing-14 << Server: UploadServer
08:16:54.665 [main] DEBUG org.apache.hc.client5.http.headers - http-outgoing-14 << Date: Fri, 06 Oct 2023 01:08:29 GMT
08:16:54.665 [main] DEBUG org.apache.hc.client5.http.headers - http-outgoing-14 << Expires: Fri, 06 Oct 2023 02:08:29 GMT
08:16:54.665 [main] DEBUG org.apache.hc.client5.http.headers - http-outgoing-14 << Cache-Control: public, max-age=3600
08:16:54.665 [main] DEBUG org.apache.hc.client5.http.headers - http-outgoing-14 << Age: 507
08:16:54.665 [main] DEBUG org.apache.hc.client5.http.headers - http-outgoing-14 << Last-Modified: Wed, 31 May 2023 08:57:42 GMT
08:16:54.665 [main] DEBUG org.apache.hc.client5.http.headers - http-outgoing-14 << ETag: "368684b889419678b04e4899d53d7ab0"
08:16:54.665 [main] DEBUG org.apache.hc.client5.http.headers - http-outgoing-14 << Content-Type: text/plain
08:16:54.665 [main] DEBUG org.apache.hc.client5.http.headers - http-outgoing-14 << Alt-Svc: h3=":443"; ma=2592000,h3-29=":443"; ma=2592000
08:16:54.665 [main] DEBUG org.apache.hc.client5.http.impl.classic.MainClientExec - ex-00000014: connection can be kept alive for 3 MINUTES
08:16:54.665 [main] DEBUG org.apache.hc.client5.http.impl.classic.InternalHttpClient - ep-00000013: releasing valid endpoint
08:16:54.665 [main] DEBUG org.apache.hc.client5.http.impl.io.PoolingHttpClientConnectionManager - ep-00000013: releasing endpoint
08:16:54.665 [main] DEBUG org.apache.hc.client5.http.impl.io.PoolingHttpClientConnectionManager - ep-00000013: connection http-outgoing-14 can be kept alive for 3 MINUTES
08:16:54.665 [main] DEBUG org.apache.hc.client5.http.impl.io.PoolingHttpClientConnectionManager - ep-00000013: connection released [route: {s}->https://chromedriver.storage.googleapis.com:443][total available: 2; route allocated: 2 of 5; total allocated: 3 of 25]
08:16:54.665 [main] DEBUG io.github.bonigarcia.wdm.versions.VersionDetector - Latest version of chromedriver according to https://chromedriver.storage.googleapis.com/LATEST_RELEASE is 114.0.5735.90
08:16:54.669 [main] DEBUG io.github.bonigarcia.wdm.WebDriverManager - Driver chromedriver 114.0.5735.90 found in cache
08:16:54.670 [main] INFO io.github.bonigarcia.wdm.WebDriverManager - Exporting webdriver.chrome.driver as C:\Users\Bagas Dwi Saputra\.cache\selenium\chromedriver\win32\114.0.5735.90\chromedriver.exe
08:16:54.766 [main] DEBUG net.thucydides.core.reflection.ClassFinder - Could not load class net.serenitybdd.rest.utils.RestSpecificationFactory
08:16:54.884 [main] DEBUG net.thucydides.core.reflection.ClassFinder - Could not load class net.serenitybdd.rest.utils.RestSpecificationFactory
08:16:54.884 [main] INFO net.serenitybdd.core.webdriver.driverproviders.ProvideNewDriver - Instantiating driver
08:16:54.884 [main] INFO net.serenitybdd.core.webdriver.driverproviders.ProvideNewDriver - Driver capabilities: Capabilities {acceptInsecureCerts: false, base.url: https://app.jubelio.com, browserName: chrome, chrome.driver: src/test/resources/webdrive..., driver: chrome, goog:chromeOptions: {args: [], extensions: []}, loggingPrefs: org.openqa.selenium.logging...}
08:16:56.191 [main] DEBUG net.thucydides.core.reflection.ClassFinder - Could not load class net.serenitybdd.rest.utils.RestSpecificationFactory
08:16:59.325 [main] DEBUG net.serenitybdd.core.photography.Darkroom - Send negative for processing for target\site\serenity\3038817d7525da4800fd8186255ce5e4cf68991618dfa75c3b583a90d9f85639.png
08:16:59.325 [main] DEBUG net.thucydides.core.steps.StepInterceptor - STEP DONE: openLink
08:16:59.331 [main] DEBUG net.thucydides.core.steps.StepInterceptor - STARTING STEP: InventoryStockSteps.loginClickButtonLogin - fills in the {string} with valid data email
08:16:59.659 [main] DEBUG net.serenitybdd.core.photography.Darkroom - Send negative for processing for target\site\serenity\02cb3251a2c30973c12b10e8084828a02f3abc0c297b24f7b7c3631066f5dea2.png
08:16:59.660 [main] DEBUG net.thucydides.core.steps.StepInterceptor - STEP DONE: fills in the {string} with valid data email
08:16:59.665 [main] DEBUG net.thucydides.core.steps.StepInterceptor - STARTING STEP: InventoryStockSteps.loginClickButtonLogin - fill in the {string} with valid data pass
08:17:00.136 [main] DEBUG net.serenitybdd.core.photography.Darkroom - Send negative for processing for target\site\serenity\5dc24619ffebe0c41da8a637d8beb23c9e33e774adc357f7c3258d35d5138a5f.png
08:17:00.137 [main] DEBUG net.thucydides.core.steps.StepInterceptor - STEP DONE: fill in the {string} with valid data pass
08:17:00.137 [Darkroom Processing Line] DEBUG net.serenitybdd.core.photography.DarkroomProcessingLine - Processing screenshot image in /var/screenshots/screenshot-7816453548636287260
08:17:00.137 [Darkroom Processing Line] DEBUG net.serenitybdd.core.photography.DarkroomProcessingLine - Saving screenshot to target\site\serenity\5dc24619ffebe0c41da8a637d8beb23c9e33e774adc357f7c3258d35d5138a5f.png
08:17:00.143 [main] DEBUG net.thucydides.core.steps.StepInterceptor - STARTING STEP: InventoryStockSteps.loginClickButtonLogin - clickbtnlogin
08:17:00.880 [main] DEBUG net.serenitybdd.core.photography.Darkroom - Send negative for processing for target\site\serenity\0d33028cf65714d237d74fd1b92c78ea395031032234002542bf9ee3bc593259.png
08:17:00.880 [main] DEBUG net.thucydides.core.steps.StepInterceptor - STEP DONE: clickbtnlogin
08:17:00.880 [Darkroom Processing Line] DEBUG net.serenitybdd.core.photography.DarkroomProcessingLine - Processing screenshot image in /var/screenshots/screenshot-3889843277404236719
08:17:00.880 [Darkroom Processing Line] DEBUG net.serenitybdd.core.photography.DarkroomProcessingLine - Saving screenshot to target\site\serenity\0d33028cf65714d237d74fd1b92c78ea395031032234002542bf9ee3bc593259.png
08:17:03.973 [main] DEBUG net.serenitybdd.core.photography.Darkroom - Send negative for processing for target\site\serenity\32028730d6617cbaf4be8a3a222b15af4c3642cbbbed6c786edb05d6cdf1a6ef.png
08:17:03.973 [main] DEBUG net.thucydides.core.steps.StepInterceptor - STARTING STEP: InventoryStockSteps.loginClickButtonLogin - openUrlInventory
08:17:05.707 [main] DEBUG net.serenitybdd.core.photography.Darkroom - Send negative for processing for target\site\serenity\6f879fbc3fa37b0efa2de85d73c2f7aa37a41a1eb3555f08e089eca265a01b56.png
08:17:05.707 [main] DEBUG net.thucydides.core.steps.StepInterceptor - STEP DONE: openUrlInventory
  &amp#27;[32mGiven &amp#27;[0m&amp#27;[32mLogin &amp#27;[0m&amp#27;[32m&amp#27;[1m"qa.rakamin.jubelio@gmail.com"&amp#27;[0m&amp#27;[32m, &amp#27;[0m&amp#27;[32m&amp#27;[1m"Jubelio123!"&amp#27;[0m&amp#27;[32m, click button login&amp#27;[0m &amp#27;[90m# starter.stepdefinitios.InventoryStockSteps.loginClickButtonLogin(java.lang.String,java.lang.String)&amp#27;[0m
08:17:05.958 [main] DEBUG net.serenitybdd.core.photography.Darkroom - Send negative for processing for target\site\serenity\6f879fbc3fa37b0efa2de85d73c2f7aa37a41a1eb3555f08e089eca265a01b56.png
08:17:06.584 [main] DEBUG net.serenitybdd.core.photography.Darkroom - Send negative for processing for target\site\serenity\6f879fbc3fa37b0efa2de85d73c2f7aa37a41a1eb3555f08e089eca265a01b56.png
08:17:06.584 [main] DEBUG net.thucydides.core.steps.StepInterceptor - STARTING STEP: InventoryStockSteps.fillsInTheWithValidDataEmail - validatePagePersedian
08:17:06.614 [main] DEBUG net.thucydides.core.steps.StepInterceptor - STEP DONE: validatePagePersedian
08:17:06.911 [main] DEBUG net.serenitybdd.core.photography.Darkroom - Send negative for processing for target\site\serenity\6f879fbc3fa37b0efa2de85d73c2f7aa37a41a1eb3555f08e089eca265a01b56.png
08:17:06.911 [main] DEBUG net.thucydides.core.steps.StepInterceptor - STARTING STEP: InventoryStockSteps.fillsInTheWithValidDataEmail - btnPenyesuaianPersedian
08:17:07.189 [main] DEBUG net.serenitybdd.core.photography.Darkroom - Send negative for processing for target\site\serenity\74fed3f80884cac840d79721e608d85d4829a5fa5e043d3afe9fd61672487e18.png
08:17:07.189 [main] DEBUG net.thucydides.core.steps.StepInterceptor - STEP DONE: btnPenyesuaianPersedian
  &amp#27;[32mAnd &amp#27;[0m&amp#27;[32man inventory adjustment button click&amp#27;[0m                                      &amp#27;[90m# starter.stepdefinitios.InventoryStockSteps.fillsInTheWithValidDataEmail()&amp#27;[0m
08:17:07.190 [Darkroom Processing Line] DEBUG net.serenitybdd.core.photography.DarkroomProcessingLine - Processing screenshot image in /var/screenshots/screenshot-9191651115204939529
08:17:07.190 [Darkroom Processing Line] DEBUG net.serenitybdd.core.photography.DarkroomProcessingLine - Saving screenshot to target\site\serenity\74fed3f80884cac840d79721e608d85d4829a5fa5e043d3afe9fd61672487e18.png
08:17:07.820 [main] DEBUG net.serenitybdd.core.photography.Darkroom - Send negative for processing for target\site\serenity\15166dbf6520a9261d78e27350acbc2a58eb3d1dcb1989055a1a731adfc2c1ff.png
08:17:07.820 [main] DEBUG net.thucydides.core.steps.StepInterceptor - STARTING STEP: InventoryStockSteps.validateTheInventoryAdjustmentPage - validatePenyesuaianPersediaa
08:17:07.849 [main] DEBUG net.thucydides.core.steps.StepInterceptor - STEP DONE: validatePenyesuaianPersediaa
  &amp#27;[32mAnd &amp#27;[0m&amp#27;[32mvalidate the inventory adjustment page&amp#27;[0m                                    &amp#27;[90m# starter.stepdefinitios.InventoryStockSteps.validateTheInventoryAdjustmentPage()&amp#27;[0m
08:17:08.112 [main] DEBUG net.serenitybdd.core.photography.Darkroom - Send negative for processing for target\site\serenity\15166dbf6520a9261d78e27350acbc2a58eb3d1dcb1989055a1a731adfc2c1ff.png
08:17:08.112 [main] DEBUG net.thucydides.core.steps.StepInterceptor - STARTING STEP: InventoryStockSteps.click - btnLokasi
08:17:08.315 [main] DEBUG net.serenitybdd.core.photography.Darkroom - Send negative for processing for target\site\serenity\c3e8326d2be18d1ad61e3d9a6ee13e78fc12105281b1c796955aca7371cacc0a.png
08:17:08.315 [main] DEBUG net.thucydides.core.steps.StepInterceptor - STEP DONE: btnLokasi
08:17:08.606 [main] DEBUG net.serenitybdd.core.photography.Darkroom - Send negative for processing for target\site\serenity\c3e8326d2be18d1ad61e3d9a6ee13e78fc12105281b1c796955aca7371cacc0a.png
08:17:08.606 [main] DEBUG net.thucydides.core.steps.StepInterceptor - STARTING STEP: InventoryStockSteps.click - btnVarisi
08:17:08.807 [main] DEBUG net.serenitybdd.core.photography.Darkroom - Send negative for processing for target\site\serenity\15166dbf6520a9261d78e27350acbc2a58eb3d1dcb1989055a1a731adfc2c1ff.png
08:17:08.807 [main] DEBUG net.thucydides.core.steps.StepInterceptor - STEP DONE: btnVarisi
  &amp#27;[32mAnd &amp#27;[0m&amp#27;[32mclick &amp#27;[0m&amp#27;[32m&amp#27;[1m"Pusat"&amp#27;[0m                                                             &amp#27;[90m# starter.stepdefinitios.InventoryStockSteps.click(java.lang.String)&amp#27;[0m
08:17:08.807 [main] DEBUG net.thucydides.core.steps.StepInterceptor - STARTING STEP: InventoryStockSteps.youDeteleItem - btnPilihBarang
08:17:09.132 [main] DEBUG net.serenitybdd.core.photography.Darkroom - Send negative for processing for target\site\serenity\4ad241fb73c1c89946c9dbca954b3bd480f3e0df412929227b72eb870c6a0b08.png
08:17:09.133 [main] DEBUG net.thucydides.core.steps.StepInterceptor - STEP DONE: btnPilihBarang
08:17:09.411 [main] DEBUG net.serenitybdd.core.photography.Darkroom - Send negative for processing for target\site\serenity\7f15cb73ad9946f989a084b9c76e41b00b16b531bbbb82669f336e45d0310100.png
08:17:09.411 [main] DEBUG net.thucydides.core.steps.StepInterceptor - STARTING STEP: InventoryStockSteps.youDeteleItem - btnBarang
08:17:10.029 [main] DEBUG net.serenitybdd.core.photography.Darkroom - Send negative for processing for target\site\serenity\be526d1f3c9ba03380fc7940ec220bddfbf852182dc8e24311ec600a582a63b9.png
08:17:10.029 [main] DEBUG net.thucydides.core.steps.StepInterceptor - STEP DONE: btnBarang
08:17:10.323 [main] DEBUG net.serenitybdd.core.photography.Darkroom - Send negative for processing for target\site\serenity\be526d1f3c9ba03380fc7940ec220bddfbf852182dc8e24311ec600a582a63b9.png
08:17:10.323 [main] DEBUG net.thucydides.core.steps.StepInterceptor - STARTING STEP: InventoryStockSteps.youDeteleItem - btnCheckbox
08:17:10.524 [main] DEBUG net.serenitybdd.core.photography.Darkroom - Send negative for processing for target\site\serenity\92df7ab54759b385c8b37e27f41f8e53222d011d9764b856e094af490ced8885.png
08:17:10.524 [main] DEBUG net.thucydides.core.steps.StepInterceptor - STEP DONE: btnCheckbox
08:17:10.792 [main] DEBUG net.serenitybdd.core.photography.Darkroom - Send negative for processing for target\site\serenity\92df7ab54759b385c8b37e27f41f8e53222d011d9764b856e094af490ced8885.png
08:17:10.800 [main] DEBUG net.thucydides.core.steps.StepInterceptor - STARTING STEP: InventoryStockSteps.youDeteleItem - btnDelete
08:17:11.090 [main] DEBUG net.serenitybdd.core.photography.Darkroom - Send negative for processing for target\site\serenity\9c889276e5ad926f550985214c872c68b92e837c118828f6a5db62464305d863.png
08:17:11.090 [main] DEBUG net.thucydides.core.steps.StepInterceptor - STEP DONE: btnDelete
  &amp#27;[32mWhen &amp#27;[0m&amp#27;[32myou detele item &amp#27;[0m&amp#27;[32m&amp#27;[1m"Batal"&amp#27;[0m                                                  &amp#27;[90m# starter.stepdefinitios.InventoryStockSteps.youDeteleItem(java.lang.String)&amp#27;[0m
08:17:11.090 [Darkroom Processing Line] DEBUG net.serenitybdd.core.photography.DarkroomProcessingLine - Processing screenshot image in /var/screenshots/screenshot-10084423561592118914
08:17:11.090 [Darkroom Processing Line] DEBUG net.serenitybdd.core.photography.DarkroomProcessingLine - Saving screenshot to target\site\serenity\9c889276e5ad926f550985214c872c68b92e837c118828f6a5db62464305d863.png
08:17:11.105 [main] DEBUG net.thucydides.core.steps.StepInterceptor - STARTING STEP: InventoryStockSteps.validateTheNameEmpty - validatePilihBarang
08:17:11.127 [main] DEBUG net.thucydides.core.steps.StepInterceptor - STEP DONE: validatePilihBarang
  &amp#27;[32mThen &amp#27;[0m&amp#27;[32mvalidate the name empty&amp#27;[0m                                                  &amp#27;[90m# starter.stepdefinitios.InventoryStockSteps.validateTheNameEmpty()&amp#27;[0m
08:17:11.385 [main] INFO  - 
  _____   ___   ___   _____     ___     _     ___   ___   ___   ___  
 |_   _| | __| / __| |_   _|   | _ \   /_\   / __| / __| | __| |   \ 
   | |   | _|  \__ \   | |     |  _/  / _ \  \__ \ \__ \ | _|  | |) |
   |_|   |___| |___/   |_|     |_|   /_/ \_\ |___/ |___/ |___| |___/ 

Inventory Stock - Delete
----------------------------------------------------------------------
]]></system-out>
    <system-err><![CDATA[Starting ChromeDriver 117.0.5938.88 (be6afae4721209be42944bbcd325665f9f44563b-refs/branch-heads/5938_62@{#9}) on port 24124
Only local connections are allowed.
Please see https://chromedriver.chromium.org/security-considerations for suggestions on keeping ChromeDriver safe.
ChromeDriver was started successfully.
Oct 06, 2023 8:16:55 AM org.openqa.selenium.remote.ProtocolHandshake createSession
INFO: Detected dialect: W3C
]]></system-err>
  </testcase>
  <testcase name="Inventory Stock - Delete #3" classname="Inventory Stock at app.jubelio" time="16.879">
    <system-out><![CDATA[
@Inventory @DeleteStock
Scenario Outline: Inventory Stock - Delete                                      &amp#27;[90m# src/test/resources/features/user/inventorystock.feature:32&amp#27;[0m
08:17:11.391 [main] INFO io.cucumber.core.plugin.SerenityReporter - Running feature from file:///D:/QE/Automation/Jubelio-Website/src/test/resources/features/user/inventorystock.feature
08:17:11.568 [main] DEBUG net.thucydides.core.steps.StepInterceptor - STARTING STEP: InventoryStockSteps.loginClickButtonLogin - openLink
08:17:11.569 [main] INFO net.serenitybdd.core.webdriver.driverproviders.ChromeDriverProvider - Using automatically driver download
08:17:11.578 [main] DEBUG org.apache.hc.client5.http.impl.classic.InternalHttpClient - ex-00000015: preparing request execution
08:17:11.579 [main] DEBUG org.apache.hc.client5.http.protocol.RequestAddCookies - Cookie spec selected: strict
08:17:11.579 [main] DEBUG org.apache.hc.client5.http.protocol.RequestAuthCache - Auth cache not set in the context
08:17:11.579 [main] DEBUG org.apache.hc.client5.http.impl.classic.ProtocolExec - ex-00000015: target auth state: UNCHALLENGED
08:17:11.579 [main] DEBUG org.apache.hc.client5.http.impl.classic.ProtocolExec - ex-00000015: proxy auth state: UNCHALLENGED
08:17:11.579 [main] DEBUG org.apache.hc.client5.http.impl.classic.ConnectExec - ex-00000015: acquiring connection with route {s}->https://raw.githubusercontent.com:443
08:17:11.579 [main] DEBUG org.apache.hc.client5.http.impl.classic.InternalHttpClient - ex-00000015: acquiring endpoint (3 MINUTES)
08:17:11.579 [main] DEBUG org.apache.hc.client5.http.impl.io.PoolingHttpClientConnectionManager - ex-00000015: endpoint lease request (3 MINUTES) [route: {s}->https://raw.githubusercontent.com:443][total available: 0; route allocated: 0 of 5; total allocated: 0 of 25]
08:17:11.579 [main] DEBUG org.apache.hc.client5.http.impl.io.PoolingHttpClientConnectionManager - ex-00000015: endpoint leased [route: {s}->https://raw.githubusercontent.com:443][total available: 0; route allocated: 1 of 5; total allocated: 1 of 25]
08:17:11.579 [main] DEBUG org.apache.hc.client5.http.impl.io.PoolingHttpClientConnectionManager - ex-00000015: acquired ep-00000014
08:17:11.579 [main] DEBUG org.apache.hc.client5.http.impl.classic.InternalHttpClient - ex-00000015: acquired endpoint ep-00000014
08:17:11.579 [main] DEBUG org.apache.hc.client5.http.impl.classic.ConnectExec - ex-00000015: opening connection {s}->https://raw.githubusercontent.com:443
08:17:11.579 [main] DEBUG org.apache.hc.client5.http.impl.classic.InternalHttpClient - ep-00000014: connecting endpoint (30 SECONDS)
08:17:11.579 [main] DEBUG org.apache.hc.client5.http.impl.io.PoolingHttpClientConnectionManager - ep-00000014: connecting endpoint to https://raw.githubusercontent.com:443 (30 SECONDS)
08:17:11.579 [main] DEBUG org.apache.hc.client5.http.impl.io.DefaultHttpClientConnectionOperator - http-outgoing-15: connecting to raw.githubusercontent.com/185.199.108.133:443
08:17:11.579 [main] DEBUG org.apache.hc.client5.http.ssl.SSLConnectionSocketFactory - Connecting socket to raw.githubusercontent.com/185.199.108.133:443 with timeout 30 SECONDS
08:17:11.604 [main] DEBUG org.apache.hc.client5.http.ssl.SSLConnectionSocketFactory - Enabled protocols: [TLSv1.3, TLSv1.2]
08:17:11.604 [main] DEBUG org.apache.hc.client5.http.ssl.SSLConnectionSocketFactory - Enabled cipher suites: [TLS_AES_256_GCM_SHA384, TLS_AES_128_GCM_SHA256, TLS_CHACHA20_POLY1305_SHA256, TLS_ECDHE_ECDSA_WITH_AES_256_GCM_SHA384, TLS_ECDHE_ECDSA_WITH_AES_128_GCM_SHA256, TLS_ECDHE_ECDSA_WITH_CHACHA20_POLY1305_SHA256, TLS_ECDHE_RSA_WITH_AES_256_GCM_SHA384, TLS_ECDHE_RSA_WITH_CHACHA20_POLY1305_SHA256, TLS_ECDHE_RSA_WITH_AES_128_GCM_SHA256, TLS_DHE_RSA_WITH_AES_256_GCM_SHA384, TLS_DHE_RSA_WITH_CHACHA20_POLY1305_SHA256, TLS_DHE_DSS_WITH_AES_256_GCM_SHA384, TLS_DHE_RSA_WITH_AES_128_GCM_SHA256, TLS_DHE_DSS_WITH_AES_128_GCM_SHA256, TLS_ECDHE_ECDSA_WITH_AES_256_CBC_SHA384, TLS_ECDHE_RSA_WITH_AES_256_CBC_SHA384, TLS_ECDHE_ECDSA_WITH_AES_128_CBC_SHA256, TLS_ECDHE_RSA_WITH_AES_128_CBC_SHA256, TLS_DHE_RSA_WITH_AES_256_CBC_SHA256, TLS_DHE_DSS_WITH_AES_256_CBC_SHA256, TLS_DHE_RSA_WITH_AES_128_CBC_SHA256, TLS_DHE_DSS_WITH_AES_128_CBC_SHA256, TLS_ECDH_ECDSA_WITH_AES_256_GCM_SHA384, TLS_ECDH_RSA_WITH_AES_256_GCM_SHA384, TLS_ECDH_ECDSA_WITH_AES_128_GCM_SHA256, TLS_ECDH_RSA_WITH_AES_128_GCM_SHA256, TLS_ECDH_ECDSA_WITH_AES_256_CBC_SHA384, TLS_ECDH_RSA_WITH_AES_256_CBC_SHA384, TLS_ECDH_ECDSA_WITH_AES_128_CBC_SHA256, TLS_ECDH_RSA_WITH_AES_128_CBC_SHA256, TLS_ECDHE_ECDSA_WITH_AES_256_CBC_SHA, TLS_ECDHE_RSA_WITH_AES_256_CBC_SHA, TLS_ECDHE_ECDSA_WITH_AES_128_CBC_SHA, TLS_ECDHE_RSA_WITH_AES_128_CBC_SHA, TLS_DHE_RSA_WITH_AES_256_CBC_SHA, TLS_DHE_DSS_WITH_AES_256_CBC_SHA, TLS_DHE_RSA_WITH_AES_128_CBC_SHA, TLS_DHE_DSS_WITH_AES_128_CBC_SHA, TLS_ECDH_ECDSA_WITH_AES_256_CBC_SHA, TLS_ECDH_RSA_WITH_AES_256_CBC_SHA, TLS_ECDH_ECDSA_WITH_AES_128_CBC_SHA, TLS_ECDH_RSA_WITH_AES_128_CBC_SHA, TLS_RSA_WITH_AES_256_GCM_SHA384, TLS_RSA_WITH_AES_128_GCM_SHA256, TLS_RSA_WITH_AES_256_CBC_SHA256, TLS_RSA_WITH_AES_128_CBC_SHA256, TLS_RSA_WITH_AES_256_CBC_SHA, TLS_RSA_WITH_AES_128_CBC_SHA, TLS_EMPTY_RENEGOTIATION_INFO_SCSV]
08:17:11.604 [main] DEBUG org.apache.hc.client5.http.ssl.SSLConnectionSocketFactory - Starting handshake
08:17:11.636 [main] DEBUG org.apache.hc.client5.http.ssl.SSLConnectionSocketFactory - Secure session established
08:17:11.636 [main] DEBUG org.apache.hc.client5.http.ssl.SSLConnectionSocketFactory -  negotiated protocol: TLSv1.3
08:17:11.636 [main] DEBUG org.apache.hc.client5.http.ssl.SSLConnectionSocketFactory -  negotiated cipher suite: TLS_AES_256_GCM_SHA384
08:17:11.636 [main] DEBUG org.apache.hc.client5.http.ssl.SSLConnectionSocketFactory -  peer principal: CN=*.github.io, O="GitHub, Inc.", L=San Francisco, ST=California, C=US
08:17:11.636 [main] DEBUG org.apache.hc.client5.http.ssl.SSLConnectionSocketFactory -  peer alternative names: [*.github.io, github.io, *.github.com, github.com, www.github.com, *.githubusercontent.com, githubusercontent.com]
08:17:11.636 [main] DEBUG org.apache.hc.client5.http.ssl.SSLConnectionSocketFactory -  issuer principal: CN=DigiCert TLS RSA SHA256 2020 CA1, O=DigiCert Inc, C=US
08:17:11.636 [main] DEBUG org.apache.hc.client5.http.impl.io.DefaultHttpClientConnectionOperator - http-outgoing-15: connection established 192.168.100.42:64339<->185.199.108.133:443
08:17:11.636 [main] DEBUG org.apache.hc.client5.http.impl.io.PoolingHttpClientConnectionManager - ep-00000014: connected http-outgoing-15
08:17:11.636 [main] DEBUG org.apache.hc.client5.http.impl.classic.InternalHttpClient - ep-00000014: endpoint connected
08:17:11.636 [main] DEBUG org.apache.hc.client5.http.impl.classic.MainClientExec - ex-00000015: executing GET /bonigarcia/webdrivermanager/master/src/main/resources/commands.properties HTTP/1.1
08:17:11.636 [main] DEBUG org.apache.hc.client5.http.impl.classic.InternalHttpClient - ep-00000014: start execution ex-00000015
08:17:11.636 [main] DEBUG org.apache.hc.client5.http.impl.io.PoolingHttpClientConnectionManager - ep-00000014: executing exchange ex-00000015 over http-outgoing-15
08:17:11.636 [main] DEBUG org.apache.hc.client5.http.headers - http-outgoing-15 >> GET /bonigarcia/webdrivermanager/master/src/main/resources/commands.properties HTTP/1.1
08:17:11.636 [main] DEBUG org.apache.hc.client5.http.headers - http-outgoing-15 >> user-agent: Apache-HttpClient/5.0
08:17:11.636 [main] DEBUG org.apache.hc.client5.http.headers - http-outgoing-15 >> accept-encoding: gzip, deflate, br
08:17:11.636 [main] DEBUG org.apache.hc.client5.http.headers - http-outgoing-15 >> cache-control: max-age=0
08:17:11.636 [main] DEBUG org.apache.hc.client5.http.headers - http-outgoing-15 >> connection: keep-alive
08:17:11.636 [main] DEBUG org.apache.hc.client5.http.headers - http-outgoing-15 >> Host: raw.githubusercontent.com
08:17:11.636 [main] DEBUG org.apache.hc.client5.http.wire - http-outgoing-15 >> "GET /bonigarcia/webdrivermanager/master/src/main/resources/commands.properties HTTP/1.1[\r][\n]"
08:17:11.636 [main] DEBUG org.apache.hc.client5.http.wire - http-outgoing-15 >> "user-agent: Apache-HttpClient/5.0[\r][\n]"
08:17:11.636 [main] DEBUG org.apache.hc.client5.http.wire - http-outgoing-15 >> "accept-encoding: gzip, deflate, br[\r][\n]"
08:17:11.636 [main] DEBUG org.apache.hc.client5.http.wire - http-outgoing-15 >> "cache-control: max-age=0[\r][\n]"
08:17:11.636 [main] DEBUG org.apache.hc.client5.http.wire - http-outgoing-15 >> "connection: keep-alive[\r][\n]"
08:17:11.636 [main] DEBUG org.apache.hc.client5.http.wire - http-outgoing-15 >> "Host: raw.githubusercontent.com[\r][\n]"
08:17:11.636 [main] DEBUG org.apache.hc.client5.http.wire - http-outgoing-15 >> "[\r][\n]"
08:17:11.683 [main] DEBUG org.apache.hc.client5.http.wire - http-outgoing-15 << "HTTP/1.1 200 OK[\r][\n]"
08:17:11.683 [main] DEBUG org.apache.hc.client5.http.wire - http-outgoing-15 << "Connection: keep-alive[\r][\n]"
08:17:11.683 [main] DEBUG org.apache.hc.client5.http.wire - http-outgoing-15 << "Content-Length: 723[\r][\n]"
08:17:11.683 [main] DEBUG org.apache.hc.client5.http.wire - http-outgoing-15 << "Cache-Control: max-age=300[\r][\n]"
08:17:11.683 [main] DEBUG org.apache.hc.client5.http.wire - http-outgoing-15 << "Content-Security-Policy: default-src 'none'; style-src 'unsafe-inline'; sandbox[\r][\n]"
08:17:11.683 [main] DEBUG org.apache.hc.client5.http.wire - http-outgoing-15 << "Content-Type: text/plain; charset=utf-8[\r][\n]"
08:17:11.683 [main] DEBUG org.apache.hc.client5.http.wire - http-outgoing-15 << "ETag: W/"e82b438271e9e8680c688b0b680efd0bdd22faa6d6f0a32fc1fd8accc486b67e"[\r][\n]"
08:17:11.683 [main] DEBUG org.apache.hc.client5.http.wire - http-outgoing-15 << "Strict-Transport-Security: max-age=31536000[\r][\n]"
08:17:11.683 [main] DEBUG org.apache.hc.client5.http.wire - http-outgoing-15 << "X-Content-Type-Options: nosniff[\r][\n]"
08:17:11.683 [main] DEBUG org.apache.hc.client5.http.wire - http-outgoing-15 << "X-Frame-Options: deny[\r][\n]"
08:17:11.683 [main] DEBUG org.apache.hc.client5.http.wire - http-outgoing-15 << "X-XSS-Protection: 1; mode=block[\r][\n]"
08:17:11.683 [main] DEBUG org.apache.hc.client5.http.wire - http-outgoing-15 << "X-GitHub-Request-Id: 4CA0:B8C7F:70C4E:8CACE:651389F9[\r][\n]"
08:17:11.683 [main] DEBUG org.apache.hc.client5.http.wire - http-outgoing-15 << "Content-Encoding: gzip[\r][\n]"
08:17:11.683 [main] DEBUG org.apache.hc.client5.http.wire - http-outgoing-15 << "Accept-Ranges: bytes[\r][\n]"
08:17:11.683 [main] DEBUG org.apache.hc.client5.http.wire - http-outgoing-15 << "Date: Fri, 06 Oct 2023 01:17:13 GMT[\r][\n]"
08:17:11.683 [main] DEBUG org.apache.hc.client5.http.wire - http-outgoing-15 << "Via: 1.1 varnish[\r][\n]"
08:17:11.683 [main] DEBUG org.apache.hc.client5.http.wire - http-outgoing-15 << "X-Served-By: cache-qpg1275-QPG[\r][\n]"
08:17:11.683 [main] DEBUG org.apache.hc.client5.http.wire - http-outgoing-15 << "X-Cache: HIT[\r][\n]"
08:17:11.683 [main] DEBUG org.apache.hc.client5.http.wire - http-outgoing-15 << "X-Cache-Hits: 1[\r][\n]"
08:17:11.683 [main] DEBUG org.apache.hc.client5.http.wire - http-outgoing-15 << "X-Timer: S1696555034.809871,VS0,VE1[\r][\n]"
08:17:11.683 [main] DEBUG org.apache.hc.client5.http.wire - http-outgoing-15 << "Vary: Authorization,Accept-Encoding,Origin[\r][\n]"
08:17:11.683 [main] DEBUG org.apache.hc.client5.http.wire - http-outgoing-15 << "Access-Control-Allow-Origin: *[\r][\n]"
08:17:11.683 [main] DEBUG org.apache.hc.client5.http.wire - http-outgoing-15 << "Cross-Origin-Resource-Policy: cross-origin[\r][\n]"
08:17:11.683 [main] DEBUG org.apache.hc.client5.http.wire - http-outgoing-15 << "X-Fastly-Request-ID: e2cd057ea35625025739380c1e0823aff30b57ee[\r][\n]"
08:17:11.683 [main] DEBUG org.apache.hc.client5.http.wire - http-outgoing-15 << "Expires: Fri, 06 Oct 2023 01:22:13 GMT[\r][\n]"
08:17:11.683 [main] DEBUG org.apache.hc.client5.http.wire - http-outgoing-15 << "Source-Age: 66[\r][\n]"
08:17:11.683 [main] DEBUG org.apache.hc.client5.http.wire - http-outgoing-15 << "[\r][\n]"
08:17:11.683 [main] DEBUG org.apache.hc.client5.http.headers - http-outgoing-15 << HTTP/1.1 200 OK
08:17:11.683 [main] DEBUG org.apache.hc.client5.http.headers - http-outgoing-15 << Connection: keep-alive
08:17:11.683 [main] DEBUG org.apache.hc.client5.http.headers - http-outgoing-15 << Content-Length: 723
08:17:11.683 [main] DEBUG org.apache.hc.client5.http.headers - http-outgoing-15 << Cache-Control: max-age=300
08:17:11.683 [main] DEBUG org.apache.hc.client5.http.headers - http-outgoing-15 << Content-Security-Policy: default-src 'none'; style-src 'unsafe-inline'; sandbox
08:17:11.683 [main] DEBUG org.apache.hc.client5.http.headers - http-outgoing-15 << Content-Type: text/plain; charset=utf-8
08:17:11.683 [main] DEBUG org.apache.hc.client5.http.headers - http-outgoing-15 << ETag: W/"e82b438271e9e8680c688b0b680efd0bdd22faa6d6f0a32fc1fd8accc486b67e"
08:17:11.683 [main] DEBUG org.apache.hc.client5.http.headers - http-outgoing-15 << Strict-Transport-Security: max-age=31536000
08:17:11.683 [main] DEBUG org.apache.hc.client5.http.headers - http-outgoing-15 << X-Content-Type-Options: nosniff
08:17:11.683 [main] DEBUG org.apache.hc.client5.http.headers - http-outgoing-15 << X-Frame-Options: deny
08:17:11.683 [main] DEBUG org.apache.hc.client5.http.headers - http-outgoing-15 << X-XSS-Protection: 1; mode=block
08:17:11.683 [main] DEBUG org.apache.hc.client5.http.headers - http-outgoing-15 << X-GitHub-Request-Id: 4CA0:B8C7F:70C4E:8CACE:651389F9
08:17:11.683 [main] DEBUG org.apache.hc.client5.http.headers - http-outgoing-15 << Content-Encoding: gzip
08:17:11.683 [main] DEBUG org.apache.hc.client5.http.headers - http-outgoing-15 << Accept-Ranges: bytes
08:17:11.683 [main] DEBUG org.apache.hc.client5.http.headers - http-outgoing-15 << Date: Fri, 06 Oct 2023 01:17:13 GMT
08:17:11.683 [main] DEBUG org.apache.hc.client5.http.headers - http-outgoing-15 << Via: 1.1 varnish
08:17:11.683 [main] DEBUG org.apache.hc.client5.http.headers - http-outgoing-15 << X-Served-By: cache-qpg1275-QPG
08:17:11.683 [main] DEBUG org.apache.hc.client5.http.headers - http-outgoing-15 << X-Cache: HIT
08:17:11.683 [main] DEBUG org.apache.hc.client5.http.headers - http-outgoing-15 << X-Cache-Hits: 1
08:17:11.683 [main] DEBUG org.apache.hc.client5.http.headers - http-outgoing-15 << X-Timer: S1696555034.809871,VS0,VE1
08:17:11.683 [main] DEBUG org.apache.hc.client5.http.headers - http-outgoing-15 << Vary: Authorization,Accept-Encoding,Origin
08:17:11.683 [main] DEBUG org.apache.hc.client5.http.headers - http-outgoing-15 << Access-Control-Allow-Origin: *
08:17:11.683 [main] DEBUG org.apache.hc.client5.http.headers - http-outgoing-15 << Cross-Origin-Resource-Policy: cross-origin
08:17:11.683 [main] DEBUG org.apache.hc.client5.http.headers - http-outgoing-15 << X-Fastly-Request-ID: e2cd057ea35625025739380c1e0823aff30b57ee
08:17:11.683 [main] DEBUG org.apache.hc.client5.http.headers - http-outgoing-15 << Expires: Fri, 06 Oct 2023 01:22:13 GMT
08:17:11.683 [main] DEBUG org.apache.hc.client5.http.headers - http-outgoing-15 << Source-Age: 66
08:17:11.683 [main] DEBUG org.apache.hc.client5.http.impl.classic.MainClientExec - ex-00000015: connection can be kept alive for 3 MINUTES
08:17:11.683 [main] DEBUG org.apache.hc.client5.http.wire - http-outgoing-15 << "[0x1f][0xffffff8b][0x8][0x0][0x0][0x0][0x0][0x0][0x0][0x3][0xffffffb5]V]o[0xffffffda]0[0x14]}[0xffffffe7]W\[0xffffff81]*[0xffffffb5][0x12][0x1f][[M[0xffffffd3]$[0x1e]hF[0xffffffbb]i [0x18][0xffffffb4][0xffffffdd]&[0xfffffff9][0xffffffc5]$7[0xffffffc1]R[0x12]#;[0xffffff94]v[0xffffffbf]~[0xffffffb6][0xfffffff3]1[0xffffff92][0xffffff9a][0xffffffc1][0x1a]x[0xffffffcb][0xffffffb5][0xffffffaf][0xffffffcf]9[0xffffffbe][0xfffffff7]8v[0xb][0x1c][0x1e]E4[0xfffffff6]$x4[0xffffffa1][0xb]*[0xffffffb1][0xffffffd1][0xffffff82][0xfffffffb]%[0xffffff93][0xffffffe0][0xffffffb3][0x10][0xffffffc1][0xffffffe5]qBY,!Y[0xffffffea] KM8,[0x10][0xfffffff0][0x19][0xffffffdd]u[0xffffff82][0x1e][0xffffffb0][0xffffffd8]L[0xffffffcb]%[0xffffff86][0xffffffa1][0xe][0xffffffb8][0xfffffff0]P[0xffffffe8]$[0xf][0x13]t[0x13]3[0xfffffff9][0xffffff84]B2[0xffffffae][0xffffffe6]|@[0xfffffff5][0x1d][0x8][0xffffffc4][0x18][0x16][0xffffff82]o[0xffffffa4][0xffffff9a]P[0xffffff94][0xffffffe7][0xffffffce]R[0xfffffff0][0x8][0xffffffdb]p[0xffffffcb][0x4][0xfffffffa][0xfffffffc][0xffffffb9][\r][0xffffff93][0x15][\n]"
08:17:11.683 [main] DEBUG org.apache.hc.client5.http.wire - http-outgoing-15 << "[0xffffffda][0xffffff86][0xffffffa1][0x17][0xffffffa8]Q3[0xffffffcb][0xffffffd6][0xffffffd1][0xffffff85][0xffffffc6][0xfffffff7][0xffffff98][0xffffffef][0xffffffa3][0xffffffc0]8[0x1][0xffffffae]s[0x12][0x16][0x7] _d[0xffffff82][0xffffff91][0xffffff84][0xfffffff3][0x1f],[0xfffffff6][0x14]j[0x1b]F,^+[0xffffff98]1ua2[0xffffffbf]h([0xffffff8e][0xffffff94][0xffffffa2][0xffffff91]m[0xffffffa3][0xffffffeb][0xffffff9a][0xffffffb0][0xffffffbb]I[0x17]t[0xffffffdf][0xffffffbd][0xffffffef][0xffffffbb][0xffffff91][0xffffffd7]U[0xffffffbb][0xffffff82][0xffffff9e][0x3][0xffffff9b][0xffffff88][0xffffffb9][0xffffffa6]$[0xffffffa6][0xc][0xffffff9b][0xffffffa5][0xffffffe2][0xffffff83][0xffffff98]F[0xffffffd8]o[0xffffff9e]Mg[0xffffff93][0xffffffbb][0xffffffd9]`|[0xfffffffb]u4[0xffffff9c][0x7f]"}B[0xffffffce][0x8][0xffffffb9][0xffffffe3]<[0x8][0xffffff91][0xffffff90][0xffffff94][0xffffff82][0xffffff90][0xffffffc1]j[0x15]2WI[0xffffffe3]1![0x19][0xffffff91]BnB[0xffffff80][0x9]<f[0xffffffb5][0xffffffe8]=[0xffffffd1]p[0xffffffbd][[0xffffffcf][0xffffffe5][0x1b][0xfffffff4][0xffffff9c][0xffffffff][0xfffffffc][0xfffffff8][0xffffffe1][0xffffffe2][0xffffff94][0xffffffa2][0xffffffae][0xe][0x14]5[0xffffff9a]8[0xffffff83][0xffffffd1]`:[0xfffffffd]<[0xffffffb8][0x1f][0xffffff9c]R[0xffffffcf]u[0x7f]6[0xffffffbc][0xffffff83][0xffffffef][0xf][0xffffffc3][0xffffffd9]/[0xfffffff8][0xfffffff2][0xffffffcd]y s[0xffffffee]'[0x1b]*0g[0xffffffcb][0xffffffc8]nF7H][0xffffff83][0xffffff97]{[0xffffffb1]Q[0x5][\r][0xffffffb5]c[0xffffffb4][0xf][0x2][0xffffffb3][0xffffffb4][0xffffff93][0xe]C[0xffffffa7][0xffffffb3]kAD][0xffffff9d][0xffffffde][0xffffffdb][0xffffffda][0xffffff88][0xffffffec][0xffffffa5][0xffffffbc][0xffffff99][0xffffffd9][0xffffffba]t[0xffffffb5][0xffffffea]9[0xffffffea][0x10])[0xffffffb7][0xffffffca][0xffffff9e][0xfffffff2][0xffffffe2]d^N[0xffffffd8]FW[0x16][0xffffffcd][0xffffffdc]_[0x10][0xfffffff9]i|[0x1c][0xffffff93][0xffffff8e][0xfffffff9]o[0x16][0xffffff86]4'!$G[0xffffffdf]W[0xfffffff4]W*j[[0xfffffff3]xR[0xffffffae][0xffffffb6][0xc][0xffffffd0],; #[0xffffffa9][0xffffff92]5[0xffffffb5][0x7][0xffffff9c][0xffffffb5][0xffffffd0][0x7f][0xffffff90][0xffffffc7]jgs[0xfffffffc][0xffffffc2][0xb][0xffffffd9][0x0]t[0xffffff9e]^'Y[0xfffffffb][0xffffff9f][0xffffffb1][0xffffffd8]:[0xffffffbf][0xffffff8d][0xffffffa5][0xffffff9a][0xffffffad][0x7f]m[0x5]&[0xffffffaa][0xffffffa0]^[0xffffff9b][0xffffffcb][0x5]f[0xffffffae][0xffffffe0]RU[0xffffff82][0x10]MS9l[0xffffff91]4t[0xfffffffb][0xffffff8a]][0xffffffd6][0xfffffff4][0xffffff96][0xffffffa6][0xffffff9f]P[0xffffffce][0xffffffd5][0xffffffce][0xffffff93][0xffffffff][0xffffff97][0xffffffcc]p[0xfffffffd][0xfffffff3][0xffffffe8][0x1b][0xffffffcc][0xffffffa2][0xffffffd9]Q[0xffffffbe][0xffffffb2][0xffffffa3][0xffffffc7]m'[0xffffffdf][0xffffffe4][[0xfffffffb]^[0xffffffb0][0xffffff9a][0xffffffbe][0xffffffda][0xffffffda]_[0xffffffce][0xffffff80][0xffffffd2][0xffffffc1]7[0xffffffb7]][0xffffffc1]b[0xffffffee][0xffffffb5][0xffffffff]w[0xffffff83][0xffffffed][0xffffffa7];[0x15]<[0x10]4[0xffffff92][0xffffff84][0x18][\n]"
08:17:11.683 [main] DEBUG org.apache.hc.client5.http.wire - http-outgoing-15 << "BB[0xffffffba][0xffffff8e]][0xffffffb5]jo[0xffffffb9]+"[0xffffffea][0xffffffb4][0xffffffff]h"[0xffffffea]\?5[0xffffffa9][0xffffffaf]k[0xffffffec][0xffffffff]P[0xffffffea][\n]"
08:17:11.683 [main] DEBUG org.apache.hc.client5.http.wire - http-outgoing-15 << "w[0xffffffe1]K[0x13][0xffffffda][0xffffffec][0xffffff98][0xffffffe6]Y[0xfffffffd]h8m6[0xffffff9c]T[0xffffffc1][0xfffffff2][0xffffffa7][0xffffff91]z_[0xffffff95]o85p[0x1c][0x13][0xffffffe6][0xfffffff0]5[0xffffffee][0xfffffffc][0xffffff92][0xffffff96][0xffffffda][0xfffffff7][0xffffffcf][0xffffffb1][0x5][0x1d][0xffffffea]K[0xffffff9b]9[0xffffff8e][0xffffffad]e[0xfffffff7][0xffffff93][0xffffffa8]`[0xffffffda][0xffffffff][0x1a][0xffffffd2][0xffffff88][0xffffff85][0xfffffffd][0xfffffff2][0xffffff91]N[0xfffffff6]`[0xffffffdf]2[0xffffffcf][0xffffffae]E[0xffffff97][0xffffffc5][0xffffffa2][0xffffff9d][0xffffffef]'[0xffffff9d]mun.[0xffffffd3]f^[0xffffffc7][0xffffff82][0xffffffda][0xffffff82]9[0xfffffff5][0xffffffa9]`[0x5][0xffffffbc]4[0xffffffa1][0x1d]<M[0xffffffb5]A[0xffffffa7]3[[0xffffffc0][0x7f][0x0][0xffffffc1][0xffffffd0]$[0xffffff85][0x1d][\r][0x0][0x0]"
08:17:11.683 [main] DEBUG org.apache.hc.client5.http.impl.classic.InternalHttpClient - ep-00000014: releasing valid endpoint
08:17:11.683 [main] DEBUG org.apache.hc.client5.http.impl.io.PoolingHttpClientConnectionManager - ep-00000014: releasing endpoint
08:17:11.683 [main] DEBUG org.apache.hc.client5.http.impl.io.PoolingHttpClientConnectionManager - ep-00000014: connection http-outgoing-15 can be kept alive for 3 MINUTES
08:17:11.683 [main] DEBUG org.apache.hc.client5.http.impl.io.PoolingHttpClientConnectionManager - ep-00000014: connection released [route: {s}->https://raw.githubusercontent.com:443][total available: 1; route allocated: 1 of 5; total allocated: 1 of 25]
08:17:11.683 [main] DEBUG io.github.bonigarcia.wdm.versions.VersionDetector - Detecting chrome version using online commands.properties
08:17:11.683 [main] DEBUG io.github.bonigarcia.wdm.versions.Shell - Running command on the shell: [cmd.exe, /C, wmic, datafile, where, name="%PROGRAMFILES:\=\\%\\Google\\Chrome\\Application\\chrome.exe", get, Version, /value]
08:17:11.809 [main] DEBUG io.github.bonigarcia.wdm.versions.Shell - Result: Version=117.0.5938.134
08:17:11.811 [main] DEBUG org.apache.hc.client5.http.impl.classic.InternalHttpClient - ex-00000016: preparing request execution
08:17:11.812 [main] DEBUG org.apache.hc.client5.http.protocol.RequestAddCookies - Cookie spec selected: strict
08:17:11.812 [main] DEBUG org.apache.hc.client5.http.protocol.RequestAuthCache - Auth cache not set in the context
08:17:11.812 [main] DEBUG org.apache.hc.client5.http.impl.classic.ProtocolExec - ex-00000016: target auth state: UNCHALLENGED
08:17:11.812 [main] DEBUG org.apache.hc.client5.http.impl.classic.ProtocolExec - ex-00000016: proxy auth state: UNCHALLENGED
08:17:11.812 [main] DEBUG org.apache.hc.client5.http.impl.classic.ConnectExec - ex-00000016: acquiring connection with route {s}->https://chromedriver.storage.googleapis.com:443
08:17:11.812 [main] DEBUG org.apache.hc.client5.http.impl.classic.InternalHttpClient - ex-00000016: acquiring endpoint (3 MINUTES)
08:17:11.812 [main] DEBUG org.apache.hc.client5.http.impl.io.PoolingHttpClientConnectionManager - ex-00000016: endpoint lease request (3 MINUTES) [route: {s}->https://chromedriver.storage.googleapis.com:443][total available: 1; route allocated: 0 of 5; total allocated: 1 of 25]
08:17:11.812 [main] DEBUG org.apache.hc.client5.http.impl.io.PoolingHttpClientConnectionManager - ex-00000016: endpoint leased [route: {s}->https://chromedriver.storage.googleapis.com:443][total available: 1; route allocated: 1 of 5; total allocated: 2 of 25]
08:17:11.812 [main] DEBUG org.apache.hc.client5.http.impl.io.PoolingHttpClientConnectionManager - ex-00000016: acquired ep-00000015
08:17:11.812 [main] DEBUG org.apache.hc.client5.http.impl.classic.InternalHttpClient - ex-00000016: acquired endpoint ep-00000015
08:17:11.812 [main] DEBUG org.apache.hc.client5.http.impl.classic.ConnectExec - ex-00000016: opening connection {s}->https://chromedriver.storage.googleapis.com:443
08:17:11.812 [main] DEBUG org.apache.hc.client5.http.impl.classic.InternalHttpClient - ep-00000015: connecting endpoint (30 SECONDS)
08:17:11.812 [main] DEBUG org.apache.hc.client5.http.impl.io.PoolingHttpClientConnectionManager - ep-00000015: connecting endpoint to https://chromedriver.storage.googleapis.com:443 (30 SECONDS)
08:17:11.812 [main] DEBUG org.apache.hc.client5.http.impl.io.DefaultHttpClientConnectionOperator - http-outgoing-16: connecting to chromedriver.storage.googleapis.com/34.101.5.27:443
08:17:11.812 [main] DEBUG org.apache.hc.client5.http.ssl.SSLConnectionSocketFactory - Connecting socket to chromedriver.storage.googleapis.com/34.101.5.27:443 with timeout 30 SECONDS
08:17:11.818 [main] DEBUG org.apache.hc.client5.http.ssl.SSLConnectionSocketFactory - Enabled protocols: [TLSv1.3, TLSv1.2]
08:17:11.818 [main] DEBUG org.apache.hc.client5.http.ssl.SSLConnectionSocketFactory - Enabled cipher suites: [TLS_AES_256_GCM_SHA384, TLS_AES_128_GCM_SHA256, TLS_CHACHA20_POLY1305_SHA256, TLS_ECDHE_ECDSA_WITH_AES_256_GCM_SHA384, TLS_ECDHE_ECDSA_WITH_AES_128_GCM_SHA256, TLS_ECDHE_ECDSA_WITH_CHACHA20_POLY1305_SHA256, TLS_ECDHE_RSA_WITH_AES_256_GCM_SHA384, TLS_ECDHE_RSA_WITH_CHACHA20_POLY1305_SHA256, TLS_ECDHE_RSA_WITH_AES_128_GCM_SHA256, TLS_DHE_RSA_WITH_AES_256_GCM_SHA384, TLS_DHE_RSA_WITH_CHACHA20_POLY1305_SHA256, TLS_DHE_DSS_WITH_AES_256_GCM_SHA384, TLS_DHE_RSA_WITH_AES_128_GCM_SHA256, TLS_DHE_DSS_WITH_AES_128_GCM_SHA256, TLS_ECDHE_ECDSA_WITH_AES_256_CBC_SHA384, TLS_ECDHE_RSA_WITH_AES_256_CBC_SHA384, TLS_ECDHE_ECDSA_WITH_AES_128_CBC_SHA256, TLS_ECDHE_RSA_WITH_AES_128_CBC_SHA256, TLS_DHE_RSA_WITH_AES_256_CBC_SHA256, TLS_DHE_DSS_WITH_AES_256_CBC_SHA256, TLS_DHE_RSA_WITH_AES_128_CBC_SHA256, TLS_DHE_DSS_WITH_AES_128_CBC_SHA256, TLS_ECDH_ECDSA_WITH_AES_256_GCM_SHA384, TLS_ECDH_RSA_WITH_AES_256_GCM_SHA384, TLS_ECDH_ECDSA_WITH_AES_128_GCM_SHA256, TLS_ECDH_RSA_WITH_AES_128_GCM_SHA256, TLS_ECDH_ECDSA_WITH_AES_256_CBC_SHA384, TLS_ECDH_RSA_WITH_AES_256_CBC_SHA384, TLS_ECDH_ECDSA_WITH_AES_128_CBC_SHA256, TLS_ECDH_RSA_WITH_AES_128_CBC_SHA256, TLS_ECDHE_ECDSA_WITH_AES_256_CBC_SHA, TLS_ECDHE_RSA_WITH_AES_256_CBC_SHA, TLS_ECDHE_ECDSA_WITH_AES_128_CBC_SHA, TLS_ECDHE_RSA_WITH_AES_128_CBC_SHA, TLS_DHE_RSA_WITH_AES_256_CBC_SHA, TLS_DHE_DSS_WITH_AES_256_CBC_SHA, TLS_DHE_RSA_WITH_AES_128_CBC_SHA, TLS_DHE_DSS_WITH_AES_128_CBC_SHA, TLS_ECDH_ECDSA_WITH_AES_256_CBC_SHA, TLS_ECDH_RSA_WITH_AES_256_CBC_SHA, TLS_ECDH_ECDSA_WITH_AES_128_CBC_SHA, TLS_ECDH_RSA_WITH_AES_128_CBC_SHA, TLS_RSA_WITH_AES_256_GCM_SHA384, TLS_RSA_WITH_AES_128_GCM_SHA256, TLS_RSA_WITH_AES_256_CBC_SHA256, TLS_RSA_WITH_AES_128_CBC_SHA256, TLS_RSA_WITH_AES_256_CBC_SHA, TLS_RSA_WITH_AES_128_CBC_SHA, TLS_EMPTY_RENEGOTIATION_INFO_SCSV]
08:17:11.818 [main] DEBUG org.apache.hc.client5.http.ssl.SSLConnectionSocketFactory - Starting handshake
08:17:11.849 [main] DEBUG org.apache.hc.client5.http.ssl.SSLConnectionSocketFactory - Secure session established
08:17:11.849 [main] DEBUG org.apache.hc.client5.http.ssl.SSLConnectionSocketFactory -  negotiated protocol: TLSv1.3
08:17:11.849 [main] DEBUG org.apache.hc.client5.http.ssl.SSLConnectionSocketFactory -  negotiated cipher suite: TLS_AES_256_GCM_SHA384
08:17:11.849 [main] DEBUG org.apache.hc.client5.http.ssl.SSLConnectionSocketFactory -  peer principal: CN=*.storage.googleapis.com
08:17:11.849 [main] DEBUG org.apache.hc.client5.http.ssl.SSLConnectionSocketFactory -  peer alternative names: [*.storage.googleapis.com, *.googleapis.com, commondatastorage.googleapis.com, *.commondatastorage.googleapis.com, storage.googleapis.com, storage-p2.googleapis.com, *.storage-p2.googleapis.com, storage.mtls.googleapis.com, *.appspot.com.storage.googleapis.com, *.content-storage.googleapis.com, *.content-storage-p2.googleapis.com, *.content-storage-upload.googleapis.com, *.content-storage-download.googleapis.com, *.storage-upload.googleapis.com, *.storage-download.googleapis.com]
08:17:11.849 [main] DEBUG org.apache.hc.client5.http.ssl.SSLConnectionSocketFactory -  issuer principal: CN=GTS CA 1C3, O=Google Trust Services LLC, C=US
08:17:11.849 [main] DEBUG org.apache.hc.client5.http.impl.io.DefaultHttpClientConnectionOperator - http-outgoing-16: connection established 192.168.100.42:64340<->34.101.5.27:443
08:17:11.849 [main] DEBUG org.apache.hc.client5.http.impl.io.PoolingHttpClientConnectionManager - ep-00000015: connected http-outgoing-16
08:17:11.849 [main] DEBUG org.apache.hc.client5.http.impl.classic.InternalHttpClient - ep-00000015: endpoint connected
08:17:11.849 [main] DEBUG org.apache.hc.client5.http.impl.classic.MainClientExec - ex-00000016: executing GET /LATEST_RELEASE_117 HTTP/1.1
08:17:11.849 [main] DEBUG org.apache.hc.client5.http.impl.classic.InternalHttpClient - ep-00000015: start execution ex-00000016
08:17:11.849 [main] DEBUG org.apache.hc.client5.http.impl.io.PoolingHttpClientConnectionManager - ep-00000015: executing exchange ex-00000016 over http-outgoing-16
08:17:11.849 [main] DEBUG org.apache.hc.client5.http.headers - http-outgoing-16 >> GET /LATEST_RELEASE_117 HTTP/1.1
08:17:11.849 [main] DEBUG org.apache.hc.client5.http.headers - http-outgoing-16 >> user-agent: Apache-HttpClient/5.0
08:17:11.849 [main] DEBUG org.apache.hc.client5.http.headers - http-outgoing-16 >> accept-encoding: gzip, deflate, br
08:17:11.849 [main] DEBUG org.apache.hc.client5.http.headers - http-outgoing-16 >> cache-control: max-age=0
08:17:11.849 [main] DEBUG org.apache.hc.client5.http.headers - http-outgoing-16 >> connection: keep-alive
08:17:11.849 [main] DEBUG org.apache.hc.client5.http.headers - http-outgoing-16 >> Host: chromedriver.storage.googleapis.com
08:17:11.849 [main] DEBUG org.apache.hc.client5.http.wire - http-outgoing-16 >> "GET /LATEST_RELEASE_117 HTTP/1.1[\r][\n]"
08:17:11.849 [main] DEBUG org.apache.hc.client5.http.wire - http-outgoing-16 >> "user-agent: Apache-HttpClient/5.0[\r][\n]"
08:17:11.849 [main] DEBUG org.apache.hc.client5.http.wire - http-outgoing-16 >> "accept-encoding: gzip, deflate, br[\r][\n]"
08:17:11.849 [main] DEBUG org.apache.hc.client5.http.wire - http-outgoing-16 >> "cache-control: max-age=0[\r][\n]"
08:17:11.849 [main] DEBUG org.apache.hc.client5.http.wire - http-outgoing-16 >> "connection: keep-alive[\r][\n]"
08:17:11.849 [main] DEBUG org.apache.hc.client5.http.wire - http-outgoing-16 >> "Host: chromedriver.storage.googleapis.com[\r][\n]"
08:17:11.849 [main] DEBUG org.apache.hc.client5.http.wire - http-outgoing-16 >> "[\r][\n]"
08:17:12.098 [main] DEBUG org.apache.hc.client5.http.wire - http-outgoing-16 << "HTTP/1.1 404 Not Found[\r][\n]"
08:17:12.098 [main] DEBUG org.apache.hc.client5.http.wire - http-outgoing-16 << "X-GUploader-UploadID: ADPycdsktxVRtJnostZ3BBLR5qE-_wmMX86TDDOHh-LebzeTc5lVhUZ8ed28pBWf3-3Wc0jFbs9rzZobdy9ZBmFhFBZmz8GOmzEI[\r][\n]"
08:17:12.098 [main] DEBUG org.apache.hc.client5.http.wire - http-outgoing-16 << "Content-Type: application/xml; charset=UTF-8[\r][\n]"
08:17:12.098 [main] DEBUG org.apache.hc.client5.http.wire - http-outgoing-16 << "Content-Length: 193[\r][\n]"
08:17:12.098 [main] DEBUG org.apache.hc.client5.http.wire - http-outgoing-16 << "Date: Fri, 06 Oct 2023 01:17:14 GMT[\r][\n]"
08:17:12.098 [main] DEBUG org.apache.hc.client5.http.wire - http-outgoing-16 << "Expires: Fri, 06 Oct 2023 01:17:14 GMT[\r][\n]"
08:17:12.098 [main] DEBUG org.apache.hc.client5.http.wire - http-outgoing-16 << "Cache-Control: private, max-age=0[\r][\n]"
08:17:12.098 [main] DEBUG org.apache.hc.client5.http.wire - http-outgoing-16 << "Server: UploadServer[\r][\n]"
08:17:12.098 [main] DEBUG org.apache.hc.client5.http.wire - http-outgoing-16 << "Alt-Svc: h3=":443"; ma=2592000,h3-29=":443"; ma=2592000[\r][\n]"
08:17:12.098 [main] DEBUG org.apache.hc.client5.http.wire - http-outgoing-16 << "[\r][\n]"
08:17:12.098 [main] DEBUG org.apache.hc.client5.http.wire - http-outgoing-16 << "<?xml version='1.0' encoding='UTF-8'?><Error><Code>NoSuchKey</Code><Message>The specified key does not exist.</Message><Details>No such object: chromedriver/LATEST_RELEASE_117</Details></Error>"
08:17:12.099 [main] DEBUG org.apache.hc.client5.http.headers - http-outgoing-16 << HTTP/1.1 404 Not Found
08:17:12.099 [main] DEBUG org.apache.hc.client5.http.headers - http-outgoing-16 << X-GUploader-UploadID: ADPycdsktxVRtJnostZ3BBLR5qE-_wmMX86TDDOHh-LebzeTc5lVhUZ8ed28pBWf3-3Wc0jFbs9rzZobdy9ZBmFhFBZmz8GOmzEI
08:17:12.099 [main] DEBUG org.apache.hc.client5.http.headers - http-outgoing-16 << Content-Type: application/xml; charset=UTF-8
08:17:12.099 [main] DEBUG org.apache.hc.client5.http.headers - http-outgoing-16 << Content-Length: 193
08:17:12.099 [main] DEBUG org.apache.hc.client5.http.headers - http-outgoing-16 << Date: Fri, 06 Oct 2023 01:17:14 GMT
08:17:12.099 [main] DEBUG org.apache.hc.client5.http.headers - http-outgoing-16 << Expires: Fri, 06 Oct 2023 01:17:14 GMT
08:17:12.099 [main] DEBUG org.apache.hc.client5.http.headers - http-outgoing-16 << Cache-Control: private, max-age=0
08:17:12.099 [main] DEBUG org.apache.hc.client5.http.headers - http-outgoing-16 << Server: UploadServer
08:17:12.099 [main] DEBUG org.apache.hc.client5.http.headers - http-outgoing-16 << Alt-Svc: h3=":443"; ma=2592000,h3-29=":443"; ma=2592000
08:17:12.099 [main] DEBUG org.apache.hc.client5.http.impl.classic.MainClientExec - ex-00000016: connection can be kept alive for 3 MINUTES
08:17:12.099 [main] ERROR io.github.bonigarcia.wdm.online.HttpClient - Error HTTP 404 executing https://chromedriver.storage.googleapis.com/LATEST_RELEASE_117
08:17:12.099 [main] WARN io.github.bonigarcia.wdm.versions.VersionDetector - Exception reading https://chromedriver.storage.googleapis.com/LATEST_RELEASE_117 to get latest version of chromedriver (Error HTTP 404 executing https://chromedriver.storage.googleapis.com/LATEST_RELEASE_117)
08:17:12.099 [main] DEBUG io.github.bonigarcia.wdm.versions.VersionDetector - Getting driver version for chrome117 from online versions.properties
08:17:12.099 [main] DEBUG org.apache.hc.client5.http.impl.classic.InternalHttpClient - ex-00000017: preparing request execution
08:17:12.099 [main] DEBUG org.apache.hc.client5.http.protocol.RequestAddCookies - Cookie spec selected: strict
08:17:12.099 [main] DEBUG org.apache.hc.client5.http.protocol.RequestAuthCache - Auth cache not set in the context
08:17:12.099 [main] DEBUG org.apache.hc.client5.http.impl.classic.ProtocolExec - ex-00000017: target auth state: UNCHALLENGED
08:17:12.099 [main] DEBUG org.apache.hc.client5.http.impl.classic.ProtocolExec - ex-00000017: proxy auth state: UNCHALLENGED
08:17:12.099 [main] DEBUG org.apache.hc.client5.http.impl.classic.ConnectExec - ex-00000017: acquiring connection with route {s}->https://raw.githubusercontent.com:443
08:17:12.099 [main] DEBUG org.apache.hc.client5.http.impl.classic.InternalHttpClient - ex-00000017: acquiring endpoint (3 MINUTES)
08:17:12.099 [main] DEBUG org.apache.hc.client5.http.impl.io.PoolingHttpClientConnectionManager - ex-00000017: endpoint lease request (3 MINUTES) [route: {s}->https://raw.githubusercontent.com:443][total available: 1; route allocated: 1 of 5; total allocated: 2 of 25]
08:17:12.099 [main] DEBUG org.apache.hc.client5.http.impl.io.PoolingHttpClientConnectionManager - ex-00000017: endpoint leased [route: {s}->https://raw.githubusercontent.com:443][total available: 0; route allocated: 1 of 5; total allocated: 2 of 25]
08:17:12.099 [main] DEBUG org.apache.hc.client5.http.impl.io.PoolingHttpClientConnectionManager - ex-00000017: acquired ep-00000016
08:17:12.099 [main] DEBUG org.apache.hc.client5.http.impl.classic.InternalHttpClient - ex-00000017: acquired endpoint ep-00000016
08:17:12.099 [main] DEBUG org.apache.hc.client5.http.impl.classic.MainClientExec - ex-00000017: executing GET /bonigarcia/webdrivermanager/master/src/main/resources/versions.properties HTTP/1.1
08:17:12.099 [main] DEBUG org.apache.hc.client5.http.impl.classic.InternalHttpClient - ep-00000016: start execution ex-00000017
08:17:12.099 [main] DEBUG org.apache.hc.client5.http.impl.io.PoolingHttpClientConnectionManager - ep-00000016: executing exchange ex-00000017 over http-outgoing-15
08:17:12.099 [main] DEBUG org.apache.hc.client5.http.headers - http-outgoing-15 >> GET /bonigarcia/webdrivermanager/master/src/main/resources/versions.properties HTTP/1.1
08:17:12.099 [main] DEBUG org.apache.hc.client5.http.headers - http-outgoing-15 >> user-agent: Apache-HttpClient/5.0
08:17:12.099 [main] DEBUG org.apache.hc.client5.http.headers - http-outgoing-15 >> accept-encoding: gzip, deflate, br
08:17:12.099 [main] DEBUG org.apache.hc.client5.http.headers - http-outgoing-15 >> cache-control: max-age=0
08:17:12.099 [main] DEBUG org.apache.hc.client5.http.headers - http-outgoing-15 >> connection: keep-alive
08:17:12.099 [main] DEBUG org.apache.hc.client5.http.headers - http-outgoing-15 >> Host: raw.githubusercontent.com
08:17:12.099 [main] DEBUG org.apache.hc.client5.http.wire - http-outgoing-15 >> "GET /bonigarcia/webdrivermanager/master/src/main/resources/versions.properties HTTP/1.1[\r][\n]"
08:17:12.099 [main] DEBUG org.apache.hc.client5.http.wire - http-outgoing-15 >> "user-agent: Apache-HttpClient/5.0[\r][\n]"
08:17:12.099 [main] DEBUG org.apache.hc.client5.http.wire - http-outgoing-15 >> "accept-encoding: gzip, deflate, br[\r][\n]"
08:17:12.099 [main] DEBUG org.apache.hc.client5.http.wire - http-outgoing-15 >> "cache-control: max-age=0[\r][\n]"
08:17:12.099 [main] DEBUG org.apache.hc.client5.http.wire - http-outgoing-15 >> "connection: keep-alive[\r][\n]"
08:17:12.099 [main] DEBUG org.apache.hc.client5.http.wire - http-outgoing-15 >> "Host: raw.githubusercontent.com[\r][\n]"
08:17:12.099 [main] DEBUG org.apache.hc.client5.http.wire - http-outgoing-15 >> "[\r][\n]"
08:17:12.130 [main] DEBUG org.apache.hc.client5.http.wire - http-outgoing-15 << "HTTP/1.1 200 OK[\r][\n]"
08:17:12.130 [main] DEBUG org.apache.hc.client5.http.wire - http-outgoing-15 << "Connection: keep-alive[\r][\n]"
08:17:12.130 [main] DEBUG org.apache.hc.client5.http.wire - http-outgoing-15 << "Content-Length: 1625[\r][\n]"
08:17:12.130 [main] DEBUG org.apache.hc.client5.http.wire - http-outgoing-15 << "Cache-Control: max-age=300[\r][\n]"
08:17:12.130 [main] DEBUG org.apache.hc.client5.http.wire - http-outgoing-15 << "Content-Security-Policy: default-src 'none'; style-src 'unsafe-inline'; sandbox[\r][\n]"
08:17:12.130 [main] DEBUG org.apache.hc.client5.http.wire - http-outgoing-15 << "Content-Type: text/plain; charset=utf-8[\r][\n]"
08:17:12.130 [main] DEBUG org.apache.hc.client5.http.wire - http-outgoing-15 << "ETag: W/"51a99ebb5fa30c7285d42b08929913814dd238f6403d61fccadee50390eab957"[\r][\n]"
08:17:12.130 [main] DEBUG org.apache.hc.client5.http.wire - http-outgoing-15 << "Strict-Transport-Security: max-age=31536000[\r][\n]"
08:17:12.130 [main] DEBUG org.apache.hc.client5.http.wire - http-outgoing-15 << "X-Content-Type-Options: nosniff[\r][\n]"
08:17:12.130 [main] DEBUG org.apache.hc.client5.http.wire - http-outgoing-15 << "X-Frame-Options: deny[\r][\n]"
08:17:12.130 [main] DEBUG org.apache.hc.client5.http.wire - http-outgoing-15 << "X-XSS-Protection: 1; mode=block[\r][\n]"
08:17:12.130 [main] DEBUG org.apache.hc.client5.http.wire - http-outgoing-15 << "X-GitHub-Request-Id: ADC8:C8321:F9E48:13930E:651E6E7C[\r][\n]"
08:17:12.130 [main] DEBUG org.apache.hc.client5.http.wire - http-outgoing-15 << "Content-Encoding: gzip[\r][\n]"
08:17:12.130 [main] DEBUG org.apache.hc.client5.http.wire - http-outgoing-15 << "Accept-Ranges: bytes[\r][\n]"
08:17:12.130 [main] DEBUG org.apache.hc.client5.http.wire - http-outgoing-15 << "Date: Fri, 06 Oct 2023 01:17:14 GMT[\r][\n]"
08:17:12.130 [main] DEBUG org.apache.hc.client5.http.wire - http-outgoing-15 << "Via: 1.1 varnish[\r][\n]"
08:17:12.130 [main] DEBUG org.apache.hc.client5.http.wire - http-outgoing-15 << "X-Served-By: cache-qpg1275-QPG[\r][\n]"
08:17:12.130 [main] DEBUG org.apache.hc.client5.http.wire - http-outgoing-15 << "X-Cache: HIT[\r][\n]"
08:17:12.130 [main] DEBUG org.apache.hc.client5.http.wire - http-outgoing-15 << "X-Cache-Hits: 1[\r][\n]"
08:17:12.130 [main] DEBUG org.apache.hc.client5.http.wire - http-outgoing-15 << "X-Timer: S1696555034.260547,VS0,VE2[\r][\n]"
08:17:12.130 [main] DEBUG org.apache.hc.client5.http.wire - http-outgoing-15 << "Vary: Authorization,Accept-Encoding,Origin[\r][\n]"
08:17:12.130 [main] DEBUG org.apache.hc.client5.http.wire - http-outgoing-15 << "Access-Control-Allow-Origin: *[\r][\n]"
08:17:12.130 [main] DEBUG org.apache.hc.client5.http.wire - http-outgoing-15 << "Cross-Origin-Resource-Policy: cross-origin[\r][\n]"
08:17:12.130 [main] DEBUG org.apache.hc.client5.http.wire - http-outgoing-15 << "X-Fastly-Request-ID: 9569e6a69ccf7ad3f9c0755964079b3a88a93f8b[\r][\n]"
08:17:12.130 [main] DEBUG org.apache.hc.client5.http.wire - http-outgoing-15 << "Expires: Fri, 06 Oct 2023 01:22:14 GMT[\r][\n]"
08:17:12.130 [main] DEBUG org.apache.hc.client5.http.wire - http-outgoing-15 << "Source-Age: 91[\r][\n]"
08:17:12.130 [main] DEBUG org.apache.hc.client5.http.wire - http-outgoing-15 << "[\r][\n]"
08:17:12.130 [main] DEBUG org.apache.hc.client5.http.headers - http-outgoing-15 << HTTP/1.1 200 OK
08:17:12.130 [main] DEBUG org.apache.hc.client5.http.headers - http-outgoing-15 << Connection: keep-alive
08:17:12.130 [main] DEBUG org.apache.hc.client5.http.headers - http-outgoing-15 << Content-Length: 1625
08:17:12.130 [main] DEBUG org.apache.hc.client5.http.headers - http-outgoing-15 << Cache-Control: max-age=300
08:17:12.130 [main] DEBUG org.apache.hc.client5.http.headers - http-outgoing-15 << Content-Security-Policy: default-src 'none'; style-src 'unsafe-inline'; sandbox
08:17:12.130 [main] DEBUG org.apache.hc.client5.http.headers - http-outgoing-15 << Content-Type: text/plain; charset=utf-8
08:17:12.130 [main] DEBUG org.apache.hc.client5.http.headers - http-outgoing-15 << ETag: W/"51a99ebb5fa30c7285d42b08929913814dd238f6403d61fccadee50390eab957"
08:17:12.130 [main] DEBUG org.apache.hc.client5.http.headers - http-outgoing-15 << Strict-Transport-Security: max-age=31536000
08:17:12.130 [main] DEBUG org.apache.hc.client5.http.headers - http-outgoing-15 << X-Content-Type-Options: nosniff
08:17:12.130 [main] DEBUG org.apache.hc.client5.http.headers - http-outgoing-15 << X-Frame-Options: deny
08:17:12.130 [main] DEBUG org.apache.hc.client5.http.headers - http-outgoing-15 << X-XSS-Protection: 1; mode=block
08:17:12.130 [main] DEBUG org.apache.hc.client5.http.headers - http-outgoing-15 << X-GitHub-Request-Id: ADC8:C8321:F9E48:13930E:651E6E7C
08:17:12.130 [main] DEBUG org.apache.hc.client5.http.headers - http-outgoing-15 << Content-Encoding: gzip
08:17:12.130 [main] DEBUG org.apache.hc.client5.http.headers - http-outgoing-15 << Accept-Ranges: bytes
08:17:12.130 [main] DEBUG org.apache.hc.client5.http.headers - http-outgoing-15 << Date: Fri, 06 Oct 2023 01:17:14 GMT
08:17:12.130 [main] DEBUG org.apache.hc.client5.http.headers - http-outgoing-15 << Via: 1.1 varnish
08:17:12.130 [main] DEBUG org.apache.hc.client5.http.headers - http-outgoing-15 << X-Served-By: cache-qpg1275-QPG
08:17:12.130 [main] DEBUG org.apache.hc.client5.http.headers - http-outgoing-15 << X-Cache: HIT
08:17:12.130 [main] DEBUG org.apache.hc.client5.http.headers - http-outgoing-15 << X-Cache-Hits: 1
08:17:12.130 [main] DEBUG org.apache.hc.client5.http.headers - http-outgoing-15 << X-Timer: S1696555034.260547,VS0,VE2
08:17:12.130 [main] DEBUG org.apache.hc.client5.http.headers - http-outgoing-15 << Vary: Authorization,Accept-Encoding,Origin
08:17:12.130 [main] DEBUG org.apache.hc.client5.http.headers - http-outgoing-15 << Access-Control-Allow-Origin: *
08:17:12.130 [main] DEBUG org.apache.hc.client5.http.headers - http-outgoing-15 << Cross-Origin-Resource-Policy: cross-origin
08:17:12.130 [main] DEBUG org.apache.hc.client5.http.headers - http-outgoing-15 << X-Fastly-Request-ID: 9569e6a69ccf7ad3f9c0755964079b3a88a93f8b
08:17:12.130 [main] DEBUG org.apache.hc.client5.http.headers - http-outgoing-15 << Expires: Fri, 06 Oct 2023 01:22:14 GMT
08:17:12.130 [main] DEBUG org.apache.hc.client5.http.headers - http-outgoing-15 << Source-Age: 91
08:17:12.130 [main] DEBUG org.apache.hc.client5.http.impl.classic.MainClientExec - ex-00000017: connection can be kept alive for 3 MINUTES
08:17:12.130 [main] DEBUG org.apache.hc.client5.http.wire - http-outgoing-15 << "[0x1f][0xffffff8b][0x8][0x0][0x0][0x0][0x0][0x0][0x0][0x3][0xffffff8d][0xffffff97]Ko#7[0xc][0xffffffc7][0xffffffef][0xfffffff9][0x14][0x3][0xfffffff4][0x1c]YO[0xffffff8a][\n]"
08:17:12.130 [main] DEBUG org.apache.hc.client5.http.wire - http-outgoing-15 << "[0xffffffa0]K[0xffffff9f][0xffffffa7][0xffffffa2][0xffffff87][0xfffffff6][0xb]x[0xffffffed]Ib[0xffffffac][0xffffffe3][0x9]lg[0xffffffb3][0xffffffe8][0xffffffa7]/[0xfffffff5][0xffffffa0]F[0xffffff96][[0xffffffa0][0xffffff87]`[0xffffff97]?k$[0xffffff92][0xffffffe2]p[0xfffffffe][0xfffffffc]a[0xfffffffa][0xffffffeb][0xfffffff5]p[0xffffff99][0xffffff9e][0xf][0xffffffc7]y[0xffffffda]-[0xffffffa7][0xffffffeb][0xfffffff6]p[0xffffffba]L[0xffffffd7][0xffffffd7]y[0xfffffffa]zZ>O[0xffffffd3][0xfffffffe]|[0xfffffff8]6[0xffffff9f]'[0xfffffffa][0xffffffbb][0x1c][0x16][0xfffffffa]e[0xffffffb7][0xffffffbc][0xffffffbd]o[0xffffffaf][0xffffff87]/[0xffffffb4][0xfffffffa][0xfffffff3]p}[0xffffffcd]+w[0xffffffcb][0xfffffff9]<_[0xffffffde][0xffffff97][0xffffffd3][0xfffffffe]pz[0xffffff99][0xffffffbe][0xffffff9c][0xffffff97][0xffffffcf][0xffffffcb][0xfffffffa][0xffffffc8][0xffffffc3][0xffffffc3][0xf][0xffffffd3][0xffffff8f][0x5]=M[0xffffffbf]-[0xffffffcb][0xb]=[0xfffffff9][0xffffffd3][0xffffffeb]yy[0xffffff9b][0xffffffa7][0xffffffed]i_[0xfffffffe]{[0xfffffff8]x[0xffffff9b][0x1e][0xffffffa7][0xffffff9f][0xfffffff3]QO[0xffffffd3].[0xffffffff]Z[0xe][0xffffffa6][0xffffff87][0xffffffff]\>[0xffffffce][0xffffffbb][0xfffffff9]iz[0xffffffbd]^[0xffffffdf][0xffffff9f]6[0xffffff9b][0xfffffffe]W[0xffffffb1][0xffffffab]O[0xffffff8b][0xffffffe5][0xfffffffc][0xffffffb2][0xffffffd9][0xffffff93][0xffffffbf][0xffffffc7]e[0xffffffbb][0xffffffbf]<[0xffffff94]5J[0xffffffd9]H[0x7f]B[\n]"
08:17:12.130 [main] DEBUG org.apache.hc.client5.http.wire - http-outgoing-15 << "[0xffffffe7][0xffffff8d][0x13]A6n[0xffffff88][0xffffff9b][0xffffffc4][0xffffffc1]k[0x1][0xffffffa6]qM\g[0xffffffae][0xffffff9c][0xffffffb0][0xffffffa1]qE\%[0xffffffee][0xffffffc0][0x8][0xffffffb0][0xffffff8d]K[0xffffffe2]2q[0xffffff8b]Jx[0xffffffcf]\[0xffffff86]H[0x7f][0xffffff99][0xffffffd3][0xfffffff1][0xffffffbe][0xffffffad][0xffffff97]H[0x1c][0x13]7.[0x8][0xffffffaf][0x1a][0xfffffff7][0xffffffc4]}[0xffffffe6][0xffffffd2][\n]"
08:17:12.130 [main] DEBUG org.apache.hc.client5.http.wire - http-outgoing-15 << "[0xffffffd0][0xffffff8d][0x3]qH\[0xffffffdb] `][0xffffffef][0xffffff88][0xffffffbb][0xffffffc4]Up[0xfffffff4]c[0xffffffe3][0x14][0xffffffaf][0xffffffcc][0xfffffff1][0xffffffa6]0|[0xfffffff3]_R[0xffffffbc]2[0xffffffc7]+A[\n]"
08:17:12.130 [main] DEBUG org.apache.hc.client5.http.wire - http-outgoing-15 << "eV[0xffffff87](`[0xffffff99][0x3][0xffffff96][0xffffffb4]_w[0x0][0x5],S[0xffffffc0]68%[0xffffffec][0xffffffca])`[0xffffff99][0x2][0xffffffb6][0x18]@[0x0]'4[0xffffff84][0x18]B[0xffffffa6][0xffffffd6][0xffffffd2][0xffffffd9]L1[0xffffff86][0x14][0xffffffac][0xfffffff5][0xe][0x5][0x1d][0xffffffc3][0xffffffd8][0xffffffc7][0xffffff90]b[0xffffffb5][0x10][0xfffffff4][0xffffff9a][0xffffff83][0x0]1@[0xffffffa6]`[0xffffff85]uL][0xc].S[0xffffff83][0x2]8[0xffffff9e]`c[0xffffffb0][0xffffff99]Rr[0xffffffe8]"[0x19][0xffffff9b][0x18]R[0xffffff90][0xffffffd6]y[0xffffffbf]^j[0xffffffd0]1[0xffffffe8]L[0xffffffe9]J)[0xffffffcb][0xffffff8c]U[0xc]9@K[0x15]@[0xffffffb1]2[0xffffff96]1[0xffffffe4][0xfffffff8][0xffffffac][0xffffff91]Bs[0xffffff9e]0D[0xffffffcc][0xfffffff1][0x19][0xfffffffa]G[0xfffffff3][0xffffffce][0xffffff88][0x11]s|F[[0x11][0xffffff80][0xffffffa9][0xffffff8f][0xffffff98][0xffffffc3][0xffffffd3]([0x5]"S[0xffffff88][0xffffff98][0xffffffc3][0xffffffd3][0xffffff96][0xfffffff6][0xffffffe5]T[0xffffffa0][0xffffff8b][0xffffff98][0xffffffc3]Sh[0x4][0xffffffb2]kh#[0xffffffe6][0xfffffff0][0xffffff94][0xfffffff5][0xffffffc2]p[0xffffff8e][0xffffffd1]D[0xffffffcc][0xffffffd1][0xffffffa5][0xffffff9b]4[0xffffff9c][\n]"
08:17:12.139 [main] DEBUG org.apache.hc.client5.http.wire - http-outgoing-15 << "T[0x11]s[0x18][0xffffff92]2[0xffffffaf]L;NFLa[0xffffff98]@[0xffffffbe]P[0x9]U[0xffffffec]C[0xfffffff4]!c[0xffffffeb][0xffffff84]i[0x14][0xffffffa3][0xffffffc7]L[0xffffffa9]v[0xffffffa8][0xffffffae][0x18][0xfffffffb][0xffffffe8]S [0x6][0xffffff81][0xffffffde][0x5]v[0xffffffc3]C[0xfffffff4][0xffffff90])[0x15][0xffffffb8][0xffffffd2]m[0xf][0x17]}[0xffffff8a][0xffffffc4]xO[0x5][0xffffffb6][0xffffffae][0xffffffb6][0xffffffd1][0xffffffdb][0xffffff8c]5[0xffffffd5]/C[0x13]}[0xffffff8a][0xffffffc4][0x0][0x5][0x4][0xffffffec][0xffffffb2][0xffffffd7]Q[0xffffffd3][0xffffff8d][0xffffffb2][0xffffffa5]n,[0xffffff99],v[0xc]B[0xffffffb2][0xfffffff8]n[0x0][0xffffff93][0xffffffc5][0x19][0x5][0xffffff9f],[0xffffffbe]M[0xffffff80]d[0xffffffb1]3[0xffffffe0][0xffffffc8]j)[0x2][0xffffff9b],[0xffffffce]9[0xffffff98]d[0xfffffff1]y[0xffffff90]|1[0xffffffed][0xffffffbc][0xffffffe4]K{g [0xfffffff9]b[0xffffffcc]MW[0xfffffffb]}[0xfffffff9][0xfffffffb]p<n[0xffffffa7]_[0xf][0xffffffe7][0xfffffff9]y[0xfffffff9][0xffffffde][0xffffffb5][0xffffffb2][0xffffff97]y[0xfffffff7]u[0xfffffff9][0xffffffd7]Nv[0xffffffa1]V[0xfffffff6]B[\r][0xfffffff4][0xffffffe3][0xffffff8b][0xffffffa0][0xffffff96][0xffffffba]y+[l[0xffffffba][0x7]6[0xffffffe7][0xfffffff9]8o/[0xfffffff3][0xffffffe5][0xffffffe1][0xffffffb9][0xffffffec][0xffffffab][0x14]FJ[0x1b][0xffffffe5]n%[0xfffffffe][0xffffff8e][0xffffffc0][0x1d]qw[0xffffffc4][0xffffffde][0x11]sG[0xfffffff4][0x1d]QwD&[0xffffffa2][0xffffff85]n[0xffffff84]:_&[0xffffffeb][0x1a][0xffffff89]w[0xffffffc4][0xffffffdf][0x11][0xffffffb8]#[0xffffffee][0xffffff8e]d[0xffffff9f]UO[0xffffffcc][0x1d][0xffffffd1]wD[0xffffffdd][0x11]9[0xffffff90][0x10]F[0xffffff80]#[0xfffffff0]#[0xffffff80][0x11][0xffffffb8][0x11][0xffffff8c][0xffffffde][0xffffff86][0xffffffd1][0xffffffd9]0[0xfffffffa][0x1a]FWC[0xfffffff2][0xffffff94][0xffffffde][0xffffff9b][0xe][0xffffff88][0xffffffe3][0xffffffe1][0xfffffff4][0xfffffff1][0xffffffbd]`[0xffffffc5][0x18][0xffffffc3][0xffffffb0][0xe]q[0x4]~[0x4]0[0x2]7[0x2];[0xffffff82][0x14][0xffffff80][0xffffffc6][0xe][0xffffffe8][0x11][0xffffffa4][0x0][0xffffffb4][0xffffffef][0xffffff80][0x1c][0xffffff80][0xf]#[0xffffffc8][0xffffff9e]B[0x7][0xfffffffc][0x8]`[0x4]n[0x4]v[0x4]f[0x4]z[0x4]j[0x4]r[0x0][0x10]F[0xffffff90]=u[0x1d][0xffffffc8][0xffffff9e][0xffffffda][0xe][0xffffffc0][0x8][0xffffffdc][0x8][0xffffffb2][0xffffffa7][0xffffffdd][0xb][0x4]f[0x4][0xffffffd9][0xffffffd3][0xffffffae][0xffffffec]!{[0xffffffda][0x15][0x5][0xffffffc8][0x1][0xffffffb8]0[0x2][0x1c][0xffffff81][0x1f]A[0xfffffff6]Tv[0xffffffc0]1[0xffffffe8][0xffffffbb][0xffffffda][0x1f][0xffffffef][0xfffffff3]y[0xffffffdb][0xfffffff5][0xffffffb2]%[0xffffffd9][0xffffffff][0xffffffa7][0xffffff97][0xffffffe5][0xffffff85][0xffffff97][0xffffffe5][0xfffffff9][0xfffffffa][0xffffffb9]=[0xffffffcf][0xffffffc5]b[0xffffff9d]6v[0xffffffb6][0xfffffffc]c[0xffffffd6]'*[0xffffffeb][0xffffff9f]@[0xffffffdf]ye4[0xfffffff3][0xffffffa4][0xffffffc7][0xffffffb2][0xfffffffe]A[0xfffffffa]`[0x5][0xffffffcf]8[0xffffffc9][0xffffffb1],[0x7f]<[0xffffffbd][0x12][0xffffff8a]4D[0xffffffe5][0xffffffb2][0xffffff97]{[0xffffffd4][0xffffff9d][\n]"
08:17:12.139 [main] DEBUG org.apache.hc.client5.http.wire - http-outgoing-15 << "[0xffffffa7][0x17][0xffffffbc]S{J[0xffffffd7]m[0xffffffe8]5[0xffffffef][0xffffffc4][0x1e]2[0xfffffff5]7R[0xffffffcf]U[\n]"
08:17:12.139 [main] DEBUG org.apache.hc.client5.http.wire - http-outgoing-15 << "[0xffffffbd][0xffffffd0][0xffffffa3][0xffffff83]*v[0xffffffbd][0xffffffce]S[0xffffff9a][0xffffffb1][0xffffffed]e^[0x8][0xffffff95][0xffffff9a]^[0xffffffe4][0xffffff91]2(T[0xfffffff7][0x12]O)^[0xffffffac]z[0xffffff85][0xffffff97][0xffffffc4]S[0xffffffc1][0xffffffb2][0x17]xX[0x3][0xffffffc7][0xffffffd0][0xffffffcb];[0xffffff80]Jq[0xffffffd0]v[0xffffff85][0xfffffffa]^[0xffffffd9][0xffffff91][0xffffff94]-[0x14]z][0xffffffd7]RD][0xffffffe1]F[0xffffffd7][0x15]h;Y[0xffffff87][0xffffffd5]1[0xffffffea][0xe]7[0xffffffa2][0xffffffae]@}[0xffffffab][0xffffffe9][\n]"
08:17:12.139 [main] DEBUG org.apache.hc.client5.http.wire - http-outgoing-15 << "T[0xffffff9d][0xffffffa4]s|[0xffffffbe][0xffffffec][0x14][0x1d][0xffffffbb]J[0xffffffdd][0xffffffe2]F[0xffffffcf][0x15][0xffffff88][0xffffff83][0xffffff9c]+[0xffffffd4]wj[0xffffffce]3[0xffffff84]N[0xffffffcb]a=[0xffffff9e][0xffffffda][0xffffffc7]*[0xffffffe5][0xffffffd8]{j![0xffffffab][0xffffff92][0xffffffa3][0x4]Wj:%[0x7][0xffffffbc][0xffffffa9][0xffffffee][0xffffff84][0x1c][0xffffffd6][0xb][0xffffffa7]~[0xffffffb2][0xffffffea][0xffffffb8]vY[0xffffffd4]TV[0x1d][0xffffff87][0xfffffff5]b[0xffffffa9][0xffffffb1][0xffffffac]2[0xffffff8e]+[0xffffff9a][0xffffff9a]K[0xffffffa7][0xffffffe2]T[\r][0xffffff95]:L/[0xffffffe2][0xffffffea]Y[0xffffffd4]fV[\r][0xffffffe7]yW[0xffffffd7]I8.ej7[0xffffffab][0xffffff80]k[0xffffffc5]I=[0xffffffa7][0x13]p[0xfffffffc][0xffffffaa]Q[0xffffffe3][0xffffffe9][0xfffffff4][;[0xffffffab][0xffffffea][0xffffffae]l[0xffffffb8][0xffffffd0][0x1b]Uu[0x15][0xffffffa3][0xffffff8a][0xffffffae]bT[0xffffffcd]U[0xffffff8c]*[0xffffffb9][0xffffff8a]Q[0x15]W1[0xffffffaa][0xffffffe0]*F[0xffffffd5][[0xffffffc5]PE`[0x15]Cv[0xffffff86]M[0x1e][0xffffffb0][0xffffffc7]6y`[0xffffffea]96y[0xffffffa0]k2,[0x14][0xffffffe3]F[0xffffffa1][0x1d]v[0xffffffe7]%[0xffffffb5][0xffffffa4][0xffffffe9][0xffffff97][0xfffffffd][0xffffffcb][0xffffffdc]5[0xffffffb5][0xffffffb7][0xffffffcb]L[0xffffffe0]?[0xffffffbb][0xffffffda]~[0xfffffffe]6[0x1f][0xffffffd3][0xffffffae][0xffffffe2][0xffffff8d]w[0xffffffc8]-n>=~\6[0xffffff8d]=[0xffffffa6]M6[0xffffffd7]e9^6[0xffffff9f][0xfffffff3][0xffffff97][0xffffffda][0xffffffe5][0x1e][0x12]][0xffffff87]P[0xffffff85][0xffffffd4][0xffffffea][0x15]V[0xffffffca]#[0xffffffa8][0xfffffff2][0xffffffa4][0xffffff90])[0xffffff93][0xffffff85][0xfffffff2][0x0][0xffffffaa][0xffffffbc][0xffffffce][0xffffff85]\([0xffffff8f][0xffffff9f][\n]"
08:17:12.139 [main] DEBUG org.apache.hc.client5.http.wire - http-outgoing-15 << "@[0xffffffa5][0xfffffff1][0xffffffb0]P[0x1e]>[0xffffff95][0xffffffa3][0xfffffffa][0xffffffa0][0xffffffec]e[0xffffffda]FO[0xffffffe5][0x14][\n]"
08:17:12.139 [main] DEBUG org.apache.hc.client5.http.wire - http-outgoing-15 << "_Ok[0xffffff83][0xffffffa7][0xffffffb2]@[0xfffffffb]B[0xffffffa5]<v[0xffffff92]`O[0x1f][0xffffffe5][0x2]y[0xffffffe6]T[0xffffffc6][0xffffffa7]O`[0xffffffa5]<q[0xffffffd2][0xfffffff0]h[0xffffffa8][0xffffff83]U[0xffffffca][0xfffffff3][0xffffffa6][0xffffffd2][0xfffffff4][0xffffffa6]z[0xffffffde][0xffffff81][0xffffffa7]M[0x1a][0xf]l[0xb][0xffffffa2][0xffffff8d][0xffffff9a]JS[0xffffffe1][0xffffff92]|/"
08:17:12.139 [main] DEBUG org.apache.hc.client5.http.wire - http-outgoing-15 << "[0xffffff94][0x7]M[0xffffffa5][0xffffff95]\[0xfffffff7][0xffffffe5]1[0xffffff93][0x14][0xffffffaf]K[0xffffffc3]N[0xffffffa2]<dR[0xffffffeb]O[0xffffff8d][0xffffffa2][0xffffffb0]:b[0xffffffaa][0x14]]M[0xc][0xffffffcf][0xffffff97][0x14][0xffffff9a]n[0xffffffac]N[0xffffff97][0x14][0xffffff83]m[0xffffffac][0xffffffce][0xffffff96][0xffffffe4]U;[0xffffff99]'[0xffffffcb]@=[0xffffffc6][0xffffffa8][0xffffff82][0xffffffea]T[0x19]([0xfffffff5][0xffffffa6][0xffffffae][0xffffffaa]#e[0xffffff90][0xffffffeb][0x1]u[0xffffff9c][0xffffffc4][0xffffffd4][0xffffffe9][0xffffffea][0xffffff83]u[0xffffff94]D[\n]"
08:17:12.139 [main] DEBUG org.apache.hc.client5.http.wire - http-outgoing-15 << "[0xffffffac][0x10][0x1e]#[0xffffffd3][0xffffff8d][0xffffff97][0xffffff8b][0xffffffe1][0x11][0xffffffd2]Sn[0xffffffeb]c<?[0x2][0xffffff84]z%<;[0x2][0xffffff95][0x4][0xffffff94]\[0xfffffff0][0xffffffe0][0xffffffe8]R[0xffffff82][0xffffffeb][0xffffffaa]:5[0xffffffba][0xffffffac]82[0xffffffe1][0xffffff89][0xffffff91]Z[0xffffff83][0xffffffab][0xffffffe7]Q[0xfffffff7]*[0xffffffdd]3[0xffffffb0]O<@[0xffffffd2]w[0xffffffb6]^U[0x1b][0x1e])b[0xffffffaa][0xffffffbb][0xffffffcc][0xffffffda][0xffffffe4][0xffffff98]j[0xffffffb6][0xffffff90]:5j[0xffffffcf][0xffffffa5][0xffffffc3][0x3][0xffffffa3]6[0xffffff8d][0xffffffd4]a1[0xffffffb5][0xffffffc5]J[0xffffffea][0xffffff9c][0xffffffa8][0xc][\r][0xffffffd2][0x5]Y[0x1b][0xffffffdf][0xffffffcf][0xfffffff3][0xffffffe3][0xffffffe1]t[0xffffffb9]n[0xffffff8f][0xffffffc7]y_[0xffffffa0][0xffffff8e][0xffffff90][0xffffffbe][0xffffffec][0xffffffa6][0xffffffd4][0xffffff89]U[0xffffff91]Z[0x18][0xffffffe8]P[0xffffffc2][0xffffffb7]2R[0xffffff9f][0xffffffa4][0xffffffaf]][0xffffffb9][0xf][0xffffff83][0xffffff91]^,kB1uj:t[0xffffffd3]XjDS1[0xffffffa5]K[0xffffffa6][0xffffff9e][0xfffffff4][0xf][0x3][0x1][0xffffffec][0xffffffa6][0xffffffeb][0x12][0x0][0x0]"
08:17:12.139 [main] DEBUG org.apache.hc.client5.http.impl.classic.InternalHttpClient - ep-00000016: releasing valid endpoint
08:17:12.139 [main] DEBUG org.apache.hc.client5.http.impl.io.PoolingHttpClientConnectionManager - ep-00000016: releasing endpoint
08:17:12.139 [main] DEBUG org.apache.hc.client5.http.impl.io.PoolingHttpClientConnectionManager - ep-00000016: connection http-outgoing-15 can be kept alive for 3 MINUTES
08:17:12.139 [main] DEBUG org.apache.hc.client5.http.impl.io.PoolingHttpClientConnectionManager - ep-00000016: connection released [route: {s}->https://raw.githubusercontent.com:443][total available: 1; route allocated: 1 of 5; total allocated: 2 of 25]
08:17:12.139 [main] DEBUG io.github.bonigarcia.wdm.versions.VersionDetector - Driver for chrome117 not found in online properties (using local versions.properties)
08:17:12.139 [main] DEBUG io.github.bonigarcia.wdm.WebDriverManager - The driver version for CHROME 117 is unknown ... trying with latest
08:17:12.139 [main] DEBUG org.apache.hc.client5.http.impl.classic.InternalHttpClient - ex-00000018: preparing request execution
08:17:12.139 [main] DEBUG org.apache.hc.client5.http.protocol.RequestAddCookies - Cookie spec selected: strict
08:17:12.139 [main] DEBUG org.apache.hc.client5.http.protocol.RequestAuthCache - Auth cache not set in the context
08:17:12.139 [main] DEBUG org.apache.hc.client5.http.impl.classic.ProtocolExec - ex-00000018: target auth state: UNCHALLENGED
08:17:12.139 [main] DEBUG org.apache.hc.client5.http.impl.classic.ProtocolExec - ex-00000018: proxy auth state: UNCHALLENGED
08:17:12.139 [main] DEBUG org.apache.hc.client5.http.impl.classic.ConnectExec - ex-00000018: acquiring connection with route {s}->https://chromedriver.storage.googleapis.com:443
08:17:12.139 [main] DEBUG org.apache.hc.client5.http.impl.classic.InternalHttpClient - ex-00000018: acquiring endpoint (3 MINUTES)
08:17:12.139 [main] DEBUG org.apache.hc.client5.http.impl.io.PoolingHttpClientConnectionManager - ex-00000018: endpoint lease request (3 MINUTES) [route: {s}->https://chromedriver.storage.googleapis.com:443][total available: 1; route allocated: 1 of 5; total allocated: 2 of 25]
08:17:12.139 [main] DEBUG org.apache.hc.client5.http.impl.io.PoolingHttpClientConnectionManager - ex-00000018: endpoint leased [route: {s}->https://chromedriver.storage.googleapis.com:443][total available: 1; route allocated: 2 of 5; total allocated: 3 of 25]
08:17:12.139 [main] DEBUG org.apache.hc.client5.http.impl.io.PoolingHttpClientConnectionManager - ex-00000018: acquired ep-00000017
08:17:12.139 [main] DEBUG org.apache.hc.client5.http.impl.classic.InternalHttpClient - ex-00000018: acquired endpoint ep-00000017
08:17:12.139 [main] DEBUG org.apache.hc.client5.http.impl.classic.ConnectExec - ex-00000018: opening connection {s}->https://chromedriver.storage.googleapis.com:443
08:17:12.139 [main] DEBUG org.apache.hc.client5.http.impl.classic.InternalHttpClient - ep-00000017: connecting endpoint (30 SECONDS)
08:17:12.139 [main] DEBUG org.apache.hc.client5.http.impl.io.PoolingHttpClientConnectionManager - ep-00000017: connecting endpoint to https://chromedriver.storage.googleapis.com:443 (30 SECONDS)
08:17:12.139 [main] DEBUG org.apache.hc.client5.http.impl.io.DefaultHttpClientConnectionOperator - http-outgoing-17: connecting to chromedriver.storage.googleapis.com/34.101.5.27:443
08:17:12.139 [main] DEBUG org.apache.hc.client5.http.ssl.SSLConnectionSocketFactory - Connecting socket to chromedriver.storage.googleapis.com/34.101.5.27:443 with timeout 30 SECONDS
08:17:12.151 [main] DEBUG org.apache.hc.client5.http.ssl.SSLConnectionSocketFactory - Enabled protocols: [TLSv1.3, TLSv1.2]
08:17:12.152 [main] DEBUG org.apache.hc.client5.http.ssl.SSLConnectionSocketFactory - Enabled cipher suites: [TLS_AES_256_GCM_SHA384, TLS_AES_128_GCM_SHA256, TLS_CHACHA20_POLY1305_SHA256, TLS_ECDHE_ECDSA_WITH_AES_256_GCM_SHA384, TLS_ECDHE_ECDSA_WITH_AES_128_GCM_SHA256, TLS_ECDHE_ECDSA_WITH_CHACHA20_POLY1305_SHA256, TLS_ECDHE_RSA_WITH_AES_256_GCM_SHA384, TLS_ECDHE_RSA_WITH_CHACHA20_POLY1305_SHA256, TLS_ECDHE_RSA_WITH_AES_128_GCM_SHA256, TLS_DHE_RSA_WITH_AES_256_GCM_SHA384, TLS_DHE_RSA_WITH_CHACHA20_POLY1305_SHA256, TLS_DHE_DSS_WITH_AES_256_GCM_SHA384, TLS_DHE_RSA_WITH_AES_128_GCM_SHA256, TLS_DHE_DSS_WITH_AES_128_GCM_SHA256, TLS_ECDHE_ECDSA_WITH_AES_256_CBC_SHA384, TLS_ECDHE_RSA_WITH_AES_256_CBC_SHA384, TLS_ECDHE_ECDSA_WITH_AES_128_CBC_SHA256, TLS_ECDHE_RSA_WITH_AES_128_CBC_SHA256, TLS_DHE_RSA_WITH_AES_256_CBC_SHA256, TLS_DHE_DSS_WITH_AES_256_CBC_SHA256, TLS_DHE_RSA_WITH_AES_128_CBC_SHA256, TLS_DHE_DSS_WITH_AES_128_CBC_SHA256, TLS_ECDH_ECDSA_WITH_AES_256_GCM_SHA384, TLS_ECDH_RSA_WITH_AES_256_GCM_SHA384, TLS_ECDH_ECDSA_WITH_AES_128_GCM_SHA256, TLS_ECDH_RSA_WITH_AES_128_GCM_SHA256, TLS_ECDH_ECDSA_WITH_AES_256_CBC_SHA384, TLS_ECDH_RSA_WITH_AES_256_CBC_SHA384, TLS_ECDH_ECDSA_WITH_AES_128_CBC_SHA256, TLS_ECDH_RSA_WITH_AES_128_CBC_SHA256, TLS_ECDHE_ECDSA_WITH_AES_256_CBC_SHA, TLS_ECDHE_RSA_WITH_AES_256_CBC_SHA, TLS_ECDHE_ECDSA_WITH_AES_128_CBC_SHA, TLS_ECDHE_RSA_WITH_AES_128_CBC_SHA, TLS_DHE_RSA_WITH_AES_256_CBC_SHA, TLS_DHE_DSS_WITH_AES_256_CBC_SHA, TLS_DHE_RSA_WITH_AES_128_CBC_SHA, TLS_DHE_DSS_WITH_AES_128_CBC_SHA, TLS_ECDH_ECDSA_WITH_AES_256_CBC_SHA, TLS_ECDH_RSA_WITH_AES_256_CBC_SHA, TLS_ECDH_ECDSA_WITH_AES_128_CBC_SHA, TLS_ECDH_RSA_WITH_AES_128_CBC_SHA, TLS_RSA_WITH_AES_256_GCM_SHA384, TLS_RSA_WITH_AES_128_GCM_SHA256, TLS_RSA_WITH_AES_256_CBC_SHA256, TLS_RSA_WITH_AES_128_CBC_SHA256, TLS_RSA_WITH_AES_256_CBC_SHA, TLS_RSA_WITH_AES_128_CBC_SHA, TLS_EMPTY_RENEGOTIATION_INFO_SCSV]
08:17:12.152 [main] DEBUG org.apache.hc.client5.http.ssl.SSLConnectionSocketFactory - Starting handshake
08:17:12.199 [main] DEBUG org.apache.hc.client5.http.ssl.SSLConnectionSocketFactory - Secure session established
08:17:12.199 [main] DEBUG org.apache.hc.client5.http.ssl.SSLConnectionSocketFactory -  negotiated protocol: TLSv1.3
08:17:12.199 [main] DEBUG org.apache.hc.client5.http.ssl.SSLConnectionSocketFactory -  negotiated cipher suite: TLS_AES_256_GCM_SHA384
08:17:12.199 [main] DEBUG org.apache.hc.client5.http.ssl.SSLConnectionSocketFactory -  peer principal: CN=*.storage.googleapis.com
08:17:12.199 [main] DEBUG org.apache.hc.client5.http.ssl.SSLConnectionSocketFactory -  peer alternative names: [*.storage.googleapis.com, *.googleapis.com, commondatastorage.googleapis.com, *.commondatastorage.googleapis.com, storage.googleapis.com, storage-p2.googleapis.com, *.storage-p2.googleapis.com, storage.mtls.googleapis.com, *.appspot.com.storage.googleapis.com, *.content-storage.googleapis.com, *.content-storage-p2.googleapis.com, *.content-storage-upload.googleapis.com, *.content-storage-download.googleapis.com, *.storage-upload.googleapis.com, *.storage-download.googleapis.com]
08:17:12.199 [main] DEBUG org.apache.hc.client5.http.ssl.SSLConnectionSocketFactory -  issuer principal: CN=GTS CA 1C3, O=Google Trust Services LLC, C=US
08:17:12.199 [main] DEBUG org.apache.hc.client5.http.impl.io.DefaultHttpClientConnectionOperator - http-outgoing-17: connection established 192.168.100.42:64341<->34.101.5.27:443
08:17:12.199 [main] DEBUG org.apache.hc.client5.http.impl.io.PoolingHttpClientConnectionManager - ep-00000017: connected http-outgoing-17
08:17:12.199 [main] DEBUG org.apache.hc.client5.http.impl.classic.InternalHttpClient - ep-00000017: endpoint connected
08:17:12.199 [main] DEBUG org.apache.hc.client5.http.impl.classic.MainClientExec - ex-00000018: executing GET /LATEST_RELEASE HTTP/1.1
08:17:12.199 [main] DEBUG org.apache.hc.client5.http.impl.classic.InternalHttpClient - ep-00000017: start execution ex-00000018
08:17:12.199 [main] DEBUG org.apache.hc.client5.http.impl.io.PoolingHttpClientConnectionManager - ep-00000017: executing exchange ex-00000018 over http-outgoing-17
08:17:12.199 [main] DEBUG org.apache.hc.client5.http.headers - http-outgoing-17 >> GET /LATEST_RELEASE HTTP/1.1
08:17:12.199 [main] DEBUG org.apache.hc.client5.http.headers - http-outgoing-17 >> user-agent: Apache-HttpClient/5.0
08:17:12.199 [main] DEBUG org.apache.hc.client5.http.headers - http-outgoing-17 >> accept-encoding: gzip, deflate, br
08:17:12.199 [main] DEBUG org.apache.hc.client5.http.headers - http-outgoing-17 >> cache-control: max-age=0
08:17:12.199 [main] DEBUG org.apache.hc.client5.http.headers - http-outgoing-17 >> connection: keep-alive
08:17:12.199 [main] DEBUG org.apache.hc.client5.http.headers - http-outgoing-17 >> Host: chromedriver.storage.googleapis.com
08:17:12.199 [main] DEBUG org.apache.hc.client5.http.wire - http-outgoing-17 >> "GET /LATEST_RELEASE HTTP/1.1[\r][\n]"
08:17:12.199 [main] DEBUG org.apache.hc.client5.http.wire - http-outgoing-17 >> "user-agent: Apache-HttpClient/5.0[\r][\n]"
08:17:12.199 [main] DEBUG org.apache.hc.client5.http.wire - http-outgoing-17 >> "accept-encoding: gzip, deflate, br[\r][\n]"
08:17:12.199 [main] DEBUG org.apache.hc.client5.http.wire - http-outgoing-17 >> "cache-control: max-age=0[\r][\n]"
08:17:12.199 [main] DEBUG org.apache.hc.client5.http.wire - http-outgoing-17 >> "connection: keep-alive[\r][\n]"
08:17:12.199 [main] DEBUG org.apache.hc.client5.http.wire - http-outgoing-17 >> "Host: chromedriver.storage.googleapis.com[\r][\n]"
08:17:12.199 [main] DEBUG org.apache.hc.client5.http.wire - http-outgoing-17 >> "[\r][\n]"
08:17:12.207 [main] DEBUG org.apache.hc.client5.http.wire - http-outgoing-17 << "HTTP/1.1 200 OK[\r][\n]"
08:17:12.207 [main] DEBUG org.apache.hc.client5.http.wire - http-outgoing-17 << "X-GUploader-UploadID: ADPycdtlv5hyKNxkNAPoXZam3m80ckJ0H-Ebjpx_73hqg_-MuXohMxIalbpmUb0_5biLUD8lFSrTzvfL6YS-efZL0_eYGq5S2akq[\r][\n]"
08:17:12.207 [main] DEBUG org.apache.hc.client5.http.wire - http-outgoing-17 << "x-goog-generation: 1685523462105569[\r][\n]"
08:17:12.207 [main] DEBUG org.apache.hc.client5.http.wire - http-outgoing-17 << "x-goog-metageneration: 1[\r][\n]"
08:17:12.207 [main] DEBUG org.apache.hc.client5.http.wire - http-outgoing-17 << "x-goog-stored-content-encoding: identity[\r][\n]"
08:17:12.207 [main] DEBUG org.apache.hc.client5.http.wire - http-outgoing-17 << "x-goog-stored-content-length: 13[\r][\n]"
08:17:12.207 [main] DEBUG org.apache.hc.client5.http.wire - http-outgoing-17 << "x-goog-hash: crc32c=tVW4TA==[\r][\n]"
08:17:12.207 [main] DEBUG org.apache.hc.client5.http.wire - http-outgoing-17 << "x-goog-hash: md5=NoaEuIlBlniwTkiZ1T16sA==[\r][\n]"
08:17:12.207 [main] DEBUG org.apache.hc.client5.http.wire - http-outgoing-17 << "x-goog-storage-class: STANDARD[\r][\n]"
08:17:12.207 [main] DEBUG org.apache.hc.client5.http.wire - http-outgoing-17 << "Accept-Ranges: bytes[\r][\n]"
08:17:12.207 [main] DEBUG org.apache.hc.client5.http.wire - http-outgoing-17 << "Content-Length: 13[\r][\n]"
08:17:12.207 [main] DEBUG org.apache.hc.client5.http.wire - http-outgoing-17 << "Server: UploadServer[\r][\n]"
08:17:12.207 [main] DEBUG org.apache.hc.client5.http.wire - http-outgoing-17 << "Date: Fri, 06 Oct 2023 01:08:29 GMT[\r][\n]"
08:17:12.207 [main] DEBUG org.apache.hc.client5.http.wire - http-outgoing-17 << "Expires: Fri, 06 Oct 2023 02:08:29 GMT[\r][\n]"
08:17:12.207 [main] DEBUG org.apache.hc.client5.http.wire - http-outgoing-17 << "Cache-Control: public, max-age=3600[\r][\n]"
08:17:12.207 [main] DEBUG org.apache.hc.client5.http.wire - http-outgoing-17 << "Age: 525[\r][\n]"
08:17:12.207 [main] DEBUG org.apache.hc.client5.http.wire - http-outgoing-17 << "Last-Modified: Wed, 31 May 2023 08:57:42 GMT[\r][\n]"
08:17:12.207 [main] DEBUG org.apache.hc.client5.http.wire - http-outgoing-17 << "ETag: "368684b889419678b04e4899d53d7ab0"[\r][\n]"
08:17:12.207 [main] DEBUG org.apache.hc.client5.http.wire - http-outgoing-17 << "Content-Type: text/plain[\r][\n]"
08:17:12.207 [main] DEBUG org.apache.hc.client5.http.wire - http-outgoing-17 << "Alt-Svc: h3=":443"; ma=2592000,h3-29=":443"; ma=2592000[\r][\n]"
08:17:12.207 [main] DEBUG org.apache.hc.client5.http.wire - http-outgoing-17 << "[\r][\n]"
08:17:12.207 [main] DEBUG org.apache.hc.client5.http.wire - http-outgoing-17 << "114.0.5735.90"
08:17:12.207 [main] DEBUG org.apache.hc.client5.http.headers - http-outgoing-17 << HTTP/1.1 200 OK
08:17:12.207 [main] DEBUG org.apache.hc.client5.http.headers - http-outgoing-17 << X-GUploader-UploadID: ADPycdtlv5hyKNxkNAPoXZam3m80ckJ0H-Ebjpx_73hqg_-MuXohMxIalbpmUb0_5biLUD8lFSrTzvfL6YS-efZL0_eYGq5S2akq
08:17:12.207 [main] DEBUG org.apache.hc.client5.http.headers - http-outgoing-17 << x-goog-generation: 1685523462105569
08:17:12.207 [main] DEBUG org.apache.hc.client5.http.headers - http-outgoing-17 << x-goog-metageneration: 1
08:17:12.207 [main] DEBUG org.apache.hc.client5.http.headers - http-outgoing-17 << x-goog-stored-content-encoding: identity
08:17:12.207 [main] DEBUG org.apache.hc.client5.http.headers - http-outgoing-17 << x-goog-stored-content-length: 13
08:17:12.207 [main] DEBUG org.apache.hc.client5.http.headers - http-outgoing-17 << x-goog-hash: crc32c=tVW4TA==
08:17:12.207 [main] DEBUG org.apache.hc.client5.http.headers - http-outgoing-17 << x-goog-hash: md5=NoaEuIlBlniwTkiZ1T16sA==
08:17:12.207 [main] DEBUG org.apache.hc.client5.http.headers - http-outgoing-17 << x-goog-storage-class: STANDARD
08:17:12.207 [main] DEBUG org.apache.hc.client5.http.headers - http-outgoing-17 << Accept-Ranges: bytes
08:17:12.207 [main] DEBUG org.apache.hc.client5.http.headers - http-outgoing-17 << Content-Length: 13
08:17:12.207 [main] DEBUG org.apache.hc.client5.http.headers - http-outgoing-17 << Server: UploadServer
08:17:12.207 [main] DEBUG org.apache.hc.client5.http.headers - http-outgoing-17 << Date: Fri, 06 Oct 2023 01:08:29 GMT
08:17:12.207 [main] DEBUG org.apache.hc.client5.http.headers - http-outgoing-17 << Expires: Fri, 06 Oct 2023 02:08:29 GMT
08:17:12.207 [main] DEBUG org.apache.hc.client5.http.headers - http-outgoing-17 << Cache-Control: public, max-age=3600
08:17:12.207 [main] DEBUG org.apache.hc.client5.http.headers - http-outgoing-17 << Age: 525
08:17:12.207 [main] DEBUG org.apache.hc.client5.http.headers - http-outgoing-17 << Last-Modified: Wed, 31 May 2023 08:57:42 GMT
08:17:12.207 [main] DEBUG org.apache.hc.client5.http.headers - http-outgoing-17 << ETag: "368684b889419678b04e4899d53d7ab0"
08:17:12.207 [main] DEBUG org.apache.hc.client5.http.headers - http-outgoing-17 << Content-Type: text/plain
08:17:12.207 [main] DEBUG org.apache.hc.client5.http.headers - http-outgoing-17 << Alt-Svc: h3=":443"; ma=2592000,h3-29=":443"; ma=2592000
08:17:12.207 [main] DEBUG org.apache.hc.client5.http.impl.classic.MainClientExec - ex-00000018: connection can be kept alive for 3 MINUTES
08:17:12.207 [main] DEBUG org.apache.hc.client5.http.impl.classic.InternalHttpClient - ep-00000017: releasing valid endpoint
08:17:12.207 [main] DEBUG org.apache.hc.client5.http.impl.io.PoolingHttpClientConnectionManager - ep-00000017: releasing endpoint
08:17:12.207 [main] DEBUG org.apache.hc.client5.http.impl.io.PoolingHttpClientConnectionManager - ep-00000017: connection http-outgoing-17 can be kept alive for 3 MINUTES
08:17:12.207 [main] DEBUG org.apache.hc.client5.http.impl.io.PoolingHttpClientConnectionManager - ep-00000017: connection released [route: {s}->https://chromedriver.storage.googleapis.com:443][total available: 2; route allocated: 2 of 5; total allocated: 3 of 25]
08:17:12.207 [main] DEBUG io.github.bonigarcia.wdm.versions.VersionDetector - Latest version of chromedriver according to https://chromedriver.storage.googleapis.com/LATEST_RELEASE is 114.0.5735.90
08:17:12.207 [main] DEBUG io.github.bonigarcia.wdm.WebDriverManager - Driver chromedriver 114.0.5735.90 found in cache
08:17:12.207 [main] INFO io.github.bonigarcia.wdm.WebDriverManager - Exporting webdriver.chrome.driver as C:\Users\Bagas Dwi Saputra\.cache\selenium\chromedriver\win32\114.0.5735.90\chromedriver.exe
08:17:12.304 [main] DEBUG net.thucydides.core.reflection.ClassFinder - Could not load class net.serenitybdd.rest.utils.RestSpecificationFactory
08:17:12.370 [main] DEBUG net.thucydides.core.reflection.ClassFinder - Could not load class net.serenitybdd.rest.utils.RestSpecificationFactory
08:17:12.370 [main] INFO net.serenitybdd.core.webdriver.driverproviders.ProvideNewDriver - Instantiating driver
08:17:12.370 [main] INFO net.serenitybdd.core.webdriver.driverproviders.ProvideNewDriver - Driver capabilities: Capabilities {acceptInsecureCerts: false, base.url: https://app.jubelio.com, browserName: chrome, chrome.driver: src/test/resources/webdrive..., driver: chrome, goog:chromeOptions: {args: [], extensions: []}, loggingPrefs: org.openqa.selenium.logging...}
08:17:13.377 [main] DEBUG net.thucydides.core.reflection.ClassFinder - Could not load class net.serenitybdd.rest.utils.RestSpecificationFactory
08:17:15.763 [main] DEBUG net.serenitybdd.core.photography.Darkroom - Send negative for processing for target\site\serenity\f05427e2f53ac8e85f85f1bbc481385d3d272bf91780dd0e2b264eefbb918de2.png
08:17:15.771 [main] DEBUG net.thucydides.core.steps.StepInterceptor - STEP DONE: openLink
08:17:15.771 [Darkroom Processing Line] DEBUG net.serenitybdd.core.photography.DarkroomProcessingLine - Processing screenshot image in /var/screenshots/screenshot-4924869587352182370
08:17:15.771 [Darkroom Processing Line] DEBUG net.serenitybdd.core.photography.DarkroomProcessingLine - Saving screenshot to target\site\serenity\f05427e2f53ac8e85f85f1bbc481385d3d272bf91780dd0e2b264eefbb918de2.png
08:17:15.775 [main] DEBUG net.thucydides.core.steps.StepInterceptor - STARTING STEP: InventoryStockSteps.loginClickButtonLogin - fills in the {string} with valid data email
08:17:16.050 [main] DEBUG net.serenitybdd.core.photography.Darkroom - Send negative for processing for target\site\serenity\29d3e9f166cf597135c97994c9ce45464a7cb63e7c1b11511a227ba5e21a0a13.png
08:17:16.050 [main] DEBUG net.thucydides.core.steps.StepInterceptor - STEP DONE: fills in the {string} with valid data email
08:17:16.053 [main] DEBUG net.thucydides.core.steps.StepInterceptor - STARTING STEP: InventoryStockSteps.loginClickButtonLogin - fill in the {string} with valid data pass
08:17:16.425 [main] DEBUG net.serenitybdd.core.photography.Darkroom - Send negative for processing for target\site\serenity\c329e2aa7acc6bebec8dee02e691eabfa411f3a2074f31626b773d6636c0da8b.png
08:17:16.425 [main] DEBUG net.thucydides.core.steps.StepInterceptor - STEP DONE: fill in the {string} with valid data pass
08:17:16.431 [main] DEBUG net.thucydides.core.steps.StepInterceptor - STARTING STEP: InventoryStockSteps.loginClickButtonLogin - clickbtnlogin
08:17:16.939 [main] DEBUG net.serenitybdd.core.photography.Darkroom - Send negative for processing for target\site\serenity\712614ba9413211422fdaceab676004316f3da150d03b980dc3627244e5a7523.png
08:17:16.940 [main] DEBUG net.thucydides.core.steps.StepInterceptor - STEP DONE: clickbtnlogin
08:17:16.942 [Darkroom Processing Line] DEBUG net.serenitybdd.core.photography.DarkroomProcessingLine - Processing screenshot image in /var/screenshots/screenshot-17458125140212166375
08:17:16.942 [Darkroom Processing Line] DEBUG net.serenitybdd.core.photography.DarkroomProcessingLine - Saving screenshot to target\site\serenity\712614ba9413211422fdaceab676004316f3da150d03b980dc3627244e5a7523.png
08:17:20.063 [main] DEBUG net.serenitybdd.core.photography.Darkroom - Send negative for processing for target\site\serenity\32028730d6617cbaf4be8a3a222b15af4c3642cbbbed6c786edb05d6cdf1a6ef.png
08:17:20.063 [main] DEBUG net.thucydides.core.steps.StepInterceptor - STARTING STEP: InventoryStockSteps.loginClickButtonLogin - openUrlInventory
08:17:22.476 [main] DEBUG net.serenitybdd.core.photography.Darkroom - Send negative for processing for target\site\serenity\e75d84fedcbb7a2b6f744b66bd24d5718c058326efcbc60bacce2e8aecd3877e.png
08:17:22.476 [main] DEBUG net.thucydides.core.steps.StepInterceptor - STEP DONE: openUrlInventory
  &amp#27;[32mGiven &amp#27;[0m&amp#27;[32mLogin &amp#27;[0m&amp#27;[32m&amp#27;[1m"qa.rakamin.jubelio@gmail.com"&amp#27;[0m&amp#27;[32m, &amp#27;[0m&amp#27;[32m&amp#27;[1m"Jubelio123!"&amp#27;[0m&amp#27;[32m, click button login&amp#27;[0m &amp#27;[90m# starter.stepdefinitios.InventoryStockSteps.loginClickButtonLogin(java.lang.String,java.lang.String)&amp#27;[0m
08:17:22.726 [main] DEBUG net.serenitybdd.core.photography.Darkroom - Send negative for processing for target\site\serenity\e75d84fedcbb7a2b6f744b66bd24d5718c058326efcbc60bacce2e8aecd3877e.png
08:17:23.358 [main] DEBUG net.serenitybdd.core.photography.Darkroom - Send negative for processing for target\site\serenity\e75d84fedcbb7a2b6f744b66bd24d5718c058326efcbc60bacce2e8aecd3877e.png
08:17:23.358 [main] DEBUG net.thucydides.core.steps.StepInterceptor - STARTING STEP: InventoryStockSteps.fillsInTheWithValidDataEmail - validatePagePersedian
08:17:23.395 [main] DEBUG net.thucydides.core.steps.StepInterceptor - STEP DONE: validatePagePersedian
08:17:23.670 [main] DEBUG net.serenitybdd.core.photography.Darkroom - Send negative for processing for target\site\serenity\e75d84fedcbb7a2b6f744b66bd24d5718c058326efcbc60bacce2e8aecd3877e.png
08:17:23.670 [main] DEBUG net.thucydides.core.steps.StepInterceptor - STARTING STEP: InventoryStockSteps.fillsInTheWithValidDataEmail - btnPenyesuaianPersedian
08:17:23.950 [main] DEBUG net.serenitybdd.core.photography.Darkroom - Send negative for processing for target\site\serenity\3d511533ed97fc86e3cd312b606d39f41588666b3a633c678312cf1eedbb94f0.png
08:17:23.950 [main] DEBUG net.thucydides.core.steps.StepInterceptor - STEP DONE: btnPenyesuaianPersedian
  &amp#27;[32mAnd &amp#27;[0m&amp#27;[32man inventory adjustment button click&amp#27;[0m                                      &amp#27;[90m# starter.stepdefinitios.InventoryStockSteps.fillsInTheWithValidDataEmail()&amp#27;[0m
08:17:23.950 [Darkroom Processing Line] DEBUG net.serenitybdd.core.photography.DarkroomProcessingLine - Processing screenshot image in /var/screenshots/screenshot-8632775986264429358
08:17:23.950 [Darkroom Processing Line] DEBUG net.serenitybdd.core.photography.DarkroomProcessingLine - Saving screenshot to target\site\serenity\3d511533ed97fc86e3cd312b606d39f41588666b3a633c678312cf1eedbb94f0.png
08:17:24.589 [main] DEBUG net.serenitybdd.core.photography.Darkroom - Send negative for processing for target\site\serenity\52233d1b1408b61ace8f2f4bf1e22a99a4713adc8a6cafc72a3fd48eff880cee.png
08:17:24.589 [main] DEBUG net.thucydides.core.steps.StepInterceptor - STARTING STEP: InventoryStockSteps.validateTheInventoryAdjustmentPage - validatePenyesuaianPersediaa
08:17:24.591 [Darkroom Processing Line] DEBUG net.serenitybdd.core.photography.DarkroomProcessingLine - Processing screenshot image in /var/screenshots/screenshot-5485016952457303652
08:17:24.591 [Darkroom Processing Line] DEBUG net.serenitybdd.core.photography.DarkroomProcessingLine - Saving screenshot to target\site\serenity\52233d1b1408b61ace8f2f4bf1e22a99a4713adc8a6cafc72a3fd48eff880cee.png
08:17:24.618 [main] DEBUG net.thucydides.core.steps.StepInterceptor - STEP DONE: validatePenyesuaianPersediaa
  &amp#27;[32mAnd &amp#27;[0m&amp#27;[32mvalidate the inventory adjustment page&amp#27;[0m                                    &amp#27;[90m# starter.stepdefinitios.InventoryStockSteps.validateTheInventoryAdjustmentPage()&amp#27;[0m
08:17:24.874 [main] DEBUG net.serenitybdd.core.photography.Darkroom - Send negative for processing for target\site\serenity\52233d1b1408b61ace8f2f4bf1e22a99a4713adc8a6cafc72a3fd48eff880cee.png
08:17:24.874 [main] DEBUG net.thucydides.core.steps.StepInterceptor - STARTING STEP: InventoryStockSteps.click - btnLokasi
08:17:25.119 [main] DEBUG net.serenitybdd.core.photography.Darkroom - Send negative for processing for target\site\serenity\2719a6de9230ab02ce8655dfa4a93d81d463de93203571a7d7dadb94ddd3ff1d.png
08:17:25.120 [main] DEBUG net.thucydides.core.steps.StepInterceptor - STEP DONE: btnLokasi
08:17:25.120 [Darkroom Processing Line] DEBUG net.serenitybdd.core.photography.DarkroomProcessingLine - Processing screenshot image in /var/screenshots/screenshot-589577046111101276
08:17:25.120 [Darkroom Processing Line] DEBUG net.serenitybdd.core.photography.DarkroomProcessingLine - Saving screenshot to target\site\serenity\2719a6de9230ab02ce8655dfa4a93d81d463de93203571a7d7dadb94ddd3ff1d.png
08:17:25.404 [main] DEBUG net.serenitybdd.core.photography.Darkroom - Send negative for processing for target\site\serenity\2719a6de9230ab02ce8655dfa4a93d81d463de93203571a7d7dadb94ddd3ff1d.png
08:17:25.404 [main] DEBUG net.thucydides.core.steps.StepInterceptor - STARTING STEP: InventoryStockSteps.click - btnVarisi
08:17:25.584 [main] DEBUG net.serenitybdd.core.photography.Darkroom - Send negative for processing for target\site\serenity\15166dbf6520a9261d78e27350acbc2a58eb3d1dcb1989055a1a731adfc2c1ff.png
08:17:25.584 [main] DEBUG net.thucydides.core.steps.StepInterceptor - STEP DONE: btnVarisi
  &amp#27;[32mAnd &amp#27;[0m&amp#27;[32mclick &amp#27;[0m&amp#27;[32m&amp#27;[1m"Pusat"&amp#27;[0m                                                             &amp#27;[90m# starter.stepdefinitios.InventoryStockSteps.click(java.lang.String)&amp#27;[0m
08:17:25.591 [main] DEBUG net.thucydides.core.steps.StepInterceptor - STARTING STEP: InventoryStockSteps.youDeteleItem - btnPilihBarang
08:17:25.919 [main] DEBUG net.serenitybdd.core.photography.Darkroom - Send negative for processing for target\site\serenity\4ad241fb73c1c89946c9dbca954b3bd480f3e0df412929227b72eb870c6a0b08.png
08:17:25.919 [main] DEBUG net.thucydides.core.steps.StepInterceptor - STEP DONE: btnPilihBarang
08:17:26.207 [main] DEBUG net.serenitybdd.core.photography.Darkroom - Send negative for processing for target\site\serenity\7f15cb73ad9946f989a084b9c76e41b00b16b531bbbb82669f336e45d0310100.png
08:17:26.207 [main] DEBUG net.thucydides.core.steps.StepInterceptor - STARTING STEP: InventoryStockSteps.youDeteleItem - btnBarang
08:17:26.831 [main] DEBUG net.serenitybdd.core.photography.Darkroom - Send negative for processing for target\site\serenity\be526d1f3c9ba03380fc7940ec220bddfbf852182dc8e24311ec600a582a63b9.png
08:17:26.831 [main] DEBUG net.thucydides.core.steps.StepInterceptor - STEP DONE: btnBarang
08:17:27.098 [main] DEBUG net.serenitybdd.core.photography.Darkroom - Send negative for processing for target\site\serenity\be526d1f3c9ba03380fc7940ec220bddfbf852182dc8e24311ec600a582a63b9.png
08:17:27.098 [main] DEBUG net.thucydides.core.steps.StepInterceptor - STARTING STEP: InventoryStockSteps.youDeteleItem - btnCheckbox
08:17:27.384 [main] DEBUG net.serenitybdd.core.photography.Darkroom - Send negative for processing for target\site\serenity\92df7ab54759b385c8b37e27f41f8e53222d011d9764b856e094af490ced8885.png
08:17:27.384 [main] DEBUG net.thucydides.core.steps.StepInterceptor - STEP DONE: btnCheckbox
08:17:27.666 [main] DEBUG net.serenitybdd.core.photography.Darkroom - Send negative for processing for target\site\serenity\92df7ab54759b385c8b37e27f41f8e53222d011d9764b856e094af490ced8885.png
08:17:27.666 [main] DEBUG net.thucydides.core.steps.StepInterceptor - STARTING STEP: InventoryStockSteps.youDeteleItem - btnDelete
08:17:27.940 [main] DEBUG net.serenitybdd.core.photography.Darkroom - Send negative for processing for target\site\serenity\9c889276e5ad926f550985214c872c68b92e837c118828f6a5db62464305d863.png
08:17:27.940 [main] DEBUG net.thucydides.core.steps.StepInterceptor - STEP DONE: btnDelete
  &amp#27;[32mWhen &amp#27;[0m&amp#27;[32myou detele item &amp#27;[0m&amp#27;[32m&amp#27;[1m"Close"&amp#27;[0m                                                  &amp#27;[90m# starter.stepdefinitios.InventoryStockSteps.youDeteleItem(java.lang.String)&amp#27;[0m
08:17:27.942 [main] DEBUG net.thucydides.core.steps.StepInterceptor - STARTING STEP: InventoryStockSteps.validateTheNameEmpty - validatePilihBarang
08:17:27.970 [main] DEBUG net.thucydides.core.steps.StepInterceptor - STEP DONE: validatePilihBarang
  &amp#27;[32mThen &amp#27;[0m&amp#27;[32mvalidate the name empty&amp#27;[0m                                                  &amp#27;[90m# starter.stepdefinitios.InventoryStockSteps.validateTheNameEmpty()&amp#27;[0m
]]></system-out>
    <system-err><![CDATA[Starting ChromeDriver 117.0.5938.88 (be6afae4721209be42944bbcd325665f9f44563b-refs/branch-heads/5938_62@{#9}) on port 32522
Only local connections are allowed.
Please see https://chromedriver.chromium.org/security-considerations for suggestions on keeping ChromeDriver safe.
ChromeDriver was started successfully.
Oct 06, 2023 8:17:13 AM org.openqa.selenium.remote.ProtocolHandshake createSession
INFO: Detected dialect: W3C
]]></system-err>
  </testcase>
  <testcase name="Login Account #1" classname="Login Account at app.jubelio" time="7.951">
    <system-out><![CDATA[
@Login
Scenario Outline: Login Account                                           &amp#27;[90m# src/test/resources/features/user/login.feature:11&amp#27;[0m
08:17:28.271 [main] INFO io.cucumber.core.plugin.SerenityReporter - Running feature from file:///D:/QE/Automation/Jubelio-Website/src/test/resources/features/user/login.feature
08:17:28.274 [main] INFO  - 
  _____   ___   ___   _____     ___   _____     _     ___   _____   ___   ___  
 |_   _| | __| / __| |_   _|   / __| |_   _|   /_\   | _ \ |_   _| | __| |   \ 
   | |   | _|  \__ \   | |     \__ \   | |    / _ \  |   /   | |   | _|  | |) |
   |_|   |___| |___/   |_|     |___/   |_|   /_/ \_\ |_|_\   |_|   |___| |___/ 

Login Account(login-account-at-app.jubelio;login-account)
--------------------------------------------------------------------------------
08:17:28.274 [main] INFO net.thucydides.core.model.TestOutcome - SetUserStory Login Account at app.jubelio
08:17:28.275 [main] INFO net.thucydides.core.model.TestOutcome - SetUserStory Login Account at app.jubelio
08:17:28.803 [main] DEBUG net.thucydides.core.steps.StepInterceptor - STARTING STEP: LoginSteps.fillsInTheWithValidDataEmail - openLink
08:17:28.807 [main] INFO net.serenitybdd.core.webdriver.driverproviders.ChromeDriverProvider - Using automatically driver download
08:17:28.823 [main] DEBUG org.apache.hc.client5.http.impl.classic.InternalHttpClient - ex-00000019: preparing request execution
08:17:28.823 [main] DEBUG org.apache.hc.client5.http.protocol.RequestAddCookies - Cookie spec selected: strict
08:17:28.823 [main] DEBUG org.apache.hc.client5.http.protocol.RequestAuthCache - Auth cache not set in the context
08:17:28.823 [main] DEBUG org.apache.hc.client5.http.impl.classic.ProtocolExec - ex-00000019: target auth state: UNCHALLENGED
08:17:28.823 [main] DEBUG org.apache.hc.client5.http.impl.classic.ProtocolExec - ex-00000019: proxy auth state: UNCHALLENGED
08:17:28.823 [main] DEBUG org.apache.hc.client5.http.impl.classic.ConnectExec - ex-00000019: acquiring connection with route {s}->https://raw.githubusercontent.com:443
08:17:28.823 [main] DEBUG org.apache.hc.client5.http.impl.classic.InternalHttpClient - ex-00000019: acquiring endpoint (3 MINUTES)
08:17:28.823 [main] DEBUG org.apache.hc.client5.http.impl.io.PoolingHttpClientConnectionManager - ex-00000019: endpoint lease request (3 MINUTES) [route: {s}->https://raw.githubusercontent.com:443][total available: 0; route allocated: 0 of 5; total allocated: 0 of 25]
08:17:28.823 [main] DEBUG org.apache.hc.client5.http.impl.io.PoolingHttpClientConnectionManager - ex-00000019: endpoint leased [route: {s}->https://raw.githubusercontent.com:443][total available: 0; route allocated: 1 of 5; total allocated: 1 of 25]
08:17:28.823 [main] DEBUG org.apache.hc.client5.http.impl.io.PoolingHttpClientConnectionManager - ex-00000019: acquired ep-00000018
08:17:28.823 [main] DEBUG org.apache.hc.client5.http.impl.classic.InternalHttpClient - ex-00000019: acquired endpoint ep-00000018
08:17:28.823 [main] DEBUG org.apache.hc.client5.http.impl.classic.ConnectExec - ex-00000019: opening connection {s}->https://raw.githubusercontent.com:443
08:17:28.823 [main] DEBUG org.apache.hc.client5.http.impl.classic.InternalHttpClient - ep-00000018: connecting endpoint (30 SECONDS)
08:17:28.823 [main] DEBUG org.apache.hc.client5.http.impl.io.PoolingHttpClientConnectionManager - ep-00000018: connecting endpoint to https://raw.githubusercontent.com:443 (30 SECONDS)
08:17:28.823 [main] DEBUG org.apache.hc.client5.http.impl.io.DefaultHttpClientConnectionOperator - http-outgoing-18: connecting to raw.githubusercontent.com/185.199.108.133:443
08:17:28.823 [main] DEBUG org.apache.hc.client5.http.ssl.SSLConnectionSocketFactory - Connecting socket to raw.githubusercontent.com/185.199.108.133:443 with timeout 30 SECONDS
08:17:28.853 [main] DEBUG org.apache.hc.client5.http.ssl.SSLConnectionSocketFactory - Enabled protocols: [TLSv1.3, TLSv1.2]
08:17:28.853 [main] DEBUG org.apache.hc.client5.http.ssl.SSLConnectionSocketFactory - Enabled cipher suites: [TLS_AES_256_GCM_SHA384, TLS_AES_128_GCM_SHA256, TLS_CHACHA20_POLY1305_SHA256, TLS_ECDHE_ECDSA_WITH_AES_256_GCM_SHA384, TLS_ECDHE_ECDSA_WITH_AES_128_GCM_SHA256, TLS_ECDHE_ECDSA_WITH_CHACHA20_POLY1305_SHA256, TLS_ECDHE_RSA_WITH_AES_256_GCM_SHA384, TLS_ECDHE_RSA_WITH_CHACHA20_POLY1305_SHA256, TLS_ECDHE_RSA_WITH_AES_128_GCM_SHA256, TLS_DHE_RSA_WITH_AES_256_GCM_SHA384, TLS_DHE_RSA_WITH_CHACHA20_POLY1305_SHA256, TLS_DHE_DSS_WITH_AES_256_GCM_SHA384, TLS_DHE_RSA_WITH_AES_128_GCM_SHA256, TLS_DHE_DSS_WITH_AES_128_GCM_SHA256, TLS_ECDHE_ECDSA_WITH_AES_256_CBC_SHA384, TLS_ECDHE_RSA_WITH_AES_256_CBC_SHA384, TLS_ECDHE_ECDSA_WITH_AES_128_CBC_SHA256, TLS_ECDHE_RSA_WITH_AES_128_CBC_SHA256, TLS_DHE_RSA_WITH_AES_256_CBC_SHA256, TLS_DHE_DSS_WITH_AES_256_CBC_SHA256, TLS_DHE_RSA_WITH_AES_128_CBC_SHA256, TLS_DHE_DSS_WITH_AES_128_CBC_SHA256, TLS_ECDH_ECDSA_WITH_AES_256_GCM_SHA384, TLS_ECDH_RSA_WITH_AES_256_GCM_SHA384, TLS_ECDH_ECDSA_WITH_AES_128_GCM_SHA256, TLS_ECDH_RSA_WITH_AES_128_GCM_SHA256, TLS_ECDH_ECDSA_WITH_AES_256_CBC_SHA384, TLS_ECDH_RSA_WITH_AES_256_CBC_SHA384, TLS_ECDH_ECDSA_WITH_AES_128_CBC_SHA256, TLS_ECDH_RSA_WITH_AES_128_CBC_SHA256, TLS_ECDHE_ECDSA_WITH_AES_256_CBC_SHA, TLS_ECDHE_RSA_WITH_AES_256_CBC_SHA, TLS_ECDHE_ECDSA_WITH_AES_128_CBC_SHA, TLS_ECDHE_RSA_WITH_AES_128_CBC_SHA, TLS_DHE_RSA_WITH_AES_256_CBC_SHA, TLS_DHE_DSS_WITH_AES_256_CBC_SHA, TLS_DHE_RSA_WITH_AES_128_CBC_SHA, TLS_DHE_DSS_WITH_AES_128_CBC_SHA, TLS_ECDH_ECDSA_WITH_AES_256_CBC_SHA, TLS_ECDH_RSA_WITH_AES_256_CBC_SHA, TLS_ECDH_ECDSA_WITH_AES_128_CBC_SHA, TLS_ECDH_RSA_WITH_AES_128_CBC_SHA, TLS_RSA_WITH_AES_256_GCM_SHA384, TLS_RSA_WITH_AES_128_GCM_SHA256, TLS_RSA_WITH_AES_256_CBC_SHA256, TLS_RSA_WITH_AES_128_CBC_SHA256, TLS_RSA_WITH_AES_256_CBC_SHA, TLS_RSA_WITH_AES_128_CBC_SHA, TLS_EMPTY_RENEGOTIATION_INFO_SCSV]
08:17:28.853 [main] DEBUG org.apache.hc.client5.http.ssl.SSLConnectionSocketFactory - Starting handshake
08:17:28.891 [main] DEBUG org.apache.hc.client5.http.ssl.SSLConnectionSocketFactory - Secure session established
08:17:28.891 [main] DEBUG org.apache.hc.client5.http.ssl.SSLConnectionSocketFactory -  negotiated protocol: TLSv1.3
08:17:28.891 [main] DEBUG org.apache.hc.client5.http.ssl.SSLConnectionSocketFactory -  negotiated cipher suite: TLS_AES_256_GCM_SHA384
08:17:28.891 [main] DEBUG org.apache.hc.client5.http.ssl.SSLConnectionSocketFactory -  peer principal: CN=*.github.io, O="GitHub, Inc.", L=San Francisco, ST=California, C=US
08:17:28.891 [main] DEBUG org.apache.hc.client5.http.ssl.SSLConnectionSocketFactory -  peer alternative names: [*.github.io, github.io, *.github.com, github.com, www.github.com, *.githubusercontent.com, githubusercontent.com]
08:17:28.891 [main] DEBUG org.apache.hc.client5.http.ssl.SSLConnectionSocketFactory -  issuer principal: CN=DigiCert TLS RSA SHA256 2020 CA1, O=DigiCert Inc, C=US
08:17:28.891 [main] DEBUG org.apache.hc.client5.http.impl.io.DefaultHttpClientConnectionOperator - http-outgoing-18: connection established 192.168.100.42:64409<->185.199.108.133:443
08:17:28.891 [main] DEBUG org.apache.hc.client5.http.impl.io.PoolingHttpClientConnectionManager - ep-00000018: connected http-outgoing-18
08:17:28.891 [main] DEBUG org.apache.hc.client5.http.impl.classic.InternalHttpClient - ep-00000018: endpoint connected
08:17:28.891 [main] DEBUG org.apache.hc.client5.http.impl.classic.MainClientExec - ex-00000019: executing GET /bonigarcia/webdrivermanager/master/src/main/resources/commands.properties HTTP/1.1
08:17:28.891 [main] DEBUG org.apache.hc.client5.http.impl.classic.InternalHttpClient - ep-00000018: start execution ex-00000019
08:17:28.891 [main] DEBUG org.apache.hc.client5.http.impl.io.PoolingHttpClientConnectionManager - ep-00000018: executing exchange ex-00000019 over http-outgoing-18
08:17:28.891 [main] DEBUG org.apache.hc.client5.http.headers - http-outgoing-18 >> GET /bonigarcia/webdrivermanager/master/src/main/resources/commands.properties HTTP/1.1
08:17:28.891 [main] DEBUG org.apache.hc.client5.http.headers - http-outgoing-18 >> user-agent: Apache-HttpClient/5.0
08:17:28.891 [main] DEBUG org.apache.hc.client5.http.headers - http-outgoing-18 >> accept-encoding: gzip, deflate, br
08:17:28.891 [main] DEBUG org.apache.hc.client5.http.headers - http-outgoing-18 >> cache-control: max-age=0
08:17:28.891 [main] DEBUG org.apache.hc.client5.http.headers - http-outgoing-18 >> connection: keep-alive
08:17:28.891 [main] DEBUG org.apache.hc.client5.http.headers - http-outgoing-18 >> Host: raw.githubusercontent.com
08:17:28.891 [main] DEBUG org.apache.hc.client5.http.wire - http-outgoing-18 >> "GET /bonigarcia/webdrivermanager/master/src/main/resources/commands.properties HTTP/1.1[\r][\n]"
08:17:28.891 [main] DEBUG org.apache.hc.client5.http.wire - http-outgoing-18 >> "user-agent: Apache-HttpClient/5.0[\r][\n]"
08:17:28.891 [main] DEBUG org.apache.hc.client5.http.wire - http-outgoing-18 >> "accept-encoding: gzip, deflate, br[\r][\n]"
08:17:28.891 [main] DEBUG org.apache.hc.client5.http.wire - http-outgoing-18 >> "cache-control: max-age=0[\r][\n]"
08:17:28.891 [main] DEBUG org.apache.hc.client5.http.wire - http-outgoing-18 >> "connection: keep-alive[\r][\n]"
08:17:28.891 [main] DEBUG org.apache.hc.client5.http.wire - http-outgoing-18 >> "Host: raw.githubusercontent.com[\r][\n]"
08:17:28.891 [main] DEBUG org.apache.hc.client5.http.wire - http-outgoing-18 >> "[\r][\n]"
08:17:28.916 [main] DEBUG org.apache.hc.client5.http.wire - http-outgoing-18 << "HTTP/1.1 200 OK[\r][\n]"
08:17:28.916 [main] DEBUG org.apache.hc.client5.http.wire - http-outgoing-18 << "Connection: keep-alive[\r][\n]"
08:17:28.916 [main] DEBUG org.apache.hc.client5.http.wire - http-outgoing-18 << "Content-Length: 723[\r][\n]"
08:17:28.916 [main] DEBUG org.apache.hc.client5.http.wire - http-outgoing-18 << "Cache-Control: max-age=300[\r][\n]"
08:17:28.916 [main] DEBUG org.apache.hc.client5.http.wire - http-outgoing-18 << "Content-Security-Policy: default-src 'none'; style-src 'unsafe-inline'; sandbox[\r][\n]"
08:17:28.916 [main] DEBUG org.apache.hc.client5.http.wire - http-outgoing-18 << "Content-Type: text/plain; charset=utf-8[\r][\n]"
08:17:28.916 [main] DEBUG org.apache.hc.client5.http.wire - http-outgoing-18 << "ETag: W/"e82b438271e9e8680c688b0b680efd0bdd22faa6d6f0a32fc1fd8accc486b67e"[\r][\n]"
08:17:28.916 [main] DEBUG org.apache.hc.client5.http.wire - http-outgoing-18 << "Strict-Transport-Security: max-age=31536000[\r][\n]"
08:17:28.916 [main] DEBUG org.apache.hc.client5.http.wire - http-outgoing-18 << "X-Content-Type-Options: nosniff[\r][\n]"
08:17:28.916 [main] DEBUG org.apache.hc.client5.http.wire - http-outgoing-18 << "X-Frame-Options: deny[\r][\n]"
08:17:28.916 [main] DEBUG org.apache.hc.client5.http.wire - http-outgoing-18 << "X-XSS-Protection: 1; mode=block[\r][\n]"
08:17:28.916 [main] DEBUG org.apache.hc.client5.http.wire - http-outgoing-18 << "X-GitHub-Request-Id: 4CA0:B8C7F:70C4E:8CACE:651389F9[\r][\n]"
08:17:28.916 [main] DEBUG org.apache.hc.client5.http.wire - http-outgoing-18 << "Content-Encoding: gzip[\r][\n]"
08:17:28.916 [main] DEBUG org.apache.hc.client5.http.wire - http-outgoing-18 << "Accept-Ranges: bytes[\r][\n]"
08:17:28.916 [main] DEBUG org.apache.hc.client5.http.wire - http-outgoing-18 << "Date: Fri, 06 Oct 2023 01:17:31 GMT[\r][\n]"
08:17:28.916 [main] DEBUG org.apache.hc.client5.http.wire - http-outgoing-18 << "Via: 1.1 varnish[\r][\n]"
08:17:28.916 [main] DEBUG org.apache.hc.client5.http.wire - http-outgoing-18 << "X-Served-By: cache-qpg1235-QPG[\r][\n]"
08:17:28.916 [main] DEBUG org.apache.hc.client5.http.wire - http-outgoing-18 << "X-Cache: HIT[\r][\n]"
08:17:28.916 [main] DEBUG org.apache.hc.client5.http.wire - http-outgoing-18 << "X-Cache-Hits: 2[\r][\n]"
08:17:28.916 [main] DEBUG org.apache.hc.client5.http.wire - http-outgoing-18 << "X-Timer: S1696555051.052388,VS0,VE0[\r][\n]"
08:17:28.916 [main] DEBUG org.apache.hc.client5.http.wire - http-outgoing-18 << "Vary: Authorization,Accept-Encoding,Origin[\r][\n]"
08:17:28.916 [main] DEBUG org.apache.hc.client5.http.wire - http-outgoing-18 << "Access-Control-Allow-Origin: *[\r][\n]"
08:17:28.916 [main] DEBUG org.apache.hc.client5.http.wire - http-outgoing-18 << "Cross-Origin-Resource-Policy: cross-origin[\r][\n]"
08:17:28.916 [main] DEBUG org.apache.hc.client5.http.wire - http-outgoing-18 << "X-Fastly-Request-ID: 68c8cef3a1a209f831d5f96ba3784383d0b67984[\r][\n]"
08:17:28.916 [main] DEBUG org.apache.hc.client5.http.wire - http-outgoing-18 << "Expires: Fri, 06 Oct 2023 01:22:31 GMT[\r][\n]"
08:17:28.916 [main] DEBUG org.apache.hc.client5.http.wire - http-outgoing-18 << "Source-Age: 83[\r][\n]"
08:17:28.916 [main] DEBUG org.apache.hc.client5.http.wire - http-outgoing-18 << "[\r][\n]"
08:17:28.916 [main] DEBUG org.apache.hc.client5.http.headers - http-outgoing-18 << HTTP/1.1 200 OK
08:17:28.916 [main] DEBUG org.apache.hc.client5.http.headers - http-outgoing-18 << Connection: keep-alive
08:17:28.916 [main] DEBUG org.apache.hc.client5.http.headers - http-outgoing-18 << Content-Length: 723
08:17:28.916 [main] DEBUG org.apache.hc.client5.http.headers - http-outgoing-18 << Cache-Control: max-age=300
08:17:28.916 [main] DEBUG org.apache.hc.client5.http.headers - http-outgoing-18 << Content-Security-Policy: default-src 'none'; style-src 'unsafe-inline'; sandbox
08:17:28.916 [main] DEBUG org.apache.hc.client5.http.headers - http-outgoing-18 << Content-Type: text/plain; charset=utf-8
08:17:28.916 [main] DEBUG org.apache.hc.client5.http.headers - http-outgoing-18 << ETag: W/"e82b438271e9e8680c688b0b680efd0bdd22faa6d6f0a32fc1fd8accc486b67e"
08:17:28.916 [main] DEBUG org.apache.hc.client5.http.headers - http-outgoing-18 << Strict-Transport-Security: max-age=31536000
08:17:28.916 [main] DEBUG org.apache.hc.client5.http.headers - http-outgoing-18 << X-Content-Type-Options: nosniff
08:17:28.916 [main] DEBUG org.apache.hc.client5.http.headers - http-outgoing-18 << X-Frame-Options: deny
08:17:28.916 [main] DEBUG org.apache.hc.client5.http.headers - http-outgoing-18 << X-XSS-Protection: 1; mode=block
08:17:28.916 [main] DEBUG org.apache.hc.client5.http.headers - http-outgoing-18 << X-GitHub-Request-Id: 4CA0:B8C7F:70C4E:8CACE:651389F9
08:17:28.916 [main] DEBUG org.apache.hc.client5.http.headers - http-outgoing-18 << Content-Encoding: gzip
08:17:28.916 [main] DEBUG org.apache.hc.client5.http.headers - http-outgoing-18 << Accept-Ranges: bytes
08:17:28.916 [main] DEBUG org.apache.hc.client5.http.headers - http-outgoing-18 << Date: Fri, 06 Oct 2023 01:17:31 GMT
08:17:28.916 [main] DEBUG org.apache.hc.client5.http.headers - http-outgoing-18 << Via: 1.1 varnish
08:17:28.916 [main] DEBUG org.apache.hc.client5.http.headers - http-outgoing-18 << X-Served-By: cache-qpg1235-QPG
08:17:28.916 [main] DEBUG org.apache.hc.client5.http.headers - http-outgoing-18 << X-Cache: HIT
08:17:28.916 [main] DEBUG org.apache.hc.client5.http.headers - http-outgoing-18 << X-Cache-Hits: 2
08:17:28.916 [main] DEBUG org.apache.hc.client5.http.headers - http-outgoing-18 << X-Timer: S1696555051.052388,VS0,VE0
08:17:28.916 [main] DEBUG org.apache.hc.client5.http.headers - http-outgoing-18 << Vary: Authorization,Accept-Encoding,Origin
08:17:28.916 [main] DEBUG org.apache.hc.client5.http.headers - http-outgoing-18 << Access-Control-Allow-Origin: *
08:17:28.916 [main] DEBUG org.apache.hc.client5.http.headers - http-outgoing-18 << Cross-Origin-Resource-Policy: cross-origin
08:17:28.916 [main] DEBUG org.apache.hc.client5.http.headers - http-outgoing-18 << X-Fastly-Request-ID: 68c8cef3a1a209f831d5f96ba3784383d0b67984
08:17:28.916 [main] DEBUG org.apache.hc.client5.http.headers - http-outgoing-18 << Expires: Fri, 06 Oct 2023 01:22:31 GMT
08:17:28.916 [main] DEBUG org.apache.hc.client5.http.headers - http-outgoing-18 << Source-Age: 83
08:17:28.916 [main] DEBUG org.apache.hc.client5.http.impl.classic.MainClientExec - ex-00000019: connection can be kept alive for 3 MINUTES
08:17:28.916 [main] DEBUG org.apache.hc.client5.http.wire - http-outgoing-18 << "[0x1f][0xffffff8b][0x8][0x0][0x0][0x0][0x0][0x0][0x0][0x3][0xffffffb5]V]o[0xffffffda]0[0x14]}[0xffffffe7]W\[0xffffff81]*[0xffffffb5][0x12][0x1f][[M[0xffffffd3]$[0x1e]hF[0xffffffbb]i [0x18][0xffffffb4][0xffffffdd]&[0xfffffff9][0xffffffc5]$7[0xffffffc1]R[0x12]#;[0xffffff94]v[0xffffffbf]~[0xffffffb6][0xfffffff3]1[0xffffff92][0xffffff9a][0xffffffc1][0x1a]x[0xffffffcb][0xffffffb5][0xffffffaf][0xffffffcf]9[0xffffffbe][0xfffffff7]8v[0xb][0x1c][0x1e]E4[0xfffffff6]$x4[0xffffffa1][0xb]*[0xffffffb1][0xffffffd1][0xffffff82][0xfffffffb]%[0xffffff93][0xffffffe0][0xffffffb3][0x10][0xffffffc1][0xffffffe5]qBY,!Y[0xffffffea] KM8,[0x10][0xfffffff0][0x19][0xffffffdd]u[0xffffff82][0x1e][0xffffffb0][0xffffffd8]L[0xffffffcb]%[0xffffff86][0xffffffa1][0xe][0xffffffb8][0xfffffff0]P[0xffffffe8]$[0xf][0x13]t[0x13]3[0xfffffff9][0xffffff84]B2[0xffffffae][0xffffffe6]|@[0xfffffff5][0x1d][0x8][0xffffffc4][0x18][0x16][0xffffff82]o[0xffffffa4][0xffffff9a]P[0xffffff94][0xffffffe7][0xffffffce]R[0xfffffff0][0x8][0xffffffdb]p[0xffffffcb][0x4][0xfffffffa][0xfffffffc][0xffffffb9][\r][0xffffff93][0x15][\n]"
08:17:28.916 [main] DEBUG org.apache.hc.client5.http.wire - http-outgoing-18 << "[0xffffffda][0xffffff86][0xffffffa1][0x17][0xffffffa8]Q3[0xffffffcb][0xffffffd6][0xffffffd1][0xffffff85][0xffffffc6][0xfffffff7][0xffffff98][0xffffffef][0xffffffa3][0xffffffc0]8[0x1][0xffffffae]s[0x12][0x16][0x7] _d[0xffffff82][0xffffff91][0xffffff84][0xfffffff3][0x1f],[0xfffffff6][0x14]j[0x1b]F,^+[0xffffff98]1ua2[0xffffffbf]h([0xffffff8e][0xffffff94][0xffffffa2][0xffffff91]m[0xffffffa3][0xffffffeb][0xffffff9a][0xffffffb0][0xffffffbb]I[0x17]t[0xffffffdf][0xffffffbd][0xffffffef][0xffffffbb][0xffffff91][0xffffffd7]U[0xffffffbb][0xffffff82][0xffffff9e][0x3][0xffffff9b][0xffffff88][0xffffffb9][0xffffffa6]$[0xffffffa6][0xc][0xffffff9b][0xffffffa5][0xffffffe2][0xffffff83][0xffffff98]F[0xffffffd8]o[0xffffff9e]Mg[0xffffff93][0xffffffbb][0xffffffd9]`|[0xfffffffb]u4[0xffffff9c][0x7f]"}B[0xffffffce][0x8][0xffffffb9][0xffffffe3]<[0x8][0xffffff91][0xffffff90][0xffffff94][0xffffff82][0xffffff90][0xffffffc1]j[0x15]2WI[0xffffffe3]1![0x19][0xffffff91]BnB[0xffffff80][0x9]<f[0xffffffb5][0xffffffe8]=[0xffffffd1]p[0xffffffbd][[0xffffffcf][0xffffffe5][0x1b][0xfffffff4][0xffffff9c][0xffffffff][0xfffffffc][0xfffffff8][0xffffffe1][0xffffffe2][0xffffff94][0xffffffa2][0xffffffae][0xe][0x14]5[0xffffff9a]8[0xffffff83][0xffffffd1]`:[0xfffffffd]<[0xffffffb8][0x1f][0xffffff9c]R[0xffffffcf]u[0x7f]6[0xffffffbc][0xffffff83][0xffffffef][0xf][0xffffffc3][0xffffffd9]/[0xfffffff8][0xfffffff2][0xffffffcd]y s[0xffffffee]'[0x1b]*0g[0xffffffcb][0xffffffc8]nF7H][0xffffff83][0xffffff97]{[0xffffffb1]Q[0x5][\r][0xffffffb5]c[0xffffffb4][0xf][0x2][0xffffffb3][0xffffffb4][0xffffff93][0xe]C[0xffffffa7][0xffffffb3]kAD][0xffffff9d][0xffffffde][0xffffffdb][0xffffffda][0xffffff88][0xffffffec][0xffffffa5][0xffffffbc][0xffffff99][0xffffffd9][0xffffffba]t[0xffffffb5][0xffffffea]9[0xffffffea][0x10])[0xffffffb7][0xffffffca][0xffffff9e][0xfffffff2][0xffffffe2]d^N[0xffffffd8]FW[0x16][0xffffffcd][0xffffffdc]_[0x10][0xfffffff9]i|[0x1c][0xffffff93][0xffffff8e][0xfffffff9]o[0x16][0xffffff86]4'!$G[0xffffffdf]W[0xfffffff4]W*j[[0xfffffff3]xR[0xffffffae][0xffffffb6][0xc][0xffffffd0],; #[0xffffffa9][0xffffff92]5[0xffffffb5][0x7][0xffffff9c][0xffffffb5][0xffffffd0][0x7f][0xffffff90][0xffffffc7]jgs[0xfffffffc][0xffffffc2][0xb][0xffffffd9][0x0]t[0xffffff9e]^'Y[0xfffffffb][0xffffff9f][0xffffffb1][0xffffffd8]:[0xffffffbf][0xffffff8d][0xffffffa5][0xffffff9a][0xffffffad][0x7f]m[0x5]&[0xffffffaa][0xffffffa0]^[0xffffff9b][0xffffffcb][0x5]f[0xffffffae][0xffffffe0]RU[0xffffff82][0x10]MS9l[0xffffff91]4t[0xfffffffb][0xffffff8a]][0xffffffd6][0xfffffff4][0xffffff96][0xffffffa6][0xffffff9f]P[0xffffffce][0xffffffd5][0xffffffce][0xffffff93][0xffffffff][0xffffff97][0xffffffcc]p[0xfffffffd][0xfffffff3][0xffffffe8][0x1b][0xffffffcc][0xffffffa2][0xffffffd9]Q[0xffffffbe][0xffffffb2][0xffffffa3][0xffffffc7]m'[0xffffffdf][0xffffffe4][[0xfffffffb]^[0xffffffb0][0xffffff9a][0xffffffbe][0xffffffda][0xffffffda]_[0xffffffce][0xffffff80][0xffffffd2][0xffffffc1]7[0xffffffb7]][0xffffffc1]b[0xffffffee][0xffffffb5][0xffffffff]w[0xffffff83][0xffffffed][0xffffffa7];[0x15]<[0x10]4[0xffffff92][0xffffff84][0x18][\n]"
08:17:28.916 [main] DEBUG org.apache.hc.client5.http.wire - http-outgoing-18 << "BB[0xffffffba][0xffffff8e]][0xffffffb5]jo[0xffffffb9]+"[0xffffffea][0xffffffb4][0xffffffff]h"[0xffffffea]\?5[0xffffffa9][0xffffffaf]k[0xffffffec][0xffffffff]P[0xffffffea][\n]"
08:17:28.916 [main] DEBUG org.apache.hc.client5.http.wire - http-outgoing-18 << "w[0xffffffe1]K[0x13][0xffffffda][0xffffffec][0xffffff98][0xffffffe6]Y[0xfffffffd]h8m6[0xffffff9c]T[0xffffffc1][0xfffffff2][0xffffffa7][0xffffff91]z_[0xffffff95]o85p[0x1c][0x13][0xffffffe6][0xfffffff0]5[0xffffffee][0xfffffffc][0xffffff92][0xffffff96][0xffffffda][0xfffffff7][0xffffffcf][0xffffffb1][0x5][0x1d][0xffffffea]K[0xffffff9b]9[0xffffff8e][0xffffffad]e[0xfffffff7][0xffffff93][0xffffffa8]`[0xffffffda][0xffffffff][0x1a][0xffffffd2][0xffffff88][0xffffff85][0xfffffffd][0xfffffff2][0xffffff91]N[0xfffffff6]`[0xffffffdf]2[0xffffffcf][0xffffffae]E[0xffffff97][0xffffffc5][0xffffffa2][0xffffff9d][0xffffffef]'[0xffffff9d]mun.[0xffffffd3]f^[0xffffffc7][0xffffff82][0xffffffda][0xffffff82]9[0xfffffff5][0xffffffa9]`[0x5][0xffffffbc]4[0xffffffa1][0x1d]<M[0xffffffb5]A[0xffffffa7]3[[0xffffffc0][0x7f][0x0][0xffffffc1][0xffffffd0]$[0xffffff85][0x1d][\r][0x0][0x0]"
08:17:28.916 [main] DEBUG org.apache.hc.client5.http.impl.classic.InternalHttpClient - ep-00000018: releasing valid endpoint
08:17:28.916 [main] DEBUG org.apache.hc.client5.http.impl.io.PoolingHttpClientConnectionManager - ep-00000018: releasing endpoint
08:17:28.916 [main] DEBUG org.apache.hc.client5.http.impl.io.PoolingHttpClientConnectionManager - ep-00000018: connection http-outgoing-18 can be kept alive for 3 MINUTES
08:17:28.916 [main] DEBUG org.apache.hc.client5.http.impl.io.PoolingHttpClientConnectionManager - ep-00000018: connection released [route: {s}->https://raw.githubusercontent.com:443][total available: 1; route allocated: 1 of 5; total allocated: 1 of 25]
08:17:28.932 [main] DEBUG io.github.bonigarcia.wdm.versions.VersionDetector - Detecting chrome version using online commands.properties
08:17:28.933 [main] DEBUG io.github.bonigarcia.wdm.versions.Shell - Running command on the shell: [cmd.exe, /C, wmic, datafile, where, name="%PROGRAMFILES:\=\\%\\Google\\Chrome\\Application\\chrome.exe", get, Version, /value]
08:17:29.051 [main] DEBUG io.github.bonigarcia.wdm.versions.Shell - Result: Version=117.0.5938.134
08:17:29.054 [main] DEBUG org.apache.hc.client5.http.impl.classic.InternalHttpClient - ex-0000001A: preparing request execution
08:17:29.054 [main] DEBUG org.apache.hc.client5.http.protocol.RequestAddCookies - Cookie spec selected: strict
08:17:29.054 [main] DEBUG org.apache.hc.client5.http.protocol.RequestAuthCache - Auth cache not set in the context
08:17:29.054 [main] DEBUG org.apache.hc.client5.http.impl.classic.ProtocolExec - ex-0000001A: target auth state: UNCHALLENGED
08:17:29.054 [main] DEBUG org.apache.hc.client5.http.impl.classic.ProtocolExec - ex-0000001A: proxy auth state: UNCHALLENGED
08:17:29.054 [main] DEBUG org.apache.hc.client5.http.impl.classic.ConnectExec - ex-0000001A: acquiring connection with route {s}->https://chromedriver.storage.googleapis.com:443
08:17:29.054 [main] DEBUG org.apache.hc.client5.http.impl.classic.InternalHttpClient - ex-0000001A: acquiring endpoint (3 MINUTES)
08:17:29.054 [main] DEBUG org.apache.hc.client5.http.impl.io.PoolingHttpClientConnectionManager - ex-0000001A: endpoint lease request (3 MINUTES) [route: {s}->https://chromedriver.storage.googleapis.com:443][total available: 1; route allocated: 0 of 5; total allocated: 1 of 25]
08:17:29.054 [main] DEBUG org.apache.hc.client5.http.impl.io.PoolingHttpClientConnectionManager - ex-0000001A: endpoint leased [route: {s}->https://chromedriver.storage.googleapis.com:443][total available: 1; route allocated: 1 of 5; total allocated: 2 of 25]
08:17:29.054 [main] DEBUG org.apache.hc.client5.http.impl.io.PoolingHttpClientConnectionManager - ex-0000001A: acquired ep-00000019
08:17:29.054 [main] DEBUG org.apache.hc.client5.http.impl.classic.InternalHttpClient - ex-0000001A: acquired endpoint ep-00000019
08:17:29.054 [main] DEBUG org.apache.hc.client5.http.impl.classic.ConnectExec - ex-0000001A: opening connection {s}->https://chromedriver.storage.googleapis.com:443
08:17:29.054 [main] DEBUG org.apache.hc.client5.http.impl.classic.InternalHttpClient - ep-00000019: connecting endpoint (30 SECONDS)
08:17:29.054 [main] DEBUG org.apache.hc.client5.http.impl.io.PoolingHttpClientConnectionManager - ep-00000019: connecting endpoint to https://chromedriver.storage.googleapis.com:443 (30 SECONDS)
08:17:29.054 [main] DEBUG org.apache.hc.client5.http.impl.io.DefaultHttpClientConnectionOperator - http-outgoing-19: connecting to chromedriver.storage.googleapis.com/34.101.5.27:443
08:17:29.054 [main] DEBUG org.apache.hc.client5.http.ssl.SSLConnectionSocketFactory - Connecting socket to chromedriver.storage.googleapis.com/34.101.5.27:443 with timeout 30 SECONDS
08:17:29.059 [main] DEBUG org.apache.hc.client5.http.ssl.SSLConnectionSocketFactory - Enabled protocols: [TLSv1.3, TLSv1.2]
08:17:29.059 [main] DEBUG org.apache.hc.client5.http.ssl.SSLConnectionSocketFactory - Enabled cipher suites: [TLS_AES_256_GCM_SHA384, TLS_AES_128_GCM_SHA256, TLS_CHACHA20_POLY1305_SHA256, TLS_ECDHE_ECDSA_WITH_AES_256_GCM_SHA384, TLS_ECDHE_ECDSA_WITH_AES_128_GCM_SHA256, TLS_ECDHE_ECDSA_WITH_CHACHA20_POLY1305_SHA256, TLS_ECDHE_RSA_WITH_AES_256_GCM_SHA384, TLS_ECDHE_RSA_WITH_CHACHA20_POLY1305_SHA256, TLS_ECDHE_RSA_WITH_AES_128_GCM_SHA256, TLS_DHE_RSA_WITH_AES_256_GCM_SHA384, TLS_DHE_RSA_WITH_CHACHA20_POLY1305_SHA256, TLS_DHE_DSS_WITH_AES_256_GCM_SHA384, TLS_DHE_RSA_WITH_AES_128_GCM_SHA256, TLS_DHE_DSS_WITH_AES_128_GCM_SHA256, TLS_ECDHE_ECDSA_WITH_AES_256_CBC_SHA384, TLS_ECDHE_RSA_WITH_AES_256_CBC_SHA384, TLS_ECDHE_ECDSA_WITH_AES_128_CBC_SHA256, TLS_ECDHE_RSA_WITH_AES_128_CBC_SHA256, TLS_DHE_RSA_WITH_AES_256_CBC_SHA256, TLS_DHE_DSS_WITH_AES_256_CBC_SHA256, TLS_DHE_RSA_WITH_AES_128_CBC_SHA256, TLS_DHE_DSS_WITH_AES_128_CBC_SHA256, TLS_ECDH_ECDSA_WITH_AES_256_GCM_SHA384, TLS_ECDH_RSA_WITH_AES_256_GCM_SHA384, TLS_ECDH_ECDSA_WITH_AES_128_GCM_SHA256, TLS_ECDH_RSA_WITH_AES_128_GCM_SHA256, TLS_ECDH_ECDSA_WITH_AES_256_CBC_SHA384, TLS_ECDH_RSA_WITH_AES_256_CBC_SHA384, TLS_ECDH_ECDSA_WITH_AES_128_CBC_SHA256, TLS_ECDH_RSA_WITH_AES_128_CBC_SHA256, TLS_ECDHE_ECDSA_WITH_AES_256_CBC_SHA, TLS_ECDHE_RSA_WITH_AES_256_CBC_SHA, TLS_ECDHE_ECDSA_WITH_AES_128_CBC_SHA, TLS_ECDHE_RSA_WITH_AES_128_CBC_SHA, TLS_DHE_RSA_WITH_AES_256_CBC_SHA, TLS_DHE_DSS_WITH_AES_256_CBC_SHA, TLS_DHE_RSA_WITH_AES_128_CBC_SHA, TLS_DHE_DSS_WITH_AES_128_CBC_SHA, TLS_ECDH_ECDSA_WITH_AES_256_CBC_SHA, TLS_ECDH_RSA_WITH_AES_256_CBC_SHA, TLS_ECDH_ECDSA_WITH_AES_128_CBC_SHA, TLS_ECDH_RSA_WITH_AES_128_CBC_SHA, TLS_RSA_WITH_AES_256_GCM_SHA384, TLS_RSA_WITH_AES_128_GCM_SHA256, TLS_RSA_WITH_AES_256_CBC_SHA256, TLS_RSA_WITH_AES_128_CBC_SHA256, TLS_RSA_WITH_AES_256_CBC_SHA, TLS_RSA_WITH_AES_128_CBC_SHA, TLS_EMPTY_RENEGOTIATION_INFO_SCSV]
08:17:29.059 [main] DEBUG org.apache.hc.client5.http.ssl.SSLConnectionSocketFactory - Starting handshake
08:17:29.102 [main] DEBUG org.apache.hc.client5.http.ssl.SSLConnectionSocketFactory - Secure session established
08:17:29.102 [main] DEBUG org.apache.hc.client5.http.ssl.SSLConnectionSocketFactory -  negotiated protocol: TLSv1.3
08:17:29.102 [main] DEBUG org.apache.hc.client5.http.ssl.SSLConnectionSocketFactory -  negotiated cipher suite: TLS_AES_256_GCM_SHA384
08:17:29.102 [main] DEBUG org.apache.hc.client5.http.ssl.SSLConnectionSocketFactory -  peer principal: CN=*.storage.googleapis.com
08:17:29.102 [main] DEBUG org.apache.hc.client5.http.ssl.SSLConnectionSocketFactory -  peer alternative names: [*.storage.googleapis.com, *.googleapis.com, commondatastorage.googleapis.com, *.commondatastorage.googleapis.com, storage.googleapis.com, storage-p2.googleapis.com, *.storage-p2.googleapis.com, storage.mtls.googleapis.com, *.appspot.com.storage.googleapis.com, *.content-storage.googleapis.com, *.content-storage-p2.googleapis.com, *.content-storage-upload.googleapis.com, *.content-storage-download.googleapis.com, *.storage-upload.googleapis.com, *.storage-download.googleapis.com]
08:17:29.102 [main] DEBUG org.apache.hc.client5.http.ssl.SSLConnectionSocketFactory -  issuer principal: CN=GTS CA 1C3, O=Google Trust Services LLC, C=US
08:17:29.102 [main] DEBUG org.apache.hc.client5.http.impl.io.DefaultHttpClientConnectionOperator - http-outgoing-19: connection established 192.168.100.42:64410<->34.101.5.27:443
08:17:29.102 [main] DEBUG org.apache.hc.client5.http.impl.io.PoolingHttpClientConnectionManager - ep-00000019: connected http-outgoing-19
08:17:29.102 [main] DEBUG org.apache.hc.client5.http.impl.classic.InternalHttpClient - ep-00000019: endpoint connected
08:17:29.102 [main] DEBUG org.apache.hc.client5.http.impl.classic.MainClientExec - ex-0000001A: executing GET /LATEST_RELEASE_117 HTTP/1.1
08:17:29.102 [main] DEBUG org.apache.hc.client5.http.impl.classic.InternalHttpClient - ep-00000019: start execution ex-0000001A
08:17:29.102 [main] DEBUG org.apache.hc.client5.http.impl.io.PoolingHttpClientConnectionManager - ep-00000019: executing exchange ex-0000001A over http-outgoing-19
08:17:29.103 [main] DEBUG org.apache.hc.client5.http.headers - http-outgoing-19 >> GET /LATEST_RELEASE_117 HTTP/1.1
08:17:29.103 [main] DEBUG org.apache.hc.client5.http.headers - http-outgoing-19 >> user-agent: Apache-HttpClient/5.0
08:17:29.103 [main] DEBUG org.apache.hc.client5.http.headers - http-outgoing-19 >> accept-encoding: gzip, deflate, br
08:17:29.103 [main] DEBUG org.apache.hc.client5.http.headers - http-outgoing-19 >> cache-control: max-age=0
08:17:29.103 [main] DEBUG org.apache.hc.client5.http.headers - http-outgoing-19 >> connection: keep-alive
08:17:29.103 [main] DEBUG org.apache.hc.client5.http.headers - http-outgoing-19 >> Host: chromedriver.storage.googleapis.com
08:17:29.103 [main] DEBUG org.apache.hc.client5.http.wire - http-outgoing-19 >> "GET /LATEST_RELEASE_117 HTTP/1.1[\r][\n]"
08:17:29.103 [main] DEBUG org.apache.hc.client5.http.wire - http-outgoing-19 >> "user-agent: Apache-HttpClient/5.0[\r][\n]"
08:17:29.103 [main] DEBUG org.apache.hc.client5.http.wire - http-outgoing-19 >> "accept-encoding: gzip, deflate, br[\r][\n]"
08:17:29.103 [main] DEBUG org.apache.hc.client5.http.wire - http-outgoing-19 >> "cache-control: max-age=0[\r][\n]"
08:17:29.103 [main] DEBUG org.apache.hc.client5.http.wire - http-outgoing-19 >> "connection: keep-alive[\r][\n]"
08:17:29.103 [main] DEBUG org.apache.hc.client5.http.wire - http-outgoing-19 >> "Host: chromedriver.storage.googleapis.com[\r][\n]"
08:17:29.103 [main] DEBUG org.apache.hc.client5.http.wire - http-outgoing-19 >> "[\r][\n]"
08:17:29.343 [main] DEBUG org.apache.hc.client5.http.wire - http-outgoing-19 << "HTTP/1.1 404 Not Found[\r][\n]"
08:17:29.343 [main] DEBUG org.apache.hc.client5.http.wire - http-outgoing-19 << "X-GUploader-UploadID: ADPycdtzK2zhsw_m55m978x1Th1a-D1YuKejVSpS08IuN1I2czEyujeR1ecgaO4cBTxYvELflLYgnCgRBNrsXOWXYoDOByjNkjrp[\r][\n]"
08:17:29.343 [main] DEBUG org.apache.hc.client5.http.wire - http-outgoing-19 << "Content-Type: application/xml; charset=UTF-8[\r][\n]"
08:17:29.343 [main] DEBUG org.apache.hc.client5.http.wire - http-outgoing-19 << "Content-Length: 193[\r][\n]"
08:17:29.343 [main] DEBUG org.apache.hc.client5.http.wire - http-outgoing-19 << "Date: Fri, 06 Oct 2023 01:17:31 GMT[\r][\n]"
08:17:29.343 [main] DEBUG org.apache.hc.client5.http.wire - http-outgoing-19 << "Expires: Fri, 06 Oct 2023 01:17:31 GMT[\r][\n]"
08:17:29.343 [main] DEBUG org.apache.hc.client5.http.wire - http-outgoing-19 << "Cache-Control: private, max-age=0[\r][\n]"
08:17:29.343 [main] DEBUG org.apache.hc.client5.http.wire - http-outgoing-19 << "Server: UploadServer[\r][\n]"
08:17:29.343 [main] DEBUG org.apache.hc.client5.http.wire - http-outgoing-19 << "Alt-Svc: h3=":443"; ma=2592000,h3-29=":443"; ma=2592000[\r][\n]"
08:17:29.343 [main] DEBUG org.apache.hc.client5.http.wire - http-outgoing-19 << "[\r][\n]"
08:17:29.343 [main] DEBUG org.apache.hc.client5.http.wire - http-outgoing-19 << "<?xml version='1.0' encoding='UTF-8'?><Error><Code>NoSuchKey</Code><Message>The specified key does not exist.</Message><Details>No such object: chromedriver/LATEST_RELEASE_117</Details></Error>"
08:17:29.343 [main] DEBUG org.apache.hc.client5.http.headers - http-outgoing-19 << HTTP/1.1 404 Not Found
08:17:29.343 [main] DEBUG org.apache.hc.client5.http.headers - http-outgoing-19 << X-GUploader-UploadID: ADPycdtzK2zhsw_m55m978x1Th1a-D1YuKejVSpS08IuN1I2czEyujeR1ecgaO4cBTxYvELflLYgnCgRBNrsXOWXYoDOByjNkjrp
08:17:29.343 [main] DEBUG org.apache.hc.client5.http.headers - http-outgoing-19 << Content-Type: application/xml; charset=UTF-8
08:17:29.343 [main] DEBUG org.apache.hc.client5.http.headers - http-outgoing-19 << Content-Length: 193
08:17:29.343 [main] DEBUG org.apache.hc.client5.http.headers - http-outgoing-19 << Date: Fri, 06 Oct 2023 01:17:31 GMT
08:17:29.343 [main] DEBUG org.apache.hc.client5.http.headers - http-outgoing-19 << Expires: Fri, 06 Oct 2023 01:17:31 GMT
08:17:29.343 [main] DEBUG org.apache.hc.client5.http.headers - http-outgoing-19 << Cache-Control: private, max-age=0
08:17:29.343 [main] DEBUG org.apache.hc.client5.http.headers - http-outgoing-19 << Server: UploadServer
08:17:29.343 [main] DEBUG org.apache.hc.client5.http.headers - http-outgoing-19 << Alt-Svc: h3=":443"; ma=2592000,h3-29=":443"; ma=2592000
08:17:29.343 [main] DEBUG org.apache.hc.client5.http.impl.classic.MainClientExec - ex-0000001A: connection can be kept alive for 3 MINUTES
08:17:29.343 [main] ERROR io.github.bonigarcia.wdm.online.HttpClient - Error HTTP 404 executing https://chromedriver.storage.googleapis.com/LATEST_RELEASE_117
08:17:29.343 [main] WARN io.github.bonigarcia.wdm.versions.VersionDetector - Exception reading https://chromedriver.storage.googleapis.com/LATEST_RELEASE_117 to get latest version of chromedriver (Error HTTP 404 executing https://chromedriver.storage.googleapis.com/LATEST_RELEASE_117)
08:17:29.343 [main] DEBUG io.github.bonigarcia.wdm.versions.VersionDetector - Getting driver version for chrome117 from online versions.properties
08:17:29.343 [main] DEBUG org.apache.hc.client5.http.impl.classic.InternalHttpClient - ex-0000001B: preparing request execution
08:17:29.343 [main] DEBUG org.apache.hc.client5.http.protocol.RequestAddCookies - Cookie spec selected: strict
08:17:29.343 [main] DEBUG org.apache.hc.client5.http.protocol.RequestAuthCache - Auth cache not set in the context
08:17:29.343 [main] DEBUG org.apache.hc.client5.http.impl.classic.ProtocolExec - ex-0000001B: target auth state: UNCHALLENGED
08:17:29.343 [main] DEBUG org.apache.hc.client5.http.impl.classic.ProtocolExec - ex-0000001B: proxy auth state: UNCHALLENGED
08:17:29.343 [main] DEBUG org.apache.hc.client5.http.impl.classic.ConnectExec - ex-0000001B: acquiring connection with route {s}->https://raw.githubusercontent.com:443
08:17:29.343 [main] DEBUG org.apache.hc.client5.http.impl.classic.InternalHttpClient - ex-0000001B: acquiring endpoint (3 MINUTES)
08:17:29.343 [main] DEBUG org.apache.hc.client5.http.impl.io.PoolingHttpClientConnectionManager - ex-0000001B: endpoint lease request (3 MINUTES) [route: {s}->https://raw.githubusercontent.com:443][total available: 1; route allocated: 1 of 5; total allocated: 2 of 25]
08:17:29.343 [main] DEBUG org.apache.hc.client5.http.impl.io.PoolingHttpClientConnectionManager - ex-0000001B: endpoint leased [route: {s}->https://raw.githubusercontent.com:443][total available: 0; route allocated: 1 of 5; total allocated: 2 of 25]
08:17:29.343 [main] DEBUG org.apache.hc.client5.http.impl.io.PoolingHttpClientConnectionManager - ex-0000001B: acquired ep-0000001A
08:17:29.343 [main] DEBUG org.apache.hc.client5.http.impl.classic.InternalHttpClient - ex-0000001B: acquired endpoint ep-0000001A
08:17:29.343 [main] DEBUG org.apache.hc.client5.http.impl.classic.MainClientExec - ex-0000001B: executing GET /bonigarcia/webdrivermanager/master/src/main/resources/versions.properties HTTP/1.1
08:17:29.343 [main] DEBUG org.apache.hc.client5.http.impl.classic.InternalHttpClient - ep-0000001A: start execution ex-0000001B
08:17:29.343 [main] DEBUG org.apache.hc.client5.http.impl.io.PoolingHttpClientConnectionManager - ep-0000001A: executing exchange ex-0000001B over http-outgoing-18
08:17:29.343 [main] DEBUG org.apache.hc.client5.http.headers - http-outgoing-18 >> GET /bonigarcia/webdrivermanager/master/src/main/resources/versions.properties HTTP/1.1
08:17:29.343 [main] DEBUG org.apache.hc.client5.http.headers - http-outgoing-18 >> user-agent: Apache-HttpClient/5.0
08:17:29.343 [main] DEBUG org.apache.hc.client5.http.headers - http-outgoing-18 >> accept-encoding: gzip, deflate, br
08:17:29.343 [main] DEBUG org.apache.hc.client5.http.headers - http-outgoing-18 >> cache-control: max-age=0
08:17:29.343 [main] DEBUG org.apache.hc.client5.http.headers - http-outgoing-18 >> connection: keep-alive
08:17:29.343 [main] DEBUG org.apache.hc.client5.http.headers - http-outgoing-18 >> Host: raw.githubusercontent.com
08:17:29.343 [main] DEBUG org.apache.hc.client5.http.wire - http-outgoing-18 >> "GET /bonigarcia/webdrivermanager/master/src/main/resources/versions.properties HTTP/1.1[\r][\n]"
08:17:29.343 [main] DEBUG org.apache.hc.client5.http.wire - http-outgoing-18 >> "user-agent: Apache-HttpClient/5.0[\r][\n]"
08:17:29.343 [main] DEBUG org.apache.hc.client5.http.wire - http-outgoing-18 >> "accept-encoding: gzip, deflate, br[\r][\n]"
08:17:29.343 [main] DEBUG org.apache.hc.client5.http.wire - http-outgoing-18 >> "cache-control: max-age=0[\r][\n]"
08:17:29.343 [main] DEBUG org.apache.hc.client5.http.wire - http-outgoing-18 >> "connection: keep-alive[\r][\n]"
08:17:29.343 [main] DEBUG org.apache.hc.client5.http.wire - http-outgoing-18 >> "Host: raw.githubusercontent.com[\r][\n]"
08:17:29.343 [main] DEBUG org.apache.hc.client5.http.wire - http-outgoing-18 >> "[\r][\n]"
08:17:29.374 [main] DEBUG org.apache.hc.client5.http.wire - http-outgoing-18 << "HTTP/1.1 200 OK[\r][\n]"
08:17:29.374 [main] DEBUG org.apache.hc.client5.http.wire - http-outgoing-18 << "Connection: keep-alive[\r][\n]"
08:17:29.374 [main] DEBUG org.apache.hc.client5.http.wire - http-outgoing-18 << "Content-Length: 1625[\r][\n]"
08:17:29.374 [main] DEBUG org.apache.hc.client5.http.wire - http-outgoing-18 << "Cache-Control: max-age=300[\r][\n]"
08:17:29.374 [main] DEBUG org.apache.hc.client5.http.wire - http-outgoing-18 << "Content-Security-Policy: default-src 'none'; style-src 'unsafe-inline'; sandbox[\r][\n]"
08:17:29.374 [main] DEBUG org.apache.hc.client5.http.wire - http-outgoing-18 << "Content-Type: text/plain; charset=utf-8[\r][\n]"
08:17:29.374 [main] DEBUG org.apache.hc.client5.http.wire - http-outgoing-18 << "ETag: W/"51a99ebb5fa30c7285d42b08929913814dd238f6403d61fccadee50390eab957"[\r][\n]"
08:17:29.374 [main] DEBUG org.apache.hc.client5.http.wire - http-outgoing-18 << "Strict-Transport-Security: max-age=31536000[\r][\n]"
08:17:29.374 [main] DEBUG org.apache.hc.client5.http.wire - http-outgoing-18 << "X-Content-Type-Options: nosniff[\r][\n]"
08:17:29.374 [main] DEBUG org.apache.hc.client5.http.wire - http-outgoing-18 << "X-Frame-Options: deny[\r][\n]"
08:17:29.374 [main] DEBUG org.apache.hc.client5.http.wire - http-outgoing-18 << "X-XSS-Protection: 1; mode=block[\r][\n]"
08:17:29.374 [main] DEBUG org.apache.hc.client5.http.wire - http-outgoing-18 << "X-GitHub-Request-Id: ADC8:C8321:F9E48:13930E:651E6E7C[\r][\n]"
08:17:29.374 [main] DEBUG org.apache.hc.client5.http.wire - http-outgoing-18 << "Content-Encoding: gzip[\r][\n]"
08:17:29.374 [main] DEBUG org.apache.hc.client5.http.wire - http-outgoing-18 << "Accept-Ranges: bytes[\r][\n]"
08:17:29.374 [main] DEBUG org.apache.hc.client5.http.wire - http-outgoing-18 << "Date: Fri, 06 Oct 2023 01:17:31 GMT[\r][\n]"
08:17:29.374 [main] DEBUG org.apache.hc.client5.http.wire - http-outgoing-18 << "Via: 1.1 varnish[\r][\n]"
08:17:29.374 [main] DEBUG org.apache.hc.client5.http.wire - http-outgoing-18 << "X-Served-By: cache-qpg1235-QPG[\r][\n]"
08:17:29.374 [main] DEBUG org.apache.hc.client5.http.wire - http-outgoing-18 << "X-Cache: HIT[\r][\n]"
08:17:29.374 [main] DEBUG org.apache.hc.client5.http.wire - http-outgoing-18 << "X-Cache-Hits: 1[\r][\n]"
08:17:29.374 [main] DEBUG org.apache.hc.client5.http.wire - http-outgoing-18 << "X-Timer: S1696555052.507699,VS0,VE1[\r][\n]"
08:17:29.390 [main] DEBUG org.apache.hc.client5.http.wire - http-outgoing-18 << "Vary: Authorization,Accept-Encoding,Origin[\r][\n]"
08:17:29.390 [main] DEBUG org.apache.hc.client5.http.wire - http-outgoing-18 << "Access-Control-Allow-Origin: *[\r][\n]"
08:17:29.390 [main] DEBUG org.apache.hc.client5.http.wire - http-outgoing-18 << "Cross-Origin-Resource-Policy: cross-origin[\r][\n]"
08:17:29.390 [main] DEBUG org.apache.hc.client5.http.wire - http-outgoing-18 << "X-Fastly-Request-ID: 7d42845162042f60eba1039a20b09e49d65903bc[\r][\n]"
08:17:29.390 [main] DEBUG org.apache.hc.client5.http.wire - http-outgoing-18 << "Expires: Fri, 06 Oct 2023 01:22:31 GMT[\r][\n]"
08:17:29.390 [main] DEBUG org.apache.hc.client5.http.wire - http-outgoing-18 << "Source-Age: 109[\r][\n]"
08:17:29.390 [main] DEBUG org.apache.hc.client5.http.wire - http-outgoing-18 << "[\r][\n]"
08:17:29.390 [main] DEBUG org.apache.hc.client5.http.headers - http-outgoing-18 << HTTP/1.1 200 OK
08:17:29.390 [main] DEBUG org.apache.hc.client5.http.headers - http-outgoing-18 << Connection: keep-alive
08:17:29.390 [main] DEBUG org.apache.hc.client5.http.headers - http-outgoing-18 << Content-Length: 1625
08:17:29.390 [main] DEBUG org.apache.hc.client5.http.headers - http-outgoing-18 << Cache-Control: max-age=300
08:17:29.390 [main] DEBUG org.apache.hc.client5.http.headers - http-outgoing-18 << Content-Security-Policy: default-src 'none'; style-src 'unsafe-inline'; sandbox
08:17:29.390 [main] DEBUG org.apache.hc.client5.http.headers - http-outgoing-18 << Content-Type: text/plain; charset=utf-8
08:17:29.390 [main] DEBUG org.apache.hc.client5.http.headers - http-outgoing-18 << ETag: W/"51a99ebb5fa30c7285d42b08929913814dd238f6403d61fccadee50390eab957"
08:17:29.390 [main] DEBUG org.apache.hc.client5.http.headers - http-outgoing-18 << Strict-Transport-Security: max-age=31536000
08:17:29.390 [main] DEBUG org.apache.hc.client5.http.headers - http-outgoing-18 << X-Content-Type-Options: nosniff
08:17:29.390 [main] DEBUG org.apache.hc.client5.http.headers - http-outgoing-18 << X-Frame-Options: deny
08:17:29.390 [main] DEBUG org.apache.hc.client5.http.headers - http-outgoing-18 << X-XSS-Protection: 1; mode=block
08:17:29.390 [main] DEBUG org.apache.hc.client5.http.headers - http-outgoing-18 << X-GitHub-Request-Id: ADC8:C8321:F9E48:13930E:651E6E7C
08:17:29.390 [main] DEBUG org.apache.hc.client5.http.headers - http-outgoing-18 << Content-Encoding: gzip
08:17:29.390 [main] DEBUG org.apache.hc.client5.http.headers - http-outgoing-18 << Accept-Ranges: bytes
08:17:29.390 [main] DEBUG org.apache.hc.client5.http.headers - http-outgoing-18 << Date: Fri, 06 Oct 2023 01:17:31 GMT
08:17:29.390 [main] DEBUG org.apache.hc.client5.http.headers - http-outgoing-18 << Via: 1.1 varnish
08:17:29.390 [main] DEBUG org.apache.hc.client5.http.headers - http-outgoing-18 << X-Served-By: cache-qpg1235-QPG
08:17:29.390 [main] DEBUG org.apache.hc.client5.http.headers - http-outgoing-18 << X-Cache: HIT
08:17:29.390 [main] DEBUG org.apache.hc.client5.http.headers - http-outgoing-18 << X-Cache-Hits: 1
08:17:29.390 [main] DEBUG org.apache.hc.client5.http.headers - http-outgoing-18 << X-Timer: S1696555052.507699,VS0,VE1
08:17:29.390 [main] DEBUG org.apache.hc.client5.http.headers - http-outgoing-18 << Vary: Authorization,Accept-Encoding,Origin
08:17:29.390 [main] DEBUG org.apache.hc.client5.http.headers - http-outgoing-18 << Access-Control-Allow-Origin: *
08:17:29.390 [main] DEBUG org.apache.hc.client5.http.headers - http-outgoing-18 << Cross-Origin-Resource-Policy: cross-origin
08:17:29.390 [main] DEBUG org.apache.hc.client5.http.headers - http-outgoing-18 << X-Fastly-Request-ID: 7d42845162042f60eba1039a20b09e49d65903bc
08:17:29.390 [main] DEBUG org.apache.hc.client5.http.headers - http-outgoing-18 << Expires: Fri, 06 Oct 2023 01:22:31 GMT
08:17:29.390 [main] DEBUG org.apache.hc.client5.http.headers - http-outgoing-18 << Source-Age: 109
08:17:29.390 [main] DEBUG org.apache.hc.client5.http.impl.classic.MainClientExec - ex-0000001B: connection can be kept alive for 3 MINUTES
08:17:29.390 [main] DEBUG org.apache.hc.client5.http.wire - http-outgoing-18 << "[0x1f][0xffffff8b][0x8][0x0][0x0][0x0][0x0][0x0][0x0][0x3][0xffffff8d][0xffffff97]Ko#7[0xc][0xffffffc7][0xffffffef][0xfffffff9][0x14][0x3][0xfffffff4][0x1c]YO[0xffffff8a][\n]"
08:17:29.390 [main] DEBUG org.apache.hc.client5.http.wire - http-outgoing-18 << "[0xffffffa0]K[0xffffff9f][0xffffffa7][0xffffffa2][0xffffff87][0xfffffff6][0xb]x[0xffffffed]Ib[0xffffffac][0xffffffe3][0x9]lg[0xffffffb3][0xffffffe8][0xffffffa7]/[0xfffffff5][0xffffffa0]F[0xffffff96][[0xffffffa0][0xffffff87]`[0xffffff97]?k$[0xffffff92][0xffffffe2]p[0xfffffffe][0xfffffffc]a[0xfffffffa][0xffffffeb][0xfffffff5]p[0xffffff99][0xffffff9e][0xf][0xffffffc7]y[0xffffffda]-[0xffffffa7][0xffffffeb][0xfffffff6]p[0xffffffba]L[0xffffffd7][0xffffffd7]y[0xfffffffa]zZ>O[0xffffffd3][0xfffffffe]|[0xfffffff8]6[0xffffff9f]'[0xfffffffa][0xffffffbb][0x1c][0x16][0xfffffffa]e[0xffffffb7][0xffffffbc][0xffffffbd]o[0xffffffaf][0xffffff87]/[0xffffffb4][0xfffffffa][0xfffffff3]p}[0xffffffcd]+w[0xffffffcb][0xfffffff9]<_[0xffffffde][0xffffff97][0xffffffd3][0xfffffffe]pz[0xffffff99][0xffffffbe][0xffffff9c][0xffffff97][0xffffffcf][0xffffffcb][0xfffffffa][0xffffffc8][0xffffffc3][0xffffffc3][0xf][0xffffffd3][0xffffff8f][0x5]=M[0xffffffbf]-[0xffffffcb][0xb]=[0xfffffff9][0xffffffd3][0xffffffeb]yy[0xffffff9b][0xffffffa7][0xffffffed]i_[0xfffffffe]{[0xfffffff8]x[0xffffff9b][0x1e][0xffffffa7][0xffffff9f][0xfffffff3]QO[0xffffffd3].[0xffffffff]Z[0xe][0xffffffa6][0xffffff87][0xffffffff]\>[0xffffffce][0xffffffbb][0xfffffff9]iz[0xffffffbd]^[0xffffffdf][0xffffff9f]6[0xffffff9b][0xfffffffe]W[0xffffffb1][0xffffffab]O[0xffffff8b][0xffffffe5][0xfffffffc][0xffffffb2][0xffffffd9][0xffffff93][0xffffffbf][0xffffffc7]e[0xffffffbb][0xffffffbf]<[0xffffff94]5J[0xffffffd9]H[0x7f]B[\n]"
08:17:29.390 [main] DEBUG org.apache.hc.client5.http.wire - http-outgoing-18 << "[0xffffffe7][0xffffff8d][0x13]A6n[0xffffff88][0xffffff9b][0xffffffc4][0xffffffc1]k[0x1][0xffffffa6]qM\g[0xffffffae][0xffffff9c][0xffffffb0][0xffffffa1]qE\%[0xffffffee][0xffffffc0][0x8][0xffffffb0][0xffffff8d]K[0xffffffe2]2q[0xffffff8b]Jx[0xffffffcf]\[0xffffff86]H[0x7f][0xffffff99][0xffffffd3][0xfffffff1][0xffffffbe][0xffffffad][0xffffff97]H[0x1c][0x13]7.[0x8][0xffffffaf][0x1a][0xfffffff7][0xffffffc4]}[0xffffffe6][0xffffffd2][\n]"
08:17:29.390 [main] DEBUG org.apache.hc.client5.http.wire - http-outgoing-18 << "[0xffffffd0][0xffffff8d][0x3]qH\[0xffffffdb] `][0xffffffef][0xffffff88][0xffffffbb][0xffffffc4]Up[0xfffffff4]c[0xffffffe3][0x14][0xffffffaf][0xffffffcc][0xfffffff1][0xffffffa6]0|[0xfffffff3]_R[0xffffffbc]2[0xffffffc7]+A[\n]"
08:17:29.390 [main] DEBUG org.apache.hc.client5.http.wire - http-outgoing-18 << "eV[0xffffff87](`[0xffffff99][0x3][0xffffff96][0xffffffb4]_w[0x0][0x5],S[0xffffffc0]68%[0xffffffec][0xffffffca])`[0xffffff99][0x2][0xffffffb6][0x18]@[0x0]'4[0xffffff84][0x18]B[0xffffffa6][0xffffffd6][0xffffffd2][0xffffffd9]L1[0xffffff86][0x14][0xffffffac][0xfffffff5][0xe][0x5][0x1d][0xffffffc3][0xffffffd8][0xffffffc7][0xffffff90]b[0xffffffb5][0x10][0xfffffff4][0xffffff9a][0xffffff83][0x0]1@[0xffffffa6]`[0xffffff85]uL][0xc].S[0xffffff83][0x2]8[0xffffff9e]`c[0xffffffb0][0xffffff99]Rr[0xffffffe8]"[0x19][0xffffff9b][0x18]R[0xffffff90][0xffffffd6]y[0xffffffbf]^j[0xffffffd0]1[0xffffffe8]L[0xffffffe9]J)[0xffffffcb][0xffffff8c]U[0xc]9@K[0x15]@[0xffffffb1]2[0xffffff96]1[0xffffffe4][0xfffffff8][0xffffffac][0xffffff91]Bs[0xffffff9e]0D[0xffffffcc][0xfffffff1][0x19][0xfffffffa]G[0xfffffff3][0xffffffce][0xffffff88][0x11]s|F[[0x11][0xffffff80][0xffffffa9][0xffffff8f][0xffffff98][0xffffffc3][0xffffffd3]([0x5]"S[0xffffff88][0xffffff98][0xffffffc3][0xffffffd3][0xffffff96][0xfffffff6][0xffffffe5]T[0xffffffa0][0xffffff8b][0xffffff98][0xffffffc3]Sh[0x4][0xffffffb2]kh#[0xffffffe6][0xfffffff0][0xffffff94][0xfffffff5][0xffffffc2]p[0xffffff8e][0xffffffd1]D[0xffffffcc][0xffffffd1][0xffffffa5][0xffffff9b]4[0xffffff9c][\n]"
08:17:29.390 [main] DEBUG org.apache.hc.client5.http.wire - http-outgoing-18 << "T[0x11]s[0x18][0xffffff92]2[0xffffffaf]L;NFLa[0xffffff98]@[0xffffffbe]P[0x9]U[0xffffffec]C[0xfffffff4]!c[0xffffffeb][0xffffff84]i[0x14][0xffffffa3][0xffffffc7]L[0xffffffa9]v[0xffffffa8][0xffffffae][0x18][0xfffffffb][0xffffffe8]S [0x6][0xffffff81][0xffffffde][0x5]v[0xffffffc3]C[0xfffffff4][0xffffff90])[0x15][0xffffffb8][0xffffffd2]m[0xf][0x17]}[0xffffff8a][0xffffffc4]xO[0x5][0xffffffb6][0xffffffae][0xffffffb6][0xffffffd1][0xffffffdb][0xffffff8c]5[0xffffffd5]/C[0x13]}[0xffffff8a][0xffffffc4][0x0][0x5][0x4][0xffffffec][0xffffffb2][0xffffffd7]Q[0xffffffd3][0xffffff8d][0xffffffb2][0xffffffa5]n,[0xffffff99],v[0xc]B[0xffffffb2][0xfffffff8]n[0x0][0xffffff93][0xffffffc5][0x19][0x5][0xffffff9f],[0xffffffbe]M[0xffffff80]d[0xffffffb1]3[0xffffffe0][0xffffffc8]j)[0x2][0xffffff9b],[0xffffffce]9[0xffffff98]d[0xfffffff1]y[0xffffff90]|1[0xffffffed][0xffffffbc][0xffffffe4]K{g [0xfffffff9]b[0xffffffcc]MW[0xfffffffb]}[0xfffffff9][0xfffffffb]p<n[0xffffffa7]_[0xf][0xffffffe7][0xfffffff9]y[0xfffffff9][0xffffffde][0xffffffb5][0xffffffb2][0xffffff97]y[0xfffffff7]u[0xfffffff9][0xffffffd7]Nv[0xffffffa1]V[0xfffffff6]B[\r][0xfffffff4][0xffffffe3][0xffffff8b][0xffffffa0][0xffffff96][0xffffffba]y+[l[0xffffffba][0x7]6[0xffffffe7][0xfffffff9]8o/[0xfffffff3][0xffffffe5][0xffffffe1][0xffffffb9][0xffffffec][0xffffffab][0x14]FJ[0x1b][0xffffffe5]n%[0xfffffffe][0xffffff8e][0xffffffc0][0x1d]qw[0xffffffc4][0xffffffde][0x11]sG[0xfffffff4][0x1d]QwD&[0xffffffa2][0xffffff85]n[0xffffff84]:_&[0xffffffeb][0x1a][0xffffff89]w[0xffffffc4][0xffffffdf][0x11][0xffffffb8]#[0xffffffee][0xffffff8e]d[0xffffff9f]UO[0xffffffcc][0x1d][0xffffffd1]wD[0xffffffdd][0x11]9[0xffffff90][0x10]F[0xffffff80]#[0xfffffff0]#[0xffffff80][0x11][0xffffffb8][0x11][0xffffff8c][0xffffffde][0xffffff86][0xffffffd1][0xffffffd9]0[0xfffffffa][0x1a]FWC[0xfffffff2][0xffffff94][0xffffffde][0xffffff9b][0xe][0xffffff88][0xffffffe3][0xffffffe1][0xfffffff4][0xfffffff1][0xffffffbd]`[0xffffffc5][0x18][0xffffffc3][0xffffffb0][0xe]q[0x4]~[0x4]0[0x2]7[0x2];[0xffffff82][0x14][0xffffff80][0xffffffc6][0xe][0xffffffe8][0x11][0xffffffa4][0x0][0xffffffb4][0xffffffef][0xffffff80][0x1c][0xffffff80][0xf]#[0xffffffc8][0xffffff9e]B[0x7][0xfffffffc][0x8]`[0x4]n[0x4]v[0x4]f[0x4]z[0x4]j[0x4]r[0x0][0x10]F[0xffffff90]=u[0x1d][0xffffffc8][0xffffff9e][0xffffffda][0xe][0xffffffc0][0x8][0xffffffdc][0x8][0xffffffb2][0xffffffa7][0xffffffdd][0xb][0x4]f[0x4][0xffffffd9][0xffffffd3][0xffffffae][0xffffffec]!{[0xffffffda][0x15][0x5][0xffffffc8][0x1][0xffffffb8]0[0x2][0x1c][0xffffff81][0x1f]A[0xfffffff6]Tv[0xffffffc0]1[0xffffffe8][0xffffffbb][0xffffffda][0x1f][0xffffffef][0xfffffff3]y[0xffffffdb][0xfffffff5][0xffffffb2]%[0xffffffd9][0xffffffff][0xffffffa7][0xffffff97][0xffffffe5][0xffffff85][0xffffff97][0xffffffe5][0xfffffff9][0xfffffffa][0xffffffb9]=[0xffffffcf][0xffffffc5]b[0xffffff9d]6v[0xffffffb6][0xfffffffc]c[0xffffffd6]'*[0xffffffeb][0xffffff9f]@[0xffffffdf]ye4[0xfffffff3][0xffffffa4][0xffffffc7][0xffffffb2][0xfffffffe]A[0xfffffffa]`[0x5][0xffffffcf]8[0xffffffc9][0xffffffb1],[0x7f]<[0xffffffbd][0x12][0xffffff8a]4D[0xffffffe5][0xffffffb2][0xffffff97]{[0xffffffd4][0xffffff9d][\n]"
08:17:29.390 [main] DEBUG org.apache.hc.client5.http.wire - http-outgoing-18 << "[0xffffffa7][0x17][0xffffffbc]S{J[0xffffffd7]m[0xffffffe8]5[0xffffffef][0xffffffc4][0x1e]2[0xfffffff5]7R[0xffffffcf]U[\n]"
08:17:29.390 [main] DEBUG org.apache.hc.client5.http.wire - http-outgoing-18 << "[0xffffffbd][0xffffffd0][0xffffffa3][0xffffff83]*v[0xffffffbd][0xffffffce]S[0xffffff9a][0xffffffb1][0xffffffed]e^[0x8][0xffffff95][0xffffff9a]^[0xffffffe4][0xffffff91]2(T[0xfffffff7][0x12]O)^[0xffffffac]z[0xffffff85][0xffffff97][0xffffffc4]S[0xffffffc1][0xffffffb2][0x17]xX[0x3][0xffffffc7][0xffffffd0][0xffffffcb];[0xffffff80]Jq[0xffffffd0]v[0xffffff85][0xfffffffa]^[0xffffffd9][0xffffff91][0xffffff94]-[0x14]z][0xffffffd7]RD][0xffffffe1]F[0xffffffd7][0x15]h;Y[0xffffff87][0xffffffd5]1[0xffffffea][0xe]7[0xffffffa2][0xffffffae]@}[0xffffffab][0xffffffe9][\n]"
08:17:29.390 [main] DEBUG org.apache.hc.client5.http.wire - http-outgoing-18 << "T[0xffffff9d][0xffffffa4]s|[0xffffffbe][0xffffffec][0x14][0x1d][0xffffffbb]J[0xffffffdd][0xffffffe2]F[0xffffffcf][0x15][0xffffff88][0xffffff83][0xffffff9c]+[0xffffffd4]wj[0xffffffce]3[0xffffff84]N[0xffffffcb]a=[0xffffff9e][0xffffffda][0xffffffc7]*[0xffffffe5][0xffffffd8]{j![0xffffffab][0xffffff92][0xffffffa3][0x4]Wj:%[0x7][0xffffffbc][0xffffffa9][0xffffffee][0xffffff84][0x1c][0xffffffd6][0xb][0xffffffa7]~[0xffffffb2][0xffffffea][0xffffffb8]vY[0xffffffd4]TV[0x1d][0xffffff87][0xfffffff5]b[0xffffffa9][0xffffffb1][0xffffffac]2[0xffffff8e]+[0xffffff9a][0xffffff9a]K[0xffffffa7][0xffffffe2]T[\r][0xffffff95]:L/[0xffffffe2][0xffffffea]Y[0xffffffd4]fV[\r][0xffffffe7]yW[0xffffffd7]I8.ej7[0xffffffab][0xffffff80]k[0xffffffc5]I=[0xffffffa7][0x13]p[0xfffffffc][0xffffffaa]Q[0xffffffe3][0xffffffe9][0xfffffff4][;[0xffffffab][0xffffffea][0xffffffae]l[0xffffffb8][0xffffffd0][0x1b]Uu[0x15][0xffffffa3][0xffffff8a][0xffffffae]bT[0xffffffcd]U[0xffffff8c]*[0xffffffb9][0xffffff8a]Q[0x15]W1[0xffffffaa][0xffffffe0]*F[0xffffffd5][[0xffffffc5]PE`[0x15]Cv[0xffffff86]M[0x1e][0xffffffb0][0xffffffc7]6y`[0xffffffea]96y[0xffffffa0]k2,[0x14][0xffffffe3]F[0xffffffa1][0x1d]v[0xffffffe7]%[0xffffffb5][0xffffffa4][0xffffffe9][0xffffff97][0xfffffffd][0xffffffcb][0xffffffdc]5[0xffffffb5][0xffffffb7][0xffffffcb]L[0xffffffe0]?[0xffffffbb][0xffffffda]~[0xfffffffe]6[0x1f][0xffffffd3][0xffffffae][0xffffffe2][0xffffff8d]w[0xffffffc8]-n>=~\6[0xffffff8d]=[0xffffffa6]M6[0xffffffd7]e9^6[0xffffff9f][0xfffffff3][0xffffff97][0xffffffda][0xffffffe5][0x1e][0x12]][0xffffff87]P[0xffffff85][0xffffffd4][0xffffffea][0x15]V[0xffffffca]#[0xffffffa8][0xfffffff2][0xffffffa4][0xffffff90])[0xffffff93][0xffffff85][0xfffffff2][0x0][0xffffffaa][0xffffffbc][0xffffffce][0xffffff85]\([0xffffff8f][0xffffff9f][\n]"
08:17:29.390 [main] DEBUG org.apache.hc.client5.http.wire - http-outgoing-18 << "@[0xffffffa5][0xfffffff1][0xffffffb0]P[0x1e]>[0xffffff95][0xffffffa3][0xfffffffa][0xffffffa0][0xffffffec]e[0xffffffda]FO[0xffffffe5][0x14][\n]"
08:17:29.390 [main] DEBUG org.apache.hc.client5.http.wire - http-outgoing-18 << "_Ok[0xffffff83][0xffffffa7][0xffffffb2]@[0xfffffffb]B[0xffffffa5]<v[0xffffff92]`O[0x1f][0xffffffe5][0x2]y[0xffffffe6]T[0xffffffc6][0xffffffa7]O`[0xffffffa5]<q[0xffffffd2][0xfffffff0]h[0xffffffa8][0xffffff83]U[0xffffffca][0xfffffff3][0xffffffa6][0xffffffd2][0xfffffff4][0xffffffa6]z[0xffffffde][0xffffff81][0xffffffa7]M[0x1a][0xf]l[0xb][0xffffffa2][0xffffff8d][0xffffff9a]JS[0xffffffe1][0xffffff92]|/"
08:17:29.390 [main] DEBUG org.apache.hc.client5.http.wire - http-outgoing-18 << "[0xffffff94][0x7]M[0xffffffa5][0xffffff95]\[0xfffffff7][0xffffffe5]1[0xffffff93][0x14][0xffffffaf]K[0xffffffc3]N[0xffffffa2]<dR[0xffffffeb]O[0xffffff8d][0xffffffa2][0xffffffb0]:b[0xffffffaa][0x14]]M[0xc][0xffffffcf][0xffffff97][0x14][0xffffff9a]n[0xffffffac]N[0xffffff97][0x14][0xffffff83]m[0xffffffac][0xffffffce][0xffffff96][0xffffffe4]U;[0xffffff99]'[0xffffffcb]@=[0xffffffc6][0xffffffa8][0xffffff82][0xffffffea]T[0x19]([0xfffffff5][0xffffffa6][0xffffffae][0xffffffaa]#e[0xffffff90][0xffffffeb][0x1]u[0xffffff9c][0xffffffc4][0xffffffd4][0xffffffe9][0xffffffea][0xffffff83]u[0xffffff94]D[\n]"
08:17:29.390 [main] DEBUG org.apache.hc.client5.http.wire - http-outgoing-18 << "[0xffffffac][0x10][0x1e]#[0xffffffd3][0xffffff8d][0xffffff97][0xffffff8b][0xffffffe1][0x11][0xffffffd2]Sn[0xffffffeb]c<?[0x2][0xffffff84]z%<;[0x2][0xffffff95][0x4][0xffffff94]\[0xfffffff0][0xffffffe0][0xffffffe8]R[0xffffff82][0xffffffeb][0xffffffaa]:5[0xffffffba][0xffffffac]82[0xffffffe1][0xffffff89][0xffffff91]Z[0xffffff83][0xffffffab][0xffffffe7]Q[0xfffffff7]*[0xffffffdd]3[0xffffffb0]O<@[0xffffffd2]w[0xffffffb6]^U[0x1b][0x1e])b[0xffffffaa][0xffffffbb][0xffffffcc][0xffffffda][0xffffffe4][0xffffff98]j[0xffffffb6][0xffffff90]:5j[0xffffffcf][0xffffffa5][0xffffffc3][0x3][0xffffffa3]6[0xffffff8d][0xffffffd4]a1[0xffffffb5][0xffffffc5]J[0xffffffea][0xffffff9c][0xffffffa8][0xc][\r][0xffffffd2][0x5]Y[0x1b][0xffffffdf][0xffffffcf][0xfffffff3][0xffffffe3][0xffffffe1]t[0xffffffb9]n[0xffffff8f][0xffffffc7]y_[0xffffffa0][0xffffff8e][0xffffff90][0xffffffbe][0xffffffec][0xffffffa6][0xffffffd4][0xffffff89]U[0xffffff91]Z[0x18][0xffffffe8]P[0xffffffc2][0xffffffb7]2R[0xffffff9f][0xffffffa4][0xffffffaf]][0xffffffb9][0xf][0xffffff83][0xffffff91]^,kB1uj:t[0xffffffd3]XjDS1[0xffffffa5]K[0xffffffa6][0xffffff9e][0xfffffff4][0xf][0x3][0x1][0xffffffec][0xffffffa6][0xffffffeb][0x12][0x0][0x0]"
08:17:29.390 [main] DEBUG org.apache.hc.client5.http.impl.classic.InternalHttpClient - ep-0000001A: releasing valid endpoint
08:17:29.390 [main] DEBUG org.apache.hc.client5.http.impl.io.PoolingHttpClientConnectionManager - ep-0000001A: releasing endpoint
08:17:29.390 [main] DEBUG org.apache.hc.client5.http.impl.io.PoolingHttpClientConnectionManager - ep-0000001A: connection http-outgoing-18 can be kept alive for 3 MINUTES
08:17:29.390 [main] DEBUG org.apache.hc.client5.http.impl.io.PoolingHttpClientConnectionManager - ep-0000001A: connection released [route: {s}->https://raw.githubusercontent.com:443][total available: 1; route allocated: 1 of 5; total allocated: 2 of 25]
08:17:29.390 [main] DEBUG io.github.bonigarcia.wdm.versions.VersionDetector - Driver for chrome117 not found in online properties (using local versions.properties)
08:17:29.390 [main] DEBUG io.github.bonigarcia.wdm.WebDriverManager - The driver version for CHROME 117 is unknown ... trying with latest
08:17:29.407 [main] DEBUG org.apache.hc.client5.http.impl.classic.InternalHttpClient - ex-0000001C: preparing request execution
08:17:29.407 [main] DEBUG org.apache.hc.client5.http.protocol.RequestAddCookies - Cookie spec selected: strict
08:17:29.408 [main] DEBUG org.apache.hc.client5.http.protocol.RequestAuthCache - Auth cache not set in the context
08:17:29.408 [main] DEBUG org.apache.hc.client5.http.impl.classic.ProtocolExec - ex-0000001C: target auth state: UNCHALLENGED
08:17:29.408 [main] DEBUG org.apache.hc.client5.http.impl.classic.ProtocolExec - ex-0000001C: proxy auth state: UNCHALLENGED
08:17:29.408 [main] DEBUG org.apache.hc.client5.http.impl.classic.ConnectExec - ex-0000001C: acquiring connection with route {s}->https://chromedriver.storage.googleapis.com:443
08:17:29.408 [main] DEBUG org.apache.hc.client5.http.impl.classic.InternalHttpClient - ex-0000001C: acquiring endpoint (3 MINUTES)
08:17:29.408 [main] DEBUG org.apache.hc.client5.http.impl.io.PoolingHttpClientConnectionManager - ex-0000001C: endpoint lease request (3 MINUTES) [route: {s}->https://chromedriver.storage.googleapis.com:443][total available: 1; route allocated: 1 of 5; total allocated: 2 of 25]
08:17:29.408 [main] DEBUG org.apache.hc.client5.http.impl.io.PoolingHttpClientConnectionManager - ex-0000001C: endpoint leased [route: {s}->https://chromedriver.storage.googleapis.com:443][total available: 1; route allocated: 2 of 5; total allocated: 3 of 25]
08:17:29.409 [main] DEBUG org.apache.hc.client5.http.impl.io.PoolingHttpClientConnectionManager - ex-0000001C: acquired ep-0000001B
08:17:29.409 [main] DEBUG org.apache.hc.client5.http.impl.classic.InternalHttpClient - ex-0000001C: acquired endpoint ep-0000001B
08:17:29.409 [main] DEBUG org.apache.hc.client5.http.impl.classic.ConnectExec - ex-0000001C: opening connection {s}->https://chromedriver.storage.googleapis.com:443
08:17:29.409 [main] DEBUG org.apache.hc.client5.http.impl.classic.InternalHttpClient - ep-0000001B: connecting endpoint (30 SECONDS)
08:17:29.409 [main] DEBUG org.apache.hc.client5.http.impl.io.PoolingHttpClientConnectionManager - ep-0000001B: connecting endpoint to https://chromedriver.storage.googleapis.com:443 (30 SECONDS)
08:17:29.410 [main] DEBUG org.apache.hc.client5.http.impl.io.DefaultHttpClientConnectionOperator - http-outgoing-20: connecting to chromedriver.storage.googleapis.com/34.101.5.27:443
08:17:29.410 [main] DEBUG org.apache.hc.client5.http.ssl.SSLConnectionSocketFactory - Connecting socket to chromedriver.storage.googleapis.com/34.101.5.27:443 with timeout 30 SECONDS
08:17:29.415 [main] DEBUG org.apache.hc.client5.http.ssl.SSLConnectionSocketFactory - Enabled protocols: [TLSv1.3, TLSv1.2]
08:17:29.415 [main] DEBUG org.apache.hc.client5.http.ssl.SSLConnectionSocketFactory - Enabled cipher suites: [TLS_AES_256_GCM_SHA384, TLS_AES_128_GCM_SHA256, TLS_CHACHA20_POLY1305_SHA256, TLS_ECDHE_ECDSA_WITH_AES_256_GCM_SHA384, TLS_ECDHE_ECDSA_WITH_AES_128_GCM_SHA256, TLS_ECDHE_ECDSA_WITH_CHACHA20_POLY1305_SHA256, TLS_ECDHE_RSA_WITH_AES_256_GCM_SHA384, TLS_ECDHE_RSA_WITH_CHACHA20_POLY1305_SHA256, TLS_ECDHE_RSA_WITH_AES_128_GCM_SHA256, TLS_DHE_RSA_WITH_AES_256_GCM_SHA384, TLS_DHE_RSA_WITH_CHACHA20_POLY1305_SHA256, TLS_DHE_DSS_WITH_AES_256_GCM_SHA384, TLS_DHE_RSA_WITH_AES_128_GCM_SHA256, TLS_DHE_DSS_WITH_AES_128_GCM_SHA256, TLS_ECDHE_ECDSA_WITH_AES_256_CBC_SHA384, TLS_ECDHE_RSA_WITH_AES_256_CBC_SHA384, TLS_ECDHE_ECDSA_WITH_AES_128_CBC_SHA256, TLS_ECDHE_RSA_WITH_AES_128_CBC_SHA256, TLS_DHE_RSA_WITH_AES_256_CBC_SHA256, TLS_DHE_DSS_WITH_AES_256_CBC_SHA256, TLS_DHE_RSA_WITH_AES_128_CBC_SHA256, TLS_DHE_DSS_WITH_AES_128_CBC_SHA256, TLS_ECDH_ECDSA_WITH_AES_256_GCM_SHA384, TLS_ECDH_RSA_WITH_AES_256_GCM_SHA384, TLS_ECDH_ECDSA_WITH_AES_128_GCM_SHA256, TLS_ECDH_RSA_WITH_AES_128_GCM_SHA256, TLS_ECDH_ECDSA_WITH_AES_256_CBC_SHA384, TLS_ECDH_RSA_WITH_AES_256_CBC_SHA384, TLS_ECDH_ECDSA_WITH_AES_128_CBC_SHA256, TLS_ECDH_RSA_WITH_AES_128_CBC_SHA256, TLS_ECDHE_ECDSA_WITH_AES_256_CBC_SHA, TLS_ECDHE_RSA_WITH_AES_256_CBC_SHA, TLS_ECDHE_ECDSA_WITH_AES_128_CBC_SHA, TLS_ECDHE_RSA_WITH_AES_128_CBC_SHA, TLS_DHE_RSA_WITH_AES_256_CBC_SHA, TLS_DHE_DSS_WITH_AES_256_CBC_SHA, TLS_DHE_RSA_WITH_AES_128_CBC_SHA, TLS_DHE_DSS_WITH_AES_128_CBC_SHA, TLS_ECDH_ECDSA_WITH_AES_256_CBC_SHA, TLS_ECDH_RSA_WITH_AES_256_CBC_SHA, TLS_ECDH_ECDSA_WITH_AES_128_CBC_SHA, TLS_ECDH_RSA_WITH_AES_128_CBC_SHA, TLS_RSA_WITH_AES_256_GCM_SHA384, TLS_RSA_WITH_AES_128_GCM_SHA256, TLS_RSA_WITH_AES_256_CBC_SHA256, TLS_RSA_WITH_AES_128_CBC_SHA256, TLS_RSA_WITH_AES_256_CBC_SHA, TLS_RSA_WITH_AES_128_CBC_SHA, TLS_EMPTY_RENEGOTIATION_INFO_SCSV]
08:17:29.416 [main] DEBUG org.apache.hc.client5.http.ssl.SSLConnectionSocketFactory - Starting handshake
08:17:29.460 [main] DEBUG org.apache.hc.client5.http.ssl.SSLConnectionSocketFactory - Secure session established
08:17:29.460 [main] DEBUG org.apache.hc.client5.http.ssl.SSLConnectionSocketFactory -  negotiated protocol: TLSv1.3
08:17:29.460 [main] DEBUG org.apache.hc.client5.http.ssl.SSLConnectionSocketFactory -  negotiated cipher suite: TLS_AES_256_GCM_SHA384
08:17:29.460 [main] DEBUG org.apache.hc.client5.http.ssl.SSLConnectionSocketFactory -  peer principal: CN=*.storage.googleapis.com
08:17:29.460 [main] DEBUG org.apache.hc.client5.http.ssl.SSLConnectionSocketFactory -  peer alternative names: [*.storage.googleapis.com, *.googleapis.com, commondatastorage.googleapis.com, *.commondatastorage.googleapis.com, storage.googleapis.com, storage-p2.googleapis.com, *.storage-p2.googleapis.com, storage.mtls.googleapis.com, *.appspot.com.storage.googleapis.com, *.content-storage.googleapis.com, *.content-storage-p2.googleapis.com, *.content-storage-upload.googleapis.com, *.content-storage-download.googleapis.com, *.storage-upload.googleapis.com, *.storage-download.googleapis.com]
08:17:29.460 [main] DEBUG org.apache.hc.client5.http.ssl.SSLConnectionSocketFactory -  issuer principal: CN=GTS CA 1C3, O=Google Trust Services LLC, C=US
08:17:29.460 [main] DEBUG org.apache.hc.client5.http.impl.io.DefaultHttpClientConnectionOperator - http-outgoing-20: connection established 192.168.100.42:64411<->34.101.5.27:443
08:17:29.460 [main] DEBUG org.apache.hc.client5.http.impl.io.PoolingHttpClientConnectionManager - ep-0000001B: connected http-outgoing-20
08:17:29.460 [main] DEBUG org.apache.hc.client5.http.impl.classic.InternalHttpClient - ep-0000001B: endpoint connected
08:17:29.460 [main] DEBUG org.apache.hc.client5.http.impl.classic.MainClientExec - ex-0000001C: executing GET /LATEST_RELEASE HTTP/1.1
08:17:29.460 [main] DEBUG org.apache.hc.client5.http.impl.classic.InternalHttpClient - ep-0000001B: start execution ex-0000001C
08:17:29.460 [main] DEBUG org.apache.hc.client5.http.impl.io.PoolingHttpClientConnectionManager - ep-0000001B: executing exchange ex-0000001C over http-outgoing-20
08:17:29.460 [main] DEBUG org.apache.hc.client5.http.headers - http-outgoing-20 >> GET /LATEST_RELEASE HTTP/1.1
08:17:29.460 [main] DEBUG org.apache.hc.client5.http.headers - http-outgoing-20 >> user-agent: Apache-HttpClient/5.0
08:17:29.460 [main] DEBUG org.apache.hc.client5.http.headers - http-outgoing-20 >> accept-encoding: gzip, deflate, br
08:17:29.460 [main] DEBUG org.apache.hc.client5.http.headers - http-outgoing-20 >> cache-control: max-age=0
08:17:29.460 [main] DEBUG org.apache.hc.client5.http.headers - http-outgoing-20 >> connection: keep-alive
08:17:29.460 [main] DEBUG org.apache.hc.client5.http.headers - http-outgoing-20 >> Host: chromedriver.storage.googleapis.com
08:17:29.460 [main] DEBUG org.apache.hc.client5.http.wire - http-outgoing-20 >> "GET /LATEST_RELEASE HTTP/1.1[\r][\n]"
08:17:29.460 [main] DEBUG org.apache.hc.client5.http.wire - http-outgoing-20 >> "user-agent: Apache-HttpClient/5.0[\r][\n]"
08:17:29.460 [main] DEBUG org.apache.hc.client5.http.wire - http-outgoing-20 >> "accept-encoding: gzip, deflate, br[\r][\n]"
08:17:29.460 [main] DEBUG org.apache.hc.client5.http.wire - http-outgoing-20 >> "cache-control: max-age=0[\r][\n]"
08:17:29.460 [main] DEBUG org.apache.hc.client5.http.wire - http-outgoing-20 >> "connection: keep-alive[\r][\n]"
08:17:29.460 [main] DEBUG org.apache.hc.client5.http.wire - http-outgoing-20 >> "Host: chromedriver.storage.googleapis.com[\r][\n]"
08:17:29.460 [main] DEBUG org.apache.hc.client5.http.wire - http-outgoing-20 >> "[\r][\n]"
08:17:29.476 [main] DEBUG org.apache.hc.client5.http.wire - http-outgoing-20 << "HTTP/1.1 200 OK[\r][\n]"
08:17:29.476 [main] DEBUG org.apache.hc.client5.http.wire - http-outgoing-20 << "X-GUploader-UploadID: ADPycdtlv5hyKNxkNAPoXZam3m80ckJ0H-Ebjpx_73hqg_-MuXohMxIalbpmUb0_5biLUD8lFSrTzvfL6YS-efZL0_eYGq5S2akq[\r][\n]"
08:17:29.476 [main] DEBUG org.apache.hc.client5.http.wire - http-outgoing-20 << "x-goog-generation: 1685523462105569[\r][\n]"
08:17:29.476 [main] DEBUG org.apache.hc.client5.http.wire - http-outgoing-20 << "x-goog-metageneration: 1[\r][\n]"
08:17:29.476 [main] DEBUG org.apache.hc.client5.http.wire - http-outgoing-20 << "x-goog-stored-content-encoding: identity[\r][\n]"
08:17:29.476 [main] DEBUG org.apache.hc.client5.http.wire - http-outgoing-20 << "x-goog-stored-content-length: 13[\r][\n]"
08:17:29.476 [main] DEBUG org.apache.hc.client5.http.wire - http-outgoing-20 << "x-goog-hash: crc32c=tVW4TA==[\r][\n]"
08:17:29.476 [main] DEBUG org.apache.hc.client5.http.wire - http-outgoing-20 << "x-goog-hash: md5=NoaEuIlBlniwTkiZ1T16sA==[\r][\n]"
08:17:29.476 [main] DEBUG org.apache.hc.client5.http.wire - http-outgoing-20 << "x-goog-storage-class: STANDARD[\r][\n]"
08:17:29.476 [main] DEBUG org.apache.hc.client5.http.wire - http-outgoing-20 << "Accept-Ranges: bytes[\r][\n]"
08:17:29.476 [main] DEBUG org.apache.hc.client5.http.wire - http-outgoing-20 << "Content-Length: 13[\r][\n]"
08:17:29.476 [main] DEBUG org.apache.hc.client5.http.wire - http-outgoing-20 << "Server: UploadServer[\r][\n]"
08:17:29.476 [main] DEBUG org.apache.hc.client5.http.wire - http-outgoing-20 << "Date: Fri, 06 Oct 2023 01:08:29 GMT[\r][\n]"
08:17:29.476 [main] DEBUG org.apache.hc.client5.http.wire - http-outgoing-20 << "Expires: Fri, 06 Oct 2023 02:08:29 GMT[\r][\n]"
08:17:29.476 [main] DEBUG org.apache.hc.client5.http.wire - http-outgoing-20 << "Cache-Control: public, max-age=3600[\r][\n]"
08:17:29.476 [main] DEBUG org.apache.hc.client5.http.wire - http-outgoing-20 << "Age: 542[\r][\n]"
08:17:29.476 [main] DEBUG org.apache.hc.client5.http.wire - http-outgoing-20 << "Last-Modified: Wed, 31 May 2023 08:57:42 GMT[\r][\n]"
08:17:29.476 [main] DEBUG org.apache.hc.client5.http.wire - http-outgoing-20 << "ETag: "368684b889419678b04e4899d53d7ab0"[\r][\n]"
08:17:29.476 [main] DEBUG org.apache.hc.client5.http.wire - http-outgoing-20 << "Content-Type: text/plain[\r][\n]"
08:17:29.476 [main] DEBUG org.apache.hc.client5.http.wire - http-outgoing-20 << "Alt-Svc: h3=":443"; ma=2592000,h3-29=":443"; ma=2592000[\r][\n]"
08:17:29.476 [main] DEBUG org.apache.hc.client5.http.wire - http-outgoing-20 << "[\r][\n]"
08:17:29.476 [main] DEBUG org.apache.hc.client5.http.wire - http-outgoing-20 << "114.0.5735.90"
08:17:29.476 [main] DEBUG org.apache.hc.client5.http.headers - http-outgoing-20 << HTTP/1.1 200 OK
08:17:29.476 [main] DEBUG org.apache.hc.client5.http.headers - http-outgoing-20 << X-GUploader-UploadID: ADPycdtlv5hyKNxkNAPoXZam3m80ckJ0H-Ebjpx_73hqg_-MuXohMxIalbpmUb0_5biLUD8lFSrTzvfL6YS-efZL0_eYGq5S2akq
08:17:29.476 [main] DEBUG org.apache.hc.client5.http.headers - http-outgoing-20 << x-goog-generation: 1685523462105569
08:17:29.476 [main] DEBUG org.apache.hc.client5.http.headers - http-outgoing-20 << x-goog-metageneration: 1
08:17:29.476 [main] DEBUG org.apache.hc.client5.http.headers - http-outgoing-20 << x-goog-stored-content-encoding: identity
08:17:29.476 [main] DEBUG org.apache.hc.client5.http.headers - http-outgoing-20 << x-goog-stored-content-length: 13
08:17:29.476 [main] DEBUG org.apache.hc.client5.http.headers - http-outgoing-20 << x-goog-hash: crc32c=tVW4TA==
08:17:29.476 [main] DEBUG org.apache.hc.client5.http.headers - http-outgoing-20 << x-goog-hash: md5=NoaEuIlBlniwTkiZ1T16sA==
08:17:29.476 [main] DEBUG org.apache.hc.client5.http.headers - http-outgoing-20 << x-goog-storage-class: STANDARD
08:17:29.476 [main] DEBUG org.apache.hc.client5.http.headers - http-outgoing-20 << Accept-Ranges: bytes
08:17:29.476 [main] DEBUG org.apache.hc.client5.http.headers - http-outgoing-20 << Content-Length: 13
08:17:29.476 [main] DEBUG org.apache.hc.client5.http.headers - http-outgoing-20 << Server: UploadServer
08:17:29.476 [main] DEBUG org.apache.hc.client5.http.headers - http-outgoing-20 << Date: Fri, 06 Oct 2023 01:08:29 GMT
08:17:29.476 [main] DEBUG org.apache.hc.client5.http.headers - http-outgoing-20 << Expires: Fri, 06 Oct 2023 02:08:29 GMT
08:17:29.476 [main] DEBUG org.apache.hc.client5.http.headers - http-outgoing-20 << Cache-Control: public, max-age=3600
08:17:29.476 [main] DEBUG org.apache.hc.client5.http.headers - http-outgoing-20 << Age: 542
08:17:29.476 [main] DEBUG org.apache.hc.client5.http.headers - http-outgoing-20 << Last-Modified: Wed, 31 May 2023 08:57:42 GMT
08:17:29.476 [main] DEBUG org.apache.hc.client5.http.headers - http-outgoing-20 << ETag: "368684b889419678b04e4899d53d7ab0"
08:17:29.476 [main] DEBUG org.apache.hc.client5.http.headers - http-outgoing-20 << Content-Type: text/plain
08:17:29.476 [main] DEBUG org.apache.hc.client5.http.headers - http-outgoing-20 << Alt-Svc: h3=":443"; ma=2592000,h3-29=":443"; ma=2592000
08:17:29.476 [main] DEBUG org.apache.hc.client5.http.impl.classic.MainClientExec - ex-0000001C: connection can be kept alive for 3 MINUTES
08:17:29.477 [main] DEBUG org.apache.hc.client5.http.impl.classic.InternalHttpClient - ep-0000001B: releasing valid endpoint
08:17:29.477 [main] DEBUG org.apache.hc.client5.http.impl.io.PoolingHttpClientConnectionManager - ep-0000001B: releasing endpoint
08:17:29.477 [main] DEBUG org.apache.hc.client5.http.impl.io.PoolingHttpClientConnectionManager - ep-0000001B: connection http-outgoing-20 can be kept alive for 3 MINUTES
08:17:29.477 [main] DEBUG org.apache.hc.client5.http.impl.io.PoolingHttpClientConnectionManager - ep-0000001B: connection released [route: {s}->https://chromedriver.storage.googleapis.com:443][total available: 2; route allocated: 2 of 5; total allocated: 3 of 25]
08:17:29.477 [main] DEBUG io.github.bonigarcia.wdm.versions.VersionDetector - Latest version of chromedriver according to https://chromedriver.storage.googleapis.com/LATEST_RELEASE is 114.0.5735.90
08:17:29.479 [main] DEBUG io.github.bonigarcia.wdm.WebDriverManager - Driver chromedriver 114.0.5735.90 found in cache
08:17:29.479 [main] INFO io.github.bonigarcia.wdm.WebDriverManager - Exporting webdriver.chrome.driver as C:\Users\Bagas Dwi Saputra\.cache\selenium\chromedriver\win32\114.0.5735.90\chromedriver.exe
08:17:29.562 [main] DEBUG net.thucydides.core.reflection.ClassFinder - Could not load class net.serenitybdd.rest.utils.RestSpecificationFactory
08:17:29.637 [main] DEBUG net.thucydides.core.reflection.ClassFinder - Could not load class net.serenitybdd.rest.utils.RestSpecificationFactory
08:17:29.637 [main] INFO net.serenitybdd.core.webdriver.driverproviders.ProvideNewDriver - Instantiating driver
08:17:29.637 [main] INFO net.serenitybdd.core.webdriver.driverproviders.ProvideNewDriver - Driver capabilities: Capabilities {acceptInsecureCerts: false, base.url: https://app.jubelio.com, browserName: chrome, chrome.driver: src/test/resources/webdrive..., driver: chrome, goog:chromeOptions: {args: [], extensions: []}, loggingPrefs: org.openqa.selenium.logging...}
08:17:30.627 [main] DEBUG net.thucydides.core.reflection.ClassFinder - Could not load class net.serenitybdd.rest.utils.RestSpecificationFactory
08:17:32.348 [main] DEBUG net.serenitybdd.core.photography.Darkroom - Opening darkroom
08:17:32.349 [Darkroom Processing Line] DEBUG net.serenitybdd.core.photography.DarkroomProcessingLine - Darkroom processing line starting up
08:17:32.506 [main] DEBUG net.serenitybdd.core.photography.Darkroom - Send negative for processing for target\site\serenity\4cc97b387fb82cfc136ff103deed3ff15904afea0e81e8a8130786ef5a9430f4.png
08:17:32.507 [main] DEBUG net.thucydides.core.steps.StepInterceptor - STEP DONE: openLink
08:17:32.510 [main] DEBUG net.thucydides.core.steps.StepInterceptor - STARTING STEP: LoginSteps.fillsInTheWithValidDataEmail - fills in the {string} with valid data email
08:17:32.813 [main] DEBUG net.serenitybdd.core.photography.Darkroom - Send negative for processing for target\site\serenity\29d3e9f166cf597135c97994c9ce45464a7cb63e7c1b11511a227ba5e21a0a13.png
08:17:32.813 [main] DEBUG net.thucydides.core.steps.StepInterceptor - STEP DONE: fills in the {string} with valid data email
  &amp#27;[32mGiven &amp#27;[0m&amp#27;[32mfills in the &amp#27;[0m&amp#27;[32m&amp#27;[1m"qa.rakamin.jubelio@gmail.com"&amp#27;[0m&amp#27;[32m with valid data email&amp#27;[0m &amp#27;[90m# starter.stepdefinitios.LoginSteps.fillsInTheWithValidDataEmail(java.lang.String)&amp#27;[0m
08:17:33.470 [main] DEBUG net.serenitybdd.core.photography.Darkroom - Send negative for processing for target\site\serenity\3eaf0a53d429a272f1cbcae9c62772578f202136bd837bf73ee5fddee0931b84.png
08:17:33.471 [main] DEBUG net.thucydides.core.steps.StepInterceptor - STARTING STEP: LoginSteps.fillInTheWithValidDataPass - fill in the {string} with valid data pass
08:17:33.471 [Darkroom Processing Line] DEBUG net.serenitybdd.core.photography.DarkroomProcessingLine - Processing screenshot image in /var/screenshots/screenshot-4713902943293981562
08:17:33.471 [Darkroom Processing Line] DEBUG net.serenitybdd.core.photography.DarkroomProcessingLine - Saving screenshot to target\site\serenity\3eaf0a53d429a272f1cbcae9c62772578f202136bd837bf73ee5fddee0931b84.png
08:17:33.710 [main] DEBUG net.serenitybdd.core.photography.Darkroom - Send negative for processing for target\site\serenity\8b482962dac6ff10cb5aa9d4988778737162a8eaf06633902634ac40021716b8.png
08:17:33.710 [main] DEBUG net.thucydides.core.steps.StepInterceptor - STEP DONE: fill in the {string} with valid data pass
  &amp#27;[32mAnd &amp#27;[0m&amp#27;[32mfill in the &amp#27;[0m&amp#27;[32m&amp#27;[1m"Jubelio123!"&amp#27;[0m&amp#27;[32m with valid data pass&amp#27;[0m                      &amp#27;[90m# starter.stepdefinitios.LoginSteps.fillInTheWithValidDataPass(java.lang.String)&amp#27;[0m
08:17:33.710 [Darkroom Processing Line] DEBUG net.serenitybdd.core.photography.DarkroomProcessingLine - Processing screenshot image in /var/screenshots/screenshot-4196907669281725828
08:17:33.710 [Darkroom Processing Line] DEBUG net.serenitybdd.core.photography.DarkroomProcessingLine - Saving screenshot to target\site\serenity\8b482962dac6ff10cb5aa9d4988778737162a8eaf06633902634ac40021716b8.png
08:17:33.719 [main] DEBUG net.thucydides.core.steps.StepInterceptor - STARTING STEP: LoginSteps.clickTheLoginButton - clickbtnlogin
08:17:34.221 [main] DEBUG net.serenitybdd.core.photography.Darkroom - Send negative for processing for target\site\serenity\f31823a9badd5593548059369fb7e39c212c45f8eb551bed68f276c5fa0991fe.png
08:17:34.221 [main] DEBUG net.thucydides.core.steps.StepInterceptor - STEP DONE: clickbtnlogin
08:17:34.223 [Darkroom Processing Line] DEBUG net.serenitybdd.core.photography.DarkroomProcessingLine - Processing screenshot image in /var/screenshots/screenshot-6663757142596460478
08:17:34.223 [Darkroom Processing Line] DEBUG net.serenitybdd.core.photography.DarkroomProcessingLine - Saving screenshot to target\site\serenity\f31823a9badd5593548059369fb7e39c212c45f8eb551bed68f276c5fa0991fe.png
  &amp#27;[32mWhen &amp#27;[0m&amp#27;[32mclick the login button&amp#27;[0m                                             &amp#27;[90m# starter.stepdefinitios.LoginSteps.clickTheLoginButton()&amp#27;[0m
08:17:34.939 [main] DEBUG net.serenitybdd.core.photography.Darkroom - Send negative for processing for target\site\serenity\6b3c2678547ba1f03bf283bb6fc6946cb6904491a64f37b1a221a12f5ed03dbe.png
08:17:34.939 [Darkroom Processing Line] DEBUG net.serenitybdd.core.photography.DarkroomProcessingLine - Processing screenshot image in /var/screenshots/screenshot-1264173690525694799
08:17:34.940 [Darkroom Processing Line] DEBUG net.serenitybdd.core.photography.DarkroomProcessingLine - Saving screenshot to target\site\serenity\6b3c2678547ba1f03bf283bb6fc6946cb6904491a64f37b1a221a12f5ed03dbe.png
08:17:34.947 [main] DEBUG net.thucydides.core.steps.StepInterceptor - STARTING STEP: LoginSteps.validatePageHomeOrError - validate page home or error {string}
08:17:35.911 [main] DEBUG net.serenitybdd.core.photography.Darkroom - Send negative for processing for target\site\serenity\34666256664eb4630e4af5b5d0dba0692a860292b369ccd1608a47b062752b94.png
08:17:35.911 [main] DEBUG net.thucydides.core.steps.StepInterceptor - STEP DONE: validate page home or error {string}
  &amp#27;[32mThen &amp#27;[0m&amp#27;[32mvalidate page home or error &amp#27;[0m&amp#27;[32m&amp#27;[1m"Dashboard"&amp#27;[0m                            &amp#27;[90m# starter.stepdefinitios.LoginSteps.validatePageHomeOrError(java.lang.String)&amp#27;[0m
08:17:35.911 [Darkroom Processing Line] DEBUG net.serenitybdd.core.photography.DarkroomProcessingLine - Processing screenshot image in /var/screenshots/screenshot-18019435736257138468
08:17:35.911 [Darkroom Processing Line] DEBUG net.serenitybdd.core.photography.DarkroomProcessingLine - Saving screenshot to target\site\serenity\34666256664eb4630e4af5b5d0dba0692a860292b369ccd1608a47b062752b94.png
08:17:36.218 [main] INFO  - 
  _____   ___   ___   _____     ___     _     ___   ___   ___   ___  
 |_   _| | __| / __| |_   _|   | _ \   /_\   / __| / __| | __| |   \ 
   | |   | _|  \__ \   | |     |  _/  / _ \  \__ \ \__ \ | _|  | |) |
   |_|   |___| |___/   |_|     |_|   /_/ \_\ |___/ |___/ |___| |___/ 

Login Account
----------------------------------------------------------------------
]]></system-out>
    <system-err><![CDATA[Starting ChromeDriver 117.0.5938.88 (be6afae4721209be42944bbcd325665f9f44563b-refs/branch-heads/5938_62@{#9}) on port 25114
Only local connections are allowed.
Please see https://chromedriver.chromium.org/security-considerations for suggestions on keeping ChromeDriver safe.
ChromeDriver was started successfully.
Oct 06, 2023 8:17:30 AM org.openqa.selenium.remote.ProtocolHandshake createSession
INFO: Detected dialect: W3C
]]></system-err>
  </testcase>
  <testcase name="Login Account #2" classname="Login Account at app.jubelio" time="6.656">
    <system-out><![CDATA[
@Login
Scenario Outline: Login Account                                       &amp#27;[90m# src/test/resources/features/user/login.feature:12&amp#27;[0m
08:17:36.226 [main] INFO io.cucumber.core.plugin.SerenityReporter - Running feature from file:///D:/QE/Automation/Jubelio-Website/src/test/resources/features/user/login.feature
08:17:36.754 [main] DEBUG net.thucydides.core.steps.StepInterceptor - STARTING STEP: LoginSteps.fillsInTheWithValidDataEmail - openLink
08:17:36.758 [main] INFO net.serenitybdd.core.webdriver.driverproviders.ChromeDriverProvider - Using automatically driver download
08:17:36.785 [main] DEBUG org.apache.hc.client5.http.impl.classic.InternalHttpClient - ex-0000001D: preparing request execution
08:17:36.785 [main] DEBUG org.apache.hc.client5.http.protocol.RequestAddCookies - Cookie spec selected: strict
08:17:36.785 [main] DEBUG org.apache.hc.client5.http.protocol.RequestAuthCache - Auth cache not set in the context
08:17:36.785 [main] DEBUG org.apache.hc.client5.http.impl.classic.ProtocolExec - ex-0000001D: target auth state: UNCHALLENGED
08:17:36.785 [main] DEBUG org.apache.hc.client5.http.impl.classic.ProtocolExec - ex-0000001D: proxy auth state: UNCHALLENGED
08:17:36.785 [main] DEBUG org.apache.hc.client5.http.impl.classic.ConnectExec - ex-0000001D: acquiring connection with route {s}->https://raw.githubusercontent.com:443
08:17:36.785 [main] DEBUG org.apache.hc.client5.http.impl.classic.InternalHttpClient - ex-0000001D: acquiring endpoint (3 MINUTES)
08:17:36.786 [main] DEBUG org.apache.hc.client5.http.impl.io.PoolingHttpClientConnectionManager - ex-0000001D: endpoint lease request (3 MINUTES) [route: {s}->https://raw.githubusercontent.com:443][total available: 0; route allocated: 0 of 5; total allocated: 0 of 25]
08:17:36.786 [main] DEBUG org.apache.hc.client5.http.impl.io.PoolingHttpClientConnectionManager - ex-0000001D: endpoint leased [route: {s}->https://raw.githubusercontent.com:443][total available: 0; route allocated: 1 of 5; total allocated: 1 of 25]
08:17:36.786 [main] DEBUG org.apache.hc.client5.http.impl.io.PoolingHttpClientConnectionManager - ex-0000001D: acquired ep-0000001C
08:17:36.786 [main] DEBUG org.apache.hc.client5.http.impl.classic.InternalHttpClient - ex-0000001D: acquired endpoint ep-0000001C
08:17:36.786 [main] DEBUG org.apache.hc.client5.http.impl.classic.ConnectExec - ex-0000001D: opening connection {s}->https://raw.githubusercontent.com:443
08:17:36.786 [main] DEBUG org.apache.hc.client5.http.impl.classic.InternalHttpClient - ep-0000001C: connecting endpoint (30 SECONDS)
08:17:36.786 [main] DEBUG org.apache.hc.client5.http.impl.io.PoolingHttpClientConnectionManager - ep-0000001C: connecting endpoint to https://raw.githubusercontent.com:443 (30 SECONDS)
08:17:36.788 [main] DEBUG org.apache.hc.client5.http.impl.io.DefaultHttpClientConnectionOperator - http-outgoing-21: connecting to raw.githubusercontent.com/185.199.108.133:443
08:17:36.788 [main] DEBUG org.apache.hc.client5.http.ssl.SSLConnectionSocketFactory - Connecting socket to raw.githubusercontent.com/185.199.108.133:443 with timeout 30 SECONDS
08:17:36.809 [main] DEBUG org.apache.hc.client5.http.ssl.SSLConnectionSocketFactory - Enabled protocols: [TLSv1.3, TLSv1.2]
08:17:36.809 [main] DEBUG org.apache.hc.client5.http.ssl.SSLConnectionSocketFactory - Enabled cipher suites: [TLS_AES_256_GCM_SHA384, TLS_AES_128_GCM_SHA256, TLS_CHACHA20_POLY1305_SHA256, TLS_ECDHE_ECDSA_WITH_AES_256_GCM_SHA384, TLS_ECDHE_ECDSA_WITH_AES_128_GCM_SHA256, TLS_ECDHE_ECDSA_WITH_CHACHA20_POLY1305_SHA256, TLS_ECDHE_RSA_WITH_AES_256_GCM_SHA384, TLS_ECDHE_RSA_WITH_CHACHA20_POLY1305_SHA256, TLS_ECDHE_RSA_WITH_AES_128_GCM_SHA256, TLS_DHE_RSA_WITH_AES_256_GCM_SHA384, TLS_DHE_RSA_WITH_CHACHA20_POLY1305_SHA256, TLS_DHE_DSS_WITH_AES_256_GCM_SHA384, TLS_DHE_RSA_WITH_AES_128_GCM_SHA256, TLS_DHE_DSS_WITH_AES_128_GCM_SHA256, TLS_ECDHE_ECDSA_WITH_AES_256_CBC_SHA384, TLS_ECDHE_RSA_WITH_AES_256_CBC_SHA384, TLS_ECDHE_ECDSA_WITH_AES_128_CBC_SHA256, TLS_ECDHE_RSA_WITH_AES_128_CBC_SHA256, TLS_DHE_RSA_WITH_AES_256_CBC_SHA256, TLS_DHE_DSS_WITH_AES_256_CBC_SHA256, TLS_DHE_RSA_WITH_AES_128_CBC_SHA256, TLS_DHE_DSS_WITH_AES_128_CBC_SHA256, TLS_ECDH_ECDSA_WITH_AES_256_GCM_SHA384, TLS_ECDH_RSA_WITH_AES_256_GCM_SHA384, TLS_ECDH_ECDSA_WITH_AES_128_GCM_SHA256, TLS_ECDH_RSA_WITH_AES_128_GCM_SHA256, TLS_ECDH_ECDSA_WITH_AES_256_CBC_SHA384, TLS_ECDH_RSA_WITH_AES_256_CBC_SHA384, TLS_ECDH_ECDSA_WITH_AES_128_CBC_SHA256, TLS_ECDH_RSA_WITH_AES_128_CBC_SHA256, TLS_ECDHE_ECDSA_WITH_AES_256_CBC_SHA, TLS_ECDHE_RSA_WITH_AES_256_CBC_SHA, TLS_ECDHE_ECDSA_WITH_AES_128_CBC_SHA, TLS_ECDHE_RSA_WITH_AES_128_CBC_SHA, TLS_DHE_RSA_WITH_AES_256_CBC_SHA, TLS_DHE_DSS_WITH_AES_256_CBC_SHA, TLS_DHE_RSA_WITH_AES_128_CBC_SHA, TLS_DHE_DSS_WITH_AES_128_CBC_SHA, TLS_ECDH_ECDSA_WITH_AES_256_CBC_SHA, TLS_ECDH_RSA_WITH_AES_256_CBC_SHA, TLS_ECDH_ECDSA_WITH_AES_128_CBC_SHA, TLS_ECDH_RSA_WITH_AES_128_CBC_SHA, TLS_RSA_WITH_AES_256_GCM_SHA384, TLS_RSA_WITH_AES_128_GCM_SHA256, TLS_RSA_WITH_AES_256_CBC_SHA256, TLS_RSA_WITH_AES_128_CBC_SHA256, TLS_RSA_WITH_AES_256_CBC_SHA, TLS_RSA_WITH_AES_128_CBC_SHA, TLS_EMPTY_RENEGOTIATION_INFO_SCSV]
08:17:36.809 [main] DEBUG org.apache.hc.client5.http.ssl.SSLConnectionSocketFactory - Starting handshake
08:17:36.861 [main] DEBUG org.apache.hc.client5.http.ssl.SSLConnectionSocketFactory - Secure session established
08:17:36.861 [main] DEBUG org.apache.hc.client5.http.ssl.SSLConnectionSocketFactory -  negotiated protocol: TLSv1.3
08:17:36.861 [main] DEBUG org.apache.hc.client5.http.ssl.SSLConnectionSocketFactory -  negotiated cipher suite: TLS_AES_256_GCM_SHA384
08:17:36.861 [main] DEBUG org.apache.hc.client5.http.ssl.SSLConnectionSocketFactory -  peer principal: CN=*.github.io, O="GitHub, Inc.", L=San Francisco, ST=California, C=US
08:17:36.861 [main] DEBUG org.apache.hc.client5.http.ssl.SSLConnectionSocketFactory -  peer alternative names: [*.github.io, github.io, *.github.com, github.com, www.github.com, *.githubusercontent.com, githubusercontent.com]
08:17:36.861 [main] DEBUG org.apache.hc.client5.http.ssl.SSLConnectionSocketFactory -  issuer principal: CN=DigiCert TLS RSA SHA256 2020 CA1, O=DigiCert Inc, C=US
08:17:36.861 [main] DEBUG org.apache.hc.client5.http.impl.io.DefaultHttpClientConnectionOperator - http-outgoing-21: connection established 192.168.100.42:64464<->185.199.108.133:443
08:17:36.861 [main] DEBUG org.apache.hc.client5.http.impl.io.PoolingHttpClientConnectionManager - ep-0000001C: connected http-outgoing-21
08:17:36.861 [main] DEBUG org.apache.hc.client5.http.impl.classic.InternalHttpClient - ep-0000001C: endpoint connected
08:17:36.861 [main] DEBUG org.apache.hc.client5.http.impl.classic.MainClientExec - ex-0000001D: executing GET /bonigarcia/webdrivermanager/master/src/main/resources/commands.properties HTTP/1.1
08:17:36.861 [main] DEBUG org.apache.hc.client5.http.impl.classic.InternalHttpClient - ep-0000001C: start execution ex-0000001D
08:17:36.861 [main] DEBUG org.apache.hc.client5.http.impl.io.PoolingHttpClientConnectionManager - ep-0000001C: executing exchange ex-0000001D over http-outgoing-21
08:17:36.861 [main] DEBUG org.apache.hc.client5.http.headers - http-outgoing-21 >> GET /bonigarcia/webdrivermanager/master/src/main/resources/commands.properties HTTP/1.1
08:17:36.861 [main] DEBUG org.apache.hc.client5.http.headers - http-outgoing-21 >> user-agent: Apache-HttpClient/5.0
08:17:36.861 [main] DEBUG org.apache.hc.client5.http.headers - http-outgoing-21 >> accept-encoding: gzip, deflate, br
08:17:36.861 [main] DEBUG org.apache.hc.client5.http.headers - http-outgoing-21 >> cache-control: max-age=0
08:17:36.861 [main] DEBUG org.apache.hc.client5.http.headers - http-outgoing-21 >> connection: keep-alive
08:17:36.861 [main] DEBUG org.apache.hc.client5.http.headers - http-outgoing-21 >> Host: raw.githubusercontent.com
08:17:36.861 [main] DEBUG org.apache.hc.client5.http.wire - http-outgoing-21 >> "GET /bonigarcia/webdrivermanager/master/src/main/resources/commands.properties HTTP/1.1[\r][\n]"
08:17:36.862 [main] DEBUG org.apache.hc.client5.http.wire - http-outgoing-21 >> "user-agent: Apache-HttpClient/5.0[\r][\n]"
08:17:36.862 [main] DEBUG org.apache.hc.client5.http.wire - http-outgoing-21 >> "accept-encoding: gzip, deflate, br[\r][\n]"
08:17:36.862 [main] DEBUG org.apache.hc.client5.http.wire - http-outgoing-21 >> "cache-control: max-age=0[\r][\n]"
08:17:36.862 [main] DEBUG org.apache.hc.client5.http.wire - http-outgoing-21 >> "connection: keep-alive[\r][\n]"
08:17:36.862 [main] DEBUG org.apache.hc.client5.http.wire - http-outgoing-21 >> "Host: raw.githubusercontent.com[\r][\n]"
08:17:36.862 [main] DEBUG org.apache.hc.client5.http.wire - http-outgoing-21 >> "[\r][\n]"
08:17:36.896 [main] DEBUG org.apache.hc.client5.http.wire - http-outgoing-21 << "HTTP/1.1 200 OK[\r][\n]"
08:17:36.896 [main] DEBUG org.apache.hc.client5.http.wire - http-outgoing-21 << "Connection: keep-alive[\r][\n]"
08:17:36.896 [main] DEBUG org.apache.hc.client5.http.wire - http-outgoing-21 << "Content-Length: 723[\r][\n]"
08:17:36.896 [main] DEBUG org.apache.hc.client5.http.wire - http-outgoing-21 << "Cache-Control: max-age=300[\r][\n]"
08:17:36.896 [main] DEBUG org.apache.hc.client5.http.wire - http-outgoing-21 << "Content-Security-Policy: default-src 'none'; style-src 'unsafe-inline'; sandbox[\r][\n]"
08:17:36.896 [main] DEBUG org.apache.hc.client5.http.wire - http-outgoing-21 << "Content-Type: text/plain; charset=utf-8[\r][\n]"
08:17:36.896 [main] DEBUG org.apache.hc.client5.http.wire - http-outgoing-21 << "ETag: W/"e82b438271e9e8680c688b0b680efd0bdd22faa6d6f0a32fc1fd8accc486b67e"[\r][\n]"
08:17:36.896 [main] DEBUG org.apache.hc.client5.http.wire - http-outgoing-21 << "Strict-Transport-Security: max-age=31536000[\r][\n]"
08:17:36.896 [main] DEBUG org.apache.hc.client5.http.wire - http-outgoing-21 << "X-Content-Type-Options: nosniff[\r][\n]"
08:17:36.896 [main] DEBUG org.apache.hc.client5.http.wire - http-outgoing-21 << "X-Frame-Options: deny[\r][\n]"
08:17:36.896 [main] DEBUG org.apache.hc.client5.http.wire - http-outgoing-21 << "X-XSS-Protection: 1; mode=block[\r][\n]"
08:17:36.896 [main] DEBUG org.apache.hc.client5.http.wire - http-outgoing-21 << "X-GitHub-Request-Id: 4CA0:B8C7F:70C4E:8CACE:651389F9[\r][\n]"
08:17:36.896 [main] DEBUG org.apache.hc.client5.http.wire - http-outgoing-21 << "Content-Encoding: gzip[\r][\n]"
08:17:36.896 [main] DEBUG org.apache.hc.client5.http.wire - http-outgoing-21 << "Accept-Ranges: bytes[\r][\n]"
08:17:36.896 [main] DEBUG org.apache.hc.client5.http.wire - http-outgoing-21 << "Date: Fri, 06 Oct 2023 01:17:39 GMT[\r][\n]"
08:17:36.896 [main] DEBUG org.apache.hc.client5.http.wire - http-outgoing-21 << "Via: 1.1 varnish[\r][\n]"
08:17:36.896 [main] DEBUG org.apache.hc.client5.http.wire - http-outgoing-21 << "X-Served-By: cache-qpg1244-QPG[\r][\n]"
08:17:36.896 [main] DEBUG org.apache.hc.client5.http.wire - http-outgoing-21 << "X-Cache: HIT[\r][\n]"
08:17:36.896 [main] DEBUG org.apache.hc.client5.http.wire - http-outgoing-21 << "X-Cache-Hits: 3[\r][\n]"
08:17:36.896 [main] DEBUG org.apache.hc.client5.http.wire - http-outgoing-21 << "X-Timer: S1696555059.021168,VS0,VE0[\r][\n]"
08:17:36.896 [main] DEBUG org.apache.hc.client5.http.wire - http-outgoing-21 << "Vary: Authorization,Accept-Encoding,Origin[\r][\n]"
08:17:36.896 [main] DEBUG org.apache.hc.client5.http.wire - http-outgoing-21 << "Access-Control-Allow-Origin: *[\r][\n]"
08:17:36.896 [main] DEBUG org.apache.hc.client5.http.wire - http-outgoing-21 << "Cross-Origin-Resource-Policy: cross-origin[\r][\n]"
08:17:36.896 [main] DEBUG org.apache.hc.client5.http.wire - http-outgoing-21 << "X-Fastly-Request-ID: 0d7003911a3f13d51c101a7b957590f39f1181a4[\r][\n]"
08:17:36.896 [main] DEBUG org.apache.hc.client5.http.wire - http-outgoing-21 << "Expires: Fri, 06 Oct 2023 01:22:39 GMT[\r][\n]"
08:17:36.896 [main] DEBUG org.apache.hc.client5.http.wire - http-outgoing-21 << "Source-Age: 91[\r][\n]"
08:17:36.896 [main] DEBUG org.apache.hc.client5.http.wire - http-outgoing-21 << "[\r][\n]"
08:17:36.896 [main] DEBUG org.apache.hc.client5.http.headers - http-outgoing-21 << HTTP/1.1 200 OK
08:17:36.896 [main] DEBUG org.apache.hc.client5.http.headers - http-outgoing-21 << Connection: keep-alive
08:17:36.896 [main] DEBUG org.apache.hc.client5.http.headers - http-outgoing-21 << Content-Length: 723
08:17:36.896 [main] DEBUG org.apache.hc.client5.http.headers - http-outgoing-21 << Cache-Control: max-age=300
08:17:36.896 [main] DEBUG org.apache.hc.client5.http.headers - http-outgoing-21 << Content-Security-Policy: default-src 'none'; style-src 'unsafe-inline'; sandbox
08:17:36.896 [main] DEBUG org.apache.hc.client5.http.headers - http-outgoing-21 << Content-Type: text/plain; charset=utf-8
08:17:36.896 [main] DEBUG org.apache.hc.client5.http.headers - http-outgoing-21 << ETag: W/"e82b438271e9e8680c688b0b680efd0bdd22faa6d6f0a32fc1fd8accc486b67e"
08:17:36.896 [main] DEBUG org.apache.hc.client5.http.headers - http-outgoing-21 << Strict-Transport-Security: max-age=31536000
08:17:36.896 [main] DEBUG org.apache.hc.client5.http.headers - http-outgoing-21 << X-Content-Type-Options: nosniff
08:17:36.896 [main] DEBUG org.apache.hc.client5.http.headers - http-outgoing-21 << X-Frame-Options: deny
08:17:36.896 [main] DEBUG org.apache.hc.client5.http.headers - http-outgoing-21 << X-XSS-Protection: 1; mode=block
08:17:36.896 [main] DEBUG org.apache.hc.client5.http.headers - http-outgoing-21 << X-GitHub-Request-Id: 4CA0:B8C7F:70C4E:8CACE:651389F9
08:17:36.896 [main] DEBUG org.apache.hc.client5.http.headers - http-outgoing-21 << Content-Encoding: gzip
08:17:36.896 [main] DEBUG org.apache.hc.client5.http.headers - http-outgoing-21 << Accept-Ranges: bytes
08:17:36.896 [main] DEBUG org.apache.hc.client5.http.headers - http-outgoing-21 << Date: Fri, 06 Oct 2023 01:17:39 GMT
08:17:36.896 [main] DEBUG org.apache.hc.client5.http.headers - http-outgoing-21 << Via: 1.1 varnish
08:17:36.896 [main] DEBUG org.apache.hc.client5.http.headers - http-outgoing-21 << X-Served-By: cache-qpg1244-QPG
08:17:36.896 [main] DEBUG org.apache.hc.client5.http.headers - http-outgoing-21 << X-Cache: HIT
08:17:36.896 [main] DEBUG org.apache.hc.client5.http.headers - http-outgoing-21 << X-Cache-Hits: 3
08:17:36.896 [main] DEBUG org.apache.hc.client5.http.headers - http-outgoing-21 << X-Timer: S1696555059.021168,VS0,VE0
08:17:36.896 [main] DEBUG org.apache.hc.client5.http.headers - http-outgoing-21 << Vary: Authorization,Accept-Encoding,Origin
08:17:36.896 [main] DEBUG org.apache.hc.client5.http.headers - http-outgoing-21 << Access-Control-Allow-Origin: *
08:17:36.896 [main] DEBUG org.apache.hc.client5.http.headers - http-outgoing-21 << Cross-Origin-Resource-Policy: cross-origin
08:17:36.896 [main] DEBUG org.apache.hc.client5.http.headers - http-outgoing-21 << X-Fastly-Request-ID: 0d7003911a3f13d51c101a7b957590f39f1181a4
08:17:36.896 [main] DEBUG org.apache.hc.client5.http.headers - http-outgoing-21 << Expires: Fri, 06 Oct 2023 01:22:39 GMT
08:17:36.896 [main] DEBUG org.apache.hc.client5.http.headers - http-outgoing-21 << Source-Age: 91
08:17:36.897 [main] DEBUG org.apache.hc.client5.http.impl.classic.MainClientExec - ex-0000001D: connection can be kept alive for 3 MINUTES
08:17:36.897 [main] DEBUG org.apache.hc.client5.http.wire - http-outgoing-21 << "[0x1f][0xffffff8b][0x8][0x0][0x0][0x0][0x0][0x0][0x0][0x3][0xffffffb5]V]o[0xffffffda]0[0x14]}[0xffffffe7]W\[0xffffff81]*[0xffffffb5][0x12][0x1f][[M[0xffffffd3]$[0x1e]hF[0xffffffbb]i [0x18][0xffffffb4][0xffffffdd]&[0xfffffff9][0xffffffc5]$7[0xffffffc1]R[0x12]#;[0xffffff94]v[0xffffffbf]~[0xffffffb6][0xfffffff3]1[0xffffff92][0xffffff9a][0xffffffc1][0x1a]x[0xffffffcb][0xffffffb5][0xffffffaf][0xffffffcf]9[0xffffffbe][0xfffffff7]8v[0xb][0x1c][0x1e]E4[0xfffffff6]$x4[0xffffffa1][0xb]*[0xffffffb1][0xffffffd1][0xffffff82][0xfffffffb]%[0xffffff93][0xffffffe0][0xffffffb3][0x10][0xffffffc1][0xffffffe5]qBY,!Y[0xffffffea] KM8,[0x10][0xfffffff0][0x19][0xffffffdd]u[0xffffff82][0x1e][0xffffffb0][0xffffffd8]L[0xffffffcb]%[0xffffff86][0xffffffa1][0xe][0xffffffb8][0xfffffff0]P[0xffffffe8]$[0xf][0x13]t[0x13]3[0xfffffff9][0xffffff84]B2[0xffffffae][0xffffffe6]|@[0xfffffff5][0x1d][0x8][0xffffffc4][0x18][0x16][0xffffff82]o[0xffffffa4][0xffffff9a]P[0xffffff94][0xffffffe7][0xffffffce]R[0xfffffff0][0x8][0xffffffdb]p[0xffffffcb][0x4][0xfffffffa][0xfffffffc][0xffffffb9][\r][0xffffff93][0x15][\n]"
08:17:36.897 [main] DEBUG org.apache.hc.client5.http.wire - http-outgoing-21 << "[0xffffffda][0xffffff86][0xffffffa1][0x17][0xffffffa8]Q3[0xffffffcb][0xffffffd6][0xffffffd1][0xffffff85][0xffffffc6][0xfffffff7][0xffffff98][0xffffffef][0xffffffa3][0xffffffc0]8[0x1][0xffffffae]s[0x12][0x16][0x7] _d[0xffffff82][0xffffff91][0xffffff84][0xfffffff3][0x1f],[0xfffffff6][0x14]j[0x1b]F,^+[0xffffff98]1ua2[0xffffffbf]h([0xffffff8e][0xffffff94][0xffffffa2][0xffffff91]m[0xffffffa3][0xffffffeb][0xffffff9a][0xffffffb0][0xffffffbb]I[0x17]t[0xffffffdf][0xffffffbd][0xffffffef][0xffffffbb][0xffffff91][0xffffffd7]U[0xffffffbb][0xffffff82][0xffffff9e][0x3][0xffffff9b][0xffffff88][0xffffffb9][0xffffffa6]$[0xffffffa6][0xc][0xffffff9b][0xffffffa5][0xffffffe2][0xffffff83][0xffffff98]F[0xffffffd8]o[0xffffff9e]Mg[0xffffff93][0xffffffbb][0xffffffd9]`|[0xfffffffb]u4[0xffffff9c][0x7f]"}B[0xffffffce][0x8][0xffffffb9][0xffffffe3]<[0x8][0xffffff91][0xffffff90][0xffffff94][0xffffff82][0xffffff90][0xffffffc1]j[0x15]2WI[0xffffffe3]1![0x19][0xffffff91]BnB[0xffffff80][0x9]<f[0xffffffb5][0xffffffe8]=[0xffffffd1]p[0xffffffbd][[0xffffffcf][0xffffffe5][0x1b][0xfffffff4][0xffffff9c][0xffffffff][0xfffffffc][0xfffffff8][0xffffffe1][0xffffffe2][0xffffff94][0xffffffa2][0xffffffae][0xe][0x14]5[0xffffff9a]8[0xffffff83][0xffffffd1]`:[0xfffffffd]<[0xffffffb8][0x1f][0xffffff9c]R[0xffffffcf]u[0x7f]6[0xffffffbc][0xffffff83][0xffffffef][0xf][0xffffffc3][0xffffffd9]/[0xfffffff8][0xfffffff2][0xffffffcd]y s[0xffffffee]'[0x1b]*0g[0xffffffcb][0xffffffc8]nF7H][0xffffff83][0xffffff97]{[0xffffffb1]Q[0x5][\r][0xffffffb5]c[0xffffffb4][0xf][0x2][0xffffffb3][0xffffffb4][0xffffff93][0xe]C[0xffffffa7][0xffffffb3]kAD][0xffffff9d][0xffffffde][0xffffffdb][0xffffffda][0xffffff88][0xffffffec][0xffffffa5][0xffffffbc][0xffffff99][0xffffffd9][0xffffffba]t[0xffffffb5][0xffffffea]9[0xffffffea][0x10])[0xffffffb7][0xffffffca][0xffffff9e][0xfffffff2][0xffffffe2]d^N[0xffffffd8]FW[0x16][0xffffffcd][0xffffffdc]_[0x10][0xfffffff9]i|[0x1c][0xffffff93][0xffffff8e][0xfffffff9]o[0x16][0xffffff86]4'!$G[0xffffffdf]W[0xfffffff4]W*j[[0xfffffff3]xR[0xffffffae][0xffffffb6][0xc][0xffffffd0],; #[0xffffffa9][0xffffff92]5[0xffffffb5][0x7][0xffffff9c][0xffffffb5][0xffffffd0][0x7f][0xffffff90][0xffffffc7]jgs[0xfffffffc][0xffffffc2][0xb][0xffffffd9][0x0]t[0xffffff9e]^'Y[0xfffffffb][0xffffff9f][0xffffffb1][0xffffffd8]:[0xffffffbf][0xffffff8d][0xffffffa5][0xffffff9a][0xffffffad][0x7f]m[0x5]&[0xffffffaa][0xffffffa0]^[0xffffff9b][0xffffffcb][0x5]f[0xffffffae][0xffffffe0]RU[0xffffff82][0x10]MS9l[0xffffff91]4t[0xfffffffb][0xffffff8a]][0xffffffd6][0xfffffff4][0xffffff96][0xffffffa6][0xffffff9f]P[0xffffffce][0xffffffd5][0xffffffce][0xffffff93][0xffffffff][0xffffff97][0xffffffcc]p[0xfffffffd][0xfffffff3][0xffffffe8][0x1b][0xffffffcc][0xffffffa2][0xffffffd9]Q[0xffffffbe][0xffffffb2][0xffffffa3][0xffffffc7]m'[0xffffffdf][0xffffffe4][[0xfffffffb]^[0xffffffb0][0xffffff9a][0xffffffbe][0xffffffda][0xffffffda]_[0xffffffce][0xffffff80][0xffffffd2][0xffffffc1]7[0xffffffb7]][0xffffffc1]b[0xffffffee][0xffffffb5][0xffffffff]w[0xffffff83][0xffffffed][0xffffffa7];[0x15]<[0x10]4[0xffffff92][0xffffff84][0x18][\n]"
08:17:36.897 [main] DEBUG org.apache.hc.client5.http.wire - http-outgoing-21 << "BB[0xffffffba][0xffffff8e]][0xffffffb5]jo[0xffffffb9]+"[0xffffffea][0xffffffb4][0xffffffff]h"[0xffffffea]\?5[0xffffffa9][0xffffffaf]k[0xffffffec][0xffffffff]P[0xffffffea][\n]"
08:17:36.897 [main] DEBUG org.apache.hc.client5.http.wire - http-outgoing-21 << "w[0xffffffe1]K[0x13][0xffffffda][0xffffffec][0xffffff98][0xffffffe6]Y[0xfffffffd]h8m6[0xffffff9c]T[0xffffffc1][0xfffffff2][0xffffffa7][0xffffff91]z_[0xffffff95]o85p[0x1c][0x13][0xffffffe6][0xfffffff0]5[0xffffffee][0xfffffffc][0xffffff92][0xffffff96][0xffffffda][0xfffffff7][0xffffffcf][0xffffffb1][0x5][0x1d][0xffffffea]K[0xffffff9b]9[0xffffff8e][0xffffffad]e[0xfffffff7][0xffffff93][0xffffffa8]`[0xffffffda][0xffffffff][0x1a][0xffffffd2][0xffffff88][0xffffff85][0xfffffffd][0xfffffff2][0xffffff91]N[0xfffffff6]`[0xffffffdf]2[0xffffffcf][0xffffffae]E[0xffffff97][0xffffffc5][0xffffffa2][0xffffff9d][0xffffffef]'[0xffffff9d]mun.[0xffffffd3]f^[0xffffffc7][0xffffff82][0xffffffda][0xffffff82]9[0xfffffff5][0xffffffa9]`[0x5][0xffffffbc]4[0xffffffa1][0x1d]<M[0xffffffb5]A[0xffffffa7]3[[0xffffffc0][0x7f][0x0][0xffffffc1][0xffffffd0]$[0xffffff85][0x1d][\r][0x0][0x0]"
08:17:36.897 [main] DEBUG org.apache.hc.client5.http.impl.classic.InternalHttpClient - ep-0000001C: releasing valid endpoint
08:17:36.897 [main] DEBUG org.apache.hc.client5.http.impl.io.PoolingHttpClientConnectionManager - ep-0000001C: releasing endpoint
08:17:36.897 [main] DEBUG org.apache.hc.client5.http.impl.io.PoolingHttpClientConnectionManager - ep-0000001C: connection http-outgoing-21 can be kept alive for 3 MINUTES
08:17:36.897 [main] DEBUG org.apache.hc.client5.http.impl.io.PoolingHttpClientConnectionManager - ep-0000001C: connection released [route: {s}->https://raw.githubusercontent.com:443][total available: 1; route allocated: 1 of 5; total allocated: 1 of 25]
08:17:36.897 [main] DEBUG io.github.bonigarcia.wdm.versions.VersionDetector - Detecting chrome version using online commands.properties
08:17:36.897 [main] DEBUG io.github.bonigarcia.wdm.versions.Shell - Running command on the shell: [cmd.exe, /C, wmic, datafile, where, name="%PROGRAMFILES:\=\\%\\Google\\Chrome\\Application\\chrome.exe", get, Version, /value]
08:17:36.993 [main] DEBUG io.github.bonigarcia.wdm.versions.Shell - Result: Version=117.0.5938.134
08:17:36.995 [main] DEBUG org.apache.hc.client5.http.impl.classic.InternalHttpClient - ex-0000001E: preparing request execution
08:17:36.995 [main] DEBUG org.apache.hc.client5.http.protocol.RequestAddCookies - Cookie spec selected: strict
08:17:36.995 [main] DEBUG org.apache.hc.client5.http.protocol.RequestAuthCache - Auth cache not set in the context
08:17:36.995 [main] DEBUG org.apache.hc.client5.http.impl.classic.ProtocolExec - ex-0000001E: target auth state: UNCHALLENGED
08:17:36.995 [main] DEBUG org.apache.hc.client5.http.impl.classic.ProtocolExec - ex-0000001E: proxy auth state: UNCHALLENGED
08:17:36.995 [main] DEBUG org.apache.hc.client5.http.impl.classic.ConnectExec - ex-0000001E: acquiring connection with route {s}->https://chromedriver.storage.googleapis.com:443
08:17:36.995 [main] DEBUG org.apache.hc.client5.http.impl.classic.InternalHttpClient - ex-0000001E: acquiring endpoint (3 MINUTES)
08:17:36.995 [main] DEBUG org.apache.hc.client5.http.impl.io.PoolingHttpClientConnectionManager - ex-0000001E: endpoint lease request (3 MINUTES) [route: {s}->https://chromedriver.storage.googleapis.com:443][total available: 1; route allocated: 0 of 5; total allocated: 1 of 25]
08:17:36.995 [main] DEBUG org.apache.hc.client5.http.impl.io.PoolingHttpClientConnectionManager - ex-0000001E: endpoint leased [route: {s}->https://chromedriver.storage.googleapis.com:443][total available: 1; route allocated: 1 of 5; total allocated: 2 of 25]
08:17:36.995 [main] DEBUG org.apache.hc.client5.http.impl.io.PoolingHttpClientConnectionManager - ex-0000001E: acquired ep-0000001D
08:17:36.995 [main] DEBUG org.apache.hc.client5.http.impl.classic.InternalHttpClient - ex-0000001E: acquired endpoint ep-0000001D
08:17:36.995 [main] DEBUG org.apache.hc.client5.http.impl.classic.ConnectExec - ex-0000001E: opening connection {s}->https://chromedriver.storage.googleapis.com:443
08:17:36.995 [main] DEBUG org.apache.hc.client5.http.impl.classic.InternalHttpClient - ep-0000001D: connecting endpoint (30 SECONDS)
08:17:36.995 [main] DEBUG org.apache.hc.client5.http.impl.io.PoolingHttpClientConnectionManager - ep-0000001D: connecting endpoint to https://chromedriver.storage.googleapis.com:443 (30 SECONDS)
08:17:36.995 [main] DEBUG org.apache.hc.client5.http.impl.io.DefaultHttpClientConnectionOperator - http-outgoing-22: connecting to chromedriver.storage.googleapis.com/34.101.5.27:443
08:17:36.995 [main] DEBUG org.apache.hc.client5.http.ssl.SSLConnectionSocketFactory - Connecting socket to chromedriver.storage.googleapis.com/34.101.5.27:443 with timeout 30 SECONDS
08:17:37.002 [main] DEBUG org.apache.hc.client5.http.ssl.SSLConnectionSocketFactory - Enabled protocols: [TLSv1.3, TLSv1.2]
08:17:37.002 [main] DEBUG org.apache.hc.client5.http.ssl.SSLConnectionSocketFactory - Enabled cipher suites: [TLS_AES_256_GCM_SHA384, TLS_AES_128_GCM_SHA256, TLS_CHACHA20_POLY1305_SHA256, TLS_ECDHE_ECDSA_WITH_AES_256_GCM_SHA384, TLS_ECDHE_ECDSA_WITH_AES_128_GCM_SHA256, TLS_ECDHE_ECDSA_WITH_CHACHA20_POLY1305_SHA256, TLS_ECDHE_RSA_WITH_AES_256_GCM_SHA384, TLS_ECDHE_RSA_WITH_CHACHA20_POLY1305_SHA256, TLS_ECDHE_RSA_WITH_AES_128_GCM_SHA256, TLS_DHE_RSA_WITH_AES_256_GCM_SHA384, TLS_DHE_RSA_WITH_CHACHA20_POLY1305_SHA256, TLS_DHE_DSS_WITH_AES_256_GCM_SHA384, TLS_DHE_RSA_WITH_AES_128_GCM_SHA256, TLS_DHE_DSS_WITH_AES_128_GCM_SHA256, TLS_ECDHE_ECDSA_WITH_AES_256_CBC_SHA384, TLS_ECDHE_RSA_WITH_AES_256_CBC_SHA384, TLS_ECDHE_ECDSA_WITH_AES_128_CBC_SHA256, TLS_ECDHE_RSA_WITH_AES_128_CBC_SHA256, TLS_DHE_RSA_WITH_AES_256_CBC_SHA256, TLS_DHE_DSS_WITH_AES_256_CBC_SHA256, TLS_DHE_RSA_WITH_AES_128_CBC_SHA256, TLS_DHE_DSS_WITH_AES_128_CBC_SHA256, TLS_ECDH_ECDSA_WITH_AES_256_GCM_SHA384, TLS_ECDH_RSA_WITH_AES_256_GCM_SHA384, TLS_ECDH_ECDSA_WITH_AES_128_GCM_SHA256, TLS_ECDH_RSA_WITH_AES_128_GCM_SHA256, TLS_ECDH_ECDSA_WITH_AES_256_CBC_SHA384, TLS_ECDH_RSA_WITH_AES_256_CBC_SHA384, TLS_ECDH_ECDSA_WITH_AES_128_CBC_SHA256, TLS_ECDH_RSA_WITH_AES_128_CBC_SHA256, TLS_ECDHE_ECDSA_WITH_AES_256_CBC_SHA, TLS_ECDHE_RSA_WITH_AES_256_CBC_SHA, TLS_ECDHE_ECDSA_WITH_AES_128_CBC_SHA, TLS_ECDHE_RSA_WITH_AES_128_CBC_SHA, TLS_DHE_RSA_WITH_AES_256_CBC_SHA, TLS_DHE_DSS_WITH_AES_256_CBC_SHA, TLS_DHE_RSA_WITH_AES_128_CBC_SHA, TLS_DHE_DSS_WITH_AES_128_CBC_SHA, TLS_ECDH_ECDSA_WITH_AES_256_CBC_SHA, TLS_ECDH_RSA_WITH_AES_256_CBC_SHA, TLS_ECDH_ECDSA_WITH_AES_128_CBC_SHA, TLS_ECDH_RSA_WITH_AES_128_CBC_SHA, TLS_RSA_WITH_AES_256_GCM_SHA384, TLS_RSA_WITH_AES_128_GCM_SHA256, TLS_RSA_WITH_AES_256_CBC_SHA256, TLS_RSA_WITH_AES_128_CBC_SHA256, TLS_RSA_WITH_AES_256_CBC_SHA, TLS_RSA_WITH_AES_128_CBC_SHA, TLS_EMPTY_RENEGOTIATION_INFO_SCSV]
08:17:37.002 [main] DEBUG org.apache.hc.client5.http.ssl.SSLConnectionSocketFactory - Starting handshake
08:17:37.044 [main] DEBUG org.apache.hc.client5.http.ssl.SSLConnectionSocketFactory - Secure session established
08:17:37.044 [main] DEBUG org.apache.hc.client5.http.ssl.SSLConnectionSocketFactory -  negotiated protocol: TLSv1.3
08:17:37.044 [main] DEBUG org.apache.hc.client5.http.ssl.SSLConnectionSocketFactory -  negotiated cipher suite: TLS_AES_256_GCM_SHA384
08:17:37.044 [main] DEBUG org.apache.hc.client5.http.ssl.SSLConnectionSocketFactory -  peer principal: CN=*.storage.googleapis.com
08:17:37.044 [main] DEBUG org.apache.hc.client5.http.ssl.SSLConnectionSocketFactory -  peer alternative names: [*.storage.googleapis.com, *.googleapis.com, commondatastorage.googleapis.com, *.commondatastorage.googleapis.com, storage.googleapis.com, storage-p2.googleapis.com, *.storage-p2.googleapis.com, storage.mtls.googleapis.com, *.appspot.com.storage.googleapis.com, *.content-storage.googleapis.com, *.content-storage-p2.googleapis.com, *.content-storage-upload.googleapis.com, *.content-storage-download.googleapis.com, *.storage-upload.googleapis.com, *.storage-download.googleapis.com]
08:17:37.044 [main] DEBUG org.apache.hc.client5.http.ssl.SSLConnectionSocketFactory -  issuer principal: CN=GTS CA 1C3, O=Google Trust Services LLC, C=US
08:17:37.044 [main] DEBUG org.apache.hc.client5.http.impl.io.DefaultHttpClientConnectionOperator - http-outgoing-22: connection established 192.168.100.42:64465<->34.101.5.27:443
08:17:37.044 [main] DEBUG org.apache.hc.client5.http.impl.io.PoolingHttpClientConnectionManager - ep-0000001D: connected http-outgoing-22
08:17:37.044 [main] DEBUG org.apache.hc.client5.http.impl.classic.InternalHttpClient - ep-0000001D: endpoint connected
08:17:37.045 [main] DEBUG org.apache.hc.client5.http.impl.classic.MainClientExec - ex-0000001E: executing GET /LATEST_RELEASE_117 HTTP/1.1
08:17:37.045 [main] DEBUG org.apache.hc.client5.http.impl.classic.InternalHttpClient - ep-0000001D: start execution ex-0000001E
08:17:37.045 [main] DEBUG org.apache.hc.client5.http.impl.io.PoolingHttpClientConnectionManager - ep-0000001D: executing exchange ex-0000001E over http-outgoing-22
08:17:37.045 [main] DEBUG org.apache.hc.client5.http.headers - http-outgoing-22 >> GET /LATEST_RELEASE_117 HTTP/1.1
08:17:37.045 [main] DEBUG org.apache.hc.client5.http.headers - http-outgoing-22 >> user-agent: Apache-HttpClient/5.0
08:17:37.045 [main] DEBUG org.apache.hc.client5.http.headers - http-outgoing-22 >> accept-encoding: gzip, deflate, br
08:17:37.045 [main] DEBUG org.apache.hc.client5.http.headers - http-outgoing-22 >> cache-control: max-age=0
08:17:37.045 [main] DEBUG org.apache.hc.client5.http.headers - http-outgoing-22 >> connection: keep-alive
08:17:37.045 [main] DEBUG org.apache.hc.client5.http.headers - http-outgoing-22 >> Host: chromedriver.storage.googleapis.com
08:17:37.045 [main] DEBUG org.apache.hc.client5.http.wire - http-outgoing-22 >> "GET /LATEST_RELEASE_117 HTTP/1.1[\r][\n]"
08:17:37.045 [main] DEBUG org.apache.hc.client5.http.wire - http-outgoing-22 >> "user-agent: Apache-HttpClient/5.0[\r][\n]"
08:17:37.045 [main] DEBUG org.apache.hc.client5.http.wire - http-outgoing-22 >> "accept-encoding: gzip, deflate, br[\r][\n]"
08:17:37.045 [main] DEBUG org.apache.hc.client5.http.wire - http-outgoing-22 >> "cache-control: max-age=0[\r][\n]"
08:17:37.045 [main] DEBUG org.apache.hc.client5.http.wire - http-outgoing-22 >> "connection: keep-alive[\r][\n]"
08:17:37.045 [main] DEBUG org.apache.hc.client5.http.wire - http-outgoing-22 >> "Host: chromedriver.storage.googleapis.com[\r][\n]"
08:17:37.045 [main] DEBUG org.apache.hc.client5.http.wire - http-outgoing-22 >> "[\r][\n]"
08:17:37.279 [main] DEBUG org.apache.hc.client5.http.wire - http-outgoing-22 << "HTTP/1.1 404 Not Found[\r][\n]"
08:17:37.279 [main] DEBUG org.apache.hc.client5.http.wire - http-outgoing-22 << "X-GUploader-UploadID: ADPycdvcYdIMmW9ixpfx_chsKoQnM3EgqTq0AjejhF_eQq4ncLdeD530AWssLAEtDwPTbO67Q42Q0I0qaDLwDl5ck7nDs1MC-Ih_[\r][\n]"
08:17:37.279 [main] DEBUG org.apache.hc.client5.http.wire - http-outgoing-22 << "Content-Type: application/xml; charset=UTF-8[\r][\n]"
08:17:37.279 [main] DEBUG org.apache.hc.client5.http.wire - http-outgoing-22 << "Content-Length: 193[\r][\n]"
08:17:37.279 [main] DEBUG org.apache.hc.client5.http.wire - http-outgoing-22 << "Date: Fri, 06 Oct 2023 01:17:39 GMT[\r][\n]"
08:17:37.279 [main] DEBUG org.apache.hc.client5.http.wire - http-outgoing-22 << "Expires: Fri, 06 Oct 2023 01:17:39 GMT[\r][\n]"
08:17:37.279 [main] DEBUG org.apache.hc.client5.http.wire - http-outgoing-22 << "Cache-Control: private, max-age=0[\r][\n]"
08:17:37.279 [main] DEBUG org.apache.hc.client5.http.wire - http-outgoing-22 << "Server: UploadServer[\r][\n]"
08:17:37.279 [main] DEBUG org.apache.hc.client5.http.wire - http-outgoing-22 << "Alt-Svc: h3=":443"; ma=2592000,h3-29=":443"; ma=2592000[\r][\n]"
08:17:37.279 [main] DEBUG org.apache.hc.client5.http.wire - http-outgoing-22 << "[\r][\n]"
08:17:37.279 [main] DEBUG org.apache.hc.client5.http.wire - http-outgoing-22 << "<?xml version='1.0' encoding='UTF-8'?><Error><Code>NoSuchKey</Code><Message>The specified key does not exist.</Message><Details>No such object: chromedriver/LATEST_RELEASE_117</Details></Error>"
08:17:37.280 [main] DEBUG org.apache.hc.client5.http.headers - http-outgoing-22 << HTTP/1.1 404 Not Found
08:17:37.280 [main] DEBUG org.apache.hc.client5.http.headers - http-outgoing-22 << X-GUploader-UploadID: ADPycdvcYdIMmW9ixpfx_chsKoQnM3EgqTq0AjejhF_eQq4ncLdeD530AWssLAEtDwPTbO67Q42Q0I0qaDLwDl5ck7nDs1MC-Ih_
08:17:37.280 [main] DEBUG org.apache.hc.client5.http.headers - http-outgoing-22 << Content-Type: application/xml; charset=UTF-8
08:17:37.280 [main] DEBUG org.apache.hc.client5.http.headers - http-outgoing-22 << Content-Length: 193
08:17:37.280 [main] DEBUG org.apache.hc.client5.http.headers - http-outgoing-22 << Date: Fri, 06 Oct 2023 01:17:39 GMT
08:17:37.280 [main] DEBUG org.apache.hc.client5.http.headers - http-outgoing-22 << Expires: Fri, 06 Oct 2023 01:17:39 GMT
08:17:37.280 [main] DEBUG org.apache.hc.client5.http.headers - http-outgoing-22 << Cache-Control: private, max-age=0
08:17:37.280 [main] DEBUG org.apache.hc.client5.http.headers - http-outgoing-22 << Server: UploadServer
08:17:37.280 [main] DEBUG org.apache.hc.client5.http.headers - http-outgoing-22 << Alt-Svc: h3=":443"; ma=2592000,h3-29=":443"; ma=2592000
08:17:37.281 [main] DEBUG org.apache.hc.client5.http.impl.classic.MainClientExec - ex-0000001E: connection can be kept alive for 3 MINUTES
08:17:37.281 [main] ERROR io.github.bonigarcia.wdm.online.HttpClient - Error HTTP 404 executing https://chromedriver.storage.googleapis.com/LATEST_RELEASE_117
08:17:37.281 [main] WARN io.github.bonigarcia.wdm.versions.VersionDetector - Exception reading https://chromedriver.storage.googleapis.com/LATEST_RELEASE_117 to get latest version of chromedriver (Error HTTP 404 executing https://chromedriver.storage.googleapis.com/LATEST_RELEASE_117)
08:17:37.283 [main] DEBUG io.github.bonigarcia.wdm.versions.VersionDetector - Getting driver version for chrome117 from online versions.properties
08:17:37.286 [main] DEBUG org.apache.hc.client5.http.impl.classic.InternalHttpClient - ex-0000001F: preparing request execution
08:17:37.286 [main] DEBUG org.apache.hc.client5.http.protocol.RequestAddCookies - Cookie spec selected: strict
08:17:37.286 [main] DEBUG org.apache.hc.client5.http.protocol.RequestAuthCache - Auth cache not set in the context
08:17:37.286 [main] DEBUG org.apache.hc.client5.http.impl.classic.ProtocolExec - ex-0000001F: target auth state: UNCHALLENGED
08:17:37.286 [main] DEBUG org.apache.hc.client5.http.impl.classic.ProtocolExec - ex-0000001F: proxy auth state: UNCHALLENGED
08:17:37.286 [main] DEBUG org.apache.hc.client5.http.impl.classic.ConnectExec - ex-0000001F: acquiring connection with route {s}->https://raw.githubusercontent.com:443
08:17:37.286 [main] DEBUG org.apache.hc.client5.http.impl.classic.InternalHttpClient - ex-0000001F: acquiring endpoint (3 MINUTES)
08:17:37.286 [main] DEBUG org.apache.hc.client5.http.impl.io.PoolingHttpClientConnectionManager - ex-0000001F: endpoint lease request (3 MINUTES) [route: {s}->https://raw.githubusercontent.com:443][total available: 1; route allocated: 1 of 5; total allocated: 2 of 25]
08:17:37.286 [main] DEBUG org.apache.hc.client5.http.impl.io.PoolingHttpClientConnectionManager - ex-0000001F: endpoint leased [route: {s}->https://raw.githubusercontent.com:443][total available: 0; route allocated: 1 of 5; total allocated: 2 of 25]
08:17:37.286 [main] DEBUG org.apache.hc.client5.http.impl.io.PoolingHttpClientConnectionManager - ex-0000001F: acquired ep-0000001E
08:17:37.286 [main] DEBUG org.apache.hc.client5.http.impl.classic.InternalHttpClient - ex-0000001F: acquired endpoint ep-0000001E
08:17:37.287 [main] DEBUG org.apache.hc.client5.http.impl.classic.MainClientExec - ex-0000001F: executing GET /bonigarcia/webdrivermanager/master/src/main/resources/versions.properties HTTP/1.1
08:17:37.287 [main] DEBUG org.apache.hc.client5.http.impl.classic.InternalHttpClient - ep-0000001E: start execution ex-0000001F
08:17:37.287 [main] DEBUG org.apache.hc.client5.http.impl.io.PoolingHttpClientConnectionManager - ep-0000001E: executing exchange ex-0000001F over http-outgoing-21
08:17:37.287 [main] DEBUG org.apache.hc.client5.http.headers - http-outgoing-21 >> GET /bonigarcia/webdrivermanager/master/src/main/resources/versions.properties HTTP/1.1
08:17:37.287 [main] DEBUG org.apache.hc.client5.http.headers - http-outgoing-21 >> user-agent: Apache-HttpClient/5.0
08:17:37.287 [main] DEBUG org.apache.hc.client5.http.headers - http-outgoing-21 >> accept-encoding: gzip, deflate, br
08:17:37.287 [main] DEBUG org.apache.hc.client5.http.headers - http-outgoing-21 >> cache-control: max-age=0
08:17:37.287 [main] DEBUG org.apache.hc.client5.http.headers - http-outgoing-21 >> connection: keep-alive
08:17:37.287 [main] DEBUG org.apache.hc.client5.http.headers - http-outgoing-21 >> Host: raw.githubusercontent.com
08:17:37.287 [main] DEBUG org.apache.hc.client5.http.wire - http-outgoing-21 >> "GET /bonigarcia/webdrivermanager/master/src/main/resources/versions.properties HTTP/1.1[\r][\n]"
08:17:37.287 [main] DEBUG org.apache.hc.client5.http.wire - http-outgoing-21 >> "user-agent: Apache-HttpClient/5.0[\r][\n]"
08:17:37.287 [main] DEBUG org.apache.hc.client5.http.wire - http-outgoing-21 >> "accept-encoding: gzip, deflate, br[\r][\n]"
08:17:37.287 [main] DEBUG org.apache.hc.client5.http.wire - http-outgoing-21 >> "cache-control: max-age=0[\r][\n]"
08:17:37.287 [main] DEBUG org.apache.hc.client5.http.wire - http-outgoing-21 >> "connection: keep-alive[\r][\n]"
08:17:37.287 [main] DEBUG org.apache.hc.client5.http.wire - http-outgoing-21 >> "Host: raw.githubusercontent.com[\r][\n]"
08:17:37.287 [main] DEBUG org.apache.hc.client5.http.wire - http-outgoing-21 >> "[\r][\n]"
08:17:37.326 [main] DEBUG org.apache.hc.client5.http.wire - http-outgoing-21 << "HTTP/1.1 200 OK[\r][\n]"
08:17:37.326 [main] DEBUG org.apache.hc.client5.http.wire - http-outgoing-21 << "Connection: keep-alive[\r][\n]"
08:17:37.326 [main] DEBUG org.apache.hc.client5.http.wire - http-outgoing-21 << "Content-Length: 1625[\r][\n]"
08:17:37.326 [main] DEBUG org.apache.hc.client5.http.wire - http-outgoing-21 << "Cache-Control: max-age=300[\r][\n]"
08:17:37.326 [main] DEBUG org.apache.hc.client5.http.wire - http-outgoing-21 << "Content-Security-Policy: default-src 'none'; style-src 'unsafe-inline'; sandbox[\r][\n]"
08:17:37.326 [main] DEBUG org.apache.hc.client5.http.wire - http-outgoing-21 << "Content-Type: text/plain; charset=utf-8[\r][\n]"
08:17:37.326 [main] DEBUG org.apache.hc.client5.http.wire - http-outgoing-21 << "ETag: W/"51a99ebb5fa30c7285d42b08929913814dd238f6403d61fccadee50390eab957"[\r][\n]"
08:17:37.326 [main] DEBUG org.apache.hc.client5.http.wire - http-outgoing-21 << "Strict-Transport-Security: max-age=31536000[\r][\n]"
08:17:37.326 [main] DEBUG org.apache.hc.client5.http.wire - http-outgoing-21 << "X-Content-Type-Options: nosniff[\r][\n]"
08:17:37.326 [main] DEBUG org.apache.hc.client5.http.wire - http-outgoing-21 << "X-Frame-Options: deny[\r][\n]"
08:17:37.326 [main] DEBUG org.apache.hc.client5.http.wire - http-outgoing-21 << "X-XSS-Protection: 1; mode=block[\r][\n]"
08:17:37.326 [main] DEBUG org.apache.hc.client5.http.wire - http-outgoing-21 << "X-GitHub-Request-Id: ADC8:C8321:F9E48:13930E:651E6E7C[\r][\n]"
08:17:37.326 [main] DEBUG org.apache.hc.client5.http.wire - http-outgoing-21 << "Content-Encoding: gzip[\r][\n]"
08:17:37.326 [main] DEBUG org.apache.hc.client5.http.wire - http-outgoing-21 << "Accept-Ranges: bytes[\r][\n]"
08:17:37.326 [main] DEBUG org.apache.hc.client5.http.wire - http-outgoing-21 << "Date: Fri, 06 Oct 2023 01:17:39 GMT[\r][\n]"
08:17:37.327 [main] DEBUG org.apache.hc.client5.http.wire - http-outgoing-21 << "Via: 1.1 varnish[\r][\n]"
08:17:37.327 [main] DEBUG org.apache.hc.client5.http.wire - http-outgoing-21 << "X-Served-By: cache-qpg1244-QPG[\r][\n]"
08:17:37.327 [main] DEBUG org.apache.hc.client5.http.wire - http-outgoing-21 << "X-Cache: HIT[\r][\n]"
08:17:37.327 [main] DEBUG org.apache.hc.client5.http.wire - http-outgoing-21 << "X-Cache-Hits: 1[\r][\n]"
08:17:37.327 [main] DEBUG org.apache.hc.client5.http.wire - http-outgoing-21 << "X-Timer: S1696555059.449217,VS0,VE1[\r][\n]"
08:17:37.327 [main] DEBUG org.apache.hc.client5.http.wire - http-outgoing-21 << "Vary: Authorization,Accept-Encoding,Origin[\r][\n]"
08:17:37.327 [main] DEBUG org.apache.hc.client5.http.wire - http-outgoing-21 << "Access-Control-Allow-Origin: *[\r][\n]"
08:17:37.327 [main] DEBUG org.apache.hc.client5.http.wire - http-outgoing-21 << "Cross-Origin-Resource-Policy: cross-origin[\r][\n]"
08:17:37.327 [main] DEBUG org.apache.hc.client5.http.wire - http-outgoing-21 << "X-Fastly-Request-ID: 2a87ed7e4d78ff283cc26963383b7f0e25dbdf59[\r][\n]"
08:17:37.327 [main] DEBUG org.apache.hc.client5.http.wire - http-outgoing-21 << "Expires: Fri, 06 Oct 2023 01:22:39 GMT[\r][\n]"
08:17:37.327 [main] DEBUG org.apache.hc.client5.http.wire - http-outgoing-21 << "Source-Age: 116[\r][\n]"
08:17:37.327 [main] DEBUG org.apache.hc.client5.http.wire - http-outgoing-21 << "[\r][\n]"
08:17:37.327 [main] DEBUG org.apache.hc.client5.http.headers - http-outgoing-21 << HTTP/1.1 200 OK
08:17:37.327 [main] DEBUG org.apache.hc.client5.http.headers - http-outgoing-21 << Connection: keep-alive
08:17:37.327 [main] DEBUG org.apache.hc.client5.http.headers - http-outgoing-21 << Content-Length: 1625
08:17:37.327 [main] DEBUG org.apache.hc.client5.http.headers - http-outgoing-21 << Cache-Control: max-age=300
08:17:37.327 [main] DEBUG org.apache.hc.client5.http.headers - http-outgoing-21 << Content-Security-Policy: default-src 'none'; style-src 'unsafe-inline'; sandbox
08:17:37.327 [main] DEBUG org.apache.hc.client5.http.headers - http-outgoing-21 << Content-Type: text/plain; charset=utf-8
08:17:37.327 [main] DEBUG org.apache.hc.client5.http.headers - http-outgoing-21 << ETag: W/"51a99ebb5fa30c7285d42b08929913814dd238f6403d61fccadee50390eab957"
08:17:37.327 [main] DEBUG org.apache.hc.client5.http.headers - http-outgoing-21 << Strict-Transport-Security: max-age=31536000
08:17:37.327 [main] DEBUG org.apache.hc.client5.http.headers - http-outgoing-21 << X-Content-Type-Options: nosniff
08:17:37.327 [main] DEBUG org.apache.hc.client5.http.headers - http-outgoing-21 << X-Frame-Options: deny
08:17:37.327 [main] DEBUG org.apache.hc.client5.http.headers - http-outgoing-21 << X-XSS-Protection: 1; mode=block
08:17:37.327 [main] DEBUG org.apache.hc.client5.http.headers - http-outgoing-21 << X-GitHub-Request-Id: ADC8:C8321:F9E48:13930E:651E6E7C
08:17:37.327 [main] DEBUG org.apache.hc.client5.http.headers - http-outgoing-21 << Content-Encoding: gzip
08:17:37.327 [main] DEBUG org.apache.hc.client5.http.headers - http-outgoing-21 << Accept-Ranges: bytes
08:17:37.327 [main] DEBUG org.apache.hc.client5.http.headers - http-outgoing-21 << Date: Fri, 06 Oct 2023 01:17:39 GMT
08:17:37.327 [main] DEBUG org.apache.hc.client5.http.headers - http-outgoing-21 << Via: 1.1 varnish
08:17:37.327 [main] DEBUG org.apache.hc.client5.http.headers - http-outgoing-21 << X-Served-By: cache-qpg1244-QPG
08:17:37.327 [main] DEBUG org.apache.hc.client5.http.headers - http-outgoing-21 << X-Cache: HIT
08:17:37.327 [main] DEBUG org.apache.hc.client5.http.headers - http-outgoing-21 << X-Cache-Hits: 1
08:17:37.327 [main] DEBUG org.apache.hc.client5.http.headers - http-outgoing-21 << X-Timer: S1696555059.449217,VS0,VE1
08:17:37.327 [main] DEBUG org.apache.hc.client5.http.headers - http-outgoing-21 << Vary: Authorization,Accept-Encoding,Origin
08:17:37.327 [main] DEBUG org.apache.hc.client5.http.headers - http-outgoing-21 << Access-Control-Allow-Origin: *
08:17:37.327 [main] DEBUG org.apache.hc.client5.http.headers - http-outgoing-21 << Cross-Origin-Resource-Policy: cross-origin
08:17:37.327 [main] DEBUG org.apache.hc.client5.http.headers - http-outgoing-21 << X-Fastly-Request-ID: 2a87ed7e4d78ff283cc26963383b7f0e25dbdf59
08:17:37.327 [main] DEBUG org.apache.hc.client5.http.headers - http-outgoing-21 << Expires: Fri, 06 Oct 2023 01:22:39 GMT
08:17:37.327 [main] DEBUG org.apache.hc.client5.http.headers - http-outgoing-21 << Source-Age: 116
08:17:37.327 [main] DEBUG org.apache.hc.client5.http.impl.classic.MainClientExec - ex-0000001F: connection can be kept alive for 3 MINUTES
08:17:37.328 [main] DEBUG org.apache.hc.client5.http.wire - http-outgoing-21 << "[0x1f][0xffffff8b][0x8][0x0][0x0][0x0][0x0][0x0][0x0][0x3][0xffffff8d][0xffffff97]Ko#7[0xc][0xffffffc7][0xffffffef][0xfffffff9][0x14][0x3][0xfffffff4][0x1c]YO[0xffffff8a][\n]"
08:17:37.328 [main] DEBUG org.apache.hc.client5.http.wire - http-outgoing-21 << "[0xffffffa0]K[0xffffff9f][0xffffffa7][0xffffffa2][0xffffff87][0xfffffff6][0xb]x[0xffffffed]Ib[0xffffffac][0xffffffe3][0x9]lg[0xffffffb3][0xffffffe8][0xffffffa7]/[0xfffffff5][0xffffffa0]F[0xffffff96][[0xffffffa0][0xffffff87]`[0xffffff97]?k$[0xffffff92][0xffffffe2]p[0xfffffffe][0xfffffffc]a[0xfffffffa][0xffffffeb][0xfffffff5]p[0xffffff99][0xffffff9e][0xf][0xffffffc7]y[0xffffffda]-[0xffffffa7][0xffffffeb][0xfffffff6]p[0xffffffba]L[0xffffffd7][0xffffffd7]y[0xfffffffa]zZ>O[0xffffffd3][0xfffffffe]|[0xfffffff8]6[0xffffff9f]'[0xfffffffa][0xffffffbb][0x1c][0x16][0xfffffffa]e[0xffffffb7][0xffffffbc][0xffffffbd]o[0xffffffaf][0xffffff87]/[0xffffffb4][0xfffffffa][0xfffffff3]p}[0xffffffcd]+w[0xffffffcb][0xfffffff9]<_[0xffffffde][0xffffff97][0xffffffd3][0xfffffffe]pz[0xffffff99][0xffffffbe][0xffffff9c][0xffffff97][0xffffffcf][0xffffffcb][0xfffffffa][0xffffffc8][0xffffffc3][0xffffffc3][0xf][0xffffffd3][0xffffff8f][0x5]=M[0xffffffbf]-[0xffffffcb][0xb]=[0xfffffff9][0xffffffd3][0xffffffeb]yy[0xffffff9b][0xffffffa7][0xffffffed]i_[0xfffffffe]{[0xfffffff8]x[0xffffff9b][0x1e][0xffffffa7][0xffffff9f][0xfffffff3]QO[0xffffffd3].[0xffffffff]Z[0xe][0xffffffa6][0xffffff87][0xffffffff]\>[0xffffffce][0xffffffbb][0xfffffff9]iz[0xffffffbd]^[0xffffffdf][0xffffff9f]6[0xffffff9b][0xfffffffe]W[0xffffffb1][0xffffffab]O[0xffffff8b][0xffffffe5][0xfffffffc][0xffffffb2][0xffffffd9][0xffffff93][0xffffffbf][0xffffffc7]e[0xffffffbb][0xffffffbf]<[0xffffff94]5J[0xffffffd9]H[0x7f]B[\n]"
08:17:37.328 [main] DEBUG org.apache.hc.client5.http.wire - http-outgoing-21 << "[0xffffffe7][0xffffff8d][0x13]A6n[0xffffff88][0xffffff9b][0xffffffc4][0xffffffc1]k[0x1][0xffffffa6]qM\g[0xffffffae][0xffffff9c][0xffffffb0][0xffffffa1]qE\%[0xffffffee][0xffffffc0][0x8][0xffffffb0][0xffffff8d]K[0xffffffe2]2q[0xffffff8b]Jx[0xffffffcf]\[0xffffff86]H[0x7f][0xffffff99][0xffffffd3][0xfffffff1][0xffffffbe][0xffffffad][0xffffff97]H[0x1c][0x13]7.[0x8][0xffffffaf][0x1a][0xfffffff7][0xffffffc4]}[0xffffffe6][0xffffffd2][\n]"
08:17:37.328 [main] DEBUG org.apache.hc.client5.http.wire - http-outgoing-21 << "[0xffffffd0][0xffffff8d][0x3]qH\[0xffffffdb] `][0xffffffef][0xffffff88][0xffffffbb][0xffffffc4]Up[0xfffffff4]c[0xffffffe3][0x14][0xffffffaf][0xffffffcc][0xfffffff1][0xffffffa6]0|[0xfffffff3]_R[0xffffffbc]2[0xffffffc7]+A[\n]"
08:17:37.328 [main] DEBUG org.apache.hc.client5.http.wire - http-outgoing-21 << "eV[0xffffff87](`[0xffffff99][0x3][0xffffff96][0xffffffb4]_w[0x0][0x5],S[0xffffffc0]68%[0xffffffec][0xffffffca])`[0xffffff99][0x2][0xffffffb6][0x18]@[0x0]'4[0xffffff84][0x18]B[0xffffffa6][0xffffffd6][0xffffffd2][0xffffffd9]L1[0xffffff86][0x14][0xffffffac][0xfffffff5][0xe][0x5][0x1d][0xffffffc3][0xffffffd8][0xffffffc7][0xffffff90]b[0xffffffb5][0x10][0xfffffff4][0xffffff9a][0xffffff83][0x0]1@[0xffffffa6]`[0xffffff85]uL][0xc].S[0xffffff83][0x2]8[0xffffff9e]`c[0xffffffb0][0xffffff99]Rr[0xffffffe8]"[0x19][0xffffff9b][0x18]R[0xffffff90][0xffffffd6]y[0xffffffbf]^j[0xffffffd0]1[0xffffffe8]L[0xffffffe9]J)[0xffffffcb][0xffffff8c]U[0xc]9@K[0x15]@[0xffffffb1]2[0xffffff96]1[0xffffffe4][0xfffffff8][0xffffffac][0xffffff91]Bs[0xffffff9e]0D[0xffffffcc][0xfffffff1][0x19][0xfffffffa]G[0xfffffff3][0xffffffce][0xffffff88][0x11]s|F[[0x11][0xffffff80][0xffffffa9][0xffffff8f][0xffffff98][0xffffffc3][0xffffffd3]([0x5]"S[0xffffff88][0xffffff98][0xffffffc3][0xffffffd3][0xffffff96][0xfffffff6][0xffffffe5]T[0xffffffa0][0xffffff8b][0xffffff98][0xffffffc3]Sh[0x4][0xffffffb2]kh#[0xffffffe6][0xfffffff0][0xffffff94][0xfffffff5][0xffffffc2]p[0xffffff8e][0xffffffd1]D[0xffffffcc][0xffffffd1][0xffffffa5][0xffffff9b]4[0xffffff9c][\n]"
08:17:37.328 [main] DEBUG org.apache.hc.client5.http.wire - http-outgoing-21 << "T[0x11]s[0x18][0xffffff92]2[0xffffffaf]L;NFLa[0xffffff98]@[0xffffffbe]P[0x9]U[0xffffffec]C[0xfffffff4]!c[0xffffffeb][0xffffff84]i[0x14][0xffffffa3][0xffffffc7]L[0xffffffa9]v[0xffffffa8][0xffffffae][0x18][0xfffffffb][0xffffffe8]S [0x6][0xffffff81][0xffffffde][0x5]v[0xffffffc3]C[0xfffffff4][0xffffff90])[0x15][0xffffffb8][0xffffffd2]m[0xf][0x17]}[0xffffff8a][0xffffffc4]xO[0x5][0xffffffb6][0xffffffae][0xffffffb6][0xffffffd1][0xffffffdb][0xffffff8c]5[0xffffffd5]/C[0x13]}[0xffffff8a][0xffffffc4][0x0][0x5][0x4][0xffffffec][0xffffffb2][0xffffffd7]Q[0xffffffd3][0xffffff8d][0xffffffb2][0xffffffa5]n,[0xffffff99],v[0xc]B[0xffffffb2][0xfffffff8]n[0x0][0xffffff93][0xffffffc5][0x19][0x5][0xffffff9f],[0xffffffbe]M[0xffffff80]d[0xffffffb1]3[0xffffffe0][0xffffffc8]j)[0x2][0xffffff9b],[0xffffffce]9[0xffffff98]d[0xfffffff1]y[0xffffff90]|1[0xffffffed][0xffffffbc][0xffffffe4]K{g [0xfffffff9]b[0xffffffcc]MW[0xfffffffb]}[0xfffffff9][0xfffffffb]p<n[0xffffffa7]_[0xf][0xffffffe7][0xfffffff9]y[0xfffffff9][0xffffffde][0xffffffb5][0xffffffb2][0xffffff97]y[0xfffffff7]u[0xfffffff9][0xffffffd7]Nv[0xffffffa1]V[0xfffffff6]B[\r][0xfffffff4][0xffffffe3][0xffffff8b][0xffffffa0][0xffffff96][0xffffffba]y+[l[0xffffffba][0x7]6[0xffffffe7][0xfffffff9]8o/[0xfffffff3][0xffffffe5][0xffffffe1][0xffffffb9][0xffffffec][0xffffffab][0x14]FJ[0x1b][0xffffffe5]n%[0xfffffffe][0xffffff8e][0xffffffc0][0x1d]qw[0xffffffc4][0xffffffde][0x11]sG[0xfffffff4][0x1d]QwD&[0xffffffa2][0xffffff85]n[0xffffff84]:_&[0xffffffeb][0x1a][0xffffff89]w[0xffffffc4][0xffffffdf][0x11][0xffffffb8]#[0xffffffee][0xffffff8e]d[0xffffff9f]UO[0xffffffcc][0x1d][0xffffffd1]wD[0xffffffdd][0x11]9[0xffffff90][0x10]F[0xffffff80]#[0xfffffff0]#[0xffffff80][0x11][0xffffffb8][0x11][0xffffff8c][0xffffffde][0xffffff86][0xffffffd1][0xffffffd9]0[0xfffffffa][0x1a]FWC[0xfffffff2][0xffffff94][0xffffffde][0xffffff9b][0xe][0xffffff88][0xffffffe3][0xffffffe1][0xfffffff4][0xfffffff1][0xffffffbd]`[0xffffffc5][0x18][0xffffffc3][0xffffffb0][0xe]q[0x4]~[0x4]0[0x2]7[0x2];[0xffffff82][0x14][0xffffff80][0xffffffc6][0xe][0xffffffe8][0x11][0xffffffa4][0x0][0xffffffb4][0xffffffef][0xffffff80][0x1c][0xffffff80][0xf]#[0xffffffc8][0xffffff9e]B[0x7][0xfffffffc][0x8]`[0x4]n[0x4]v[0x4]f[0x4]z[0x4]j[0x4]r[0x0][0x10]F[0xffffff90]=u[0x1d][0xffffffc8][0xffffff9e][0xffffffda][0xe][0xffffffc0][0x8][0xffffffdc][0x8][0xffffffb2][0xffffffa7][0xffffffdd][0xb][0x4]f[0x4][0xffffffd9][0xffffffd3][0xffffffae][0xffffffec]!{[0xffffffda][0x15][0x5][0xffffffc8][0x1][0xffffffb8]0[0x2][0x1c][0xffffff81][0x1f]A[0xfffffff6]Tv[0xffffffc0]1[0xffffffe8][0xffffffbb][0xffffffda][0x1f][0xffffffef][0xfffffff3]y[0xffffffdb][0xfffffff5][0xffffffb2]%[0xffffffd9][0xffffffff][0xffffffa7][0xffffff97][0xffffffe5][0xffffff85][0xffffff97][0xffffffe5][0xfffffff9][0xfffffffa][0xffffffb9]=[0xffffffcf][0xffffffc5]b[0xffffff9d]6v[0xffffffb6][0xfffffffc]c[0xffffffd6]'*[0xffffffeb][0xffffff9f]@[0xffffffdf]ye4[0xfffffff3][0xffffffa4][0xffffffc7][0xffffffb2][0xfffffffe]A[0xfffffffa]`[0x5][0xffffffcf]8[0xffffffc9][0xffffffb1],[0x7f]<[0xffffffbd][0x12][0xffffff8a]4D[0xffffffe5][0xffffffb2][0xffffff97]{[0xffffffd4][0xffffff9d][\n]"
08:17:37.328 [main] DEBUG org.apache.hc.client5.http.wire - http-outgoing-21 << "[0xffffffa7][0x17][0xffffffbc]S{J[0xffffffd7]m[0xffffffe8]5[0xffffffef][0xffffffc4][0x1e]2[0xfffffff5]7R[0xffffffcf]U[\n]"
08:17:37.328 [main] DEBUG org.apache.hc.client5.http.wire - http-outgoing-21 << "[0xffffffbd][0xffffffd0][0xffffffa3][0xffffff83]*v[0xffffffbd][0xffffffce]S[0xffffff9a][0xffffffb1][0xffffffed]e^[0x8][0xffffff95][0xffffff9a]^[0xffffffe4][0xffffff91]2(T[0xfffffff7][0x12]O)^[0xffffffac]z[0xffffff85][0xffffff97][0xffffffc4]S[0xffffffc1][0xffffffb2][0x17]xX[0x3][0xffffffc7][0xffffffd0][0xffffffcb];[0xffffff80]Jq[0xffffffd0]v[0xffffff85][0xfffffffa]^[0xffffffd9][0xffffff91][0xffffff94]-[0x14]z][0xffffffd7]RD][0xffffffe1]F[0xffffffd7][0x15]h;Y[0xffffff87][0xffffffd5]1[0xffffffea][0xe]7[0xffffffa2][0xffffffae]@}[0xffffffab][0xffffffe9][\n]"
08:17:37.328 [main] DEBUG org.apache.hc.client5.http.wire - http-outgoing-21 << "T[0xffffff9d][0xffffffa4]s|[0xffffffbe][0xffffffec][0x14][0x1d][0xffffffbb]J[0xffffffdd][0xffffffe2]F[0xffffffcf][0x15][0xffffff88][0xffffff83][0xffffff9c]+[0xffffffd4]wj[0xffffffce]3[0xffffff84]N[0xffffffcb]a=[0xffffff9e][0xffffffda][0xffffffc7]*[0xffffffe5][0xffffffd8]{j![0xffffffab][0xffffff92][0xffffffa3][0x4]Wj:%[0x7][0xffffffbc][0xffffffa9][0xffffffee][0xffffff84][0x1c][0xffffffd6][0xb][0xffffffa7]~[0xffffffb2][0xffffffea][0xffffffb8]vY[0xffffffd4]TV[0x1d][0xffffff87][0xfffffff5]b[0xffffffa9][0xffffffb1][0xffffffac]2[0xffffff8e]+[0xffffff9a][0xffffff9a]K[0xffffffa7][0xffffffe2]T[\r][0xffffff95]:L/[0xffffffe2][0xffffffea]Y[0xffffffd4]fV[\r][0xffffffe7]yW[0xffffffd7]I8.ej7[0xffffffab][0xffffff80]k[0xffffffc5]I=[0xffffffa7][0x13]p[0xfffffffc][0xffffffaa]Q[0xffffffe3][0xffffffe9][0xfffffff4][;[0xffffffab][0xffffffea][0xffffffae]l[0xffffffb8][0xffffffd0][0x1b]Uu[0x15][0xffffffa3][0xffffff8a][0xffffffae]bT[0xffffffcd]U[0xffffff8c]*[0xffffffb9][0xffffff8a]Q[0x15]W1[0xffffffaa][0xffffffe0]*F[0xffffffd5][[0xffffffc5]PE`[0x15]Cv[0xffffff86]M[0x1e][0xffffffb0][0xffffffc7]6y`[0xffffffea]96y[0xffffffa0]k2,[0x14][0xffffffe3]F[0xffffffa1][0x1d]v[0xffffffe7]%[0xffffffb5][0xffffffa4][0xffffffe9][0xffffff97][0xfffffffd][0xffffffcb][0xffffffdc]5[0xffffffb5][0xffffffb7][0xffffffcb]L[0xffffffe0]?[0xffffffbb][0xffffffda]~[0xfffffffe]6[0x1f][0xffffffd3][0xffffffae][0xffffffe2][0xffffff8d]w[0xffffffc8]-n>=~\6[0xffffff8d]=[0xffffffa6]M6[0xffffffd7]e9^6[0xffffff9f][0xfffffff3][0xffffff97][0xffffffda][0xffffffe5][0x1e][0x12]][0xffffff87]P[0xffffff85][0xffffffd4][0xffffffea][0x15]V[0xffffffca]#[0xffffffa8][0xfffffff2][0xffffffa4][0xffffff90])[0xffffff93][0xffffff85][0xfffffff2][0x0][0xffffffaa][0xffffffbc][0xffffffce][0xffffff85]\([0xffffff8f][0xffffff9f][\n]"
08:17:37.328 [main] DEBUG org.apache.hc.client5.http.wire - http-outgoing-21 << "@[0xffffffa5][0xfffffff1][0xffffffb0]P[0x1e]>[0xffffff95][0xffffffa3][0xfffffffa][0xffffffa0][0xffffffec]e[0xffffffda]FO[0xffffffe5][0x14][\n]"
08:17:37.329 [main] DEBUG org.apache.hc.client5.http.wire - http-outgoing-21 << "_Ok[0xffffff83][0xffffffa7][0xffffffb2]@[0xfffffffb]B[0xffffffa5]<v[0xffffff92]`O[0x1f][0xffffffe5][0x2]y[0xffffffe6]T[0xffffffc6][0xffffffa7]O`[0xffffffa5]<q[0xffffffd2][0xfffffff0]h[0xffffffa8][0xffffff83]U[0xffffffca][0xfffffff3][0xffffffa6][0xffffffd2][0xfffffff4][0xffffffa6]z[0xffffffde][0xffffff81][0xffffffa7]M[0x1a][0xf]l[0xb][0xffffffa2][0xffffff8d][0xffffff9a]JS[0xffffffe1][0xffffff92]|/"
08:17:37.329 [main] DEBUG org.apache.hc.client5.http.wire - http-outgoing-21 << "[0xffffff94][0x7]M[0xffffffa5][0xffffff95]\[0xfffffff7][0xffffffe5]1[0xffffff93][0x14][0xffffffaf]K[0xffffffc3]N[0xffffffa2]<dR[0xffffffeb]O[0xffffff8d][0xffffffa2][0xffffffb0]:b[0xffffffaa][0x14]]M[0xc][0xffffffcf][0xffffff97][0x14][0xffffff9a]n[0xffffffac]N[0xffffff97][0x14][0xffffff83]m[0xffffffac][0xffffffce][0xffffff96][0xffffffe4]U;[0xffffff99]'[0xffffffcb]@=[0xffffffc6][0xffffffa8][0xffffff82][0xffffffea]T[0x19]([0xfffffff5][0xffffffa6][0xffffffae][0xffffffaa]#e[0xffffff90][0xffffffeb][0x1]u[0xffffff9c][0xffffffc4][0xffffffd4][0xffffffe9][0xffffffea][0xffffff83]u[0xffffff94]D[\n]"
08:17:37.329 [main] DEBUG org.apache.hc.client5.http.wire - http-outgoing-21 << "[0xffffffac][0x10][0x1e]#[0xffffffd3][0xffffff8d][0xffffff97][0xffffff8b][0xffffffe1][0x11][0xffffffd2]Sn[0xffffffeb]c<?[0x2][0xffffff84]z%<;[0x2][0xffffff95][0x4][0xffffff94]\[0xfffffff0][0xffffffe0][0xffffffe8]R[0xffffff82][0xffffffeb][0xffffffaa]:5[0xffffffba][0xffffffac]82[0xffffffe1][0xffffff89][0xffffff91]Z[0xffffff83][0xffffffab][0xffffffe7]Q[0xfffffff7]*[0xffffffdd]3[0xffffffb0]O<@[0xffffffd2]w[0xffffffb6]^U[0x1b][0x1e])b[0xffffffaa][0xffffffbb][0xffffffcc][0xffffffda][0xffffffe4][0xffffff98]j[0xffffffb6][0xffffff90]:5j[0xffffffcf][0xffffffa5][0xffffffc3][0x3][0xffffffa3]6[0xffffff8d][0xffffffd4]a1[0xffffffb5][0xffffffc5]J[0xffffffea][0xffffff9c][0xffffffa8][0xc][\r][0xffffffd2][0x5]Y[0x1b][0xffffffdf][0xffffffcf][0xfffffff3][0xffffffe3][0xffffffe1]t[0xffffffb9]n[0xffffff8f][0xffffffc7]y_[0xffffffa0][0xffffff8e][0xffffff90][0xffffffbe][0xffffffec][0xffffffa6][0xffffffd4][0xffffff89]U[0xffffff91]Z[0x18][0xffffffe8]P[0xffffffc2][0xffffffb7]2R[0xffffff9f][0xffffffa4][0xffffffaf]][0xffffffb9][0xf][0xffffff83][0xffffff91]^,kB1uj:t[0xffffffd3]XjDS1[0xffffffa5]K[0xffffffa6][0xffffff9e][0xfffffff4][0xf][0x3][0x1][0xffffffec][0xffffffa6][0xffffffeb][0x12][0x0][0x0]"
08:17:37.330 [main] DEBUG org.apache.hc.client5.http.impl.classic.InternalHttpClient - ep-0000001E: releasing valid endpoint
08:17:37.330 [main] DEBUG org.apache.hc.client5.http.impl.io.PoolingHttpClientConnectionManager - ep-0000001E: releasing endpoint
08:17:37.330 [main] DEBUG org.apache.hc.client5.http.impl.io.PoolingHttpClientConnectionManager - ep-0000001E: connection http-outgoing-21 can be kept alive for 3 MINUTES
08:17:37.330 [main] DEBUG org.apache.hc.client5.http.impl.io.PoolingHttpClientConnectionManager - ep-0000001E: connection released [route: {s}->https://raw.githubusercontent.com:443][total available: 1; route allocated: 1 of 5; total allocated: 2 of 25]
08:17:37.330 [main] DEBUG io.github.bonigarcia.wdm.versions.VersionDetector - Driver for chrome117 not found in online properties (using local versions.properties)
08:17:37.330 [main] DEBUG io.github.bonigarcia.wdm.WebDriverManager - The driver version for CHROME 117 is unknown ... trying with latest
08:17:37.334 [main] DEBUG org.apache.hc.client5.http.impl.classic.InternalHttpClient - ex-00000020: preparing request execution
08:17:37.334 [main] DEBUG org.apache.hc.client5.http.protocol.RequestAddCookies - Cookie spec selected: strict
08:17:37.334 [main] DEBUG org.apache.hc.client5.http.protocol.RequestAuthCache - Auth cache not set in the context
08:17:37.334 [main] DEBUG org.apache.hc.client5.http.impl.classic.ProtocolExec - ex-00000020: target auth state: UNCHALLENGED
08:17:37.334 [main] DEBUG org.apache.hc.client5.http.impl.classic.ProtocolExec - ex-00000020: proxy auth state: UNCHALLENGED
08:17:37.334 [main] DEBUG org.apache.hc.client5.http.impl.classic.ConnectExec - ex-00000020: acquiring connection with route {s}->https://chromedriver.storage.googleapis.com:443
08:17:37.334 [main] DEBUG org.apache.hc.client5.http.impl.classic.InternalHttpClient - ex-00000020: acquiring endpoint (3 MINUTES)
08:17:37.334 [main] DEBUG org.apache.hc.client5.http.impl.io.PoolingHttpClientConnectionManager - ex-00000020: endpoint lease request (3 MINUTES) [route: {s}->https://chromedriver.storage.googleapis.com:443][total available: 1; route allocated: 1 of 5; total allocated: 2 of 25]
08:17:37.334 [main] DEBUG org.apache.hc.client5.http.impl.io.PoolingHttpClientConnectionManager - ex-00000020: endpoint leased [route: {s}->https://chromedriver.storage.googleapis.com:443][total available: 1; route allocated: 2 of 5; total allocated: 3 of 25]
08:17:37.334 [main] DEBUG org.apache.hc.client5.http.impl.io.PoolingHttpClientConnectionManager - ex-00000020: acquired ep-0000001F
08:17:37.334 [main] DEBUG org.apache.hc.client5.http.impl.classic.InternalHttpClient - ex-00000020: acquired endpoint ep-0000001F
08:17:37.334 [main] DEBUG org.apache.hc.client5.http.impl.classic.ConnectExec - ex-00000020: opening connection {s}->https://chromedriver.storage.googleapis.com:443
08:17:37.334 [main] DEBUG org.apache.hc.client5.http.impl.classic.InternalHttpClient - ep-0000001F: connecting endpoint (30 SECONDS)
08:17:37.334 [main] DEBUG org.apache.hc.client5.http.impl.io.PoolingHttpClientConnectionManager - ep-0000001F: connecting endpoint to https://chromedriver.storage.googleapis.com:443 (30 SECONDS)
08:17:37.335 [main] DEBUG org.apache.hc.client5.http.impl.io.DefaultHttpClientConnectionOperator - http-outgoing-23: connecting to chromedriver.storage.googleapis.com/34.101.5.27:443
08:17:37.335 [main] DEBUG org.apache.hc.client5.http.ssl.SSLConnectionSocketFactory - Connecting socket to chromedriver.storage.googleapis.com/34.101.5.27:443 with timeout 30 SECONDS
08:17:37.350 [main] DEBUG org.apache.hc.client5.http.ssl.SSLConnectionSocketFactory - Enabled protocols: [TLSv1.3, TLSv1.2]
08:17:37.350 [main] DEBUG org.apache.hc.client5.http.ssl.SSLConnectionSocketFactory - Enabled cipher suites: [TLS_AES_256_GCM_SHA384, TLS_AES_128_GCM_SHA256, TLS_CHACHA20_POLY1305_SHA256, TLS_ECDHE_ECDSA_WITH_AES_256_GCM_SHA384, TLS_ECDHE_ECDSA_WITH_AES_128_GCM_SHA256, TLS_ECDHE_ECDSA_WITH_CHACHA20_POLY1305_SHA256, TLS_ECDHE_RSA_WITH_AES_256_GCM_SHA384, TLS_ECDHE_RSA_WITH_CHACHA20_POLY1305_SHA256, TLS_ECDHE_RSA_WITH_AES_128_GCM_SHA256, TLS_DHE_RSA_WITH_AES_256_GCM_SHA384, TLS_DHE_RSA_WITH_CHACHA20_POLY1305_SHA256, TLS_DHE_DSS_WITH_AES_256_GCM_SHA384, TLS_DHE_RSA_WITH_AES_128_GCM_SHA256, TLS_DHE_DSS_WITH_AES_128_GCM_SHA256, TLS_ECDHE_ECDSA_WITH_AES_256_CBC_SHA384, TLS_ECDHE_RSA_WITH_AES_256_CBC_SHA384, TLS_ECDHE_ECDSA_WITH_AES_128_CBC_SHA256, TLS_ECDHE_RSA_WITH_AES_128_CBC_SHA256, TLS_DHE_RSA_WITH_AES_256_CBC_SHA256, TLS_DHE_DSS_WITH_AES_256_CBC_SHA256, TLS_DHE_RSA_WITH_AES_128_CBC_SHA256, TLS_DHE_DSS_WITH_AES_128_CBC_SHA256, TLS_ECDH_ECDSA_WITH_AES_256_GCM_SHA384, TLS_ECDH_RSA_WITH_AES_256_GCM_SHA384, TLS_ECDH_ECDSA_WITH_AES_128_GCM_SHA256, TLS_ECDH_RSA_WITH_AES_128_GCM_SHA256, TLS_ECDH_ECDSA_WITH_AES_256_CBC_SHA384, TLS_ECDH_RSA_WITH_AES_256_CBC_SHA384, TLS_ECDH_ECDSA_WITH_AES_128_CBC_SHA256, TLS_ECDH_RSA_WITH_AES_128_CBC_SHA256, TLS_ECDHE_ECDSA_WITH_AES_256_CBC_SHA, TLS_ECDHE_RSA_WITH_AES_256_CBC_SHA, TLS_ECDHE_ECDSA_WITH_AES_128_CBC_SHA, TLS_ECDHE_RSA_WITH_AES_128_CBC_SHA, TLS_DHE_RSA_WITH_AES_256_CBC_SHA, TLS_DHE_DSS_WITH_AES_256_CBC_SHA, TLS_DHE_RSA_WITH_AES_128_CBC_SHA, TLS_DHE_DSS_WITH_AES_128_CBC_SHA, TLS_ECDH_ECDSA_WITH_AES_256_CBC_SHA, TLS_ECDH_RSA_WITH_AES_256_CBC_SHA, TLS_ECDH_ECDSA_WITH_AES_128_CBC_SHA, TLS_ECDH_RSA_WITH_AES_128_CBC_SHA, TLS_RSA_WITH_AES_256_GCM_SHA384, TLS_RSA_WITH_AES_128_GCM_SHA256, TLS_RSA_WITH_AES_256_CBC_SHA256, TLS_RSA_WITH_AES_128_CBC_SHA256, TLS_RSA_WITH_AES_256_CBC_SHA, TLS_RSA_WITH_AES_128_CBC_SHA, TLS_EMPTY_RENEGOTIATION_INFO_SCSV]
08:17:37.350 [main] DEBUG org.apache.hc.client5.http.ssl.SSLConnectionSocketFactory - Starting handshake
08:17:37.389 [main] DEBUG org.apache.hc.client5.http.ssl.SSLConnectionSocketFactory - Secure session established
08:17:37.389 [main] DEBUG org.apache.hc.client5.http.ssl.SSLConnectionSocketFactory -  negotiated protocol: TLSv1.3
08:17:37.389 [main] DEBUG org.apache.hc.client5.http.ssl.SSLConnectionSocketFactory -  negotiated cipher suite: TLS_AES_256_GCM_SHA384
08:17:37.389 [main] DEBUG org.apache.hc.client5.http.ssl.SSLConnectionSocketFactory -  peer principal: CN=*.storage.googleapis.com
08:17:37.389 [main] DEBUG org.apache.hc.client5.http.ssl.SSLConnectionSocketFactory -  peer alternative names: [*.storage.googleapis.com, *.googleapis.com, commondatastorage.googleapis.com, *.commondatastorage.googleapis.com, storage.googleapis.com, storage-p2.googleapis.com, *.storage-p2.googleapis.com, storage.mtls.googleapis.com, *.appspot.com.storage.googleapis.com, *.content-storage.googleapis.com, *.content-storage-p2.googleapis.com, *.content-storage-upload.googleapis.com, *.content-storage-download.googleapis.com, *.storage-upload.googleapis.com, *.storage-download.googleapis.com]
08:17:37.389 [main] DEBUG org.apache.hc.client5.http.ssl.SSLConnectionSocketFactory -  issuer principal: CN=GTS CA 1C3, O=Google Trust Services LLC, C=US
08:17:37.389 [main] DEBUG org.apache.hc.client5.http.impl.io.DefaultHttpClientConnectionOperator - http-outgoing-23: connection established 192.168.100.42:64466<->34.101.5.27:443
08:17:37.389 [main] DEBUG org.apache.hc.client5.http.impl.io.PoolingHttpClientConnectionManager - ep-0000001F: connected http-outgoing-23
08:17:37.389 [main] DEBUG org.apache.hc.client5.http.impl.classic.InternalHttpClient - ep-0000001F: endpoint connected
08:17:37.389 [main] DEBUG org.apache.hc.client5.http.impl.classic.MainClientExec - ex-00000020: executing GET /LATEST_RELEASE HTTP/1.1
08:17:37.389 [main] DEBUG org.apache.hc.client5.http.impl.classic.InternalHttpClient - ep-0000001F: start execution ex-00000020
08:17:37.389 [main] DEBUG org.apache.hc.client5.http.impl.io.PoolingHttpClientConnectionManager - ep-0000001F: executing exchange ex-00000020 over http-outgoing-23
08:17:37.389 [main] DEBUG org.apache.hc.client5.http.headers - http-outgoing-23 >> GET /LATEST_RELEASE HTTP/1.1
08:17:37.389 [main] DEBUG org.apache.hc.client5.http.headers - http-outgoing-23 >> user-agent: Apache-HttpClient/5.0
08:17:37.389 [main] DEBUG org.apache.hc.client5.http.headers - http-outgoing-23 >> accept-encoding: gzip, deflate, br
08:17:37.389 [main] DEBUG org.apache.hc.client5.http.headers - http-outgoing-23 >> cache-control: max-age=0
08:17:37.389 [main] DEBUG org.apache.hc.client5.http.headers - http-outgoing-23 >> connection: keep-alive
08:17:37.389 [main] DEBUG org.apache.hc.client5.http.headers - http-outgoing-23 >> Host: chromedriver.storage.googleapis.com
08:17:37.390 [main] DEBUG org.apache.hc.client5.http.wire - http-outgoing-23 >> "GET /LATEST_RELEASE HTTP/1.1[\r][\n]"
08:17:37.390 [main] DEBUG org.apache.hc.client5.http.wire - http-outgoing-23 >> "user-agent: Apache-HttpClient/5.0[\r][\n]"
08:17:37.390 [main] DEBUG org.apache.hc.client5.http.wire - http-outgoing-23 >> "accept-encoding: gzip, deflate, br[\r][\n]"
08:17:37.390 [main] DEBUG org.apache.hc.client5.http.wire - http-outgoing-23 >> "cache-control: max-age=0[\r][\n]"
08:17:37.390 [main] DEBUG org.apache.hc.client5.http.wire - http-outgoing-23 >> "connection: keep-alive[\r][\n]"
08:17:37.390 [main] DEBUG org.apache.hc.client5.http.wire - http-outgoing-23 >> "Host: chromedriver.storage.googleapis.com[\r][\n]"
08:17:37.390 [main] DEBUG org.apache.hc.client5.http.wire - http-outgoing-23 >> "[\r][\n]"
08:17:37.416 [main] DEBUG org.apache.hc.client5.http.wire - http-outgoing-23 << "HTTP/1.1 200 OK[\r][\n]"
08:17:37.416 [main] DEBUG org.apache.hc.client5.http.wire - http-outgoing-23 << "X-GUploader-UploadID: ADPycdtlv5hyKNxkNAPoXZam3m80ckJ0H-Ebjpx_73hqg_-MuXohMxIalbpmUb0_5biLUD8lFSrTzvfL6YS-efZL0_eYGq5S2akq[\r][\n]"
08:17:37.416 [main] DEBUG org.apache.hc.client5.http.wire - http-outgoing-23 << "x-goog-generation: 1685523462105569[\r][\n]"
08:17:37.416 [main] DEBUG org.apache.hc.client5.http.wire - http-outgoing-23 << "x-goog-metageneration: 1[\r][\n]"
08:17:37.416 [main] DEBUG org.apache.hc.client5.http.wire - http-outgoing-23 << "x-goog-stored-content-encoding: identity[\r][\n]"
08:17:37.416 [main] DEBUG org.apache.hc.client5.http.wire - http-outgoing-23 << "x-goog-stored-content-length: 13[\r][\n]"
08:17:37.416 [main] DEBUG org.apache.hc.client5.http.wire - http-outgoing-23 << "x-goog-hash: crc32c=tVW4TA==[\r][\n]"
08:17:37.416 [main] DEBUG org.apache.hc.client5.http.wire - http-outgoing-23 << "x-goog-hash: md5=NoaEuIlBlniwTkiZ1T16sA==[\r][\n]"
08:17:37.416 [main] DEBUG org.apache.hc.client5.http.wire - http-outgoing-23 << "x-goog-storage-class: STANDARD[\r][\n]"
08:17:37.416 [main] DEBUG org.apache.hc.client5.http.wire - http-outgoing-23 << "Accept-Ranges: bytes[\r][\n]"
08:17:37.416 [main] DEBUG org.apache.hc.client5.http.wire - http-outgoing-23 << "Content-Length: 13[\r][\n]"
08:17:37.416 [main] DEBUG org.apache.hc.client5.http.wire - http-outgoing-23 << "Server: UploadServer[\r][\n]"
08:17:37.416 [main] DEBUG org.apache.hc.client5.http.wire - http-outgoing-23 << "Date: Fri, 06 Oct 2023 01:08:29 GMT[\r][\n]"
08:17:37.416 [main] DEBUG org.apache.hc.client5.http.wire - http-outgoing-23 << "Expires: Fri, 06 Oct 2023 02:08:29 GMT[\r][\n]"
08:17:37.416 [main] DEBUG org.apache.hc.client5.http.wire - http-outgoing-23 << "Cache-Control: public, max-age=3600[\r][\n]"
08:17:37.416 [main] DEBUG org.apache.hc.client5.http.wire - http-outgoing-23 << "Age: 550[\r][\n]"
08:17:37.416 [main] DEBUG org.apache.hc.client5.http.wire - http-outgoing-23 << "Last-Modified: Wed, 31 May 2023 08:57:42 GMT[\r][\n]"
08:17:37.416 [main] DEBUG org.apache.hc.client5.http.wire - http-outgoing-23 << "ETag: "368684b889419678b04e4899d53d7ab0"[\r][\n]"
08:17:37.416 [main] DEBUG org.apache.hc.client5.http.wire - http-outgoing-23 << "Content-Type: text/plain[\r][\n]"
08:17:37.416 [main] DEBUG org.apache.hc.client5.http.wire - http-outgoing-23 << "Alt-Svc: h3=":443"; ma=2592000,h3-29=":443"; ma=2592000[\r][\n]"
08:17:37.416 [main] DEBUG org.apache.hc.client5.http.wire - http-outgoing-23 << "[\r][\n]"
08:17:37.416 [main] DEBUG org.apache.hc.client5.http.wire - http-outgoing-23 << "114.0.5735.90"
08:17:37.416 [main] DEBUG org.apache.hc.client5.http.headers - http-outgoing-23 << HTTP/1.1 200 OK
08:17:37.416 [main] DEBUG org.apache.hc.client5.http.headers - http-outgoing-23 << X-GUploader-UploadID: ADPycdtlv5hyKNxkNAPoXZam3m80ckJ0H-Ebjpx_73hqg_-MuXohMxIalbpmUb0_5biLUD8lFSrTzvfL6YS-efZL0_eYGq5S2akq
08:17:37.416 [main] DEBUG org.apache.hc.client5.http.headers - http-outgoing-23 << x-goog-generation: 1685523462105569
08:17:37.416 [main] DEBUG org.apache.hc.client5.http.headers - http-outgoing-23 << x-goog-metageneration: 1
08:17:37.416 [main] DEBUG org.apache.hc.client5.http.headers - http-outgoing-23 << x-goog-stored-content-encoding: identity
08:17:37.416 [main] DEBUG org.apache.hc.client5.http.headers - http-outgoing-23 << x-goog-stored-content-length: 13
08:17:37.416 [main] DEBUG org.apache.hc.client5.http.headers - http-outgoing-23 << x-goog-hash: crc32c=tVW4TA==
08:17:37.416 [main] DEBUG org.apache.hc.client5.http.headers - http-outgoing-23 << x-goog-hash: md5=NoaEuIlBlniwTkiZ1T16sA==
08:17:37.416 [main] DEBUG org.apache.hc.client5.http.headers - http-outgoing-23 << x-goog-storage-class: STANDARD
08:17:37.416 [main] DEBUG org.apache.hc.client5.http.headers - http-outgoing-23 << Accept-Ranges: bytes
08:17:37.416 [main] DEBUG org.apache.hc.client5.http.headers - http-outgoing-23 << Content-Length: 13
08:17:37.417 [main] DEBUG org.apache.hc.client5.http.headers - http-outgoing-23 << Server: UploadServer
08:17:37.417 [main] DEBUG org.apache.hc.client5.http.headers - http-outgoing-23 << Date: Fri, 06 Oct 2023 01:08:29 GMT
08:17:37.417 [main] DEBUG org.apache.hc.client5.http.headers - http-outgoing-23 << Expires: Fri, 06 Oct 2023 02:08:29 GMT
08:17:37.417 [main] DEBUG org.apache.hc.client5.http.headers - http-outgoing-23 << Cache-Control: public, max-age=3600
08:17:37.417 [main] DEBUG org.apache.hc.client5.http.headers - http-outgoing-23 << Age: 550
08:17:37.417 [main] DEBUG org.apache.hc.client5.http.headers - http-outgoing-23 << Last-Modified: Wed, 31 May 2023 08:57:42 GMT
08:17:37.417 [main] DEBUG org.apache.hc.client5.http.headers - http-outgoing-23 << ETag: "368684b889419678b04e4899d53d7ab0"
08:17:37.417 [main] DEBUG org.apache.hc.client5.http.headers - http-outgoing-23 << Content-Type: text/plain
08:17:37.417 [main] DEBUG org.apache.hc.client5.http.headers - http-outgoing-23 << Alt-Svc: h3=":443"; ma=2592000,h3-29=":443"; ma=2592000
08:17:37.417 [main] DEBUG org.apache.hc.client5.http.impl.classic.MainClientExec - ex-00000020: connection can be kept alive for 3 MINUTES
08:17:37.417 [main] DEBUG org.apache.hc.client5.http.impl.classic.InternalHttpClient - ep-0000001F: releasing valid endpoint
08:17:37.417 [main] DEBUG org.apache.hc.client5.http.impl.io.PoolingHttpClientConnectionManager - ep-0000001F: releasing endpoint
08:17:37.417 [main] DEBUG org.apache.hc.client5.http.impl.io.PoolingHttpClientConnectionManager - ep-0000001F: connection http-outgoing-23 can be kept alive for 3 MINUTES
08:17:37.417 [main] DEBUG org.apache.hc.client5.http.impl.io.PoolingHttpClientConnectionManager - ep-0000001F: connection released [route: {s}->https://chromedriver.storage.googleapis.com:443][total available: 2; route allocated: 2 of 5; total allocated: 3 of 25]
08:17:37.417 [main] DEBUG io.github.bonigarcia.wdm.versions.VersionDetector - Latest version of chromedriver according to https://chromedriver.storage.googleapis.com/LATEST_RELEASE is 114.0.5735.90
08:17:37.419 [main] DEBUG io.github.bonigarcia.wdm.WebDriverManager - Driver chromedriver 114.0.5735.90 found in cache
08:17:37.420 [main] INFO io.github.bonigarcia.wdm.WebDriverManager - Exporting webdriver.chrome.driver as C:\Users\Bagas Dwi Saputra\.cache\selenium\chromedriver\win32\114.0.5735.90\chromedriver.exe
08:17:37.525 [main] DEBUG net.thucydides.core.reflection.ClassFinder - Could not load class net.serenitybdd.rest.utils.RestSpecificationFactory
08:17:37.627 [main] DEBUG net.thucydides.core.reflection.ClassFinder - Could not load class net.serenitybdd.rest.utils.RestSpecificationFactory
08:17:37.628 [main] INFO net.serenitybdd.core.webdriver.driverproviders.ProvideNewDriver - Instantiating driver
08:17:37.628 [main] INFO net.serenitybdd.core.webdriver.driverproviders.ProvideNewDriver - Driver capabilities: Capabilities {acceptInsecureCerts: false, base.url: https://app.jubelio.com, browserName: chrome, chrome.driver: src/test/resources/webdrive..., driver: chrome, goog:chromeOptions: {args: [], extensions: []}, loggingPrefs: org.openqa.selenium.logging...}
08:17:38.501 [main] DEBUG net.thucydides.core.reflection.ClassFinder - Could not load class net.serenitybdd.rest.utils.RestSpecificationFactory
08:17:40.448 [main] DEBUG net.serenitybdd.core.photography.Darkroom - Send negative for processing for target\site\serenity\4cc97b387fb82cfc136ff103deed3ff15904afea0e81e8a8130786ef5a9430f4.png
08:17:40.449 [main] DEBUG net.thucydides.core.steps.StepInterceptor - STEP DONE: openLink
08:17:40.451 [main] DEBUG net.thucydides.core.steps.StepInterceptor - STARTING STEP: LoginSteps.fillsInTheWithValidDataEmail - fills in the {string} with valid data email
08:17:40.730 [main] DEBUG net.serenitybdd.core.photography.Darkroom - Send negative for processing for target\site\serenity\53aa409ff0fe0f29d78dc4e2ae24b7fa8e8aedefcbf9682a0733dd30c1cca555.png
08:17:40.730 [main] DEBUG net.thucydides.core.steps.StepInterceptor - STEP DONE: fills in the {string} with valid data email
  &amp#27;[32mGiven &amp#27;[0m&amp#27;[32mfills in the &amp#27;[0m&amp#27;[32m&amp#27;[1m"qa.rakamin.jubelio@gmail"&amp#27;[0m&amp#27;[32m with valid data email&amp#27;[0m &amp#27;[90m# starter.stepdefinitios.LoginSteps.fillsInTheWithValidDataEmail(java.lang.String)&amp#27;[0m
08:17:40.731 [Darkroom Processing Line] DEBUG net.serenitybdd.core.photography.DarkroomProcessingLine - Processing screenshot image in /var/screenshots/screenshot-2054819896029640076
08:17:40.731 [Darkroom Processing Line] DEBUG net.serenitybdd.core.photography.DarkroomProcessingLine - Saving screenshot to target\site\serenity\53aa409ff0fe0f29d78dc4e2ae24b7fa8e8aedefcbf9682a0733dd30c1cca555.png
08:17:41.362 [main] DEBUG net.serenitybdd.core.photography.Darkroom - Send negative for processing for target\site\serenity\c4f0704577733de09401d10b7d86c2a1aa6298d6445f9b4f27418749a57b9dc2.png
08:17:41.362 [main] DEBUG net.thucydides.core.steps.StepInterceptor - STARTING STEP: LoginSteps.fillInTheWithValidDataPass - fill in the {string} with valid data pass
08:17:41.362 [Darkroom Processing Line] DEBUG net.serenitybdd.core.photography.DarkroomProcessingLine - Processing screenshot image in /var/screenshots/screenshot-9798601101946949508
08:17:41.362 [Darkroom Processing Line] DEBUG net.serenitybdd.core.photography.DarkroomProcessingLine - Saving screenshot to target\site\serenity\c4f0704577733de09401d10b7d86c2a1aa6298d6445f9b4f27418749a57b9dc2.png
08:17:41.672 [main] DEBUG net.serenitybdd.core.photography.Darkroom - Send negative for processing for target\site\serenity\d5e5d19ebd741e745376cffbae8b8d14a9ff7e3ecc661b505e59846a45982218.png
08:17:41.672 [main] DEBUG net.thucydides.core.steps.StepInterceptor - STEP DONE: fill in the {string} with valid data pass
  &amp#27;[32mAnd &amp#27;[0m&amp#27;[32mfill in the &amp#27;[0m&amp#27;[32m&amp#27;[1m"Jubelio123!"&amp#27;[0m&amp#27;[32m with valid data pass&amp#27;[0m                  &amp#27;[90m# starter.stepdefinitios.LoginSteps.fillInTheWithValidDataPass(java.lang.String)&amp#27;[0m
08:17:41.672 [Darkroom Processing Line] DEBUG net.serenitybdd.core.photography.DarkroomProcessingLine - Processing screenshot image in /var/screenshots/screenshot-15924506254374561960
08:17:41.672 [Darkroom Processing Line] DEBUG net.serenitybdd.core.photography.DarkroomProcessingLine - Saving screenshot to target\site\serenity\d5e5d19ebd741e745376cffbae8b8d14a9ff7e3ecc661b505e59846a45982218.png
08:17:41.682 [main] DEBUG net.thucydides.core.steps.StepInterceptor - STARTING STEP: LoginSteps.clickTheLoginButton - clickbtnlogin
08:17:41.938 [main] DEBUG net.serenitybdd.core.photography.Darkroom - Send negative for processing for target\site\serenity\24698352dc0142c8d7347541259ff13153ef0fb34152155a05cdc2e6e6630632.png
08:17:41.938 [main] DEBUG net.thucydides.core.steps.StepInterceptor - STEP DONE: clickbtnlogin
08:17:41.939 [Darkroom Processing Line] DEBUG net.serenitybdd.core.photography.DarkroomProcessingLine - Processing screenshot image in /var/screenshots/screenshot-6507074108938017788
08:17:41.939 [Darkroom Processing Line] DEBUG net.serenitybdd.core.photography.DarkroomProcessingLine - Saving screenshot to target\site\serenity\24698352dc0142c8d7347541259ff13153ef0fb34152155a05cdc2e6e6630632.png
  &amp#27;[32mWhen &amp#27;[0m&amp#27;[32mclick the login button&amp#27;[0m                                         &amp#27;[90m# starter.stepdefinitios.LoginSteps.clickTheLoginButton()&amp#27;[0m
08:17:42.604 [main] DEBUG net.serenitybdd.core.photography.Darkroom - Send negative for processing for target\site\serenity\d9638233b8b48ef947f7452529efba35be66403dd90f632d7b33f1ac21ade830.png
08:17:42.605 [Darkroom Processing Line] DEBUG net.serenitybdd.core.photography.DarkroomProcessingLine - Processing screenshot image in /var/screenshots/screenshot-6683752434977860450
08:17:42.605 [Darkroom Processing Line] DEBUG net.serenitybdd.core.photography.DarkroomProcessingLine - Saving screenshot to target\site\serenity\d9638233b8b48ef947f7452529efba35be66403dd90f632d7b33f1ac21ade830.png
08:17:42.613 [main] DEBUG net.thucydides.core.steps.StepInterceptor - STARTING STEP: LoginSteps.validatePageHomeOrError - validate page home or error {string}
08:17:42.642 [main] DEBUG net.thucydides.core.steps.StepInterceptor - STEP DONE: validate page home or error {string}
  &amp#27;[32mThen &amp#27;[0m&amp#27;[32mvalidate page home or error &amp#27;[0m&amp#27;[32m&amp#27;[1m"Format Email tidak valid."&amp#27;[0m        &amp#27;[90m# starter.stepdefinitios.LoginSteps.validatePageHomeOrError(java.lang.String)&amp#27;[0m
08:17:42.877 [main] INFO  - 
  _____   ___   ___   _____     ___     _     ___   ___   ___   ___  
 |_   _| | __| / __| |_   _|   | _ \   /_\   / __| / __| | __| |   \ 
   | |   | _|  \__ \   | |     |  _/  / _ \  \__ \ \__ \ | _|  | |) |
   |_|   |___| |___/   |_|     |_|   /_/ \_\ |___/ |___/ |___| |___/ 

Login Account
----------------------------------------------------------------------
]]></system-out>
    <system-err><![CDATA[Starting ChromeDriver 117.0.5938.88 (be6afae4721209be42944bbcd325665f9f44563b-refs/branch-heads/5938_62@{#9}) on port 28476
Only local connections are allowed.
Please see https://chromedriver.chromium.org/security-considerations for suggestions on keeping ChromeDriver safe.
ChromeDriver was started successfully.
Oct 06, 2023 8:17:38 AM org.openqa.selenium.remote.ProtocolHandshake createSession
INFO: Detected dialect: W3C
]]></system-err>
  </testcase>
  <testcase name="Login Account #3" classname="Login Account at app.jubelio" time="7.298">
    <system-out><![CDATA[
@Login
Scenario Outline: Login Account                                           &amp#27;[90m# src/test/resources/features/user/login.feature:13&amp#27;[0m
08:17:42.882 [main] INFO io.cucumber.core.plugin.SerenityReporter - Running feature from file:///D:/QE/Automation/Jubelio-Website/src/test/resources/features/user/login.feature
08:17:43.409 [main] DEBUG net.thucydides.core.steps.StepInterceptor - STARTING STEP: LoginSteps.fillsInTheWithValidDataEmail - openLink
08:17:43.412 [main] INFO net.serenitybdd.core.webdriver.driverproviders.ChromeDriverProvider - Using automatically driver download
08:17:43.433 [main] DEBUG org.apache.hc.client5.http.impl.classic.InternalHttpClient - ex-00000021: preparing request execution
08:17:43.433 [main] DEBUG org.apache.hc.client5.http.protocol.RequestAddCookies - Cookie spec selected: strict
08:17:43.433 [main] DEBUG org.apache.hc.client5.http.protocol.RequestAuthCache - Auth cache not set in the context
08:17:43.433 [main] DEBUG org.apache.hc.client5.http.impl.classic.ProtocolExec - ex-00000021: target auth state: UNCHALLENGED
08:17:43.433 [main] DEBUG org.apache.hc.client5.http.impl.classic.ProtocolExec - ex-00000021: proxy auth state: UNCHALLENGED
08:17:43.433 [main] DEBUG org.apache.hc.client5.http.impl.classic.ConnectExec - ex-00000021: acquiring connection with route {s}->https://raw.githubusercontent.com:443
08:17:43.433 [main] DEBUG org.apache.hc.client5.http.impl.classic.InternalHttpClient - ex-00000021: acquiring endpoint (3 MINUTES)
08:17:43.433 [main] DEBUG org.apache.hc.client5.http.impl.io.PoolingHttpClientConnectionManager - ex-00000021: endpoint lease request (3 MINUTES) [route: {s}->https://raw.githubusercontent.com:443][total available: 0; route allocated: 0 of 5; total allocated: 0 of 25]
08:17:43.433 [main] DEBUG org.apache.hc.client5.http.impl.io.PoolingHttpClientConnectionManager - ex-00000021: endpoint leased [route: {s}->https://raw.githubusercontent.com:443][total available: 0; route allocated: 1 of 5; total allocated: 1 of 25]
08:17:43.434 [main] DEBUG org.apache.hc.client5.http.impl.io.PoolingHttpClientConnectionManager - ex-00000021: acquired ep-00000020
08:17:43.434 [main] DEBUG org.apache.hc.client5.http.impl.classic.InternalHttpClient - ex-00000021: acquired endpoint ep-00000020
08:17:43.434 [main] DEBUG org.apache.hc.client5.http.impl.classic.ConnectExec - ex-00000021: opening connection {s}->https://raw.githubusercontent.com:443
08:17:43.434 [main] DEBUG org.apache.hc.client5.http.impl.classic.InternalHttpClient - ep-00000020: connecting endpoint (30 SECONDS)
08:17:43.434 [main] DEBUG org.apache.hc.client5.http.impl.io.PoolingHttpClientConnectionManager - ep-00000020: connecting endpoint to https://raw.githubusercontent.com:443 (30 SECONDS)
08:17:43.434 [main] DEBUG org.apache.hc.client5.http.impl.io.DefaultHttpClientConnectionOperator - http-outgoing-24: connecting to raw.githubusercontent.com/185.199.108.133:443
08:17:43.434 [main] DEBUG org.apache.hc.client5.http.ssl.SSLConnectionSocketFactory - Connecting socket to raw.githubusercontent.com/185.199.108.133:443 with timeout 30 SECONDS
08:17:43.465 [main] DEBUG org.apache.hc.client5.http.ssl.SSLConnectionSocketFactory - Enabled protocols: [TLSv1.3, TLSv1.2]
08:17:43.465 [main] DEBUG org.apache.hc.client5.http.ssl.SSLConnectionSocketFactory - Enabled cipher suites: [TLS_AES_256_GCM_SHA384, TLS_AES_128_GCM_SHA256, TLS_CHACHA20_POLY1305_SHA256, TLS_ECDHE_ECDSA_WITH_AES_256_GCM_SHA384, TLS_ECDHE_ECDSA_WITH_AES_128_GCM_SHA256, TLS_ECDHE_ECDSA_WITH_CHACHA20_POLY1305_SHA256, TLS_ECDHE_RSA_WITH_AES_256_GCM_SHA384, TLS_ECDHE_RSA_WITH_CHACHA20_POLY1305_SHA256, TLS_ECDHE_RSA_WITH_AES_128_GCM_SHA256, TLS_DHE_RSA_WITH_AES_256_GCM_SHA384, TLS_DHE_RSA_WITH_CHACHA20_POLY1305_SHA256, TLS_DHE_DSS_WITH_AES_256_GCM_SHA384, TLS_DHE_RSA_WITH_AES_128_GCM_SHA256, TLS_DHE_DSS_WITH_AES_128_GCM_SHA256, TLS_ECDHE_ECDSA_WITH_AES_256_CBC_SHA384, TLS_ECDHE_RSA_WITH_AES_256_CBC_SHA384, TLS_ECDHE_ECDSA_WITH_AES_128_CBC_SHA256, TLS_ECDHE_RSA_WITH_AES_128_CBC_SHA256, TLS_DHE_RSA_WITH_AES_256_CBC_SHA256, TLS_DHE_DSS_WITH_AES_256_CBC_SHA256, TLS_DHE_RSA_WITH_AES_128_CBC_SHA256, TLS_DHE_DSS_WITH_AES_128_CBC_SHA256, TLS_ECDH_ECDSA_WITH_AES_256_GCM_SHA384, TLS_ECDH_RSA_WITH_AES_256_GCM_SHA384, TLS_ECDH_ECDSA_WITH_AES_128_GCM_SHA256, TLS_ECDH_RSA_WITH_AES_128_GCM_SHA256, TLS_ECDH_ECDSA_WITH_AES_256_CBC_SHA384, TLS_ECDH_RSA_WITH_AES_256_CBC_SHA384, TLS_ECDH_ECDSA_WITH_AES_128_CBC_SHA256, TLS_ECDH_RSA_WITH_AES_128_CBC_SHA256, TLS_ECDHE_ECDSA_WITH_AES_256_CBC_SHA, TLS_ECDHE_RSA_WITH_AES_256_CBC_SHA, TLS_ECDHE_ECDSA_WITH_AES_128_CBC_SHA, TLS_ECDHE_RSA_WITH_AES_128_CBC_SHA, TLS_DHE_RSA_WITH_AES_256_CBC_SHA, TLS_DHE_DSS_WITH_AES_256_CBC_SHA, TLS_DHE_RSA_WITH_AES_128_CBC_SHA, TLS_DHE_DSS_WITH_AES_128_CBC_SHA, TLS_ECDH_ECDSA_WITH_AES_256_CBC_SHA, TLS_ECDH_RSA_WITH_AES_256_CBC_SHA, TLS_ECDH_ECDSA_WITH_AES_128_CBC_SHA, TLS_ECDH_RSA_WITH_AES_128_CBC_SHA, TLS_RSA_WITH_AES_256_GCM_SHA384, TLS_RSA_WITH_AES_128_GCM_SHA256, TLS_RSA_WITH_AES_256_CBC_SHA256, TLS_RSA_WITH_AES_128_CBC_SHA256, TLS_RSA_WITH_AES_256_CBC_SHA, TLS_RSA_WITH_AES_128_CBC_SHA, TLS_EMPTY_RENEGOTIATION_INFO_SCSV]
08:17:43.465 [main] DEBUG org.apache.hc.client5.http.ssl.SSLConnectionSocketFactory - Starting handshake
08:17:43.508 [main] DEBUG org.apache.hc.client5.http.ssl.SSLConnectionSocketFactory - Secure session established
08:17:43.508 [main] DEBUG org.apache.hc.client5.http.ssl.SSLConnectionSocketFactory -  negotiated protocol: TLSv1.3
08:17:43.508 [main] DEBUG org.apache.hc.client5.http.ssl.SSLConnectionSocketFactory -  negotiated cipher suite: TLS_AES_256_GCM_SHA384
08:17:43.508 [main] DEBUG org.apache.hc.client5.http.ssl.SSLConnectionSocketFactory -  peer principal: CN=*.github.io, O="GitHub, Inc.", L=San Francisco, ST=California, C=US
08:17:43.508 [main] DEBUG org.apache.hc.client5.http.ssl.SSLConnectionSocketFactory -  peer alternative names: [*.github.io, github.io, *.github.com, github.com, www.github.com, *.githubusercontent.com, githubusercontent.com]
08:17:43.508 [main] DEBUG org.apache.hc.client5.http.ssl.SSLConnectionSocketFactory -  issuer principal: CN=DigiCert TLS RSA SHA256 2020 CA1, O=DigiCert Inc, C=US
08:17:43.508 [main] DEBUG org.apache.hc.client5.http.impl.io.DefaultHttpClientConnectionOperator - http-outgoing-24: connection established 192.168.100.42:64517<->185.199.108.133:443
08:17:43.508 [main] DEBUG org.apache.hc.client5.http.impl.io.PoolingHttpClientConnectionManager - ep-00000020: connected http-outgoing-24
08:17:43.508 [main] DEBUG org.apache.hc.client5.http.impl.classic.InternalHttpClient - ep-00000020: endpoint connected
08:17:43.508 [main] DEBUG org.apache.hc.client5.http.impl.classic.MainClientExec - ex-00000021: executing GET /bonigarcia/webdrivermanager/master/src/main/resources/commands.properties HTTP/1.1
08:17:43.508 [main] DEBUG org.apache.hc.client5.http.impl.classic.InternalHttpClient - ep-00000020: start execution ex-00000021
08:17:43.508 [main] DEBUG org.apache.hc.client5.http.impl.io.PoolingHttpClientConnectionManager - ep-00000020: executing exchange ex-00000021 over http-outgoing-24
08:17:43.509 [main] DEBUG org.apache.hc.client5.http.headers - http-outgoing-24 >> GET /bonigarcia/webdrivermanager/master/src/main/resources/commands.properties HTTP/1.1
08:17:43.509 [main] DEBUG org.apache.hc.client5.http.headers - http-outgoing-24 >> user-agent: Apache-HttpClient/5.0
08:17:43.509 [main] DEBUG org.apache.hc.client5.http.headers - http-outgoing-24 >> accept-encoding: gzip, deflate, br
08:17:43.509 [main] DEBUG org.apache.hc.client5.http.headers - http-outgoing-24 >> cache-control: max-age=0
08:17:43.509 [main] DEBUG org.apache.hc.client5.http.headers - http-outgoing-24 >> connection: keep-alive
08:17:43.509 [main] DEBUG org.apache.hc.client5.http.headers - http-outgoing-24 >> Host: raw.githubusercontent.com
08:17:43.509 [main] DEBUG org.apache.hc.client5.http.wire - http-outgoing-24 >> "GET /bonigarcia/webdrivermanager/master/src/main/resources/commands.properties HTTP/1.1[\r][\n]"
08:17:43.509 [main] DEBUG org.apache.hc.client5.http.wire - http-outgoing-24 >> "user-agent: Apache-HttpClient/5.0[\r][\n]"
08:17:43.509 [main] DEBUG org.apache.hc.client5.http.wire - http-outgoing-24 >> "accept-encoding: gzip, deflate, br[\r][\n]"
08:17:43.509 [main] DEBUG org.apache.hc.client5.http.wire - http-outgoing-24 >> "cache-control: max-age=0[\r][\n]"
08:17:43.509 [main] DEBUG org.apache.hc.client5.http.wire - http-outgoing-24 >> "connection: keep-alive[\r][\n]"
08:17:43.509 [main] DEBUG org.apache.hc.client5.http.wire - http-outgoing-24 >> "Host: raw.githubusercontent.com[\r][\n]"
08:17:43.509 [main] DEBUG org.apache.hc.client5.http.wire - http-outgoing-24 >> "[\r][\n]"
08:17:43.547 [main] DEBUG org.apache.hc.client5.http.wire - http-outgoing-24 << "HTTP/1.1 200 OK[\r][\n]"
08:17:43.547 [main] DEBUG org.apache.hc.client5.http.wire - http-outgoing-24 << "Connection: keep-alive[\r][\n]"
08:17:43.547 [main] DEBUG org.apache.hc.client5.http.wire - http-outgoing-24 << "Content-Length: 723[\r][\n]"
08:17:43.547 [main] DEBUG org.apache.hc.client5.http.wire - http-outgoing-24 << "Cache-Control: max-age=300[\r][\n]"
08:17:43.547 [main] DEBUG org.apache.hc.client5.http.wire - http-outgoing-24 << "Content-Security-Policy: default-src 'none'; style-src 'unsafe-inline'; sandbox[\r][\n]"
08:17:43.547 [main] DEBUG org.apache.hc.client5.http.wire - http-outgoing-24 << "Content-Type: text/plain; charset=utf-8[\r][\n]"
08:17:43.547 [main] DEBUG org.apache.hc.client5.http.wire - http-outgoing-24 << "ETag: W/"e82b438271e9e8680c688b0b680efd0bdd22faa6d6f0a32fc1fd8accc486b67e"[\r][\n]"
08:17:43.547 [main] DEBUG org.apache.hc.client5.http.wire - http-outgoing-24 << "Strict-Transport-Security: max-age=31536000[\r][\n]"
08:17:43.547 [main] DEBUG org.apache.hc.client5.http.wire - http-outgoing-24 << "X-Content-Type-Options: nosniff[\r][\n]"
08:17:43.547 [main] DEBUG org.apache.hc.client5.http.wire - http-outgoing-24 << "X-Frame-Options: deny[\r][\n]"
08:17:43.547 [main] DEBUG org.apache.hc.client5.http.wire - http-outgoing-24 << "X-XSS-Protection: 1; mode=block[\r][\n]"
08:17:43.547 [main] DEBUG org.apache.hc.client5.http.wire - http-outgoing-24 << "X-GitHub-Request-Id: 4CA0:B8C7F:70C4E:8CACE:651389F9[\r][\n]"
08:17:43.547 [main] DEBUG org.apache.hc.client5.http.wire - http-outgoing-24 << "Content-Encoding: gzip[\r][\n]"
08:17:43.547 [main] DEBUG org.apache.hc.client5.http.wire - http-outgoing-24 << "Accept-Ranges: bytes[\r][\n]"
08:17:43.547 [main] DEBUG org.apache.hc.client5.http.wire - http-outgoing-24 << "Date: Fri, 06 Oct 2023 01:17:45 GMT[\r][\n]"
08:17:43.547 [main] DEBUG org.apache.hc.client5.http.wire - http-outgoing-24 << "Via: 1.1 varnish[\r][\n]"
08:17:43.547 [main] DEBUG org.apache.hc.client5.http.wire - http-outgoing-24 << "X-Served-By: cache-qpg1236-QPG[\r][\n]"
08:17:43.547 [main] DEBUG org.apache.hc.client5.http.wire - http-outgoing-24 << "X-Cache: HIT[\r][\n]"
08:17:43.548 [main] DEBUG org.apache.hc.client5.http.wire - http-outgoing-24 << "X-Cache-Hits: 4[\r][\n]"
08:17:43.548 [main] DEBUG org.apache.hc.client5.http.wire - http-outgoing-24 << "X-Timer: S1696555066.668350,VS0,VE0[\r][\n]"
08:17:43.548 [main] DEBUG org.apache.hc.client5.http.wire - http-outgoing-24 << "Vary: Authorization,Accept-Encoding,Origin[\r][\n]"
08:17:43.548 [main] DEBUG org.apache.hc.client5.http.wire - http-outgoing-24 << "Access-Control-Allow-Origin: *[\r][\n]"
08:17:43.548 [main] DEBUG org.apache.hc.client5.http.wire - http-outgoing-24 << "Cross-Origin-Resource-Policy: cross-origin[\r][\n]"
08:17:43.548 [main] DEBUG org.apache.hc.client5.http.wire - http-outgoing-24 << "X-Fastly-Request-ID: 2621aa4bc0d6b7c56dab9817869e16762bd7abaf[\r][\n]"
08:17:43.548 [main] DEBUG org.apache.hc.client5.http.wire - http-outgoing-24 << "Expires: Fri, 06 Oct 2023 01:22:45 GMT[\r][\n]"
08:17:43.548 [main] DEBUG org.apache.hc.client5.http.wire - http-outgoing-24 << "Source-Age: 97[\r][\n]"
08:17:43.548 [main] DEBUG org.apache.hc.client5.http.wire - http-outgoing-24 << "[\r][\n]"
08:17:43.548 [main] DEBUG org.apache.hc.client5.http.headers - http-outgoing-24 << HTTP/1.1 200 OK
08:17:43.548 [main] DEBUG org.apache.hc.client5.http.headers - http-outgoing-24 << Connection: keep-alive
08:17:43.548 [main] DEBUG org.apache.hc.client5.http.headers - http-outgoing-24 << Content-Length: 723
08:17:43.548 [main] DEBUG org.apache.hc.client5.http.headers - http-outgoing-24 << Cache-Control: max-age=300
08:17:43.548 [main] DEBUG org.apache.hc.client5.http.headers - http-outgoing-24 << Content-Security-Policy: default-src 'none'; style-src 'unsafe-inline'; sandbox
08:17:43.548 [main] DEBUG org.apache.hc.client5.http.headers - http-outgoing-24 << Content-Type: text/plain; charset=utf-8
08:17:43.548 [main] DEBUG org.apache.hc.client5.http.headers - http-outgoing-24 << ETag: W/"e82b438271e9e8680c688b0b680efd0bdd22faa6d6f0a32fc1fd8accc486b67e"
08:17:43.548 [main] DEBUG org.apache.hc.client5.http.headers - http-outgoing-24 << Strict-Transport-Security: max-age=31536000
08:17:43.548 [main] DEBUG org.apache.hc.client5.http.headers - http-outgoing-24 << X-Content-Type-Options: nosniff
08:17:43.548 [main] DEBUG org.apache.hc.client5.http.headers - http-outgoing-24 << X-Frame-Options: deny
08:17:43.548 [main] DEBUG org.apache.hc.client5.http.headers - http-outgoing-24 << X-XSS-Protection: 1; mode=block
08:17:43.548 [main] DEBUG org.apache.hc.client5.http.headers - http-outgoing-24 << X-GitHub-Request-Id: 4CA0:B8C7F:70C4E:8CACE:651389F9
08:17:43.548 [main] DEBUG org.apache.hc.client5.http.headers - http-outgoing-24 << Content-Encoding: gzip
08:17:43.548 [main] DEBUG org.apache.hc.client5.http.headers - http-outgoing-24 << Accept-Ranges: bytes
08:17:43.548 [main] DEBUG org.apache.hc.client5.http.headers - http-outgoing-24 << Date: Fri, 06 Oct 2023 01:17:45 GMT
08:17:43.548 [main] DEBUG org.apache.hc.client5.http.headers - http-outgoing-24 << Via: 1.1 varnish
08:17:43.548 [main] DEBUG org.apache.hc.client5.http.headers - http-outgoing-24 << X-Served-By: cache-qpg1236-QPG
08:17:43.548 [main] DEBUG org.apache.hc.client5.http.headers - http-outgoing-24 << X-Cache: HIT
08:17:43.548 [main] DEBUG org.apache.hc.client5.http.headers - http-outgoing-24 << X-Cache-Hits: 4
08:17:43.548 [main] DEBUG org.apache.hc.client5.http.headers - http-outgoing-24 << X-Timer: S1696555066.668350,VS0,VE0
08:17:43.548 [main] DEBUG org.apache.hc.client5.http.headers - http-outgoing-24 << Vary: Authorization,Accept-Encoding,Origin
08:17:43.548 [main] DEBUG org.apache.hc.client5.http.headers - http-outgoing-24 << Access-Control-Allow-Origin: *
08:17:43.548 [main] DEBUG org.apache.hc.client5.http.headers - http-outgoing-24 << Cross-Origin-Resource-Policy: cross-origin
08:17:43.548 [main] DEBUG org.apache.hc.client5.http.headers - http-outgoing-24 << X-Fastly-Request-ID: 2621aa4bc0d6b7c56dab9817869e16762bd7abaf
08:17:43.548 [main] DEBUG org.apache.hc.client5.http.headers - http-outgoing-24 << Expires: Fri, 06 Oct 2023 01:22:45 GMT
08:17:43.548 [main] DEBUG org.apache.hc.client5.http.headers - http-outgoing-24 << Source-Age: 97
08:17:43.548 [main] DEBUG org.apache.hc.client5.http.impl.classic.MainClientExec - ex-00000021: connection can be kept alive for 3 MINUTES
08:17:43.549 [main] DEBUG org.apache.hc.client5.http.wire - http-outgoing-24 << "[0x1f][0xffffff8b][0x8][0x0][0x0][0x0][0x0][0x0][0x0][0x3][0xffffffb5]V]o[0xffffffda]0[0x14]}[0xffffffe7]W\[0xffffff81]*[0xffffffb5][0x12][0x1f][[M[0xffffffd3]$[0x1e]hF[0xffffffbb]i [0x18][0xffffffb4][0xffffffdd]&[0xfffffff9][0xffffffc5]$7[0xffffffc1]R[0x12]#;[0xffffff94]v[0xffffffbf]~[0xffffffb6][0xfffffff3]1[0xffffff92][0xffffff9a][0xffffffc1][0x1a]x[0xffffffcb][0xffffffb5][0xffffffaf][0xffffffcf]9[0xffffffbe][0xfffffff7]8v[0xb][0x1c][0x1e]E4[0xfffffff6]$x4[0xffffffa1][0xb]*[0xffffffb1][0xffffffd1][0xffffff82][0xfffffffb]%[0xffffff93][0xffffffe0][0xffffffb3][0x10][0xffffffc1][0xffffffe5]qBY,!Y[0xffffffea] KM8,[0x10][0xfffffff0][0x19][0xffffffdd]u[0xffffff82][0x1e][0xffffffb0][0xffffffd8]L[0xffffffcb]%[0xffffff86][0xffffffa1][0xe][0xffffffb8][0xfffffff0]P[0xffffffe8]$[0xf][0x13]t[0x13]3[0xfffffff9][0xffffff84]B2[0xffffffae][0xffffffe6]|@[0xfffffff5][0x1d][0x8][0xffffffc4][0x18][0x16][0xffffff82]o[0xffffffa4][0xffffff9a]P[0xffffff94][0xffffffe7][0xffffffce]R[0xfffffff0][0x8][0xffffffdb]p[0xffffffcb][0x4][0xfffffffa][0xfffffffc][0xffffffb9][\r][0xffffff93][0x15][\n]"
08:17:43.549 [main] DEBUG org.apache.hc.client5.http.wire - http-outgoing-24 << "[0xffffffda][0xffffff86][0xffffffa1][0x17][0xffffffa8]Q3[0xffffffcb][0xffffffd6][0xffffffd1][0xffffff85][0xffffffc6][0xfffffff7][0xffffff98][0xffffffef][0xffffffa3][0xffffffc0]8[0x1][0xffffffae]s[0x12][0x16][0x7] _d[0xffffff82][0xffffff91][0xffffff84][0xfffffff3][0x1f],[0xfffffff6][0x14]j[0x1b]F,^+[0xffffff98]1ua2[0xffffffbf]h([0xffffff8e][0xffffff94][0xffffffa2][0xffffff91]m[0xffffffa3][0xffffffeb][0xffffff9a][0xffffffb0][0xffffffbb]I[0x17]t[0xffffffdf][0xffffffbd][0xffffffef][0xffffffbb][0xffffff91][0xffffffd7]U[0xffffffbb][0xffffff82][0xffffff9e][0x3][0xffffff9b][0xffffff88][0xffffffb9][0xffffffa6]$[0xffffffa6][0xc][0xffffff9b][0xffffffa5][0xffffffe2][0xffffff83][0xffffff98]F[0xffffffd8]o[0xffffff9e]Mg[0xffffff93][0xffffffbb][0xffffffd9]`|[0xfffffffb]u4[0xffffff9c][0x7f]"}B[0xffffffce][0x8][0xffffffb9][0xffffffe3]<[0x8][0xffffff91][0xffffff90][0xffffff94][0xffffff82][0xffffff90][0xffffffc1]j[0x15]2WI[0xffffffe3]1![0x19][0xffffff91]BnB[0xffffff80][0x9]<f[0xffffffb5][0xffffffe8]=[0xffffffd1]p[0xffffffbd][[0xffffffcf][0xffffffe5][0x1b][0xfffffff4][0xffffff9c][0xffffffff][0xfffffffc][0xfffffff8][0xffffffe1][0xffffffe2][0xffffff94][0xffffffa2][0xffffffae][0xe][0x14]5[0xffffff9a]8[0xffffff83][0xffffffd1]`:[0xfffffffd]<[0xffffffb8][0x1f][0xffffff9c]R[0xffffffcf]u[0x7f]6[0xffffffbc][0xffffff83][0xffffffef][0xf][0xffffffc3][0xffffffd9]/[0xfffffff8][0xfffffff2][0xffffffcd]y s[0xffffffee]'[0x1b]*0g[0xffffffcb][0xffffffc8]nF7H][0xffffff83][0xffffff97]{[0xffffffb1]Q[0x5][\r][0xffffffb5]c[0xffffffb4][0xf][0x2][0xffffffb3][0xffffffb4][0xffffff93][0xe]C[0xffffffa7][0xffffffb3]kAD][0xffffff9d][0xffffffde][0xffffffdb][0xffffffda][0xffffff88][0xffffffec][0xffffffa5][0xffffffbc][0xffffff99][0xffffffd9][0xffffffba]t[0xffffffb5][0xffffffea]9[0xffffffea][0x10])[0xffffffb7][0xffffffca][0xffffff9e][0xfffffff2][0xffffffe2]d^N[0xffffffd8]FW[0x16][0xffffffcd][0xffffffdc]_[0x10][0xfffffff9]i|[0x1c][0xffffff93][0xffffff8e][0xfffffff9]o[0x16][0xffffff86]4'!$G[0xffffffdf]W[0xfffffff4]W*j[[0xfffffff3]xR[0xffffffae][0xffffffb6][0xc][0xffffffd0],; #[0xffffffa9][0xffffff92]5[0xffffffb5][0x7][0xffffff9c][0xffffffb5][0xffffffd0][0x7f][0xffffff90][0xffffffc7]jgs[0xfffffffc][0xffffffc2][0xb][0xffffffd9][0x0]t[0xffffff9e]^'Y[0xfffffffb][0xffffff9f][0xffffffb1][0xffffffd8]:[0xffffffbf][0xffffff8d][0xffffffa5][0xffffff9a][0xffffffad][0x7f]m[0x5]&[0xffffffaa][0xffffffa0]^[0xffffff9b][0xffffffcb][0x5]f[0xffffffae][0xffffffe0]RU[0xffffff82][0x10]MS9l[0xffffff91]4t[0xfffffffb][0xffffff8a]][0xffffffd6][0xfffffff4][0xffffff96][0xffffffa6][0xffffff9f]P[0xffffffce][0xffffffd5][0xffffffce][0xffffff93][0xffffffff][0xffffff97][0xffffffcc]p[0xfffffffd][0xfffffff3][0xffffffe8][0x1b][0xffffffcc][0xffffffa2][0xffffffd9]Q[0xffffffbe][0xffffffb2][0xffffffa3][0xffffffc7]m'[0xffffffdf][0xffffffe4][[0xfffffffb]^[0xffffffb0][0xffffff9a][0xffffffbe][0xffffffda][0xffffffda]_[0xffffffce][0xffffff80][0xffffffd2][0xffffffc1]7[0xffffffb7]][0xffffffc1]b[0xffffffee][0xffffffb5][0xffffffff]w[0xffffff83][0xffffffed][0xffffffa7];[0x15]<[0x10]4[0xffffff92][0xffffff84][0x18][\n]"
08:17:43.549 [main] DEBUG org.apache.hc.client5.http.wire - http-outgoing-24 << "BB[0xffffffba][0xffffff8e]][0xffffffb5]jo[0xffffffb9]+"[0xffffffea][0xffffffb4][0xffffffff]h"[0xffffffea]\?5[0xffffffa9][0xffffffaf]k[0xffffffec][0xffffffff]P[0xffffffea][\n]"
08:17:43.549 [main] DEBUG org.apache.hc.client5.http.wire - http-outgoing-24 << "w[0xffffffe1]K[0x13][0xffffffda][0xffffffec][0xffffff98][0xffffffe6]Y[0xfffffffd]h8m6[0xffffff9c]T[0xffffffc1][0xfffffff2][0xffffffa7][0xffffff91]z_[0xffffff95]o85p[0x1c][0x13][0xffffffe6][0xfffffff0]5[0xffffffee][0xfffffffc][0xffffff92][0xffffff96][0xffffffda][0xfffffff7][0xffffffcf][0xffffffb1][0x5][0x1d][0xffffffea]K[0xffffff9b]9[0xffffff8e][0xffffffad]e[0xfffffff7][0xffffff93][0xffffffa8]`[0xffffffda][0xffffffff][0x1a][0xffffffd2][0xffffff88][0xffffff85][0xfffffffd][0xfffffff2][0xffffff91]N[0xfffffff6]`[0xffffffdf]2[0xffffffcf][0xffffffae]E[0xffffff97][0xffffffc5][0xffffffa2][0xffffff9d][0xffffffef]'[0xffffff9d]mun.[0xffffffd3]f^[0xffffffc7][0xffffff82][0xffffffda][0xffffff82]9[0xfffffff5][0xffffffa9]`[0x5][0xffffffbc]4[0xffffffa1][0x1d]<M[0xffffffb5]A[0xffffffa7]3[[0xffffffc0][0x7f][0x0][0xffffffc1][0xffffffd0]$[0xffffff85][0x1d][\r][0x0][0x0]"
08:17:43.549 [main] DEBUG org.apache.hc.client5.http.impl.classic.InternalHttpClient - ep-00000020: releasing valid endpoint
08:17:43.550 [main] DEBUG org.apache.hc.client5.http.impl.io.PoolingHttpClientConnectionManager - ep-00000020: releasing endpoint
08:17:43.550 [main] DEBUG org.apache.hc.client5.http.impl.io.PoolingHttpClientConnectionManager - ep-00000020: connection http-outgoing-24 can be kept alive for 3 MINUTES
08:17:43.550 [main] DEBUG org.apache.hc.client5.http.impl.io.PoolingHttpClientConnectionManager - ep-00000020: connection released [route: {s}->https://raw.githubusercontent.com:443][total available: 1; route allocated: 1 of 5; total allocated: 1 of 25]
08:17:43.550 [main] DEBUG io.github.bonigarcia.wdm.versions.VersionDetector - Detecting chrome version using online commands.properties
08:17:43.551 [main] DEBUG io.github.bonigarcia.wdm.versions.Shell - Running command on the shell: [cmd.exe, /C, wmic, datafile, where, name="%PROGRAMFILES:\=\\%\\Google\\Chrome\\Application\\chrome.exe", get, Version, /value]
08:17:43.678 [main] DEBUG io.github.bonigarcia.wdm.versions.Shell - Result: Version=117.0.5938.134
08:17:43.681 [main] DEBUG org.apache.hc.client5.http.impl.classic.InternalHttpClient - ex-00000022: preparing request execution
08:17:43.681 [main] DEBUG org.apache.hc.client5.http.protocol.RequestAddCookies - Cookie spec selected: strict
08:17:43.681 [main] DEBUG org.apache.hc.client5.http.protocol.RequestAuthCache - Auth cache not set in the context
08:17:43.681 [main] DEBUG org.apache.hc.client5.http.impl.classic.ProtocolExec - ex-00000022: target auth state: UNCHALLENGED
08:17:43.681 [main] DEBUG org.apache.hc.client5.http.impl.classic.ProtocolExec - ex-00000022: proxy auth state: UNCHALLENGED
08:17:43.681 [main] DEBUG org.apache.hc.client5.http.impl.classic.ConnectExec - ex-00000022: acquiring connection with route {s}->https://chromedriver.storage.googleapis.com:443
08:17:43.681 [main] DEBUG org.apache.hc.client5.http.impl.classic.InternalHttpClient - ex-00000022: acquiring endpoint (3 MINUTES)
08:17:43.681 [main] DEBUG org.apache.hc.client5.http.impl.io.PoolingHttpClientConnectionManager - ex-00000022: endpoint lease request (3 MINUTES) [route: {s}->https://chromedriver.storage.googleapis.com:443][total available: 1; route allocated: 0 of 5; total allocated: 1 of 25]
08:17:43.682 [main] DEBUG org.apache.hc.client5.http.impl.io.PoolingHttpClientConnectionManager - ex-00000022: endpoint leased [route: {s}->https://chromedriver.storage.googleapis.com:443][total available: 1; route allocated: 1 of 5; total allocated: 2 of 25]
08:17:43.682 [main] DEBUG org.apache.hc.client5.http.impl.io.PoolingHttpClientConnectionManager - ex-00000022: acquired ep-00000021
08:17:43.682 [main] DEBUG org.apache.hc.client5.http.impl.classic.InternalHttpClient - ex-00000022: acquired endpoint ep-00000021
08:17:43.682 [main] DEBUG org.apache.hc.client5.http.impl.classic.ConnectExec - ex-00000022: opening connection {s}->https://chromedriver.storage.googleapis.com:443
08:17:43.682 [main] DEBUG org.apache.hc.client5.http.impl.classic.InternalHttpClient - ep-00000021: connecting endpoint (30 SECONDS)
08:17:43.682 [main] DEBUG org.apache.hc.client5.http.impl.io.PoolingHttpClientConnectionManager - ep-00000021: connecting endpoint to https://chromedriver.storage.googleapis.com:443 (30 SECONDS)
08:17:43.682 [main] DEBUG org.apache.hc.client5.http.impl.io.DefaultHttpClientConnectionOperator - http-outgoing-25: connecting to chromedriver.storage.googleapis.com/34.101.5.27:443
08:17:43.682 [main] DEBUG org.apache.hc.client5.http.ssl.SSLConnectionSocketFactory - Connecting socket to chromedriver.storage.googleapis.com/34.101.5.27:443 with timeout 30 SECONDS
08:17:43.689 [main] DEBUG org.apache.hc.client5.http.ssl.SSLConnectionSocketFactory - Enabled protocols: [TLSv1.3, TLSv1.2]
08:17:43.689 [main] DEBUG org.apache.hc.client5.http.ssl.SSLConnectionSocketFactory - Enabled cipher suites: [TLS_AES_256_GCM_SHA384, TLS_AES_128_GCM_SHA256, TLS_CHACHA20_POLY1305_SHA256, TLS_ECDHE_ECDSA_WITH_AES_256_GCM_SHA384, TLS_ECDHE_ECDSA_WITH_AES_128_GCM_SHA256, TLS_ECDHE_ECDSA_WITH_CHACHA20_POLY1305_SHA256, TLS_ECDHE_RSA_WITH_AES_256_GCM_SHA384, TLS_ECDHE_RSA_WITH_CHACHA20_POLY1305_SHA256, TLS_ECDHE_RSA_WITH_AES_128_GCM_SHA256, TLS_DHE_RSA_WITH_AES_256_GCM_SHA384, TLS_DHE_RSA_WITH_CHACHA20_POLY1305_SHA256, TLS_DHE_DSS_WITH_AES_256_GCM_SHA384, TLS_DHE_RSA_WITH_AES_128_GCM_SHA256, TLS_DHE_DSS_WITH_AES_128_GCM_SHA256, TLS_ECDHE_ECDSA_WITH_AES_256_CBC_SHA384, TLS_ECDHE_RSA_WITH_AES_256_CBC_SHA384, TLS_ECDHE_ECDSA_WITH_AES_128_CBC_SHA256, TLS_ECDHE_RSA_WITH_AES_128_CBC_SHA256, TLS_DHE_RSA_WITH_AES_256_CBC_SHA256, TLS_DHE_DSS_WITH_AES_256_CBC_SHA256, TLS_DHE_RSA_WITH_AES_128_CBC_SHA256, TLS_DHE_DSS_WITH_AES_128_CBC_SHA256, TLS_ECDH_ECDSA_WITH_AES_256_GCM_SHA384, TLS_ECDH_RSA_WITH_AES_256_GCM_SHA384, TLS_ECDH_ECDSA_WITH_AES_128_GCM_SHA256, TLS_ECDH_RSA_WITH_AES_128_GCM_SHA256, TLS_ECDH_ECDSA_WITH_AES_256_CBC_SHA384, TLS_ECDH_RSA_WITH_AES_256_CBC_SHA384, TLS_ECDH_ECDSA_WITH_AES_128_CBC_SHA256, TLS_ECDH_RSA_WITH_AES_128_CBC_SHA256, TLS_ECDHE_ECDSA_WITH_AES_256_CBC_SHA, TLS_ECDHE_RSA_WITH_AES_256_CBC_SHA, TLS_ECDHE_ECDSA_WITH_AES_128_CBC_SHA, TLS_ECDHE_RSA_WITH_AES_128_CBC_SHA, TLS_DHE_RSA_WITH_AES_256_CBC_SHA, TLS_DHE_DSS_WITH_AES_256_CBC_SHA, TLS_DHE_RSA_WITH_AES_128_CBC_SHA, TLS_DHE_DSS_WITH_AES_128_CBC_SHA, TLS_ECDH_ECDSA_WITH_AES_256_CBC_SHA, TLS_ECDH_RSA_WITH_AES_256_CBC_SHA, TLS_ECDH_ECDSA_WITH_AES_128_CBC_SHA, TLS_ECDH_RSA_WITH_AES_128_CBC_SHA, TLS_RSA_WITH_AES_256_GCM_SHA384, TLS_RSA_WITH_AES_128_GCM_SHA256, TLS_RSA_WITH_AES_256_CBC_SHA256, TLS_RSA_WITH_AES_128_CBC_SHA256, TLS_RSA_WITH_AES_256_CBC_SHA, TLS_RSA_WITH_AES_128_CBC_SHA, TLS_EMPTY_RENEGOTIATION_INFO_SCSV]
08:17:43.689 [main] DEBUG org.apache.hc.client5.http.ssl.SSLConnectionSocketFactory - Starting handshake
08:17:43.731 [main] DEBUG org.apache.hc.client5.http.ssl.SSLConnectionSocketFactory - Secure session established
08:17:43.731 [main] DEBUG org.apache.hc.client5.http.ssl.SSLConnectionSocketFactory -  negotiated protocol: TLSv1.3
08:17:43.731 [main] DEBUG org.apache.hc.client5.http.ssl.SSLConnectionSocketFactory -  negotiated cipher suite: TLS_AES_256_GCM_SHA384
08:17:43.731 [main] DEBUG org.apache.hc.client5.http.ssl.SSLConnectionSocketFactory -  peer principal: CN=*.storage.googleapis.com
08:17:43.731 [main] DEBUG org.apache.hc.client5.http.ssl.SSLConnectionSocketFactory -  peer alternative names: [*.storage.googleapis.com, *.googleapis.com, commondatastorage.googleapis.com, *.commondatastorage.googleapis.com, storage.googleapis.com, storage-p2.googleapis.com, *.storage-p2.googleapis.com, storage.mtls.googleapis.com, *.appspot.com.storage.googleapis.com, *.content-storage.googleapis.com, *.content-storage-p2.googleapis.com, *.content-storage-upload.googleapis.com, *.content-storage-download.googleapis.com, *.storage-upload.googleapis.com, *.storage-download.googleapis.com]
08:17:43.731 [main] DEBUG org.apache.hc.client5.http.ssl.SSLConnectionSocketFactory -  issuer principal: CN=GTS CA 1C3, O=Google Trust Services LLC, C=US
08:17:43.731 [main] DEBUG org.apache.hc.client5.http.impl.io.DefaultHttpClientConnectionOperator - http-outgoing-25: connection established 192.168.100.42:64518<->34.101.5.27:443
08:17:43.731 [main] DEBUG org.apache.hc.client5.http.impl.io.PoolingHttpClientConnectionManager - ep-00000021: connected http-outgoing-25
08:17:43.731 [main] DEBUG org.apache.hc.client5.http.impl.classic.InternalHttpClient - ep-00000021: endpoint connected
08:17:43.731 [main] DEBUG org.apache.hc.client5.http.impl.classic.MainClientExec - ex-00000022: executing GET /LATEST_RELEASE_117 HTTP/1.1
08:17:43.731 [main] DEBUG org.apache.hc.client5.http.impl.classic.InternalHttpClient - ep-00000021: start execution ex-00000022
08:17:43.731 [main] DEBUG org.apache.hc.client5.http.impl.io.PoolingHttpClientConnectionManager - ep-00000021: executing exchange ex-00000022 over http-outgoing-25
08:17:43.731 [main] DEBUG org.apache.hc.client5.http.headers - http-outgoing-25 >> GET /LATEST_RELEASE_117 HTTP/1.1
08:17:43.731 [main] DEBUG org.apache.hc.client5.http.headers - http-outgoing-25 >> user-agent: Apache-HttpClient/5.0
08:17:43.731 [main] DEBUG org.apache.hc.client5.http.headers - http-outgoing-25 >> accept-encoding: gzip, deflate, br
08:17:43.731 [main] DEBUG org.apache.hc.client5.http.headers - http-outgoing-25 >> cache-control: max-age=0
08:17:43.731 [main] DEBUG org.apache.hc.client5.http.headers - http-outgoing-25 >> connection: keep-alive
08:17:43.731 [main] DEBUG org.apache.hc.client5.http.headers - http-outgoing-25 >> Host: chromedriver.storage.googleapis.com
08:17:43.731 [main] DEBUG org.apache.hc.client5.http.wire - http-outgoing-25 >> "GET /LATEST_RELEASE_117 HTTP/1.1[\r][\n]"
08:17:43.731 [main] DEBUG org.apache.hc.client5.http.wire - http-outgoing-25 >> "user-agent: Apache-HttpClient/5.0[\r][\n]"
08:17:43.731 [main] DEBUG org.apache.hc.client5.http.wire - http-outgoing-25 >> "accept-encoding: gzip, deflate, br[\r][\n]"
08:17:43.731 [main] DEBUG org.apache.hc.client5.http.wire - http-outgoing-25 >> "cache-control: max-age=0[\r][\n]"
08:17:43.731 [main] DEBUG org.apache.hc.client5.http.wire - http-outgoing-25 >> "connection: keep-alive[\r][\n]"
08:17:43.731 [main] DEBUG org.apache.hc.client5.http.wire - http-outgoing-25 >> "Host: chromedriver.storage.googleapis.com[\r][\n]"
08:17:43.731 [main] DEBUG org.apache.hc.client5.http.wire - http-outgoing-25 >> "[\r][\n]"
08:17:43.968 [main] DEBUG org.apache.hc.client5.http.wire - http-outgoing-25 << "HTTP/1.1 404 Not Found[\r][\n]"
08:17:43.968 [main] DEBUG org.apache.hc.client5.http.wire - http-outgoing-25 << "X-GUploader-UploadID: ADPycdtNnp4aUyYdfPT0fqh2opQu86UYfBll_BkclUaNLVOTppJZ4JW-cp0Yi_qhyEcBFFOy6DPgVqAYhYkHX1zSEHJj0aIv0mqr[\r][\n]"
08:17:43.968 [main] DEBUG org.apache.hc.client5.http.wire - http-outgoing-25 << "Content-Type: application/xml; charset=UTF-8[\r][\n]"
08:17:43.968 [main] DEBUG org.apache.hc.client5.http.wire - http-outgoing-25 << "Content-Length: 193[\r][\n]"
08:17:43.968 [main] DEBUG org.apache.hc.client5.http.wire - http-outgoing-25 << "Date: Fri, 06 Oct 2023 01:17:46 GMT[\r][\n]"
08:17:43.968 [main] DEBUG org.apache.hc.client5.http.wire - http-outgoing-25 << "Expires: Fri, 06 Oct 2023 01:17:46 GMT[\r][\n]"
08:17:43.969 [main] DEBUG org.apache.hc.client5.http.wire - http-outgoing-25 << "Cache-Control: private, max-age=0[\r][\n]"
08:17:43.969 [main] DEBUG org.apache.hc.client5.http.wire - http-outgoing-25 << "Server: UploadServer[\r][\n]"
08:17:43.969 [main] DEBUG org.apache.hc.client5.http.wire - http-outgoing-25 << "Alt-Svc: h3=":443"; ma=2592000,h3-29=":443"; ma=2592000[\r][\n]"
08:17:43.969 [main] DEBUG org.apache.hc.client5.http.wire - http-outgoing-25 << "[\r][\n]"
08:17:43.969 [main] DEBUG org.apache.hc.client5.http.wire - http-outgoing-25 << "<?xml version='1.0' encoding='UTF-8'?><Error><Code>NoSuchKey</Code><Message>The specified key does not exist.</Message><Details>No such object: chromedriver/LATEST_RELEASE_117</Details></Error>"
08:17:43.969 [main] DEBUG org.apache.hc.client5.http.headers - http-outgoing-25 << HTTP/1.1 404 Not Found
08:17:43.969 [main] DEBUG org.apache.hc.client5.http.headers - http-outgoing-25 << X-GUploader-UploadID: ADPycdtNnp4aUyYdfPT0fqh2opQu86UYfBll_BkclUaNLVOTppJZ4JW-cp0Yi_qhyEcBFFOy6DPgVqAYhYkHX1zSEHJj0aIv0mqr
08:17:43.969 [main] DEBUG org.apache.hc.client5.http.headers - http-outgoing-25 << Content-Type: application/xml; charset=UTF-8
08:17:43.969 [main] DEBUG org.apache.hc.client5.http.headers - http-outgoing-25 << Content-Length: 193
08:17:43.969 [main] DEBUG org.apache.hc.client5.http.headers - http-outgoing-25 << Date: Fri, 06 Oct 2023 01:17:46 GMT
08:17:43.969 [main] DEBUG org.apache.hc.client5.http.headers - http-outgoing-25 << Expires: Fri, 06 Oct 2023 01:17:46 GMT
08:17:43.969 [main] DEBUG org.apache.hc.client5.http.headers - http-outgoing-25 << Cache-Control: private, max-age=0
08:17:43.969 [main] DEBUG org.apache.hc.client5.http.headers - http-outgoing-25 << Server: UploadServer
08:17:43.969 [main] DEBUG org.apache.hc.client5.http.headers - http-outgoing-25 << Alt-Svc: h3=":443"; ma=2592000,h3-29=":443"; ma=2592000
08:17:43.970 [main] DEBUG org.apache.hc.client5.http.impl.classic.MainClientExec - ex-00000022: connection can be kept alive for 3 MINUTES
08:17:43.970 [main] ERROR io.github.bonigarcia.wdm.online.HttpClient - Error HTTP 404 executing https://chromedriver.storage.googleapis.com/LATEST_RELEASE_117
08:17:43.970 [main] WARN io.github.bonigarcia.wdm.versions.VersionDetector - Exception reading https://chromedriver.storage.googleapis.com/LATEST_RELEASE_117 to get latest version of chromedriver (Error HTTP 404 executing https://chromedriver.storage.googleapis.com/LATEST_RELEASE_117)
08:17:43.971 [main] DEBUG io.github.bonigarcia.wdm.versions.VersionDetector - Getting driver version for chrome117 from online versions.properties
08:17:43.973 [main] DEBUG org.apache.hc.client5.http.impl.classic.InternalHttpClient - ex-00000023: preparing request execution
08:17:43.973 [main] DEBUG org.apache.hc.client5.http.protocol.RequestAddCookies - Cookie spec selected: strict
08:17:43.973 [main] DEBUG org.apache.hc.client5.http.protocol.RequestAuthCache - Auth cache not set in the context
08:17:43.973 [main] DEBUG org.apache.hc.client5.http.impl.classic.ProtocolExec - ex-00000023: target auth state: UNCHALLENGED
08:17:43.973 [main] DEBUG org.apache.hc.client5.http.impl.classic.ProtocolExec - ex-00000023: proxy auth state: UNCHALLENGED
08:17:43.973 [main] DEBUG org.apache.hc.client5.http.impl.classic.ConnectExec - ex-00000023: acquiring connection with route {s}->https://raw.githubusercontent.com:443
08:17:43.973 [main] DEBUG org.apache.hc.client5.http.impl.classic.InternalHttpClient - ex-00000023: acquiring endpoint (3 MINUTES)
08:17:43.973 [main] DEBUG org.apache.hc.client5.http.impl.io.PoolingHttpClientConnectionManager - ex-00000023: endpoint lease request (3 MINUTES) [route: {s}->https://raw.githubusercontent.com:443][total available: 1; route allocated: 1 of 5; total allocated: 2 of 25]
08:17:43.974 [main] DEBUG org.apache.hc.client5.http.impl.io.PoolingHttpClientConnectionManager - ex-00000023: endpoint leased [route: {s}->https://raw.githubusercontent.com:443][total available: 0; route allocated: 1 of 5; total allocated: 2 of 25]
08:17:43.974 [main] DEBUG org.apache.hc.client5.http.impl.io.PoolingHttpClientConnectionManager - ex-00000023: acquired ep-00000022
08:17:43.974 [main] DEBUG org.apache.hc.client5.http.impl.classic.InternalHttpClient - ex-00000023: acquired endpoint ep-00000022
08:17:43.974 [main] DEBUG org.apache.hc.client5.http.impl.classic.MainClientExec - ex-00000023: executing GET /bonigarcia/webdrivermanager/master/src/main/resources/versions.properties HTTP/1.1
08:17:43.974 [main] DEBUG org.apache.hc.client5.http.impl.classic.InternalHttpClient - ep-00000022: start execution ex-00000023
08:17:43.974 [main] DEBUG org.apache.hc.client5.http.impl.io.PoolingHttpClientConnectionManager - ep-00000022: executing exchange ex-00000023 over http-outgoing-24
08:17:43.974 [main] DEBUG org.apache.hc.client5.http.headers - http-outgoing-24 >> GET /bonigarcia/webdrivermanager/master/src/main/resources/versions.properties HTTP/1.1
08:17:43.974 [main] DEBUG org.apache.hc.client5.http.headers - http-outgoing-24 >> user-agent: Apache-HttpClient/5.0
08:17:43.974 [main] DEBUG org.apache.hc.client5.http.headers - http-outgoing-24 >> accept-encoding: gzip, deflate, br
08:17:43.974 [main] DEBUG org.apache.hc.client5.http.headers - http-outgoing-24 >> cache-control: max-age=0
08:17:43.974 [main] DEBUG org.apache.hc.client5.http.headers - http-outgoing-24 >> connection: keep-alive
08:17:43.974 [main] DEBUG org.apache.hc.client5.http.headers - http-outgoing-24 >> Host: raw.githubusercontent.com
08:17:43.974 [main] DEBUG org.apache.hc.client5.http.wire - http-outgoing-24 >> "GET /bonigarcia/webdrivermanager/master/src/main/resources/versions.properties HTTP/1.1[\r][\n]"
08:17:43.974 [main] DEBUG org.apache.hc.client5.http.wire - http-outgoing-24 >> "user-agent: Apache-HttpClient/5.0[\r][\n]"
08:17:43.974 [main] DEBUG org.apache.hc.client5.http.wire - http-outgoing-24 >> "accept-encoding: gzip, deflate, br[\r][\n]"
08:17:43.974 [main] DEBUG org.apache.hc.client5.http.wire - http-outgoing-24 >> "cache-control: max-age=0[\r][\n]"
08:17:43.974 [main] DEBUG org.apache.hc.client5.http.wire - http-outgoing-24 >> "connection: keep-alive[\r][\n]"
08:17:43.974 [main] DEBUG org.apache.hc.client5.http.wire - http-outgoing-24 >> "Host: raw.githubusercontent.com[\r][\n]"
08:17:43.974 [main] DEBUG org.apache.hc.client5.http.wire - http-outgoing-24 >> "[\r][\n]"
08:17:44.007 [main] DEBUG org.apache.hc.client5.http.wire - http-outgoing-24 << "HTTP/1.1 200 OK[\r][\n]"
08:17:44.007 [main] DEBUG org.apache.hc.client5.http.wire - http-outgoing-24 << "Connection: keep-alive[\r][\n]"
08:17:44.007 [main] DEBUG org.apache.hc.client5.http.wire - http-outgoing-24 << "Content-Length: 1625[\r][\n]"
08:17:44.007 [main] DEBUG org.apache.hc.client5.http.wire - http-outgoing-24 << "Cache-Control: max-age=300[\r][\n]"
08:17:44.007 [main] DEBUG org.apache.hc.client5.http.wire - http-outgoing-24 << "Content-Security-Policy: default-src 'none'; style-src 'unsafe-inline'; sandbox[\r][\n]"
08:17:44.008 [main] DEBUG org.apache.hc.client5.http.wire - http-outgoing-24 << "Content-Type: text/plain; charset=utf-8[\r][\n]"
08:17:44.008 [main] DEBUG org.apache.hc.client5.http.wire - http-outgoing-24 << "ETag: W/"51a99ebb5fa30c7285d42b08929913814dd238f6403d61fccadee50390eab957"[\r][\n]"
08:17:44.008 [main] DEBUG org.apache.hc.client5.http.wire - http-outgoing-24 << "Strict-Transport-Security: max-age=31536000[\r][\n]"
08:17:44.008 [main] DEBUG org.apache.hc.client5.http.wire - http-outgoing-24 << "X-Content-Type-Options: nosniff[\r][\n]"
08:17:44.008 [main] DEBUG org.apache.hc.client5.http.wire - http-outgoing-24 << "X-Frame-Options: deny[\r][\n]"
08:17:44.008 [main] DEBUG org.apache.hc.client5.http.wire - http-outgoing-24 << "X-XSS-Protection: 1; mode=block[\r][\n]"
08:17:44.008 [main] DEBUG org.apache.hc.client5.http.wire - http-outgoing-24 << "X-GitHub-Request-Id: ADC8:C8321:F9E48:13930E:651E6E7C[\r][\n]"
08:17:44.008 [main] DEBUG org.apache.hc.client5.http.wire - http-outgoing-24 << "Content-Encoding: gzip[\r][\n]"
08:17:44.008 [main] DEBUG org.apache.hc.client5.http.wire - http-outgoing-24 << "Accept-Ranges: bytes[\r][\n]"
08:17:44.008 [main] DEBUG org.apache.hc.client5.http.wire - http-outgoing-24 << "Date: Fri, 06 Oct 2023 01:17:46 GMT[\r][\n]"
08:17:44.008 [main] DEBUG org.apache.hc.client5.http.wire - http-outgoing-24 << "Via: 1.1 varnish[\r][\n]"
08:17:44.008 [main] DEBUG org.apache.hc.client5.http.wire - http-outgoing-24 << "X-Served-By: cache-qpg1236-QPG[\r][\n]"
08:17:44.008 [main] DEBUG org.apache.hc.client5.http.wire - http-outgoing-24 << "X-Cache: HIT[\r][\n]"
08:17:44.008 [main] DEBUG org.apache.hc.client5.http.wire - http-outgoing-24 << "X-Cache-Hits: 2[\r][\n]"
08:17:44.008 [main] DEBUG org.apache.hc.client5.http.wire - http-outgoing-24 << "X-Timer: S1696555066.134262,VS0,VE0[\r][\n]"
08:17:44.008 [main] DEBUG org.apache.hc.client5.http.wire - http-outgoing-24 << "Vary: Authorization,Accept-Encoding,Origin[\r][\n]"
08:17:44.008 [main] DEBUG org.apache.hc.client5.http.wire - http-outgoing-24 << "Access-Control-Allow-Origin: *[\r][\n]"
08:17:44.008 [main] DEBUG org.apache.hc.client5.http.wire - http-outgoing-24 << "Cross-Origin-Resource-Policy: cross-origin[\r][\n]"
08:17:44.008 [main] DEBUG org.apache.hc.client5.http.wire - http-outgoing-24 << "X-Fastly-Request-ID: 8f5999dc005edc113426dbab5bc704655564bc68[\r][\n]"
08:17:44.008 [main] DEBUG org.apache.hc.client5.http.wire - http-outgoing-24 << "Expires: Fri, 06 Oct 2023 01:22:46 GMT[\r][\n]"
08:17:44.008 [main] DEBUG org.apache.hc.client5.http.wire - http-outgoing-24 << "Source-Age: 124[\r][\n]"
08:17:44.008 [main] DEBUG org.apache.hc.client5.http.wire - http-outgoing-24 << "[\r][\n]"
08:17:44.009 [main] DEBUG org.apache.hc.client5.http.headers - http-outgoing-24 << HTTP/1.1 200 OK
08:17:44.009 [main] DEBUG org.apache.hc.client5.http.headers - http-outgoing-24 << Connection: keep-alive
08:17:44.009 [main] DEBUG org.apache.hc.client5.http.headers - http-outgoing-24 << Content-Length: 1625
08:17:44.009 [main] DEBUG org.apache.hc.client5.http.headers - http-outgoing-24 << Cache-Control: max-age=300
08:17:44.009 [main] DEBUG org.apache.hc.client5.http.headers - http-outgoing-24 << Content-Security-Policy: default-src 'none'; style-src 'unsafe-inline'; sandbox
08:17:44.009 [main] DEBUG org.apache.hc.client5.http.headers - http-outgoing-24 << Content-Type: text/plain; charset=utf-8
08:17:44.009 [main] DEBUG org.apache.hc.client5.http.headers - http-outgoing-24 << ETag: W/"51a99ebb5fa30c7285d42b08929913814dd238f6403d61fccadee50390eab957"
08:17:44.009 [main] DEBUG org.apache.hc.client5.http.headers - http-outgoing-24 << Strict-Transport-Security: max-age=31536000
08:17:44.009 [main] DEBUG org.apache.hc.client5.http.headers - http-outgoing-24 << X-Content-Type-Options: nosniff
08:17:44.009 [main] DEBUG org.apache.hc.client5.http.headers - http-outgoing-24 << X-Frame-Options: deny
08:17:44.009 [main] DEBUG org.apache.hc.client5.http.headers - http-outgoing-24 << X-XSS-Protection: 1; mode=block
08:17:44.009 [main] DEBUG org.apache.hc.client5.http.headers - http-outgoing-24 << X-GitHub-Request-Id: ADC8:C8321:F9E48:13930E:651E6E7C
08:17:44.009 [main] DEBUG org.apache.hc.client5.http.headers - http-outgoing-24 << Content-Encoding: gzip
08:17:44.009 [main] DEBUG org.apache.hc.client5.http.headers - http-outgoing-24 << Accept-Ranges: bytes
08:17:44.009 [main] DEBUG org.apache.hc.client5.http.headers - http-outgoing-24 << Date: Fri, 06 Oct 2023 01:17:46 GMT
08:17:44.009 [main] DEBUG org.apache.hc.client5.http.headers - http-outgoing-24 << Via: 1.1 varnish
08:17:44.009 [main] DEBUG org.apache.hc.client5.http.headers - http-outgoing-24 << X-Served-By: cache-qpg1236-QPG
08:17:44.009 [main] DEBUG org.apache.hc.client5.http.headers - http-outgoing-24 << X-Cache: HIT
08:17:44.009 [main] DEBUG org.apache.hc.client5.http.headers - http-outgoing-24 << X-Cache-Hits: 2
08:17:44.009 [main] DEBUG org.apache.hc.client5.http.headers - http-outgoing-24 << X-Timer: S1696555066.134262,VS0,VE0
08:17:44.009 [main] DEBUG org.apache.hc.client5.http.headers - http-outgoing-24 << Vary: Authorization,Accept-Encoding,Origin
08:17:44.009 [main] DEBUG org.apache.hc.client5.http.headers - http-outgoing-24 << Access-Control-Allow-Origin: *
08:17:44.009 [main] DEBUG org.apache.hc.client5.http.headers - http-outgoing-24 << Cross-Origin-Resource-Policy: cross-origin
08:17:44.009 [main] DEBUG org.apache.hc.client5.http.headers - http-outgoing-24 << X-Fastly-Request-ID: 8f5999dc005edc113426dbab5bc704655564bc68
08:17:44.009 [main] DEBUG org.apache.hc.client5.http.headers - http-outgoing-24 << Expires: Fri, 06 Oct 2023 01:22:46 GMT
08:17:44.009 [main] DEBUG org.apache.hc.client5.http.headers - http-outgoing-24 << Source-Age: 124
08:17:44.010 [main] DEBUG org.apache.hc.client5.http.impl.classic.MainClientExec - ex-00000023: connection can be kept alive for 3 MINUTES
08:17:44.011 [main] DEBUG org.apache.hc.client5.http.wire - http-outgoing-24 << "[0x1f][0xffffff8b][0x8][0x0][0x0][0x0][0x0][0x0][0x0][0x3][0xffffff8d][0xffffff97]Ko#7[0xc][0xffffffc7][0xffffffef][0xfffffff9][0x14][0x3][0xfffffff4][0x1c]YO[0xffffff8a][\n]"
08:17:44.011 [main] DEBUG org.apache.hc.client5.http.wire - http-outgoing-24 << "[0xffffffa0]K[0xffffff9f][0xffffffa7][0xffffffa2][0xffffff87][0xfffffff6][0xb]x[0xffffffed]Ib[0xffffffac][0xffffffe3][0x9]lg[0xffffffb3][0xffffffe8][0xffffffa7]/[0xfffffff5][0xffffffa0]F[0xffffff96][[0xffffffa0][0xffffff87]`[0xffffff97]?k$[0xffffff92][0xffffffe2]p[0xfffffffe][0xfffffffc]a[0xfffffffa][0xffffffeb][0xfffffff5]p[0xffffff99][0xffffff9e][0xf][0xffffffc7]y[0xffffffda]-[0xffffffa7][0xffffffeb][0xfffffff6]p[0xffffffba]L[0xffffffd7][0xffffffd7]y[0xfffffffa]zZ>O[0xffffffd3][0xfffffffe]|[0xfffffff8]6[0xffffff9f]'[0xfffffffa][0xffffffbb][0x1c][0x16][0xfffffffa]e[0xffffffb7][0xffffffbc][0xffffffbd]o[0xffffffaf][0xffffff87]/[0xffffffb4][0xfffffffa][0xfffffff3]p}[0xffffffcd]+w[0xffffffcb][0xfffffff9]<_[0xffffffde][0xffffff97][0xffffffd3][0xfffffffe]pz[0xffffff99][0xffffffbe][0xffffff9c][0xffffff97][0xffffffcf][0xffffffcb][0xfffffffa][0xffffffc8][0xffffffc3][0xffffffc3][0xf][0xffffffd3][0xffffff8f][0x5]=M[0xffffffbf]-[0xffffffcb][0xb]=[0xfffffff9][0xffffffd3][0xffffffeb]yy[0xffffff9b][0xffffffa7][0xffffffed]i_[0xfffffffe]{[0xfffffff8]x[0xffffff9b][0x1e][0xffffffa7][0xffffff9f][0xfffffff3]QO[0xffffffd3].[0xffffffff]Z[0xe][0xffffffa6][0xffffff87][0xffffffff]\>[0xffffffce][0xffffffbb][0xfffffff9]iz[0xffffffbd]^[0xffffffdf][0xffffff9f]6[0xffffff9b][0xfffffffe]W[0xffffffb1][0xffffffab]O[0xffffff8b][0xffffffe5][0xfffffffc][0xffffffb2][0xffffffd9][0xffffff93][0xffffffbf][0xffffffc7]e[0xffffffbb][0xffffffbf]<[0xffffff94]5J[0xffffffd9]H[0x7f]B[\n]"
08:17:44.011 [main] DEBUG org.apache.hc.client5.http.wire - http-outgoing-24 << "[0xffffffe7][0xffffff8d][0x13]A6n[0xffffff88][0xffffff9b][0xffffffc4][0xffffffc1]k[0x1][0xffffffa6]qM\g[0xffffffae][0xffffff9c][0xffffffb0][0xffffffa1]qE\%[0xffffffee][0xffffffc0][0x8][0xffffffb0][0xffffff8d]K[0xffffffe2]2q[0xffffff8b]Jx[0xffffffcf]\[0xffffff86]H[0x7f][0xffffff99][0xffffffd3][0xfffffff1][0xffffffbe][0xffffffad][0xffffff97]H[0x1c][0x13]7.[0x8][0xffffffaf][0x1a][0xfffffff7][0xffffffc4]}[0xffffffe6][0xffffffd2][\n]"
08:17:44.011 [main] DEBUG org.apache.hc.client5.http.wire - http-outgoing-24 << "[0xffffffd0][0xffffff8d][0x3]qH\[0xffffffdb] `][0xffffffef][0xffffff88][0xffffffbb][0xffffffc4]Up[0xfffffff4]c[0xffffffe3][0x14][0xffffffaf][0xffffffcc][0xfffffff1][0xffffffa6]0|[0xfffffff3]_R[0xffffffbc]2[0xffffffc7]+A[\n]"
08:17:44.011 [main] DEBUG org.apache.hc.client5.http.wire - http-outgoing-24 << "eV[0xffffff87](`[0xffffff99][0x3][0xffffff96][0xffffffb4]_w[0x0][0x5],S[0xffffffc0]68%[0xffffffec][0xffffffca])`[0xffffff99][0x2][0xffffffb6][0x18]@[0x0]'4[0xffffff84][0x18]B[0xffffffa6][0xffffffd6][0xffffffd2][0xffffffd9]L1[0xffffff86][0x14][0xffffffac][0xfffffff5][0xe][0x5][0x1d][0xffffffc3][0xffffffd8][0xffffffc7][0xffffff90]b[0xffffffb5][0x10][0xfffffff4][0xffffff9a][0xffffff83][0x0]1@[0xffffffa6]`[0xffffff85]uL][0xc].S[0xffffff83][0x2]8[0xffffff9e]`c[0xffffffb0][0xffffff99]Rr[0xffffffe8]"[0x19][0xffffff9b][0x18]R[0xffffff90][0xffffffd6]y[0xffffffbf]^j[0xffffffd0]1[0xffffffe8]L[0xffffffe9]J)[0xffffffcb][0xffffff8c]U[0xc]9@K[0x15]@[0xffffffb1]2[0xffffff96]1[0xffffffe4][0xfffffff8][0xffffffac][0xffffff91]Bs[0xffffff9e]0D[0xffffffcc][0xfffffff1][0x19][0xfffffffa]G[0xfffffff3][0xffffffce][0xffffff88][0x11]s|F[[0x11][0xffffff80][0xffffffa9][0xffffff8f][0xffffff98][0xffffffc3][0xffffffd3]([0x5]"S[0xffffff88][0xffffff98][0xffffffc3][0xffffffd3][0xffffff96][0xfffffff6][0xffffffe5]T[0xffffffa0][0xffffff8b][0xffffff98][0xffffffc3]Sh[0x4][0xffffffb2]kh#[0xffffffe6][0xfffffff0][0xffffff94][0xfffffff5][0xffffffc2]p[0xffffff8e][0xffffffd1]D[0xffffffcc][0xffffffd1][0xffffffa5][0xffffff9b]4[0xffffff9c][\n]"
08:17:44.012 [main] DEBUG org.apache.hc.client5.http.wire - http-outgoing-24 << "T[0x11]s[0x18][0xffffff92]2[0xffffffaf]L;NFLa[0xffffff98]@[0xffffffbe]P[0x9]U[0xffffffec]C[0xfffffff4]!c[0xffffffeb][0xffffff84]i[0x14][0xffffffa3][0xffffffc7]L[0xffffffa9]v[0xffffffa8][0xffffffae][0x18][0xfffffffb][0xffffffe8]S [0x6][0xffffff81][0xffffffde][0x5]v[0xffffffc3]C[0xfffffff4][0xffffff90])[0x15][0xffffffb8][0xffffffd2]m[0xf][0x17]}[0xffffff8a][0xffffffc4]xO[0x5][0xffffffb6][0xffffffae][0xffffffb6][0xffffffd1][0xffffffdb][0xffffff8c]5[0xffffffd5]/C[0x13]}[0xffffff8a][0xffffffc4][0x0][0x5][0x4][0xffffffec][0xffffffb2][0xffffffd7]Q[0xffffffd3][0xffffff8d][0xffffffb2][0xffffffa5]n,[0xffffff99],v[0xc]B[0xffffffb2][0xfffffff8]n[0x0][0xffffff93][0xffffffc5][0x19][0x5][0xffffff9f],[0xffffffbe]M[0xffffff80]d[0xffffffb1]3[0xffffffe0][0xffffffc8]j)[0x2][0xffffff9b],[0xffffffce]9[0xffffff98]d[0xfffffff1]y[0xffffff90]|1[0xffffffed][0xffffffbc][0xffffffe4]K{g [0xfffffff9]b[0xffffffcc]MW[0xfffffffb]}[0xfffffff9][0xfffffffb]p<n[0xffffffa7]_[0xf][0xffffffe7][0xfffffff9]y[0xfffffff9][0xffffffde][0xffffffb5][0xffffffb2][0xffffff97]y[0xfffffff7]u[0xfffffff9][0xffffffd7]Nv[0xffffffa1]V[0xfffffff6]B[\r][0xfffffff4][0xffffffe3][0xffffff8b][0xffffffa0][0xffffff96][0xffffffba]y+[l[0xffffffba][0x7]6[0xffffffe7][0xfffffff9]8o/[0xfffffff3][0xffffffe5][0xffffffe1][0xffffffb9][0xffffffec][0xffffffab][0x14]FJ[0x1b][0xffffffe5]n%[0xfffffffe][0xffffff8e][0xffffffc0][0x1d]qw[0xffffffc4][0xffffffde][0x11]sG[0xfffffff4][0x1d]QwD&[0xffffffa2][0xffffff85]n[0xffffff84]:_&[0xffffffeb][0x1a][0xffffff89]w[0xffffffc4][0xffffffdf][0x11][0xffffffb8]#[0xffffffee][0xffffff8e]d[0xffffff9f]UO[0xffffffcc][0x1d][0xffffffd1]wD[0xffffffdd][0x11]9[0xffffff90][0x10]F[0xffffff80]#[0xfffffff0]#[0xffffff80][0x11][0xffffffb8][0x11][0xffffff8c][0xffffffde][0xffffff86][0xffffffd1][0xffffffd9]0[0xfffffffa][0x1a]FWC[0xfffffff2][0xffffff94][0xffffffde][0xffffff9b][0xe][0xffffff88][0xffffffe3][0xffffffe1][0xfffffff4][0xfffffff1][0xffffffbd]`[0xffffffc5][0x18][0xffffffc3][0xffffffb0][0xe]q[0x4]~[0x4]0[0x2]7[0x2];[0xffffff82][0x14][0xffffff80][0xffffffc6][0xe][0xffffffe8][0x11][0xffffffa4][0x0][0xffffffb4][0xffffffef][0xffffff80][0x1c][0xffffff80][0xf]#[0xffffffc8][0xffffff9e]B[0x7][0xfffffffc][0x8]`[0x4]n[0x4]v[0x4]f[0x4]z[0x4]j[0x4]r[0x0][0x10]F[0xffffff90]=u[0x1d][0xffffffc8][0xffffff9e][0xffffffda][0xe][0xffffffc0][0x8][0xffffffdc][0x8][0xffffffb2][0xffffffa7][0xffffffdd][0xb][0x4]f[0x4][0xffffffd9][0xffffffd3][0xffffffae][0xffffffec]!{[0xffffffda][0x15][0x5][0xffffffc8][0x1][0xffffffb8]0[0x2][0x1c][0xffffff81][0x1f]A[0xfffffff6]Tv[0xffffffc0]1[0xffffffe8][0xffffffbb][0xffffffda][0x1f][0xffffffef][0xfffffff3]y[0xffffffdb][0xfffffff5][0xffffffb2]%[0xffffffd9][0xffffffff][0xffffffa7][0xffffff97][0xffffffe5][0xffffff85][0xffffff97][0xffffffe5][0xfffffff9][0xfffffffa][0xffffffb9]=[0xffffffcf][0xffffffc5]b[0xffffff9d]6v[0xffffffb6][0xfffffffc]c[0xffffffd6]'*[0xffffffeb][0xffffff9f]@[0xffffffdf]ye4[0xfffffff3][0xffffffa4][0xffffffc7][0xffffffb2][0xfffffffe]A[0xfffffffa]`[0x5][0xffffffcf]8[0xffffffc9][0xffffffb1],[0x7f]<[0xffffffbd][0x12][0xffffff8a]4D[0xffffffe5][0xffffffb2][0xffffff97]{[0xffffffd4][0xffffff9d][\n]"
08:17:44.012 [main] DEBUG org.apache.hc.client5.http.wire - http-outgoing-24 << "[0xffffffa7][0x17][0xffffffbc]S{J[0xffffffd7]m[0xffffffe8]5[0xffffffef][0xffffffc4][0x1e]2[0xfffffff5]7R[0xffffffcf]U[\n]"
08:17:44.012 [main] DEBUG org.apache.hc.client5.http.wire - http-outgoing-24 << "[0xffffffbd][0xffffffd0][0xffffffa3][0xffffff83]*v[0xffffffbd][0xffffffce]S[0xffffff9a][0xffffffb1][0xffffffed]e^[0x8][0xffffff95][0xffffff9a]^[0xffffffe4][0xffffff91]2(T[0xfffffff7][0x12]O)^[0xffffffac]z[0xffffff85][0xffffff97][0xffffffc4]S[0xffffffc1][0xffffffb2][0x17]xX[0x3][0xffffffc7][0xffffffd0][0xffffffcb];[0xffffff80]Jq[0xffffffd0]v[0xffffff85][0xfffffffa]^[0xffffffd9][0xffffff91][0xffffff94]-[0x14]z][0xffffffd7]RD][0xffffffe1]F[0xffffffd7][0x15]h;Y[0xffffff87][0xffffffd5]1[0xffffffea][0xe]7[0xffffffa2][0xffffffae]@}[0xffffffab][0xffffffe9][\n]"
08:17:44.012 [main] DEBUG org.apache.hc.client5.http.wire - http-outgoing-24 << "T[0xffffff9d][0xffffffa4]s|[0xffffffbe][0xffffffec][0x14][0x1d][0xffffffbb]J[0xffffffdd][0xffffffe2]F[0xffffffcf][0x15][0xffffff88][0xffffff83][0xffffff9c]+[0xffffffd4]wj[0xffffffce]3[0xffffff84]N[0xffffffcb]a=[0xffffff9e][0xffffffda][0xffffffc7]*[0xffffffe5][0xffffffd8]{j![0xffffffab][0xffffff92][0xffffffa3][0x4]Wj:%[0x7][0xffffffbc][0xffffffa9][0xffffffee][0xffffff84][0x1c][0xffffffd6][0xb][0xffffffa7]~[0xffffffb2][0xffffffea][0xffffffb8]vY[0xffffffd4]TV[0x1d][0xffffff87][0xfffffff5]b[0xffffffa9][0xffffffb1][0xffffffac]2[0xffffff8e]+[0xffffff9a][0xffffff9a]K[0xffffffa7][0xffffffe2]T[\r][0xffffff95]:L/[0xffffffe2][0xffffffea]Y[0xffffffd4]fV[\r][0xffffffe7]yW[0xffffffd7]I8.ej7[0xffffffab][0xffffff80]k[0xffffffc5]I=[0xffffffa7][0x13]p[0xfffffffc][0xffffffaa]Q[0xffffffe3][0xffffffe9][0xfffffff4][;[0xffffffab][0xffffffea][0xffffffae]l[0xffffffb8][0xffffffd0][0x1b]Uu[0x15][0xffffffa3][0xffffff8a][0xffffffae]bT[0xffffffcd]U[0xffffff8c]*[0xffffffb9][0xffffff8a]Q[0x15]W1[0xffffffaa][0xffffffe0]*F[0xffffffd5][[0xffffffc5]PE`[0x15]Cv[0xffffff86]M[0x1e][0xffffffb0][0xffffffc7]6y`[0xffffffea]96y[0xffffffa0]k2,[0x14][0xffffffe3]F[0xffffffa1][0x1d]v[0xffffffe7]%[0xffffffb5][0xffffffa4][0xffffffe9][0xffffff97][0xfffffffd][0xffffffcb][0xffffffdc]5[0xffffffb5][0xffffffb7][0xffffffcb]L[0xffffffe0]?[0xffffffbb][0xffffffda]~[0xfffffffe]6[0x1f][0xffffffd3][0xffffffae][0xffffffe2][0xffffff8d]w[0xffffffc8]-n>=~\6[0xffffff8d]=[0xffffffa6]M6[0xffffffd7]e9^6[0xffffff9f][0xfffffff3][0xffffff97][0xffffffda][0xffffffe5][0x1e][0x12]][0xffffff87]P[0xffffff85][0xffffffd4][0xffffffea][0x15]V[0xffffffca]#[0xffffffa8][0xfffffff2][0xffffffa4][0xffffff90])[0xffffff93][0xffffff85][0xfffffff2][0x0][0xffffffaa][0xffffffbc][0xffffffce][0xffffff85]\([0xffffff8f][0xffffff9f][\n]"
08:17:44.012 [main] DEBUG org.apache.hc.client5.http.wire - http-outgoing-24 << "@[0xffffffa5][0xfffffff1][0xffffffb0]P[0x1e]>[0xffffff95][0xffffffa3][0xfffffffa][0xffffffa0][0xffffffec]e[0xffffffda]FO[0xffffffe5][0x14][\n]"
08:17:44.013 [main] DEBUG org.apache.hc.client5.http.wire - http-outgoing-24 << "_Ok[0xffffff83][0xffffffa7][0xffffffb2]@[0xfffffffb]B[0xffffffa5]<v[0xffffff92]`O[0x1f][0xffffffe5][0x2]y[0xffffffe6]T[0xffffffc6][0xffffffa7]O`[0xffffffa5]<q[0xffffffd2][0xfffffff0]h[0xffffffa8][0xffffff83]U[0xffffffca][0xfffffff3][0xffffffa6][0xffffffd2][0xfffffff4][0xffffffa6]z[0xffffffde][0xffffff81][0xffffffa7]M[0x1a][0xf]l[0xb][0xffffffa2][0xffffff8d][0xffffff9a]JS[0xffffffe1][0xffffff92]|/"
08:17:44.013 [main] DEBUG org.apache.hc.client5.http.wire - http-outgoing-24 << "[0xffffff94][0x7]M[0xffffffa5][0xffffff95]\[0xfffffff7][0xffffffe5]1[0xffffff93][0x14][0xffffffaf]K[0xffffffc3]N[0xffffffa2]<dR[0xffffffeb]O[0xffffff8d][0xffffffa2][0xffffffb0]:b[0xffffffaa][0x14]]M[0xc][0xffffffcf][0xffffff97][0x14][0xffffff9a]n[0xffffffac]N[0xffffff97][0x14][0xffffff83]m[0xffffffac][0xffffffce][0xffffff96][0xffffffe4]U;[0xffffff99]'[0xffffffcb]@=[0xffffffc6][0xffffffa8][0xffffff82][0xffffffea]T[0x19]([0xfffffff5][0xffffffa6][0xffffffae][0xffffffaa]#e[0xffffff90][0xffffffeb][0x1]u[0xffffff9c][0xffffffc4][0xffffffd4][0xffffffe9][0xffffffea][0xffffff83]u[0xffffff94]D[\n]"
08:17:44.013 [main] DEBUG org.apache.hc.client5.http.wire - http-outgoing-24 << "[0xffffffac][0x10][0x1e]#[0xffffffd3][0xffffff8d][0xffffff97][0xffffff8b][0xffffffe1][0x11][0xffffffd2]Sn[0xffffffeb]c<?[0x2][0xffffff84]z%<;[0x2][0xffffff95][0x4][0xffffff94]\[0xfffffff0][0xffffffe0][0xffffffe8]R[0xffffff82][0xffffffeb][0xffffffaa]:5[0xffffffba][0xffffffac]82[0xffffffe1][0xffffff89][0xffffff91]Z[0xffffff83][0xffffffab][0xffffffe7]Q[0xfffffff7]*[0xffffffdd]3[0xffffffb0]O<@[0xffffffd2]w[0xffffffb6]^U[0x1b][0x1e])b[0xffffffaa][0xffffffbb][0xffffffcc][0xffffffda][0xffffffe4][0xffffff98]j[0xffffffb6][0xffffff90]:5j[0xffffffcf][0xffffffa5][0xffffffc3][0x3][0xffffffa3]6[0xffffff8d][0xffffffd4]a1[0xffffffb5][0xffffffc5]J[0xffffffea][0xffffff9c][0xffffffa8][0xc][\r][0xffffffd2][0x5]Y[0x1b][0xffffffdf][0xffffffcf][0xfffffff3][0xffffffe3][0xffffffe1]t[0xffffffb9]n[0xffffff8f][0xffffffc7]y_[0xffffffa0][0xffffff8e][0xffffff90][0xffffffbe][0xffffffec][0xffffffa6][0xffffffd4][0xffffff89]U[0xffffff91]Z[0x18][0xffffffe8]P[0xffffffc2][0xffffffb7]2R[0xffffff9f][0xffffffa4][0xffffffaf]][0xffffffb9][0xf][0xffffff83][0xffffff91]^,kB1uj:t[0xffffffd3]XjDS1[0xffffffa5]K[0xffffffa6][0xffffff9e][0xfffffff4][0xf][0x3][0x1][0xffffffec][0xffffffa6][0xffffffeb][0x12][0x0][0x0]"
08:17:44.015 [main] DEBUG org.apache.hc.client5.http.impl.classic.InternalHttpClient - ep-00000022: releasing valid endpoint
08:17:44.015 [main] DEBUG org.apache.hc.client5.http.impl.io.PoolingHttpClientConnectionManager - ep-00000022: releasing endpoint
08:17:44.015 [main] DEBUG org.apache.hc.client5.http.impl.io.PoolingHttpClientConnectionManager - ep-00000022: connection http-outgoing-24 can be kept alive for 3 MINUTES
08:17:44.015 [main] DEBUG org.apache.hc.client5.http.impl.io.PoolingHttpClientConnectionManager - ep-00000022: connection released [route: {s}->https://raw.githubusercontent.com:443][total available: 1; route allocated: 1 of 5; total allocated: 2 of 25]
08:17:44.015 [main] DEBUG io.github.bonigarcia.wdm.versions.VersionDetector - Driver for chrome117 not found in online properties (using local versions.properties)
08:17:44.017 [main] DEBUG io.github.bonigarcia.wdm.WebDriverManager - The driver version for CHROME 117 is unknown ... trying with latest
08:17:44.025 [main] DEBUG org.apache.hc.client5.http.impl.classic.InternalHttpClient - ex-00000024: preparing request execution
08:17:44.025 [main] DEBUG org.apache.hc.client5.http.protocol.RequestAddCookies - Cookie spec selected: strict
08:17:44.025 [main] DEBUG org.apache.hc.client5.http.protocol.RequestAuthCache - Auth cache not set in the context
08:17:44.025 [main] DEBUG org.apache.hc.client5.http.impl.classic.ProtocolExec - ex-00000024: target auth state: UNCHALLENGED
08:17:44.025 [main] DEBUG org.apache.hc.client5.http.impl.classic.ProtocolExec - ex-00000024: proxy auth state: UNCHALLENGED
08:17:44.026 [main] DEBUG org.apache.hc.client5.http.impl.classic.ConnectExec - ex-00000024: acquiring connection with route {s}->https://chromedriver.storage.googleapis.com:443
08:17:44.026 [main] DEBUG org.apache.hc.client5.http.impl.classic.InternalHttpClient - ex-00000024: acquiring endpoint (3 MINUTES)
08:17:44.026 [main] DEBUG org.apache.hc.client5.http.impl.io.PoolingHttpClientConnectionManager - ex-00000024: endpoint lease request (3 MINUTES) [route: {s}->https://chromedriver.storage.googleapis.com:443][total available: 1; route allocated: 1 of 5; total allocated: 2 of 25]
08:17:44.026 [main] DEBUG org.apache.hc.client5.http.impl.io.PoolingHttpClientConnectionManager - ex-00000024: endpoint leased [route: {s}->https://chromedriver.storage.googleapis.com:443][total available: 1; route allocated: 2 of 5; total allocated: 3 of 25]
08:17:44.026 [main] DEBUG org.apache.hc.client5.http.impl.io.PoolingHttpClientConnectionManager - ex-00000024: acquired ep-00000023
08:17:44.026 [main] DEBUG org.apache.hc.client5.http.impl.classic.InternalHttpClient - ex-00000024: acquired endpoint ep-00000023
08:17:44.026 [main] DEBUG org.apache.hc.client5.http.impl.classic.ConnectExec - ex-00000024: opening connection {s}->https://chromedriver.storage.googleapis.com:443
08:17:44.026 [main] DEBUG org.apache.hc.client5.http.impl.classic.InternalHttpClient - ep-00000023: connecting endpoint (30 SECONDS)
08:17:44.027 [main] DEBUG org.apache.hc.client5.http.impl.io.PoolingHttpClientConnectionManager - ep-00000023: connecting endpoint to https://chromedriver.storage.googleapis.com:443 (30 SECONDS)
08:17:44.027 [main] DEBUG org.apache.hc.client5.http.impl.io.DefaultHttpClientConnectionOperator - http-outgoing-26: connecting to chromedriver.storage.googleapis.com/34.101.5.27:443
08:17:44.027 [main] DEBUG org.apache.hc.client5.http.ssl.SSLConnectionSocketFactory - Connecting socket to chromedriver.storage.googleapis.com/34.101.5.27:443 with timeout 30 SECONDS
08:17:44.034 [main] DEBUG org.apache.hc.client5.http.ssl.SSLConnectionSocketFactory - Enabled protocols: [TLSv1.3, TLSv1.2]
08:17:44.034 [main] DEBUG org.apache.hc.client5.http.ssl.SSLConnectionSocketFactory - Enabled cipher suites: [TLS_AES_256_GCM_SHA384, TLS_AES_128_GCM_SHA256, TLS_CHACHA20_POLY1305_SHA256, TLS_ECDHE_ECDSA_WITH_AES_256_GCM_SHA384, TLS_ECDHE_ECDSA_WITH_AES_128_GCM_SHA256, TLS_ECDHE_ECDSA_WITH_CHACHA20_POLY1305_SHA256, TLS_ECDHE_RSA_WITH_AES_256_GCM_SHA384, TLS_ECDHE_RSA_WITH_CHACHA20_POLY1305_SHA256, TLS_ECDHE_RSA_WITH_AES_128_GCM_SHA256, TLS_DHE_RSA_WITH_AES_256_GCM_SHA384, TLS_DHE_RSA_WITH_CHACHA20_POLY1305_SHA256, TLS_DHE_DSS_WITH_AES_256_GCM_SHA384, TLS_DHE_RSA_WITH_AES_128_GCM_SHA256, TLS_DHE_DSS_WITH_AES_128_GCM_SHA256, TLS_ECDHE_ECDSA_WITH_AES_256_CBC_SHA384, TLS_ECDHE_RSA_WITH_AES_256_CBC_SHA384, TLS_ECDHE_ECDSA_WITH_AES_128_CBC_SHA256, TLS_ECDHE_RSA_WITH_AES_128_CBC_SHA256, TLS_DHE_RSA_WITH_AES_256_CBC_SHA256, TLS_DHE_DSS_WITH_AES_256_CBC_SHA256, TLS_DHE_RSA_WITH_AES_128_CBC_SHA256, TLS_DHE_DSS_WITH_AES_128_CBC_SHA256, TLS_ECDH_ECDSA_WITH_AES_256_GCM_SHA384, TLS_ECDH_RSA_WITH_AES_256_GCM_SHA384, TLS_ECDH_ECDSA_WITH_AES_128_GCM_SHA256, TLS_ECDH_RSA_WITH_AES_128_GCM_SHA256, TLS_ECDH_ECDSA_WITH_AES_256_CBC_SHA384, TLS_ECDH_RSA_WITH_AES_256_CBC_SHA384, TLS_ECDH_ECDSA_WITH_AES_128_CBC_SHA256, TLS_ECDH_RSA_WITH_AES_128_CBC_SHA256, TLS_ECDHE_ECDSA_WITH_AES_256_CBC_SHA, TLS_ECDHE_RSA_WITH_AES_256_CBC_SHA, TLS_ECDHE_ECDSA_WITH_AES_128_CBC_SHA, TLS_ECDHE_RSA_WITH_AES_128_CBC_SHA, TLS_DHE_RSA_WITH_AES_256_CBC_SHA, TLS_DHE_DSS_WITH_AES_256_CBC_SHA, TLS_DHE_RSA_WITH_AES_128_CBC_SHA, TLS_DHE_DSS_WITH_AES_128_CBC_SHA, TLS_ECDH_ECDSA_WITH_AES_256_CBC_SHA, TLS_ECDH_RSA_WITH_AES_256_CBC_SHA, TLS_ECDH_ECDSA_WITH_AES_128_CBC_SHA, TLS_ECDH_RSA_WITH_AES_128_CBC_SHA, TLS_RSA_WITH_AES_256_GCM_SHA384, TLS_RSA_WITH_AES_128_GCM_SHA256, TLS_RSA_WITH_AES_256_CBC_SHA256, TLS_RSA_WITH_AES_128_CBC_SHA256, TLS_RSA_WITH_AES_256_CBC_SHA, TLS_RSA_WITH_AES_128_CBC_SHA, TLS_EMPTY_RENEGOTIATION_INFO_SCSV]
08:17:44.034 [main] DEBUG org.apache.hc.client5.http.ssl.SSLConnectionSocketFactory - Starting handshake
08:17:44.081 [main] DEBUG org.apache.hc.client5.http.ssl.SSLConnectionSocketFactory - Secure session established
08:17:44.081 [main] DEBUG org.apache.hc.client5.http.ssl.SSLConnectionSocketFactory -  negotiated protocol: TLSv1.3
08:17:44.081 [main] DEBUG org.apache.hc.client5.http.ssl.SSLConnectionSocketFactory -  negotiated cipher suite: TLS_AES_256_GCM_SHA384
08:17:44.081 [main] DEBUG org.apache.hc.client5.http.ssl.SSLConnectionSocketFactory -  peer principal: CN=*.storage.googleapis.com
08:17:44.081 [main] DEBUG org.apache.hc.client5.http.ssl.SSLConnectionSocketFactory -  peer alternative names: [*.storage.googleapis.com, *.googleapis.com, commondatastorage.googleapis.com, *.commondatastorage.googleapis.com, storage.googleapis.com, storage-p2.googleapis.com, *.storage-p2.googleapis.com, storage.mtls.googleapis.com, *.appspot.com.storage.googleapis.com, *.content-storage.googleapis.com, *.content-storage-p2.googleapis.com, *.content-storage-upload.googleapis.com, *.content-storage-download.googleapis.com, *.storage-upload.googleapis.com, *.storage-download.googleapis.com]
08:17:44.081 [main] DEBUG org.apache.hc.client5.http.ssl.SSLConnectionSocketFactory -  issuer principal: CN=GTS CA 1C3, O=Google Trust Services LLC, C=US
08:17:44.081 [main] DEBUG org.apache.hc.client5.http.impl.io.DefaultHttpClientConnectionOperator - http-outgoing-26: connection established 192.168.100.42:64519<->34.101.5.27:443
08:17:44.081 [main] DEBUG org.apache.hc.client5.http.impl.io.PoolingHttpClientConnectionManager - ep-00000023: connected http-outgoing-26
08:17:44.081 [main] DEBUG org.apache.hc.client5.http.impl.classic.InternalHttpClient - ep-00000023: endpoint connected
08:17:44.081 [main] DEBUG org.apache.hc.client5.http.impl.classic.MainClientExec - ex-00000024: executing GET /LATEST_RELEASE HTTP/1.1
08:17:44.081 [main] DEBUG org.apache.hc.client5.http.impl.classic.InternalHttpClient - ep-00000023: start execution ex-00000024
08:17:44.081 [main] DEBUG org.apache.hc.client5.http.impl.io.PoolingHttpClientConnectionManager - ep-00000023: executing exchange ex-00000024 over http-outgoing-26
08:17:44.081 [main] DEBUG org.apache.hc.client5.http.headers - http-outgoing-26 >> GET /LATEST_RELEASE HTTP/1.1
08:17:44.082 [main] DEBUG org.apache.hc.client5.http.headers - http-outgoing-26 >> user-agent: Apache-HttpClient/5.0
08:17:44.082 [main] DEBUG org.apache.hc.client5.http.headers - http-outgoing-26 >> accept-encoding: gzip, deflate, br
08:17:44.082 [main] DEBUG org.apache.hc.client5.http.headers - http-outgoing-26 >> cache-control: max-age=0
08:17:44.082 [main] DEBUG org.apache.hc.client5.http.headers - http-outgoing-26 >> connection: keep-alive
08:17:44.082 [main] DEBUG org.apache.hc.client5.http.headers - http-outgoing-26 >> Host: chromedriver.storage.googleapis.com
08:17:44.082 [main] DEBUG org.apache.hc.client5.http.wire - http-outgoing-26 >> "GET /LATEST_RELEASE HTTP/1.1[\r][\n]"
08:17:44.082 [main] DEBUG org.apache.hc.client5.http.wire - http-outgoing-26 >> "user-agent: Apache-HttpClient/5.0[\r][\n]"
08:17:44.082 [main] DEBUG org.apache.hc.client5.http.wire - http-outgoing-26 >> "accept-encoding: gzip, deflate, br[\r][\n]"
08:17:44.082 [main] DEBUG org.apache.hc.client5.http.wire - http-outgoing-26 >> "cache-control: max-age=0[\r][\n]"
08:17:44.082 [main] DEBUG org.apache.hc.client5.http.wire - http-outgoing-26 >> "connection: keep-alive[\r][\n]"
08:17:44.082 [main] DEBUG org.apache.hc.client5.http.wire - http-outgoing-26 >> "Host: chromedriver.storage.googleapis.com[\r][\n]"
08:17:44.082 [main] DEBUG org.apache.hc.client5.http.wire - http-outgoing-26 >> "[\r][\n]"
08:17:44.106 [main] DEBUG org.apache.hc.client5.http.wire - http-outgoing-26 << "HTTP/1.1 200 OK[\r][\n]"
08:17:44.106 [main] DEBUG org.apache.hc.client5.http.wire - http-outgoing-26 << "X-GUploader-UploadID: ADPycdtlv5hyKNxkNAPoXZam3m80ckJ0H-Ebjpx_73hqg_-MuXohMxIalbpmUb0_5biLUD8lFSrTzvfL6YS-efZL0_eYGq5S2akq[\r][\n]"
08:17:44.106 [main] DEBUG org.apache.hc.client5.http.wire - http-outgoing-26 << "x-goog-generation: 1685523462105569[\r][\n]"
08:17:44.106 [main] DEBUG org.apache.hc.client5.http.wire - http-outgoing-26 << "x-goog-metageneration: 1[\r][\n]"
08:17:44.106 [main] DEBUG org.apache.hc.client5.http.wire - http-outgoing-26 << "x-goog-stored-content-encoding: identity[\r][\n]"
08:17:44.106 [main] DEBUG org.apache.hc.client5.http.wire - http-outgoing-26 << "x-goog-stored-content-length: 13[\r][\n]"
08:17:44.106 [main] DEBUG org.apache.hc.client5.http.wire - http-outgoing-26 << "x-goog-hash: crc32c=tVW4TA==[\r][\n]"
08:17:44.106 [main] DEBUG org.apache.hc.client5.http.wire - http-outgoing-26 << "x-goog-hash: md5=NoaEuIlBlniwTkiZ1T16sA==[\r][\n]"
08:17:44.106 [main] DEBUG org.apache.hc.client5.http.wire - http-outgoing-26 << "x-goog-storage-class: STANDARD[\r][\n]"
08:17:44.106 [main] DEBUG org.apache.hc.client5.http.wire - http-outgoing-26 << "Accept-Ranges: bytes[\r][\n]"
08:17:44.106 [main] DEBUG org.apache.hc.client5.http.wire - http-outgoing-26 << "Content-Length: 13[\r][\n]"
08:17:44.106 [main] DEBUG org.apache.hc.client5.http.wire - http-outgoing-26 << "Server: UploadServer[\r][\n]"
08:17:44.106 [main] DEBUG org.apache.hc.client5.http.wire - http-outgoing-26 << "Date: Fri, 06 Oct 2023 01:08:29 GMT[\r][\n]"
08:17:44.106 [main] DEBUG org.apache.hc.client5.http.wire - http-outgoing-26 << "Expires: Fri, 06 Oct 2023 02:08:29 GMT[\r][\n]"
08:17:44.106 [main] DEBUG org.apache.hc.client5.http.wire - http-outgoing-26 << "Cache-Control: public, max-age=3600[\r][\n]"
08:17:44.106 [main] DEBUG org.apache.hc.client5.http.wire - http-outgoing-26 << "Age: 557[\r][\n]"
08:17:44.106 [main] DEBUG org.apache.hc.client5.http.wire - http-outgoing-26 << "Last-Modified: Wed, 31 May 2023 08:57:42 GMT[\r][\n]"
08:17:44.106 [main] DEBUG org.apache.hc.client5.http.wire - http-outgoing-26 << "ETag: "368684b889419678b04e4899d53d7ab0"[\r][\n]"
08:17:44.106 [main] DEBUG org.apache.hc.client5.http.wire - http-outgoing-26 << "Content-Type: text/plain[\r][\n]"
08:17:44.106 [main] DEBUG org.apache.hc.client5.http.wire - http-outgoing-26 << "Alt-Svc: h3=":443"; ma=2592000,h3-29=":443"; ma=2592000[\r][\n]"
08:17:44.106 [main] DEBUG org.apache.hc.client5.http.wire - http-outgoing-26 << "[\r][\n]"
08:17:44.106 [main] DEBUG org.apache.hc.client5.http.wire - http-outgoing-26 << "114.0.5735.90"
08:17:44.106 [main] DEBUG org.apache.hc.client5.http.headers - http-outgoing-26 << HTTP/1.1 200 OK
08:17:44.106 [main] DEBUG org.apache.hc.client5.http.headers - http-outgoing-26 << X-GUploader-UploadID: ADPycdtlv5hyKNxkNAPoXZam3m80ckJ0H-Ebjpx_73hqg_-MuXohMxIalbpmUb0_5biLUD8lFSrTzvfL6YS-efZL0_eYGq5S2akq
08:17:44.106 [main] DEBUG org.apache.hc.client5.http.headers - http-outgoing-26 << x-goog-generation: 1685523462105569
08:17:44.106 [main] DEBUG org.apache.hc.client5.http.headers - http-outgoing-26 << x-goog-metageneration: 1
08:17:44.106 [main] DEBUG org.apache.hc.client5.http.headers - http-outgoing-26 << x-goog-stored-content-encoding: identity
08:17:44.106 [main] DEBUG org.apache.hc.client5.http.headers - http-outgoing-26 << x-goog-stored-content-length: 13
08:17:44.106 [main] DEBUG org.apache.hc.client5.http.headers - http-outgoing-26 << x-goog-hash: crc32c=tVW4TA==
08:17:44.106 [main] DEBUG org.apache.hc.client5.http.headers - http-outgoing-26 << x-goog-hash: md5=NoaEuIlBlniwTkiZ1T16sA==
08:17:44.106 [main] DEBUG org.apache.hc.client5.http.headers - http-outgoing-26 << x-goog-storage-class: STANDARD
08:17:44.106 [main] DEBUG org.apache.hc.client5.http.headers - http-outgoing-26 << Accept-Ranges: bytes
08:17:44.106 [main] DEBUG org.apache.hc.client5.http.headers - http-outgoing-26 << Content-Length: 13
08:17:44.106 [main] DEBUG org.apache.hc.client5.http.headers - http-outgoing-26 << Server: UploadServer
08:17:44.106 [main] DEBUG org.apache.hc.client5.http.headers - http-outgoing-26 << Date: Fri, 06 Oct 2023 01:08:29 GMT
08:17:44.106 [main] DEBUG org.apache.hc.client5.http.headers - http-outgoing-26 << Expires: Fri, 06 Oct 2023 02:08:29 GMT
08:17:44.106 [main] DEBUG org.apache.hc.client5.http.headers - http-outgoing-26 << Cache-Control: public, max-age=3600
08:17:44.106 [main] DEBUG org.apache.hc.client5.http.headers - http-outgoing-26 << Age: 557
08:17:44.106 [main] DEBUG org.apache.hc.client5.http.headers - http-outgoing-26 << Last-Modified: Wed, 31 May 2023 08:57:42 GMT
08:17:44.106 [main] DEBUG org.apache.hc.client5.http.headers - http-outgoing-26 << ETag: "368684b889419678b04e4899d53d7ab0"
08:17:44.106 [main] DEBUG org.apache.hc.client5.http.headers - http-outgoing-26 << Content-Type: text/plain
08:17:44.106 [main] DEBUG org.apache.hc.client5.http.headers - http-outgoing-26 << Alt-Svc: h3=":443"; ma=2592000,h3-29=":443"; ma=2592000
08:17:44.107 [main] DEBUG org.apache.hc.client5.http.impl.classic.MainClientExec - ex-00000024: connection can be kept alive for 3 MINUTES
08:17:44.107 [main] DEBUG org.apache.hc.client5.http.impl.classic.InternalHttpClient - ep-00000023: releasing valid endpoint
08:17:44.107 [main] DEBUG org.apache.hc.client5.http.impl.io.PoolingHttpClientConnectionManager - ep-00000023: releasing endpoint
08:17:44.107 [main] DEBUG org.apache.hc.client5.http.impl.io.PoolingHttpClientConnectionManager - ep-00000023: connection http-outgoing-26 can be kept alive for 3 MINUTES
08:17:44.107 [main] DEBUG org.apache.hc.client5.http.impl.io.PoolingHttpClientConnectionManager - ep-00000023: connection released [route: {s}->https://chromedriver.storage.googleapis.com:443][total available: 2; route allocated: 2 of 5; total allocated: 3 of 25]
08:17:44.107 [main] DEBUG io.github.bonigarcia.wdm.versions.VersionDetector - Latest version of chromedriver according to https://chromedriver.storage.googleapis.com/LATEST_RELEASE is 114.0.5735.90
08:17:44.108 [main] DEBUG io.github.bonigarcia.wdm.WebDriverManager - Driver chromedriver 114.0.5735.90 found in cache
08:17:44.108 [main] INFO io.github.bonigarcia.wdm.WebDriverManager - Exporting webdriver.chrome.driver as C:\Users\Bagas Dwi Saputra\.cache\selenium\chromedriver\win32\114.0.5735.90\chromedriver.exe
08:17:44.190 [main] DEBUG net.thucydides.core.reflection.ClassFinder - Could not load class net.serenitybdd.rest.utils.RestSpecificationFactory
08:17:44.274 [main] DEBUG net.thucydides.core.reflection.ClassFinder - Could not load class net.serenitybdd.rest.utils.RestSpecificationFactory
08:17:44.275 [main] INFO net.serenitybdd.core.webdriver.driverproviders.ProvideNewDriver - Instantiating driver
08:17:44.275 [main] INFO net.serenitybdd.core.webdriver.driverproviders.ProvideNewDriver - Driver capabilities: Capabilities {acceptInsecureCerts: false, base.url: https://app.jubelio.com, browserName: chrome, chrome.driver: src/test/resources/webdrive..., driver: chrome, goog:chromeOptions: {args: [], extensions: []}, loggingPrefs: org.openqa.selenium.logging...}
08:17:45.260 [main] DEBUG net.thucydides.core.reflection.ClassFinder - Could not load class net.serenitybdd.rest.utils.RestSpecificationFactory
08:17:47.252 [main] DEBUG net.serenitybdd.core.photography.Darkroom - Send negative for processing for target\site\serenity\4cc97b387fb82cfc136ff103deed3ff15904afea0e81e8a8130786ef5a9430f4.png
08:17:47.252 [main] DEBUG net.thucydides.core.steps.StepInterceptor - STEP DONE: openLink
08:17:47.256 [main] DEBUG net.thucydides.core.steps.StepInterceptor - STARTING STEP: LoginSteps.fillsInTheWithValidDataEmail - fills in the {string} with valid data email
08:17:47.538 [main] DEBUG net.serenitybdd.core.photography.Darkroom - Send negative for processing for target\site\serenity\29d3e9f166cf597135c97994c9ce45464a7cb63e7c1b11511a227ba5e21a0a13.png
08:17:47.538 [main] DEBUG net.thucydides.core.steps.StepInterceptor - STEP DONE: fills in the {string} with valid data email
  &amp#27;[32mGiven &amp#27;[0m&amp#27;[32mfills in the &amp#27;[0m&amp#27;[32m&amp#27;[1m"qa.rakamin.jubelio@gmail.com"&amp#27;[0m&amp#27;[32m with valid data email&amp#27;[0m &amp#27;[90m# starter.stepdefinitios.LoginSteps.fillsInTheWithValidDataEmail(java.lang.String)&amp#27;[0m
08:17:48.199 [main] DEBUG net.serenitybdd.core.photography.Darkroom - Send negative for processing for target\site\serenity\3eaf0a53d429a272f1cbcae9c62772578f202136bd837bf73ee5fddee0931b84.png
08:17:48.199 [main] DEBUG net.thucydides.core.steps.StepInterceptor - STARTING STEP: LoginSteps.fillInTheWithValidDataPass - fill in the {string} with valid data pass
08:17:48.454 [main] DEBUG net.serenitybdd.core.photography.Darkroom - Send negative for processing for target\site\serenity\509da694a76e30105fe5913cf66eae1824b8da9133e595c130ff523e4c2ae220.png
08:17:48.454 [main] DEBUG net.thucydides.core.steps.StepInterceptor - STEP DONE: fill in the {string} with valid data pass
  &amp#27;[32mAnd &amp#27;[0m&amp#27;[32mfill in the &amp#27;[0m&amp#27;[32m&amp#27;[1m"Jubelio123"&amp#27;[0m&amp#27;[32m with valid data pass&amp#27;[0m                       &amp#27;[90m# starter.stepdefinitios.LoginSteps.fillInTheWithValidDataPass(java.lang.String)&amp#27;[0m
08:17:48.454 [Darkroom Processing Line] DEBUG net.serenitybdd.core.photography.DarkroomProcessingLine - Processing screenshot image in /var/screenshots/screenshot-7141885622679448132
08:17:48.454 [Darkroom Processing Line] DEBUG net.serenitybdd.core.photography.DarkroomProcessingLine - Saving screenshot to target\site\serenity\509da694a76e30105fe5913cf66eae1824b8da9133e595c130ff523e4c2ae220.png
08:17:48.463 [main] DEBUG net.thucydides.core.steps.StepInterceptor - STARTING STEP: LoginSteps.clickTheLoginButton - clickbtnlogin
08:17:49.028 [main] DEBUG net.serenitybdd.core.photography.Darkroom - Send negative for processing for target\site\serenity\4590352238c256247aff7ddcd727e17f12a7dc2f6f0ddb1023b8f1e3d37af64e.png
08:17:49.028 [main] DEBUG net.thucydides.core.steps.StepInterceptor - STEP DONE: clickbtnlogin
08:17:49.028 [Darkroom Processing Line] DEBUG net.serenitybdd.core.photography.DarkroomProcessingLine - Processing screenshot image in /var/screenshots/screenshot-8286632276515503465
08:17:49.028 [Darkroom Processing Line] DEBUG net.serenitybdd.core.photography.DarkroomProcessingLine - Saving screenshot to target\site\serenity\4590352238c256247aff7ddcd727e17f12a7dc2f6f0ddb1023b8f1e3d37af64e.png
  &amp#27;[32mWhen &amp#27;[0m&amp#27;[32mclick the login button&amp#27;[0m                                             &amp#27;[90m# starter.stepdefinitios.LoginSteps.clickTheLoginButton()&amp#27;[0m
08:17:49.758 [main] DEBUG net.serenitybdd.core.photography.Darkroom - Send negative for processing for target\site\serenity\538c155a99a818c6a5f314fcc91b5a350debdf6b221df03d49cb77055de9ff1d.png
08:17:49.759 [Darkroom Processing Line] DEBUG net.serenitybdd.core.photography.DarkroomProcessingLine - Processing screenshot image in /var/screenshots/screenshot-10601037302057453778
08:17:49.759 [Darkroom Processing Line] DEBUG net.serenitybdd.core.photography.DarkroomProcessingLine - Saving screenshot to target\site\serenity\538c155a99a818c6a5f314fcc91b5a350debdf6b221df03d49cb77055de9ff1d.png
08:17:49.764 [main] DEBUG net.thucydides.core.steps.StepInterceptor - STARTING STEP: LoginSteps.validatePageHomeOrError - validate page home or error {string}
08:17:49.797 [main] DEBUG net.thucydides.core.steps.StepInterceptor - STEP DONE: validate page home or error {string}
  &amp#27;[32mThen &amp#27;[0m&amp#27;[32mvalidate page home or error &amp#27;[0m&amp#27;[32m&amp#27;[1m"Password atau email anda salah."&amp#27;[0m      &amp#27;[90m# starter.stepdefinitios.LoginSteps.validatePageHomeOrError(java.lang.String)&amp#27;[0m
]]></system-out>
    <system-err><![CDATA[Starting ChromeDriver 117.0.5938.88 (be6afae4721209be42944bbcd325665f9f44563b-refs/branch-heads/5938_62@{#9}) on port 18829
Only local connections are allowed.
Please see https://chromedriver.chromium.org/security-considerations for suggestions on keeping ChromeDriver safe.
ChromeDriver was started successfully.
Oct 06, 2023 8:17:45 AM org.openqa.selenium.remote.ProtocolHandshake createSession
INFO: Detected dialect: W3C
]]></system-err>
  </testcase>
  <testcase name="Login Account #4" classname="Login Account at app.jubelio" time="8.883">
    <error type="org.openqa.selenium.NoSuchElementException"><![CDATA[org.openqa.selenium.NoSuchElementException: 
no such element: Unable to locate element: {"method":"xpath","selector":"//*[text() = 'Password atau email anda salah.']"}
  (Session info: chrome=117.0.5938.134)
For documentation on this error, please visit: https://www.seleniumhq.org/exceptions/no_such_element.html
Build info: version: '3.141.59', revision: 'e82be7d358', time: '2018-11-14T08:17:03'
System info: host: 'LAPTOP-SQP5LMI4', ip: '192.168.100.42', os.name: 'Windows 11', os.arch: 'amd64', os.version: '10.0', java.version: '17.0.8'
Driver info: org.openqa.selenium.chrome.ChromeDriver
Capabilities {acceptInsecureCerts: false, browserName: chrome, browserVersion: 117.0.5938.134, chrome: {chromedriverVersion: 117.0.5938.88 (be6afae47212..., userDataDir: C:\Users\BAGASD~1\AppData\L...}, fedcm:accounts: true, goog:chromeOptions: {debuggerAddress: localhost:64583}, javascriptEnabled: true, networkConnectionEnabled: false, pageLoadStrategy: normal, platform: WINDOWS, platformName: WINDOWS, proxy: Proxy(), setWindowRect: true, strictFileInteractability: false, timeouts: {implicit: 0, pageLoad: 300000, script: 30000}, unhandledPromptBehavior: dismiss and notify, webauthn:extension:credBlob: true, webauthn:extension:largeBlob: true, webauthn:extension:minPinLength: true, webauthn:extension:prf: true, webauthn:virtualAuthenticators: true}
Session ID: bd2b1a3ffe1e63c1bd87a0ca31e0cee1
*** Element info: {Using=xpath, value=//*[text() = 'Password atau email anda salah.']}
]]></error>
    <system-out><![CDATA[
@Login
Scenario Outline: Login Account                                       &amp#27;[90m# src/test/resources/features/user/login.feature:14&amp#27;[0m
08:17:50.185 [main] INFO io.cucumber.core.plugin.SerenityReporter - Running feature from file:///D:/QE/Automation/Jubelio-Website/src/test/resources/features/user/login.feature
08:17:50.720 [main] DEBUG net.thucydides.core.steps.StepInterceptor - STARTING STEP: LoginSteps.fillsInTheWithValidDataEmail - openLink
08:17:50.722 [main] INFO net.serenitybdd.core.webdriver.driverproviders.ChromeDriverProvider - Using automatically driver download
08:17:50.746 [main] DEBUG org.apache.hc.client5.http.impl.classic.InternalHttpClient - ex-00000025: preparing request execution
08:17:50.746 [main] DEBUG org.apache.hc.client5.http.protocol.RequestAddCookies - Cookie spec selected: strict
08:17:50.746 [main] DEBUG org.apache.hc.client5.http.protocol.RequestAuthCache - Auth cache not set in the context
08:17:50.746 [main] DEBUG org.apache.hc.client5.http.impl.classic.ProtocolExec - ex-00000025: target auth state: UNCHALLENGED
08:17:50.746 [main] DEBUG org.apache.hc.client5.http.impl.classic.ProtocolExec - ex-00000025: proxy auth state: UNCHALLENGED
08:17:50.746 [main] DEBUG org.apache.hc.client5.http.impl.classic.ConnectExec - ex-00000025: acquiring connection with route {s}->https://raw.githubusercontent.com:443
08:17:50.746 [main] DEBUG org.apache.hc.client5.http.impl.classic.InternalHttpClient - ex-00000025: acquiring endpoint (3 MINUTES)
08:17:50.746 [main] DEBUG org.apache.hc.client5.http.impl.io.PoolingHttpClientConnectionManager - ex-00000025: endpoint lease request (3 MINUTES) [route: {s}->https://raw.githubusercontent.com:443][total available: 0; route allocated: 0 of 5; total allocated: 0 of 25]
08:17:50.746 [main] DEBUG org.apache.hc.client5.http.impl.io.PoolingHttpClientConnectionManager - ex-00000025: endpoint leased [route: {s}->https://raw.githubusercontent.com:443][total available: 0; route allocated: 1 of 5; total allocated: 1 of 25]
08:17:50.747 [main] DEBUG org.apache.hc.client5.http.impl.io.PoolingHttpClientConnectionManager - ex-00000025: acquired ep-00000024
08:17:50.747 [main] DEBUG org.apache.hc.client5.http.impl.classic.InternalHttpClient - ex-00000025: acquired endpoint ep-00000024
08:17:50.747 [main] DEBUG org.apache.hc.client5.http.impl.classic.ConnectExec - ex-00000025: opening connection {s}->https://raw.githubusercontent.com:443
08:17:50.747 [main] DEBUG org.apache.hc.client5.http.impl.classic.InternalHttpClient - ep-00000024: connecting endpoint (30 SECONDS)
08:17:50.747 [main] DEBUG org.apache.hc.client5.http.impl.io.PoolingHttpClientConnectionManager - ep-00000024: connecting endpoint to https://raw.githubusercontent.com:443 (30 SECONDS)
08:17:50.747 [main] DEBUG org.apache.hc.client5.http.impl.io.DefaultHttpClientConnectionOperator - http-outgoing-27: connecting to raw.githubusercontent.com/185.199.108.133:443
08:17:50.747 [main] DEBUG org.apache.hc.client5.http.ssl.SSLConnectionSocketFactory - Connecting socket to raw.githubusercontent.com/185.199.108.133:443 with timeout 30 SECONDS
08:17:50.767 [main] DEBUG org.apache.hc.client5.http.ssl.SSLConnectionSocketFactory - Enabled protocols: [TLSv1.3, TLSv1.2]
08:17:50.767 [main] DEBUG org.apache.hc.client5.http.ssl.SSLConnectionSocketFactory - Enabled cipher suites: [TLS_AES_256_GCM_SHA384, TLS_AES_128_GCM_SHA256, TLS_CHACHA20_POLY1305_SHA256, TLS_ECDHE_ECDSA_WITH_AES_256_GCM_SHA384, TLS_ECDHE_ECDSA_WITH_AES_128_GCM_SHA256, TLS_ECDHE_ECDSA_WITH_CHACHA20_POLY1305_SHA256, TLS_ECDHE_RSA_WITH_AES_256_GCM_SHA384, TLS_ECDHE_RSA_WITH_CHACHA20_POLY1305_SHA256, TLS_ECDHE_RSA_WITH_AES_128_GCM_SHA256, TLS_DHE_RSA_WITH_AES_256_GCM_SHA384, TLS_DHE_RSA_WITH_CHACHA20_POLY1305_SHA256, TLS_DHE_DSS_WITH_AES_256_GCM_SHA384, TLS_DHE_RSA_WITH_AES_128_GCM_SHA256, TLS_DHE_DSS_WITH_AES_128_GCM_SHA256, TLS_ECDHE_ECDSA_WITH_AES_256_CBC_SHA384, TLS_ECDHE_RSA_WITH_AES_256_CBC_SHA384, TLS_ECDHE_ECDSA_WITH_AES_128_CBC_SHA256, TLS_ECDHE_RSA_WITH_AES_128_CBC_SHA256, TLS_DHE_RSA_WITH_AES_256_CBC_SHA256, TLS_DHE_DSS_WITH_AES_256_CBC_SHA256, TLS_DHE_RSA_WITH_AES_128_CBC_SHA256, TLS_DHE_DSS_WITH_AES_128_CBC_SHA256, TLS_ECDH_ECDSA_WITH_AES_256_GCM_SHA384, TLS_ECDH_RSA_WITH_AES_256_GCM_SHA384, TLS_ECDH_ECDSA_WITH_AES_128_GCM_SHA256, TLS_ECDH_RSA_WITH_AES_128_GCM_SHA256, TLS_ECDH_ECDSA_WITH_AES_256_CBC_SHA384, TLS_ECDH_RSA_WITH_AES_256_CBC_SHA384, TLS_ECDH_ECDSA_WITH_AES_128_CBC_SHA256, TLS_ECDH_RSA_WITH_AES_128_CBC_SHA256, TLS_ECDHE_ECDSA_WITH_AES_256_CBC_SHA, TLS_ECDHE_RSA_WITH_AES_256_CBC_SHA, TLS_ECDHE_ECDSA_WITH_AES_128_CBC_SHA, TLS_ECDHE_RSA_WITH_AES_128_CBC_SHA, TLS_DHE_RSA_WITH_AES_256_CBC_SHA, TLS_DHE_DSS_WITH_AES_256_CBC_SHA, TLS_DHE_RSA_WITH_AES_128_CBC_SHA, TLS_DHE_DSS_WITH_AES_128_CBC_SHA, TLS_ECDH_ECDSA_WITH_AES_256_CBC_SHA, TLS_ECDH_RSA_WITH_AES_256_CBC_SHA, TLS_ECDH_ECDSA_WITH_AES_128_CBC_SHA, TLS_ECDH_RSA_WITH_AES_128_CBC_SHA, TLS_RSA_WITH_AES_256_GCM_SHA384, TLS_RSA_WITH_AES_128_GCM_SHA256, TLS_RSA_WITH_AES_256_CBC_SHA256, TLS_RSA_WITH_AES_128_CBC_SHA256, TLS_RSA_WITH_AES_256_CBC_SHA, TLS_RSA_WITH_AES_128_CBC_SHA, TLS_EMPTY_RENEGOTIATION_INFO_SCSV]
08:17:50.767 [main] DEBUG org.apache.hc.client5.http.ssl.SSLConnectionSocketFactory - Starting handshake
08:17:50.817 [main] DEBUG org.apache.hc.client5.http.ssl.SSLConnectionSocketFactory - Secure session established
08:17:50.817 [main] DEBUG org.apache.hc.client5.http.ssl.SSLConnectionSocketFactory -  negotiated protocol: TLSv1.3
08:17:50.817 [main] DEBUG org.apache.hc.client5.http.ssl.SSLConnectionSocketFactory -  negotiated cipher suite: TLS_AES_256_GCM_SHA384
08:17:50.817 [main] DEBUG org.apache.hc.client5.http.ssl.SSLConnectionSocketFactory -  peer principal: CN=*.github.io, O="GitHub, Inc.", L=San Francisco, ST=California, C=US
08:17:50.818 [main] DEBUG org.apache.hc.client5.http.ssl.SSLConnectionSocketFactory -  peer alternative names: [*.github.io, github.io, *.github.com, github.com, www.github.com, *.githubusercontent.com, githubusercontent.com]
08:17:50.818 [main] DEBUG org.apache.hc.client5.http.ssl.SSLConnectionSocketFactory -  issuer principal: CN=DigiCert TLS RSA SHA256 2020 CA1, O=DigiCert Inc, C=US
08:17:50.818 [main] DEBUG org.apache.hc.client5.http.impl.io.DefaultHttpClientConnectionOperator - http-outgoing-27: connection established 192.168.100.42:64575<->185.199.108.133:443
08:17:50.818 [main] DEBUG org.apache.hc.client5.http.impl.io.PoolingHttpClientConnectionManager - ep-00000024: connected http-outgoing-27
08:17:50.818 [main] DEBUG org.apache.hc.client5.http.impl.classic.InternalHttpClient - ep-00000024: endpoint connected
08:17:50.818 [main] DEBUG org.apache.hc.client5.http.impl.classic.MainClientExec - ex-00000025: executing GET /bonigarcia/webdrivermanager/master/src/main/resources/commands.properties HTTP/1.1
08:17:50.818 [main] DEBUG org.apache.hc.client5.http.impl.classic.InternalHttpClient - ep-00000024: start execution ex-00000025
08:17:50.818 [main] DEBUG org.apache.hc.client5.http.impl.io.PoolingHttpClientConnectionManager - ep-00000024: executing exchange ex-00000025 over http-outgoing-27
08:17:50.819 [main] DEBUG org.apache.hc.client5.http.headers - http-outgoing-27 >> GET /bonigarcia/webdrivermanager/master/src/main/resources/commands.properties HTTP/1.1
08:17:50.819 [main] DEBUG org.apache.hc.client5.http.headers - http-outgoing-27 >> user-agent: Apache-HttpClient/5.0
08:17:50.819 [main] DEBUG org.apache.hc.client5.http.headers - http-outgoing-27 >> accept-encoding: gzip, deflate, br
08:17:50.819 [main] DEBUG org.apache.hc.client5.http.headers - http-outgoing-27 >> cache-control: max-age=0
08:17:50.819 [main] DEBUG org.apache.hc.client5.http.headers - http-outgoing-27 >> connection: keep-alive
08:17:50.819 [main] DEBUG org.apache.hc.client5.http.headers - http-outgoing-27 >> Host: raw.githubusercontent.com
08:17:50.819 [main] DEBUG org.apache.hc.client5.http.wire - http-outgoing-27 >> "GET /bonigarcia/webdrivermanager/master/src/main/resources/commands.properties HTTP/1.1[\r][\n]"
08:17:50.819 [main] DEBUG org.apache.hc.client5.http.wire - http-outgoing-27 >> "user-agent: Apache-HttpClient/5.0[\r][\n]"
08:17:50.819 [main] DEBUG org.apache.hc.client5.http.wire - http-outgoing-27 >> "accept-encoding: gzip, deflate, br[\r][\n]"
08:17:50.819 [main] DEBUG org.apache.hc.client5.http.wire - http-outgoing-27 >> "cache-control: max-age=0[\r][\n]"
08:17:50.819 [main] DEBUG org.apache.hc.client5.http.wire - http-outgoing-27 >> "connection: keep-alive[\r][\n]"
08:17:50.819 [main] DEBUG org.apache.hc.client5.http.wire - http-outgoing-27 >> "Host: raw.githubusercontent.com[\r][\n]"
08:17:50.819 [main] DEBUG org.apache.hc.client5.http.wire - http-outgoing-27 >> "[\r][\n]"
08:17:50.867 [main] DEBUG org.apache.hc.client5.http.wire - http-outgoing-27 << "HTTP/1.1 200 OK[\r][\n]"
08:17:50.867 [main] DEBUG org.apache.hc.client5.http.wire - http-outgoing-27 << "Connection: keep-alive[\r][\n]"
08:17:50.867 [main] DEBUG org.apache.hc.client5.http.wire - http-outgoing-27 << "Content-Length: 723[\r][\n]"
08:17:50.867 [main] DEBUG org.apache.hc.client5.http.wire - http-outgoing-27 << "Cache-Control: max-age=300[\r][\n]"
08:17:50.867 [main] DEBUG org.apache.hc.client5.http.wire - http-outgoing-27 << "Content-Security-Policy: default-src 'none'; style-src 'unsafe-inline'; sandbox[\r][\n]"
08:17:50.867 [main] DEBUG org.apache.hc.client5.http.wire - http-outgoing-27 << "Content-Type: text/plain; charset=utf-8[\r][\n]"
08:17:50.867 [main] DEBUG org.apache.hc.client5.http.wire - http-outgoing-27 << "ETag: W/"e82b438271e9e8680c688b0b680efd0bdd22faa6d6f0a32fc1fd8accc486b67e"[\r][\n]"
08:17:50.867 [main] DEBUG org.apache.hc.client5.http.wire - http-outgoing-27 << "Strict-Transport-Security: max-age=31536000[\r][\n]"
08:17:50.867 [main] DEBUG org.apache.hc.client5.http.wire - http-outgoing-27 << "X-Content-Type-Options: nosniff[\r][\n]"
08:17:50.867 [main] DEBUG org.apache.hc.client5.http.wire - http-outgoing-27 << "X-Frame-Options: deny[\r][\n]"
08:17:50.867 [main] DEBUG org.apache.hc.client5.http.wire - http-outgoing-27 << "X-XSS-Protection: 1; mode=block[\r][\n]"
08:17:50.867 [main] DEBUG org.apache.hc.client5.http.wire - http-outgoing-27 << "X-GitHub-Request-Id: 4CA0:B8C7F:70C4E:8CACE:651389F9[\r][\n]"
08:17:50.867 [main] DEBUG org.apache.hc.client5.http.wire - http-outgoing-27 << "Content-Encoding: gzip[\r][\n]"
08:17:50.867 [main] DEBUG org.apache.hc.client5.http.wire - http-outgoing-27 << "Accept-Ranges: bytes[\r][\n]"
08:17:50.867 [main] DEBUG org.apache.hc.client5.http.wire - http-outgoing-27 << "Date: Fri, 06 Oct 2023 01:17:52 GMT[\r][\n]"
08:17:50.868 [main] DEBUG org.apache.hc.client5.http.wire - http-outgoing-27 << "Via: 1.1 varnish[\r][\n]"
08:17:50.868 [main] DEBUG org.apache.hc.client5.http.wire - http-outgoing-27 << "X-Served-By: cache-qpg1238-QPG[\r][\n]"
08:17:50.868 [main] DEBUG org.apache.hc.client5.http.wire - http-outgoing-27 << "X-Cache: HIT[\r][\n]"
08:17:50.868 [main] DEBUG org.apache.hc.client5.http.wire - http-outgoing-27 << "X-Cache-Hits: 2[\r][\n]"
08:17:50.868 [main] DEBUG org.apache.hc.client5.http.wire - http-outgoing-27 << "X-Timer: S1696555073.980039,VS0,VE0[\r][\n]"
08:17:50.868 [main] DEBUG org.apache.hc.client5.http.wire - http-outgoing-27 << "Vary: Authorization,Accept-Encoding,Origin[\r][\n]"
08:17:50.868 [main] DEBUG org.apache.hc.client5.http.wire - http-outgoing-27 << "Access-Control-Allow-Origin: *[\r][\n]"
08:17:50.868 [main] DEBUG org.apache.hc.client5.http.wire - http-outgoing-27 << "Cross-Origin-Resource-Policy: cross-origin[\r][\n]"
08:17:50.868 [main] DEBUG org.apache.hc.client5.http.wire - http-outgoing-27 << "X-Fastly-Request-ID: c8c156753299229c74e615a4c7308dcb6db21cac[\r][\n]"
08:17:50.868 [main] DEBUG org.apache.hc.client5.http.wire - http-outgoing-27 << "Expires: Fri, 06 Oct 2023 01:22:52 GMT[\r][\n]"
08:17:50.868 [main] DEBUG org.apache.hc.client5.http.wire - http-outgoing-27 << "Source-Age: 105[\r][\n]"
08:17:50.868 [main] DEBUG org.apache.hc.client5.http.wire - http-outgoing-27 << "[\r][\n]"
08:17:50.868 [main] DEBUG org.apache.hc.client5.http.headers - http-outgoing-27 << HTTP/1.1 200 OK
08:17:50.868 [main] DEBUG org.apache.hc.client5.http.headers - http-outgoing-27 << Connection: keep-alive
08:17:50.868 [main] DEBUG org.apache.hc.client5.http.headers - http-outgoing-27 << Content-Length: 723
08:17:50.868 [main] DEBUG org.apache.hc.client5.http.headers - http-outgoing-27 << Cache-Control: max-age=300
08:17:50.868 [main] DEBUG org.apache.hc.client5.http.headers - http-outgoing-27 << Content-Security-Policy: default-src 'none'; style-src 'unsafe-inline'; sandbox
08:17:50.868 [main] DEBUG org.apache.hc.client5.http.headers - http-outgoing-27 << Content-Type: text/plain; charset=utf-8
08:17:50.868 [main] DEBUG org.apache.hc.client5.http.headers - http-outgoing-27 << ETag: W/"e82b438271e9e8680c688b0b680efd0bdd22faa6d6f0a32fc1fd8accc486b67e"
08:17:50.868 [main] DEBUG org.apache.hc.client5.http.headers - http-outgoing-27 << Strict-Transport-Security: max-age=31536000
08:17:50.868 [main] DEBUG org.apache.hc.client5.http.headers - http-outgoing-27 << X-Content-Type-Options: nosniff
08:17:50.868 [main] DEBUG org.apache.hc.client5.http.headers - http-outgoing-27 << X-Frame-Options: deny
08:17:50.868 [main] DEBUG org.apache.hc.client5.http.headers - http-outgoing-27 << X-XSS-Protection: 1; mode=block
08:17:50.868 [main] DEBUG org.apache.hc.client5.http.headers - http-outgoing-27 << X-GitHub-Request-Id: 4CA0:B8C7F:70C4E:8CACE:651389F9
08:17:50.868 [main] DEBUG org.apache.hc.client5.http.headers - http-outgoing-27 << Content-Encoding: gzip
08:17:50.868 [main] DEBUG org.apache.hc.client5.http.headers - http-outgoing-27 << Accept-Ranges: bytes
08:17:50.868 [main] DEBUG org.apache.hc.client5.http.headers - http-outgoing-27 << Date: Fri, 06 Oct 2023 01:17:52 GMT
08:17:50.868 [main] DEBUG org.apache.hc.client5.http.headers - http-outgoing-27 << Via: 1.1 varnish
08:17:50.868 [main] DEBUG org.apache.hc.client5.http.headers - http-outgoing-27 << X-Served-By: cache-qpg1238-QPG
08:17:50.868 [main] DEBUG org.apache.hc.client5.http.headers - http-outgoing-27 << X-Cache: HIT
08:17:50.868 [main] DEBUG org.apache.hc.client5.http.headers - http-outgoing-27 << X-Cache-Hits: 2
08:17:50.868 [main] DEBUG org.apache.hc.client5.http.headers - http-outgoing-27 << X-Timer: S1696555073.980039,VS0,VE0
08:17:50.868 [main] DEBUG org.apache.hc.client5.http.headers - http-outgoing-27 << Vary: Authorization,Accept-Encoding,Origin
08:17:50.868 [main] DEBUG org.apache.hc.client5.http.headers - http-outgoing-27 << Access-Control-Allow-Origin: *
08:17:50.868 [main] DEBUG org.apache.hc.client5.http.headers - http-outgoing-27 << Cross-Origin-Resource-Policy: cross-origin
08:17:50.868 [main] DEBUG org.apache.hc.client5.http.headers - http-outgoing-27 << X-Fastly-Request-ID: c8c156753299229c74e615a4c7308dcb6db21cac
08:17:50.868 [main] DEBUG org.apache.hc.client5.http.headers - http-outgoing-27 << Expires: Fri, 06 Oct 2023 01:22:52 GMT
08:17:50.868 [main] DEBUG org.apache.hc.client5.http.headers - http-outgoing-27 << Source-Age: 105
08:17:50.868 [main] DEBUG org.apache.hc.client5.http.impl.classic.MainClientExec - ex-00000025: connection can be kept alive for 3 MINUTES
08:17:50.869 [main] DEBUG org.apache.hc.client5.http.wire - http-outgoing-27 << "[0x1f][0xffffff8b][0x8][0x0][0x0][0x0][0x0][0x0][0x0][0x3][0xffffffb5]V]o[0xffffffda]0[0x14]}[0xffffffe7]W\[0xffffff81]*[0xffffffb5][0x12][0x1f][[M[0xffffffd3]$[0x1e]hF[0xffffffbb]i [0x18][0xffffffb4][0xffffffdd]&[0xfffffff9][0xffffffc5]$7[0xffffffc1]R[0x12]#;[0xffffff94]v[0xffffffbf]~[0xffffffb6][0xfffffff3]1[0xffffff92][0xffffff9a][0xffffffc1][0x1a]x[0xffffffcb][0xffffffb5][0xffffffaf][0xffffffcf]9[0xffffffbe][0xfffffff7]8v[0xb][0x1c][0x1e]E4[0xfffffff6]$x4[0xffffffa1][0xb]*[0xffffffb1][0xffffffd1][0xffffff82][0xfffffffb]%[0xffffff93][0xffffffe0][0xffffffb3][0x10][0xffffffc1][0xffffffe5]qBY,!Y[0xffffffea] KM8,[0x10][0xfffffff0][0x19][0xffffffdd]u[0xffffff82][0x1e][0xffffffb0][0xffffffd8]L[0xffffffcb]%[0xffffff86][0xffffffa1][0xe][0xffffffb8][0xfffffff0]P[0xffffffe8]$[0xf][0x13]t[0x13]3[0xfffffff9][0xffffff84]B2[0xffffffae][0xffffffe6]|@[0xfffffff5][0x1d][0x8][0xffffffc4][0x18][0x16][0xffffff82]o[0xffffffa4][0xffffff9a]P[0xffffff94][0xffffffe7][0xffffffce]R[0xfffffff0][0x8][0xffffffdb]p[0xffffffcb][0x4][0xfffffffa][0xfffffffc][0xffffffb9][\r][0xffffff93][0x15][\n]"
08:17:50.869 [main] DEBUG org.apache.hc.client5.http.wire - http-outgoing-27 << "[0xffffffda][0xffffff86][0xffffffa1][0x17][0xffffffa8]Q3[0xffffffcb][0xffffffd6][0xffffffd1][0xffffff85][0xffffffc6][0xfffffff7][0xffffff98][0xffffffef][0xffffffa3][0xffffffc0]8[0x1][0xffffffae]s[0x12][0x16][0x7] _d[0xffffff82][0xffffff91][0xffffff84][0xfffffff3][0x1f],[0xfffffff6][0x14]j[0x1b]F,^+[0xffffff98]1ua2[0xffffffbf]h([0xffffff8e][0xffffff94][0xffffffa2][0xffffff91]m[0xffffffa3][0xffffffeb][0xffffff9a][0xffffffb0][0xffffffbb]I[0x17]t[0xffffffdf][0xffffffbd][0xffffffef][0xffffffbb][0xffffff91][0xffffffd7]U[0xffffffbb][0xffffff82][0xffffff9e][0x3][0xffffff9b][0xffffff88][0xffffffb9][0xffffffa6]$[0xffffffa6][0xc][0xffffff9b][0xffffffa5][0xffffffe2][0xffffff83][0xffffff98]F[0xffffffd8]o[0xffffff9e]Mg[0xffffff93][0xffffffbb][0xffffffd9]`|[0xfffffffb]u4[0xffffff9c][0x7f]"}B[0xffffffce][0x8][0xffffffb9][0xffffffe3]<[0x8][0xffffff91][0xffffff90][0xffffff94][0xffffff82][0xffffff90][0xffffffc1]j[0x15]2WI[0xffffffe3]1![0x19][0xffffff91]BnB[0xffffff80][0x9]<f[0xffffffb5][0xffffffe8]=[0xffffffd1]p[0xffffffbd][[0xffffffcf][0xffffffe5][0x1b][0xfffffff4][0xffffff9c][0xffffffff][0xfffffffc][0xfffffff8][0xffffffe1][0xffffffe2][0xffffff94][0xffffffa2][0xffffffae][0xe][0x14]5[0xffffff9a]8[0xffffff83][0xffffffd1]`:[0xfffffffd]<[0xffffffb8][0x1f][0xffffff9c]R[0xffffffcf]u[0x7f]6[0xffffffbc][0xffffff83][0xffffffef][0xf][0xffffffc3][0xffffffd9]/[0xfffffff8][0xfffffff2][0xffffffcd]y s[0xffffffee]'[0x1b]*0g[0xffffffcb][0xffffffc8]nF7H][0xffffff83][0xffffff97]{[0xffffffb1]Q[0x5][\r][0xffffffb5]c[0xffffffb4][0xf][0x2][0xffffffb3][0xffffffb4][0xffffff93][0xe]C[0xffffffa7][0xffffffb3]kAD][0xffffff9d][0xffffffde][0xffffffdb][0xffffffda][0xffffff88][0xffffffec][0xffffffa5][0xffffffbc][0xffffff99][0xffffffd9][0xffffffba]t[0xffffffb5][0xffffffea]9[0xffffffea][0x10])[0xffffffb7][0xffffffca][0xffffff9e][0xfffffff2][0xffffffe2]d^N[0xffffffd8]FW[0x16][0xffffffcd][0xffffffdc]_[0x10][0xfffffff9]i|[0x1c][0xffffff93][0xffffff8e][0xfffffff9]o[0x16][0xffffff86]4'!$G[0xffffffdf]W[0xfffffff4]W*j[[0xfffffff3]xR[0xffffffae][0xffffffb6][0xc][0xffffffd0],; #[0xffffffa9][0xffffff92]5[0xffffffb5][0x7][0xffffff9c][0xffffffb5][0xffffffd0][0x7f][0xffffff90][0xffffffc7]jgs[0xfffffffc][0xffffffc2][0xb][0xffffffd9][0x0]t[0xffffff9e]^'Y[0xfffffffb][0xffffff9f][0xffffffb1][0xffffffd8]:[0xffffffbf][0xffffff8d][0xffffffa5][0xffffff9a][0xffffffad][0x7f]m[0x5]&[0xffffffaa][0xffffffa0]^[0xffffff9b][0xffffffcb][0x5]f[0xffffffae][0xffffffe0]RU[0xffffff82][0x10]MS9l[0xffffff91]4t[0xfffffffb][0xffffff8a]][0xffffffd6][0xfffffff4][0xffffff96][0xffffffa6][0xffffff9f]P[0xffffffce][0xffffffd5][0xffffffce][0xffffff93][0xffffffff][0xffffff97][0xffffffcc]p[0xfffffffd][0xfffffff3][0xffffffe8][0x1b][0xffffffcc][0xffffffa2][0xffffffd9]Q[0xffffffbe][0xffffffb2][0xffffffa3][0xffffffc7]m'[0xffffffdf][0xffffffe4][[0xfffffffb]^[0xffffffb0][0xffffff9a][0xffffffbe][0xffffffda][0xffffffda]_[0xffffffce][0xffffff80][0xffffffd2][0xffffffc1]7[0xffffffb7]][0xffffffc1]b[0xffffffee][0xffffffb5][0xffffffff]w[0xffffff83][0xffffffed][0xffffffa7];[0x15]<[0x10]4[0xffffff92][0xffffff84][0x18][\n]"
08:17:50.869 [main] DEBUG org.apache.hc.client5.http.wire - http-outgoing-27 << "BB[0xffffffba][0xffffff8e]][0xffffffb5]jo[0xffffffb9]+"[0xffffffea][0xffffffb4][0xffffffff]h"[0xffffffea]\?5[0xffffffa9][0xffffffaf]k[0xffffffec][0xffffffff]P[0xffffffea][\n]"
08:17:50.869 [main] DEBUG org.apache.hc.client5.http.wire - http-outgoing-27 << "w[0xffffffe1]K[0x13][0xffffffda][0xffffffec][0xffffff98][0xffffffe6]Y[0xfffffffd]h8m6[0xffffff9c]T[0xffffffc1][0xfffffff2][0xffffffa7][0xffffff91]z_[0xffffff95]o85p[0x1c][0x13][0xffffffe6][0xfffffff0]5[0xffffffee][0xfffffffc][0xffffff92][0xffffff96][0xffffffda][0xfffffff7][0xffffffcf][0xffffffb1][0x5][0x1d][0xffffffea]K[0xffffff9b]9[0xffffff8e][0xffffffad]e[0xfffffff7][0xffffff93][0xffffffa8]`[0xffffffda][0xffffffff][0x1a][0xffffffd2][0xffffff88][0xffffff85][0xfffffffd][0xfffffff2][0xffffff91]N[0xfffffff6]`[0xffffffdf]2[0xffffffcf][0xffffffae]E[0xffffff97][0xffffffc5][0xffffffa2][0xffffff9d][0xffffffef]'[0xffffff9d]mun.[0xffffffd3]f^[0xffffffc7][0xffffff82][0xffffffda][0xffffff82]9[0xfffffff5][0xffffffa9]`[0x5][0xffffffbc]4[0xffffffa1][0x1d]<M[0xffffffb5]A[0xffffffa7]3[[0xffffffc0][0x7f][0x0][0xffffffc1][0xffffffd0]$[0xffffff85][0x1d][\r][0x0][0x0]"
08:17:50.870 [main] DEBUG org.apache.hc.client5.http.impl.classic.InternalHttpClient - ep-00000024: releasing valid endpoint
08:17:50.870 [main] DEBUG org.apache.hc.client5.http.impl.io.PoolingHttpClientConnectionManager - ep-00000024: releasing endpoint
08:17:50.870 [main] DEBUG org.apache.hc.client5.http.impl.io.PoolingHttpClientConnectionManager - ep-00000024: connection http-outgoing-27 can be kept alive for 3 MINUTES
08:17:50.870 [main] DEBUG org.apache.hc.client5.http.impl.io.PoolingHttpClientConnectionManager - ep-00000024: connection released [route: {s}->https://raw.githubusercontent.com:443][total available: 1; route allocated: 1 of 5; total allocated: 1 of 25]
08:17:50.870 [main] DEBUG io.github.bonigarcia.wdm.versions.VersionDetector - Detecting chrome version using online commands.properties
08:17:50.871 [main] DEBUG io.github.bonigarcia.wdm.versions.Shell - Running command on the shell: [cmd.exe, /C, wmic, datafile, where, name="%PROGRAMFILES:\=\\%\\Google\\Chrome\\Application\\chrome.exe", get, Version, /value]
08:17:50.993 [main] DEBUG io.github.bonigarcia.wdm.versions.Shell - Result: Version=117.0.5938.134
08:17:50.996 [main] DEBUG org.apache.hc.client5.http.impl.classic.InternalHttpClient - ex-00000026: preparing request execution
08:17:50.996 [main] DEBUG org.apache.hc.client5.http.protocol.RequestAddCookies - Cookie spec selected: strict
08:17:50.996 [main] DEBUG org.apache.hc.client5.http.protocol.RequestAuthCache - Auth cache not set in the context
08:17:50.996 [main] DEBUG org.apache.hc.client5.http.impl.classic.ProtocolExec - ex-00000026: target auth state: UNCHALLENGED
08:17:50.996 [main] DEBUG org.apache.hc.client5.http.impl.classic.ProtocolExec - ex-00000026: proxy auth state: UNCHALLENGED
08:17:50.996 [main] DEBUG org.apache.hc.client5.http.impl.classic.ConnectExec - ex-00000026: acquiring connection with route {s}->https://chromedriver.storage.googleapis.com:443
08:17:50.996 [main] DEBUG org.apache.hc.client5.http.impl.classic.InternalHttpClient - ex-00000026: acquiring endpoint (3 MINUTES)
08:17:50.996 [main] DEBUG org.apache.hc.client5.http.impl.io.PoolingHttpClientConnectionManager - ex-00000026: endpoint lease request (3 MINUTES) [route: {s}->https://chromedriver.storage.googleapis.com:443][total available: 1; route allocated: 0 of 5; total allocated: 1 of 25]
08:17:50.996 [main] DEBUG org.apache.hc.client5.http.impl.io.PoolingHttpClientConnectionManager - ex-00000026: endpoint leased [route: {s}->https://chromedriver.storage.googleapis.com:443][total available: 1; route allocated: 1 of 5; total allocated: 2 of 25]
08:17:50.996 [main] DEBUG org.apache.hc.client5.http.impl.io.PoolingHttpClientConnectionManager - ex-00000026: acquired ep-00000025
08:17:50.996 [main] DEBUG org.apache.hc.client5.http.impl.classic.InternalHttpClient - ex-00000026: acquired endpoint ep-00000025
08:17:50.996 [main] DEBUG org.apache.hc.client5.http.impl.classic.ConnectExec - ex-00000026: opening connection {s}->https://chromedriver.storage.googleapis.com:443
08:17:50.996 [main] DEBUG org.apache.hc.client5.http.impl.classic.InternalHttpClient - ep-00000025: connecting endpoint (30 SECONDS)
08:17:50.996 [main] DEBUG org.apache.hc.client5.http.impl.io.PoolingHttpClientConnectionManager - ep-00000025: connecting endpoint to https://chromedriver.storage.googleapis.com:443 (30 SECONDS)
08:17:50.996 [main] DEBUG org.apache.hc.client5.http.impl.io.DefaultHttpClientConnectionOperator - http-outgoing-28: connecting to chromedriver.storage.googleapis.com/34.101.5.27:443
08:17:50.996 [main] DEBUG org.apache.hc.client5.http.ssl.SSLConnectionSocketFactory - Connecting socket to chromedriver.storage.googleapis.com/34.101.5.27:443 with timeout 30 SECONDS
08:17:51.002 [main] DEBUG org.apache.hc.client5.http.ssl.SSLConnectionSocketFactory - Enabled protocols: [TLSv1.3, TLSv1.2]
08:17:51.002 [main] DEBUG org.apache.hc.client5.http.ssl.SSLConnectionSocketFactory - Enabled cipher suites: [TLS_AES_256_GCM_SHA384, TLS_AES_128_GCM_SHA256, TLS_CHACHA20_POLY1305_SHA256, TLS_ECDHE_ECDSA_WITH_AES_256_GCM_SHA384, TLS_ECDHE_ECDSA_WITH_AES_128_GCM_SHA256, TLS_ECDHE_ECDSA_WITH_CHACHA20_POLY1305_SHA256, TLS_ECDHE_RSA_WITH_AES_256_GCM_SHA384, TLS_ECDHE_RSA_WITH_CHACHA20_POLY1305_SHA256, TLS_ECDHE_RSA_WITH_AES_128_GCM_SHA256, TLS_DHE_RSA_WITH_AES_256_GCM_SHA384, TLS_DHE_RSA_WITH_CHACHA20_POLY1305_SHA256, TLS_DHE_DSS_WITH_AES_256_GCM_SHA384, TLS_DHE_RSA_WITH_AES_128_GCM_SHA256, TLS_DHE_DSS_WITH_AES_128_GCM_SHA256, TLS_ECDHE_ECDSA_WITH_AES_256_CBC_SHA384, TLS_ECDHE_RSA_WITH_AES_256_CBC_SHA384, TLS_ECDHE_ECDSA_WITH_AES_128_CBC_SHA256, TLS_ECDHE_RSA_WITH_AES_128_CBC_SHA256, TLS_DHE_RSA_WITH_AES_256_CBC_SHA256, TLS_DHE_DSS_WITH_AES_256_CBC_SHA256, TLS_DHE_RSA_WITH_AES_128_CBC_SHA256, TLS_DHE_DSS_WITH_AES_128_CBC_SHA256, TLS_ECDH_ECDSA_WITH_AES_256_GCM_SHA384, TLS_ECDH_RSA_WITH_AES_256_GCM_SHA384, TLS_ECDH_ECDSA_WITH_AES_128_GCM_SHA256, TLS_ECDH_RSA_WITH_AES_128_GCM_SHA256, TLS_ECDH_ECDSA_WITH_AES_256_CBC_SHA384, TLS_ECDH_RSA_WITH_AES_256_CBC_SHA384, TLS_ECDH_ECDSA_WITH_AES_128_CBC_SHA256, TLS_ECDH_RSA_WITH_AES_128_CBC_SHA256, TLS_ECDHE_ECDSA_WITH_AES_256_CBC_SHA, TLS_ECDHE_RSA_WITH_AES_256_CBC_SHA, TLS_ECDHE_ECDSA_WITH_AES_128_CBC_SHA, TLS_ECDHE_RSA_WITH_AES_128_CBC_SHA, TLS_DHE_RSA_WITH_AES_256_CBC_SHA, TLS_DHE_DSS_WITH_AES_256_CBC_SHA, TLS_DHE_RSA_WITH_AES_128_CBC_SHA, TLS_DHE_DSS_WITH_AES_128_CBC_SHA, TLS_ECDH_ECDSA_WITH_AES_256_CBC_SHA, TLS_ECDH_RSA_WITH_AES_256_CBC_SHA, TLS_ECDH_ECDSA_WITH_AES_128_CBC_SHA, TLS_ECDH_RSA_WITH_AES_128_CBC_SHA, TLS_RSA_WITH_AES_256_GCM_SHA384, TLS_RSA_WITH_AES_128_GCM_SHA256, TLS_RSA_WITH_AES_256_CBC_SHA256, TLS_RSA_WITH_AES_128_CBC_SHA256, TLS_RSA_WITH_AES_256_CBC_SHA, TLS_RSA_WITH_AES_128_CBC_SHA, TLS_EMPTY_RENEGOTIATION_INFO_SCSV]
08:17:51.002 [main] DEBUG org.apache.hc.client5.http.ssl.SSLConnectionSocketFactory - Starting handshake
08:17:51.041 [main] DEBUG org.apache.hc.client5.http.ssl.SSLConnectionSocketFactory - Secure session established
08:17:51.041 [main] DEBUG org.apache.hc.client5.http.ssl.SSLConnectionSocketFactory -  negotiated protocol: TLSv1.3
08:17:51.041 [main] DEBUG org.apache.hc.client5.http.ssl.SSLConnectionSocketFactory -  negotiated cipher suite: TLS_AES_256_GCM_SHA384
08:17:51.041 [main] DEBUG org.apache.hc.client5.http.ssl.SSLConnectionSocketFactory -  peer principal: CN=*.storage.googleapis.com
08:17:51.041 [main] DEBUG org.apache.hc.client5.http.ssl.SSLConnectionSocketFactory -  peer alternative names: [*.storage.googleapis.com, *.googleapis.com, commondatastorage.googleapis.com, *.commondatastorage.googleapis.com, storage.googleapis.com, storage-p2.googleapis.com, *.storage-p2.googleapis.com, storage.mtls.googleapis.com, *.appspot.com.storage.googleapis.com, *.content-storage.googleapis.com, *.content-storage-p2.googleapis.com, *.content-storage-upload.googleapis.com, *.content-storage-download.googleapis.com, *.storage-upload.googleapis.com, *.storage-download.googleapis.com]
08:17:51.041 [main] DEBUG org.apache.hc.client5.http.ssl.SSLConnectionSocketFactory -  issuer principal: CN=GTS CA 1C3, O=Google Trust Services LLC, C=US
08:17:51.041 [main] DEBUG org.apache.hc.client5.http.impl.io.DefaultHttpClientConnectionOperator - http-outgoing-28: connection established 192.168.100.42:64576<->34.101.5.27:443
08:17:51.041 [main] DEBUG org.apache.hc.client5.http.impl.io.PoolingHttpClientConnectionManager - ep-00000025: connected http-outgoing-28
08:17:51.041 [main] DEBUG org.apache.hc.client5.http.impl.classic.InternalHttpClient - ep-00000025: endpoint connected
08:17:51.041 [main] DEBUG org.apache.hc.client5.http.impl.classic.MainClientExec - ex-00000026: executing GET /LATEST_RELEASE_117 HTTP/1.1
08:17:51.041 [main] DEBUG org.apache.hc.client5.http.impl.classic.InternalHttpClient - ep-00000025: start execution ex-00000026
08:17:51.041 [main] DEBUG org.apache.hc.client5.http.impl.io.PoolingHttpClientConnectionManager - ep-00000025: executing exchange ex-00000026 over http-outgoing-28
08:17:51.041 [main] DEBUG org.apache.hc.client5.http.headers - http-outgoing-28 >> GET /LATEST_RELEASE_117 HTTP/1.1
08:17:51.041 [main] DEBUG org.apache.hc.client5.http.headers - http-outgoing-28 >> user-agent: Apache-HttpClient/5.0
08:17:51.041 [main] DEBUG org.apache.hc.client5.http.headers - http-outgoing-28 >> accept-encoding: gzip, deflate, br
08:17:51.041 [main] DEBUG org.apache.hc.client5.http.headers - http-outgoing-28 >> cache-control: max-age=0
08:17:51.041 [main] DEBUG org.apache.hc.client5.http.headers - http-outgoing-28 >> connection: keep-alive
08:17:51.041 [main] DEBUG org.apache.hc.client5.http.headers - http-outgoing-28 >> Host: chromedriver.storage.googleapis.com
08:17:51.041 [main] DEBUG org.apache.hc.client5.http.wire - http-outgoing-28 >> "GET /LATEST_RELEASE_117 HTTP/1.1[\r][\n]"
08:17:51.041 [main] DEBUG org.apache.hc.client5.http.wire - http-outgoing-28 >> "user-agent: Apache-HttpClient/5.0[\r][\n]"
08:17:51.041 [main] DEBUG org.apache.hc.client5.http.wire - http-outgoing-28 >> "accept-encoding: gzip, deflate, br[\r][\n]"
08:17:51.041 [main] DEBUG org.apache.hc.client5.http.wire - http-outgoing-28 >> "cache-control: max-age=0[\r][\n]"
08:17:51.041 [main] DEBUG org.apache.hc.client5.http.wire - http-outgoing-28 >> "connection: keep-alive[\r][\n]"
08:17:51.041 [main] DEBUG org.apache.hc.client5.http.wire - http-outgoing-28 >> "Host: chromedriver.storage.googleapis.com[\r][\n]"
08:17:51.041 [main] DEBUG org.apache.hc.client5.http.wire - http-outgoing-28 >> "[\r][\n]"
08:17:51.268 [main] DEBUG org.apache.hc.client5.http.wire - http-outgoing-28 << "HTTP/1.1 404 Not Found[\r][\n]"
08:17:51.268 [main] DEBUG org.apache.hc.client5.http.wire - http-outgoing-28 << "X-GUploader-UploadID: ADPycdvFFkoRuBQ3gsaDmJ7z5TwUS4huqWmBjwRX044v9fa5X2UJ8hYpGkgjdqtuzG2rpy-YP2W0fxrmIfP1SFbs7laCTYmmPj4_[\r][\n]"
08:17:51.268 [main] DEBUG org.apache.hc.client5.http.wire - http-outgoing-28 << "Content-Type: application/xml; charset=UTF-8[\r][\n]"
08:17:51.268 [main] DEBUG org.apache.hc.client5.http.wire - http-outgoing-28 << "Content-Length: 193[\r][\n]"
08:17:51.268 [main] DEBUG org.apache.hc.client5.http.wire - http-outgoing-28 << "Date: Fri, 06 Oct 2023 01:17:53 GMT[\r][\n]"
08:17:51.268 [main] DEBUG org.apache.hc.client5.http.wire - http-outgoing-28 << "Expires: Fri, 06 Oct 2023 01:17:53 GMT[\r][\n]"
08:17:51.268 [main] DEBUG org.apache.hc.client5.http.wire - http-outgoing-28 << "Cache-Control: private, max-age=0[\r][\n]"
08:17:51.268 [main] DEBUG org.apache.hc.client5.http.wire - http-outgoing-28 << "Server: UploadServer[\r][\n]"
08:17:51.268 [main] DEBUG org.apache.hc.client5.http.wire - http-outgoing-28 << "Alt-Svc: h3=":443"; ma=2592000,h3-29=":443"; ma=2592000[\r][\n]"
08:17:51.268 [main] DEBUG org.apache.hc.client5.http.wire - http-outgoing-28 << "[\r][\n]"
08:17:51.269 [main] DEBUG org.apache.hc.client5.http.wire - http-outgoing-28 << "<?xml version='1.0' encoding='UTF-8'?><Error><Code>NoSuchKey</Code><Message>The specified key does not exist.</Message><Details>No such object: chromedriver/LATEST_RELEASE_117</Details></Error>"
08:17:51.269 [main] DEBUG org.apache.hc.client5.http.headers - http-outgoing-28 << HTTP/1.1 404 Not Found
08:17:51.269 [main] DEBUG org.apache.hc.client5.http.headers - http-outgoing-28 << X-GUploader-UploadID: ADPycdvFFkoRuBQ3gsaDmJ7z5TwUS4huqWmBjwRX044v9fa5X2UJ8hYpGkgjdqtuzG2rpy-YP2W0fxrmIfP1SFbs7laCTYmmPj4_
08:17:51.269 [main] DEBUG org.apache.hc.client5.http.headers - http-outgoing-28 << Content-Type: application/xml; charset=UTF-8
08:17:51.269 [main] DEBUG org.apache.hc.client5.http.headers - http-outgoing-28 << Content-Length: 193
08:17:51.269 [main] DEBUG org.apache.hc.client5.http.headers - http-outgoing-28 << Date: Fri, 06 Oct 2023 01:17:53 GMT
08:17:51.269 [main] DEBUG org.apache.hc.client5.http.headers - http-outgoing-28 << Expires: Fri, 06 Oct 2023 01:17:53 GMT
08:17:51.269 [main] DEBUG org.apache.hc.client5.http.headers - http-outgoing-28 << Cache-Control: private, max-age=0
08:17:51.269 [main] DEBUG org.apache.hc.client5.http.headers - http-outgoing-28 << Server: UploadServer
08:17:51.269 [main] DEBUG org.apache.hc.client5.http.headers - http-outgoing-28 << Alt-Svc: h3=":443"; ma=2592000,h3-29=":443"; ma=2592000
08:17:51.269 [main] DEBUG org.apache.hc.client5.http.impl.classic.MainClientExec - ex-00000026: connection can be kept alive for 3 MINUTES
08:17:51.270 [main] ERROR io.github.bonigarcia.wdm.online.HttpClient - Error HTTP 404 executing https://chromedriver.storage.googleapis.com/LATEST_RELEASE_117
08:17:51.270 [main] WARN io.github.bonigarcia.wdm.versions.VersionDetector - Exception reading https://chromedriver.storage.googleapis.com/LATEST_RELEASE_117 to get latest version of chromedriver (Error HTTP 404 executing https://chromedriver.storage.googleapis.com/LATEST_RELEASE_117)
08:17:51.271 [main] DEBUG io.github.bonigarcia.wdm.versions.VersionDetector - Getting driver version for chrome117 from online versions.properties
08:17:51.273 [main] DEBUG org.apache.hc.client5.http.impl.classic.InternalHttpClient - ex-00000027: preparing request execution
08:17:51.273 [main] DEBUG org.apache.hc.client5.http.protocol.RequestAddCookies - Cookie spec selected: strict
08:17:51.273 [main] DEBUG org.apache.hc.client5.http.protocol.RequestAuthCache - Auth cache not set in the context
08:17:51.273 [main] DEBUG org.apache.hc.client5.http.impl.classic.ProtocolExec - ex-00000027: target auth state: UNCHALLENGED
08:17:51.273 [main] DEBUG org.apache.hc.client5.http.impl.classic.ProtocolExec - ex-00000027: proxy auth state: UNCHALLENGED
08:17:51.273 [main] DEBUG org.apache.hc.client5.http.impl.classic.ConnectExec - ex-00000027: acquiring connection with route {s}->https://raw.githubusercontent.com:443
08:17:51.273 [main] DEBUG org.apache.hc.client5.http.impl.classic.InternalHttpClient - ex-00000027: acquiring endpoint (3 MINUTES)
08:17:51.273 [main] DEBUG org.apache.hc.client5.http.impl.io.PoolingHttpClientConnectionManager - ex-00000027: endpoint lease request (3 MINUTES) [route: {s}->https://raw.githubusercontent.com:443][total available: 1; route allocated: 1 of 5; total allocated: 2 of 25]
08:17:51.273 [main] DEBUG org.apache.hc.client5.http.impl.io.PoolingHttpClientConnectionManager - ex-00000027: endpoint leased [route: {s}->https://raw.githubusercontent.com:443][total available: 0; route allocated: 1 of 5; total allocated: 2 of 25]
08:17:51.274 [main] DEBUG org.apache.hc.client5.http.impl.io.PoolingHttpClientConnectionManager - ex-00000027: acquired ep-00000026
08:17:51.274 [main] DEBUG org.apache.hc.client5.http.impl.classic.InternalHttpClient - ex-00000027: acquired endpoint ep-00000026
08:17:51.274 [main] DEBUG org.apache.hc.client5.http.impl.classic.MainClientExec - ex-00000027: executing GET /bonigarcia/webdrivermanager/master/src/main/resources/versions.properties HTTP/1.1
08:17:51.274 [main] DEBUG org.apache.hc.client5.http.impl.classic.InternalHttpClient - ep-00000026: start execution ex-00000027
08:17:51.274 [main] DEBUG org.apache.hc.client5.http.impl.io.PoolingHttpClientConnectionManager - ep-00000026: executing exchange ex-00000027 over http-outgoing-27
08:17:51.274 [main] DEBUG org.apache.hc.client5.http.headers - http-outgoing-27 >> GET /bonigarcia/webdrivermanager/master/src/main/resources/versions.properties HTTP/1.1
08:17:51.274 [main] DEBUG org.apache.hc.client5.http.headers - http-outgoing-27 >> user-agent: Apache-HttpClient/5.0
08:17:51.274 [main] DEBUG org.apache.hc.client5.http.headers - http-outgoing-27 >> accept-encoding: gzip, deflate, br
08:17:51.274 [main] DEBUG org.apache.hc.client5.http.headers - http-outgoing-27 >> cache-control: max-age=0
08:17:51.274 [main] DEBUG org.apache.hc.client5.http.headers - http-outgoing-27 >> connection: keep-alive
08:17:51.274 [main] DEBUG org.apache.hc.client5.http.headers - http-outgoing-27 >> Host: raw.githubusercontent.com
08:17:51.274 [main] DEBUG org.apache.hc.client5.http.wire - http-outgoing-27 >> "GET /bonigarcia/webdrivermanager/master/src/main/resources/versions.properties HTTP/1.1[\r][\n]"
08:17:51.274 [main] DEBUG org.apache.hc.client5.http.wire - http-outgoing-27 >> "user-agent: Apache-HttpClient/5.0[\r][\n]"
08:17:51.274 [main] DEBUG org.apache.hc.client5.http.wire - http-outgoing-27 >> "accept-encoding: gzip, deflate, br[\r][\n]"
08:17:51.274 [main] DEBUG org.apache.hc.client5.http.wire - http-outgoing-27 >> "cache-control: max-age=0[\r][\n]"
08:17:51.274 [main] DEBUG org.apache.hc.client5.http.wire - http-outgoing-27 >> "connection: keep-alive[\r][\n]"
08:17:51.274 [main] DEBUG org.apache.hc.client5.http.wire - http-outgoing-27 >> "Host: raw.githubusercontent.com[\r][\n]"
08:17:51.274 [main] DEBUG org.apache.hc.client5.http.wire - http-outgoing-27 >> "[\r][\n]"
08:17:51.307 [main] DEBUG org.apache.hc.client5.http.wire - http-outgoing-27 << "HTTP/1.1 200 OK[\r][\n]"
08:17:51.307 [main] DEBUG org.apache.hc.client5.http.wire - http-outgoing-27 << "Connection: keep-alive[\r][\n]"
08:17:51.307 [main] DEBUG org.apache.hc.client5.http.wire - http-outgoing-27 << "Content-Length: 1625[\r][\n]"
08:17:51.307 [main] DEBUG org.apache.hc.client5.http.wire - http-outgoing-27 << "Cache-Control: max-age=300[\r][\n]"
08:17:51.307 [main] DEBUG org.apache.hc.client5.http.wire - http-outgoing-27 << "Content-Security-Policy: default-src 'none'; style-src 'unsafe-inline'; sandbox[\r][\n]"
08:17:51.307 [main] DEBUG org.apache.hc.client5.http.wire - http-outgoing-27 << "Content-Type: text/plain; charset=utf-8[\r][\n]"
08:17:51.307 [main] DEBUG org.apache.hc.client5.http.wire - http-outgoing-27 << "ETag: W/"51a99ebb5fa30c7285d42b08929913814dd238f6403d61fccadee50390eab957"[\r][\n]"
08:17:51.307 [main] DEBUG org.apache.hc.client5.http.wire - http-outgoing-27 << "Strict-Transport-Security: max-age=31536000[\r][\n]"
08:17:51.307 [main] DEBUG org.apache.hc.client5.http.wire - http-outgoing-27 << "X-Content-Type-Options: nosniff[\r][\n]"
08:17:51.307 [main] DEBUG org.apache.hc.client5.http.wire - http-outgoing-27 << "X-Frame-Options: deny[\r][\n]"
08:17:51.307 [main] DEBUG org.apache.hc.client5.http.wire - http-outgoing-27 << "X-XSS-Protection: 1; mode=block[\r][\n]"
08:17:51.307 [main] DEBUG org.apache.hc.client5.http.wire - http-outgoing-27 << "X-GitHub-Request-Id: ADC8:C8321:F9E48:13930E:651E6E7C[\r][\n]"
08:17:51.307 [main] DEBUG org.apache.hc.client5.http.wire - http-outgoing-27 << "Content-Encoding: gzip[\r][\n]"
08:17:51.308 [main] DEBUG org.apache.hc.client5.http.wire - http-outgoing-27 << "Accept-Ranges: bytes[\r][\n]"
08:17:51.308 [main] DEBUG org.apache.hc.client5.http.wire - http-outgoing-27 << "Date: Fri, 06 Oct 2023 01:17:53 GMT[\r][\n]"
08:17:51.308 [main] DEBUG org.apache.hc.client5.http.wire - http-outgoing-27 << "Via: 1.1 varnish[\r][\n]"
08:17:51.308 [main] DEBUG org.apache.hc.client5.http.wire - http-outgoing-27 << "X-Served-By: cache-qpg1238-QPG[\r][\n]"
08:17:51.308 [main] DEBUG org.apache.hc.client5.http.wire - http-outgoing-27 << "X-Cache: HIT[\r][\n]"
08:17:51.308 [main] DEBUG org.apache.hc.client5.http.wire - http-outgoing-27 << "X-Cache-Hits: 1[\r][\n]"
08:17:51.308 [main] DEBUG org.apache.hc.client5.http.wire - http-outgoing-27 << "X-Timer: S1696555073.433971,VS0,VE1[\r][\n]"
08:17:51.308 [main] DEBUG org.apache.hc.client5.http.wire - http-outgoing-27 << "Vary: Authorization,Accept-Encoding,Origin[\r][\n]"
08:17:51.308 [main] DEBUG org.apache.hc.client5.http.wire - http-outgoing-27 << "Access-Control-Allow-Origin: *[\r][\n]"
08:17:51.308 [main] DEBUG org.apache.hc.client5.http.wire - http-outgoing-27 << "Cross-Origin-Resource-Policy: cross-origin[\r][\n]"
08:17:51.308 [main] DEBUG org.apache.hc.client5.http.wire - http-outgoing-27 << "X-Fastly-Request-ID: 3e0efe8651afa7d2ccc96c43fab233a51aca50d1[\r][\n]"
08:17:51.308 [main] DEBUG org.apache.hc.client5.http.wire - http-outgoing-27 << "Expires: Fri, 06 Oct 2023 01:22:53 GMT[\r][\n]"
08:17:51.308 [main] DEBUG org.apache.hc.client5.http.wire - http-outgoing-27 << "Source-Age: 130[\r][\n]"
08:17:51.308 [main] DEBUG org.apache.hc.client5.http.wire - http-outgoing-27 << "[\r][\n]"
08:17:51.308 [main] DEBUG org.apache.hc.client5.http.headers - http-outgoing-27 << HTTP/1.1 200 OK
08:17:51.308 [main] DEBUG org.apache.hc.client5.http.headers - http-outgoing-27 << Connection: keep-alive
08:17:51.308 [main] DEBUG org.apache.hc.client5.http.headers - http-outgoing-27 << Content-Length: 1625
08:17:51.308 [main] DEBUG org.apache.hc.client5.http.headers - http-outgoing-27 << Cache-Control: max-age=300
08:17:51.308 [main] DEBUG org.apache.hc.client5.http.headers - http-outgoing-27 << Content-Security-Policy: default-src 'none'; style-src 'unsafe-inline'; sandbox
08:17:51.308 [main] DEBUG org.apache.hc.client5.http.headers - http-outgoing-27 << Content-Type: text/plain; charset=utf-8
08:17:51.308 [main] DEBUG org.apache.hc.client5.http.headers - http-outgoing-27 << ETag: W/"51a99ebb5fa30c7285d42b08929913814dd238f6403d61fccadee50390eab957"
08:17:51.308 [main] DEBUG org.apache.hc.client5.http.headers - http-outgoing-27 << Strict-Transport-Security: max-age=31536000
08:17:51.308 [main] DEBUG org.apache.hc.client5.http.headers - http-outgoing-27 << X-Content-Type-Options: nosniff
08:17:51.308 [main] DEBUG org.apache.hc.client5.http.headers - http-outgoing-27 << X-Frame-Options: deny
08:17:51.308 [main] DEBUG org.apache.hc.client5.http.headers - http-outgoing-27 << X-XSS-Protection: 1; mode=block
08:17:51.308 [main] DEBUG org.apache.hc.client5.http.headers - http-outgoing-27 << X-GitHub-Request-Id: ADC8:C8321:F9E48:13930E:651E6E7C
08:17:51.308 [main] DEBUG org.apache.hc.client5.http.headers - http-outgoing-27 << Content-Encoding: gzip
08:17:51.308 [main] DEBUG org.apache.hc.client5.http.headers - http-outgoing-27 << Accept-Ranges: bytes
08:17:51.308 [main] DEBUG org.apache.hc.client5.http.headers - http-outgoing-27 << Date: Fri, 06 Oct 2023 01:17:53 GMT
08:17:51.308 [main] DEBUG org.apache.hc.client5.http.headers - http-outgoing-27 << Via: 1.1 varnish
08:17:51.309 [main] DEBUG org.apache.hc.client5.http.headers - http-outgoing-27 << X-Served-By: cache-qpg1238-QPG
08:17:51.309 [main] DEBUG org.apache.hc.client5.http.headers - http-outgoing-27 << X-Cache: HIT
08:17:51.309 [main] DEBUG org.apache.hc.client5.http.headers - http-outgoing-27 << X-Cache-Hits: 1
08:17:51.309 [main] DEBUG org.apache.hc.client5.http.headers - http-outgoing-27 << X-Timer: S1696555073.433971,VS0,VE1
08:17:51.309 [main] DEBUG org.apache.hc.client5.http.headers - http-outgoing-27 << Vary: Authorization,Accept-Encoding,Origin
08:17:51.309 [main] DEBUG org.apache.hc.client5.http.headers - http-outgoing-27 << Access-Control-Allow-Origin: *
08:17:51.309 [main] DEBUG org.apache.hc.client5.http.headers - http-outgoing-27 << Cross-Origin-Resource-Policy: cross-origin
08:17:51.309 [main] DEBUG org.apache.hc.client5.http.headers - http-outgoing-27 << X-Fastly-Request-ID: 3e0efe8651afa7d2ccc96c43fab233a51aca50d1
08:17:51.309 [main] DEBUG org.apache.hc.client5.http.headers - http-outgoing-27 << Expires: Fri, 06 Oct 2023 01:22:53 GMT
08:17:51.309 [main] DEBUG org.apache.hc.client5.http.headers - http-outgoing-27 << Source-Age: 130
08:17:51.309 [main] DEBUG org.apache.hc.client5.http.impl.classic.MainClientExec - ex-00000027: connection can be kept alive for 3 MINUTES
08:17:51.311 [main] DEBUG org.apache.hc.client5.http.wire - http-outgoing-27 << "[0x1f][0xffffff8b][0x8][0x0][0x0][0x0][0x0][0x0][0x0][0x3][0xffffff8d][0xffffff97]Ko#7[0xc][0xffffffc7][0xffffffef][0xfffffff9][0x14][0x3][0xfffffff4][0x1c]YO[0xffffff8a][\n]"
08:17:51.311 [main] DEBUG org.apache.hc.client5.http.wire - http-outgoing-27 << "[0xffffffa0]K[0xffffff9f][0xffffffa7][0xffffffa2][0xffffff87][0xfffffff6][0xb]x[0xffffffed]Ib[0xffffffac][0xffffffe3][0x9]lg[0xffffffb3][0xffffffe8][0xffffffa7]/[0xfffffff5][0xffffffa0]F[0xffffff96][[0xffffffa0][0xffffff87]`[0xffffff97]?k$[0xffffff92][0xffffffe2]p[0xfffffffe][0xfffffffc]a[0xfffffffa][0xffffffeb][0xfffffff5]p[0xffffff99][0xffffff9e][0xf][0xffffffc7]y[0xffffffda]-[0xffffffa7][0xffffffeb][0xfffffff6]p[0xffffffba]L[0xffffffd7][0xffffffd7]y[0xfffffffa]zZ>O[0xffffffd3][0xfffffffe]|[0xfffffff8]6[0xffffff9f]'[0xfffffffa][0xffffffbb][0x1c][0x16][0xfffffffa]e[0xffffffb7][0xffffffbc][0xffffffbd]o[0xffffffaf][0xffffff87]/[0xffffffb4][0xfffffffa][0xfffffff3]p}[0xffffffcd]+w[0xffffffcb][0xfffffff9]<_[0xffffffde][0xffffff97][0xffffffd3][0xfffffffe]pz[0xffffff99][0xffffffbe][0xffffff9c][0xffffff97][0xffffffcf][0xffffffcb][0xfffffffa][0xffffffc8][0xffffffc3][0xffffffc3][0xf][0xffffffd3][0xffffff8f][0x5]=M[0xffffffbf]-[0xffffffcb][0xb]=[0xfffffff9][0xffffffd3][0xffffffeb]yy[0xffffff9b][0xffffffa7][0xffffffed]i_[0xfffffffe]{[0xfffffff8]x[0xffffff9b][0x1e][0xffffffa7][0xffffff9f][0xfffffff3]QO[0xffffffd3].[0xffffffff]Z[0xe][0xffffffa6][0xffffff87][0xffffffff]\>[0xffffffce][0xffffffbb][0xfffffff9]iz[0xffffffbd]^[0xffffffdf][0xffffff9f]6[0xffffff9b][0xfffffffe]W[0xffffffb1][0xffffffab]O[0xffffff8b][0xffffffe5][0xfffffffc][0xffffffb2][0xffffffd9][0xffffff93][0xffffffbf][0xffffffc7]e[0xffffffbb][0xffffffbf]<[0xffffff94]5J[0xffffffd9]H[0x7f]B[\n]"
08:17:51.311 [main] DEBUG org.apache.hc.client5.http.wire - http-outgoing-27 << "[0xffffffe7][0xffffff8d][0x13]A6n[0xffffff88][0xffffff9b][0xffffffc4][0xffffffc1]k[0x1][0xffffffa6]qM\g[0xffffffae][0xffffff9c][0xffffffb0][0xffffffa1]qE\%[0xffffffee][0xffffffc0][0x8][0xffffffb0][0xffffff8d]K[0xffffffe2]2q[0xffffff8b]Jx[0xffffffcf]\[0xffffff86]H[0x7f][0xffffff99][0xffffffd3][0xfffffff1][0xffffffbe][0xffffffad][0xffffff97]H[0x1c][0x13]7.[0x8][0xffffffaf][0x1a][0xfffffff7][0xffffffc4]}[0xffffffe6][0xffffffd2][\n]"
08:17:51.311 [main] DEBUG org.apache.hc.client5.http.wire - http-outgoing-27 << "[0xffffffd0][0xffffff8d][0x3]qH\[0xffffffdb] `][0xffffffef][0xffffff88][0xffffffbb][0xffffffc4]Up[0xfffffff4]c[0xffffffe3][0x14][0xffffffaf][0xffffffcc][0xfffffff1][0xffffffa6]0|[0xfffffff3]_R[0xffffffbc]2[0xffffffc7]+A[\n]"
08:17:51.311 [main] DEBUG org.apache.hc.client5.http.wire - http-outgoing-27 << "eV[0xffffff87](`[0xffffff99][0x3][0xffffff96][0xffffffb4]_w[0x0][0x5],S[0xffffffc0]68%[0xffffffec][0xffffffca])`[0xffffff99][0x2][0xffffffb6][0x18]@[0x0]'4[0xffffff84][0x18]B[0xffffffa6][0xffffffd6][0xffffffd2][0xffffffd9]L1[0xffffff86][0x14][0xffffffac][0xfffffff5][0xe][0x5][0x1d][0xffffffc3][0xffffffd8][0xffffffc7][0xffffff90]b[0xffffffb5][0x10][0xfffffff4][0xffffff9a][0xffffff83][0x0]1@[0xffffffa6]`[0xffffff85]uL][0xc].S[0xffffff83][0x2]8[0xffffff9e]`c[0xffffffb0][0xffffff99]Rr[0xffffffe8]"[0x19][0xffffff9b][0x18]R[0xffffff90][0xffffffd6]y[0xffffffbf]^j[0xffffffd0]1[0xffffffe8]L[0xffffffe9]J)[0xffffffcb][0xffffff8c]U[0xc]9@K[0x15]@[0xffffffb1]2[0xffffff96]1[0xffffffe4][0xfffffff8][0xffffffac][0xffffff91]Bs[0xffffff9e]0D[0xffffffcc][0xfffffff1][0x19][0xfffffffa]G[0xfffffff3][0xffffffce][0xffffff88][0x11]s|F[[0x11][0xffffff80][0xffffffa9][0xffffff8f][0xffffff98][0xffffffc3][0xffffffd3]([0x5]"S[0xffffff88][0xffffff98][0xffffffc3][0xffffffd3][0xffffff96][0xfffffff6][0xffffffe5]T[0xffffffa0][0xffffff8b][0xffffff98][0xffffffc3]Sh[0x4][0xffffffb2]kh#[0xffffffe6][0xfffffff0][0xffffff94][0xfffffff5][0xffffffc2]p[0xffffff8e][0xffffffd1]D[0xffffffcc][0xffffffd1][0xffffffa5][0xffffff9b]4[0xffffff9c][\n]"
08:17:51.311 [main] DEBUG org.apache.hc.client5.http.wire - http-outgoing-27 << "T[0x11]s[0x18][0xffffff92]2[0xffffffaf]L;NFLa[0xffffff98]@[0xffffffbe]P[0x9]U[0xffffffec]C[0xfffffff4]!c[0xffffffeb][0xffffff84]i[0x14][0xffffffa3][0xffffffc7]L[0xffffffa9]v[0xffffffa8][0xffffffae][0x18][0xfffffffb][0xffffffe8]S [0x6][0xffffff81][0xffffffde][0x5]v[0xffffffc3]C[0xfffffff4][0xffffff90])[0x15][0xffffffb8][0xffffffd2]m[0xf][0x17]}[0xffffff8a][0xffffffc4]xO[0x5][0xffffffb6][0xffffffae][0xffffffb6][0xffffffd1][0xffffffdb][0xffffff8c]5[0xffffffd5]/C[0x13]}[0xffffff8a][0xffffffc4][0x0][0x5][0x4][0xffffffec][0xffffffb2][0xffffffd7]Q[0xffffffd3][0xffffff8d][0xffffffb2][0xffffffa5]n,[0xffffff99],v[0xc]B[0xffffffb2][0xfffffff8]n[0x0][0xffffff93][0xffffffc5][0x19][0x5][0xffffff9f],[0xffffffbe]M[0xffffff80]d[0xffffffb1]3[0xffffffe0][0xffffffc8]j)[0x2][0xffffff9b],[0xffffffce]9[0xffffff98]d[0xfffffff1]y[0xffffff90]|1[0xffffffed][0xffffffbc][0xffffffe4]K{g [0xfffffff9]b[0xffffffcc]MW[0xfffffffb]}[0xfffffff9][0xfffffffb]p<n[0xffffffa7]_[0xf][0xffffffe7][0xfffffff9]y[0xfffffff9][0xffffffde][0xffffffb5][0xffffffb2][0xffffff97]y[0xfffffff7]u[0xfffffff9][0xffffffd7]Nv[0xffffffa1]V[0xfffffff6]B[\r][0xfffffff4][0xffffffe3][0xffffff8b][0xffffffa0][0xffffff96][0xffffffba]y+[l[0xffffffba][0x7]6[0xffffffe7][0xfffffff9]8o/[0xfffffff3][0xffffffe5][0xffffffe1][0xffffffb9][0xffffffec][0xffffffab][0x14]FJ[0x1b][0xffffffe5]n%[0xfffffffe][0xffffff8e][0xffffffc0][0x1d]qw[0xffffffc4][0xffffffde][0x11]sG[0xfffffff4][0x1d]QwD&[0xffffffa2][0xffffff85]n[0xffffff84]:_&[0xffffffeb][0x1a][0xffffff89]w[0xffffffc4][0xffffffdf][0x11][0xffffffb8]#[0xffffffee][0xffffff8e]d[0xffffff9f]UO[0xffffffcc][0x1d][0xffffffd1]wD[0xffffffdd][0x11]9[0xffffff90][0x10]F[0xffffff80]#[0xfffffff0]#[0xffffff80][0x11][0xffffffb8][0x11][0xffffff8c][0xffffffde][0xffffff86][0xffffffd1][0xffffffd9]0[0xfffffffa][0x1a]FWC[0xfffffff2][0xffffff94][0xffffffde][0xffffff9b][0xe][0xffffff88][0xffffffe3][0xffffffe1][0xfffffff4][0xfffffff1][0xffffffbd]`[0xffffffc5][0x18][0xffffffc3][0xffffffb0][0xe]q[0x4]~[0x4]0[0x2]7[0x2];[0xffffff82][0x14][0xffffff80][0xffffffc6][0xe][0xffffffe8][0x11][0xffffffa4][0x0][0xffffffb4][0xffffffef][0xffffff80][0x1c][0xffffff80][0xf]#[0xffffffc8][0xffffff9e]B[0x7][0xfffffffc][0x8]`[0x4]n[0x4]v[0x4]f[0x4]z[0x4]j[0x4]r[0x0][0x10]F[0xffffff90]=u[0x1d][0xffffffc8][0xffffff9e][0xffffffda][0xe][0xffffffc0][0x8][0xffffffdc][0x8][0xffffffb2][0xffffffa7][0xffffffdd][0xb][0x4]f[0x4][0xffffffd9][0xffffffd3][0xffffffae][0xffffffec]!{[0xffffffda][0x15][0x5][0xffffffc8][0x1][0xffffffb8]0[0x2][0x1c][0xffffff81][0x1f]A[0xfffffff6]Tv[0xffffffc0]1[0xffffffe8][0xffffffbb][0xffffffda][0x1f][0xffffffef][0xfffffff3]y[0xffffffdb][0xfffffff5][0xffffffb2]%[0xffffffd9][0xffffffff][0xffffffa7][0xffffff97][0xffffffe5][0xffffff85][0xffffff97][0xffffffe5][0xfffffff9][0xfffffffa][0xffffffb9]=[0xffffffcf][0xffffffc5]b[0xffffff9d]6v[0xffffffb6][0xfffffffc]c[0xffffffd6]'*[0xffffffeb][0xffffff9f]@[0xffffffdf]ye4[0xfffffff3][0xffffffa4][0xffffffc7][0xffffffb2][0xfffffffe]A[0xfffffffa]`[0x5][0xffffffcf]8[0xffffffc9][0xffffffb1],[0x7f]<[0xffffffbd][0x12][0xffffff8a]4D[0xffffffe5][0xffffffb2][0xffffff97]{[0xffffffd4][0xffffff9d][\n]"
08:17:51.312 [main] DEBUG org.apache.hc.client5.http.wire - http-outgoing-27 << "[0xffffffa7][0x17][0xffffffbc]S{J[0xffffffd7]m[0xffffffe8]5[0xffffffef][0xffffffc4][0x1e]2[0xfffffff5]7R[0xffffffcf]U[\n]"
08:17:51.312 [main] DEBUG org.apache.hc.client5.http.wire - http-outgoing-27 << "[0xffffffbd][0xffffffd0][0xffffffa3][0xffffff83]*v[0xffffffbd][0xffffffce]S[0xffffff9a][0xffffffb1][0xffffffed]e^[0x8][0xffffff95][0xffffff9a]^[0xffffffe4][0xffffff91]2(T[0xfffffff7][0x12]O)^[0xffffffac]z[0xffffff85][0xffffff97][0xffffffc4]S[0xffffffc1][0xffffffb2][0x17]xX[0x3][0xffffffc7][0xffffffd0][0xffffffcb];[0xffffff80]Jq[0xffffffd0]v[0xffffff85][0xfffffffa]^[0xffffffd9][0xffffff91][0xffffff94]-[0x14]z][0xffffffd7]RD][0xffffffe1]F[0xffffffd7][0x15]h;Y[0xffffff87][0xffffffd5]1[0xffffffea][0xe]7[0xffffffa2][0xffffffae]@}[0xffffffab][0xffffffe9][\n]"
08:17:51.312 [main] DEBUG org.apache.hc.client5.http.wire - http-outgoing-27 << "T[0xffffff9d][0xffffffa4]s|[0xffffffbe][0xffffffec][0x14][0x1d][0xffffffbb]J[0xffffffdd][0xffffffe2]F[0xffffffcf][0x15][0xffffff88][0xffffff83][0xffffff9c]+[0xffffffd4]wj[0xffffffce]3[0xffffff84]N[0xffffffcb]a=[0xffffff9e][0xffffffda][0xffffffc7]*[0xffffffe5][0xffffffd8]{j![0xffffffab][0xffffff92][0xffffffa3][0x4]Wj:%[0x7][0xffffffbc][0xffffffa9][0xffffffee][0xffffff84][0x1c][0xffffffd6][0xb][0xffffffa7]~[0xffffffb2][0xffffffea][0xffffffb8]vY[0xffffffd4]TV[0x1d][0xffffff87][0xfffffff5]b[0xffffffa9][0xffffffb1][0xffffffac]2[0xffffff8e]+[0xffffff9a][0xffffff9a]K[0xffffffa7][0xffffffe2]T[\r][0xffffff95]:L/[0xffffffe2][0xffffffea]Y[0xffffffd4]fV[\r][0xffffffe7]yW[0xffffffd7]I8.ej7[0xffffffab][0xffffff80]k[0xffffffc5]I=[0xffffffa7][0x13]p[0xfffffffc][0xffffffaa]Q[0xffffffe3][0xffffffe9][0xfffffff4][;[0xffffffab][0xffffffea][0xffffffae]l[0xffffffb8][0xffffffd0][0x1b]Uu[0x15][0xffffffa3][0xffffff8a][0xffffffae]bT[0xffffffcd]U[0xffffff8c]*[0xffffffb9][0xffffff8a]Q[0x15]W1[0xffffffaa][0xffffffe0]*F[0xffffffd5][[0xffffffc5]PE`[0x15]Cv[0xffffff86]M[0x1e][0xffffffb0][0xffffffc7]6y`[0xffffffea]96y[0xffffffa0]k2,[0x14][0xffffffe3]F[0xffffffa1][0x1d]v[0xffffffe7]%[0xffffffb5][0xffffffa4][0xffffffe9][0xffffff97][0xfffffffd][0xffffffcb][0xffffffdc]5[0xffffffb5][0xffffffb7][0xffffffcb]L[0xffffffe0]?[0xffffffbb][0xffffffda]~[0xfffffffe]6[0x1f][0xffffffd3][0xffffffae][0xffffffe2][0xffffff8d]w[0xffffffc8]-n>=~\6[0xffffff8d]=[0xffffffa6]M6[0xffffffd7]e9^6[0xffffff9f][0xfffffff3][0xffffff97][0xffffffda][0xffffffe5][0x1e][0x12]][0xffffff87]P[0xffffff85][0xffffffd4][0xffffffea][0x15]V[0xffffffca]#[0xffffffa8][0xfffffff2][0xffffffa4][0xffffff90])[0xffffff93][0xffffff85][0xfffffff2][0x0][0xffffffaa][0xffffffbc][0xffffffce][0xffffff85]\([0xffffff8f][0xffffff9f][\n]"
08:17:51.312 [main] DEBUG org.apache.hc.client5.http.wire - http-outgoing-27 << "@[0xffffffa5][0xfffffff1][0xffffffb0]P[0x1e]>[0xffffff95][0xffffffa3][0xfffffffa][0xffffffa0][0xffffffec]e[0xffffffda]FO[0xffffffe5][0x14][\n]"
08:17:51.312 [main] DEBUG org.apache.hc.client5.http.wire - http-outgoing-27 << "_Ok[0xffffff83][0xffffffa7][0xffffffb2]@[0xfffffffb]B[0xffffffa5]<v[0xffffff92]`O[0x1f][0xffffffe5][0x2]y[0xffffffe6]T[0xffffffc6][0xffffffa7]O`[0xffffffa5]<q[0xffffffd2][0xfffffff0]h[0xffffffa8][0xffffff83]U[0xffffffca][0xfffffff3][0xffffffa6][0xffffffd2][0xfffffff4][0xffffffa6]z[0xffffffde][0xffffff81][0xffffffa7]M[0x1a][0xf]l[0xb][0xffffffa2][0xffffff8d][0xffffff9a]JS[0xffffffe1][0xffffff92]|/"
08:17:51.313 [main] DEBUG org.apache.hc.client5.http.wire - http-outgoing-27 << "[0xffffff94][0x7]M[0xffffffa5][0xffffff95]\[0xfffffff7][0xffffffe5]1[0xffffff93][0x14][0xffffffaf]K[0xffffffc3]N[0xffffffa2]<dR[0xffffffeb]O[0xffffff8d][0xffffffa2][0xffffffb0]:b[0xffffffaa][0x14]]M[0xc][0xffffffcf][0xffffff97][0x14][0xffffff9a]n[0xffffffac]N[0xffffff97][0x14][0xffffff83]m[0xffffffac][0xffffffce][0xffffff96][0xffffffe4]U;[0xffffff99]'[0xffffffcb]@=[0xffffffc6][0xffffffa8][0xffffff82][0xffffffea]T[0x19]([0xfffffff5][0xffffffa6][0xffffffae][0xffffffaa]#e[0xffffff90][0xffffffeb][0x1]u[0xffffff9c][0xffffffc4][0xffffffd4][0xffffffe9][0xffffffea][0xffffff83]u[0xffffff94]D[\n]"
08:17:51.313 [main] DEBUG org.apache.hc.client5.http.wire - http-outgoing-27 << "[0xffffffac][0x10][0x1e]#[0xffffffd3][0xffffff8d][0xffffff97][0xffffff8b][0xffffffe1][0x11][0xffffffd2]Sn[0xffffffeb]c<?[0x2][0xffffff84]z%<;[0x2][0xffffff95][0x4][0xffffff94]\[0xfffffff0][0xffffffe0][0xffffffe8]R[0xffffff82][0xffffffeb][0xffffffaa]:5[0xffffffba][0xffffffac]82[0xffffffe1][0xffffff89][0xffffff91]Z[0xffffff83][0xffffffab][0xffffffe7]Q[0xfffffff7]*[0xffffffdd]3[0xffffffb0]O<@[0xffffffd2]w[0xffffffb6]^U[0x1b][0x1e])b[0xffffffaa][0xffffffbb][0xffffffcc][0xffffffda][0xffffffe4][0xffffff98]j[0xffffffb6][0xffffff90]:5j[0xffffffcf][0xffffffa5][0xffffffc3][0x3][0xffffffa3]6[0xffffff8d][0xffffffd4]a1[0xffffffb5][0xffffffc5]J[0xffffffea][0xffffff9c][0xffffffa8][0xc][\r][0xffffffd2][0x5]Y[0x1b][0xffffffdf][0xffffffcf][0xfffffff3][0xffffffe3][0xffffffe1]t[0xffffffb9]n[0xffffff8f][0xffffffc7]y_[0xffffffa0][0xffffff8e][0xffffff90][0xffffffbe][0xffffffec][0xffffffa6][0xffffffd4][0xffffff89]U[0xffffff91]Z[0x18][0xffffffe8]P[0xffffffc2][0xffffffb7]2R[0xffffff9f][0xffffffa4][0xffffffaf]][0xffffffb9][0xf][0xffffff83][0xffffff91]^,kB1uj:t[0xffffffd3]XjDS1[0xffffffa5]K[0xffffffa6][0xffffff9e][0xfffffff4][0xf][0x3][0x1][0xffffffec][0xffffffa6][0xffffffeb][0x12][0x0][0x0]"
08:17:51.314 [main] DEBUG org.apache.hc.client5.http.impl.classic.InternalHttpClient - ep-00000026: releasing valid endpoint
08:17:51.314 [main] DEBUG org.apache.hc.client5.http.impl.io.PoolingHttpClientConnectionManager - ep-00000026: releasing endpoint
08:17:51.314 [main] DEBUG org.apache.hc.client5.http.impl.io.PoolingHttpClientConnectionManager - ep-00000026: connection http-outgoing-27 can be kept alive for 3 MINUTES
08:17:51.314 [main] DEBUG org.apache.hc.client5.http.impl.io.PoolingHttpClientConnectionManager - ep-00000026: connection released [route: {s}->https://raw.githubusercontent.com:443][total available: 1; route allocated: 1 of 5; total allocated: 2 of 25]
08:17:51.314 [main] DEBUG io.github.bonigarcia.wdm.versions.VersionDetector - Driver for chrome117 not found in online properties (using local versions.properties)
08:17:51.316 [main] DEBUG io.github.bonigarcia.wdm.WebDriverManager - The driver version for CHROME 117 is unknown ... trying with latest
08:17:51.322 [main] DEBUG org.apache.hc.client5.http.impl.classic.InternalHttpClient - ex-00000028: preparing request execution
08:17:51.323 [main] DEBUG org.apache.hc.client5.http.protocol.RequestAddCookies - Cookie spec selected: strict
08:17:51.323 [main] DEBUG org.apache.hc.client5.http.protocol.RequestAuthCache - Auth cache not set in the context
08:17:51.323 [main] DEBUG org.apache.hc.client5.http.impl.classic.ProtocolExec - ex-00000028: target auth state: UNCHALLENGED
08:17:51.323 [main] DEBUG org.apache.hc.client5.http.impl.classic.ProtocolExec - ex-00000028: proxy auth state: UNCHALLENGED
08:17:51.323 [main] DEBUG org.apache.hc.client5.http.impl.classic.ConnectExec - ex-00000028: acquiring connection with route {s}->https://chromedriver.storage.googleapis.com:443
08:17:51.323 [main] DEBUG org.apache.hc.client5.http.impl.classic.InternalHttpClient - ex-00000028: acquiring endpoint (3 MINUTES)
08:17:51.323 [main] DEBUG org.apache.hc.client5.http.impl.io.PoolingHttpClientConnectionManager - ex-00000028: endpoint lease request (3 MINUTES) [route: {s}->https://chromedriver.storage.googleapis.com:443][total available: 1; route allocated: 1 of 5; total allocated: 2 of 25]
08:17:51.324 [main] DEBUG org.apache.hc.client5.http.impl.io.PoolingHttpClientConnectionManager - ex-00000028: endpoint leased [route: {s}->https://chromedriver.storage.googleapis.com:443][total available: 1; route allocated: 2 of 5; total allocated: 3 of 25]
08:17:51.324 [main] DEBUG org.apache.hc.client5.http.impl.io.PoolingHttpClientConnectionManager - ex-00000028: acquired ep-00000027
08:17:51.324 [main] DEBUG org.apache.hc.client5.http.impl.classic.InternalHttpClient - ex-00000028: acquired endpoint ep-00000027
08:17:51.324 [main] DEBUG org.apache.hc.client5.http.impl.classic.ConnectExec - ex-00000028: opening connection {s}->https://chromedriver.storage.googleapis.com:443
08:17:51.324 [main] DEBUG org.apache.hc.client5.http.impl.classic.InternalHttpClient - ep-00000027: connecting endpoint (30 SECONDS)
08:17:51.324 [main] DEBUG org.apache.hc.client5.http.impl.io.PoolingHttpClientConnectionManager - ep-00000027: connecting endpoint to https://chromedriver.storage.googleapis.com:443 (30 SECONDS)
08:17:51.324 [main] DEBUG org.apache.hc.client5.http.impl.io.DefaultHttpClientConnectionOperator - http-outgoing-29: connecting to chromedriver.storage.googleapis.com/34.101.5.27:443
08:17:51.324 [main] DEBUG org.apache.hc.client5.http.ssl.SSLConnectionSocketFactory - Connecting socket to chromedriver.storage.googleapis.com/34.101.5.27:443 with timeout 30 SECONDS
08:17:51.330 [main] DEBUG org.apache.hc.client5.http.ssl.SSLConnectionSocketFactory - Enabled protocols: [TLSv1.3, TLSv1.2]
08:17:51.331 [main] DEBUG org.apache.hc.client5.http.ssl.SSLConnectionSocketFactory - Enabled cipher suites: [TLS_AES_256_GCM_SHA384, TLS_AES_128_GCM_SHA256, TLS_CHACHA20_POLY1305_SHA256, TLS_ECDHE_ECDSA_WITH_AES_256_GCM_SHA384, TLS_ECDHE_ECDSA_WITH_AES_128_GCM_SHA256, TLS_ECDHE_ECDSA_WITH_CHACHA20_POLY1305_SHA256, TLS_ECDHE_RSA_WITH_AES_256_GCM_SHA384, TLS_ECDHE_RSA_WITH_CHACHA20_POLY1305_SHA256, TLS_ECDHE_RSA_WITH_AES_128_GCM_SHA256, TLS_DHE_RSA_WITH_AES_256_GCM_SHA384, TLS_DHE_RSA_WITH_CHACHA20_POLY1305_SHA256, TLS_DHE_DSS_WITH_AES_256_GCM_SHA384, TLS_DHE_RSA_WITH_AES_128_GCM_SHA256, TLS_DHE_DSS_WITH_AES_128_GCM_SHA256, TLS_ECDHE_ECDSA_WITH_AES_256_CBC_SHA384, TLS_ECDHE_RSA_WITH_AES_256_CBC_SHA384, TLS_ECDHE_ECDSA_WITH_AES_128_CBC_SHA256, TLS_ECDHE_RSA_WITH_AES_128_CBC_SHA256, TLS_DHE_RSA_WITH_AES_256_CBC_SHA256, TLS_DHE_DSS_WITH_AES_256_CBC_SHA256, TLS_DHE_RSA_WITH_AES_128_CBC_SHA256, TLS_DHE_DSS_WITH_AES_128_CBC_SHA256, TLS_ECDH_ECDSA_WITH_AES_256_GCM_SHA384, TLS_ECDH_RSA_WITH_AES_256_GCM_SHA384, TLS_ECDH_ECDSA_WITH_AES_128_GCM_SHA256, TLS_ECDH_RSA_WITH_AES_128_GCM_SHA256, TLS_ECDH_ECDSA_WITH_AES_256_CBC_SHA384, TLS_ECDH_RSA_WITH_AES_256_CBC_SHA384, TLS_ECDH_ECDSA_WITH_AES_128_CBC_SHA256, TLS_ECDH_RSA_WITH_AES_128_CBC_SHA256, TLS_ECDHE_ECDSA_WITH_AES_256_CBC_SHA, TLS_ECDHE_RSA_WITH_AES_256_CBC_SHA, TLS_ECDHE_ECDSA_WITH_AES_128_CBC_SHA, TLS_ECDHE_RSA_WITH_AES_128_CBC_SHA, TLS_DHE_RSA_WITH_AES_256_CBC_SHA, TLS_DHE_DSS_WITH_AES_256_CBC_SHA, TLS_DHE_RSA_WITH_AES_128_CBC_SHA, TLS_DHE_DSS_WITH_AES_128_CBC_SHA, TLS_ECDH_ECDSA_WITH_AES_256_CBC_SHA, TLS_ECDH_RSA_WITH_AES_256_CBC_SHA, TLS_ECDH_ECDSA_WITH_AES_128_CBC_SHA, TLS_ECDH_RSA_WITH_AES_128_CBC_SHA, TLS_RSA_WITH_AES_256_GCM_SHA384, TLS_RSA_WITH_AES_128_GCM_SHA256, TLS_RSA_WITH_AES_256_CBC_SHA256, TLS_RSA_WITH_AES_128_CBC_SHA256, TLS_RSA_WITH_AES_256_CBC_SHA, TLS_RSA_WITH_AES_128_CBC_SHA, TLS_EMPTY_RENEGOTIATION_INFO_SCSV]
08:17:51.331 [main] DEBUG org.apache.hc.client5.http.ssl.SSLConnectionSocketFactory - Starting handshake
08:17:51.368 [main] DEBUG org.apache.hc.client5.http.ssl.SSLConnectionSocketFactory - Secure session established
08:17:51.368 [main] DEBUG org.apache.hc.client5.http.ssl.SSLConnectionSocketFactory -  negotiated protocol: TLSv1.3
08:17:51.368 [main] DEBUG org.apache.hc.client5.http.ssl.SSLConnectionSocketFactory -  negotiated cipher suite: TLS_AES_256_GCM_SHA384
08:17:51.368 [main] DEBUG org.apache.hc.client5.http.ssl.SSLConnectionSocketFactory -  peer principal: CN=*.storage.googleapis.com
08:17:51.368 [main] DEBUG org.apache.hc.client5.http.ssl.SSLConnectionSocketFactory -  peer alternative names: [*.storage.googleapis.com, *.googleapis.com, commondatastorage.googleapis.com, *.commondatastorage.googleapis.com, storage.googleapis.com, storage-p2.googleapis.com, *.storage-p2.googleapis.com, storage.mtls.googleapis.com, *.appspot.com.storage.googleapis.com, *.content-storage.googleapis.com, *.content-storage-p2.googleapis.com, *.content-storage-upload.googleapis.com, *.content-storage-download.googleapis.com, *.storage-upload.googleapis.com, *.storage-download.googleapis.com]
08:17:51.368 [main] DEBUG org.apache.hc.client5.http.ssl.SSLConnectionSocketFactory -  issuer principal: CN=GTS CA 1C3, O=Google Trust Services LLC, C=US
08:17:51.368 [main] DEBUG org.apache.hc.client5.http.impl.io.DefaultHttpClientConnectionOperator - http-outgoing-29: connection established 192.168.100.42:64577<->34.101.5.27:443
08:17:51.368 [main] DEBUG org.apache.hc.client5.http.impl.io.PoolingHttpClientConnectionManager - ep-00000027: connected http-outgoing-29
08:17:51.368 [main] DEBUG org.apache.hc.client5.http.impl.classic.InternalHttpClient - ep-00000027: endpoint connected
08:17:51.368 [main] DEBUG org.apache.hc.client5.http.impl.classic.MainClientExec - ex-00000028: executing GET /LATEST_RELEASE HTTP/1.1
08:17:51.368 [main] DEBUG org.apache.hc.client5.http.impl.classic.InternalHttpClient - ep-00000027: start execution ex-00000028
08:17:51.368 [main] DEBUG org.apache.hc.client5.http.impl.io.PoolingHttpClientConnectionManager - ep-00000027: executing exchange ex-00000028 over http-outgoing-29
08:17:51.368 [main] DEBUG org.apache.hc.client5.http.headers - http-outgoing-29 >> GET /LATEST_RELEASE HTTP/1.1
08:17:51.368 [main] DEBUG org.apache.hc.client5.http.headers - http-outgoing-29 >> user-agent: Apache-HttpClient/5.0
08:17:51.368 [main] DEBUG org.apache.hc.client5.http.headers - http-outgoing-29 >> accept-encoding: gzip, deflate, br
08:17:51.368 [main] DEBUG org.apache.hc.client5.http.headers - http-outgoing-29 >> cache-control: max-age=0
08:17:51.368 [main] DEBUG org.apache.hc.client5.http.headers - http-outgoing-29 >> connection: keep-alive
08:17:51.368 [main] DEBUG org.apache.hc.client5.http.headers - http-outgoing-29 >> Host: chromedriver.storage.googleapis.com
08:17:51.368 [main] DEBUG org.apache.hc.client5.http.wire - http-outgoing-29 >> "GET /LATEST_RELEASE HTTP/1.1[\r][\n]"
08:17:51.368 [main] DEBUG org.apache.hc.client5.http.wire - http-outgoing-29 >> "user-agent: Apache-HttpClient/5.0[\r][\n]"
08:17:51.368 [main] DEBUG org.apache.hc.client5.http.wire - http-outgoing-29 >> "accept-encoding: gzip, deflate, br[\r][\n]"
08:17:51.368 [main] DEBUG org.apache.hc.client5.http.wire - http-outgoing-29 >> "cache-control: max-age=0[\r][\n]"
08:17:51.369 [main] DEBUG org.apache.hc.client5.http.wire - http-outgoing-29 >> "connection: keep-alive[\r][\n]"
08:17:51.369 [main] DEBUG org.apache.hc.client5.http.wire - http-outgoing-29 >> "Host: chromedriver.storage.googleapis.com[\r][\n]"
08:17:51.369 [main] DEBUG org.apache.hc.client5.http.wire - http-outgoing-29 >> "[\r][\n]"
08:17:51.390 [main] DEBUG org.apache.hc.client5.http.wire - http-outgoing-29 << "HTTP/1.1 200 OK[\r][\n]"
08:17:51.390 [main] DEBUG org.apache.hc.client5.http.wire - http-outgoing-29 << "X-GUploader-UploadID: ADPycdtlv5hyKNxkNAPoXZam3m80ckJ0H-Ebjpx_73hqg_-MuXohMxIalbpmUb0_5biLUD8lFSrTzvfL6YS-efZL0_eYGq5S2akq[\r][\n]"
08:17:51.390 [main] DEBUG org.apache.hc.client5.http.wire - http-outgoing-29 << "x-goog-generation: 1685523462105569[\r][\n]"
08:17:51.390 [main] DEBUG org.apache.hc.client5.http.wire - http-outgoing-29 << "x-goog-metageneration: 1[\r][\n]"
08:17:51.390 [main] DEBUG org.apache.hc.client5.http.wire - http-outgoing-29 << "x-goog-stored-content-encoding: identity[\r][\n]"
08:17:51.390 [main] DEBUG org.apache.hc.client5.http.wire - http-outgoing-29 << "x-goog-stored-content-length: 13[\r][\n]"
08:17:51.390 [main] DEBUG org.apache.hc.client5.http.wire - http-outgoing-29 << "x-goog-hash: crc32c=tVW4TA==[\r][\n]"
08:17:51.390 [main] DEBUG org.apache.hc.client5.http.wire - http-outgoing-29 << "x-goog-hash: md5=NoaEuIlBlniwTkiZ1T16sA==[\r][\n]"
08:17:51.390 [main] DEBUG org.apache.hc.client5.http.wire - http-outgoing-29 << "x-goog-storage-class: STANDARD[\r][\n]"
08:17:51.390 [main] DEBUG org.apache.hc.client5.http.wire - http-outgoing-29 << "Accept-Ranges: bytes[\r][\n]"
08:17:51.390 [main] DEBUG org.apache.hc.client5.http.wire - http-outgoing-29 << "Content-Length: 13[\r][\n]"
08:17:51.390 [main] DEBUG org.apache.hc.client5.http.wire - http-outgoing-29 << "Server: UploadServer[\r][\n]"
08:17:51.390 [main] DEBUG org.apache.hc.client5.http.wire - http-outgoing-29 << "Date: Fri, 06 Oct 2023 01:08:29 GMT[\r][\n]"
08:17:51.390 [main] DEBUG org.apache.hc.client5.http.wire - http-outgoing-29 << "Expires: Fri, 06 Oct 2023 02:08:29 GMT[\r][\n]"
08:17:51.390 [main] DEBUG org.apache.hc.client5.http.wire - http-outgoing-29 << "Cache-Control: public, max-age=3600[\r][\n]"
08:17:51.390 [main] DEBUG org.apache.hc.client5.http.wire - http-outgoing-29 << "Age: 564[\r][\n]"
08:17:51.390 [main] DEBUG org.apache.hc.client5.http.wire - http-outgoing-29 << "Last-Modified: Wed, 31 May 2023 08:57:42 GMT[\r][\n]"
08:17:51.390 [main] DEBUG org.apache.hc.client5.http.wire - http-outgoing-29 << "ETag: "368684b889419678b04e4899d53d7ab0"[\r][\n]"
08:17:51.390 [main] DEBUG org.apache.hc.client5.http.wire - http-outgoing-29 << "Content-Type: text/plain[\r][\n]"
08:17:51.390 [main] DEBUG org.apache.hc.client5.http.wire - http-outgoing-29 << "Alt-Svc: h3=":443"; ma=2592000,h3-29=":443"; ma=2592000[\r][\n]"
08:17:51.390 [main] DEBUG org.apache.hc.client5.http.wire - http-outgoing-29 << "[\r][\n]"
08:17:51.390 [main] DEBUG org.apache.hc.client5.http.wire - http-outgoing-29 << "114.0.5735.90"
08:17:51.390 [main] DEBUG org.apache.hc.client5.http.headers - http-outgoing-29 << HTTP/1.1 200 OK
08:17:51.390 [main] DEBUG org.apache.hc.client5.http.headers - http-outgoing-29 << X-GUploader-UploadID: ADPycdtlv5hyKNxkNAPoXZam3m80ckJ0H-Ebjpx_73hqg_-MuXohMxIalbpmUb0_5biLUD8lFSrTzvfL6YS-efZL0_eYGq5S2akq
08:17:51.390 [main] DEBUG org.apache.hc.client5.http.headers - http-outgoing-29 << x-goog-generation: 1685523462105569
08:17:51.390 [main] DEBUG org.apache.hc.client5.http.headers - http-outgoing-29 << x-goog-metageneration: 1
08:17:51.390 [main] DEBUG org.apache.hc.client5.http.headers - http-outgoing-29 << x-goog-stored-content-encoding: identity
08:17:51.390 [main] DEBUG org.apache.hc.client5.http.headers - http-outgoing-29 << x-goog-stored-content-length: 13
08:17:51.390 [main] DEBUG org.apache.hc.client5.http.headers - http-outgoing-29 << x-goog-hash: crc32c=tVW4TA==
08:17:51.390 [main] DEBUG org.apache.hc.client5.http.headers - http-outgoing-29 << x-goog-hash: md5=NoaEuIlBlniwTkiZ1T16sA==
08:17:51.390 [main] DEBUG org.apache.hc.client5.http.headers - http-outgoing-29 << x-goog-storage-class: STANDARD
08:17:51.390 [main] DEBUG org.apache.hc.client5.http.headers - http-outgoing-29 << Accept-Ranges: bytes
08:17:51.390 [main] DEBUG org.apache.hc.client5.http.headers - http-outgoing-29 << Content-Length: 13
08:17:51.390 [main] DEBUG org.apache.hc.client5.http.headers - http-outgoing-29 << Server: UploadServer
08:17:51.390 [main] DEBUG org.apache.hc.client5.http.headers - http-outgoing-29 << Date: Fri, 06 Oct 2023 01:08:29 GMT
08:17:51.390 [main] DEBUG org.apache.hc.client5.http.headers - http-outgoing-29 << Expires: Fri, 06 Oct 2023 02:08:29 GMT
08:17:51.390 [main] DEBUG org.apache.hc.client5.http.headers - http-outgoing-29 << Cache-Control: public, max-age=3600
08:17:51.390 [main] DEBUG org.apache.hc.client5.http.headers - http-outgoing-29 << Age: 564
08:17:51.390 [main] DEBUG org.apache.hc.client5.http.headers - http-outgoing-29 << Last-Modified: Wed, 31 May 2023 08:57:42 GMT
08:17:51.390 [main] DEBUG org.apache.hc.client5.http.headers - http-outgoing-29 << ETag: "368684b889419678b04e4899d53d7ab0"
08:17:51.390 [main] DEBUG org.apache.hc.client5.http.headers - http-outgoing-29 << Content-Type: text/plain
08:17:51.390 [main] DEBUG org.apache.hc.client5.http.headers - http-outgoing-29 << Alt-Svc: h3=":443"; ma=2592000,h3-29=":443"; ma=2592000
08:17:51.390 [main] DEBUG org.apache.hc.client5.http.impl.classic.MainClientExec - ex-00000028: connection can be kept alive for 3 MINUTES
08:17:51.390 [main] DEBUG org.apache.hc.client5.http.impl.classic.InternalHttpClient - ep-00000027: releasing valid endpoint
08:17:51.390 [main] DEBUG org.apache.hc.client5.http.impl.io.PoolingHttpClientConnectionManager - ep-00000027: releasing endpoint
08:17:51.390 [main] DEBUG org.apache.hc.client5.http.impl.io.PoolingHttpClientConnectionManager - ep-00000027: connection http-outgoing-29 can be kept alive for 3 MINUTES
08:17:51.390 [main] DEBUG org.apache.hc.client5.http.impl.io.PoolingHttpClientConnectionManager - ep-00000027: connection released [route: {s}->https://chromedriver.storage.googleapis.com:443][total available: 2; route allocated: 2 of 5; total allocated: 3 of 25]
08:17:51.390 [main] DEBUG io.github.bonigarcia.wdm.versions.VersionDetector - Latest version of chromedriver according to https://chromedriver.storage.googleapis.com/LATEST_RELEASE is 114.0.5735.90
08:17:51.393 [main] DEBUG io.github.bonigarcia.wdm.WebDriverManager - Driver chromedriver 114.0.5735.90 found in cache
08:17:51.393 [main] INFO io.github.bonigarcia.wdm.WebDriverManager - Exporting webdriver.chrome.driver as C:\Users\Bagas Dwi Saputra\.cache\selenium\chromedriver\win32\114.0.5735.90\chromedriver.exe
08:17:51.479 [main] DEBUG net.thucydides.core.reflection.ClassFinder - Could not load class net.serenitybdd.rest.utils.RestSpecificationFactory
08:17:51.556 [main] DEBUG net.thucydides.core.reflection.ClassFinder - Could not load class net.serenitybdd.rest.utils.RestSpecificationFactory
08:17:51.557 [main] INFO net.serenitybdd.core.webdriver.driverproviders.ProvideNewDriver - Instantiating driver
08:17:51.557 [main] INFO net.serenitybdd.core.webdriver.driverproviders.ProvideNewDriver - Driver capabilities: Capabilities {acceptInsecureCerts: false, base.url: https://app.jubelio.com, browserName: chrome, chrome.driver: src/test/resources/webdrive..., driver: chrome, goog:chromeOptions: {args: [], extensions: []}, loggingPrefs: org.openqa.selenium.logging...}
08:17:52.541 [main] DEBUG net.thucydides.core.reflection.ClassFinder - Could not load class net.serenitybdd.rest.utils.RestSpecificationFactory
08:17:54.344 [main] DEBUG net.serenitybdd.core.photography.Darkroom - Send negative for processing for target\site\serenity\4cc97b387fb82cfc136ff103deed3ff15904afea0e81e8a8130786ef5a9430f4.png
08:17:54.344 [main] DEBUG net.thucydides.core.steps.StepInterceptor - STEP DONE: openLink
08:17:54.349 [main] DEBUG net.thucydides.core.steps.StepInterceptor - STARTING STEP: LoginSteps.fillsInTheWithValidDataEmail - fills in the {string} with valid data email
08:17:54.640 [main] DEBUG net.serenitybdd.core.photography.Darkroom - Send negative for processing for target\site\serenity\53aa409ff0fe0f29d78dc4e2ae24b7fa8e8aedefcbf9682a0733dd30c1cca555.png
08:17:54.640 [main] DEBUG net.thucydides.core.steps.StepInterceptor - STEP DONE: fills in the {string} with valid data email
  &amp#27;[32mGiven &amp#27;[0m&amp#27;[32mfills in the &amp#27;[0m&amp#27;[32m&amp#27;[1m"qa.rakamin.jubelio@gmail"&amp#27;[0m&amp#27;[32m with valid data email&amp#27;[0m &amp#27;[90m# starter.stepdefinitios.LoginSteps.fillsInTheWithValidDataEmail(java.lang.String)&amp#27;[0m
08:17:55.336 [main] DEBUG net.serenitybdd.core.photography.Darkroom - Send negative for processing for target\site\serenity\c4f0704577733de09401d10b7d86c2a1aa6298d6445f9b4f27418749a57b9dc2.png
08:17:55.336 [main] DEBUG net.thucydides.core.steps.StepInterceptor - STARTING STEP: LoginSteps.fillInTheWithValidDataPass - fill in the {string} with valid data pass
08:17:55.621 [main] DEBUG net.serenitybdd.core.photography.Darkroom - Send negative for processing for target\site\serenity\f7c6ef932f71c961d2475d2cef6dbea8aa676bebe6ae276426a773c51e424c85.png
08:17:55.622 [main] DEBUG net.thucydides.core.steps.StepInterceptor - STEP DONE: fill in the {string} with valid data pass
  &amp#27;[32mAnd &amp#27;[0m&amp#27;[32mfill in the &amp#27;[0m&amp#27;[32m&amp#27;[1m"Jubelio123"&amp#27;[0m&amp#27;[32m with valid data pass&amp#27;[0m                   &amp#27;[90m# starter.stepdefinitios.LoginSteps.fillInTheWithValidDataPass(java.lang.String)&amp#27;[0m
08:17:55.622 [Darkroom Processing Line] DEBUG net.serenitybdd.core.photography.DarkroomProcessingLine - Processing screenshot image in /var/screenshots/screenshot-15982255609770091589
08:17:55.622 [Darkroom Processing Line] DEBUG net.serenitybdd.core.photography.DarkroomProcessingLine - Saving screenshot to target\site\serenity\f7c6ef932f71c961d2475d2cef6dbea8aa676bebe6ae276426a773c51e424c85.png
08:17:55.629 [main] DEBUG net.thucydides.core.steps.StepInterceptor - STARTING STEP: LoginSteps.clickTheLoginButton - clickbtnlogin
08:17:55.911 [main] DEBUG net.serenitybdd.core.photography.Darkroom - Send negative for processing for target\site\serenity\c82fa643e5a9b4e98367b332a79c27b69ab63c811364a3775703f24a899d83e7.png
08:17:55.911 [main] DEBUG net.thucydides.core.steps.StepInterceptor - STEP DONE: clickbtnlogin
08:17:55.911 [Darkroom Processing Line] DEBUG net.serenitybdd.core.photography.DarkroomProcessingLine - Processing screenshot image in /var/screenshots/screenshot-13394028480566176347
08:17:55.911 [Darkroom Processing Line] DEBUG net.serenitybdd.core.photography.DarkroomProcessingLine - Saving screenshot to target\site\serenity\c82fa643e5a9b4e98367b332a79c27b69ab63c811364a3775703f24a899d83e7.png
  &amp#27;[32mWhen &amp#27;[0m&amp#27;[32mclick the login button&amp#27;[0m                                         &amp#27;[90m# starter.stepdefinitios.LoginSteps.clickTheLoginButton()&amp#27;[0m
08:17:56.589 [main] DEBUG net.serenitybdd.core.photography.Darkroom - Send negative for processing for target\site\serenity\48b3885b0ecbde194f05f4bb1d6f4c3ff3a537575a38660f9bd0c24951ef9c7c.png
08:17:56.590 [Darkroom Processing Line] DEBUG net.serenitybdd.core.photography.DarkroomProcessingLine - Processing screenshot image in /var/screenshots/screenshot-6596537378282488713
08:17:56.590 [Darkroom Processing Line] DEBUG net.serenitybdd.core.photography.DarkroomProcessingLine - Saving screenshot to target\site\serenity\48b3885b0ecbde194f05f4bb1d6f4c3ff3a537575a38660f9bd0c24951ef9c7c.png
08:17:56.599 [main] DEBUG net.thucydides.core.steps.StepInterceptor - STARTING STEP: LoginSteps.validatePageHomeOrError - validate page home or error {string}
08:17:58.771 [main] DEBUG net.serenitybdd.core.photography.Darkroom - Send negative for processing for target\site\serenity\48b3885b0ecbde194f05f4bb1d6f4c3ff3a537575a38660f9bd0c24951ef9c7c.png
  &amp#27;[31mThen &amp#27;[0m&amp#27;[31mvalidate page home or error &amp#27;[0m&amp#27;[31m&amp#27;[1m"Email dan Password anda salah."&amp#27;[0m   &amp#27;[90m# starter.stepdefinitios.LoginSteps.validatePageHomeOrError(java.lang.String)&amp#27;[0m
      &amp#27;[31morg.openqa.selenium.NoSuchElementException: no such element: Unable to locate element: {"method":"xpath","selector":"//*[text() = 'Password atau email anda salah.']"}
  (Session info: chrome=117.0.5938.134)
For documentation on this error, please visit: https://www.seleniumhq.org/exceptions/no_such_element.html
Build info: version: '3.141.59', revision: 'e82be7d358', time: '2018-11-14T08:17:03'
System info: host: 'LAPTOP-SQP5LMI4', ip: '192.168.100.42', os.name: 'Windows 11', os.arch: 'amd64', os.version: '10.0', java.version: '17.0.8'
Driver info: org.openqa.selenium.chrome.ChromeDriver
Capabilities {acceptInsecureCerts: false, browserName: chrome, browserVersion: 117.0.5938.134, chrome: {chromedriverVersion: 117.0.5938.88 (be6afae47212..., userDataDir: C:\Users\BAGASD~1\AppData\L...}, fedcm:accounts: true, goog:chromeOptions: {debuggerAddress: localhost:64583}, javascriptEnabled: true, networkConnectionEnabled: false, pageLoadStrategy: normal, platform: WINDOWS, platformName: WINDOWS, proxy: Proxy(), setWindowRect: true, strictFileInteractability: false, timeouts: {implicit: 0, pageLoad: 300000, script: 30000}, unhandledPromptBehavior: dismiss and notify, webauthn:extension:credBlob: true, webauthn:extension:largeBlob: true, webauthn:extension:minPinLength: true, webauthn:extension:prf: true, webauthn:virtualAuthenticators: true}
Session ID: bd2b1a3ffe1e63c1bd87a0ca31e0cee1
*** Element info: {Using=xpath, value=//*[text() = 'Password atau email anda salah.']}
	at java.base/jdk.internal.reflect.NativeConstructorAccessorImpl.newInstance0(Native Method)
	at java.base/jdk.internal.reflect.NativeConstructorAccessorImpl.newInstance(NativeConstructorAccessorImpl.java:77)
	at java.base/jdk.internal.reflect.DelegatingConstructorAccessorImpl.newInstance(DelegatingConstructorAccessorImpl.java:45)
	at java.base/java.lang.reflect.Constructor.newInstanceWithCaller(Constructor.java:499)
	at java.base/java.lang.reflect.Constructor.newInstance(Constructor.java:480)
	at org.openqa.selenium.remote.http.W3CHttpResponseCodec.createException(W3CHttpResponseCodec.java:187)
	at org.openqa.selenium.remote.http.W3CHttpResponseCodec.decode(W3CHttpResponseCodec.java:122)
	at org.openqa.selenium.remote.http.W3CHttpResponseCodec.decode(W3CHttpResponseCodec.java:49)
	at org.openqa.selenium.remote.HttpCommandExecutor.execute(HttpCommandExecutor.java:158)
	at org.openqa.selenium.remote.service.DriverCommandExecutor.execute(DriverCommandExecutor.java:83)
	at org.openqa.selenium.remote.RemoteWebDriver.execute(RemoteWebDriver.java:552)
	at org.openqa.selenium.remote.RemoteWebDriver.findElement(RemoteWebDriver.java:323)
	at org.openqa.selenium.remote.RemoteWebDriver.findElementByXPath(RemoteWebDriver.java:428)
	at org.openqa.selenium.By$ByXPath.findElement(By.java:353)
	at org.openqa.selenium.remote.RemoteWebDriver.findElement(RemoteWebDriver.java:315)
	at net.thucydides.core.webdriver.WebDriverFacade.findElement(WebDriverFacade.java:222)
	at net.serenitybdd.core.pages.WebElementResolverByLocator.resolveForDriver(WebElementResolverByLocator.java:25)
	at net.serenitybdd.core.pages.WebElementFacadeImpl.getResolvedElement(WebElementFacadeImpl.java:231)
	at net.serenitybdd.core.pages.WebElementFacadeImpl.getElement(WebElementFacadeImpl.java:226)
	at net.serenitybdd.core.pages.WebElementFacadeImpl.getText(WebElementFacadeImpl.java:1159)
	at Website.New@1.0-SNAPSHOT/starter.pages.loginpage.validatePageHomeOrError(loginpage.java:71)
	at Website.New@1.0-SNAPSHOT/starter.pages.loginpage$ByteBuddy$QgjX29qQ.validatePageHomeOrError$accessor$SqkG8Mr4(Unknown Source)
	at java.base/jdk.internal.reflect.NativeMethodAccessorImpl.invoke0(Native Method)
	at java.base/jdk.internal.reflect.NativeMethodAccessorImpl.invoke(NativeMethodAccessorImpl.java:77)
	at java.base/jdk.internal.reflect.DelegatingMethodAccessorImpl.invoke(DelegatingMethodAccessorImpl.java:43)
	at java.base/java.lang.reflect.Method.invoke(Method.java:568)
	at net.thucydides.core.steps.StepInterceptor.invokeMethod(StepInterceptor.java:504)
	at net.thucydides.core.steps.StepInterceptor.executeTestStepMethod(StepInterceptor.java:484)
	at net.thucydides.core.steps.StepInterceptor.runTestStep(StepInterceptor.java:458)
	at net.thucydides.core.steps.StepInterceptor.runOrSkipMethod(StepInterceptor.java:210)
	at net.thucydides.core.steps.StepInterceptor.testStepResult(StepInterceptor.java:197)
	at net.thucydides.core.steps.StepInterceptor.intercept(StepInterceptor.java:85)
	at net.thucydides.core.steps.ProxyConfiguration$InterceptorDispatcher.intercept(ProxyConfiguration.java:51)
	at Website.New@1.0-SNAPSHOT/starter.pages.loginpage$ByteBuddy$QgjX29qQ.validatePageHomeOrError(Unknown Source)
	at Website.New@1.0-SNAPSHOT/starter.stepdefinitios.LoginSteps.validatePageHomeOrError(LoginSteps.java:37)
	at âœ½.validate page home or error "Email dan Password anda salah."(file:///D:/QE/Automation/Jubelio-Website/src/test/resources/features/user/login.feature:8)
&amp#27;[0m
]]></system-out>
    <system-err><![CDATA[Starting ChromeDriver 117.0.5938.88 (be6afae4721209be42944bbcd325665f9f44563b-refs/branch-heads/5938_62@{#9}) on port 45634
Only local connections are allowed.
Please see https://chromedriver.chromium.org/security-considerations for suggestions on keeping ChromeDriver safe.
ChromeDriver was started successfully.
Oct 06, 2023 8:17:52 AM org.openqa.selenium.remote.ProtocolHandshake createSession
INFO: Detected dialect: W3C
]]></system-err>
  </testcase>
  <testcase name="Login Account #5" classname="Login Account at app.jubelio" time="6.877">
    <system-out><![CDATA[
@Login
Scenario Outline: Login Account                                      &amp#27;[90m# src/test/resources/features/user/login.feature:15&amp#27;[0m
08:17:59.075 [main] INFO io.cucumber.core.plugin.SerenityReporter - Running feature from file:///D:/QE/Automation/Jubelio-Website/src/test/resources/features/user/login.feature
08:17:59.596 [main] DEBUG net.thucydides.core.steps.StepInterceptor - STARTING STEP: LoginSteps.fillsInTheWithValidDataEmail - openLink
08:17:59.598 [main] INFO net.serenitybdd.core.webdriver.driverproviders.ChromeDriverProvider - Using automatically driver download
08:17:59.610 [main] DEBUG org.apache.hc.client5.http.impl.classic.InternalHttpClient - ex-00000029: preparing request execution
08:17:59.610 [main] DEBUG org.apache.hc.client5.http.protocol.RequestAddCookies - Cookie spec selected: strict
08:17:59.610 [main] DEBUG org.apache.hc.client5.http.protocol.RequestAuthCache - Auth cache not set in the context
08:17:59.610 [main] DEBUG org.apache.hc.client5.http.impl.classic.ProtocolExec - ex-00000029: target auth state: UNCHALLENGED
08:17:59.610 [main] DEBUG org.apache.hc.client5.http.impl.classic.ProtocolExec - ex-00000029: proxy auth state: UNCHALLENGED
08:17:59.610 [main] DEBUG org.apache.hc.client5.http.impl.classic.ConnectExec - ex-00000029: acquiring connection with route {s}->https://raw.githubusercontent.com:443
08:17:59.610 [main] DEBUG org.apache.hc.client5.http.impl.classic.InternalHttpClient - ex-00000029: acquiring endpoint (3 MINUTES)
08:17:59.610 [main] DEBUG org.apache.hc.client5.http.impl.io.PoolingHttpClientConnectionManager - ex-00000029: endpoint lease request (3 MINUTES) [route: {s}->https://raw.githubusercontent.com:443][total available: 0; route allocated: 0 of 5; total allocated: 0 of 25]
08:17:59.610 [main] DEBUG org.apache.hc.client5.http.impl.io.PoolingHttpClientConnectionManager - ex-00000029: endpoint leased [route: {s}->https://raw.githubusercontent.com:443][total available: 0; route allocated: 1 of 5; total allocated: 1 of 25]
08:17:59.610 [main] DEBUG org.apache.hc.client5.http.impl.io.PoolingHttpClientConnectionManager - ex-00000029: acquired ep-00000028
08:17:59.611 [main] DEBUG org.apache.hc.client5.http.impl.classic.InternalHttpClient - ex-00000029: acquired endpoint ep-00000028
08:17:59.611 [main] DEBUG org.apache.hc.client5.http.impl.classic.ConnectExec - ex-00000029: opening connection {s}->https://raw.githubusercontent.com:443
08:17:59.611 [main] DEBUG org.apache.hc.client5.http.impl.classic.InternalHttpClient - ep-00000028: connecting endpoint (30 SECONDS)
08:17:59.611 [main] DEBUG org.apache.hc.client5.http.impl.io.PoolingHttpClientConnectionManager - ep-00000028: connecting endpoint to https://raw.githubusercontent.com:443 (30 SECONDS)
08:17:59.612 [main] DEBUG org.apache.hc.client5.http.impl.io.DefaultHttpClientConnectionOperator - http-outgoing-30: connecting to raw.githubusercontent.com/185.199.108.133:443
08:17:59.612 [main] DEBUG org.apache.hc.client5.http.ssl.SSLConnectionSocketFactory - Connecting socket to raw.githubusercontent.com/185.199.108.133:443 with timeout 30 SECONDS
08:17:59.632 [main] DEBUG org.apache.hc.client5.http.ssl.SSLConnectionSocketFactory - Enabled protocols: [TLSv1.3, TLSv1.2]
08:17:59.632 [main] DEBUG org.apache.hc.client5.http.ssl.SSLConnectionSocketFactory - Enabled cipher suites: [TLS_AES_256_GCM_SHA384, TLS_AES_128_GCM_SHA256, TLS_CHACHA20_POLY1305_SHA256, TLS_ECDHE_ECDSA_WITH_AES_256_GCM_SHA384, TLS_ECDHE_ECDSA_WITH_AES_128_GCM_SHA256, TLS_ECDHE_ECDSA_WITH_CHACHA20_POLY1305_SHA256, TLS_ECDHE_RSA_WITH_AES_256_GCM_SHA384, TLS_ECDHE_RSA_WITH_CHACHA20_POLY1305_SHA256, TLS_ECDHE_RSA_WITH_AES_128_GCM_SHA256, TLS_DHE_RSA_WITH_AES_256_GCM_SHA384, TLS_DHE_RSA_WITH_CHACHA20_POLY1305_SHA256, TLS_DHE_DSS_WITH_AES_256_GCM_SHA384, TLS_DHE_RSA_WITH_AES_128_GCM_SHA256, TLS_DHE_DSS_WITH_AES_128_GCM_SHA256, TLS_ECDHE_ECDSA_WITH_AES_256_CBC_SHA384, TLS_ECDHE_RSA_WITH_AES_256_CBC_SHA384, TLS_ECDHE_ECDSA_WITH_AES_128_CBC_SHA256, TLS_ECDHE_RSA_WITH_AES_128_CBC_SHA256, TLS_DHE_RSA_WITH_AES_256_CBC_SHA256, TLS_DHE_DSS_WITH_AES_256_CBC_SHA256, TLS_DHE_RSA_WITH_AES_128_CBC_SHA256, TLS_DHE_DSS_WITH_AES_128_CBC_SHA256, TLS_ECDH_ECDSA_WITH_AES_256_GCM_SHA384, TLS_ECDH_RSA_WITH_AES_256_GCM_SHA384, TLS_ECDH_ECDSA_WITH_AES_128_GCM_SHA256, TLS_ECDH_RSA_WITH_AES_128_GCM_SHA256, TLS_ECDH_ECDSA_WITH_AES_256_CBC_SHA384, TLS_ECDH_RSA_WITH_AES_256_CBC_SHA384, TLS_ECDH_ECDSA_WITH_AES_128_CBC_SHA256, TLS_ECDH_RSA_WITH_AES_128_CBC_SHA256, TLS_ECDHE_ECDSA_WITH_AES_256_CBC_SHA, TLS_ECDHE_RSA_WITH_AES_256_CBC_SHA, TLS_ECDHE_ECDSA_WITH_AES_128_CBC_SHA, TLS_ECDHE_RSA_WITH_AES_128_CBC_SHA, TLS_DHE_RSA_WITH_AES_256_CBC_SHA, TLS_DHE_DSS_WITH_AES_256_CBC_SHA, TLS_DHE_RSA_WITH_AES_128_CBC_SHA, TLS_DHE_DSS_WITH_AES_128_CBC_SHA, TLS_ECDH_ECDSA_WITH_AES_256_CBC_SHA, TLS_ECDH_RSA_WITH_AES_256_CBC_SHA, TLS_ECDH_ECDSA_WITH_AES_128_CBC_SHA, TLS_ECDH_RSA_WITH_AES_128_CBC_SHA, TLS_RSA_WITH_AES_256_GCM_SHA384, TLS_RSA_WITH_AES_128_GCM_SHA256, TLS_RSA_WITH_AES_256_CBC_SHA256, TLS_RSA_WITH_AES_128_CBC_SHA256, TLS_RSA_WITH_AES_256_CBC_SHA, TLS_RSA_WITH_AES_128_CBC_SHA, TLS_EMPTY_RENEGOTIATION_INFO_SCSV]
08:17:59.632 [main] DEBUG org.apache.hc.client5.http.ssl.SSLConnectionSocketFactory - Starting handshake
08:17:59.672 [main] DEBUG org.apache.hc.client5.http.ssl.SSLConnectionSocketFactory - Secure session established
08:17:59.672 [main] DEBUG org.apache.hc.client5.http.ssl.SSLConnectionSocketFactory -  negotiated protocol: TLSv1.3
08:17:59.672 [main] DEBUG org.apache.hc.client5.http.ssl.SSLConnectionSocketFactory -  negotiated cipher suite: TLS_AES_256_GCM_SHA384
08:17:59.672 [main] DEBUG org.apache.hc.client5.http.ssl.SSLConnectionSocketFactory -  peer principal: CN=*.github.io, O="GitHub, Inc.", L=San Francisco, ST=California, C=US
08:17:59.672 [main] DEBUG org.apache.hc.client5.http.ssl.SSLConnectionSocketFactory -  peer alternative names: [*.github.io, github.io, *.github.com, github.com, www.github.com, *.githubusercontent.com, githubusercontent.com]
08:17:59.672 [main] DEBUG org.apache.hc.client5.http.ssl.SSLConnectionSocketFactory -  issuer principal: CN=DigiCert TLS RSA SHA256 2020 CA1, O=DigiCert Inc, C=US
08:17:59.672 [main] DEBUG org.apache.hc.client5.http.impl.io.DefaultHttpClientConnectionOperator - http-outgoing-30: connection established 192.168.100.42:64630<->185.199.108.133:443
08:17:59.673 [main] DEBUG org.apache.hc.client5.http.impl.io.PoolingHttpClientConnectionManager - ep-00000028: connected http-outgoing-30
08:17:59.673 [main] DEBUG org.apache.hc.client5.http.impl.classic.InternalHttpClient - ep-00000028: endpoint connected
08:17:59.673 [main] DEBUG org.apache.hc.client5.http.impl.classic.MainClientExec - ex-00000029: executing GET /bonigarcia/webdrivermanager/master/src/main/resources/commands.properties HTTP/1.1
08:17:59.673 [main] DEBUG org.apache.hc.client5.http.impl.classic.InternalHttpClient - ep-00000028: start execution ex-00000029
08:17:59.673 [main] DEBUG org.apache.hc.client5.http.impl.io.PoolingHttpClientConnectionManager - ep-00000028: executing exchange ex-00000029 over http-outgoing-30
08:17:59.673 [main] DEBUG org.apache.hc.client5.http.headers - http-outgoing-30 >> GET /bonigarcia/webdrivermanager/master/src/main/resources/commands.properties HTTP/1.1
08:17:59.673 [main] DEBUG org.apache.hc.client5.http.headers - http-outgoing-30 >> user-agent: Apache-HttpClient/5.0
08:17:59.673 [main] DEBUG org.apache.hc.client5.http.headers - http-outgoing-30 >> accept-encoding: gzip, deflate, br
08:17:59.673 [main] DEBUG org.apache.hc.client5.http.headers - http-outgoing-30 >> cache-control: max-age=0
08:17:59.673 [main] DEBUG org.apache.hc.client5.http.headers - http-outgoing-30 >> connection: keep-alive
08:17:59.673 [main] DEBUG org.apache.hc.client5.http.headers - http-outgoing-30 >> Host: raw.githubusercontent.com
08:17:59.673 [main] DEBUG org.apache.hc.client5.http.wire - http-outgoing-30 >> "GET /bonigarcia/webdrivermanager/master/src/main/resources/commands.properties HTTP/1.1[\r][\n]"
08:17:59.673 [main] DEBUG org.apache.hc.client5.http.wire - http-outgoing-30 >> "user-agent: Apache-HttpClient/5.0[\r][\n]"
08:17:59.673 [main] DEBUG org.apache.hc.client5.http.wire - http-outgoing-30 >> "accept-encoding: gzip, deflate, br[\r][\n]"
08:17:59.673 [main] DEBUG org.apache.hc.client5.http.wire - http-outgoing-30 >> "cache-control: max-age=0[\r][\n]"
08:17:59.673 [main] DEBUG org.apache.hc.client5.http.wire - http-outgoing-30 >> "connection: keep-alive[\r][\n]"
08:17:59.673 [main] DEBUG org.apache.hc.client5.http.wire - http-outgoing-30 >> "Host: raw.githubusercontent.com[\r][\n]"
08:17:59.673 [main] DEBUG org.apache.hc.client5.http.wire - http-outgoing-30 >> "[\r][\n]"
08:17:59.707 [main] DEBUG org.apache.hc.client5.http.wire - http-outgoing-30 << "HTTP/1.1 200 OK[\r][\n]"
08:17:59.707 [main] DEBUG org.apache.hc.client5.http.wire - http-outgoing-30 << "Connection: keep-alive[\r][\n]"
08:17:59.707 [main] DEBUG org.apache.hc.client5.http.wire - http-outgoing-30 << "Content-Length: 723[\r][\n]"
08:17:59.707 [main] DEBUG org.apache.hc.client5.http.wire - http-outgoing-30 << "Cache-Control: max-age=300[\r][\n]"
08:17:59.707 [main] DEBUG org.apache.hc.client5.http.wire - http-outgoing-30 << "Content-Security-Policy: default-src 'none'; style-src 'unsafe-inline'; sandbox[\r][\n]"
08:17:59.707 [main] DEBUG org.apache.hc.client5.http.wire - http-outgoing-30 << "Content-Type: text/plain; charset=utf-8[\r][\n]"
08:17:59.707 [main] DEBUG org.apache.hc.client5.http.wire - http-outgoing-30 << "ETag: W/"e82b438271e9e8680c688b0b680efd0bdd22faa6d6f0a32fc1fd8accc486b67e"[\r][\n]"
08:17:59.707 [main] DEBUG org.apache.hc.client5.http.wire - http-outgoing-30 << "Strict-Transport-Security: max-age=31536000[\r][\n]"
08:17:59.707 [main] DEBUG org.apache.hc.client5.http.wire - http-outgoing-30 << "X-Content-Type-Options: nosniff[\r][\n]"
08:17:59.708 [main] DEBUG org.apache.hc.client5.http.wire - http-outgoing-30 << "X-Frame-Options: deny[\r][\n]"
08:17:59.708 [main] DEBUG org.apache.hc.client5.http.wire - http-outgoing-30 << "X-XSS-Protection: 1; mode=block[\r][\n]"
08:17:59.708 [main] DEBUG org.apache.hc.client5.http.wire - http-outgoing-30 << "X-GitHub-Request-Id: 4CA0:B8C7F:70C4E:8CACE:651389F9[\r][\n]"
08:17:59.708 [main] DEBUG org.apache.hc.client5.http.wire - http-outgoing-30 << "Content-Encoding: gzip[\r][\n]"
08:17:59.708 [main] DEBUG org.apache.hc.client5.http.wire - http-outgoing-30 << "Accept-Ranges: bytes[\r][\n]"
08:17:59.708 [main] DEBUG org.apache.hc.client5.http.wire - http-outgoing-30 << "Date: Fri, 06 Oct 2023 01:18:01 GMT[\r][\n]"
08:17:59.708 [main] DEBUG org.apache.hc.client5.http.wire - http-outgoing-30 << "Via: 1.1 varnish[\r][\n]"
08:17:59.708 [main] DEBUG org.apache.hc.client5.http.wire - http-outgoing-30 << "X-Served-By: cache-qpg1231-QPG[\r][\n]"
08:17:59.708 [main] DEBUG org.apache.hc.client5.http.wire - http-outgoing-30 << "X-Cache: HIT[\r][\n]"
08:17:59.708 [main] DEBUG org.apache.hc.client5.http.wire - http-outgoing-30 << "X-Cache-Hits: 1[\r][\n]"
08:17:59.708 [main] DEBUG org.apache.hc.client5.http.wire - http-outgoing-30 << "X-Timer: S1696555082.833821,VS0,VE1[\r][\n]"
08:17:59.708 [main] DEBUG org.apache.hc.client5.http.wire - http-outgoing-30 << "Vary: Authorization,Accept-Encoding,Origin[\r][\n]"
08:17:59.708 [main] DEBUG org.apache.hc.client5.http.wire - http-outgoing-30 << "Access-Control-Allow-Origin: *[\r][\n]"
08:17:59.708 [main] DEBUG org.apache.hc.client5.http.wire - http-outgoing-30 << "Cross-Origin-Resource-Policy: cross-origin[\r][\n]"
08:17:59.708 [main] DEBUG org.apache.hc.client5.http.wire - http-outgoing-30 << "X-Fastly-Request-ID: f11bbeec97743b2560284bde9696e6c849d90f52[\r][\n]"
08:17:59.708 [main] DEBUG org.apache.hc.client5.http.wire - http-outgoing-30 << "Expires: Fri, 06 Oct 2023 01:23:01 GMT[\r][\n]"
08:17:59.708 [main] DEBUG org.apache.hc.client5.http.wire - http-outgoing-30 << "Source-Age: 114[\r][\n]"
08:17:59.708 [main] DEBUG org.apache.hc.client5.http.wire - http-outgoing-30 << "[\r][\n]"
08:17:59.708 [main] DEBUG org.apache.hc.client5.http.headers - http-outgoing-30 << HTTP/1.1 200 OK
08:17:59.708 [main] DEBUG org.apache.hc.client5.http.headers - http-outgoing-30 << Connection: keep-alive
08:17:59.708 [main] DEBUG org.apache.hc.client5.http.headers - http-outgoing-30 << Content-Length: 723
08:17:59.708 [main] DEBUG org.apache.hc.client5.http.headers - http-outgoing-30 << Cache-Control: max-age=300
08:17:59.708 [main] DEBUG org.apache.hc.client5.http.headers - http-outgoing-30 << Content-Security-Policy: default-src 'none'; style-src 'unsafe-inline'; sandbox
08:17:59.708 [main] DEBUG org.apache.hc.client5.http.headers - http-outgoing-30 << Content-Type: text/plain; charset=utf-8
08:17:59.709 [main] DEBUG org.apache.hc.client5.http.headers - http-outgoing-30 << ETag: W/"e82b438271e9e8680c688b0b680efd0bdd22faa6d6f0a32fc1fd8accc486b67e"
08:17:59.709 [main] DEBUG org.apache.hc.client5.http.headers - http-outgoing-30 << Strict-Transport-Security: max-age=31536000
08:17:59.709 [main] DEBUG org.apache.hc.client5.http.headers - http-outgoing-30 << X-Content-Type-Options: nosniff
08:17:59.709 [main] DEBUG org.apache.hc.client5.http.headers - http-outgoing-30 << X-Frame-Options: deny
08:17:59.709 [main] DEBUG org.apache.hc.client5.http.headers - http-outgoing-30 << X-XSS-Protection: 1; mode=block
08:17:59.709 [main] DEBUG org.apache.hc.client5.http.headers - http-outgoing-30 << X-GitHub-Request-Id: 4CA0:B8C7F:70C4E:8CACE:651389F9
08:17:59.709 [main] DEBUG org.apache.hc.client5.http.headers - http-outgoing-30 << Content-Encoding: gzip
08:17:59.709 [main] DEBUG org.apache.hc.client5.http.headers - http-outgoing-30 << Accept-Ranges: bytes
08:17:59.709 [main] DEBUG org.apache.hc.client5.http.headers - http-outgoing-30 << Date: Fri, 06 Oct 2023 01:18:01 GMT
08:17:59.709 [main] DEBUG org.apache.hc.client5.http.headers - http-outgoing-30 << Via: 1.1 varnish
08:17:59.709 [main] DEBUG org.apache.hc.client5.http.headers - http-outgoing-30 << X-Served-By: cache-qpg1231-QPG
08:17:59.709 [main] DEBUG org.apache.hc.client5.http.headers - http-outgoing-30 << X-Cache: HIT
08:17:59.709 [main] DEBUG org.apache.hc.client5.http.headers - http-outgoing-30 << X-Cache-Hits: 1
08:17:59.709 [main] DEBUG org.apache.hc.client5.http.headers - http-outgoing-30 << X-Timer: S1696555082.833821,VS0,VE1
08:17:59.709 [main] DEBUG org.apache.hc.client5.http.headers - http-outgoing-30 << Vary: Authorization,Accept-Encoding,Origin
08:17:59.709 [main] DEBUG org.apache.hc.client5.http.headers - http-outgoing-30 << Access-Control-Allow-Origin: *
08:17:59.709 [main] DEBUG org.apache.hc.client5.http.headers - http-outgoing-30 << Cross-Origin-Resource-Policy: cross-origin
08:17:59.709 [main] DEBUG org.apache.hc.client5.http.headers - http-outgoing-30 << X-Fastly-Request-ID: f11bbeec97743b2560284bde9696e6c849d90f52
08:17:59.709 [main] DEBUG org.apache.hc.client5.http.headers - http-outgoing-30 << Expires: Fri, 06 Oct 2023 01:23:01 GMT
08:17:59.709 [main] DEBUG org.apache.hc.client5.http.headers - http-outgoing-30 << Source-Age: 114
08:17:59.709 [main] DEBUG org.apache.hc.client5.http.impl.classic.MainClientExec - ex-00000029: connection can be kept alive for 3 MINUTES
08:17:59.710 [main] DEBUG org.apache.hc.client5.http.wire - http-outgoing-30 << "[0x1f][0xffffff8b][0x8][0x0][0x0][0x0][0x0][0x0][0x0][0x3][0xffffffb5]V]o[0xffffffda]0[0x14]}[0xffffffe7]W\[0xffffff81]*[0xffffffb5][0x12][0x1f][[M[0xffffffd3]$[0x1e]hF[0xffffffbb]i [0x18][0xffffffb4][0xffffffdd]&[0xfffffff9][0xffffffc5]$7[0xffffffc1]R[0x12]#;[0xffffff94]v[0xffffffbf]~[0xffffffb6][0xfffffff3]1[0xffffff92][0xffffff9a][0xffffffc1][0x1a]x[0xffffffcb][0xffffffb5][0xffffffaf][0xffffffcf]9[0xffffffbe][0xfffffff7]8v[0xb][0x1c][0x1e]E4[0xfffffff6]$x4[0xffffffa1][0xb]*[0xffffffb1][0xffffffd1][0xffffff82][0xfffffffb]%[0xffffff93][0xffffffe0][0xffffffb3][0x10][0xffffffc1][0xffffffe5]qBY,!Y[0xffffffea] KM8,[0x10][0xfffffff0][0x19][0xffffffdd]u[0xffffff82][0x1e][0xffffffb0][0xffffffd8]L[0xffffffcb]%[0xffffff86][0xffffffa1][0xe][0xffffffb8][0xfffffff0]P[0xffffffe8]$[0xf][0x13]t[0x13]3[0xfffffff9][0xffffff84]B2[0xffffffae][0xffffffe6]|@[0xfffffff5][0x1d][0x8][0xffffffc4][0x18][0x16][0xffffff82]o[0xffffffa4][0xffffff9a]P[0xffffff94][0xffffffe7][0xffffffce]R[0xfffffff0][0x8][0xffffffdb]p[0xffffffcb][0x4][0xfffffffa][0xfffffffc][0xffffffb9][\r][0xffffff93][0x15][\n]"
08:17:59.710 [main] DEBUG org.apache.hc.client5.http.wire - http-outgoing-30 << "[0xffffffda][0xffffff86][0xffffffa1][0x17][0xffffffa8]Q3[0xffffffcb][0xffffffd6][0xffffffd1][0xffffff85][0xffffffc6][0xfffffff7][0xffffff98][0xffffffef][0xffffffa3][0xffffffc0]8[0x1][0xffffffae]s[0x12][0x16][0x7] _d[0xffffff82][0xffffff91][0xffffff84][0xfffffff3][0x1f],[0xfffffff6][0x14]j[0x1b]F,^+[0xffffff98]1ua2[0xffffffbf]h([0xffffff8e][0xffffff94][0xffffffa2][0xffffff91]m[0xffffffa3][0xffffffeb][0xffffff9a][0xffffffb0][0xffffffbb]I[0x17]t[0xffffffdf][0xffffffbd][0xffffffef][0xffffffbb][0xffffff91][0xffffffd7]U[0xffffffbb][0xffffff82][0xffffff9e][0x3][0xffffff9b][0xffffff88][0xffffffb9][0xffffffa6]$[0xffffffa6][0xc][0xffffff9b][0xffffffa5][0xffffffe2][0xffffff83][0xffffff98]F[0xffffffd8]o[0xffffff9e]Mg[0xffffff93][0xffffffbb][0xffffffd9]`|[0xfffffffb]u4[0xffffff9c][0x7f]"}B[0xffffffce][0x8][0xffffffb9][0xffffffe3]<[0x8][0xffffff91][0xffffff90][0xffffff94][0xffffff82][0xffffff90][0xffffffc1]j[0x15]2WI[0xffffffe3]1![0x19][0xffffff91]BnB[0xffffff80][0x9]<f[0xffffffb5][0xffffffe8]=[0xffffffd1]p[0xffffffbd][[0xffffffcf][0xffffffe5][0x1b][0xfffffff4][0xffffff9c][0xffffffff][0xfffffffc][0xfffffff8][0xffffffe1][0xffffffe2][0xffffff94][0xffffffa2][0xffffffae][0xe][0x14]5[0xffffff9a]8[0xffffff83][0xffffffd1]`:[0xfffffffd]<[0xffffffb8][0x1f][0xffffff9c]R[0xffffffcf]u[0x7f]6[0xffffffbc][0xffffff83][0xffffffef][0xf][0xffffffc3][0xffffffd9]/[0xfffffff8][0xfffffff2][0xffffffcd]y s[0xffffffee]'[0x1b]*0g[0xffffffcb][0xffffffc8]nF7H][0xffffff83][0xffffff97]{[0xffffffb1]Q[0x5][\r][0xffffffb5]c[0xffffffb4][0xf][0x2][0xffffffb3][0xffffffb4][0xffffff93][0xe]C[0xffffffa7][0xffffffb3]kAD][0xffffff9d][0xffffffde][0xffffffdb][0xffffffda][0xffffff88][0xffffffec][0xffffffa5][0xffffffbc][0xffffff99][0xffffffd9][0xffffffba]t[0xffffffb5][0xffffffea]9[0xffffffea][0x10])[0xffffffb7][0xffffffca][0xffffff9e][0xfffffff2][0xffffffe2]d^N[0xffffffd8]FW[0x16][0xffffffcd][0xffffffdc]_[0x10][0xfffffff9]i|[0x1c][0xffffff93][0xffffff8e][0xfffffff9]o[0x16][0xffffff86]4'!$G[0xffffffdf]W[0xfffffff4]W*j[[0xfffffff3]xR[0xffffffae][0xffffffb6][0xc][0xffffffd0],; #[0xffffffa9][0xffffff92]5[0xffffffb5][0x7][0xffffff9c][0xffffffb5][0xffffffd0][0x7f][0xffffff90][0xffffffc7]jgs[0xfffffffc][0xffffffc2][0xb][0xffffffd9][0x0]t[0xffffff9e]^'Y[0xfffffffb][0xffffff9f][0xffffffb1][0xffffffd8]:[0xffffffbf][0xffffff8d][0xffffffa5][0xffffff9a][0xffffffad][0x7f]m[0x5]&[0xffffffaa][0xffffffa0]^[0xffffff9b][0xffffffcb][0x5]f[0xffffffae][0xffffffe0]RU[0xffffff82][0x10]MS9l[0xffffff91]4t[0xfffffffb][0xffffff8a]][0xffffffd6][0xfffffff4][0xffffff96][0xffffffa6][0xffffff9f]P[0xffffffce][0xffffffd5][0xffffffce][0xffffff93][0xffffffff][0xffffff97][0xffffffcc]p[0xfffffffd][0xfffffff3][0xffffffe8][0x1b][0xffffffcc][0xffffffa2][0xffffffd9]Q[0xffffffbe][0xffffffb2][0xffffffa3][0xffffffc7]m'[0xffffffdf][0xffffffe4][[0xfffffffb]^[0xffffffb0][0xffffff9a][0xffffffbe][0xffffffda][0xffffffda]_[0xffffffce][0xffffff80][0xffffffd2][0xffffffc1]7[0xffffffb7]][0xffffffc1]b[0xffffffee][0xffffffb5][0xffffffff]w[0xffffff83][0xffffffed][0xffffffa7];[0x15]<[0x10]4[0xffffff92][0xffffff84][0x18][\n]"
08:17:59.710 [main] DEBUG org.apache.hc.client5.http.wire - http-outgoing-30 << "BB[0xffffffba][0xffffff8e]][0xffffffb5]jo[0xffffffb9]+"[0xffffffea][0xffffffb4][0xffffffff]h"[0xffffffea]\?5[0xffffffa9][0xffffffaf]k[0xffffffec][0xffffffff]P[0xffffffea][\n]"
08:17:59.710 [main] DEBUG org.apache.hc.client5.http.wire - http-outgoing-30 << "w[0xffffffe1]K[0x13][0xffffffda][0xffffffec][0xffffff98][0xffffffe6]Y[0xfffffffd]h8m6[0xffffff9c]T[0xffffffc1][0xfffffff2][0xffffffa7][0xffffff91]z_[0xffffff95]o85p[0x1c][0x13][0xffffffe6][0xfffffff0]5[0xffffffee][0xfffffffc][0xffffff92][0xffffff96][0xffffffda][0xfffffff7][0xffffffcf][0xffffffb1][0x5][0x1d][0xffffffea]K[0xffffff9b]9[0xffffff8e][0xffffffad]e[0xfffffff7][0xffffff93][0xffffffa8]`[0xffffffda][0xffffffff][0x1a][0xffffffd2][0xffffff88][0xffffff85][0xfffffffd][0xfffffff2][0xffffff91]N[0xfffffff6]`[0xffffffdf]2[0xffffffcf][0xffffffae]E[0xffffff97][0xffffffc5][0xffffffa2][0xffffff9d][0xffffffef]'[0xffffff9d]mun.[0xffffffd3]f^[0xffffffc7][0xffffff82][0xffffffda][0xffffff82]9[0xfffffff5][0xffffffa9]`[0x5][0xffffffbc]4[0xffffffa1][0x1d]<M[0xffffffb5]A[0xffffffa7]3[[0xffffffc0][0x7f][0x0][0xffffffc1][0xffffffd0]$[0xffffff85][0x1d][\r][0x0][0x0]"
08:17:59.711 [main] DEBUG org.apache.hc.client5.http.impl.classic.InternalHttpClient - ep-00000028: releasing valid endpoint
08:17:59.711 [main] DEBUG org.apache.hc.client5.http.impl.io.PoolingHttpClientConnectionManager - ep-00000028: releasing endpoint
08:17:59.711 [main] DEBUG org.apache.hc.client5.http.impl.io.PoolingHttpClientConnectionManager - ep-00000028: connection http-outgoing-30 can be kept alive for 3 MINUTES
08:17:59.711 [main] DEBUG org.apache.hc.client5.http.impl.io.PoolingHttpClientConnectionManager - ep-00000028: connection released [route: {s}->https://raw.githubusercontent.com:443][total available: 1; route allocated: 1 of 5; total allocated: 1 of 25]
08:17:59.712 [main] DEBUG io.github.bonigarcia.wdm.versions.VersionDetector - Detecting chrome version using online commands.properties
08:17:59.712 [main] DEBUG io.github.bonigarcia.wdm.versions.Shell - Running command on the shell: [cmd.exe, /C, wmic, datafile, where, name="%PROGRAMFILES:\=\\%\\Google\\Chrome\\Application\\chrome.exe", get, Version, /value]
08:17:59.850 [main] DEBUG io.github.bonigarcia.wdm.versions.Shell - Result: Version=117.0.5938.134
08:17:59.852 [main] DEBUG org.apache.hc.client5.http.impl.classic.InternalHttpClient - ex-0000002A: preparing request execution
08:17:59.852 [main] DEBUG org.apache.hc.client5.http.protocol.RequestAddCookies - Cookie spec selected: strict
08:17:59.852 [main] DEBUG org.apache.hc.client5.http.protocol.RequestAuthCache - Auth cache not set in the context
08:17:59.852 [main] DEBUG org.apache.hc.client5.http.impl.classic.ProtocolExec - ex-0000002A: target auth state: UNCHALLENGED
08:17:59.852 [main] DEBUG org.apache.hc.client5.http.impl.classic.ProtocolExec - ex-0000002A: proxy auth state: UNCHALLENGED
08:17:59.852 [main] DEBUG org.apache.hc.client5.http.impl.classic.ConnectExec - ex-0000002A: acquiring connection with route {s}->https://chromedriver.storage.googleapis.com:443
08:17:59.852 [main] DEBUG org.apache.hc.client5.http.impl.classic.InternalHttpClient - ex-0000002A: acquiring endpoint (3 MINUTES)
08:17:59.852 [main] DEBUG org.apache.hc.client5.http.impl.io.PoolingHttpClientConnectionManager - ex-0000002A: endpoint lease request (3 MINUTES) [route: {s}->https://chromedriver.storage.googleapis.com:443][total available: 1; route allocated: 0 of 5; total allocated: 1 of 25]
08:17:59.852 [main] DEBUG org.apache.hc.client5.http.impl.io.PoolingHttpClientConnectionManager - ex-0000002A: endpoint leased [route: {s}->https://chromedriver.storage.googleapis.com:443][total available: 1; route allocated: 1 of 5; total allocated: 2 of 25]
08:17:59.852 [main] DEBUG org.apache.hc.client5.http.impl.io.PoolingHttpClientConnectionManager - ex-0000002A: acquired ep-00000029
08:17:59.852 [main] DEBUG org.apache.hc.client5.http.impl.classic.InternalHttpClient - ex-0000002A: acquired endpoint ep-00000029
08:17:59.852 [main] DEBUG org.apache.hc.client5.http.impl.classic.ConnectExec - ex-0000002A: opening connection {s}->https://chromedriver.storage.googleapis.com:443
08:17:59.852 [main] DEBUG org.apache.hc.client5.http.impl.classic.InternalHttpClient - ep-00000029: connecting endpoint (30 SECONDS)
08:17:59.852 [main] DEBUG org.apache.hc.client5.http.impl.io.PoolingHttpClientConnectionManager - ep-00000029: connecting endpoint to https://chromedriver.storage.googleapis.com:443 (30 SECONDS)
08:17:59.853 [main] DEBUG org.apache.hc.client5.http.impl.io.DefaultHttpClientConnectionOperator - http-outgoing-31: connecting to chromedriver.storage.googleapis.com/34.101.5.27:443
08:17:59.853 [main] DEBUG org.apache.hc.client5.http.ssl.SSLConnectionSocketFactory - Connecting socket to chromedriver.storage.googleapis.com/34.101.5.27:443 with timeout 30 SECONDS
08:17:59.871 [main] DEBUG org.apache.hc.client5.http.ssl.SSLConnectionSocketFactory - Enabled protocols: [TLSv1.3, TLSv1.2]
08:17:59.871 [main] DEBUG org.apache.hc.client5.http.ssl.SSLConnectionSocketFactory - Enabled cipher suites: [TLS_AES_256_GCM_SHA384, TLS_AES_128_GCM_SHA256, TLS_CHACHA20_POLY1305_SHA256, TLS_ECDHE_ECDSA_WITH_AES_256_GCM_SHA384, TLS_ECDHE_ECDSA_WITH_AES_128_GCM_SHA256, TLS_ECDHE_ECDSA_WITH_CHACHA20_POLY1305_SHA256, TLS_ECDHE_RSA_WITH_AES_256_GCM_SHA384, TLS_ECDHE_RSA_WITH_CHACHA20_POLY1305_SHA256, TLS_ECDHE_RSA_WITH_AES_128_GCM_SHA256, TLS_DHE_RSA_WITH_AES_256_GCM_SHA384, TLS_DHE_RSA_WITH_CHACHA20_POLY1305_SHA256, TLS_DHE_DSS_WITH_AES_256_GCM_SHA384, TLS_DHE_RSA_WITH_AES_128_GCM_SHA256, TLS_DHE_DSS_WITH_AES_128_GCM_SHA256, TLS_ECDHE_ECDSA_WITH_AES_256_CBC_SHA384, TLS_ECDHE_RSA_WITH_AES_256_CBC_SHA384, TLS_ECDHE_ECDSA_WITH_AES_128_CBC_SHA256, TLS_ECDHE_RSA_WITH_AES_128_CBC_SHA256, TLS_DHE_RSA_WITH_AES_256_CBC_SHA256, TLS_DHE_DSS_WITH_AES_256_CBC_SHA256, TLS_DHE_RSA_WITH_AES_128_CBC_SHA256, TLS_DHE_DSS_WITH_AES_128_CBC_SHA256, TLS_ECDH_ECDSA_WITH_AES_256_GCM_SHA384, TLS_ECDH_RSA_WITH_AES_256_GCM_SHA384, TLS_ECDH_ECDSA_WITH_AES_128_GCM_SHA256, TLS_ECDH_RSA_WITH_AES_128_GCM_SHA256, TLS_ECDH_ECDSA_WITH_AES_256_CBC_SHA384, TLS_ECDH_RSA_WITH_AES_256_CBC_SHA384, TLS_ECDH_ECDSA_WITH_AES_128_CBC_SHA256, TLS_ECDH_RSA_WITH_AES_128_CBC_SHA256, TLS_ECDHE_ECDSA_WITH_AES_256_CBC_SHA, TLS_ECDHE_RSA_WITH_AES_256_CBC_SHA, TLS_ECDHE_ECDSA_WITH_AES_128_CBC_SHA, TLS_ECDHE_RSA_WITH_AES_128_CBC_SHA, TLS_DHE_RSA_WITH_AES_256_CBC_SHA, TLS_DHE_DSS_WITH_AES_256_CBC_SHA, TLS_DHE_RSA_WITH_AES_128_CBC_SHA, TLS_DHE_DSS_WITH_AES_128_CBC_SHA, TLS_ECDH_ECDSA_WITH_AES_256_CBC_SHA, TLS_ECDH_RSA_WITH_AES_256_CBC_SHA, TLS_ECDH_ECDSA_WITH_AES_128_CBC_SHA, TLS_ECDH_RSA_WITH_AES_128_CBC_SHA, TLS_RSA_WITH_AES_256_GCM_SHA384, TLS_RSA_WITH_AES_128_GCM_SHA256, TLS_RSA_WITH_AES_256_CBC_SHA256, TLS_RSA_WITH_AES_128_CBC_SHA256, TLS_RSA_WITH_AES_256_CBC_SHA, TLS_RSA_WITH_AES_128_CBC_SHA, TLS_EMPTY_RENEGOTIATION_INFO_SCSV]
08:17:59.871 [main] DEBUG org.apache.hc.client5.http.ssl.SSLConnectionSocketFactory - Starting handshake
08:17:59.910 [main] DEBUG org.apache.hc.client5.http.ssl.SSLConnectionSocketFactory - Secure session established
08:17:59.910 [main] DEBUG org.apache.hc.client5.http.ssl.SSLConnectionSocketFactory -  negotiated protocol: TLSv1.3
08:17:59.910 [main] DEBUG org.apache.hc.client5.http.ssl.SSLConnectionSocketFactory -  negotiated cipher suite: TLS_AES_256_GCM_SHA384
08:17:59.910 [main] DEBUG org.apache.hc.client5.http.ssl.SSLConnectionSocketFactory -  peer principal: CN=*.storage.googleapis.com
08:17:59.910 [main] DEBUG org.apache.hc.client5.http.ssl.SSLConnectionSocketFactory -  peer alternative names: [*.storage.googleapis.com, *.googleapis.com, commondatastorage.googleapis.com, *.commondatastorage.googleapis.com, storage.googleapis.com, storage-p2.googleapis.com, *.storage-p2.googleapis.com, storage.mtls.googleapis.com, *.appspot.com.storage.googleapis.com, *.content-storage.googleapis.com, *.content-storage-p2.googleapis.com, *.content-storage-upload.googleapis.com, *.content-storage-download.googleapis.com, *.storage-upload.googleapis.com, *.storage-download.googleapis.com]
08:17:59.910 [main] DEBUG org.apache.hc.client5.http.ssl.SSLConnectionSocketFactory -  issuer principal: CN=GTS CA 1C3, O=Google Trust Services LLC, C=US
08:17:59.910 [main] DEBUG org.apache.hc.client5.http.impl.io.DefaultHttpClientConnectionOperator - http-outgoing-31: connection established 192.168.100.42:64631<->34.101.5.27:443
08:17:59.910 [main] DEBUG org.apache.hc.client5.http.impl.io.PoolingHttpClientConnectionManager - ep-00000029: connected http-outgoing-31
08:17:59.910 [main] DEBUG org.apache.hc.client5.http.impl.classic.InternalHttpClient - ep-00000029: endpoint connected
08:17:59.910 [main] DEBUG org.apache.hc.client5.http.impl.classic.MainClientExec - ex-0000002A: executing GET /LATEST_RELEASE_117 HTTP/1.1
08:17:59.910 [main] DEBUG org.apache.hc.client5.http.impl.classic.InternalHttpClient - ep-00000029: start execution ex-0000002A
08:17:59.910 [main] DEBUG org.apache.hc.client5.http.impl.io.PoolingHttpClientConnectionManager - ep-00000029: executing exchange ex-0000002A over http-outgoing-31
08:17:59.910 [main] DEBUG org.apache.hc.client5.http.headers - http-outgoing-31 >> GET /LATEST_RELEASE_117 HTTP/1.1
08:17:59.911 [main] DEBUG org.apache.hc.client5.http.headers - http-outgoing-31 >> user-agent: Apache-HttpClient/5.0
08:17:59.911 [main] DEBUG org.apache.hc.client5.http.headers - http-outgoing-31 >> accept-encoding: gzip, deflate, br
08:17:59.911 [main] DEBUG org.apache.hc.client5.http.headers - http-outgoing-31 >> cache-control: max-age=0
08:17:59.911 [main] DEBUG org.apache.hc.client5.http.headers - http-outgoing-31 >> connection: keep-alive
08:17:59.911 [main] DEBUG org.apache.hc.client5.http.headers - http-outgoing-31 >> Host: chromedriver.storage.googleapis.com
08:17:59.911 [main] DEBUG org.apache.hc.client5.http.wire - http-outgoing-31 >> "GET /LATEST_RELEASE_117 HTTP/1.1[\r][\n]"
08:17:59.911 [main] DEBUG org.apache.hc.client5.http.wire - http-outgoing-31 >> "user-agent: Apache-HttpClient/5.0[\r][\n]"
08:17:59.911 [main] DEBUG org.apache.hc.client5.http.wire - http-outgoing-31 >> "accept-encoding: gzip, deflate, br[\r][\n]"
08:17:59.911 [main] DEBUG org.apache.hc.client5.http.wire - http-outgoing-31 >> "cache-control: max-age=0[\r][\n]"
08:17:59.911 [main] DEBUG org.apache.hc.client5.http.wire - http-outgoing-31 >> "connection: keep-alive[\r][\n]"
08:17:59.911 [main] DEBUG org.apache.hc.client5.http.wire - http-outgoing-31 >> "Host: chromedriver.storage.googleapis.com[\r][\n]"
08:17:59.911 [main] DEBUG org.apache.hc.client5.http.wire - http-outgoing-31 >> "[\r][\n]"
08:18:00.157 [main] DEBUG org.apache.hc.client5.http.wire - http-outgoing-31 << "HTTP/1.1 404 Not Found[\r][\n]"
08:18:00.157 [main] DEBUG org.apache.hc.client5.http.wire - http-outgoing-31 << "X-GUploader-UploadID: ADPycdvJJjv5SMnM-EPmU2d0cPH9AiAIHvQG-Z9UtOICyf0p7LVLAmk9DYKdcY0my6VWvozfkeFQiwbNG2G4VkzUlCS0HSakOyQy[\r][\n]"
08:18:00.157 [main] DEBUG org.apache.hc.client5.http.wire - http-outgoing-31 << "Content-Type: application/xml; charset=UTF-8[\r][\n]"
08:18:00.157 [main] DEBUG org.apache.hc.client5.http.wire - http-outgoing-31 << "Content-Length: 193[\r][\n]"
08:18:00.157 [main] DEBUG org.apache.hc.client5.http.wire - http-outgoing-31 << "Date: Fri, 06 Oct 2023 01:18:02 GMT[\r][\n]"
08:18:00.157 [main] DEBUG org.apache.hc.client5.http.wire - http-outgoing-31 << "Expires: Fri, 06 Oct 2023 01:18:02 GMT[\r][\n]"
08:18:00.157 [main] DEBUG org.apache.hc.client5.http.wire - http-outgoing-31 << "Cache-Control: private, max-age=0[\r][\n]"
08:18:00.157 [main] DEBUG org.apache.hc.client5.http.wire - http-outgoing-31 << "Server: UploadServer[\r][\n]"
08:18:00.157 [main] DEBUG org.apache.hc.client5.http.wire - http-outgoing-31 << "Alt-Svc: h3=":443"; ma=2592000,h3-29=":443"; ma=2592000[\r][\n]"
08:18:00.157 [main] DEBUG org.apache.hc.client5.http.wire - http-outgoing-31 << "[\r][\n]"
08:18:00.157 [main] DEBUG org.apache.hc.client5.http.wire - http-outgoing-31 << "<?xml version='1.0' encoding='UTF-8'?><Error><Code>NoSuchKey</Code><Message>The specified key does not exist.</Message><Details>No such object: chromedriver/LATEST_RELEASE_117</Details></Error>"
08:18:00.158 [main] DEBUG org.apache.hc.client5.http.headers - http-outgoing-31 << HTTP/1.1 404 Not Found
08:18:00.158 [main] DEBUG org.apache.hc.client5.http.headers - http-outgoing-31 << X-GUploader-UploadID: ADPycdvJJjv5SMnM-EPmU2d0cPH9AiAIHvQG-Z9UtOICyf0p7LVLAmk9DYKdcY0my6VWvozfkeFQiwbNG2G4VkzUlCS0HSakOyQy
08:18:00.158 [main] DEBUG org.apache.hc.client5.http.headers - http-outgoing-31 << Content-Type: application/xml; charset=UTF-8
08:18:00.158 [main] DEBUG org.apache.hc.client5.http.headers - http-outgoing-31 << Content-Length: 193
08:18:00.158 [main] DEBUG org.apache.hc.client5.http.headers - http-outgoing-31 << Date: Fri, 06 Oct 2023 01:18:02 GMT
08:18:00.158 [main] DEBUG org.apache.hc.client5.http.headers - http-outgoing-31 << Expires: Fri, 06 Oct 2023 01:18:02 GMT
08:18:00.158 [main] DEBUG org.apache.hc.client5.http.headers - http-outgoing-31 << Cache-Control: private, max-age=0
08:18:00.158 [main] DEBUG org.apache.hc.client5.http.headers - http-outgoing-31 << Server: UploadServer
08:18:00.158 [main] DEBUG org.apache.hc.client5.http.headers - http-outgoing-31 << Alt-Svc: h3=":443"; ma=2592000,h3-29=":443"; ma=2592000
08:18:00.158 [main] DEBUG org.apache.hc.client5.http.impl.classic.MainClientExec - ex-0000002A: connection can be kept alive for 3 MINUTES
08:18:00.158 [main] ERROR io.github.bonigarcia.wdm.online.HttpClient - Error HTTP 404 executing https://chromedriver.storage.googleapis.com/LATEST_RELEASE_117
08:18:00.158 [main] WARN io.github.bonigarcia.wdm.versions.VersionDetector - Exception reading https://chromedriver.storage.googleapis.com/LATEST_RELEASE_117 to get latest version of chromedriver (Error HTTP 404 executing https://chromedriver.storage.googleapis.com/LATEST_RELEASE_117)
08:18:00.159 [main] DEBUG io.github.bonigarcia.wdm.versions.VersionDetector - Getting driver version for chrome117 from online versions.properties
08:18:00.161 [main] DEBUG org.apache.hc.client5.http.impl.classic.InternalHttpClient - ex-0000002B: preparing request execution
08:18:00.162 [main] DEBUG org.apache.hc.client5.http.protocol.RequestAddCookies - Cookie spec selected: strict
08:18:00.162 [main] DEBUG org.apache.hc.client5.http.protocol.RequestAuthCache - Auth cache not set in the context
08:18:00.162 [main] DEBUG org.apache.hc.client5.http.impl.classic.ProtocolExec - ex-0000002B: target auth state: UNCHALLENGED
08:18:00.162 [main] DEBUG org.apache.hc.client5.http.impl.classic.ProtocolExec - ex-0000002B: proxy auth state: UNCHALLENGED
08:18:00.162 [main] DEBUG org.apache.hc.client5.http.impl.classic.ConnectExec - ex-0000002B: acquiring connection with route {s}->https://raw.githubusercontent.com:443
08:18:00.162 [main] DEBUG org.apache.hc.client5.http.impl.classic.InternalHttpClient - ex-0000002B: acquiring endpoint (3 MINUTES)
08:18:00.162 [main] DEBUG org.apache.hc.client5.http.impl.io.PoolingHttpClientConnectionManager - ex-0000002B: endpoint lease request (3 MINUTES) [route: {s}->https://raw.githubusercontent.com:443][total available: 1; route allocated: 1 of 5; total allocated: 2 of 25]
08:18:00.162 [main] DEBUG org.apache.hc.client5.http.impl.io.PoolingHttpClientConnectionManager - ex-0000002B: endpoint leased [route: {s}->https://raw.githubusercontent.com:443][total available: 0; route allocated: 1 of 5; total allocated: 2 of 25]
08:18:00.162 [main] DEBUG org.apache.hc.client5.http.impl.io.PoolingHttpClientConnectionManager - ex-0000002B: acquired ep-0000002A
08:18:00.162 [main] DEBUG org.apache.hc.client5.http.impl.classic.InternalHttpClient - ex-0000002B: acquired endpoint ep-0000002A
08:18:00.162 [main] DEBUG org.apache.hc.client5.http.impl.classic.MainClientExec - ex-0000002B: executing GET /bonigarcia/webdrivermanager/master/src/main/resources/versions.properties HTTP/1.1
08:18:00.162 [main] DEBUG org.apache.hc.client5.http.impl.classic.InternalHttpClient - ep-0000002A: start execution ex-0000002B
08:18:00.162 [main] DEBUG org.apache.hc.client5.http.impl.io.PoolingHttpClientConnectionManager - ep-0000002A: executing exchange ex-0000002B over http-outgoing-30
08:18:00.163 [main] DEBUG org.apache.hc.client5.http.headers - http-outgoing-30 >> GET /bonigarcia/webdrivermanager/master/src/main/resources/versions.properties HTTP/1.1
08:18:00.163 [main] DEBUG org.apache.hc.client5.http.headers - http-outgoing-30 >> user-agent: Apache-HttpClient/5.0
08:18:00.163 [main] DEBUG org.apache.hc.client5.http.headers - http-outgoing-30 >> accept-encoding: gzip, deflate, br
08:18:00.163 [main] DEBUG org.apache.hc.client5.http.headers - http-outgoing-30 >> cache-control: max-age=0
08:18:00.163 [main] DEBUG org.apache.hc.client5.http.headers - http-outgoing-30 >> connection: keep-alive
08:18:00.163 [main] DEBUG org.apache.hc.client5.http.headers - http-outgoing-30 >> Host: raw.githubusercontent.com
08:18:00.163 [main] DEBUG org.apache.hc.client5.http.wire - http-outgoing-30 >> "GET /bonigarcia/webdrivermanager/master/src/main/resources/versions.properties HTTP/1.1[\r][\n]"
08:18:00.163 [main] DEBUG org.apache.hc.client5.http.wire - http-outgoing-30 >> "user-agent: Apache-HttpClient/5.0[\r][\n]"
08:18:00.163 [main] DEBUG org.apache.hc.client5.http.wire - http-outgoing-30 >> "accept-encoding: gzip, deflate, br[\r][\n]"
08:18:00.163 [main] DEBUG org.apache.hc.client5.http.wire - http-outgoing-30 >> "cache-control: max-age=0[\r][\n]"
08:18:00.163 [main] DEBUG org.apache.hc.client5.http.wire - http-outgoing-30 >> "connection: keep-alive[\r][\n]"
08:18:00.163 [main] DEBUG org.apache.hc.client5.http.wire - http-outgoing-30 >> "Host: raw.githubusercontent.com[\r][\n]"
08:18:00.163 [main] DEBUG org.apache.hc.client5.http.wire - http-outgoing-30 >> "[\r][\n]"
08:18:00.206 [main] DEBUG org.apache.hc.client5.http.wire - http-outgoing-30 << "HTTP/1.1 200 OK[\r][\n]"
08:18:00.206 [main] DEBUG org.apache.hc.client5.http.wire - http-outgoing-30 << "Connection: keep-alive[\r][\n]"
08:18:00.206 [main] DEBUG org.apache.hc.client5.http.wire - http-outgoing-30 << "Content-Length: 1625[\r][\n]"
08:18:00.206 [main] DEBUG org.apache.hc.client5.http.wire - http-outgoing-30 << "Cache-Control: max-age=300[\r][\n]"
08:18:00.206 [main] DEBUG org.apache.hc.client5.http.wire - http-outgoing-30 << "Content-Security-Policy: default-src 'none'; style-src 'unsafe-inline'; sandbox[\r][\n]"
08:18:00.206 [main] DEBUG org.apache.hc.client5.http.wire - http-outgoing-30 << "Content-Type: text/plain; charset=utf-8[\r][\n]"
08:18:00.206 [main] DEBUG org.apache.hc.client5.http.wire - http-outgoing-30 << "ETag: W/"51a99ebb5fa30c7285d42b08929913814dd238f6403d61fccadee50390eab957"[\r][\n]"
08:18:00.206 [main] DEBUG org.apache.hc.client5.http.wire - http-outgoing-30 << "Strict-Transport-Security: max-age=31536000[\r][\n]"
08:18:00.206 [main] DEBUG org.apache.hc.client5.http.wire - http-outgoing-30 << "X-Content-Type-Options: nosniff[\r][\n]"
08:18:00.206 [main] DEBUG org.apache.hc.client5.http.wire - http-outgoing-30 << "X-Frame-Options: deny[\r][\n]"
08:18:00.207 [main] DEBUG org.apache.hc.client5.http.wire - http-outgoing-30 << "X-XSS-Protection: 1; mode=block[\r][\n]"
08:18:00.207 [main] DEBUG org.apache.hc.client5.http.wire - http-outgoing-30 << "X-GitHub-Request-Id: ADC8:C8321:F9E48:13930E:651E6E7C[\r][\n]"
08:18:00.207 [main] DEBUG org.apache.hc.client5.http.wire - http-outgoing-30 << "Content-Encoding: gzip[\r][\n]"
08:18:00.207 [main] DEBUG org.apache.hc.client5.http.wire - http-outgoing-30 << "Accept-Ranges: bytes[\r][\n]"
08:18:00.207 [main] DEBUG org.apache.hc.client5.http.wire - http-outgoing-30 << "Date: Fri, 06 Oct 2023 01:18:02 GMT[\r][\n]"
08:18:00.207 [main] DEBUG org.apache.hc.client5.http.wire - http-outgoing-30 << "Via: 1.1 varnish[\r][\n]"
08:18:00.207 [main] DEBUG org.apache.hc.client5.http.wire - http-outgoing-30 << "X-Served-By: cache-qpg1231-QPG[\r][\n]"
08:18:00.207 [main] DEBUG org.apache.hc.client5.http.wire - http-outgoing-30 << "X-Cache: HIT[\r][\n]"
08:18:00.207 [main] DEBUG org.apache.hc.client5.http.wire - http-outgoing-30 << "X-Cache-Hits: 1[\r][\n]"
08:18:00.207 [main] DEBUG org.apache.hc.client5.http.wire - http-outgoing-30 << "X-Timer: S1696555082.322787,VS0,VE1[\r][\n]"
08:18:00.207 [main] DEBUG org.apache.hc.client5.http.wire - http-outgoing-30 << "Vary: Authorization,Accept-Encoding,Origin[\r][\n]"
08:18:00.207 [main] DEBUG org.apache.hc.client5.http.wire - http-outgoing-30 << "Access-Control-Allow-Origin: *[\r][\n]"
08:18:00.207 [main] DEBUG org.apache.hc.client5.http.wire - http-outgoing-30 << "Cross-Origin-Resource-Policy: cross-origin[\r][\n]"
08:18:00.207 [main] DEBUG org.apache.hc.client5.http.wire - http-outgoing-30 << "X-Fastly-Request-ID: 9f48648d57075f75435a7a25ab77649f92f2332e[\r][\n]"
08:18:00.207 [main] DEBUG org.apache.hc.client5.http.wire - http-outgoing-30 << "Expires: Fri, 06 Oct 2023 01:23:02 GMT[\r][\n]"
08:18:00.207 [main] DEBUG org.apache.hc.client5.http.wire - http-outgoing-30 << "Source-Age: 139[\r][\n]"
08:18:00.207 [main] DEBUG org.apache.hc.client5.http.wire - http-outgoing-30 << "[\r][\n]"
08:18:00.208 [main] DEBUG org.apache.hc.client5.http.headers - http-outgoing-30 << HTTP/1.1 200 OK
08:18:00.208 [main] DEBUG org.apache.hc.client5.http.headers - http-outgoing-30 << Connection: keep-alive
08:18:00.208 [main] DEBUG org.apache.hc.client5.http.headers - http-outgoing-30 << Content-Length: 1625
08:18:00.208 [main] DEBUG org.apache.hc.client5.http.headers - http-outgoing-30 << Cache-Control: max-age=300
08:18:00.208 [main] DEBUG org.apache.hc.client5.http.headers - http-outgoing-30 << Content-Security-Policy: default-src 'none'; style-src 'unsafe-inline'; sandbox
08:18:00.208 [main] DEBUG org.apache.hc.client5.http.headers - http-outgoing-30 << Content-Type: text/plain; charset=utf-8
08:18:00.208 [main] DEBUG org.apache.hc.client5.http.headers - http-outgoing-30 << ETag: W/"51a99ebb5fa30c7285d42b08929913814dd238f6403d61fccadee50390eab957"
08:18:00.208 [main] DEBUG org.apache.hc.client5.http.headers - http-outgoing-30 << Strict-Transport-Security: max-age=31536000
08:18:00.208 [main] DEBUG org.apache.hc.client5.http.headers - http-outgoing-30 << X-Content-Type-Options: nosniff
08:18:00.208 [main] DEBUG org.apache.hc.client5.http.headers - http-outgoing-30 << X-Frame-Options: deny
08:18:00.208 [main] DEBUG org.apache.hc.client5.http.headers - http-outgoing-30 << X-XSS-Protection: 1; mode=block
08:18:00.208 [main] DEBUG org.apache.hc.client5.http.headers - http-outgoing-30 << X-GitHub-Request-Id: ADC8:C8321:F9E48:13930E:651E6E7C
08:18:00.208 [main] DEBUG org.apache.hc.client5.http.headers - http-outgoing-30 << Content-Encoding: gzip
08:18:00.208 [main] DEBUG org.apache.hc.client5.http.headers - http-outgoing-30 << Accept-Ranges: bytes
08:18:00.208 [main] DEBUG org.apache.hc.client5.http.headers - http-outgoing-30 << Date: Fri, 06 Oct 2023 01:18:02 GMT
08:18:00.208 [main] DEBUG org.apache.hc.client5.http.headers - http-outgoing-30 << Via: 1.1 varnish
08:18:00.208 [main] DEBUG org.apache.hc.client5.http.headers - http-outgoing-30 << X-Served-By: cache-qpg1231-QPG
08:18:00.208 [main] DEBUG org.apache.hc.client5.http.headers - http-outgoing-30 << X-Cache: HIT
08:18:00.208 [main] DEBUG org.apache.hc.client5.http.headers - http-outgoing-30 << X-Cache-Hits: 1
08:18:00.208 [main] DEBUG org.apache.hc.client5.http.headers - http-outgoing-30 << X-Timer: S1696555082.322787,VS0,VE1
08:18:00.208 [main] DEBUG org.apache.hc.client5.http.headers - http-outgoing-30 << Vary: Authorization,Accept-Encoding,Origin
08:18:00.208 [main] DEBUG org.apache.hc.client5.http.headers - http-outgoing-30 << Access-Control-Allow-Origin: *
08:18:00.209 [main] DEBUG org.apache.hc.client5.http.headers - http-outgoing-30 << Cross-Origin-Resource-Policy: cross-origin
08:18:00.209 [main] DEBUG org.apache.hc.client5.http.headers - http-outgoing-30 << X-Fastly-Request-ID: 9f48648d57075f75435a7a25ab77649f92f2332e
08:18:00.209 [main] DEBUG org.apache.hc.client5.http.headers - http-outgoing-30 << Expires: Fri, 06 Oct 2023 01:23:02 GMT
08:18:00.209 [main] DEBUG org.apache.hc.client5.http.headers - http-outgoing-30 << Source-Age: 139
08:18:00.210 [main] DEBUG org.apache.hc.client5.http.impl.classic.MainClientExec - ex-0000002B: connection can be kept alive for 3 MINUTES
08:18:00.212 [main] DEBUG org.apache.hc.client5.http.wire - http-outgoing-30 << "[0x1f][0xffffff8b][0x8][0x0][0x0][0x0][0x0][0x0][0x0][0x3][0xffffff8d][0xffffff97]Ko#7[0xc][0xffffffc7][0xffffffef][0xfffffff9][0x14][0x3][0xfffffff4][0x1c]YO[0xffffff8a][\n]"
08:18:00.212 [main] DEBUG org.apache.hc.client5.http.wire - http-outgoing-30 << "[0xffffffa0]K[0xffffff9f][0xffffffa7][0xffffffa2][0xffffff87][0xfffffff6][0xb]x[0xffffffed]Ib[0xffffffac][0xffffffe3][0x9]lg[0xffffffb3][0xffffffe8][0xffffffa7]/[0xfffffff5][0xffffffa0]F[0xffffff96][[0xffffffa0][0xffffff87]`[0xffffff97]?k$[0xffffff92][0xffffffe2]p[0xfffffffe][0xfffffffc]a[0xfffffffa][0xffffffeb][0xfffffff5]p[0xffffff99][0xffffff9e][0xf][0xffffffc7]y[0xffffffda]-[0xffffffa7][0xffffffeb][0xfffffff6]p[0xffffffba]L[0xffffffd7][0xffffffd7]y[0xfffffffa]zZ>O[0xffffffd3][0xfffffffe]|[0xfffffff8]6[0xffffff9f]'[0xfffffffa][0xffffffbb][0x1c][0x16][0xfffffffa]e[0xffffffb7][0xffffffbc][0xffffffbd]o[0xffffffaf][0xffffff87]/[0xffffffb4][0xfffffffa][0xfffffff3]p}[0xffffffcd]+w[0xffffffcb][0xfffffff9]<_[0xffffffde][0xffffff97][0xffffffd3][0xfffffffe]pz[0xffffff99][0xffffffbe][0xffffff9c][0xffffff97][0xffffffcf][0xffffffcb][0xfffffffa][0xffffffc8][0xffffffc3][0xffffffc3][0xf][0xffffffd3][0xffffff8f][0x5]=M[0xffffffbf]-[0xffffffcb][0xb]=[0xfffffff9][0xffffffd3][0xffffffeb]yy[0xffffff9b][0xffffffa7][0xffffffed]i_[0xfffffffe]{[0xfffffff8]x[0xffffff9b][0x1e][0xffffffa7][0xffffff9f][0xfffffff3]QO[0xffffffd3].[0xffffffff]Z[0xe][0xffffffa6][0xffffff87][0xffffffff]\>[0xffffffce][0xffffffbb][0xfffffff9]iz[0xffffffbd]^[0xffffffdf][0xffffff9f]6[0xffffff9b][0xfffffffe]W[0xffffffb1][0xffffffab]O[0xffffff8b][0xffffffe5][0xfffffffc][0xffffffb2][0xffffffd9][0xffffff93][0xffffffbf][0xffffffc7]e[0xffffffbb][0xffffffbf]<[0xffffff94]5J[0xffffffd9]H[0x7f]B[\n]"
08:18:00.213 [main] DEBUG org.apache.hc.client5.http.wire - http-outgoing-30 << "[0xffffffe7][0xffffff8d][0x13]A6n[0xffffff88][0xffffff9b][0xffffffc4][0xffffffc1]k[0x1][0xffffffa6]qM\g[0xffffffae][0xffffff9c][0xffffffb0][0xffffffa1]qE\%[0xffffffee][0xffffffc0][0x8][0xffffffb0][0xffffff8d]K[0xffffffe2]2q[0xffffff8b]Jx[0xffffffcf]\[0xffffff86]H[0x7f][0xffffff99][0xffffffd3][0xfffffff1][0xffffffbe][0xffffffad][0xffffff97]H[0x1c][0x13]7.[0x8][0xffffffaf][0x1a][0xfffffff7][0xffffffc4]}[0xffffffe6][0xffffffd2][\n]"
08:18:00.213 [main] DEBUG org.apache.hc.client5.http.wire - http-outgoing-30 << "[0xffffffd0][0xffffff8d][0x3]qH\[0xffffffdb] `][0xffffffef][0xffffff88][0xffffffbb][0xffffffc4]Up[0xfffffff4]c[0xffffffe3][0x14][0xffffffaf][0xffffffcc][0xfffffff1][0xffffffa6]0|[0xfffffff3]_R[0xffffffbc]2[0xffffffc7]+A[\n]"
08:18:00.213 [main] DEBUG org.apache.hc.client5.http.wire - http-outgoing-30 << "eV[0xffffff87](`[0xffffff99][0x3][0xffffff96][0xffffffb4]_w[0x0][0x5],S[0xffffffc0]68%[0xffffffec][0xffffffca])`[0xffffff99][0x2][0xffffffb6][0x18]@[0x0]'4[0xffffff84][0x18]B[0xffffffa6][0xffffffd6][0xffffffd2][0xffffffd9]L1[0xffffff86][0x14][0xffffffac][0xfffffff5][0xe][0x5][0x1d][0xffffffc3][0xffffffd8][0xffffffc7][0xffffff90]b[0xffffffb5][0x10][0xfffffff4][0xffffff9a][0xffffff83][0x0]1@[0xffffffa6]`[0xffffff85]uL][0xc].S[0xffffff83][0x2]8[0xffffff9e]`c[0xffffffb0][0xffffff99]Rr[0xffffffe8]"[0x19][0xffffff9b][0x18]R[0xffffff90][0xffffffd6]y[0xffffffbf]^j[0xffffffd0]1[0xffffffe8]L[0xffffffe9]J)[0xffffffcb][0xffffff8c]U[0xc]9@K[0x15]@[0xffffffb1]2[0xffffff96]1[0xffffffe4][0xfffffff8][0xffffffac][0xffffff91]Bs[0xffffff9e]0D[0xffffffcc][0xfffffff1][0x19][0xfffffffa]G[0xfffffff3][0xffffffce][0xffffff88][0x11]s|F[[0x11][0xffffff80][0xffffffa9][0xffffff8f][0xffffff98][0xffffffc3][0xffffffd3]([0x5]"S[0xffffff88][0xffffff98][0xffffffc3][0xffffffd3][0xffffff96][0xfffffff6][0xffffffe5]T[0xffffffa0][0xffffff8b][0xffffff98][0xffffffc3]Sh[0x4][0xffffffb2]kh#[0xffffffe6][0xfffffff0][0xffffff94][0xfffffff5][0xffffffc2]p[0xffffff8e][0xffffffd1]D[0xffffffcc][0xffffffd1][0xffffffa5][0xffffff9b]4[0xffffff9c][\n]"
08:18:00.214 [main] DEBUG org.apache.hc.client5.http.wire - http-outgoing-30 << "T[0x11]s[0x18][0xffffff92]2[0xffffffaf]L;NFLa[0xffffff98]@[0xffffffbe]P[0x9]U[0xffffffec]C[0xfffffff4]!c[0xffffffeb][0xffffff84]i[0x14][0xffffffa3][0xffffffc7]L[0xffffffa9]v[0xffffffa8][0xffffffae][0x18][0xfffffffb][0xffffffe8]S [0x6][0xffffff81][0xffffffde][0x5]v[0xffffffc3]C[0xfffffff4][0xffffff90])[0x15][0xffffffb8][0xffffffd2]m[0xf][0x17]}[0xffffff8a][0xffffffc4]xO[0x5][0xffffffb6][0xffffffae][0xffffffb6][0xffffffd1][0xffffffdb][0xffffff8c]5[0xffffffd5]/C[0x13]}[0xffffff8a][0xffffffc4][0x0][0x5][0x4][0xffffffec][0xffffffb2][0xffffffd7]Q[0xffffffd3][0xffffff8d][0xffffffb2][0xffffffa5]n,[0xffffff99],v[0xc]B[0xffffffb2][0xfffffff8]n[0x0][0xffffff93][0xffffffc5][0x19][0x5][0xffffff9f],[0xffffffbe]M[0xffffff80]d[0xffffffb1]3[0xffffffe0][0xffffffc8]j)[0x2][0xffffff9b],[0xffffffce]9[0xffffff98]d[0xfffffff1]y[0xffffff90]|1[0xffffffed][0xffffffbc][0xffffffe4]K{g [0xfffffff9]b[0xffffffcc]MW[0xfffffffb]}[0xfffffff9][0xfffffffb]p<n[0xffffffa7]_[0xf][0xffffffe7][0xfffffff9]y[0xfffffff9][0xffffffde][0xffffffb5][0xffffffb2][0xffffff97]y[0xfffffff7]u[0xfffffff9][0xffffffd7]Nv[0xffffffa1]V[0xfffffff6]B[\r][0xfffffff4][0xffffffe3][0xffffff8b][0xffffffa0][0xffffff96][0xffffffba]y+[l[0xffffffba][0x7]6[0xffffffe7][0xfffffff9]8o/[0xfffffff3][0xffffffe5][0xffffffe1][0xffffffb9][0xffffffec][0xffffffab][0x14]FJ[0x1b][0xffffffe5]n%[0xfffffffe][0xffffff8e][0xffffffc0][0x1d]qw[0xffffffc4][0xffffffde][0x11]sG[0xfffffff4][0x1d]QwD&[0xffffffa2][0xffffff85]n[0xffffff84]:_&[0xffffffeb][0x1a][0xffffff89]w[0xffffffc4][0xffffffdf][0x11][0xffffffb8]#[0xffffffee][0xffffff8e]d[0xffffff9f]UO[0xffffffcc][0x1d][0xffffffd1]wD[0xffffffdd][0x11]9[0xffffff90][0x10]F[0xffffff80]#[0xfffffff0]#[0xffffff80][0x11][0xffffffb8][0x11][0xffffff8c][0xffffffde][0xffffff86][0xffffffd1][0xffffffd9]0[0xfffffffa][0x1a]FWC[0xfffffff2][0xffffff94][0xffffffde][0xffffff9b][0xe][0xffffff88][0xffffffe3][0xffffffe1][0xfffffff4][0xfffffff1][0xffffffbd]`[0xffffffc5][0x18][0xffffffc3][0xffffffb0][0xe]q[0x4]~[0x4]0[0x2]7[0x2];[0xffffff82][0x14][0xffffff80][0xffffffc6][0xe][0xffffffe8][0x11][0xffffffa4][0x0][0xffffffb4][0xffffffef][0xffffff80][0x1c][0xffffff80][0xf]#[0xffffffc8][0xffffff9e]B[0x7][0xfffffffc][0x8]`[0x4]n[0x4]v[0x4]f[0x4]z[0x4]j[0x4]r[0x0][0x10]F[0xffffff90]=u[0x1d][0xffffffc8][0xffffff9e][0xffffffda][0xe][0xffffffc0][0x8][0xffffffdc][0x8][0xffffffb2][0xffffffa7][0xffffffdd][0xb][0x4]f[0x4][0xffffffd9][0xffffffd3][0xffffffae][0xffffffec]!{[0xffffffda][0x15][0x5][0xffffffc8][0x1][0xffffffb8]0[0x2][0x1c][0xffffff81][0x1f]A[0xfffffff6]Tv[0xffffffc0]1[0xffffffe8][0xffffffbb][0xffffffda][0x1f][0xffffffef][0xfffffff3]y[0xffffffdb][0xfffffff5][0xffffffb2]%[0xffffffd9][0xffffffff][0xffffffa7][0xffffff97][0xffffffe5][0xffffff85][0xffffff97][0xffffffe5][0xfffffff9][0xfffffffa][0xffffffb9]=[0xffffffcf][0xffffffc5]b[0xffffff9d]6v[0xffffffb6][0xfffffffc]c[0xffffffd6]'*[0xffffffeb][0xffffff9f]@[0xffffffdf]ye4[0xfffffff3][0xffffffa4][0xffffffc7][0xffffffb2][0xfffffffe]A[0xfffffffa]`[0x5][0xffffffcf]8[0xffffffc9][0xffffffb1],[0x7f]<[0xffffffbd][0x12][0xffffff8a]4D[0xffffffe5][0xffffffb2][0xffffff97]{[0xffffffd4][0xffffff9d][\n]"
08:18:00.214 [main] DEBUG org.apache.hc.client5.http.wire - http-outgoing-30 << "[0xffffffa7][0x17][0xffffffbc]S{J[0xffffffd7]m[0xffffffe8]5[0xffffffef][0xffffffc4][0x1e]2[0xfffffff5]7R[0xffffffcf]U[\n]"
08:18:00.214 [main] DEBUG org.apache.hc.client5.http.wire - http-outgoing-30 << "[0xffffffbd][0xffffffd0][0xffffffa3][0xffffff83]*v[0xffffffbd][0xffffffce]S[0xffffff9a][0xffffffb1][0xffffffed]e^[0x8][0xffffff95][0xffffff9a]^[0xffffffe4][0xffffff91]2(T[0xfffffff7][0x12]O)^[0xffffffac]z[0xffffff85][0xffffff97][0xffffffc4]S[0xffffffc1][0xffffffb2][0x17]xX[0x3][0xffffffc7][0xffffffd0][0xffffffcb];[0xffffff80]Jq[0xffffffd0]v[0xffffff85][0xfffffffa]^[0xffffffd9][0xffffff91][0xffffff94]-[0x14]z][0xffffffd7]RD][0xffffffe1]F[0xffffffd7][0x15]h;Y[0xffffff87][0xffffffd5]1[0xffffffea][0xe]7[0xffffffa2][0xffffffae]@}[0xffffffab][0xffffffe9][\n]"
08:18:00.214 [main] DEBUG org.apache.hc.client5.http.wire - http-outgoing-30 << "T[0xffffff9d][0xffffffa4]s|[0xffffffbe][0xffffffec][0x14][0x1d][0xffffffbb]J[0xffffffdd][0xffffffe2]F[0xffffffcf][0x15][0xffffff88][0xffffff83][0xffffff9c]+[0xffffffd4]wj[0xffffffce]3[0xffffff84]N[0xffffffcb]a=[0xffffff9e][0xffffffda][0xffffffc7]*[0xffffffe5][0xffffffd8]{j![0xffffffab][0xffffff92][0xffffffa3][0x4]Wj:%[0x7][0xffffffbc][0xffffffa9][0xffffffee][0xffffff84][0x1c][0xffffffd6][0xb][0xffffffa7]~[0xffffffb2][0xffffffea][0xffffffb8]vY[0xffffffd4]TV[0x1d][0xffffff87][0xfffffff5]b[0xffffffa9][0xffffffb1][0xffffffac]2[0xffffff8e]+[0xffffff9a][0xffffff9a]K[0xffffffa7][0xffffffe2]T[\r][0xffffff95]:L/[0xffffffe2][0xffffffea]Y[0xffffffd4]fV[\r][0xffffffe7]yW[0xffffffd7]I8.ej7[0xffffffab][0xffffff80]k[0xffffffc5]I=[0xffffffa7][0x13]p[0xfffffffc][0xffffffaa]Q[0xffffffe3][0xffffffe9][0xfffffff4][;[0xffffffab][0xffffffea][0xffffffae]l[0xffffffb8][0xffffffd0][0x1b]Uu[0x15][0xffffffa3][0xffffff8a][0xffffffae]bT[0xffffffcd]U[0xffffff8c]*[0xffffffb9][0xffffff8a]Q[0x15]W1[0xffffffaa][0xffffffe0]*F[0xffffffd5][[0xffffffc5]PE`[0x15]Cv[0xffffff86]M[0x1e][0xffffffb0][0xffffffc7]6y`[0xffffffea]96y[0xffffffa0]k2,[0x14][0xffffffe3]F[0xffffffa1][0x1d]v[0xffffffe7]%[0xffffffb5][0xffffffa4][0xffffffe9][0xffffff97][0xfffffffd][0xffffffcb][0xffffffdc]5[0xffffffb5][0xffffffb7][0xffffffcb]L[0xffffffe0]?[0xffffffbb][0xffffffda]~[0xfffffffe]6[0x1f][0xffffffd3][0xffffffae][0xffffffe2][0xffffff8d]w[0xffffffc8]-n>=~\6[0xffffff8d]=[0xffffffa6]M6[0xffffffd7]e9^6[0xffffff9f][0xfffffff3][0xffffff97][0xffffffda][0xffffffe5][0x1e][0x12]][0xffffff87]P[0xffffff85][0xffffffd4][0xffffffea][0x15]V[0xffffffca]#[0xffffffa8][0xfffffff2][0xffffffa4][0xffffff90])[0xffffff93][0xffffff85][0xfffffff2][0x0][0xffffffaa][0xffffffbc][0xffffffce][0xffffff85]\([0xffffff8f][0xffffff9f][\n]"
08:18:00.215 [main] DEBUG org.apache.hc.client5.http.wire - http-outgoing-30 << "@[0xffffffa5][0xfffffff1][0xffffffb0]P[0x1e]>[0xffffff95][0xffffffa3][0xfffffffa][0xffffffa0][0xffffffec]e[0xffffffda]FO[0xffffffe5][0x14][\n]"
08:18:00.215 [main] DEBUG org.apache.hc.client5.http.wire - http-outgoing-30 << "_Ok[0xffffff83][0xffffffa7][0xffffffb2]@[0xfffffffb]B[0xffffffa5]<v[0xffffff92]`O[0x1f][0xffffffe5][0x2]y[0xffffffe6]T[0xffffffc6][0xffffffa7]O`[0xffffffa5]<q[0xffffffd2][0xfffffff0]h[0xffffffa8][0xffffff83]U[0xffffffca][0xfffffff3][0xffffffa6][0xffffffd2][0xfffffff4][0xffffffa6]z[0xffffffde][0xffffff81][0xffffffa7]M[0x1a][0xf]l[0xb][0xffffffa2][0xffffff8d][0xffffff9a]JS[0xffffffe1][0xffffff92]|/"
08:18:00.216 [main] DEBUG org.apache.hc.client5.http.wire - http-outgoing-30 << "[0xffffff94][0x7]M[0xffffffa5][0xffffff95]\[0xfffffff7][0xffffffe5]1[0xffffff93][0x14][0xffffffaf]K[0xffffffc3]N[0xffffffa2]<dR[0xffffffeb]O[0xffffff8d][0xffffffa2][0xffffffb0]:b[0xffffffaa][0x14]]M[0xc][0xffffffcf][0xffffff97][0x14][0xffffff9a]n[0xffffffac]N[0xffffff97][0x14][0xffffff83]m[0xffffffac][0xffffffce][0xffffff96][0xffffffe4]U;[0xffffff99]'[0xffffffcb]@=[0xffffffc6][0xffffffa8][0xffffff82][0xffffffea]T[0x19]([0xfffffff5][0xffffffa6][0xffffffae][0xffffffaa]#e[0xffffff90][0xffffffeb][0x1]u[0xffffff9c][0xffffffc4][0xffffffd4][0xffffffe9][0xffffffea][0xffffff83]u[0xffffff94]D[\n]"
08:18:00.216 [main] DEBUG org.apache.hc.client5.http.wire - http-outgoing-30 << "[0xffffffac][0x10][0x1e]#[0xffffffd3][0xffffff8d][0xffffff97][0xffffff8b][0xffffffe1][0x11][0xffffffd2]Sn[0xffffffeb]c<?[0x2][0xffffff84]z%<;[0x2][0xffffff95][0x4][0xffffff94]\[0xfffffff0][0xffffffe0][0xffffffe8]R[0xffffff82][0xffffffeb][0xffffffaa]:5[0xffffffba][0xffffffac]82[0xffffffe1][0xffffff89][0xffffff91]Z[0xffffff83][0xffffffab][0xffffffe7]Q[0xfffffff7]*[0xffffffdd]3[0xffffffb0]O<@[0xffffffd2]w[0xffffffb6]^U[0x1b][0x1e])b[0xffffffaa][0xffffffbb][0xffffffcc][0xffffffda][0xffffffe4][0xffffff98]j[0xffffffb6][0xffffff90]:5j[0xffffffcf][0xffffffa5][0xffffffc3][0x3][0xffffffa3]6[0xffffff8d][0xffffffd4]a1[0xffffffb5][0xffffffc5]J[0xffffffea][0xffffff9c][0xffffffa8][0xc][\r][0xffffffd2][0x5]Y[0x1b][0xffffffdf][0xffffffcf][0xfffffff3][0xffffffe3][0xffffffe1]t[0xffffffb9]n[0xffffff8f][0xffffffc7]y_[0xffffffa0][0xffffff8e][0xffffff90][0xffffffbe][0xffffffec][0xffffffa6][0xffffffd4][0xffffff89]U[0xffffff91]Z[0x18][0xffffffe8]P[0xffffffc2][0xffffffb7]2R[0xffffff9f][0xffffffa4][0xffffffaf]][0xffffffb9][0xf][0xffffff83][0xffffff91]^,kB1uj:t[0xffffffd3]XjDS1[0xffffffa5]K[0xffffffa6][0xffffff9e][0xfffffff4][0xf][0x3][0x1][0xffffffec][0xffffffa6][0xffffffeb][0x12][0x0][0x0]"
08:18:00.217 [main] DEBUG org.apache.hc.client5.http.impl.classic.InternalHttpClient - ep-0000002A: releasing valid endpoint
08:18:00.217 [main] DEBUG org.apache.hc.client5.http.impl.io.PoolingHttpClientConnectionManager - ep-0000002A: releasing endpoint
08:18:00.218 [main] DEBUG org.apache.hc.client5.http.impl.io.PoolingHttpClientConnectionManager - ep-0000002A: connection http-outgoing-30 can be kept alive for 3 MINUTES
08:18:00.218 [main] DEBUG org.apache.hc.client5.http.impl.io.PoolingHttpClientConnectionManager - ep-0000002A: connection released [route: {s}->https://raw.githubusercontent.com:443][total available: 1; route allocated: 1 of 5; total allocated: 2 of 25]
08:18:00.218 [main] DEBUG io.github.bonigarcia.wdm.versions.VersionDetector - Driver for chrome117 not found in online properties (using local versions.properties)
08:18:00.220 [main] DEBUG io.github.bonigarcia.wdm.WebDriverManager - The driver version for CHROME 117 is unknown ... trying with latest
08:18:00.228 [main] DEBUG org.apache.hc.client5.http.impl.classic.InternalHttpClient - ex-0000002C: preparing request execution
08:18:00.228 [main] DEBUG org.apache.hc.client5.http.protocol.RequestAddCookies - Cookie spec selected: strict
08:18:00.228 [main] DEBUG org.apache.hc.client5.http.protocol.RequestAuthCache - Auth cache not set in the context
08:18:00.229 [main] DEBUG org.apache.hc.client5.http.impl.classic.ProtocolExec - ex-0000002C: target auth state: UNCHALLENGED
08:18:00.229 [main] DEBUG org.apache.hc.client5.http.impl.classic.ProtocolExec - ex-0000002C: proxy auth state: UNCHALLENGED
08:18:00.229 [main] DEBUG org.apache.hc.client5.http.impl.classic.ConnectExec - ex-0000002C: acquiring connection with route {s}->https://chromedriver.storage.googleapis.com:443
08:18:00.229 [main] DEBUG org.apache.hc.client5.http.impl.classic.InternalHttpClient - ex-0000002C: acquiring endpoint (3 MINUTES)
08:18:00.230 [main] DEBUG org.apache.hc.client5.http.impl.io.PoolingHttpClientConnectionManager - ex-0000002C: endpoint lease request (3 MINUTES) [route: {s}->https://chromedriver.storage.googleapis.com:443][total available: 1; route allocated: 1 of 5; total allocated: 2 of 25]
08:18:00.230 [main] DEBUG org.apache.hc.client5.http.impl.io.PoolingHttpClientConnectionManager - ex-0000002C: endpoint leased [route: {s}->https://chromedriver.storage.googleapis.com:443][total available: 1; route allocated: 2 of 5; total allocated: 3 of 25]
08:18:00.230 [main] DEBUG org.apache.hc.client5.http.impl.io.PoolingHttpClientConnectionManager - ex-0000002C: acquired ep-0000002B
08:18:00.230 [main] DEBUG org.apache.hc.client5.http.impl.classic.InternalHttpClient - ex-0000002C: acquired endpoint ep-0000002B
08:18:00.230 [main] DEBUG org.apache.hc.client5.http.impl.classic.ConnectExec - ex-0000002C: opening connection {s}->https://chromedriver.storage.googleapis.com:443
08:18:00.230 [main] DEBUG org.apache.hc.client5.http.impl.classic.InternalHttpClient - ep-0000002B: connecting endpoint (30 SECONDS)
08:18:00.230 [main] DEBUG org.apache.hc.client5.http.impl.io.PoolingHttpClientConnectionManager - ep-0000002B: connecting endpoint to https://chromedriver.storage.googleapis.com:443 (30 SECONDS)
08:18:00.234 [main] DEBUG org.apache.hc.client5.http.impl.io.DefaultHttpClientConnectionOperator - http-outgoing-32: connecting to chromedriver.storage.googleapis.com/34.101.5.27:443
08:18:00.235 [main] DEBUG org.apache.hc.client5.http.ssl.SSLConnectionSocketFactory - Connecting socket to chromedriver.storage.googleapis.com/34.101.5.27:443 with timeout 30 SECONDS
08:18:00.247 [main] DEBUG org.apache.hc.client5.http.ssl.SSLConnectionSocketFactory - Enabled protocols: [TLSv1.3, TLSv1.2]
08:18:00.247 [main] DEBUG org.apache.hc.client5.http.ssl.SSLConnectionSocketFactory - Enabled cipher suites: [TLS_AES_256_GCM_SHA384, TLS_AES_128_GCM_SHA256, TLS_CHACHA20_POLY1305_SHA256, TLS_ECDHE_ECDSA_WITH_AES_256_GCM_SHA384, TLS_ECDHE_ECDSA_WITH_AES_128_GCM_SHA256, TLS_ECDHE_ECDSA_WITH_CHACHA20_POLY1305_SHA256, TLS_ECDHE_RSA_WITH_AES_256_GCM_SHA384, TLS_ECDHE_RSA_WITH_CHACHA20_POLY1305_SHA256, TLS_ECDHE_RSA_WITH_AES_128_GCM_SHA256, TLS_DHE_RSA_WITH_AES_256_GCM_SHA384, TLS_DHE_RSA_WITH_CHACHA20_POLY1305_SHA256, TLS_DHE_DSS_WITH_AES_256_GCM_SHA384, TLS_DHE_RSA_WITH_AES_128_GCM_SHA256, TLS_DHE_DSS_WITH_AES_128_GCM_SHA256, TLS_ECDHE_ECDSA_WITH_AES_256_CBC_SHA384, TLS_ECDHE_RSA_WITH_AES_256_CBC_SHA384, TLS_ECDHE_ECDSA_WITH_AES_128_CBC_SHA256, TLS_ECDHE_RSA_WITH_AES_128_CBC_SHA256, TLS_DHE_RSA_WITH_AES_256_CBC_SHA256, TLS_DHE_DSS_WITH_AES_256_CBC_SHA256, TLS_DHE_RSA_WITH_AES_128_CBC_SHA256, TLS_DHE_DSS_WITH_AES_128_CBC_SHA256, TLS_ECDH_ECDSA_WITH_AES_256_GCM_SHA384, TLS_ECDH_RSA_WITH_AES_256_GCM_SHA384, TLS_ECDH_ECDSA_WITH_AES_128_GCM_SHA256, TLS_ECDH_RSA_WITH_AES_128_GCM_SHA256, TLS_ECDH_ECDSA_WITH_AES_256_CBC_SHA384, TLS_ECDH_RSA_WITH_AES_256_CBC_SHA384, TLS_ECDH_ECDSA_WITH_AES_128_CBC_SHA256, TLS_ECDH_RSA_WITH_AES_128_CBC_SHA256, TLS_ECDHE_ECDSA_WITH_AES_256_CBC_SHA, TLS_ECDHE_RSA_WITH_AES_256_CBC_SHA, TLS_ECDHE_ECDSA_WITH_AES_128_CBC_SHA, TLS_ECDHE_RSA_WITH_AES_128_CBC_SHA, TLS_DHE_RSA_WITH_AES_256_CBC_SHA, TLS_DHE_DSS_WITH_AES_256_CBC_SHA, TLS_DHE_RSA_WITH_AES_128_CBC_SHA, TLS_DHE_DSS_WITH_AES_128_CBC_SHA, TLS_ECDH_ECDSA_WITH_AES_256_CBC_SHA, TLS_ECDH_RSA_WITH_AES_256_CBC_SHA, TLS_ECDH_ECDSA_WITH_AES_128_CBC_SHA, TLS_ECDH_RSA_WITH_AES_128_CBC_SHA, TLS_RSA_WITH_AES_256_GCM_SHA384, TLS_RSA_WITH_AES_128_GCM_SHA256, TLS_RSA_WITH_AES_256_CBC_SHA256, TLS_RSA_WITH_AES_128_CBC_SHA256, TLS_RSA_WITH_AES_256_CBC_SHA, TLS_RSA_WITH_AES_128_CBC_SHA, TLS_EMPTY_RENEGOTIATION_INFO_SCSV]
08:18:00.248 [main] DEBUG org.apache.hc.client5.http.ssl.SSLConnectionSocketFactory - Starting handshake
08:18:00.298 [main] DEBUG org.apache.hc.client5.http.ssl.SSLConnectionSocketFactory - Secure session established
08:18:00.298 [main] DEBUG org.apache.hc.client5.http.ssl.SSLConnectionSocketFactory -  negotiated protocol: TLSv1.3
08:18:00.298 [main] DEBUG org.apache.hc.client5.http.ssl.SSLConnectionSocketFactory -  negotiated cipher suite: TLS_AES_256_GCM_SHA384
08:18:00.298 [main] DEBUG org.apache.hc.client5.http.ssl.SSLConnectionSocketFactory -  peer principal: CN=*.storage.googleapis.com
08:18:00.298 [main] DEBUG org.apache.hc.client5.http.ssl.SSLConnectionSocketFactory -  peer alternative names: [*.storage.googleapis.com, *.googleapis.com, commondatastorage.googleapis.com, *.commondatastorage.googleapis.com, storage.googleapis.com, storage-p2.googleapis.com, *.storage-p2.googleapis.com, storage.mtls.googleapis.com, *.appspot.com.storage.googleapis.com, *.content-storage.googleapis.com, *.content-storage-p2.googleapis.com, *.content-storage-upload.googleapis.com, *.content-storage-download.googleapis.com, *.storage-upload.googleapis.com, *.storage-download.googleapis.com]
08:18:00.298 [main] DEBUG org.apache.hc.client5.http.ssl.SSLConnectionSocketFactory -  issuer principal: CN=GTS CA 1C3, O=Google Trust Services LLC, C=US
08:18:00.298 [main] DEBUG org.apache.hc.client5.http.impl.io.DefaultHttpClientConnectionOperator - http-outgoing-32: connection established 192.168.100.42:64632<->34.101.5.27:443
08:18:00.298 [main] DEBUG org.apache.hc.client5.http.impl.io.PoolingHttpClientConnectionManager - ep-0000002B: connected http-outgoing-32
08:18:00.298 [main] DEBUG org.apache.hc.client5.http.impl.classic.InternalHttpClient - ep-0000002B: endpoint connected
08:18:00.298 [main] DEBUG org.apache.hc.client5.http.impl.classic.MainClientExec - ex-0000002C: executing GET /LATEST_RELEASE HTTP/1.1
08:18:00.298 [main] DEBUG org.apache.hc.client5.http.impl.classic.InternalHttpClient - ep-0000002B: start execution ex-0000002C
08:18:00.298 [main] DEBUG org.apache.hc.client5.http.impl.io.PoolingHttpClientConnectionManager - ep-0000002B: executing exchange ex-0000002C over http-outgoing-32
08:18:00.298 [main] DEBUG org.apache.hc.client5.http.headers - http-outgoing-32 >> GET /LATEST_RELEASE HTTP/1.1
08:18:00.298 [main] DEBUG org.apache.hc.client5.http.headers - http-outgoing-32 >> user-agent: Apache-HttpClient/5.0
08:18:00.298 [main] DEBUG org.apache.hc.client5.http.headers - http-outgoing-32 >> accept-encoding: gzip, deflate, br
08:18:00.298 [main] DEBUG org.apache.hc.client5.http.headers - http-outgoing-32 >> cache-control: max-age=0
08:18:00.298 [main] DEBUG org.apache.hc.client5.http.headers - http-outgoing-32 >> connection: keep-alive
08:18:00.298 [main] DEBUG org.apache.hc.client5.http.headers - http-outgoing-32 >> Host: chromedriver.storage.googleapis.com
08:18:00.298 [main] DEBUG org.apache.hc.client5.http.wire - http-outgoing-32 >> "GET /LATEST_RELEASE HTTP/1.1[\r][\n]"
08:18:00.298 [main] DEBUG org.apache.hc.client5.http.wire - http-outgoing-32 >> "user-agent: Apache-HttpClient/5.0[\r][\n]"
08:18:00.298 [main] DEBUG org.apache.hc.client5.http.wire - http-outgoing-32 >> "accept-encoding: gzip, deflate, br[\r][\n]"
08:18:00.298 [main] DEBUG org.apache.hc.client5.http.wire - http-outgoing-32 >> "cache-control: max-age=0[\r][\n]"
08:18:00.298 [main] DEBUG org.apache.hc.client5.http.wire - http-outgoing-32 >> "connection: keep-alive[\r][\n]"
08:18:00.298 [main] DEBUG org.apache.hc.client5.http.wire - http-outgoing-32 >> "Host: chromedriver.storage.googleapis.com[\r][\n]"
08:18:00.298 [main] DEBUG org.apache.hc.client5.http.wire - http-outgoing-32 >> "[\r][\n]"
08:18:00.318 [main] DEBUG org.apache.hc.client5.http.wire - http-outgoing-32 << "HTTP/1.1 200 OK[\r][\n]"
08:18:00.318 [main] DEBUG org.apache.hc.client5.http.wire - http-outgoing-32 << "X-GUploader-UploadID: ADPycdtlv5hyKNxkNAPoXZam3m80ckJ0H-Ebjpx_73hqg_-MuXohMxIalbpmUb0_5biLUD8lFSrTzvfL6YS-efZL0_eYGq5S2akq[\r][\n]"
08:18:00.318 [main] DEBUG org.apache.hc.client5.http.wire - http-outgoing-32 << "x-goog-generation: 1685523462105569[\r][\n]"
08:18:00.318 [main] DEBUG org.apache.hc.client5.http.wire - http-outgoing-32 << "x-goog-metageneration: 1[\r][\n]"
08:18:00.318 [main] DEBUG org.apache.hc.client5.http.wire - http-outgoing-32 << "x-goog-stored-content-encoding: identity[\r][\n]"
08:18:00.318 [main] DEBUG org.apache.hc.client5.http.wire - http-outgoing-32 << "x-goog-stored-content-length: 13[\r][\n]"
08:18:00.318 [main] DEBUG org.apache.hc.client5.http.wire - http-outgoing-32 << "x-goog-hash: crc32c=tVW4TA==[\r][\n]"
08:18:00.318 [main] DEBUG org.apache.hc.client5.http.wire - http-outgoing-32 << "x-goog-hash: md5=NoaEuIlBlniwTkiZ1T16sA==[\r][\n]"
08:18:00.318 [main] DEBUG org.apache.hc.client5.http.wire - http-outgoing-32 << "x-goog-storage-class: STANDARD[\r][\n]"
08:18:00.318 [main] DEBUG org.apache.hc.client5.http.wire - http-outgoing-32 << "Accept-Ranges: bytes[\r][\n]"
08:18:00.318 [main] DEBUG org.apache.hc.client5.http.wire - http-outgoing-32 << "Content-Length: 13[\r][\n]"
08:18:00.318 [main] DEBUG org.apache.hc.client5.http.wire - http-outgoing-32 << "Server: UploadServer[\r][\n]"
08:18:00.318 [main] DEBUG org.apache.hc.client5.http.wire - http-outgoing-32 << "Date: Fri, 06 Oct 2023 01:08:29 GMT[\r][\n]"
08:18:00.318 [main] DEBUG org.apache.hc.client5.http.wire - http-outgoing-32 << "Expires: Fri, 06 Oct 2023 02:08:29 GMT[\r][\n]"
08:18:00.318 [main] DEBUG org.apache.hc.client5.http.wire - http-outgoing-32 << "Cache-Control: public, max-age=3600[\r][\n]"
08:18:00.318 [main] DEBUG org.apache.hc.client5.http.wire - http-outgoing-32 << "Age: 573[\r][\n]"
08:18:00.318 [main] DEBUG org.apache.hc.client5.http.wire - http-outgoing-32 << "Last-Modified: Wed, 31 May 2023 08:57:42 GMT[\r][\n]"
08:18:00.318 [main] DEBUG org.apache.hc.client5.http.wire - http-outgoing-32 << "ETag: "368684b889419678b04e4899d53d7ab0"[\r][\n]"
08:18:00.318 [main] DEBUG org.apache.hc.client5.http.wire - http-outgoing-32 << "Content-Type: text/plain[\r][\n]"
08:18:00.318 [main] DEBUG org.apache.hc.client5.http.wire - http-outgoing-32 << "Alt-Svc: h3=":443"; ma=2592000,h3-29=":443"; ma=2592000[\r][\n]"
08:18:00.318 [main] DEBUG org.apache.hc.client5.http.wire - http-outgoing-32 << "[\r][\n]"
08:18:00.318 [main] DEBUG org.apache.hc.client5.http.wire - http-outgoing-32 << "114.0.5735.90"
08:18:00.318 [main] DEBUG org.apache.hc.client5.http.headers - http-outgoing-32 << HTTP/1.1 200 OK
08:18:00.318 [main] DEBUG org.apache.hc.client5.http.headers - http-outgoing-32 << X-GUploader-UploadID: ADPycdtlv5hyKNxkNAPoXZam3m80ckJ0H-Ebjpx_73hqg_-MuXohMxIalbpmUb0_5biLUD8lFSrTzvfL6YS-efZL0_eYGq5S2akq
08:18:00.318 [main] DEBUG org.apache.hc.client5.http.headers - http-outgoing-32 << x-goog-generation: 1685523462105569
08:18:00.318 [main] DEBUG org.apache.hc.client5.http.headers - http-outgoing-32 << x-goog-metageneration: 1
08:18:00.318 [main] DEBUG org.apache.hc.client5.http.headers - http-outgoing-32 << x-goog-stored-content-encoding: identity
08:18:00.318 [main] DEBUG org.apache.hc.client5.http.headers - http-outgoing-32 << x-goog-stored-content-length: 13
08:18:00.318 [main] DEBUG org.apache.hc.client5.http.headers - http-outgoing-32 << x-goog-hash: crc32c=tVW4TA==
08:18:00.318 [main] DEBUG org.apache.hc.client5.http.headers - http-outgoing-32 << x-goog-hash: md5=NoaEuIlBlniwTkiZ1T16sA==
08:18:00.318 [main] DEBUG org.apache.hc.client5.http.headers - http-outgoing-32 << x-goog-storage-class: STANDARD
08:18:00.318 [main] DEBUG org.apache.hc.client5.http.headers - http-outgoing-32 << Accept-Ranges: bytes
08:18:00.318 [main] DEBUG org.apache.hc.client5.http.headers - http-outgoing-32 << Content-Length: 13
08:18:00.318 [main] DEBUG org.apache.hc.client5.http.headers - http-outgoing-32 << Server: UploadServer
08:18:00.318 [main] DEBUG org.apache.hc.client5.http.headers - http-outgoing-32 << Date: Fri, 06 Oct 2023 01:08:29 GMT
08:18:00.318 [main] DEBUG org.apache.hc.client5.http.headers - http-outgoing-32 << Expires: Fri, 06 Oct 2023 02:08:29 GMT
08:18:00.318 [main] DEBUG org.apache.hc.client5.http.headers - http-outgoing-32 << Cache-Control: public, max-age=3600
08:18:00.318 [main] DEBUG org.apache.hc.client5.http.headers - http-outgoing-32 << Age: 573
08:18:00.318 [main] DEBUG org.apache.hc.client5.http.headers - http-outgoing-32 << Last-Modified: Wed, 31 May 2023 08:57:42 GMT
08:18:00.318 [main] DEBUG org.apache.hc.client5.http.headers - http-outgoing-32 << ETag: "368684b889419678b04e4899d53d7ab0"
08:18:00.318 [main] DEBUG org.apache.hc.client5.http.headers - http-outgoing-32 << Content-Type: text/plain
08:18:00.318 [main] DEBUG org.apache.hc.client5.http.headers - http-outgoing-32 << Alt-Svc: h3=":443"; ma=2592000,h3-29=":443"; ma=2592000
08:18:00.318 [main] DEBUG org.apache.hc.client5.http.impl.classic.MainClientExec - ex-0000002C: connection can be kept alive for 3 MINUTES
08:18:00.318 [main] DEBUG org.apache.hc.client5.http.impl.classic.InternalHttpClient - ep-0000002B: releasing valid endpoint
08:18:00.318 [main] DEBUG org.apache.hc.client5.http.impl.io.PoolingHttpClientConnectionManager - ep-0000002B: releasing endpoint
08:18:00.318 [main] DEBUG org.apache.hc.client5.http.impl.io.PoolingHttpClientConnectionManager - ep-0000002B: connection http-outgoing-32 can be kept alive for 3 MINUTES
08:18:00.318 [main] DEBUG org.apache.hc.client5.http.impl.io.PoolingHttpClientConnectionManager - ep-0000002B: connection released [route: {s}->https://chromedriver.storage.googleapis.com:443][total available: 2; route allocated: 2 of 5; total allocated: 3 of 25]
08:18:00.318 [main] DEBUG io.github.bonigarcia.wdm.versions.VersionDetector - Latest version of chromedriver according to https://chromedriver.storage.googleapis.com/LATEST_RELEASE is 114.0.5735.90
08:18:00.321 [main] DEBUG io.github.bonigarcia.wdm.WebDriverManager - Driver chromedriver 114.0.5735.90 found in cache
08:18:00.321 [main] INFO io.github.bonigarcia.wdm.WebDriverManager - Exporting webdriver.chrome.driver as C:\Users\Bagas Dwi Saputra\.cache\selenium\chromedriver\win32\114.0.5735.90\chromedriver.exe
08:18:00.413 [main] DEBUG net.thucydides.core.reflection.ClassFinder - Could not load class net.serenitybdd.rest.utils.RestSpecificationFactory
08:18:00.492 [main] DEBUG net.thucydides.core.reflection.ClassFinder - Could not load class net.serenitybdd.rest.utils.RestSpecificationFactory
08:18:00.493 [main] INFO net.serenitybdd.core.webdriver.driverproviders.ProvideNewDriver - Instantiating driver
08:18:00.493 [main] INFO net.serenitybdd.core.webdriver.driverproviders.ProvideNewDriver - Driver capabilities: Capabilities {acceptInsecureCerts: false, base.url: https://app.jubelio.com, browserName: chrome, chrome.driver: src/test/resources/webdrive..., driver: chrome, goog:chromeOptions: {args: [], extensions: []}, loggingPrefs: org.openqa.selenium.logging...}
08:18:01.451 [main] DEBUG net.thucydides.core.reflection.ClassFinder - Could not load class net.serenitybdd.rest.utils.RestSpecificationFactory
08:18:03.364 [main] DEBUG net.serenitybdd.core.photography.Darkroom - Send negative for processing for target\site\serenity\3038817d7525da4800fd8186255ce5e4cf68991618dfa75c3b583a90d9f85639.png
08:18:03.364 [main] DEBUG net.thucydides.core.steps.StepInterceptor - STEP DONE: openLink
08:18:03.367 [main] DEBUG net.thucydides.core.steps.StepInterceptor - STARTING STEP: LoginSteps.fillsInTheWithValidDataEmail - fills in the {string} with valid data email
08:18:03.413 [main] DEBUG net.thucydides.core.steps.StepInterceptor - STEP DONE: fills in the {string} with valid data email
  &amp#27;[32mGiven &amp#27;[0m&amp#27;[32mfills in the &amp#27;[0m&amp#27;[32m&amp#27;[1m""&amp#27;[0m&amp#27;[32m with valid data email&amp#27;[0m                        &amp#27;[90m# starter.stepdefinitios.LoginSteps.fillsInTheWithValidDataEmail(java.lang.String)&amp#27;[0m
08:18:03.528 [main] DEBUG net.serenitybdd.core.photography.Darkroom - Send negative for processing for target\site\serenity\3038817d7525da4800fd8186255ce5e4cf68991618dfa75c3b583a90d9f85639.png
08:18:04.172 [main] DEBUG net.serenitybdd.core.photography.Darkroom - Send negative for processing for target\site\serenity\3038817d7525da4800fd8186255ce5e4cf68991618dfa75c3b583a90d9f85639.png
08:18:04.172 [main] DEBUG net.thucydides.core.steps.StepInterceptor - STARTING STEP: LoginSteps.fillInTheWithValidDataPass - fill in the {string} with valid data pass
08:18:04.449 [main] DEBUG net.serenitybdd.core.photography.Darkroom - Send negative for processing for target\site\serenity\dd8265f9259b9d92ed5bc81b0db29439ec1a265d87a746ae84a6152f7eb065a9.png
08:18:04.450 [main] DEBUG net.thucydides.core.steps.StepInterceptor - STEP DONE: fill in the {string} with valid data pass
  &amp#27;[32mAnd &amp#27;[0m&amp#27;[32mfill in the &amp#27;[0m&amp#27;[32m&amp#27;[1m""&amp#27;[0m&amp#27;[32m with valid data pass&amp#27;[0m                            &amp#27;[90m# starter.stepdefinitios.LoginSteps.fillInTheWithValidDataPass(java.lang.String)&amp#27;[0m
08:18:04.450 [Darkroom Processing Line] DEBUG net.serenitybdd.core.photography.DarkroomProcessingLine - Processing screenshot image in /var/screenshots/screenshot-8639557967944900170
08:18:04.450 [Darkroom Processing Line] DEBUG net.serenitybdd.core.photography.DarkroomProcessingLine - Saving screenshot to target\site\serenity\dd8265f9259b9d92ed5bc81b0db29439ec1a265d87a746ae84a6152f7eb065a9.png
08:18:04.461 [main] DEBUG net.thucydides.core.steps.StepInterceptor - STARTING STEP: LoginSteps.clickTheLoginButton - clickbtnlogin
08:18:04.772 [main] DEBUG net.serenitybdd.core.photography.Darkroom - Send negative for processing for target\site\serenity\f19e7a2146521dceb1f3f22f04eaebd3fd14abea56606f075431bd336a6b740c.png
08:18:04.772 [main] DEBUG net.thucydides.core.steps.StepInterceptor - STEP DONE: clickbtnlogin
08:18:04.772 [Darkroom Processing Line] DEBUG net.serenitybdd.core.photography.DarkroomProcessingLine - Processing screenshot image in /var/screenshots/screenshot-5761573221340748713
08:18:04.772 [Darkroom Processing Line] DEBUG net.serenitybdd.core.photography.DarkroomProcessingLine - Saving screenshot to target\site\serenity\f19e7a2146521dceb1f3f22f04eaebd3fd14abea56606f075431bd336a6b740c.png
  &amp#27;[32mWhen &amp#27;[0m&amp#27;[32mclick the login button&amp#27;[0m                                        &amp#27;[90m# starter.stepdefinitios.LoginSteps.clickTheLoginButton()&amp#27;[0m
08:18:05.469 [main] DEBUG net.serenitybdd.core.photography.Darkroom - Send negative for processing for target\site\serenity\8c9d288adb69990d14523e4c39d41ed726f1153208960fe00fb61daa575f592d.png
08:18:05.469 [Darkroom Processing Line] DEBUG net.serenitybdd.core.photography.DarkroomProcessingLine - Processing screenshot image in /var/screenshots/screenshot-8882746005678489115
08:18:05.469 [Darkroom Processing Line] DEBUG net.serenitybdd.core.photography.DarkroomProcessingLine - Saving screenshot to target\site\serenity\8c9d288adb69990d14523e4c39d41ed726f1153208960fe00fb61daa575f592d.png
08:18:05.476 [main] DEBUG net.thucydides.core.steps.StepInterceptor - STARTING STEP: LoginSteps.validatePageHomeOrError - validate page home or error {string}
08:18:05.655 [main] DEBUG net.serenitybdd.core.photography.Darkroom - Send negative for processing for target\site\serenity\8c9d288adb69990d14523e4c39d41ed726f1153208960fe00fb61daa575f592d.png
08:18:05.655 [main] DEBUG net.thucydides.core.steps.StepInterceptor - STEP DONE: validate page home or error {string}
  &amp#27;[32mThen &amp#27;[0m&amp#27;[32mvalidate page home or error &amp#27;[0m&amp#27;[32m&amp#27;[1m"Email dan Password harus diisi."&amp#27;[0m &amp#27;[90m# starter.stepdefinitios.LoginSteps.validatePageHomeOrError(java.lang.String)&amp#27;[0m
]]></system-out>
    <system-err><![CDATA[Starting ChromeDriver 117.0.5938.88 (be6afae4721209be42944bbcd325665f9f44563b-refs/branch-heads/5938_62@{#9}) on port 32725
Only local connections are allowed.
Please see https://chromedriver.chromium.org/security-considerations for suggestions on keeping ChromeDriver safe.
ChromeDriver was started successfully.
Oct 06, 2023 8:18:01 AM org.openqa.selenium.remote.ProtocolHandshake createSession
INFO: Detected dialect: W3C
]]></system-err>
  </testcase>
  <testcase name="Login Account #6" classname="Login Account at app.jubelio" time="6.736">
    <system-out><![CDATA[
@Login
Scenario Outline: Login Account                         &amp#27;[90m# src/test/resources/features/user/login.feature:16&amp#27;[0m
08:18:05.949 [main] INFO io.cucumber.core.plugin.SerenityReporter - Running feature from file:///D:/QE/Automation/Jubelio-Website/src/test/resources/features/user/login.feature
08:18:06.475 [main] DEBUG net.thucydides.core.steps.StepInterceptor - STARTING STEP: LoginSteps.fillsInTheWithValidDataEmail - openLink
08:18:06.478 [main] INFO net.serenitybdd.core.webdriver.driverproviders.ChromeDriverProvider - Using automatically driver download
08:18:06.497 [main] DEBUG org.apache.hc.client5.http.impl.classic.InternalHttpClient - ex-0000002D: preparing request execution
08:18:06.497 [main] DEBUG org.apache.hc.client5.http.protocol.RequestAddCookies - Cookie spec selected: strict
08:18:06.497 [main] DEBUG org.apache.hc.client5.http.protocol.RequestAuthCache - Auth cache not set in the context
08:18:06.497 [main] DEBUG org.apache.hc.client5.http.impl.classic.ProtocolExec - ex-0000002D: target auth state: UNCHALLENGED
08:18:06.497 [main] DEBUG org.apache.hc.client5.http.impl.classic.ProtocolExec - ex-0000002D: proxy auth state: UNCHALLENGED
08:18:06.497 [main] DEBUG org.apache.hc.client5.http.impl.classic.ConnectExec - ex-0000002D: acquiring connection with route {s}->https://raw.githubusercontent.com:443
08:18:06.497 [main] DEBUG org.apache.hc.client5.http.impl.classic.InternalHttpClient - ex-0000002D: acquiring endpoint (3 MINUTES)
08:18:06.497 [main] DEBUG org.apache.hc.client5.http.impl.io.PoolingHttpClientConnectionManager - ex-0000002D: endpoint lease request (3 MINUTES) [route: {s}->https://raw.githubusercontent.com:443][total available: 0; route allocated: 0 of 5; total allocated: 0 of 25]
08:18:06.497 [main] DEBUG org.apache.hc.client5.http.impl.io.PoolingHttpClientConnectionManager - ex-0000002D: endpoint leased [route: {s}->https://raw.githubusercontent.com:443][total available: 0; route allocated: 1 of 5; total allocated: 1 of 25]
08:18:06.497 [main] DEBUG org.apache.hc.client5.http.impl.io.PoolingHttpClientConnectionManager - ex-0000002D: acquired ep-0000002C
08:18:06.497 [main] DEBUG org.apache.hc.client5.http.impl.classic.InternalHttpClient - ex-0000002D: acquired endpoint ep-0000002C
08:18:06.497 [main] DEBUG org.apache.hc.client5.http.impl.classic.ConnectExec - ex-0000002D: opening connection {s}->https://raw.githubusercontent.com:443
08:18:06.497 [main] DEBUG org.apache.hc.client5.http.impl.classic.InternalHttpClient - ep-0000002C: connecting endpoint (30 SECONDS)
08:18:06.497 [main] DEBUG org.apache.hc.client5.http.impl.io.PoolingHttpClientConnectionManager - ep-0000002C: connecting endpoint to https://raw.githubusercontent.com:443 (30 SECONDS)
08:18:06.497 [main] DEBUG org.apache.hc.client5.http.impl.io.DefaultHttpClientConnectionOperator - http-outgoing-33: connecting to raw.githubusercontent.com/185.199.108.133:443
08:18:06.498 [main] DEBUG org.apache.hc.client5.http.ssl.SSLConnectionSocketFactory - Connecting socket to raw.githubusercontent.com/185.199.108.133:443 with timeout 30 SECONDS
08:18:06.522 [main] DEBUG org.apache.hc.client5.http.ssl.SSLConnectionSocketFactory - Enabled protocols: [TLSv1.3, TLSv1.2]
08:18:06.522 [main] DEBUG org.apache.hc.client5.http.ssl.SSLConnectionSocketFactory - Enabled cipher suites: [TLS_AES_256_GCM_SHA384, TLS_AES_128_GCM_SHA256, TLS_CHACHA20_POLY1305_SHA256, TLS_ECDHE_ECDSA_WITH_AES_256_GCM_SHA384, TLS_ECDHE_ECDSA_WITH_AES_128_GCM_SHA256, TLS_ECDHE_ECDSA_WITH_CHACHA20_POLY1305_SHA256, TLS_ECDHE_RSA_WITH_AES_256_GCM_SHA384, TLS_ECDHE_RSA_WITH_CHACHA20_POLY1305_SHA256, TLS_ECDHE_RSA_WITH_AES_128_GCM_SHA256, TLS_DHE_RSA_WITH_AES_256_GCM_SHA384, TLS_DHE_RSA_WITH_CHACHA20_POLY1305_SHA256, TLS_DHE_DSS_WITH_AES_256_GCM_SHA384, TLS_DHE_RSA_WITH_AES_128_GCM_SHA256, TLS_DHE_DSS_WITH_AES_128_GCM_SHA256, TLS_ECDHE_ECDSA_WITH_AES_256_CBC_SHA384, TLS_ECDHE_RSA_WITH_AES_256_CBC_SHA384, TLS_ECDHE_ECDSA_WITH_AES_128_CBC_SHA256, TLS_ECDHE_RSA_WITH_AES_128_CBC_SHA256, TLS_DHE_RSA_WITH_AES_256_CBC_SHA256, TLS_DHE_DSS_WITH_AES_256_CBC_SHA256, TLS_DHE_RSA_WITH_AES_128_CBC_SHA256, TLS_DHE_DSS_WITH_AES_128_CBC_SHA256, TLS_ECDH_ECDSA_WITH_AES_256_GCM_SHA384, TLS_ECDH_RSA_WITH_AES_256_GCM_SHA384, TLS_ECDH_ECDSA_WITH_AES_128_GCM_SHA256, TLS_ECDH_RSA_WITH_AES_128_GCM_SHA256, TLS_ECDH_ECDSA_WITH_AES_256_CBC_SHA384, TLS_ECDH_RSA_WITH_AES_256_CBC_SHA384, TLS_ECDH_ECDSA_WITH_AES_128_CBC_SHA256, TLS_ECDH_RSA_WITH_AES_128_CBC_SHA256, TLS_ECDHE_ECDSA_WITH_AES_256_CBC_SHA, TLS_ECDHE_RSA_WITH_AES_256_CBC_SHA, TLS_ECDHE_ECDSA_WITH_AES_128_CBC_SHA, TLS_ECDHE_RSA_WITH_AES_128_CBC_SHA, TLS_DHE_RSA_WITH_AES_256_CBC_SHA, TLS_DHE_DSS_WITH_AES_256_CBC_SHA, TLS_DHE_RSA_WITH_AES_128_CBC_SHA, TLS_DHE_DSS_WITH_AES_128_CBC_SHA, TLS_ECDH_ECDSA_WITH_AES_256_CBC_SHA, TLS_ECDH_RSA_WITH_AES_256_CBC_SHA, TLS_ECDH_ECDSA_WITH_AES_128_CBC_SHA, TLS_ECDH_RSA_WITH_AES_128_CBC_SHA, TLS_RSA_WITH_AES_256_GCM_SHA384, TLS_RSA_WITH_AES_128_GCM_SHA256, TLS_RSA_WITH_AES_256_CBC_SHA256, TLS_RSA_WITH_AES_128_CBC_SHA256, TLS_RSA_WITH_AES_256_CBC_SHA, TLS_RSA_WITH_AES_128_CBC_SHA, TLS_EMPTY_RENEGOTIATION_INFO_SCSV]
08:18:06.522 [main] DEBUG org.apache.hc.client5.http.ssl.SSLConnectionSocketFactory - Starting handshake
08:18:06.568 [main] DEBUG org.apache.hc.client5.http.ssl.SSLConnectionSocketFactory - Secure session established
08:18:06.568 [main] DEBUG org.apache.hc.client5.http.ssl.SSLConnectionSocketFactory -  negotiated protocol: TLSv1.3
08:18:06.568 [main] DEBUG org.apache.hc.client5.http.ssl.SSLConnectionSocketFactory -  negotiated cipher suite: TLS_AES_256_GCM_SHA384
08:18:06.568 [main] DEBUG org.apache.hc.client5.http.ssl.SSLConnectionSocketFactory -  peer principal: CN=*.github.io, O="GitHub, Inc.", L=San Francisco, ST=California, C=US
08:18:06.568 [main] DEBUG org.apache.hc.client5.http.ssl.SSLConnectionSocketFactory -  peer alternative names: [*.github.io, github.io, *.github.com, github.com, www.github.com, *.githubusercontent.com, githubusercontent.com]
08:18:06.568 [main] DEBUG org.apache.hc.client5.http.ssl.SSLConnectionSocketFactory -  issuer principal: CN=DigiCert TLS RSA SHA256 2020 CA1, O=DigiCert Inc, C=US
08:18:06.568 [main] DEBUG org.apache.hc.client5.http.impl.io.DefaultHttpClientConnectionOperator - http-outgoing-33: connection established 192.168.100.42:64683<->185.199.108.133:443
08:18:06.568 [main] DEBUG org.apache.hc.client5.http.impl.io.PoolingHttpClientConnectionManager - ep-0000002C: connected http-outgoing-33
08:18:06.568 [main] DEBUG org.apache.hc.client5.http.impl.classic.InternalHttpClient - ep-0000002C: endpoint connected
08:18:06.568 [main] DEBUG org.apache.hc.client5.http.impl.classic.MainClientExec - ex-0000002D: executing GET /bonigarcia/webdrivermanager/master/src/main/resources/commands.properties HTTP/1.1
08:18:06.569 [main] DEBUG org.apache.hc.client5.http.impl.classic.InternalHttpClient - ep-0000002C: start execution ex-0000002D
08:18:06.569 [main] DEBUG org.apache.hc.client5.http.impl.io.PoolingHttpClientConnectionManager - ep-0000002C: executing exchange ex-0000002D over http-outgoing-33
08:18:06.569 [main] DEBUG org.apache.hc.client5.http.headers - http-outgoing-33 >> GET /bonigarcia/webdrivermanager/master/src/main/resources/commands.properties HTTP/1.1
08:18:06.569 [main] DEBUG org.apache.hc.client5.http.headers - http-outgoing-33 >> user-agent: Apache-HttpClient/5.0
08:18:06.569 [main] DEBUG org.apache.hc.client5.http.headers - http-outgoing-33 >> accept-encoding: gzip, deflate, br
08:18:06.569 [main] DEBUG org.apache.hc.client5.http.headers - http-outgoing-33 >> cache-control: max-age=0
08:18:06.569 [main] DEBUG org.apache.hc.client5.http.headers - http-outgoing-33 >> connection: keep-alive
08:18:06.569 [main] DEBUG org.apache.hc.client5.http.headers - http-outgoing-33 >> Host: raw.githubusercontent.com
08:18:06.569 [main] DEBUG org.apache.hc.client5.http.wire - http-outgoing-33 >> "GET /bonigarcia/webdrivermanager/master/src/main/resources/commands.properties HTTP/1.1[\r][\n]"
08:18:06.569 [main] DEBUG org.apache.hc.client5.http.wire - http-outgoing-33 >> "user-agent: Apache-HttpClient/5.0[\r][\n]"
08:18:06.569 [main] DEBUG org.apache.hc.client5.http.wire - http-outgoing-33 >> "accept-encoding: gzip, deflate, br[\r][\n]"
08:18:06.569 [main] DEBUG org.apache.hc.client5.http.wire - http-outgoing-33 >> "cache-control: max-age=0[\r][\n]"
08:18:06.569 [main] DEBUG org.apache.hc.client5.http.wire - http-outgoing-33 >> "connection: keep-alive[\r][\n]"
08:18:06.569 [main] DEBUG org.apache.hc.client5.http.wire - http-outgoing-33 >> "Host: raw.githubusercontent.com[\r][\n]"
08:18:06.569 [main] DEBUG org.apache.hc.client5.http.wire - http-outgoing-33 >> "[\r][\n]"
08:18:06.621 [main] DEBUG org.apache.hc.client5.http.wire - http-outgoing-33 << "HTTP/1.1 200 OK[\r][\n]"
08:18:06.621 [main] DEBUG org.apache.hc.client5.http.wire - http-outgoing-33 << "Connection: keep-alive[\r][\n]"
08:18:06.621 [main] DEBUG org.apache.hc.client5.http.wire - http-outgoing-33 << "Content-Length: 723[\r][\n]"
08:18:06.621 [main] DEBUG org.apache.hc.client5.http.wire - http-outgoing-33 << "Cache-Control: max-age=300[\r][\n]"
08:18:06.621 [main] DEBUG org.apache.hc.client5.http.wire - http-outgoing-33 << "Content-Security-Policy: default-src 'none'; style-src 'unsafe-inline'; sandbox[\r][\n]"
08:18:06.621 [main] DEBUG org.apache.hc.client5.http.wire - http-outgoing-33 << "Content-Type: text/plain; charset=utf-8[\r][\n]"
08:18:06.621 [main] DEBUG org.apache.hc.client5.http.wire - http-outgoing-33 << "ETag: W/"e82b438271e9e8680c688b0b680efd0bdd22faa6d6f0a32fc1fd8accc486b67e"[\r][\n]"
08:18:06.621 [main] DEBUG org.apache.hc.client5.http.wire - http-outgoing-33 << "Strict-Transport-Security: max-age=31536000[\r][\n]"
08:18:06.621 [main] DEBUG org.apache.hc.client5.http.wire - http-outgoing-33 << "X-Content-Type-Options: nosniff[\r][\n]"
08:18:06.621 [main] DEBUG org.apache.hc.client5.http.wire - http-outgoing-33 << "X-Frame-Options: deny[\r][\n]"
08:18:06.621 [main] DEBUG org.apache.hc.client5.http.wire - http-outgoing-33 << "X-XSS-Protection: 1; mode=block[\r][\n]"
08:18:06.621 [main] DEBUG org.apache.hc.client5.http.wire - http-outgoing-33 << "X-GitHub-Request-Id: 4CA0:B8C7F:70C4E:8CACE:651389F9[\r][\n]"
08:18:06.621 [main] DEBUG org.apache.hc.client5.http.wire - http-outgoing-33 << "Content-Encoding: gzip[\r][\n]"
08:18:06.621 [main] DEBUG org.apache.hc.client5.http.wire - http-outgoing-33 << "Accept-Ranges: bytes[\r][\n]"
08:18:06.621 [main] DEBUG org.apache.hc.client5.http.wire - http-outgoing-33 << "Date: Fri, 06 Oct 2023 01:18:08 GMT[\r][\n]"
08:18:06.621 [main] DEBUG org.apache.hc.client5.http.wire - http-outgoing-33 << "Via: 1.1 varnish[\r][\n]"
08:18:06.621 [main] DEBUG org.apache.hc.client5.http.wire - http-outgoing-33 << "X-Served-By: cache-qpg1250-QPG[\r][\n]"
08:18:06.621 [main] DEBUG org.apache.hc.client5.http.wire - http-outgoing-33 << "X-Cache: HIT[\r][\n]"
08:18:06.623 [main] DEBUG org.apache.hc.client5.http.wire - http-outgoing-33 << "X-Cache-Hits: 1[\r][\n]"
08:18:06.623 [main] DEBUG org.apache.hc.client5.http.wire - http-outgoing-33 << "X-Timer: S1696555089.730065,VS0,VE10[\r][\n]"
08:18:06.623 [main] DEBUG org.apache.hc.client5.http.wire - http-outgoing-33 << "Vary: Authorization,Accept-Encoding,Origin[\r][\n]"
08:18:06.623 [main] DEBUG org.apache.hc.client5.http.wire - http-outgoing-33 << "Access-Control-Allow-Origin: *[\r][\n]"
08:18:06.623 [main] DEBUG org.apache.hc.client5.http.wire - http-outgoing-33 << "Cross-Origin-Resource-Policy: cross-origin[\r][\n]"
08:18:06.623 [main] DEBUG org.apache.hc.client5.http.wire - http-outgoing-33 << "X-Fastly-Request-ID: ce843fd15fc7899585b015e4c6ef4a14b8e92e4c[\r][\n]"
08:18:06.623 [main] DEBUG org.apache.hc.client5.http.wire - http-outgoing-33 << "Expires: Fri, 06 Oct 2023 01:23:08 GMT[\r][\n]"
08:18:06.623 [main] DEBUG org.apache.hc.client5.http.wire - http-outgoing-33 << "Source-Age: 121[\r][\n]"
08:18:06.623 [main] DEBUG org.apache.hc.client5.http.wire - http-outgoing-33 << "[\r][\n]"
08:18:06.623 [main] DEBUG org.apache.hc.client5.http.headers - http-outgoing-33 << HTTP/1.1 200 OK
08:18:06.623 [main] DEBUG org.apache.hc.client5.http.headers - http-outgoing-33 << Connection: keep-alive
08:18:06.623 [main] DEBUG org.apache.hc.client5.http.headers - http-outgoing-33 << Content-Length: 723
08:18:06.623 [main] DEBUG org.apache.hc.client5.http.headers - http-outgoing-33 << Cache-Control: max-age=300
08:18:06.623 [main] DEBUG org.apache.hc.client5.http.headers - http-outgoing-33 << Content-Security-Policy: default-src 'none'; style-src 'unsafe-inline'; sandbox
08:18:06.623 [main] DEBUG org.apache.hc.client5.http.headers - http-outgoing-33 << Content-Type: text/plain; charset=utf-8
08:18:06.623 [main] DEBUG org.apache.hc.client5.http.headers - http-outgoing-33 << ETag: W/"e82b438271e9e8680c688b0b680efd0bdd22faa6d6f0a32fc1fd8accc486b67e"
08:18:06.623 [main] DEBUG org.apache.hc.client5.http.headers - http-outgoing-33 << Strict-Transport-Security: max-age=31536000
08:18:06.623 [main] DEBUG org.apache.hc.client5.http.headers - http-outgoing-33 << X-Content-Type-Options: nosniff
08:18:06.623 [main] DEBUG org.apache.hc.client5.http.headers - http-outgoing-33 << X-Frame-Options: deny
08:18:06.623 [main] DEBUG org.apache.hc.client5.http.headers - http-outgoing-33 << X-XSS-Protection: 1; mode=block
08:18:06.623 [main] DEBUG org.apache.hc.client5.http.headers - http-outgoing-33 << X-GitHub-Request-Id: 4CA0:B8C7F:70C4E:8CACE:651389F9
08:18:06.623 [main] DEBUG org.apache.hc.client5.http.headers - http-outgoing-33 << Content-Encoding: gzip
08:18:06.623 [main] DEBUG org.apache.hc.client5.http.headers - http-outgoing-33 << Accept-Ranges: bytes
08:18:06.623 [main] DEBUG org.apache.hc.client5.http.headers - http-outgoing-33 << Date: Fri, 06 Oct 2023 01:18:08 GMT
08:18:06.623 [main] DEBUG org.apache.hc.client5.http.headers - http-outgoing-33 << Via: 1.1 varnish
08:18:06.623 [main] DEBUG org.apache.hc.client5.http.headers - http-outgoing-33 << X-Served-By: cache-qpg1250-QPG
08:18:06.623 [main] DEBUG org.apache.hc.client5.http.headers - http-outgoing-33 << X-Cache: HIT
08:18:06.623 [main] DEBUG org.apache.hc.client5.http.headers - http-outgoing-33 << X-Cache-Hits: 1
08:18:06.623 [main] DEBUG org.apache.hc.client5.http.headers - http-outgoing-33 << X-Timer: S1696555089.730065,VS0,VE10
08:18:06.623 [main] DEBUG org.apache.hc.client5.http.headers - http-outgoing-33 << Vary: Authorization,Accept-Encoding,Origin
08:18:06.623 [main] DEBUG org.apache.hc.client5.http.headers - http-outgoing-33 << Access-Control-Allow-Origin: *
08:18:06.623 [main] DEBUG org.apache.hc.client5.http.headers - http-outgoing-33 << Cross-Origin-Resource-Policy: cross-origin
08:18:06.623 [main] DEBUG org.apache.hc.client5.http.headers - http-outgoing-33 << X-Fastly-Request-ID: ce843fd15fc7899585b015e4c6ef4a14b8e92e4c
08:18:06.623 [main] DEBUG org.apache.hc.client5.http.headers - http-outgoing-33 << Expires: Fri, 06 Oct 2023 01:23:08 GMT
08:18:06.623 [main] DEBUG org.apache.hc.client5.http.headers - http-outgoing-33 << Source-Age: 121
08:18:06.624 [main] DEBUG org.apache.hc.client5.http.impl.classic.MainClientExec - ex-0000002D: connection can be kept alive for 3 MINUTES
08:18:06.624 [main] DEBUG org.apache.hc.client5.http.wire - http-outgoing-33 << "[0x1f][0xffffff8b][0x8][0x0][0x0][0x0][0x0][0x0][0x0][0x3][0xffffffb5]V]o[0xffffffda]0[0x14]}[0xffffffe7]W\[0xffffff81]*[0xffffffb5][0x12][0x1f][[M[0xffffffd3]$[0x1e]hF[0xffffffbb]i [0x18][0xffffffb4][0xffffffdd]&[0xfffffff9][0xffffffc5]$7[0xffffffc1]R[0x12]#;[0xffffff94]v[0xffffffbf]~[0xffffffb6][0xfffffff3]1[0xffffff92][0xffffff9a][0xffffffc1][0x1a]x[0xffffffcb][0xffffffb5][0xffffffaf][0xffffffcf]9[0xffffffbe][0xfffffff7]8v[0xb][0x1c][0x1e]E4[0xfffffff6]$x4[0xffffffa1][0xb]*[0xffffffb1][0xffffffd1][0xffffff82][0xfffffffb]%[0xffffff93][0xffffffe0][0xffffffb3][0x10][0xffffffc1][0xffffffe5]qBY,!Y[0xffffffea] KM8,[0x10][0xfffffff0][0x19][0xffffffdd]u[0xffffff82][0x1e][0xffffffb0][0xffffffd8]L[0xffffffcb]%[0xffffff86][0xffffffa1][0xe][0xffffffb8][0xfffffff0]P[0xffffffe8]$[0xf][0x13]t[0x13]3[0xfffffff9][0xffffff84]B2[0xffffffae][0xffffffe6]|@[0xfffffff5][0x1d][0x8][0xffffffc4][0x18][0x16][0xffffff82]o[0xffffffa4][0xffffff9a]P[0xffffff94][0xffffffe7][0xffffffce]R[0xfffffff0][0x8][0xffffffdb]p[0xffffffcb][0x4][0xfffffffa][0xfffffffc][0xffffffb9][\r][0xffffff93][0x15][\n]"
08:18:06.624 [main] DEBUG org.apache.hc.client5.http.wire - http-outgoing-33 << "[0xffffffda][0xffffff86][0xffffffa1][0x17][0xffffffa8]Q3[0xffffffcb][0xffffffd6][0xffffffd1][0xffffff85][0xffffffc6][0xfffffff7][0xffffff98][0xffffffef][0xffffffa3][0xffffffc0]8[0x1][0xffffffae]s[0x12][0x16][0x7] _d[0xffffff82][0xffffff91][0xffffff84][0xfffffff3][0x1f],[0xfffffff6][0x14]j[0x1b]F,^+[0xffffff98]1ua2[0xffffffbf]h([0xffffff8e][0xffffff94][0xffffffa2][0xffffff91]m[0xffffffa3][0xffffffeb][0xffffff9a][0xffffffb0][0xffffffbb]I[0x17]t[0xffffffdf][0xffffffbd][0xffffffef][0xffffffbb][0xffffff91][0xffffffd7]U[0xffffffbb][0xffffff82][0xffffff9e][0x3][0xffffff9b][0xffffff88][0xffffffb9][0xffffffa6]$[0xffffffa6][0xc][0xffffff9b][0xffffffa5][0xffffffe2][0xffffff83][0xffffff98]F[0xffffffd8]o[0xffffff9e]Mg[0xffffff93][0xffffffbb][0xffffffd9]`|[0xfffffffb]u4[0xffffff9c][0x7f]"}B[0xffffffce][0x8][0xffffffb9][0xffffffe3]<[0x8][0xffffff91][0xffffff90][0xffffff94][0xffffff82][0xffffff90][0xffffffc1]j[0x15]2WI[0xffffffe3]1![0x19][0xffffff91]BnB[0xffffff80][0x9]<f[0xffffffb5][0xffffffe8]=[0xffffffd1]p[0xffffffbd][[0xffffffcf][0xffffffe5][0x1b][0xfffffff4][0xffffff9c][0xffffffff][0xfffffffc][0xfffffff8][0xffffffe1][0xffffffe2][0xffffff94][0xffffffa2][0xffffffae][0xe][0x14]5[0xffffff9a]8[0xffffff83][0xffffffd1]`:[0xfffffffd]<[0xffffffb8][0x1f][0xffffff9c]R[0xffffffcf]u[0x7f]6[0xffffffbc][0xffffff83][0xffffffef][0xf][0xffffffc3][0xffffffd9]/[0xfffffff8][0xfffffff2][0xffffffcd]y s[0xffffffee]'[0x1b]*0g[0xffffffcb][0xffffffc8]nF7H][0xffffff83][0xffffff97]{[0xffffffb1]Q[0x5][\r][0xffffffb5]c[0xffffffb4][0xf][0x2][0xffffffb3][0xffffffb4][0xffffff93][0xe]C[0xffffffa7][0xffffffb3]kAD][0xffffff9d][0xffffffde][0xffffffdb][0xffffffda][0xffffff88][0xffffffec][0xffffffa5][0xffffffbc][0xffffff99][0xffffffd9][0xffffffba]t[0xffffffb5][0xffffffea]9[0xffffffea][0x10])[0xffffffb7][0xffffffca][0xffffff9e][0xfffffff2][0xffffffe2]d^N[0xffffffd8]FW[0x16][0xffffffcd][0xffffffdc]_[0x10][0xfffffff9]i|[0x1c][0xffffff93][0xffffff8e][0xfffffff9]o[0x16][0xffffff86]4'!$G[0xffffffdf]W[0xfffffff4]W*j[[0xfffffff3]xR[0xffffffae][0xffffffb6][0xc][0xffffffd0],; #[0xffffffa9][0xffffff92]5[0xffffffb5][0x7][0xffffff9c][0xffffffb5][0xffffffd0][0x7f][0xffffff90][0xffffffc7]jgs[0xfffffffc][0xffffffc2][0xb][0xffffffd9][0x0]t[0xffffff9e]^'Y[0xfffffffb][0xffffff9f][0xffffffb1][0xffffffd8]:[0xffffffbf][0xffffff8d][0xffffffa5][0xffffff9a][0xffffffad][0x7f]m[0x5]&[0xffffffaa][0xffffffa0]^[0xffffff9b][0xffffffcb][0x5]f[0xffffffae][0xffffffe0]RU[0xffffff82][0x10]MS9l[0xffffff91]4t[0xfffffffb][0xffffff8a]][0xffffffd6][0xfffffff4][0xffffff96][0xffffffa6][0xffffff9f]P[0xffffffce][0xffffffd5][0xffffffce][0xffffff93][0xffffffff][0xffffff97][0xffffffcc]p[0xfffffffd][0xfffffff3][0xffffffe8][0x1b][0xffffffcc][0xffffffa2][0xffffffd9]Q[0xffffffbe][0xffffffb2][0xffffffa3][0xffffffc7]m'[0xffffffdf][0xffffffe4][[0xfffffffb]^[0xffffffb0][0xffffff9a][0xffffffbe][0xffffffda][0xffffffda]_[0xffffffce][0xffffff80][0xffffffd2][0xffffffc1]7[0xffffffb7]][0xffffffc1]b[0xffffffee][0xffffffb5][0xffffffff]w[0xffffff83][0xffffffed][0xffffffa7];[0x15]<[0x10]4[0xffffff92][0xffffff84][0x18][\n]"
08:18:06.625 [main] DEBUG org.apache.hc.client5.http.wire - http-outgoing-33 << "BB[0xffffffba][0xffffff8e]][0xffffffb5]jo[0xffffffb9]+"[0xffffffea][0xffffffb4][0xffffffff]h"[0xffffffea]\?5[0xffffffa9][0xffffffaf]k[0xffffffec][0xffffffff]P[0xffffffea][\n]"
08:18:06.625 [main] DEBUG org.apache.hc.client5.http.wire - http-outgoing-33 << "w[0xffffffe1]K[0x13][0xffffffda][0xffffffec][0xffffff98][0xffffffe6]Y[0xfffffffd]h8m6[0xffffff9c]T[0xffffffc1][0xfffffff2][0xffffffa7][0xffffff91]z_[0xffffff95]o85p[0x1c][0x13][0xffffffe6][0xfffffff0]5[0xffffffee][0xfffffffc][0xffffff92][0xffffff96][0xffffffda][0xfffffff7][0xffffffcf][0xffffffb1][0x5][0x1d][0xffffffea]K[0xffffff9b]9[0xffffff8e][0xffffffad]e[0xfffffff7][0xffffff93][0xffffffa8]`[0xffffffda][0xffffffff][0x1a][0xffffffd2][0xffffff88][0xffffff85][0xfffffffd][0xfffffff2][0xffffff91]N[0xfffffff6]`[0xffffffdf]2[0xffffffcf][0xffffffae]E[0xffffff97][0xffffffc5][0xffffffa2][0xffffff9d][0xffffffef]'[0xffffff9d]mun.[0xffffffd3]f^[0xffffffc7][0xffffff82][0xffffffda][0xffffff82]9[0xfffffff5][0xffffffa9]`[0x5][0xffffffbc]4[0xffffffa1][0x1d]<M[0xffffffb5]A[0xffffffa7]3[[0xffffffc0][0x7f][0x0][0xffffffc1][0xffffffd0]$[0xffffff85][0x1d][\r][0x0][0x0]"
08:18:06.625 [main] DEBUG org.apache.hc.client5.http.impl.classic.InternalHttpClient - ep-0000002C: releasing valid endpoint
08:18:06.625 [main] DEBUG org.apache.hc.client5.http.impl.io.PoolingHttpClientConnectionManager - ep-0000002C: releasing endpoint
08:18:06.625 [main] DEBUG org.apache.hc.client5.http.impl.io.PoolingHttpClientConnectionManager - ep-0000002C: connection http-outgoing-33 can be kept alive for 3 MINUTES
08:18:06.625 [main] DEBUG org.apache.hc.client5.http.impl.io.PoolingHttpClientConnectionManager - ep-0000002C: connection released [route: {s}->https://raw.githubusercontent.com:443][total available: 1; route allocated: 1 of 5; total allocated: 1 of 25]
08:18:06.625 [main] DEBUG io.github.bonigarcia.wdm.versions.VersionDetector - Detecting chrome version using online commands.properties
08:18:06.626 [main] DEBUG io.github.bonigarcia.wdm.versions.Shell - Running command on the shell: [cmd.exe, /C, wmic, datafile, where, name="%PROGRAMFILES:\=\\%\\Google\\Chrome\\Application\\chrome.exe", get, Version, /value]
08:18:06.739 [main] DEBUG io.github.bonigarcia.wdm.versions.Shell - Result: Version=117.0.5938.134
08:18:06.741 [main] DEBUG org.apache.hc.client5.http.impl.classic.InternalHttpClient - ex-0000002E: preparing request execution
08:18:06.741 [main] DEBUG org.apache.hc.client5.http.protocol.RequestAddCookies - Cookie spec selected: strict
08:18:06.741 [main] DEBUG org.apache.hc.client5.http.protocol.RequestAuthCache - Auth cache not set in the context
08:18:06.741 [main] DEBUG org.apache.hc.client5.http.impl.classic.ProtocolExec - ex-0000002E: target auth state: UNCHALLENGED
08:18:06.741 [main] DEBUG org.apache.hc.client5.http.impl.classic.ProtocolExec - ex-0000002E: proxy auth state: UNCHALLENGED
08:18:06.741 [main] DEBUG org.apache.hc.client5.http.impl.classic.ConnectExec - ex-0000002E: acquiring connection with route {s}->https://chromedriver.storage.googleapis.com:443
08:18:06.741 [main] DEBUG org.apache.hc.client5.http.impl.classic.InternalHttpClient - ex-0000002E: acquiring endpoint (3 MINUTES)
08:18:06.741 [main] DEBUG org.apache.hc.client5.http.impl.io.PoolingHttpClientConnectionManager - ex-0000002E: endpoint lease request (3 MINUTES) [route: {s}->https://chromedriver.storage.googleapis.com:443][total available: 1; route allocated: 0 of 5; total allocated: 1 of 25]
08:18:06.741 [main] DEBUG org.apache.hc.client5.http.impl.io.PoolingHttpClientConnectionManager - ex-0000002E: endpoint leased [route: {s}->https://chromedriver.storage.googleapis.com:443][total available: 1; route allocated: 1 of 5; total allocated: 2 of 25]
08:18:06.741 [main] DEBUG org.apache.hc.client5.http.impl.io.PoolingHttpClientConnectionManager - ex-0000002E: acquired ep-0000002D
08:18:06.741 [main] DEBUG org.apache.hc.client5.http.impl.classic.InternalHttpClient - ex-0000002E: acquired endpoint ep-0000002D
08:18:06.741 [main] DEBUG org.apache.hc.client5.http.impl.classic.ConnectExec - ex-0000002E: opening connection {s}->https://chromedriver.storage.googleapis.com:443
08:18:06.741 [main] DEBUG org.apache.hc.client5.http.impl.classic.InternalHttpClient - ep-0000002D: connecting endpoint (30 SECONDS)
08:18:06.741 [main] DEBUG org.apache.hc.client5.http.impl.io.PoolingHttpClientConnectionManager - ep-0000002D: connecting endpoint to https://chromedriver.storage.googleapis.com:443 (30 SECONDS)
08:18:06.741 [main] DEBUG org.apache.hc.client5.http.impl.io.DefaultHttpClientConnectionOperator - http-outgoing-34: connecting to chromedriver.storage.googleapis.com/34.101.5.27:443
08:18:06.741 [main] DEBUG org.apache.hc.client5.http.ssl.SSLConnectionSocketFactory - Connecting socket to chromedriver.storage.googleapis.com/34.101.5.27:443 with timeout 30 SECONDS
08:18:06.795 [main] DEBUG org.apache.hc.client5.http.ssl.SSLConnectionSocketFactory - Enabled protocols: [TLSv1.3, TLSv1.2]
08:18:06.795 [main] DEBUG org.apache.hc.client5.http.ssl.SSLConnectionSocketFactory - Enabled cipher suites: [TLS_AES_256_GCM_SHA384, TLS_AES_128_GCM_SHA256, TLS_CHACHA20_POLY1305_SHA256, TLS_ECDHE_ECDSA_WITH_AES_256_GCM_SHA384, TLS_ECDHE_ECDSA_WITH_AES_128_GCM_SHA256, TLS_ECDHE_ECDSA_WITH_CHACHA20_POLY1305_SHA256, TLS_ECDHE_RSA_WITH_AES_256_GCM_SHA384, TLS_ECDHE_RSA_WITH_CHACHA20_POLY1305_SHA256, TLS_ECDHE_RSA_WITH_AES_128_GCM_SHA256, TLS_DHE_RSA_WITH_AES_256_GCM_SHA384, TLS_DHE_RSA_WITH_CHACHA20_POLY1305_SHA256, TLS_DHE_DSS_WITH_AES_256_GCM_SHA384, TLS_DHE_RSA_WITH_AES_128_GCM_SHA256, TLS_DHE_DSS_WITH_AES_128_GCM_SHA256, TLS_ECDHE_ECDSA_WITH_AES_256_CBC_SHA384, TLS_ECDHE_RSA_WITH_AES_256_CBC_SHA384, TLS_ECDHE_ECDSA_WITH_AES_128_CBC_SHA256, TLS_ECDHE_RSA_WITH_AES_128_CBC_SHA256, TLS_DHE_RSA_WITH_AES_256_CBC_SHA256, TLS_DHE_DSS_WITH_AES_256_CBC_SHA256, TLS_DHE_RSA_WITH_AES_128_CBC_SHA256, TLS_DHE_DSS_WITH_AES_128_CBC_SHA256, TLS_ECDH_ECDSA_WITH_AES_256_GCM_SHA384, TLS_ECDH_RSA_WITH_AES_256_GCM_SHA384, TLS_ECDH_ECDSA_WITH_AES_128_GCM_SHA256, TLS_ECDH_RSA_WITH_AES_128_GCM_SHA256, TLS_ECDH_ECDSA_WITH_AES_256_CBC_SHA384, TLS_ECDH_RSA_WITH_AES_256_CBC_SHA384, TLS_ECDH_ECDSA_WITH_AES_128_CBC_SHA256, TLS_ECDH_RSA_WITH_AES_128_CBC_SHA256, TLS_ECDHE_ECDSA_WITH_AES_256_CBC_SHA, TLS_ECDHE_RSA_WITH_AES_256_CBC_SHA, TLS_ECDHE_ECDSA_WITH_AES_128_CBC_SHA, TLS_ECDHE_RSA_WITH_AES_128_CBC_SHA, TLS_DHE_RSA_WITH_AES_256_CBC_SHA, TLS_DHE_DSS_WITH_AES_256_CBC_SHA, TLS_DHE_RSA_WITH_AES_128_CBC_SHA, TLS_DHE_DSS_WITH_AES_128_CBC_SHA, TLS_ECDH_ECDSA_WITH_AES_256_CBC_SHA, TLS_ECDH_RSA_WITH_AES_256_CBC_SHA, TLS_ECDH_ECDSA_WITH_AES_128_CBC_SHA, TLS_ECDH_RSA_WITH_AES_128_CBC_SHA, TLS_RSA_WITH_AES_256_GCM_SHA384, TLS_RSA_WITH_AES_128_GCM_SHA256, TLS_RSA_WITH_AES_256_CBC_SHA256, TLS_RSA_WITH_AES_128_CBC_SHA256, TLS_RSA_WITH_AES_256_CBC_SHA, TLS_RSA_WITH_AES_128_CBC_SHA, TLS_EMPTY_RENEGOTIATION_INFO_SCSV]
08:18:06.795 [main] DEBUG org.apache.hc.client5.http.ssl.SSLConnectionSocketFactory - Starting handshake
08:18:06.830 [main] DEBUG org.apache.hc.client5.http.ssl.SSLConnectionSocketFactory - Secure session established
08:18:06.830 [main] DEBUG org.apache.hc.client5.http.ssl.SSLConnectionSocketFactory -  negotiated protocol: TLSv1.3
08:18:06.830 [main] DEBUG org.apache.hc.client5.http.ssl.SSLConnectionSocketFactory -  negotiated cipher suite: TLS_AES_256_GCM_SHA384
08:18:06.830 [main] DEBUG org.apache.hc.client5.http.ssl.SSLConnectionSocketFactory -  peer principal: CN=*.storage.googleapis.com
08:18:06.830 [main] DEBUG org.apache.hc.client5.http.ssl.SSLConnectionSocketFactory -  peer alternative names: [*.storage.googleapis.com, *.googleapis.com, commondatastorage.googleapis.com, *.commondatastorage.googleapis.com, storage.googleapis.com, storage-p2.googleapis.com, *.storage-p2.googleapis.com, storage.mtls.googleapis.com, *.appspot.com.storage.googleapis.com, *.content-storage.googleapis.com, *.content-storage-p2.googleapis.com, *.content-storage-upload.googleapis.com, *.content-storage-download.googleapis.com, *.storage-upload.googleapis.com, *.storage-download.googleapis.com]
08:18:06.831 [main] DEBUG org.apache.hc.client5.http.ssl.SSLConnectionSocketFactory -  issuer principal: CN=GTS CA 1C3, O=Google Trust Services LLC, C=US
08:18:06.831 [main] DEBUG org.apache.hc.client5.http.impl.io.DefaultHttpClientConnectionOperator - http-outgoing-34: connection established 192.168.100.42:64684<->34.101.5.27:443
08:18:06.831 [main] DEBUG org.apache.hc.client5.http.impl.io.PoolingHttpClientConnectionManager - ep-0000002D: connected http-outgoing-34
08:18:06.831 [main] DEBUG org.apache.hc.client5.http.impl.classic.InternalHttpClient - ep-0000002D: endpoint connected
08:18:06.831 [main] DEBUG org.apache.hc.client5.http.impl.classic.MainClientExec - ex-0000002E: executing GET /LATEST_RELEASE_117 HTTP/1.1
08:18:06.831 [main] DEBUG org.apache.hc.client5.http.impl.classic.InternalHttpClient - ep-0000002D: start execution ex-0000002E
08:18:06.831 [main] DEBUG org.apache.hc.client5.http.impl.io.PoolingHttpClientConnectionManager - ep-0000002D: executing exchange ex-0000002E over http-outgoing-34
08:18:06.831 [main] DEBUG org.apache.hc.client5.http.headers - http-outgoing-34 >> GET /LATEST_RELEASE_117 HTTP/1.1
08:18:06.831 [main] DEBUG org.apache.hc.client5.http.headers - http-outgoing-34 >> user-agent: Apache-HttpClient/5.0
08:18:06.831 [main] DEBUG org.apache.hc.client5.http.headers - http-outgoing-34 >> accept-encoding: gzip, deflate, br
08:18:06.831 [main] DEBUG org.apache.hc.client5.http.headers - http-outgoing-34 >> cache-control: max-age=0
08:18:06.831 [main] DEBUG org.apache.hc.client5.http.headers - http-outgoing-34 >> connection: keep-alive
08:18:06.831 [main] DEBUG org.apache.hc.client5.http.headers - http-outgoing-34 >> Host: chromedriver.storage.googleapis.com
08:18:06.831 [main] DEBUG org.apache.hc.client5.http.wire - http-outgoing-34 >> "GET /LATEST_RELEASE_117 HTTP/1.1[\r][\n]"
08:18:06.831 [main] DEBUG org.apache.hc.client5.http.wire - http-outgoing-34 >> "user-agent: Apache-HttpClient/5.0[\r][\n]"
08:18:06.831 [main] DEBUG org.apache.hc.client5.http.wire - http-outgoing-34 >> "accept-encoding: gzip, deflate, br[\r][\n]"
08:18:06.831 [main] DEBUG org.apache.hc.client5.http.wire - http-outgoing-34 >> "cache-control: max-age=0[\r][\n]"
08:18:06.831 [main] DEBUG org.apache.hc.client5.http.wire - http-outgoing-34 >> "connection: keep-alive[\r][\n]"
08:18:06.831 [main] DEBUG org.apache.hc.client5.http.wire - http-outgoing-34 >> "Host: chromedriver.storage.googleapis.com[\r][\n]"
08:18:06.831 [main] DEBUG org.apache.hc.client5.http.wire - http-outgoing-34 >> "[\r][\n]"
08:18:07.067 [main] DEBUG org.apache.hc.client5.http.wire - http-outgoing-34 << "HTTP/1.1 404 Not Found[\r][\n]"
08:18:07.067 [main] DEBUG org.apache.hc.client5.http.wire - http-outgoing-34 << "X-GUploader-UploadID: ADPycdvL3exg4bC83s9oIQHzjZBAXAE9LHYP2AlHSONHDtoAFK8jICnYiHzXE-BAlmTPcvsCanpK1WXiaBTdsekL60KLnM0PiRcm[\r][\n]"
08:18:07.067 [main] DEBUG org.apache.hc.client5.http.wire - http-outgoing-34 << "Content-Type: application/xml; charset=UTF-8[\r][\n]"
08:18:07.067 [main] DEBUG org.apache.hc.client5.http.wire - http-outgoing-34 << "Content-Length: 193[\r][\n]"
08:18:07.067 [main] DEBUG org.apache.hc.client5.http.wire - http-outgoing-34 << "Date: Fri, 06 Oct 2023 01:18:09 GMT[\r][\n]"
08:18:07.068 [main] DEBUG org.apache.hc.client5.http.wire - http-outgoing-34 << "Expires: Fri, 06 Oct 2023 01:18:09 GMT[\r][\n]"
08:18:07.068 [main] DEBUG org.apache.hc.client5.http.wire - http-outgoing-34 << "Cache-Control: private, max-age=0[\r][\n]"
08:18:07.068 [main] DEBUG org.apache.hc.client5.http.wire - http-outgoing-34 << "Server: UploadServer[\r][\n]"
08:18:07.068 [main] DEBUG org.apache.hc.client5.http.wire - http-outgoing-34 << "Alt-Svc: h3=":443"; ma=2592000,h3-29=":443"; ma=2592000[\r][\n]"
08:18:07.068 [main] DEBUG org.apache.hc.client5.http.wire - http-outgoing-34 << "[\r][\n]"
08:18:07.068 [main] DEBUG org.apache.hc.client5.http.wire - http-outgoing-34 << "<?xml version='1.0' encoding='UTF-8'?><Error><Code>NoSuchKey</Code><Message>The specified key does not exist.</Message><Details>No such object: chromedriver/LATEST_RELEASE_117</Details></Error>"
08:18:07.068 [main] DEBUG org.apache.hc.client5.http.headers - http-outgoing-34 << HTTP/1.1 404 Not Found
08:18:07.068 [main] DEBUG org.apache.hc.client5.http.headers - http-outgoing-34 << X-GUploader-UploadID: ADPycdvL3exg4bC83s9oIQHzjZBAXAE9LHYP2AlHSONHDtoAFK8jICnYiHzXE-BAlmTPcvsCanpK1WXiaBTdsekL60KLnM0PiRcm
08:18:07.068 [main] DEBUG org.apache.hc.client5.http.headers - http-outgoing-34 << Content-Type: application/xml; charset=UTF-8
08:18:07.068 [main] DEBUG org.apache.hc.client5.http.headers - http-outgoing-34 << Content-Length: 193
08:18:07.068 [main] DEBUG org.apache.hc.client5.http.headers - http-outgoing-34 << Date: Fri, 06 Oct 2023 01:18:09 GMT
08:18:07.068 [main] DEBUG org.apache.hc.client5.http.headers - http-outgoing-34 << Expires: Fri, 06 Oct 2023 01:18:09 GMT
08:18:07.068 [main] DEBUG org.apache.hc.client5.http.headers - http-outgoing-34 << Cache-Control: private, max-age=0
08:18:07.068 [main] DEBUG org.apache.hc.client5.http.headers - http-outgoing-34 << Server: UploadServer
08:18:07.068 [main] DEBUG org.apache.hc.client5.http.headers - http-outgoing-34 << Alt-Svc: h3=":443"; ma=2592000,h3-29=":443"; ma=2592000
08:18:07.068 [main] DEBUG org.apache.hc.client5.http.impl.classic.MainClientExec - ex-0000002E: connection can be kept alive for 3 MINUTES
08:18:07.069 [main] ERROR io.github.bonigarcia.wdm.online.HttpClient - Error HTTP 404 executing https://chromedriver.storage.googleapis.com/LATEST_RELEASE_117
08:18:07.069 [main] WARN io.github.bonigarcia.wdm.versions.VersionDetector - Exception reading https://chromedriver.storage.googleapis.com/LATEST_RELEASE_117 to get latest version of chromedriver (Error HTTP 404 executing https://chromedriver.storage.googleapis.com/LATEST_RELEASE_117)
08:18:07.070 [main] DEBUG io.github.bonigarcia.wdm.versions.VersionDetector - Getting driver version for chrome117 from online versions.properties
08:18:07.072 [main] DEBUG org.apache.hc.client5.http.impl.classic.InternalHttpClient - ex-0000002F: preparing request execution
08:18:07.072 [main] DEBUG org.apache.hc.client5.http.protocol.RequestAddCookies - Cookie spec selected: strict
08:18:07.072 [main] DEBUG org.apache.hc.client5.http.protocol.RequestAuthCache - Auth cache not set in the context
08:18:07.072 [main] DEBUG org.apache.hc.client5.http.impl.classic.ProtocolExec - ex-0000002F: target auth state: UNCHALLENGED
08:18:07.072 [main] DEBUG org.apache.hc.client5.http.impl.classic.ProtocolExec - ex-0000002F: proxy auth state: UNCHALLENGED
08:18:07.072 [main] DEBUG org.apache.hc.client5.http.impl.classic.ConnectExec - ex-0000002F: acquiring connection with route {s}->https://raw.githubusercontent.com:443
08:18:07.072 [main] DEBUG org.apache.hc.client5.http.impl.classic.InternalHttpClient - ex-0000002F: acquiring endpoint (3 MINUTES)
08:18:07.072 [main] DEBUG org.apache.hc.client5.http.impl.io.PoolingHttpClientConnectionManager - ex-0000002F: endpoint lease request (3 MINUTES) [route: {s}->https://raw.githubusercontent.com:443][total available: 1; route allocated: 1 of 5; total allocated: 2 of 25]
08:18:07.073 [main] DEBUG org.apache.hc.client5.http.impl.io.PoolingHttpClientConnectionManager - ex-0000002F: endpoint leased [route: {s}->https://raw.githubusercontent.com:443][total available: 0; route allocated: 1 of 5; total allocated: 2 of 25]
08:18:07.073 [main] DEBUG org.apache.hc.client5.http.impl.io.PoolingHttpClientConnectionManager - ex-0000002F: acquired ep-0000002E
08:18:07.073 [main] DEBUG org.apache.hc.client5.http.impl.classic.InternalHttpClient - ex-0000002F: acquired endpoint ep-0000002E
08:18:07.073 [main] DEBUG org.apache.hc.client5.http.impl.classic.MainClientExec - ex-0000002F: executing GET /bonigarcia/webdrivermanager/master/src/main/resources/versions.properties HTTP/1.1
08:18:07.073 [main] DEBUG org.apache.hc.client5.http.impl.classic.InternalHttpClient - ep-0000002E: start execution ex-0000002F
08:18:07.073 [main] DEBUG org.apache.hc.client5.http.impl.io.PoolingHttpClientConnectionManager - ep-0000002E: executing exchange ex-0000002F over http-outgoing-33
08:18:07.073 [main] DEBUG org.apache.hc.client5.http.headers - http-outgoing-33 >> GET /bonigarcia/webdrivermanager/master/src/main/resources/versions.properties HTTP/1.1
08:18:07.073 [main] DEBUG org.apache.hc.client5.http.headers - http-outgoing-33 >> user-agent: Apache-HttpClient/5.0
08:18:07.073 [main] DEBUG org.apache.hc.client5.http.headers - http-outgoing-33 >> accept-encoding: gzip, deflate, br
08:18:07.073 [main] DEBUG org.apache.hc.client5.http.headers - http-outgoing-33 >> cache-control: max-age=0
08:18:07.073 [main] DEBUG org.apache.hc.client5.http.headers - http-outgoing-33 >> connection: keep-alive
08:18:07.073 [main] DEBUG org.apache.hc.client5.http.headers - http-outgoing-33 >> Host: raw.githubusercontent.com
08:18:07.073 [main] DEBUG org.apache.hc.client5.http.wire - http-outgoing-33 >> "GET /bonigarcia/webdrivermanager/master/src/main/resources/versions.properties HTTP/1.1[\r][\n]"
08:18:07.073 [main] DEBUG org.apache.hc.client5.http.wire - http-outgoing-33 >> "user-agent: Apache-HttpClient/5.0[\r][\n]"
08:18:07.073 [main] DEBUG org.apache.hc.client5.http.wire - http-outgoing-33 >> "accept-encoding: gzip, deflate, br[\r][\n]"
08:18:07.073 [main] DEBUG org.apache.hc.client5.http.wire - http-outgoing-33 >> "cache-control: max-age=0[\r][\n]"
08:18:07.073 [main] DEBUG org.apache.hc.client5.http.wire - http-outgoing-33 >> "connection: keep-alive[\r][\n]"
08:18:07.073 [main] DEBUG org.apache.hc.client5.http.wire - http-outgoing-33 >> "Host: raw.githubusercontent.com[\r][\n]"
08:18:07.073 [main] DEBUG org.apache.hc.client5.http.wire - http-outgoing-33 >> "[\r][\n]"
08:18:07.106 [main] DEBUG org.apache.hc.client5.http.wire - http-outgoing-33 << "HTTP/1.1 200 OK[\r][\n]"
08:18:07.107 [main] DEBUG org.apache.hc.client5.http.wire - http-outgoing-33 << "Connection: keep-alive[\r][\n]"
08:18:07.107 [main] DEBUG org.apache.hc.client5.http.wire - http-outgoing-33 << "Content-Length: 1625[\r][\n]"
08:18:07.107 [main] DEBUG org.apache.hc.client5.http.wire - http-outgoing-33 << "Cache-Control: max-age=300[\r][\n]"
08:18:07.107 [main] DEBUG org.apache.hc.client5.http.wire - http-outgoing-33 << "Content-Security-Policy: default-src 'none'; style-src 'unsafe-inline'; sandbox[\r][\n]"
08:18:07.107 [main] DEBUG org.apache.hc.client5.http.wire - http-outgoing-33 << "Content-Type: text/plain; charset=utf-8[\r][\n]"
08:18:07.107 [main] DEBUG org.apache.hc.client5.http.wire - http-outgoing-33 << "ETag: W/"51a99ebb5fa30c7285d42b08929913814dd238f6403d61fccadee50390eab957"[\r][\n]"
08:18:07.107 [main] DEBUG org.apache.hc.client5.http.wire - http-outgoing-33 << "Strict-Transport-Security: max-age=31536000[\r][\n]"
08:18:07.107 [main] DEBUG org.apache.hc.client5.http.wire - http-outgoing-33 << "X-Content-Type-Options: nosniff[\r][\n]"
08:18:07.107 [main] DEBUG org.apache.hc.client5.http.wire - http-outgoing-33 << "X-Frame-Options: deny[\r][\n]"
08:18:07.107 [main] DEBUG org.apache.hc.client5.http.wire - http-outgoing-33 << "X-XSS-Protection: 1; mode=block[\r][\n]"
08:18:07.107 [main] DEBUG org.apache.hc.client5.http.wire - http-outgoing-33 << "X-GitHub-Request-Id: ADC8:C8321:F9E48:13930E:651E6E7C[\r][\n]"
08:18:07.107 [main] DEBUG org.apache.hc.client5.http.wire - http-outgoing-33 << "Content-Encoding: gzip[\r][\n]"
08:18:07.107 [main] DEBUG org.apache.hc.client5.http.wire - http-outgoing-33 << "Accept-Ranges: bytes[\r][\n]"
08:18:07.107 [main] DEBUG org.apache.hc.client5.http.wire - http-outgoing-33 << "Date: Fri, 06 Oct 2023 01:18:09 GMT[\r][\n]"
08:18:07.107 [main] DEBUG org.apache.hc.client5.http.wire - http-outgoing-33 << "Via: 1.1 varnish[\r][\n]"
08:18:07.107 [main] DEBUG org.apache.hc.client5.http.wire - http-outgoing-33 << "X-Served-By: cache-qpg1250-QPG[\r][\n]"
08:18:07.107 [main] DEBUG org.apache.hc.client5.http.wire - http-outgoing-33 << "X-Cache: HIT[\r][\n]"
08:18:07.107 [main] DEBUG org.apache.hc.client5.http.wire - http-outgoing-33 << "X-Cache-Hits: 1[\r][\n]"
08:18:07.107 [main] DEBUG org.apache.hc.client5.http.wire - http-outgoing-33 << "X-Timer: S1696555089.234219,VS0,VE1[\r][\n]"
08:18:07.107 [main] DEBUG org.apache.hc.client5.http.wire - http-outgoing-33 << "Vary: Authorization,Accept-Encoding,Origin[\r][\n]"
08:18:07.107 [main] DEBUG org.apache.hc.client5.http.wire - http-outgoing-33 << "Access-Control-Allow-Origin: *[\r][\n]"
08:18:07.107 [main] DEBUG org.apache.hc.client5.http.wire - http-outgoing-33 << "Cross-Origin-Resource-Policy: cross-origin[\r][\n]"
08:18:07.107 [main] DEBUG org.apache.hc.client5.http.wire - http-outgoing-33 << "X-Fastly-Request-ID: 8af5b721da9a74c7751fd82524f72c919b6b3e0b[\r][\n]"
08:18:07.107 [main] DEBUG org.apache.hc.client5.http.wire - http-outgoing-33 << "Expires: Fri, 06 Oct 2023 01:23:09 GMT[\r][\n]"
08:18:07.107 [main] DEBUG org.apache.hc.client5.http.wire - http-outgoing-33 << "Source-Age: 146[\r][\n]"
08:18:07.107 [main] DEBUG org.apache.hc.client5.http.wire - http-outgoing-33 << "[\r][\n]"
08:18:07.107 [main] DEBUG org.apache.hc.client5.http.headers - http-outgoing-33 << HTTP/1.1 200 OK
08:18:07.107 [main] DEBUG org.apache.hc.client5.http.headers - http-outgoing-33 << Connection: keep-alive
08:18:07.107 [main] DEBUG org.apache.hc.client5.http.headers - http-outgoing-33 << Content-Length: 1625
08:18:07.107 [main] DEBUG org.apache.hc.client5.http.headers - http-outgoing-33 << Cache-Control: max-age=300
08:18:07.107 [main] DEBUG org.apache.hc.client5.http.headers - http-outgoing-33 << Content-Security-Policy: default-src 'none'; style-src 'unsafe-inline'; sandbox
08:18:07.107 [main] DEBUG org.apache.hc.client5.http.headers - http-outgoing-33 << Content-Type: text/plain; charset=utf-8
08:18:07.107 [main] DEBUG org.apache.hc.client5.http.headers - http-outgoing-33 << ETag: W/"51a99ebb5fa30c7285d42b08929913814dd238f6403d61fccadee50390eab957"
08:18:07.107 [main] DEBUG org.apache.hc.client5.http.headers - http-outgoing-33 << Strict-Transport-Security: max-age=31536000
08:18:07.107 [main] DEBUG org.apache.hc.client5.http.headers - http-outgoing-33 << X-Content-Type-Options: nosniff
08:18:07.107 [main] DEBUG org.apache.hc.client5.http.headers - http-outgoing-33 << X-Frame-Options: deny
08:18:07.107 [main] DEBUG org.apache.hc.client5.http.headers - http-outgoing-33 << X-XSS-Protection: 1; mode=block
08:18:07.107 [main] DEBUG org.apache.hc.client5.http.headers - http-outgoing-33 << X-GitHub-Request-Id: ADC8:C8321:F9E48:13930E:651E6E7C
08:18:07.108 [main] DEBUG org.apache.hc.client5.http.headers - http-outgoing-33 << Content-Encoding: gzip
08:18:07.108 [main] DEBUG org.apache.hc.client5.http.headers - http-outgoing-33 << Accept-Ranges: bytes
08:18:07.108 [main] DEBUG org.apache.hc.client5.http.headers - http-outgoing-33 << Date: Fri, 06 Oct 2023 01:18:09 GMT
08:18:07.108 [main] DEBUG org.apache.hc.client5.http.headers - http-outgoing-33 << Via: 1.1 varnish
08:18:07.108 [main] DEBUG org.apache.hc.client5.http.headers - http-outgoing-33 << X-Served-By: cache-qpg1250-QPG
08:18:07.108 [main] DEBUG org.apache.hc.client5.http.headers - http-outgoing-33 << X-Cache: HIT
08:18:07.108 [main] DEBUG org.apache.hc.client5.http.headers - http-outgoing-33 << X-Cache-Hits: 1
08:18:07.108 [main] DEBUG org.apache.hc.client5.http.headers - http-outgoing-33 << X-Timer: S1696555089.234219,VS0,VE1
08:18:07.108 [main] DEBUG org.apache.hc.client5.http.headers - http-outgoing-33 << Vary: Authorization,Accept-Encoding,Origin
08:18:07.108 [main] DEBUG org.apache.hc.client5.http.headers - http-outgoing-33 << Access-Control-Allow-Origin: *
08:18:07.108 [main] DEBUG org.apache.hc.client5.http.headers - http-outgoing-33 << Cross-Origin-Resource-Policy: cross-origin
08:18:07.108 [main] DEBUG org.apache.hc.client5.http.headers - http-outgoing-33 << X-Fastly-Request-ID: 8af5b721da9a74c7751fd82524f72c919b6b3e0b
08:18:07.108 [main] DEBUG org.apache.hc.client5.http.headers - http-outgoing-33 << Expires: Fri, 06 Oct 2023 01:23:09 GMT
08:18:07.108 [main] DEBUG org.apache.hc.client5.http.headers - http-outgoing-33 << Source-Age: 146
08:18:07.108 [main] DEBUG org.apache.hc.client5.http.impl.classic.MainClientExec - ex-0000002F: connection can be kept alive for 3 MINUTES
08:18:07.109 [main] DEBUG org.apache.hc.client5.http.wire - http-outgoing-33 << "[0x1f][0xffffff8b][0x8][0x0][0x0][0x0][0x0][0x0][0x0][0x3][0xffffff8d][0xffffff97]Ko#7[0xc][0xffffffc7][0xffffffef][0xfffffff9][0x14][0x3][0xfffffff4][0x1c]YO[0xffffff8a][\n]"
08:18:07.109 [main] DEBUG org.apache.hc.client5.http.wire - http-outgoing-33 << "[0xffffffa0]K[0xffffff9f][0xffffffa7][0xffffffa2][0xffffff87][0xfffffff6][0xb]x[0xffffffed]Ib[0xffffffac][0xffffffe3][0x9]lg[0xffffffb3][0xffffffe8][0xffffffa7]/[0xfffffff5][0xffffffa0]F[0xffffff96][[0xffffffa0][0xffffff87]`[0xffffff97]?k$[0xffffff92][0xffffffe2]p[0xfffffffe][0xfffffffc]a[0xfffffffa][0xffffffeb][0xfffffff5]p[0xffffff99][0xffffff9e][0xf][0xffffffc7]y[0xffffffda]-[0xffffffa7][0xffffffeb][0xfffffff6]p[0xffffffba]L[0xffffffd7][0xffffffd7]y[0xfffffffa]zZ>O[0xffffffd3][0xfffffffe]|[0xfffffff8]6[0xffffff9f]'[0xfffffffa][0xffffffbb][0x1c][0x16][0xfffffffa]e[0xffffffb7][0xffffffbc][0xffffffbd]o[0xffffffaf][0xffffff87]/[0xffffffb4][0xfffffffa][0xfffffff3]p}[0xffffffcd]+w[0xffffffcb][0xfffffff9]<_[0xffffffde][0xffffff97][0xffffffd3][0xfffffffe]pz[0xffffff99][0xffffffbe][0xffffff9c][0xffffff97][0xffffffcf][0xffffffcb][0xfffffffa][0xffffffc8][0xffffffc3][0xffffffc3][0xf][0xffffffd3][0xffffff8f][0x5]=M[0xffffffbf]-[0xffffffcb][0xb]=[0xfffffff9][0xffffffd3][0xffffffeb]yy[0xffffff9b][0xffffffa7][0xffffffed]i_[0xfffffffe]{[0xfffffff8]x[0xffffff9b][0x1e][0xffffffa7][0xffffff9f][0xfffffff3]QO[0xffffffd3].[0xffffffff]Z[0xe][0xffffffa6][0xffffff87][0xffffffff]\>[0xffffffce][0xffffffbb][0xfffffff9]iz[0xffffffbd]^[0xffffffdf][0xffffff9f]6[0xffffff9b][0xfffffffe]W[0xffffffb1][0xffffffab]O[0xffffff8b][0xffffffe5][0xfffffffc][0xffffffb2][0xffffffd9][0xffffff93][0xffffffbf][0xffffffc7]e[0xffffffbb][0xffffffbf]<[0xffffff94]5J[0xffffffd9]H[0x7f]B[\n]"
08:18:07.109 [main] DEBUG org.apache.hc.client5.http.wire - http-outgoing-33 << "[0xffffffe7][0xffffff8d][0x13]A6n[0xffffff88][0xffffff9b][0xffffffc4][0xffffffc1]k[0x1][0xffffffa6]qM\g[0xffffffae][0xffffff9c][0xffffffb0][0xffffffa1]qE\%[0xffffffee][0xffffffc0][0x8][0xffffffb0][0xffffff8d]K[0xffffffe2]2q[0xffffff8b]Jx[0xffffffcf]\[0xffffff86]H[0x7f][0xffffff99][0xffffffd3][0xfffffff1][0xffffffbe][0xffffffad][0xffffff97]H[0x1c][0x13]7.[0x8][0xffffffaf][0x1a][0xfffffff7][0xffffffc4]}[0xffffffe6][0xffffffd2][\n]"
08:18:07.109 [main] DEBUG org.apache.hc.client5.http.wire - http-outgoing-33 << "[0xffffffd0][0xffffff8d][0x3]qH\[0xffffffdb] `][0xffffffef][0xffffff88][0xffffffbb][0xffffffc4]Up[0xfffffff4]c[0xffffffe3][0x14][0xffffffaf][0xffffffcc][0xfffffff1][0xffffffa6]0|[0xfffffff3]_R[0xffffffbc]2[0xffffffc7]+A[\n]"
08:18:07.109 [main] DEBUG org.apache.hc.client5.http.wire - http-outgoing-33 << "eV[0xffffff87](`[0xffffff99][0x3][0xffffff96][0xffffffb4]_w[0x0][0x5],S[0xffffffc0]68%[0xffffffec][0xffffffca])`[0xffffff99][0x2][0xffffffb6][0x18]@[0x0]'4[0xffffff84][0x18]B[0xffffffa6][0xffffffd6][0xffffffd2][0xffffffd9]L1[0xffffff86][0x14][0xffffffac][0xfffffff5][0xe][0x5][0x1d][0xffffffc3][0xffffffd8][0xffffffc7][0xffffff90]b[0xffffffb5][0x10][0xfffffff4][0xffffff9a][0xffffff83][0x0]1@[0xffffffa6]`[0xffffff85]uL][0xc].S[0xffffff83][0x2]8[0xffffff9e]`c[0xffffffb0][0xffffff99]Rr[0xffffffe8]"[0x19][0xffffff9b][0x18]R[0xffffff90][0xffffffd6]y[0xffffffbf]^j[0xffffffd0]1[0xffffffe8]L[0xffffffe9]J)[0xffffffcb][0xffffff8c]U[0xc]9@K[0x15]@[0xffffffb1]2[0xffffff96]1[0xffffffe4][0xfffffff8][0xffffffac][0xffffff91]Bs[0xffffff9e]0D[0xffffffcc][0xfffffff1][0x19][0xfffffffa]G[0xfffffff3][0xffffffce][0xffffff88][0x11]s|F[[0x11][0xffffff80][0xffffffa9][0xffffff8f][0xffffff98][0xffffffc3][0xffffffd3]([0x5]"S[0xffffff88][0xffffff98][0xffffffc3][0xffffffd3][0xffffff96][0xfffffff6][0xffffffe5]T[0xffffffa0][0xffffff8b][0xffffff98][0xffffffc3]Sh[0x4][0xffffffb2]kh#[0xffffffe6][0xfffffff0][0xffffff94][0xfffffff5][0xffffffc2]p[0xffffff8e][0xffffffd1]D[0xffffffcc][0xffffffd1][0xffffffa5][0xffffff9b]4[0xffffff9c][\n]"
08:18:07.110 [main] DEBUG org.apache.hc.client5.http.wire - http-outgoing-33 << "T[0x11]s[0x18][0xffffff92]2[0xffffffaf]L;NFLa[0xffffff98]@[0xffffffbe]P[0x9]U[0xffffffec]C[0xfffffff4]!c[0xffffffeb][0xffffff84]i[0x14][0xffffffa3][0xffffffc7]L[0xffffffa9]v[0xffffffa8][0xffffffae][0x18][0xfffffffb][0xffffffe8]S [0x6][0xffffff81][0xffffffde][0x5]v[0xffffffc3]C[0xfffffff4][0xffffff90])[0x15][0xffffffb8][0xffffffd2]m[0xf][0x17]}[0xffffff8a][0xffffffc4]xO[0x5][0xffffffb6][0xffffffae][0xffffffb6][0xffffffd1][0xffffffdb][0xffffff8c]5[0xffffffd5]/C[0x13]}[0xffffff8a][0xffffffc4][0x0][0x5][0x4][0xffffffec][0xffffffb2][0xffffffd7]Q[0xffffffd3][0xffffff8d][0xffffffb2][0xffffffa5]n,[0xffffff99],v[0xc]B[0xffffffb2][0xfffffff8]n[0x0][0xffffff93][0xffffffc5][0x19][0x5][0xffffff9f],[0xffffffbe]M[0xffffff80]d[0xffffffb1]3[0xffffffe0][0xffffffc8]j)[0x2][0xffffff9b],[0xffffffce]9[0xffffff98]d[0xfffffff1]y[0xffffff90]|1[0xffffffed][0xffffffbc][0xffffffe4]K{g [0xfffffff9]b[0xffffffcc]MW[0xfffffffb]}[0xfffffff9][0xfffffffb]p<n[0xffffffa7]_[0xf][0xffffffe7][0xfffffff9]y[0xfffffff9][0xffffffde][0xffffffb5][0xffffffb2][0xffffff97]y[0xfffffff7]u[0xfffffff9][0xffffffd7]Nv[0xffffffa1]V[0xfffffff6]B[\r][0xfffffff4][0xffffffe3][0xffffff8b][0xffffffa0][0xffffff96][0xffffffba]y+[l[0xffffffba][0x7]6[0xffffffe7][0xfffffff9]8o/[0xfffffff3][0xffffffe5][0xffffffe1][0xffffffb9][0xffffffec][0xffffffab][0x14]FJ[0x1b][0xffffffe5]n%[0xfffffffe][0xffffff8e][0xffffffc0][0x1d]qw[0xffffffc4][0xffffffde][0x11]sG[0xfffffff4][0x1d]QwD&[0xffffffa2][0xffffff85]n[0xffffff84]:_&[0xffffffeb][0x1a][0xffffff89]w[0xffffffc4][0xffffffdf][0x11][0xffffffb8]#[0xffffffee][0xffffff8e]d[0xffffff9f]UO[0xffffffcc][0x1d][0xffffffd1]wD[0xffffffdd][0x11]9[0xffffff90][0x10]F[0xffffff80]#[0xfffffff0]#[0xffffff80][0x11][0xffffffb8][0x11][0xffffff8c][0xffffffde][0xffffff86][0xffffffd1][0xffffffd9]0[0xfffffffa][0x1a]FWC[0xfffffff2][0xffffff94][0xffffffde][0xffffff9b][0xe][0xffffff88][0xffffffe3][0xffffffe1][0xfffffff4][0xfffffff1][0xffffffbd]`[0xffffffc5][0x18][0xffffffc3][0xffffffb0][0xe]q[0x4]~[0x4]0[0x2]7[0x2];[0xffffff82][0x14][0xffffff80][0xffffffc6][0xe][0xffffffe8][0x11][0xffffffa4][0x0][0xffffffb4][0xffffffef][0xffffff80][0x1c][0xffffff80][0xf]#[0xffffffc8][0xffffff9e]B[0x7][0xfffffffc][0x8]`[0x4]n[0x4]v[0x4]f[0x4]z[0x4]j[0x4]r[0x0][0x10]F[0xffffff90]=u[0x1d][0xffffffc8][0xffffff9e][0xffffffda][0xe][0xffffffc0][0x8][0xffffffdc][0x8][0xffffffb2][0xffffffa7][0xffffffdd][0xb][0x4]f[0x4][0xffffffd9][0xffffffd3][0xffffffae][0xffffffec]!{[0xffffffda][0x15][0x5][0xffffffc8][0x1][0xffffffb8]0[0x2][0x1c][0xffffff81][0x1f]A[0xfffffff6]Tv[0xffffffc0]1[0xffffffe8][0xffffffbb][0xffffffda][0x1f][0xffffffef][0xfffffff3]y[0xffffffdb][0xfffffff5][0xffffffb2]%[0xffffffd9][0xffffffff][0xffffffa7][0xffffff97][0xffffffe5][0xffffff85][0xffffff97][0xffffffe5][0xfffffff9][0xfffffffa][0xffffffb9]=[0xffffffcf][0xffffffc5]b[0xffffff9d]6v[0xffffffb6][0xfffffffc]c[0xffffffd6]'*[0xffffffeb][0xffffff9f]@[0xffffffdf]ye4[0xfffffff3][0xffffffa4][0xffffffc7][0xffffffb2][0xfffffffe]A[0xfffffffa]`[0x5][0xffffffcf]8[0xffffffc9][0xffffffb1],[0x7f]<[0xffffffbd][0x12][0xffffff8a]4D[0xffffffe5][0xffffffb2][0xffffff97]{[0xffffffd4][0xffffff9d][\n]"
08:18:07.110 [main] DEBUG org.apache.hc.client5.http.wire - http-outgoing-33 << "[0xffffffa7][0x17][0xffffffbc]S{J[0xffffffd7]m[0xffffffe8]5[0xffffffef][0xffffffc4][0x1e]2[0xfffffff5]7R[0xffffffcf]U[\n]"
08:18:07.110 [main] DEBUG org.apache.hc.client5.http.wire - http-outgoing-33 << "[0xffffffbd][0xffffffd0][0xffffffa3][0xffffff83]*v[0xffffffbd][0xffffffce]S[0xffffff9a][0xffffffb1][0xffffffed]e^[0x8][0xffffff95][0xffffff9a]^[0xffffffe4][0xffffff91]2(T[0xfffffff7][0x12]O)^[0xffffffac]z[0xffffff85][0xffffff97][0xffffffc4]S[0xffffffc1][0xffffffb2][0x17]xX[0x3][0xffffffc7][0xffffffd0][0xffffffcb];[0xffffff80]Jq[0xffffffd0]v[0xffffff85][0xfffffffa]^[0xffffffd9][0xffffff91][0xffffff94]-[0x14]z][0xffffffd7]RD][0xffffffe1]F[0xffffffd7][0x15]h;Y[0xffffff87][0xffffffd5]1[0xffffffea][0xe]7[0xffffffa2][0xffffffae]@}[0xffffffab][0xffffffe9][\n]"
08:18:07.110 [main] DEBUG org.apache.hc.client5.http.wire - http-outgoing-33 << "T[0xffffff9d][0xffffffa4]s|[0xffffffbe][0xffffffec][0x14][0x1d][0xffffffbb]J[0xffffffdd][0xffffffe2]F[0xffffffcf][0x15][0xffffff88][0xffffff83][0xffffff9c]+[0xffffffd4]wj[0xffffffce]3[0xffffff84]N[0xffffffcb]a=[0xffffff9e][0xffffffda][0xffffffc7]*[0xffffffe5][0xffffffd8]{j![0xffffffab][0xffffff92][0xffffffa3][0x4]Wj:%[0x7][0xffffffbc][0xffffffa9][0xffffffee][0xffffff84][0x1c][0xffffffd6][0xb][0xffffffa7]~[0xffffffb2][0xffffffea][0xffffffb8]vY[0xffffffd4]TV[0x1d][0xffffff87][0xfffffff5]b[0xffffffa9][0xffffffb1][0xffffffac]2[0xffffff8e]+[0xffffff9a][0xffffff9a]K[0xffffffa7][0xffffffe2]T[\r][0xffffff95]:L/[0xffffffe2][0xffffffea]Y[0xffffffd4]fV[\r][0xffffffe7]yW[0xffffffd7]I8.ej7[0xffffffab][0xffffff80]k[0xffffffc5]I=[0xffffffa7][0x13]p[0xfffffffc][0xffffffaa]Q[0xffffffe3][0xffffffe9][0xfffffff4][;[0xffffffab][0xffffffea][0xffffffae]l[0xffffffb8][0xffffffd0][0x1b]Uu[0x15][0xffffffa3][0xffffff8a][0xffffffae]bT[0xffffffcd]U[0xffffff8c]*[0xffffffb9][0xffffff8a]Q[0x15]W1[0xffffffaa][0xffffffe0]*F[0xffffffd5][[0xffffffc5]PE`[0x15]Cv[0xffffff86]M[0x1e][0xffffffb0][0xffffffc7]6y`[0xffffffea]96y[0xffffffa0]k2,[0x14][0xffffffe3]F[0xffffffa1][0x1d]v[0xffffffe7]%[0xffffffb5][0xffffffa4][0xffffffe9][0xffffff97][0xfffffffd][0xffffffcb][0xffffffdc]5[0xffffffb5][0xffffffb7][0xffffffcb]L[0xffffffe0]?[0xffffffbb][0xffffffda]~[0xfffffffe]6[0x1f][0xffffffd3][0xffffffae][0xffffffe2][0xffffff8d]w[0xffffffc8]-n>=~\6[0xffffff8d]=[0xffffffa6]M6[0xffffffd7]e9^6[0xffffff9f][0xfffffff3][0xffffff97][0xffffffda][0xffffffe5][0x1e][0x12]][0xffffff87]P[0xffffff85][0xffffffd4][0xffffffea][0x15]V[0xffffffca]#[0xffffffa8][0xfffffff2][0xffffffa4][0xffffff90])[0xffffff93][0xffffff85][0xfffffff2][0x0][0xffffffaa][0xffffffbc][0xffffffce][0xffffff85]\([0xffffff8f][0xffffff9f][\n]"
08:18:07.110 [main] DEBUG org.apache.hc.client5.http.wire - http-outgoing-33 << "@[0xffffffa5][0xfffffff1][0xffffffb0]P[0x1e]>[0xffffff95][0xffffffa3][0xfffffffa][0xffffffa0][0xffffffec]e[0xffffffda]FO[0xffffffe5][0x14][\n]"
08:18:07.110 [main] DEBUG org.apache.hc.client5.http.wire - http-outgoing-33 << "_Ok[0xffffff83][0xffffffa7][0xffffffb2]@[0xfffffffb]B[0xffffffa5]<v[0xffffff92]`O[0x1f][0xffffffe5][0x2]y[0xffffffe6]T[0xffffffc6][0xffffffa7]O`[0xffffffa5]<q[0xffffffd2][0xfffffff0]h[0xffffffa8][0xffffff83]U[0xffffffca][0xfffffff3][0xffffffa6][0xffffffd2][0xfffffff4][0xffffffa6]z[0xffffffde][0xffffff81][0xffffffa7]M[0x1a][0xf]l[0xb][0xffffffa2][0xffffff8d][0xffffff9a]JS[0xffffffe1][0xffffff92]|/"
08:18:07.111 [main] DEBUG org.apache.hc.client5.http.wire - http-outgoing-33 << "[0xffffff94][0x7]M[0xffffffa5][0xffffff95]\[0xfffffff7][0xffffffe5]1[0xffffff93][0x14][0xffffffaf]K[0xffffffc3]N[0xffffffa2]<dR[0xffffffeb]O[0xffffff8d][0xffffffa2][0xffffffb0]:b[0xffffffaa][0x14]]M[0xc][0xffffffcf][0xffffff97][0x14][0xffffff9a]n[0xffffffac]N[0xffffff97][0x14][0xffffff83]m[0xffffffac][0xffffffce][0xffffff96][0xffffffe4]U;[0xffffff99]'[0xffffffcb]@=[0xffffffc6][0xffffffa8][0xffffff82][0xffffffea]T[0x19]([0xfffffff5][0xffffffa6][0xffffffae][0xffffffaa]#e[0xffffff90][0xffffffeb][0x1]u[0xffffff9c][0xffffffc4][0xffffffd4][0xffffffe9][0xffffffea][0xffffff83]u[0xffffff94]D[\n]"
08:18:07.111 [main] DEBUG org.apache.hc.client5.http.wire - http-outgoing-33 << "[0xffffffac][0x10][0x1e]#[0xffffffd3][0xffffff8d][0xffffff97][0xffffff8b][0xffffffe1][0x11][0xffffffd2]Sn[0xffffffeb]c<?[0x2][0xffffff84]z%<;[0x2][0xffffff95][0x4][0xffffff94]\[0xfffffff0][0xffffffe0][0xffffffe8]R[0xffffff82][0xffffffeb][0xffffffaa]:5[0xffffffba][0xffffffac]82[0xffffffe1][0xffffff89][0xffffff91]Z[0xffffff83][0xffffffab][0xffffffe7]Q[0xfffffff7]*[0xffffffdd]3[0xffffffb0]O<@[0xffffffd2]w[0xffffffb6]^U[0x1b][0x1e])b[0xffffffaa][0xffffffbb][0xffffffcc][0xffffffda][0xffffffe4][0xffffff98]j[0xffffffb6][0xffffff90]:5j[0xffffffcf][0xffffffa5][0xffffffc3][0x3][0xffffffa3]6[0xffffff8d][0xffffffd4]a1[0xffffffb5][0xffffffc5]J[0xffffffea][0xffffff9c][0xffffffa8][0xc][\r][0xffffffd2][0x5]Y[0x1b][0xffffffdf][0xffffffcf][0xfffffff3][0xffffffe3][0xffffffe1]t[0xffffffb9]n[0xffffff8f][0xffffffc7]y_[0xffffffa0][0xffffff8e][0xffffff90][0xffffffbe][0xffffffec][0xffffffa6][0xffffffd4][0xffffff89]U[0xffffff91]Z[0x18][0xffffffe8]P[0xffffffc2][0xffffffb7]2R[0xffffff9f][0xffffffa4][0xffffffaf]][0xffffffb9][0xf][0xffffff83][0xffffff91]^,kB1uj:t[0xffffffd3]XjDS1[0xffffffa5]K[0xffffffa6][0xffffff9e][0xfffffff4][0xf][0x3][0x1][0xffffffec][0xffffffa6][0xffffffeb][0x12][0x0][0x0]"
08:18:07.113 [main] DEBUG org.apache.hc.client5.http.impl.classic.InternalHttpClient - ep-0000002E: releasing valid endpoint
08:18:07.113 [main] DEBUG org.apache.hc.client5.http.impl.io.PoolingHttpClientConnectionManager - ep-0000002E: releasing endpoint
08:18:07.113 [main] DEBUG org.apache.hc.client5.http.impl.io.PoolingHttpClientConnectionManager - ep-0000002E: connection http-outgoing-33 can be kept alive for 3 MINUTES
08:18:07.113 [main] DEBUG org.apache.hc.client5.http.impl.io.PoolingHttpClientConnectionManager - ep-0000002E: connection released [route: {s}->https://raw.githubusercontent.com:443][total available: 1; route allocated: 1 of 5; total allocated: 2 of 25]
08:18:07.113 [main] DEBUG io.github.bonigarcia.wdm.versions.VersionDetector - Driver for chrome117 not found in online properties (using local versions.properties)
08:18:07.115 [main] DEBUG io.github.bonigarcia.wdm.WebDriverManager - The driver version for CHROME 117 is unknown ... trying with latest
08:18:07.123 [main] DEBUG org.apache.hc.client5.http.impl.classic.InternalHttpClient - ex-00000030: preparing request execution
08:18:07.123 [main] DEBUG org.apache.hc.client5.http.protocol.RequestAddCookies - Cookie spec selected: strict
08:18:07.124 [main] DEBUG org.apache.hc.client5.http.protocol.RequestAuthCache - Auth cache not set in the context
08:18:07.124 [main] DEBUG org.apache.hc.client5.http.impl.classic.ProtocolExec - ex-00000030: target auth state: UNCHALLENGED
08:18:07.124 [main] DEBUG org.apache.hc.client5.http.impl.classic.ProtocolExec - ex-00000030: proxy auth state: UNCHALLENGED
08:18:07.124 [main] DEBUG org.apache.hc.client5.http.impl.classic.ConnectExec - ex-00000030: acquiring connection with route {s}->https://chromedriver.storage.googleapis.com:443
08:18:07.124 [main] DEBUG org.apache.hc.client5.http.impl.classic.InternalHttpClient - ex-00000030: acquiring endpoint (3 MINUTES)
08:18:07.124 [main] DEBUG org.apache.hc.client5.http.impl.io.PoolingHttpClientConnectionManager - ex-00000030: endpoint lease request (3 MINUTES) [route: {s}->https://chromedriver.storage.googleapis.com:443][total available: 1; route allocated: 1 of 5; total allocated: 2 of 25]
08:18:07.124 [main] DEBUG org.apache.hc.client5.http.impl.io.PoolingHttpClientConnectionManager - ex-00000030: endpoint leased [route: {s}->https://chromedriver.storage.googleapis.com:443][total available: 1; route allocated: 2 of 5; total allocated: 3 of 25]
08:18:07.124 [main] DEBUG org.apache.hc.client5.http.impl.io.PoolingHttpClientConnectionManager - ex-00000030: acquired ep-0000002F
08:18:07.124 [main] DEBUG org.apache.hc.client5.http.impl.classic.InternalHttpClient - ex-00000030: acquired endpoint ep-0000002F
08:18:07.124 [main] DEBUG org.apache.hc.client5.http.impl.classic.ConnectExec - ex-00000030: opening connection {s}->https://chromedriver.storage.googleapis.com:443
08:18:07.124 [main] DEBUG org.apache.hc.client5.http.impl.classic.InternalHttpClient - ep-0000002F: connecting endpoint (30 SECONDS)
08:18:07.125 [main] DEBUG org.apache.hc.client5.http.impl.io.PoolingHttpClientConnectionManager - ep-0000002F: connecting endpoint to https://chromedriver.storage.googleapis.com:443 (30 SECONDS)
08:18:07.125 [main] DEBUG org.apache.hc.client5.http.impl.io.DefaultHttpClientConnectionOperator - http-outgoing-35: connecting to chromedriver.storage.googleapis.com/34.101.5.27:443
08:18:07.125 [main] DEBUG org.apache.hc.client5.http.ssl.SSLConnectionSocketFactory - Connecting socket to chromedriver.storage.googleapis.com/34.101.5.27:443 with timeout 30 SECONDS
08:18:07.133 [main] DEBUG org.apache.hc.client5.http.ssl.SSLConnectionSocketFactory - Enabled protocols: [TLSv1.3, TLSv1.2]
08:18:07.133 [main] DEBUG org.apache.hc.client5.http.ssl.SSLConnectionSocketFactory - Enabled cipher suites: [TLS_AES_256_GCM_SHA384, TLS_AES_128_GCM_SHA256, TLS_CHACHA20_POLY1305_SHA256, TLS_ECDHE_ECDSA_WITH_AES_256_GCM_SHA384, TLS_ECDHE_ECDSA_WITH_AES_128_GCM_SHA256, TLS_ECDHE_ECDSA_WITH_CHACHA20_POLY1305_SHA256, TLS_ECDHE_RSA_WITH_AES_256_GCM_SHA384, TLS_ECDHE_RSA_WITH_CHACHA20_POLY1305_SHA256, TLS_ECDHE_RSA_WITH_AES_128_GCM_SHA256, TLS_DHE_RSA_WITH_AES_256_GCM_SHA384, TLS_DHE_RSA_WITH_CHACHA20_POLY1305_SHA256, TLS_DHE_DSS_WITH_AES_256_GCM_SHA384, TLS_DHE_RSA_WITH_AES_128_GCM_SHA256, TLS_DHE_DSS_WITH_AES_128_GCM_SHA256, TLS_ECDHE_ECDSA_WITH_AES_256_CBC_SHA384, TLS_ECDHE_RSA_WITH_AES_256_CBC_SHA384, TLS_ECDHE_ECDSA_WITH_AES_128_CBC_SHA256, TLS_ECDHE_RSA_WITH_AES_128_CBC_SHA256, TLS_DHE_RSA_WITH_AES_256_CBC_SHA256, TLS_DHE_DSS_WITH_AES_256_CBC_SHA256, TLS_DHE_RSA_WITH_AES_128_CBC_SHA256, TLS_DHE_DSS_WITH_AES_128_CBC_SHA256, TLS_ECDH_ECDSA_WITH_AES_256_GCM_SHA384, TLS_ECDH_RSA_WITH_AES_256_GCM_SHA384, TLS_ECDH_ECDSA_WITH_AES_128_GCM_SHA256, TLS_ECDH_RSA_WITH_AES_128_GCM_SHA256, TLS_ECDH_ECDSA_WITH_AES_256_CBC_SHA384, TLS_ECDH_RSA_WITH_AES_256_CBC_SHA384, TLS_ECDH_ECDSA_WITH_AES_128_CBC_SHA256, TLS_ECDH_RSA_WITH_AES_128_CBC_SHA256, TLS_ECDHE_ECDSA_WITH_AES_256_CBC_SHA, TLS_ECDHE_RSA_WITH_AES_256_CBC_SHA, TLS_ECDHE_ECDSA_WITH_AES_128_CBC_SHA, TLS_ECDHE_RSA_WITH_AES_128_CBC_SHA, TLS_DHE_RSA_WITH_AES_256_CBC_SHA, TLS_DHE_DSS_WITH_AES_256_CBC_SHA, TLS_DHE_RSA_WITH_AES_128_CBC_SHA, TLS_DHE_DSS_WITH_AES_128_CBC_SHA, TLS_ECDH_ECDSA_WITH_AES_256_CBC_SHA, TLS_ECDH_RSA_WITH_AES_256_CBC_SHA, TLS_ECDH_ECDSA_WITH_AES_128_CBC_SHA, TLS_ECDH_RSA_WITH_AES_128_CBC_SHA, TLS_RSA_WITH_AES_256_GCM_SHA384, TLS_RSA_WITH_AES_128_GCM_SHA256, TLS_RSA_WITH_AES_256_CBC_SHA256, TLS_RSA_WITH_AES_128_CBC_SHA256, TLS_RSA_WITH_AES_256_CBC_SHA, TLS_RSA_WITH_AES_128_CBC_SHA, TLS_EMPTY_RENEGOTIATION_INFO_SCSV]
08:18:07.133 [main] DEBUG org.apache.hc.client5.http.ssl.SSLConnectionSocketFactory - Starting handshake
08:18:07.177 [main] DEBUG org.apache.hc.client5.http.ssl.SSLConnectionSocketFactory - Secure session established
08:18:07.177 [main] DEBUG org.apache.hc.client5.http.ssl.SSLConnectionSocketFactory -  negotiated protocol: TLSv1.3
08:18:07.177 [main] DEBUG org.apache.hc.client5.http.ssl.SSLConnectionSocketFactory -  negotiated cipher suite: TLS_AES_256_GCM_SHA384
08:18:07.177 [main] DEBUG org.apache.hc.client5.http.ssl.SSLConnectionSocketFactory -  peer principal: CN=*.storage.googleapis.com
08:18:07.177 [main] DEBUG org.apache.hc.client5.http.ssl.SSLConnectionSocketFactory -  peer alternative names: [*.storage.googleapis.com, *.googleapis.com, commondatastorage.googleapis.com, *.commondatastorage.googleapis.com, storage.googleapis.com, storage-p2.googleapis.com, *.storage-p2.googleapis.com, storage.mtls.googleapis.com, *.appspot.com.storage.googleapis.com, *.content-storage.googleapis.com, *.content-storage-p2.googleapis.com, *.content-storage-upload.googleapis.com, *.content-storage-download.googleapis.com, *.storage-upload.googleapis.com, *.storage-download.googleapis.com]
08:18:07.177 [main] DEBUG org.apache.hc.client5.http.ssl.SSLConnectionSocketFactory -  issuer principal: CN=GTS CA 1C3, O=Google Trust Services LLC, C=US
08:18:07.177 [main] DEBUG org.apache.hc.client5.http.impl.io.DefaultHttpClientConnectionOperator - http-outgoing-35: connection established 192.168.100.42:64685<->34.101.5.27:443
08:18:07.177 [main] DEBUG org.apache.hc.client5.http.impl.io.PoolingHttpClientConnectionManager - ep-0000002F: connected http-outgoing-35
08:18:07.177 [main] DEBUG org.apache.hc.client5.http.impl.classic.InternalHttpClient - ep-0000002F: endpoint connected
08:18:07.177 [main] DEBUG org.apache.hc.client5.http.impl.classic.MainClientExec - ex-00000030: executing GET /LATEST_RELEASE HTTP/1.1
08:18:07.178 [main] DEBUG org.apache.hc.client5.http.impl.classic.InternalHttpClient - ep-0000002F: start execution ex-00000030
08:18:07.178 [main] DEBUG org.apache.hc.client5.http.impl.io.PoolingHttpClientConnectionManager - ep-0000002F: executing exchange ex-00000030 over http-outgoing-35
08:18:07.178 [main] DEBUG org.apache.hc.client5.http.headers - http-outgoing-35 >> GET /LATEST_RELEASE HTTP/1.1
08:18:07.178 [main] DEBUG org.apache.hc.client5.http.headers - http-outgoing-35 >> user-agent: Apache-HttpClient/5.0
08:18:07.178 [main] DEBUG org.apache.hc.client5.http.headers - http-outgoing-35 >> accept-encoding: gzip, deflate, br
08:18:07.178 [main] DEBUG org.apache.hc.client5.http.headers - http-outgoing-35 >> cache-control: max-age=0
08:18:07.178 [main] DEBUG org.apache.hc.client5.http.headers - http-outgoing-35 >> connection: keep-alive
08:18:07.178 [main] DEBUG org.apache.hc.client5.http.headers - http-outgoing-35 >> Host: chromedriver.storage.googleapis.com
08:18:07.178 [main] DEBUG org.apache.hc.client5.http.wire - http-outgoing-35 >> "GET /LATEST_RELEASE HTTP/1.1[\r][\n]"
08:18:07.178 [main] DEBUG org.apache.hc.client5.http.wire - http-outgoing-35 >> "user-agent: Apache-HttpClient/5.0[\r][\n]"
08:18:07.178 [main] DEBUG org.apache.hc.client5.http.wire - http-outgoing-35 >> "accept-encoding: gzip, deflate, br[\r][\n]"
08:18:07.178 [main] DEBUG org.apache.hc.client5.http.wire - http-outgoing-35 >> "cache-control: max-age=0[\r][\n]"
08:18:07.178 [main] DEBUG org.apache.hc.client5.http.wire - http-outgoing-35 >> "connection: keep-alive[\r][\n]"
08:18:07.178 [main] DEBUG org.apache.hc.client5.http.wire - http-outgoing-35 >> "Host: chromedriver.storage.googleapis.com[\r][\n]"
08:18:07.178 [main] DEBUG org.apache.hc.client5.http.wire - http-outgoing-35 >> "[\r][\n]"
08:18:07.196 [main] DEBUG org.apache.hc.client5.http.wire - http-outgoing-35 << "HTTP/1.1 200 OK[\r][\n]"
08:18:07.196 [main] DEBUG org.apache.hc.client5.http.wire - http-outgoing-35 << "X-GUploader-UploadID: ADPycdtlv5hyKNxkNAPoXZam3m80ckJ0H-Ebjpx_73hqg_-MuXohMxIalbpmUb0_5biLUD8lFSrTzvfL6YS-efZL0_eYGq5S2akq[\r][\n]"
08:18:07.196 [main] DEBUG org.apache.hc.client5.http.wire - http-outgoing-35 << "x-goog-generation: 1685523462105569[\r][\n]"
08:18:07.196 [main] DEBUG org.apache.hc.client5.http.wire - http-outgoing-35 << "x-goog-metageneration: 1[\r][\n]"
08:18:07.196 [main] DEBUG org.apache.hc.client5.http.wire - http-outgoing-35 << "x-goog-stored-content-encoding: identity[\r][\n]"
08:18:07.196 [main] DEBUG org.apache.hc.client5.http.wire - http-outgoing-35 << "x-goog-stored-content-length: 13[\r][\n]"
08:18:07.196 [main] DEBUG org.apache.hc.client5.http.wire - http-outgoing-35 << "x-goog-hash: crc32c=tVW4TA==[\r][\n]"
08:18:07.196 [main] DEBUG org.apache.hc.client5.http.wire - http-outgoing-35 << "x-goog-hash: md5=NoaEuIlBlniwTkiZ1T16sA==[\r][\n]"
08:18:07.196 [main] DEBUG org.apache.hc.client5.http.wire - http-outgoing-35 << "x-goog-storage-class: STANDARD[\r][\n]"
08:18:07.196 [main] DEBUG org.apache.hc.client5.http.wire - http-outgoing-35 << "Accept-Ranges: bytes[\r][\n]"
08:18:07.196 [main] DEBUG org.apache.hc.client5.http.wire - http-outgoing-35 << "Content-Length: 13[\r][\n]"
08:18:07.196 [main] DEBUG org.apache.hc.client5.http.wire - http-outgoing-35 << "Server: UploadServer[\r][\n]"
08:18:07.196 [main] DEBUG org.apache.hc.client5.http.wire - http-outgoing-35 << "Date: Fri, 06 Oct 2023 01:08:29 GMT[\r][\n]"
08:18:07.196 [main] DEBUG org.apache.hc.client5.http.wire - http-outgoing-35 << "Expires: Fri, 06 Oct 2023 02:08:29 GMT[\r][\n]"
08:18:07.196 [main] DEBUG org.apache.hc.client5.http.wire - http-outgoing-35 << "Cache-Control: public, max-age=3600[\r][\n]"
08:18:07.196 [main] DEBUG org.apache.hc.client5.http.wire - http-outgoing-35 << "Age: 580[\r][\n]"
08:18:07.196 [main] DEBUG org.apache.hc.client5.http.wire - http-outgoing-35 << "Last-Modified: Wed, 31 May 2023 08:57:42 GMT[\r][\n]"
08:18:07.196 [main] DEBUG org.apache.hc.client5.http.wire - http-outgoing-35 << "ETag: "368684b889419678b04e4899d53d7ab0"[\r][\n]"
08:18:07.196 [main] DEBUG org.apache.hc.client5.http.wire - http-outgoing-35 << "Content-Type: text/plain[\r][\n]"
08:18:07.196 [main] DEBUG org.apache.hc.client5.http.wire - http-outgoing-35 << "Alt-Svc: h3=":443"; ma=2592000,h3-29=":443"; ma=2592000[\r][\n]"
08:18:07.196 [main] DEBUG org.apache.hc.client5.http.wire - http-outgoing-35 << "[\r][\n]"
08:18:07.196 [main] DEBUG org.apache.hc.client5.http.wire - http-outgoing-35 << "114.0.5735.90"
08:18:07.196 [main] DEBUG org.apache.hc.client5.http.headers - http-outgoing-35 << HTTP/1.1 200 OK
08:18:07.196 [main] DEBUG org.apache.hc.client5.http.headers - http-outgoing-35 << X-GUploader-UploadID: ADPycdtlv5hyKNxkNAPoXZam3m80ckJ0H-Ebjpx_73hqg_-MuXohMxIalbpmUb0_5biLUD8lFSrTzvfL6YS-efZL0_eYGq5S2akq
08:18:07.196 [main] DEBUG org.apache.hc.client5.http.headers - http-outgoing-35 << x-goog-generation: 1685523462105569
08:18:07.196 [main] DEBUG org.apache.hc.client5.http.headers - http-outgoing-35 << x-goog-metageneration: 1
08:18:07.196 [main] DEBUG org.apache.hc.client5.http.headers - http-outgoing-35 << x-goog-stored-content-encoding: identity
08:18:07.196 [main] DEBUG org.apache.hc.client5.http.headers - http-outgoing-35 << x-goog-stored-content-length: 13
08:18:07.196 [main] DEBUG org.apache.hc.client5.http.headers - http-outgoing-35 << x-goog-hash: crc32c=tVW4TA==
08:18:07.196 [main] DEBUG org.apache.hc.client5.http.headers - http-outgoing-35 << x-goog-hash: md5=NoaEuIlBlniwTkiZ1T16sA==
08:18:07.196 [main] DEBUG org.apache.hc.client5.http.headers - http-outgoing-35 << x-goog-storage-class: STANDARD
08:18:07.196 [main] DEBUG org.apache.hc.client5.http.headers - http-outgoing-35 << Accept-Ranges: bytes
08:18:07.196 [main] DEBUG org.apache.hc.client5.http.headers - http-outgoing-35 << Content-Length: 13
08:18:07.196 [main] DEBUG org.apache.hc.client5.http.headers - http-outgoing-35 << Server: UploadServer
08:18:07.196 [main] DEBUG org.apache.hc.client5.http.headers - http-outgoing-35 << Date: Fri, 06 Oct 2023 01:08:29 GMT
08:18:07.196 [main] DEBUG org.apache.hc.client5.http.headers - http-outgoing-35 << Expires: Fri, 06 Oct 2023 02:08:29 GMT
08:18:07.196 [main] DEBUG org.apache.hc.client5.http.headers - http-outgoing-35 << Cache-Control: public, max-age=3600
08:18:07.196 [main] DEBUG org.apache.hc.client5.http.headers - http-outgoing-35 << Age: 580
08:18:07.196 [main] DEBUG org.apache.hc.client5.http.headers - http-outgoing-35 << Last-Modified: Wed, 31 May 2023 08:57:42 GMT
08:18:07.196 [main] DEBUG org.apache.hc.client5.http.headers - http-outgoing-35 << ETag: "368684b889419678b04e4899d53d7ab0"
08:18:07.196 [main] DEBUG org.apache.hc.client5.http.headers - http-outgoing-35 << Content-Type: text/plain
08:18:07.196 [main] DEBUG org.apache.hc.client5.http.headers - http-outgoing-35 << Alt-Svc: h3=":443"; ma=2592000,h3-29=":443"; ma=2592000
08:18:07.196 [main] DEBUG org.apache.hc.client5.http.impl.classic.MainClientExec - ex-00000030: connection can be kept alive for 3 MINUTES
08:18:07.196 [main] DEBUG org.apache.hc.client5.http.impl.classic.InternalHttpClient - ep-0000002F: releasing valid endpoint
08:18:07.196 [main] DEBUG org.apache.hc.client5.http.impl.io.PoolingHttpClientConnectionManager - ep-0000002F: releasing endpoint
08:18:07.196 [main] DEBUG org.apache.hc.client5.http.impl.io.PoolingHttpClientConnectionManager - ep-0000002F: connection http-outgoing-35 can be kept alive for 3 MINUTES
08:18:07.196 [main] DEBUG org.apache.hc.client5.http.impl.io.PoolingHttpClientConnectionManager - ep-0000002F: connection released [route: {s}->https://chromedriver.storage.googleapis.com:443][total available: 2; route allocated: 2 of 5; total allocated: 3 of 25]
08:18:07.196 [main] DEBUG io.github.bonigarcia.wdm.versions.VersionDetector - Latest version of chromedriver according to https://chromedriver.storage.googleapis.com/LATEST_RELEASE is 114.0.5735.90
08:18:07.198 [main] DEBUG io.github.bonigarcia.wdm.WebDriverManager - Driver chromedriver 114.0.5735.90 found in cache
08:18:07.198 [main] INFO io.github.bonigarcia.wdm.WebDriverManager - Exporting webdriver.chrome.driver as C:\Users\Bagas Dwi Saputra\.cache\selenium\chromedriver\win32\114.0.5735.90\chromedriver.exe
08:18:07.286 [main] DEBUG net.thucydides.core.reflection.ClassFinder - Could not load class net.serenitybdd.rest.utils.RestSpecificationFactory
08:18:07.364 [main] DEBUG net.thucydides.core.reflection.ClassFinder - Could not load class net.serenitybdd.rest.utils.RestSpecificationFactory
08:18:07.365 [main] INFO net.serenitybdd.core.webdriver.driverproviders.ProvideNewDriver - Instantiating driver
08:18:07.365 [main] INFO net.serenitybdd.core.webdriver.driverproviders.ProvideNewDriver - Driver capabilities: Capabilities {acceptInsecureCerts: false, base.url: https://app.jubelio.com, browserName: chrome, chrome.driver: src/test/resources/webdrive..., driver: chrome, goog:chromeOptions: {args: [], extensions: []}, loggingPrefs: org.openqa.selenium.logging...}
08:18:08.225 [main] DEBUG net.thucydides.core.reflection.ClassFinder - Could not load class net.serenitybdd.rest.utils.RestSpecificationFactory
08:18:10.286 [main] DEBUG net.serenitybdd.core.photography.Darkroom - Send negative for processing for target\site\serenity\3038817d7525da4800fd8186255ce5e4cf68991618dfa75c3b583a90d9f85639.png
08:18:10.286 [main] DEBUG net.thucydides.core.steps.StepInterceptor - STEP DONE: openLink
08:18:10.289 [main] DEBUG net.thucydides.core.steps.StepInterceptor - STARTING STEP: LoginSteps.fillsInTheWithValidDataEmail - fills in the {string} with valid data email
08:18:10.332 [main] DEBUG net.thucydides.core.steps.StepInterceptor - STEP DONE: fills in the {string} with valid data email
  &amp#27;[32mGiven &amp#27;[0m&amp#27;[32mfills in the &amp#27;[0m&amp#27;[32m&amp#27;[1m""&amp#27;[0m&amp#27;[32m with valid data email&amp#27;[0m           &amp#27;[90m# starter.stepdefinitios.LoginSteps.fillsInTheWithValidDataEmail(java.lang.String)&amp#27;[0m
08:18:10.506 [main] DEBUG net.serenitybdd.core.photography.Darkroom - Send negative for processing for target\site\serenity\f97538ddc3be05bb45164a0826cf793975e889e421bf4548eb5f6c521b11c3ba.png
08:18:10.507 [Darkroom Processing Line] DEBUG net.serenitybdd.core.photography.DarkroomProcessingLine - Processing screenshot image in /var/screenshots/screenshot-2708006594771057732
08:18:10.507 [Darkroom Processing Line] DEBUG net.serenitybdd.core.photography.DarkroomProcessingLine - Saving screenshot to target\site\serenity\f97538ddc3be05bb45164a0826cf793975e889e421bf4548eb5f6c521b11c3ba.png
08:18:11.163 [main] DEBUG net.serenitybdd.core.photography.Darkroom - Send negative for processing for target\site\serenity\3038817d7525da4800fd8186255ce5e4cf68991618dfa75c3b583a90d9f85639.png
08:18:11.164 [main] DEBUG net.thucydides.core.steps.StepInterceptor - STARTING STEP: LoginSteps.fillInTheWithValidDataPass - fill in the {string} with valid data pass
08:18:11.409 [main] DEBUG net.serenitybdd.core.photography.Darkroom - Send negative for processing for target\site\serenity\0b723242fdccdf285b0d3a3647047b8a9434fd5ba74a38ae28e5629fce967cc6.png
08:18:11.410 [main] DEBUG net.thucydides.core.steps.StepInterceptor - STEP DONE: fill in the {string} with valid data pass
  &amp#27;[32mAnd &amp#27;[0m&amp#27;[32mfill in the &amp#27;[0m&amp#27;[32m&amp#27;[1m"Jubelio123"&amp#27;[0m&amp#27;[32m with valid data pass&amp#27;[0m     &amp#27;[90m# starter.stepdefinitios.LoginSteps.fillInTheWithValidDataPass(java.lang.String)&amp#27;[0m
08:18:11.410 [Darkroom Processing Line] DEBUG net.serenitybdd.core.photography.DarkroomProcessingLine - Processing screenshot image in /var/screenshots/screenshot-8354143246882017823
08:18:11.410 [Darkroom Processing Line] DEBUG net.serenitybdd.core.photography.DarkroomProcessingLine - Saving screenshot to target\site\serenity\0b723242fdccdf285b0d3a3647047b8a9434fd5ba74a38ae28e5629fce967cc6.png
08:18:11.419 [main] DEBUG net.thucydides.core.steps.StepInterceptor - STARTING STEP: LoginSteps.clickTheLoginButton - clickbtnlogin
08:18:11.774 [main] DEBUG net.serenitybdd.core.photography.Darkroom - Send negative for processing for target\site\serenity\e147b4c102087fb6de4d29c2861d6181ae6cafeddaa7dd22799cd75bc65b9f40.png
08:18:11.775 [main] DEBUG net.thucydides.core.steps.StepInterceptor - STEP DONE: clickbtnlogin
08:18:11.775 [Darkroom Processing Line] DEBUG net.serenitybdd.core.photography.DarkroomProcessingLine - Processing screenshot image in /var/screenshots/screenshot-4269980345747620557
08:18:11.775 [Darkroom Processing Line] DEBUG net.serenitybdd.core.photography.DarkroomProcessingLine - Saving screenshot to target\site\serenity\e147b4c102087fb6de4d29c2861d6181ae6cafeddaa7dd22799cd75bc65b9f40.png
  &amp#27;[32mWhen &amp#27;[0m&amp#27;[32mclick the login button&amp#27;[0m                           &amp#27;[90m# starter.stepdefinitios.LoginSteps.clickTheLoginButton()&amp#27;[0m
08:18:12.370 [main] DEBUG net.serenitybdd.core.photography.Darkroom - Send negative for processing for target\site\serenity\a2e3afce0e77b5408d6b3c522ceee08ec0826e34fb4ab788a98411951c08b8b4.png
08:18:12.370 [Darkroom Processing Line] DEBUG net.serenitybdd.core.photography.DarkroomProcessingLine - Processing screenshot image in /var/screenshots/screenshot-6301391701378203930
08:18:12.371 [Darkroom Processing Line] DEBUG net.serenitybdd.core.photography.DarkroomProcessingLine - Saving screenshot to target\site\serenity\a2e3afce0e77b5408d6b3c522ceee08ec0826e34fb4ab788a98411951c08b8b4.png
08:18:12.376 [main] DEBUG net.thucydides.core.steps.StepInterceptor - STARTING STEP: LoginSteps.validatePageHomeOrError - validate page home or error {string}
08:18:12.404 [main] DEBUG net.thucydides.core.steps.StepInterceptor - STEP DONE: validate page home or error {string}
  &amp#27;[32mThen &amp#27;[0m&amp#27;[32mvalidate page home or error &amp#27;[0m&amp#27;[32m&amp#27;[1m"Email harus diisi."&amp#27;[0m &amp#27;[90m# starter.stepdefinitios.LoginSteps.validatePageHomeOrError(java.lang.String)&amp#27;[0m
]]></system-out>
    <system-err><![CDATA[Starting ChromeDriver 117.0.5938.88 (be6afae4721209be42944bbcd325665f9f44563b-refs/branch-heads/5938_62@{#9}) on port 28957
Only local connections are allowed.
Please see https://chromedriver.chromium.org/security-considerations for suggestions on keeping ChromeDriver safe.
ChromeDriver was started successfully.
Oct 06, 2023 8:18:08 AM org.openqa.selenium.remote.ProtocolHandshake createSession
INFO: Detected dialect: W3C
]]></system-err>
  </testcase>
  <testcase name="Login Account #7" classname="Login Account at app.jubelio" time="7.308">
    <system-out><![CDATA[
@Login
Scenario Outline: Login Account                                           &amp#27;[90m# src/test/resources/features/user/login.feature:17&amp#27;[0m
08:18:12.687 [main] INFO io.cucumber.core.plugin.SerenityReporter - Running feature from file:///D:/QE/Automation/Jubelio-Website/src/test/resources/features/user/login.feature
08:18:13.216 [main] DEBUG net.thucydides.core.steps.StepInterceptor - STARTING STEP: LoginSteps.fillsInTheWithValidDataEmail - openLink
08:18:13.220 [main] INFO net.serenitybdd.core.webdriver.driverproviders.ChromeDriverProvider - Using automatically driver download
08:18:13.241 [main] DEBUG org.apache.hc.client5.http.impl.classic.InternalHttpClient - ex-00000031: preparing request execution
08:18:13.241 [main] DEBUG org.apache.hc.client5.http.protocol.RequestAddCookies - Cookie spec selected: strict
08:18:13.241 [main] DEBUG org.apache.hc.client5.http.protocol.RequestAuthCache - Auth cache not set in the context
08:18:13.241 [main] DEBUG org.apache.hc.client5.http.impl.classic.ProtocolExec - ex-00000031: target auth state: UNCHALLENGED
08:18:13.241 [main] DEBUG org.apache.hc.client5.http.impl.classic.ProtocolExec - ex-00000031: proxy auth state: UNCHALLENGED
08:18:13.241 [main] DEBUG org.apache.hc.client5.http.impl.classic.ConnectExec - ex-00000031: acquiring connection with route {s}->https://raw.githubusercontent.com:443
08:18:13.242 [main] DEBUG org.apache.hc.client5.http.impl.classic.InternalHttpClient - ex-00000031: acquiring endpoint (3 MINUTES)
08:18:13.242 [main] DEBUG org.apache.hc.client5.http.impl.io.PoolingHttpClientConnectionManager - ex-00000031: endpoint lease request (3 MINUTES) [route: {s}->https://raw.githubusercontent.com:443][total available: 0; route allocated: 0 of 5; total allocated: 0 of 25]
08:18:13.242 [main] DEBUG org.apache.hc.client5.http.impl.io.PoolingHttpClientConnectionManager - ex-00000031: endpoint leased [route: {s}->https://raw.githubusercontent.com:443][total available: 0; route allocated: 1 of 5; total allocated: 1 of 25]
08:18:13.242 [main] DEBUG org.apache.hc.client5.http.impl.io.PoolingHttpClientConnectionManager - ex-00000031: acquired ep-00000030
08:18:13.242 [main] DEBUG org.apache.hc.client5.http.impl.classic.InternalHttpClient - ex-00000031: acquired endpoint ep-00000030
08:18:13.242 [main] DEBUG org.apache.hc.client5.http.impl.classic.ConnectExec - ex-00000031: opening connection {s}->https://raw.githubusercontent.com:443
08:18:13.242 [main] DEBUG org.apache.hc.client5.http.impl.classic.InternalHttpClient - ep-00000030: connecting endpoint (30 SECONDS)
08:18:13.242 [main] DEBUG org.apache.hc.client5.http.impl.io.PoolingHttpClientConnectionManager - ep-00000030: connecting endpoint to https://raw.githubusercontent.com:443 (30 SECONDS)
08:18:13.243 [main] DEBUG org.apache.hc.client5.http.impl.io.DefaultHttpClientConnectionOperator - http-outgoing-36: connecting to raw.githubusercontent.com/185.199.108.133:443
08:18:13.243 [main] DEBUG org.apache.hc.client5.http.ssl.SSLConnectionSocketFactory - Connecting socket to raw.githubusercontent.com/185.199.108.133:443 with timeout 30 SECONDS
08:18:13.263 [main] DEBUG org.apache.hc.client5.http.ssl.SSLConnectionSocketFactory - Enabled protocols: [TLSv1.3, TLSv1.2]
08:18:13.263 [main] DEBUG org.apache.hc.client5.http.ssl.SSLConnectionSocketFactory - Enabled cipher suites: [TLS_AES_256_GCM_SHA384, TLS_AES_128_GCM_SHA256, TLS_CHACHA20_POLY1305_SHA256, TLS_ECDHE_ECDSA_WITH_AES_256_GCM_SHA384, TLS_ECDHE_ECDSA_WITH_AES_128_GCM_SHA256, TLS_ECDHE_ECDSA_WITH_CHACHA20_POLY1305_SHA256, TLS_ECDHE_RSA_WITH_AES_256_GCM_SHA384, TLS_ECDHE_RSA_WITH_CHACHA20_POLY1305_SHA256, TLS_ECDHE_RSA_WITH_AES_128_GCM_SHA256, TLS_DHE_RSA_WITH_AES_256_GCM_SHA384, TLS_DHE_RSA_WITH_CHACHA20_POLY1305_SHA256, TLS_DHE_DSS_WITH_AES_256_GCM_SHA384, TLS_DHE_RSA_WITH_AES_128_GCM_SHA256, TLS_DHE_DSS_WITH_AES_128_GCM_SHA256, TLS_ECDHE_ECDSA_WITH_AES_256_CBC_SHA384, TLS_ECDHE_RSA_WITH_AES_256_CBC_SHA384, TLS_ECDHE_ECDSA_WITH_AES_128_CBC_SHA256, TLS_ECDHE_RSA_WITH_AES_128_CBC_SHA256, TLS_DHE_RSA_WITH_AES_256_CBC_SHA256, TLS_DHE_DSS_WITH_AES_256_CBC_SHA256, TLS_DHE_RSA_WITH_AES_128_CBC_SHA256, TLS_DHE_DSS_WITH_AES_128_CBC_SHA256, TLS_ECDH_ECDSA_WITH_AES_256_GCM_SHA384, TLS_ECDH_RSA_WITH_AES_256_GCM_SHA384, TLS_ECDH_ECDSA_WITH_AES_128_GCM_SHA256, TLS_ECDH_RSA_WITH_AES_128_GCM_SHA256, TLS_ECDH_ECDSA_WITH_AES_256_CBC_SHA384, TLS_ECDH_RSA_WITH_AES_256_CBC_SHA384, TLS_ECDH_ECDSA_WITH_AES_128_CBC_SHA256, TLS_ECDH_RSA_WITH_AES_128_CBC_SHA256, TLS_ECDHE_ECDSA_WITH_AES_256_CBC_SHA, TLS_ECDHE_RSA_WITH_AES_256_CBC_SHA, TLS_ECDHE_ECDSA_WITH_AES_128_CBC_SHA, TLS_ECDHE_RSA_WITH_AES_128_CBC_SHA, TLS_DHE_RSA_WITH_AES_256_CBC_SHA, TLS_DHE_DSS_WITH_AES_256_CBC_SHA, TLS_DHE_RSA_WITH_AES_128_CBC_SHA, TLS_DHE_DSS_WITH_AES_128_CBC_SHA, TLS_ECDH_ECDSA_WITH_AES_256_CBC_SHA, TLS_ECDH_RSA_WITH_AES_256_CBC_SHA, TLS_ECDH_ECDSA_WITH_AES_128_CBC_SHA, TLS_ECDH_RSA_WITH_AES_128_CBC_SHA, TLS_RSA_WITH_AES_256_GCM_SHA384, TLS_RSA_WITH_AES_128_GCM_SHA256, TLS_RSA_WITH_AES_256_CBC_SHA256, TLS_RSA_WITH_AES_128_CBC_SHA256, TLS_RSA_WITH_AES_256_CBC_SHA, TLS_RSA_WITH_AES_128_CBC_SHA, TLS_EMPTY_RENEGOTIATION_INFO_SCSV]
08:18:13.263 [main] DEBUG org.apache.hc.client5.http.ssl.SSLConnectionSocketFactory - Starting handshake
08:18:13.314 [main] DEBUG org.apache.hc.client5.http.ssl.SSLConnectionSocketFactory - Secure session established
08:18:13.314 [main] DEBUG org.apache.hc.client5.http.ssl.SSLConnectionSocketFactory -  negotiated protocol: TLSv1.3
08:18:13.314 [main] DEBUG org.apache.hc.client5.http.ssl.SSLConnectionSocketFactory -  negotiated cipher suite: TLS_AES_256_GCM_SHA384
08:18:13.314 [main] DEBUG org.apache.hc.client5.http.ssl.SSLConnectionSocketFactory -  peer principal: CN=*.github.io, O="GitHub, Inc.", L=San Francisco, ST=California, C=US
08:18:13.314 [main] DEBUG org.apache.hc.client5.http.ssl.SSLConnectionSocketFactory -  peer alternative names: [*.github.io, github.io, *.github.com, github.com, www.github.com, *.githubusercontent.com, githubusercontent.com]
08:18:13.314 [main] DEBUG org.apache.hc.client5.http.ssl.SSLConnectionSocketFactory -  issuer principal: CN=DigiCert TLS RSA SHA256 2020 CA1, O=DigiCert Inc, C=US
08:18:13.314 [main] DEBUG org.apache.hc.client5.http.impl.io.DefaultHttpClientConnectionOperator - http-outgoing-36: connection established 192.168.100.42:64735<->185.199.108.133:443
08:18:13.314 [main] DEBUG org.apache.hc.client5.http.impl.io.PoolingHttpClientConnectionManager - ep-00000030: connected http-outgoing-36
08:18:13.314 [main] DEBUG org.apache.hc.client5.http.impl.classic.InternalHttpClient - ep-00000030: endpoint connected
08:18:13.314 [main] DEBUG org.apache.hc.client5.http.impl.classic.MainClientExec - ex-00000031: executing GET /bonigarcia/webdrivermanager/master/src/main/resources/commands.properties HTTP/1.1
08:18:13.314 [main] DEBUG org.apache.hc.client5.http.impl.classic.InternalHttpClient - ep-00000030: start execution ex-00000031
08:18:13.314 [main] DEBUG org.apache.hc.client5.http.impl.io.PoolingHttpClientConnectionManager - ep-00000030: executing exchange ex-00000031 over http-outgoing-36
08:18:13.315 [main] DEBUG org.apache.hc.client5.http.headers - http-outgoing-36 >> GET /bonigarcia/webdrivermanager/master/src/main/resources/commands.properties HTTP/1.1
08:18:13.315 [main] DEBUG org.apache.hc.client5.http.headers - http-outgoing-36 >> user-agent: Apache-HttpClient/5.0
08:18:13.315 [main] DEBUG org.apache.hc.client5.http.headers - http-outgoing-36 >> accept-encoding: gzip, deflate, br
08:18:13.315 [main] DEBUG org.apache.hc.client5.http.headers - http-outgoing-36 >> cache-control: max-age=0
08:18:13.315 [main] DEBUG org.apache.hc.client5.http.headers - http-outgoing-36 >> connection: keep-alive
08:18:13.315 [main] DEBUG org.apache.hc.client5.http.headers - http-outgoing-36 >> Host: raw.githubusercontent.com
08:18:13.315 [main] DEBUG org.apache.hc.client5.http.wire - http-outgoing-36 >> "GET /bonigarcia/webdrivermanager/master/src/main/resources/commands.properties HTTP/1.1[\r][\n]"
08:18:13.315 [main] DEBUG org.apache.hc.client5.http.wire - http-outgoing-36 >> "user-agent: Apache-HttpClient/5.0[\r][\n]"
08:18:13.315 [main] DEBUG org.apache.hc.client5.http.wire - http-outgoing-36 >> "accept-encoding: gzip, deflate, br[\r][\n]"
08:18:13.315 [main] DEBUG org.apache.hc.client5.http.wire - http-outgoing-36 >> "cache-control: max-age=0[\r][\n]"
08:18:13.315 [main] DEBUG org.apache.hc.client5.http.wire - http-outgoing-36 >> "connection: keep-alive[\r][\n]"
08:18:13.315 [main] DEBUG org.apache.hc.client5.http.wire - http-outgoing-36 >> "Host: raw.githubusercontent.com[\r][\n]"
08:18:13.315 [main] DEBUG org.apache.hc.client5.http.wire - http-outgoing-36 >> "[\r][\n]"
08:18:13.345 [main] DEBUG org.apache.hc.client5.http.wire - http-outgoing-36 << "HTTP/1.1 200 OK[\r][\n]"
08:18:13.346 [main] DEBUG org.apache.hc.client5.http.wire - http-outgoing-36 << "Connection: keep-alive[\r][\n]"
08:18:13.346 [main] DEBUG org.apache.hc.client5.http.wire - http-outgoing-36 << "Content-Length: 723[\r][\n]"
08:18:13.346 [main] DEBUG org.apache.hc.client5.http.wire - http-outgoing-36 << "Cache-Control: max-age=300[\r][\n]"
08:18:13.346 [main] DEBUG org.apache.hc.client5.http.wire - http-outgoing-36 << "Content-Security-Policy: default-src 'none'; style-src 'unsafe-inline'; sandbox[\r][\n]"
08:18:13.346 [main] DEBUG org.apache.hc.client5.http.wire - http-outgoing-36 << "Content-Type: text/plain; charset=utf-8[\r][\n]"
08:18:13.346 [main] DEBUG org.apache.hc.client5.http.wire - http-outgoing-36 << "ETag: W/"e82b438271e9e8680c688b0b680efd0bdd22faa6d6f0a32fc1fd8accc486b67e"[\r][\n]"
08:18:13.346 [main] DEBUG org.apache.hc.client5.http.wire - http-outgoing-36 << "Strict-Transport-Security: max-age=31536000[\r][\n]"
08:18:13.346 [main] DEBUG org.apache.hc.client5.http.wire - http-outgoing-36 << "X-Content-Type-Options: nosniff[\r][\n]"
08:18:13.346 [main] DEBUG org.apache.hc.client5.http.wire - http-outgoing-36 << "X-Frame-Options: deny[\r][\n]"
08:18:13.346 [main] DEBUG org.apache.hc.client5.http.wire - http-outgoing-36 << "X-XSS-Protection: 1; mode=block[\r][\n]"
08:18:13.346 [main] DEBUG org.apache.hc.client5.http.wire - http-outgoing-36 << "X-GitHub-Request-Id: 4CA0:B8C7F:70C4E:8CACE:651389F9[\r][\n]"
08:18:13.346 [main] DEBUG org.apache.hc.client5.http.wire - http-outgoing-36 << "Content-Encoding: gzip[\r][\n]"
08:18:13.346 [main] DEBUG org.apache.hc.client5.http.wire - http-outgoing-36 << "Accept-Ranges: bytes[\r][\n]"
08:18:13.346 [main] DEBUG org.apache.hc.client5.http.wire - http-outgoing-36 << "Date: Fri, 06 Oct 2023 01:18:15 GMT[\r][\n]"
08:18:13.346 [main] DEBUG org.apache.hc.client5.http.wire - http-outgoing-36 << "Via: 1.1 varnish[\r][\n]"
08:18:13.346 [main] DEBUG org.apache.hc.client5.http.wire - http-outgoing-36 << "X-Served-By: cache-qpg1237-QPG[\r][\n]"
08:18:13.346 [main] DEBUG org.apache.hc.client5.http.wire - http-outgoing-36 << "X-Cache: HIT[\r][\n]"
08:18:13.346 [main] DEBUG org.apache.hc.client5.http.wire - http-outgoing-36 << "X-Cache-Hits: 1[\r][\n]"
08:18:13.346 [main] DEBUG org.apache.hc.client5.http.wire - http-outgoing-36 << "X-Timer: S1696555095.475625,VS0,VE1[\r][\n]"
08:18:13.346 [main] DEBUG org.apache.hc.client5.http.wire - http-outgoing-36 << "Vary: Authorization,Accept-Encoding,Origin[\r][\n]"
08:18:13.346 [main] DEBUG org.apache.hc.client5.http.wire - http-outgoing-36 << "Access-Control-Allow-Origin: *[\r][\n]"
08:18:13.346 [main] DEBUG org.apache.hc.client5.http.wire - http-outgoing-36 << "Cross-Origin-Resource-Policy: cross-origin[\r][\n]"
08:18:13.346 [main] DEBUG org.apache.hc.client5.http.wire - http-outgoing-36 << "X-Fastly-Request-ID: 2eaed677ec2cb20f74a2fb4993670399656873ba[\r][\n]"
08:18:13.346 [main] DEBUG org.apache.hc.client5.http.wire - http-outgoing-36 << "Expires: Fri, 06 Oct 2023 01:23:15 GMT[\r][\n]"
08:18:13.346 [main] DEBUG org.apache.hc.client5.http.wire - http-outgoing-36 << "Source-Age: 127[\r][\n]"
08:18:13.346 [main] DEBUG org.apache.hc.client5.http.wire - http-outgoing-36 << "[\r][\n]"
08:18:13.346 [main] DEBUG org.apache.hc.client5.http.headers - http-outgoing-36 << HTTP/1.1 200 OK
08:18:13.346 [main] DEBUG org.apache.hc.client5.http.headers - http-outgoing-36 << Connection: keep-alive
08:18:13.346 [main] DEBUG org.apache.hc.client5.http.headers - http-outgoing-36 << Content-Length: 723
08:18:13.346 [main] DEBUG org.apache.hc.client5.http.headers - http-outgoing-36 << Cache-Control: max-age=300
08:18:13.346 [main] DEBUG org.apache.hc.client5.http.headers - http-outgoing-36 << Content-Security-Policy: default-src 'none'; style-src 'unsafe-inline'; sandbox
08:18:13.346 [main] DEBUG org.apache.hc.client5.http.headers - http-outgoing-36 << Content-Type: text/plain; charset=utf-8
08:18:13.346 [main] DEBUG org.apache.hc.client5.http.headers - http-outgoing-36 << ETag: W/"e82b438271e9e8680c688b0b680efd0bdd22faa6d6f0a32fc1fd8accc486b67e"
08:18:13.346 [main] DEBUG org.apache.hc.client5.http.headers - http-outgoing-36 << Strict-Transport-Security: max-age=31536000
08:18:13.346 [main] DEBUG org.apache.hc.client5.http.headers - http-outgoing-36 << X-Content-Type-Options: nosniff
08:18:13.346 [main] DEBUG org.apache.hc.client5.http.headers - http-outgoing-36 << X-Frame-Options: deny
08:18:13.346 [main] DEBUG org.apache.hc.client5.http.headers - http-outgoing-36 << X-XSS-Protection: 1; mode=block
08:18:13.346 [main] DEBUG org.apache.hc.client5.http.headers - http-outgoing-36 << X-GitHub-Request-Id: 4CA0:B8C7F:70C4E:8CACE:651389F9
08:18:13.346 [main] DEBUG org.apache.hc.client5.http.headers - http-outgoing-36 << Content-Encoding: gzip
08:18:13.346 [main] DEBUG org.apache.hc.client5.http.headers - http-outgoing-36 << Accept-Ranges: bytes
08:18:13.346 [main] DEBUG org.apache.hc.client5.http.headers - http-outgoing-36 << Date: Fri, 06 Oct 2023 01:18:15 GMT
08:18:13.346 [main] DEBUG org.apache.hc.client5.http.headers - http-outgoing-36 << Via: 1.1 varnish
08:18:13.346 [main] DEBUG org.apache.hc.client5.http.headers - http-outgoing-36 << X-Served-By: cache-qpg1237-QPG
08:18:13.346 [main] DEBUG org.apache.hc.client5.http.headers - http-outgoing-36 << X-Cache: HIT
08:18:13.346 [main] DEBUG org.apache.hc.client5.http.headers - http-outgoing-36 << X-Cache-Hits: 1
08:18:13.346 [main] DEBUG org.apache.hc.client5.http.headers - http-outgoing-36 << X-Timer: S1696555095.475625,VS0,VE1
08:18:13.346 [main] DEBUG org.apache.hc.client5.http.headers - http-outgoing-36 << Vary: Authorization,Accept-Encoding,Origin
08:18:13.346 [main] DEBUG org.apache.hc.client5.http.headers - http-outgoing-36 << Access-Control-Allow-Origin: *
08:18:13.346 [main] DEBUG org.apache.hc.client5.http.headers - http-outgoing-36 << Cross-Origin-Resource-Policy: cross-origin
08:18:13.346 [main] DEBUG org.apache.hc.client5.http.headers - http-outgoing-36 << X-Fastly-Request-ID: 2eaed677ec2cb20f74a2fb4993670399656873ba
08:18:13.346 [main] DEBUG org.apache.hc.client5.http.headers - http-outgoing-36 << Expires: Fri, 06 Oct 2023 01:23:15 GMT
08:18:13.346 [main] DEBUG org.apache.hc.client5.http.headers - http-outgoing-36 << Source-Age: 127
08:18:13.346 [main] DEBUG org.apache.hc.client5.http.impl.classic.MainClientExec - ex-00000031: connection can be kept alive for 3 MINUTES
08:18:13.347 [main] DEBUG org.apache.hc.client5.http.wire - http-outgoing-36 << "[0x1f][0xffffff8b][0x8][0x0][0x0][0x0][0x0][0x0][0x0][0x3][0xffffffb5]V]o[0xffffffda]0[0x14]}[0xffffffe7]W\[0xffffff81]*[0xffffffb5][0x12][0x1f][[M[0xffffffd3]$[0x1e]hF[0xffffffbb]i [0x18][0xffffffb4][0xffffffdd]&[0xfffffff9][0xffffffc5]$7[0xffffffc1]R[0x12]#;[0xffffff94]v[0xffffffbf]~[0xffffffb6][0xfffffff3]1[0xffffff92][0xffffff9a][0xffffffc1][0x1a]x[0xffffffcb][0xffffffb5][0xffffffaf][0xffffffcf]9[0xffffffbe][0xfffffff7]8v[0xb][0x1c][0x1e]E4[0xfffffff6]$x4[0xffffffa1][0xb]*[0xffffffb1][0xffffffd1][0xffffff82][0xfffffffb]%[0xffffff93][0xffffffe0][0xffffffb3][0x10][0xffffffc1][0xffffffe5]qBY,!Y[0xffffffea] KM8,[0x10][0xfffffff0][0x19][0xffffffdd]u[0xffffff82][0x1e][0xffffffb0][0xffffffd8]L[0xffffffcb]%[0xffffff86][0xffffffa1][0xe][0xffffffb8][0xfffffff0]P[0xffffffe8]$[0xf][0x13]t[0x13]3[0xfffffff9][0xffffff84]B2[0xffffffae][0xffffffe6]|@[0xfffffff5][0x1d][0x8][0xffffffc4][0x18][0x16][0xffffff82]o[0xffffffa4][0xffffff9a]P[0xffffff94][0xffffffe7][0xffffffce]R[0xfffffff0][0x8][0xffffffdb]p[0xffffffcb][0x4][0xfffffffa][0xfffffffc][0xffffffb9][\r][0xffffff93][0x15][\n]"
08:18:13.347 [main] DEBUG org.apache.hc.client5.http.wire - http-outgoing-36 << "[0xffffffda][0xffffff86][0xffffffa1][0x17][0xffffffa8]Q3[0xffffffcb][0xffffffd6][0xffffffd1][0xffffff85][0xffffffc6][0xfffffff7][0xffffff98][0xffffffef][0xffffffa3][0xffffffc0]8[0x1][0xffffffae]s[0x12][0x16][0x7] _d[0xffffff82][0xffffff91][0xffffff84][0xfffffff3][0x1f],[0xfffffff6][0x14]j[0x1b]F,^+[0xffffff98]1ua2[0xffffffbf]h([0xffffff8e][0xffffff94][0xffffffa2][0xffffff91]m[0xffffffa3][0xffffffeb][0xffffff9a][0xffffffb0][0xffffffbb]I[0x17]t[0xffffffdf][0xffffffbd][0xffffffef][0xffffffbb][0xffffff91][0xffffffd7]U[0xffffffbb][0xffffff82][0xffffff9e][0x3][0xffffff9b][0xffffff88][0xffffffb9][0xffffffa6]$[0xffffffa6][0xc][0xffffff9b][0xffffffa5][0xffffffe2][0xffffff83][0xffffff98]F[0xffffffd8]o[0xffffff9e]Mg[0xffffff93][0xffffffbb][0xffffffd9]`|[0xfffffffb]u4[0xffffff9c][0x7f]"}B[0xffffffce][0x8][0xffffffb9][0xffffffe3]<[0x8][0xffffff91][0xffffff90][0xffffff94][0xffffff82][0xffffff90][0xffffffc1]j[0x15]2WI[0xffffffe3]1![0x19][0xffffff91]BnB[0xffffff80][0x9]<f[0xffffffb5][0xffffffe8]=[0xffffffd1]p[0xffffffbd][[0xffffffcf][0xffffffe5][0x1b][0xfffffff4][0xffffff9c][0xffffffff][0xfffffffc][0xfffffff8][0xffffffe1][0xffffffe2][0xffffff94][0xffffffa2][0xffffffae][0xe][0x14]5[0xffffff9a]8[0xffffff83][0xffffffd1]`:[0xfffffffd]<[0xffffffb8][0x1f][0xffffff9c]R[0xffffffcf]u[0x7f]6[0xffffffbc][0xffffff83][0xffffffef][0xf][0xffffffc3][0xffffffd9]/[0xfffffff8][0xfffffff2][0xffffffcd]y s[0xffffffee]'[0x1b]*0g[0xffffffcb][0xffffffc8]nF7H][0xffffff83][0xffffff97]{[0xffffffb1]Q[0x5][\r][0xffffffb5]c[0xffffffb4][0xf][0x2][0xffffffb3][0xffffffb4][0xffffff93][0xe]C[0xffffffa7][0xffffffb3]kAD][0xffffff9d][0xffffffde][0xffffffdb][0xffffffda][0xffffff88][0xffffffec][0xffffffa5][0xffffffbc][0xffffff99][0xffffffd9][0xffffffba]t[0xffffffb5][0xffffffea]9[0xffffffea][0x10])[0xffffffb7][0xffffffca][0xffffff9e][0xfffffff2][0xffffffe2]d^N[0xffffffd8]FW[0x16][0xffffffcd][0xffffffdc]_[0x10][0xfffffff9]i|[0x1c][0xffffff93][0xffffff8e][0xfffffff9]o[0x16][0xffffff86]4'!$G[0xffffffdf]W[0xfffffff4]W*j[[0xfffffff3]xR[0xffffffae][0xffffffb6][0xc][0xffffffd0],; #[0xffffffa9][0xffffff92]5[0xffffffb5][0x7][0xffffff9c][0xffffffb5][0xffffffd0][0x7f][0xffffff90][0xffffffc7]jgs[0xfffffffc][0xffffffc2][0xb][0xffffffd9][0x0]t[0xffffff9e]^'Y[0xfffffffb][0xffffff9f][0xffffffb1][0xffffffd8]:[0xffffffbf][0xffffff8d][0xffffffa5][0xffffff9a][0xffffffad][0x7f]m[0x5]&[0xffffffaa][0xffffffa0]^[0xffffff9b][0xffffffcb][0x5]f[0xffffffae][0xffffffe0]RU[0xffffff82][0x10]MS9l[0xffffff91]4t[0xfffffffb][0xffffff8a]][0xffffffd6][0xfffffff4][0xffffff96][0xffffffa6][0xffffff9f]P[0xffffffce][0xffffffd5][0xffffffce][0xffffff93][0xffffffff][0xffffff97][0xffffffcc]p[0xfffffffd][0xfffffff3][0xffffffe8][0x1b][0xffffffcc][0xffffffa2][0xffffffd9]Q[0xffffffbe][0xffffffb2][0xffffffa3][0xffffffc7]m'[0xffffffdf][0xffffffe4][[0xfffffffb]^[0xffffffb0][0xffffff9a][0xffffffbe][0xffffffda][0xffffffda]_[0xffffffce][0xffffff80][0xffffffd2][0xffffffc1]7[0xffffffb7]][0xffffffc1]b[0xffffffee][0xffffffb5][0xffffffff]w[0xffffff83][0xffffffed][0xffffffa7];[0x15]<[0x10]4[0xffffff92][0xffffff84][0x18][\n]"
08:18:13.347 [main] DEBUG org.apache.hc.client5.http.wire - http-outgoing-36 << "BB[0xffffffba][0xffffff8e]][0xffffffb5]jo[0xffffffb9]+"[0xffffffea][0xffffffb4][0xffffffff]h"[0xffffffea]\?5[0xffffffa9][0xffffffaf]k[0xffffffec][0xffffffff]P[0xffffffea][\n]"
08:18:13.347 [main] DEBUG org.apache.hc.client5.http.wire - http-outgoing-36 << "w[0xffffffe1]K[0x13][0xffffffda][0xffffffec][0xffffff98][0xffffffe6]Y[0xfffffffd]h8m6[0xffffff9c]T[0xffffffc1][0xfffffff2][0xffffffa7][0xffffff91]z_[0xffffff95]o85p[0x1c][0x13][0xffffffe6][0xfffffff0]5[0xffffffee][0xfffffffc][0xffffff92][0xffffff96][0xffffffda][0xfffffff7][0xffffffcf][0xffffffb1][0x5][0x1d][0xffffffea]K[0xffffff9b]9[0xffffff8e][0xffffffad]e[0xfffffff7][0xffffff93][0xffffffa8]`[0xffffffda][0xffffffff][0x1a][0xffffffd2][0xffffff88][0xffffff85][0xfffffffd][0xfffffff2][0xffffff91]N[0xfffffff6]`[0xffffffdf]2[0xffffffcf][0xffffffae]E[0xffffff97][0xffffffc5][0xffffffa2][0xffffff9d][0xffffffef]'[0xffffff9d]mun.[0xffffffd3]f^[0xffffffc7][0xffffff82][0xffffffda][0xffffff82]9[0xfffffff5][0xffffffa9]`[0x5][0xffffffbc]4[0xffffffa1][0x1d]<M[0xffffffb5]A[0xffffffa7]3[[0xffffffc0][0x7f][0x0][0xffffffc1][0xffffffd0]$[0xffffff85][0x1d][\r][0x0][0x0]"
08:18:13.348 [main] DEBUG org.apache.hc.client5.http.impl.classic.InternalHttpClient - ep-00000030: releasing valid endpoint
08:18:13.348 [main] DEBUG org.apache.hc.client5.http.impl.io.PoolingHttpClientConnectionManager - ep-00000030: releasing endpoint
08:18:13.348 [main] DEBUG org.apache.hc.client5.http.impl.io.PoolingHttpClientConnectionManager - ep-00000030: connection http-outgoing-36 can be kept alive for 3 MINUTES
08:18:13.348 [main] DEBUG org.apache.hc.client5.http.impl.io.PoolingHttpClientConnectionManager - ep-00000030: connection released [route: {s}->https://raw.githubusercontent.com:443][total available: 1; route allocated: 1 of 5; total allocated: 1 of 25]
08:18:13.348 [main] DEBUG io.github.bonigarcia.wdm.versions.VersionDetector - Detecting chrome version using online commands.properties
08:18:13.349 [main] DEBUG io.github.bonigarcia.wdm.versions.Shell - Running command on the shell: [cmd.exe, /C, wmic, datafile, where, name="%PROGRAMFILES:\=\\%\\Google\\Chrome\\Application\\chrome.exe", get, Version, /value]
08:18:13.462 [main] DEBUG io.github.bonigarcia.wdm.versions.Shell - Result: Version=117.0.5938.134
08:18:13.463 [main] DEBUG org.apache.hc.client5.http.impl.classic.InternalHttpClient - ex-00000032: preparing request execution
08:18:13.463 [main] DEBUG org.apache.hc.client5.http.protocol.RequestAddCookies - Cookie spec selected: strict
08:18:13.463 [main] DEBUG org.apache.hc.client5.http.protocol.RequestAuthCache - Auth cache not set in the context
08:18:13.463 [main] DEBUG org.apache.hc.client5.http.impl.classic.ProtocolExec - ex-00000032: target auth state: UNCHALLENGED
08:18:13.463 [main] DEBUG org.apache.hc.client5.http.impl.classic.ProtocolExec - ex-00000032: proxy auth state: UNCHALLENGED
08:18:13.463 [main] DEBUG org.apache.hc.client5.http.impl.classic.ConnectExec - ex-00000032: acquiring connection with route {s}->https://chromedriver.storage.googleapis.com:443
08:18:13.463 [main] DEBUG org.apache.hc.client5.http.impl.classic.InternalHttpClient - ex-00000032: acquiring endpoint (3 MINUTES)
08:18:13.463 [main] DEBUG org.apache.hc.client5.http.impl.io.PoolingHttpClientConnectionManager - ex-00000032: endpoint lease request (3 MINUTES) [route: {s}->https://chromedriver.storage.googleapis.com:443][total available: 1; route allocated: 0 of 5; total allocated: 1 of 25]
08:18:13.463 [main] DEBUG org.apache.hc.client5.http.impl.io.PoolingHttpClientConnectionManager - ex-00000032: endpoint leased [route: {s}->https://chromedriver.storage.googleapis.com:443][total available: 1; route allocated: 1 of 5; total allocated: 2 of 25]
08:18:13.463 [main] DEBUG org.apache.hc.client5.http.impl.io.PoolingHttpClientConnectionManager - ex-00000032: acquired ep-00000031
08:18:13.463 [main] DEBUG org.apache.hc.client5.http.impl.classic.InternalHttpClient - ex-00000032: acquired endpoint ep-00000031
08:18:13.463 [main] DEBUG org.apache.hc.client5.http.impl.classic.ConnectExec - ex-00000032: opening connection {s}->https://chromedriver.storage.googleapis.com:443
08:18:13.463 [main] DEBUG org.apache.hc.client5.http.impl.classic.InternalHttpClient - ep-00000031: connecting endpoint (30 SECONDS)
08:18:13.463 [main] DEBUG org.apache.hc.client5.http.impl.io.PoolingHttpClientConnectionManager - ep-00000031: connecting endpoint to https://chromedriver.storage.googleapis.com:443 (30 SECONDS)
08:18:13.463 [main] DEBUG org.apache.hc.client5.http.impl.io.DefaultHttpClientConnectionOperator - http-outgoing-37: connecting to chromedriver.storage.googleapis.com/34.101.5.27:443
08:18:13.463 [main] DEBUG org.apache.hc.client5.http.ssl.SSLConnectionSocketFactory - Connecting socket to chromedriver.storage.googleapis.com/34.101.5.27:443 with timeout 30 SECONDS
08:18:13.470 [main] DEBUG org.apache.hc.client5.http.ssl.SSLConnectionSocketFactory - Enabled protocols: [TLSv1.3, TLSv1.2]
08:18:13.470 [main] DEBUG org.apache.hc.client5.http.ssl.SSLConnectionSocketFactory - Enabled cipher suites: [TLS_AES_256_GCM_SHA384, TLS_AES_128_GCM_SHA256, TLS_CHACHA20_POLY1305_SHA256, TLS_ECDHE_ECDSA_WITH_AES_256_GCM_SHA384, TLS_ECDHE_ECDSA_WITH_AES_128_GCM_SHA256, TLS_ECDHE_ECDSA_WITH_CHACHA20_POLY1305_SHA256, TLS_ECDHE_RSA_WITH_AES_256_GCM_SHA384, TLS_ECDHE_RSA_WITH_CHACHA20_POLY1305_SHA256, TLS_ECDHE_RSA_WITH_AES_128_GCM_SHA256, TLS_DHE_RSA_WITH_AES_256_GCM_SHA384, TLS_DHE_RSA_WITH_CHACHA20_POLY1305_SHA256, TLS_DHE_DSS_WITH_AES_256_GCM_SHA384, TLS_DHE_RSA_WITH_AES_128_GCM_SHA256, TLS_DHE_DSS_WITH_AES_128_GCM_SHA256, TLS_ECDHE_ECDSA_WITH_AES_256_CBC_SHA384, TLS_ECDHE_RSA_WITH_AES_256_CBC_SHA384, TLS_ECDHE_ECDSA_WITH_AES_128_CBC_SHA256, TLS_ECDHE_RSA_WITH_AES_128_CBC_SHA256, TLS_DHE_RSA_WITH_AES_256_CBC_SHA256, TLS_DHE_DSS_WITH_AES_256_CBC_SHA256, TLS_DHE_RSA_WITH_AES_128_CBC_SHA256, TLS_DHE_DSS_WITH_AES_128_CBC_SHA256, TLS_ECDH_ECDSA_WITH_AES_256_GCM_SHA384, TLS_ECDH_RSA_WITH_AES_256_GCM_SHA384, TLS_ECDH_ECDSA_WITH_AES_128_GCM_SHA256, TLS_ECDH_RSA_WITH_AES_128_GCM_SHA256, TLS_ECDH_ECDSA_WITH_AES_256_CBC_SHA384, TLS_ECDH_RSA_WITH_AES_256_CBC_SHA384, TLS_ECDH_ECDSA_WITH_AES_128_CBC_SHA256, TLS_ECDH_RSA_WITH_AES_128_CBC_SHA256, TLS_ECDHE_ECDSA_WITH_AES_256_CBC_SHA, TLS_ECDHE_RSA_WITH_AES_256_CBC_SHA, TLS_ECDHE_ECDSA_WITH_AES_128_CBC_SHA, TLS_ECDHE_RSA_WITH_AES_128_CBC_SHA, TLS_DHE_RSA_WITH_AES_256_CBC_SHA, TLS_DHE_DSS_WITH_AES_256_CBC_SHA, TLS_DHE_RSA_WITH_AES_128_CBC_SHA, TLS_DHE_DSS_WITH_AES_128_CBC_SHA, TLS_ECDH_ECDSA_WITH_AES_256_CBC_SHA, TLS_ECDH_RSA_WITH_AES_256_CBC_SHA, TLS_ECDH_ECDSA_WITH_AES_128_CBC_SHA, TLS_ECDH_RSA_WITH_AES_128_CBC_SHA, TLS_RSA_WITH_AES_256_GCM_SHA384, TLS_RSA_WITH_AES_128_GCM_SHA256, TLS_RSA_WITH_AES_256_CBC_SHA256, TLS_RSA_WITH_AES_128_CBC_SHA256, TLS_RSA_WITH_AES_256_CBC_SHA, TLS_RSA_WITH_AES_128_CBC_SHA, TLS_EMPTY_RENEGOTIATION_INFO_SCSV]
08:18:13.470 [main] DEBUG org.apache.hc.client5.http.ssl.SSLConnectionSocketFactory - Starting handshake
08:18:13.510 [main] DEBUG org.apache.hc.client5.http.ssl.SSLConnectionSocketFactory - Secure session established
08:18:13.510 [main] DEBUG org.apache.hc.client5.http.ssl.SSLConnectionSocketFactory -  negotiated protocol: TLSv1.3
08:18:13.510 [main] DEBUG org.apache.hc.client5.http.ssl.SSLConnectionSocketFactory -  negotiated cipher suite: TLS_AES_256_GCM_SHA384
08:18:13.510 [main] DEBUG org.apache.hc.client5.http.ssl.SSLConnectionSocketFactory -  peer principal: CN=*.storage.googleapis.com
08:18:13.510 [main] DEBUG org.apache.hc.client5.http.ssl.SSLConnectionSocketFactory -  peer alternative names: [*.storage.googleapis.com, *.googleapis.com, commondatastorage.googleapis.com, *.commondatastorage.googleapis.com, storage.googleapis.com, storage-p2.googleapis.com, *.storage-p2.googleapis.com, storage.mtls.googleapis.com, *.appspot.com.storage.googleapis.com, *.content-storage.googleapis.com, *.content-storage-p2.googleapis.com, *.content-storage-upload.googleapis.com, *.content-storage-download.googleapis.com, *.storage-upload.googleapis.com, *.storage-download.googleapis.com]
08:18:13.510 [main] DEBUG org.apache.hc.client5.http.ssl.SSLConnectionSocketFactory -  issuer principal: CN=GTS CA 1C3, O=Google Trust Services LLC, C=US
08:18:13.510 [main] DEBUG org.apache.hc.client5.http.impl.io.DefaultHttpClientConnectionOperator - http-outgoing-37: connection established 192.168.100.42:64736<->34.101.5.27:443
08:18:13.511 [main] DEBUG org.apache.hc.client5.http.impl.io.PoolingHttpClientConnectionManager - ep-00000031: connected http-outgoing-37
08:18:13.511 [main] DEBUG org.apache.hc.client5.http.impl.classic.InternalHttpClient - ep-00000031: endpoint connected
08:18:13.511 [main] DEBUG org.apache.hc.client5.http.impl.classic.MainClientExec - ex-00000032: executing GET /LATEST_RELEASE_117 HTTP/1.1
08:18:13.511 [main] DEBUG org.apache.hc.client5.http.impl.classic.InternalHttpClient - ep-00000031: start execution ex-00000032
08:18:13.511 [main] DEBUG org.apache.hc.client5.http.impl.io.PoolingHttpClientConnectionManager - ep-00000031: executing exchange ex-00000032 over http-outgoing-37
08:18:13.511 [main] DEBUG org.apache.hc.client5.http.headers - http-outgoing-37 >> GET /LATEST_RELEASE_117 HTTP/1.1
08:18:13.511 [main] DEBUG org.apache.hc.client5.http.headers - http-outgoing-37 >> user-agent: Apache-HttpClient/5.0
08:18:13.511 [main] DEBUG org.apache.hc.client5.http.headers - http-outgoing-37 >> accept-encoding: gzip, deflate, br
08:18:13.511 [main] DEBUG org.apache.hc.client5.http.headers - http-outgoing-37 >> cache-control: max-age=0
08:18:13.511 [main] DEBUG org.apache.hc.client5.http.headers - http-outgoing-37 >> connection: keep-alive
08:18:13.511 [main] DEBUG org.apache.hc.client5.http.headers - http-outgoing-37 >> Host: chromedriver.storage.googleapis.com
08:18:13.511 [main] DEBUG org.apache.hc.client5.http.wire - http-outgoing-37 >> "GET /LATEST_RELEASE_117 HTTP/1.1[\r][\n]"
08:18:13.511 [main] DEBUG org.apache.hc.client5.http.wire - http-outgoing-37 >> "user-agent: Apache-HttpClient/5.0[\r][\n]"
08:18:13.511 [main] DEBUG org.apache.hc.client5.http.wire - http-outgoing-37 >> "accept-encoding: gzip, deflate, br[\r][\n]"
08:18:13.511 [main] DEBUG org.apache.hc.client5.http.wire - http-outgoing-37 >> "cache-control: max-age=0[\r][\n]"
08:18:13.511 [main] DEBUG org.apache.hc.client5.http.wire - http-outgoing-37 >> "connection: keep-alive[\r][\n]"
08:18:13.511 [main] DEBUG org.apache.hc.client5.http.wire - http-outgoing-37 >> "Host: chromedriver.storage.googleapis.com[\r][\n]"
08:18:13.511 [main] DEBUG org.apache.hc.client5.http.wire - http-outgoing-37 >> "[\r][\n]"
08:18:13.827 [main] DEBUG org.apache.hc.client5.http.wire - http-outgoing-37 << "HTTP/1.1 404 Not Found[\r][\n]"
08:18:13.827 [main] DEBUG org.apache.hc.client5.http.wire - http-outgoing-37 << "X-GUploader-UploadID: ADPycdvUHw0eLGP4KLrqt8BXTKrmkbyMGzAVlS6kELcw469MHDQd6M2lfKjvQrFl9xjuAHT6mlMTxIInPCU2plQQ2vwDoqqzxbsk[\r][\n]"
08:18:13.827 [main] DEBUG org.apache.hc.client5.http.wire - http-outgoing-37 << "Content-Type: application/xml; charset=UTF-8[\r][\n]"
08:18:13.827 [main] DEBUG org.apache.hc.client5.http.wire - http-outgoing-37 << "Content-Length: 193[\r][\n]"
08:18:13.827 [main] DEBUG org.apache.hc.client5.http.wire - http-outgoing-37 << "Date: Fri, 06 Oct 2023 01:18:15 GMT[\r][\n]"
08:18:13.827 [main] DEBUG org.apache.hc.client5.http.wire - http-outgoing-37 << "Expires: Fri, 06 Oct 2023 01:18:15 GMT[\r][\n]"
08:18:13.827 [main] DEBUG org.apache.hc.client5.http.wire - http-outgoing-37 << "Cache-Control: private, max-age=0[\r][\n]"
08:18:13.827 [main] DEBUG org.apache.hc.client5.http.wire - http-outgoing-37 << "Server: UploadServer[\r][\n]"
08:18:13.827 [main] DEBUG org.apache.hc.client5.http.wire - http-outgoing-37 << "Alt-Svc: h3=":443"; ma=2592000,h3-29=":443"; ma=2592000[\r][\n]"
08:18:13.827 [main] DEBUG org.apache.hc.client5.http.wire - http-outgoing-37 << "[\r][\n]"
08:18:13.827 [main] DEBUG org.apache.hc.client5.http.wire - http-outgoing-37 << "<?xml version='1.0' encoding='UTF-8'?><Error><Code>NoSuchKey</Code><Message>The specified key does not exist.</Message><Details>No such object: chromedriver/LATEST_RELEASE_117</Details></Error>"
08:18:13.828 [main] DEBUG org.apache.hc.client5.http.headers - http-outgoing-37 << HTTP/1.1 404 Not Found
08:18:13.828 [main] DEBUG org.apache.hc.client5.http.headers - http-outgoing-37 << X-GUploader-UploadID: ADPycdvUHw0eLGP4KLrqt8BXTKrmkbyMGzAVlS6kELcw469MHDQd6M2lfKjvQrFl9xjuAHT6mlMTxIInPCU2plQQ2vwDoqqzxbsk
08:18:13.828 [main] DEBUG org.apache.hc.client5.http.headers - http-outgoing-37 << Content-Type: application/xml; charset=UTF-8
08:18:13.828 [main] DEBUG org.apache.hc.client5.http.headers - http-outgoing-37 << Content-Length: 193
08:18:13.828 [main] DEBUG org.apache.hc.client5.http.headers - http-outgoing-37 << Date: Fri, 06 Oct 2023 01:18:15 GMT
08:18:13.828 [main] DEBUG org.apache.hc.client5.http.headers - http-outgoing-37 << Expires: Fri, 06 Oct 2023 01:18:15 GMT
08:18:13.828 [main] DEBUG org.apache.hc.client5.http.headers - http-outgoing-37 << Cache-Control: private, max-age=0
08:18:13.828 [main] DEBUG org.apache.hc.client5.http.headers - http-outgoing-37 << Server: UploadServer
08:18:13.828 [main] DEBUG org.apache.hc.client5.http.headers - http-outgoing-37 << Alt-Svc: h3=":443"; ma=2592000,h3-29=":443"; ma=2592000
08:18:13.828 [main] DEBUG org.apache.hc.client5.http.impl.classic.MainClientExec - ex-00000032: connection can be kept alive for 3 MINUTES
08:18:13.829 [main] ERROR io.github.bonigarcia.wdm.online.HttpClient - Error HTTP 404 executing https://chromedriver.storage.googleapis.com/LATEST_RELEASE_117
08:18:13.829 [main] WARN io.github.bonigarcia.wdm.versions.VersionDetector - Exception reading https://chromedriver.storage.googleapis.com/LATEST_RELEASE_117 to get latest version of chromedriver (Error HTTP 404 executing https://chromedriver.storage.googleapis.com/LATEST_RELEASE_117)
08:18:13.832 [main] DEBUG io.github.bonigarcia.wdm.versions.VersionDetector - Getting driver version for chrome117 from online versions.properties
08:18:13.834 [main] DEBUG org.apache.hc.client5.http.impl.classic.InternalHttpClient - ex-00000033: preparing request execution
08:18:13.835 [main] DEBUG org.apache.hc.client5.http.protocol.RequestAddCookies - Cookie spec selected: strict
08:18:13.835 [main] DEBUG org.apache.hc.client5.http.protocol.RequestAuthCache - Auth cache not set in the context
08:18:13.835 [main] DEBUG org.apache.hc.client5.http.impl.classic.ProtocolExec - ex-00000033: target auth state: UNCHALLENGED
08:18:13.835 [main] DEBUG org.apache.hc.client5.http.impl.classic.ProtocolExec - ex-00000033: proxy auth state: UNCHALLENGED
08:18:13.835 [main] DEBUG org.apache.hc.client5.http.impl.classic.ConnectExec - ex-00000033: acquiring connection with route {s}->https://raw.githubusercontent.com:443
08:18:13.835 [main] DEBUG org.apache.hc.client5.http.impl.classic.InternalHttpClient - ex-00000033: acquiring endpoint (3 MINUTES)
08:18:13.835 [main] DEBUG org.apache.hc.client5.http.impl.io.PoolingHttpClientConnectionManager - ex-00000033: endpoint lease request (3 MINUTES) [route: {s}->https://raw.githubusercontent.com:443][total available: 1; route allocated: 1 of 5; total allocated: 2 of 25]
08:18:13.836 [main] DEBUG org.apache.hc.client5.http.impl.io.PoolingHttpClientConnectionManager - ex-00000033: endpoint leased [route: {s}->https://raw.githubusercontent.com:443][total available: 0; route allocated: 1 of 5; total allocated: 2 of 25]
08:18:13.836 [main] DEBUG org.apache.hc.client5.http.impl.io.PoolingHttpClientConnectionManager - ex-00000033: acquired ep-00000032
08:18:13.836 [main] DEBUG org.apache.hc.client5.http.impl.classic.InternalHttpClient - ex-00000033: acquired endpoint ep-00000032
08:18:13.836 [main] DEBUG org.apache.hc.client5.http.impl.classic.MainClientExec - ex-00000033: executing GET /bonigarcia/webdrivermanager/master/src/main/resources/versions.properties HTTP/1.1
08:18:13.836 [main] DEBUG org.apache.hc.client5.http.impl.classic.InternalHttpClient - ep-00000032: start execution ex-00000033
08:18:13.836 [main] DEBUG org.apache.hc.client5.http.impl.io.PoolingHttpClientConnectionManager - ep-00000032: executing exchange ex-00000033 over http-outgoing-36
08:18:13.836 [main] DEBUG org.apache.hc.client5.http.headers - http-outgoing-36 >> GET /bonigarcia/webdrivermanager/master/src/main/resources/versions.properties HTTP/1.1
08:18:13.836 [main] DEBUG org.apache.hc.client5.http.headers - http-outgoing-36 >> user-agent: Apache-HttpClient/5.0
08:18:13.836 [main] DEBUG org.apache.hc.client5.http.headers - http-outgoing-36 >> accept-encoding: gzip, deflate, br
08:18:13.836 [main] DEBUG org.apache.hc.client5.http.headers - http-outgoing-36 >> cache-control: max-age=0
08:18:13.836 [main] DEBUG org.apache.hc.client5.http.headers - http-outgoing-36 >> connection: keep-alive
08:18:13.836 [main] DEBUG org.apache.hc.client5.http.headers - http-outgoing-36 >> Host: raw.githubusercontent.com
08:18:13.836 [main] DEBUG org.apache.hc.client5.http.wire - http-outgoing-36 >> "GET /bonigarcia/webdrivermanager/master/src/main/resources/versions.properties HTTP/1.1[\r][\n]"
08:18:13.837 [main] DEBUG org.apache.hc.client5.http.wire - http-outgoing-36 >> "user-agent: Apache-HttpClient/5.0[\r][\n]"
08:18:13.837 [main] DEBUG org.apache.hc.client5.http.wire - http-outgoing-36 >> "accept-encoding: gzip, deflate, br[\r][\n]"
08:18:13.837 [main] DEBUG org.apache.hc.client5.http.wire - http-outgoing-36 >> "cache-control: max-age=0[\r][\n]"
08:18:13.837 [main] DEBUG org.apache.hc.client5.http.wire - http-outgoing-36 >> "connection: keep-alive[\r][\n]"
08:18:13.837 [main] DEBUG org.apache.hc.client5.http.wire - http-outgoing-36 >> "Host: raw.githubusercontent.com[\r][\n]"
08:18:13.837 [main] DEBUG org.apache.hc.client5.http.wire - http-outgoing-36 >> "[\r][\n]"
08:18:13.906 [main] DEBUG org.apache.hc.client5.http.wire - http-outgoing-36 << "HTTP/1.1 200 OK[\r][\n]"
08:18:13.906 [main] DEBUG org.apache.hc.client5.http.wire - http-outgoing-36 << "Connection: keep-alive[\r][\n]"
08:18:13.906 [main] DEBUG org.apache.hc.client5.http.wire - http-outgoing-36 << "Content-Length: 1625[\r][\n]"
08:18:13.906 [main] DEBUG org.apache.hc.client5.http.wire - http-outgoing-36 << "Cache-Control: max-age=300[\r][\n]"
08:18:13.906 [main] DEBUG org.apache.hc.client5.http.wire - http-outgoing-36 << "Content-Security-Policy: default-src 'none'; style-src 'unsafe-inline'; sandbox[\r][\n]"
08:18:13.906 [main] DEBUG org.apache.hc.client5.http.wire - http-outgoing-36 << "Content-Type: text/plain; charset=utf-8[\r][\n]"
08:18:13.906 [main] DEBUG org.apache.hc.client5.http.wire - http-outgoing-36 << "ETag: W/"51a99ebb5fa30c7285d42b08929913814dd238f6403d61fccadee50390eab957"[\r][\n]"
08:18:13.907 [main] DEBUG org.apache.hc.client5.http.wire - http-outgoing-36 << "Strict-Transport-Security: max-age=31536000[\r][\n]"
08:18:13.907 [main] DEBUG org.apache.hc.client5.http.wire - http-outgoing-36 << "X-Content-Type-Options: nosniff[\r][\n]"
08:18:13.907 [main] DEBUG org.apache.hc.client5.http.wire - http-outgoing-36 << "X-Frame-Options: deny[\r][\n]"
08:18:13.907 [main] DEBUG org.apache.hc.client5.http.wire - http-outgoing-36 << "X-XSS-Protection: 1; mode=block[\r][\n]"
08:18:13.907 [main] DEBUG org.apache.hc.client5.http.wire - http-outgoing-36 << "X-GitHub-Request-Id: ADC8:C8321:F9E48:13930E:651E6E7C[\r][\n]"
08:18:13.907 [main] DEBUG org.apache.hc.client5.http.wire - http-outgoing-36 << "Content-Encoding: gzip[\r][\n]"
08:18:13.907 [main] DEBUG org.apache.hc.client5.http.wire - http-outgoing-36 << "Accept-Ranges: bytes[\r][\n]"
08:18:13.907 [main] DEBUG org.apache.hc.client5.http.wire - http-outgoing-36 << "Date: Fri, 06 Oct 2023 01:18:16 GMT[\r][\n]"
08:18:13.907 [main] DEBUG org.apache.hc.client5.http.wire - http-outgoing-36 << "Via: 1.1 varnish[\r][\n]"
08:18:13.907 [main] DEBUG org.apache.hc.client5.http.wire - http-outgoing-36 << "X-Served-By: cache-qpg1237-QPG[\r][\n]"
08:18:13.907 [main] DEBUG org.apache.hc.client5.http.wire - http-outgoing-36 << "X-Cache: HIT[\r][\n]"
08:18:13.907 [main] DEBUG org.apache.hc.client5.http.wire - http-outgoing-36 << "X-Cache-Hits: 1[\r][\n]"
08:18:13.907 [main] DEBUG org.apache.hc.client5.http.wire - http-outgoing-36 << "X-Timer: S1696555096.031196,VS0,VE1[\r][\n]"
08:18:13.907 [main] DEBUG org.apache.hc.client5.http.wire - http-outgoing-36 << "Vary: Authorization,Accept-Encoding,Origin[\r][\n]"
08:18:13.907 [main] DEBUG org.apache.hc.client5.http.wire - http-outgoing-36 << "Access-Control-Allow-Origin: *[\r][\n]"
08:18:13.907 [main] DEBUG org.apache.hc.client5.http.wire - http-outgoing-36 << "Cross-Origin-Resource-Policy: cross-origin[\r][\n]"
08:18:13.907 [main] DEBUG org.apache.hc.client5.http.wire - http-outgoing-36 << "X-Fastly-Request-ID: 8592d60811c7091af4c238dedfe0735b90faa6c2[\r][\n]"
08:18:13.907 [main] DEBUG org.apache.hc.client5.http.wire - http-outgoing-36 << "Expires: Fri, 06 Oct 2023 01:23:16 GMT[\r][\n]"
08:18:13.907 [main] DEBUG org.apache.hc.client5.http.wire - http-outgoing-36 << "Source-Age: 153[\r][\n]"
08:18:13.907 [main] DEBUG org.apache.hc.client5.http.wire - http-outgoing-36 << "[\r][\n]"
08:18:13.908 [main] DEBUG org.apache.hc.client5.http.headers - http-outgoing-36 << HTTP/1.1 200 OK
08:18:13.908 [main] DEBUG org.apache.hc.client5.http.headers - http-outgoing-36 << Connection: keep-alive
08:18:13.908 [main] DEBUG org.apache.hc.client5.http.headers - http-outgoing-36 << Content-Length: 1625
08:18:13.908 [main] DEBUG org.apache.hc.client5.http.headers - http-outgoing-36 << Cache-Control: max-age=300
08:18:13.908 [main] DEBUG org.apache.hc.client5.http.headers - http-outgoing-36 << Content-Security-Policy: default-src 'none'; style-src 'unsafe-inline'; sandbox
08:18:13.908 [main] DEBUG org.apache.hc.client5.http.headers - http-outgoing-36 << Content-Type: text/plain; charset=utf-8
08:18:13.908 [main] DEBUG org.apache.hc.client5.http.headers - http-outgoing-36 << ETag: W/"51a99ebb5fa30c7285d42b08929913814dd238f6403d61fccadee50390eab957"
08:18:13.908 [main] DEBUG org.apache.hc.client5.http.headers - http-outgoing-36 << Strict-Transport-Security: max-age=31536000
08:18:13.908 [main] DEBUG org.apache.hc.client5.http.headers - http-outgoing-36 << X-Content-Type-Options: nosniff
08:18:13.908 [main] DEBUG org.apache.hc.client5.http.headers - http-outgoing-36 << X-Frame-Options: deny
08:18:13.908 [main] DEBUG org.apache.hc.client5.http.headers - http-outgoing-36 << X-XSS-Protection: 1; mode=block
08:18:13.908 [main] DEBUG org.apache.hc.client5.http.headers - http-outgoing-36 << X-GitHub-Request-Id: ADC8:C8321:F9E48:13930E:651E6E7C
08:18:13.908 [main] DEBUG org.apache.hc.client5.http.headers - http-outgoing-36 << Content-Encoding: gzip
08:18:13.908 [main] DEBUG org.apache.hc.client5.http.headers - http-outgoing-36 << Accept-Ranges: bytes
08:18:13.908 [main] DEBUG org.apache.hc.client5.http.headers - http-outgoing-36 << Date: Fri, 06 Oct 2023 01:18:16 GMT
08:18:13.908 [main] DEBUG org.apache.hc.client5.http.headers - http-outgoing-36 << Via: 1.1 varnish
08:18:13.908 [main] DEBUG org.apache.hc.client5.http.headers - http-outgoing-36 << X-Served-By: cache-qpg1237-QPG
08:18:13.908 [main] DEBUG org.apache.hc.client5.http.headers - http-outgoing-36 << X-Cache: HIT
08:18:13.908 [main] DEBUG org.apache.hc.client5.http.headers - http-outgoing-36 << X-Cache-Hits: 1
08:18:13.908 [main] DEBUG org.apache.hc.client5.http.headers - http-outgoing-36 << X-Timer: S1696555096.031196,VS0,VE1
08:18:13.908 [main] DEBUG org.apache.hc.client5.http.headers - http-outgoing-36 << Vary: Authorization,Accept-Encoding,Origin
08:18:13.908 [main] DEBUG org.apache.hc.client5.http.headers - http-outgoing-36 << Access-Control-Allow-Origin: *
08:18:13.908 [main] DEBUG org.apache.hc.client5.http.headers - http-outgoing-36 << Cross-Origin-Resource-Policy: cross-origin
08:18:13.908 [main] DEBUG org.apache.hc.client5.http.headers - http-outgoing-36 << X-Fastly-Request-ID: 8592d60811c7091af4c238dedfe0735b90faa6c2
08:18:13.908 [main] DEBUG org.apache.hc.client5.http.headers - http-outgoing-36 << Expires: Fri, 06 Oct 2023 01:23:16 GMT
08:18:13.908 [main] DEBUG org.apache.hc.client5.http.headers - http-outgoing-36 << Source-Age: 153
08:18:13.908 [main] DEBUG org.apache.hc.client5.http.impl.classic.MainClientExec - ex-00000033: connection can be kept alive for 3 MINUTES
08:18:13.910 [main] DEBUG org.apache.hc.client5.http.wire - http-outgoing-36 << "[0x1f][0xffffff8b][0x8][0x0][0x0][0x0][0x0][0x0][0x0][0x3][0xffffff8d][0xffffff97]Ko#7[0xc][0xffffffc7][0xffffffef][0xfffffff9][0x14][0x3][0xfffffff4][0x1c]YO[0xffffff8a][\n]"
08:18:13.910 [main] DEBUG org.apache.hc.client5.http.wire - http-outgoing-36 << "[0xffffffa0]K[0xffffff9f][0xffffffa7][0xffffffa2][0xffffff87][0xfffffff6][0xb]x[0xffffffed]Ib[0xffffffac][0xffffffe3][0x9]lg[0xffffffb3][0xffffffe8][0xffffffa7]/[0xfffffff5][0xffffffa0]F[0xffffff96][[0xffffffa0][0xffffff87]`[0xffffff97]?k$[0xffffff92][0xffffffe2]p[0xfffffffe][0xfffffffc]a[0xfffffffa][0xffffffeb][0xfffffff5]p[0xffffff99][0xffffff9e][0xf][0xffffffc7]y[0xffffffda]-[0xffffffa7][0xffffffeb][0xfffffff6]p[0xffffffba]L[0xffffffd7][0xffffffd7]y[0xfffffffa]zZ>O[0xffffffd3][0xfffffffe]|[0xfffffff8]6[0xffffff9f]'[0xfffffffa][0xffffffbb][0x1c][0x16][0xfffffffa]e[0xffffffb7][0xffffffbc][0xffffffbd]o[0xffffffaf][0xffffff87]/[0xffffffb4][0xfffffffa][0xfffffff3]p}[0xffffffcd]+w[0xffffffcb][0xfffffff9]<_[0xffffffde][0xffffff97][0xffffffd3][0xfffffffe]pz[0xffffff99][0xffffffbe][0xffffff9c][0xffffff97][0xffffffcf][0xffffffcb][0xfffffffa][0xffffffc8][0xffffffc3][0xffffffc3][0xf][0xffffffd3][0xffffff8f][0x5]=M[0xffffffbf]-[0xffffffcb][0xb]=[0xfffffff9][0xffffffd3][0xffffffeb]yy[0xffffff9b][0xffffffa7][0xffffffed]i_[0xfffffffe]{[0xfffffff8]x[0xffffff9b][0x1e][0xffffffa7][0xffffff9f][0xfffffff3]QO[0xffffffd3].[0xffffffff]Z[0xe][0xffffffa6][0xffffff87][0xffffffff]\>[0xffffffce][0xffffffbb][0xfffffff9]iz[0xffffffbd]^[0xffffffdf][0xffffff9f]6[0xffffff9b][0xfffffffe]W[0xffffffb1][0xffffffab]O[0xffffff8b][0xffffffe5][0xfffffffc][0xffffffb2][0xffffffd9][0xffffff93][0xffffffbf][0xffffffc7]e[0xffffffbb][0xffffffbf]<[0xffffff94]5J[0xffffffd9]H[0x7f]B[\n]"
08:18:13.910 [main] DEBUG org.apache.hc.client5.http.wire - http-outgoing-36 << "[0xffffffe7][0xffffff8d][0x13]A6n[0xffffff88][0xffffff9b][0xffffffc4][0xffffffc1]k[0x1][0xffffffa6]qM\g[0xffffffae][0xffffff9c][0xffffffb0][0xffffffa1]qE\%[0xffffffee][0xffffffc0][0x8][0xffffffb0][0xffffff8d]K[0xffffffe2]2q[0xffffff8b]Jx[0xffffffcf]\[0xffffff86]H[0x7f][0xffffff99][0xffffffd3][0xfffffff1][0xffffffbe][0xffffffad][0xffffff97]H[0x1c][0x13]7.[0x8][0xffffffaf][0x1a][0xfffffff7][0xffffffc4]}[0xffffffe6][0xffffffd2][\n]"
08:18:13.910 [main] DEBUG org.apache.hc.client5.http.wire - http-outgoing-36 << "[0xffffffd0][0xffffff8d][0x3]qH\[0xffffffdb] `][0xffffffef][0xffffff88][0xffffffbb][0xffffffc4]Up[0xfffffff4]c[0xffffffe3][0x14][0xffffffaf][0xffffffcc][0xfffffff1][0xffffffa6]0|[0xfffffff3]_R[0xffffffbc]2[0xffffffc7]+A[\n]"
08:18:13.910 [main] DEBUG org.apache.hc.client5.http.wire - http-outgoing-36 << "eV[0xffffff87](`[0xffffff99][0x3][0xffffff96][0xffffffb4]_w[0x0][0x5],S[0xffffffc0]68%[0xffffffec][0xffffffca])`[0xffffff99][0x2][0xffffffb6][0x18]@[0x0]'4[0xffffff84][0x18]B[0xffffffa6][0xffffffd6][0xffffffd2][0xffffffd9]L1[0xffffff86][0x14][0xffffffac][0xfffffff5][0xe][0x5][0x1d][0xffffffc3][0xffffffd8][0xffffffc7][0xffffff90]b[0xffffffb5][0x10][0xfffffff4][0xffffff9a][0xffffff83][0x0]1@[0xffffffa6]`[0xffffff85]uL][0xc].S[0xffffff83][0x2]8[0xffffff9e]`c[0xffffffb0][0xffffff99]Rr[0xffffffe8]"[0x19][0xffffff9b][0x18]R[0xffffff90][0xffffffd6]y[0xffffffbf]^j[0xffffffd0]1[0xffffffe8]L[0xffffffe9]J)[0xffffffcb][0xffffff8c]U[0xc]9@K[0x15]@[0xffffffb1]2[0xffffff96]1[0xffffffe4][0xfffffff8][0xffffffac][0xffffff91]Bs[0xffffff9e]0D[0xffffffcc][0xfffffff1][0x19][0xfffffffa]G[0xfffffff3][0xffffffce][0xffffff88][0x11]s|F[[0x11][0xffffff80][0xffffffa9][0xffffff8f][0xffffff98][0xffffffc3][0xffffffd3]([0x5]"S[0xffffff88][0xffffff98][0xffffffc3][0xffffffd3][0xffffff96][0xfffffff6][0xffffffe5]T[0xffffffa0][0xffffff8b][0xffffff98][0xffffffc3]Sh[0x4][0xffffffb2]kh#[0xffffffe6][0xfffffff0][0xffffff94][0xfffffff5][0xffffffc2]p[0xffffff8e][0xffffffd1]D[0xffffffcc][0xffffffd1][0xffffffa5][0xffffff9b]4[0xffffff9c][\n]"
08:18:13.910 [main] DEBUG org.apache.hc.client5.http.wire - http-outgoing-36 << "T[0x11]s[0x18][0xffffff92]2[0xffffffaf]L;NFLa[0xffffff98]@[0xffffffbe]P[0x9]U[0xffffffec]C[0xfffffff4]!c[0xffffffeb][0xffffff84]i[0x14][0xffffffa3][0xffffffc7]L[0xffffffa9]v[0xffffffa8][0xffffffae][0x18][0xfffffffb][0xffffffe8]S [0x6][0xffffff81][0xffffffde][0x5]v[0xffffffc3]C[0xfffffff4][0xffffff90])[0x15][0xffffffb8][0xffffffd2]m[0xf][0x17]}[0xffffff8a][0xffffffc4]xO[0x5][0xffffffb6][0xffffffae][0xffffffb6][0xffffffd1][0xffffffdb][0xffffff8c]5[0xffffffd5]/C[0x13]}[0xffffff8a][0xffffffc4][0x0][0x5][0x4][0xffffffec][0xffffffb2][0xffffffd7]Q[0xffffffd3][0xffffff8d][0xffffffb2][0xffffffa5]n,[0xffffff99],v[0xc]B[0xffffffb2][0xfffffff8]n[0x0][0xffffff93][0xffffffc5][0x19][0x5][0xffffff9f],[0xffffffbe]M[0xffffff80]d[0xffffffb1]3[0xffffffe0][0xffffffc8]j)[0x2][0xffffff9b],[0xffffffce]9[0xffffff98]d[0xfffffff1]y[0xffffff90]|1[0xffffffed][0xffffffbc][0xffffffe4]K{g [0xfffffff9]b[0xffffffcc]MW[0xfffffffb]}[0xfffffff9][0xfffffffb]p<n[0xffffffa7]_[0xf][0xffffffe7][0xfffffff9]y[0xfffffff9][0xffffffde][0xffffffb5][0xffffffb2][0xffffff97]y[0xfffffff7]u[0xfffffff9][0xffffffd7]Nv[0xffffffa1]V[0xfffffff6]B[\r][0xfffffff4][0xffffffe3][0xffffff8b][0xffffffa0][0xffffff96][0xffffffba]y+[l[0xffffffba][0x7]6[0xffffffe7][0xfffffff9]8o/[0xfffffff3][0xffffffe5][0xffffffe1][0xffffffb9][0xffffffec][0xffffffab][0x14]FJ[0x1b][0xffffffe5]n%[0xfffffffe][0xffffff8e][0xffffffc0][0x1d]qw[0xffffffc4][0xffffffde][0x11]sG[0xfffffff4][0x1d]QwD&[0xffffffa2][0xffffff85]n[0xffffff84]:_&[0xffffffeb][0x1a][0xffffff89]w[0xffffffc4][0xffffffdf][0x11][0xffffffb8]#[0xffffffee][0xffffff8e]d[0xffffff9f]UO[0xffffffcc][0x1d][0xffffffd1]wD[0xffffffdd][0x11]9[0xffffff90][0x10]F[0xffffff80]#[0xfffffff0]#[0xffffff80][0x11][0xffffffb8][0x11][0xffffff8c][0xffffffde][0xffffff86][0xffffffd1][0xffffffd9]0[0xfffffffa][0x1a]FWC[0xfffffff2][0xffffff94][0xffffffde][0xffffff9b][0xe][0xffffff88][0xffffffe3][0xffffffe1][0xfffffff4][0xfffffff1][0xffffffbd]`[0xffffffc5][0x18][0xffffffc3][0xffffffb0][0xe]q[0x4]~[0x4]0[0x2]7[0x2];[0xffffff82][0x14][0xffffff80][0xffffffc6][0xe][0xffffffe8][0x11][0xffffffa4][0x0][0xffffffb4][0xffffffef][0xffffff80][0x1c][0xffffff80][0xf]#[0xffffffc8][0xffffff9e]B[0x7][0xfffffffc][0x8]`[0x4]n[0x4]v[0x4]f[0x4]z[0x4]j[0x4]r[0x0][0x10]F[0xffffff90]=u[0x1d][0xffffffc8][0xffffff9e][0xffffffda][0xe][0xffffffc0][0x8][0xffffffdc][0x8][0xffffffb2][0xffffffa7][0xffffffdd][0xb][0x4]f[0x4][0xffffffd9][0xffffffd3][0xffffffae][0xffffffec]!{[0xffffffda][0x15][0x5][0xffffffc8][0x1][0xffffffb8]0[0x2][0x1c][0xffffff81][0x1f]A[0xfffffff6]Tv[0xffffffc0]1[0xffffffe8][0xffffffbb][0xffffffda][0x1f][0xffffffef][0xfffffff3]y[0xffffffdb][0xfffffff5][0xffffffb2]%[0xffffffd9][0xffffffff][0xffffffa7][0xffffff97][0xffffffe5][0xffffff85][0xffffff97][0xffffffe5][0xfffffff9][0xfffffffa][0xffffffb9]=[0xffffffcf][0xffffffc5]b[0xffffff9d]6v[0xffffffb6][0xfffffffc]c[0xffffffd6]'*[0xffffffeb][0xffffff9f]@[0xffffffdf]ye4[0xfffffff3][0xffffffa4][0xffffffc7][0xffffffb2][0xfffffffe]A[0xfffffffa]`[0x5][0xffffffcf]8[0xffffffc9][0xffffffb1],[0x7f]<[0xffffffbd][0x12][0xffffff8a]4D[0xffffffe5][0xffffffb2][0xffffff97]{[0xffffffd4][0xffffff9d][\n]"
08:18:13.910 [main] DEBUG org.apache.hc.client5.http.wire - http-outgoing-36 << "[0xffffffa7][0x17][0xffffffbc]S{J[0xffffffd7]m[0xffffffe8]5[0xffffffef][0xffffffc4][0x1e]2[0xfffffff5]7R[0xffffffcf]U[\n]"
08:18:13.910 [main] DEBUG org.apache.hc.client5.http.wire - http-outgoing-36 << "[0xffffffbd][0xffffffd0][0xffffffa3][0xffffff83]*v[0xffffffbd][0xffffffce]S[0xffffff9a][0xffffffb1][0xffffffed]e^[0x8][0xffffff95][0xffffff9a]^[0xffffffe4][0xffffff91]2(T[0xfffffff7][0x12]O)^[0xffffffac]z[0xffffff85][0xffffff97][0xffffffc4]S[0xffffffc1][0xffffffb2][0x17]xX[0x3][0xffffffc7][0xffffffd0][0xffffffcb];[0xffffff80]Jq[0xffffffd0]v[0xffffff85][0xfffffffa]^[0xffffffd9][0xffffff91][0xffffff94]-[0x14]z][0xffffffd7]RD][0xffffffe1]F[0xffffffd7][0x15]h;Y[0xffffff87][0xffffffd5]1[0xffffffea][0xe]7[0xffffffa2][0xffffffae]@}[0xffffffab][0xffffffe9][\n]"
08:18:13.911 [main] DEBUG org.apache.hc.client5.http.wire - http-outgoing-36 << "T[0xffffff9d][0xffffffa4]s|[0xffffffbe][0xffffffec][0x14][0x1d][0xffffffbb]J[0xffffffdd][0xffffffe2]F[0xffffffcf][0x15][0xffffff88][0xffffff83][0xffffff9c]+[0xffffffd4]wj[0xffffffce]3[0xffffff84]N[0xffffffcb]a=[0xffffff9e][0xffffffda][0xffffffc7]*[0xffffffe5][0xffffffd8]{j![0xffffffab][0xffffff92][0xffffffa3][0x4]Wj:%[0x7][0xffffffbc][0xffffffa9][0xffffffee][0xffffff84][0x1c][0xffffffd6][0xb][0xffffffa7]~[0xffffffb2][0xffffffea][0xffffffb8]vY[0xffffffd4]TV[0x1d][0xffffff87][0xfffffff5]b[0xffffffa9][0xffffffb1][0xffffffac]2[0xffffff8e]+[0xffffff9a][0xffffff9a]K[0xffffffa7][0xffffffe2]T[\r][0xffffff95]:L/[0xffffffe2][0xffffffea]Y[0xffffffd4]fV[\r][0xffffffe7]yW[0xffffffd7]I8.ej7[0xffffffab][0xffffff80]k[0xffffffc5]I=[0xffffffa7][0x13]p[0xfffffffc][0xffffffaa]Q[0xffffffe3][0xffffffe9][0xfffffff4][;[0xffffffab][0xffffffea][0xffffffae]l[0xffffffb8][0xffffffd0][0x1b]Uu[0x15][0xffffffa3][0xffffff8a][0xffffffae]bT[0xffffffcd]U[0xffffff8c]*[0xffffffb9][0xffffff8a]Q[0x15]W1[0xffffffaa][0xffffffe0]*F[0xffffffd5][[0xffffffc5]PE`[0x15]Cv[0xffffff86]M[0x1e][0xffffffb0][0xffffffc7]6y`[0xffffffea]96y[0xffffffa0]k2,[0x14][0xffffffe3]F[0xffffffa1][0x1d]v[0xffffffe7]%[0xffffffb5][0xffffffa4][0xffffffe9][0xffffff97][0xfffffffd][0xffffffcb][0xffffffdc]5[0xffffffb5][0xffffffb7][0xffffffcb]L[0xffffffe0]?[0xffffffbb][0xffffffda]~[0xfffffffe]6[0x1f][0xffffffd3][0xffffffae][0xffffffe2][0xffffff8d]w[0xffffffc8]-n>=~\6[0xffffff8d]=[0xffffffa6]M6[0xffffffd7]e9^6[0xffffff9f][0xfffffff3][0xffffff97][0xffffffda][0xffffffe5][0x1e][0x12]][0xffffff87]P[0xffffff85][0xffffffd4][0xffffffea][0x15]V[0xffffffca]#[0xffffffa8][0xfffffff2][0xffffffa4][0xffffff90])[0xffffff93][0xffffff85][0xfffffff2][0x0][0xffffffaa][0xffffffbc][0xffffffce][0xffffff85]\([0xffffff8f][0xffffff9f][\n]"
08:18:13.911 [main] DEBUG org.apache.hc.client5.http.wire - http-outgoing-36 << "@[0xffffffa5][0xfffffff1][0xffffffb0]P[0x1e]>[0xffffff95][0xffffffa3][0xfffffffa][0xffffffa0][0xffffffec]e[0xffffffda]FO[0xffffffe5][0x14][\n]"
08:18:13.911 [main] DEBUG org.apache.hc.client5.http.wire - http-outgoing-36 << "_Ok[0xffffff83][0xffffffa7][0xffffffb2]@[0xfffffffb]B[0xffffffa5]<v[0xffffff92]`O[0x1f][0xffffffe5][0x2]y[0xffffffe6]T[0xffffffc6][0xffffffa7]O`[0xffffffa5]<q[0xffffffd2][0xfffffff0]h[0xffffffa8][0xffffff83]U[0xffffffca][0xfffffff3][0xffffffa6][0xffffffd2][0xfffffff4][0xffffffa6]z[0xffffffde][0xffffff81][0xffffffa7]M[0x1a][0xf]l[0xb][0xffffffa2][0xffffff8d][0xffffff9a]JS[0xffffffe1][0xffffff92]|/"
08:18:13.912 [main] DEBUG org.apache.hc.client5.http.wire - http-outgoing-36 << "[0xffffff94][0x7]M[0xffffffa5][0xffffff95]\[0xfffffff7][0xffffffe5]1[0xffffff93][0x14][0xffffffaf]K[0xffffffc3]N[0xffffffa2]<dR[0xffffffeb]O[0xffffff8d][0xffffffa2][0xffffffb0]:b[0xffffffaa][0x14]]M[0xc][0xffffffcf][0xffffff97][0x14][0xffffff9a]n[0xffffffac]N[0xffffff97][0x14][0xffffff83]m[0xffffffac][0xffffffce][0xffffff96][0xffffffe4]U;[0xffffff99]'[0xffffffcb]@=[0xffffffc6][0xffffffa8][0xffffff82][0xffffffea]T[0x19]([0xfffffff5][0xffffffa6][0xffffffae][0xffffffaa]#e[0xffffff90][0xffffffeb][0x1]u[0xffffff9c][0xffffffc4][0xffffffd4][0xffffffe9][0xffffffea][0xffffff83]u[0xffffff94]D[\n]"
08:18:13.912 [main] DEBUG org.apache.hc.client5.http.wire - http-outgoing-36 << "[0xffffffac][0x10][0x1e]#[0xffffffd3][0xffffff8d][0xffffff97][0xffffff8b][0xffffffe1][0x11][0xffffffd2]Sn[0xffffffeb]c<?[0x2][0xffffff84]z%<;[0x2][0xffffff95][0x4][0xffffff94]\[0xfffffff0][0xffffffe0][0xffffffe8]R[0xffffff82][0xffffffeb][0xffffffaa]:5[0xffffffba][0xffffffac]82[0xffffffe1][0xffffff89][0xffffff91]Z[0xffffff83][0xffffffab][0xffffffe7]Q[0xfffffff7]*[0xffffffdd]3[0xffffffb0]O<@[0xffffffd2]w[0xffffffb6]^U[0x1b][0x1e])b[0xffffffaa][0xffffffbb][0xffffffcc][0xffffffda][0xffffffe4][0xffffff98]j[0xffffffb6][0xffffff90]:5j[0xffffffcf][0xffffffa5][0xffffffc3][0x3][0xffffffa3]6[0xffffff8d][0xffffffd4]a1[0xffffffb5][0xffffffc5]J[0xffffffea][0xffffff9c][0xffffffa8][0xc][\r][0xffffffd2][0x5]Y[0x1b][0xffffffdf][0xffffffcf][0xfffffff3][0xffffffe3][0xffffffe1]t[0xffffffb9]n[0xffffff8f][0xffffffc7]y_[0xffffffa0][0xffffff8e][0xffffff90][0xffffffbe][0xffffffec][0xffffffa6][0xffffffd4][0xffffff89]U[0xffffff91]Z[0x18][0xffffffe8]P[0xffffffc2][0xffffffb7]2R[0xffffff9f][0xffffffa4][0xffffffaf]][0xffffffb9][0xf][0xffffff83][0xffffff91]^,kB1uj:t[0xffffffd3]XjDS1[0xffffffa5]K[0xffffffa6][0xffffff9e][0xfffffff4][0xf][0x3][0x1][0xffffffec][0xffffffa6][0xffffffeb][0x12][0x0][0x0]"
08:18:13.912 [main] DEBUG org.apache.hc.client5.http.impl.classic.InternalHttpClient - ep-00000032: releasing valid endpoint
08:18:13.913 [main] DEBUG org.apache.hc.client5.http.impl.io.PoolingHttpClientConnectionManager - ep-00000032: releasing endpoint
08:18:13.913 [main] DEBUG org.apache.hc.client5.http.impl.io.PoolingHttpClientConnectionManager - ep-00000032: connection http-outgoing-36 can be kept alive for 3 MINUTES
08:18:13.913 [main] DEBUG org.apache.hc.client5.http.impl.io.PoolingHttpClientConnectionManager - ep-00000032: connection released [route: {s}->https://raw.githubusercontent.com:443][total available: 1; route allocated: 1 of 5; total allocated: 2 of 25]
08:18:13.913 [main] DEBUG io.github.bonigarcia.wdm.versions.VersionDetector - Driver for chrome117 not found in online properties (using local versions.properties)
08:18:13.915 [main] DEBUG io.github.bonigarcia.wdm.WebDriverManager - The driver version for CHROME 117 is unknown ... trying with latest
08:18:13.922 [main] DEBUG org.apache.hc.client5.http.impl.classic.InternalHttpClient - ex-00000034: preparing request execution
08:18:13.923 [main] DEBUG org.apache.hc.client5.http.protocol.RequestAddCookies - Cookie spec selected: strict
08:18:13.923 [main] DEBUG org.apache.hc.client5.http.protocol.RequestAuthCache - Auth cache not set in the context
08:18:13.923 [main] DEBUG org.apache.hc.client5.http.impl.classic.ProtocolExec - ex-00000034: target auth state: UNCHALLENGED
08:18:13.923 [main] DEBUG org.apache.hc.client5.http.impl.classic.ProtocolExec - ex-00000034: proxy auth state: UNCHALLENGED
08:18:13.923 [main] DEBUG org.apache.hc.client5.http.impl.classic.ConnectExec - ex-00000034: acquiring connection with route {s}->https://chromedriver.storage.googleapis.com:443
08:18:13.923 [main] DEBUG org.apache.hc.client5.http.impl.classic.InternalHttpClient - ex-00000034: acquiring endpoint (3 MINUTES)
08:18:13.923 [main] DEBUG org.apache.hc.client5.http.impl.io.PoolingHttpClientConnectionManager - ex-00000034: endpoint lease request (3 MINUTES) [route: {s}->https://chromedriver.storage.googleapis.com:443][total available: 1; route allocated: 1 of 5; total allocated: 2 of 25]
08:18:13.924 [main] DEBUG org.apache.hc.client5.http.impl.io.PoolingHttpClientConnectionManager - ex-00000034: endpoint leased [route: {s}->https://chromedriver.storage.googleapis.com:443][total available: 1; route allocated: 2 of 5; total allocated: 3 of 25]
08:18:13.924 [main] DEBUG org.apache.hc.client5.http.impl.io.PoolingHttpClientConnectionManager - ex-00000034: acquired ep-00000033
08:18:13.924 [main] DEBUG org.apache.hc.client5.http.impl.classic.InternalHttpClient - ex-00000034: acquired endpoint ep-00000033
08:18:13.924 [main] DEBUG org.apache.hc.client5.http.impl.classic.ConnectExec - ex-00000034: opening connection {s}->https://chromedriver.storage.googleapis.com:443
08:18:13.924 [main] DEBUG org.apache.hc.client5.http.impl.classic.InternalHttpClient - ep-00000033: connecting endpoint (30 SECONDS)
08:18:13.924 [main] DEBUG org.apache.hc.client5.http.impl.io.PoolingHttpClientConnectionManager - ep-00000033: connecting endpoint to https://chromedriver.storage.googleapis.com:443 (30 SECONDS)
08:18:13.925 [main] DEBUG org.apache.hc.client5.http.impl.io.DefaultHttpClientConnectionOperator - http-outgoing-38: connecting to chromedriver.storage.googleapis.com/34.101.5.27:443
08:18:13.925 [main] DEBUG org.apache.hc.client5.http.ssl.SSLConnectionSocketFactory - Connecting socket to chromedriver.storage.googleapis.com/34.101.5.27:443 with timeout 30 SECONDS
08:18:13.933 [main] DEBUG org.apache.hc.client5.http.ssl.SSLConnectionSocketFactory - Enabled protocols: [TLSv1.3, TLSv1.2]
08:18:13.933 [main] DEBUG org.apache.hc.client5.http.ssl.SSLConnectionSocketFactory - Enabled cipher suites: [TLS_AES_256_GCM_SHA384, TLS_AES_128_GCM_SHA256, TLS_CHACHA20_POLY1305_SHA256, TLS_ECDHE_ECDSA_WITH_AES_256_GCM_SHA384, TLS_ECDHE_ECDSA_WITH_AES_128_GCM_SHA256, TLS_ECDHE_ECDSA_WITH_CHACHA20_POLY1305_SHA256, TLS_ECDHE_RSA_WITH_AES_256_GCM_SHA384, TLS_ECDHE_RSA_WITH_CHACHA20_POLY1305_SHA256, TLS_ECDHE_RSA_WITH_AES_128_GCM_SHA256, TLS_DHE_RSA_WITH_AES_256_GCM_SHA384, TLS_DHE_RSA_WITH_CHACHA20_POLY1305_SHA256, TLS_DHE_DSS_WITH_AES_256_GCM_SHA384, TLS_DHE_RSA_WITH_AES_128_GCM_SHA256, TLS_DHE_DSS_WITH_AES_128_GCM_SHA256, TLS_ECDHE_ECDSA_WITH_AES_256_CBC_SHA384, TLS_ECDHE_RSA_WITH_AES_256_CBC_SHA384, TLS_ECDHE_ECDSA_WITH_AES_128_CBC_SHA256, TLS_ECDHE_RSA_WITH_AES_128_CBC_SHA256, TLS_DHE_RSA_WITH_AES_256_CBC_SHA256, TLS_DHE_DSS_WITH_AES_256_CBC_SHA256, TLS_DHE_RSA_WITH_AES_128_CBC_SHA256, TLS_DHE_DSS_WITH_AES_128_CBC_SHA256, TLS_ECDH_ECDSA_WITH_AES_256_GCM_SHA384, TLS_ECDH_RSA_WITH_AES_256_GCM_SHA384, TLS_ECDH_ECDSA_WITH_AES_128_GCM_SHA256, TLS_ECDH_RSA_WITH_AES_128_GCM_SHA256, TLS_ECDH_ECDSA_WITH_AES_256_CBC_SHA384, TLS_ECDH_RSA_WITH_AES_256_CBC_SHA384, TLS_ECDH_ECDSA_WITH_AES_128_CBC_SHA256, TLS_ECDH_RSA_WITH_AES_128_CBC_SHA256, TLS_ECDHE_ECDSA_WITH_AES_256_CBC_SHA, TLS_ECDHE_RSA_WITH_AES_256_CBC_SHA, TLS_ECDHE_ECDSA_WITH_AES_128_CBC_SHA, TLS_ECDHE_RSA_WITH_AES_128_CBC_SHA, TLS_DHE_RSA_WITH_AES_256_CBC_SHA, TLS_DHE_DSS_WITH_AES_256_CBC_SHA, TLS_DHE_RSA_WITH_AES_128_CBC_SHA, TLS_DHE_DSS_WITH_AES_128_CBC_SHA, TLS_ECDH_ECDSA_WITH_AES_256_CBC_SHA, TLS_ECDH_RSA_WITH_AES_256_CBC_SHA, TLS_ECDH_ECDSA_WITH_AES_128_CBC_SHA, TLS_ECDH_RSA_WITH_AES_128_CBC_SHA, TLS_RSA_WITH_AES_256_GCM_SHA384, TLS_RSA_WITH_AES_128_GCM_SHA256, TLS_RSA_WITH_AES_256_CBC_SHA256, TLS_RSA_WITH_AES_128_CBC_SHA256, TLS_RSA_WITH_AES_256_CBC_SHA, TLS_RSA_WITH_AES_128_CBC_SHA, TLS_EMPTY_RENEGOTIATION_INFO_SCSV]
08:18:13.933 [main] DEBUG org.apache.hc.client5.http.ssl.SSLConnectionSocketFactory - Starting handshake
08:18:13.977 [main] DEBUG org.apache.hc.client5.http.ssl.SSLConnectionSocketFactory - Secure session established
08:18:13.977 [main] DEBUG org.apache.hc.client5.http.ssl.SSLConnectionSocketFactory -  negotiated protocol: TLSv1.3
08:18:13.977 [main] DEBUG org.apache.hc.client5.http.ssl.SSLConnectionSocketFactory -  negotiated cipher suite: TLS_AES_256_GCM_SHA384
08:18:13.977 [main] DEBUG org.apache.hc.client5.http.ssl.SSLConnectionSocketFactory -  peer principal: CN=*.storage.googleapis.com
08:18:13.977 [main] DEBUG org.apache.hc.client5.http.ssl.SSLConnectionSocketFactory -  peer alternative names: [*.storage.googleapis.com, *.googleapis.com, commondatastorage.googleapis.com, *.commondatastorage.googleapis.com, storage.googleapis.com, storage-p2.googleapis.com, *.storage-p2.googleapis.com, storage.mtls.googleapis.com, *.appspot.com.storage.googleapis.com, *.content-storage.googleapis.com, *.content-storage-p2.googleapis.com, *.content-storage-upload.googleapis.com, *.content-storage-download.googleapis.com, *.storage-upload.googleapis.com, *.storage-download.googleapis.com]
08:18:13.977 [main] DEBUG org.apache.hc.client5.http.ssl.SSLConnectionSocketFactory -  issuer principal: CN=GTS CA 1C3, O=Google Trust Services LLC, C=US
08:18:13.977 [main] DEBUG org.apache.hc.client5.http.impl.io.DefaultHttpClientConnectionOperator - http-outgoing-38: connection established 192.168.100.42:64737<->34.101.5.27:443
08:18:13.977 [main] DEBUG org.apache.hc.client5.http.impl.io.PoolingHttpClientConnectionManager - ep-00000033: connected http-outgoing-38
08:18:13.977 [main] DEBUG org.apache.hc.client5.http.impl.classic.InternalHttpClient - ep-00000033: endpoint connected
08:18:13.978 [main] DEBUG org.apache.hc.client5.http.impl.classic.MainClientExec - ex-00000034: executing GET /LATEST_RELEASE HTTP/1.1
08:18:13.978 [main] DEBUG org.apache.hc.client5.http.impl.classic.InternalHttpClient - ep-00000033: start execution ex-00000034
08:18:13.978 [main] DEBUG org.apache.hc.client5.http.impl.io.PoolingHttpClientConnectionManager - ep-00000033: executing exchange ex-00000034 over http-outgoing-38
08:18:13.978 [main] DEBUG org.apache.hc.client5.http.headers - http-outgoing-38 >> GET /LATEST_RELEASE HTTP/1.1
08:18:13.978 [main] DEBUG org.apache.hc.client5.http.headers - http-outgoing-38 >> user-agent: Apache-HttpClient/5.0
08:18:13.978 [main] DEBUG org.apache.hc.client5.http.headers - http-outgoing-38 >> accept-encoding: gzip, deflate, br
08:18:13.978 [main] DEBUG org.apache.hc.client5.http.headers - http-outgoing-38 >> cache-control: max-age=0
08:18:13.978 [main] DEBUG org.apache.hc.client5.http.headers - http-outgoing-38 >> connection: keep-alive
08:18:13.978 [main] DEBUG org.apache.hc.client5.http.headers - http-outgoing-38 >> Host: chromedriver.storage.googleapis.com
08:18:13.978 [main] DEBUG org.apache.hc.client5.http.wire - http-outgoing-38 >> "GET /LATEST_RELEASE HTTP/1.1[\r][\n]"
08:18:13.978 [main] DEBUG org.apache.hc.client5.http.wire - http-outgoing-38 >> "user-agent: Apache-HttpClient/5.0[\r][\n]"
08:18:13.978 [main] DEBUG org.apache.hc.client5.http.wire - http-outgoing-38 >> "accept-encoding: gzip, deflate, br[\r][\n]"
08:18:13.978 [main] DEBUG org.apache.hc.client5.http.wire - http-outgoing-38 >> "cache-control: max-age=0[\r][\n]"
08:18:13.978 [main] DEBUG org.apache.hc.client5.http.wire - http-outgoing-38 >> "connection: keep-alive[\r][\n]"
08:18:13.978 [main] DEBUG org.apache.hc.client5.http.wire - http-outgoing-38 >> "Host: chromedriver.storage.googleapis.com[\r][\n]"
08:18:13.978 [main] DEBUG org.apache.hc.client5.http.wire - http-outgoing-38 >> "[\r][\n]"
08:18:13.996 [main] DEBUG org.apache.hc.client5.http.wire - http-outgoing-38 << "HTTP/1.1 200 OK[\r][\n]"
08:18:13.996 [main] DEBUG org.apache.hc.client5.http.wire - http-outgoing-38 << "X-GUploader-UploadID: ADPycdtlv5hyKNxkNAPoXZam3m80ckJ0H-Ebjpx_73hqg_-MuXohMxIalbpmUb0_5biLUD8lFSrTzvfL6YS-efZL0_eYGq5S2akq[\r][\n]"
08:18:13.996 [main] DEBUG org.apache.hc.client5.http.wire - http-outgoing-38 << "x-goog-generation: 1685523462105569[\r][\n]"
08:18:13.996 [main] DEBUG org.apache.hc.client5.http.wire - http-outgoing-38 << "x-goog-metageneration: 1[\r][\n]"
08:18:13.996 [main] DEBUG org.apache.hc.client5.http.wire - http-outgoing-38 << "x-goog-stored-content-encoding: identity[\r][\n]"
08:18:13.996 [main] DEBUG org.apache.hc.client5.http.wire - http-outgoing-38 << "x-goog-stored-content-length: 13[\r][\n]"
08:18:13.996 [main] DEBUG org.apache.hc.client5.http.wire - http-outgoing-38 << "x-goog-hash: crc32c=tVW4TA==[\r][\n]"
08:18:13.996 [main] DEBUG org.apache.hc.client5.http.wire - http-outgoing-38 << "x-goog-hash: md5=NoaEuIlBlniwTkiZ1T16sA==[\r][\n]"
08:18:13.996 [main] DEBUG org.apache.hc.client5.http.wire - http-outgoing-38 << "x-goog-storage-class: STANDARD[\r][\n]"
08:18:13.996 [main] DEBUG org.apache.hc.client5.http.wire - http-outgoing-38 << "Accept-Ranges: bytes[\r][\n]"
08:18:13.996 [main] DEBUG org.apache.hc.client5.http.wire - http-outgoing-38 << "Content-Length: 13[\r][\n]"
08:18:13.996 [main] DEBUG org.apache.hc.client5.http.wire - http-outgoing-38 << "Server: UploadServer[\r][\n]"
08:18:13.996 [main] DEBUG org.apache.hc.client5.http.wire - http-outgoing-38 << "Date: Fri, 06 Oct 2023 01:08:29 GMT[\r][\n]"
08:18:13.996 [main] DEBUG org.apache.hc.client5.http.wire - http-outgoing-38 << "Expires: Fri, 06 Oct 2023 02:08:29 GMT[\r][\n]"
08:18:13.996 [main] DEBUG org.apache.hc.client5.http.wire - http-outgoing-38 << "Cache-Control: public, max-age=3600[\r][\n]"
08:18:13.996 [main] DEBUG org.apache.hc.client5.http.wire - http-outgoing-38 << "Age: 587[\r][\n]"
08:18:13.996 [main] DEBUG org.apache.hc.client5.http.wire - http-outgoing-38 << "Last-Modified: Wed, 31 May 2023 08:57:42 GMT[\r][\n]"
08:18:13.996 [main] DEBUG org.apache.hc.client5.http.wire - http-outgoing-38 << "ETag: "368684b889419678b04e4899d53d7ab0"[\r][\n]"
08:18:13.996 [main] DEBUG org.apache.hc.client5.http.wire - http-outgoing-38 << "Content-Type: text/plain[\r][\n]"
08:18:13.996 [main] DEBUG org.apache.hc.client5.http.wire - http-outgoing-38 << "Alt-Svc: h3=":443"; ma=2592000,h3-29=":443"; ma=2592000[\r][\n]"
08:18:13.996 [main] DEBUG org.apache.hc.client5.http.wire - http-outgoing-38 << "[\r][\n]"
08:18:13.996 [main] DEBUG org.apache.hc.client5.http.wire - http-outgoing-38 << "114.0.5735.90"
08:18:13.996 [main] DEBUG org.apache.hc.client5.http.headers - http-outgoing-38 << HTTP/1.1 200 OK
08:18:13.996 [main] DEBUG org.apache.hc.client5.http.headers - http-outgoing-38 << X-GUploader-UploadID: ADPycdtlv5hyKNxkNAPoXZam3m80ckJ0H-Ebjpx_73hqg_-MuXohMxIalbpmUb0_5biLUD8lFSrTzvfL6YS-efZL0_eYGq5S2akq
08:18:13.996 [main] DEBUG org.apache.hc.client5.http.headers - http-outgoing-38 << x-goog-generation: 1685523462105569
08:18:13.996 [main] DEBUG org.apache.hc.client5.http.headers - http-outgoing-38 << x-goog-metageneration: 1
08:18:13.996 [main] DEBUG org.apache.hc.client5.http.headers - http-outgoing-38 << x-goog-stored-content-encoding: identity
08:18:13.996 [main] DEBUG org.apache.hc.client5.http.headers - http-outgoing-38 << x-goog-stored-content-length: 13
08:18:13.996 [main] DEBUG org.apache.hc.client5.http.headers - http-outgoing-38 << x-goog-hash: crc32c=tVW4TA==
08:18:13.996 [main] DEBUG org.apache.hc.client5.http.headers - http-outgoing-38 << x-goog-hash: md5=NoaEuIlBlniwTkiZ1T16sA==
08:18:13.996 [main] DEBUG org.apache.hc.client5.http.headers - http-outgoing-38 << x-goog-storage-class: STANDARD
08:18:13.996 [main] DEBUG org.apache.hc.client5.http.headers - http-outgoing-38 << Accept-Ranges: bytes
08:18:13.996 [main] DEBUG org.apache.hc.client5.http.headers - http-outgoing-38 << Content-Length: 13
08:18:13.996 [main] DEBUG org.apache.hc.client5.http.headers - http-outgoing-38 << Server: UploadServer
08:18:13.996 [main] DEBUG org.apache.hc.client5.http.headers - http-outgoing-38 << Date: Fri, 06 Oct 2023 01:08:29 GMT
08:18:13.996 [main] DEBUG org.apache.hc.client5.http.headers - http-outgoing-38 << Expires: Fri, 06 Oct 2023 02:08:29 GMT
08:18:13.996 [main] DEBUG org.apache.hc.client5.http.headers - http-outgoing-38 << Cache-Control: public, max-age=3600
08:18:13.996 [main] DEBUG org.apache.hc.client5.http.headers - http-outgoing-38 << Age: 587
08:18:13.996 [main] DEBUG org.apache.hc.client5.http.headers - http-outgoing-38 << Last-Modified: Wed, 31 May 2023 08:57:42 GMT
08:18:13.996 [main] DEBUG org.apache.hc.client5.http.headers - http-outgoing-38 << ETag: "368684b889419678b04e4899d53d7ab0"
08:18:13.996 [main] DEBUG org.apache.hc.client5.http.headers - http-outgoing-38 << Content-Type: text/plain
08:18:13.996 [main] DEBUG org.apache.hc.client5.http.headers - http-outgoing-38 << Alt-Svc: h3=":443"; ma=2592000,h3-29=":443"; ma=2592000
08:18:13.996 [main] DEBUG org.apache.hc.client5.http.impl.classic.MainClientExec - ex-00000034: connection can be kept alive for 3 MINUTES
08:18:13.996 [main] DEBUG org.apache.hc.client5.http.impl.classic.InternalHttpClient - ep-00000033: releasing valid endpoint
08:18:13.996 [main] DEBUG org.apache.hc.client5.http.impl.io.PoolingHttpClientConnectionManager - ep-00000033: releasing endpoint
08:18:13.996 [main] DEBUG org.apache.hc.client5.http.impl.io.PoolingHttpClientConnectionManager - ep-00000033: connection http-outgoing-38 can be kept alive for 3 MINUTES
08:18:13.996 [main] DEBUG org.apache.hc.client5.http.impl.io.PoolingHttpClientConnectionManager - ep-00000033: connection released [route: {s}->https://chromedriver.storage.googleapis.com:443][total available: 2; route allocated: 2 of 5; total allocated: 3 of 25]
08:18:13.996 [main] DEBUG io.github.bonigarcia.wdm.versions.VersionDetector - Latest version of chromedriver according to https://chromedriver.storage.googleapis.com/LATEST_RELEASE is 114.0.5735.90
08:18:13.998 [main] DEBUG io.github.bonigarcia.wdm.WebDriverManager - Driver chromedriver 114.0.5735.90 found in cache
08:18:13.998 [main] INFO io.github.bonigarcia.wdm.WebDriverManager - Exporting webdriver.chrome.driver as C:\Users\Bagas Dwi Saputra\.cache\selenium\chromedriver\win32\114.0.5735.90\chromedriver.exe
08:18:14.091 [main] DEBUG net.thucydides.core.reflection.ClassFinder - Could not load class net.serenitybdd.rest.utils.RestSpecificationFactory
08:18:14.173 [main] DEBUG net.thucydides.core.reflection.ClassFinder - Could not load class net.serenitybdd.rest.utils.RestSpecificationFactory
08:18:14.174 [main] INFO net.serenitybdd.core.webdriver.driverproviders.ProvideNewDriver - Instantiating driver
08:18:14.174 [main] INFO net.serenitybdd.core.webdriver.driverproviders.ProvideNewDriver - Driver capabilities: Capabilities {acceptInsecureCerts: false, base.url: https://app.jubelio.com, browserName: chrome, chrome.driver: src/test/resources/webdrive..., driver: chrome, goog:chromeOptions: {args: [], extensions: []}, loggingPrefs: org.openqa.selenium.logging...}
08:18:15.208 [main] DEBUG net.thucydides.core.reflection.ClassFinder - Could not load class net.serenitybdd.rest.utils.RestSpecificationFactory
08:18:17.470 [main] DEBUG net.serenitybdd.core.photography.Darkroom - Send negative for processing for target\site\serenity\4cc97b387fb82cfc136ff103deed3ff15904afea0e81e8a8130786ef5a9430f4.png
08:18:17.471 [main] DEBUG net.thucydides.core.steps.StepInterceptor - STEP DONE: openLink
08:18:17.474 [main] DEBUG net.thucydides.core.steps.StepInterceptor - STARTING STEP: LoginSteps.fillsInTheWithValidDataEmail - fills in the {string} with valid data email
08:18:17.775 [main] DEBUG net.serenitybdd.core.photography.Darkroom - Send negative for processing for target\site\serenity\29d3e9f166cf597135c97994c9ce45464a7cb63e7c1b11511a227ba5e21a0a13.png
08:18:17.775 [main] DEBUG net.thucydides.core.steps.StepInterceptor - STEP DONE: fills in the {string} with valid data email
  &amp#27;[32mGiven &amp#27;[0m&amp#27;[32mfills in the &amp#27;[0m&amp#27;[32m&amp#27;[1m"qa.rakamin.jubelio@gmail.com"&amp#27;[0m&amp#27;[32m with valid data email&amp#27;[0m &amp#27;[90m# starter.stepdefinitios.LoginSteps.fillsInTheWithValidDataEmail(java.lang.String)&amp#27;[0m
08:18:18.450 [main] DEBUG net.serenitybdd.core.photography.Darkroom - Send negative for processing for target\site\serenity\3eaf0a53d429a272f1cbcae9c62772578f202136bd837bf73ee5fddee0931b84.png
08:18:18.450 [main] DEBUG net.thucydides.core.steps.StepInterceptor - STARTING STEP: LoginSteps.fillInTheWithValidDataPass - fill in the {string} with valid data pass
08:18:18.670 [main] DEBUG net.serenitybdd.core.photography.Darkroom - Send negative for processing for target\site\serenity\2cf30185dfdbac732dd1dde67140c2dbaae0416a90e4410d7d7f2e674b868af1.png
08:18:18.670 [main] DEBUG net.thucydides.core.steps.StepInterceptor - STEP DONE: fill in the {string} with valid data pass
  &amp#27;[32mAnd &amp#27;[0m&amp#27;[32mfill in the &amp#27;[0m&amp#27;[32m&amp#27;[1m""&amp#27;[0m&amp#27;[32m with valid data pass&amp#27;[0m                                 &amp#27;[90m# starter.stepdefinitios.LoginSteps.fillInTheWithValidDataPass(java.lang.String)&amp#27;[0m
08:18:18.670 [Darkroom Processing Line] DEBUG net.serenitybdd.core.photography.DarkroomProcessingLine - Processing screenshot image in /var/screenshots/screenshot-15976607576220782154
08:18:18.670 [Darkroom Processing Line] DEBUG net.serenitybdd.core.photography.DarkroomProcessingLine - Saving screenshot to target\site\serenity\2cf30185dfdbac732dd1dde67140c2dbaae0416a90e4410d7d7f2e674b868af1.png
08:18:18.678 [main] DEBUG net.thucydides.core.steps.StepInterceptor - STARTING STEP: LoginSteps.clickTheLoginButton - clickbtnlogin
08:18:18.973 [main] DEBUG net.serenitybdd.core.photography.Darkroom - Send negative for processing for target\site\serenity\51857ecb9ee7ad2bc461e77f38eb568966ded89aad5ce75c494455128fd42371.png
08:18:18.974 [main] DEBUG net.thucydides.core.steps.StepInterceptor - STEP DONE: clickbtnlogin
08:18:18.974 [Darkroom Processing Line] DEBUG net.serenitybdd.core.photography.DarkroomProcessingLine - Processing screenshot image in /var/screenshots/screenshot-10106321559770196339
08:18:18.974 [Darkroom Processing Line] DEBUG net.serenitybdd.core.photography.DarkroomProcessingLine - Saving screenshot to target\site\serenity\51857ecb9ee7ad2bc461e77f38eb568966ded89aad5ce75c494455128fd42371.png
  &amp#27;[32mWhen &amp#27;[0m&amp#27;[32mclick the login button&amp#27;[0m                                             &amp#27;[90m# starter.stepdefinitios.LoginSteps.clickTheLoginButton()&amp#27;[0m
08:18:19.632 [main] DEBUG net.serenitybdd.core.photography.Darkroom - Send negative for processing for target\site\serenity\cd4dae23421b104040f639b55bd9916ddd455749d76b0dbc0056fc888879b43d.png
08:18:19.633 [Darkroom Processing Line] DEBUG net.serenitybdd.core.photography.DarkroomProcessingLine - Processing screenshot image in /var/screenshots/screenshot-17085900993857910319
08:18:19.633 [Darkroom Processing Line] DEBUG net.serenitybdd.core.photography.DarkroomProcessingLine - Saving screenshot to target\site\serenity\cd4dae23421b104040f639b55bd9916ddd455749d76b0dbc0056fc888879b43d.png
08:18:19.638 [main] DEBUG net.thucydides.core.steps.StepInterceptor - STARTING STEP: LoginSteps.validatePageHomeOrError - validate page home or error {string}
08:18:19.668 [main] DEBUG net.thucydides.core.steps.StepInterceptor - STEP DONE: validate page home or error {string}
  &amp#27;[32mThen &amp#27;[0m&amp#27;[32mvalidate page home or error &amp#27;[0m&amp#27;[32m&amp#27;[1m"Password harus diisi."&amp#27;[0m                &amp#27;[90m# starter.stepdefinitios.LoginSteps.validatePageHomeOrError(java.lang.String)&amp#27;[0m
]]></system-out>
    <system-err><![CDATA[Starting ChromeDriver 117.0.5938.88 (be6afae4721209be42944bbcd325665f9f44563b-refs/branch-heads/5938_62@{#9}) on port 20671
Only local connections are allowed.
Please see https://chromedriver.chromium.org/security-considerations for suggestions on keeping ChromeDriver safe.
ChromeDriver was started successfully.
Oct 06, 2023 8:18:15 AM org.openqa.selenium.remote.ProtocolHandshake createSession
INFO: Detected dialect: W3C
]]></system-err>
  </testcase>
  <testcase name="Login Account #8" classname="Login Account at app.jubelio" time="6.882">
    <system-out><![CDATA[
@Login
Scenario Outline: Login Account                                           &amp#27;[90m# src/test/resources/features/user/login.feature:18&amp#27;[0m
08:18:20.000 [main] INFO io.cucumber.core.plugin.SerenityReporter - Running feature from file:///D:/QE/Automation/Jubelio-Website/src/test/resources/features/user/login.feature
08:18:20.525 [main] DEBUG net.thucydides.core.steps.StepInterceptor - STARTING STEP: LoginSteps.fillsInTheWithValidDataEmail - openLink
08:18:20.528 [main] INFO net.serenitybdd.core.webdriver.driverproviders.ChromeDriverProvider - Using automatically driver download
08:18:20.549 [main] DEBUG org.apache.hc.client5.http.impl.classic.InternalHttpClient - ex-00000035: preparing request execution
08:18:20.549 [main] DEBUG org.apache.hc.client5.http.protocol.RequestAddCookies - Cookie spec selected: strict
08:18:20.549 [main] DEBUG org.apache.hc.client5.http.protocol.RequestAuthCache - Auth cache not set in the context
08:18:20.549 [main] DEBUG org.apache.hc.client5.http.impl.classic.ProtocolExec - ex-00000035: target auth state: UNCHALLENGED
08:18:20.550 [main] DEBUG org.apache.hc.client5.http.impl.classic.ProtocolExec - ex-00000035: proxy auth state: UNCHALLENGED
08:18:20.550 [main] DEBUG org.apache.hc.client5.http.impl.classic.ConnectExec - ex-00000035: acquiring connection with route {s}->https://raw.githubusercontent.com:443
08:18:20.550 [main] DEBUG org.apache.hc.client5.http.impl.classic.InternalHttpClient - ex-00000035: acquiring endpoint (3 MINUTES)
08:18:20.550 [main] DEBUG org.apache.hc.client5.http.impl.io.PoolingHttpClientConnectionManager - ex-00000035: endpoint lease request (3 MINUTES) [route: {s}->https://raw.githubusercontent.com:443][total available: 0; route allocated: 0 of 5; total allocated: 0 of 25]
08:18:20.550 [main] DEBUG org.apache.hc.client5.http.impl.io.PoolingHttpClientConnectionManager - ex-00000035: endpoint leased [route: {s}->https://raw.githubusercontent.com:443][total available: 0; route allocated: 1 of 5; total allocated: 1 of 25]
08:18:20.550 [main] DEBUG org.apache.hc.client5.http.impl.io.PoolingHttpClientConnectionManager - ex-00000035: acquired ep-00000034
08:18:20.550 [main] DEBUG org.apache.hc.client5.http.impl.classic.InternalHttpClient - ex-00000035: acquired endpoint ep-00000034
08:18:20.550 [main] DEBUG org.apache.hc.client5.http.impl.classic.ConnectExec - ex-00000035: opening connection {s}->https://raw.githubusercontent.com:443
08:18:20.550 [main] DEBUG org.apache.hc.client5.http.impl.classic.InternalHttpClient - ep-00000034: connecting endpoint (30 SECONDS)
08:18:20.550 [main] DEBUG org.apache.hc.client5.http.impl.io.PoolingHttpClientConnectionManager - ep-00000034: connecting endpoint to https://raw.githubusercontent.com:443 (30 SECONDS)
08:18:20.551 [main] DEBUG org.apache.hc.client5.http.impl.io.DefaultHttpClientConnectionOperator - http-outgoing-39: connecting to raw.githubusercontent.com/185.199.108.133:443
08:18:20.551 [main] DEBUG org.apache.hc.client5.http.ssl.SSLConnectionSocketFactory - Connecting socket to raw.githubusercontent.com/185.199.108.133:443 with timeout 30 SECONDS
08:18:20.571 [main] DEBUG org.apache.hc.client5.http.ssl.SSLConnectionSocketFactory - Enabled protocols: [TLSv1.3, TLSv1.2]
08:18:20.571 [main] DEBUG org.apache.hc.client5.http.ssl.SSLConnectionSocketFactory - Enabled cipher suites: [TLS_AES_256_GCM_SHA384, TLS_AES_128_GCM_SHA256, TLS_CHACHA20_POLY1305_SHA256, TLS_ECDHE_ECDSA_WITH_AES_256_GCM_SHA384, TLS_ECDHE_ECDSA_WITH_AES_128_GCM_SHA256, TLS_ECDHE_ECDSA_WITH_CHACHA20_POLY1305_SHA256, TLS_ECDHE_RSA_WITH_AES_256_GCM_SHA384, TLS_ECDHE_RSA_WITH_CHACHA20_POLY1305_SHA256, TLS_ECDHE_RSA_WITH_AES_128_GCM_SHA256, TLS_DHE_RSA_WITH_AES_256_GCM_SHA384, TLS_DHE_RSA_WITH_CHACHA20_POLY1305_SHA256, TLS_DHE_DSS_WITH_AES_256_GCM_SHA384, TLS_DHE_RSA_WITH_AES_128_GCM_SHA256, TLS_DHE_DSS_WITH_AES_128_GCM_SHA256, TLS_ECDHE_ECDSA_WITH_AES_256_CBC_SHA384, TLS_ECDHE_RSA_WITH_AES_256_CBC_SHA384, TLS_ECDHE_ECDSA_WITH_AES_128_CBC_SHA256, TLS_ECDHE_RSA_WITH_AES_128_CBC_SHA256, TLS_DHE_RSA_WITH_AES_256_CBC_SHA256, TLS_DHE_DSS_WITH_AES_256_CBC_SHA256, TLS_DHE_RSA_WITH_AES_128_CBC_SHA256, TLS_DHE_DSS_WITH_AES_128_CBC_SHA256, TLS_ECDH_ECDSA_WITH_AES_256_GCM_SHA384, TLS_ECDH_RSA_WITH_AES_256_GCM_SHA384, TLS_ECDH_ECDSA_WITH_AES_128_GCM_SHA256, TLS_ECDH_RSA_WITH_AES_128_GCM_SHA256, TLS_ECDH_ECDSA_WITH_AES_256_CBC_SHA384, TLS_ECDH_RSA_WITH_AES_256_CBC_SHA384, TLS_ECDH_ECDSA_WITH_AES_128_CBC_SHA256, TLS_ECDH_RSA_WITH_AES_128_CBC_SHA256, TLS_ECDHE_ECDSA_WITH_AES_256_CBC_SHA, TLS_ECDHE_RSA_WITH_AES_256_CBC_SHA, TLS_ECDHE_ECDSA_WITH_AES_128_CBC_SHA, TLS_ECDHE_RSA_WITH_AES_128_CBC_SHA, TLS_DHE_RSA_WITH_AES_256_CBC_SHA, TLS_DHE_DSS_WITH_AES_256_CBC_SHA, TLS_DHE_RSA_WITH_AES_128_CBC_SHA, TLS_DHE_DSS_WITH_AES_128_CBC_SHA, TLS_ECDH_ECDSA_WITH_AES_256_CBC_SHA, TLS_ECDH_RSA_WITH_AES_256_CBC_SHA, TLS_ECDH_ECDSA_WITH_AES_128_CBC_SHA, TLS_ECDH_RSA_WITH_AES_128_CBC_SHA, TLS_RSA_WITH_AES_256_GCM_SHA384, TLS_RSA_WITH_AES_128_GCM_SHA256, TLS_RSA_WITH_AES_256_CBC_SHA256, TLS_RSA_WITH_AES_128_CBC_SHA256, TLS_RSA_WITH_AES_256_CBC_SHA, TLS_RSA_WITH_AES_128_CBC_SHA, TLS_EMPTY_RENEGOTIATION_INFO_SCSV]
08:18:20.571 [main] DEBUG org.apache.hc.client5.http.ssl.SSLConnectionSocketFactory - Starting handshake
08:18:20.618 [main] DEBUG org.apache.hc.client5.http.ssl.SSLConnectionSocketFactory - Secure session established
08:18:20.618 [main] DEBUG org.apache.hc.client5.http.ssl.SSLConnectionSocketFactory -  negotiated protocol: TLSv1.3
08:18:20.618 [main] DEBUG org.apache.hc.client5.http.ssl.SSLConnectionSocketFactory -  negotiated cipher suite: TLS_AES_256_GCM_SHA384
08:18:20.618 [main] DEBUG org.apache.hc.client5.http.ssl.SSLConnectionSocketFactory -  peer principal: CN=*.github.io, O="GitHub, Inc.", L=San Francisco, ST=California, C=US
08:18:20.618 [main] DEBUG org.apache.hc.client5.http.ssl.SSLConnectionSocketFactory -  peer alternative names: [*.github.io, github.io, *.github.com, github.com, www.github.com, *.githubusercontent.com, githubusercontent.com]
08:18:20.618 [main] DEBUG org.apache.hc.client5.http.ssl.SSLConnectionSocketFactory -  issuer principal: CN=DigiCert TLS RSA SHA256 2020 CA1, O=DigiCert Inc, C=US
08:18:20.618 [main] DEBUG org.apache.hc.client5.http.impl.io.DefaultHttpClientConnectionOperator - http-outgoing-39: connection established 192.168.100.42:64791<->185.199.108.133:443
08:18:20.618 [main] DEBUG org.apache.hc.client5.http.impl.io.PoolingHttpClientConnectionManager - ep-00000034: connected http-outgoing-39
08:18:20.618 [main] DEBUG org.apache.hc.client5.http.impl.classic.InternalHttpClient - ep-00000034: endpoint connected
08:18:20.618 [main] DEBUG org.apache.hc.client5.http.impl.classic.MainClientExec - ex-00000035: executing GET /bonigarcia/webdrivermanager/master/src/main/resources/commands.properties HTTP/1.1
08:18:20.618 [main] DEBUG org.apache.hc.client5.http.impl.classic.InternalHttpClient - ep-00000034: start execution ex-00000035
08:18:20.618 [main] DEBUG org.apache.hc.client5.http.impl.io.PoolingHttpClientConnectionManager - ep-00000034: executing exchange ex-00000035 over http-outgoing-39
08:18:20.618 [main] DEBUG org.apache.hc.client5.http.headers - http-outgoing-39 >> GET /bonigarcia/webdrivermanager/master/src/main/resources/commands.properties HTTP/1.1
08:18:20.618 [main] DEBUG org.apache.hc.client5.http.headers - http-outgoing-39 >> user-agent: Apache-HttpClient/5.0
08:18:20.618 [main] DEBUG org.apache.hc.client5.http.headers - http-outgoing-39 >> accept-encoding: gzip, deflate, br
08:18:20.618 [main] DEBUG org.apache.hc.client5.http.headers - http-outgoing-39 >> cache-control: max-age=0
08:18:20.618 [main] DEBUG org.apache.hc.client5.http.headers - http-outgoing-39 >> connection: keep-alive
08:18:20.618 [main] DEBUG org.apache.hc.client5.http.headers - http-outgoing-39 >> Host: raw.githubusercontent.com
08:18:20.618 [main] DEBUG org.apache.hc.client5.http.wire - http-outgoing-39 >> "GET /bonigarcia/webdrivermanager/master/src/main/resources/commands.properties HTTP/1.1[\r][\n]"
08:18:20.618 [main] DEBUG org.apache.hc.client5.http.wire - http-outgoing-39 >> "user-agent: Apache-HttpClient/5.0[\r][\n]"
08:18:20.618 [main] DEBUG org.apache.hc.client5.http.wire - http-outgoing-39 >> "accept-encoding: gzip, deflate, br[\r][\n]"
08:18:20.618 [main] DEBUG org.apache.hc.client5.http.wire - http-outgoing-39 >> "cache-control: max-age=0[\r][\n]"
08:18:20.618 [main] DEBUG org.apache.hc.client5.http.wire - http-outgoing-39 >> "connection: keep-alive[\r][\n]"
08:18:20.618 [main] DEBUG org.apache.hc.client5.http.wire - http-outgoing-39 >> "Host: raw.githubusercontent.com[\r][\n]"
08:18:20.618 [main] DEBUG org.apache.hc.client5.http.wire - http-outgoing-39 >> "[\r][\n]"
08:18:20.656 [main] DEBUG org.apache.hc.client5.http.wire - http-outgoing-39 << "HTTP/1.1 200 OK[\r][\n]"
08:18:20.656 [main] DEBUG org.apache.hc.client5.http.wire - http-outgoing-39 << "Connection: keep-alive[\r][\n]"
08:18:20.656 [main] DEBUG org.apache.hc.client5.http.wire - http-outgoing-39 << "Content-Length: 723[\r][\n]"
08:18:20.656 [main] DEBUG org.apache.hc.client5.http.wire - http-outgoing-39 << "Cache-Control: max-age=300[\r][\n]"
08:18:20.656 [main] DEBUG org.apache.hc.client5.http.wire - http-outgoing-39 << "Content-Security-Policy: default-src 'none'; style-src 'unsafe-inline'; sandbox[\r][\n]"
08:18:20.656 [main] DEBUG org.apache.hc.client5.http.wire - http-outgoing-39 << "Content-Type: text/plain; charset=utf-8[\r][\n]"
08:18:20.656 [main] DEBUG org.apache.hc.client5.http.wire - http-outgoing-39 << "ETag: W/"e82b438271e9e8680c688b0b680efd0bdd22faa6d6f0a32fc1fd8accc486b67e"[\r][\n]"
08:18:20.656 [main] DEBUG org.apache.hc.client5.http.wire - http-outgoing-39 << "Strict-Transport-Security: max-age=31536000[\r][\n]"
08:18:20.656 [main] DEBUG org.apache.hc.client5.http.wire - http-outgoing-39 << "X-Content-Type-Options: nosniff[\r][\n]"
08:18:20.656 [main] DEBUG org.apache.hc.client5.http.wire - http-outgoing-39 << "X-Frame-Options: deny[\r][\n]"
08:18:20.656 [main] DEBUG org.apache.hc.client5.http.wire - http-outgoing-39 << "X-XSS-Protection: 1; mode=block[\r][\n]"
08:18:20.656 [main] DEBUG org.apache.hc.client5.http.wire - http-outgoing-39 << "X-GitHub-Request-Id: 4CA0:B8C7F:70C4E:8CACE:651389F9[\r][\n]"
08:18:20.656 [main] DEBUG org.apache.hc.client5.http.wire - http-outgoing-39 << "Content-Encoding: gzip[\r][\n]"
08:18:20.656 [main] DEBUG org.apache.hc.client5.http.wire - http-outgoing-39 << "Accept-Ranges: bytes[\r][\n]"
08:18:20.656 [main] DEBUG org.apache.hc.client5.http.wire - http-outgoing-39 << "Date: Fri, 06 Oct 2023 01:18:22 GMT[\r][\n]"
08:18:20.656 [main] DEBUG org.apache.hc.client5.http.wire - http-outgoing-39 << "Via: 1.1 varnish[\r][\n]"
08:18:20.656 [main] DEBUG org.apache.hc.client5.http.wire - http-outgoing-39 << "X-Served-By: cache-qpg1265-QPG[\r][\n]"
08:18:20.656 [main] DEBUG org.apache.hc.client5.http.wire - http-outgoing-39 << "X-Cache: HIT[\r][\n]"
08:18:20.656 [main] DEBUG org.apache.hc.client5.http.wire - http-outgoing-39 << "X-Cache-Hits: 2[\r][\n]"
08:18:20.656 [main] DEBUG org.apache.hc.client5.http.wire - http-outgoing-39 << "X-Timer: S1696555103.776938,VS0,VE0[\r][\n]"
08:18:20.656 [main] DEBUG org.apache.hc.client5.http.wire - http-outgoing-39 << "Vary: Authorization,Accept-Encoding,Origin[\r][\n]"
08:18:20.656 [main] DEBUG org.apache.hc.client5.http.wire - http-outgoing-39 << "Access-Control-Allow-Origin: *[\r][\n]"
08:18:20.656 [main] DEBUG org.apache.hc.client5.http.wire - http-outgoing-39 << "Cross-Origin-Resource-Policy: cross-origin[\r][\n]"
08:18:20.656 [main] DEBUG org.apache.hc.client5.http.wire - http-outgoing-39 << "X-Fastly-Request-ID: 076493aa93316bdc4b13a5b7eb51e98b1e751855[\r][\n]"
08:18:20.656 [main] DEBUG org.apache.hc.client5.http.wire - http-outgoing-39 << "Expires: Fri, 06 Oct 2023 01:23:22 GMT[\r][\n]"
08:18:20.656 [main] DEBUG org.apache.hc.client5.http.wire - http-outgoing-39 << "Source-Age: 134[\r][\n]"
08:18:20.656 [main] DEBUG org.apache.hc.client5.http.wire - http-outgoing-39 << "[\r][\n]"
08:18:20.656 [main] DEBUG org.apache.hc.client5.http.headers - http-outgoing-39 << HTTP/1.1 200 OK
08:18:20.656 [main] DEBUG org.apache.hc.client5.http.headers - http-outgoing-39 << Connection: keep-alive
08:18:20.656 [main] DEBUG org.apache.hc.client5.http.headers - http-outgoing-39 << Content-Length: 723
08:18:20.656 [main] DEBUG org.apache.hc.client5.http.headers - http-outgoing-39 << Cache-Control: max-age=300
08:18:20.656 [main] DEBUG org.apache.hc.client5.http.headers - http-outgoing-39 << Content-Security-Policy: default-src 'none'; style-src 'unsafe-inline'; sandbox
08:18:20.656 [main] DEBUG org.apache.hc.client5.http.headers - http-outgoing-39 << Content-Type: text/plain; charset=utf-8
08:18:20.656 [main] DEBUG org.apache.hc.client5.http.headers - http-outgoing-39 << ETag: W/"e82b438271e9e8680c688b0b680efd0bdd22faa6d6f0a32fc1fd8accc486b67e"
08:18:20.656 [main] DEBUG org.apache.hc.client5.http.headers - http-outgoing-39 << Strict-Transport-Security: max-age=31536000
08:18:20.656 [main] DEBUG org.apache.hc.client5.http.headers - http-outgoing-39 << X-Content-Type-Options: nosniff
08:18:20.656 [main] DEBUG org.apache.hc.client5.http.headers - http-outgoing-39 << X-Frame-Options: deny
08:18:20.656 [main] DEBUG org.apache.hc.client5.http.headers - http-outgoing-39 << X-XSS-Protection: 1; mode=block
08:18:20.656 [main] DEBUG org.apache.hc.client5.http.headers - http-outgoing-39 << X-GitHub-Request-Id: 4CA0:B8C7F:70C4E:8CACE:651389F9
08:18:20.656 [main] DEBUG org.apache.hc.client5.http.headers - http-outgoing-39 << Content-Encoding: gzip
08:18:20.656 [main] DEBUG org.apache.hc.client5.http.headers - http-outgoing-39 << Accept-Ranges: bytes
08:18:20.656 [main] DEBUG org.apache.hc.client5.http.headers - http-outgoing-39 << Date: Fri, 06 Oct 2023 01:18:22 GMT
08:18:20.656 [main] DEBUG org.apache.hc.client5.http.headers - http-outgoing-39 << Via: 1.1 varnish
08:18:20.656 [main] DEBUG org.apache.hc.client5.http.headers - http-outgoing-39 << X-Served-By: cache-qpg1265-QPG
08:18:20.656 [main] DEBUG org.apache.hc.client5.http.headers - http-outgoing-39 << X-Cache: HIT
08:18:20.656 [main] DEBUG org.apache.hc.client5.http.headers - http-outgoing-39 << X-Cache-Hits: 2
08:18:20.656 [main] DEBUG org.apache.hc.client5.http.headers - http-outgoing-39 << X-Timer: S1696555103.776938,VS0,VE0
08:18:20.656 [main] DEBUG org.apache.hc.client5.http.headers - http-outgoing-39 << Vary: Authorization,Accept-Encoding,Origin
08:18:20.657 [main] DEBUG org.apache.hc.client5.http.headers - http-outgoing-39 << Access-Control-Allow-Origin: *
08:18:20.657 [main] DEBUG org.apache.hc.client5.http.headers - http-outgoing-39 << Cross-Origin-Resource-Policy: cross-origin
08:18:20.657 [main] DEBUG org.apache.hc.client5.http.headers - http-outgoing-39 << X-Fastly-Request-ID: 076493aa93316bdc4b13a5b7eb51e98b1e751855
08:18:20.657 [main] DEBUG org.apache.hc.client5.http.headers - http-outgoing-39 << Expires: Fri, 06 Oct 2023 01:23:22 GMT
08:18:20.657 [main] DEBUG org.apache.hc.client5.http.headers - http-outgoing-39 << Source-Age: 134
08:18:20.657 [main] DEBUG org.apache.hc.client5.http.impl.classic.MainClientExec - ex-00000035: connection can be kept alive for 3 MINUTES
08:18:20.657 [main] DEBUG org.apache.hc.client5.http.wire - http-outgoing-39 << "[0x1f][0xffffff8b][0x8][0x0][0x0][0x0][0x0][0x0][0x0][0x3][0xffffffb5]V]o[0xffffffda]0[0x14]}[0xffffffe7]W\[0xffffff81]*[0xffffffb5][0x12][0x1f][[M[0xffffffd3]$[0x1e]hF[0xffffffbb]i [0x18][0xffffffb4][0xffffffdd]&[0xfffffff9][0xffffffc5]$7[0xffffffc1]R[0x12]#;[0xffffff94]v[0xffffffbf]~[0xffffffb6][0xfffffff3]1[0xffffff92][0xffffff9a][0xffffffc1][0x1a]x[0xffffffcb][0xffffffb5][0xffffffaf][0xffffffcf]9[0xffffffbe][0xfffffff7]8v[0xb][0x1c][0x1e]E4[0xfffffff6]$x4[0xffffffa1][0xb]*[0xffffffb1][0xffffffd1][0xffffff82][0xfffffffb]%[0xffffff93][0xffffffe0][0xffffffb3][0x10][0xffffffc1][0xffffffe5]qBY,!Y[0xffffffea] KM8,[0x10][0xfffffff0][0x19][0xffffffdd]u[0xffffff82][0x1e][0xffffffb0][0xffffffd8]L[0xffffffcb]%[0xffffff86][0xffffffa1][0xe][0xffffffb8][0xfffffff0]P[0xffffffe8]$[0xf][0x13]t[0x13]3[0xfffffff9][0xffffff84]B2[0xffffffae][0xffffffe6]|@[0xfffffff5][0x1d][0x8][0xffffffc4][0x18][0x16][0xffffff82]o[0xffffffa4][0xffffff9a]P[0xffffff94][0xffffffe7][0xffffffce]R[0xfffffff0][0x8][0xffffffdb]p[0xffffffcb][0x4][0xfffffffa][0xfffffffc][0xffffffb9][\r][0xffffff93][0x15][\n]"
08:18:20.657 [main] DEBUG org.apache.hc.client5.http.wire - http-outgoing-39 << "[0xffffffda][0xffffff86][0xffffffa1][0x17][0xffffffa8]Q3[0xffffffcb][0xffffffd6][0xffffffd1][0xffffff85][0xffffffc6][0xfffffff7][0xffffff98][0xffffffef][0xffffffa3][0xffffffc0]8[0x1][0xffffffae]s[0x12][0x16][0x7] _d[0xffffff82][0xffffff91][0xffffff84][0xfffffff3][0x1f],[0xfffffff6][0x14]j[0x1b]F,^+[0xffffff98]1ua2[0xffffffbf]h([0xffffff8e][0xffffff94][0xffffffa2][0xffffff91]m[0xffffffa3][0xffffffeb][0xffffff9a][0xffffffb0][0xffffffbb]I[0x17]t[0xffffffdf][0xffffffbd][0xffffffef][0xffffffbb][0xffffff91][0xffffffd7]U[0xffffffbb][0xffffff82][0xffffff9e][0x3][0xffffff9b][0xffffff88][0xffffffb9][0xffffffa6]$[0xffffffa6][0xc][0xffffff9b][0xffffffa5][0xffffffe2][0xffffff83][0xffffff98]F[0xffffffd8]o[0xffffff9e]Mg[0xffffff93][0xffffffbb][0xffffffd9]`|[0xfffffffb]u4[0xffffff9c][0x7f]"}B[0xffffffce][0x8][0xffffffb9][0xffffffe3]<[0x8][0xffffff91][0xffffff90][0xffffff94][0xffffff82][0xffffff90][0xffffffc1]j[0x15]2WI[0xffffffe3]1![0x19][0xffffff91]BnB[0xffffff80][0x9]<f[0xffffffb5][0xffffffe8]=[0xffffffd1]p[0xffffffbd][[0xffffffcf][0xffffffe5][0x1b][0xfffffff4][0xffffff9c][0xffffffff][0xfffffffc][0xfffffff8][0xffffffe1][0xffffffe2][0xffffff94][0xffffffa2][0xffffffae][0xe][0x14]5[0xffffff9a]8[0xffffff83][0xffffffd1]`:[0xfffffffd]<[0xffffffb8][0x1f][0xffffff9c]R[0xffffffcf]u[0x7f]6[0xffffffbc][0xffffff83][0xffffffef][0xf][0xffffffc3][0xffffffd9]/[0xfffffff8][0xfffffff2][0xffffffcd]y s[0xffffffee]'[0x1b]*0g[0xffffffcb][0xffffffc8]nF7H][0xffffff83][0xffffff97]{[0xffffffb1]Q[0x5][\r][0xffffffb5]c[0xffffffb4][0xf][0x2][0xffffffb3][0xffffffb4][0xffffff93][0xe]C[0xffffffa7][0xffffffb3]kAD][0xffffff9d][0xffffffde][0xffffffdb][0xffffffda][0xffffff88][0xffffffec][0xffffffa5][0xffffffbc][0xffffff99][0xffffffd9][0xffffffba]t[0xffffffb5][0xffffffea]9[0xffffffea][0x10])[0xffffffb7][0xffffffca][0xffffff9e][0xfffffff2][0xffffffe2]d^N[0xffffffd8]FW[0x16][0xffffffcd][0xffffffdc]_[0x10][0xfffffff9]i|[0x1c][0xffffff93][0xffffff8e][0xfffffff9]o[0x16][0xffffff86]4'!$G[0xffffffdf]W[0xfffffff4]W*j[[0xfffffff3]xR[0xffffffae][0xffffffb6][0xc][0xffffffd0],; #[0xffffffa9][0xffffff92]5[0xffffffb5][0x7][0xffffff9c][0xffffffb5][0xffffffd0][0x7f][0xffffff90][0xffffffc7]jgs[0xfffffffc][0xffffffc2][0xb][0xffffffd9][0x0]t[0xffffff9e]^'Y[0xfffffffb][0xffffff9f][0xffffffb1][0xffffffd8]:[0xffffffbf][0xffffff8d][0xffffffa5][0xffffff9a][0xffffffad][0x7f]m[0x5]&[0xffffffaa][0xffffffa0]^[0xffffff9b][0xffffffcb][0x5]f[0xffffffae][0xffffffe0]RU[0xffffff82][0x10]MS9l[0xffffff91]4t[0xfffffffb][0xffffff8a]][0xffffffd6][0xfffffff4][0xffffff96][0xffffffa6][0xffffff9f]P[0xffffffce][0xffffffd5][0xffffffce][0xffffff93][0xffffffff][0xffffff97][0xffffffcc]p[0xfffffffd][0xfffffff3][0xffffffe8][0x1b][0xffffffcc][0xffffffa2][0xffffffd9]Q[0xffffffbe][0xffffffb2][0xffffffa3][0xffffffc7]m'[0xffffffdf][0xffffffe4][[0xfffffffb]^[0xffffffb0][0xffffff9a][0xffffffbe][0xffffffda][0xffffffda]_[0xffffffce][0xffffff80][0xffffffd2][0xffffffc1]7[0xffffffb7]][0xffffffc1]b[0xffffffee][0xffffffb5][0xffffffff]w[0xffffff83][0xffffffed][0xffffffa7];[0x15]<[0x10]4[0xffffff92][0xffffff84][0x18][\n]"
08:18:20.657 [main] DEBUG org.apache.hc.client5.http.wire - http-outgoing-39 << "BB[0xffffffba][0xffffff8e]][0xffffffb5]jo[0xffffffb9]+"[0xffffffea][0xffffffb4][0xffffffff]h"[0xffffffea]\?5[0xffffffa9][0xffffffaf]k[0xffffffec][0xffffffff]P[0xffffffea][\n]"
08:18:20.657 [main] DEBUG org.apache.hc.client5.http.wire - http-outgoing-39 << "w[0xffffffe1]K[0x13][0xffffffda][0xffffffec][0xffffff98][0xffffffe6]Y[0xfffffffd]h8m6[0xffffff9c]T[0xffffffc1][0xfffffff2][0xffffffa7][0xffffff91]z_[0xffffff95]o85p[0x1c][0x13][0xffffffe6][0xfffffff0]5[0xffffffee][0xfffffffc][0xffffff92][0xffffff96][0xffffffda][0xfffffff7][0xffffffcf][0xffffffb1][0x5][0x1d][0xffffffea]K[0xffffff9b]9[0xffffff8e][0xffffffad]e[0xfffffff7][0xffffff93][0xffffffa8]`[0xffffffda][0xffffffff][0x1a][0xffffffd2][0xffffff88][0xffffff85][0xfffffffd][0xfffffff2][0xffffff91]N[0xfffffff6]`[0xffffffdf]2[0xffffffcf][0xffffffae]E[0xffffff97][0xffffffc5][0xffffffa2][0xffffff9d][0xffffffef]'[0xffffff9d]mun.[0xffffffd3]f^[0xffffffc7][0xffffff82][0xffffffda][0xffffff82]9[0xfffffff5][0xffffffa9]`[0x5][0xffffffbc]4[0xffffffa1][0x1d]<M[0xffffffb5]A[0xffffffa7]3[[0xffffffc0][0x7f][0x0][0xffffffc1][0xffffffd0]$[0xffffff85][0x1d][\r][0x0][0x0]"
08:18:20.657 [main] DEBUG org.apache.hc.client5.http.impl.classic.InternalHttpClient - ep-00000034: releasing valid endpoint
08:18:20.657 [main] DEBUG org.apache.hc.client5.http.impl.io.PoolingHttpClientConnectionManager - ep-00000034: releasing endpoint
08:18:20.657 [main] DEBUG org.apache.hc.client5.http.impl.io.PoolingHttpClientConnectionManager - ep-00000034: connection http-outgoing-39 can be kept alive for 3 MINUTES
08:18:20.657 [main] DEBUG org.apache.hc.client5.http.impl.io.PoolingHttpClientConnectionManager - ep-00000034: connection released [route: {s}->https://raw.githubusercontent.com:443][total available: 1; route allocated: 1 of 5; total allocated: 1 of 25]
08:18:20.657 [main] DEBUG io.github.bonigarcia.wdm.versions.VersionDetector - Detecting chrome version using online commands.properties
08:18:20.658 [main] DEBUG io.github.bonigarcia.wdm.versions.Shell - Running command on the shell: [cmd.exe, /C, wmic, datafile, where, name="%PROGRAMFILES:\=\\%\\Google\\Chrome\\Application\\chrome.exe", get, Version, /value]
08:18:20.774 [main] DEBUG io.github.bonigarcia.wdm.versions.Shell - Result: Version=117.0.5938.134
08:18:20.776 [main] DEBUG org.apache.hc.client5.http.impl.classic.InternalHttpClient - ex-00000036: preparing request execution
08:18:20.776 [main] DEBUG org.apache.hc.client5.http.protocol.RequestAddCookies - Cookie spec selected: strict
08:18:20.776 [main] DEBUG org.apache.hc.client5.http.protocol.RequestAuthCache - Auth cache not set in the context
08:18:20.776 [main] DEBUG org.apache.hc.client5.http.impl.classic.ProtocolExec - ex-00000036: target auth state: UNCHALLENGED
08:18:20.776 [main] DEBUG org.apache.hc.client5.http.impl.classic.ProtocolExec - ex-00000036: proxy auth state: UNCHALLENGED
08:18:20.776 [main] DEBUG org.apache.hc.client5.http.impl.classic.ConnectExec - ex-00000036: acquiring connection with route {s}->https://chromedriver.storage.googleapis.com:443
08:18:20.776 [main] DEBUG org.apache.hc.client5.http.impl.classic.InternalHttpClient - ex-00000036: acquiring endpoint (3 MINUTES)
08:18:20.776 [main] DEBUG org.apache.hc.client5.http.impl.io.PoolingHttpClientConnectionManager - ex-00000036: endpoint lease request (3 MINUTES) [route: {s}->https://chromedriver.storage.googleapis.com:443][total available: 1; route allocated: 0 of 5; total allocated: 1 of 25]
08:18:20.776 [main] DEBUG org.apache.hc.client5.http.impl.io.PoolingHttpClientConnectionManager - ex-00000036: endpoint leased [route: {s}->https://chromedriver.storage.googleapis.com:443][total available: 1; route allocated: 1 of 5; total allocated: 2 of 25]
08:18:20.776 [main] DEBUG org.apache.hc.client5.http.impl.io.PoolingHttpClientConnectionManager - ex-00000036: acquired ep-00000035
08:18:20.776 [main] DEBUG org.apache.hc.client5.http.impl.classic.InternalHttpClient - ex-00000036: acquired endpoint ep-00000035
08:18:20.776 [main] DEBUG org.apache.hc.client5.http.impl.classic.ConnectExec - ex-00000036: opening connection {s}->https://chromedriver.storage.googleapis.com:443
08:18:20.776 [main] DEBUG org.apache.hc.client5.http.impl.classic.InternalHttpClient - ep-00000035: connecting endpoint (30 SECONDS)
08:18:20.776 [main] DEBUG org.apache.hc.client5.http.impl.io.PoolingHttpClientConnectionManager - ep-00000035: connecting endpoint to https://chromedriver.storage.googleapis.com:443 (30 SECONDS)
08:18:20.776 [main] DEBUG org.apache.hc.client5.http.impl.io.DefaultHttpClientConnectionOperator - http-outgoing-40: connecting to chromedriver.storage.googleapis.com/34.101.5.27:443
08:18:20.777 [main] DEBUG org.apache.hc.client5.http.ssl.SSLConnectionSocketFactory - Connecting socket to chromedriver.storage.googleapis.com/34.101.5.27:443 with timeout 30 SECONDS
08:18:20.782 [main] DEBUG org.apache.hc.client5.http.ssl.SSLConnectionSocketFactory - Enabled protocols: [TLSv1.3, TLSv1.2]
08:18:20.782 [main] DEBUG org.apache.hc.client5.http.ssl.SSLConnectionSocketFactory - Enabled cipher suites: [TLS_AES_256_GCM_SHA384, TLS_AES_128_GCM_SHA256, TLS_CHACHA20_POLY1305_SHA256, TLS_ECDHE_ECDSA_WITH_AES_256_GCM_SHA384, TLS_ECDHE_ECDSA_WITH_AES_128_GCM_SHA256, TLS_ECDHE_ECDSA_WITH_CHACHA20_POLY1305_SHA256, TLS_ECDHE_RSA_WITH_AES_256_GCM_SHA384, TLS_ECDHE_RSA_WITH_CHACHA20_POLY1305_SHA256, TLS_ECDHE_RSA_WITH_AES_128_GCM_SHA256, TLS_DHE_RSA_WITH_AES_256_GCM_SHA384, TLS_DHE_RSA_WITH_CHACHA20_POLY1305_SHA256, TLS_DHE_DSS_WITH_AES_256_GCM_SHA384, TLS_DHE_RSA_WITH_AES_128_GCM_SHA256, TLS_DHE_DSS_WITH_AES_128_GCM_SHA256, TLS_ECDHE_ECDSA_WITH_AES_256_CBC_SHA384, TLS_ECDHE_RSA_WITH_AES_256_CBC_SHA384, TLS_ECDHE_ECDSA_WITH_AES_128_CBC_SHA256, TLS_ECDHE_RSA_WITH_AES_128_CBC_SHA256, TLS_DHE_RSA_WITH_AES_256_CBC_SHA256, TLS_DHE_DSS_WITH_AES_256_CBC_SHA256, TLS_DHE_RSA_WITH_AES_128_CBC_SHA256, TLS_DHE_DSS_WITH_AES_128_CBC_SHA256, TLS_ECDH_ECDSA_WITH_AES_256_GCM_SHA384, TLS_ECDH_RSA_WITH_AES_256_GCM_SHA384, TLS_ECDH_ECDSA_WITH_AES_128_GCM_SHA256, TLS_ECDH_RSA_WITH_AES_128_GCM_SHA256, TLS_ECDH_ECDSA_WITH_AES_256_CBC_SHA384, TLS_ECDH_RSA_WITH_AES_256_CBC_SHA384, TLS_ECDH_ECDSA_WITH_AES_128_CBC_SHA256, TLS_ECDH_RSA_WITH_AES_128_CBC_SHA256, TLS_ECDHE_ECDSA_WITH_AES_256_CBC_SHA, TLS_ECDHE_RSA_WITH_AES_256_CBC_SHA, TLS_ECDHE_ECDSA_WITH_AES_128_CBC_SHA, TLS_ECDHE_RSA_WITH_AES_128_CBC_SHA, TLS_DHE_RSA_WITH_AES_256_CBC_SHA, TLS_DHE_DSS_WITH_AES_256_CBC_SHA, TLS_DHE_RSA_WITH_AES_128_CBC_SHA, TLS_DHE_DSS_WITH_AES_128_CBC_SHA, TLS_ECDH_ECDSA_WITH_AES_256_CBC_SHA, TLS_ECDH_RSA_WITH_AES_256_CBC_SHA, TLS_ECDH_ECDSA_WITH_AES_128_CBC_SHA, TLS_ECDH_RSA_WITH_AES_128_CBC_SHA, TLS_RSA_WITH_AES_256_GCM_SHA384, TLS_RSA_WITH_AES_128_GCM_SHA256, TLS_RSA_WITH_AES_256_CBC_SHA256, TLS_RSA_WITH_AES_128_CBC_SHA256, TLS_RSA_WITH_AES_256_CBC_SHA, TLS_RSA_WITH_AES_128_CBC_SHA, TLS_EMPTY_RENEGOTIATION_INFO_SCSV]
08:18:20.782 [main] DEBUG org.apache.hc.client5.http.ssl.SSLConnectionSocketFactory - Starting handshake
08:18:20.831 [main] DEBUG org.apache.hc.client5.http.ssl.SSLConnectionSocketFactory - Secure session established
08:18:20.831 [main] DEBUG org.apache.hc.client5.http.ssl.SSLConnectionSocketFactory -  negotiated protocol: TLSv1.3
08:18:20.831 [main] DEBUG org.apache.hc.client5.http.ssl.SSLConnectionSocketFactory -  negotiated cipher suite: TLS_AES_256_GCM_SHA384
08:18:20.831 [main] DEBUG org.apache.hc.client5.http.ssl.SSLConnectionSocketFactory -  peer principal: CN=*.storage.googleapis.com
08:18:20.831 [main] DEBUG org.apache.hc.client5.http.ssl.SSLConnectionSocketFactory -  peer alternative names: [*.storage.googleapis.com, *.googleapis.com, commondatastorage.googleapis.com, *.commondatastorage.googleapis.com, storage.googleapis.com, storage-p2.googleapis.com, *.storage-p2.googleapis.com, storage.mtls.googleapis.com, *.appspot.com.storage.googleapis.com, *.content-storage.googleapis.com, *.content-storage-p2.googleapis.com, *.content-storage-upload.googleapis.com, *.content-storage-download.googleapis.com, *.storage-upload.googleapis.com, *.storage-download.googleapis.com]
08:18:20.831 [main] DEBUG org.apache.hc.client5.http.ssl.SSLConnectionSocketFactory -  issuer principal: CN=GTS CA 1C3, O=Google Trust Services LLC, C=US
08:18:20.831 [main] DEBUG org.apache.hc.client5.http.impl.io.DefaultHttpClientConnectionOperator - http-outgoing-40: connection established 192.168.100.42:64792<->34.101.5.27:443
08:18:20.831 [main] DEBUG org.apache.hc.client5.http.impl.io.PoolingHttpClientConnectionManager - ep-00000035: connected http-outgoing-40
08:18:20.831 [main] DEBUG org.apache.hc.client5.http.impl.classic.InternalHttpClient - ep-00000035: endpoint connected
08:18:20.831 [main] DEBUG org.apache.hc.client5.http.impl.classic.MainClientExec - ex-00000036: executing GET /LATEST_RELEASE_117 HTTP/1.1
08:18:20.831 [main] DEBUG org.apache.hc.client5.http.impl.classic.InternalHttpClient - ep-00000035: start execution ex-00000036
08:18:20.831 [main] DEBUG org.apache.hc.client5.http.impl.io.PoolingHttpClientConnectionManager - ep-00000035: executing exchange ex-00000036 over http-outgoing-40
08:18:20.831 [main] DEBUG org.apache.hc.client5.http.headers - http-outgoing-40 >> GET /LATEST_RELEASE_117 HTTP/1.1
08:18:20.831 [main] DEBUG org.apache.hc.client5.http.headers - http-outgoing-40 >> user-agent: Apache-HttpClient/5.0
08:18:20.831 [main] DEBUG org.apache.hc.client5.http.headers - http-outgoing-40 >> accept-encoding: gzip, deflate, br
08:18:20.831 [main] DEBUG org.apache.hc.client5.http.headers - http-outgoing-40 >> cache-control: max-age=0
08:18:20.831 [main] DEBUG org.apache.hc.client5.http.headers - http-outgoing-40 >> connection: keep-alive
08:18:20.831 [main] DEBUG org.apache.hc.client5.http.headers - http-outgoing-40 >> Host: chromedriver.storage.googleapis.com
08:18:20.831 [main] DEBUG org.apache.hc.client5.http.wire - http-outgoing-40 >> "GET /LATEST_RELEASE_117 HTTP/1.1[\r][\n]"
08:18:20.831 [main] DEBUG org.apache.hc.client5.http.wire - http-outgoing-40 >> "user-agent: Apache-HttpClient/5.0[\r][\n]"
08:18:20.831 [main] DEBUG org.apache.hc.client5.http.wire - http-outgoing-40 >> "accept-encoding: gzip, deflate, br[\r][\n]"
08:18:20.831 [main] DEBUG org.apache.hc.client5.http.wire - http-outgoing-40 >> "cache-control: max-age=0[\r][\n]"
08:18:20.831 [main] DEBUG org.apache.hc.client5.http.wire - http-outgoing-40 >> "connection: keep-alive[\r][\n]"
08:18:20.831 [main] DEBUG org.apache.hc.client5.http.wire - http-outgoing-40 >> "Host: chromedriver.storage.googleapis.com[\r][\n]"
08:18:20.831 [main] DEBUG org.apache.hc.client5.http.wire - http-outgoing-40 >> "[\r][\n]"
08:18:21.077 [main] DEBUG org.apache.hc.client5.http.wire - http-outgoing-40 << "HTTP/1.1 404 Not Found[\r][\n]"
08:18:21.077 [main] DEBUG org.apache.hc.client5.http.wire - http-outgoing-40 << "X-GUploader-UploadID: ADPycduGx0cVeJKNQMuQOC_M3oT7fAuEnF2eurb0R9nYiwGVzemn6xHKi5NCJZddX9i4SOdpKfbJpT-_afMVWchw4YPoi9EsLSHj[\r][\n]"
08:18:21.077 [main] DEBUG org.apache.hc.client5.http.wire - http-outgoing-40 << "Content-Type: application/xml; charset=UTF-8[\r][\n]"
08:18:21.077 [main] DEBUG org.apache.hc.client5.http.wire - http-outgoing-40 << "Content-Length: 193[\r][\n]"
08:18:21.077 [main] DEBUG org.apache.hc.client5.http.wire - http-outgoing-40 << "Date: Fri, 06 Oct 2023 01:18:23 GMT[\r][\n]"
08:18:21.077 [main] DEBUG org.apache.hc.client5.http.wire - http-outgoing-40 << "Expires: Fri, 06 Oct 2023 01:18:23 GMT[\r][\n]"
08:18:21.077 [main] DEBUG org.apache.hc.client5.http.wire - http-outgoing-40 << "Cache-Control: private, max-age=0[\r][\n]"
08:18:21.077 [main] DEBUG org.apache.hc.client5.http.wire - http-outgoing-40 << "Server: UploadServer[\r][\n]"
08:18:21.077 [main] DEBUG org.apache.hc.client5.http.wire - http-outgoing-40 << "Alt-Svc: h3=":443"; ma=2592000,h3-29=":443"; ma=2592000[\r][\n]"
08:18:21.077 [main] DEBUG org.apache.hc.client5.http.wire - http-outgoing-40 << "[\r][\n]"
08:18:21.077 [main] DEBUG org.apache.hc.client5.http.wire - http-outgoing-40 << "<?xml version='1.0' encoding='UTF-8'?><Error><Code>NoSuchKey</Code><Message>The specified key does not exist.</Message><Details>No such object: chromedriver/LATEST_RELEASE_117</Details></Error>"
08:18:21.077 [main] DEBUG org.apache.hc.client5.http.headers - http-outgoing-40 << HTTP/1.1 404 Not Found
08:18:21.077 [main] DEBUG org.apache.hc.client5.http.headers - http-outgoing-40 << X-GUploader-UploadID: ADPycduGx0cVeJKNQMuQOC_M3oT7fAuEnF2eurb0R9nYiwGVzemn6xHKi5NCJZddX9i4SOdpKfbJpT-_afMVWchw4YPoi9EsLSHj
08:18:21.078 [main] DEBUG org.apache.hc.client5.http.headers - http-outgoing-40 << Content-Type: application/xml; charset=UTF-8
08:18:21.078 [main] DEBUG org.apache.hc.client5.http.headers - http-outgoing-40 << Content-Length: 193
08:18:21.078 [main] DEBUG org.apache.hc.client5.http.headers - http-outgoing-40 << Date: Fri, 06 Oct 2023 01:18:23 GMT
08:18:21.078 [main] DEBUG org.apache.hc.client5.http.headers - http-outgoing-40 << Expires: Fri, 06 Oct 2023 01:18:23 GMT
08:18:21.078 [main] DEBUG org.apache.hc.client5.http.headers - http-outgoing-40 << Cache-Control: private, max-age=0
08:18:21.078 [main] DEBUG org.apache.hc.client5.http.headers - http-outgoing-40 << Server: UploadServer
08:18:21.078 [main] DEBUG org.apache.hc.client5.http.headers - http-outgoing-40 << Alt-Svc: h3=":443"; ma=2592000,h3-29=":443"; ma=2592000
08:18:21.078 [main] DEBUG org.apache.hc.client5.http.impl.classic.MainClientExec - ex-00000036: connection can be kept alive for 3 MINUTES
08:18:21.078 [main] ERROR io.github.bonigarcia.wdm.online.HttpClient - Error HTTP 404 executing https://chromedriver.storage.googleapis.com/LATEST_RELEASE_117
08:18:21.078 [main] WARN io.github.bonigarcia.wdm.versions.VersionDetector - Exception reading https://chromedriver.storage.googleapis.com/LATEST_RELEASE_117 to get latest version of chromedriver (Error HTTP 404 executing https://chromedriver.storage.googleapis.com/LATEST_RELEASE_117)
08:18:21.079 [main] DEBUG io.github.bonigarcia.wdm.versions.VersionDetector - Getting driver version for chrome117 from online versions.properties
08:18:21.081 [main] DEBUG org.apache.hc.client5.http.impl.classic.InternalHttpClient - ex-00000037: preparing request execution
08:18:21.081 [main] DEBUG org.apache.hc.client5.http.protocol.RequestAddCookies - Cookie spec selected: strict
08:18:21.081 [main] DEBUG org.apache.hc.client5.http.protocol.RequestAuthCache - Auth cache not set in the context
08:18:21.081 [main] DEBUG org.apache.hc.client5.http.impl.classic.ProtocolExec - ex-00000037: target auth state: UNCHALLENGED
08:18:21.081 [main] DEBUG org.apache.hc.client5.http.impl.classic.ProtocolExec - ex-00000037: proxy auth state: UNCHALLENGED
08:18:21.081 [main] DEBUG org.apache.hc.client5.http.impl.classic.ConnectExec - ex-00000037: acquiring connection with route {s}->https://raw.githubusercontent.com:443
08:18:21.081 [main] DEBUG org.apache.hc.client5.http.impl.classic.InternalHttpClient - ex-00000037: acquiring endpoint (3 MINUTES)
08:18:21.081 [main] DEBUG org.apache.hc.client5.http.impl.io.PoolingHttpClientConnectionManager - ex-00000037: endpoint lease request (3 MINUTES) [route: {s}->https://raw.githubusercontent.com:443][total available: 1; route allocated: 1 of 5; total allocated: 2 of 25]
08:18:21.082 [main] DEBUG org.apache.hc.client5.http.impl.io.PoolingHttpClientConnectionManager - ex-00000037: endpoint leased [route: {s}->https://raw.githubusercontent.com:443][total available: 0; route allocated: 1 of 5; total allocated: 2 of 25]
08:18:21.082 [main] DEBUG org.apache.hc.client5.http.impl.io.PoolingHttpClientConnectionManager - ex-00000037: acquired ep-00000036
08:18:21.082 [main] DEBUG org.apache.hc.client5.http.impl.classic.InternalHttpClient - ex-00000037: acquired endpoint ep-00000036
08:18:21.082 [main] DEBUG org.apache.hc.client5.http.impl.classic.MainClientExec - ex-00000037: executing GET /bonigarcia/webdrivermanager/master/src/main/resources/versions.properties HTTP/1.1
08:18:21.082 [main] DEBUG org.apache.hc.client5.http.impl.classic.InternalHttpClient - ep-00000036: start execution ex-00000037
08:18:21.082 [main] DEBUG org.apache.hc.client5.http.impl.io.PoolingHttpClientConnectionManager - ep-00000036: executing exchange ex-00000037 over http-outgoing-39
08:18:21.082 [main] DEBUG org.apache.hc.client5.http.headers - http-outgoing-39 >> GET /bonigarcia/webdrivermanager/master/src/main/resources/versions.properties HTTP/1.1
08:18:21.082 [main] DEBUG org.apache.hc.client5.http.headers - http-outgoing-39 >> user-agent: Apache-HttpClient/5.0
08:18:21.082 [main] DEBUG org.apache.hc.client5.http.headers - http-outgoing-39 >> accept-encoding: gzip, deflate, br
08:18:21.082 [main] DEBUG org.apache.hc.client5.http.headers - http-outgoing-39 >> cache-control: max-age=0
08:18:21.082 [main] DEBUG org.apache.hc.client5.http.headers - http-outgoing-39 >> connection: keep-alive
08:18:21.082 [main] DEBUG org.apache.hc.client5.http.headers - http-outgoing-39 >> Host: raw.githubusercontent.com
08:18:21.082 [main] DEBUG org.apache.hc.client5.http.wire - http-outgoing-39 >> "GET /bonigarcia/webdrivermanager/master/src/main/resources/versions.properties HTTP/1.1[\r][\n]"
08:18:21.082 [main] DEBUG org.apache.hc.client5.http.wire - http-outgoing-39 >> "user-agent: Apache-HttpClient/5.0[\r][\n]"
08:18:21.082 [main] DEBUG org.apache.hc.client5.http.wire - http-outgoing-39 >> "accept-encoding: gzip, deflate, br[\r][\n]"
08:18:21.082 [main] DEBUG org.apache.hc.client5.http.wire - http-outgoing-39 >> "cache-control: max-age=0[\r][\n]"
08:18:21.082 [main] DEBUG org.apache.hc.client5.http.wire - http-outgoing-39 >> "connection: keep-alive[\r][\n]"
08:18:21.082 [main] DEBUG org.apache.hc.client5.http.wire - http-outgoing-39 >> "Host: raw.githubusercontent.com[\r][\n]"
08:18:21.082 [main] DEBUG org.apache.hc.client5.http.wire - http-outgoing-39 >> "[\r][\n]"
08:18:21.117 [main] DEBUG org.apache.hc.client5.http.wire - http-outgoing-39 << "HTTP/1.1 200 OK[\r][\n]"
08:18:21.117 [main] DEBUG org.apache.hc.client5.http.wire - http-outgoing-39 << "Connection: keep-alive[\r][\n]"
08:18:21.117 [main] DEBUG org.apache.hc.client5.http.wire - http-outgoing-39 << "Content-Length: 1625[\r][\n]"
08:18:21.117 [main] DEBUG org.apache.hc.client5.http.wire - http-outgoing-39 << "Cache-Control: max-age=300[\r][\n]"
08:18:21.117 [main] DEBUG org.apache.hc.client5.http.wire - http-outgoing-39 << "Content-Security-Policy: default-src 'none'; style-src 'unsafe-inline'; sandbox[\r][\n]"
08:18:21.117 [main] DEBUG org.apache.hc.client5.http.wire - http-outgoing-39 << "Content-Type: text/plain; charset=utf-8[\r][\n]"
08:18:21.117 [main] DEBUG org.apache.hc.client5.http.wire - http-outgoing-39 << "ETag: W/"51a99ebb5fa30c7285d42b08929913814dd238f6403d61fccadee50390eab957"[\r][\n]"
08:18:21.117 [main] DEBUG org.apache.hc.client5.http.wire - http-outgoing-39 << "Strict-Transport-Security: max-age=31536000[\r][\n]"
08:18:21.117 [main] DEBUG org.apache.hc.client5.http.wire - http-outgoing-39 << "X-Content-Type-Options: nosniff[\r][\n]"
08:18:21.117 [main] DEBUG org.apache.hc.client5.http.wire - http-outgoing-39 << "X-Frame-Options: deny[\r][\n]"
08:18:21.117 [main] DEBUG org.apache.hc.client5.http.wire - http-outgoing-39 << "X-XSS-Protection: 1; mode=block[\r][\n]"
08:18:21.117 [main] DEBUG org.apache.hc.client5.http.wire - http-outgoing-39 << "X-GitHub-Request-Id: ADC8:C8321:F9E48:13930E:651E6E7C[\r][\n]"
08:18:21.117 [main] DEBUG org.apache.hc.client5.http.wire - http-outgoing-39 << "Content-Encoding: gzip[\r][\n]"
08:18:21.117 [main] DEBUG org.apache.hc.client5.http.wire - http-outgoing-39 << "Accept-Ranges: bytes[\r][\n]"
08:18:21.117 [main] DEBUG org.apache.hc.client5.http.wire - http-outgoing-39 << "Date: Fri, 06 Oct 2023 01:18:23 GMT[\r][\n]"
08:18:21.117 [main] DEBUG org.apache.hc.client5.http.wire - http-outgoing-39 << "Via: 1.1 varnish[\r][\n]"
08:18:21.117 [main] DEBUG org.apache.hc.client5.http.wire - http-outgoing-39 << "X-Served-By: cache-qpg1265-QPG[\r][\n]"
08:18:21.117 [main] DEBUG org.apache.hc.client5.http.wire - http-outgoing-39 << "X-Cache: HIT[\r][\n]"
08:18:21.117 [main] DEBUG org.apache.hc.client5.http.wire - http-outgoing-39 << "X-Cache-Hits: 1[\r][\n]"
08:18:21.117 [main] DEBUG org.apache.hc.client5.http.wire - http-outgoing-39 << "X-Timer: S1696555103.241881,VS0,VE1[\r][\n]"
08:18:21.117 [main] DEBUG org.apache.hc.client5.http.wire - http-outgoing-39 << "Vary: Authorization,Accept-Encoding,Origin[\r][\n]"
08:18:21.117 [main] DEBUG org.apache.hc.client5.http.wire - http-outgoing-39 << "Access-Control-Allow-Origin: *[\r][\n]"
08:18:21.117 [main] DEBUG org.apache.hc.client5.http.wire - http-outgoing-39 << "Cross-Origin-Resource-Policy: cross-origin[\r][\n]"
08:18:21.117 [main] DEBUG org.apache.hc.client5.http.wire - http-outgoing-39 << "X-Fastly-Request-ID: 4fe39eef9922214a8ae0968aca61ae13f2678131[\r][\n]"
08:18:21.117 [main] DEBUG org.apache.hc.client5.http.wire - http-outgoing-39 << "Expires: Fri, 06 Oct 2023 01:23:23 GMT[\r][\n]"
08:18:21.117 [main] DEBUG org.apache.hc.client5.http.wire - http-outgoing-39 << "Source-Age: 160[\r][\n]"
08:18:21.117 [main] DEBUG org.apache.hc.client5.http.wire - http-outgoing-39 << "[\r][\n]"
08:18:21.118 [main] DEBUG org.apache.hc.client5.http.headers - http-outgoing-39 << HTTP/1.1 200 OK
08:18:21.118 [main] DEBUG org.apache.hc.client5.http.headers - http-outgoing-39 << Connection: keep-alive
08:18:21.118 [main] DEBUG org.apache.hc.client5.http.headers - http-outgoing-39 << Content-Length: 1625
08:18:21.118 [main] DEBUG org.apache.hc.client5.http.headers - http-outgoing-39 << Cache-Control: max-age=300
08:18:21.118 [main] DEBUG org.apache.hc.client5.http.headers - http-outgoing-39 << Content-Security-Policy: default-src 'none'; style-src 'unsafe-inline'; sandbox
08:18:21.118 [main] DEBUG org.apache.hc.client5.http.headers - http-outgoing-39 << Content-Type: text/plain; charset=utf-8
08:18:21.118 [main] DEBUG org.apache.hc.client5.http.headers - http-outgoing-39 << ETag: W/"51a99ebb5fa30c7285d42b08929913814dd238f6403d61fccadee50390eab957"
08:18:21.118 [main] DEBUG org.apache.hc.client5.http.headers - http-outgoing-39 << Strict-Transport-Security: max-age=31536000
08:18:21.118 [main] DEBUG org.apache.hc.client5.http.headers - http-outgoing-39 << X-Content-Type-Options: nosniff
08:18:21.118 [main] DEBUG org.apache.hc.client5.http.headers - http-outgoing-39 << X-Frame-Options: deny
08:18:21.118 [main] DEBUG org.apache.hc.client5.http.headers - http-outgoing-39 << X-XSS-Protection: 1; mode=block
08:18:21.118 [main] DEBUG org.apache.hc.client5.http.headers - http-outgoing-39 << X-GitHub-Request-Id: ADC8:C8321:F9E48:13930E:651E6E7C
08:18:21.118 [main] DEBUG org.apache.hc.client5.http.headers - http-outgoing-39 << Content-Encoding: gzip
08:18:21.118 [main] DEBUG org.apache.hc.client5.http.headers - http-outgoing-39 << Accept-Ranges: bytes
08:18:21.118 [main] DEBUG org.apache.hc.client5.http.headers - http-outgoing-39 << Date: Fri, 06 Oct 2023 01:18:23 GMT
08:18:21.118 [main] DEBUG org.apache.hc.client5.http.headers - http-outgoing-39 << Via: 1.1 varnish
08:18:21.118 [main] DEBUG org.apache.hc.client5.http.headers - http-outgoing-39 << X-Served-By: cache-qpg1265-QPG
08:18:21.118 [main] DEBUG org.apache.hc.client5.http.headers - http-outgoing-39 << X-Cache: HIT
08:18:21.118 [main] DEBUG org.apache.hc.client5.http.headers - http-outgoing-39 << X-Cache-Hits: 1
08:18:21.118 [main] DEBUG org.apache.hc.client5.http.headers - http-outgoing-39 << X-Timer: S1696555103.241881,VS0,VE1
08:18:21.118 [main] DEBUG org.apache.hc.client5.http.headers - http-outgoing-39 << Vary: Authorization,Accept-Encoding,Origin
08:18:21.118 [main] DEBUG org.apache.hc.client5.http.headers - http-outgoing-39 << Access-Control-Allow-Origin: *
08:18:21.118 [main] DEBUG org.apache.hc.client5.http.headers - http-outgoing-39 << Cross-Origin-Resource-Policy: cross-origin
08:18:21.118 [main] DEBUG org.apache.hc.client5.http.headers - http-outgoing-39 << X-Fastly-Request-ID: 4fe39eef9922214a8ae0968aca61ae13f2678131
08:18:21.118 [main] DEBUG org.apache.hc.client5.http.headers - http-outgoing-39 << Expires: Fri, 06 Oct 2023 01:23:23 GMT
08:18:21.118 [main] DEBUG org.apache.hc.client5.http.headers - http-outgoing-39 << Source-Age: 160
08:18:21.118 [main] DEBUG org.apache.hc.client5.http.impl.classic.MainClientExec - ex-00000037: connection can be kept alive for 3 MINUTES
08:18:21.119 [main] DEBUG org.apache.hc.client5.http.wire - http-outgoing-39 << "[0x1f][0xffffff8b][0x8][0x0][0x0][0x0][0x0][0x0][0x0][0x3][0xffffff8d][0xffffff97]Ko#7[0xc][0xffffffc7][0xffffffef][0xfffffff9][0x14][0x3][0xfffffff4][0x1c]YO[0xffffff8a][\n]"
08:18:21.119 [main] DEBUG org.apache.hc.client5.http.wire - http-outgoing-39 << "[0xffffffa0]K[0xffffff9f][0xffffffa7][0xffffffa2][0xffffff87][0xfffffff6][0xb]x[0xffffffed]Ib[0xffffffac][0xffffffe3][0x9]lg[0xffffffb3][0xffffffe8][0xffffffa7]/[0xfffffff5][0xffffffa0]F[0xffffff96][[0xffffffa0][0xffffff87]`[0xffffff97]?k$[0xffffff92][0xffffffe2]p[0xfffffffe][0xfffffffc]a[0xfffffffa][0xffffffeb][0xfffffff5]p[0xffffff99][0xffffff9e][0xf][0xffffffc7]y[0xffffffda]-[0xffffffa7][0xffffffeb][0xfffffff6]p[0xffffffba]L[0xffffffd7][0xffffffd7]y[0xfffffffa]zZ>O[0xffffffd3][0xfffffffe]|[0xfffffff8]6[0xffffff9f]'[0xfffffffa][0xffffffbb][0x1c][0x16][0xfffffffa]e[0xffffffb7][0xffffffbc][0xffffffbd]o[0xffffffaf][0xffffff87]/[0xffffffb4][0xfffffffa][0xfffffff3]p}[0xffffffcd]+w[0xffffffcb][0xfffffff9]<_[0xffffffde][0xffffff97][0xffffffd3][0xfffffffe]pz[0xffffff99][0xffffffbe][0xffffff9c][0xffffff97][0xffffffcf][0xffffffcb][0xfffffffa][0xffffffc8][0xffffffc3][0xffffffc3][0xf][0xffffffd3][0xffffff8f][0x5]=M[0xffffffbf]-[0xffffffcb][0xb]=[0xfffffff9][0xffffffd3][0xffffffeb]yy[0xffffff9b][0xffffffa7][0xffffffed]i_[0xfffffffe]{[0xfffffff8]x[0xffffff9b][0x1e][0xffffffa7][0xffffff9f][0xfffffff3]QO[0xffffffd3].[0xffffffff]Z[0xe][0xffffffa6][0xffffff87][0xffffffff]\>[0xffffffce][0xffffffbb][0xfffffff9]iz[0xffffffbd]^[0xffffffdf][0xffffff9f]6[0xffffff9b][0xfffffffe]W[0xffffffb1][0xffffffab]O[0xffffff8b][0xffffffe5][0xfffffffc][0xffffffb2][0xffffffd9][0xffffff93][0xffffffbf][0xffffffc7]e[0xffffffbb][0xffffffbf]<[0xffffff94]5J[0xffffffd9]H[0x7f]B[\n]"
08:18:21.120 [main] DEBUG org.apache.hc.client5.http.wire - http-outgoing-39 << "[0xffffffe7][0xffffff8d][0x13]A6n[0xffffff88][0xffffff9b][0xffffffc4][0xffffffc1]k[0x1][0xffffffa6]qM\g[0xffffffae][0xffffff9c][0xffffffb0][0xffffffa1]qE\%[0xffffffee][0xffffffc0][0x8][0xffffffb0][0xffffff8d]K[0xffffffe2]2q[0xffffff8b]Jx[0xffffffcf]\[0xffffff86]H[0x7f][0xffffff99][0xffffffd3][0xfffffff1][0xffffffbe][0xffffffad][0xffffff97]H[0x1c][0x13]7.[0x8][0xffffffaf][0x1a][0xfffffff7][0xffffffc4]}[0xffffffe6][0xffffffd2][\n]"
08:18:21.120 [main] DEBUG org.apache.hc.client5.http.wire - http-outgoing-39 << "[0xffffffd0][0xffffff8d][0x3]qH\[0xffffffdb] `][0xffffffef][0xffffff88][0xffffffbb][0xffffffc4]Up[0xfffffff4]c[0xffffffe3][0x14][0xffffffaf][0xffffffcc][0xfffffff1][0xffffffa6]0|[0xfffffff3]_R[0xffffffbc]2[0xffffffc7]+A[\n]"
08:18:21.120 [main] DEBUG org.apache.hc.client5.http.wire - http-outgoing-39 << "eV[0xffffff87](`[0xffffff99][0x3][0xffffff96][0xffffffb4]_w[0x0][0x5],S[0xffffffc0]68%[0xffffffec][0xffffffca])`[0xffffff99][0x2][0xffffffb6][0x18]@[0x0]'4[0xffffff84][0x18]B[0xffffffa6][0xffffffd6][0xffffffd2][0xffffffd9]L1[0xffffff86][0x14][0xffffffac][0xfffffff5][0xe][0x5][0x1d][0xffffffc3][0xffffffd8][0xffffffc7][0xffffff90]b[0xffffffb5][0x10][0xfffffff4][0xffffff9a][0xffffff83][0x0]1@[0xffffffa6]`[0xffffff85]uL][0xc].S[0xffffff83][0x2]8[0xffffff9e]`c[0xffffffb0][0xffffff99]Rr[0xffffffe8]"[0x19][0xffffff9b][0x18]R[0xffffff90][0xffffffd6]y[0xffffffbf]^j[0xffffffd0]1[0xffffffe8]L[0xffffffe9]J)[0xffffffcb][0xffffff8c]U[0xc]9@K[0x15]@[0xffffffb1]2[0xffffff96]1[0xffffffe4][0xfffffff8][0xffffffac][0xffffff91]Bs[0xffffff9e]0D[0xffffffcc][0xfffffff1][0x19][0xfffffffa]G[0xfffffff3][0xffffffce][0xffffff88][0x11]s|F[[0x11][0xffffff80][0xffffffa9][0xffffff8f][0xffffff98][0xffffffc3][0xffffffd3]([0x5]"S[0xffffff88][0xffffff98][0xffffffc3][0xffffffd3][0xffffff96][0xfffffff6][0xffffffe5]T[0xffffffa0][0xffffff8b][0xffffff98][0xffffffc3]Sh[0x4][0xffffffb2]kh#[0xffffffe6][0xfffffff0][0xffffff94][0xfffffff5][0xffffffc2]p[0xffffff8e][0xffffffd1]D[0xffffffcc][0xffffffd1][0xffffffa5][0xffffff9b]4[0xffffff9c][\n]"
08:18:21.120 [main] DEBUG org.apache.hc.client5.http.wire - http-outgoing-39 << "T[0x11]s[0x18][0xffffff92]2[0xffffffaf]L;NFLa[0xffffff98]@[0xffffffbe]P[0x9]U[0xffffffec]C[0xfffffff4]!c[0xffffffeb][0xffffff84]i[0x14][0xffffffa3][0xffffffc7]L[0xffffffa9]v[0xffffffa8][0xffffffae][0x18][0xfffffffb][0xffffffe8]S [0x6][0xffffff81][0xffffffde][0x5]v[0xffffffc3]C[0xfffffff4][0xffffff90])[0x15][0xffffffb8][0xffffffd2]m[0xf][0x17]}[0xffffff8a][0xffffffc4]xO[0x5][0xffffffb6][0xffffffae][0xffffffb6][0xffffffd1][0xffffffdb][0xffffff8c]5[0xffffffd5]/C[0x13]}[0xffffff8a][0xffffffc4][0x0][0x5][0x4][0xffffffec][0xffffffb2][0xffffffd7]Q[0xffffffd3][0xffffff8d][0xffffffb2][0xffffffa5]n,[0xffffff99],v[0xc]B[0xffffffb2][0xfffffff8]n[0x0][0xffffff93][0xffffffc5][0x19][0x5][0xffffff9f],[0xffffffbe]M[0xffffff80]d[0xffffffb1]3[0xffffffe0][0xffffffc8]j)[0x2][0xffffff9b],[0xffffffce]9[0xffffff98]d[0xfffffff1]y[0xffffff90]|1[0xffffffed][0xffffffbc][0xffffffe4]K{g [0xfffffff9]b[0xffffffcc]MW[0xfffffffb]}[0xfffffff9][0xfffffffb]p<n[0xffffffa7]_[0xf][0xffffffe7][0xfffffff9]y[0xfffffff9][0xffffffde][0xffffffb5][0xffffffb2][0xffffff97]y[0xfffffff7]u[0xfffffff9][0xffffffd7]Nv[0xffffffa1]V[0xfffffff6]B[\r][0xfffffff4][0xffffffe3][0xffffff8b][0xffffffa0][0xffffff96][0xffffffba]y+[l[0xffffffba][0x7]6[0xffffffe7][0xfffffff9]8o/[0xfffffff3][0xffffffe5][0xffffffe1][0xffffffb9][0xffffffec][0xffffffab][0x14]FJ[0x1b][0xffffffe5]n%[0xfffffffe][0xffffff8e][0xffffffc0][0x1d]qw[0xffffffc4][0xffffffde][0x11]sG[0xfffffff4][0x1d]QwD&[0xffffffa2][0xffffff85]n[0xffffff84]:_&[0xffffffeb][0x1a][0xffffff89]w[0xffffffc4][0xffffffdf][0x11][0xffffffb8]#[0xffffffee][0xffffff8e]d[0xffffff9f]UO[0xffffffcc][0x1d][0xffffffd1]wD[0xffffffdd][0x11]9[0xffffff90][0x10]F[0xffffff80]#[0xfffffff0]#[0xffffff80][0x11][0xffffffb8][0x11][0xffffff8c][0xffffffde][0xffffff86][0xffffffd1][0xffffffd9]0[0xfffffffa][0x1a]FWC[0xfffffff2][0xffffff94][0xffffffde][0xffffff9b][0xe][0xffffff88][0xffffffe3][0xffffffe1][0xfffffff4][0xfffffff1][0xffffffbd]`[0xffffffc5][0x18][0xffffffc3][0xffffffb0][0xe]q[0x4]~[0x4]0[0x2]7[0x2];[0xffffff82][0x14][0xffffff80][0xffffffc6][0xe][0xffffffe8][0x11][0xffffffa4][0x0][0xffffffb4][0xffffffef][0xffffff80][0x1c][0xffffff80][0xf]#[0xffffffc8][0xffffff9e]B[0x7][0xfffffffc][0x8]`[0x4]n[0x4]v[0x4]f[0x4]z[0x4]j[0x4]r[0x0][0x10]F[0xffffff90]=u[0x1d][0xffffffc8][0xffffff9e][0xffffffda][0xe][0xffffffc0][0x8][0xffffffdc][0x8][0xffffffb2][0xffffffa7][0xffffffdd][0xb][0x4]f[0x4][0xffffffd9][0xffffffd3][0xffffffae][0xffffffec]!{[0xffffffda][0x15][0x5][0xffffffc8][0x1][0xffffffb8]0[0x2][0x1c][0xffffff81][0x1f]A[0xfffffff6]Tv[0xffffffc0]1[0xffffffe8][0xffffffbb][0xffffffda][0x1f][0xffffffef][0xfffffff3]y[0xffffffdb][0xfffffff5][0xffffffb2]%[0xffffffd9][0xffffffff][0xffffffa7][0xffffff97][0xffffffe5][0xffffff85][0xffffff97][0xffffffe5][0xfffffff9][0xfffffffa][0xffffffb9]=[0xffffffcf][0xffffffc5]b[0xffffff9d]6v[0xffffffb6][0xfffffffc]c[0xffffffd6]'*[0xffffffeb][0xffffff9f]@[0xffffffdf]ye4[0xfffffff3][0xffffffa4][0xffffffc7][0xffffffb2][0xfffffffe]A[0xfffffffa]`[0x5][0xffffffcf]8[0xffffffc9][0xffffffb1],[0x7f]<[0xffffffbd][0x12][0xffffff8a]4D[0xffffffe5][0xffffffb2][0xffffff97]{[0xffffffd4][0xffffff9d][\n]"
08:18:21.120 [main] DEBUG org.apache.hc.client5.http.wire - http-outgoing-39 << "[0xffffffa7][0x17][0xffffffbc]S{J[0xffffffd7]m[0xffffffe8]5[0xffffffef][0xffffffc4][0x1e]2[0xfffffff5]7R[0xffffffcf]U[\n]"
08:18:21.120 [main] DEBUG org.apache.hc.client5.http.wire - http-outgoing-39 << "[0xffffffbd][0xffffffd0][0xffffffa3][0xffffff83]*v[0xffffffbd][0xffffffce]S[0xffffff9a][0xffffffb1][0xffffffed]e^[0x8][0xffffff95][0xffffff9a]^[0xffffffe4][0xffffff91]2(T[0xfffffff7][0x12]O)^[0xffffffac]z[0xffffff85][0xffffff97][0xffffffc4]S[0xffffffc1][0xffffffb2][0x17]xX[0x3][0xffffffc7][0xffffffd0][0xffffffcb];[0xffffff80]Jq[0xffffffd0]v[0xffffff85][0xfffffffa]^[0xffffffd9][0xffffff91][0xffffff94]-[0x14]z][0xffffffd7]RD][0xffffffe1]F[0xffffffd7][0x15]h;Y[0xffffff87][0xffffffd5]1[0xffffffea][0xe]7[0xffffffa2][0xffffffae]@}[0xffffffab][0xffffffe9][\n]"
08:18:21.120 [main] DEBUG org.apache.hc.client5.http.wire - http-outgoing-39 << "T[0xffffff9d][0xffffffa4]s|[0xffffffbe][0xffffffec][0x14][0x1d][0xffffffbb]J[0xffffffdd][0xffffffe2]F[0xffffffcf][0x15][0xffffff88][0xffffff83][0xffffff9c]+[0xffffffd4]wj[0xffffffce]3[0xffffff84]N[0xffffffcb]a=[0xffffff9e][0xffffffda][0xffffffc7]*[0xffffffe5][0xffffffd8]{j![0xffffffab][0xffffff92][0xffffffa3][0x4]Wj:%[0x7][0xffffffbc][0xffffffa9][0xffffffee][0xffffff84][0x1c][0xffffffd6][0xb][0xffffffa7]~[0xffffffb2][0xffffffea][0xffffffb8]vY[0xffffffd4]TV[0x1d][0xffffff87][0xfffffff5]b[0xffffffa9][0xffffffb1][0xffffffac]2[0xffffff8e]+[0xffffff9a][0xffffff9a]K[0xffffffa7][0xffffffe2]T[\r][0xffffff95]:L/[0xffffffe2][0xffffffea]Y[0xffffffd4]fV[\r][0xffffffe7]yW[0xffffffd7]I8.ej7[0xffffffab][0xffffff80]k[0xffffffc5]I=[0xffffffa7][0x13]p[0xfffffffc][0xffffffaa]Q[0xffffffe3][0xffffffe9][0xfffffff4][;[0xffffffab][0xffffffea][0xffffffae]l[0xffffffb8][0xffffffd0][0x1b]Uu[0x15][0xffffffa3][0xffffff8a][0xffffffae]bT[0xffffffcd]U[0xffffff8c]*[0xffffffb9][0xffffff8a]Q[0x15]W1[0xffffffaa][0xffffffe0]*F[0xffffffd5][[0xffffffc5]PE`[0x15]Cv[0xffffff86]M[0x1e][0xffffffb0][0xffffffc7]6y`[0xffffffea]96y[0xffffffa0]k2,[0x14][0xffffffe3]F[0xffffffa1][0x1d]v[0xffffffe7]%[0xffffffb5][0xffffffa4][0xffffffe9][0xffffff97][0xfffffffd][0xffffffcb][0xffffffdc]5[0xffffffb5][0xffffffb7][0xffffffcb]L[0xffffffe0]?[0xffffffbb][0xffffffda]~[0xfffffffe]6[0x1f][0xffffffd3][0xffffffae][0xffffffe2][0xffffff8d]w[0xffffffc8]-n>=~\6[0xffffff8d]=[0xffffffa6]M6[0xffffffd7]e9^6[0xffffff9f][0xfffffff3][0xffffff97][0xffffffda][0xffffffe5][0x1e][0x12]][0xffffff87]P[0xffffff85][0xffffffd4][0xffffffea][0x15]V[0xffffffca]#[0xffffffa8][0xfffffff2][0xffffffa4][0xffffff90])[0xffffff93][0xffffff85][0xfffffff2][0x0][0xffffffaa][0xffffffbc][0xffffffce][0xffffff85]\([0xffffff8f][0xffffff9f][\n]"
08:18:21.120 [main] DEBUG org.apache.hc.client5.http.wire - http-outgoing-39 << "@[0xffffffa5][0xfffffff1][0xffffffb0]P[0x1e]>[0xffffff95][0xffffffa3][0xfffffffa][0xffffffa0][0xffffffec]e[0xffffffda]FO[0xffffffe5][0x14][\n]"
08:18:21.120 [main] DEBUG org.apache.hc.client5.http.wire - http-outgoing-39 << "_Ok[0xffffff83][0xffffffa7][0xffffffb2]@[0xfffffffb]B[0xffffffa5]<v[0xffffff92]`O[0x1f][0xffffffe5][0x2]y[0xffffffe6]T[0xffffffc6][0xffffffa7]O`[0xffffffa5]<q[0xffffffd2][0xfffffff0]h[0xffffffa8][0xffffff83]U[0xffffffca][0xfffffff3][0xffffffa6][0xffffffd2][0xfffffff4][0xffffffa6]z[0xffffffde][0xffffff81][0xffffffa7]M[0x1a][0xf]l[0xb][0xffffffa2][0xffffff8d][0xffffff9a]JS[0xffffffe1][0xffffff92]|/"
08:18:21.121 [main] DEBUG org.apache.hc.client5.http.wire - http-outgoing-39 << "[0xffffff94][0x7]M[0xffffffa5][0xffffff95]\[0xfffffff7][0xffffffe5]1[0xffffff93][0x14][0xffffffaf]K[0xffffffc3]N[0xffffffa2]<dR[0xffffffeb]O[0xffffff8d][0xffffffa2][0xffffffb0]:b[0xffffffaa][0x14]]M[0xc][0xffffffcf][0xffffff97][0x14][0xffffff9a]n[0xffffffac]N[0xffffff97][0x14][0xffffff83]m[0xffffffac][0xffffffce][0xffffff96][0xffffffe4]U;[0xffffff99]'[0xffffffcb]@=[0xffffffc6][0xffffffa8][0xffffff82][0xffffffea]T[0x19]([0xfffffff5][0xffffffa6][0xffffffae][0xffffffaa]#e[0xffffff90][0xffffffeb][0x1]u[0xffffff9c][0xffffffc4][0xffffffd4][0xffffffe9][0xffffffea][0xffffff83]u[0xffffff94]D[\n]"
08:18:21.121 [main] DEBUG org.apache.hc.client5.http.wire - http-outgoing-39 << "[0xffffffac][0x10][0x1e]#[0xffffffd3][0xffffff8d][0xffffff97][0xffffff8b][0xffffffe1][0x11][0xffffffd2]Sn[0xffffffeb]c<?[0x2][0xffffff84]z%<;[0x2][0xffffff95][0x4][0xffffff94]\[0xfffffff0][0xffffffe0][0xffffffe8]R[0xffffff82][0xffffffeb][0xffffffaa]:5[0xffffffba][0xffffffac]82[0xffffffe1][0xffffff89][0xffffff91]Z[0xffffff83][0xffffffab][0xffffffe7]Q[0xfffffff7]*[0xffffffdd]3[0xffffffb0]O<@[0xffffffd2]w[0xffffffb6]^U[0x1b][0x1e])b[0xffffffaa][0xffffffbb][0xffffffcc][0xffffffda][0xffffffe4][0xffffff98]j[0xffffffb6][0xffffff90]:5j[0xffffffcf][0xffffffa5][0xffffffc3][0x3][0xffffffa3]6[0xffffff8d][0xffffffd4]a1[0xffffffb5][0xffffffc5]J[0xffffffea][0xffffff9c][0xffffffa8][0xc][\r][0xffffffd2][0x5]Y[0x1b][0xffffffdf][0xffffffcf][0xfffffff3][0xffffffe3][0xffffffe1]t[0xffffffb9]n[0xffffff8f][0xffffffc7]y_[0xffffffa0][0xffffff8e][0xffffff90][0xffffffbe][0xffffffec][0xffffffa6][0xffffffd4][0xffffff89]U[0xffffff91]Z[0x18][0xffffffe8]P[0xffffffc2][0xffffffb7]2R[0xffffff9f][0xffffffa4][0xffffffaf]][0xffffffb9][0xf][0xffffff83][0xffffff91]^,kB1uj:t[0xffffffd3]XjDS1[0xffffffa5]K[0xffffffa6][0xffffff9e][0xfffffff4][0xf][0x3][0x1][0xffffffec][0xffffffa6][0xffffffeb][0x12][0x0][0x0]"
08:18:21.122 [main] DEBUG org.apache.hc.client5.http.impl.classic.InternalHttpClient - ep-00000036: releasing valid endpoint
08:18:21.122 [main] DEBUG org.apache.hc.client5.http.impl.io.PoolingHttpClientConnectionManager - ep-00000036: releasing endpoint
08:18:21.122 [main] DEBUG org.apache.hc.client5.http.impl.io.PoolingHttpClientConnectionManager - ep-00000036: connection http-outgoing-39 can be kept alive for 3 MINUTES
08:18:21.123 [main] DEBUG org.apache.hc.client5.http.impl.io.PoolingHttpClientConnectionManager - ep-00000036: connection released [route: {s}->https://raw.githubusercontent.com:443][total available: 1; route allocated: 1 of 5; total allocated: 2 of 25]
08:18:21.123 [main] DEBUG io.github.bonigarcia.wdm.versions.VersionDetector - Driver for chrome117 not found in online properties (using local versions.properties)
08:18:21.124 [main] DEBUG io.github.bonigarcia.wdm.WebDriverManager - The driver version for CHROME 117 is unknown ... trying with latest
08:18:21.144 [main] DEBUG org.apache.hc.client5.http.impl.classic.InternalHttpClient - ex-00000038: preparing request execution
08:18:21.144 [main] DEBUG org.apache.hc.client5.http.protocol.RequestAddCookies - Cookie spec selected: strict
08:18:21.144 [main] DEBUG org.apache.hc.client5.http.protocol.RequestAuthCache - Auth cache not set in the context
08:18:21.144 [main] DEBUG org.apache.hc.client5.http.impl.classic.ProtocolExec - ex-00000038: target auth state: UNCHALLENGED
08:18:21.144 [main] DEBUG org.apache.hc.client5.http.impl.classic.ProtocolExec - ex-00000038: proxy auth state: UNCHALLENGED
08:18:21.144 [main] DEBUG org.apache.hc.client5.http.impl.classic.ConnectExec - ex-00000038: acquiring connection with route {s}->https://chromedriver.storage.googleapis.com:443
08:18:21.144 [main] DEBUG org.apache.hc.client5.http.impl.classic.InternalHttpClient - ex-00000038: acquiring endpoint (3 MINUTES)
08:18:21.145 [main] DEBUG org.apache.hc.client5.http.impl.io.PoolingHttpClientConnectionManager - ex-00000038: endpoint lease request (3 MINUTES) [route: {s}->https://chromedriver.storage.googleapis.com:443][total available: 1; route allocated: 1 of 5; total allocated: 2 of 25]
08:18:21.145 [main] DEBUG org.apache.hc.client5.http.impl.io.PoolingHttpClientConnectionManager - ex-00000038: endpoint leased [route: {s}->https://chromedriver.storage.googleapis.com:443][total available: 1; route allocated: 2 of 5; total allocated: 3 of 25]
08:18:21.145 [main] DEBUG org.apache.hc.client5.http.impl.io.PoolingHttpClientConnectionManager - ex-00000038: acquired ep-00000037
08:18:21.145 [main] DEBUG org.apache.hc.client5.http.impl.classic.InternalHttpClient - ex-00000038: acquired endpoint ep-00000037
08:18:21.145 [main] DEBUG org.apache.hc.client5.http.impl.classic.ConnectExec - ex-00000038: opening connection {s}->https://chromedriver.storage.googleapis.com:443
08:18:21.145 [main] DEBUG org.apache.hc.client5.http.impl.classic.InternalHttpClient - ep-00000037: connecting endpoint (30 SECONDS)
08:18:21.145 [main] DEBUG org.apache.hc.client5.http.impl.io.PoolingHttpClientConnectionManager - ep-00000037: connecting endpoint to https://chromedriver.storage.googleapis.com:443 (30 SECONDS)
08:18:21.146 [main] DEBUG org.apache.hc.client5.http.impl.io.DefaultHttpClientConnectionOperator - http-outgoing-41: connecting to chromedriver.storage.googleapis.com/34.101.5.27:443
08:18:21.146 [main] DEBUG org.apache.hc.client5.http.ssl.SSLConnectionSocketFactory - Connecting socket to chromedriver.storage.googleapis.com/34.101.5.27:443 with timeout 30 SECONDS
08:18:21.154 [main] DEBUG org.apache.hc.client5.http.ssl.SSLConnectionSocketFactory - Enabled protocols: [TLSv1.3, TLSv1.2]
08:18:21.154 [main] DEBUG org.apache.hc.client5.http.ssl.SSLConnectionSocketFactory - Enabled cipher suites: [TLS_AES_256_GCM_SHA384, TLS_AES_128_GCM_SHA256, TLS_CHACHA20_POLY1305_SHA256, TLS_ECDHE_ECDSA_WITH_AES_256_GCM_SHA384, TLS_ECDHE_ECDSA_WITH_AES_128_GCM_SHA256, TLS_ECDHE_ECDSA_WITH_CHACHA20_POLY1305_SHA256, TLS_ECDHE_RSA_WITH_AES_256_GCM_SHA384, TLS_ECDHE_RSA_WITH_CHACHA20_POLY1305_SHA256, TLS_ECDHE_RSA_WITH_AES_128_GCM_SHA256, TLS_DHE_RSA_WITH_AES_256_GCM_SHA384, TLS_DHE_RSA_WITH_CHACHA20_POLY1305_SHA256, TLS_DHE_DSS_WITH_AES_256_GCM_SHA384, TLS_DHE_RSA_WITH_AES_128_GCM_SHA256, TLS_DHE_DSS_WITH_AES_128_GCM_SHA256, TLS_ECDHE_ECDSA_WITH_AES_256_CBC_SHA384, TLS_ECDHE_RSA_WITH_AES_256_CBC_SHA384, TLS_ECDHE_ECDSA_WITH_AES_128_CBC_SHA256, TLS_ECDHE_RSA_WITH_AES_128_CBC_SHA256, TLS_DHE_RSA_WITH_AES_256_CBC_SHA256, TLS_DHE_DSS_WITH_AES_256_CBC_SHA256, TLS_DHE_RSA_WITH_AES_128_CBC_SHA256, TLS_DHE_DSS_WITH_AES_128_CBC_SHA256, TLS_ECDH_ECDSA_WITH_AES_256_GCM_SHA384, TLS_ECDH_RSA_WITH_AES_256_GCM_SHA384, TLS_ECDH_ECDSA_WITH_AES_128_GCM_SHA256, TLS_ECDH_RSA_WITH_AES_128_GCM_SHA256, TLS_ECDH_ECDSA_WITH_AES_256_CBC_SHA384, TLS_ECDH_RSA_WITH_AES_256_CBC_SHA384, TLS_ECDH_ECDSA_WITH_AES_128_CBC_SHA256, TLS_ECDH_RSA_WITH_AES_128_CBC_SHA256, TLS_ECDHE_ECDSA_WITH_AES_256_CBC_SHA, TLS_ECDHE_RSA_WITH_AES_256_CBC_SHA, TLS_ECDHE_ECDSA_WITH_AES_128_CBC_SHA, TLS_ECDHE_RSA_WITH_AES_128_CBC_SHA, TLS_DHE_RSA_WITH_AES_256_CBC_SHA, TLS_DHE_DSS_WITH_AES_256_CBC_SHA, TLS_DHE_RSA_WITH_AES_128_CBC_SHA, TLS_DHE_DSS_WITH_AES_128_CBC_SHA, TLS_ECDH_ECDSA_WITH_AES_256_CBC_SHA, TLS_ECDH_RSA_WITH_AES_256_CBC_SHA, TLS_ECDH_ECDSA_WITH_AES_128_CBC_SHA, TLS_ECDH_RSA_WITH_AES_128_CBC_SHA, TLS_RSA_WITH_AES_256_GCM_SHA384, TLS_RSA_WITH_AES_128_GCM_SHA256, TLS_RSA_WITH_AES_256_CBC_SHA256, TLS_RSA_WITH_AES_128_CBC_SHA256, TLS_RSA_WITH_AES_256_CBC_SHA, TLS_RSA_WITH_AES_128_CBC_SHA, TLS_EMPTY_RENEGOTIATION_INFO_SCSV]
08:18:21.154 [main] DEBUG org.apache.hc.client5.http.ssl.SSLConnectionSocketFactory - Starting handshake
08:18:21.197 [main] DEBUG org.apache.hc.client5.http.ssl.SSLConnectionSocketFactory - Secure session established
08:18:21.197 [main] DEBUG org.apache.hc.client5.http.ssl.SSLConnectionSocketFactory -  negotiated protocol: TLSv1.3
08:18:21.197 [main] DEBUG org.apache.hc.client5.http.ssl.SSLConnectionSocketFactory -  negotiated cipher suite: TLS_AES_256_GCM_SHA384
08:18:21.197 [main] DEBUG org.apache.hc.client5.http.ssl.SSLConnectionSocketFactory -  peer principal: CN=*.storage.googleapis.com
08:18:21.197 [main] DEBUG org.apache.hc.client5.http.ssl.SSLConnectionSocketFactory -  peer alternative names: [*.storage.googleapis.com, *.googleapis.com, commondatastorage.googleapis.com, *.commondatastorage.googleapis.com, storage.googleapis.com, storage-p2.googleapis.com, *.storage-p2.googleapis.com, storage.mtls.googleapis.com, *.appspot.com.storage.googleapis.com, *.content-storage.googleapis.com, *.content-storage-p2.googleapis.com, *.content-storage-upload.googleapis.com, *.content-storage-download.googleapis.com, *.storage-upload.googleapis.com, *.storage-download.googleapis.com]
08:18:21.197 [main] DEBUG org.apache.hc.client5.http.ssl.SSLConnectionSocketFactory -  issuer principal: CN=GTS CA 1C3, O=Google Trust Services LLC, C=US
08:18:21.197 [main] DEBUG org.apache.hc.client5.http.impl.io.DefaultHttpClientConnectionOperator - http-outgoing-41: connection established 192.168.100.42:64793<->34.101.5.27:443
08:18:21.197 [main] DEBUG org.apache.hc.client5.http.impl.io.PoolingHttpClientConnectionManager - ep-00000037: connected http-outgoing-41
08:18:21.197 [main] DEBUG org.apache.hc.client5.http.impl.classic.InternalHttpClient - ep-00000037: endpoint connected
08:18:21.197 [main] DEBUG org.apache.hc.client5.http.impl.classic.MainClientExec - ex-00000038: executing GET /LATEST_RELEASE HTTP/1.1
08:18:21.197 [main] DEBUG org.apache.hc.client5.http.impl.classic.InternalHttpClient - ep-00000037: start execution ex-00000038
08:18:21.197 [main] DEBUG org.apache.hc.client5.http.impl.io.PoolingHttpClientConnectionManager - ep-00000037: executing exchange ex-00000038 over http-outgoing-41
08:18:21.197 [main] DEBUG org.apache.hc.client5.http.headers - http-outgoing-41 >> GET /LATEST_RELEASE HTTP/1.1
08:18:21.197 [main] DEBUG org.apache.hc.client5.http.headers - http-outgoing-41 >> user-agent: Apache-HttpClient/5.0
08:18:21.197 [main] DEBUG org.apache.hc.client5.http.headers - http-outgoing-41 >> accept-encoding: gzip, deflate, br
08:18:21.197 [main] DEBUG org.apache.hc.client5.http.headers - http-outgoing-41 >> cache-control: max-age=0
08:18:21.197 [main] DEBUG org.apache.hc.client5.http.headers - http-outgoing-41 >> connection: keep-alive
08:18:21.197 [main] DEBUG org.apache.hc.client5.http.headers - http-outgoing-41 >> Host: chromedriver.storage.googleapis.com
08:18:21.197 [main] DEBUG org.apache.hc.client5.http.wire - http-outgoing-41 >> "GET /LATEST_RELEASE HTTP/1.1[\r][\n]"
08:18:21.197 [main] DEBUG org.apache.hc.client5.http.wire - http-outgoing-41 >> "user-agent: Apache-HttpClient/5.0[\r][\n]"
08:18:21.197 [main] DEBUG org.apache.hc.client5.http.wire - http-outgoing-41 >> "accept-encoding: gzip, deflate, br[\r][\n]"
08:18:21.197 [main] DEBUG org.apache.hc.client5.http.wire - http-outgoing-41 >> "cache-control: max-age=0[\r][\n]"
08:18:21.197 [main] DEBUG org.apache.hc.client5.http.wire - http-outgoing-41 >> "connection: keep-alive[\r][\n]"
08:18:21.197 [main] DEBUG org.apache.hc.client5.http.wire - http-outgoing-41 >> "Host: chromedriver.storage.googleapis.com[\r][\n]"
08:18:21.197 [main] DEBUG org.apache.hc.client5.http.wire - http-outgoing-41 >> "[\r][\n]"
08:18:21.216 [main] DEBUG org.apache.hc.client5.http.wire - http-outgoing-41 << "HTTP/1.1 200 OK[\r][\n]"
08:18:21.216 [main] DEBUG org.apache.hc.client5.http.wire - http-outgoing-41 << "X-GUploader-UploadID: ADPycdtlv5hyKNxkNAPoXZam3m80ckJ0H-Ebjpx_73hqg_-MuXohMxIalbpmUb0_5biLUD8lFSrTzvfL6YS-efZL0_eYGq5S2akq[\r][\n]"
08:18:21.216 [main] DEBUG org.apache.hc.client5.http.wire - http-outgoing-41 << "x-goog-generation: 1685523462105569[\r][\n]"
08:18:21.216 [main] DEBUG org.apache.hc.client5.http.wire - http-outgoing-41 << "x-goog-metageneration: 1[\r][\n]"
08:18:21.216 [main] DEBUG org.apache.hc.client5.http.wire - http-outgoing-41 << "x-goog-stored-content-encoding: identity[\r][\n]"
08:18:21.216 [main] DEBUG org.apache.hc.client5.http.wire - http-outgoing-41 << "x-goog-stored-content-length: 13[\r][\n]"
08:18:21.216 [main] DEBUG org.apache.hc.client5.http.wire - http-outgoing-41 << "x-goog-hash: crc32c=tVW4TA==[\r][\n]"
08:18:21.216 [main] DEBUG org.apache.hc.client5.http.wire - http-outgoing-41 << "x-goog-hash: md5=NoaEuIlBlniwTkiZ1T16sA==[\r][\n]"
08:18:21.216 [main] DEBUG org.apache.hc.client5.http.wire - http-outgoing-41 << "x-goog-storage-class: STANDARD[\r][\n]"
08:18:21.216 [main] DEBUG org.apache.hc.client5.http.wire - http-outgoing-41 << "Accept-Ranges: bytes[\r][\n]"
08:18:21.216 [main] DEBUG org.apache.hc.client5.http.wire - http-outgoing-41 << "Content-Length: 13[\r][\n]"
08:18:21.216 [main] DEBUG org.apache.hc.client5.http.wire - http-outgoing-41 << "Server: UploadServer[\r][\n]"
08:18:21.216 [main] DEBUG org.apache.hc.client5.http.wire - http-outgoing-41 << "Date: Fri, 06 Oct 2023 01:08:29 GMT[\r][\n]"
08:18:21.216 [main] DEBUG org.apache.hc.client5.http.wire - http-outgoing-41 << "Expires: Fri, 06 Oct 2023 02:08:29 GMT[\r][\n]"
08:18:21.216 [main] DEBUG org.apache.hc.client5.http.wire - http-outgoing-41 << "Cache-Control: public, max-age=3600[\r][\n]"
08:18:21.216 [main] DEBUG org.apache.hc.client5.http.wire - http-outgoing-41 << "Age: 594[\r][\n]"
08:18:21.216 [main] DEBUG org.apache.hc.client5.http.wire - http-outgoing-41 << "Last-Modified: Wed, 31 May 2023 08:57:42 GMT[\r][\n]"
08:18:21.216 [main] DEBUG org.apache.hc.client5.http.wire - http-outgoing-41 << "ETag: "368684b889419678b04e4899d53d7ab0"[\r][\n]"
08:18:21.216 [main] DEBUG org.apache.hc.client5.http.wire - http-outgoing-41 << "Content-Type: text/plain[\r][\n]"
08:18:21.216 [main] DEBUG org.apache.hc.client5.http.wire - http-outgoing-41 << "Alt-Svc: h3=":443"; ma=2592000,h3-29=":443"; ma=2592000[\r][\n]"
08:18:21.216 [main] DEBUG org.apache.hc.client5.http.wire - http-outgoing-41 << "[\r][\n]"
08:18:21.216 [main] DEBUG org.apache.hc.client5.http.wire - http-outgoing-41 << "114.0.5735.90"
08:18:21.216 [main] DEBUG org.apache.hc.client5.http.headers - http-outgoing-41 << HTTP/1.1 200 OK
08:18:21.216 [main] DEBUG org.apache.hc.client5.http.headers - http-outgoing-41 << X-GUploader-UploadID: ADPycdtlv5hyKNxkNAPoXZam3m80ckJ0H-Ebjpx_73hqg_-MuXohMxIalbpmUb0_5biLUD8lFSrTzvfL6YS-efZL0_eYGq5S2akq
08:18:21.216 [main] DEBUG org.apache.hc.client5.http.headers - http-outgoing-41 << x-goog-generation: 1685523462105569
08:18:21.216 [main] DEBUG org.apache.hc.client5.http.headers - http-outgoing-41 << x-goog-metageneration: 1
08:18:21.216 [main] DEBUG org.apache.hc.client5.http.headers - http-outgoing-41 << x-goog-stored-content-encoding: identity
08:18:21.216 [main] DEBUG org.apache.hc.client5.http.headers - http-outgoing-41 << x-goog-stored-content-length: 13
08:18:21.216 [main] DEBUG org.apache.hc.client5.http.headers - http-outgoing-41 << x-goog-hash: crc32c=tVW4TA==
08:18:21.216 [main] DEBUG org.apache.hc.client5.http.headers - http-outgoing-41 << x-goog-hash: md5=NoaEuIlBlniwTkiZ1T16sA==
08:18:21.216 [main] DEBUG org.apache.hc.client5.http.headers - http-outgoing-41 << x-goog-storage-class: STANDARD
08:18:21.216 [main] DEBUG org.apache.hc.client5.http.headers - http-outgoing-41 << Accept-Ranges: bytes
08:18:21.216 [main] DEBUG org.apache.hc.client5.http.headers - http-outgoing-41 << Content-Length: 13
08:18:21.216 [main] DEBUG org.apache.hc.client5.http.headers - http-outgoing-41 << Server: UploadServer
08:18:21.216 [main] DEBUG org.apache.hc.client5.http.headers - http-outgoing-41 << Date: Fri, 06 Oct 2023 01:08:29 GMT
08:18:21.216 [main] DEBUG org.apache.hc.client5.http.headers - http-outgoing-41 << Expires: Fri, 06 Oct 2023 02:08:29 GMT
08:18:21.216 [main] DEBUG org.apache.hc.client5.http.headers - http-outgoing-41 << Cache-Control: public, max-age=3600
08:18:21.216 [main] DEBUG org.apache.hc.client5.http.headers - http-outgoing-41 << Age: 594
08:18:21.216 [main] DEBUG org.apache.hc.client5.http.headers - http-outgoing-41 << Last-Modified: Wed, 31 May 2023 08:57:42 GMT
08:18:21.216 [main] DEBUG org.apache.hc.client5.http.headers - http-outgoing-41 << ETag: "368684b889419678b04e4899d53d7ab0"
08:18:21.216 [main] DEBUG org.apache.hc.client5.http.headers - http-outgoing-41 << Content-Type: text/plain
08:18:21.216 [main] DEBUG org.apache.hc.client5.http.headers - http-outgoing-41 << Alt-Svc: h3=":443"; ma=2592000,h3-29=":443"; ma=2592000
08:18:21.216 [main] DEBUG org.apache.hc.client5.http.impl.classic.MainClientExec - ex-00000038: connection can be kept alive for 3 MINUTES
08:18:21.216 [main] DEBUG org.apache.hc.client5.http.impl.classic.InternalHttpClient - ep-00000037: releasing valid endpoint
08:18:21.216 [main] DEBUG org.apache.hc.client5.http.impl.io.PoolingHttpClientConnectionManager - ep-00000037: releasing endpoint
08:18:21.216 [main] DEBUG org.apache.hc.client5.http.impl.io.PoolingHttpClientConnectionManager - ep-00000037: connection http-outgoing-41 can be kept alive for 3 MINUTES
08:18:21.216 [main] DEBUG org.apache.hc.client5.http.impl.io.PoolingHttpClientConnectionManager - ep-00000037: connection released [route: {s}->https://chromedriver.storage.googleapis.com:443][total available: 2; route allocated: 2 of 5; total allocated: 3 of 25]
08:18:21.216 [main] DEBUG io.github.bonigarcia.wdm.versions.VersionDetector - Latest version of chromedriver according to https://chromedriver.storage.googleapis.com/LATEST_RELEASE is 114.0.5735.90
08:18:21.218 [main] DEBUG io.github.bonigarcia.wdm.WebDriverManager - Driver chromedriver 114.0.5735.90 found in cache
08:18:21.219 [main] INFO io.github.bonigarcia.wdm.WebDriverManager - Exporting webdriver.chrome.driver as C:\Users\Bagas Dwi Saputra\.cache\selenium\chromedriver\win32\114.0.5735.90\chromedriver.exe
08:18:21.306 [main] DEBUG net.thucydides.core.reflection.ClassFinder - Could not load class net.serenitybdd.rest.utils.RestSpecificationFactory
08:18:21.386 [main] DEBUG net.thucydides.core.reflection.ClassFinder - Could not load class net.serenitybdd.rest.utils.RestSpecificationFactory
08:18:21.387 [main] INFO net.serenitybdd.core.webdriver.driverproviders.ProvideNewDriver - Instantiating driver
08:18:21.387 [main] INFO net.serenitybdd.core.webdriver.driverproviders.ProvideNewDriver - Driver capabilities: Capabilities {acceptInsecureCerts: false, base.url: https://app.jubelio.com, browserName: chrome, chrome.driver: src/test/resources/webdrive..., driver: chrome, goog:chromeOptions: {args: [], extensions: []}, loggingPrefs: org.openqa.selenium.logging...}
08:18:22.300 [main] DEBUG net.thucydides.core.reflection.ClassFinder - Could not load class net.serenitybdd.rest.utils.RestSpecificationFactory
08:18:24.413 [main] DEBUG net.serenitybdd.core.photography.Darkroom - Send negative for processing for target\site\serenity\4cc97b387fb82cfc136ff103deed3ff15904afea0e81e8a8130786ef5a9430f4.png
08:18:24.413 [main] DEBUG net.thucydides.core.steps.StepInterceptor - STEP DONE: openLink
08:18:24.417 [main] DEBUG net.thucydides.core.steps.StepInterceptor - STARTING STEP: LoginSteps.fillsInTheWithValidDataEmail - fills in the {string} with valid data email
08:18:24.704 [main] DEBUG net.serenitybdd.core.photography.Darkroom - Send negative for processing for target\site\serenity\29d3e9f166cf597135c97994c9ce45464a7cb63e7c1b11511a227ba5e21a0a13.png
08:18:24.704 [main] DEBUG net.thucydides.core.steps.StepInterceptor - STEP DONE: fills in the {string} with valid data email
  &amp#27;[32mGiven &amp#27;[0m&amp#27;[32mfills in the &amp#27;[0m&amp#27;[32m&amp#27;[1m"qa.rakamin.jubelio@gmail.com"&amp#27;[0m&amp#27;[32m with valid data email&amp#27;[0m &amp#27;[90m# starter.stepdefinitios.LoginSteps.fillsInTheWithValidDataEmail(java.lang.String)&amp#27;[0m
08:18:25.379 [main] DEBUG net.serenitybdd.core.photography.Darkroom - Send negative for processing for target\site\serenity\3eaf0a53d429a272f1cbcae9c62772578f202136bd837bf73ee5fddee0931b84.png
08:18:25.379 [main] DEBUG net.thucydides.core.steps.StepInterceptor - STARTING STEP: LoginSteps.fillInTheWithValidDataPass - fill in the {string} with valid data pass
08:18:25.608 [main] DEBUG net.serenitybdd.core.photography.Darkroom - Send negative for processing for target\site\serenity\3715a8613cdfdb30bd411042fff0f3adbf4b7946f6e90e4e1b0ebd5ceaf98194.png
08:18:25.608 [main] DEBUG net.thucydides.core.steps.StepInterceptor - STEP DONE: fill in the {string} with valid data pass
  &amp#27;[32mAnd &amp#27;[0m&amp#27;[32mfill in the &amp#27;[0m&amp#27;[32m&amp#27;[1m"Ju"&amp#27;[0m&amp#27;[32m with valid data pass&amp#27;[0m                               &amp#27;[90m# starter.stepdefinitios.LoginSteps.fillInTheWithValidDataPass(java.lang.String)&amp#27;[0m
08:18:25.608 [Darkroom Processing Line] DEBUG net.serenitybdd.core.photography.DarkroomProcessingLine - Processing screenshot image in /var/screenshots/screenshot-5335873906517151605
08:18:25.608 [Darkroom Processing Line] DEBUG net.serenitybdd.core.photography.DarkroomProcessingLine - Saving screenshot to target\site\serenity\3715a8613cdfdb30bd411042fff0f3adbf4b7946f6e90e4e1b0ebd5ceaf98194.png
08:18:25.619 [main] DEBUG net.thucydides.core.steps.StepInterceptor - STARTING STEP: LoginSteps.clickTheLoginButton - clickbtnlogin
08:18:25.943 [main] DEBUG net.serenitybdd.core.photography.Darkroom - Send negative for processing for target\site\serenity\cb02411de932d205060b5e56458e67ce4178c67462668aba1621b2d6d6080fca.png
08:18:25.943 [main] DEBUG net.thucydides.core.steps.StepInterceptor - STEP DONE: clickbtnlogin
08:18:25.943 [Darkroom Processing Line] DEBUG net.serenitybdd.core.photography.DarkroomProcessingLine - Processing screenshot image in /var/screenshots/screenshot-10112490189054969562
08:18:25.943 [Darkroom Processing Line] DEBUG net.serenitybdd.core.photography.DarkroomProcessingLine - Saving screenshot to target\site\serenity\cb02411de932d205060b5e56458e67ce4178c67462668aba1621b2d6d6080fca.png
  &amp#27;[32mWhen &amp#27;[0m&amp#27;[32mclick the login button&amp#27;[0m                                             &amp#27;[90m# starter.stepdefinitios.LoginSteps.clickTheLoginButton()&amp#27;[0m
08:18:26.622 [main] DEBUG net.serenitybdd.core.photography.Darkroom - Send negative for processing for target\site\serenity\8ff485f701d69700ea5030075bc082e9e1570297ecab6eaf3b4df03c4d0640aa.png
08:18:26.623 [Darkroom Processing Line] DEBUG net.serenitybdd.core.photography.DarkroomProcessingLine - Processing screenshot image in /var/screenshots/screenshot-1446800770184776881
08:18:26.623 [Darkroom Processing Line] DEBUG net.serenitybdd.core.photography.DarkroomProcessingLine - Saving screenshot to target\site\serenity\8ff485f701d69700ea5030075bc082e9e1570297ecab6eaf3b4df03c4d0640aa.png
08:18:26.628 [main] DEBUG net.thucydides.core.steps.StepInterceptor - STARTING STEP: LoginSteps.validatePageHomeOrError - validate page home or error {string}
08:18:26.657 [main] DEBUG net.thucydides.core.steps.StepInterceptor - STEP DONE: validate page home or error {string}
  &amp#27;[32mThen &amp#27;[0m&amp#27;[32mvalidate page home or error &amp#27;[0m&amp#27;[32m&amp#27;[1m"Password harus di antara 6 dan 30."&amp#27;[0m   &amp#27;[90m# starter.stepdefinitios.LoginSteps.validatePageHomeOrError(java.lang.String)&amp#27;[0m
]]></system-out>
    <system-err><![CDATA[Starting ChromeDriver 117.0.5938.88 (be6afae4721209be42944bbcd325665f9f44563b-refs/branch-heads/5938_62@{#9}) on port 25183
Only local connections are allowed.
Please see https://chromedriver.chromium.org/security-considerations for suggestions on keeping ChromeDriver safe.
ChromeDriver was started successfully.
Oct 06, 2023 8:18:22 AM org.openqa.selenium.remote.ProtocolHandshake createSession
INFO: Detected dialect: W3C
]]></system-err>
  </testcase>
  <testcase name="Login Account #9" classname="Login Account at app.jubelio" time="6.962">
    <system-out><![CDATA[
@Login
Scenario Outline: Login Account                                           &amp#27;[90m# src/test/resources/features/user/login.feature:19&amp#27;[0m
08:18:26.881 [main] INFO io.cucumber.core.plugin.SerenityReporter - Running feature from file:///D:/QE/Automation/Jubelio-Website/src/test/resources/features/user/login.feature
08:18:27.410 [main] DEBUG net.thucydides.core.steps.StepInterceptor - STARTING STEP: LoginSteps.fillsInTheWithValidDataEmail - openLink
08:18:27.412 [main] INFO net.serenitybdd.core.webdriver.driverproviders.ChromeDriverProvider - Using automatically driver download
08:18:27.426 [main] DEBUG org.apache.hc.client5.http.impl.classic.InternalHttpClient - ex-00000039: preparing request execution
08:18:27.426 [main] DEBUG org.apache.hc.client5.http.protocol.RequestAddCookies - Cookie spec selected: strict
08:18:27.426 [main] DEBUG org.apache.hc.client5.http.protocol.RequestAuthCache - Auth cache not set in the context
08:18:27.426 [main] DEBUG org.apache.hc.client5.http.impl.classic.ProtocolExec - ex-00000039: target auth state: UNCHALLENGED
08:18:27.426 [main] DEBUG org.apache.hc.client5.http.impl.classic.ProtocolExec - ex-00000039: proxy auth state: UNCHALLENGED
08:18:27.426 [main] DEBUG org.apache.hc.client5.http.impl.classic.ConnectExec - ex-00000039: acquiring connection with route {s}->https://raw.githubusercontent.com:443
08:18:27.426 [main] DEBUG org.apache.hc.client5.http.impl.classic.InternalHttpClient - ex-00000039: acquiring endpoint (3 MINUTES)
08:18:27.426 [main] DEBUG org.apache.hc.client5.http.impl.io.PoolingHttpClientConnectionManager - ex-00000039: endpoint lease request (3 MINUTES) [route: {s}->https://raw.githubusercontent.com:443][total available: 0; route allocated: 0 of 5; total allocated: 0 of 25]
08:18:27.427 [main] DEBUG org.apache.hc.client5.http.impl.io.PoolingHttpClientConnectionManager - ex-00000039: endpoint leased [route: {s}->https://raw.githubusercontent.com:443][total available: 0; route allocated: 1 of 5; total allocated: 1 of 25]
08:18:27.427 [main] DEBUG org.apache.hc.client5.http.impl.io.PoolingHttpClientConnectionManager - ex-00000039: acquired ep-00000038
08:18:27.427 [main] DEBUG org.apache.hc.client5.http.impl.classic.InternalHttpClient - ex-00000039: acquired endpoint ep-00000038
08:18:27.427 [main] DEBUG org.apache.hc.client5.http.impl.classic.ConnectExec - ex-00000039: opening connection {s}->https://raw.githubusercontent.com:443
08:18:27.427 [main] DEBUG org.apache.hc.client5.http.impl.classic.InternalHttpClient - ep-00000038: connecting endpoint (30 SECONDS)
08:18:27.427 [main] DEBUG org.apache.hc.client5.http.impl.io.PoolingHttpClientConnectionManager - ep-00000038: connecting endpoint to https://raw.githubusercontent.com:443 (30 SECONDS)
08:18:27.427 [main] DEBUG org.apache.hc.client5.http.impl.io.DefaultHttpClientConnectionOperator - http-outgoing-42: connecting to raw.githubusercontent.com/185.199.108.133:443
08:18:27.427 [main] DEBUG org.apache.hc.client5.http.ssl.SSLConnectionSocketFactory - Connecting socket to raw.githubusercontent.com/185.199.108.133:443 with timeout 30 SECONDS
08:18:27.447 [main] DEBUG org.apache.hc.client5.http.ssl.SSLConnectionSocketFactory - Enabled protocols: [TLSv1.3, TLSv1.2]
08:18:27.447 [main] DEBUG org.apache.hc.client5.http.ssl.SSLConnectionSocketFactory - Enabled cipher suites: [TLS_AES_256_GCM_SHA384, TLS_AES_128_GCM_SHA256, TLS_CHACHA20_POLY1305_SHA256, TLS_ECDHE_ECDSA_WITH_AES_256_GCM_SHA384, TLS_ECDHE_ECDSA_WITH_AES_128_GCM_SHA256, TLS_ECDHE_ECDSA_WITH_CHACHA20_POLY1305_SHA256, TLS_ECDHE_RSA_WITH_AES_256_GCM_SHA384, TLS_ECDHE_RSA_WITH_CHACHA20_POLY1305_SHA256, TLS_ECDHE_RSA_WITH_AES_128_GCM_SHA256, TLS_DHE_RSA_WITH_AES_256_GCM_SHA384, TLS_DHE_RSA_WITH_CHACHA20_POLY1305_SHA256, TLS_DHE_DSS_WITH_AES_256_GCM_SHA384, TLS_DHE_RSA_WITH_AES_128_GCM_SHA256, TLS_DHE_DSS_WITH_AES_128_GCM_SHA256, TLS_ECDHE_ECDSA_WITH_AES_256_CBC_SHA384, TLS_ECDHE_RSA_WITH_AES_256_CBC_SHA384, TLS_ECDHE_ECDSA_WITH_AES_128_CBC_SHA256, TLS_ECDHE_RSA_WITH_AES_128_CBC_SHA256, TLS_DHE_RSA_WITH_AES_256_CBC_SHA256, TLS_DHE_DSS_WITH_AES_256_CBC_SHA256, TLS_DHE_RSA_WITH_AES_128_CBC_SHA256, TLS_DHE_DSS_WITH_AES_128_CBC_SHA256, TLS_ECDH_ECDSA_WITH_AES_256_GCM_SHA384, TLS_ECDH_RSA_WITH_AES_256_GCM_SHA384, TLS_ECDH_ECDSA_WITH_AES_128_GCM_SHA256, TLS_ECDH_RSA_WITH_AES_128_GCM_SHA256, TLS_ECDH_ECDSA_WITH_AES_256_CBC_SHA384, TLS_ECDH_RSA_WITH_AES_256_CBC_SHA384, TLS_ECDH_ECDSA_WITH_AES_128_CBC_SHA256, TLS_ECDH_RSA_WITH_AES_128_CBC_SHA256, TLS_ECDHE_ECDSA_WITH_AES_256_CBC_SHA, TLS_ECDHE_RSA_WITH_AES_256_CBC_SHA, TLS_ECDHE_ECDSA_WITH_AES_128_CBC_SHA, TLS_ECDHE_RSA_WITH_AES_128_CBC_SHA, TLS_DHE_RSA_WITH_AES_256_CBC_SHA, TLS_DHE_DSS_WITH_AES_256_CBC_SHA, TLS_DHE_RSA_WITH_AES_128_CBC_SHA, TLS_DHE_DSS_WITH_AES_128_CBC_SHA, TLS_ECDH_ECDSA_WITH_AES_256_CBC_SHA, TLS_ECDH_RSA_WITH_AES_256_CBC_SHA, TLS_ECDH_ECDSA_WITH_AES_128_CBC_SHA, TLS_ECDH_RSA_WITH_AES_128_CBC_SHA, TLS_RSA_WITH_AES_256_GCM_SHA384, TLS_RSA_WITH_AES_128_GCM_SHA256, TLS_RSA_WITH_AES_256_CBC_SHA256, TLS_RSA_WITH_AES_128_CBC_SHA256, TLS_RSA_WITH_AES_256_CBC_SHA, TLS_RSA_WITH_AES_128_CBC_SHA, TLS_EMPTY_RENEGOTIATION_INFO_SCSV]
08:18:27.447 [main] DEBUG org.apache.hc.client5.http.ssl.SSLConnectionSocketFactory - Starting handshake
08:18:27.492 [main] DEBUG org.apache.hc.client5.http.ssl.SSLConnectionSocketFactory - Secure session established
08:18:27.492 [main] DEBUG org.apache.hc.client5.http.ssl.SSLConnectionSocketFactory -  negotiated protocol: TLSv1.3
08:18:27.492 [main] DEBUG org.apache.hc.client5.http.ssl.SSLConnectionSocketFactory -  negotiated cipher suite: TLS_AES_256_GCM_SHA384
08:18:27.492 [main] DEBUG org.apache.hc.client5.http.ssl.SSLConnectionSocketFactory -  peer principal: CN=*.github.io, O="GitHub, Inc.", L=San Francisco, ST=California, C=US
08:18:27.492 [main] DEBUG org.apache.hc.client5.http.ssl.SSLConnectionSocketFactory -  peer alternative names: [*.github.io, github.io, *.github.com, github.com, www.github.com, *.githubusercontent.com, githubusercontent.com]
08:18:27.492 [main] DEBUG org.apache.hc.client5.http.ssl.SSLConnectionSocketFactory -  issuer principal: CN=DigiCert TLS RSA SHA256 2020 CA1, O=DigiCert Inc, C=US
08:18:27.492 [main] DEBUG org.apache.hc.client5.http.impl.io.DefaultHttpClientConnectionOperator - http-outgoing-42: connection established 192.168.100.42:64844<->185.199.108.133:443
08:18:27.492 [main] DEBUG org.apache.hc.client5.http.impl.io.PoolingHttpClientConnectionManager - ep-00000038: connected http-outgoing-42
08:18:27.492 [main] DEBUG org.apache.hc.client5.http.impl.classic.InternalHttpClient - ep-00000038: endpoint connected
08:18:27.492 [main] DEBUG org.apache.hc.client5.http.impl.classic.MainClientExec - ex-00000039: executing GET /bonigarcia/webdrivermanager/master/src/main/resources/commands.properties HTTP/1.1
08:18:27.492 [main] DEBUG org.apache.hc.client5.http.impl.classic.InternalHttpClient - ep-00000038: start execution ex-00000039
08:18:27.492 [main] DEBUG org.apache.hc.client5.http.impl.io.PoolingHttpClientConnectionManager - ep-00000038: executing exchange ex-00000039 over http-outgoing-42
08:18:27.493 [main] DEBUG org.apache.hc.client5.http.headers - http-outgoing-42 >> GET /bonigarcia/webdrivermanager/master/src/main/resources/commands.properties HTTP/1.1
08:18:27.493 [main] DEBUG org.apache.hc.client5.http.headers - http-outgoing-42 >> user-agent: Apache-HttpClient/5.0
08:18:27.493 [main] DEBUG org.apache.hc.client5.http.headers - http-outgoing-42 >> accept-encoding: gzip, deflate, br
08:18:27.493 [main] DEBUG org.apache.hc.client5.http.headers - http-outgoing-42 >> cache-control: max-age=0
08:18:27.493 [main] DEBUG org.apache.hc.client5.http.headers - http-outgoing-42 >> connection: keep-alive
08:18:27.493 [main] DEBUG org.apache.hc.client5.http.headers - http-outgoing-42 >> Host: raw.githubusercontent.com
08:18:27.493 [main] DEBUG org.apache.hc.client5.http.wire - http-outgoing-42 >> "GET /bonigarcia/webdrivermanager/master/src/main/resources/commands.properties HTTP/1.1[\r][\n]"
08:18:27.493 [main] DEBUG org.apache.hc.client5.http.wire - http-outgoing-42 >> "user-agent: Apache-HttpClient/5.0[\r][\n]"
08:18:27.493 [main] DEBUG org.apache.hc.client5.http.wire - http-outgoing-42 >> "accept-encoding: gzip, deflate, br[\r][\n]"
08:18:27.493 [main] DEBUG org.apache.hc.client5.http.wire - http-outgoing-42 >> "cache-control: max-age=0[\r][\n]"
08:18:27.493 [main] DEBUG org.apache.hc.client5.http.wire - http-outgoing-42 >> "connection: keep-alive[\r][\n]"
08:18:27.493 [main] DEBUG org.apache.hc.client5.http.wire - http-outgoing-42 >> "Host: raw.githubusercontent.com[\r][\n]"
08:18:27.493 [main] DEBUG org.apache.hc.client5.http.wire - http-outgoing-42 >> "[\r][\n]"
08:18:27.536 [main] DEBUG org.apache.hc.client5.http.wire - http-outgoing-42 << "HTTP/1.1 200 OK[\r][\n]"
08:18:27.536 [main] DEBUG org.apache.hc.client5.http.wire - http-outgoing-42 << "Connection: keep-alive[\r][\n]"
08:18:27.536 [main] DEBUG org.apache.hc.client5.http.wire - http-outgoing-42 << "Content-Length: 723[\r][\n]"
08:18:27.536 [main] DEBUG org.apache.hc.client5.http.wire - http-outgoing-42 << "Cache-Control: max-age=300[\r][\n]"
08:18:27.536 [main] DEBUG org.apache.hc.client5.http.wire - http-outgoing-42 << "Content-Security-Policy: default-src 'none'; style-src 'unsafe-inline'; sandbox[\r][\n]"
08:18:27.536 [main] DEBUG org.apache.hc.client5.http.wire - http-outgoing-42 << "Content-Type: text/plain; charset=utf-8[\r][\n]"
08:18:27.536 [main] DEBUG org.apache.hc.client5.http.wire - http-outgoing-42 << "ETag: W/"e82b438271e9e8680c688b0b680efd0bdd22faa6d6f0a32fc1fd8accc486b67e"[\r][\n]"
08:18:27.536 [main] DEBUG org.apache.hc.client5.http.wire - http-outgoing-42 << "Strict-Transport-Security: max-age=31536000[\r][\n]"
08:18:27.536 [main] DEBUG org.apache.hc.client5.http.wire - http-outgoing-42 << "X-Content-Type-Options: nosniff[\r][\n]"
08:18:27.536 [main] DEBUG org.apache.hc.client5.http.wire - http-outgoing-42 << "X-Frame-Options: deny[\r][\n]"
08:18:27.536 [main] DEBUG org.apache.hc.client5.http.wire - http-outgoing-42 << "X-XSS-Protection: 1; mode=block[\r][\n]"
08:18:27.536 [main] DEBUG org.apache.hc.client5.http.wire - http-outgoing-42 << "X-GitHub-Request-Id: 4CA0:B8C7F:70C4E:8CACE:651389F9[\r][\n]"
08:18:27.536 [main] DEBUG org.apache.hc.client5.http.wire - http-outgoing-42 << "Content-Encoding: gzip[\r][\n]"
08:18:27.536 [main] DEBUG org.apache.hc.client5.http.wire - http-outgoing-42 << "Accept-Ranges: bytes[\r][\n]"
08:18:27.536 [main] DEBUG org.apache.hc.client5.http.wire - http-outgoing-42 << "Date: Fri, 06 Oct 2023 01:18:29 GMT[\r][\n]"
08:18:27.536 [main] DEBUG org.apache.hc.client5.http.wire - http-outgoing-42 << "Via: 1.1 varnish[\r][\n]"
08:18:27.536 [main] DEBUG org.apache.hc.client5.http.wire - http-outgoing-42 << "X-Served-By: cache-qpg1267-QPG[\r][\n]"
08:18:27.536 [main] DEBUG org.apache.hc.client5.http.wire - http-outgoing-42 << "X-Cache: HIT[\r][\n]"
08:18:27.536 [main] DEBUG org.apache.hc.client5.http.wire - http-outgoing-42 << "X-Cache-Hits: 1[\r][\n]"
08:18:27.536 [main] DEBUG org.apache.hc.client5.http.wire - http-outgoing-42 << "X-Timer: S1696555110.656792,VS0,VE1[\r][\n]"
08:18:27.536 [main] DEBUG org.apache.hc.client5.http.wire - http-outgoing-42 << "Vary: Authorization,Accept-Encoding,Origin[\r][\n]"
08:18:27.536 [main] DEBUG org.apache.hc.client5.http.wire - http-outgoing-42 << "Access-Control-Allow-Origin: *[\r][\n]"
08:18:27.536 [main] DEBUG org.apache.hc.client5.http.wire - http-outgoing-42 << "Cross-Origin-Resource-Policy: cross-origin[\r][\n]"
08:18:27.536 [main] DEBUG org.apache.hc.client5.http.wire - http-outgoing-42 << "X-Fastly-Request-ID: 0bd1e8b2a77505d1efcddad5e3a4d9be38444404[\r][\n]"
08:18:27.537 [main] DEBUG org.apache.hc.client5.http.wire - http-outgoing-42 << "Expires: Fri, 06 Oct 2023 01:23:29 GMT[\r][\n]"
08:18:27.537 [main] DEBUG org.apache.hc.client5.http.wire - http-outgoing-42 << "Source-Age: 142[\r][\n]"
08:18:27.537 [main] DEBUG org.apache.hc.client5.http.wire - http-outgoing-42 << "[\r][\n]"
08:18:27.537 [main] DEBUG org.apache.hc.client5.http.headers - http-outgoing-42 << HTTP/1.1 200 OK
08:18:27.537 [main] DEBUG org.apache.hc.client5.http.headers - http-outgoing-42 << Connection: keep-alive
08:18:27.537 [main] DEBUG org.apache.hc.client5.http.headers - http-outgoing-42 << Content-Length: 723
08:18:27.537 [main] DEBUG org.apache.hc.client5.http.headers - http-outgoing-42 << Cache-Control: max-age=300
08:18:27.537 [main] DEBUG org.apache.hc.client5.http.headers - http-outgoing-42 << Content-Security-Policy: default-src 'none'; style-src 'unsafe-inline'; sandbox
08:18:27.537 [main] DEBUG org.apache.hc.client5.http.headers - http-outgoing-42 << Content-Type: text/plain; charset=utf-8
08:18:27.537 [main] DEBUG org.apache.hc.client5.http.headers - http-outgoing-42 << ETag: W/"e82b438271e9e8680c688b0b680efd0bdd22faa6d6f0a32fc1fd8accc486b67e"
08:18:27.537 [main] DEBUG org.apache.hc.client5.http.headers - http-outgoing-42 << Strict-Transport-Security: max-age=31536000
08:18:27.537 [main] DEBUG org.apache.hc.client5.http.headers - http-outgoing-42 << X-Content-Type-Options: nosniff
08:18:27.537 [main] DEBUG org.apache.hc.client5.http.headers - http-outgoing-42 << X-Frame-Options: deny
08:18:27.537 [main] DEBUG org.apache.hc.client5.http.headers - http-outgoing-42 << X-XSS-Protection: 1; mode=block
08:18:27.537 [main] DEBUG org.apache.hc.client5.http.headers - http-outgoing-42 << X-GitHub-Request-Id: 4CA0:B8C7F:70C4E:8CACE:651389F9
08:18:27.537 [main] DEBUG org.apache.hc.client5.http.headers - http-outgoing-42 << Content-Encoding: gzip
08:18:27.537 [main] DEBUG org.apache.hc.client5.http.headers - http-outgoing-42 << Accept-Ranges: bytes
08:18:27.537 [main] DEBUG org.apache.hc.client5.http.headers - http-outgoing-42 << Date: Fri, 06 Oct 2023 01:18:29 GMT
08:18:27.537 [main] DEBUG org.apache.hc.client5.http.headers - http-outgoing-42 << Via: 1.1 varnish
08:18:27.537 [main] DEBUG org.apache.hc.client5.http.headers - http-outgoing-42 << X-Served-By: cache-qpg1267-QPG
08:18:27.537 [main] DEBUG org.apache.hc.client5.http.headers - http-outgoing-42 << X-Cache: HIT
08:18:27.537 [main] DEBUG org.apache.hc.client5.http.headers - http-outgoing-42 << X-Cache-Hits: 1
08:18:27.537 [main] DEBUG org.apache.hc.client5.http.headers - http-outgoing-42 << X-Timer: S1696555110.656792,VS0,VE1
08:18:27.537 [main] DEBUG org.apache.hc.client5.http.headers - http-outgoing-42 << Vary: Authorization,Accept-Encoding,Origin
08:18:27.537 [main] DEBUG org.apache.hc.client5.http.headers - http-outgoing-42 << Access-Control-Allow-Origin: *
08:18:27.537 [main] DEBUG org.apache.hc.client5.http.headers - http-outgoing-42 << Cross-Origin-Resource-Policy: cross-origin
08:18:27.537 [main] DEBUG org.apache.hc.client5.http.headers - http-outgoing-42 << X-Fastly-Request-ID: 0bd1e8b2a77505d1efcddad5e3a4d9be38444404
08:18:27.537 [main] DEBUG org.apache.hc.client5.http.headers - http-outgoing-42 << Expires: Fri, 06 Oct 2023 01:23:29 GMT
08:18:27.537 [main] DEBUG org.apache.hc.client5.http.headers - http-outgoing-42 << Source-Age: 142
08:18:27.537 [main] DEBUG org.apache.hc.client5.http.impl.classic.MainClientExec - ex-00000039: connection can be kept alive for 3 MINUTES
08:18:27.538 [main] DEBUG org.apache.hc.client5.http.wire - http-outgoing-42 << "[0x1f][0xffffff8b][0x8][0x0][0x0][0x0][0x0][0x0][0x0][0x3][0xffffffb5]V]o[0xffffffda]0[0x14]}[0xffffffe7]W\[0xffffff81]*[0xffffffb5][0x12][0x1f][[M[0xffffffd3]$[0x1e]hF[0xffffffbb]i [0x18][0xffffffb4][0xffffffdd]&[0xfffffff9][0xffffffc5]$7[0xffffffc1]R[0x12]#;[0xffffff94]v[0xffffffbf]~[0xffffffb6][0xfffffff3]1[0xffffff92][0xffffff9a][0xffffffc1][0x1a]x[0xffffffcb][0xffffffb5][0xffffffaf][0xffffffcf]9[0xffffffbe][0xfffffff7]8v[0xb][0x1c][0x1e]E4[0xfffffff6]$x4[0xffffffa1][0xb]*[0xffffffb1][0xffffffd1][0xffffff82][0xfffffffb]%[0xffffff93][0xffffffe0][0xffffffb3][0x10][0xffffffc1][0xffffffe5]qBY,!Y[0xffffffea] KM8,[0x10][0xfffffff0][0x19][0xffffffdd]u[0xffffff82][0x1e][0xffffffb0][0xffffffd8]L[0xffffffcb]%[0xffffff86][0xffffffa1][0xe][0xffffffb8][0xfffffff0]P[0xffffffe8]$[0xf][0x13]t[0x13]3[0xfffffff9][0xffffff84]B2[0xffffffae][0xffffffe6]|@[0xfffffff5][0x1d][0x8][0xffffffc4][0x18][0x16][0xffffff82]o[0xffffffa4][0xffffff9a]P[0xffffff94][0xffffffe7][0xffffffce]R[0xfffffff0][0x8][0xffffffdb]p[0xffffffcb][0x4][0xfffffffa][0xfffffffc][0xffffffb9][\r][0xffffff93][0x15][\n]"
08:18:27.538 [main] DEBUG org.apache.hc.client5.http.wire - http-outgoing-42 << "[0xffffffda][0xffffff86][0xffffffa1][0x17][0xffffffa8]Q3[0xffffffcb][0xffffffd6][0xffffffd1][0xffffff85][0xffffffc6][0xfffffff7][0xffffff98][0xffffffef][0xffffffa3][0xffffffc0]8[0x1][0xffffffae]s[0x12][0x16][0x7] _d[0xffffff82][0xffffff91][0xffffff84][0xfffffff3][0x1f],[0xfffffff6][0x14]j[0x1b]F,^+[0xffffff98]1ua2[0xffffffbf]h([0xffffff8e][0xffffff94][0xffffffa2][0xffffff91]m[0xffffffa3][0xffffffeb][0xffffff9a][0xffffffb0][0xffffffbb]I[0x17]t[0xffffffdf][0xffffffbd][0xffffffef][0xffffffbb][0xffffff91][0xffffffd7]U[0xffffffbb][0xffffff82][0xffffff9e][0x3][0xffffff9b][0xffffff88][0xffffffb9][0xffffffa6]$[0xffffffa6][0xc][0xffffff9b][0xffffffa5][0xffffffe2][0xffffff83][0xffffff98]F[0xffffffd8]o[0xffffff9e]Mg[0xffffff93][0xffffffbb][0xffffffd9]`|[0xfffffffb]u4[0xffffff9c][0x7f]"}B[0xffffffce][0x8][0xffffffb9][0xffffffe3]<[0x8][0xffffff91][0xffffff90][0xffffff94][0xffffff82][0xffffff90][0xffffffc1]j[0x15]2WI[0xffffffe3]1![0x19][0xffffff91]BnB[0xffffff80][0x9]<f[0xffffffb5][0xffffffe8]=[0xffffffd1]p[0xffffffbd][[0xffffffcf][0xffffffe5][0x1b][0xfffffff4][0xffffff9c][0xffffffff][0xfffffffc][0xfffffff8][0xffffffe1][0xffffffe2][0xffffff94][0xffffffa2][0xffffffae][0xe][0x14]5[0xffffff9a]8[0xffffff83][0xffffffd1]`:[0xfffffffd]<[0xffffffb8][0x1f][0xffffff9c]R[0xffffffcf]u[0x7f]6[0xffffffbc][0xffffff83][0xffffffef][0xf][0xffffffc3][0xffffffd9]/[0xfffffff8][0xfffffff2][0xffffffcd]y s[0xffffffee]'[0x1b]*0g[0xffffffcb][0xffffffc8]nF7H][0xffffff83][0xffffff97]{[0xffffffb1]Q[0x5][\r][0xffffffb5]c[0xffffffb4][0xf][0x2][0xffffffb3][0xffffffb4][0xffffff93][0xe]C[0xffffffa7][0xffffffb3]kAD][0xffffff9d][0xffffffde][0xffffffdb][0xffffffda][0xffffff88][0xffffffec][0xffffffa5][0xffffffbc][0xffffff99][0xffffffd9][0xffffffba]t[0xffffffb5][0xffffffea]9[0xffffffea][0x10])[0xffffffb7][0xffffffca][0xffffff9e][0xfffffff2][0xffffffe2]d^N[0xffffffd8]FW[0x16][0xffffffcd][0xffffffdc]_[0x10][0xfffffff9]i|[0x1c][0xffffff93][0xffffff8e][0xfffffff9]o[0x16][0xffffff86]4'!$G[0xffffffdf]W[0xfffffff4]W*j[[0xfffffff3]xR[0xffffffae][0xffffffb6][0xc][0xffffffd0],; #[0xffffffa9][0xffffff92]5[0xffffffb5][0x7][0xffffff9c][0xffffffb5][0xffffffd0][0x7f][0xffffff90][0xffffffc7]jgs[0xfffffffc][0xffffffc2][0xb][0xffffffd9][0x0]t[0xffffff9e]^'Y[0xfffffffb][0xffffff9f][0xffffffb1][0xffffffd8]:[0xffffffbf][0xffffff8d][0xffffffa5][0xffffff9a][0xffffffad][0x7f]m[0x5]&[0xffffffaa][0xffffffa0]^[0xffffff9b][0xffffffcb][0x5]f[0xffffffae][0xffffffe0]RU[0xffffff82][0x10]MS9l[0xffffff91]4t[0xfffffffb][0xffffff8a]][0xffffffd6][0xfffffff4][0xffffff96][0xffffffa6][0xffffff9f]P[0xffffffce][0xffffffd5][0xffffffce][0xffffff93][0xffffffff][0xffffff97][0xffffffcc]p[0xfffffffd][0xfffffff3][0xffffffe8][0x1b][0xffffffcc][0xffffffa2][0xffffffd9]Q[0xffffffbe][0xffffffb2][0xffffffa3][0xffffffc7]m'[0xffffffdf][0xffffffe4][[0xfffffffb]^[0xffffffb0][0xffffff9a][0xffffffbe][0xffffffda][0xffffffda]_[0xffffffce][0xffffff80][0xffffffd2][0xffffffc1]7[0xffffffb7]][0xffffffc1]b[0xffffffee][0xffffffb5][0xffffffff]w[0xffffff83][0xffffffed][0xffffffa7];[0x15]<[0x10]4[0xffffff92][0xffffff84][0x18][\n]"
08:18:27.538 [main] DEBUG org.apache.hc.client5.http.wire - http-outgoing-42 << "BB[0xffffffba][0xffffff8e]][0xffffffb5]jo[0xffffffb9]+"[0xffffffea][0xffffffb4][0xffffffff]h"[0xffffffea]\?5[0xffffffa9][0xffffffaf]k[0xffffffec][0xffffffff]P[0xffffffea][\n]"
08:18:27.538 [main] DEBUG org.apache.hc.client5.http.wire - http-outgoing-42 << "w[0xffffffe1]K[0x13][0xffffffda][0xffffffec][0xffffff98][0xffffffe6]Y[0xfffffffd]h8m6[0xffffff9c]T[0xffffffc1][0xfffffff2][0xffffffa7][0xffffff91]z_[0xffffff95]o85p[0x1c][0x13][0xffffffe6][0xfffffff0]5[0xffffffee][0xfffffffc][0xffffff92][0xffffff96][0xffffffda][0xfffffff7][0xffffffcf][0xffffffb1][0x5][0x1d][0xffffffea]K[0xffffff9b]9[0xffffff8e][0xffffffad]e[0xfffffff7][0xffffff93][0xffffffa8]`[0xffffffda][0xffffffff][0x1a][0xffffffd2][0xffffff88][0xffffff85][0xfffffffd][0xfffffff2][0xffffff91]N[0xfffffff6]`[0xffffffdf]2[0xffffffcf][0xffffffae]E[0xffffff97][0xffffffc5][0xffffffa2][0xffffff9d][0xffffffef]'[0xffffff9d]mun.[0xffffffd3]f^[0xffffffc7][0xffffff82][0xffffffda][0xffffff82]9[0xfffffff5][0xffffffa9]`[0x5][0xffffffbc]4[0xffffffa1][0x1d]<M[0xffffffb5]A[0xffffffa7]3[[0xffffffc0][0x7f][0x0][0xffffffc1][0xffffffd0]$[0xffffff85][0x1d][\r][0x0][0x0]"
08:18:27.539 [main] DEBUG org.apache.hc.client5.http.impl.classic.InternalHttpClient - ep-00000038: releasing valid endpoint
08:18:27.539 [main] DEBUG org.apache.hc.client5.http.impl.io.PoolingHttpClientConnectionManager - ep-00000038: releasing endpoint
08:18:27.539 [main] DEBUG org.apache.hc.client5.http.impl.io.PoolingHttpClientConnectionManager - ep-00000038: connection http-outgoing-42 can be kept alive for 3 MINUTES
08:18:27.539 [main] DEBUG org.apache.hc.client5.http.impl.io.PoolingHttpClientConnectionManager - ep-00000038: connection released [route: {s}->https://raw.githubusercontent.com:443][total available: 1; route allocated: 1 of 5; total allocated: 1 of 25]
08:18:27.539 [main] DEBUG io.github.bonigarcia.wdm.versions.VersionDetector - Detecting chrome version using online commands.properties
08:18:27.540 [main] DEBUG io.github.bonigarcia.wdm.versions.Shell - Running command on the shell: [cmd.exe, /C, wmic, datafile, where, name="%PROGRAMFILES:\=\\%\\Google\\Chrome\\Application\\chrome.exe", get, Version, /value]
08:18:27.651 [main] DEBUG io.github.bonigarcia.wdm.versions.Shell - Result: Version=117.0.5938.134
08:18:27.653 [main] DEBUG org.apache.hc.client5.http.impl.classic.InternalHttpClient - ex-0000003A: preparing request execution
08:18:27.653 [main] DEBUG org.apache.hc.client5.http.protocol.RequestAddCookies - Cookie spec selected: strict
08:18:27.653 [main] DEBUG org.apache.hc.client5.http.protocol.RequestAuthCache - Auth cache not set in the context
08:18:27.653 [main] DEBUG org.apache.hc.client5.http.impl.classic.ProtocolExec - ex-0000003A: target auth state: UNCHALLENGED
08:18:27.653 [main] DEBUG org.apache.hc.client5.http.impl.classic.ProtocolExec - ex-0000003A: proxy auth state: UNCHALLENGED
08:18:27.653 [main] DEBUG org.apache.hc.client5.http.impl.classic.ConnectExec - ex-0000003A: acquiring connection with route {s}->https://chromedriver.storage.googleapis.com:443
08:18:27.653 [main] DEBUG org.apache.hc.client5.http.impl.classic.InternalHttpClient - ex-0000003A: acquiring endpoint (3 MINUTES)
08:18:27.653 [main] DEBUG org.apache.hc.client5.http.impl.io.PoolingHttpClientConnectionManager - ex-0000003A: endpoint lease request (3 MINUTES) [route: {s}->https://chromedriver.storage.googleapis.com:443][total available: 1; route allocated: 0 of 5; total allocated: 1 of 25]
08:18:27.653 [main] DEBUG org.apache.hc.client5.http.impl.io.PoolingHttpClientConnectionManager - ex-0000003A: endpoint leased [route: {s}->https://chromedriver.storage.googleapis.com:443][total available: 1; route allocated: 1 of 5; total allocated: 2 of 25]
08:18:27.653 [main] DEBUG org.apache.hc.client5.http.impl.io.PoolingHttpClientConnectionManager - ex-0000003A: acquired ep-00000039
08:18:27.653 [main] DEBUG org.apache.hc.client5.http.impl.classic.InternalHttpClient - ex-0000003A: acquired endpoint ep-00000039
08:18:27.653 [main] DEBUG org.apache.hc.client5.http.impl.classic.ConnectExec - ex-0000003A: opening connection {s}->https://chromedriver.storage.googleapis.com:443
08:18:27.653 [main] DEBUG org.apache.hc.client5.http.impl.classic.InternalHttpClient - ep-00000039: connecting endpoint (30 SECONDS)
08:18:27.653 [main] DEBUG org.apache.hc.client5.http.impl.io.PoolingHttpClientConnectionManager - ep-00000039: connecting endpoint to https://chromedriver.storage.googleapis.com:443 (30 SECONDS)
08:18:27.653 [main] DEBUG org.apache.hc.client5.http.impl.io.DefaultHttpClientConnectionOperator - http-outgoing-43: connecting to chromedriver.storage.googleapis.com/34.101.5.27:443
08:18:27.653 [main] DEBUG org.apache.hc.client5.http.ssl.SSLConnectionSocketFactory - Connecting socket to chromedriver.storage.googleapis.com/34.101.5.27:443 with timeout 30 SECONDS
08:18:27.658 [main] DEBUG org.apache.hc.client5.http.ssl.SSLConnectionSocketFactory - Enabled protocols: [TLSv1.3, TLSv1.2]
08:18:27.658 [main] DEBUG org.apache.hc.client5.http.ssl.SSLConnectionSocketFactory - Enabled cipher suites: [TLS_AES_256_GCM_SHA384, TLS_AES_128_GCM_SHA256, TLS_CHACHA20_POLY1305_SHA256, TLS_ECDHE_ECDSA_WITH_AES_256_GCM_SHA384, TLS_ECDHE_ECDSA_WITH_AES_128_GCM_SHA256, TLS_ECDHE_ECDSA_WITH_CHACHA20_POLY1305_SHA256, TLS_ECDHE_RSA_WITH_AES_256_GCM_SHA384, TLS_ECDHE_RSA_WITH_CHACHA20_POLY1305_SHA256, TLS_ECDHE_RSA_WITH_AES_128_GCM_SHA256, TLS_DHE_RSA_WITH_AES_256_GCM_SHA384, TLS_DHE_RSA_WITH_CHACHA20_POLY1305_SHA256, TLS_DHE_DSS_WITH_AES_256_GCM_SHA384, TLS_DHE_RSA_WITH_AES_128_GCM_SHA256, TLS_DHE_DSS_WITH_AES_128_GCM_SHA256, TLS_ECDHE_ECDSA_WITH_AES_256_CBC_SHA384, TLS_ECDHE_RSA_WITH_AES_256_CBC_SHA384, TLS_ECDHE_ECDSA_WITH_AES_128_CBC_SHA256, TLS_ECDHE_RSA_WITH_AES_128_CBC_SHA256, TLS_DHE_RSA_WITH_AES_256_CBC_SHA256, TLS_DHE_DSS_WITH_AES_256_CBC_SHA256, TLS_DHE_RSA_WITH_AES_128_CBC_SHA256, TLS_DHE_DSS_WITH_AES_128_CBC_SHA256, TLS_ECDH_ECDSA_WITH_AES_256_GCM_SHA384, TLS_ECDH_RSA_WITH_AES_256_GCM_SHA384, TLS_ECDH_ECDSA_WITH_AES_128_GCM_SHA256, TLS_ECDH_RSA_WITH_AES_128_GCM_SHA256, TLS_ECDH_ECDSA_WITH_AES_256_CBC_SHA384, TLS_ECDH_RSA_WITH_AES_256_CBC_SHA384, TLS_ECDH_ECDSA_WITH_AES_128_CBC_SHA256, TLS_ECDH_RSA_WITH_AES_128_CBC_SHA256, TLS_ECDHE_ECDSA_WITH_AES_256_CBC_SHA, TLS_ECDHE_RSA_WITH_AES_256_CBC_SHA, TLS_ECDHE_ECDSA_WITH_AES_128_CBC_SHA, TLS_ECDHE_RSA_WITH_AES_128_CBC_SHA, TLS_DHE_RSA_WITH_AES_256_CBC_SHA, TLS_DHE_DSS_WITH_AES_256_CBC_SHA, TLS_DHE_RSA_WITH_AES_128_CBC_SHA, TLS_DHE_DSS_WITH_AES_128_CBC_SHA, TLS_ECDH_ECDSA_WITH_AES_256_CBC_SHA, TLS_ECDH_RSA_WITH_AES_256_CBC_SHA, TLS_ECDH_ECDSA_WITH_AES_128_CBC_SHA, TLS_ECDH_RSA_WITH_AES_128_CBC_SHA, TLS_RSA_WITH_AES_256_GCM_SHA384, TLS_RSA_WITH_AES_128_GCM_SHA256, TLS_RSA_WITH_AES_256_CBC_SHA256, TLS_RSA_WITH_AES_128_CBC_SHA256, TLS_RSA_WITH_AES_256_CBC_SHA, TLS_RSA_WITH_AES_128_CBC_SHA, TLS_EMPTY_RENEGOTIATION_INFO_SCSV]
08:18:27.658 [main] DEBUG org.apache.hc.client5.http.ssl.SSLConnectionSocketFactory - Starting handshake
08:18:27.700 [main] DEBUG org.apache.hc.client5.http.ssl.SSLConnectionSocketFactory - Secure session established
08:18:27.700 [main] DEBUG org.apache.hc.client5.http.ssl.SSLConnectionSocketFactory -  negotiated protocol: TLSv1.3
08:18:27.700 [main] DEBUG org.apache.hc.client5.http.ssl.SSLConnectionSocketFactory -  negotiated cipher suite: TLS_AES_256_GCM_SHA384
08:18:27.700 [main] DEBUG org.apache.hc.client5.http.ssl.SSLConnectionSocketFactory -  peer principal: CN=*.storage.googleapis.com
08:18:27.700 [main] DEBUG org.apache.hc.client5.http.ssl.SSLConnectionSocketFactory -  peer alternative names: [*.storage.googleapis.com, *.googleapis.com, commondatastorage.googleapis.com, *.commondatastorage.googleapis.com, storage.googleapis.com, storage-p2.googleapis.com, *.storage-p2.googleapis.com, storage.mtls.googleapis.com, *.appspot.com.storage.googleapis.com, *.content-storage.googleapis.com, *.content-storage-p2.googleapis.com, *.content-storage-upload.googleapis.com, *.content-storage-download.googleapis.com, *.storage-upload.googleapis.com, *.storage-download.googleapis.com]
08:18:27.700 [main] DEBUG org.apache.hc.client5.http.ssl.SSLConnectionSocketFactory -  issuer principal: CN=GTS CA 1C3, O=Google Trust Services LLC, C=US
08:18:27.700 [main] DEBUG org.apache.hc.client5.http.impl.io.DefaultHttpClientConnectionOperator - http-outgoing-43: connection established 192.168.100.42:64845<->34.101.5.27:443
08:18:27.700 [main] DEBUG org.apache.hc.client5.http.impl.io.PoolingHttpClientConnectionManager - ep-00000039: connected http-outgoing-43
08:18:27.700 [main] DEBUG org.apache.hc.client5.http.impl.classic.InternalHttpClient - ep-00000039: endpoint connected
08:18:27.700 [main] DEBUG org.apache.hc.client5.http.impl.classic.MainClientExec - ex-0000003A: executing GET /LATEST_RELEASE_117 HTTP/1.1
08:18:27.700 [main] DEBUG org.apache.hc.client5.http.impl.classic.InternalHttpClient - ep-00000039: start execution ex-0000003A
08:18:27.700 [main] DEBUG org.apache.hc.client5.http.impl.io.PoolingHttpClientConnectionManager - ep-00000039: executing exchange ex-0000003A over http-outgoing-43
08:18:27.700 [main] DEBUG org.apache.hc.client5.http.headers - http-outgoing-43 >> GET /LATEST_RELEASE_117 HTTP/1.1
08:18:27.700 [main] DEBUG org.apache.hc.client5.http.headers - http-outgoing-43 >> user-agent: Apache-HttpClient/5.0
08:18:27.700 [main] DEBUG org.apache.hc.client5.http.headers - http-outgoing-43 >> accept-encoding: gzip, deflate, br
08:18:27.700 [main] DEBUG org.apache.hc.client5.http.headers - http-outgoing-43 >> cache-control: max-age=0
08:18:27.700 [main] DEBUG org.apache.hc.client5.http.headers - http-outgoing-43 >> connection: keep-alive
08:18:27.700 [main] DEBUG org.apache.hc.client5.http.headers - http-outgoing-43 >> Host: chromedriver.storage.googleapis.com
08:18:27.700 [main] DEBUG org.apache.hc.client5.http.wire - http-outgoing-43 >> "GET /LATEST_RELEASE_117 HTTP/1.1[\r][\n]"
08:18:27.700 [main] DEBUG org.apache.hc.client5.http.wire - http-outgoing-43 >> "user-agent: Apache-HttpClient/5.0[\r][\n]"
08:18:27.700 [main] DEBUG org.apache.hc.client5.http.wire - http-outgoing-43 >> "accept-encoding: gzip, deflate, br[\r][\n]"
08:18:27.700 [main] DEBUG org.apache.hc.client5.http.wire - http-outgoing-43 >> "cache-control: max-age=0[\r][\n]"
08:18:27.700 [main] DEBUG org.apache.hc.client5.http.wire - http-outgoing-43 >> "connection: keep-alive[\r][\n]"
08:18:27.700 [main] DEBUG org.apache.hc.client5.http.wire - http-outgoing-43 >> "Host: chromedriver.storage.googleapis.com[\r][\n]"
08:18:27.700 [main] DEBUG org.apache.hc.client5.http.wire - http-outgoing-43 >> "[\r][\n]"
08:18:27.937 [main] DEBUG org.apache.hc.client5.http.wire - http-outgoing-43 << "HTTP/1.1 404 Not Found[\r][\n]"
08:18:27.937 [main] DEBUG org.apache.hc.client5.http.wire - http-outgoing-43 << "X-GUploader-UploadID: ADPycdsxMqsGnaflS0Qrg66n-Lw_pgphbV2IX9GlzIZKe5_jpq_YiTU2iATg_Zo0WiZ9KPjDPf540wlFKH1yl0gQnowLVRlpzh9Y[\r][\n]"
08:18:27.937 [main] DEBUG org.apache.hc.client5.http.wire - http-outgoing-43 << "Content-Type: application/xml; charset=UTF-8[\r][\n]"
08:18:27.937 [main] DEBUG org.apache.hc.client5.http.wire - http-outgoing-43 << "Content-Length: 193[\r][\n]"
08:18:27.937 [main] DEBUG org.apache.hc.client5.http.wire - http-outgoing-43 << "Date: Fri, 06 Oct 2023 01:18:29 GMT[\r][\n]"
08:18:27.937 [main] DEBUG org.apache.hc.client5.http.wire - http-outgoing-43 << "Expires: Fri, 06 Oct 2023 01:18:29 GMT[\r][\n]"
08:18:27.937 [main] DEBUG org.apache.hc.client5.http.wire - http-outgoing-43 << "Cache-Control: private, max-age=0[\r][\n]"
08:18:27.937 [main] DEBUG org.apache.hc.client5.http.wire - http-outgoing-43 << "Server: UploadServer[\r][\n]"
08:18:27.937 [main] DEBUG org.apache.hc.client5.http.wire - http-outgoing-43 << "Alt-Svc: h3=":443"; ma=2592000,h3-29=":443"; ma=2592000[\r][\n]"
08:18:27.937 [main] DEBUG org.apache.hc.client5.http.wire - http-outgoing-43 << "[\r][\n]"
08:18:27.937 [main] DEBUG org.apache.hc.client5.http.wire - http-outgoing-43 << "<?xml version='1.0' encoding='UTF-8'?><Error><Code>NoSuchKey</Code><Message>The specified key does not exist.</Message><Details>No such object: chromedriver/LATEST_RELEASE_117</Details></Error>"
08:18:27.937 [main] DEBUG org.apache.hc.client5.http.headers - http-outgoing-43 << HTTP/1.1 404 Not Found
08:18:27.937 [main] DEBUG org.apache.hc.client5.http.headers - http-outgoing-43 << X-GUploader-UploadID: ADPycdsxMqsGnaflS0Qrg66n-Lw_pgphbV2IX9GlzIZKe5_jpq_YiTU2iATg_Zo0WiZ9KPjDPf540wlFKH1yl0gQnowLVRlpzh9Y
08:18:27.937 [main] DEBUG org.apache.hc.client5.http.headers - http-outgoing-43 << Content-Type: application/xml; charset=UTF-8
08:18:27.937 [main] DEBUG org.apache.hc.client5.http.headers - http-outgoing-43 << Content-Length: 193
08:18:27.937 [main] DEBUG org.apache.hc.client5.http.headers - http-outgoing-43 << Date: Fri, 06 Oct 2023 01:18:29 GMT
08:18:27.938 [main] DEBUG org.apache.hc.client5.http.headers - http-outgoing-43 << Expires: Fri, 06 Oct 2023 01:18:29 GMT
08:18:27.938 [main] DEBUG org.apache.hc.client5.http.headers - http-outgoing-43 << Cache-Control: private, max-age=0
08:18:27.938 [main] DEBUG org.apache.hc.client5.http.headers - http-outgoing-43 << Server: UploadServer
08:18:27.938 [main] DEBUG org.apache.hc.client5.http.headers - http-outgoing-43 << Alt-Svc: h3=":443"; ma=2592000,h3-29=":443"; ma=2592000
08:18:27.938 [main] DEBUG org.apache.hc.client5.http.impl.classic.MainClientExec - ex-0000003A: connection can be kept alive for 3 MINUTES
08:18:27.938 [main] ERROR io.github.bonigarcia.wdm.online.HttpClient - Error HTTP 404 executing https://chromedriver.storage.googleapis.com/LATEST_RELEASE_117
08:18:27.938 [main] WARN io.github.bonigarcia.wdm.versions.VersionDetector - Exception reading https://chromedriver.storage.googleapis.com/LATEST_RELEASE_117 to get latest version of chromedriver (Error HTTP 404 executing https://chromedriver.storage.googleapis.com/LATEST_RELEASE_117)
08:18:27.939 [main] DEBUG io.github.bonigarcia.wdm.versions.VersionDetector - Getting driver version for chrome117 from online versions.properties
08:18:27.941 [main] DEBUG org.apache.hc.client5.http.impl.classic.InternalHttpClient - ex-0000003B: preparing request execution
08:18:27.941 [main] DEBUG org.apache.hc.client5.http.protocol.RequestAddCookies - Cookie spec selected: strict
08:18:27.941 [main] DEBUG org.apache.hc.client5.http.protocol.RequestAuthCache - Auth cache not set in the context
08:18:27.941 [main] DEBUG org.apache.hc.client5.http.impl.classic.ProtocolExec - ex-0000003B: target auth state: UNCHALLENGED
08:18:27.941 [main] DEBUG org.apache.hc.client5.http.impl.classic.ProtocolExec - ex-0000003B: proxy auth state: UNCHALLENGED
08:18:27.941 [main] DEBUG org.apache.hc.client5.http.impl.classic.ConnectExec - ex-0000003B: acquiring connection with route {s}->https://raw.githubusercontent.com:443
08:18:27.942 [main] DEBUG org.apache.hc.client5.http.impl.classic.InternalHttpClient - ex-0000003B: acquiring endpoint (3 MINUTES)
08:18:27.942 [main] DEBUG org.apache.hc.client5.http.impl.io.PoolingHttpClientConnectionManager - ex-0000003B: endpoint lease request (3 MINUTES) [route: {s}->https://raw.githubusercontent.com:443][total available: 1; route allocated: 1 of 5; total allocated: 2 of 25]
08:18:27.942 [main] DEBUG org.apache.hc.client5.http.impl.io.PoolingHttpClientConnectionManager - ex-0000003B: endpoint leased [route: {s}->https://raw.githubusercontent.com:443][total available: 0; route allocated: 1 of 5; total allocated: 2 of 25]
08:18:27.942 [main] DEBUG org.apache.hc.client5.http.impl.io.PoolingHttpClientConnectionManager - ex-0000003B: acquired ep-0000003A
08:18:27.942 [main] DEBUG org.apache.hc.client5.http.impl.classic.InternalHttpClient - ex-0000003B: acquired endpoint ep-0000003A
08:18:27.942 [main] DEBUG org.apache.hc.client5.http.impl.classic.MainClientExec - ex-0000003B: executing GET /bonigarcia/webdrivermanager/master/src/main/resources/versions.properties HTTP/1.1
08:18:27.942 [main] DEBUG org.apache.hc.client5.http.impl.classic.InternalHttpClient - ep-0000003A: start execution ex-0000003B
08:18:27.942 [main] DEBUG org.apache.hc.client5.http.impl.io.PoolingHttpClientConnectionManager - ep-0000003A: executing exchange ex-0000003B over http-outgoing-42
08:18:27.942 [main] DEBUG org.apache.hc.client5.http.headers - http-outgoing-42 >> GET /bonigarcia/webdrivermanager/master/src/main/resources/versions.properties HTTP/1.1
08:18:27.942 [main] DEBUG org.apache.hc.client5.http.headers - http-outgoing-42 >> user-agent: Apache-HttpClient/5.0
08:18:27.942 [main] DEBUG org.apache.hc.client5.http.headers - http-outgoing-42 >> accept-encoding: gzip, deflate, br
08:18:27.942 [main] DEBUG org.apache.hc.client5.http.headers - http-outgoing-42 >> cache-control: max-age=0
08:18:27.942 [main] DEBUG org.apache.hc.client5.http.headers - http-outgoing-42 >> connection: keep-alive
08:18:27.942 [main] DEBUG org.apache.hc.client5.http.headers - http-outgoing-42 >> Host: raw.githubusercontent.com
08:18:27.942 [main] DEBUG org.apache.hc.client5.http.wire - http-outgoing-42 >> "GET /bonigarcia/webdrivermanager/master/src/main/resources/versions.properties HTTP/1.1[\r][\n]"
08:18:27.942 [main] DEBUG org.apache.hc.client5.http.wire - http-outgoing-42 >> "user-agent: Apache-HttpClient/5.0[\r][\n]"
08:18:27.942 [main] DEBUG org.apache.hc.client5.http.wire - http-outgoing-42 >> "accept-encoding: gzip, deflate, br[\r][\n]"
08:18:27.942 [main] DEBUG org.apache.hc.client5.http.wire - http-outgoing-42 >> "cache-control: max-age=0[\r][\n]"
08:18:27.943 [main] DEBUG org.apache.hc.client5.http.wire - http-outgoing-42 >> "connection: keep-alive[\r][\n]"
08:18:27.943 [main] DEBUG org.apache.hc.client5.http.wire - http-outgoing-42 >> "Host: raw.githubusercontent.com[\r][\n]"
08:18:27.943 [main] DEBUG org.apache.hc.client5.http.wire - http-outgoing-42 >> "[\r][\n]"
08:18:27.997 [main] DEBUG org.apache.hc.client5.http.wire - http-outgoing-42 << "HTTP/1.1 200 OK[\r][\n]"
08:18:27.997 [main] DEBUG org.apache.hc.client5.http.wire - http-outgoing-42 << "Connection: keep-alive[\r][\n]"
08:18:27.997 [main] DEBUG org.apache.hc.client5.http.wire - http-outgoing-42 << "Content-Length: 1625[\r][\n]"
08:18:27.997 [main] DEBUG org.apache.hc.client5.http.wire - http-outgoing-42 << "Cache-Control: max-age=300[\r][\n]"
08:18:27.997 [main] DEBUG org.apache.hc.client5.http.wire - http-outgoing-42 << "Content-Security-Policy: default-src 'none'; style-src 'unsafe-inline'; sandbox[\r][\n]"
08:18:27.997 [main] DEBUG org.apache.hc.client5.http.wire - http-outgoing-42 << "Content-Type: text/plain; charset=utf-8[\r][\n]"
08:18:27.997 [main] DEBUG org.apache.hc.client5.http.wire - http-outgoing-42 << "ETag: W/"51a99ebb5fa30c7285d42b08929913814dd238f6403d61fccadee50390eab957"[\r][\n]"
08:18:27.997 [main] DEBUG org.apache.hc.client5.http.wire - http-outgoing-42 << "Strict-Transport-Security: max-age=31536000[\r][\n]"
08:18:27.997 [main] DEBUG org.apache.hc.client5.http.wire - http-outgoing-42 << "X-Content-Type-Options: nosniff[\r][\n]"
08:18:27.997 [main] DEBUG org.apache.hc.client5.http.wire - http-outgoing-42 << "X-Frame-Options: deny[\r][\n]"
08:18:27.997 [main] DEBUG org.apache.hc.client5.http.wire - http-outgoing-42 << "X-XSS-Protection: 1; mode=block[\r][\n]"
08:18:27.997 [main] DEBUG org.apache.hc.client5.http.wire - http-outgoing-42 << "X-GitHub-Request-Id: ADC8:C8321:F9E48:13930E:651E6E7C[\r][\n]"
08:18:27.997 [main] DEBUG org.apache.hc.client5.http.wire - http-outgoing-42 << "Content-Encoding: gzip[\r][\n]"
08:18:27.997 [main] DEBUG org.apache.hc.client5.http.wire - http-outgoing-42 << "Accept-Ranges: bytes[\r][\n]"
08:18:27.997 [main] DEBUG org.apache.hc.client5.http.wire - http-outgoing-42 << "Date: Fri, 06 Oct 2023 01:18:30 GMT[\r][\n]"
08:18:27.997 [main] DEBUG org.apache.hc.client5.http.wire - http-outgoing-42 << "Via: 1.1 varnish[\r][\n]"
08:18:27.997 [main] DEBUG org.apache.hc.client5.http.wire - http-outgoing-42 << "X-Served-By: cache-qpg1267-QPG[\r][\n]"
08:18:27.997 [main] DEBUG org.apache.hc.client5.http.wire - http-outgoing-42 << "X-Cache: HIT[\r][\n]"
08:18:27.997 [main] DEBUG org.apache.hc.client5.http.wire - http-outgoing-42 << "X-Cache-Hits: 1[\r][\n]"
08:18:27.997 [main] DEBUG org.apache.hc.client5.http.wire - http-outgoing-42 << "X-Timer: S1696555110.102398,VS0,VE16[\r][\n]"
08:18:27.997 [main] DEBUG org.apache.hc.client5.http.wire - http-outgoing-42 << "Vary: Authorization,Accept-Encoding,Origin[\r][\n]"
08:18:27.997 [main] DEBUG org.apache.hc.client5.http.wire - http-outgoing-42 << "Access-Control-Allow-Origin: *[\r][\n]"
08:18:27.997 [main] DEBUG org.apache.hc.client5.http.wire - http-outgoing-42 << "Cross-Origin-Resource-Policy: cross-origin[\r][\n]"
08:18:27.997 [main] DEBUG org.apache.hc.client5.http.wire - http-outgoing-42 << "X-Fastly-Request-ID: 006861ef6ee9c755d0a20ba0e7039099e39acc44[\r][\n]"
08:18:27.997 [main] DEBUG org.apache.hc.client5.http.wire - http-outgoing-42 << "Expires: Fri, 06 Oct 2023 01:23:30 GMT[\r][\n]"
08:18:27.997 [main] DEBUG org.apache.hc.client5.http.wire - http-outgoing-42 << "Source-Age: 167[\r][\n]"
08:18:27.997 [main] DEBUG org.apache.hc.client5.http.wire - http-outgoing-42 << "[\r][\n]"
08:18:27.998 [main] DEBUG org.apache.hc.client5.http.headers - http-outgoing-42 << HTTP/1.1 200 OK
08:18:27.998 [main] DEBUG org.apache.hc.client5.http.headers - http-outgoing-42 << Connection: keep-alive
08:18:27.998 [main] DEBUG org.apache.hc.client5.http.headers - http-outgoing-42 << Content-Length: 1625
08:18:27.998 [main] DEBUG org.apache.hc.client5.http.headers - http-outgoing-42 << Cache-Control: max-age=300
08:18:27.998 [main] DEBUG org.apache.hc.client5.http.headers - http-outgoing-42 << Content-Security-Policy: default-src 'none'; style-src 'unsafe-inline'; sandbox
08:18:27.998 [main] DEBUG org.apache.hc.client5.http.headers - http-outgoing-42 << Content-Type: text/plain; charset=utf-8
08:18:27.998 [main] DEBUG org.apache.hc.client5.http.headers - http-outgoing-42 << ETag: W/"51a99ebb5fa30c7285d42b08929913814dd238f6403d61fccadee50390eab957"
08:18:27.998 [main] DEBUG org.apache.hc.client5.http.headers - http-outgoing-42 << Strict-Transport-Security: max-age=31536000
08:18:27.998 [main] DEBUG org.apache.hc.client5.http.headers - http-outgoing-42 << X-Content-Type-Options: nosniff
08:18:27.998 [main] DEBUG org.apache.hc.client5.http.headers - http-outgoing-42 << X-Frame-Options: deny
08:18:27.998 [main] DEBUG org.apache.hc.client5.http.headers - http-outgoing-42 << X-XSS-Protection: 1; mode=block
08:18:27.998 [main] DEBUG org.apache.hc.client5.http.headers - http-outgoing-42 << X-GitHub-Request-Id: ADC8:C8321:F9E48:13930E:651E6E7C
08:18:27.998 [main] DEBUG org.apache.hc.client5.http.headers - http-outgoing-42 << Content-Encoding: gzip
08:18:27.998 [main] DEBUG org.apache.hc.client5.http.headers - http-outgoing-42 << Accept-Ranges: bytes
08:18:27.998 [main] DEBUG org.apache.hc.client5.http.headers - http-outgoing-42 << Date: Fri, 06 Oct 2023 01:18:30 GMT
08:18:27.998 [main] DEBUG org.apache.hc.client5.http.headers - http-outgoing-42 << Via: 1.1 varnish
08:18:27.998 [main] DEBUG org.apache.hc.client5.http.headers - http-outgoing-42 << X-Served-By: cache-qpg1267-QPG
08:18:27.998 [main] DEBUG org.apache.hc.client5.http.headers - http-outgoing-42 << X-Cache: HIT
08:18:27.998 [main] DEBUG org.apache.hc.client5.http.headers - http-outgoing-42 << X-Cache-Hits: 1
08:18:27.998 [main] DEBUG org.apache.hc.client5.http.headers - http-outgoing-42 << X-Timer: S1696555110.102398,VS0,VE16
08:18:27.998 [main] DEBUG org.apache.hc.client5.http.headers - http-outgoing-42 << Vary: Authorization,Accept-Encoding,Origin
08:18:27.998 [main] DEBUG org.apache.hc.client5.http.headers - http-outgoing-42 << Access-Control-Allow-Origin: *
08:18:27.998 [main] DEBUG org.apache.hc.client5.http.headers - http-outgoing-42 << Cross-Origin-Resource-Policy: cross-origin
08:18:27.998 [main] DEBUG org.apache.hc.client5.http.headers - http-outgoing-42 << X-Fastly-Request-ID: 006861ef6ee9c755d0a20ba0e7039099e39acc44
08:18:27.998 [main] DEBUG org.apache.hc.client5.http.headers - http-outgoing-42 << Expires: Fri, 06 Oct 2023 01:23:30 GMT
08:18:27.998 [main] DEBUG org.apache.hc.client5.http.headers - http-outgoing-42 << Source-Age: 167
08:18:27.999 [main] DEBUG org.apache.hc.client5.http.impl.classic.MainClientExec - ex-0000003B: connection can be kept alive for 3 MINUTES
08:18:28.000 [main] DEBUG org.apache.hc.client5.http.wire - http-outgoing-42 << "[0x1f][0xffffff8b][0x8][0x0][0x0][0x0][0x0][0x0][0x0][0x3][0xffffff8d][0xffffff97]Ko#7[0xc][0xffffffc7][0xffffffef][0xfffffff9][0x14][0x3][0xfffffff4][0x1c]YO[0xffffff8a][\n]"
08:18:28.000 [main] DEBUG org.apache.hc.client5.http.wire - http-outgoing-42 << "[0xffffffa0]K[0xffffff9f][0xffffffa7][0xffffffa2][0xffffff87][0xfffffff6][0xb]x[0xffffffed]Ib[0xffffffac][0xffffffe3][0x9]lg[0xffffffb3][0xffffffe8][0xffffffa7]/[0xfffffff5][0xffffffa0]F[0xffffff96][[0xffffffa0][0xffffff87]`[0xffffff97]?k$[0xffffff92][0xffffffe2]p[0xfffffffe][0xfffffffc]a[0xfffffffa][0xffffffeb][0xfffffff5]p[0xffffff99][0xffffff9e][0xf][0xffffffc7]y[0xffffffda]-[0xffffffa7][0xffffffeb][0xfffffff6]p[0xffffffba]L[0xffffffd7][0xffffffd7]y[0xfffffffa]zZ>O[0xffffffd3][0xfffffffe]|[0xfffffff8]6[0xffffff9f]'[0xfffffffa][0xffffffbb][0x1c][0x16][0xfffffffa]e[0xffffffb7][0xffffffbc][0xffffffbd]o[0xffffffaf][0xffffff87]/[0xffffffb4][0xfffffffa][0xfffffff3]p}[0xffffffcd]+w[0xffffffcb][0xfffffff9]<_[0xffffffde][0xffffff97][0xffffffd3][0xfffffffe]pz[0xffffff99][0xffffffbe][0xffffff9c][0xffffff97][0xffffffcf][0xffffffcb][0xfffffffa][0xffffffc8][0xffffffc3][0xffffffc3][0xf][0xffffffd3][0xffffff8f][0x5]=M[0xffffffbf]-[0xffffffcb][0xb]=[0xfffffff9][0xffffffd3][0xffffffeb]yy[0xffffff9b][0xffffffa7][0xffffffed]i_[0xfffffffe]{[0xfffffff8]x[0xffffff9b][0x1e][0xffffffa7][0xffffff9f][0xfffffff3]QO[0xffffffd3].[0xffffffff]Z[0xe][0xffffffa6][0xffffff87][0xffffffff]\>[0xffffffce][0xffffffbb][0xfffffff9]iz[0xffffffbd]^[0xffffffdf][0xffffff9f]6[0xffffff9b][0xfffffffe]W[0xffffffb1][0xffffffab]O[0xffffff8b][0xffffffe5][0xfffffffc][0xffffffb2][0xffffffd9][0xffffff93][0xffffffbf][0xffffffc7]e[0xffffffbb][0xffffffbf]<[0xffffff94]5J[0xffffffd9]H[0x7f]B[\n]"
08:18:28.000 [main] DEBUG org.apache.hc.client5.http.wire - http-outgoing-42 << "[0xffffffe7][0xffffff8d][0x13]A6n[0xffffff88][0xffffff9b][0xffffffc4][0xffffffc1]k[0x1][0xffffffa6]qM\g[0xffffffae][0xffffff9c][0xffffffb0][0xffffffa1]qE\%[0xffffffee][0xffffffc0][0x8][0xffffffb0][0xffffff8d]K[0xffffffe2]2q[0xffffff8b]Jx[0xffffffcf]\[0xffffff86]H[0x7f][0xffffff99][0xffffffd3][0xfffffff1][0xffffffbe][0xffffffad][0xffffff97]H[0x1c][0x13]7.[0x8][0xffffffaf][0x1a][0xfffffff7][0xffffffc4]}[0xffffffe6][0xffffffd2][\n]"
08:18:28.000 [main] DEBUG org.apache.hc.client5.http.wire - http-outgoing-42 << "[0xffffffd0][0xffffff8d][0x3]qH\[0xffffffdb] `][0xffffffef][0xffffff88][0xffffffbb][0xffffffc4]Up[0xfffffff4]c[0xffffffe3][0x14][0xffffffaf][0xffffffcc][0xfffffff1][0xffffffa6]0|[0xfffffff3]_R[0xffffffbc]2[0xffffffc7]+A[\n]"
08:18:28.000 [main] DEBUG org.apache.hc.client5.http.wire - http-outgoing-42 << "eV[0xffffff87](`[0xffffff99][0x3][0xffffff96][0xffffffb4]_w[0x0][0x5],S[0xffffffc0]68%[0xffffffec][0xffffffca])`[0xffffff99][0x2][0xffffffb6][0x18]@[0x0]'4[0xffffff84][0x18]B[0xffffffa6][0xffffffd6][0xffffffd2][0xffffffd9]L1[0xffffff86][0x14][0xffffffac][0xfffffff5][0xe][0x5][0x1d][0xffffffc3][0xffffffd8][0xffffffc7][0xffffff90]b[0xffffffb5][0x10][0xfffffff4][0xffffff9a][0xffffff83][0x0]1@[0xffffffa6]`[0xffffff85]uL][0xc].S[0xffffff83][0x2]8[0xffffff9e]`c[0xffffffb0][0xffffff99]Rr[0xffffffe8]"[0x19][0xffffff9b][0x18]R[0xffffff90][0xffffffd6]y[0xffffffbf]^j[0xffffffd0]1[0xffffffe8]L[0xffffffe9]J)[0xffffffcb][0xffffff8c]U[0xc]9@K[0x15]@[0xffffffb1]2[0xffffff96]1[0xffffffe4][0xfffffff8][0xffffffac][0xffffff91]Bs[0xffffff9e]0D[0xffffffcc][0xfffffff1][0x19][0xfffffffa]G[0xfffffff3][0xffffffce][0xffffff88][0x11]s|F[[0x11][0xffffff80][0xffffffa9][0xffffff8f][0xffffff98][0xffffffc3][0xffffffd3]([0x5]"S[0xffffff88][0xffffff98][0xffffffc3][0xffffffd3][0xffffff96][0xfffffff6][0xffffffe5]T[0xffffffa0][0xffffff8b][0xffffff98][0xffffffc3]Sh[0x4][0xffffffb2]kh#[0xffffffe6][0xfffffff0][0xffffff94][0xfffffff5][0xffffffc2]p[0xffffff8e][0xffffffd1]D[0xffffffcc][0xffffffd1][0xffffffa5][0xffffff9b]4[0xffffff9c][\n]"
08:18:28.000 [main] DEBUG org.apache.hc.client5.http.wire - http-outgoing-42 << "T[0x11]s[0x18][0xffffff92]2[0xffffffaf]L;NFLa[0xffffff98]@[0xffffffbe]P[0x9]U[0xffffffec]C[0xfffffff4]!c[0xffffffeb][0xffffff84]i[0x14][0xffffffa3][0xffffffc7]L[0xffffffa9]v[0xffffffa8][0xffffffae][0x18][0xfffffffb][0xffffffe8]S [0x6][0xffffff81][0xffffffde][0x5]v[0xffffffc3]C[0xfffffff4][0xffffff90])[0x15][0xffffffb8][0xffffffd2]m[0xf][0x17]}[0xffffff8a][0xffffffc4]xO[0x5][0xffffffb6][0xffffffae][0xffffffb6][0xffffffd1][0xffffffdb][0xffffff8c]5[0xffffffd5]/C[0x13]}[0xffffff8a][0xffffffc4][0x0][0x5][0x4][0xffffffec][0xffffffb2][0xffffffd7]Q[0xffffffd3][0xffffff8d][0xffffffb2][0xffffffa5]n,[0xffffff99],v[0xc]B[0xffffffb2][0xfffffff8]n[0x0][0xffffff93][0xffffffc5][0x19][0x5][0xffffff9f],[0xffffffbe]M[0xffffff80]d[0xffffffb1]3[0xffffffe0][0xffffffc8]j)[0x2][0xffffff9b],[0xffffffce]9[0xffffff98]d[0xfffffff1]y[0xffffff90]|1[0xffffffed][0xffffffbc][0xffffffe4]K{g [0xfffffff9]b[0xffffffcc]MW[0xfffffffb]}[0xfffffff9][0xfffffffb]p<n[0xffffffa7]_[0xf][0xffffffe7][0xfffffff9]y[0xfffffff9][0xffffffde][0xffffffb5][0xffffffb2][0xffffff97]y[0xfffffff7]u[0xfffffff9][0xffffffd7]Nv[0xffffffa1]V[0xfffffff6]B[\r][0xfffffff4][0xffffffe3][0xffffff8b][0xffffffa0][0xffffff96][0xffffffba]y+[l[0xffffffba][0x7]6[0xffffffe7][0xfffffff9]8o/[0xfffffff3][0xffffffe5][0xffffffe1][0xffffffb9][0xffffffec][0xffffffab][0x14]FJ[0x1b][0xffffffe5]n%[0xfffffffe][0xffffff8e][0xffffffc0][0x1d]qw[0xffffffc4][0xffffffde][0x11]sG[0xfffffff4][0x1d]QwD&[0xffffffa2][0xffffff85]n[0xffffff84]:_&[0xffffffeb][0x1a][0xffffff89]w[0xffffffc4][0xffffffdf][0x11][0xffffffb8]#[0xffffffee][0xffffff8e]d[0xffffff9f]UO[0xffffffcc][0x1d][0xffffffd1]wD[0xffffffdd][0x11]9[0xffffff90][0x10]F[0xffffff80]#[0xfffffff0]#[0xffffff80][0x11][0xffffffb8][0x11][0xffffff8c][0xffffffde][0xffffff86][0xffffffd1][0xffffffd9]0[0xfffffffa][0x1a]FWC[0xfffffff2][0xffffff94][0xffffffde][0xffffff9b][0xe][0xffffff88][0xffffffe3][0xffffffe1][0xfffffff4][0xfffffff1][0xffffffbd]`[0xffffffc5][0x18][0xffffffc3][0xffffffb0][0xe]q[0x4]~[0x4]0[0x2]7[0x2];[0xffffff82][0x14][0xffffff80][0xffffffc6][0xe][0xffffffe8][0x11][0xffffffa4][0x0][0xffffffb4][0xffffffef][0xffffff80][0x1c][0xffffff80][0xf]#[0xffffffc8][0xffffff9e]B[0x7][0xfffffffc][0x8]`[0x4]n[0x4]v[0x4]f[0x4]z[0x4]j[0x4]r[0x0][0x10]F[0xffffff90]=u[0x1d][0xffffffc8][0xffffff9e][0xffffffda][0xe][0xffffffc0][0x8][0xffffffdc][0x8][0xffffffb2][0xffffffa7][0xffffffdd][0xb][0x4]f[0x4][0xffffffd9][0xffffffd3][0xffffffae][0xffffffec]!{[0xffffffda][0x15][0x5][0xffffffc8][0x1][0xffffffb8]0[0x2][0x1c][0xffffff81][0x1f]A[0xfffffff6]Tv[0xffffffc0]1[0xffffffe8][0xffffffbb][0xffffffda][0x1f][0xffffffef][0xfffffff3]y[0xffffffdb][0xfffffff5][0xffffffb2]%[0xffffffd9][0xffffffff][0xffffffa7][0xffffff97][0xffffffe5][0xffffff85][0xffffff97][0xffffffe5][0xfffffff9][0xfffffffa][0xffffffb9]=[0xffffffcf][0xffffffc5]b[0xffffff9d]6v[0xffffffb6][0xfffffffc]c[0xffffffd6]'*[0xffffffeb][0xffffff9f]@[0xffffffdf]ye4[0xfffffff3][0xffffffa4][0xffffffc7][0xffffffb2][0xfffffffe]A[0xfffffffa]`[0x5][0xffffffcf]8[0xffffffc9][0xffffffb1],[0x7f]<[0xffffffbd][0x12][0xffffff8a]4D[0xffffffe5][0xffffffb2][0xffffff97]{[0xffffffd4][0xffffff9d][\n]"
08:18:28.001 [main] DEBUG org.apache.hc.client5.http.wire - http-outgoing-42 << "[0xffffffa7][0x17][0xffffffbc]S{J[0xffffffd7]m[0xffffffe8]5[0xffffffef][0xffffffc4][0x1e]2[0xfffffff5]7R[0xffffffcf]U[\n]"
08:18:28.001 [main] DEBUG org.apache.hc.client5.http.wire - http-outgoing-42 << "[0xffffffbd][0xffffffd0][0xffffffa3][0xffffff83]*v[0xffffffbd][0xffffffce]S[0xffffff9a][0xffffffb1][0xffffffed]e^[0x8][0xffffff95][0xffffff9a]^[0xffffffe4][0xffffff91]2(T[0xfffffff7][0x12]O)^[0xffffffac]z[0xffffff85][0xffffff97][0xffffffc4]S[0xffffffc1][0xffffffb2][0x17]xX[0x3][0xffffffc7][0xffffffd0][0xffffffcb];[0xffffff80]Jq[0xffffffd0]v[0xffffff85][0xfffffffa]^[0xffffffd9][0xffffff91][0xffffff94]-[0x14]z][0xffffffd7]RD][0xffffffe1]F[0xffffffd7][0x15]h;Y[0xffffff87][0xffffffd5]1[0xffffffea][0xe]7[0xffffffa2][0xffffffae]@}[0xffffffab][0xffffffe9][\n]"
08:18:28.001 [main] DEBUG org.apache.hc.client5.http.wire - http-outgoing-42 << "T[0xffffff9d][0xffffffa4]s|[0xffffffbe][0xffffffec][0x14][0x1d][0xffffffbb]J[0xffffffdd][0xffffffe2]F[0xffffffcf][0x15][0xffffff88][0xffffff83][0xffffff9c]+[0xffffffd4]wj[0xffffffce]3[0xffffff84]N[0xffffffcb]a=[0xffffff9e][0xffffffda][0xffffffc7]*[0xffffffe5][0xffffffd8]{j![0xffffffab][0xffffff92][0xffffffa3][0x4]Wj:%[0x7][0xffffffbc][0xffffffa9][0xffffffee][0xffffff84][0x1c][0xffffffd6][0xb][0xffffffa7]~[0xffffffb2][0xffffffea][0xffffffb8]vY[0xffffffd4]TV[0x1d][0xffffff87][0xfffffff5]b[0xffffffa9][0xffffffb1][0xffffffac]2[0xffffff8e]+[0xffffff9a][0xffffff9a]K[0xffffffa7][0xffffffe2]T[\r][0xffffff95]:L/[0xffffffe2][0xffffffea]Y[0xffffffd4]fV[\r][0xffffffe7]yW[0xffffffd7]I8.ej7[0xffffffab][0xffffff80]k[0xffffffc5]I=[0xffffffa7][0x13]p[0xfffffffc][0xffffffaa]Q[0xffffffe3][0xffffffe9][0xfffffff4][;[0xffffffab][0xffffffea][0xffffffae]l[0xffffffb8][0xffffffd0][0x1b]Uu[0x15][0xffffffa3][0xffffff8a][0xffffffae]bT[0xffffffcd]U[0xffffff8c]*[0xffffffb9][0xffffff8a]Q[0x15]W1[0xffffffaa][0xffffffe0]*F[0xffffffd5][[0xffffffc5]PE`[0x15]Cv[0xffffff86]M[0x1e][0xffffffb0][0xffffffc7]6y`[0xffffffea]96y[0xffffffa0]k2,[0x14][0xffffffe3]F[0xffffffa1][0x1d]v[0xffffffe7]%[0xffffffb5][0xffffffa4][0xffffffe9][0xffffff97][0xfffffffd][0xffffffcb][0xffffffdc]5[0xffffffb5][0xffffffb7][0xffffffcb]L[0xffffffe0]?[0xffffffbb][0xffffffda]~[0xfffffffe]6[0x1f][0xffffffd3][0xffffffae][0xffffffe2][0xffffff8d]w[0xffffffc8]-n>=~\6[0xffffff8d]=[0xffffffa6]M6[0xffffffd7]e9^6[0xffffff9f][0xfffffff3][0xffffff97][0xffffffda][0xffffffe5][0x1e][0x12]][0xffffff87]P[0xffffff85][0xffffffd4][0xffffffea][0x15]V[0xffffffca]#[0xffffffa8][0xfffffff2][0xffffffa4][0xffffff90])[0xffffff93][0xffffff85][0xfffffff2][0x0][0xffffffaa][0xffffffbc][0xffffffce][0xffffff85]\([0xffffff8f][0xffffff9f][\n]"
08:18:28.001 [main] DEBUG org.apache.hc.client5.http.wire - http-outgoing-42 << "@[0xffffffa5][0xfffffff1][0xffffffb0]P[0x1e]>[0xffffff95][0xffffffa3][0xfffffffa][0xffffffa0][0xffffffec]e[0xffffffda]FO[0xffffffe5][0x14][\n]"
08:18:28.001 [main] DEBUG org.apache.hc.client5.http.wire - http-outgoing-42 << "_Ok[0xffffff83][0xffffffa7][0xffffffb2]@[0xfffffffb]B[0xffffffa5]<v[0xffffff92]`O[0x1f][0xffffffe5][0x2]y[0xffffffe6]T[0xffffffc6][0xffffffa7]O`[0xffffffa5]<q[0xffffffd2][0xfffffff0]h[0xffffffa8][0xffffff83]U[0xffffffca][0xfffffff3][0xffffffa6][0xffffffd2][0xfffffff4][0xffffffa6]z[0xffffffde][0xffffff81][0xffffffa7]M[0x1a][0xf]l[0xb][0xffffffa2][0xffffff8d][0xffffff9a]JS[0xffffffe1][0xffffff92]|/"
08:18:28.002 [main] DEBUG org.apache.hc.client5.http.wire - http-outgoing-42 << "[0xffffff94][0x7]M[0xffffffa5][0xffffff95]\[0xfffffff7][0xffffffe5]1[0xffffff93][0x14][0xffffffaf]K[0xffffffc3]N[0xffffffa2]<dR[0xffffffeb]O[0xffffff8d][0xffffffa2][0xffffffb0]:b[0xffffffaa][0x14]]M[0xc][0xffffffcf][0xffffff97][0x14][0xffffff9a]n[0xffffffac]N[0xffffff97][0x14][0xffffff83]m[0xffffffac][0xffffffce][0xffffff96][0xffffffe4]U;[0xffffff99]'[0xffffffcb]@=[0xffffffc6][0xffffffa8][0xffffff82][0xffffffea]T[0x19]([0xfffffff5][0xffffffa6][0xffffffae][0xffffffaa]#e[0xffffff90][0xffffffeb][0x1]u[0xffffff9c][0xffffffc4][0xffffffd4][0xffffffe9][0xffffffea][0xffffff83]u[0xffffff94]D[\n]"
08:18:28.002 [main] DEBUG org.apache.hc.client5.http.wire - http-outgoing-42 << "[0xffffffac][0x10][0x1e]#[0xffffffd3][0xffffff8d][0xffffff97][0xffffff8b][0xffffffe1][0x11][0xffffffd2]Sn[0xffffffeb]c<?[0x2][0xffffff84]z%<;[0x2][0xffffff95][0x4][0xffffff94]\[0xfffffff0][0xffffffe0][0xffffffe8]R[0xffffff82][0xffffffeb][0xffffffaa]:5[0xffffffba][0xffffffac]82[0xffffffe1][0xffffff89][0xffffff91]Z[0xffffff83][0xffffffab][0xffffffe7]Q[0xfffffff7]*[0xffffffdd]3[0xffffffb0]O<@[0xffffffd2]w[0xffffffb6]^U[0x1b][0x1e])b[0xffffffaa][0xffffffbb][0xffffffcc][0xffffffda][0xffffffe4][0xffffff98]j[0xffffffb6][0xffffff90]:5j[0xffffffcf][0xffffffa5][0xffffffc3][0x3][0xffffffa3]6[0xffffff8d][0xffffffd4]a1[0xffffffb5][0xffffffc5]J[0xffffffea][0xffffff9c][0xffffffa8][0xc][\r][0xffffffd2][0x5]Y[0x1b][0xffffffdf][0xffffffcf][0xfffffff3][0xffffffe3][0xffffffe1]t[0xffffffb9]n[0xffffff8f][0xffffffc7]y_[0xffffffa0][0xffffff8e][0xffffff90][0xffffffbe][0xffffffec][0xffffffa6][0xffffffd4][0xffffff89]U[0xffffff91]Z[0x18][0xffffffe8]P[0xffffffc2][0xffffffb7]2R[0xffffff9f][0xffffffa4][0xffffffaf]][0xffffffb9][0xf][0xffffff83][0xffffff91]^,kB1uj:t[0xffffffd3]XjDS1[0xffffffa5]K[0xffffffa6][0xffffff9e][0xfffffff4][0xf][0x3][0x1][0xffffffec][0xffffffa6][0xffffffeb][0x12][0x0][0x0]"
08:18:28.003 [main] DEBUG org.apache.hc.client5.http.impl.classic.InternalHttpClient - ep-0000003A: releasing valid endpoint
08:18:28.003 [main] DEBUG org.apache.hc.client5.http.impl.io.PoolingHttpClientConnectionManager - ep-0000003A: releasing endpoint
08:18:28.003 [main] DEBUG org.apache.hc.client5.http.impl.io.PoolingHttpClientConnectionManager - ep-0000003A: connection http-outgoing-42 can be kept alive for 3 MINUTES
08:18:28.003 [main] DEBUG org.apache.hc.client5.http.impl.io.PoolingHttpClientConnectionManager - ep-0000003A: connection released [route: {s}->https://raw.githubusercontent.com:443][total available: 1; route allocated: 1 of 5; total allocated: 2 of 25]
08:18:28.003 [main] DEBUG io.github.bonigarcia.wdm.versions.VersionDetector - Driver for chrome117 not found in online properties (using local versions.properties)
08:18:28.005 [main] DEBUG io.github.bonigarcia.wdm.WebDriverManager - The driver version for CHROME 117 is unknown ... trying with latest
08:18:28.013 [main] DEBUG org.apache.hc.client5.http.impl.classic.InternalHttpClient - ex-0000003C: preparing request execution
08:18:28.013 [main] DEBUG org.apache.hc.client5.http.protocol.RequestAddCookies - Cookie spec selected: strict
08:18:28.013 [main] DEBUG org.apache.hc.client5.http.protocol.RequestAuthCache - Auth cache not set in the context
08:18:28.013 [main] DEBUG org.apache.hc.client5.http.impl.classic.ProtocolExec - ex-0000003C: target auth state: UNCHALLENGED
08:18:28.013 [main] DEBUG org.apache.hc.client5.http.impl.classic.ProtocolExec - ex-0000003C: proxy auth state: UNCHALLENGED
08:18:28.013 [main] DEBUG org.apache.hc.client5.http.impl.classic.ConnectExec - ex-0000003C: acquiring connection with route {s}->https://chromedriver.storage.googleapis.com:443
08:18:28.013 [main] DEBUG org.apache.hc.client5.http.impl.classic.InternalHttpClient - ex-0000003C: acquiring endpoint (3 MINUTES)
08:18:28.014 [main] DEBUG org.apache.hc.client5.http.impl.io.PoolingHttpClientConnectionManager - ex-0000003C: endpoint lease request (3 MINUTES) [route: {s}->https://chromedriver.storage.googleapis.com:443][total available: 1; route allocated: 1 of 5; total allocated: 2 of 25]
08:18:28.014 [main] DEBUG org.apache.hc.client5.http.impl.io.PoolingHttpClientConnectionManager - ex-0000003C: endpoint leased [route: {s}->https://chromedriver.storage.googleapis.com:443][total available: 1; route allocated: 2 of 5; total allocated: 3 of 25]
08:18:28.014 [main] DEBUG org.apache.hc.client5.http.impl.io.PoolingHttpClientConnectionManager - ex-0000003C: acquired ep-0000003B
08:18:28.014 [main] DEBUG org.apache.hc.client5.http.impl.classic.InternalHttpClient - ex-0000003C: acquired endpoint ep-0000003B
08:18:28.014 [main] DEBUG org.apache.hc.client5.http.impl.classic.ConnectExec - ex-0000003C: opening connection {s}->https://chromedriver.storage.googleapis.com:443
08:18:28.014 [main] DEBUG org.apache.hc.client5.http.impl.classic.InternalHttpClient - ep-0000003B: connecting endpoint (30 SECONDS)
08:18:28.014 [main] DEBUG org.apache.hc.client5.http.impl.io.PoolingHttpClientConnectionManager - ep-0000003B: connecting endpoint to https://chromedriver.storage.googleapis.com:443 (30 SECONDS)
08:18:28.015 [main] DEBUG org.apache.hc.client5.http.impl.io.DefaultHttpClientConnectionOperator - http-outgoing-44: connecting to chromedriver.storage.googleapis.com/34.101.5.27:443
08:18:28.015 [main] DEBUG org.apache.hc.client5.http.ssl.SSLConnectionSocketFactory - Connecting socket to chromedriver.storage.googleapis.com/34.101.5.27:443 with timeout 30 SECONDS
08:18:28.021 [main] DEBUG org.apache.hc.client5.http.ssl.SSLConnectionSocketFactory - Enabled protocols: [TLSv1.3, TLSv1.2]
08:18:28.021 [main] DEBUG org.apache.hc.client5.http.ssl.SSLConnectionSocketFactory - Enabled cipher suites: [TLS_AES_256_GCM_SHA384, TLS_AES_128_GCM_SHA256, TLS_CHACHA20_POLY1305_SHA256, TLS_ECDHE_ECDSA_WITH_AES_256_GCM_SHA384, TLS_ECDHE_ECDSA_WITH_AES_128_GCM_SHA256, TLS_ECDHE_ECDSA_WITH_CHACHA20_POLY1305_SHA256, TLS_ECDHE_RSA_WITH_AES_256_GCM_SHA384, TLS_ECDHE_RSA_WITH_CHACHA20_POLY1305_SHA256, TLS_ECDHE_RSA_WITH_AES_128_GCM_SHA256, TLS_DHE_RSA_WITH_AES_256_GCM_SHA384, TLS_DHE_RSA_WITH_CHACHA20_POLY1305_SHA256, TLS_DHE_DSS_WITH_AES_256_GCM_SHA384, TLS_DHE_RSA_WITH_AES_128_GCM_SHA256, TLS_DHE_DSS_WITH_AES_128_GCM_SHA256, TLS_ECDHE_ECDSA_WITH_AES_256_CBC_SHA384, TLS_ECDHE_RSA_WITH_AES_256_CBC_SHA384, TLS_ECDHE_ECDSA_WITH_AES_128_CBC_SHA256, TLS_ECDHE_RSA_WITH_AES_128_CBC_SHA256, TLS_DHE_RSA_WITH_AES_256_CBC_SHA256, TLS_DHE_DSS_WITH_AES_256_CBC_SHA256, TLS_DHE_RSA_WITH_AES_128_CBC_SHA256, TLS_DHE_DSS_WITH_AES_128_CBC_SHA256, TLS_ECDH_ECDSA_WITH_AES_256_GCM_SHA384, TLS_ECDH_RSA_WITH_AES_256_GCM_SHA384, TLS_ECDH_ECDSA_WITH_AES_128_GCM_SHA256, TLS_ECDH_RSA_WITH_AES_128_GCM_SHA256, TLS_ECDH_ECDSA_WITH_AES_256_CBC_SHA384, TLS_ECDH_RSA_WITH_AES_256_CBC_SHA384, TLS_ECDH_ECDSA_WITH_AES_128_CBC_SHA256, TLS_ECDH_RSA_WITH_AES_128_CBC_SHA256, TLS_ECDHE_ECDSA_WITH_AES_256_CBC_SHA, TLS_ECDHE_RSA_WITH_AES_256_CBC_SHA, TLS_ECDHE_ECDSA_WITH_AES_128_CBC_SHA, TLS_ECDHE_RSA_WITH_AES_128_CBC_SHA, TLS_DHE_RSA_WITH_AES_256_CBC_SHA, TLS_DHE_DSS_WITH_AES_256_CBC_SHA, TLS_DHE_RSA_WITH_AES_128_CBC_SHA, TLS_DHE_DSS_WITH_AES_128_CBC_SHA, TLS_ECDH_ECDSA_WITH_AES_256_CBC_SHA, TLS_ECDH_RSA_WITH_AES_256_CBC_SHA, TLS_ECDH_ECDSA_WITH_AES_128_CBC_SHA, TLS_ECDH_RSA_WITH_AES_128_CBC_SHA, TLS_RSA_WITH_AES_256_GCM_SHA384, TLS_RSA_WITH_AES_128_GCM_SHA256, TLS_RSA_WITH_AES_256_CBC_SHA256, TLS_RSA_WITH_AES_128_CBC_SHA256, TLS_RSA_WITH_AES_256_CBC_SHA, TLS_RSA_WITH_AES_128_CBC_SHA, TLS_EMPTY_RENEGOTIATION_INFO_SCSV]
08:18:28.021 [main] DEBUG org.apache.hc.client5.http.ssl.SSLConnectionSocketFactory - Starting handshake
08:18:28.067 [main] DEBUG org.apache.hc.client5.http.ssl.SSLConnectionSocketFactory - Secure session established
08:18:28.067 [main] DEBUG org.apache.hc.client5.http.ssl.SSLConnectionSocketFactory -  negotiated protocol: TLSv1.3
08:18:28.067 [main] DEBUG org.apache.hc.client5.http.ssl.SSLConnectionSocketFactory -  negotiated cipher suite: TLS_AES_256_GCM_SHA384
08:18:28.067 [main] DEBUG org.apache.hc.client5.http.ssl.SSLConnectionSocketFactory -  peer principal: CN=*.storage.googleapis.com
08:18:28.068 [main] DEBUG org.apache.hc.client5.http.ssl.SSLConnectionSocketFactory -  peer alternative names: [*.storage.googleapis.com, *.googleapis.com, commondatastorage.googleapis.com, *.commondatastorage.googleapis.com, storage.googleapis.com, storage-p2.googleapis.com, *.storage-p2.googleapis.com, storage.mtls.googleapis.com, *.appspot.com.storage.googleapis.com, *.content-storage.googleapis.com, *.content-storage-p2.googleapis.com, *.content-storage-upload.googleapis.com, *.content-storage-download.googleapis.com, *.storage-upload.googleapis.com, *.storage-download.googleapis.com]
08:18:28.068 [main] DEBUG org.apache.hc.client5.http.ssl.SSLConnectionSocketFactory -  issuer principal: CN=GTS CA 1C3, O=Google Trust Services LLC, C=US
08:18:28.068 [main] DEBUG org.apache.hc.client5.http.impl.io.DefaultHttpClientConnectionOperator - http-outgoing-44: connection established 192.168.100.42:64846<->34.101.5.27:443
08:18:28.068 [main] DEBUG org.apache.hc.client5.http.impl.io.PoolingHttpClientConnectionManager - ep-0000003B: connected http-outgoing-44
08:18:28.068 [main] DEBUG org.apache.hc.client5.http.impl.classic.InternalHttpClient - ep-0000003B: endpoint connected
08:18:28.068 [main] DEBUG org.apache.hc.client5.http.impl.classic.MainClientExec - ex-0000003C: executing GET /LATEST_RELEASE HTTP/1.1
08:18:28.068 [main] DEBUG org.apache.hc.client5.http.impl.classic.InternalHttpClient - ep-0000003B: start execution ex-0000003C
08:18:28.068 [main] DEBUG org.apache.hc.client5.http.impl.io.PoolingHttpClientConnectionManager - ep-0000003B: executing exchange ex-0000003C over http-outgoing-44
08:18:28.068 [main] DEBUG org.apache.hc.client5.http.headers - http-outgoing-44 >> GET /LATEST_RELEASE HTTP/1.1
08:18:28.068 [main] DEBUG org.apache.hc.client5.http.headers - http-outgoing-44 >> user-agent: Apache-HttpClient/5.0
08:18:28.068 [main] DEBUG org.apache.hc.client5.http.headers - http-outgoing-44 >> accept-encoding: gzip, deflate, br
08:18:28.068 [main] DEBUG org.apache.hc.client5.http.headers - http-outgoing-44 >> cache-control: max-age=0
08:18:28.068 [main] DEBUG org.apache.hc.client5.http.headers - http-outgoing-44 >> connection: keep-alive
08:18:28.068 [main] DEBUG org.apache.hc.client5.http.headers - http-outgoing-44 >> Host: chromedriver.storage.googleapis.com
08:18:28.068 [main] DEBUG org.apache.hc.client5.http.wire - http-outgoing-44 >> "GET /LATEST_RELEASE HTTP/1.1[\r][\n]"
08:18:28.068 [main] DEBUG org.apache.hc.client5.http.wire - http-outgoing-44 >> "user-agent: Apache-HttpClient/5.0[\r][\n]"
08:18:28.068 [main] DEBUG org.apache.hc.client5.http.wire - http-outgoing-44 >> "accept-encoding: gzip, deflate, br[\r][\n]"
08:18:28.068 [main] DEBUG org.apache.hc.client5.http.wire - http-outgoing-44 >> "cache-control: max-age=0[\r][\n]"
08:18:28.068 [main] DEBUG org.apache.hc.client5.http.wire - http-outgoing-44 >> "connection: keep-alive[\r][\n]"
08:18:28.068 [main] DEBUG org.apache.hc.client5.http.wire - http-outgoing-44 >> "Host: chromedriver.storage.googleapis.com[\r][\n]"
08:18:28.068 [main] DEBUG org.apache.hc.client5.http.wire - http-outgoing-44 >> "[\r][\n]"
08:18:28.086 [main] DEBUG org.apache.hc.client5.http.wire - http-outgoing-44 << "HTTP/1.1 200 OK[\r][\n]"
08:18:28.086 [main] DEBUG org.apache.hc.client5.http.wire - http-outgoing-44 << "X-GUploader-UploadID: ADPycdtlv5hyKNxkNAPoXZam3m80ckJ0H-Ebjpx_73hqg_-MuXohMxIalbpmUb0_5biLUD8lFSrTzvfL6YS-efZL0_eYGq5S2akq[\r][\n]"
08:18:28.086 [main] DEBUG org.apache.hc.client5.http.wire - http-outgoing-44 << "x-goog-generation: 1685523462105569[\r][\n]"
08:18:28.086 [main] DEBUG org.apache.hc.client5.http.wire - http-outgoing-44 << "x-goog-metageneration: 1[\r][\n]"
08:18:28.086 [main] DEBUG org.apache.hc.client5.http.wire - http-outgoing-44 << "x-goog-stored-content-encoding: identity[\r][\n]"
08:18:28.086 [main] DEBUG org.apache.hc.client5.http.wire - http-outgoing-44 << "x-goog-stored-content-length: 13[\r][\n]"
08:18:28.086 [main] DEBUG org.apache.hc.client5.http.wire - http-outgoing-44 << "x-goog-hash: crc32c=tVW4TA==[\r][\n]"
08:18:28.086 [main] DEBUG org.apache.hc.client5.http.wire - http-outgoing-44 << "x-goog-hash: md5=NoaEuIlBlniwTkiZ1T16sA==[\r][\n]"
08:18:28.086 [main] DEBUG org.apache.hc.client5.http.wire - http-outgoing-44 << "x-goog-storage-class: STANDARD[\r][\n]"
08:18:28.086 [main] DEBUG org.apache.hc.client5.http.wire - http-outgoing-44 << "Accept-Ranges: bytes[\r][\n]"
08:18:28.086 [main] DEBUG org.apache.hc.client5.http.wire - http-outgoing-44 << "Content-Length: 13[\r][\n]"
08:18:28.086 [main] DEBUG org.apache.hc.client5.http.wire - http-outgoing-44 << "Server: UploadServer[\r][\n]"
08:18:28.086 [main] DEBUG org.apache.hc.client5.http.wire - http-outgoing-44 << "Date: Fri, 06 Oct 2023 01:08:29 GMT[\r][\n]"
08:18:28.086 [main] DEBUG org.apache.hc.client5.http.wire - http-outgoing-44 << "Expires: Fri, 06 Oct 2023 02:08:29 GMT[\r][\n]"
08:18:28.086 [main] DEBUG org.apache.hc.client5.http.wire - http-outgoing-44 << "Cache-Control: public, max-age=3600[\r][\n]"
08:18:28.086 [main] DEBUG org.apache.hc.client5.http.wire - http-outgoing-44 << "Age: 601[\r][\n]"
08:18:28.086 [main] DEBUG org.apache.hc.client5.http.wire - http-outgoing-44 << "Last-Modified: Wed, 31 May 2023 08:57:42 GMT[\r][\n]"
08:18:28.086 [main] DEBUG org.apache.hc.client5.http.wire - http-outgoing-44 << "ETag: "368684b889419678b04e4899d53d7ab0"[\r][\n]"
08:18:28.086 [main] DEBUG org.apache.hc.client5.http.wire - http-outgoing-44 << "Content-Type: text/plain[\r][\n]"
08:18:28.086 [main] DEBUG org.apache.hc.client5.http.wire - http-outgoing-44 << "Alt-Svc: h3=":443"; ma=2592000,h3-29=":443"; ma=2592000[\r][\n]"
08:18:28.086 [main] DEBUG org.apache.hc.client5.http.wire - http-outgoing-44 << "[\r][\n]"
08:18:28.086 [main] DEBUG org.apache.hc.client5.http.wire - http-outgoing-44 << "114.0.5735.90"
08:18:28.086 [main] DEBUG org.apache.hc.client5.http.headers - http-outgoing-44 << HTTP/1.1 200 OK
08:18:28.086 [main] DEBUG org.apache.hc.client5.http.headers - http-outgoing-44 << X-GUploader-UploadID: ADPycdtlv5hyKNxkNAPoXZam3m80ckJ0H-Ebjpx_73hqg_-MuXohMxIalbpmUb0_5biLUD8lFSrTzvfL6YS-efZL0_eYGq5S2akq
08:18:28.086 [main] DEBUG org.apache.hc.client5.http.headers - http-outgoing-44 << x-goog-generation: 1685523462105569
08:18:28.086 [main] DEBUG org.apache.hc.client5.http.headers - http-outgoing-44 << x-goog-metageneration: 1
08:18:28.086 [main] DEBUG org.apache.hc.client5.http.headers - http-outgoing-44 << x-goog-stored-content-encoding: identity
08:18:28.086 [main] DEBUG org.apache.hc.client5.http.headers - http-outgoing-44 << x-goog-stored-content-length: 13
08:18:28.086 [main] DEBUG org.apache.hc.client5.http.headers - http-outgoing-44 << x-goog-hash: crc32c=tVW4TA==
08:18:28.086 [main] DEBUG org.apache.hc.client5.http.headers - http-outgoing-44 << x-goog-hash: md5=NoaEuIlBlniwTkiZ1T16sA==
08:18:28.086 [main] DEBUG org.apache.hc.client5.http.headers - http-outgoing-44 << x-goog-storage-class: STANDARD
08:18:28.086 [main] DEBUG org.apache.hc.client5.http.headers - http-outgoing-44 << Accept-Ranges: bytes
08:18:28.086 [main] DEBUG org.apache.hc.client5.http.headers - http-outgoing-44 << Content-Length: 13
08:18:28.086 [main] DEBUG org.apache.hc.client5.http.headers - http-outgoing-44 << Server: UploadServer
08:18:28.086 [main] DEBUG org.apache.hc.client5.http.headers - http-outgoing-44 << Date: Fri, 06 Oct 2023 01:08:29 GMT
08:18:28.086 [main] DEBUG org.apache.hc.client5.http.headers - http-outgoing-44 << Expires: Fri, 06 Oct 2023 02:08:29 GMT
08:18:28.086 [main] DEBUG org.apache.hc.client5.http.headers - http-outgoing-44 << Cache-Control: public, max-age=3600
08:18:28.086 [main] DEBUG org.apache.hc.client5.http.headers - http-outgoing-44 << Age: 601
08:18:28.086 [main] DEBUG org.apache.hc.client5.http.headers - http-outgoing-44 << Last-Modified: Wed, 31 May 2023 08:57:42 GMT
08:18:28.086 [main] DEBUG org.apache.hc.client5.http.headers - http-outgoing-44 << ETag: "368684b889419678b04e4899d53d7ab0"
08:18:28.086 [main] DEBUG org.apache.hc.client5.http.headers - http-outgoing-44 << Content-Type: text/plain
08:18:28.086 [main] DEBUG org.apache.hc.client5.http.headers - http-outgoing-44 << Alt-Svc: h3=":443"; ma=2592000,h3-29=":443"; ma=2592000
08:18:28.086 [main] DEBUG org.apache.hc.client5.http.impl.classic.MainClientExec - ex-0000003C: connection can be kept alive for 3 MINUTES
08:18:28.086 [main] DEBUG org.apache.hc.client5.http.impl.classic.InternalHttpClient - ep-0000003B: releasing valid endpoint
08:18:28.086 [main] DEBUG org.apache.hc.client5.http.impl.io.PoolingHttpClientConnectionManager - ep-0000003B: releasing endpoint
08:18:28.086 [main] DEBUG org.apache.hc.client5.http.impl.io.PoolingHttpClientConnectionManager - ep-0000003B: connection http-outgoing-44 can be kept alive for 3 MINUTES
08:18:28.086 [main] DEBUG org.apache.hc.client5.http.impl.io.PoolingHttpClientConnectionManager - ep-0000003B: connection released [route: {s}->https://chromedriver.storage.googleapis.com:443][total available: 2; route allocated: 2 of 5; total allocated: 3 of 25]
08:18:28.086 [main] DEBUG io.github.bonigarcia.wdm.versions.VersionDetector - Latest version of chromedriver according to https://chromedriver.storage.googleapis.com/LATEST_RELEASE is 114.0.5735.90
08:18:28.088 [main] DEBUG io.github.bonigarcia.wdm.WebDriverManager - Driver chromedriver 114.0.5735.90 found in cache
08:18:28.088 [main] INFO io.github.bonigarcia.wdm.WebDriverManager - Exporting webdriver.chrome.driver as C:\Users\Bagas Dwi Saputra\.cache\selenium\chromedriver\win32\114.0.5735.90\chromedriver.exe
08:18:28.167 [main] DEBUG net.thucydides.core.reflection.ClassFinder - Could not load class net.serenitybdd.rest.utils.RestSpecificationFactory
08:18:28.244 [main] DEBUG net.thucydides.core.reflection.ClassFinder - Could not load class net.serenitybdd.rest.utils.RestSpecificationFactory
08:18:28.245 [main] INFO net.serenitybdd.core.webdriver.driverproviders.ProvideNewDriver - Instantiating driver
08:18:28.245 [main] INFO net.serenitybdd.core.webdriver.driverproviders.ProvideNewDriver - Driver capabilities: Capabilities {acceptInsecureCerts: false, base.url: https://app.jubelio.com, browserName: chrome, chrome.driver: src/test/resources/webdrive..., driver: chrome, goog:chromeOptions: {args: [], extensions: []}, loggingPrefs: org.openqa.selenium.logging...}
08:18:29.080 [main] DEBUG net.thucydides.core.reflection.ClassFinder - Could not load class net.serenitybdd.rest.utils.RestSpecificationFactory
08:18:31.339 [main] DEBUG net.serenitybdd.core.photography.Darkroom - Send negative for processing for target\site\serenity\3038817d7525da4800fd8186255ce5e4cf68991618dfa75c3b583a90d9f85639.png
08:18:31.339 [main] DEBUG net.thucydides.core.steps.StepInterceptor - STEP DONE: openLink
08:18:31.342 [main] DEBUG net.thucydides.core.steps.StepInterceptor - STARTING STEP: LoginSteps.fillsInTheWithValidDataEmail - fills in the {string} with valid data email
08:18:31.639 [main] DEBUG net.serenitybdd.core.photography.Darkroom - Send negative for processing for target\site\serenity\02cb3251a2c30973c12b10e8084828a02f3abc0c297b24f7b7c3631066f5dea2.png
08:18:31.639 [main] DEBUG net.thucydides.core.steps.StepInterceptor - STEP DONE: fills in the {string} with valid data email
  &amp#27;[32mGiven &amp#27;[0m&amp#27;[32mfills in the &amp#27;[0m&amp#27;[32m&amp#27;[1m"qa.rakamin.jubelio@gmail.com"&amp#27;[0m&amp#27;[32m with valid data email&amp#27;[0m &amp#27;[90m# starter.stepdefinitios.LoginSteps.fillsInTheWithValidDataEmail(java.lang.String)&amp#27;[0m
08:18:32.290 [main] DEBUG net.serenitybdd.core.photography.Darkroom - Send negative for processing for target\site\serenity\09b09d2e8c06e6ad905ab8c33f66254ac7c1b6f558a2fa7e4cfea90a8870c49b.png
08:18:32.290 [main] DEBUG net.thucydides.core.steps.StepInterceptor - STARTING STEP: LoginSteps.fillInTheWithValidDataPass - fill in the {string} with valid data pass
08:18:32.290 [Darkroom Processing Line] DEBUG net.serenitybdd.core.photography.DarkroomProcessingLine - Processing screenshot image in /var/screenshots/screenshot-8331263725671949714
08:18:32.290 [Darkroom Processing Line] DEBUG net.serenitybdd.core.photography.DarkroomProcessingLine - Saving screenshot to target\site\serenity\09b09d2e8c06e6ad905ab8c33f66254ac7c1b6f558a2fa7e4cfea90a8870c49b.png
08:18:32.579 [main] DEBUG net.serenitybdd.core.photography.Darkroom - Send negative for processing for target\site\serenity\28c2d9983f6aed9b57fea4029bb0cd52a97a95bd8dc86d9b87c39d140c2b1d03.png
08:18:32.579 [main] DEBUG net.thucydides.core.steps.StepInterceptor - STEP DONE: fill in the {string} with valid data pass
  &amp#27;[32mAnd &amp#27;[0m&amp#27;[32mfill in the &amp#27;[0m&amp#27;[32m&amp#27;[1m"1234567890123456789012345678901"&amp#27;[0m&amp#27;[32m with valid data pass&amp#27;[0m  &amp#27;[90m# starter.stepdefinitios.LoginSteps.fillInTheWithValidDataPass(java.lang.String)&amp#27;[0m
08:18:32.580 [Darkroom Processing Line] DEBUG net.serenitybdd.core.photography.DarkroomProcessingLine - Processing screenshot image in /var/screenshots/screenshot-3379709655289717075
08:18:32.580 [Darkroom Processing Line] DEBUG net.serenitybdd.core.photography.DarkroomProcessingLine - Saving screenshot to target\site\serenity\28c2d9983f6aed9b57fea4029bb0cd52a97a95bd8dc86d9b87c39d140c2b1d03.png
08:18:32.591 [main] DEBUG net.thucydides.core.steps.StepInterceptor - STARTING STEP: LoginSteps.clickTheLoginButton - clickbtnlogin
08:18:32.913 [main] DEBUG net.serenitybdd.core.photography.Darkroom - Send negative for processing for target\site\serenity\21297ad804f120efd5285b3f363cbe9f787c37a9cc7dfc133097368ed3883b2d.png
08:18:32.914 [main] DEBUG net.thucydides.core.steps.StepInterceptor - STEP DONE: clickbtnlogin
08:18:32.914 [Darkroom Processing Line] DEBUG net.serenitybdd.core.photography.DarkroomProcessingLine - Processing screenshot image in /var/screenshots/screenshot-17784739950895130647
08:18:32.914 [Darkroom Processing Line] DEBUG net.serenitybdd.core.photography.DarkroomProcessingLine - Saving screenshot to target\site\serenity\21297ad804f120efd5285b3f363cbe9f787c37a9cc7dfc133097368ed3883b2d.png
  &amp#27;[32mWhen &amp#27;[0m&amp#27;[32mclick the login button&amp#27;[0m                                             &amp#27;[90m# starter.stepdefinitios.LoginSteps.clickTheLoginButton()&amp#27;[0m
08:18:33.571 [main] DEBUG net.serenitybdd.core.photography.Darkroom - Send negative for processing for target\site\serenity\91fbcc46db797b6a00f2f406d6566344b85e3a97fea72e376f49b30ddad8768d.png
08:18:33.571 [Darkroom Processing Line] DEBUG net.serenitybdd.core.photography.DarkroomProcessingLine - Processing screenshot image in /var/screenshots/screenshot-17045761698260397227
08:18:33.571 [Darkroom Processing Line] DEBUG net.serenitybdd.core.photography.DarkroomProcessingLine - Saving screenshot to target\site\serenity\91fbcc46db797b6a00f2f406d6566344b85e3a97fea72e376f49b30ddad8768d.png
08:18:33.577 [main] DEBUG net.thucydides.core.steps.StepInterceptor - STARTING STEP: LoginSteps.validatePageHomeOrError - validate page home or error {string}
08:18:33.608 [main] DEBUG net.thucydides.core.steps.StepInterceptor - STEP DONE: validate page home or error {string}
  &amp#27;[32mThen &amp#27;[0m&amp#27;[32mvalidate page home or error &amp#27;[0m&amp#27;[32m&amp#27;[1m"Password harus di antara 6 dan 30."&amp#27;[0m   &amp#27;[90m# starter.stepdefinitios.LoginSteps.validatePageHomeOrError(java.lang.String)&amp#27;[0m
]]></system-out>
    <system-err><![CDATA[Starting ChromeDriver 117.0.5938.88 (be6afae4721209be42944bbcd325665f9f44563b-refs/branch-heads/5938_62@{#9}) on port 9938
Only local connections are allowed.
Please see https://chromedriver.chromium.org/security-considerations for suggestions on keeping ChromeDriver safe.
ChromeDriver was started successfully.
Oct 06, 2023 8:18:28 AM org.openqa.selenium.remote.ProtocolHandshake createSession
INFO: Detected dialect: W3C
]]></system-err>
  </testcase>
</testsuite>