<?xml version="1.0" encoding="UTF-8"?>
<testsuite xmlns:xsi="http://www.w3.org/2001/XMLSchema-instance" xsi:noNamespaceSchemaLocation="https://maven.apache.org/surefire/maven-failsafe-plugin/xsd/failsafe-test-report-3.0.xsd" version="3.0" name="CucumberTestSuite" time="194.189" tests="15" errors="0" skipped="0" failures="0">
  <properties>
    <property name="java.specification.version" value="17"/>
    <property name="webdriver.chrome.driver" value="D:\QE\Automation\Jubelio-Website\src\test\resources\webdriver\chromedriver.exe"/>
    <property name="sun.cpu.isalist" value="amd64"/>
    <property name="sun.jnu.encoding" value="Cp1252"/>
    <property name="java.class.path" value="D:\QE\Automation\Jubelio-Website\target\test-classes;C:\Users\Bagas Dwi Saputra\.m2\repository\net\serenity-bdd\serenity-core\2.6.0\serenity-core-2.6.0.jar;C:\Users\Bagas Dwi Saputra\.m2\repository\net\serenity-bdd\serenity-model\2.6.0\serenity-model-2.6.0.jar;C:\Users\Bagas Dwi Saputra\.m2\repository\org\apache\commons\commons-text\1.9\commons-text-1.9.jar;C:\Users\Bagas Dwi Saputra\.m2\repository\commons-net\commons-net\3.6\commons-net-3.6.jar;C:\Users\Bagas Dwi Saputra\.m2\repository\com\google\inject\guice\5.0.1\guice-5.0.1.jar;C:\Users\Bagas Dwi Saputra\.m2\repository\javax\inject\javax.inject\1\javax.inject-1.jar;C:\Users\Bagas Dwi Saputra\.m2\repository\aopalliance\aopalliance\1.0\aopalliance-1.0.jar;C:\Users\Bagas Dwi Saputra\.m2\repository\org\jsoup\jsoup\1.13.1\jsoup-1.13.1.jar;C:\Users\Bagas Dwi Saputra\.m2\repository\com\thoughtworks\xstream\xstream\1.4.18\xstream-1.4.18.jar;C:\Users\Bagas Dwi Saputra\.m2\repository\io\github\x-stream\mxparser\1.2.2\mxparser-1.2.2.jar;C:\Users\Bagas Dwi Saputra\.m2\repository\xmlpull\xmlpull\1.1.3.1\xmlpull-1.1.3.1.jar;C:\Users\Bagas Dwi Saputra\.m2\repository\io\cucumber\cucumber-core\6.10.2\cucumber-core-6.10.2.jar;C:\Users\Bagas Dwi Saputra\.m2\repository\io\cucumber\cucumber-gherkin\6.10.2\cucumber-gherkin-6.10.2.jar;C:\Users\Bagas Dwi Saputra\.m2\repository\io\cucumber\cucumber-gherkin-messages\6.10.2\cucumber-gherkin-messages-6.10.2.jar;C:\Users\Bagas Dwi Saputra\.m2\repository\io\cucumber\messages\14.0.1\messages-14.0.1.jar;C:\Users\Bagas Dwi Saputra\.m2\repository\io\cucumber\tag-expressions\3.0.0\tag-expressions-3.0.0.jar;C:\Users\Bagas Dwi Saputra\.m2\repository\io\cucumber\cucumber-expressions\10.3.0\cucumber-expressions-10.3.0.jar;C:\Users\Bagas Dwi Saputra\.m2\repository\io\cucumber\cucumber-plugin\6.10.2\cucumber-plugin-6.10.2.jar;C:\Users\Bagas Dwi Saputra\.m2\repository\io\cucumber\docstring\6.10.2\docstring-6.10.2.jar;C:\Users\Bagas Dwi Saputra\.m2\repository\io\cucumber\html-formatter\12.0.0\html-formatter-12.0.0.jar;C:\Users\Bagas Dwi Saputra\.m2\repository\io\cucumber\create-meta\3.0.0\create-meta-3.0.0.jar;C:\Users\Bagas Dwi Saputra\.m2\repository\com\typesafe\config\1.3.1\config-1.3.1.jar;C:\Users\Bagas Dwi Saputra\.m2\repository\org\imgscalr\imgscalr-lib\4.2\imgscalr-lib-4.2.jar;C:\Users\Bagas Dwi Saputra\.m2\repository\org\awaitility\awaitility\4.0.3\awaitility-4.0.3.jar;C:\Users\Bagas Dwi Saputra\.m2\repository\org\freemarker\freemarker\2.3.29\freemarker-2.3.29.jar;C:\Users\Bagas Dwi Saputra\.m2\repository\org\reflections\reflections\0.9.12\reflections-0.9.12.jar;C:\Users\Bagas Dwi Saputra\.m2\repository\org\javassist\javassist\3.26.0-GA\javassist-3.26.0-GA.jar;C:\Users\Bagas Dwi Saputra\.m2\repository\net\sourceforge\jexcelapi\jxl\2.6.12\jxl-2.6.12.jar;C:\Users\Bagas Dwi Saputra\.m2\repository\org\asciidoctor\asciidoctorj\2.5.1\asciidoctorj-2.5.1.jar;C:\Users\Bagas Dwi Saputra\.m2\repository\org\asciidoctor\asciidoctorj-api\2.5.1\asciidoctorj-api-2.5.1.jar;C:\Users\Bagas Dwi Saputra\.m2\repository\org\jruby\jruby\9.2.17.0\jruby-9.2.17.0.jar;C:\Users\Bagas Dwi Saputra\.m2\repository\org\jruby\jruby-core\9.2.17.0\jruby-core-9.2.17.0.jar;C:\Users\Bagas Dwi Saputra\.m2\repository\com\github\jnr\jnr-netdb\1.2.0\jnr-netdb-1.2.0.jar;C:\Users\Bagas Dwi Saputra\.m2\repository\com\github\jnr\jnr-enxio\0.32.3\jnr-enxio-0.32.3.jar;C:\Users\Bagas Dwi Saputra\.m2\repository\com\github\jnr\jnr-unixsocket\0.38.5\jnr-unixsocket-0.38.5.jar;C:\Users\Bagas Dwi Saputra\.m2\repository\com\github\jnr\jnr-posix\3.1.4\jnr-posix-3.1.4.jar;C:\Users\Bagas Dwi Saputra\.m2\repository\com\github\jnr\jnr-constants\0.10.1\jnr-constants-0.10.1.jar;C:\Users\Bagas Dwi Saputra\.m2\repository\com\github\jnr\jffi\1.3.1\jffi-1.3.1.jar;C:\Users\Bagas Dwi Saputra\.m2\repository\com\github\jnr\jffi\1.3.1\jffi-1.3.1-native.jar;C:\Users\Bagas Dwi Saputra\.m2\repository\org\jruby\joni\joni\2.1.31\joni-2.1.31.jar;C:\Users\Bagas Dwi Saputra\.m2\repository\org\jruby\jcodings\jcodings\1.0.46\jcodings-1.0.46.jar;C:\Users\Bagas Dwi Saputra\.m2\repository\org\jruby\dirgra\0.3\dirgra-0.3.jar;C:\Users\Bagas Dwi Saputra\.m2\repository\com\headius\invokebinder\1.11\invokebinder-1.11.jar;C:\Users\Bagas Dwi Saputra\.m2\repository\com\headius\options\1.4\options-1.4.jar;C:\Users\Bagas Dwi Saputra\.m2\repository\com\jcraft\jzlib\1.1.3\jzlib-1.1.3.jar;C:\Users\Bagas Dwi Saputra\.m2\repository\com\martiansoftware\nailgun-server\0.9.1\nailgun-server-0.9.1.jar;C:\Users\Bagas Dwi Saputra\.m2\repository\com\headius\backport9\1.8\backport9-1.8.jar;C:\Users\Bagas Dwi Saputra\.m2\repository\javax\annotation\javax.annotation-api\1.3.1\javax.annotation-api-1.3.1.jar;C:\Users\Bagas Dwi Saputra\.m2\repository\org\jruby\jruby-stdlib\9.2.17.0\jruby-stdlib-9.2.17.0.jar;C:\Users\Bagas Dwi Saputra\.m2\repository\net\bytebuddy\byte-buddy-agent\1.11.1\byte-buddy-agent-1.11.1.jar;C:\Users\Bagas Dwi Saputra\.m2\repository\org\objenesis\objenesis\3.1\objenesis-3.1.jar;C:\Users\Bagas Dwi Saputra\.m2\repository\net\serenity-bdd\serenity-reports\2.6.0\serenity-reports-2.6.0.jar;C:\Users\Bagas Dwi Saputra\.m2\repository\net\serenity-bdd\serenity-stats\2.6.0\serenity-stats-2.6.0.jar;C:\Users\Bagas Dwi Saputra\.m2\repository\net\serenity-bdd\serenity-reports-configuration\2.6.0\serenity-reports-configuration-2.6.0.jar;C:\Users\Bagas Dwi Saputra\.m2\repository\com\vladsch\flexmark\flexmark-all\0.34.30\flexmark-all-0.34.30.jar;C:\Users\Bagas Dwi Saputra\.m2\repository\com\vladsch\flexmark\flexmark\0.34.30\flexmark-0.34.30.jar;C:\Users\Bagas Dwi Saputra\.m2\repository\com\vladsch\flexmark\flexmark-ext-abbreviation\0.34.30\flexmark-ext-abbreviation-0.34.30.jar;C:\Users\Bagas Dwi Saputra\.m2\repository\com\vladsch\flexmark\flexmark-ext-admonition\0.34.30\flexmark-ext-admonition-0.34.30.jar;C:\Users\Bagas Dwi Saputra\.m2\repository\com\vladsch\flexmark\flexmark-ext-anchorlink\0.34.30\flexmark-ext-anchorlink-0.34.30.jar;C:\Users\Bagas Dwi Saputra\.m2\repository\com\vladsch\flexmark\flexmark-ext-aside\0.34.30\flexmark-ext-aside-0.34.30.jar;C:\Users\Bagas Dwi Saputra\.m2\repository\com\vladsch\flexmark\flexmark-ext-attributes\0.34.30\flexmark-ext-attributes-0.34.30.jar;C:\Users\Bagas Dwi Saputra\.m2\repository\com\vladsch\flexmark\flexmark-ext-autolink\0.34.30\flexmark-ext-autolink-0.34.30.jar;C:\Users\Bagas Dwi Saputra\.m2\repository\org\nibor\autolink\autolink\0.6.0\autolink-0.6.0.jar;C:\Users\Bagas Dwi Saputra\.m2\repository\com\vladsch\flexmark\flexmark-ext-definition\0.34.30\flexmark-ext-definition-0.34.30.jar;C:\Users\Bagas Dwi Saputra\.m2\repository\com\vladsch\flexmark\flexmark-ext-emoji\0.34.30\flexmark-ext-emoji-0.34.30.jar;C:\Users\Bagas Dwi Saputra\.m2\repository\com\vladsch\flexmark\flexmark-ext-enumerated-reference\0.34.30\flexmark-ext-enumerated-reference-0.34.30.jar;C:\Users\Bagas Dwi Saputra\.m2\repository\com\vladsch\flexmark\flexmark-ext-escaped-character\0.34.30\flexmark-ext-escaped-character-0.34.30.jar;C:\Users\Bagas Dwi Saputra\.m2\repository\com\vladsch\flexmark\flexmark-ext-footnotes\0.34.30\flexmark-ext-footnotes-0.34.30.jar;C:\Users\Bagas Dwi Saputra\.m2\repository\com\vladsch\flexmark\flexmark-ext-gfm-issues\0.34.30\flexmark-ext-gfm-issues-0.34.30.jar;C:\Users\Bagas Dwi Saputra\.m2\repository\com\vladsch\flexmark\flexmark-ext-gfm-strikethrough\0.34.30\flexmark-ext-gfm-strikethrough-0.34.30.jar;C:\Users\Bagas Dwi Saputra\.m2\repository\com\vladsch\flexmark\flexmark-ext-gfm-tables\0.34.30\flexmark-ext-gfm-tables-0.34.30.jar;C:\Users\Bagas Dwi Saputra\.m2\repository\com\vladsch\flexmark\flexmark-ext-gfm-tasklist\0.34.30\flexmark-ext-gfm-tasklist-0.34.30.jar;C:\Users\Bagas Dwi Saputra\.m2\repository\com\vladsch\flexmark\flexmark-ext-gfm-users\0.34.30\flexmark-ext-gfm-users-0.34.30.jar;C:\Users\Bagas Dwi Saputra\.m2\repository\com\vladsch\flexmark\flexmark-ext-gitlab\0.34.30\flexmark-ext-gitlab-0.34.30.jar;C:\Users\Bagas Dwi Saputra\.m2\repository\com\vladsch\flexmark\flexmark-ext-jekyll-front-matter\0.34.30\flexmark-ext-jekyll-front-matter-0.34.30.jar;C:\Users\Bagas Dwi Saputra\.m2\repository\com\vladsch\flexmark\flexmark-ext-jekyll-tag\0.34.30\flexmark-ext-jekyll-tag-0.34.30.jar;C:\Users\Bagas Dwi Saputra\.m2\repository\com\vladsch\flexmark\flexmark-ext-media-tags\0.34.30\flexmark-ext-media-tags-0.34.30.jar;C:\Users\Bagas Dwi Saputra\.m2\repository\com\vladsch\flexmark\flexmark-test-util\0.34.30\flexmark-test-util-0.34.30.jar;C:\Users\Bagas Dwi Saputra\.m2\repository\com\vladsch\flexmark\flexmark-ext-ins\0.34.30\flexmark-ext-ins-0.34.30.jar;C:\Users\Bagas Dwi Saputra\.m2\repository\com\vladsch\flexmark\flexmark-ext-xwiki-macros\0.34.30\flexmark-ext-xwiki-macros-0.34.30.jar;C:\Users\Bagas Dwi Saputra\.m2\repository\com\vladsch\flexmark\flexmark-ext-superscript\0.34.30\flexmark-ext-superscript-0.34.30.jar;C:\Users\Bagas Dwi Saputra\.m2\repository\com\vladsch\flexmark\flexmark-ext-tables\0.34.30\flexmark-ext-tables-0.34.30.jar;C:\Users\Bagas Dwi Saputra\.m2\repository\com\vladsch\flexmark\flexmark-ext-toc\0.34.30\flexmark-ext-toc-0.34.30.jar;C:\Users\Bagas Dwi Saputra\.m2\repository\com\vladsch\flexmark\flexmark-ext-typographic\0.34.30\flexmark-ext-typographic-0.34.30.jar;C:\Users\Bagas Dwi Saputra\.m2\repository\com\vladsch\flexmark\flexmark-ext-wikilink\0.34.30\flexmark-ext-wikilink-0.34.30.jar;C:\Users\Bagas Dwi Saputra\.m2\repository\com\vladsch\flexmark\flexmark-ext-yaml-front-matter\0.34.30\flexmark-ext-yaml-front-matter-0.34.30.jar;C:\Users\Bagas Dwi Saputra\.m2\repository\com\vladsch\flexmark\flexmark-ext-youtube-embedded\0.34.30\flexmark-ext-youtube-embedded-0.34.30.jar;C:\Users\Bagas Dwi Saputra\.m2\repository\com\vladsch\flexmark\flexmark-formatter\0.34.30\flexmark-formatter-0.34.30.jar;C:\Users\Bagas Dwi Saputra\.m2\repository\com\vladsch\flexmark\flexmark-html-parser\0.34.30\flexmark-html-parser-0.34.30.jar;C:\Users\Bagas Dwi Saputra\.m2\repository\com\vladsch\flexmark\flexmark-jira-converter\0.34.30\flexmark-jira-converter-0.34.30.jar;C:\Users\Bagas Dwi Saputra\.m2\repository\com\vladsch\flexmark\flexmark-pdf-converter\0.34.30\flexmark-pdf-converter-0.34.30.jar;C:\Users\Bagas Dwi Saputra\.m2\repository\com\openhtmltopdf\openhtmltopdf-core\0.0.1-RC13\openhtmltopdf-core-0.0.1-RC13.jar;C:\Users\Bagas Dwi Saputra\.m2\repository\com\openhtmltopdf\openhtmltopdf-pdfbox\0.0.1-RC13\openhtmltopdf-pdfbox-0.0.1-RC13.jar;C:\Users\Bagas Dwi Saputra\.m2\repository\org\apache\pdfbox\pdfbox\2.0.8\pdfbox-2.0.8.jar;C:\Users\Bagas Dwi Saputra\.m2\repository\org\apache\pdfbox\fontbox\2.0.8\fontbox-2.0.8.jar;C:\Users\Bagas Dwi Saputra\.m2\repository\org\apache\pdfbox\xmpbox\2.0.8\xmpbox-2.0.8.jar;C:\Users\Bagas Dwi Saputra\.m2\repository\de\rototor\pdfbox\graphics2d\0.12\graphics2d-0.12.jar;C:\Users\Bagas Dwi Saputra\.m2\repository\com\openhtmltopdf\openhtmltopdf-rtl-support\0.0.1-RC13\openhtmltopdf-rtl-support-0.0.1-RC13.jar;C:\Users\Bagas Dwi Saputra\.m2\repository\com\ibm\icu\icu4j\59.1\icu4j-59.1.jar;C:\Users\Bagas Dwi Saputra\.m2\repository\com\openhtmltopdf\openhtmltopdf-jsoup-dom-converter\0.0.1-RC13\openhtmltopdf-jsoup-dom-converter-0.0.1-RC13.jar;C:\Users\Bagas Dwi Saputra\.m2\repository\com\vladsch\flexmark\flexmark-profile-pegdown\0.34.30\flexmark-profile-pegdown-0.34.30.jar;C:\Users\Bagas Dwi Saputra\.m2\repository\com\vladsch\flexmark\flexmark-util\0.34.30\flexmark-util-0.34.30.jar;C:\Users\Bagas Dwi Saputra\.m2\repository\com\vladsch\flexmark\flexmark-youtrack-converter\0.34.30\flexmark-youtrack-converter-0.34.30.jar;C:\Users\Bagas Dwi Saputra\.m2\repository\es\nitaur\markdown\txtmark\0.16\txtmark-0.16.jar;C:\Users\Bagas Dwi Saputra\.m2\repository\net\serenity-bdd\serenity-report-resources\2.6.0\serenity-report-resources-2.6.0.jar;C:\Users\Bagas Dwi Saputra\.m2\repository\com\google\code\gson\gson\2.8.7\gson-2.8.7.jar;C:\Users\Bagas Dwi Saputra\.m2\repository\com\fasterxml\jackson\core\jackson-core\2.12.4\jackson-core-2.12.4.jar;C:\Users\Bagas Dwi Saputra\.m2\repository\com\fasterxml\jackson\core\jackson-databind\2.12.4\jackson-databind-2.12.4.jar;C:\Users\Bagas Dwi Saputra\.m2\repository\com\fasterxml\jackson\core\jackson-annotations\2.12.4\jackson-annotations-2.12.4.jar;C:\Users\Bagas Dwi Saputra\.m2\repository\commons-codec\commons-codec\1.15\commons-codec-1.15.jar;C:\Users\Bagas Dwi Saputra\.m2\repository\commons-io\commons-io\2.8.0\commons-io-2.8.0.jar;C:\Users\Bagas Dwi Saputra\.m2\repository\org\seleniumhq\selenium\selenium-server\3.141.59\selenium-server-3.141.59.jar;C:\Users\Bagas Dwi Saputra\.m2\repository\net\jcip\jcip-annotations\1.0\jcip-annotations-1.0.jar;C:\Users\Bagas Dwi Saputra\.m2\repository\org\seleniumhq\selenium\jetty-repacked\9.4.12.v20180830\jetty-repacked-9.4.12.v20180830.jar;C:\Users\Bagas Dwi Saputra\.m2\repository\javax\servlet\javax.servlet-api\3.1.0\javax.servlet-api-3.1.0.jar;C:\Users\Bagas Dwi Saputra\.m2\repository\org\yaml\snakeyaml\1.19\snakeyaml-1.19.jar;C:\Users\Bagas Dwi Saputra\.m2\repository\org\seleniumhq\selenium\selenium-api\3.141.59\selenium-api-3.141.59.jar;C:\Users\Bagas Dwi Saputra\.m2\repository\org\seleniumhq\selenium\selenium-support\3.141.59\selenium-support-3.141.59.jar;C:\Users\Bagas Dwi Saputra\.m2\repository\org\seleniumhq\selenium\selenium-chrome-driver\3.141.59\selenium-chrome-driver-3.141.59.jar;C:\Users\Bagas Dwi Saputra\.m2\repository\org\seleniumhq\selenium\selenium-firefox-driver\3.141.59\selenium-firefox-driver-3.141.59.jar;C:\Users\Bagas Dwi Saputra\.m2\repository\org\seleniumhq\selenium\selenium-edge-driver\3.141.59\selenium-edge-driver-3.141.59.jar;C:\Users\Bagas Dwi Saputra\.m2\repository\org\seleniumhq\selenium\selenium-ie-driver\3.141.59\selenium-ie-driver-3.141.59.jar;C:\Users\Bagas Dwi Saputra\.m2\repository\net\sourceforge\htmlunit\htmlunit\2.47.1\htmlunit-2.47.1.jar;C:\Users\Bagas Dwi Saputra\.m2\repository\xalan\xalan\2.7.2\xalan-2.7.2.jar;C:\Users\Bagas Dwi Saputra\.m2\repository\xalan\serializer\2.7.2\serializer-2.7.2.jar;C:\Users\Bagas Dwi Saputra\.m2\repository\net\sourceforge\htmlunit\htmlunit-core-js\2.47.0\htmlunit-core-js-2.47.0.jar;C:\Users\Bagas Dwi Saputra\.m2\repository\net\sourceforge\htmlunit\neko-htmlunit\2.47.1\neko-htmlunit-2.47.1.jar;C:\Users\Bagas Dwi Saputra\.m2\repository\xerces\xercesImpl\2.12.0\xercesImpl-2.12.0.jar;C:\Users\Bagas Dwi Saputra\.m2\repository\xml-apis\xml-apis\1.4.01\xml-apis-1.4.01.jar;C:\Users\Bagas Dwi Saputra\.m2\repository\net\sourceforge\htmlunit\htmlunit-cssparser\1.7.0\htmlunit-cssparser-1.7.0.jar;C:\Users\Bagas Dwi Saputra\.m2\repository\org\brotli\dec\0.1.2\dec-0.1.2.jar;C:\Users\Bagas Dwi Saputra\.m2\repository\com\shapesecurity\salvation2\3.0.0\salvation2-3.0.0.jar;C:\Users\Bagas Dwi Saputra\.m2\repository\org\eclipse\jetty\websocket\websocket-client\9.4.36.v20210114\websocket-client-9.4.36.v20210114.jar;C:\Users\Bagas Dwi Saputra\.m2\repository\org\eclipse\jetty\jetty-client\9.4.36.v20210114\jetty-client-9.4.36.v20210114.jar;C:\Users\Bagas Dwi Saputra\.m2\repository\org\eclipse\jetty\jetty-http\9.4.36.v20210114\jetty-http-9.4.36.v20210114.jar;C:\Users\Bagas Dwi Saputra\.m2\repository\org\eclipse\jetty\jetty-util\9.4.36.v20210114\jetty-util-9.4.36.v20210114.jar;C:\Users\Bagas Dwi Saputra\.m2\repository\org\eclipse\jetty\jetty-io\9.4.36.v20210114\jetty-io-9.4.36.v20210114.jar;C:\Users\Bagas Dwi Saputra\.m2\repository\org\eclipse\jetty\websocket\websocket-common\9.4.36.v20210114\websocket-common-9.4.36.v20210114.jar;C:\Users\Bagas Dwi Saputra\.m2\repository\org\eclipse\jetty\websocket\websocket-api\9.4.36.v20210114\websocket-api-9.4.36.v20210114.jar;C:\Users\Bagas Dwi Saputra\.m2\repository\org\projectlombok\lombok\1.18.20\lombok-1.18.20.jar;C:\Users\Bagas Dwi Saputra\.m2\repository\org\seleniumhq\selenium\htmlunit-driver\2.47.1\htmlunit-driver-2.47.1.jar;C:\Users\Bagas Dwi Saputra\.m2\repository\com\codeborne\phantomjsdriver\1.4.4\phantomjsdriver-1.4.4.jar;C:\Users\Bagas Dwi Saputra\.m2\repository\io\appium\java-client\7.5.1\java-client-7.5.1.jar;C:\Users\Bagas Dwi Saputra\.m2\repository\commons-validator\commons-validator\1.7\commons-validator-1.7.jar;C:\Users\Bagas Dwi Saputra\.m2\repository\commons-digester\commons-digester\2.1\commons-digester-2.1.jar;C:\Users\Bagas Dwi Saputra\.m2\repository\org\aspectj\aspectjweaver\1.9.6\aspectjweaver-1.9.6.jar;C:\Users\Bagas Dwi Saputra\.m2\repository\net\sf\opencsv\opencsv\2.0\opencsv-2.0.jar;C:\Users\Bagas Dwi Saputra\.m2\repository\commons-beanutils\commons-beanutils\1.9.4\commons-beanutils-1.9.4.jar;C:\Users\Bagas Dwi Saputra\.m2\repository\org\apache\commons\commons-lang3\3.11\commons-lang3-3.11.jar;C:\Users\Bagas Dwi Saputra\.m2\repository\commons-collections\commons-collections\3.2.2\commons-collections-3.2.2.jar;C:\Users\Bagas Dwi Saputra\.m2\repository\org\fluentlenium\fluentlenium-core\0.10.2\fluentlenium-core-0.10.2.jar;C:\Users\Bagas Dwi Saputra\.m2\repository\io\github\bonigarcia\webdrivermanager\4.4.1\webdrivermanager-4.4.1.jar;C:\Users\Bagas Dwi Saputra\.m2\repository\org\apache\httpcomponents\client5\httpclient5\5.0.3\httpclient5-5.0.3.jar;C:\Users\Bagas Dwi Saputra\.m2\repository\org\apache\httpcomponents\core5\httpcore5\5.0.2\httpcore5-5.0.2.jar;C:\Users\Bagas Dwi Saputra\.m2\repository\org\apache\httpcomponents\core5\httpcore5-h2\5.0.2\httpcore5-h2-5.0.2.jar;C:\Users\Bagas Dwi Saputra\.m2\repository\org\rauschig\jarchivelib\1.1.0\jarchivelib-1.1.0.jar;C:\Users\Bagas Dwi Saputra\.m2\repository\org\apache\commons\commons-compress\1.20\commons-compress-1.20.jar;C:\Users\Bagas Dwi Saputra\.m2\repository\com\jhlabs\filters\2.0.235\filters-2.0.235.jar;C:\Users\Bagas Dwi Saputra\.m2\repository\com\paulhammant\ngwebdriver\1.1.5\ngwebdriver-1.1.5.jar;C:\Users\Bagas Dwi Saputra\.m2\repository\joda-time\joda-time\2.8.2\joda-time-2.8.2.jar;C:\Users\Bagas Dwi Saputra\.m2\repository\com\google\jimfs\jimfs\1.1\jimfs-1.1.jar;C:\Users\Bagas Dwi Saputra\.m2\repository\org\mockito\mockito-core\3.3.3\mockito-core-3.3.3.jar;C:\Users\Bagas Dwi Saputra\.m2\repository\javax\xml\bind\jaxb-api\2.3.1\jaxb-api-2.3.1.jar;C:\Users\Bagas Dwi Saputra\.m2\repository\javax\activation\javax.activation-api\1.2.0\javax.activation-api-1.2.0.jar;C:\Users\Bagas Dwi Saputra\.m2\repository\com\sun\xml\bind\jaxb-core\2.3.0.1\jaxb-core-2.3.0.1.jar;C:\Users\Bagas Dwi Saputra\.m2\repository\com\sun\xml\bind\jaxb-impl\2.3.3\jaxb-impl-2.3.3.jar;C:\Users\Bagas Dwi Saputra\.m2\repository\com\sun\activation\jakarta.activation\1.2.2\jakarta.activation-1.2.2.jar;C:\Users\Bagas Dwi Saputra\.m2\repository\javax\activation\activation\1.1.1\activation-1.1.1.jar;C:\Users\Bagas Dwi Saputra\.m2\repository\net\serenity-bdd\serenity-junit\2.6.0\serenity-junit-2.6.0.jar;C:\Users\Bagas Dwi Saputra\.m2\repository\net\serenity-bdd\serenity-rest-assured\2.6.0\serenity-rest-assured-2.6.0.jar;C:\Users\Bagas Dwi Saputra\.m2\repository\org\codehaus\groovy\groovy-json\3.0.8\groovy-json-3.0.8.jar;C:\Users\Bagas Dwi Saputra\.m2\repository\org\opentest4j\opentest4j\1.2.0\opentest4j-1.2.0.jar;C:\Users\Bagas Dwi Saputra\.m2\repository\net\serenity-bdd\serenity-screenplay\2.6.0\serenity-screenplay-2.6.0.jar;C:\Users\Bagas Dwi Saputra\.m2\repository\net\serenity-bdd\serenity-screenplay-rest\2.6.0\serenity-screenplay-rest-2.6.0.jar;C:\Users\Bagas Dwi Saputra\.m2\repository\net\serenity-bdd\serenity-screenplay-webdriver\2.6.0\serenity-screenplay-webdriver-2.6.0.jar;C:\Users\Bagas Dwi Saputra\.m2\repository\net\serenity-bdd\serenity-cucumber6\2.6.0\serenity-cucumber6-2.6.0.jar;C:\Users\Bagas Dwi Saputra\.m2\repository\io\cucumber\cucumber-java\6.10.4\cucumber-java-6.10.4.jar;C:\Users\Bagas Dwi Saputra\.m2\repository\io\cucumber\cucumber-junit\6.10.4\cucumber-junit-6.10.4.jar;C:\Users\Bagas Dwi Saputra\.m2\repository\io\cucumber\datatable-matchers\3.4.0\datatable-matchers-3.4.0.jar;C:\Users\Bagas Dwi Saputra\.m2\repository\io\cucumber\datatable\3.4.0\datatable-3.4.0.jar;C:\Users\Bagas Dwi Saputra\.m2\repository\commons-logging\commons-logging\1.2\commons-logging-1.2.jar;C:\Users\Bagas Dwi Saputra\.m2\repository\org\apache\commons\commons-csv\1.5\commons-csv-1.5.jar;C:\Users\Bagas Dwi Saputra\.m2\repository\net\serenity-bdd\serenity-ensure\2.6.0\serenity-ensure-2.6.0.jar;C:\Users\Bagas Dwi Saputra\.m2\repository\org\jetbrains\kotlin\kotlin-stdlib\1.5.0\kotlin-stdlib-1.5.0.jar;C:\Users\Bagas Dwi Saputra\.m2\repository\org\jetbrains\annotations\13.0\annotations-13.0.jar;C:\Users\Bagas Dwi Saputra\.m2\repository\org\jetbrains\kotlin\kotlin-stdlib-common\1.5.0\kotlin-stdlib-common-1.5.0.jar;C:\Users\Bagas Dwi Saputra\.m2\repository\io\rest-assured\rest-assured\4.3.2\rest-assured-4.3.2.jar;C:\Users\Bagas Dwi Saputra\.m2\repository\org\apache\httpcomponents\httpclient\4.5.3\httpclient-4.5.3.jar;C:\Users\Bagas Dwi Saputra\.m2\repository\org\apache\httpcomponents\httpcore\4.4.6\httpcore-4.4.6.jar;C:\Users\Bagas Dwi Saputra\.m2\repository\org\apache\httpcomponents\httpmime\4.5.3\httpmime-4.5.3.jar;C:\Users\Bagas Dwi Saputra\.m2\repository\org\ccil\cowan\tagsoup\tagsoup\1.2.1\tagsoup-1.2.1.jar;C:\Users\Bagas Dwi Saputra\.m2\repository\io\rest-assured\json-path\4.3.3\json-path-4.3.3.jar;C:\Users\Bagas Dwi Saputra\.m2\repository\io\rest-assured\rest-assured-common\4.3.3\rest-assured-common-4.3.3.jar;C:\Users\Bagas Dwi Saputra\.m2\repository\io\rest-assured\xml-path\4.3.3\xml-path-4.3.3.jar;C:\Users\Bagas Dwi Saputra\.m2\repository\jakarta\xml\bind\jakarta.xml.bind-api\2.3.3\jakarta.xml.bind-api-2.3.3.jar;C:\Users\Bagas Dwi Saputra\.m2\repository\jakarta\activation\jakarta.activation-api\1.2.2\jakarta.activation-api-1.2.2.jar;C:\Users\Bagas Dwi Saputra\.m2\repository\junit\junit\4.13.1\junit-4.13.1.jar;C:\Users\Bagas Dwi Saputra\.m2\repository\org\hamcrest\hamcrest-core\1.3\hamcrest-core-1.3.jar;C:\Users\Bagas Dwi Saputra\.m2\repository\org\assertj\assertj-core\3.6.2\assertj-core-3.6.2.jar;C:\Users\Bagas Dwi Saputra\.m2\repository\org\hamcrest\hamcrest\2.2\hamcrest-2.2.jar;C:\Users\Bagas Dwi Saputra\.m2\repository\org\junit\platform\junit-platform-launcher\1.8.2\junit-platform-launcher-1.8.2.jar;C:\Users\Bagas Dwi Saputra\.m2\repository\org\junit\platform\junit-platform-engine\1.8.2\junit-platform-engine-1.8.2.jar;C:\Users\Bagas Dwi Saputra\.m2\repository\org\junit\platform\junit-platform-commons\1.8.2\junit-platform-commons-1.8.2.jar;C:\Users\Bagas Dwi Saputra\.m2\repository\org\apiguardian\apiguardian-api\1.1.2\apiguardian-api-1.1.2.jar;C:\Users\Bagas Dwi Saputra\.m2\repository\org\junit\jupiter\junit-jupiter-engine\5.8.2\junit-jupiter-engine-5.8.2.jar;C:\Users\Bagas Dwi Saputra\.m2\repository\org\junit\jupiter\junit-jupiter-api\5.8.2\junit-jupiter-api-5.8.2.jar;C:\Users\Bagas Dwi Saputra\.m2\repository\org\junit\vintage\junit-vintage-engine\5.8.2\junit-vintage-engine-5.8.2.jar;C:\Users\Bagas Dwi Saputra\.m2\repository\ch\qos\logback\logback-classic\1.2.3\logback-classic-1.2.3.jar;C:\Users\Bagas Dwi Saputra\.m2\repository\ch\qos\logback\logback-core\1.2.3\logback-core-1.2.3.jar;C:\Users\Bagas Dwi Saputra\.m2\repository\org\slf4j\slf4j-api\1.7.25\slf4j-api-1.7.25.jar;C:\Users\Bagas Dwi Saputra\.m2\repository\org\apache\maven\plugins\maven-surefire-plugin\3.0.0-M5\maven-surefire-plugin-3.0.0-M5.jar;C:\Users\Bagas Dwi Saputra\.m2\repository\org\apache\maven\surefire\maven-surefire-common\3.0.0-M5\maven-surefire-common-3.0.0-M5.jar;C:\Users\Bagas Dwi Saputra\.m2\repository\org\apache\maven\surefire\surefire-api\3.0.0-M5\surefire-api-3.0.0-M5.jar;C:\Users\Bagas Dwi Saputra\.m2\repository\org\apache\maven\surefire\surefire-logger-api\3.0.0-M5\surefire-logger-api-3.0.0-M5.jar;C:\Users\Bagas Dwi Saputra\.m2\repository\org\apache\maven\surefire\surefire-extensions-api\3.0.0-M5\surefire-extensions-api-3.0.0-M5.jar;C:\Users\Bagas Dwi Saputra\.m2\repository\org\apache\maven\surefire\surefire-booter\3.0.0-M5\surefire-booter-3.0.0-M5.jar;C:\Users\Bagas Dwi Saputra\.m2\repository\org\apache\maven\surefire\surefire-extensions-spi\3.0.0-M5\surefire-extensions-spi-3.0.0-M5.jar;C:\Users\Bagas Dwi Saputra\.m2\repository\org\apache\maven\maven-toolchain\3.0-alpha-2\maven-toolchain-3.0-alpha-2.jar;C:\Users\Bagas Dwi Saputra\.m2\repository\org\apache\maven\shared\maven-artifact-transfer\0.11.0\maven-artifact-transfer-0.11.0.jar;C:\Users\Bagas Dwi Saputra\.m2\repository\org\apache\maven\shared\maven-common-artifact-filters\3.0.1\maven-common-artifact-filters-3.0.1.jar;C:\Users\Bagas Dwi Saputra\.m2\repository\org\apache\maven\maven-model\3.0\maven-model-3.0.jar;C:\Users\Bagas Dwi Saputra\.m2\repository\org\apache\maven\maven-plugin-api\3.0\maven-plugin-api-3.0.jar;C:\Users\Bagas Dwi Saputra\.m2\repository\org\sonatype\sisu\sisu-inject-plexus\1.4.2\sisu-inject-plexus-1.4.2.jar;C:\Users\Bagas Dwi Saputra\.m2\repository\org\codehaus\plexus\plexus-classworlds\2.2.3\plexus-classworlds-2.2.3.jar;C:\Users\Bagas Dwi Saputra\.m2\repository\org\sonatype\sisu\sisu-inject-bean\1.4.2\sisu-inject-bean-1.4.2.jar;C:\Users\Bagas Dwi Saputra\.m2\repository\org\sonatype\sisu\sisu-guice\2.1.7\sisu-guice-2.1.7-noaop.jar;C:\Users\Bagas Dwi Saputra\.m2\repository\org\apache\maven\shared\maven-shared-utils\3.1.0\maven-shared-utils-3.1.0.jar;C:\Users\Bagas Dwi Saputra\.m2\repository\org\codehaus\plexus\plexus-java\1.0.5\plexus-java-1.0.5.jar;C:\Users\Bagas Dwi Saputra\.m2\repository\org\ow2\asm\asm\7.2\asm-7.2.jar;C:\Users\Bagas Dwi Saputra\.m2\repository\com\thoughtworks\qdox\qdox\2.0-M9\qdox-2.0-M9.jar;C:\Users\Bagas Dwi Saputra\.m2\repository\org\apache\maven\surefire\surefire-shared-utils\3.0.0-M4\surefire-shared-utils-3.0.0-M4.jar;C:\Users\Bagas Dwi Saputra\.m2\repository\org\codehaus\groovy\groovy\3.0.6\groovy-3.0.6.jar;C:\Users\Bagas Dwi Saputra\.m2\repository\org\codehaus\groovy\groovy-xml\3.0.6\groovy-xml-3.0.6.jar;C:\Users\Bagas Dwi Saputra\.m2\repository\com\googlecode\json-simple\json-simple\1.1.1\json-simple-1.1.1.jar;C:\Users\Bagas Dwi Saputra\.m2\repository\com\github\javafaker\javafaker\1.0.2\javafaker-1.0.2.jar;C:\Users\Bagas Dwi Saputra\.m2\repository\org\yaml\snakeyaml\1.23\snakeyaml-1.23-android.jar;C:\Users\Bagas Dwi Saputra\.m2\repository\com\github\mifmif\generex\1.0.2\generex-1.0.2.jar;C:\Users\Bagas Dwi Saputra\.m2\repository\dk\brics\automaton\automaton\1.11-8\automaton-1.11-8.jar;C:\Users\Bagas Dwi Saputra\.m2\repository\org\seleniumhq\selenium\selenium-java\3.141.59\selenium-java-3.141.59.jar;C:\Users\Bagas Dwi Saputra\.m2\repository\org\seleniumhq\selenium\selenium-opera-driver\3.141.59\selenium-opera-driver-3.141.59.jar;C:\Users\Bagas Dwi Saputra\.m2\repository\org\seleniumhq\selenium\selenium-remote-driver\3.141.59\selenium-remote-driver-3.141.59.jar;C:\Users\Bagas Dwi Saputra\.m2\repository\org\seleniumhq\selenium\selenium-safari-driver\3.141.59\selenium-safari-driver-3.141.59.jar;C:\Users\Bagas Dwi Saputra\.m2\repository\net\bytebuddy\byte-buddy\1.8.15\byte-buddy-1.8.15.jar;C:\Users\Bagas Dwi Saputra\.m2\repository\org\apache\commons\commons-exec\1.3\commons-exec-1.3.jar;C:\Users\Bagas Dwi Saputra\.m2\repository\com\google\guava\guava\25.0-jre\guava-25.0-jre.jar;C:\Users\Bagas Dwi Saputra\.m2\repository\com\google\code\findbugs\jsr305\1.3.9\jsr305-1.3.9.jar;C:\Users\Bagas Dwi Saputra\.m2\repository\org\checkerframework\checker-compat-qual\2.0.0\checker-compat-qual-2.0.0.jar;C:\Users\Bagas Dwi Saputra\.m2\repository\com\google\errorprone\error_prone_annotations\2.1.3\error_prone_annotations-2.1.3.jar;C:\Users\Bagas Dwi Saputra\.m2\repository\com\google\j2objc\j2objc-annotations\1.1\j2objc-annotations-1.1.jar;C:\Users\Bagas Dwi Saputra\.m2\repository\org\codehaus\mojo\animal-sniffer-annotations\1.14\animal-sniffer-annotations-1.14.jar;C:\Users\Bagas Dwi Saputra\.m2\repository\com\squareup\okhttp3\okhttp\3.11.0\okhttp-3.11.0.jar;C:\Users\Bagas Dwi Saputra\.m2\repository\com\squareup\okio\okio\1.14.0\okio-1.14.0.jar;C:\Users\Bagas Dwi Saputra\.m2\repository\org\testng\testng\6.14.3\testng-6.14.3.jar;C:\Users\Bagas Dwi Saputra\.m2\repository\com\beust\jcommander\1.72\jcommander-1.72.jar;C:\Users\Bagas Dwi Saputra\.m2\repository\org\apache-extras\beanshell\bsh\2.0b6\bsh-2.0b6.jar;"/>
    <property name="java.vm.vendor" value="Oracle Corporation"/>
    <property name="sun.arch.data.model" value="64"/>
    <property name="user.variant" value=""/>
    <property name="java.vendor.url" value="https://java.oracle.com/"/>
    <property name="user.timezone" value="Asia/Jakarta"/>
    <property name="os.name" value="Windows 11"/>
    <property name="java.vm.specification.version" value="17"/>
    <property name="sun.java.launcher" value="SUN_STANDARD"/>
    <property name="user.country" value="ID"/>
    <property name="sun.boot.library.path" value="D:\AppData\openjdk-17\bin"/>
    <property name="sun.java.command" value="org.apache.maven.surefire.booter.ForkedBooter C:\Users\Bagas Dwi Saputra\AppData\Local\Temp\surefire7087049056545362847 2023-09-30T09-46-59_494-jvmRun1 surefire1857340625967586593tmp surefire_01629701112675968238tmp"/>
    <property name="jdk.debug" value="release"/>
    <property name="surefire.test.class.path" value="D:\QE\Automation\Jubelio-Website\target\test-classes;C:\Users\Bagas Dwi Saputra\.m2\repository\net\serenity-bdd\serenity-core\2.6.0\serenity-core-2.6.0.jar;C:\Users\Bagas Dwi Saputra\.m2\repository\net\serenity-bdd\serenity-model\2.6.0\serenity-model-2.6.0.jar;C:\Users\Bagas Dwi Saputra\.m2\repository\org\apache\commons\commons-text\1.9\commons-text-1.9.jar;C:\Users\Bagas Dwi Saputra\.m2\repository\commons-net\commons-net\3.6\commons-net-3.6.jar;C:\Users\Bagas Dwi Saputra\.m2\repository\com\google\inject\guice\5.0.1\guice-5.0.1.jar;C:\Users\Bagas Dwi Saputra\.m2\repository\javax\inject\javax.inject\1\javax.inject-1.jar;C:\Users\Bagas Dwi Saputra\.m2\repository\aopalliance\aopalliance\1.0\aopalliance-1.0.jar;C:\Users\Bagas Dwi Saputra\.m2\repository\org\jsoup\jsoup\1.13.1\jsoup-1.13.1.jar;C:\Users\Bagas Dwi Saputra\.m2\repository\com\thoughtworks\xstream\xstream\1.4.18\xstream-1.4.18.jar;C:\Users\Bagas Dwi Saputra\.m2\repository\io\github\x-stream\mxparser\1.2.2\mxparser-1.2.2.jar;C:\Users\Bagas Dwi Saputra\.m2\repository\xmlpull\xmlpull\1.1.3.1\xmlpull-1.1.3.1.jar;C:\Users\Bagas Dwi Saputra\.m2\repository\io\cucumber\cucumber-core\6.10.2\cucumber-core-6.10.2.jar;C:\Users\Bagas Dwi Saputra\.m2\repository\io\cucumber\cucumber-gherkin\6.10.2\cucumber-gherkin-6.10.2.jar;C:\Users\Bagas Dwi Saputra\.m2\repository\io\cucumber\cucumber-gherkin-messages\6.10.2\cucumber-gherkin-messages-6.10.2.jar;C:\Users\Bagas Dwi Saputra\.m2\repository\io\cucumber\messages\14.0.1\messages-14.0.1.jar;C:\Users\Bagas Dwi Saputra\.m2\repository\io\cucumber\tag-expressions\3.0.0\tag-expressions-3.0.0.jar;C:\Users\Bagas Dwi Saputra\.m2\repository\io\cucumber\cucumber-expressions\10.3.0\cucumber-expressions-10.3.0.jar;C:\Users\Bagas Dwi Saputra\.m2\repository\io\cucumber\cucumber-plugin\6.10.2\cucumber-plugin-6.10.2.jar;C:\Users\Bagas Dwi Saputra\.m2\repository\io\cucumber\docstring\6.10.2\docstring-6.10.2.jar;C:\Users\Bagas Dwi Saputra\.m2\repository\io\cucumber\html-formatter\12.0.0\html-formatter-12.0.0.jar;C:\Users\Bagas Dwi Saputra\.m2\repository\io\cucumber\create-meta\3.0.0\create-meta-3.0.0.jar;C:\Users\Bagas Dwi Saputra\.m2\repository\com\typesafe\config\1.3.1\config-1.3.1.jar;C:\Users\Bagas Dwi Saputra\.m2\repository\org\imgscalr\imgscalr-lib\4.2\imgscalr-lib-4.2.jar;C:\Users\Bagas Dwi Saputra\.m2\repository\org\awaitility\awaitility\4.0.3\awaitility-4.0.3.jar;C:\Users\Bagas Dwi Saputra\.m2\repository\org\freemarker\freemarker\2.3.29\freemarker-2.3.29.jar;C:\Users\Bagas Dwi Saputra\.m2\repository\org\reflections\reflections\0.9.12\reflections-0.9.12.jar;C:\Users\Bagas Dwi Saputra\.m2\repository\org\javassist\javassist\3.26.0-GA\javassist-3.26.0-GA.jar;C:\Users\Bagas Dwi Saputra\.m2\repository\net\sourceforge\jexcelapi\jxl\2.6.12\jxl-2.6.12.jar;C:\Users\Bagas Dwi Saputra\.m2\repository\org\asciidoctor\asciidoctorj\2.5.1\asciidoctorj-2.5.1.jar;C:\Users\Bagas Dwi Saputra\.m2\repository\org\asciidoctor\asciidoctorj-api\2.5.1\asciidoctorj-api-2.5.1.jar;C:\Users\Bagas Dwi Saputra\.m2\repository\org\jruby\jruby\9.2.17.0\jruby-9.2.17.0.jar;C:\Users\Bagas Dwi Saputra\.m2\repository\org\jruby\jruby-core\9.2.17.0\jruby-core-9.2.17.0.jar;C:\Users\Bagas Dwi Saputra\.m2\repository\com\github\jnr\jnr-netdb\1.2.0\jnr-netdb-1.2.0.jar;C:\Users\Bagas Dwi Saputra\.m2\repository\com\github\jnr\jnr-enxio\0.32.3\jnr-enxio-0.32.3.jar;C:\Users\Bagas Dwi Saputra\.m2\repository\com\github\jnr\jnr-unixsocket\0.38.5\jnr-unixsocket-0.38.5.jar;C:\Users\Bagas Dwi Saputra\.m2\repository\com\github\jnr\jnr-posix\3.1.4\jnr-posix-3.1.4.jar;C:\Users\Bagas Dwi Saputra\.m2\repository\com\github\jnr\jnr-constants\0.10.1\jnr-constants-0.10.1.jar;C:\Users\Bagas Dwi Saputra\.m2\repository\com\github\jnr\jffi\1.3.1\jffi-1.3.1.jar;C:\Users\Bagas Dwi Saputra\.m2\repository\com\github\jnr\jffi\1.3.1\jffi-1.3.1-native.jar;C:\Users\Bagas Dwi Saputra\.m2\repository\org\jruby\joni\joni\2.1.31\joni-2.1.31.jar;C:\Users\Bagas Dwi Saputra\.m2\repository\org\jruby\jcodings\jcodings\1.0.46\jcodings-1.0.46.jar;C:\Users\Bagas Dwi Saputra\.m2\repository\org\jruby\dirgra\0.3\dirgra-0.3.jar;C:\Users\Bagas Dwi Saputra\.m2\repository\com\headius\invokebinder\1.11\invokebinder-1.11.jar;C:\Users\Bagas Dwi Saputra\.m2\repository\com\headius\options\1.4\options-1.4.jar;C:\Users\Bagas Dwi Saputra\.m2\repository\com\jcraft\jzlib\1.1.3\jzlib-1.1.3.jar;C:\Users\Bagas Dwi Saputra\.m2\repository\com\martiansoftware\nailgun-server\0.9.1\nailgun-server-0.9.1.jar;C:\Users\Bagas Dwi Saputra\.m2\repository\com\headius\backport9\1.8\backport9-1.8.jar;C:\Users\Bagas Dwi Saputra\.m2\repository\javax\annotation\javax.annotation-api\1.3.1\javax.annotation-api-1.3.1.jar;C:\Users\Bagas Dwi Saputra\.m2\repository\org\jruby\jruby-stdlib\9.2.17.0\jruby-stdlib-9.2.17.0.jar;C:\Users\Bagas Dwi Saputra\.m2\repository\net\bytebuddy\byte-buddy-agent\1.11.1\byte-buddy-agent-1.11.1.jar;C:\Users\Bagas Dwi Saputra\.m2\repository\org\objenesis\objenesis\3.1\objenesis-3.1.jar;C:\Users\Bagas Dwi Saputra\.m2\repository\net\serenity-bdd\serenity-reports\2.6.0\serenity-reports-2.6.0.jar;C:\Users\Bagas Dwi Saputra\.m2\repository\net\serenity-bdd\serenity-stats\2.6.0\serenity-stats-2.6.0.jar;C:\Users\Bagas Dwi Saputra\.m2\repository\net\serenity-bdd\serenity-reports-configuration\2.6.0\serenity-reports-configuration-2.6.0.jar;C:\Users\Bagas Dwi Saputra\.m2\repository\com\vladsch\flexmark\flexmark-all\0.34.30\flexmark-all-0.34.30.jar;C:\Users\Bagas Dwi Saputra\.m2\repository\com\vladsch\flexmark\flexmark\0.34.30\flexmark-0.34.30.jar;C:\Users\Bagas Dwi Saputra\.m2\repository\com\vladsch\flexmark\flexmark-ext-abbreviation\0.34.30\flexmark-ext-abbreviation-0.34.30.jar;C:\Users\Bagas Dwi Saputra\.m2\repository\com\vladsch\flexmark\flexmark-ext-admonition\0.34.30\flexmark-ext-admonition-0.34.30.jar;C:\Users\Bagas Dwi Saputra\.m2\repository\com\vladsch\flexmark\flexmark-ext-anchorlink\0.34.30\flexmark-ext-anchorlink-0.34.30.jar;C:\Users\Bagas Dwi Saputra\.m2\repository\com\vladsch\flexmark\flexmark-ext-aside\0.34.30\flexmark-ext-aside-0.34.30.jar;C:\Users\Bagas Dwi Saputra\.m2\repository\com\vladsch\flexmark\flexmark-ext-attributes\0.34.30\flexmark-ext-attributes-0.34.30.jar;C:\Users\Bagas Dwi Saputra\.m2\repository\com\vladsch\flexmark\flexmark-ext-autolink\0.34.30\flexmark-ext-autolink-0.34.30.jar;C:\Users\Bagas Dwi Saputra\.m2\repository\org\nibor\autolink\autolink\0.6.0\autolink-0.6.0.jar;C:\Users\Bagas Dwi Saputra\.m2\repository\com\vladsch\flexmark\flexmark-ext-definition\0.34.30\flexmark-ext-definition-0.34.30.jar;C:\Users\Bagas Dwi Saputra\.m2\repository\com\vladsch\flexmark\flexmark-ext-emoji\0.34.30\flexmark-ext-emoji-0.34.30.jar;C:\Users\Bagas Dwi Saputra\.m2\repository\com\vladsch\flexmark\flexmark-ext-enumerated-reference\0.34.30\flexmark-ext-enumerated-reference-0.34.30.jar;C:\Users\Bagas Dwi Saputra\.m2\repository\com\vladsch\flexmark\flexmark-ext-escaped-character\0.34.30\flexmark-ext-escaped-character-0.34.30.jar;C:\Users\Bagas Dwi Saputra\.m2\repository\com\vladsch\flexmark\flexmark-ext-footnotes\0.34.30\flexmark-ext-footnotes-0.34.30.jar;C:\Users\Bagas Dwi Saputra\.m2\repository\com\vladsch\flexmark\flexmark-ext-gfm-issues\0.34.30\flexmark-ext-gfm-issues-0.34.30.jar;C:\Users\Bagas Dwi Saputra\.m2\repository\com\vladsch\flexmark\flexmark-ext-gfm-strikethrough\0.34.30\flexmark-ext-gfm-strikethrough-0.34.30.jar;C:\Users\Bagas Dwi Saputra\.m2\repository\com\vladsch\flexmark\flexmark-ext-gfm-tables\0.34.30\flexmark-ext-gfm-tables-0.34.30.jar;C:\Users\Bagas Dwi Saputra\.m2\repository\com\vladsch\flexmark\flexmark-ext-gfm-tasklist\0.34.30\flexmark-ext-gfm-tasklist-0.34.30.jar;C:\Users\Bagas Dwi Saputra\.m2\repository\com\vladsch\flexmark\flexmark-ext-gfm-users\0.34.30\flexmark-ext-gfm-users-0.34.30.jar;C:\Users\Bagas Dwi Saputra\.m2\repository\com\vladsch\flexmark\flexmark-ext-gitlab\0.34.30\flexmark-ext-gitlab-0.34.30.jar;C:\Users\Bagas Dwi Saputra\.m2\repository\com\vladsch\flexmark\flexmark-ext-jekyll-front-matter\0.34.30\flexmark-ext-jekyll-front-matter-0.34.30.jar;C:\Users\Bagas Dwi Saputra\.m2\repository\com\vladsch\flexmark\flexmark-ext-jekyll-tag\0.34.30\flexmark-ext-jekyll-tag-0.34.30.jar;C:\Users\Bagas Dwi Saputra\.m2\repository\com\vladsch\flexmark\flexmark-ext-media-tags\0.34.30\flexmark-ext-media-tags-0.34.30.jar;C:\Users\Bagas Dwi Saputra\.m2\repository\com\vladsch\flexmark\flexmark-test-util\0.34.30\flexmark-test-util-0.34.30.jar;C:\Users\Bagas Dwi Saputra\.m2\repository\com\vladsch\flexmark\flexmark-ext-ins\0.34.30\flexmark-ext-ins-0.34.30.jar;C:\Users\Bagas Dwi Saputra\.m2\repository\com\vladsch\flexmark\flexmark-ext-xwiki-macros\0.34.30\flexmark-ext-xwiki-macros-0.34.30.jar;C:\Users\Bagas Dwi Saputra\.m2\repository\com\vladsch\flexmark\flexmark-ext-superscript\0.34.30\flexmark-ext-superscript-0.34.30.jar;C:\Users\Bagas Dwi Saputra\.m2\repository\com\vladsch\flexmark\flexmark-ext-tables\0.34.30\flexmark-ext-tables-0.34.30.jar;C:\Users\Bagas Dwi Saputra\.m2\repository\com\vladsch\flexmark\flexmark-ext-toc\0.34.30\flexmark-ext-toc-0.34.30.jar;C:\Users\Bagas Dwi Saputra\.m2\repository\com\vladsch\flexmark\flexmark-ext-typographic\0.34.30\flexmark-ext-typographic-0.34.30.jar;C:\Users\Bagas Dwi Saputra\.m2\repository\com\vladsch\flexmark\flexmark-ext-wikilink\0.34.30\flexmark-ext-wikilink-0.34.30.jar;C:\Users\Bagas Dwi Saputra\.m2\repository\com\vladsch\flexmark\flexmark-ext-yaml-front-matter\0.34.30\flexmark-ext-yaml-front-matter-0.34.30.jar;C:\Users\Bagas Dwi Saputra\.m2\repository\com\vladsch\flexmark\flexmark-ext-youtube-embedded\0.34.30\flexmark-ext-youtube-embedded-0.34.30.jar;C:\Users\Bagas Dwi Saputra\.m2\repository\com\vladsch\flexmark\flexmark-formatter\0.34.30\flexmark-formatter-0.34.30.jar;C:\Users\Bagas Dwi Saputra\.m2\repository\com\vladsch\flexmark\flexmark-html-parser\0.34.30\flexmark-html-parser-0.34.30.jar;C:\Users\Bagas Dwi Saputra\.m2\repository\com\vladsch\flexmark\flexmark-jira-converter\0.34.30\flexmark-jira-converter-0.34.30.jar;C:\Users\Bagas Dwi Saputra\.m2\repository\com\vladsch\flexmark\flexmark-pdf-converter\0.34.30\flexmark-pdf-converter-0.34.30.jar;C:\Users\Bagas Dwi Saputra\.m2\repository\com\openhtmltopdf\openhtmltopdf-core\0.0.1-RC13\openhtmltopdf-core-0.0.1-RC13.jar;C:\Users\Bagas Dwi Saputra\.m2\repository\com\openhtmltopdf\openhtmltopdf-pdfbox\0.0.1-RC13\openhtmltopdf-pdfbox-0.0.1-RC13.jar;C:\Users\Bagas Dwi Saputra\.m2\repository\org\apache\pdfbox\pdfbox\2.0.8\pdfbox-2.0.8.jar;C:\Users\Bagas Dwi Saputra\.m2\repository\org\apache\pdfbox\fontbox\2.0.8\fontbox-2.0.8.jar;C:\Users\Bagas Dwi Saputra\.m2\repository\org\apache\pdfbox\xmpbox\2.0.8\xmpbox-2.0.8.jar;C:\Users\Bagas Dwi Saputra\.m2\repository\de\rototor\pdfbox\graphics2d\0.12\graphics2d-0.12.jar;C:\Users\Bagas Dwi Saputra\.m2\repository\com\openhtmltopdf\openhtmltopdf-rtl-support\0.0.1-RC13\openhtmltopdf-rtl-support-0.0.1-RC13.jar;C:\Users\Bagas Dwi Saputra\.m2\repository\com\ibm\icu\icu4j\59.1\icu4j-59.1.jar;C:\Users\Bagas Dwi Saputra\.m2\repository\com\openhtmltopdf\openhtmltopdf-jsoup-dom-converter\0.0.1-RC13\openhtmltopdf-jsoup-dom-converter-0.0.1-RC13.jar;C:\Users\Bagas Dwi Saputra\.m2\repository\com\vladsch\flexmark\flexmark-profile-pegdown\0.34.30\flexmark-profile-pegdown-0.34.30.jar;C:\Users\Bagas Dwi Saputra\.m2\repository\com\vladsch\flexmark\flexmark-util\0.34.30\flexmark-util-0.34.30.jar;C:\Users\Bagas Dwi Saputra\.m2\repository\com\vladsch\flexmark\flexmark-youtrack-converter\0.34.30\flexmark-youtrack-converter-0.34.30.jar;C:\Users\Bagas Dwi Saputra\.m2\repository\es\nitaur\markdown\txtmark\0.16\txtmark-0.16.jar;C:\Users\Bagas Dwi Saputra\.m2\repository\net\serenity-bdd\serenity-report-resources\2.6.0\serenity-report-resources-2.6.0.jar;C:\Users\Bagas Dwi Saputra\.m2\repository\com\google\code\gson\gson\2.8.7\gson-2.8.7.jar;C:\Users\Bagas Dwi Saputra\.m2\repository\com\fasterxml\jackson\core\jackson-core\2.12.4\jackson-core-2.12.4.jar;C:\Users\Bagas Dwi Saputra\.m2\repository\com\fasterxml\jackson\core\jackson-databind\2.12.4\jackson-databind-2.12.4.jar;C:\Users\Bagas Dwi Saputra\.m2\repository\com\fasterxml\jackson\core\jackson-annotations\2.12.4\jackson-annotations-2.12.4.jar;C:\Users\Bagas Dwi Saputra\.m2\repository\commons-codec\commons-codec\1.15\commons-codec-1.15.jar;C:\Users\Bagas Dwi Saputra\.m2\repository\commons-io\commons-io\2.8.0\commons-io-2.8.0.jar;C:\Users\Bagas Dwi Saputra\.m2\repository\org\seleniumhq\selenium\selenium-server\3.141.59\selenium-server-3.141.59.jar;C:\Users\Bagas Dwi Saputra\.m2\repository\net\jcip\jcip-annotations\1.0\jcip-annotations-1.0.jar;C:\Users\Bagas Dwi Saputra\.m2\repository\org\seleniumhq\selenium\jetty-repacked\9.4.12.v20180830\jetty-repacked-9.4.12.v20180830.jar;C:\Users\Bagas Dwi Saputra\.m2\repository\javax\servlet\javax.servlet-api\3.1.0\javax.servlet-api-3.1.0.jar;C:\Users\Bagas Dwi Saputra\.m2\repository\org\yaml\snakeyaml\1.19\snakeyaml-1.19.jar;C:\Users\Bagas Dwi Saputra\.m2\repository\org\seleniumhq\selenium\selenium-api\3.141.59\selenium-api-3.141.59.jar;C:\Users\Bagas Dwi Saputra\.m2\repository\org\seleniumhq\selenium\selenium-support\3.141.59\selenium-support-3.141.59.jar;C:\Users\Bagas Dwi Saputra\.m2\repository\org\seleniumhq\selenium\selenium-chrome-driver\3.141.59\selenium-chrome-driver-3.141.59.jar;C:\Users\Bagas Dwi Saputra\.m2\repository\org\seleniumhq\selenium\selenium-firefox-driver\3.141.59\selenium-firefox-driver-3.141.59.jar;C:\Users\Bagas Dwi Saputra\.m2\repository\org\seleniumhq\selenium\selenium-edge-driver\3.141.59\selenium-edge-driver-3.141.59.jar;C:\Users\Bagas Dwi Saputra\.m2\repository\org\seleniumhq\selenium\selenium-ie-driver\3.141.59\selenium-ie-driver-3.141.59.jar;C:\Users\Bagas Dwi Saputra\.m2\repository\net\sourceforge\htmlunit\htmlunit\2.47.1\htmlunit-2.47.1.jar;C:\Users\Bagas Dwi Saputra\.m2\repository\xalan\xalan\2.7.2\xalan-2.7.2.jar;C:\Users\Bagas Dwi Saputra\.m2\repository\xalan\serializer\2.7.2\serializer-2.7.2.jar;C:\Users\Bagas Dwi Saputra\.m2\repository\net\sourceforge\htmlunit\htmlunit-core-js\2.47.0\htmlunit-core-js-2.47.0.jar;C:\Users\Bagas Dwi Saputra\.m2\repository\net\sourceforge\htmlunit\neko-htmlunit\2.47.1\neko-htmlunit-2.47.1.jar;C:\Users\Bagas Dwi Saputra\.m2\repository\xerces\xercesImpl\2.12.0\xercesImpl-2.12.0.jar;C:\Users\Bagas Dwi Saputra\.m2\repository\xml-apis\xml-apis\1.4.01\xml-apis-1.4.01.jar;C:\Users\Bagas Dwi Saputra\.m2\repository\net\sourceforge\htmlunit\htmlunit-cssparser\1.7.0\htmlunit-cssparser-1.7.0.jar;C:\Users\Bagas Dwi Saputra\.m2\repository\org\brotli\dec\0.1.2\dec-0.1.2.jar;C:\Users\Bagas Dwi Saputra\.m2\repository\com\shapesecurity\salvation2\3.0.0\salvation2-3.0.0.jar;C:\Users\Bagas Dwi Saputra\.m2\repository\org\eclipse\jetty\websocket\websocket-client\9.4.36.v20210114\websocket-client-9.4.36.v20210114.jar;C:\Users\Bagas Dwi Saputra\.m2\repository\org\eclipse\jetty\jetty-client\9.4.36.v20210114\jetty-client-9.4.36.v20210114.jar;C:\Users\Bagas Dwi Saputra\.m2\repository\org\eclipse\jetty\jetty-http\9.4.36.v20210114\jetty-http-9.4.36.v20210114.jar;C:\Users\Bagas Dwi Saputra\.m2\repository\org\eclipse\jetty\jetty-util\9.4.36.v20210114\jetty-util-9.4.36.v20210114.jar;C:\Users\Bagas Dwi Saputra\.m2\repository\org\eclipse\jetty\jetty-io\9.4.36.v20210114\jetty-io-9.4.36.v20210114.jar;C:\Users\Bagas Dwi Saputra\.m2\repository\org\eclipse\jetty\websocket\websocket-common\9.4.36.v20210114\websocket-common-9.4.36.v20210114.jar;C:\Users\Bagas Dwi Saputra\.m2\repository\org\eclipse\jetty\websocket\websocket-api\9.4.36.v20210114\websocket-api-9.4.36.v20210114.jar;C:\Users\Bagas Dwi Saputra\.m2\repository\org\projectlombok\lombok\1.18.20\lombok-1.18.20.jar;C:\Users\Bagas Dwi Saputra\.m2\repository\org\seleniumhq\selenium\htmlunit-driver\2.47.1\htmlunit-driver-2.47.1.jar;C:\Users\Bagas Dwi Saputra\.m2\repository\com\codeborne\phantomjsdriver\1.4.4\phantomjsdriver-1.4.4.jar;C:\Users\Bagas Dwi Saputra\.m2\repository\io\appium\java-client\7.5.1\java-client-7.5.1.jar;C:\Users\Bagas Dwi Saputra\.m2\repository\commons-validator\commons-validator\1.7\commons-validator-1.7.jar;C:\Users\Bagas Dwi Saputra\.m2\repository\commons-digester\commons-digester\2.1\commons-digester-2.1.jar;C:\Users\Bagas Dwi Saputra\.m2\repository\org\aspectj\aspectjweaver\1.9.6\aspectjweaver-1.9.6.jar;C:\Users\Bagas Dwi Saputra\.m2\repository\net\sf\opencsv\opencsv\2.0\opencsv-2.0.jar;C:\Users\Bagas Dwi Saputra\.m2\repository\commons-beanutils\commons-beanutils\1.9.4\commons-beanutils-1.9.4.jar;C:\Users\Bagas Dwi Saputra\.m2\repository\org\apache\commons\commons-lang3\3.11\commons-lang3-3.11.jar;C:\Users\Bagas Dwi Saputra\.m2\repository\commons-collections\commons-collections\3.2.2\commons-collections-3.2.2.jar;C:\Users\Bagas Dwi Saputra\.m2\repository\org\fluentlenium\fluentlenium-core\0.10.2\fluentlenium-core-0.10.2.jar;C:\Users\Bagas Dwi Saputra\.m2\repository\io\github\bonigarcia\webdrivermanager\4.4.1\webdrivermanager-4.4.1.jar;C:\Users\Bagas Dwi Saputra\.m2\repository\org\apache\httpcomponents\client5\httpclient5\5.0.3\httpclient5-5.0.3.jar;C:\Users\Bagas Dwi Saputra\.m2\repository\org\apache\httpcomponents\core5\httpcore5\5.0.2\httpcore5-5.0.2.jar;C:\Users\Bagas Dwi Saputra\.m2\repository\org\apache\httpcomponents\core5\httpcore5-h2\5.0.2\httpcore5-h2-5.0.2.jar;C:\Users\Bagas Dwi Saputra\.m2\repository\org\rauschig\jarchivelib\1.1.0\jarchivelib-1.1.0.jar;C:\Users\Bagas Dwi Saputra\.m2\repository\org\apache\commons\commons-compress\1.20\commons-compress-1.20.jar;C:\Users\Bagas Dwi Saputra\.m2\repository\com\jhlabs\filters\2.0.235\filters-2.0.235.jar;C:\Users\Bagas Dwi Saputra\.m2\repository\com\paulhammant\ngwebdriver\1.1.5\ngwebdriver-1.1.5.jar;C:\Users\Bagas Dwi Saputra\.m2\repository\joda-time\joda-time\2.8.2\joda-time-2.8.2.jar;C:\Users\Bagas Dwi Saputra\.m2\repository\com\google\jimfs\jimfs\1.1\jimfs-1.1.jar;C:\Users\Bagas Dwi Saputra\.m2\repository\org\mockito\mockito-core\3.3.3\mockito-core-3.3.3.jar;C:\Users\Bagas Dwi Saputra\.m2\repository\javax\xml\bind\jaxb-api\2.3.1\jaxb-api-2.3.1.jar;C:\Users\Bagas Dwi Saputra\.m2\repository\javax\activation\javax.activation-api\1.2.0\javax.activation-api-1.2.0.jar;C:\Users\Bagas Dwi Saputra\.m2\repository\com\sun\xml\bind\jaxb-core\2.3.0.1\jaxb-core-2.3.0.1.jar;C:\Users\Bagas Dwi Saputra\.m2\repository\com\sun\xml\bind\jaxb-impl\2.3.3\jaxb-impl-2.3.3.jar;C:\Users\Bagas Dwi Saputra\.m2\repository\com\sun\activation\jakarta.activation\1.2.2\jakarta.activation-1.2.2.jar;C:\Users\Bagas Dwi Saputra\.m2\repository\javax\activation\activation\1.1.1\activation-1.1.1.jar;C:\Users\Bagas Dwi Saputra\.m2\repository\net\serenity-bdd\serenity-junit\2.6.0\serenity-junit-2.6.0.jar;C:\Users\Bagas Dwi Saputra\.m2\repository\net\serenity-bdd\serenity-rest-assured\2.6.0\serenity-rest-assured-2.6.0.jar;C:\Users\Bagas Dwi Saputra\.m2\repository\org\codehaus\groovy\groovy-json\3.0.8\groovy-json-3.0.8.jar;C:\Users\Bagas Dwi Saputra\.m2\repository\org\opentest4j\opentest4j\1.2.0\opentest4j-1.2.0.jar;C:\Users\Bagas Dwi Saputra\.m2\repository\net\serenity-bdd\serenity-screenplay\2.6.0\serenity-screenplay-2.6.0.jar;C:\Users\Bagas Dwi Saputra\.m2\repository\net\serenity-bdd\serenity-screenplay-rest\2.6.0\serenity-screenplay-rest-2.6.0.jar;C:\Users\Bagas Dwi Saputra\.m2\repository\net\serenity-bdd\serenity-screenplay-webdriver\2.6.0\serenity-screenplay-webdriver-2.6.0.jar;C:\Users\Bagas Dwi Saputra\.m2\repository\net\serenity-bdd\serenity-cucumber6\2.6.0\serenity-cucumber6-2.6.0.jar;C:\Users\Bagas Dwi Saputra\.m2\repository\io\cucumber\cucumber-java\6.10.4\cucumber-java-6.10.4.jar;C:\Users\Bagas Dwi Saputra\.m2\repository\io\cucumber\cucumber-junit\6.10.4\cucumber-junit-6.10.4.jar;C:\Users\Bagas Dwi Saputra\.m2\repository\io\cucumber\datatable-matchers\3.4.0\datatable-matchers-3.4.0.jar;C:\Users\Bagas Dwi Saputra\.m2\repository\io\cucumber\datatable\3.4.0\datatable-3.4.0.jar;C:\Users\Bagas Dwi Saputra\.m2\repository\commons-logging\commons-logging\1.2\commons-logging-1.2.jar;C:\Users\Bagas Dwi Saputra\.m2\repository\org\apache\commons\commons-csv\1.5\commons-csv-1.5.jar;C:\Users\Bagas Dwi Saputra\.m2\repository\net\serenity-bdd\serenity-ensure\2.6.0\serenity-ensure-2.6.0.jar;C:\Users\Bagas Dwi Saputra\.m2\repository\org\jetbrains\kotlin\kotlin-stdlib\1.5.0\kotlin-stdlib-1.5.0.jar;C:\Users\Bagas Dwi Saputra\.m2\repository\org\jetbrains\annotations\13.0\annotations-13.0.jar;C:\Users\Bagas Dwi Saputra\.m2\repository\org\jetbrains\kotlin\kotlin-stdlib-common\1.5.0\kotlin-stdlib-common-1.5.0.jar;C:\Users\Bagas Dwi Saputra\.m2\repository\io\rest-assured\rest-assured\4.3.2\rest-assured-4.3.2.jar;C:\Users\Bagas Dwi Saputra\.m2\repository\org\apache\httpcomponents\httpclient\4.5.3\httpclient-4.5.3.jar;C:\Users\Bagas Dwi Saputra\.m2\repository\org\apache\httpcomponents\httpcore\4.4.6\httpcore-4.4.6.jar;C:\Users\Bagas Dwi Saputra\.m2\repository\org\apache\httpcomponents\httpmime\4.5.3\httpmime-4.5.3.jar;C:\Users\Bagas Dwi Saputra\.m2\repository\org\ccil\cowan\tagsoup\tagsoup\1.2.1\tagsoup-1.2.1.jar;C:\Users\Bagas Dwi Saputra\.m2\repository\io\rest-assured\json-path\4.3.3\json-path-4.3.3.jar;C:\Users\Bagas Dwi Saputra\.m2\repository\io\rest-assured\rest-assured-common\4.3.3\rest-assured-common-4.3.3.jar;C:\Users\Bagas Dwi Saputra\.m2\repository\io\rest-assured\xml-path\4.3.3\xml-path-4.3.3.jar;C:\Users\Bagas Dwi Saputra\.m2\repository\jakarta\xml\bind\jakarta.xml.bind-api\2.3.3\jakarta.xml.bind-api-2.3.3.jar;C:\Users\Bagas Dwi Saputra\.m2\repository\jakarta\activation\jakarta.activation-api\1.2.2\jakarta.activation-api-1.2.2.jar;C:\Users\Bagas Dwi Saputra\.m2\repository\junit\junit\4.13.1\junit-4.13.1.jar;C:\Users\Bagas Dwi Saputra\.m2\repository\org\hamcrest\hamcrest-core\1.3\hamcrest-core-1.3.jar;C:\Users\Bagas Dwi Saputra\.m2\repository\org\assertj\assertj-core\3.6.2\assertj-core-3.6.2.jar;C:\Users\Bagas Dwi Saputra\.m2\repository\org\hamcrest\hamcrest\2.2\hamcrest-2.2.jar;C:\Users\Bagas Dwi Saputra\.m2\repository\org\junit\platform\junit-platform-launcher\1.8.2\junit-platform-launcher-1.8.2.jar;C:\Users\Bagas Dwi Saputra\.m2\repository\org\junit\platform\junit-platform-engine\1.8.2\junit-platform-engine-1.8.2.jar;C:\Users\Bagas Dwi Saputra\.m2\repository\org\junit\platform\junit-platform-commons\1.8.2\junit-platform-commons-1.8.2.jar;C:\Users\Bagas Dwi Saputra\.m2\repository\org\apiguardian\apiguardian-api\1.1.2\apiguardian-api-1.1.2.jar;C:\Users\Bagas Dwi Saputra\.m2\repository\org\junit\jupiter\junit-jupiter-engine\5.8.2\junit-jupiter-engine-5.8.2.jar;C:\Users\Bagas Dwi Saputra\.m2\repository\org\junit\jupiter\junit-jupiter-api\5.8.2\junit-jupiter-api-5.8.2.jar;C:\Users\Bagas Dwi Saputra\.m2\repository\org\junit\vintage\junit-vintage-engine\5.8.2\junit-vintage-engine-5.8.2.jar;C:\Users\Bagas Dwi Saputra\.m2\repository\ch\qos\logback\logback-classic\1.2.3\logback-classic-1.2.3.jar;C:\Users\Bagas Dwi Saputra\.m2\repository\ch\qos\logback\logback-core\1.2.3\logback-core-1.2.3.jar;C:\Users\Bagas Dwi Saputra\.m2\repository\org\slf4j\slf4j-api\1.7.25\slf4j-api-1.7.25.jar;C:\Users\Bagas Dwi Saputra\.m2\repository\org\apache\maven\plugins\maven-surefire-plugin\3.0.0-M5\maven-surefire-plugin-3.0.0-M5.jar;C:\Users\Bagas Dwi Saputra\.m2\repository\org\apache\maven\surefire\maven-surefire-common\3.0.0-M5\maven-surefire-common-3.0.0-M5.jar;C:\Users\Bagas Dwi Saputra\.m2\repository\org\apache\maven\surefire\surefire-api\3.0.0-M5\surefire-api-3.0.0-M5.jar;C:\Users\Bagas Dwi Saputra\.m2\repository\org\apache\maven\surefire\surefire-logger-api\3.0.0-M5\surefire-logger-api-3.0.0-M5.jar;C:\Users\Bagas Dwi Saputra\.m2\repository\org\apache\maven\surefire\surefire-extensions-api\3.0.0-M5\surefire-extensions-api-3.0.0-M5.jar;C:\Users\Bagas Dwi Saputra\.m2\repository\org\apache\maven\surefire\surefire-booter\3.0.0-M5\surefire-booter-3.0.0-M5.jar;C:\Users\Bagas Dwi Saputra\.m2\repository\org\apache\maven\surefire\surefire-extensions-spi\3.0.0-M5\surefire-extensions-spi-3.0.0-M5.jar;C:\Users\Bagas Dwi Saputra\.m2\repository\org\apache\maven\maven-toolchain\3.0-alpha-2\maven-toolchain-3.0-alpha-2.jar;C:\Users\Bagas Dwi Saputra\.m2\repository\org\apache\maven\shared\maven-artifact-transfer\0.11.0\maven-artifact-transfer-0.11.0.jar;C:\Users\Bagas Dwi Saputra\.m2\repository\org\apache\maven\shared\maven-common-artifact-filters\3.0.1\maven-common-artifact-filters-3.0.1.jar;C:\Users\Bagas Dwi Saputra\.m2\repository\org\apache\maven\maven-model\3.0\maven-model-3.0.jar;C:\Users\Bagas Dwi Saputra\.m2\repository\org\apache\maven\maven-plugin-api\3.0\maven-plugin-api-3.0.jar;C:\Users\Bagas Dwi Saputra\.m2\repository\org\sonatype\sisu\sisu-inject-plexus\1.4.2\sisu-inject-plexus-1.4.2.jar;C:\Users\Bagas Dwi Saputra\.m2\repository\org\codehaus\plexus\plexus-classworlds\2.2.3\plexus-classworlds-2.2.3.jar;C:\Users\Bagas Dwi Saputra\.m2\repository\org\sonatype\sisu\sisu-inject-bean\1.4.2\sisu-inject-bean-1.4.2.jar;C:\Users\Bagas Dwi Saputra\.m2\repository\org\sonatype\sisu\sisu-guice\2.1.7\sisu-guice-2.1.7-noaop.jar;C:\Users\Bagas Dwi Saputra\.m2\repository\org\apache\maven\shared\maven-shared-utils\3.1.0\maven-shared-utils-3.1.0.jar;C:\Users\Bagas Dwi Saputra\.m2\repository\org\codehaus\plexus\plexus-java\1.0.5\plexus-java-1.0.5.jar;C:\Users\Bagas Dwi Saputra\.m2\repository\org\ow2\asm\asm\7.2\asm-7.2.jar;C:\Users\Bagas Dwi Saputra\.m2\repository\com\thoughtworks\qdox\qdox\2.0-M9\qdox-2.0-M9.jar;C:\Users\Bagas Dwi Saputra\.m2\repository\org\apache\maven\surefire\surefire-shared-utils\3.0.0-M4\surefire-shared-utils-3.0.0-M4.jar;C:\Users\Bagas Dwi Saputra\.m2\repository\org\codehaus\groovy\groovy\3.0.6\groovy-3.0.6.jar;C:\Users\Bagas Dwi Saputra\.m2\repository\org\codehaus\groovy\groovy-xml\3.0.6\groovy-xml-3.0.6.jar;C:\Users\Bagas Dwi Saputra\.m2\repository\com\googlecode\json-simple\json-simple\1.1.1\json-simple-1.1.1.jar;C:\Users\Bagas Dwi Saputra\.m2\repository\com\github\javafaker\javafaker\1.0.2\javafaker-1.0.2.jar;C:\Users\Bagas Dwi Saputra\.m2\repository\org\yaml\snakeyaml\1.23\snakeyaml-1.23-android.jar;C:\Users\Bagas Dwi Saputra\.m2\repository\com\github\mifmif\generex\1.0.2\generex-1.0.2.jar;C:\Users\Bagas Dwi Saputra\.m2\repository\dk\brics\automaton\automaton\1.11-8\automaton-1.11-8.jar;C:\Users\Bagas Dwi Saputra\.m2\repository\org\seleniumhq\selenium\selenium-java\3.141.59\selenium-java-3.141.59.jar;C:\Users\Bagas Dwi Saputra\.m2\repository\org\seleniumhq\selenium\selenium-opera-driver\3.141.59\selenium-opera-driver-3.141.59.jar;C:\Users\Bagas Dwi Saputra\.m2\repository\org\seleniumhq\selenium\selenium-remote-driver\3.141.59\selenium-remote-driver-3.141.59.jar;C:\Users\Bagas Dwi Saputra\.m2\repository\org\seleniumhq\selenium\selenium-safari-driver\3.141.59\selenium-safari-driver-3.141.59.jar;C:\Users\Bagas Dwi Saputra\.m2\repository\net\bytebuddy\byte-buddy\1.8.15\byte-buddy-1.8.15.jar;C:\Users\Bagas Dwi Saputra\.m2\repository\org\apache\commons\commons-exec\1.3\commons-exec-1.3.jar;C:\Users\Bagas Dwi Saputra\.m2\repository\com\google\guava\guava\25.0-jre\guava-25.0-jre.jar;C:\Users\Bagas Dwi Saputra\.m2\repository\com\google\code\findbugs\jsr305\1.3.9\jsr305-1.3.9.jar;C:\Users\Bagas Dwi Saputra\.m2\repository\org\checkerframework\checker-compat-qual\2.0.0\checker-compat-qual-2.0.0.jar;C:\Users\Bagas Dwi Saputra\.m2\repository\com\google\errorprone\error_prone_annotations\2.1.3\error_prone_annotations-2.1.3.jar;C:\Users\Bagas Dwi Saputra\.m2\repository\com\google\j2objc\j2objc-annotations\1.1\j2objc-annotations-1.1.jar;C:\Users\Bagas Dwi Saputra\.m2\repository\org\codehaus\mojo\animal-sniffer-annotations\1.14\animal-sniffer-annotations-1.14.jar;C:\Users\Bagas Dwi Saputra\.m2\repository\com\squareup\okhttp3\okhttp\3.11.0\okhttp-3.11.0.jar;C:\Users\Bagas Dwi Saputra\.m2\repository\com\squareup\okio\okio\1.14.0\okio-1.14.0.jar;C:\Users\Bagas Dwi Saputra\.m2\repository\org\testng\testng\6.14.3\testng-6.14.3.jar;C:\Users\Bagas Dwi Saputra\.m2\repository\com\beust\jcommander\1.72\jcommander-1.72.jar;C:\Users\Bagas Dwi Saputra\.m2\repository\org\apache-extras\beanshell\bsh\2.0b6\bsh-2.0b6.jar;"/>
    <property name="sun.cpu.endian" value="little"/>
    <property name="user.home" value="C:\Users\Bagas Dwi Saputra"/>
    <property name="user.language" value="en"/>
    <property name="java.specification.vendor" value="Oracle Corporation"/>
    <property name="jdk.module.path" value="D:\QE\Automation\Jubelio-Website\target\Website_New-1.0-SNAPSHOT.jar"/>
    <property name="java.version.date" value="2023-07-18"/>
    <property name="java.home" value="D:\AppData\openjdk-17"/>
    <property name="file.separator" value="\"/>
    <property name="basedir" value="D:\QE\Automation\Jubelio-Website"/>
    <property name="java.vm.compressedOopsMode" value="Zero based"/>
    <property name="line.separator" value="&#10;"/>
    <property name="java.vm.specification.vendor" value="Oracle Corporation"/>
    <property name="java.specification.name" value="Java Platform API Specification"/>
    <property name="surefire.real.class.path" value="C:\Users\Bagas Dwi Saputra\.m2\repository\org\apache\maven\surefire\surefire-booter\3.0.0-M5\surefire-booter-3.0.0-M5.jar;C:\Users\Bagas Dwi Saputra\.m2\repository\org\apache\maven\surefire\surefire-api\3.0.0-M5\surefire-api-3.0.0-M5.jar;C:\Users\Bagas Dwi Saputra\.m2\repository\org\apache\maven\surefire\surefire-logger-api\3.0.0-M5\surefire-logger-api-3.0.0-M5.jar;C:\Users\Bagas Dwi Saputra\.m2\repository\org\apache\maven\surefire\surefire-shared-utils\3.0.0-M4\surefire-shared-utils-3.0.0-M4.jar;C:\Users\Bagas Dwi Saputra\.m2\repository\org\apache\maven\surefire\surefire-extensions-spi\3.0.0-M5\surefire-extensions-spi-3.0.0-M5.jar;D:\QE\Automation\Jubelio-Website\target\test-classes;C:\Users\Bagas Dwi Saputra\.m2\repository\net\serenity-bdd\serenity-core\2.6.0\serenity-core-2.6.0.jar;C:\Users\Bagas Dwi Saputra\.m2\repository\net\serenity-bdd\serenity-model\2.6.0\serenity-model-2.6.0.jar;C:\Users\Bagas Dwi Saputra\.m2\repository\org\apache\commons\commons-text\1.9\commons-text-1.9.jar;C:\Users\Bagas Dwi Saputra\.m2\repository\commons-net\commons-net\3.6\commons-net-3.6.jar;C:\Users\Bagas Dwi Saputra\.m2\repository\com\google\inject\guice\5.0.1\guice-5.0.1.jar;C:\Users\Bagas Dwi Saputra\.m2\repository\javax\inject\javax.inject\1\javax.inject-1.jar;C:\Users\Bagas Dwi Saputra\.m2\repository\aopalliance\aopalliance\1.0\aopalliance-1.0.jar;C:\Users\Bagas Dwi Saputra\.m2\repository\org\jsoup\jsoup\1.13.1\jsoup-1.13.1.jar;C:\Users\Bagas Dwi Saputra\.m2\repository\com\thoughtworks\xstream\xstream\1.4.18\xstream-1.4.18.jar;C:\Users\Bagas Dwi Saputra\.m2\repository\io\github\x-stream\mxparser\1.2.2\mxparser-1.2.2.jar;C:\Users\Bagas Dwi Saputra\.m2\repository\xmlpull\xmlpull\1.1.3.1\xmlpull-1.1.3.1.jar;C:\Users\Bagas Dwi Saputra\.m2\repository\io\cucumber\cucumber-core\6.10.2\cucumber-core-6.10.2.jar;C:\Users\Bagas Dwi Saputra\.m2\repository\io\cucumber\cucumber-gherkin\6.10.2\cucumber-gherkin-6.10.2.jar;C:\Users\Bagas Dwi Saputra\.m2\repository\io\cucumber\cucumber-gherkin-messages\6.10.2\cucumber-gherkin-messages-6.10.2.jar;C:\Users\Bagas Dwi Saputra\.m2\repository\io\cucumber\messages\14.0.1\messages-14.0.1.jar;C:\Users\Bagas Dwi Saputra\.m2\repository\io\cucumber\tag-expressions\3.0.0\tag-expressions-3.0.0.jar;C:\Users\Bagas Dwi Saputra\.m2\repository\io\cucumber\cucumber-expressions\10.3.0\cucumber-expressions-10.3.0.jar;C:\Users\Bagas Dwi Saputra\.m2\repository\io\cucumber\cucumber-plugin\6.10.2\cucumber-plugin-6.10.2.jar;C:\Users\Bagas Dwi Saputra\.m2\repository\io\cucumber\docstring\6.10.2\docstring-6.10.2.jar;C:\Users\Bagas Dwi Saputra\.m2\repository\io\cucumber\html-formatter\12.0.0\html-formatter-12.0.0.jar;C:\Users\Bagas Dwi Saputra\.m2\repository\io\cucumber\create-meta\3.0.0\create-meta-3.0.0.jar;C:\Users\Bagas Dwi Saputra\.m2\repository\com\typesafe\config\1.3.1\config-1.3.1.jar;C:\Users\Bagas Dwi Saputra\.m2\repository\org\imgscalr\imgscalr-lib\4.2\imgscalr-lib-4.2.jar;C:\Users\Bagas Dwi Saputra\.m2\repository\org\awaitility\awaitility\4.0.3\awaitility-4.0.3.jar;C:\Users\Bagas Dwi Saputra\.m2\repository\org\freemarker\freemarker\2.3.29\freemarker-2.3.29.jar;C:\Users\Bagas Dwi Saputra\.m2\repository\org\reflections\reflections\0.9.12\reflections-0.9.12.jar;C:\Users\Bagas Dwi Saputra\.m2\repository\org\javassist\javassist\3.26.0-GA\javassist-3.26.0-GA.jar;C:\Users\Bagas Dwi Saputra\.m2\repository\net\sourceforge\jexcelapi\jxl\2.6.12\jxl-2.6.12.jar;C:\Users\Bagas Dwi Saputra\.m2\repository\org\asciidoctor\asciidoctorj\2.5.1\asciidoctorj-2.5.1.jar;C:\Users\Bagas Dwi Saputra\.m2\repository\org\asciidoctor\asciidoctorj-api\2.5.1\asciidoctorj-api-2.5.1.jar;C:\Users\Bagas Dwi Saputra\.m2\repository\org\jruby\jruby\9.2.17.0\jruby-9.2.17.0.jar;C:\Users\Bagas Dwi Saputra\.m2\repository\org\jruby\jruby-core\9.2.17.0\jruby-core-9.2.17.0.jar;C:\Users\Bagas Dwi Saputra\.m2\repository\com\github\jnr\jnr-netdb\1.2.0\jnr-netdb-1.2.0.jar;C:\Users\Bagas Dwi Saputra\.m2\repository\com\github\jnr\jnr-enxio\0.32.3\jnr-enxio-0.32.3.jar;C:\Users\Bagas Dwi Saputra\.m2\repository\com\github\jnr\jnr-unixsocket\0.38.5\jnr-unixsocket-0.38.5.jar;C:\Users\Bagas Dwi Saputra\.m2\repository\com\github\jnr\jnr-posix\3.1.4\jnr-posix-3.1.4.jar;C:\Users\Bagas Dwi Saputra\.m2\repository\com\github\jnr\jnr-constants\0.10.1\jnr-constants-0.10.1.jar;C:\Users\Bagas Dwi Saputra\.m2\repository\com\github\jnr\jffi\1.3.1\jffi-1.3.1.jar;C:\Users\Bagas Dwi Saputra\.m2\repository\com\github\jnr\jffi\1.3.1\jffi-1.3.1-native.jar;C:\Users\Bagas Dwi Saputra\.m2\repository\org\jruby\joni\joni\2.1.31\joni-2.1.31.jar;C:\Users\Bagas Dwi Saputra\.m2\repository\org\jruby\jcodings\jcodings\1.0.46\jcodings-1.0.46.jar;C:\Users\Bagas Dwi Saputra\.m2\repository\org\jruby\dirgra\0.3\dirgra-0.3.jar;C:\Users\Bagas Dwi Saputra\.m2\repository\com\headius\invokebinder\1.11\invokebinder-1.11.jar;C:\Users\Bagas Dwi Saputra\.m2\repository\com\headius\options\1.4\options-1.4.jar;C:\Users\Bagas Dwi Saputra\.m2\repository\com\jcraft\jzlib\1.1.3\jzlib-1.1.3.jar;C:\Users\Bagas Dwi Saputra\.m2\repository\com\martiansoftware\nailgun-server\0.9.1\nailgun-server-0.9.1.jar;C:\Users\Bagas Dwi Saputra\.m2\repository\com\headius\backport9\1.8\backport9-1.8.jar;C:\Users\Bagas Dwi Saputra\.m2\repository\javax\annotation\javax.annotation-api\1.3.1\javax.annotation-api-1.3.1.jar;C:\Users\Bagas Dwi Saputra\.m2\repository\org\jruby\jruby-stdlib\9.2.17.0\jruby-stdlib-9.2.17.0.jar;C:\Users\Bagas Dwi Saputra\.m2\repository\net\bytebuddy\byte-buddy-agent\1.11.1\byte-buddy-agent-1.11.1.jar;C:\Users\Bagas Dwi Saputra\.m2\repository\org\objenesis\objenesis\3.1\objenesis-3.1.jar;C:\Users\Bagas Dwi Saputra\.m2\repository\net\serenity-bdd\serenity-reports\2.6.0\serenity-reports-2.6.0.jar;C:\Users\Bagas Dwi Saputra\.m2\repository\net\serenity-bdd\serenity-stats\2.6.0\serenity-stats-2.6.0.jar;C:\Users\Bagas Dwi Saputra\.m2\repository\net\serenity-bdd\serenity-reports-configuration\2.6.0\serenity-reports-configuration-2.6.0.jar;C:\Users\Bagas Dwi Saputra\.m2\repository\com\vladsch\flexmark\flexmark-all\0.34.30\flexmark-all-0.34.30.jar;C:\Users\Bagas Dwi Saputra\.m2\repository\com\vladsch\flexmark\flexmark\0.34.30\flexmark-0.34.30.jar;C:\Users\Bagas Dwi Saputra\.m2\repository\com\vladsch\flexmark\flexmark-ext-abbreviation\0.34.30\flexmark-ext-abbreviation-0.34.30.jar;C:\Users\Bagas Dwi Saputra\.m2\repository\com\vladsch\flexmark\flexmark-ext-admonition\0.34.30\flexmark-ext-admonition-0.34.30.jar;C:\Users\Bagas Dwi Saputra\.m2\repository\com\vladsch\flexmark\flexmark-ext-anchorlink\0.34.30\flexmark-ext-anchorlink-0.34.30.jar;C:\Users\Bagas Dwi Saputra\.m2\repository\com\vladsch\flexmark\flexmark-ext-aside\0.34.30\flexmark-ext-aside-0.34.30.jar;C:\Users\Bagas Dwi Saputra\.m2\repository\com\vladsch\flexmark\flexmark-ext-attributes\0.34.30\flexmark-ext-attributes-0.34.30.jar;C:\Users\Bagas Dwi Saputra\.m2\repository\com\vladsch\flexmark\flexmark-ext-autolink\0.34.30\flexmark-ext-autolink-0.34.30.jar;C:\Users\Bagas Dwi Saputra\.m2\repository\org\nibor\autolink\autolink\0.6.0\autolink-0.6.0.jar;C:\Users\Bagas Dwi Saputra\.m2\repository\com\vladsch\flexmark\flexmark-ext-definition\0.34.30\flexmark-ext-definition-0.34.30.jar;C:\Users\Bagas Dwi Saputra\.m2\repository\com\vladsch\flexmark\flexmark-ext-emoji\0.34.30\flexmark-ext-emoji-0.34.30.jar;C:\Users\Bagas Dwi Saputra\.m2\repository\com\vladsch\flexmark\flexmark-ext-enumerated-reference\0.34.30\flexmark-ext-enumerated-reference-0.34.30.jar;C:\Users\Bagas Dwi Saputra\.m2\repository\com\vladsch\flexmark\flexmark-ext-escaped-character\0.34.30\flexmark-ext-escaped-character-0.34.30.jar;C:\Users\Bagas Dwi Saputra\.m2\repository\com\vladsch\flexmark\flexmark-ext-footnotes\0.34.30\flexmark-ext-footnotes-0.34.30.jar;C:\Users\Bagas Dwi Saputra\.m2\repository\com\vladsch\flexmark\flexmark-ext-gfm-issues\0.34.30\flexmark-ext-gfm-issues-0.34.30.jar;C:\Users\Bagas Dwi Saputra\.m2\repository\com\vladsch\flexmark\flexmark-ext-gfm-strikethrough\0.34.30\flexmark-ext-gfm-strikethrough-0.34.30.jar;C:\Users\Bagas Dwi Saputra\.m2\repository\com\vladsch\flexmark\flexmark-ext-gfm-tables\0.34.30\flexmark-ext-gfm-tables-0.34.30.jar;C:\Users\Bagas Dwi Saputra\.m2\repository\com\vladsch\flexmark\flexmark-ext-gfm-tasklist\0.34.30\flexmark-ext-gfm-tasklist-0.34.30.jar;C:\Users\Bagas Dwi Saputra\.m2\repository\com\vladsch\flexmark\flexmark-ext-gfm-users\0.34.30\flexmark-ext-gfm-users-0.34.30.jar;C:\Users\Bagas Dwi Saputra\.m2\repository\com\vladsch\flexmark\flexmark-ext-gitlab\0.34.30\flexmark-ext-gitlab-0.34.30.jar;C:\Users\Bagas Dwi Saputra\.m2\repository\com\vladsch\flexmark\flexmark-ext-jekyll-front-matter\0.34.30\flexmark-ext-jekyll-front-matter-0.34.30.jar;C:\Users\Bagas Dwi Saputra\.m2\repository\com\vladsch\flexmark\flexmark-ext-jekyll-tag\0.34.30\flexmark-ext-jekyll-tag-0.34.30.jar;C:\Users\Bagas Dwi Saputra\.m2\repository\com\vladsch\flexmark\flexmark-ext-media-tags\0.34.30\flexmark-ext-media-tags-0.34.30.jar;C:\Users\Bagas Dwi Saputra\.m2\repository\com\vladsch\flexmark\flexmark-test-util\0.34.30\flexmark-test-util-0.34.30.jar;C:\Users\Bagas Dwi Saputra\.m2\repository\com\vladsch\flexmark\flexmark-ext-ins\0.34.30\flexmark-ext-ins-0.34.30.jar;C:\Users\Bagas Dwi Saputra\.m2\repository\com\vladsch\flexmark\flexmark-ext-xwiki-macros\0.34.30\flexmark-ext-xwiki-macros-0.34.30.jar;C:\Users\Bagas Dwi Saputra\.m2\repository\com\vladsch\flexmark\flexmark-ext-superscript\0.34.30\flexmark-ext-superscript-0.34.30.jar;C:\Users\Bagas Dwi Saputra\.m2\repository\com\vladsch\flexmark\flexmark-ext-tables\0.34.30\flexmark-ext-tables-0.34.30.jar;C:\Users\Bagas Dwi Saputra\.m2\repository\com\vladsch\flexmark\flexmark-ext-toc\0.34.30\flexmark-ext-toc-0.34.30.jar;C:\Users\Bagas Dwi Saputra\.m2\repository\com\vladsch\flexmark\flexmark-ext-typographic\0.34.30\flexmark-ext-typographic-0.34.30.jar;C:\Users\Bagas Dwi Saputra\.m2\repository\com\vladsch\flexmark\flexmark-ext-wikilink\0.34.30\flexmark-ext-wikilink-0.34.30.jar;C:\Users\Bagas Dwi Saputra\.m2\repository\com\vladsch\flexmark\flexmark-ext-yaml-front-matter\0.34.30\flexmark-ext-yaml-front-matter-0.34.30.jar;C:\Users\Bagas Dwi Saputra\.m2\repository\com\vladsch\flexmark\flexmark-ext-youtube-embedded\0.34.30\flexmark-ext-youtube-embedded-0.34.30.jar;C:\Users\Bagas Dwi Saputra\.m2\repository\com\vladsch\flexmark\flexmark-formatter\0.34.30\flexmark-formatter-0.34.30.jar;C:\Users\Bagas Dwi Saputra\.m2\repository\com\vladsch\flexmark\flexmark-html-parser\0.34.30\flexmark-html-parser-0.34.30.jar;C:\Users\Bagas Dwi Saputra\.m2\repository\com\vladsch\flexmark\flexmark-jira-converter\0.34.30\flexmark-jira-converter-0.34.30.jar;C:\Users\Bagas Dwi Saputra\.m2\repository\com\vladsch\flexmark\flexmark-pdf-converter\0.34.30\flexmark-pdf-converter-0.34.30.jar;C:\Users\Bagas Dwi Saputra\.m2\repository\com\openhtmltopdf\openhtmltopdf-core\0.0.1-RC13\openhtmltopdf-core-0.0.1-RC13.jar;C:\Users\Bagas Dwi Saputra\.m2\repository\com\openhtmltopdf\openhtmltopdf-pdfbox\0.0.1-RC13\openhtmltopdf-pdfbox-0.0.1-RC13.jar;C:\Users\Bagas Dwi Saputra\.m2\repository\org\apache\pdfbox\pdfbox\2.0.8\pdfbox-2.0.8.jar;C:\Users\Bagas Dwi Saputra\.m2\repository\org\apache\pdfbox\fontbox\2.0.8\fontbox-2.0.8.jar;C:\Users\Bagas Dwi Saputra\.m2\repository\org\apache\pdfbox\xmpbox\2.0.8\xmpbox-2.0.8.jar;C:\Users\Bagas Dwi Saputra\.m2\repository\de\rototor\pdfbox\graphics2d\0.12\graphics2d-0.12.jar;C:\Users\Bagas Dwi Saputra\.m2\repository\com\openhtmltopdf\openhtmltopdf-rtl-support\0.0.1-RC13\openhtmltopdf-rtl-support-0.0.1-RC13.jar;C:\Users\Bagas Dwi Saputra\.m2\repository\com\ibm\icu\icu4j\59.1\icu4j-59.1.jar;C:\Users\Bagas Dwi Saputra\.m2\repository\com\openhtmltopdf\openhtmltopdf-jsoup-dom-converter\0.0.1-RC13\openhtmltopdf-jsoup-dom-converter-0.0.1-RC13.jar;C:\Users\Bagas Dwi Saputra\.m2\repository\com\vladsch\flexmark\flexmark-profile-pegdown\0.34.30\flexmark-profile-pegdown-0.34.30.jar;C:\Users\Bagas Dwi Saputra\.m2\repository\com\vladsch\flexmark\flexmark-util\0.34.30\flexmark-util-0.34.30.jar;C:\Users\Bagas Dwi Saputra\.m2\repository\com\vladsch\flexmark\flexmark-youtrack-converter\0.34.30\flexmark-youtrack-converter-0.34.30.jar;C:\Users\Bagas Dwi Saputra\.m2\repository\es\nitaur\markdown\txtmark\0.16\txtmark-0.16.jar;C:\Users\Bagas Dwi Saputra\.m2\repository\net\serenity-bdd\serenity-report-resources\2.6.0\serenity-report-resources-2.6.0.jar;C:\Users\Bagas Dwi Saputra\.m2\repository\com\google\code\gson\gson\2.8.7\gson-2.8.7.jar;C:\Users\Bagas Dwi Saputra\.m2\repository\com\fasterxml\jackson\core\jackson-core\2.12.4\jackson-core-2.12.4.jar;C:\Users\Bagas Dwi Saputra\.m2\repository\com\fasterxml\jackson\core\jackson-databind\2.12.4\jackson-databind-2.12.4.jar;C:\Users\Bagas Dwi Saputra\.m2\repository\com\fasterxml\jackson\core\jackson-annotations\2.12.4\jackson-annotations-2.12.4.jar;C:\Users\Bagas Dwi Saputra\.m2\repository\commons-codec\commons-codec\1.15\commons-codec-1.15.jar;C:\Users\Bagas Dwi Saputra\.m2\repository\commons-io\commons-io\2.8.0\commons-io-2.8.0.jar;C:\Users\Bagas Dwi Saputra\.m2\repository\org\seleniumhq\selenium\selenium-server\3.141.59\selenium-server-3.141.59.jar;C:\Users\Bagas Dwi Saputra\.m2\repository\net\jcip\jcip-annotations\1.0\jcip-annotations-1.0.jar;C:\Users\Bagas Dwi Saputra\.m2\repository\org\seleniumhq\selenium\jetty-repacked\9.4.12.v20180830\jetty-repacked-9.4.12.v20180830.jar;C:\Users\Bagas Dwi Saputra\.m2\repository\javax\servlet\javax.servlet-api\3.1.0\javax.servlet-api-3.1.0.jar;C:\Users\Bagas Dwi Saputra\.m2\repository\org\yaml\snakeyaml\1.19\snakeyaml-1.19.jar;C:\Users\Bagas Dwi Saputra\.m2\repository\org\seleniumhq\selenium\selenium-api\3.141.59\selenium-api-3.141.59.jar;C:\Users\Bagas Dwi Saputra\.m2\repository\org\seleniumhq\selenium\selenium-support\3.141.59\selenium-support-3.141.59.jar;C:\Users\Bagas Dwi Saputra\.m2\repository\org\seleniumhq\selenium\selenium-chrome-driver\3.141.59\selenium-chrome-driver-3.141.59.jar;C:\Users\Bagas Dwi Saputra\.m2\repository\org\seleniumhq\selenium\selenium-firefox-driver\3.141.59\selenium-firefox-driver-3.141.59.jar;C:\Users\Bagas Dwi Saputra\.m2\repository\org\seleniumhq\selenium\selenium-edge-driver\3.141.59\selenium-edge-driver-3.141.59.jar;C:\Users\Bagas Dwi Saputra\.m2\repository\org\seleniumhq\selenium\selenium-ie-driver\3.141.59\selenium-ie-driver-3.141.59.jar;C:\Users\Bagas Dwi Saputra\.m2\repository\net\sourceforge\htmlunit\htmlunit\2.47.1\htmlunit-2.47.1.jar;C:\Users\Bagas Dwi Saputra\.m2\repository\xalan\xalan\2.7.2\xalan-2.7.2.jar;C:\Users\Bagas Dwi Saputra\.m2\repository\xalan\serializer\2.7.2\serializer-2.7.2.jar;C:\Users\Bagas Dwi Saputra\.m2\repository\net\sourceforge\htmlunit\htmlunit-core-js\2.47.0\htmlunit-core-js-2.47.0.jar;C:\Users\Bagas Dwi Saputra\.m2\repository\net\sourceforge\htmlunit\neko-htmlunit\2.47.1\neko-htmlunit-2.47.1.jar;C:\Users\Bagas Dwi Saputra\.m2\repository\xerces\xercesImpl\2.12.0\xercesImpl-2.12.0.jar;C:\Users\Bagas Dwi Saputra\.m2\repository\xml-apis\xml-apis\1.4.01\xml-apis-1.4.01.jar;C:\Users\Bagas Dwi Saputra\.m2\repository\net\sourceforge\htmlunit\htmlunit-cssparser\1.7.0\htmlunit-cssparser-1.7.0.jar;C:\Users\Bagas Dwi Saputra\.m2\repository\org\brotli\dec\0.1.2\dec-0.1.2.jar;C:\Users\Bagas Dwi Saputra\.m2\repository\com\shapesecurity\salvation2\3.0.0\salvation2-3.0.0.jar;C:\Users\Bagas Dwi Saputra\.m2\repository\org\eclipse\jetty\websocket\websocket-client\9.4.36.v20210114\websocket-client-9.4.36.v20210114.jar;C:\Users\Bagas Dwi Saputra\.m2\repository\org\eclipse\jetty\jetty-client\9.4.36.v20210114\jetty-client-9.4.36.v20210114.jar;C:\Users\Bagas Dwi Saputra\.m2\repository\org\eclipse\jetty\jetty-http\9.4.36.v20210114\jetty-http-9.4.36.v20210114.jar;C:\Users\Bagas Dwi Saputra\.m2\repository\org\eclipse\jetty\jetty-util\9.4.36.v20210114\jetty-util-9.4.36.v20210114.jar;C:\Users\Bagas Dwi Saputra\.m2\repository\org\eclipse\jetty\jetty-io\9.4.36.v20210114\jetty-io-9.4.36.v20210114.jar;C:\Users\Bagas Dwi Saputra\.m2\repository\org\eclipse\jetty\websocket\websocket-common\9.4.36.v20210114\websocket-common-9.4.36.v20210114.jar;C:\Users\Bagas Dwi Saputra\.m2\repository\org\eclipse\jetty\websocket\websocket-api\9.4.36.v20210114\websocket-api-9.4.36.v20210114.jar;C:\Users\Bagas Dwi Saputra\.m2\repository\org\projectlombok\lombok\1.18.20\lombok-1.18.20.jar;C:\Users\Bagas Dwi Saputra\.m2\repository\org\seleniumhq\selenium\htmlunit-driver\2.47.1\htmlunit-driver-2.47.1.jar;C:\Users\Bagas Dwi Saputra\.m2\repository\com\codeborne\phantomjsdriver\1.4.4\phantomjsdriver-1.4.4.jar;C:\Users\Bagas Dwi Saputra\.m2\repository\io\appium\java-client\7.5.1\java-client-7.5.1.jar;C:\Users\Bagas Dwi Saputra\.m2\repository\commons-validator\commons-validator\1.7\commons-validator-1.7.jar;C:\Users\Bagas Dwi Saputra\.m2\repository\commons-digester\commons-digester\2.1\commons-digester-2.1.jar;C:\Users\Bagas Dwi Saputra\.m2\repository\org\aspectj\aspectjweaver\1.9.6\aspectjweaver-1.9.6.jar;C:\Users\Bagas Dwi Saputra\.m2\repository\net\sf\opencsv\opencsv\2.0\opencsv-2.0.jar;C:\Users\Bagas Dwi Saputra\.m2\repository\commons-beanutils\commons-beanutils\1.9.4\commons-beanutils-1.9.4.jar;C:\Users\Bagas Dwi Saputra\.m2\repository\org\apache\commons\commons-lang3\3.11\commons-lang3-3.11.jar;C:\Users\Bagas Dwi Saputra\.m2\repository\commons-collections\commons-collections\3.2.2\commons-collections-3.2.2.jar;C:\Users\Bagas Dwi Saputra\.m2\repository\org\fluentlenium\fluentlenium-core\0.10.2\fluentlenium-core-0.10.2.jar;C:\Users\Bagas Dwi Saputra\.m2\repository\io\github\bonigarcia\webdrivermanager\4.4.1\webdrivermanager-4.4.1.jar;C:\Users\Bagas Dwi Saputra\.m2\repository\org\apache\httpcomponents\client5\httpclient5\5.0.3\httpclient5-5.0.3.jar;C:\Users\Bagas Dwi Saputra\.m2\repository\org\apache\httpcomponents\core5\httpcore5\5.0.2\httpcore5-5.0.2.jar;C:\Users\Bagas Dwi Saputra\.m2\repository\org\apache\httpcomponents\core5\httpcore5-h2\5.0.2\httpcore5-h2-5.0.2.jar;C:\Users\Bagas Dwi Saputra\.m2\repository\org\rauschig\jarchivelib\1.1.0\jarchivelib-1.1.0.jar;C:\Users\Bagas Dwi Saputra\.m2\repository\org\apache\commons\commons-compress\1.20\commons-compress-1.20.jar;C:\Users\Bagas Dwi Saputra\.m2\repository\com\jhlabs\filters\2.0.235\filters-2.0.235.jar;C:\Users\Bagas Dwi Saputra\.m2\repository\com\paulhammant\ngwebdriver\1.1.5\ngwebdriver-1.1.5.jar;C:\Users\Bagas Dwi Saputra\.m2\repository\joda-time\joda-time\2.8.2\joda-time-2.8.2.jar;C:\Users\Bagas Dwi Saputra\.m2\repository\com\google\jimfs\jimfs\1.1\jimfs-1.1.jar;C:\Users\Bagas Dwi Saputra\.m2\repository\org\mockito\mockito-core\3.3.3\mockito-core-3.3.3.jar;C:\Users\Bagas Dwi Saputra\.m2\repository\javax\xml\bind\jaxb-api\2.3.1\jaxb-api-2.3.1.jar;C:\Users\Bagas Dwi Saputra\.m2\repository\javax\activation\javax.activation-api\1.2.0\javax.activation-api-1.2.0.jar;C:\Users\Bagas Dwi Saputra\.m2\repository\com\sun\xml\bind\jaxb-core\2.3.0.1\jaxb-core-2.3.0.1.jar;C:\Users\Bagas Dwi Saputra\.m2\repository\com\sun\xml\bind\jaxb-impl\2.3.3\jaxb-impl-2.3.3.jar;C:\Users\Bagas Dwi Saputra\.m2\repository\com\sun\activation\jakarta.activation\1.2.2\jakarta.activation-1.2.2.jar;C:\Users\Bagas Dwi Saputra\.m2\repository\javax\activation\activation\1.1.1\activation-1.1.1.jar;C:\Users\Bagas Dwi Saputra\.m2\repository\net\serenity-bdd\serenity-junit\2.6.0\serenity-junit-2.6.0.jar;C:\Users\Bagas Dwi Saputra\.m2\repository\net\serenity-bdd\serenity-rest-assured\2.6.0\serenity-rest-assured-2.6.0.jar;C:\Users\Bagas Dwi Saputra\.m2\repository\org\codehaus\groovy\groovy-json\3.0.8\groovy-json-3.0.8.jar;C:\Users\Bagas Dwi Saputra\.m2\repository\org\opentest4j\opentest4j\1.2.0\opentest4j-1.2.0.jar;C:\Users\Bagas Dwi Saputra\.m2\repository\net\serenity-bdd\serenity-screenplay\2.6.0\serenity-screenplay-2.6.0.jar;C:\Users\Bagas Dwi Saputra\.m2\repository\net\serenity-bdd\serenity-screenplay-rest\2.6.0\serenity-screenplay-rest-2.6.0.jar;C:\Users\Bagas Dwi Saputra\.m2\repository\net\serenity-bdd\serenity-screenplay-webdriver\2.6.0\serenity-screenplay-webdriver-2.6.0.jar;C:\Users\Bagas Dwi Saputra\.m2\repository\net\serenity-bdd\serenity-cucumber6\2.6.0\serenity-cucumber6-2.6.0.jar;C:\Users\Bagas Dwi Saputra\.m2\repository\io\cucumber\cucumber-java\6.10.4\cucumber-java-6.10.4.jar;C:\Users\Bagas Dwi Saputra\.m2\repository\io\cucumber\cucumber-junit\6.10.4\cucumber-junit-6.10.4.jar;C:\Users\Bagas Dwi Saputra\.m2\repository\io\cucumber\datatable-matchers\3.4.0\datatable-matchers-3.4.0.jar;C:\Users\Bagas Dwi Saputra\.m2\repository\io\cucumber\datatable\3.4.0\datatable-3.4.0.jar;C:\Users\Bagas Dwi Saputra\.m2\repository\commons-logging\commons-logging\1.2\commons-logging-1.2.jar;C:\Users\Bagas Dwi Saputra\.m2\repository\org\apache\commons\commons-csv\1.5\commons-csv-1.5.jar;C:\Users\Bagas Dwi Saputra\.m2\repository\net\serenity-bdd\serenity-ensure\2.6.0\serenity-ensure-2.6.0.jar;C:\Users\Bagas Dwi Saputra\.m2\repository\org\jetbrains\kotlin\kotlin-stdlib\1.5.0\kotlin-stdlib-1.5.0.jar;C:\Users\Bagas Dwi Saputra\.m2\repository\org\jetbrains\annotations\13.0\annotations-13.0.jar;C:\Users\Bagas Dwi Saputra\.m2\repository\org\jetbrains\kotlin\kotlin-stdlib-common\1.5.0\kotlin-stdlib-common-1.5.0.jar;C:\Users\Bagas Dwi Saputra\.m2\repository\io\rest-assured\rest-assured\4.3.2\rest-assured-4.3.2.jar;C:\Users\Bagas Dwi Saputra\.m2\repository\org\apache\httpcomponents\httpclient\4.5.3\httpclient-4.5.3.jar;C:\Users\Bagas Dwi Saputra\.m2\repository\org\apache\httpcomponents\httpcore\4.4.6\httpcore-4.4.6.jar;C:\Users\Bagas Dwi Saputra\.m2\repository\org\apache\httpcomponents\httpmime\4.5.3\httpmime-4.5.3.jar;C:\Users\Bagas Dwi Saputra\.m2\repository\org\ccil\cowan\tagsoup\tagsoup\1.2.1\tagsoup-1.2.1.jar;C:\Users\Bagas Dwi Saputra\.m2\repository\io\rest-assured\json-path\4.3.3\json-path-4.3.3.jar;C:\Users\Bagas Dwi Saputra\.m2\repository\io\rest-assured\rest-assured-common\4.3.3\rest-assured-common-4.3.3.jar;C:\Users\Bagas Dwi Saputra\.m2\repository\io\rest-assured\xml-path\4.3.3\xml-path-4.3.3.jar;C:\Users\Bagas Dwi Saputra\.m2\repository\jakarta\xml\bind\jakarta.xml.bind-api\2.3.3\jakarta.xml.bind-api-2.3.3.jar;C:\Users\Bagas Dwi Saputra\.m2\repository\jakarta\activation\jakarta.activation-api\1.2.2\jakarta.activation-api-1.2.2.jar;C:\Users\Bagas Dwi Saputra\.m2\repository\junit\junit\4.13.1\junit-4.13.1.jar;C:\Users\Bagas Dwi Saputra\.m2\repository\org\hamcrest\hamcrest-core\1.3\hamcrest-core-1.3.jar;C:\Users\Bagas Dwi Saputra\.m2\repository\org\assertj\assertj-core\3.6.2\assertj-core-3.6.2.jar;C:\Users\Bagas Dwi Saputra\.m2\repository\org\hamcrest\hamcrest\2.2\hamcrest-2.2.jar;C:\Users\Bagas Dwi Saputra\.m2\repository\org\junit\platform\junit-platform-launcher\1.8.2\junit-platform-launcher-1.8.2.jar;C:\Users\Bagas Dwi Saputra\.m2\repository\org\junit\platform\junit-platform-engine\1.8.2\junit-platform-engine-1.8.2.jar;C:\Users\Bagas Dwi Saputra\.m2\repository\org\junit\platform\junit-platform-commons\1.8.2\junit-platform-commons-1.8.2.jar;C:\Users\Bagas Dwi Saputra\.m2\repository\org\apiguardian\apiguardian-api\1.1.2\apiguardian-api-1.1.2.jar;C:\Users\Bagas Dwi Saputra\.m2\repository\org\junit\jupiter\junit-jupiter-engine\5.8.2\junit-jupiter-engine-5.8.2.jar;C:\Users\Bagas Dwi Saputra\.m2\repository\org\junit\jupiter\junit-jupiter-api\5.8.2\junit-jupiter-api-5.8.2.jar;C:\Users\Bagas Dwi Saputra\.m2\repository\org\junit\vintage\junit-vintage-engine\5.8.2\junit-vintage-engine-5.8.2.jar;C:\Users\Bagas Dwi Saputra\.m2\repository\ch\qos\logback\logback-classic\1.2.3\logback-classic-1.2.3.jar;C:\Users\Bagas Dwi Saputra\.m2\repository\ch\qos\logback\logback-core\1.2.3\logback-core-1.2.3.jar;C:\Users\Bagas Dwi Saputra\.m2\repository\org\slf4j\slf4j-api\1.7.25\slf4j-api-1.7.25.jar;C:\Users\Bagas Dwi Saputra\.m2\repository\org\apache\maven\plugins\maven-surefire-plugin\3.0.0-M5\maven-surefire-plugin-3.0.0-M5.jar;C:\Users\Bagas Dwi Saputra\.m2\repository\org\apache\maven\surefire\maven-surefire-common\3.0.0-M5\maven-surefire-common-3.0.0-M5.jar;C:\Users\Bagas Dwi Saputra\.m2\repository\org\apache\maven\surefire\surefire-extensions-api\3.0.0-M5\surefire-extensions-api-3.0.0-M5.jar;C:\Users\Bagas Dwi Saputra\.m2\repository\org\apache\maven\maven-toolchain\3.0-alpha-2\maven-toolchain-3.0-alpha-2.jar;C:\Users\Bagas Dwi Saputra\.m2\repository\org\apache\maven\shared\maven-artifact-transfer\0.11.0\maven-artifact-transfer-0.11.0.jar;C:\Users\Bagas Dwi Saputra\.m2\repository\org\apache\maven\shared\maven-common-artifact-filters\3.0.1\maven-common-artifact-filters-3.0.1.jar;C:\Users\Bagas Dwi Saputra\.m2\repository\org\apache\maven\maven-model\3.0\maven-model-3.0.jar;C:\Users\Bagas Dwi Saputra\.m2\repository\org\apache\maven\maven-plugin-api\3.0\maven-plugin-api-3.0.jar;C:\Users\Bagas Dwi Saputra\.m2\repository\org\sonatype\sisu\sisu-inject-plexus\1.4.2\sisu-inject-plexus-1.4.2.jar;C:\Users\Bagas Dwi Saputra\.m2\repository\org\codehaus\plexus\plexus-classworlds\2.2.3\plexus-classworlds-2.2.3.jar;C:\Users\Bagas Dwi Saputra\.m2\repository\org\sonatype\sisu\sisu-inject-bean\1.4.2\sisu-inject-bean-1.4.2.jar;C:\Users\Bagas Dwi Saputra\.m2\repository\org\sonatype\sisu\sisu-guice\2.1.7\sisu-guice-2.1.7-noaop.jar;C:\Users\Bagas Dwi Saputra\.m2\repository\org\apache\maven\shared\maven-shared-utils\3.1.0\maven-shared-utils-3.1.0.jar;C:\Users\Bagas Dwi Saputra\.m2\repository\org\codehaus\plexus\plexus-java\1.0.5\plexus-java-1.0.5.jar;C:\Users\Bagas Dwi Saputra\.m2\repository\org\ow2\asm\asm\7.2\asm-7.2.jar;C:\Users\Bagas Dwi Saputra\.m2\repository\com\thoughtworks\qdox\qdox\2.0-M9\qdox-2.0-M9.jar;C:\Users\Bagas Dwi Saputra\.m2\repository\org\codehaus\groovy\groovy\3.0.6\groovy-3.0.6.jar;C:\Users\Bagas Dwi Saputra\.m2\repository\org\codehaus\groovy\groovy-xml\3.0.6\groovy-xml-3.0.6.jar;C:\Users\Bagas Dwi Saputra\.m2\repository\com\googlecode\json-simple\json-simple\1.1.1\json-simple-1.1.1.jar;C:\Users\Bagas Dwi Saputra\.m2\repository\com\github\javafaker\javafaker\1.0.2\javafaker-1.0.2.jar;C:\Users\Bagas Dwi Saputra\.m2\repository\org\yaml\snakeyaml\1.23\snakeyaml-1.23-android.jar;C:\Users\Bagas Dwi Saputra\.m2\repository\com\github\mifmif\generex\1.0.2\generex-1.0.2.jar;C:\Users\Bagas Dwi Saputra\.m2\repository\dk\brics\automaton\automaton\1.11-8\automaton-1.11-8.jar;C:\Users\Bagas Dwi Saputra\.m2\repository\org\seleniumhq\selenium\selenium-java\3.141.59\selenium-java-3.141.59.jar;C:\Users\Bagas Dwi Saputra\.m2\repository\org\seleniumhq\selenium\selenium-opera-driver\3.141.59\selenium-opera-driver-3.141.59.jar;C:\Users\Bagas Dwi Saputra\.m2\repository\org\seleniumhq\selenium\selenium-remote-driver\3.141.59\selenium-remote-driver-3.141.59.jar;C:\Users\Bagas Dwi Saputra\.m2\repository\org\seleniumhq\selenium\selenium-safari-driver\3.141.59\selenium-safari-driver-3.141.59.jar;C:\Users\Bagas Dwi Saputra\.m2\repository\net\bytebuddy\byte-buddy\1.8.15\byte-buddy-1.8.15.jar;C:\Users\Bagas Dwi Saputra\.m2\repository\org\apache\commons\commons-exec\1.3\commons-exec-1.3.jar;C:\Users\Bagas Dwi Saputra\.m2\repository\com\google\guava\guava\25.0-jre\guava-25.0-jre.jar;C:\Users\Bagas Dwi Saputra\.m2\repository\com\google\code\findbugs\jsr305\1.3.9\jsr305-1.3.9.jar;C:\Users\Bagas Dwi Saputra\.m2\repository\org\checkerframework\checker-compat-qual\2.0.0\checker-compat-qual-2.0.0.jar;C:\Users\Bagas Dwi Saputra\.m2\repository\com\google\errorprone\error_prone_annotations\2.1.3\error_prone_annotations-2.1.3.jar;C:\Users\Bagas Dwi Saputra\.m2\repository\com\google\j2objc\j2objc-annotations\1.1\j2objc-annotations-1.1.jar;C:\Users\Bagas Dwi Saputra\.m2\repository\org\codehaus\mojo\animal-sniffer-annotations\1.14\animal-sniffer-annotations-1.14.jar;C:\Users\Bagas Dwi Saputra\.m2\repository\com\squareup\okhttp3\okhttp\3.11.0\okhttp-3.11.0.jar;C:\Users\Bagas Dwi Saputra\.m2\repository\com\squareup\okio\okio\1.14.0\okio-1.14.0.jar;C:\Users\Bagas Dwi Saputra\.m2\repository\org\testng\testng\6.14.3\testng-6.14.3.jar;C:\Users\Bagas Dwi Saputra\.m2\repository\com\beust\jcommander\1.72\jcommander-1.72.jar;C:\Users\Bagas Dwi Saputra\.m2\repository\org\apache-extras\beanshell\bsh\2.0b6\bsh-2.0b6.jar;C:\Users\Bagas Dwi Saputra\.m2\repository\org\apache\maven\surefire\surefire-junit-platform\3.0.0-M5\surefire-junit-platform-3.0.0-M5.jar;C:\Users\Bagas Dwi Saputra\.m2\repository\org\apache\maven\surefire\common-java5\3.0.0-M5\common-java5-3.0.0-M5.jar"/>
    <property name="user.script" value=""/>
    <property name="java.protocol.handler.pkgs" value="com.google.common"/>
    <property name="sun.management.compiler" value="HotSpot 64-Bit Tiered Compilers"/>
    <property name="java.runtime.version" value="17.0.8+9-LTS-211"/>
    <property name="user.name" value="Bagas Dwi Saputra"/>
    <property name="path.separator" value=";"/>
    <property name="os.version" value="10.0"/>
    <property name="java.runtime.name" value="Java(TM) SE Runtime Environment"/>
    <property name="file.encoding" value="Cp1252"/>
    <property name="java.vm.name" value="Java HotSpot(TM) 64-Bit Server VM"/>
    <property name="localRepository" value="C:\Users\Bagas Dwi Saputra\.m2\repository"/>
    <property name="java.vendor.url.bug" value="https://bugreport.java.com/bugreport/"/>
    <property name="java.io.tmpdir" value="C:\Users\BAGASD~1\AppData\Local\Temp\"/>
    <property name="java.version" value="17.0.8"/>
    <property name="user.dir" value="D:\QE\Automation\Jubelio-Website"/>
    <property name="os.arch" value="amd64"/>
    <property name="java.vm.specification.name" value="Java Virtual Machine Specification"/>
    <property name="sun.os.patch.level" value=""/>
    <property name="native.encoding" value="Cp1252"/>
    <property name="java.library.path" value="D:\AppData\openjdk-17\bin;C:\WINDOWS\Sun\Java\bin;C:\WINDOWS\system32;C:\WINDOWS;C:\WINDOWS\system32;C:\WINDOWS;C:\WINDOWS\system32\Wbem;C:\WINDOWS\system32\OpenSSH\;C:\WINDOWS\System32\WindowsPowerShell\v1.0;C:\Windows\System32\WindowsPowerShell\v1.0;D:\App\Git\cmd;C:\Program Files\dotnet\;C:\WINDOWS\System32\Wbem;C:\WINDOWS\System32\WindowsPowerShell\v1.0\;C:\WINDOWS\System32\OpenSSH\;D:\AppData\Python\Python310;D:\AppData\Python\Python310\Scripts;D:\AppData\Git\Git\cmd;D:\AppData\Android\Sdk\build-tools;D:\AppData\Android\Sdk\platforms;D:\AppData\Android\Sdk\platform-tools;D:\AppData\Android\Sdk\tools;C:\ProgramData\chocolatey\bin;C:\Program Files (x86)\nodejs\;C:\Users\Bagas Dwi Saputra\AppData\Local\JetBrains\IntelliJIdea2023.2;C:\Users\Bagas Dwi Saputra\AppData\Roaming\JetBrains;C:\Users\Bagas Dwi Saputra\AppData\Roaming\JetBrains\IntelliJIdea2023.2;C:\Program Files (x86)\dotnet\;D:\AppData\Ruby\Ruby31-x64\bin;C:\Users\Bagas Dwi Saputra\AppData\Local\Microsoft\WindowsApps;D:\AppData\openjdk-17\bin;D:\AppData\openjdk-17\apache-maven-3.9.4\bin;D:\AppData\JetBrains\IntelliJ IDEA Community Edition 2022.1.3\bin;;D:\AppData\openjdk-17\bin;D:\AppData\openjdk-17\apache-maven-3.9.4\bin;C:\Users\Bagas Dwi Saputra\AppData\Local\Microsoft\WindowsApps;D:\AppData\CMake\bin;D:\AppData\Python\Python310;D:\AppData\Python\Python310\Scripts;D:\AppData\JetBrains\IntelliJ IDEA 2023.2.1\bin;;D:\AppData\Virtual Studio\Microsoft VS Code\bin;C:\Users\Bagas Dwi Saputra\AppData\Roaming\npm;;."/>
    <property name="java.vm.info" value="mixed mode"/>
    <property name="java.vendor" value="Oracle Corporation"/>
    <property name="java.vm.version" value="17.0.8+9-LTS-211"/>
    <property name="sun.io.unicode.encoding" value="UnicodeLittle"/>
    <property name="java.class.version" value="61.0"/>
  </properties>
  <testcase name="Inventory Stock #1" classname="Inventory Stock at app.jubelio" time="25.361">
    <system-out><![CDATA[09:47:02.528 [main] DEBUG net.thucydides.core.util.PropertiesFileLocalPreferences - LOADING LOCAL PROPERTIES FROM D:\QE\Automation\Jubelio-Website\serenity.properties 
09:47:02.549 [main] DEBUG net.thucydides.core.util.PropertiesFileLocalPreferences - LOADING LOCAL PROPERTIES FROM D:\QE\Automation\Jubelio-Website\serenity.properties 
09:47:02.549 [main] DEBUG net.thucydides.core.util.PropertiesFileLocalPreferences - LOADING LOCAL PROPERTIES FROM D:\QE\Automation\Jubelio-Website\serenity.properties 
09:47:02.558 [main] DEBUG net.thucydides.core.util.PropertiesFileLocalPreferences - webdriver.driver=chrome
09:47:02.558 [main] DEBUG net.thucydides.core.util.PropertiesFileLocalPreferences - webdriver.chrome.driver=src/test/resources/webdriver/chromedriver.exe
09:47:02.558 [main] DEBUG net.thucydides.core.util.PropertiesFileLocalPreferences - webdriver.base.url=https://app.jubelio.com
09:47:03.167 [main] INFO io.cucumber.core.plugin.SerenityReporter - Running feature from file:///D:/QE/Automation/Jubelio-Website/src/test/resources/features/user/inventorystock.feature
09:47:03.334 [main] DEBUG net.thucydides.core.util.PropertiesFileLocalPreferences - LOADING LOCAL PROPERTIES FROM D:\QE\Automation\Jubelio-Website\serenity.properties 
09:47:03.340 [main] DEBUG net.thucydides.core.util.PropertiesFileLocalPreferences - LOADING LOCAL PROPERTIES FROM D:\QE\Automation\Jubelio-Website\serenity.properties 
09:47:03.340 [main] DEBUG net.thucydides.core.util.PropertiesFileLocalPreferences - LOADING LOCAL PROPERTIES FROM D:\QE\Automation\Jubelio-Website\serenity.properties 
09:47:03.341 [main] DEBUG net.thucydides.core.util.PropertiesFileLocalPreferences - webdriver.driver=chrome
09:47:03.341 [main] DEBUG net.thucydides.core.util.PropertiesFileLocalPreferences - webdriver.chrome.driver=src/test/resources/webdriver/chromedriver.exe
09:47:03.341 [main] DEBUG net.thucydides.core.util.PropertiesFileLocalPreferences - webdriver.base.url=https://app.jubelio.com
09:47:03.352 [main] INFO  - 

-------------------------------------------------------------------------------------
     _______. _______ .______       _______ .__   __.  __  .___________.____    ____ 
    /       ||   ____||   _  \     |   ____||  \ |  | |  | |           |\   \  /   / 
   |   (----`|  |__   |  |_)  |    |  |__   |   \|  | |  | `---|  |----` \   \/   /  
    \   \    |   __|  |      /     |   __|  |  . `  | |  |     |  |       \_    _/   
.----)   |   |  |____ |  |\  \----.|  |____ |  |\   | |  |     |  |         |  |     
|_______/    |_______|| _| `._____||_______||__| \__| |__|     |__|         |__|    
                                                                                     
 News and tutorials at http://www.serenity-bdd.info                                  
 Documentation at https://wakaleo.gitbooks.io/the-serenity-book/content/             
 Join the Serenity Community on Gitter: https://gitter.im/serenity-bdd/serenity-core 
 Serenity BDD Support and Training at http://serenity-bdd.info/#/trainingandsupport  
-------------------------------------------------------------------------------------

09:47:03.355 [main] DEBUG net.thucydides.core.steps.StepEventBus - Test suite started for story net.thucydides.core.model.Story@bfba0ca1
09:47:03.357 [main] INFO  - Test Suite Started: Inventory Stock at app.jubelio
09:47:03.379 [main] INFO io.cucumber.core.plugin.SerenityReporter - Running feature from file:///D:/QE/Automation/Jubelio-Website/src/test/resources/features/user/login.feature
09:47:03.388 [main] DEBUG net.thucydides.core.steps.StepEventBus - Test suite started for story net.thucydides.core.model.Story@60ecc02c
09:47:03.389 [main] INFO  - Test Suite Started: Login Account at app.jubelio

@Inventory @InventoryStock
Scenario Outline: Inventory Stock                                               &amp#27;[90m# src/test/resources/features/user/inventorystock.feature:15&amp#27;[0m
09:47:03.622 [main] INFO io.cucumber.core.plugin.SerenityReporter - Running feature from file:///D:/QE/Automation/Jubelio-Website/src/test/resources/features/user/inventorystock.feature
09:47:03.697 [main] INFO  - 
  _____   ___   ___   _____     ___   _____     _     ___   _____   ___   ___  
 |_   _| | __| / __| |_   _|   / __| |_   _|   /_\   | _ \ |_   _| | __| |   \ 
   | |   | _|  \__ \   | |     \__ \   | |    / _ \  |   /   | |   | _|  | |) |
   |_|   |___| |___/   |_|     |___/   |_|   /_/ \_\ |_|_\   |_|   |___| |___/ 

Inventory Stock(inventory-stock-at-app.jubelio;inventory-stock)
--------------------------------------------------------------------------------
09:47:03.697 [main] INFO net.thucydides.core.model.TestOutcome - SetUserStory Inventory Stock at app.jubelio
09:47:03.706 [main] INFO net.thucydides.core.model.TestOutcome - SetUserStory Inventory Stock at app.jubelio
09:47:03.800 [main] DEBUG net.thucydides.core.requirements.model.cucumber.CucumberParser - Added feature Inventory Stock at app.jubelio
09:47:03.825 [main] DEBUG net.thucydides.core.requirements.model.cucumber.CucumberParser - Added feature Login Account at app.jubelio
09:47:04.804 [main] DEBUG net.thucydides.core.steps.StepInterceptor - STARTING STEP: InventoryStockSteps.loginClickButtonLogin - openLink
09:47:04.854 [main] INFO net.serenitybdd.core.webdriver.driverproviders.ChromeDriverProvider - Using automatically driver download
09:47:05.104 [main] DEBUG org.apache.hc.client5.http.impl.classic.InternalHttpClient - ex-00000001: preparing request execution
09:47:05.110 [main] DEBUG org.apache.hc.client5.http.protocol.RequestAddCookies - Cookie spec selected: strict
09:47:05.116 [main] DEBUG org.apache.hc.client5.http.protocol.RequestAuthCache - Auth cache not set in the context
09:47:05.116 [main] DEBUG org.apache.hc.client5.http.impl.classic.ProtocolExec - ex-00000001: target auth state: UNCHALLENGED
09:47:05.118 [main] DEBUG org.apache.hc.client5.http.impl.classic.ProtocolExec - ex-00000001: proxy auth state: UNCHALLENGED
09:47:05.118 [main] DEBUG org.apache.hc.client5.http.impl.classic.ConnectExec - ex-00000001: acquiring connection with route {s}->https://raw.githubusercontent.com:443
09:47:05.118 [main] DEBUG org.apache.hc.client5.http.impl.classic.InternalHttpClient - ex-00000001: acquiring endpoint (3 MINUTES)
09:47:05.119 [main] DEBUG org.apache.hc.client5.http.impl.io.PoolingHttpClientConnectionManager - ex-00000001: endpoint lease request (3 MINUTES) [route: {s}->https://raw.githubusercontent.com:443][total available: 0; route allocated: 0 of 5; total allocated: 0 of 25]
09:47:05.123 [main] DEBUG org.apache.hc.client5.http.impl.io.PoolingHttpClientConnectionManager - ex-00000001: endpoint leased [route: {s}->https://raw.githubusercontent.com:443][total available: 0; route allocated: 1 of 5; total allocated: 1 of 25]
09:47:05.131 [main] DEBUG org.apache.hc.client5.http.impl.io.PoolingHttpClientConnectionManager - ex-00000001: acquired ep-00000000
09:47:05.131 [main] DEBUG org.apache.hc.client5.http.impl.classic.InternalHttpClient - ex-00000001: acquired endpoint ep-00000000
09:47:05.131 [main] DEBUG org.apache.hc.client5.http.impl.classic.ConnectExec - ex-00000001: opening connection {s}->https://raw.githubusercontent.com:443
09:47:05.132 [main] DEBUG org.apache.hc.client5.http.impl.classic.InternalHttpClient - ep-00000000: connecting endpoint (30 SECONDS)
09:47:05.132 [main] DEBUG org.apache.hc.client5.http.impl.io.PoolingHttpClientConnectionManager - ep-00000000: connecting endpoint to https://raw.githubusercontent.com:443 (30 SECONDS)
09:47:05.146 [main] DEBUG org.apache.hc.client5.http.impl.io.DefaultHttpClientConnectionOperator - http-outgoing-0: connecting to raw.githubusercontent.com/185.199.108.133:443
09:47:05.146 [main] DEBUG org.apache.hc.client5.http.ssl.SSLConnectionSocketFactory - Connecting socket to raw.githubusercontent.com/185.199.108.133:443 with timeout 30 SECONDS
09:47:05.219 [main] DEBUG org.apache.hc.client5.http.ssl.SSLConnectionSocketFactory - Enabled protocols: [TLSv1.3, TLSv1.2]
09:47:05.219 [main] DEBUG org.apache.hc.client5.http.ssl.SSLConnectionSocketFactory - Enabled cipher suites: [TLS_AES_256_GCM_SHA384, TLS_AES_128_GCM_SHA256, TLS_CHACHA20_POLY1305_SHA256, TLS_ECDHE_ECDSA_WITH_AES_256_GCM_SHA384, TLS_ECDHE_ECDSA_WITH_AES_128_GCM_SHA256, TLS_ECDHE_ECDSA_WITH_CHACHA20_POLY1305_SHA256, TLS_ECDHE_RSA_WITH_AES_256_GCM_SHA384, TLS_ECDHE_RSA_WITH_CHACHA20_POLY1305_SHA256, TLS_ECDHE_RSA_WITH_AES_128_GCM_SHA256, TLS_DHE_RSA_WITH_AES_256_GCM_SHA384, TLS_DHE_RSA_WITH_CHACHA20_POLY1305_SHA256, TLS_DHE_DSS_WITH_AES_256_GCM_SHA384, TLS_DHE_RSA_WITH_AES_128_GCM_SHA256, TLS_DHE_DSS_WITH_AES_128_GCM_SHA256, TLS_ECDHE_ECDSA_WITH_AES_256_CBC_SHA384, TLS_ECDHE_RSA_WITH_AES_256_CBC_SHA384, TLS_ECDHE_ECDSA_WITH_AES_128_CBC_SHA256, TLS_ECDHE_RSA_WITH_AES_128_CBC_SHA256, TLS_DHE_RSA_WITH_AES_256_CBC_SHA256, TLS_DHE_DSS_WITH_AES_256_CBC_SHA256, TLS_DHE_RSA_WITH_AES_128_CBC_SHA256, TLS_DHE_DSS_WITH_AES_128_CBC_SHA256, TLS_ECDH_ECDSA_WITH_AES_256_GCM_SHA384, TLS_ECDH_RSA_WITH_AES_256_GCM_SHA384, TLS_ECDH_ECDSA_WITH_AES_128_GCM_SHA256, TLS_ECDH_RSA_WITH_AES_128_GCM_SHA256, TLS_ECDH_ECDSA_WITH_AES_256_CBC_SHA384, TLS_ECDH_RSA_WITH_AES_256_CBC_SHA384, TLS_ECDH_ECDSA_WITH_AES_128_CBC_SHA256, TLS_ECDH_RSA_WITH_AES_128_CBC_SHA256, TLS_ECDHE_ECDSA_WITH_AES_256_CBC_SHA, TLS_ECDHE_RSA_WITH_AES_256_CBC_SHA, TLS_ECDHE_ECDSA_WITH_AES_128_CBC_SHA, TLS_ECDHE_RSA_WITH_AES_128_CBC_SHA, TLS_DHE_RSA_WITH_AES_256_CBC_SHA, TLS_DHE_DSS_WITH_AES_256_CBC_SHA, TLS_DHE_RSA_WITH_AES_128_CBC_SHA, TLS_DHE_DSS_WITH_AES_128_CBC_SHA, TLS_ECDH_ECDSA_WITH_AES_256_CBC_SHA, TLS_ECDH_RSA_WITH_AES_256_CBC_SHA, TLS_ECDH_ECDSA_WITH_AES_128_CBC_SHA, TLS_ECDH_RSA_WITH_AES_128_CBC_SHA, TLS_RSA_WITH_AES_256_GCM_SHA384, TLS_RSA_WITH_AES_128_GCM_SHA256, TLS_RSA_WITH_AES_256_CBC_SHA256, TLS_RSA_WITH_AES_128_CBC_SHA256, TLS_RSA_WITH_AES_256_CBC_SHA, TLS_RSA_WITH_AES_128_CBC_SHA, TLS_EMPTY_RENEGOTIATION_INFO_SCSV]
09:47:05.219 [main] DEBUG org.apache.hc.client5.http.ssl.SSLConnectionSocketFactory - Starting handshake
09:47:05.326 [main] DEBUG org.apache.hc.client5.http.ssl.SSLConnectionSocketFactory - Secure session established
09:47:05.326 [main] DEBUG org.apache.hc.client5.http.ssl.SSLConnectionSocketFactory -  negotiated protocol: TLSv1.3
09:47:05.326 [main] DEBUG org.apache.hc.client5.http.ssl.SSLConnectionSocketFactory -  negotiated cipher suite: TLS_AES_256_GCM_SHA384
09:47:05.326 [main] DEBUG org.apache.hc.client5.http.ssl.SSLConnectionSocketFactory -  peer principal: CN=*.github.io, O="GitHub, Inc.", L=San Francisco, ST=California, C=US
09:47:05.328 [main] DEBUG org.apache.hc.client5.http.ssl.SSLConnectionSocketFactory -  peer alternative names: [*.github.io, github.io, *.github.com, github.com, www.github.com, *.githubusercontent.com, githubusercontent.com]
09:47:05.328 [main] DEBUG org.apache.hc.client5.http.ssl.SSLConnectionSocketFactory -  issuer principal: CN=DigiCert TLS RSA SHA256 2020 CA1, O=DigiCert Inc, C=US
09:47:05.328 [main] DEBUG org.apache.hc.client5.http.impl.io.DefaultHttpClientConnectionOperator - http-outgoing-0: connection established 192.168.100.42:63734<->185.199.108.133:443
09:47:05.329 [main] DEBUG org.apache.hc.client5.http.impl.io.PoolingHttpClientConnectionManager - ep-00000000: connected http-outgoing-0
09:47:05.329 [main] DEBUG org.apache.hc.client5.http.impl.classic.InternalHttpClient - ep-00000000: endpoint connected
09:47:05.330 [main] DEBUG org.apache.hc.client5.http.impl.classic.MainClientExec - ex-00000001: executing GET /bonigarcia/webdrivermanager/master/src/main/resources/commands.properties HTTP/1.1
09:47:05.330 [main] DEBUG org.apache.hc.client5.http.impl.classic.InternalHttpClient - ep-00000000: start execution ex-00000001
09:47:05.330 [main] DEBUG org.apache.hc.client5.http.impl.io.PoolingHttpClientConnectionManager - ep-00000000: executing exchange ex-00000001 over http-outgoing-0
09:47:05.331 [main] DEBUG org.apache.hc.client5.http.headers - http-outgoing-0 >> GET /bonigarcia/webdrivermanager/master/src/main/resources/commands.properties HTTP/1.1
09:47:05.331 [main] DEBUG org.apache.hc.client5.http.headers - http-outgoing-0 >> user-agent: Apache-HttpClient/5.0
09:47:05.331 [main] DEBUG org.apache.hc.client5.http.headers - http-outgoing-0 >> accept-encoding: gzip, deflate, br
09:47:05.331 [main] DEBUG org.apache.hc.client5.http.headers - http-outgoing-0 >> cache-control: max-age=0
09:47:05.331 [main] DEBUG org.apache.hc.client5.http.headers - http-outgoing-0 >> connection: keep-alive
09:47:05.331 [main] DEBUG org.apache.hc.client5.http.headers - http-outgoing-0 >> Host: raw.githubusercontent.com
09:47:05.331 [main] DEBUG org.apache.hc.client5.http.wire - http-outgoing-0 >> "GET /bonigarcia/webdrivermanager/master/src/main/resources/commands.properties HTTP/1.1[\r][\n]"
09:47:05.331 [main] DEBUG org.apache.hc.client5.http.wire - http-outgoing-0 >> "user-agent: Apache-HttpClient/5.0[\r][\n]"
09:47:05.331 [main] DEBUG org.apache.hc.client5.http.wire - http-outgoing-0 >> "accept-encoding: gzip, deflate, br[\r][\n]"
09:47:05.331 [main] DEBUG org.apache.hc.client5.http.wire - http-outgoing-0 >> "cache-control: max-age=0[\r][\n]"
09:47:05.331 [main] DEBUG org.apache.hc.client5.http.wire - http-outgoing-0 >> "connection: keep-alive[\r][\n]"
09:47:05.331 [main] DEBUG org.apache.hc.client5.http.wire - http-outgoing-0 >> "Host: raw.githubusercontent.com[\r][\n]"
09:47:05.331 [main] DEBUG org.apache.hc.client5.http.wire - http-outgoing-0 >> "[\r][\n]"
09:47:05.367 [main] DEBUG org.apache.hc.client5.http.wire - http-outgoing-0 << "HTTP/1.1 200 OK[\r][\n]"
09:47:05.367 [main] DEBUG org.apache.hc.client5.http.wire - http-outgoing-0 << "Connection: keep-alive[\r][\n]"
09:47:05.367 [main] DEBUG org.apache.hc.client5.http.wire - http-outgoing-0 << "Content-Length: 723[\r][\n]"
09:47:05.367 [main] DEBUG org.apache.hc.client5.http.wire - http-outgoing-0 << "Cache-Control: max-age=300[\r][\n]"
09:47:05.367 [main] DEBUG org.apache.hc.client5.http.wire - http-outgoing-0 << "Content-Security-Policy: default-src 'none'; style-src 'unsafe-inline'; sandbox[\r][\n]"
09:47:05.367 [main] DEBUG org.apache.hc.client5.http.wire - http-outgoing-0 << "Content-Type: text/plain; charset=utf-8[\r][\n]"
09:47:05.368 [main] DEBUG org.apache.hc.client5.http.wire - http-outgoing-0 << "ETag: W/"e82b438271e9e8680c688b0b680efd0bdd22faa6d6f0a32fc1fd8accc486b67e"[\r][\n]"
09:47:05.368 [main] DEBUG org.apache.hc.client5.http.wire - http-outgoing-0 << "Strict-Transport-Security: max-age=31536000[\r][\n]"
09:47:05.368 [main] DEBUG org.apache.hc.client5.http.wire - http-outgoing-0 << "X-Content-Type-Options: nosniff[\r][\n]"
09:47:05.368 [main] DEBUG org.apache.hc.client5.http.wire - http-outgoing-0 << "X-Frame-Options: deny[\r][\n]"
09:47:05.368 [main] DEBUG org.apache.hc.client5.http.wire - http-outgoing-0 << "X-XSS-Protection: 1; mode=block[\r][\n]"
09:47:05.368 [main] DEBUG org.apache.hc.client5.http.wire - http-outgoing-0 << "X-GitHub-Request-Id: 4CA0:B8C7F:70C4E:8CACE:651389F9[\r][\n]"
09:47:05.368 [main] DEBUG org.apache.hc.client5.http.wire - http-outgoing-0 << "Content-Encoding: gzip[\r][\n]"
09:47:05.368 [main] DEBUG org.apache.hc.client5.http.wire - http-outgoing-0 << "Accept-Ranges: bytes[\r][\n]"
09:47:05.368 [main] DEBUG org.apache.hc.client5.http.wire - http-outgoing-0 << "Date: Sat, 30 Sep 2023 02:47:16 GMT[\r][\n]"
09:47:05.368 [main] DEBUG org.apache.hc.client5.http.wire - http-outgoing-0 << "Via: 1.1 varnish[\r][\n]"
09:47:05.368 [main] DEBUG org.apache.hc.client5.http.wire - http-outgoing-0 << "X-Served-By: cache-qpg1237-QPG[\r][\n]"
09:47:05.368 [main] DEBUG org.apache.hc.client5.http.wire - http-outgoing-0 << "X-Cache: HIT[\r][\n]"
09:47:05.368 [main] DEBUG org.apache.hc.client5.http.wire - http-outgoing-0 << "X-Cache-Hits: 6[\r][\n]"
09:47:05.368 [main] DEBUG org.apache.hc.client5.http.wire - http-outgoing-0 << "X-Timer: S1696042036.184973,VS0,VE0[\r][\n]"
09:47:05.368 [main] DEBUG org.apache.hc.client5.http.wire - http-outgoing-0 << "Vary: Authorization,Accept-Encoding,Origin[\r][\n]"
09:47:05.368 [main] DEBUG org.apache.hc.client5.http.wire - http-outgoing-0 << "Access-Control-Allow-Origin: *[\r][\n]"
09:47:05.369 [main] DEBUG org.apache.hc.client5.http.wire - http-outgoing-0 << "Cross-Origin-Resource-Policy: cross-origin[\r][\n]"
09:47:05.369 [main] DEBUG org.apache.hc.client5.http.wire - http-outgoing-0 << "X-Fastly-Request-ID: d20de2ba52e91794dbb97f4935bcef8111fdb2d8[\r][\n]"
09:47:05.369 [main] DEBUG org.apache.hc.client5.http.wire - http-outgoing-0 << "Expires: Sat, 30 Sep 2023 02:52:16 GMT[\r][\n]"
09:47:05.369 [main] DEBUG org.apache.hc.client5.http.wire - http-outgoing-0 << "Source-Age: 248[\r][\n]"
09:47:05.369 [main] DEBUG org.apache.hc.client5.http.wire - http-outgoing-0 << "[\r][\n]"
09:47:05.371 [main] DEBUG org.apache.hc.client5.http.headers - http-outgoing-0 << HTTP/1.1 200 OK
09:47:05.371 [main] DEBUG org.apache.hc.client5.http.headers - http-outgoing-0 << Connection: keep-alive
09:47:05.371 [main] DEBUG org.apache.hc.client5.http.headers - http-outgoing-0 << Content-Length: 723
09:47:05.371 [main] DEBUG org.apache.hc.client5.http.headers - http-outgoing-0 << Cache-Control: max-age=300
09:47:05.371 [main] DEBUG org.apache.hc.client5.http.headers - http-outgoing-0 << Content-Security-Policy: default-src 'none'; style-src 'unsafe-inline'; sandbox
09:47:05.371 [main] DEBUG org.apache.hc.client5.http.headers - http-outgoing-0 << Content-Type: text/plain; charset=utf-8
09:47:05.371 [main] DEBUG org.apache.hc.client5.http.headers - http-outgoing-0 << ETag: W/"e82b438271e9e8680c688b0b680efd0bdd22faa6d6f0a32fc1fd8accc486b67e"
09:47:05.371 [main] DEBUG org.apache.hc.client5.http.headers - http-outgoing-0 << Strict-Transport-Security: max-age=31536000
09:47:05.371 [main] DEBUG org.apache.hc.client5.http.headers - http-outgoing-0 << X-Content-Type-Options: nosniff
09:47:05.371 [main] DEBUG org.apache.hc.client5.http.headers - http-outgoing-0 << X-Frame-Options: deny
09:47:05.373 [main] DEBUG org.apache.hc.client5.http.headers - http-outgoing-0 << X-XSS-Protection: 1; mode=block
09:47:05.373 [main] DEBUG org.apache.hc.client5.http.headers - http-outgoing-0 << X-GitHub-Request-Id: 4CA0:B8C7F:70C4E:8CACE:651389F9
09:47:05.373 [main] DEBUG org.apache.hc.client5.http.headers - http-outgoing-0 << Content-Encoding: gzip
09:47:05.373 [main] DEBUG org.apache.hc.client5.http.headers - http-outgoing-0 << Accept-Ranges: bytes
09:47:05.373 [main] DEBUG org.apache.hc.client5.http.headers - http-outgoing-0 << Date: Sat, 30 Sep 2023 02:47:16 GMT
09:47:05.373 [main] DEBUG org.apache.hc.client5.http.headers - http-outgoing-0 << Via: 1.1 varnish
09:47:05.373 [main] DEBUG org.apache.hc.client5.http.headers - http-outgoing-0 << X-Served-By: cache-qpg1237-QPG
09:47:05.373 [main] DEBUG org.apache.hc.client5.http.headers - http-outgoing-0 << X-Cache: HIT
09:47:05.373 [main] DEBUG org.apache.hc.client5.http.headers - http-outgoing-0 << X-Cache-Hits: 6
09:47:05.373 [main] DEBUG org.apache.hc.client5.http.headers - http-outgoing-0 << X-Timer: S1696042036.184973,VS0,VE0
09:47:05.373 [main] DEBUG org.apache.hc.client5.http.headers - http-outgoing-0 << Vary: Authorization,Accept-Encoding,Origin
09:47:05.373 [main] DEBUG org.apache.hc.client5.http.headers - http-outgoing-0 << Access-Control-Allow-Origin: *
09:47:05.373 [main] DEBUG org.apache.hc.client5.http.headers - http-outgoing-0 << Cross-Origin-Resource-Policy: cross-origin
09:47:05.373 [main] DEBUG org.apache.hc.client5.http.headers - http-outgoing-0 << X-Fastly-Request-ID: d20de2ba52e91794dbb97f4935bcef8111fdb2d8
09:47:05.374 [main] DEBUG org.apache.hc.client5.http.headers - http-outgoing-0 << Expires: Sat, 30 Sep 2023 02:52:16 GMT
09:47:05.374 [main] DEBUG org.apache.hc.client5.http.headers - http-outgoing-0 << Source-Age: 248
09:47:05.379 [main] DEBUG org.apache.hc.client5.http.impl.classic.MainClientExec - ex-00000001: connection can be kept alive for 3 MINUTES
09:47:05.384 [main] DEBUG org.apache.hc.client5.http.wire - http-outgoing-0 << "[0x1f][0xffffff8b][0x8][0x0][0x0][0x0][0x0][0x0][0x0][0x3][0xffffffb5]V]o[0xffffffda]0[0x14]}[0xffffffe7]W\[0xffffff81]*[0xffffffb5][0x12][0x1f][[M[0xffffffd3]$[0x1e]hF[0xffffffbb]i [0x18][0xffffffb4][0xffffffdd]&[0xfffffff9][0xffffffc5]$7[0xffffffc1]R[0x12]#;[0xffffff94]v[0xffffffbf]~[0xffffffb6][0xfffffff3]1[0xffffff92][0xffffff9a][0xffffffc1][0x1a]x[0xffffffcb][0xffffffb5][0xffffffaf][0xffffffcf]9[0xffffffbe][0xfffffff7]8v[0xb][0x1c][0x1e]E4[0xfffffff6]$x4[0xffffffa1][0xb]*[0xffffffb1][0xffffffd1][0xffffff82][0xfffffffb]%[0xffffff93][0xffffffe0][0xffffffb3][0x10][0xffffffc1][0xffffffe5]qBY,!Y[0xffffffea] KM8,[0x10][0xfffffff0][0x19][0xffffffdd]u[0xffffff82][0x1e][0xffffffb0][0xffffffd8]L[0xffffffcb]%[0xffffff86][0xffffffa1][0xe][0xffffffb8][0xfffffff0]P[0xffffffe8]$[0xf][0x13]t[0x13]3[0xfffffff9][0xffffff84]B2[0xffffffae][0xffffffe6]|@[0xfffffff5][0x1d][0x8][0xffffffc4][0x18][0x16][0xffffff82]o[0xffffffa4][0xffffff9a]P[0xffffff94][0xffffffe7][0xffffffce]R[0xfffffff0][0x8][0xffffffdb]p[0xffffffcb][0x4][0xfffffffa][0xfffffffc][0xffffffb9][\r][0xffffff93][0x15][\n]"
09:47:05.384 [main] DEBUG org.apache.hc.client5.http.wire - http-outgoing-0 << "[0xffffffda][0xffffff86][0xffffffa1][0x17][0xffffffa8]Q3[0xffffffcb][0xffffffd6][0xffffffd1][0xffffff85][0xffffffc6][0xfffffff7][0xffffff98][0xffffffef][0xffffffa3][0xffffffc0]8[0x1][0xffffffae]s[0x12][0x16][0x7] _d[0xffffff82][0xffffff91][0xffffff84][0xfffffff3][0x1f],[0xfffffff6][0x14]j[0x1b]F,^+[0xffffff98]1ua2[0xffffffbf]h([0xffffff8e][0xffffff94][0xffffffa2][0xffffff91]m[0xffffffa3][0xffffffeb][0xffffff9a][0xffffffb0][0xffffffbb]I[0x17]t[0xffffffdf][0xffffffbd][0xffffffef][0xffffffbb][0xffffff91][0xffffffd7]U[0xffffffbb][0xffffff82][0xffffff9e][0x3][0xffffff9b][0xffffff88][0xffffffb9][0xffffffa6]$[0xffffffa6][0xc][0xffffff9b][0xffffffa5][0xffffffe2][0xffffff83][0xffffff98]F[0xffffffd8]o[0xffffff9e]Mg[0xffffff93][0xffffffbb][0xffffffd9]`|[0xfffffffb]u4[0xffffff9c][0x7f]"}B[0xffffffce][0x8][0xffffffb9][0xffffffe3]<[0x8][0xffffff91][0xffffff90][0xffffff94][0xffffff82][0xffffff90][0xffffffc1]j[0x15]2WI[0xffffffe3]1![0x19][0xffffff91]BnB[0xffffff80][0x9]<f[0xffffffb5][0xffffffe8]=[0xffffffd1]p[0xffffffbd][[0xffffffcf][0xffffffe5][0x1b][0xfffffff4][0xffffff9c][0xffffffff][0xfffffffc][0xfffffff8][0xffffffe1][0xffffffe2][0xffffff94][0xffffffa2][0xffffffae][0xe][0x14]5[0xffffff9a]8[0xffffff83][0xffffffd1]`:[0xfffffffd]<[0xffffffb8][0x1f][0xffffff9c]R[0xffffffcf]u[0x7f]6[0xffffffbc][0xffffff83][0xffffffef][0xf][0xffffffc3][0xffffffd9]/[0xfffffff8][0xfffffff2][0xffffffcd]y s[0xffffffee]'[0x1b]*0g[0xffffffcb][0xffffffc8]nF7H][0xffffff83][0xffffff97]{[0xffffffb1]Q[0x5][\r][0xffffffb5]c[0xffffffb4][0xf][0x2][0xffffffb3][0xffffffb4][0xffffff93][0xe]C[0xffffffa7][0xffffffb3]kAD][0xffffff9d][0xffffffde][0xffffffdb][0xffffffda][0xffffff88][0xffffffec][0xffffffa5][0xffffffbc][0xffffff99][0xffffffd9][0xffffffba]t[0xffffffb5][0xffffffea]9[0xffffffea][0x10])[0xffffffb7][0xffffffca][0xffffff9e][0xfffffff2][0xffffffe2]d^N[0xffffffd8]FW[0x16][0xffffffcd][0xffffffdc]_[0x10][0xfffffff9]i|[0x1c][0xffffff93][0xffffff8e][0xfffffff9]o[0x16][0xffffff86]4'!$G[0xffffffdf]W[0xfffffff4]W*j[[0xfffffff3]xR[0xffffffae][0xffffffb6][0xc][0xffffffd0],; #[0xffffffa9][0xffffff92]5[0xffffffb5][0x7][0xffffff9c][0xffffffb5][0xffffffd0][0x7f][0xffffff90][0xffffffc7]jgs[0xfffffffc][0xffffffc2][0xb][0xffffffd9][0x0]t[0xffffff9e]^'Y[0xfffffffb][0xffffff9f][0xffffffb1][0xffffffd8]:[0xffffffbf][0xffffff8d][0xffffffa5][0xffffff9a][0xffffffad][0x7f]m[0x5]&[0xffffffaa][0xffffffa0]^[0xffffff9b][0xffffffcb][0x5]f[0xffffffae][0xffffffe0]RU[0xffffff82][0x10]MS9l[0xffffff91]4t[0xfffffffb][0xffffff8a]][0xffffffd6][0xfffffff4][0xffffff96][0xffffffa6][0xffffff9f]P[0xffffffce][0xffffffd5][0xffffffce][0xffffff93][0xffffffff][0xffffff97][0xffffffcc]p[0xfffffffd][0xfffffff3][0xffffffe8][0x1b][0xffffffcc][0xffffffa2][0xffffffd9]Q[0xffffffbe][0xffffffb2][0xffffffa3][0xffffffc7]m'[0xffffffdf][0xffffffe4][[0xfffffffb]^[0xffffffb0][0xffffff9a][0xffffffbe][0xffffffda][0xffffffda]_[0xffffffce][0xffffff80][0xffffffd2][0xffffffc1]7[0xffffffb7]][0xffffffc1]b[0xffffffee][0xffffffb5][0xffffffff]w[0xffffff83][0xffffffed][0xffffffa7];[0x15]<[0x10]4[0xffffff92][0xffffff84][0x18][\n]"
09:47:05.385 [main] DEBUG org.apache.hc.client5.http.wire - http-outgoing-0 << "BB[0xffffffba][0xffffff8e]][0xffffffb5]jo[0xffffffb9]+"[0xffffffea][0xffffffb4][0xffffffff]h"[0xffffffea]\?5[0xffffffa9][0xffffffaf]k[0xffffffec][0xffffffff]P[0xffffffea][\n]"
09:47:05.385 [main] DEBUG org.apache.hc.client5.http.wire - http-outgoing-0 << "w[0xffffffe1]K[0x13][0xffffffda][0xffffffec][0xffffff98][0xffffffe6]Y[0xfffffffd]h8m6[0xffffff9c]T[0xffffffc1][0xfffffff2][0xffffffa7][0xffffff91]z_[0xffffff95]o85p[0x1c][0x13][0xffffffe6][0xfffffff0]5[0xffffffee][0xfffffffc][0xffffff92][0xffffff96][0xffffffda][0xfffffff7][0xffffffcf][0xffffffb1][0x5][0x1d][0xffffffea]K[0xffffff9b]9[0xffffff8e][0xffffffad]e[0xfffffff7][0xffffff93][0xffffffa8]`[0xffffffda][0xffffffff][0x1a][0xffffffd2][0xffffff88][0xffffff85][0xfffffffd][0xfffffff2][0xffffff91]N[0xfffffff6]`[0xffffffdf]2[0xffffffcf][0xffffffae]E[0xffffff97][0xffffffc5][0xffffffa2][0xffffff9d][0xffffffef]'[0xffffff9d]mun.[0xffffffd3]f^[0xffffffc7][0xffffff82][0xffffffda][0xffffff82]9[0xfffffff5][0xffffffa9]`[0x5][0xffffffbc]4[0xffffffa1][0x1d]<M[0xffffffb5]A[0xffffffa7]3[[0xffffffc0][0x7f][0x0][0xffffffc1][0xffffffd0]$[0xffffff85][0x1d][\r][0x0][0x0]"
09:47:05.386 [main] DEBUG org.apache.hc.client5.http.impl.classic.InternalHttpClient - ep-00000000: releasing valid endpoint
09:47:05.386 [main] DEBUG org.apache.hc.client5.http.impl.io.PoolingHttpClientConnectionManager - ep-00000000: releasing endpoint
09:47:05.388 [main] DEBUG org.apache.hc.client5.http.impl.io.PoolingHttpClientConnectionManager - ep-00000000: connection http-outgoing-0 can be kept alive for 3 MINUTES
09:47:05.388 [main] DEBUG org.apache.hc.client5.http.impl.io.PoolingHttpClientConnectionManager - ep-00000000: connection released [route: {s}->https://raw.githubusercontent.com:443][total available: 1; route allocated: 1 of 5; total allocated: 1 of 25]
09:47:05.388 [main] DEBUG io.github.bonigarcia.wdm.versions.VersionDetector - Detecting chrome version using online commands.properties
09:47:05.394 [main] DEBUG io.github.bonigarcia.wdm.versions.Shell - Running command on the shell: [cmd.exe, /C, wmic, datafile, where, name="%PROGRAMFILES:\=\\%\\Google\\Chrome\\Application\\chrome.exe", get, Version, /value]
09:47:05.532 [main] DEBUG io.github.bonigarcia.wdm.versions.Shell - Result: Version=117.0.5938.132
09:47:05.536 [main] DEBUG org.apache.hc.client5.http.impl.classic.InternalHttpClient - ex-00000002: preparing request execution
09:47:05.536 [main] DEBUG org.apache.hc.client5.http.protocol.RequestAddCookies - Cookie spec selected: strict
09:47:05.536 [main] DEBUG org.apache.hc.client5.http.protocol.RequestAuthCache - Auth cache not set in the context
09:47:05.536 [main] DEBUG org.apache.hc.client5.http.impl.classic.ProtocolExec - ex-00000002: target auth state: UNCHALLENGED
09:47:05.536 [main] DEBUG org.apache.hc.client5.http.impl.classic.ProtocolExec - ex-00000002: proxy auth state: UNCHALLENGED
09:47:05.537 [main] DEBUG org.apache.hc.client5.http.impl.classic.ConnectExec - ex-00000002: acquiring connection with route {s}->https://chromedriver.storage.googleapis.com:443
09:47:05.537 [main] DEBUG org.apache.hc.client5.http.impl.classic.InternalHttpClient - ex-00000002: acquiring endpoint (3 MINUTES)
09:47:05.537 [main] DEBUG org.apache.hc.client5.http.impl.io.PoolingHttpClientConnectionManager - ex-00000002: endpoint lease request (3 MINUTES) [route: {s}->https://chromedriver.storage.googleapis.com:443][total available: 1; route allocated: 0 of 5; total allocated: 1 of 25]
09:47:05.537 [main] DEBUG org.apache.hc.client5.http.impl.io.PoolingHttpClientConnectionManager - ex-00000002: endpoint leased [route: {s}->https://chromedriver.storage.googleapis.com:443][total available: 1; route allocated: 1 of 5; total allocated: 2 of 25]
09:47:05.537 [main] DEBUG org.apache.hc.client5.http.impl.io.PoolingHttpClientConnectionManager - ex-00000002: acquired ep-00000001
09:47:05.537 [main] DEBUG org.apache.hc.client5.http.impl.classic.InternalHttpClient - ex-00000002: acquired endpoint ep-00000001
09:47:05.537 [main] DEBUG org.apache.hc.client5.http.impl.classic.ConnectExec - ex-00000002: opening connection {s}->https://chromedriver.storage.googleapis.com:443
09:47:05.537 [main] DEBUG org.apache.hc.client5.http.impl.classic.InternalHttpClient - ep-00000001: connecting endpoint (30 SECONDS)
09:47:05.537 [main] DEBUG org.apache.hc.client5.http.impl.io.PoolingHttpClientConnectionManager - ep-00000001: connecting endpoint to https://chromedriver.storage.googleapis.com:443 (30 SECONDS)
09:47:05.607 [main] DEBUG org.apache.hc.client5.http.impl.io.DefaultHttpClientConnectionOperator - http-outgoing-1: connecting to chromedriver.storage.googleapis.com/34.101.5.123:443
09:47:05.608 [main] DEBUG org.apache.hc.client5.http.ssl.SSLConnectionSocketFactory - Connecting socket to chromedriver.storage.googleapis.com/34.101.5.123:443 with timeout 30 SECONDS
09:47:05.612 [main] DEBUG org.apache.hc.client5.http.ssl.SSLConnectionSocketFactory - Enabled protocols: [TLSv1.3, TLSv1.2]
09:47:05.612 [main] DEBUG org.apache.hc.client5.http.ssl.SSLConnectionSocketFactory - Enabled cipher suites: [TLS_AES_256_GCM_SHA384, TLS_AES_128_GCM_SHA256, TLS_CHACHA20_POLY1305_SHA256, TLS_ECDHE_ECDSA_WITH_AES_256_GCM_SHA384, TLS_ECDHE_ECDSA_WITH_AES_128_GCM_SHA256, TLS_ECDHE_ECDSA_WITH_CHACHA20_POLY1305_SHA256, TLS_ECDHE_RSA_WITH_AES_256_GCM_SHA384, TLS_ECDHE_RSA_WITH_CHACHA20_POLY1305_SHA256, TLS_ECDHE_RSA_WITH_AES_128_GCM_SHA256, TLS_DHE_RSA_WITH_AES_256_GCM_SHA384, TLS_DHE_RSA_WITH_CHACHA20_POLY1305_SHA256, TLS_DHE_DSS_WITH_AES_256_GCM_SHA384, TLS_DHE_RSA_WITH_AES_128_GCM_SHA256, TLS_DHE_DSS_WITH_AES_128_GCM_SHA256, TLS_ECDHE_ECDSA_WITH_AES_256_CBC_SHA384, TLS_ECDHE_RSA_WITH_AES_256_CBC_SHA384, TLS_ECDHE_ECDSA_WITH_AES_128_CBC_SHA256, TLS_ECDHE_RSA_WITH_AES_128_CBC_SHA256, TLS_DHE_RSA_WITH_AES_256_CBC_SHA256, TLS_DHE_DSS_WITH_AES_256_CBC_SHA256, TLS_DHE_RSA_WITH_AES_128_CBC_SHA256, TLS_DHE_DSS_WITH_AES_128_CBC_SHA256, TLS_ECDH_ECDSA_WITH_AES_256_GCM_SHA384, TLS_ECDH_RSA_WITH_AES_256_GCM_SHA384, TLS_ECDH_ECDSA_WITH_AES_128_GCM_SHA256, TLS_ECDH_RSA_WITH_AES_128_GCM_SHA256, TLS_ECDH_ECDSA_WITH_AES_256_CBC_SHA384, TLS_ECDH_RSA_WITH_AES_256_CBC_SHA384, TLS_ECDH_ECDSA_WITH_AES_128_CBC_SHA256, TLS_ECDH_RSA_WITH_AES_128_CBC_SHA256, TLS_ECDHE_ECDSA_WITH_AES_256_CBC_SHA, TLS_ECDHE_RSA_WITH_AES_256_CBC_SHA, TLS_ECDHE_ECDSA_WITH_AES_128_CBC_SHA, TLS_ECDHE_RSA_WITH_AES_128_CBC_SHA, TLS_DHE_RSA_WITH_AES_256_CBC_SHA, TLS_DHE_DSS_WITH_AES_256_CBC_SHA, TLS_DHE_RSA_WITH_AES_128_CBC_SHA, TLS_DHE_DSS_WITH_AES_128_CBC_SHA, TLS_ECDH_ECDSA_WITH_AES_256_CBC_SHA, TLS_ECDH_RSA_WITH_AES_256_CBC_SHA, TLS_ECDH_ECDSA_WITH_AES_128_CBC_SHA, TLS_ECDH_RSA_WITH_AES_128_CBC_SHA, TLS_RSA_WITH_AES_256_GCM_SHA384, TLS_RSA_WITH_AES_128_GCM_SHA256, TLS_RSA_WITH_AES_256_CBC_SHA256, TLS_RSA_WITH_AES_128_CBC_SHA256, TLS_RSA_WITH_AES_256_CBC_SHA, TLS_RSA_WITH_AES_128_CBC_SHA, TLS_EMPTY_RENEGOTIATION_INFO_SCSV]
09:47:05.613 [main] DEBUG org.apache.hc.client5.http.ssl.SSLConnectionSocketFactory - Starting handshake
09:47:05.659 [main] DEBUG org.apache.hc.client5.http.ssl.SSLConnectionSocketFactory - Secure session established
09:47:05.660 [main] DEBUG org.apache.hc.client5.http.ssl.SSLConnectionSocketFactory -  negotiated protocol: TLSv1.3
09:47:05.660 [main] DEBUG org.apache.hc.client5.http.ssl.SSLConnectionSocketFactory -  negotiated cipher suite: TLS_AES_256_GCM_SHA384
09:47:05.660 [main] DEBUG org.apache.hc.client5.http.ssl.SSLConnectionSocketFactory -  peer principal: CN=*.storage.googleapis.com
09:47:05.660 [main] DEBUG org.apache.hc.client5.http.ssl.SSLConnectionSocketFactory -  peer alternative names: [*.storage.googleapis.com, *.googleapis.com, commondatastorage.googleapis.com, *.commondatastorage.googleapis.com, storage.googleapis.com, storage-p2.googleapis.com, *.storage-p2.googleapis.com, storage.mtls.googleapis.com, *.appspot.com.storage.googleapis.com, *.content-storage.googleapis.com, *.content-storage-p2.googleapis.com, *.content-storage-upload.googleapis.com, *.content-storage-download.googleapis.com, *.storage-upload.googleapis.com, *.storage-download.googleapis.com]
09:47:05.660 [main] DEBUG org.apache.hc.client5.http.ssl.SSLConnectionSocketFactory -  issuer principal: CN=GTS CA 1C3, O=Google Trust Services LLC, C=US
09:47:05.660 [main] DEBUG org.apache.hc.client5.http.impl.io.DefaultHttpClientConnectionOperator - http-outgoing-1: connection established 192.168.100.42:63735<->34.101.5.123:443
09:47:05.660 [main] DEBUG org.apache.hc.client5.http.impl.io.PoolingHttpClientConnectionManager - ep-00000001: connected http-outgoing-1
09:47:05.660 [main] DEBUG org.apache.hc.client5.http.impl.classic.InternalHttpClient - ep-00000001: endpoint connected
09:47:05.660 [main] DEBUG org.apache.hc.client5.http.impl.classic.MainClientExec - ex-00000002: executing GET /LATEST_RELEASE_117 HTTP/1.1
09:47:05.660 [main] DEBUG org.apache.hc.client5.http.impl.classic.InternalHttpClient - ep-00000001: start execution ex-00000002
09:47:05.660 [main] DEBUG org.apache.hc.client5.http.impl.io.PoolingHttpClientConnectionManager - ep-00000001: executing exchange ex-00000002 over http-outgoing-1
09:47:05.660 [main] DEBUG org.apache.hc.client5.http.headers - http-outgoing-1 >> GET /LATEST_RELEASE_117 HTTP/1.1
09:47:05.660 [main] DEBUG org.apache.hc.client5.http.headers - http-outgoing-1 >> user-agent: Apache-HttpClient/5.0
09:47:05.660 [main] DEBUG org.apache.hc.client5.http.headers - http-outgoing-1 >> accept-encoding: gzip, deflate, br
09:47:05.660 [main] DEBUG org.apache.hc.client5.http.headers - http-outgoing-1 >> cache-control: max-age=0
09:47:05.660 [main] DEBUG org.apache.hc.client5.http.headers - http-outgoing-1 >> connection: keep-alive
09:47:05.660 [main] DEBUG org.apache.hc.client5.http.headers - http-outgoing-1 >> Host: chromedriver.storage.googleapis.com
09:47:05.660 [main] DEBUG org.apache.hc.client5.http.wire - http-outgoing-1 >> "GET /LATEST_RELEASE_117 HTTP/1.1[\r][\n]"
09:47:05.660 [main] DEBUG org.apache.hc.client5.http.wire - http-outgoing-1 >> "user-agent: Apache-HttpClient/5.0[\r][\n]"
09:47:05.660 [main] DEBUG org.apache.hc.client5.http.wire - http-outgoing-1 >> "accept-encoding: gzip, deflate, br[\r][\n]"
09:47:05.660 [main] DEBUG org.apache.hc.client5.http.wire - http-outgoing-1 >> "cache-control: max-age=0[\r][\n]"
09:47:05.660 [main] DEBUG org.apache.hc.client5.http.wire - http-outgoing-1 >> "connection: keep-alive[\r][\n]"
09:47:05.660 [main] DEBUG org.apache.hc.client5.http.wire - http-outgoing-1 >> "Host: chromedriver.storage.googleapis.com[\r][\n]"
09:47:05.660 [main] DEBUG org.apache.hc.client5.http.wire - http-outgoing-1 >> "[\r][\n]"
09:47:05.910 [main] DEBUG org.apache.hc.client5.http.wire - http-outgoing-1 << "HTTP/1.1 404 Not Found[\r][\n]"
09:47:05.910 [main] DEBUG org.apache.hc.client5.http.wire - http-outgoing-1 << "X-GUploader-UploadID: ADPycdtAPxqm-5Khq9qk_ZPN_vZdIx2BvZKM-fcQ_Zzn0xHl7zlQJMXaTXwpMv6BW4GmB7Ln-frSPXitVpUe2tO-ula9UDMzuyIS[\r][\n]"
09:47:05.910 [main] DEBUG org.apache.hc.client5.http.wire - http-outgoing-1 << "Content-Type: application/xml; charset=UTF-8[\r][\n]"
09:47:05.912 [main] DEBUG org.apache.hc.client5.http.wire - http-outgoing-1 << "Content-Length: 193[\r][\n]"
09:47:05.912 [main] DEBUG org.apache.hc.client5.http.wire - http-outgoing-1 << "Date: Sat, 30 Sep 2023 02:47:16 GMT[\r][\n]"
09:47:05.912 [main] DEBUG org.apache.hc.client5.http.wire - http-outgoing-1 << "Expires: Sat, 30 Sep 2023 02:47:16 GMT[\r][\n]"
09:47:05.912 [main] DEBUG org.apache.hc.client5.http.wire - http-outgoing-1 << "Cache-Control: private, max-age=0[\r][\n]"
09:47:05.912 [main] DEBUG org.apache.hc.client5.http.wire - http-outgoing-1 << "Server: UploadServer[\r][\n]"
09:47:05.912 [main] DEBUG org.apache.hc.client5.http.wire - http-outgoing-1 << "Alt-Svc: h3=":443"; ma=2592000,h3-29=":443"; ma=2592000[\r][\n]"
09:47:05.913 [main] DEBUG org.apache.hc.client5.http.wire - http-outgoing-1 << "[\r][\n]"
09:47:05.913 [main] DEBUG org.apache.hc.client5.http.wire - http-outgoing-1 << "<?xml version='1.0' encoding='UTF-8'?><Error><Code>NoSuchKey</Code><Message>The specified key does not exist.</Message><Details>No such object: chromedriver/LATEST_RELEASE_117</Details></Error>"
09:47:05.914 [main] DEBUG org.apache.hc.client5.http.headers - http-outgoing-1 << HTTP/1.1 404 Not Found
09:47:05.914 [main] DEBUG org.apache.hc.client5.http.headers - http-outgoing-1 << X-GUploader-UploadID: ADPycdtAPxqm-5Khq9qk_ZPN_vZdIx2BvZKM-fcQ_Zzn0xHl7zlQJMXaTXwpMv6BW4GmB7Ln-frSPXitVpUe2tO-ula9UDMzuyIS
09:47:05.914 [main] DEBUG org.apache.hc.client5.http.headers - http-outgoing-1 << Content-Type: application/xml; charset=UTF-8
09:47:05.915 [main] DEBUG org.apache.hc.client5.http.headers - http-outgoing-1 << Content-Length: 193
09:47:05.915 [main] DEBUG org.apache.hc.client5.http.headers - http-outgoing-1 << Date: Sat, 30 Sep 2023 02:47:16 GMT
09:47:05.915 [main] DEBUG org.apache.hc.client5.http.headers - http-outgoing-1 << Expires: Sat, 30 Sep 2023 02:47:16 GMT
09:47:05.915 [main] DEBUG org.apache.hc.client5.http.headers - http-outgoing-1 << Cache-Control: private, max-age=0
09:47:05.915 [main] DEBUG org.apache.hc.client5.http.headers - http-outgoing-1 << Server: UploadServer
09:47:05.915 [main] DEBUG org.apache.hc.client5.http.headers - http-outgoing-1 << Alt-Svc: h3=":443"; ma=2592000,h3-29=":443"; ma=2592000
09:47:05.916 [main] DEBUG org.apache.hc.client5.http.impl.classic.MainClientExec - ex-00000002: connection can be kept alive for 3 MINUTES
09:47:05.916 [main] ERROR io.github.bonigarcia.wdm.online.HttpClient - Error HTTP 404 executing https://chromedriver.storage.googleapis.com/LATEST_RELEASE_117
09:47:05.917 [main] WARN io.github.bonigarcia.wdm.versions.VersionDetector - Exception reading https://chromedriver.storage.googleapis.com/LATEST_RELEASE_117 to get latest version of chromedriver (Error HTTP 404 executing https://chromedriver.storage.googleapis.com/LATEST_RELEASE_117)
09:47:05.918 [main] DEBUG io.github.bonigarcia.wdm.versions.VersionDetector - Getting driver version for chrome117 from online versions.properties
09:47:05.921 [main] DEBUG org.apache.hc.client5.http.impl.classic.InternalHttpClient - ex-00000003: preparing request execution
09:47:05.921 [main] DEBUG org.apache.hc.client5.http.protocol.RequestAddCookies - Cookie spec selected: strict
09:47:05.921 [main] DEBUG org.apache.hc.client5.http.protocol.RequestAuthCache - Auth cache not set in the context
09:47:05.921 [main] DEBUG org.apache.hc.client5.http.impl.classic.ProtocolExec - ex-00000003: target auth state: UNCHALLENGED
09:47:05.921 [main] DEBUG org.apache.hc.client5.http.impl.classic.ProtocolExec - ex-00000003: proxy auth state: UNCHALLENGED
09:47:05.921 [main] DEBUG org.apache.hc.client5.http.impl.classic.ConnectExec - ex-00000003: acquiring connection with route {s}->https://raw.githubusercontent.com:443
09:47:05.921 [main] DEBUG org.apache.hc.client5.http.impl.classic.InternalHttpClient - ex-00000003: acquiring endpoint (3 MINUTES)
09:47:05.922 [main] DEBUG org.apache.hc.client5.http.impl.io.PoolingHttpClientConnectionManager - ex-00000003: endpoint lease request (3 MINUTES) [route: {s}->https://raw.githubusercontent.com:443][total available: 1; route allocated: 1 of 5; total allocated: 2 of 25]
09:47:05.922 [main] DEBUG org.apache.hc.client5.http.impl.io.PoolingHttpClientConnectionManager - ex-00000003: endpoint leased [route: {s}->https://raw.githubusercontent.com:443][total available: 0; route allocated: 1 of 5; total allocated: 2 of 25]
09:47:05.923 [main] DEBUG org.apache.hc.client5.http.impl.io.PoolingHttpClientConnectionManager - ex-00000003: acquired ep-00000002
09:47:05.923 [main] DEBUG org.apache.hc.client5.http.impl.classic.InternalHttpClient - ex-00000003: acquired endpoint ep-00000002
09:47:05.923 [main] DEBUG org.apache.hc.client5.http.impl.classic.MainClientExec - ex-00000003: executing GET /bonigarcia/webdrivermanager/master/src/main/resources/versions.properties HTTP/1.1
09:47:05.923 [main] DEBUG org.apache.hc.client5.http.impl.classic.InternalHttpClient - ep-00000002: start execution ex-00000003
09:47:05.923 [main] DEBUG org.apache.hc.client5.http.impl.io.PoolingHttpClientConnectionManager - ep-00000002: executing exchange ex-00000003 over http-outgoing-0
09:47:05.923 [main] DEBUG org.apache.hc.client5.http.headers - http-outgoing-0 >> GET /bonigarcia/webdrivermanager/master/src/main/resources/versions.properties HTTP/1.1
09:47:05.923 [main] DEBUG org.apache.hc.client5.http.headers - http-outgoing-0 >> user-agent: Apache-HttpClient/5.0
09:47:05.923 [main] DEBUG org.apache.hc.client5.http.headers - http-outgoing-0 >> accept-encoding: gzip, deflate, br
09:47:05.923 [main] DEBUG org.apache.hc.client5.http.headers - http-outgoing-0 >> cache-control: max-age=0
09:47:05.923 [main] DEBUG org.apache.hc.client5.http.headers - http-outgoing-0 >> connection: keep-alive
09:47:05.923 [main] DEBUG org.apache.hc.client5.http.headers - http-outgoing-0 >> Host: raw.githubusercontent.com
09:47:05.923 [main] DEBUG org.apache.hc.client5.http.wire - http-outgoing-0 >> "GET /bonigarcia/webdrivermanager/master/src/main/resources/versions.properties HTTP/1.1[\r][\n]"
09:47:05.923 [main] DEBUG org.apache.hc.client5.http.wire - http-outgoing-0 >> "user-agent: Apache-HttpClient/5.0[\r][\n]"
09:47:05.923 [main] DEBUG org.apache.hc.client5.http.wire - http-outgoing-0 >> "accept-encoding: gzip, deflate, br[\r][\n]"
09:47:05.924 [main] DEBUG org.apache.hc.client5.http.wire - http-outgoing-0 >> "cache-control: max-age=0[\r][\n]"
09:47:05.924 [main] DEBUG org.apache.hc.client5.http.wire - http-outgoing-0 >> "connection: keep-alive[\r][\n]"
09:47:05.924 [main] DEBUG org.apache.hc.client5.http.wire - http-outgoing-0 >> "Host: raw.githubusercontent.com[\r][\n]"
09:47:05.924 [main] DEBUG org.apache.hc.client5.http.wire - http-outgoing-0 >> "[\r][\n]"
09:47:05.959 [main] DEBUG org.apache.hc.client5.http.wire - http-outgoing-0 << "HTTP/1.1 200 OK[\r][\n]"
09:47:05.959 [main] DEBUG org.apache.hc.client5.http.wire - http-outgoing-0 << "Connection: keep-alive[\r][\n]"
09:47:05.959 [main] DEBUG org.apache.hc.client5.http.wire - http-outgoing-0 << "Content-Length: 1615[\r][\n]"
09:47:05.959 [main] DEBUG org.apache.hc.client5.http.wire - http-outgoing-0 << "Cache-Control: max-age=300[\r][\n]"
09:47:05.959 [main] DEBUG org.apache.hc.client5.http.wire - http-outgoing-0 << "Content-Security-Policy: default-src 'none'; style-src 'unsafe-inline'; sandbox[\r][\n]"
09:47:05.959 [main] DEBUG org.apache.hc.client5.http.wire - http-outgoing-0 << "Content-Type: text/plain; charset=utf-8[\r][\n]"
09:47:05.959 [main] DEBUG org.apache.hc.client5.http.wire - http-outgoing-0 << "ETag: W/"65e8ec46ef4920945cc03f0386cc600d8027ed4440e101d5729220d93bfa6f0f"[\r][\n]"
09:47:05.959 [main] DEBUG org.apache.hc.client5.http.wire - http-outgoing-0 << "Strict-Transport-Security: max-age=31536000[\r][\n]"
09:47:05.959 [main] DEBUG org.apache.hc.client5.http.wire - http-outgoing-0 << "X-Content-Type-Options: nosniff[\r][\n]"
09:47:05.959 [main] DEBUG org.apache.hc.client5.http.wire - http-outgoing-0 << "X-Frame-Options: deny[\r][\n]"
09:47:05.959 [main] DEBUG org.apache.hc.client5.http.wire - http-outgoing-0 << "X-XSS-Protection: 1; mode=block[\r][\n]"
09:47:05.959 [main] DEBUG org.apache.hc.client5.http.wire - http-outgoing-0 << "X-GitHub-Request-Id: 4D10:B89CD:6D987:89792:651389FC[\r][\n]"
09:47:05.959 [main] DEBUG org.apache.hc.client5.http.wire - http-outgoing-0 << "Content-Encoding: gzip[\r][\n]"
09:47:05.959 [main] DEBUG org.apache.hc.client5.http.wire - http-outgoing-0 << "Accept-Ranges: bytes[\r][\n]"
09:47:05.959 [main] DEBUG org.apache.hc.client5.http.wire - http-outgoing-0 << "Date: Sat, 30 Sep 2023 02:47:16 GMT[\r][\n]"
09:47:05.959 [main] DEBUG org.apache.hc.client5.http.wire - http-outgoing-0 << "Via: 1.1 varnish[\r][\n]"
09:47:05.959 [main] DEBUG org.apache.hc.client5.http.wire - http-outgoing-0 << "X-Served-By: cache-qpg1237-QPG[\r][\n]"
09:47:05.959 [main] DEBUG org.apache.hc.client5.http.wire - http-outgoing-0 << "X-Cache: HIT[\r][\n]"
09:47:05.959 [main] DEBUG org.apache.hc.client5.http.wire - http-outgoing-0 << "X-Cache-Hits: 1[\r][\n]"
09:47:05.959 [main] DEBUG org.apache.hc.client5.http.wire - http-outgoing-0 << "X-Timer: S1696042037.777895,VS0,VE1[\r][\n]"
09:47:05.959 [main] DEBUG org.apache.hc.client5.http.wire - http-outgoing-0 << "Vary: Authorization,Accept-Encoding,Origin[\r][\n]"
09:47:05.960 [main] DEBUG org.apache.hc.client5.http.wire - http-outgoing-0 << "Access-Control-Allow-Origin: *[\r][\n]"
09:47:05.960 [main] DEBUG org.apache.hc.client5.http.wire - http-outgoing-0 << "Cross-Origin-Resource-Policy: cross-origin[\r][\n]"
09:47:05.960 [main] DEBUG org.apache.hc.client5.http.wire - http-outgoing-0 << "X-Fastly-Request-ID: 5b0dc688d346c0836dde33a4b676519f3e5f4ee9[\r][\n]"
09:47:05.960 [main] DEBUG org.apache.hc.client5.http.wire - http-outgoing-0 << "Expires: Sat, 30 Sep 2023 02:52:16 GMT[\r][\n]"
09:47:05.960 [main] DEBUG org.apache.hc.client5.http.wire - http-outgoing-0 << "Source-Age: 38[\r][\n]"
09:47:05.960 [main] DEBUG org.apache.hc.client5.http.wire - http-outgoing-0 << "[\r][\n]"
09:47:05.960 [main] DEBUG org.apache.hc.client5.http.headers - http-outgoing-0 << HTTP/1.1 200 OK
09:47:05.960 [main] DEBUG org.apache.hc.client5.http.headers - http-outgoing-0 << Connection: keep-alive
09:47:05.960 [main] DEBUG org.apache.hc.client5.http.headers - http-outgoing-0 << Content-Length: 1615
09:47:05.960 [main] DEBUG org.apache.hc.client5.http.headers - http-outgoing-0 << Cache-Control: max-age=300
09:47:05.960 [main] DEBUG org.apache.hc.client5.http.headers - http-outgoing-0 << Content-Security-Policy: default-src 'none'; style-src 'unsafe-inline'; sandbox
09:47:05.960 [main] DEBUG org.apache.hc.client5.http.headers - http-outgoing-0 << Content-Type: text/plain; charset=utf-8
09:47:05.961 [main] DEBUG org.apache.hc.client5.http.headers - http-outgoing-0 << ETag: W/"65e8ec46ef4920945cc03f0386cc600d8027ed4440e101d5729220d93bfa6f0f"
09:47:05.961 [main] DEBUG org.apache.hc.client5.http.headers - http-outgoing-0 << Strict-Transport-Security: max-age=31536000
09:47:05.961 [main] DEBUG org.apache.hc.client5.http.headers - http-outgoing-0 << X-Content-Type-Options: nosniff
09:47:05.961 [main] DEBUG org.apache.hc.client5.http.headers - http-outgoing-0 << X-Frame-Options: deny
09:47:05.961 [main] DEBUG org.apache.hc.client5.http.headers - http-outgoing-0 << X-XSS-Protection: 1; mode=block
09:47:05.961 [main] DEBUG org.apache.hc.client5.http.headers - http-outgoing-0 << X-GitHub-Request-Id: 4D10:B89CD:6D987:89792:651389FC
09:47:05.961 [main] DEBUG org.apache.hc.client5.http.headers - http-outgoing-0 << Content-Encoding: gzip
09:47:05.961 [main] DEBUG org.apache.hc.client5.http.headers - http-outgoing-0 << Accept-Ranges: bytes
09:47:05.961 [main] DEBUG org.apache.hc.client5.http.headers - http-outgoing-0 << Date: Sat, 30 Sep 2023 02:47:16 GMT
09:47:05.961 [main] DEBUG org.apache.hc.client5.http.headers - http-outgoing-0 << Via: 1.1 varnish
09:47:05.961 [main] DEBUG org.apache.hc.client5.http.headers - http-outgoing-0 << X-Served-By: cache-qpg1237-QPG
09:47:05.961 [main] DEBUG org.apache.hc.client5.http.headers - http-outgoing-0 << X-Cache: HIT
09:47:05.961 [main] DEBUG org.apache.hc.client5.http.headers - http-outgoing-0 << X-Cache-Hits: 1
09:47:05.961 [main] DEBUG org.apache.hc.client5.http.headers - http-outgoing-0 << X-Timer: S1696042037.777895,VS0,VE1
09:47:05.961 [main] DEBUG org.apache.hc.client5.http.headers - http-outgoing-0 << Vary: Authorization,Accept-Encoding,Origin
09:47:05.961 [main] DEBUG org.apache.hc.client5.http.headers - http-outgoing-0 << Access-Control-Allow-Origin: *
09:47:05.961 [main] DEBUG org.apache.hc.client5.http.headers - http-outgoing-0 << Cross-Origin-Resource-Policy: cross-origin
09:47:05.961 [main] DEBUG org.apache.hc.client5.http.headers - http-outgoing-0 << X-Fastly-Request-ID: 5b0dc688d346c0836dde33a4b676519f3e5f4ee9
09:47:05.961 [main] DEBUG org.apache.hc.client5.http.headers - http-outgoing-0 << Expires: Sat, 30 Sep 2023 02:52:16 GMT
09:47:05.961 [main] DEBUG org.apache.hc.client5.http.headers - http-outgoing-0 << Source-Age: 38
09:47:05.962 [main] DEBUG org.apache.hc.client5.http.impl.classic.MainClientExec - ex-00000003: connection can be kept alive for 3 MINUTES
09:47:05.962 [main] DEBUG org.apache.hc.client5.http.wire - http-outgoing-0 << "[0x1f][0xffffff8b][0x8][0x0][0x0][0x0][0x0][0x0][0x0][0x3][0xffffff8d][0xffffff97]Ko#7[0xc][0xffffffc7][0xffffffef][0xfffffff9][0x14][0x3][0xfffffff4][0x1c]YO[0xffffff8a][\n]"
09:47:05.963 [main] DEBUG org.apache.hc.client5.http.wire - http-outgoing-0 << "[0xffffffa0]K[0xffffff9f][0xffffffa7][0xffffffa2][0xffffff87][0xfffffff6][0xb]x[0xffffffed]Ib[0xffffffac][0xffffffe3][0x9]lg[0xffffffb3][0xffffffe8][0xffffffa7]/[0xfffffff5][0xffffffa0]F[0xffffff96][[0xffffffa0][0xffffff87]`[0xffffff97]?k$[0xffffff92][0xffffffe2]p[0xfffffffe][0xfffffffc]a[0xfffffffa][0xffffffeb][0xfffffff5]p[0xffffff99][0xffffff9e][0xf][0xffffffc7]y[0xffffffda]-[0xffffffa7][0xffffffeb][0xfffffff6]p[0xffffffba]L[0xffffffd7][0xffffffd7]y[0xfffffffa]zZ>O[0xffffffd3][0xfffffffe]|[0xfffffff8]6[0xffffff9f]'[0xfffffffa][0xffffffbb][0x1c][0x16][0xfffffffa]e[0xffffffb7][0xffffffbc][0xffffffbd]o[0xffffffaf][0xffffff87]/[0xffffffb4][0xfffffffa][0xfffffff3]p}[0xffffffcd]+w[0xffffffcb][0xfffffff9]<_[0xffffffde][0xffffff97][0xffffffd3][0xfffffffe]pz[0xffffff99][0xffffffbe][0xffffff9c][0xffffff97][0xffffffcf][0xffffffcb][0xfffffffa][0xffffffc8][0xffffffc3][0xffffffc3][0xf][0xffffffd3][0xffffff8f][0x5]=M[0xffffffbf]-[0xffffffcb][0xb]=[0xfffffff9][0xffffffd3][0xffffffeb]yy[0xffffff9b][0xffffffa7][0xffffffed]i_[0xfffffffe]{[0xfffffff8]x[0xffffff9b][0x1e][0xffffffa7][0xffffff9f][0xfffffff3]QO[0xffffffd3].[0xffffffff]Z[0xe][0xffffffa6][0xffffff87][0xffffffff]\>[0xffffffce][0xffffffbb][0xfffffff9]iz[0xffffffbd]^[0xffffffdf][0xffffff9f]6[0xffffff9b][0xfffffffe]W[0xffffffb1][0xffffffab]O[0xffffff8b][0xffffffe5][0xfffffffc][0xffffffb2][0xffffffd9][0xffffff93][0xffffffbf][0xffffffc7]e[0xffffffbb][0xffffffbf]<[0xffffff94]5J[0xffffffd9]H[0x7f]B[\n]"
09:47:05.963 [main] DEBUG org.apache.hc.client5.http.wire - http-outgoing-0 << "[0xffffffe7][0xffffff8d][0x13]A6n[0xffffff88][0xffffff9b][0xffffffc4][0xffffffc1]k[0x1][0xffffffa6]qM\g[0xffffffae][0xffffff9c][0xffffffb0][0xffffffa1]qE\%[0xffffffee][0xffffffc0][0x8][0xffffffb0][0xffffff8d]K[0xffffffe2]2q[0xffffff8b]Jx[0xffffffcf]\[0xffffff86]H[0x7f][0xffffff99][0xffffffd3][0xfffffff1][0xffffffbe][0xffffffad][0xffffff97]H[0x1c][0x13]7.[0x8][0xffffffaf][0x1a][0xfffffff7][0xffffffc4]}[0xffffffe6][0xffffffd2][\n]"
09:47:05.963 [main] DEBUG org.apache.hc.client5.http.wire - http-outgoing-0 << "[0xffffffd0][0xffffff8d][0x3]qH\[0xffffffdb] `][0xffffffef][0xffffff88][0xffffffbb][0xffffffc4]Up[0xfffffff4]c[0xffffffe3][0x14][0xffffffaf][0xffffffcc][0xfffffff1][0xffffffa6]0|[0xfffffff3]_R[0xffffffbc]2[0xffffffc7]+A[\n]"
09:47:05.963 [main] DEBUG org.apache.hc.client5.http.wire - http-outgoing-0 << "eV[0xffffff87](`[0xffffff99][0x3][0xffffff96][0xffffffb4]_w[0x0][0x5],S[0xffffffc0]68%[0xffffffec][0xffffffca])`[0xffffff99][0x2][0xffffffb6][0x18]@[0x0]'4[0xffffff84][0x18]B[0xffffffa6][0xffffffd6][0xffffffd2][0xffffffd9]L1[0xffffff86][0x14][0xffffffac][0xfffffff5][0xe][0x5][0x1d][0xffffffc3][0xffffffd8][0xffffffc7][0xffffff90]b[0xffffffb5][0x10][0xfffffff4][0xffffff9a][0xffffff83][0x0]1@[0xffffffa6]`[0xffffff85]uL][0xc].S[0xffffff83][0x2]8[0xffffff9e]`c[0xffffffb0][0xffffff99]Rr[0xffffffe8]"[0x19][0xffffff9b][0x18]R[0xffffff90][0xffffffd6]y[0xffffffbf]^j[0xffffffd0]1[0xffffffe8]L[0xffffffe9]J)[0xffffffcb][0xffffff8c]U[0xc]9@K[0x15]@[0xffffffb1]2[0xffffff96]1[0xffffffe4][0xfffffff8][0xffffffac][0xffffff91]Bs[0xffffff9e]0D[0xffffffcc][0xfffffff1][0x19][0xfffffffa]G[0xfffffff3][0xffffffce][0xffffff88][0x11]s|F[[0x11][0xffffff80][0xffffffa9][0xffffff8f][0xffffff98][0xffffffc3][0xffffffd3]([0x5]"S[0xffffff88][0xffffff98][0xffffffc3][0xffffffd3][0xffffff96][0xfffffff6][0xffffffe5]T[0xffffffa0][0xffffff8b][0xffffff98][0xffffffc3]Sh[0x4][0xffffffb2]kh#[0xffffffe6][0xfffffff0][0xffffff94][0xfffffff5][0xffffffc2]p[0xffffff8e][0xffffffd1]D[0xffffffcc][0xffffffd1][0xffffffa5][0xffffff9b]4[0xffffff9c][\n]"
09:47:05.963 [main] DEBUG org.apache.hc.client5.http.wire - http-outgoing-0 << "T[0x11]s[0x18][0xffffff92]2[0xffffffaf]L;NFLa[0xffffff98]@[0xffffffbe]P[0x9]U[0xffffffec]C[0xfffffff4]!c[0xffffffeb][0xffffff84]i[0x14][0xffffffa3][0xffffffc7]L[0xffffffa9]v[0xffffffa8][0xffffffae][0x18][0xfffffffb][0xffffffe8]S [0x6][0xffffff81][0xffffffde][0x5]v[0xffffffc3]C[0xfffffff4][0xffffff90])[0x15][0xffffffb8][0xffffffd2]m[0xf][0x17]}[0xffffff8a][0xffffffc4]xO[0x5][0xffffffb6][0xffffffae][0xffffffb6][0xffffffd1][0xffffffdb][0xffffff8c]5[0xffffffd5]/C[0x13]}[0xffffff8a][0xffffffc4][0x0][0x5][0x4][0xffffffec][0xffffffb2][0xffffffd7]Q[0xffffffd3][0xffffff8d][0xffffffb2][0xffffffa5]n,[0xffffff99],v[0xc]B[0xffffffb2][0xfffffff8]n[0x0][0xffffff93][0xffffffc5][0x19][0x5][0xffffff9f],[0xffffffbe]M[0xffffff80]d[0xffffffb1]3[0xffffffe0][0xffffffc8]j)[0x2][0xffffff9b],[0xffffffce]9[0xffffff98]d[0xfffffff1]y[0xffffff90]|1[0xffffffed][0xffffffbc][0xffffffe4]K{g [0xfffffff9]b[0xffffffcc]MW[0xfffffffb]}[0xfffffff9][0xfffffffb]p<n[0xffffffa7]_[0xf][0xffffffe7][0xfffffff9]y[0xfffffff9][0xffffffde][0xffffffb5][0xffffffb2][0xffffff97]y[0xfffffff7]u[0xfffffff9][0xffffffd7]Nv[0xffffffa1]V[0xfffffff6]B[\r][0xfffffff4][0xffffffe3][0xffffff8b][0xffffffa0][0xffffff96][0xffffffba]y+[l[0xffffffba][0x7]6[0xffffffe7][0xfffffff9]8o/[0xfffffff3][0xffffffe5][0xffffffe1][0xffffffb9][0xffffffec][0xffffffab][0x14]FJ[0x1b][0xffffffe5]n%[0xfffffffe][0xffffff8e][0xffffffc0][0x1d]qw[0xffffffc4][0xffffffde][0x11]sG[0xfffffff4][0x1d]QwD&[0xffffffa2][0xffffff85]n[0xffffff84]:_&[0xffffffeb][0x1a][0xffffff89]w[0xffffffc4][0xffffffdf][0x11][0xffffffb8]#[0xffffffee][0xffffff8e]d[0xffffff9f]UO[0xffffffcc][0x1d][0xffffffd1]wD[0xffffffdd][0x11]9[0xffffff90][0x10]F[0xffffff80]#[0xfffffff0]#[0xffffff80][0x11][0xffffffb8][0x11][0xffffff8c][0xffffffde][0xffffff86][0xffffffd1][0xffffffd9]0[0xfffffffa][0x1a]FWC[0xfffffff2][0xffffff94][0xffffffde][0xffffff9b][0xe][0xffffff88][0xffffffe3][0xffffffe1][0xfffffff4][0xfffffff1][0xffffffbd]`[0xffffffc5][0x18][0xffffffc3][0xffffffb0][0xe]q[0x4]~[0x4]0[0x2]7[0x2];[0xffffff82][0x14][0xffffff80][0xffffffc6][0xe][0xffffffe8][0x11][0xffffffa4][0x0][0xffffffb4][0xffffffef][0xffffff80][0x1c][0xffffff80][0xf]#[0xffffffc8][0xffffff9e]B[0x7][0xfffffffc][0x8]`[0x4]n[0x4]v[0x4]f[0x4]z[0x4]j[0x4]r[0x0][0x10]F[0xffffff90]=u[0x1d][0xffffffc8][0xffffff9e][0xffffffda][0xe][0xffffffc0][0x8][0xffffffdc][0x8][0xffffffb2][0xffffffa7][0xffffffdd][0xb][0x4]f[0x4][0xffffffd9][0xffffffd3][0xffffffae][0xffffffec]!{[0xffffffda][0x15][0x5][0xffffffc8][0x1][0xffffffb8]0[0x2][0x1c][0xffffff81][0x1f]A[0xfffffff6]Tv[0xffffffc0]1[0xffffffe8][0xffffffbb][0xffffffda][0x1f][0xffffffef][0xfffffff3]y[0xffffffdb][0xfffffff5][0xffffffb2]%[0xffffffd9][0xffffffff][0xffffffa7][0xffffff97][0xffffffe5][0xffffff85][0xffffff97][0xffffffe5][0xfffffff9][0xfffffffa][0xffffffb9]=[0xffffffcf][0xffffffc5]b[0xffffff9d]6v[0xffffffb6][0xfffffffc]c[0xffffff96]!*[0xffffffeb][0x1c][0xffffffa4][0xf]S[0xfffffff0][0xffffff8c][0xffffff93][0xffffffec][0xffffffca]2[0xffffffc7]S[0xffffffe9]+[0xffffffd2][\n]"
09:47:05.963 [main] DEBUG org.apache.hc.client5.http.wire - http-outgoing-0 << "[0xffffff95][0xffffffcb]^[0xffffffd6]Q[0x17]*[0xffffff9c]^[0xffffffe4]N[0xffffffd5])][0xffffffb7][0xffffffa1][0xffffffd7][0xffffffb9][0x13]u[0xffffffc8][0xffffffd4][0xffffffdf]H:W)[0xfffffff4][0xffffff82][0xffffff8e][0xe][0xffffffaa][0xffffffd8][0xfffffff5]zNi[0xffffffc6][0xffffffb6][0xffffff97]s!Tjz1G[\n]"
09:47:05.963 [main] DEBUG org.apache.hc.client5.http.wire - http-outgoing-0 << "[0xffffffa0]P[0xffffffdd]K9[0xffffffa5]x[0xffffffb1][0xffffffea][0xffffff95]\[0x12]I[0x5][0xffffffcb]^[0xffffffc8]a[\r][0x1c]C/[0xffffffe3][0x0]*[0xffffffc5]A[0xffffffc3][0x15][0xffffffea]{[0x5]G[0xffffff92][0xffffffb5]P[0xffffffe8][0xfffffff5][K[0x11][0xffffffbd][0xfffffffd]7[0xfffffffa][0xffffffad]@[0xffffffdb][0xffffffc9]7[0xffffffac][0xffffff8e]Q[0x17][0xffffffb8][0x11]o[0x5][0xffffffea][[0xffffffed]V[0xffffffa0][0xffffffea][0xffffffa4][0xffffff9b][0xffffffe3][0xfffffff3]e[0xffffffa7][0xffffffdc][0xffffffd8]U[0xffffffea][\n]"
09:47:05.963 [main] DEBUG org.apache.hc.client5.http.wire - http-outgoing-0 << "7[0xffffffba][0xffffffad]@[0x1c]d[[0xffffffa1][0xffffffbe]Sm[0xffffff9e]!t[0xffffff9a][\r][0xffffffeb][0xfffffff1][0xffffffd4]&V[0xffffffc9][0xffffffc6][0xffffffde]S[0xffffffab]X[0x15][0x1b]%[0xffffffb8]R[0xffffffd3])6[0xffffffe0]Mu'[0xffffffd8][0xffffffb0]^8[0xfffffff5][0xffffff8d]U[0xffffffaf][0xffffffb5][0xffffffcb][0xffffffa2][0xffffffe6][0xffffffb1][0xffffffea]5[0xffffffac][0x17]K[\r]d[0xffffff95]k\[0xffffffd1][0xffffffd4]D:[0xffffffb5][0xffffffa6]j[0xffffffa8][0xffffffd4]Iz[0xffffffb1]V[0xffffffcf][0xffffffa2]v[0xffffffb2]j5[0xffffffcf][0xffffffbb][0xffffffba]N[0xffffffaa]q)S[Y[0xffffff85]Z+N[0xffffffea]-[0xffffff9d]P3[0xffffffd5]Wj0[0xffffff9d]NkgU}[0xffffff95][\r][0x17]z[0xffffffa3][0xffffffaa][0xffffffab]bTqU[0xffffff8c][0xffffffaa][0xffffffad][0xffffff8a]Q[0xffffffa5]U1[0xffffffaa][0xffffffb2]*F[0x15]V[0xffffffc5][0xffffffa8][0xffffffba][0xffffffaa][0x18][0xffffffaa][0x8][0xffffffa9]b[0xffffffc8][0xffffffce][0xffffffb0][0xffffffc9][0x3][0xfffffff6][0xffffffd8]&[0xf]L=[0xffffffc7]&[0xf]tM[0xffffff86][0xffffff85]b[0xffffffdc]([0xffffffb1][0xffffffc3][0xffffffee][0xffffffbc][0xffffffa4][0xffffffd6]3[0xfffffffd][0xffffffb2][0x7f][0xffffff99][0xffffffbb][0xffffffe6][0xfffffff5]v[0xffffff99][0x9][0xfffffffc]g[0xfffffff7][0xffffffda][0xffffffcf][0xffffffdf][0xffffffe6]c[0xffffffda]U[0xffffffbc][0xfffffff1][0xe][0xffffffb9][0xffffff95][0xffffffcd][0xffffffa7][0xffffffc7][0xffffff8f][0xffffffcb][0xffffffa6][0xffffffb1][0xffffffc7][0xffffffb4][0xffffffc9][0xffffffe6][0xffffffba],[0xffffffc7][0xffffffcb][0xffffffe6]s[0xfffffffe]R[0xffffffbb][0xffffffd9]C[0xffffffa2][0xffffffeb][0xffffffb0][0xffffffa9][0xffffff90]Z[0xffffffba][0xffffffc2]Jy[0xffffffd4]T[0xffffff9e][0xffffff94]0e[0xffffffb2]P[0x1e]4[0xffffff95][0xffffffd7][0xffffffb9][0xffffff90][0xb][0xffffffe5]1S[0x1][0xffffffa8]4[0x6][0x16][0xffffffca]C[0xffffffa6]rT[0x1f][0xffffff94][0xffffffbd]L[0xffffffdb][0xffffff88][0xffffffa9][0xffffff9c]B[0xffffffe1][0xffffffeb]im[0xffffffc0]T[0x16]h_[0xffffffa8][0xffffff94][0xffffffc7]K[0x12][0xffffffe6][0xffffffe9][0xffffffe3][ [0xffffffcf][0xffffff96][0xffffffca][0xfffffff8][0xfffffff4][0xffffffa9][0xffffffab][0xffffff94]'K[0x1a][0x12][\r]u[0xffffffb0]Jy[0xffffffae]T[0xffffff9a][0xffffffde]T[0xffffffcf];[0xfffffff0]TIc[0xffffff80]mA[0xffffffb4][0xffffff91]Ri*\[0xffffff92][0xffffffe9][0xffffff85][0xfffffff2]@[0xffffffa9][0xffffffb4][0xffffff92][0xffffffeb][0xffffffbe]<N[0xffffff92]"
09:47:05.964 [main] DEBUG org.apache.hc.client5.http.wire - http-outgoing-0 << "[0xffffffb2]ui[0xffffffa8]I[0xffffff94][0xffffff87]Ij[0xfffffffd][0xffffffa9]Q[0x14]VGI[0xffffff95][0xffffffa2][0xffffffab][0xffffff89][0xffffffe1]9[0xffffff92]B[0xffffffd3][0xffffff8d][0xffffffd5])[0xffffff92]b[0xffffffb0][0xffffff8d][0xffffffd5][0x19][0xffffff92][0xffffffbc]j'[0xfffffff3][0x4][0x19][0xffffffa8][0xffffffc7][0x18]UP[0xffffff9d][0x1e][0x3][0xffffffa5][0xffffffde][0xffffffd4]Uut[0xc]r=[0xffffffa0][0xffffff8e][0xffffff8d][0xffffff98]:]}[0xffffffb0][0xffffff8e][0xffffff8c]H[0xffffff81][0x15][0xffffffc2][0xffffffe3]b[0xffffffba][0xfffffff1]r1<*z[0xffffffca]m}[0xffffff8c][0xffffffe7]D[0xffffff80]P[0xffffffaf][0xffffff84]gD[0xffffffa0][0xffffff92][0xffffff80][0xffffff92][0xb][0x1e][0x10]]Jp]U[0xffffffa7]C[0xffffff97][0xffffff95]E&<[0x19]Rkp[0xfffffff5]<[0xffffffea]^[0xffffffa5]{[0x6][0xfffffff6][0xffffff89][0x7]E[0xfffffffa][0xffffffce][0xffffffd6][0xffffffab]jC"ELu[0xffffff97]Y[0xffffff9b][0x10]S[0xffffffcd][0x16]R[0xffffffa7]C[0xffffffed][0xffffffb9]tx0[0xffffffd4][0xffffffa6][0xffffff91]:[0x14][0xffffffa6][0xffffffb6]XI[0xffffff9d][0x7][0xffffff95][0xffffffa1][0xffffff81][0xffffffb9] k[0xffffffe3][0xfffffffb]y~<[0xffffff9c].[0xffffffd7][0xffffffed][0xfffffff1]8[0xffffffef][0xb][0xffffffd4][0x11][0xffffffd2][0xffffff97][0xffffffdd][0xffffff94]:[0xffffffb1]*R[0xb][0x3][0x1d]J[0xfffffff8]VF[0xffffffea][0xffffff93][0xfffffff4][0xffffffb5]+[0xfffffff7]a0[0xffffffd2][0xffffff8b]eM([0xffffffa6]NM[0xffffff87]n[0x1a]K[0xffffff8d]h*[0xffffffa6]t[0xffffffc9][0xffffffd4][0xffffff93][0xfffffffe][0x1][0xffffffa9][0xffffff9e].[0xffffff9b][0xffffffd3][0x12][0x0][0x0]"
09:47:05.965 [main] DEBUG org.apache.hc.client5.http.impl.classic.InternalHttpClient - ep-00000002: releasing valid endpoint
09:47:05.965 [main] DEBUG org.apache.hc.client5.http.impl.io.PoolingHttpClientConnectionManager - ep-00000002: releasing endpoint
09:47:05.965 [main] DEBUG org.apache.hc.client5.http.impl.io.PoolingHttpClientConnectionManager - ep-00000002: connection http-outgoing-0 can be kept alive for 3 MINUTES
09:47:05.965 [main] DEBUG org.apache.hc.client5.http.impl.io.PoolingHttpClientConnectionManager - ep-00000002: connection released [route: {s}->https://raw.githubusercontent.com:443][total available: 1; route allocated: 1 of 5; total allocated: 2 of 25]
09:47:05.965 [main] DEBUG io.github.bonigarcia.wdm.versions.VersionDetector - Driver for chrome117 not found in online properties (using local versions.properties)
09:47:05.967 [main] DEBUG io.github.bonigarcia.wdm.WebDriverManager - The driver version for CHROME 117 is unknown ... trying with latest
09:47:05.970 [main] DEBUG org.apache.hc.client5.http.impl.classic.InternalHttpClient - ex-00000004: preparing request execution
09:47:05.970 [main] DEBUG org.apache.hc.client5.http.protocol.RequestAddCookies - Cookie spec selected: strict
09:47:05.970 [main] DEBUG org.apache.hc.client5.http.protocol.RequestAuthCache - Auth cache not set in the context
09:47:05.970 [main] DEBUG org.apache.hc.client5.http.impl.classic.ProtocolExec - ex-00000004: target auth state: UNCHALLENGED
09:47:05.970 [main] DEBUG org.apache.hc.client5.http.impl.classic.ProtocolExec - ex-00000004: proxy auth state: UNCHALLENGED
09:47:05.970 [main] DEBUG org.apache.hc.client5.http.impl.classic.ConnectExec - ex-00000004: acquiring connection with route {s}->https://chromedriver.storage.googleapis.com:443
09:47:05.970 [main] DEBUG org.apache.hc.client5.http.impl.classic.InternalHttpClient - ex-00000004: acquiring endpoint (3 MINUTES)
09:47:05.971 [main] DEBUG org.apache.hc.client5.http.impl.io.PoolingHttpClientConnectionManager - ex-00000004: endpoint lease request (3 MINUTES) [route: {s}->https://chromedriver.storage.googleapis.com:443][total available: 1; route allocated: 1 of 5; total allocated: 2 of 25]
09:47:05.971 [main] DEBUG org.apache.hc.client5.http.impl.io.PoolingHttpClientConnectionManager - ex-00000004: endpoint leased [route: {s}->https://chromedriver.storage.googleapis.com:443][total available: 1; route allocated: 2 of 5; total allocated: 3 of 25]
09:47:05.971 [main] DEBUG org.apache.hc.client5.http.impl.io.PoolingHttpClientConnectionManager - ex-00000004: acquired ep-00000003
09:47:05.971 [main] DEBUG org.apache.hc.client5.http.impl.classic.InternalHttpClient - ex-00000004: acquired endpoint ep-00000003
09:47:05.971 [main] DEBUG org.apache.hc.client5.http.impl.classic.ConnectExec - ex-00000004: opening connection {s}->https://chromedriver.storage.googleapis.com:443
09:47:05.971 [main] DEBUG org.apache.hc.client5.http.impl.classic.InternalHttpClient - ep-00000003: connecting endpoint (30 SECONDS)
09:47:05.971 [main] DEBUG org.apache.hc.client5.http.impl.io.PoolingHttpClientConnectionManager - ep-00000003: connecting endpoint to https://chromedriver.storage.googleapis.com:443 (30 SECONDS)
09:47:05.971 [main] DEBUG org.apache.hc.client5.http.impl.io.DefaultHttpClientConnectionOperator - http-outgoing-2: connecting to chromedriver.storage.googleapis.com/34.101.5.123:443
09:47:05.972 [main] DEBUG org.apache.hc.client5.http.ssl.SSLConnectionSocketFactory - Connecting socket to chromedriver.storage.googleapis.com/34.101.5.123:443 with timeout 30 SECONDS
09:47:05.981 [main] DEBUG org.apache.hc.client5.http.ssl.SSLConnectionSocketFactory - Enabled protocols: [TLSv1.3, TLSv1.2]
09:47:05.981 [main] DEBUG org.apache.hc.client5.http.ssl.SSLConnectionSocketFactory - Enabled cipher suites: [TLS_AES_256_GCM_SHA384, TLS_AES_128_GCM_SHA256, TLS_CHACHA20_POLY1305_SHA256, TLS_ECDHE_ECDSA_WITH_AES_256_GCM_SHA384, TLS_ECDHE_ECDSA_WITH_AES_128_GCM_SHA256, TLS_ECDHE_ECDSA_WITH_CHACHA20_POLY1305_SHA256, TLS_ECDHE_RSA_WITH_AES_256_GCM_SHA384, TLS_ECDHE_RSA_WITH_CHACHA20_POLY1305_SHA256, TLS_ECDHE_RSA_WITH_AES_128_GCM_SHA256, TLS_DHE_RSA_WITH_AES_256_GCM_SHA384, TLS_DHE_RSA_WITH_CHACHA20_POLY1305_SHA256, TLS_DHE_DSS_WITH_AES_256_GCM_SHA384, TLS_DHE_RSA_WITH_AES_128_GCM_SHA256, TLS_DHE_DSS_WITH_AES_128_GCM_SHA256, TLS_ECDHE_ECDSA_WITH_AES_256_CBC_SHA384, TLS_ECDHE_RSA_WITH_AES_256_CBC_SHA384, TLS_ECDHE_ECDSA_WITH_AES_128_CBC_SHA256, TLS_ECDHE_RSA_WITH_AES_128_CBC_SHA256, TLS_DHE_RSA_WITH_AES_256_CBC_SHA256, TLS_DHE_DSS_WITH_AES_256_CBC_SHA256, TLS_DHE_RSA_WITH_AES_128_CBC_SHA256, TLS_DHE_DSS_WITH_AES_128_CBC_SHA256, TLS_ECDH_ECDSA_WITH_AES_256_GCM_SHA384, TLS_ECDH_RSA_WITH_AES_256_GCM_SHA384, TLS_ECDH_ECDSA_WITH_AES_128_GCM_SHA256, TLS_ECDH_RSA_WITH_AES_128_GCM_SHA256, TLS_ECDH_ECDSA_WITH_AES_256_CBC_SHA384, TLS_ECDH_RSA_WITH_AES_256_CBC_SHA384, TLS_ECDH_ECDSA_WITH_AES_128_CBC_SHA256, TLS_ECDH_RSA_WITH_AES_128_CBC_SHA256, TLS_ECDHE_ECDSA_WITH_AES_256_CBC_SHA, TLS_ECDHE_RSA_WITH_AES_256_CBC_SHA, TLS_ECDHE_ECDSA_WITH_AES_128_CBC_SHA, TLS_ECDHE_RSA_WITH_AES_128_CBC_SHA, TLS_DHE_RSA_WITH_AES_256_CBC_SHA, TLS_DHE_DSS_WITH_AES_256_CBC_SHA, TLS_DHE_RSA_WITH_AES_128_CBC_SHA, TLS_DHE_DSS_WITH_AES_128_CBC_SHA, TLS_ECDH_ECDSA_WITH_AES_256_CBC_SHA, TLS_ECDH_RSA_WITH_AES_256_CBC_SHA, TLS_ECDH_ECDSA_WITH_AES_128_CBC_SHA, TLS_ECDH_RSA_WITH_AES_128_CBC_SHA, TLS_RSA_WITH_AES_256_GCM_SHA384, TLS_RSA_WITH_AES_128_GCM_SHA256, TLS_RSA_WITH_AES_256_CBC_SHA256, TLS_RSA_WITH_AES_128_CBC_SHA256, TLS_RSA_WITH_AES_256_CBC_SHA, TLS_RSA_WITH_AES_128_CBC_SHA, TLS_EMPTY_RENEGOTIATION_INFO_SCSV]
09:47:05.981 [main] DEBUG org.apache.hc.client5.http.ssl.SSLConnectionSocketFactory - Starting handshake
09:47:06.041 [main] DEBUG org.apache.hc.client5.http.ssl.SSLConnectionSocketFactory - Secure session established
09:47:06.041 [main] DEBUG org.apache.hc.client5.http.ssl.SSLConnectionSocketFactory -  negotiated protocol: TLSv1.3
09:47:06.041 [main] DEBUG org.apache.hc.client5.http.ssl.SSLConnectionSocketFactory -  negotiated cipher suite: TLS_AES_256_GCM_SHA384
09:47:06.041 [main] DEBUG org.apache.hc.client5.http.ssl.SSLConnectionSocketFactory -  peer principal: CN=*.storage.googleapis.com
09:47:06.041 [main] DEBUG org.apache.hc.client5.http.ssl.SSLConnectionSocketFactory -  peer alternative names: [*.storage.googleapis.com, *.googleapis.com, commondatastorage.googleapis.com, *.commondatastorage.googleapis.com, storage.googleapis.com, storage-p2.googleapis.com, *.storage-p2.googleapis.com, storage.mtls.googleapis.com, *.appspot.com.storage.googleapis.com, *.content-storage.googleapis.com, *.content-storage-p2.googleapis.com, *.content-storage-upload.googleapis.com, *.content-storage-download.googleapis.com, *.storage-upload.googleapis.com, *.storage-download.googleapis.com]
09:47:06.041 [main] DEBUG org.apache.hc.client5.http.ssl.SSLConnectionSocketFactory -  issuer principal: CN=GTS CA 1C3, O=Google Trust Services LLC, C=US
09:47:06.041 [main] DEBUG org.apache.hc.client5.http.impl.io.DefaultHttpClientConnectionOperator - http-outgoing-2: connection established 192.168.100.42:63736<->34.101.5.123:443
09:47:06.041 [main] DEBUG org.apache.hc.client5.http.impl.io.PoolingHttpClientConnectionManager - ep-00000003: connected http-outgoing-2
09:47:06.041 [main] DEBUG org.apache.hc.client5.http.impl.classic.InternalHttpClient - ep-00000003: endpoint connected
09:47:06.041 [main] DEBUG org.apache.hc.client5.http.impl.classic.MainClientExec - ex-00000004: executing GET /LATEST_RELEASE HTTP/1.1
09:47:06.041 [main] DEBUG org.apache.hc.client5.http.impl.classic.InternalHttpClient - ep-00000003: start execution ex-00000004
09:47:06.041 [main] DEBUG org.apache.hc.client5.http.impl.io.PoolingHttpClientConnectionManager - ep-00000003: executing exchange ex-00000004 over http-outgoing-2
09:47:06.042 [main] DEBUG org.apache.hc.client5.http.headers - http-outgoing-2 >> GET /LATEST_RELEASE HTTP/1.1
09:47:06.042 [main] DEBUG org.apache.hc.client5.http.headers - http-outgoing-2 >> user-agent: Apache-HttpClient/5.0
09:47:06.042 [main] DEBUG org.apache.hc.client5.http.headers - http-outgoing-2 >> accept-encoding: gzip, deflate, br
09:47:06.042 [main] DEBUG org.apache.hc.client5.http.headers - http-outgoing-2 >> cache-control: max-age=0
09:47:06.042 [main] DEBUG org.apache.hc.client5.http.headers - http-outgoing-2 >> connection: keep-alive
09:47:06.042 [main] DEBUG org.apache.hc.client5.http.headers - http-outgoing-2 >> Host: chromedriver.storage.googleapis.com
09:47:06.042 [main] DEBUG org.apache.hc.client5.http.wire - http-outgoing-2 >> "GET /LATEST_RELEASE HTTP/1.1[\r][\n]"
09:47:06.042 [main] DEBUG org.apache.hc.client5.http.wire - http-outgoing-2 >> "user-agent: Apache-HttpClient/5.0[\r][\n]"
09:47:06.042 [main] DEBUG org.apache.hc.client5.http.wire - http-outgoing-2 >> "accept-encoding: gzip, deflate, br[\r][\n]"
09:47:06.042 [main] DEBUG org.apache.hc.client5.http.wire - http-outgoing-2 >> "cache-control: max-age=0[\r][\n]"
09:47:06.042 [main] DEBUG org.apache.hc.client5.http.wire - http-outgoing-2 >> "connection: keep-alive[\r][\n]"
09:47:06.043 [main] DEBUG org.apache.hc.client5.http.wire - http-outgoing-2 >> "Host: chromedriver.storage.googleapis.com[\r][\n]"
09:47:06.043 [main] DEBUG org.apache.hc.client5.http.wire - http-outgoing-2 >> "[\r][\n]"
09:47:06.067 [main] DEBUG org.apache.hc.client5.http.wire - http-outgoing-2 << "HTTP/1.1 200 OK[\r][\n]"
09:47:06.067 [main] DEBUG org.apache.hc.client5.http.wire - http-outgoing-2 << "X-GUploader-UploadID: ADPycdvnFAnOhlWGbRtUpcGBi5W3y6qEtkvwOJmj2uBu_cu5oupNFxxPFqsoSfNAPIUhE78QrkhmBqvlUQiAPhzQ2QAWS0sveOv3[\r][\n]"
09:47:06.067 [main] DEBUG org.apache.hc.client5.http.wire - http-outgoing-2 << "x-goog-generation: 1685523462105569[\r][\n]"
09:47:06.067 [main] DEBUG org.apache.hc.client5.http.wire - http-outgoing-2 << "x-goog-metageneration: 1[\r][\n]"
09:47:06.067 [main] DEBUG org.apache.hc.client5.http.wire - http-outgoing-2 << "x-goog-stored-content-encoding: identity[\r][\n]"
09:47:06.067 [main] DEBUG org.apache.hc.client5.http.wire - http-outgoing-2 << "x-goog-stored-content-length: 13[\r][\n]"
09:47:06.067 [main] DEBUG org.apache.hc.client5.http.wire - http-outgoing-2 << "x-goog-hash: crc32c=tVW4TA==[\r][\n]"
09:47:06.067 [main] DEBUG org.apache.hc.client5.http.wire - http-outgoing-2 << "x-goog-hash: md5=NoaEuIlBlniwTkiZ1T16sA==[\r][\n]"
09:47:06.067 [main] DEBUG org.apache.hc.client5.http.wire - http-outgoing-2 << "x-goog-storage-class: STANDARD[\r][\n]"
09:47:06.067 [main] DEBUG org.apache.hc.client5.http.wire - http-outgoing-2 << "Accept-Ranges: bytes[\r][\n]"
09:47:06.068 [main] DEBUG org.apache.hc.client5.http.wire - http-outgoing-2 << "Content-Length: 13[\r][\n]"
09:47:06.068 [main] DEBUG org.apache.hc.client5.http.wire - http-outgoing-2 << "Server: UploadServer[\r][\n]"
09:47:06.068 [main] DEBUG org.apache.hc.client5.http.wire - http-outgoing-2 << "Date: Sat, 30 Sep 2023 02:46:28 GMT[\r][\n]"
09:47:06.068 [main] DEBUG org.apache.hc.client5.http.wire - http-outgoing-2 << "Expires: Sat, 30 Sep 2023 03:46:28 GMT[\r][\n]"
09:47:06.068 [main] DEBUG org.apache.hc.client5.http.wire - http-outgoing-2 << "Cache-Control: public, max-age=3600[\r][\n]"
09:47:06.068 [main] DEBUG org.apache.hc.client5.http.wire - http-outgoing-2 << "Age: 48[\r][\n]"
09:47:06.068 [main] DEBUG org.apache.hc.client5.http.wire - http-outgoing-2 << "Last-Modified: Wed, 31 May 2023 08:57:42 GMT[\r][\n]"
09:47:06.068 [main] DEBUG org.apache.hc.client5.http.wire - http-outgoing-2 << "ETag: "368684b889419678b04e4899d53d7ab0"[\r][\n]"
09:47:06.068 [main] DEBUG org.apache.hc.client5.http.wire - http-outgoing-2 << "Content-Type: text/plain[\r][\n]"
09:47:06.068 [main] DEBUG org.apache.hc.client5.http.wire - http-outgoing-2 << "Alt-Svc: h3=":443"; ma=2592000,h3-29=":443"; ma=2592000[\r][\n]"
09:47:06.068 [main] DEBUG org.apache.hc.client5.http.wire - http-outgoing-2 << "[\r][\n]"
09:47:06.068 [main] DEBUG org.apache.hc.client5.http.wire - http-outgoing-2 << "114.0.5735.90"
09:47:06.068 [main] DEBUG org.apache.hc.client5.http.headers - http-outgoing-2 << HTTP/1.1 200 OK
09:47:06.068 [main] DEBUG org.apache.hc.client5.http.headers - http-outgoing-2 << X-GUploader-UploadID: ADPycdvnFAnOhlWGbRtUpcGBi5W3y6qEtkvwOJmj2uBu_cu5oupNFxxPFqsoSfNAPIUhE78QrkhmBqvlUQiAPhzQ2QAWS0sveOv3
09:47:06.068 [main] DEBUG org.apache.hc.client5.http.headers - http-outgoing-2 << x-goog-generation: 1685523462105569
09:47:06.068 [main] DEBUG org.apache.hc.client5.http.headers - http-outgoing-2 << x-goog-metageneration: 1
09:47:06.068 [main] DEBUG org.apache.hc.client5.http.headers - http-outgoing-2 << x-goog-stored-content-encoding: identity
09:47:06.068 [main] DEBUG org.apache.hc.client5.http.headers - http-outgoing-2 << x-goog-stored-content-length: 13
09:47:06.068 [main] DEBUG org.apache.hc.client5.http.headers - http-outgoing-2 << x-goog-hash: crc32c=tVW4TA==
09:47:06.068 [main] DEBUG org.apache.hc.client5.http.headers - http-outgoing-2 << x-goog-hash: md5=NoaEuIlBlniwTkiZ1T16sA==
09:47:06.068 [main] DEBUG org.apache.hc.client5.http.headers - http-outgoing-2 << x-goog-storage-class: STANDARD
09:47:06.068 [main] DEBUG org.apache.hc.client5.http.headers - http-outgoing-2 << Accept-Ranges: bytes
09:47:06.068 [main] DEBUG org.apache.hc.client5.http.headers - http-outgoing-2 << Content-Length: 13
09:47:06.068 [main] DEBUG org.apache.hc.client5.http.headers - http-outgoing-2 << Server: UploadServer
09:47:06.068 [main] DEBUG org.apache.hc.client5.http.headers - http-outgoing-2 << Date: Sat, 30 Sep 2023 02:46:28 GMT
09:47:06.068 [main] DEBUG org.apache.hc.client5.http.headers - http-outgoing-2 << Expires: Sat, 30 Sep 2023 03:46:28 GMT
09:47:06.068 [main] DEBUG org.apache.hc.client5.http.headers - http-outgoing-2 << Cache-Control: public, max-age=3600
09:47:06.068 [main] DEBUG org.apache.hc.client5.http.headers - http-outgoing-2 << Age: 48
09:47:06.068 [main] DEBUG org.apache.hc.client5.http.headers - http-outgoing-2 << Last-Modified: Wed, 31 May 2023 08:57:42 GMT
09:47:06.068 [main] DEBUG org.apache.hc.client5.http.headers - http-outgoing-2 << ETag: "368684b889419678b04e4899d53d7ab0"
09:47:06.068 [main] DEBUG org.apache.hc.client5.http.headers - http-outgoing-2 << Content-Type: text/plain
09:47:06.068 [main] DEBUG org.apache.hc.client5.http.headers - http-outgoing-2 << Alt-Svc: h3=":443"; ma=2592000,h3-29=":443"; ma=2592000
09:47:06.070 [main] DEBUG org.apache.hc.client5.http.impl.classic.MainClientExec - ex-00000004: connection can be kept alive for 3 MINUTES
09:47:06.070 [main] DEBUG org.apache.hc.client5.http.impl.classic.InternalHttpClient - ep-00000003: releasing valid endpoint
09:47:06.070 [main] DEBUG org.apache.hc.client5.http.impl.io.PoolingHttpClientConnectionManager - ep-00000003: releasing endpoint
09:47:06.070 [main] DEBUG org.apache.hc.client5.http.impl.io.PoolingHttpClientConnectionManager - ep-00000003: connection http-outgoing-2 can be kept alive for 3 MINUTES
09:47:06.070 [main] DEBUG org.apache.hc.client5.http.impl.io.PoolingHttpClientConnectionManager - ep-00000003: connection released [route: {s}->https://chromedriver.storage.googleapis.com:443][total available: 2; route allocated: 2 of 5; total allocated: 3 of 25]
09:47:06.070 [main] DEBUG io.github.bonigarcia.wdm.versions.VersionDetector - Latest version of chromedriver according to https://chromedriver.storage.googleapis.com/LATEST_RELEASE is 114.0.5735.90
09:47:06.072 [main] DEBUG io.github.bonigarcia.wdm.WebDriverManager - Driver chromedriver 114.0.5735.90 found in cache
09:47:06.074 [main] INFO io.github.bonigarcia.wdm.WebDriverManager - Exporting webdriver.chrome.driver as C:\Users\Bagas Dwi Saputra\.cache\selenium\chromedriver\win32\114.0.5735.90\chromedriver.exe
09:47:06.686 [main] DEBUG net.thucydides.core.reflection.ClassFinder - Could not load class net.serenitybdd.rest.utils.RestSpecificationFactory
09:47:07.044 [main] DEBUG net.thucydides.core.reflection.ClassFinder - Could not load class net.serenitybdd.rest.utils.RestSpecificationFactory
09:47:07.046 [main] INFO net.serenitybdd.core.webdriver.driverproviders.ProvideNewDriver - Instantiating driver
09:47:07.046 [main] INFO net.serenitybdd.core.webdriver.driverproviders.ProvideNewDriver - Driver capabilities: Capabilities {acceptInsecureCerts: false, base.url: https://app.jubelio.com, browserName: chrome, chrome.driver: src/test/resources/webdrive..., driver: chrome, goog:chromeOptions: {args: [], extensions: []}, loggingPrefs: org.openqa.selenium.logging...}
09:47:08.465 [main] DEBUG net.thucydides.core.reflection.ClassFinder - Could not load class net.serenitybdd.rest.utils.RestSpecificationFactory
09:47:14.918 [main] DEBUG net.serenitybdd.core.photography.Darkroom - Opening darkroom
09:47:14.920 [Darkroom Processing Line] DEBUG net.serenitybdd.core.photography.DarkroomProcessingLine - Darkroom processing line starting up
09:47:15.476 [main] DEBUG net.serenitybdd.core.photography.Darkroom - Send negative for processing for target\site\serenity\016c2024e225e73209755661f2c3924c55340c184ff1a0bc57a591aa7219c97a.png
09:47:15.476 [Darkroom Processing Line] DEBUG net.serenitybdd.core.photography.DarkroomProcessingLine - Processing screenshot image in /var/screenshots/screenshot-15764600204789957636
09:47:15.476 [Darkroom Processing Line] DEBUG net.serenitybdd.core.photography.DarkroomProcessingLine - Saving screenshot to target\site\serenity\016c2024e225e73209755661f2c3924c55340c184ff1a0bc57a591aa7219c97a.png
09:47:15.476 [main] DEBUG net.thucydides.core.steps.StepInterceptor - STEP DONE: openLink
09:47:15.861 [main] DEBUG net.serenitybdd.core.photography.Darkroom - Send negative for processing for target\site\serenity\d86bb99ca4b74cdefa115c5a2645bacb4c0cc871895a6fff5f0d38af68de8e18.png
09:47:15.865 [main] DEBUG net.thucydides.core.steps.StepInterceptor - STARTING STEP: InventoryStockSteps.loginClickButtonLogin - fills in the {string} with valid data email
09:47:15.865 [Darkroom Processing Line] DEBUG net.serenitybdd.core.photography.DarkroomProcessingLine - Processing screenshot image in /var/screenshots/screenshot-10858178251439067296
09:47:15.865 [Darkroom Processing Line] DEBUG net.serenitybdd.core.photography.DarkroomProcessingLine - Saving screenshot to target\site\serenity\d86bb99ca4b74cdefa115c5a2645bacb4c0cc871895a6fff5f0d38af68de8e18.png
09:47:16.203 [main] DEBUG net.serenitybdd.core.photography.Darkroom - Send negative for processing for target\site\serenity\faed2b1791be727aabc621b05d1d8e1cb7c60f86901fe12abe65b4bf4933aad4.png
09:47:16.204 [main] DEBUG net.thucydides.core.steps.StepInterceptor - STEP DONE: fills in the {string} with valid data email
09:47:16.204 [Darkroom Processing Line] DEBUG net.serenitybdd.core.photography.DarkroomProcessingLine - Processing screenshot image in /var/screenshots/screenshot-9522314746207382898
09:47:16.204 [Darkroom Processing Line] DEBUG net.serenitybdd.core.photography.DarkroomProcessingLine - Saving screenshot to target\site\serenity\faed2b1791be727aabc621b05d1d8e1cb7c60f86901fe12abe65b4bf4933aad4.png
09:47:16.208 [main] DEBUG net.thucydides.core.steps.StepInterceptor - STARTING STEP: InventoryStockSteps.loginClickButtonLogin - fill in the {string} with valid data pass
09:47:16.510 [main] DEBUG net.serenitybdd.core.photography.Darkroom - Send negative for processing for target\site\serenity\05b97a9015a3dc461ac8d0deee727622a75c7dd13e204ad2be83e82dc3ae2537.png
09:47:16.510 [main] DEBUG net.thucydides.core.steps.StepInterceptor - STEP DONE: fill in the {string} with valid data pass
09:47:16.510 [Darkroom Processing Line] DEBUG net.serenitybdd.core.photography.DarkroomProcessingLine - Processing screenshot image in /var/screenshots/screenshot-18093876076425377297
09:47:16.510 [Darkroom Processing Line] DEBUG net.serenitybdd.core.photography.DarkroomProcessingLine - Saving screenshot to target\site\serenity\05b97a9015a3dc461ac8d0deee727622a75c7dd13e204ad2be83e82dc3ae2537.png
09:47:16.884 [main] DEBUG net.serenitybdd.core.photography.Darkroom - Send negative for processing for target\site\serenity\03c57c9b983709cd2048e462a15e7b7e55283559c68512729549c915089f8a41.png
09:47:16.885 [main] DEBUG net.thucydides.core.steps.StepInterceptor - STARTING STEP: InventoryStockSteps.loginClickButtonLogin - clickbtnlogin
09:47:16.885 [Darkroom Processing Line] DEBUG net.serenitybdd.core.photography.DarkroomProcessingLine - Processing screenshot image in /var/screenshots/screenshot-13120380306494766129
09:47:16.885 [Darkroom Processing Line] DEBUG net.serenitybdd.core.photography.DarkroomProcessingLine - Saving screenshot to target\site\serenity\03c57c9b983709cd2048e462a15e7b7e55283559c68512729549c915089f8a41.png
09:47:17.494 [main] DEBUG net.serenitybdd.core.photography.Darkroom - Send negative for processing for target\site\serenity\982a58ddc72a4b813e5e8533c1904edc22d884c1f5616e5e5bd633a12cbd1bbc.png
09:47:17.494 [main] DEBUG net.thucydides.core.steps.StepInterceptor - STEP DONE: clickbtnlogin
09:47:17.494 [Darkroom Processing Line] DEBUG net.serenitybdd.core.photography.DarkroomProcessingLine - Processing screenshot image in /var/screenshots/screenshot-12390989386812588648
09:47:17.494 [Darkroom Processing Line] DEBUG net.serenitybdd.core.photography.DarkroomProcessingLine - Saving screenshot to target\site\serenity\982a58ddc72a4b813e5e8533c1904edc22d884c1f5616e5e5bd633a12cbd1bbc.png
09:47:19.169 [main] DEBUG net.serenitybdd.core.photography.Darkroom - Send negative for processing for target\site\serenity\063e9b83052cef652e811f230cfdb475dc9835de67e47b5f4c2cc81985f00cd2.png
09:47:19.169 [main] DEBUG net.thucydides.core.steps.StepInterceptor - STARTING STEP: InventoryStockSteps.loginClickButtonLogin - openUrlInventory
09:47:19.170 [Darkroom Processing Line] DEBUG net.serenitybdd.core.photography.DarkroomProcessingLine - Processing screenshot image in /var/screenshots/screenshot-8268877151348348071
09:47:19.170 [Darkroom Processing Line] DEBUG net.serenitybdd.core.photography.DarkroomProcessingLine - Saving screenshot to target\site\serenity\063e9b83052cef652e811f230cfdb475dc9835de67e47b5f4c2cc81985f00cd2.png
09:47:20.650 [main] DEBUG net.serenitybdd.core.photography.Darkroom - Send negative for processing for target\site\serenity\39c2910fcdae2e06e0162275f1fbc28f7bc3dd4b8e036f34692616eb96a02450.png
09:47:20.650 [main] DEBUG net.thucydides.core.steps.StepInterceptor - STEP DONE: openUrlInventory
09:47:20.650 [Darkroom Processing Line] DEBUG net.serenitybdd.core.photography.DarkroomProcessingLine - Processing screenshot image in /var/screenshots/screenshot-2794729293532187955
09:47:20.650 [Darkroom Processing Line] DEBUG net.serenitybdd.core.photography.DarkroomProcessingLine - Saving screenshot to target\site\serenity\39c2910fcdae2e06e0162275f1fbc28f7bc3dd4b8e036f34692616eb96a02450.png
  &amp#27;[32mGiven &amp#27;[0m&amp#27;[32mLogin &amp#27;[0m&amp#27;[32m&amp#27;[1m"qa.rakamin.jubelio@gmail.com"&amp#27;[0m&amp#27;[32m, &amp#27;[0m&amp#27;[32m&amp#27;[1m"Jubelio123!"&amp#27;[0m&amp#27;[32m, click button login&amp#27;[0m &amp#27;[90m# starter.stepdefinitios.InventoryStockSteps.loginClickButtonLogin(java.lang.String,java.lang.String)&amp#27;[0m
09:47:21.023 [main] DEBUG net.serenitybdd.core.photography.Darkroom - Send negative for processing for target\site\serenity\877fc4a515ba470cbdb4230815bf67e1c98100c532d5d0c6b951e87806febeb1.png
09:47:21.024 [Darkroom Processing Line] DEBUG net.serenitybdd.core.photography.DarkroomProcessingLine - Processing screenshot image in /var/screenshots/screenshot-6575932698657388288
09:47:21.024 [Darkroom Processing Line] DEBUG net.serenitybdd.core.photography.DarkroomProcessingLine - Saving screenshot to target\site\serenity\877fc4a515ba470cbdb4230815bf67e1c98100c532d5d0c6b951e87806febeb1.png
09:47:21.629 [main] DEBUG net.serenitybdd.core.photography.Darkroom - Send negative for processing for target\site\serenity\39c2910fcdae2e06e0162275f1fbc28f7bc3dd4b8e036f34692616eb96a02450.png
09:47:21.629 [main] DEBUG net.thucydides.core.steps.StepInterceptor - STARTING STEP: InventoryStockSteps.fillsInTheWithValidDataEmail - validatePagePersedian
09:47:21.924 [main] DEBUG net.serenitybdd.core.photography.Darkroom - Send negative for processing for target\site\serenity\39c2910fcdae2e06e0162275f1fbc28f7bc3dd4b8e036f34692616eb96a02450.png
09:47:21.924 [main] DEBUG net.thucydides.core.steps.StepInterceptor - STEP DONE: validatePagePersedian
09:47:22.258 [main] DEBUG net.serenitybdd.core.photography.Darkroom - Send negative for processing for target\site\serenity\39c2910fcdae2e06e0162275f1fbc28f7bc3dd4b8e036f34692616eb96a02450.png
09:47:22.258 [main] DEBUG net.thucydides.core.steps.StepInterceptor - STARTING STEP: InventoryStockSteps.fillsInTheWithValidDataEmail - btnPenyesuaianPersedian
09:47:22.563 [main] DEBUG net.serenitybdd.core.photography.Darkroom - Send negative for processing for target\site\serenity\09c21aedc400b32a08740e2a7050323376ebcc0428701141e1914c0f0c11467e.png
09:47:22.564 [main] DEBUG net.thucydides.core.steps.StepInterceptor - STEP DONE: btnPenyesuaianPersedian
  &amp#27;[32mAnd &amp#27;[0m&amp#27;[32man inventory adjustment button click&amp#27;[0m                                      &amp#27;[90m# starter.stepdefinitios.InventoryStockSteps.fillsInTheWithValidDataEmail()&amp#27;[0m
09:47:22.579 [Darkroom Processing Line] DEBUG net.serenitybdd.core.photography.DarkroomProcessingLine - Processing screenshot image in /var/screenshots/screenshot-14878297662641264578
09:47:22.579 [Darkroom Processing Line] DEBUG net.serenitybdd.core.photography.DarkroomProcessingLine - Saving screenshot to target\site\serenity\09c21aedc400b32a08740e2a7050323376ebcc0428701141e1914c0f0c11467e.png
09:47:23.225 [main] DEBUG net.serenitybdd.core.photography.Darkroom - Send negative for processing for target\site\serenity\270254ece9e8fbbc059de346e2779964aedc353194e6467ece5e4008e990c115.png
09:47:23.225 [main] DEBUG net.thucydides.core.steps.StepInterceptor - STARTING STEP: InventoryStockSteps.validateTheInventoryAdjustmentPage - validatePenyesuaianPersediaa
09:47:23.226 [Darkroom Processing Line] DEBUG net.serenitybdd.core.photography.DarkroomProcessingLine - Processing screenshot image in /var/screenshots/screenshot-10964798601651074585
09:47:23.226 [Darkroom Processing Line] DEBUG net.serenitybdd.core.photography.DarkroomProcessingLine - Saving screenshot to target\site\serenity\270254ece9e8fbbc059de346e2779964aedc353194e6467ece5e4008e990c115.png
09:47:23.439 [main] DEBUG net.serenitybdd.core.photography.Darkroom - Send negative for processing for target\site\serenity\270254ece9e8fbbc059de346e2779964aedc353194e6467ece5e4008e990c115.png
09:47:23.439 [main] DEBUG net.thucydides.core.steps.StepInterceptor - STEP DONE: validatePenyesuaianPersediaa
  &amp#27;[32mAnd &amp#27;[0m&amp#27;[32mvalidate the inventory adjustment page&amp#27;[0m                                    &amp#27;[90m# starter.stepdefinitios.InventoryStockSteps.validateTheInventoryAdjustmentPage()&amp#27;[0m
09:47:23.742 [main] DEBUG net.serenitybdd.core.photography.Darkroom - Send negative for processing for target\site\serenity\270254ece9e8fbbc059de346e2779964aedc353194e6467ece5e4008e990c115.png
09:47:23.742 [main] DEBUG net.thucydides.core.steps.StepInterceptor - STARTING STEP: InventoryStockSteps.click - btnLokasi
09:47:23.950 [main] DEBUG net.serenitybdd.core.photography.Darkroom - Send negative for processing for target\site\serenity\57e72828bf819d20335fd5ac04454d512305c0d5d9a58966f263e72d67ede661.png
09:47:23.950 [main] DEBUG net.thucydides.core.steps.StepInterceptor - STEP DONE: btnLokasi
09:47:23.950 [Darkroom Processing Line] DEBUG net.serenitybdd.core.photography.DarkroomProcessingLine - Processing screenshot image in /var/screenshots/screenshot-10453261584989206071
09:47:23.950 [Darkroom Processing Line] DEBUG net.serenitybdd.core.photography.DarkroomProcessingLine - Saving screenshot to target\site\serenity\57e72828bf819d20335fd5ac04454d512305c0d5d9a58966f263e72d67ede661.png
09:47:24.200 [main] DEBUG net.serenitybdd.core.photography.Darkroom - Send negative for processing for target\site\serenity\57e72828bf819d20335fd5ac04454d512305c0d5d9a58966f263e72d67ede661.png
09:47:24.200 [main] DEBUG net.thucydides.core.steps.StepInterceptor - STARTING STEP: InventoryStockSteps.click - btnVarisi
09:47:24.395 [main] DEBUG net.serenitybdd.core.photography.Darkroom - Send negative for processing for target\site\serenity\270254ece9e8fbbc059de346e2779964aedc353194e6467ece5e4008e990c115.png
09:47:24.395 [main] DEBUG net.thucydides.core.steps.StepInterceptor - STEP DONE: btnVarisi
  &amp#27;[32mAnd &amp#27;[0m&amp#27;[32mclick &amp#27;[0m&amp#27;[32m&amp#27;[1m"Pusat"&amp#27;[0m                                                             &amp#27;[90m# starter.stepdefinitios.InventoryStockSteps.click(java.lang.String)&amp#27;[0m
09:47:24.411 [main] DEBUG net.thucydides.core.steps.StepInterceptor - STARTING STEP: InventoryStockSteps.youSelectAnItem - btnPilihBarang
09:47:24.738 [main] DEBUG net.serenitybdd.core.photography.Darkroom - Send negative for processing for target\site\serenity\4157b0d0b29b6aa54d03cc969b05dab532713ac5fc4f6a8ac46165eb9ebb8b65.png
09:47:24.738 [main] DEBUG net.thucydides.core.steps.StepInterceptor - STEP DONE: btnPilihBarang
09:47:24.739 [Darkroom Processing Line] DEBUG net.serenitybdd.core.photography.DarkroomProcessingLine - Processing screenshot image in /var/screenshots/screenshot-18051227710854587397
09:47:24.739 [Darkroom Processing Line] DEBUG net.serenitybdd.core.photography.DarkroomProcessingLine - Saving screenshot to target\site\serenity\4157b0d0b29b6aa54d03cc969b05dab532713ac5fc4f6a8ac46165eb9ebb8b65.png
09:47:25.382 [main] DEBUG net.serenitybdd.core.photography.Darkroom - Send negative for processing for target\site\serenity\4926bd55a1b323dd21b64ae0eaadb718247f51e16dbdd51161e97e1c27408fd8.png
09:47:25.382 [main] DEBUG net.thucydides.core.steps.StepInterceptor - STARTING STEP: InventoryStockSteps.youSelectAnItem - btnBarang
09:47:25.382 [Darkroom Processing Line] DEBUG net.serenitybdd.core.photography.DarkroomProcessingLine - Processing screenshot image in /var/screenshots/screenshot-2918777411297972783
09:47:25.382 [Darkroom Processing Line] DEBUG net.serenitybdd.core.photography.DarkroomProcessingLine - Saving screenshot to target\site\serenity\4926bd55a1b323dd21b64ae0eaadb718247f51e16dbdd51161e97e1c27408fd8.png
09:47:25.729 [main] DEBUG net.serenitybdd.core.photography.Darkroom - Send negative for processing for target\site\serenity\f39991a51b672aa0414ffa2997e16c27c6effc2cd1e26eb60fa404d61f6f11ba.png
09:47:25.729 [main] DEBUG net.thucydides.core.steps.StepInterceptor - STEP DONE: btnBarang
09:47:25.729 [Darkroom Processing Line] DEBUG net.serenitybdd.core.photography.DarkroomProcessingLine - Processing screenshot image in /var/screenshots/screenshot-2941854082514793940
09:47:25.729 [Darkroom Processing Line] DEBUG net.serenitybdd.core.photography.DarkroomProcessingLine - Saving screenshot to target\site\serenity\f39991a51b672aa0414ffa2997e16c27c6effc2cd1e26eb60fa404d61f6f11ba.png
09:47:26.350 [main] DEBUG net.serenitybdd.core.photography.Darkroom - Send negative for processing for target\site\serenity\f39991a51b672aa0414ffa2997e16c27c6effc2cd1e26eb60fa404d61f6f11ba.png
09:47:26.350 [main] DEBUG net.thucydides.core.steps.StepInterceptor - STARTING STEP: InventoryStockSteps.youSelectAnItem - btnSimpan
09:47:26.573 [main] DEBUG net.serenitybdd.core.photography.Darkroom - Send negative for processing for target\site\serenity\e917939544bf2d4f9fa4b87127d5719e7eb6fabc4d4e0b16e8d567e3ebf6da8a.png
09:47:26.573 [main] DEBUG net.thucydides.core.steps.StepInterceptor - STEP DONE: btnSimpan
  &amp#27;[32mWhen &amp#27;[0m&amp#27;[32myou select an item&amp#27;[0m                                                       &amp#27;[90m# starter.stepdefinitios.InventoryStockSteps.youSelectAnItem()&amp#27;[0m
09:47:26.573 [Darkroom Processing Line] DEBUG net.serenitybdd.core.photography.DarkroomProcessingLine - Processing screenshot image in /var/screenshots/screenshot-9509958253476920700
09:47:26.573 [Darkroom Processing Line] DEBUG net.serenitybdd.core.photography.DarkroomProcessingLine - Saving screenshot to target\site\serenity\e917939544bf2d4f9fa4b87127d5719e7eb6fabc4d4e0b16e8d567e3ebf6da8a.png
09:47:26.968 [main] DEBUG net.serenitybdd.core.photography.Darkroom - Send negative for processing for target\site\serenity\f164770c51449122271dd561cdee18ba021857bca524c8763eab74e4f0482b50.png
09:47:26.973 [main] DEBUG net.thucydides.core.steps.StepInterceptor - STARTING STEP: InventoryStockSteps.validateTheNameSuccessfully - validatePagePersedian
09:47:26.973 [Darkroom Processing Line] DEBUG net.serenitybdd.core.photography.DarkroomProcessingLine - Processing screenshot image in /var/screenshots/screenshot-3036247562533842494
09:47:26.974 [Darkroom Processing Line] DEBUG net.serenitybdd.core.photography.DarkroomProcessingLine - Saving screenshot to target\site\serenity\f164770c51449122271dd561cdee18ba021857bca524c8763eab74e4f0482b50.png
09:47:27.281 [main] DEBUG net.serenitybdd.core.photography.Darkroom - Send negative for processing for target\site\serenity\1b752ed4950363c7fff1885cc18f0747e05536f0744de2f6b6bff74bf8d922fb.png
09:47:27.281 [main] DEBUG net.thucydides.core.steps.StepInterceptor - STEP DONE: validatePagePersedian
09:47:27.289 [Darkroom Processing Line] DEBUG net.serenitybdd.core.photography.DarkroomProcessingLine - Processing screenshot image in /var/screenshots/screenshot-15046956827448303613
09:47:27.289 [Darkroom Processing Line] DEBUG net.serenitybdd.core.photography.DarkroomProcessingLine - Saving screenshot to target\site\serenity\1b752ed4950363c7fff1885cc18f0747e05536f0744de2f6b6bff74bf8d922fb.png
09:47:27.533 [main] DEBUG net.serenitybdd.core.photography.Darkroom - Send negative for processing for target\site\serenity\1b752ed4950363c7fff1885cc18f0747e05536f0744de2f6b6bff74bf8d922fb.png
09:47:27.533 [main] DEBUG net.thucydides.core.steps.StepInterceptor - STARTING STEP: InventoryStockSteps.validateTheNameSuccessfully - fieldSearch
09:47:27.778 [main] DEBUG net.serenitybdd.core.photography.Darkroom - Send negative for processing for target\site\serenity\6fc8743542eb45d1ec019d0545acb3404d3a73bb097109ec352d6e51664cea15.png
09:47:27.778 [main] DEBUG net.thucydides.core.steps.StepInterceptor - STEP DONE: fieldSearch
09:47:27.778 [Darkroom Processing Line] DEBUG net.serenitybdd.core.photography.DarkroomProcessingLine - Processing screenshot image in /var/screenshots/screenshot-10181903394431954838
09:47:27.778 [Darkroom Processing Line] DEBUG net.serenitybdd.core.photography.DarkroomProcessingLine - Saving screenshot to target\site\serenity\6fc8743542eb45d1ec019d0545acb3404d3a73bb097109ec352d6e51664cea15.png
09:47:27.784 [main] DEBUG net.thucydides.core.steps.StepInterceptor - STARTING STEP: InventoryStockSteps.validateTheNameSuccessfully - btnSearch
09:47:28.047 [main] DEBUG net.serenitybdd.core.photography.Darkroom - Send negative for processing for target\site\serenity\079340c6ed08a794d6e30d01d3b8f92945023f524865385d2f30138665d0bb9d.png
09:47:28.047 [main] DEBUG net.thucydides.core.steps.StepInterceptor - STEP DONE: btnSearch
09:47:28.047 [Darkroom Processing Line] DEBUG net.serenitybdd.core.photography.DarkroomProcessingLine - Processing screenshot image in /var/screenshots/screenshot-7092461842253224916
09:47:28.047 [Darkroom Processing Line] DEBUG net.serenitybdd.core.photography.DarkroomProcessingLine - Saving screenshot to target\site\serenity\079340c6ed08a794d6e30d01d3b8f92945023f524865385d2f30138665d0bb9d.png
09:47:28.309 [main] DEBUG net.serenitybdd.core.photography.Darkroom - Send negative for processing for target\site\serenity\73e1f9efec08512b841f5e86d079f0a049def6457b320df926e9f195905cdd32.png
09:47:28.309 [main] DEBUG net.thucydides.core.steps.StepInterceptor - STARTING STEP: InventoryStockSteps.validateTheNameSuccessfully - validateTeksBarang
09:47:28.309 [Darkroom Processing Line] DEBUG net.serenitybdd.core.photography.DarkroomProcessingLine - Processing screenshot image in /var/screenshots/screenshot-13723606173921243956
09:47:28.309 [Darkroom Processing Line] DEBUG net.serenitybdd.core.photography.DarkroomProcessingLine - Saving screenshot to target\site\serenity\73e1f9efec08512b841f5e86d079f0a049def6457b320df926e9f195905cdd32.png
09:47:28.529 [main] DEBUG net.serenitybdd.core.photography.Darkroom - Send negative for processing for target\site\serenity\73e1f9efec08512b841f5e86d079f0a049def6457b320df926e9f195905cdd32.png
09:47:28.530 [main] DEBUG net.thucydides.core.steps.StepInterceptor - STEP DONE: validateTeksBarang
  &amp#27;[32mThen &amp#27;[0m&amp#27;[32mvalidate the name &amp#27;[0m&amp#27;[32m&amp#27;[1m"Naruto"&amp#27;[0m&amp#27;[32m successfully&amp#27;[0m                                  &amp#27;[90m# starter.stepdefinitios.InventoryStockSteps.validateTheNameSuccessfully(java.lang.String)&amp#27;[0m
09:47:28.607 [main] DEBUG net.thucydides.core.reflection.ClassFinder - Could not load class net.serenitybdd.rest.utils.RestSpecificationFactory
09:47:28.750 [main] INFO  - 
  _____   ___   ___   _____     ___     _     ___   ___   ___   ___  
 |_   _| | __| / __| |_   _|   | _ \   /_\   / __| / __| | __| |   \ 
   | |   | _|  \__ \   | |     |  _/  / _ \  \__ \ \__ \ | _|  | |) |
   |_|   |___| |___/   |_|     |_|   /_/ \_\ |___/ |___/ |___| |___/ 

Inventory Stock
----------------------------------------------------------------------
]]></system-out>
    <system-err><![CDATA[Starting ChromeDriver 117.0.5938.88 (be6afae4721209be42944bbcd325665f9f44563b-refs/branch-heads/5938_62@{#9}) on port 27008
Only local connections are allowed.
Please see https://chromedriver.chromium.org/security-considerations for suggestions on keeping ChromeDriver safe.
ChromeDriver was started successfully.
Sep 30, 2023 9:47:08 AM org.openqa.selenium.remote.ProtocolHandshake createSession
INFO: Detected dialect: W3C
]]></system-err>
  </testcase>
  <testcase name="Inventory Stock #2" classname="Inventory Stock at app.jubelio" time="17.202">
    <system-out><![CDATA[
@Inventory @InventoryStock
Scenario Outline: Inventory Stock                                               &amp#27;[90m# src/test/resources/features/user/inventorystock.feature:16&amp#27;[0m
09:47:28.764 [main] INFO io.cucumber.core.plugin.SerenityReporter - Running feature from file:///D:/QE/Automation/Jubelio-Website/src/test/resources/features/user/inventorystock.feature
09:47:28.942 [main] DEBUG net.thucydides.core.steps.StepInterceptor - STARTING STEP: InventoryStockSteps.loginClickButtonLogin - openLink
09:47:28.945 [main] INFO net.serenitybdd.core.webdriver.driverproviders.ChromeDriverProvider - Using automatically driver download
09:47:28.952 [main] DEBUG org.apache.hc.client5.http.impl.classic.InternalHttpClient - ex-00000005: preparing request execution
09:47:28.952 [main] DEBUG org.apache.hc.client5.http.protocol.RequestAddCookies - Cookie spec selected: strict
09:47:28.956 [main] DEBUG org.apache.hc.client5.http.protocol.RequestAuthCache - Auth cache not set in the context
09:47:28.956 [main] DEBUG org.apache.hc.client5.http.impl.classic.ProtocolExec - ex-00000005: target auth state: UNCHALLENGED
09:47:28.956 [main] DEBUG org.apache.hc.client5.http.impl.classic.ProtocolExec - ex-00000005: proxy auth state: UNCHALLENGED
09:47:28.956 [main] DEBUG org.apache.hc.client5.http.impl.classic.ConnectExec - ex-00000005: acquiring connection with route {s}->https://raw.githubusercontent.com:443
09:47:28.956 [main] DEBUG org.apache.hc.client5.http.impl.classic.InternalHttpClient - ex-00000005: acquiring endpoint (3 MINUTES)
09:47:28.956 [main] DEBUG org.apache.hc.client5.http.impl.io.PoolingHttpClientConnectionManager - ex-00000005: endpoint lease request (3 MINUTES) [route: {s}->https://raw.githubusercontent.com:443][total available: 0; route allocated: 0 of 5; total allocated: 0 of 25]
09:47:28.956 [main] DEBUG org.apache.hc.client5.http.impl.io.PoolingHttpClientConnectionManager - ex-00000005: endpoint leased [route: {s}->https://raw.githubusercontent.com:443][total available: 0; route allocated: 1 of 5; total allocated: 1 of 25]
09:47:28.956 [main] DEBUG org.apache.hc.client5.http.impl.io.PoolingHttpClientConnectionManager - ex-00000005: acquired ep-00000004
09:47:28.956 [main] DEBUG org.apache.hc.client5.http.impl.classic.InternalHttpClient - ex-00000005: acquired endpoint ep-00000004
09:47:28.956 [main] DEBUG org.apache.hc.client5.http.impl.classic.ConnectExec - ex-00000005: opening connection {s}->https://raw.githubusercontent.com:443
09:47:28.956 [main] DEBUG org.apache.hc.client5.http.impl.classic.InternalHttpClient - ep-00000004: connecting endpoint (30 SECONDS)
09:47:28.956 [main] DEBUG org.apache.hc.client5.http.impl.io.PoolingHttpClientConnectionManager - ep-00000004: connecting endpoint to https://raw.githubusercontent.com:443 (30 SECONDS)
09:47:28.956 [main] DEBUG org.apache.hc.client5.http.impl.io.DefaultHttpClientConnectionOperator - http-outgoing-3: connecting to raw.githubusercontent.com/185.199.108.133:443
09:47:28.956 [main] DEBUG org.apache.hc.client5.http.ssl.SSLConnectionSocketFactory - Connecting socket to raw.githubusercontent.com/185.199.108.133:443 with timeout 30 SECONDS
09:47:28.978 [main] DEBUG org.apache.hc.client5.http.ssl.SSLConnectionSocketFactory - Enabled protocols: [TLSv1.3, TLSv1.2]
09:47:28.978 [main] DEBUG org.apache.hc.client5.http.ssl.SSLConnectionSocketFactory - Enabled cipher suites: [TLS_AES_256_GCM_SHA384, TLS_AES_128_GCM_SHA256, TLS_CHACHA20_POLY1305_SHA256, TLS_ECDHE_ECDSA_WITH_AES_256_GCM_SHA384, TLS_ECDHE_ECDSA_WITH_AES_128_GCM_SHA256, TLS_ECDHE_ECDSA_WITH_CHACHA20_POLY1305_SHA256, TLS_ECDHE_RSA_WITH_AES_256_GCM_SHA384, TLS_ECDHE_RSA_WITH_CHACHA20_POLY1305_SHA256, TLS_ECDHE_RSA_WITH_AES_128_GCM_SHA256, TLS_DHE_RSA_WITH_AES_256_GCM_SHA384, TLS_DHE_RSA_WITH_CHACHA20_POLY1305_SHA256, TLS_DHE_DSS_WITH_AES_256_GCM_SHA384, TLS_DHE_RSA_WITH_AES_128_GCM_SHA256, TLS_DHE_DSS_WITH_AES_128_GCM_SHA256, TLS_ECDHE_ECDSA_WITH_AES_256_CBC_SHA384, TLS_ECDHE_RSA_WITH_AES_256_CBC_SHA384, TLS_ECDHE_ECDSA_WITH_AES_128_CBC_SHA256, TLS_ECDHE_RSA_WITH_AES_128_CBC_SHA256, TLS_DHE_RSA_WITH_AES_256_CBC_SHA256, TLS_DHE_DSS_WITH_AES_256_CBC_SHA256, TLS_DHE_RSA_WITH_AES_128_CBC_SHA256, TLS_DHE_DSS_WITH_AES_128_CBC_SHA256, TLS_ECDH_ECDSA_WITH_AES_256_GCM_SHA384, TLS_ECDH_RSA_WITH_AES_256_GCM_SHA384, TLS_ECDH_ECDSA_WITH_AES_128_GCM_SHA256, TLS_ECDH_RSA_WITH_AES_128_GCM_SHA256, TLS_ECDH_ECDSA_WITH_AES_256_CBC_SHA384, TLS_ECDH_RSA_WITH_AES_256_CBC_SHA384, TLS_ECDH_ECDSA_WITH_AES_128_CBC_SHA256, TLS_ECDH_RSA_WITH_AES_128_CBC_SHA256, TLS_ECDHE_ECDSA_WITH_AES_256_CBC_SHA, TLS_ECDHE_RSA_WITH_AES_256_CBC_SHA, TLS_ECDHE_ECDSA_WITH_AES_128_CBC_SHA, TLS_ECDHE_RSA_WITH_AES_128_CBC_SHA, TLS_DHE_RSA_WITH_AES_256_CBC_SHA, TLS_DHE_DSS_WITH_AES_256_CBC_SHA, TLS_DHE_RSA_WITH_AES_128_CBC_SHA, TLS_DHE_DSS_WITH_AES_128_CBC_SHA, TLS_ECDH_ECDSA_WITH_AES_256_CBC_SHA, TLS_ECDH_RSA_WITH_AES_256_CBC_SHA, TLS_ECDH_ECDSA_WITH_AES_128_CBC_SHA, TLS_ECDH_RSA_WITH_AES_128_CBC_SHA, TLS_RSA_WITH_AES_256_GCM_SHA384, TLS_RSA_WITH_AES_128_GCM_SHA256, TLS_RSA_WITH_AES_256_CBC_SHA256, TLS_RSA_WITH_AES_128_CBC_SHA256, TLS_RSA_WITH_AES_256_CBC_SHA, TLS_RSA_WITH_AES_128_CBC_SHA, TLS_EMPTY_RENEGOTIATION_INFO_SCSV]
09:47:28.978 [main] DEBUG org.apache.hc.client5.http.ssl.SSLConnectionSocketFactory - Starting handshake
09:47:29.048 [main] DEBUG org.apache.hc.client5.http.ssl.SSLConnectionSocketFactory - Secure session established
09:47:29.048 [main] DEBUG org.apache.hc.client5.http.ssl.SSLConnectionSocketFactory -  negotiated protocol: TLSv1.3
09:47:29.053 [main] DEBUG org.apache.hc.client5.http.ssl.SSLConnectionSocketFactory -  negotiated cipher suite: TLS_AES_256_GCM_SHA384
09:47:29.053 [main] DEBUG org.apache.hc.client5.http.ssl.SSLConnectionSocketFactory -  peer principal: CN=*.github.io, O="GitHub, Inc.", L=San Francisco, ST=California, C=US
09:47:29.053 [main] DEBUG org.apache.hc.client5.http.ssl.SSLConnectionSocketFactory -  peer alternative names: [*.github.io, github.io, *.github.com, github.com, www.github.com, *.githubusercontent.com, githubusercontent.com]
09:47:29.053 [main] DEBUG org.apache.hc.client5.http.ssl.SSLConnectionSocketFactory -  issuer principal: CN=DigiCert TLS RSA SHA256 2020 CA1, O=DigiCert Inc, C=US
09:47:29.053 [main] DEBUG org.apache.hc.client5.http.impl.io.DefaultHttpClientConnectionOperator - http-outgoing-3: connection established 192.168.100.42:63807<->185.199.108.133:443
09:47:29.053 [main] DEBUG org.apache.hc.client5.http.impl.io.PoolingHttpClientConnectionManager - ep-00000004: connected http-outgoing-3
09:47:29.053 [main] DEBUG org.apache.hc.client5.http.impl.classic.InternalHttpClient - ep-00000004: endpoint connected
09:47:29.053 [main] DEBUG org.apache.hc.client5.http.impl.classic.MainClientExec - ex-00000005: executing GET /bonigarcia/webdrivermanager/master/src/main/resources/commands.properties HTTP/1.1
09:47:29.053 [main] DEBUG org.apache.hc.client5.http.impl.classic.InternalHttpClient - ep-00000004: start execution ex-00000005
09:47:29.053 [main] DEBUG org.apache.hc.client5.http.impl.io.PoolingHttpClientConnectionManager - ep-00000004: executing exchange ex-00000005 over http-outgoing-3
09:47:29.053 [main] DEBUG org.apache.hc.client5.http.headers - http-outgoing-3 >> GET /bonigarcia/webdrivermanager/master/src/main/resources/commands.properties HTTP/1.1
09:47:29.053 [main] DEBUG org.apache.hc.client5.http.headers - http-outgoing-3 >> user-agent: Apache-HttpClient/5.0
09:47:29.053 [main] DEBUG org.apache.hc.client5.http.headers - http-outgoing-3 >> accept-encoding: gzip, deflate, br
09:47:29.055 [main] DEBUG org.apache.hc.client5.http.headers - http-outgoing-3 >> cache-control: max-age=0
09:47:29.055 [main] DEBUG org.apache.hc.client5.http.headers - http-outgoing-3 >> connection: keep-alive
09:47:29.055 [main] DEBUG org.apache.hc.client5.http.headers - http-outgoing-3 >> Host: raw.githubusercontent.com
09:47:29.055 [main] DEBUG org.apache.hc.client5.http.wire - http-outgoing-3 >> "GET /bonigarcia/webdrivermanager/master/src/main/resources/commands.properties HTTP/1.1[\r][\n]"
09:47:29.055 [main] DEBUG org.apache.hc.client5.http.wire - http-outgoing-3 >> "user-agent: Apache-HttpClient/5.0[\r][\n]"
09:47:29.055 [main] DEBUG org.apache.hc.client5.http.wire - http-outgoing-3 >> "accept-encoding: gzip, deflate, br[\r][\n]"
09:47:29.055 [main] DEBUG org.apache.hc.client5.http.wire - http-outgoing-3 >> "cache-control: max-age=0[\r][\n]"
09:47:29.055 [main] DEBUG org.apache.hc.client5.http.wire - http-outgoing-3 >> "connection: keep-alive[\r][\n]"
09:47:29.055 [main] DEBUG org.apache.hc.client5.http.wire - http-outgoing-3 >> "Host: raw.githubusercontent.com[\r][\n]"
09:47:29.055 [main] DEBUG org.apache.hc.client5.http.wire - http-outgoing-3 >> "[\r][\n]"
09:47:29.085 [main] DEBUG org.apache.hc.client5.http.wire - http-outgoing-3 << "HTTP/1.1 200 OK[\r][\n]"
09:47:29.085 [main] DEBUG org.apache.hc.client5.http.wire - http-outgoing-3 << "Connection: keep-alive[\r][\n]"
09:47:29.085 [main] DEBUG org.apache.hc.client5.http.wire - http-outgoing-3 << "Content-Length: 723[\r][\n]"
09:47:29.085 [main] DEBUG org.apache.hc.client5.http.wire - http-outgoing-3 << "Cache-Control: max-age=300[\r][\n]"
09:47:29.085 [main] DEBUG org.apache.hc.client5.http.wire - http-outgoing-3 << "Content-Security-Policy: default-src 'none'; style-src 'unsafe-inline'; sandbox[\r][\n]"
09:47:29.085 [main] DEBUG org.apache.hc.client5.http.wire - http-outgoing-3 << "Content-Type: text/plain; charset=utf-8[\r][\n]"
09:47:29.085 [main] DEBUG org.apache.hc.client5.http.wire - http-outgoing-3 << "ETag: W/"e82b438271e9e8680c688b0b680efd0bdd22faa6d6f0a32fc1fd8accc486b67e"[\r][\n]"
09:47:29.085 [main] DEBUG org.apache.hc.client5.http.wire - http-outgoing-3 << "Strict-Transport-Security: max-age=31536000[\r][\n]"
09:47:29.085 [main] DEBUG org.apache.hc.client5.http.wire - http-outgoing-3 << "X-Content-Type-Options: nosniff[\r][\n]"
09:47:29.085 [main] DEBUG org.apache.hc.client5.http.wire - http-outgoing-3 << "X-Frame-Options: deny[\r][\n]"
09:47:29.085 [main] DEBUG org.apache.hc.client5.http.wire - http-outgoing-3 << "X-XSS-Protection: 1; mode=block[\r][\n]"
09:47:29.085 [main] DEBUG org.apache.hc.client5.http.wire - http-outgoing-3 << "X-GitHub-Request-Id: 4CA0:B8C7F:70C4E:8CACE:651389F9[\r][\n]"
09:47:29.085 [main] DEBUG org.apache.hc.client5.http.wire - http-outgoing-3 << "Content-Encoding: gzip[\r][\n]"
09:47:29.085 [main] DEBUG org.apache.hc.client5.http.wire - http-outgoing-3 << "Accept-Ranges: bytes[\r][\n]"
09:47:29.085 [main] DEBUG org.apache.hc.client5.http.wire - http-outgoing-3 << "Date: Sat, 30 Sep 2023 02:47:39 GMT[\r][\n]"
09:47:29.085 [main] DEBUG org.apache.hc.client5.http.wire - http-outgoing-3 << "Via: 1.1 varnish[\r][\n]"
09:47:29.085 [main] DEBUG org.apache.hc.client5.http.wire - http-outgoing-3 << "X-Served-By: cache-qpg1230-QPG[\r][\n]"
09:47:29.085 [main] DEBUG org.apache.hc.client5.http.wire - http-outgoing-3 << "X-Cache: HIT[\r][\n]"
09:47:29.085 [main] DEBUG org.apache.hc.client5.http.wire - http-outgoing-3 << "X-Cache-Hits: 6[\r][\n]"
09:47:29.085 [main] DEBUG org.apache.hc.client5.http.wire - http-outgoing-3 << "X-Timer: S1696042060.914621,VS0,VE0[\r][\n]"
09:47:29.085 [main] DEBUG org.apache.hc.client5.http.wire - http-outgoing-3 << "Vary: Authorization,Accept-Encoding,Origin[\r][\n]"
09:47:29.085 [main] DEBUG org.apache.hc.client5.http.wire - http-outgoing-3 << "Access-Control-Allow-Origin: *[\r][\n]"
09:47:29.085 [main] DEBUG org.apache.hc.client5.http.wire - http-outgoing-3 << "Cross-Origin-Resource-Policy: cross-origin[\r][\n]"
09:47:29.085 [main] DEBUG org.apache.hc.client5.http.wire - http-outgoing-3 << "X-Fastly-Request-ID: 4e87d32f732594edcbeede29a78c84134b3a8c94[\r][\n]"
09:47:29.085 [main] DEBUG org.apache.hc.client5.http.wire - http-outgoing-3 << "Expires: Sat, 30 Sep 2023 02:52:39 GMT[\r][\n]"
09:47:29.085 [main] DEBUG org.apache.hc.client5.http.wire - http-outgoing-3 << "Source-Age: 271[\r][\n]"
09:47:29.085 [main] DEBUG org.apache.hc.client5.http.wire - http-outgoing-3 << "[\r][\n]"
09:47:29.085 [main] DEBUG org.apache.hc.client5.http.headers - http-outgoing-3 << HTTP/1.1 200 OK
09:47:29.085 [main] DEBUG org.apache.hc.client5.http.headers - http-outgoing-3 << Connection: keep-alive
09:47:29.085 [main] DEBUG org.apache.hc.client5.http.headers - http-outgoing-3 << Content-Length: 723
09:47:29.085 [main] DEBUG org.apache.hc.client5.http.headers - http-outgoing-3 << Cache-Control: max-age=300
09:47:29.085 [main] DEBUG org.apache.hc.client5.http.headers - http-outgoing-3 << Content-Security-Policy: default-src 'none'; style-src 'unsafe-inline'; sandbox
09:47:29.085 [main] DEBUG org.apache.hc.client5.http.headers - http-outgoing-3 << Content-Type: text/plain; charset=utf-8
09:47:29.085 [main] DEBUG org.apache.hc.client5.http.headers - http-outgoing-3 << ETag: W/"e82b438271e9e8680c688b0b680efd0bdd22faa6d6f0a32fc1fd8accc486b67e"
09:47:29.085 [main] DEBUG org.apache.hc.client5.http.headers - http-outgoing-3 << Strict-Transport-Security: max-age=31536000
09:47:29.085 [main] DEBUG org.apache.hc.client5.http.headers - http-outgoing-3 << X-Content-Type-Options: nosniff
09:47:29.085 [main] DEBUG org.apache.hc.client5.http.headers - http-outgoing-3 << X-Frame-Options: deny
09:47:29.085 [main] DEBUG org.apache.hc.client5.http.headers - http-outgoing-3 << X-XSS-Protection: 1; mode=block
09:47:29.085 [main] DEBUG org.apache.hc.client5.http.headers - http-outgoing-3 << X-GitHub-Request-Id: 4CA0:B8C7F:70C4E:8CACE:651389F9
09:47:29.085 [main] DEBUG org.apache.hc.client5.http.headers - http-outgoing-3 << Content-Encoding: gzip
09:47:29.085 [main] DEBUG org.apache.hc.client5.http.headers - http-outgoing-3 << Accept-Ranges: bytes
09:47:29.085 [main] DEBUG org.apache.hc.client5.http.headers - http-outgoing-3 << Date: Sat, 30 Sep 2023 02:47:39 GMT
09:47:29.085 [main] DEBUG org.apache.hc.client5.http.headers - http-outgoing-3 << Via: 1.1 varnish
09:47:29.085 [main] DEBUG org.apache.hc.client5.http.headers - http-outgoing-3 << X-Served-By: cache-qpg1230-QPG
09:47:29.085 [main] DEBUG org.apache.hc.client5.http.headers - http-outgoing-3 << X-Cache: HIT
09:47:29.085 [main] DEBUG org.apache.hc.client5.http.headers - http-outgoing-3 << X-Cache-Hits: 6
09:47:29.085 [main] DEBUG org.apache.hc.client5.http.headers - http-outgoing-3 << X-Timer: S1696042060.914621,VS0,VE0
09:47:29.085 [main] DEBUG org.apache.hc.client5.http.headers - http-outgoing-3 << Vary: Authorization,Accept-Encoding,Origin
09:47:29.085 [main] DEBUG org.apache.hc.client5.http.headers - http-outgoing-3 << Access-Control-Allow-Origin: *
09:47:29.085 [main] DEBUG org.apache.hc.client5.http.headers - http-outgoing-3 << Cross-Origin-Resource-Policy: cross-origin
09:47:29.085 [main] DEBUG org.apache.hc.client5.http.headers - http-outgoing-3 << X-Fastly-Request-ID: 4e87d32f732594edcbeede29a78c84134b3a8c94
09:47:29.085 [main] DEBUG org.apache.hc.client5.http.headers - http-outgoing-3 << Expires: Sat, 30 Sep 2023 02:52:39 GMT
09:47:29.085 [main] DEBUG org.apache.hc.client5.http.headers - http-outgoing-3 << Source-Age: 271
09:47:29.085 [main] DEBUG org.apache.hc.client5.http.impl.classic.MainClientExec - ex-00000005: connection can be kept alive for 3 MINUTES
09:47:29.085 [main] DEBUG org.apache.hc.client5.http.wire - http-outgoing-3 << "[0x1f][0xffffff8b][0x8][0x0][0x0][0x0][0x0][0x0][0x0][0x3][0xffffffb5]V]o[0xffffffda]0[0x14]}[0xffffffe7]W\[0xffffff81]*[0xffffffb5][0x12][0x1f][[M[0xffffffd3]$[0x1e]hF[0xffffffbb]i [0x18][0xffffffb4][0xffffffdd]&[0xfffffff9][0xffffffc5]$7[0xffffffc1]R[0x12]#;[0xffffff94]v[0xffffffbf]~[0xffffffb6][0xfffffff3]1[0xffffff92][0xffffff9a][0xffffffc1][0x1a]x[0xffffffcb][0xffffffb5][0xffffffaf][0xffffffcf]9[0xffffffbe][0xfffffff7]8v[0xb][0x1c][0x1e]E4[0xfffffff6]$x4[0xffffffa1][0xb]*[0xffffffb1][0xffffffd1][0xffffff82][0xfffffffb]%[0xffffff93][0xffffffe0][0xffffffb3][0x10][0xffffffc1][0xffffffe5]qBY,!Y[0xffffffea] KM8,[0x10][0xfffffff0][0x19][0xffffffdd]u[0xffffff82][0x1e][0xffffffb0][0xffffffd8]L[0xffffffcb]%[0xffffff86][0xffffffa1][0xe][0xffffffb8][0xfffffff0]P[0xffffffe8]$[0xf][0x13]t[0x13]3[0xfffffff9][0xffffff84]B2[0xffffffae][0xffffffe6]|@[0xfffffff5][0x1d][0x8][0xffffffc4][0x18][0x16][0xffffff82]o[0xffffffa4][0xffffff9a]P[0xffffff94][0xffffffe7][0xffffffce]R[0xfffffff0][0x8][0xffffffdb]p[0xffffffcb][0x4][0xfffffffa][0xfffffffc][0xffffffb9][\r][0xffffff93][0x15][\n]"
09:47:29.085 [main] DEBUG org.apache.hc.client5.http.wire - http-outgoing-3 << "[0xffffffda][0xffffff86][0xffffffa1][0x17][0xffffffa8]Q3[0xffffffcb][0xffffffd6][0xffffffd1][0xffffff85][0xffffffc6][0xfffffff7][0xffffff98][0xffffffef][0xffffffa3][0xffffffc0]8[0x1][0xffffffae]s[0x12][0x16][0x7] _d[0xffffff82][0xffffff91][0xffffff84][0xfffffff3][0x1f],[0xfffffff6][0x14]j[0x1b]F,^+[0xffffff98]1ua2[0xffffffbf]h([0xffffff8e][0xffffff94][0xffffffa2][0xffffff91]m[0xffffffa3][0xffffffeb][0xffffff9a][0xffffffb0][0xffffffbb]I[0x17]t[0xffffffdf][0xffffffbd][0xffffffef][0xffffffbb][0xffffff91][0xffffffd7]U[0xffffffbb][0xffffff82][0xffffff9e][0x3][0xffffff9b][0xffffff88][0xffffffb9][0xffffffa6]$[0xffffffa6][0xc][0xffffff9b][0xffffffa5][0xffffffe2][0xffffff83][0xffffff98]F[0xffffffd8]o[0xffffff9e]Mg[0xffffff93][0xffffffbb][0xffffffd9]`|[0xfffffffb]u4[0xffffff9c][0x7f]"}B[0xffffffce][0x8][0xffffffb9][0xffffffe3]<[0x8][0xffffff91][0xffffff90][0xffffff94][0xffffff82][0xffffff90][0xffffffc1]j[0x15]2WI[0xffffffe3]1![0x19][0xffffff91]BnB[0xffffff80][0x9]<f[0xffffffb5][0xffffffe8]=[0xffffffd1]p[0xffffffbd][[0xffffffcf][0xffffffe5][0x1b][0xfffffff4][0xffffff9c][0xffffffff][0xfffffffc][0xfffffff8][0xffffffe1][0xffffffe2][0xffffff94][0xffffffa2][0xffffffae][0xe][0x14]5[0xffffff9a]8[0xffffff83][0xffffffd1]`:[0xfffffffd]<[0xffffffb8][0x1f][0xffffff9c]R[0xffffffcf]u[0x7f]6[0xffffffbc][0xffffff83][0xffffffef][0xf][0xffffffc3][0xffffffd9]/[0xfffffff8][0xfffffff2][0xffffffcd]y s[0xffffffee]'[0x1b]*0g[0xffffffcb][0xffffffc8]nF7H][0xffffff83][0xffffff97]{[0xffffffb1]Q[0x5][\r][0xffffffb5]c[0xffffffb4][0xf][0x2][0xffffffb3][0xffffffb4][0xffffff93][0xe]C[0xffffffa7][0xffffffb3]kAD][0xffffff9d][0xffffffde][0xffffffdb][0xffffffda][0xffffff88][0xffffffec][0xffffffa5][0xffffffbc][0xffffff99][0xffffffd9][0xffffffba]t[0xffffffb5][0xffffffea]9[0xffffffea][0x10])[0xffffffb7][0xffffffca][0xffffff9e][0xfffffff2][0xffffffe2]d^N[0xffffffd8]FW[0x16][0xffffffcd][0xffffffdc]_[0x10][0xfffffff9]i|[0x1c][0xffffff93][0xffffff8e][0xfffffff9]o[0x16][0xffffff86]4'!$G[0xffffffdf]W[0xfffffff4]W*j[[0xfffffff3]xR[0xffffffae][0xffffffb6][0xc][0xffffffd0],; #[0xffffffa9][0xffffff92]5[0xffffffb5][0x7][0xffffff9c][0xffffffb5][0xffffffd0][0x7f][0xffffff90][0xffffffc7]jgs[0xfffffffc][0xffffffc2][0xb][0xffffffd9][0x0]t[0xffffff9e]^'Y[0xfffffffb][0xffffff9f][0xffffffb1][0xffffffd8]:[0xffffffbf][0xffffff8d][0xffffffa5][0xffffff9a][0xffffffad][0x7f]m[0x5]&[0xffffffaa][0xffffffa0]^[0xffffff9b][0xffffffcb][0x5]f[0xffffffae][0xffffffe0]RU[0xffffff82][0x10]MS9l[0xffffff91]4t[0xfffffffb][0xffffff8a]][0xffffffd6][0xfffffff4][0xffffff96][0xffffffa6][0xffffff9f]P[0xffffffce][0xffffffd5][0xffffffce][0xffffff93][0xffffffff][0xffffff97][0xffffffcc]p[0xfffffffd][0xfffffff3][0xffffffe8][0x1b][0xffffffcc][0xffffffa2][0xffffffd9]Q[0xffffffbe][0xffffffb2][0xffffffa3][0xffffffc7]m'[0xffffffdf][0xffffffe4][[0xfffffffb]^[0xffffffb0][0xffffff9a][0xffffffbe][0xffffffda][0xffffffda]_[0xffffffce][0xffffff80][0xffffffd2][0xffffffc1]7[0xffffffb7]][0xffffffc1]b[0xffffffee][0xffffffb5][0xffffffff]w[0xffffff83][0xffffffed][0xffffffa7];[0x15]<[0x10]4[0xffffff92][0xffffff84][0x18][\n]"
09:47:29.085 [main] DEBUG org.apache.hc.client5.http.wire - http-outgoing-3 << "BB[0xffffffba][0xffffff8e]][0xffffffb5]jo[0xffffffb9]+"[0xffffffea][0xffffffb4][0xffffffff]h"[0xffffffea]\?5[0xffffffa9][0xffffffaf]k[0xffffffec][0xffffffff]P[0xffffffea][\n]"
09:47:29.085 [main] DEBUG org.apache.hc.client5.http.wire - http-outgoing-3 << "w[0xffffffe1]K[0x13][0xffffffda][0xffffffec][0xffffff98][0xffffffe6]Y[0xfffffffd]h8m6[0xffffff9c]T[0xffffffc1][0xfffffff2][0xffffffa7][0xffffff91]z_[0xffffff95]o85p[0x1c][0x13][0xffffffe6][0xfffffff0]5[0xffffffee][0xfffffffc][0xffffff92][0xffffff96][0xffffffda][0xfffffff7][0xffffffcf][0xffffffb1][0x5][0x1d][0xffffffea]K[0xffffff9b]9[0xffffff8e][0xffffffad]e[0xfffffff7][0xffffff93][0xffffffa8]`[0xffffffda][0xffffffff][0x1a][0xffffffd2][0xffffff88][0xffffff85][0xfffffffd][0xfffffff2][0xffffff91]N[0xfffffff6]`[0xffffffdf]2[0xffffffcf][0xffffffae]E[0xffffff97][0xffffffc5][0xffffffa2][0xffffff9d][0xffffffef]'[0xffffff9d]mun.[0xffffffd3]f^[0xffffffc7][0xffffff82][0xffffffda][0xffffff82]9[0xfffffff5][0xffffffa9]`[0x5][0xffffffbc]4[0xffffffa1][0x1d]<M[0xffffffb5]A[0xffffffa7]3[[0xffffffc0][0x7f][0x0][0xffffffc1][0xffffffd0]$[0xffffff85][0x1d][\r][0x0][0x0]"
09:47:29.085 [main] DEBUG org.apache.hc.client5.http.impl.classic.InternalHttpClient - ep-00000004: releasing valid endpoint
09:47:29.085 [main] DEBUG org.apache.hc.client5.http.impl.io.PoolingHttpClientConnectionManager - ep-00000004: releasing endpoint
09:47:29.085 [main] DEBUG org.apache.hc.client5.http.impl.io.PoolingHttpClientConnectionManager - ep-00000004: connection http-outgoing-3 can be kept alive for 3 MINUTES
09:47:29.085 [main] DEBUG org.apache.hc.client5.http.impl.io.PoolingHttpClientConnectionManager - ep-00000004: connection released [route: {s}->https://raw.githubusercontent.com:443][total available: 1; route allocated: 1 of 5; total allocated: 1 of 25]
09:47:29.085 [main] DEBUG io.github.bonigarcia.wdm.versions.VersionDetector - Detecting chrome version using online commands.properties
09:47:29.100 [main] DEBUG io.github.bonigarcia.wdm.versions.Shell - Running command on the shell: [cmd.exe, /C, wmic, datafile, where, name="%PROGRAMFILES:\=\\%\\Google\\Chrome\\Application\\chrome.exe", get, Version, /value]
09:47:29.203 [main] DEBUG io.github.bonigarcia.wdm.versions.Shell - Result: Version=117.0.5938.132
09:47:29.204 [main] DEBUG org.apache.hc.client5.http.impl.classic.InternalHttpClient - ex-00000006: preparing request execution
09:47:29.204 [main] DEBUG org.apache.hc.client5.http.protocol.RequestAddCookies - Cookie spec selected: strict
09:47:29.204 [main] DEBUG org.apache.hc.client5.http.protocol.RequestAuthCache - Auth cache not set in the context
09:47:29.204 [main] DEBUG org.apache.hc.client5.http.impl.classic.ProtocolExec - ex-00000006: target auth state: UNCHALLENGED
09:47:29.204 [main] DEBUG org.apache.hc.client5.http.impl.classic.ProtocolExec - ex-00000006: proxy auth state: UNCHALLENGED
09:47:29.204 [main] DEBUG org.apache.hc.client5.http.impl.classic.ConnectExec - ex-00000006: acquiring connection with route {s}->https://chromedriver.storage.googleapis.com:443
09:47:29.204 [main] DEBUG org.apache.hc.client5.http.impl.classic.InternalHttpClient - ex-00000006: acquiring endpoint (3 MINUTES)
09:47:29.204 [main] DEBUG org.apache.hc.client5.http.impl.io.PoolingHttpClientConnectionManager - ex-00000006: endpoint lease request (3 MINUTES) [route: {s}->https://chromedriver.storage.googleapis.com:443][total available: 1; route allocated: 0 of 5; total allocated: 1 of 25]
09:47:29.204 [main] DEBUG org.apache.hc.client5.http.impl.io.PoolingHttpClientConnectionManager - ex-00000006: endpoint leased [route: {s}->https://chromedriver.storage.googleapis.com:443][total available: 1; route allocated: 1 of 5; total allocated: 2 of 25]
09:47:29.204 [main] DEBUG org.apache.hc.client5.http.impl.io.PoolingHttpClientConnectionManager - ex-00000006: acquired ep-00000005
09:47:29.204 [main] DEBUG org.apache.hc.client5.http.impl.classic.InternalHttpClient - ex-00000006: acquired endpoint ep-00000005
09:47:29.204 [main] DEBUG org.apache.hc.client5.http.impl.classic.ConnectExec - ex-00000006: opening connection {s}->https://chromedriver.storage.googleapis.com:443
09:47:29.204 [main] DEBUG org.apache.hc.client5.http.impl.classic.InternalHttpClient - ep-00000005: connecting endpoint (30 SECONDS)
09:47:29.204 [main] DEBUG org.apache.hc.client5.http.impl.io.PoolingHttpClientConnectionManager - ep-00000005: connecting endpoint to https://chromedriver.storage.googleapis.com:443 (30 SECONDS)
09:47:29.204 [main] DEBUG org.apache.hc.client5.http.impl.io.DefaultHttpClientConnectionOperator - http-outgoing-4: connecting to chromedriver.storage.googleapis.com/34.101.5.123:443
09:47:29.204 [main] DEBUG org.apache.hc.client5.http.ssl.SSLConnectionSocketFactory - Connecting socket to chromedriver.storage.googleapis.com/34.101.5.123:443 with timeout 30 SECONDS
09:47:29.204 [main] DEBUG org.apache.hc.client5.http.ssl.SSLConnectionSocketFactory - Enabled protocols: [TLSv1.3, TLSv1.2]
09:47:29.204 [main] DEBUG org.apache.hc.client5.http.ssl.SSLConnectionSocketFactory - Enabled cipher suites: [TLS_AES_256_GCM_SHA384, TLS_AES_128_GCM_SHA256, TLS_CHACHA20_POLY1305_SHA256, TLS_ECDHE_ECDSA_WITH_AES_256_GCM_SHA384, TLS_ECDHE_ECDSA_WITH_AES_128_GCM_SHA256, TLS_ECDHE_ECDSA_WITH_CHACHA20_POLY1305_SHA256, TLS_ECDHE_RSA_WITH_AES_256_GCM_SHA384, TLS_ECDHE_RSA_WITH_CHACHA20_POLY1305_SHA256, TLS_ECDHE_RSA_WITH_AES_128_GCM_SHA256, TLS_DHE_RSA_WITH_AES_256_GCM_SHA384, TLS_DHE_RSA_WITH_CHACHA20_POLY1305_SHA256, TLS_DHE_DSS_WITH_AES_256_GCM_SHA384, TLS_DHE_RSA_WITH_AES_128_GCM_SHA256, TLS_DHE_DSS_WITH_AES_128_GCM_SHA256, TLS_ECDHE_ECDSA_WITH_AES_256_CBC_SHA384, TLS_ECDHE_RSA_WITH_AES_256_CBC_SHA384, TLS_ECDHE_ECDSA_WITH_AES_128_CBC_SHA256, TLS_ECDHE_RSA_WITH_AES_128_CBC_SHA256, TLS_DHE_RSA_WITH_AES_256_CBC_SHA256, TLS_DHE_DSS_WITH_AES_256_CBC_SHA256, TLS_DHE_RSA_WITH_AES_128_CBC_SHA256, TLS_DHE_DSS_WITH_AES_128_CBC_SHA256, TLS_ECDH_ECDSA_WITH_AES_256_GCM_SHA384, TLS_ECDH_RSA_WITH_AES_256_GCM_SHA384, TLS_ECDH_ECDSA_WITH_AES_128_GCM_SHA256, TLS_ECDH_RSA_WITH_AES_128_GCM_SHA256, TLS_ECDH_ECDSA_WITH_AES_256_CBC_SHA384, TLS_ECDH_RSA_WITH_AES_256_CBC_SHA384, TLS_ECDH_ECDSA_WITH_AES_128_CBC_SHA256, TLS_ECDH_RSA_WITH_AES_128_CBC_SHA256, TLS_ECDHE_ECDSA_WITH_AES_256_CBC_SHA, TLS_ECDHE_RSA_WITH_AES_256_CBC_SHA, TLS_ECDHE_ECDSA_WITH_AES_128_CBC_SHA, TLS_ECDHE_RSA_WITH_AES_128_CBC_SHA, TLS_DHE_RSA_WITH_AES_256_CBC_SHA, TLS_DHE_DSS_WITH_AES_256_CBC_SHA, TLS_DHE_RSA_WITH_AES_128_CBC_SHA, TLS_DHE_DSS_WITH_AES_128_CBC_SHA, TLS_ECDH_ECDSA_WITH_AES_256_CBC_SHA, TLS_ECDH_RSA_WITH_AES_256_CBC_SHA, TLS_ECDH_ECDSA_WITH_AES_128_CBC_SHA, TLS_ECDH_RSA_WITH_AES_128_CBC_SHA, TLS_RSA_WITH_AES_256_GCM_SHA384, TLS_RSA_WITH_AES_128_GCM_SHA256, TLS_RSA_WITH_AES_256_CBC_SHA256, TLS_RSA_WITH_AES_128_CBC_SHA256, TLS_RSA_WITH_AES_256_CBC_SHA, TLS_RSA_WITH_AES_128_CBC_SHA, TLS_EMPTY_RENEGOTIATION_INFO_SCSV]
09:47:29.204 [main] DEBUG org.apache.hc.client5.http.ssl.SSLConnectionSocketFactory - Starting handshake
09:47:29.250 [main] DEBUG org.apache.hc.client5.http.ssl.SSLConnectionSocketFactory - Secure session established
09:47:29.250 [main] DEBUG org.apache.hc.client5.http.ssl.SSLConnectionSocketFactory -  negotiated protocol: TLSv1.3
09:47:29.250 [main] DEBUG org.apache.hc.client5.http.ssl.SSLConnectionSocketFactory -  negotiated cipher suite: TLS_AES_256_GCM_SHA384
09:47:29.250 [main] DEBUG org.apache.hc.client5.http.ssl.SSLConnectionSocketFactory -  peer principal: CN=*.storage.googleapis.com
09:47:29.250 [main] DEBUG org.apache.hc.client5.http.ssl.SSLConnectionSocketFactory -  peer alternative names: [*.storage.googleapis.com, *.googleapis.com, commondatastorage.googleapis.com, *.commondatastorage.googleapis.com, storage.googleapis.com, storage-p2.googleapis.com, *.storage-p2.googleapis.com, storage.mtls.googleapis.com, *.appspot.com.storage.googleapis.com, *.content-storage.googleapis.com, *.content-storage-p2.googleapis.com, *.content-storage-upload.googleapis.com, *.content-storage-download.googleapis.com, *.storage-upload.googleapis.com, *.storage-download.googleapis.com]
09:47:29.250 [main] DEBUG org.apache.hc.client5.http.ssl.SSLConnectionSocketFactory -  issuer principal: CN=GTS CA 1C3, O=Google Trust Services LLC, C=US
09:47:29.250 [main] DEBUG org.apache.hc.client5.http.impl.io.DefaultHttpClientConnectionOperator - http-outgoing-4: connection established 192.168.100.42:63808<->34.101.5.123:443
09:47:29.250 [main] DEBUG org.apache.hc.client5.http.impl.io.PoolingHttpClientConnectionManager - ep-00000005: connected http-outgoing-4
09:47:29.250 [main] DEBUG org.apache.hc.client5.http.impl.classic.InternalHttpClient - ep-00000005: endpoint connected
09:47:29.250 [main] DEBUG org.apache.hc.client5.http.impl.classic.MainClientExec - ex-00000006: executing GET /LATEST_RELEASE_117 HTTP/1.1
09:47:29.250 [main] DEBUG org.apache.hc.client5.http.impl.classic.InternalHttpClient - ep-00000005: start execution ex-00000006
09:47:29.250 [main] DEBUG org.apache.hc.client5.http.impl.io.PoolingHttpClientConnectionManager - ep-00000005: executing exchange ex-00000006 over http-outgoing-4
09:47:29.250 [main] DEBUG org.apache.hc.client5.http.headers - http-outgoing-4 >> GET /LATEST_RELEASE_117 HTTP/1.1
09:47:29.250 [main] DEBUG org.apache.hc.client5.http.headers - http-outgoing-4 >> user-agent: Apache-HttpClient/5.0
09:47:29.250 [main] DEBUG org.apache.hc.client5.http.headers - http-outgoing-4 >> accept-encoding: gzip, deflate, br
09:47:29.250 [main] DEBUG org.apache.hc.client5.http.headers - http-outgoing-4 >> cache-control: max-age=0
09:47:29.250 [main] DEBUG org.apache.hc.client5.http.headers - http-outgoing-4 >> connection: keep-alive
09:47:29.250 [main] DEBUG org.apache.hc.client5.http.headers - http-outgoing-4 >> Host: chromedriver.storage.googleapis.com
09:47:29.250 [main] DEBUG org.apache.hc.client5.http.wire - http-outgoing-4 >> "GET /LATEST_RELEASE_117 HTTP/1.1[\r][\n]"
09:47:29.250 [main] DEBUG org.apache.hc.client5.http.wire - http-outgoing-4 >> "user-agent: Apache-HttpClient/5.0[\r][\n]"
09:47:29.250 [main] DEBUG org.apache.hc.client5.http.wire - http-outgoing-4 >> "accept-encoding: gzip, deflate, br[\r][\n]"
09:47:29.250 [main] DEBUG org.apache.hc.client5.http.wire - http-outgoing-4 >> "cache-control: max-age=0[\r][\n]"
09:47:29.250 [main] DEBUG org.apache.hc.client5.http.wire - http-outgoing-4 >> "connection: keep-alive[\r][\n]"
09:47:29.250 [main] DEBUG org.apache.hc.client5.http.wire - http-outgoing-4 >> "Host: chromedriver.storage.googleapis.com[\r][\n]"
09:47:29.250 [main] DEBUG org.apache.hc.client5.http.wire - http-outgoing-4 >> "[\r][\n]"
09:47:29.547 [main] DEBUG org.apache.hc.client5.http.wire - http-outgoing-4 << "HTTP/1.1 404 Not Found[\r][\n]"
09:47:29.547 [main] DEBUG org.apache.hc.client5.http.wire - http-outgoing-4 << "X-GUploader-UploadID: ADPycdvRHXh05yvwzx4olWjURwkffYaDwPd-WnvGR_Y68N5GSUAi7PYrnWC_Bh8rwqsik32HRMycEyzdEQ8m0j42pgprP39__acj[\r][\n]"
09:47:29.547 [main] DEBUG org.apache.hc.client5.http.wire - http-outgoing-4 << "Content-Type: application/xml; charset=UTF-8[\r][\n]"
09:47:29.547 [main] DEBUG org.apache.hc.client5.http.wire - http-outgoing-4 << "Content-Length: 193[\r][\n]"
09:47:29.547 [main] DEBUG org.apache.hc.client5.http.wire - http-outgoing-4 << "Date: Sat, 30 Sep 2023 02:47:40 GMT[\r][\n]"
09:47:29.547 [main] DEBUG org.apache.hc.client5.http.wire - http-outgoing-4 << "Expires: Sat, 30 Sep 2023 02:47:40 GMT[\r][\n]"
09:47:29.547 [main] DEBUG org.apache.hc.client5.http.wire - http-outgoing-4 << "Cache-Control: private, max-age=0[\r][\n]"
09:47:29.547 [main] DEBUG org.apache.hc.client5.http.wire - http-outgoing-4 << "Server: UploadServer[\r][\n]"
09:47:29.547 [main] DEBUG org.apache.hc.client5.http.wire - http-outgoing-4 << "Alt-Svc: h3=":443"; ma=2592000,h3-29=":443"; ma=2592000[\r][\n]"
09:47:29.547 [main] DEBUG org.apache.hc.client5.http.wire - http-outgoing-4 << "[\r][\n]"
09:47:29.547 [main] DEBUG org.apache.hc.client5.http.wire - http-outgoing-4 << "<?xml version='1.0' encoding='UTF-8'?><Error><Code>NoSuchKey</Code><Message>The specified key does not exist.</Message><Details>No such object: chromedriver/LATEST_RELEASE_117</Details></Error>"
09:47:29.547 [main] DEBUG org.apache.hc.client5.http.headers - http-outgoing-4 << HTTP/1.1 404 Not Found
09:47:29.547 [main] DEBUG org.apache.hc.client5.http.headers - http-outgoing-4 << X-GUploader-UploadID: ADPycdvRHXh05yvwzx4olWjURwkffYaDwPd-WnvGR_Y68N5GSUAi7PYrnWC_Bh8rwqsik32HRMycEyzdEQ8m0j42pgprP39__acj
09:47:29.547 [main] DEBUG org.apache.hc.client5.http.headers - http-outgoing-4 << Content-Type: application/xml; charset=UTF-8
09:47:29.547 [main] DEBUG org.apache.hc.client5.http.headers - http-outgoing-4 << Content-Length: 193
09:47:29.547 [main] DEBUG org.apache.hc.client5.http.headers - http-outgoing-4 << Date: Sat, 30 Sep 2023 02:47:40 GMT
09:47:29.547 [main] DEBUG org.apache.hc.client5.http.headers - http-outgoing-4 << Expires: Sat, 30 Sep 2023 02:47:40 GMT
09:47:29.547 [main] DEBUG org.apache.hc.client5.http.headers - http-outgoing-4 << Cache-Control: private, max-age=0
09:47:29.547 [main] DEBUG org.apache.hc.client5.http.headers - http-outgoing-4 << Server: UploadServer
09:47:29.547 [main] DEBUG org.apache.hc.client5.http.headers - http-outgoing-4 << Alt-Svc: h3=":443"; ma=2592000,h3-29=":443"; ma=2592000
09:47:29.547 [main] DEBUG org.apache.hc.client5.http.impl.classic.MainClientExec - ex-00000006: connection can be kept alive for 3 MINUTES
09:47:29.547 [main] ERROR io.github.bonigarcia.wdm.online.HttpClient - Error HTTP 404 executing https://chromedriver.storage.googleapis.com/LATEST_RELEASE_117
09:47:29.547 [main] WARN io.github.bonigarcia.wdm.versions.VersionDetector - Exception reading https://chromedriver.storage.googleapis.com/LATEST_RELEASE_117 to get latest version of chromedriver (Error HTTP 404 executing https://chromedriver.storage.googleapis.com/LATEST_RELEASE_117)
09:47:29.547 [main] DEBUG io.github.bonigarcia.wdm.versions.VersionDetector - Getting driver version for chrome117 from online versions.properties
09:47:29.547 [main] DEBUG org.apache.hc.client5.http.impl.classic.InternalHttpClient - ex-00000007: preparing request execution
09:47:29.547 [main] DEBUG org.apache.hc.client5.http.protocol.RequestAddCookies - Cookie spec selected: strict
09:47:29.547 [main] DEBUG org.apache.hc.client5.http.protocol.RequestAuthCache - Auth cache not set in the context
09:47:29.547 [main] DEBUG org.apache.hc.client5.http.impl.classic.ProtocolExec - ex-00000007: target auth state: UNCHALLENGED
09:47:29.547 [main] DEBUG org.apache.hc.client5.http.impl.classic.ProtocolExec - ex-00000007: proxy auth state: UNCHALLENGED
09:47:29.547 [main] DEBUG org.apache.hc.client5.http.impl.classic.ConnectExec - ex-00000007: acquiring connection with route {s}->https://raw.githubusercontent.com:443
09:47:29.547 [main] DEBUG org.apache.hc.client5.http.impl.classic.InternalHttpClient - ex-00000007: acquiring endpoint (3 MINUTES)
09:47:29.547 [main] DEBUG org.apache.hc.client5.http.impl.io.PoolingHttpClientConnectionManager - ex-00000007: endpoint lease request (3 MINUTES) [route: {s}->https://raw.githubusercontent.com:443][total available: 1; route allocated: 1 of 5; total allocated: 2 of 25]
09:47:29.547 [main] DEBUG org.apache.hc.client5.http.impl.io.PoolingHttpClientConnectionManager - ex-00000007: endpoint leased [route: {s}->https://raw.githubusercontent.com:443][total available: 0; route allocated: 1 of 5; total allocated: 2 of 25]
09:47:29.547 [main] DEBUG org.apache.hc.client5.http.impl.io.PoolingHttpClientConnectionManager - ex-00000007: acquired ep-00000006
09:47:29.547 [main] DEBUG org.apache.hc.client5.http.impl.classic.InternalHttpClient - ex-00000007: acquired endpoint ep-00000006
09:47:29.547 [main] DEBUG org.apache.hc.client5.http.impl.classic.MainClientExec - ex-00000007: executing GET /bonigarcia/webdrivermanager/master/src/main/resources/versions.properties HTTP/1.1
09:47:29.547 [main] DEBUG org.apache.hc.client5.http.impl.classic.InternalHttpClient - ep-00000006: start execution ex-00000007
09:47:29.547 [main] DEBUG org.apache.hc.client5.http.impl.io.PoolingHttpClientConnectionManager - ep-00000006: executing exchange ex-00000007 over http-outgoing-3
09:47:29.547 [main] DEBUG org.apache.hc.client5.http.headers - http-outgoing-3 >> GET /bonigarcia/webdrivermanager/master/src/main/resources/versions.properties HTTP/1.1
09:47:29.547 [main] DEBUG org.apache.hc.client5.http.headers - http-outgoing-3 >> user-agent: Apache-HttpClient/5.0
09:47:29.547 [main] DEBUG org.apache.hc.client5.http.headers - http-outgoing-3 >> accept-encoding: gzip, deflate, br
09:47:29.547 [main] DEBUG org.apache.hc.client5.http.headers - http-outgoing-3 >> cache-control: max-age=0
09:47:29.547 [main] DEBUG org.apache.hc.client5.http.headers - http-outgoing-3 >> connection: keep-alive
09:47:29.547 [main] DEBUG org.apache.hc.client5.http.headers - http-outgoing-3 >> Host: raw.githubusercontent.com
09:47:29.547 [main] DEBUG org.apache.hc.client5.http.wire - http-outgoing-3 >> "GET /bonigarcia/webdrivermanager/master/src/main/resources/versions.properties HTTP/1.1[\r][\n]"
09:47:29.547 [main] DEBUG org.apache.hc.client5.http.wire - http-outgoing-3 >> "user-agent: Apache-HttpClient/5.0[\r][\n]"
09:47:29.547 [main] DEBUG org.apache.hc.client5.http.wire - http-outgoing-3 >> "accept-encoding: gzip, deflate, br[\r][\n]"
09:47:29.547 [main] DEBUG org.apache.hc.client5.http.wire - http-outgoing-3 >> "cache-control: max-age=0[\r][\n]"
09:47:29.547 [main] DEBUG org.apache.hc.client5.http.wire - http-outgoing-3 >> "connection: keep-alive[\r][\n]"
09:47:29.547 [main] DEBUG org.apache.hc.client5.http.wire - http-outgoing-3 >> "Host: raw.githubusercontent.com[\r][\n]"
09:47:29.547 [main] DEBUG org.apache.hc.client5.http.wire - http-outgoing-3 >> "[\r][\n]"
09:47:29.596 [main] DEBUG org.apache.hc.client5.http.wire - http-outgoing-3 << "HTTP/1.1 200 OK[\r][\n]"
09:47:29.597 [main] DEBUG org.apache.hc.client5.http.wire - http-outgoing-3 << "Connection: keep-alive[\r][\n]"
09:47:29.597 [main] DEBUG org.apache.hc.client5.http.wire - http-outgoing-3 << "Content-Length: 1615[\r][\n]"
09:47:29.597 [main] DEBUG org.apache.hc.client5.http.wire - http-outgoing-3 << "Cache-Control: max-age=300[\r][\n]"
09:47:29.597 [main] DEBUG org.apache.hc.client5.http.wire - http-outgoing-3 << "Content-Security-Policy: default-src 'none'; style-src 'unsafe-inline'; sandbox[\r][\n]"
09:47:29.597 [main] DEBUG org.apache.hc.client5.http.wire - http-outgoing-3 << "Content-Type: text/plain; charset=utf-8[\r][\n]"
09:47:29.597 [main] DEBUG org.apache.hc.client5.http.wire - http-outgoing-3 << "ETag: W/"65e8ec46ef4920945cc03f0386cc600d8027ed4440e101d5729220d93bfa6f0f"[\r][\n]"
09:47:29.597 [main] DEBUG org.apache.hc.client5.http.wire - http-outgoing-3 << "Strict-Transport-Security: max-age=31536000[\r][\n]"
09:47:29.597 [main] DEBUG org.apache.hc.client5.http.wire - http-outgoing-3 << "X-Content-Type-Options: nosniff[\r][\n]"
09:47:29.597 [main] DEBUG org.apache.hc.client5.http.wire - http-outgoing-3 << "X-Frame-Options: deny[\r][\n]"
09:47:29.597 [main] DEBUG org.apache.hc.client5.http.wire - http-outgoing-3 << "X-XSS-Protection: 1; mode=block[\r][\n]"
09:47:29.597 [main] DEBUG org.apache.hc.client5.http.wire - http-outgoing-3 << "X-GitHub-Request-Id: 4D10:B89CD:6D987:89792:651389FC[\r][\n]"
09:47:29.597 [main] DEBUG org.apache.hc.client5.http.wire - http-outgoing-3 << "Content-Encoding: gzip[\r][\n]"
09:47:29.597 [main] DEBUG org.apache.hc.client5.http.wire - http-outgoing-3 << "Accept-Ranges: bytes[\r][\n]"
09:47:29.597 [main] DEBUG org.apache.hc.client5.http.wire - http-outgoing-3 << "Date: Sat, 30 Sep 2023 02:47:40 GMT[\r][\n]"
09:47:29.597 [main] DEBUG org.apache.hc.client5.http.wire - http-outgoing-3 << "Via: 1.1 varnish[\r][\n]"
09:47:29.597 [main] DEBUG org.apache.hc.client5.http.wire - http-outgoing-3 << "X-Served-By: cache-qpg1230-QPG[\r][\n]"
09:47:29.597 [main] DEBUG org.apache.hc.client5.http.wire - http-outgoing-3 << "X-Cache: HIT[\r][\n]"
09:47:29.597 [main] DEBUG org.apache.hc.client5.http.wire - http-outgoing-3 << "X-Cache-Hits: 1[\r][\n]"
09:47:29.597 [main] DEBUG org.apache.hc.client5.http.wire - http-outgoing-3 << "X-Timer: S1696042060.413861,VS0,VE1[\r][\n]"
09:47:29.598 [main] DEBUG org.apache.hc.client5.http.wire - http-outgoing-3 << "Vary: Authorization,Accept-Encoding,Origin[\r][\n]"
09:47:29.599 [main] DEBUG org.apache.hc.client5.http.wire - http-outgoing-3 << "Access-Control-Allow-Origin: *[\r][\n]"
09:47:29.599 [main] DEBUG org.apache.hc.client5.http.wire - http-outgoing-3 << "Cross-Origin-Resource-Policy: cross-origin[\r][\n]"
09:47:29.599 [main] DEBUG org.apache.hc.client5.http.wire - http-outgoing-3 << "X-Fastly-Request-ID: e5095362b2215a9ee9bb94d8266354fa75b4913d[\r][\n]"
09:47:29.599 [main] DEBUG org.apache.hc.client5.http.wire - http-outgoing-3 << "Expires: Sat, 30 Sep 2023 02:52:40 GMT[\r][\n]"
09:47:29.599 [main] DEBUG org.apache.hc.client5.http.wire - http-outgoing-3 << "Source-Age: 61[\r][\n]"
09:47:29.599 [main] DEBUG org.apache.hc.client5.http.wire - http-outgoing-3 << "[\r][\n]"
09:47:29.600 [main] DEBUG org.apache.hc.client5.http.headers - http-outgoing-3 << HTTP/1.1 200 OK
09:47:29.603 [main] DEBUG org.apache.hc.client5.http.headers - http-outgoing-3 << Connection: keep-alive
09:47:29.604 [main] DEBUG org.apache.hc.client5.http.headers - http-outgoing-3 << Content-Length: 1615
09:47:29.604 [main] DEBUG org.apache.hc.client5.http.headers - http-outgoing-3 << Cache-Control: max-age=300
09:47:29.604 [main] DEBUG org.apache.hc.client5.http.headers - http-outgoing-3 << Content-Security-Policy: default-src 'none'; style-src 'unsafe-inline'; sandbox
09:47:29.604 [main] DEBUG org.apache.hc.client5.http.headers - http-outgoing-3 << Content-Type: text/plain; charset=utf-8
09:47:29.604 [main] DEBUG org.apache.hc.client5.http.headers - http-outgoing-3 << ETag: W/"65e8ec46ef4920945cc03f0386cc600d8027ed4440e101d5729220d93bfa6f0f"
09:47:29.604 [main] DEBUG org.apache.hc.client5.http.headers - http-outgoing-3 << Strict-Transport-Security: max-age=31536000
09:47:29.604 [main] DEBUG org.apache.hc.client5.http.headers - http-outgoing-3 << X-Content-Type-Options: nosniff
09:47:29.604 [main] DEBUG org.apache.hc.client5.http.headers - http-outgoing-3 << X-Frame-Options: deny
09:47:29.604 [main] DEBUG org.apache.hc.client5.http.headers - http-outgoing-3 << X-XSS-Protection: 1; mode=block
09:47:29.604 [main] DEBUG org.apache.hc.client5.http.headers - http-outgoing-3 << X-GitHub-Request-Id: 4D10:B89CD:6D987:89792:651389FC
09:47:29.604 [main] DEBUG org.apache.hc.client5.http.headers - http-outgoing-3 << Content-Encoding: gzip
09:47:29.604 [main] DEBUG org.apache.hc.client5.http.headers - http-outgoing-3 << Accept-Ranges: bytes
09:47:29.604 [main] DEBUG org.apache.hc.client5.http.headers - http-outgoing-3 << Date: Sat, 30 Sep 2023 02:47:40 GMT
09:47:29.604 [main] DEBUG org.apache.hc.client5.http.headers - http-outgoing-3 << Via: 1.1 varnish
09:47:29.604 [main] DEBUG org.apache.hc.client5.http.headers - http-outgoing-3 << X-Served-By: cache-qpg1230-QPG
09:47:29.604 [main] DEBUG org.apache.hc.client5.http.headers - http-outgoing-3 << X-Cache: HIT
09:47:29.604 [main] DEBUG org.apache.hc.client5.http.headers - http-outgoing-3 << X-Cache-Hits: 1
09:47:29.604 [main] DEBUG org.apache.hc.client5.http.headers - http-outgoing-3 << X-Timer: S1696042060.413861,VS0,VE1
09:47:29.604 [main] DEBUG org.apache.hc.client5.http.headers - http-outgoing-3 << Vary: Authorization,Accept-Encoding,Origin
09:47:29.604 [main] DEBUG org.apache.hc.client5.http.headers - http-outgoing-3 << Access-Control-Allow-Origin: *
09:47:29.604 [main] DEBUG org.apache.hc.client5.http.headers - http-outgoing-3 << Cross-Origin-Resource-Policy: cross-origin
09:47:29.604 [main] DEBUG org.apache.hc.client5.http.headers - http-outgoing-3 << X-Fastly-Request-ID: e5095362b2215a9ee9bb94d8266354fa75b4913d
09:47:29.604 [main] DEBUG org.apache.hc.client5.http.headers - http-outgoing-3 << Expires: Sat, 30 Sep 2023 02:52:40 GMT
09:47:29.604 [main] DEBUG org.apache.hc.client5.http.headers - http-outgoing-3 << Source-Age: 61
09:47:29.606 [main] DEBUG org.apache.hc.client5.http.impl.classic.MainClientExec - ex-00000007: connection can be kept alive for 3 MINUTES
09:47:29.606 [main] DEBUG org.apache.hc.client5.http.wire - http-outgoing-3 << "[0x1f][0xffffff8b][0x8][0x0][0x0][0x0][0x0][0x0][0x0][0x3][0xffffff8d][0xffffff97]Ko#7[0xc][0xffffffc7][0xffffffef][0xfffffff9][0x14][0x3][0xfffffff4][0x1c]YO[0xffffff8a][\n]"
09:47:29.606 [main] DEBUG org.apache.hc.client5.http.wire - http-outgoing-3 << "[0xffffffa0]K[0xffffff9f][0xffffffa7][0xffffffa2][0xffffff87][0xfffffff6][0xb]x[0xffffffed]Ib[0xffffffac][0xffffffe3][0x9]lg[0xffffffb3][0xffffffe8][0xffffffa7]/[0xfffffff5][0xffffffa0]F[0xffffff96][[0xffffffa0][0xffffff87]`[0xffffff97]?k$[0xffffff92][0xffffffe2]p[0xfffffffe][0xfffffffc]a[0xfffffffa][0xffffffeb][0xfffffff5]p[0xffffff99][0xffffff9e][0xf][0xffffffc7]y[0xffffffda]-[0xffffffa7][0xffffffeb][0xfffffff6]p[0xffffffba]L[0xffffffd7][0xffffffd7]y[0xfffffffa]zZ>O[0xffffffd3][0xfffffffe]|[0xfffffff8]6[0xffffff9f]'[0xfffffffa][0xffffffbb][0x1c][0x16][0xfffffffa]e[0xffffffb7][0xffffffbc][0xffffffbd]o[0xffffffaf][0xffffff87]/[0xffffffb4][0xfffffffa][0xfffffff3]p}[0xffffffcd]+w[0xffffffcb][0xfffffff9]<_[0xffffffde][0xffffff97][0xffffffd3][0xfffffffe]pz[0xffffff99][0xffffffbe][0xffffff9c][0xffffff97][0xffffffcf][0xffffffcb][0xfffffffa][0xffffffc8][0xffffffc3][0xffffffc3][0xf][0xffffffd3][0xffffff8f][0x5]=M[0xffffffbf]-[0xffffffcb][0xb]=[0xfffffff9][0xffffffd3][0xffffffeb]yy[0xffffff9b][0xffffffa7][0xffffffed]i_[0xfffffffe]{[0xfffffff8]x[0xffffff9b][0x1e][0xffffffa7][0xffffff9f][0xfffffff3]QO[0xffffffd3].[0xffffffff]Z[0xe][0xffffffa6][0xffffff87][0xffffffff]\>[0xffffffce][0xffffffbb][0xfffffff9]iz[0xffffffbd]^[0xffffffdf][0xffffff9f]6[0xffffff9b][0xfffffffe]W[0xffffffb1][0xffffffab]O[0xffffff8b][0xffffffe5][0xfffffffc][0xffffffb2][0xffffffd9][0xffffff93][0xffffffbf][0xffffffc7]e[0xffffffbb][0xffffffbf]<[0xffffff94]5J[0xffffffd9]H[0x7f]B[\n]"
09:47:29.606 [main] DEBUG org.apache.hc.client5.http.wire - http-outgoing-3 << "[0xffffffe7][0xffffff8d][0x13]A6n[0xffffff88][0xffffff9b][0xffffffc4][0xffffffc1]k[0x1][0xffffffa6]qM\g[0xffffffae][0xffffff9c][0xffffffb0][0xffffffa1]qE\%[0xffffffee][0xffffffc0][0x8][0xffffffb0][0xffffff8d]K[0xffffffe2]2q[0xffffff8b]Jx[0xffffffcf]\[0xffffff86]H[0x7f][0xffffff99][0xffffffd3][0xfffffff1][0xffffffbe][0xffffffad][0xffffff97]H[0x1c][0x13]7.[0x8][0xffffffaf][0x1a][0xfffffff7][0xffffffc4]}[0xffffffe6][0xffffffd2][\n]"
09:47:29.606 [main] DEBUG org.apache.hc.client5.http.wire - http-outgoing-3 << "[0xffffffd0][0xffffff8d][0x3]qH\[0xffffffdb] `][0xffffffef][0xffffff88][0xffffffbb][0xffffffc4]Up[0xfffffff4]c[0xffffffe3][0x14][0xffffffaf][0xffffffcc][0xfffffff1][0xffffffa6]0|[0xfffffff3]_R[0xffffffbc]2[0xffffffc7]+A[\n]"
09:47:29.606 [main] DEBUG org.apache.hc.client5.http.wire - http-outgoing-3 << "eV[0xffffff87](`[0xffffff99][0x3][0xffffff96][0xffffffb4]_w[0x0][0x5],S[0xffffffc0]68%[0xffffffec][0xffffffca])`[0xffffff99][0x2][0xffffffb6][0x18]@[0x0]'4[0xffffff84][0x18]B[0xffffffa6][0xffffffd6][0xffffffd2][0xffffffd9]L1[0xffffff86][0x14][0xffffffac][0xfffffff5][0xe][0x5][0x1d][0xffffffc3][0xffffffd8][0xffffffc7][0xffffff90]b[0xffffffb5][0x10][0xfffffff4][0xffffff9a][0xffffff83][0x0]1@[0xffffffa6]`[0xffffff85]uL][0xc].S[0xffffff83][0x2]8[0xffffff9e]`c[0xffffffb0][0xffffff99]Rr[0xffffffe8]"[0x19][0xffffff9b][0x18]R[0xffffff90][0xffffffd6]y[0xffffffbf]^j[0xffffffd0]1[0xffffffe8]L[0xffffffe9]J)[0xffffffcb][0xffffff8c]U[0xc]9@K[0x15]@[0xffffffb1]2[0xffffff96]1[0xffffffe4][0xfffffff8][0xffffffac][0xffffff91]Bs[0xffffff9e]0D[0xffffffcc][0xfffffff1][0x19][0xfffffffa]G[0xfffffff3][0xffffffce][0xffffff88][0x11]s|F[[0x11][0xffffff80][0xffffffa9][0xffffff8f][0xffffff98][0xffffffc3][0xffffffd3]([0x5]"S[0xffffff88][0xffffff98][0xffffffc3][0xffffffd3][0xffffff96][0xfffffff6][0xffffffe5]T[0xffffffa0][0xffffff8b][0xffffff98][0xffffffc3]Sh[0x4][0xffffffb2]kh#[0xffffffe6][0xfffffff0][0xffffff94][0xfffffff5][0xffffffc2]p[0xffffff8e][0xffffffd1]D[0xffffffcc][0xffffffd1][0xffffffa5][0xffffff9b]4[0xffffff9c][\n]"
09:47:29.610 [main] DEBUG org.apache.hc.client5.http.wire - http-outgoing-3 << "T[0x11]s[0x18][0xffffff92]2[0xffffffaf]L;NFLa[0xffffff98]@[0xffffffbe]P[0x9]U[0xffffffec]C[0xfffffff4]!c[0xffffffeb][0xffffff84]i[0x14][0xffffffa3][0xffffffc7]L[0xffffffa9]v[0xffffffa8][0xffffffae][0x18][0xfffffffb][0xffffffe8]S [0x6][0xffffff81][0xffffffde][0x5]v[0xffffffc3]C[0xfffffff4][0xffffff90])[0x15][0xffffffb8][0xffffffd2]m[0xf][0x17]}[0xffffff8a][0xffffffc4]xO[0x5][0xffffffb6][0xffffffae][0xffffffb6][0xffffffd1][0xffffffdb][0xffffff8c]5[0xffffffd5]/C[0x13]}[0xffffff8a][0xffffffc4][0x0][0x5][0x4][0xffffffec][0xffffffb2][0xffffffd7]Q[0xffffffd3][0xffffff8d][0xffffffb2][0xffffffa5]n,[0xffffff99],v[0xc]B[0xffffffb2][0xfffffff8]n[0x0][0xffffff93][0xffffffc5][0x19][0x5][0xffffff9f],[0xffffffbe]M[0xffffff80]d[0xffffffb1]3[0xffffffe0][0xffffffc8]j)[0x2][0xffffff9b],[0xffffffce]9[0xffffff98]d[0xfffffff1]y[0xffffff90]|1[0xffffffed][0xffffffbc][0xffffffe4]K{g [0xfffffff9]b[0xffffffcc]MW[0xfffffffb]}[0xfffffff9][0xfffffffb]p<n[0xffffffa7]_[0xf][0xffffffe7][0xfffffff9]y[0xfffffff9][0xffffffde][0xffffffb5][0xffffffb2][0xffffff97]y[0xfffffff7]u[0xfffffff9][0xffffffd7]Nv[0xffffffa1]V[0xfffffff6]B[\r][0xfffffff4][0xffffffe3][0xffffff8b][0xffffffa0][0xffffff96][0xffffffba]y+[l[0xffffffba][0x7]6[0xffffffe7][0xfffffff9]8o/[0xfffffff3][0xffffffe5][0xffffffe1][0xffffffb9][0xffffffec][0xffffffab][0x14]FJ[0x1b][0xffffffe5]n%[0xfffffffe][0xffffff8e][0xffffffc0][0x1d]qw[0xffffffc4][0xffffffde][0x11]sG[0xfffffff4][0x1d]QwD&[0xffffffa2][0xffffff85]n[0xffffff84]:_&[0xffffffeb][0x1a][0xffffff89]w[0xffffffc4][0xffffffdf][0x11][0xffffffb8]#[0xffffffee][0xffffff8e]d[0xffffff9f]UO[0xffffffcc][0x1d][0xffffffd1]wD[0xffffffdd][0x11]9[0xffffff90][0x10]F[0xffffff80]#[0xfffffff0]#[0xffffff80][0x11][0xffffffb8][0x11][0xffffff8c][0xffffffde][0xffffff86][0xffffffd1][0xffffffd9]0[0xfffffffa][0x1a]FWC[0xfffffff2][0xffffff94][0xffffffde][0xffffff9b][0xe][0xffffff88][0xffffffe3][0xffffffe1][0xfffffff4][0xfffffff1][0xffffffbd]`[0xffffffc5][0x18][0xffffffc3][0xffffffb0][0xe]q[0x4]~[0x4]0[0x2]7[0x2];[0xffffff82][0x14][0xffffff80][0xffffffc6][0xe][0xffffffe8][0x11][0xffffffa4][0x0][0xffffffb4][0xffffffef][0xffffff80][0x1c][0xffffff80][0xf]#[0xffffffc8][0xffffff9e]B[0x7][0xfffffffc][0x8]`[0x4]n[0x4]v[0x4]f[0x4]z[0x4]j[0x4]r[0x0][0x10]F[0xffffff90]=u[0x1d][0xffffffc8][0xffffff9e][0xffffffda][0xe][0xffffffc0][0x8][0xffffffdc][0x8][0xffffffb2][0xffffffa7][0xffffffdd][0xb][0x4]f[0x4][0xffffffd9][0xffffffd3][0xffffffae][0xffffffec]!{[0xffffffda][0x15][0x5][0xffffffc8][0x1][0xffffffb8]0[0x2][0x1c][0xffffff81][0x1f]A[0xfffffff6]Tv[0xffffffc0]1[0xffffffe8][0xffffffbb][0xffffffda][0x1f][0xffffffef][0xfffffff3]y[0xffffffdb][0xfffffff5][0xffffffb2]%[0xffffffd9][0xffffffff][0xffffffa7][0xffffff97][0xffffffe5][0xffffff85][0xffffff97][0xffffffe5][0xfffffff9][0xfffffffa][0xffffffb9]=[0xffffffcf][0xffffffc5]b[0xffffff9d]6v[0xffffffb6][0xfffffffc]c[0xffffff96]!*[0xffffffeb][0x1c][0xffffffa4][0xf]S[0xfffffff0][0xffffff8c][0xffffff93][0xffffffec][0xffffffca]2[0xffffffc7]S[0xffffffe9]+[0xffffffd2][\n]"
09:47:29.610 [main] DEBUG org.apache.hc.client5.http.wire - http-outgoing-3 << "[0xffffff95][0xffffffcb]^[0xffffffd6]Q[0x17]*[0xffffff9c]^[0xffffffe4]N[0xffffffd5])][0xffffffb7][0xffffffa1][0xffffffd7][0xffffffb9][0x13]u[0xffffffc8][0xffffffd4][0xffffffdf]H:W)[0xfffffff4][0xffffff82][0xffffff8e][0xe][0xffffffaa][0xffffffd8][0xfffffff5]zNi[0xffffffc6][0xffffffb6][0xffffff97]s!Tjz1G[\n]"
09:47:29.610 [main] DEBUG org.apache.hc.client5.http.wire - http-outgoing-3 << "[0xffffffa0]P[0xffffffdd]K9[0xffffffa5]x[0xffffffb1][0xffffffea][0xffffff95]\[0x12]I[0x5][0xffffffcb]^[0xffffffc8]a[\r][0x1c]C/[0xffffffe3][0x0]*[0xffffffc5]A[0xffffffc3][0x15][0xffffffea]{[0x5]G[0xffffff92][0xffffffb5]P[0xffffffe8][0xfffffff5][K[0x11][0xffffffbd][0xfffffffd]7[0xfffffffa][0xffffffad]@[0xffffffdb][0xffffffc9]7[0xffffffac][0xffffff8e]Q[0x17][0xffffffb8][0x11]o[0x5][0xffffffea][[0xffffffed]V[0xffffffa0][0xffffffea][0xffffffa4][0xffffff9b][0xffffffe3][0xfffffff3]e[0xffffffa7][0xffffffdc][0xffffffd8]U[0xffffffea][\n]"
09:47:29.610 [main] DEBUG org.apache.hc.client5.http.wire - http-outgoing-3 << "7[0xffffffba][0xffffffad]@[0x1c]d[[0xffffffa1][0xffffffbe]Sm[0xffffff9e]!t[0xffffff9a][\r][0xffffffeb][0xfffffff1][0xffffffd4]&V[0xffffffc9][0xffffffc6][0xffffffde]S[0xffffffab]X[0x15][0x1b]%[0xffffffb8]R[0xffffffd3])6[0xffffffe0]Mu'[0xffffffd8][0xffffffb0]^8[0xfffffff5][0xffffff8d]U[0xffffffaf][0xffffffb5][0xffffffcb][0xffffffa2][0xffffffe6][0xffffffb1][0xffffffea]5[0xffffffac][0x17]K[\r]d[0xffffff95]k\[0xffffffd1][0xffffffd4]D:[0xffffffb5][0xffffffa6]j[0xffffffa8][0xffffffd4]Iz[0xffffffb1]V[0xffffffcf][0xffffffa2]v[0xffffffb2]j5[0xffffffcf][0xffffffbb][0xffffffba]N[0xffffffaa]q)S[Y[0xffffff85]Z+N[0xffffffea]-[0xffffff9d]P3[0xffffffd5]Wj0[0xffffff9d]NkgU}[0xffffff95][\r][0x17]z[0xffffffa3][0xffffffaa][0xffffffab]bTqU[0xffffff8c][0xffffffaa][0xffffffad][0xffffff8a]Q[0xffffffa5]U1[0xffffffaa][0xffffffb2]*F[0x15]V[0xffffffc5][0xffffffa8][0xffffffba][0xffffffaa][0x18][0xffffffaa][0x8][0xffffffa9]b[0xffffffc8][0xffffffce][0xffffffb0][0xffffffc9][0x3][0xfffffff6][0xffffffd8]&[0xf]L=[0xffffffc7]&[0xf]tM[0xffffff86][0xffffff85]b[0xffffffdc]([0xffffffb1][0xffffffc3][0xffffffee][0xffffffbc][0xffffffa4][0xffffffd6]3[0xfffffffd][0xffffffb2][0x7f][0xffffff99][0xffffffbb][0xffffffe6][0xfffffff5]v[0xffffff99][0x9][0xfffffffc]g[0xfffffff7][0xffffffda][0xffffffcf][0xffffffdf][0xffffffe6]c[0xffffffda]U[0xffffffbc][0xfffffff1][0xe][0xffffffb9][0xffffff95][0xffffffcd][0xffffffa7][0xffffffc7][0xffffff8f][0xffffffcb][0xffffffa6][0xffffffb1][0xffffffc7][0xffffffb4][0xffffffc9][0xffffffe6][0xffffffba],[0xffffffc7][0xffffffcb][0xffffffe6]s[0xfffffffe]R[0xffffffbb][0xffffffd9]C[0xffffffa2][0xffffffeb][0xffffffb0][0xffffffa9][0xffffff90]Z[0xffffffba][0xffffffc2]Jy[0xffffffd4]T[0xffffff9e][0xffffff94]0e[0xffffffb2]P[0x1e]4[0xffffff95][0xffffffd7][0xffffffb9][0xffffff90][0xb][0xffffffe5]1S[0x1][0xffffffa8]4[0x6][0x16][0xffffffca]C[0xffffffa6]rT[0x1f][0xffffff94][0xffffffbd]L[0xffffffdb][0xffffff88][0xffffffa9][0xffffff9c]B[0xffffffe1][0xffffffeb]im[0xffffffc0]T[0x16]h_[0xffffffa8][0xffffff94][0xffffffc7]K[0x12][0xffffffe6][0xffffffe9][0xffffffe3][ [0xffffffcf][0xffffff96][0xffffffca][0xfffffff8][0xfffffff4][0xffffffa9][0xffffffab][0xffffff94]'K[0x1a][0x12][\r]u[0xffffffb0]Jy[0xffffffae]T[0xffffff9a][0xffffffde]T[0xffffffcf];[0xfffffff0]TIc[0xffffff80]mA[0xffffffb4][0xffffff91]Ri*\[0xffffff92][0xffffffe9][0xffffff85][0xfffffff2]@[0xffffffa9][0xffffffb4][0xffffff92][0xffffffeb][0xffffffbe]<N[0xffffff92]"
09:47:29.612 [main] DEBUG org.apache.hc.client5.http.wire - http-outgoing-3 << "[0xffffffb2]ui[0xffffffa8]I[0xffffff94][0xffffff87]Ij[0xfffffffd][0xffffffa9]Q[0x14]VGI[0xffffff95][0xffffffa2][0xffffffab][0xffffff89][0xffffffe1]9[0xffffff92]B[0xffffffd3][0xffffff8d][0xffffffd5])[0xffffff92]b[0xffffffb0][0xffffff8d][0xffffffd5][0x19][0xffffff92][0xffffffbc]j'[0xfffffff3][0x4][0x19][0xffffffa8][0xffffffc7][0x18]UP[0xffffff9d][0x1e][0x3][0xffffffa5][0xffffffde][0xffffffd4]Uut[0xc]r=[0xffffffa0][0xffffff8e][0xffffff8d][0xffffff98]:]}[0xffffffb0][0xffffff8e][0xffffff8c]H[0xffffff81][0x15][0xffffffc2][0xffffffe3]b[0xffffffba][0xfffffff1]r1<*z[0xffffffca]m}[0xffffff8c][0xffffffe7]D[0xffffff80]P[0xffffffaf][0xffffff84]gD[0xffffffa0][0xffffff92][0xffffff80][0xffffff92][0xb][0x1e][0x10]]Jp]U[0xffffffa7]C[0xffffff97][0xffffff95]E&<[0x19]Rkp[0xfffffff5]<[0xffffffea]^[0xffffffa5]{[0x6][0xfffffff6][0xffffff89][0x7]E[0xfffffffa][0xffffffce][0xffffffd6][0xffffffab]jC"ELu[0xffffff97]Y[0xffffff9b][0x10]S[0xffffffcd][0x16]R[0xffffffa7]C[0xffffffed][0xffffffb9]tx0[0xffffffd4][0xffffffa6][0xffffff91]:[0x14][0xffffffa6][0xffffffb6]XI[0xffffff9d][0x7][0xffffff95][0xffffffa1][0xffffff81][0xffffffb9] k[0xffffffe3][0xfffffffb]y~<[0xffffff9c].[0xffffffd7][0xffffffed][0xfffffff1]8[0xffffffef][0xb][0xffffffd4][0x11][0xffffffd2][0xffffff97][0xffffffdd][0xffffff94]:[0xffffffb1]*R[0xb][0x3][0x1d]J[0xfffffff8]VF[0xffffffea][0xffffff93][0xfffffff4][0xffffffb5]+[0xfffffff7]a0[0xffffffd2][0xffffff8b]eM([0xffffffa6]NM[0xffffff87]n[0x1a]K[0xffffff8d]h*[0xffffffa6]t[0xffffffc9][0xffffffd4][0xffffff93][0xfffffffe][0x1][0xffffffa9][0xffffff9e].[0xffffff9b][0xffffffd3][0x12][0x0][0x0]"
09:47:29.614 [main] DEBUG org.apache.hc.client5.http.impl.classic.InternalHttpClient - ep-00000006: releasing valid endpoint
09:47:29.614 [main] DEBUG org.apache.hc.client5.http.impl.io.PoolingHttpClientConnectionManager - ep-00000006: releasing endpoint
09:47:29.614 [main] DEBUG org.apache.hc.client5.http.impl.io.PoolingHttpClientConnectionManager - ep-00000006: connection http-outgoing-3 can be kept alive for 3 MINUTES
09:47:29.614 [main] DEBUG org.apache.hc.client5.http.impl.io.PoolingHttpClientConnectionManager - ep-00000006: connection released [route: {s}->https://raw.githubusercontent.com:443][total available: 1; route allocated: 1 of 5; total allocated: 2 of 25]
09:47:29.614 [main] DEBUG io.github.bonigarcia.wdm.versions.VersionDetector - Driver for chrome117 not found in online properties (using local versions.properties)
09:47:29.616 [main] DEBUG io.github.bonigarcia.wdm.WebDriverManager - The driver version for CHROME 117 is unknown ... trying with latest
09:47:29.624 [main] DEBUG org.apache.hc.client5.http.impl.classic.InternalHttpClient - ex-00000008: preparing request execution
09:47:29.624 [main] DEBUG org.apache.hc.client5.http.protocol.RequestAddCookies - Cookie spec selected: strict
09:47:29.624 [main] DEBUG org.apache.hc.client5.http.protocol.RequestAuthCache - Auth cache not set in the context
09:47:29.624 [main] DEBUG org.apache.hc.client5.http.impl.classic.ProtocolExec - ex-00000008: target auth state: UNCHALLENGED
09:47:29.624 [main] DEBUG org.apache.hc.client5.http.impl.classic.ProtocolExec - ex-00000008: proxy auth state: UNCHALLENGED
09:47:29.624 [main] DEBUG org.apache.hc.client5.http.impl.classic.ConnectExec - ex-00000008: acquiring connection with route {s}->https://chromedriver.storage.googleapis.com:443
09:47:29.624 [main] DEBUG org.apache.hc.client5.http.impl.classic.InternalHttpClient - ex-00000008: acquiring endpoint (3 MINUTES)
09:47:29.624 [main] DEBUG org.apache.hc.client5.http.impl.io.PoolingHttpClientConnectionManager - ex-00000008: endpoint lease request (3 MINUTES) [route: {s}->https://chromedriver.storage.googleapis.com:443][total available: 1; route allocated: 1 of 5; total allocated: 2 of 25]
09:47:29.626 [main] DEBUG org.apache.hc.client5.http.impl.io.PoolingHttpClientConnectionManager - ex-00000008: endpoint leased [route: {s}->https://chromedriver.storage.googleapis.com:443][total available: 1; route allocated: 2 of 5; total allocated: 3 of 25]
09:47:29.626 [main] DEBUG org.apache.hc.client5.http.impl.io.PoolingHttpClientConnectionManager - ex-00000008: acquired ep-00000007
09:47:29.626 [main] DEBUG org.apache.hc.client5.http.impl.classic.InternalHttpClient - ex-00000008: acquired endpoint ep-00000007
09:47:29.626 [main] DEBUG org.apache.hc.client5.http.impl.classic.ConnectExec - ex-00000008: opening connection {s}->https://chromedriver.storage.googleapis.com:443
09:47:29.626 [main] DEBUG org.apache.hc.client5.http.impl.classic.InternalHttpClient - ep-00000007: connecting endpoint (30 SECONDS)
09:47:29.626 [main] DEBUG org.apache.hc.client5.http.impl.io.PoolingHttpClientConnectionManager - ep-00000007: connecting endpoint to https://chromedriver.storage.googleapis.com:443 (30 SECONDS)
09:47:29.627 [main] DEBUG org.apache.hc.client5.http.impl.io.DefaultHttpClientConnectionOperator - http-outgoing-5: connecting to chromedriver.storage.googleapis.com/34.101.5.123:443
09:47:29.627 [main] DEBUG org.apache.hc.client5.http.ssl.SSLConnectionSocketFactory - Connecting socket to chromedriver.storage.googleapis.com/34.101.5.123:443 with timeout 30 SECONDS
09:47:29.642 [main] DEBUG org.apache.hc.client5.http.ssl.SSLConnectionSocketFactory - Enabled protocols: [TLSv1.3, TLSv1.2]
09:47:29.642 [main] DEBUG org.apache.hc.client5.http.ssl.SSLConnectionSocketFactory - Enabled cipher suites: [TLS_AES_256_GCM_SHA384, TLS_AES_128_GCM_SHA256, TLS_CHACHA20_POLY1305_SHA256, TLS_ECDHE_ECDSA_WITH_AES_256_GCM_SHA384, TLS_ECDHE_ECDSA_WITH_AES_128_GCM_SHA256, TLS_ECDHE_ECDSA_WITH_CHACHA20_POLY1305_SHA256, TLS_ECDHE_RSA_WITH_AES_256_GCM_SHA384, TLS_ECDHE_RSA_WITH_CHACHA20_POLY1305_SHA256, TLS_ECDHE_RSA_WITH_AES_128_GCM_SHA256, TLS_DHE_RSA_WITH_AES_256_GCM_SHA384, TLS_DHE_RSA_WITH_CHACHA20_POLY1305_SHA256, TLS_DHE_DSS_WITH_AES_256_GCM_SHA384, TLS_DHE_RSA_WITH_AES_128_GCM_SHA256, TLS_DHE_DSS_WITH_AES_128_GCM_SHA256, TLS_ECDHE_ECDSA_WITH_AES_256_CBC_SHA384, TLS_ECDHE_RSA_WITH_AES_256_CBC_SHA384, TLS_ECDHE_ECDSA_WITH_AES_128_CBC_SHA256, TLS_ECDHE_RSA_WITH_AES_128_CBC_SHA256, TLS_DHE_RSA_WITH_AES_256_CBC_SHA256, TLS_DHE_DSS_WITH_AES_256_CBC_SHA256, TLS_DHE_RSA_WITH_AES_128_CBC_SHA256, TLS_DHE_DSS_WITH_AES_128_CBC_SHA256, TLS_ECDH_ECDSA_WITH_AES_256_GCM_SHA384, TLS_ECDH_RSA_WITH_AES_256_GCM_SHA384, TLS_ECDH_ECDSA_WITH_AES_128_GCM_SHA256, TLS_ECDH_RSA_WITH_AES_128_GCM_SHA256, TLS_ECDH_ECDSA_WITH_AES_256_CBC_SHA384, TLS_ECDH_RSA_WITH_AES_256_CBC_SHA384, TLS_ECDH_ECDSA_WITH_AES_128_CBC_SHA256, TLS_ECDH_RSA_WITH_AES_128_CBC_SHA256, TLS_ECDHE_ECDSA_WITH_AES_256_CBC_SHA, TLS_ECDHE_RSA_WITH_AES_256_CBC_SHA, TLS_ECDHE_ECDSA_WITH_AES_128_CBC_SHA, TLS_ECDHE_RSA_WITH_AES_128_CBC_SHA, TLS_DHE_RSA_WITH_AES_256_CBC_SHA, TLS_DHE_DSS_WITH_AES_256_CBC_SHA, TLS_DHE_RSA_WITH_AES_128_CBC_SHA, TLS_DHE_DSS_WITH_AES_128_CBC_SHA, TLS_ECDH_ECDSA_WITH_AES_256_CBC_SHA, TLS_ECDH_RSA_WITH_AES_256_CBC_SHA, TLS_ECDH_ECDSA_WITH_AES_128_CBC_SHA, TLS_ECDH_RSA_WITH_AES_128_CBC_SHA, TLS_RSA_WITH_AES_256_GCM_SHA384, TLS_RSA_WITH_AES_128_GCM_SHA256, TLS_RSA_WITH_AES_256_CBC_SHA256, TLS_RSA_WITH_AES_128_CBC_SHA256, TLS_RSA_WITH_AES_256_CBC_SHA, TLS_RSA_WITH_AES_128_CBC_SHA, TLS_EMPTY_RENEGOTIATION_INFO_SCSV]
09:47:29.642 [main] DEBUG org.apache.hc.client5.http.ssl.SSLConnectionSocketFactory - Starting handshake
09:47:29.682 [main] DEBUG org.apache.hc.client5.http.ssl.SSLConnectionSocketFactory - Secure session established
09:47:29.682 [main] DEBUG org.apache.hc.client5.http.ssl.SSLConnectionSocketFactory -  negotiated protocol: TLSv1.3
09:47:29.682 [main] DEBUG org.apache.hc.client5.http.ssl.SSLConnectionSocketFactory -  negotiated cipher suite: TLS_AES_256_GCM_SHA384
09:47:29.682 [main] DEBUG org.apache.hc.client5.http.ssl.SSLConnectionSocketFactory -  peer principal: CN=*.storage.googleapis.com
09:47:29.682 [main] DEBUG org.apache.hc.client5.http.ssl.SSLConnectionSocketFactory -  peer alternative names: [*.storage.googleapis.com, *.googleapis.com, commondatastorage.googleapis.com, *.commondatastorage.googleapis.com, storage.googleapis.com, storage-p2.googleapis.com, *.storage-p2.googleapis.com, storage.mtls.googleapis.com, *.appspot.com.storage.googleapis.com, *.content-storage.googleapis.com, *.content-storage-p2.googleapis.com, *.content-storage-upload.googleapis.com, *.content-storage-download.googleapis.com, *.storage-upload.googleapis.com, *.storage-download.googleapis.com]
09:47:29.682 [main] DEBUG org.apache.hc.client5.http.ssl.SSLConnectionSocketFactory -  issuer principal: CN=GTS CA 1C3, O=Google Trust Services LLC, C=US
09:47:29.682 [main] DEBUG org.apache.hc.client5.http.impl.io.DefaultHttpClientConnectionOperator - http-outgoing-5: connection established 192.168.100.42:63810<->34.101.5.123:443
09:47:29.682 [main] DEBUG org.apache.hc.client5.http.impl.io.PoolingHttpClientConnectionManager - ep-00000007: connected http-outgoing-5
09:47:29.682 [main] DEBUG org.apache.hc.client5.http.impl.classic.InternalHttpClient - ep-00000007: endpoint connected
09:47:29.682 [main] DEBUG org.apache.hc.client5.http.impl.classic.MainClientExec - ex-00000008: executing GET /LATEST_RELEASE HTTP/1.1
09:47:29.682 [main] DEBUG org.apache.hc.client5.http.impl.classic.InternalHttpClient - ep-00000007: start execution ex-00000008
09:47:29.682 [main] DEBUG org.apache.hc.client5.http.impl.io.PoolingHttpClientConnectionManager - ep-00000007: executing exchange ex-00000008 over http-outgoing-5
09:47:29.682 [main] DEBUG org.apache.hc.client5.http.headers - http-outgoing-5 >> GET /LATEST_RELEASE HTTP/1.1
09:47:29.682 [main] DEBUG org.apache.hc.client5.http.headers - http-outgoing-5 >> user-agent: Apache-HttpClient/5.0
09:47:29.682 [main] DEBUG org.apache.hc.client5.http.headers - http-outgoing-5 >> accept-encoding: gzip, deflate, br
09:47:29.682 [main] DEBUG org.apache.hc.client5.http.headers - http-outgoing-5 >> cache-control: max-age=0
09:47:29.682 [main] DEBUG org.apache.hc.client5.http.headers - http-outgoing-5 >> connection: keep-alive
09:47:29.682 [main] DEBUG org.apache.hc.client5.http.headers - http-outgoing-5 >> Host: chromedriver.storage.googleapis.com
09:47:29.682 [main] DEBUG org.apache.hc.client5.http.wire - http-outgoing-5 >> "GET /LATEST_RELEASE HTTP/1.1[\r][\n]"
09:47:29.682 [main] DEBUG org.apache.hc.client5.http.wire - http-outgoing-5 >> "user-agent: Apache-HttpClient/5.0[\r][\n]"
09:47:29.682 [main] DEBUG org.apache.hc.client5.http.wire - http-outgoing-5 >> "accept-encoding: gzip, deflate, br[\r][\n]"
09:47:29.682 [main] DEBUG org.apache.hc.client5.http.wire - http-outgoing-5 >> "cache-control: max-age=0[\r][\n]"
09:47:29.682 [main] DEBUG org.apache.hc.client5.http.wire - http-outgoing-5 >> "connection: keep-alive[\r][\n]"
09:47:29.682 [main] DEBUG org.apache.hc.client5.http.wire - http-outgoing-5 >> "Host: chromedriver.storage.googleapis.com[\r][\n]"
09:47:29.682 [main] DEBUG org.apache.hc.client5.http.wire - http-outgoing-5 >> "[\r][\n]"
09:47:29.706 [main] DEBUG org.apache.hc.client5.http.wire - http-outgoing-5 << "HTTP/1.1 200 OK[\r][\n]"
09:47:29.706 [main] DEBUG org.apache.hc.client5.http.wire - http-outgoing-5 << "X-GUploader-UploadID: ADPycdvnFAnOhlWGbRtUpcGBi5W3y6qEtkvwOJmj2uBu_cu5oupNFxxPFqsoSfNAPIUhE78QrkhmBqvlUQiAPhzQ2QAWS0sveOv3[\r][\n]"
09:47:29.706 [main] DEBUG org.apache.hc.client5.http.wire - http-outgoing-5 << "x-goog-generation: 1685523462105569[\r][\n]"
09:47:29.706 [main] DEBUG org.apache.hc.client5.http.wire - http-outgoing-5 << "x-goog-metageneration: 1[\r][\n]"
09:47:29.706 [main] DEBUG org.apache.hc.client5.http.wire - http-outgoing-5 << "x-goog-stored-content-encoding: identity[\r][\n]"
09:47:29.706 [main] DEBUG org.apache.hc.client5.http.wire - http-outgoing-5 << "x-goog-stored-content-length: 13[\r][\n]"
09:47:29.706 [main] DEBUG org.apache.hc.client5.http.wire - http-outgoing-5 << "x-goog-hash: crc32c=tVW4TA==[\r][\n]"
09:47:29.706 [main] DEBUG org.apache.hc.client5.http.wire - http-outgoing-5 << "x-goog-hash: md5=NoaEuIlBlniwTkiZ1T16sA==[\r][\n]"
09:47:29.706 [main] DEBUG org.apache.hc.client5.http.wire - http-outgoing-5 << "x-goog-storage-class: STANDARD[\r][\n]"
09:47:29.706 [main] DEBUG org.apache.hc.client5.http.wire - http-outgoing-5 << "Accept-Ranges: bytes[\r][\n]"
09:47:29.706 [main] DEBUG org.apache.hc.client5.http.wire - http-outgoing-5 << "Content-Length: 13[\r][\n]"
09:47:29.706 [main] DEBUG org.apache.hc.client5.http.wire - http-outgoing-5 << "Server: UploadServer[\r][\n]"
09:47:29.706 [main] DEBUG org.apache.hc.client5.http.wire - http-outgoing-5 << "Date: Sat, 30 Sep 2023 02:46:28 GMT[\r][\n]"
09:47:29.706 [main] DEBUG org.apache.hc.client5.http.wire - http-outgoing-5 << "Expires: Sat, 30 Sep 2023 03:46:28 GMT[\r][\n]"
09:47:29.706 [main] DEBUG org.apache.hc.client5.http.wire - http-outgoing-5 << "Cache-Control: public, max-age=3600[\r][\n]"
09:47:29.706 [main] DEBUG org.apache.hc.client5.http.wire - http-outgoing-5 << "Age: 72[\r][\n]"
09:47:29.706 [main] DEBUG org.apache.hc.client5.http.wire - http-outgoing-5 << "Last-Modified: Wed, 31 May 2023 08:57:42 GMT[\r][\n]"
09:47:29.706 [main] DEBUG org.apache.hc.client5.http.wire - http-outgoing-5 << "ETag: "368684b889419678b04e4899d53d7ab0"[\r][\n]"
09:47:29.706 [main] DEBUG org.apache.hc.client5.http.wire - http-outgoing-5 << "Content-Type: text/plain[\r][\n]"
09:47:29.706 [main] DEBUG org.apache.hc.client5.http.wire - http-outgoing-5 << "Alt-Svc: h3=":443"; ma=2592000,h3-29=":443"; ma=2592000[\r][\n]"
09:47:29.706 [main] DEBUG org.apache.hc.client5.http.wire - http-outgoing-5 << "[\r][\n]"
09:47:29.706 [main] DEBUG org.apache.hc.client5.http.wire - http-outgoing-5 << "114.0.5735.90"
09:47:29.706 [main] DEBUG org.apache.hc.client5.http.headers - http-outgoing-5 << HTTP/1.1 200 OK
09:47:29.706 [main] DEBUG org.apache.hc.client5.http.headers - http-outgoing-5 << X-GUploader-UploadID: ADPycdvnFAnOhlWGbRtUpcGBi5W3y6qEtkvwOJmj2uBu_cu5oupNFxxPFqsoSfNAPIUhE78QrkhmBqvlUQiAPhzQ2QAWS0sveOv3
09:47:29.706 [main] DEBUG org.apache.hc.client5.http.headers - http-outgoing-5 << x-goog-generation: 1685523462105569
09:47:29.706 [main] DEBUG org.apache.hc.client5.http.headers - http-outgoing-5 << x-goog-metageneration: 1
09:47:29.706 [main] DEBUG org.apache.hc.client5.http.headers - http-outgoing-5 << x-goog-stored-content-encoding: identity
09:47:29.706 [main] DEBUG org.apache.hc.client5.http.headers - http-outgoing-5 << x-goog-stored-content-length: 13
09:47:29.706 [main] DEBUG org.apache.hc.client5.http.headers - http-outgoing-5 << x-goog-hash: crc32c=tVW4TA==
09:47:29.706 [main] DEBUG org.apache.hc.client5.http.headers - http-outgoing-5 << x-goog-hash: md5=NoaEuIlBlniwTkiZ1T16sA==
09:47:29.706 [main] DEBUG org.apache.hc.client5.http.headers - http-outgoing-5 << x-goog-storage-class: STANDARD
09:47:29.706 [main] DEBUG org.apache.hc.client5.http.headers - http-outgoing-5 << Accept-Ranges: bytes
09:47:29.706 [main] DEBUG org.apache.hc.client5.http.headers - http-outgoing-5 << Content-Length: 13
09:47:29.706 [main] DEBUG org.apache.hc.client5.http.headers - http-outgoing-5 << Server: UploadServer
09:47:29.706 [main] DEBUG org.apache.hc.client5.http.headers - http-outgoing-5 << Date: Sat, 30 Sep 2023 02:46:28 GMT
09:47:29.706 [main] DEBUG org.apache.hc.client5.http.headers - http-outgoing-5 << Expires: Sat, 30 Sep 2023 03:46:28 GMT
09:47:29.706 [main] DEBUG org.apache.hc.client5.http.headers - http-outgoing-5 << Cache-Control: public, max-age=3600
09:47:29.706 [main] DEBUG org.apache.hc.client5.http.headers - http-outgoing-5 << Age: 72
09:47:29.706 [main] DEBUG org.apache.hc.client5.http.headers - http-outgoing-5 << Last-Modified: Wed, 31 May 2023 08:57:42 GMT
09:47:29.706 [main] DEBUG org.apache.hc.client5.http.headers - http-outgoing-5 << ETag: "368684b889419678b04e4899d53d7ab0"
09:47:29.706 [main] DEBUG org.apache.hc.client5.http.headers - http-outgoing-5 << Content-Type: text/plain
09:47:29.706 [main] DEBUG org.apache.hc.client5.http.headers - http-outgoing-5 << Alt-Svc: h3=":443"; ma=2592000,h3-29=":443"; ma=2592000
09:47:29.706 [main] DEBUG org.apache.hc.client5.http.impl.classic.MainClientExec - ex-00000008: connection can be kept alive for 3 MINUTES
09:47:29.706 [main] DEBUG org.apache.hc.client5.http.impl.classic.InternalHttpClient - ep-00000007: releasing valid endpoint
09:47:29.706 [main] DEBUG org.apache.hc.client5.http.impl.io.PoolingHttpClientConnectionManager - ep-00000007: releasing endpoint
09:47:29.706 [main] DEBUG org.apache.hc.client5.http.impl.io.PoolingHttpClientConnectionManager - ep-00000007: connection http-outgoing-5 can be kept alive for 3 MINUTES
09:47:29.706 [main] DEBUG org.apache.hc.client5.http.impl.io.PoolingHttpClientConnectionManager - ep-00000007: connection released [route: {s}->https://chromedriver.storage.googleapis.com:443][total available: 2; route allocated: 2 of 5; total allocated: 3 of 25]
09:47:29.706 [main] DEBUG io.github.bonigarcia.wdm.versions.VersionDetector - Latest version of chromedriver according to https://chromedriver.storage.googleapis.com/LATEST_RELEASE is 114.0.5735.90
09:47:29.706 [main] DEBUG io.github.bonigarcia.wdm.WebDriverManager - Driver chromedriver 114.0.5735.90 found in cache
09:47:29.706 [main] INFO io.github.bonigarcia.wdm.WebDriverManager - Exporting webdriver.chrome.driver as C:\Users\Bagas Dwi Saputra\.cache\selenium\chromedriver\win32\114.0.5735.90\chromedriver.exe
09:47:29.849 [main] DEBUG net.thucydides.core.reflection.ClassFinder - Could not load class net.serenitybdd.rest.utils.RestSpecificationFactory
09:47:29.927 [main] DEBUG net.thucydides.core.reflection.ClassFinder - Could not load class net.serenitybdd.rest.utils.RestSpecificationFactory
09:47:29.927 [main] INFO net.serenitybdd.core.webdriver.driverproviders.ProvideNewDriver - Instantiating driver
09:47:29.927 [main] INFO net.serenitybdd.core.webdriver.driverproviders.ProvideNewDriver - Driver capabilities: Capabilities {acceptInsecureCerts: false, base.url: https://app.jubelio.com, browserName: chrome, chrome.driver: src/test/resources/webdrive..., driver: chrome, goog:chromeOptions: {args: [], extensions: []}, loggingPrefs: org.openqa.selenium.logging...}
09:47:30.802 [main] DEBUG net.thucydides.core.reflection.ClassFinder - Could not load class net.serenitybdd.rest.utils.RestSpecificationFactory
09:47:32.831 [main] DEBUG net.serenitybdd.core.photography.Darkroom - Send negative for processing for target\site\serenity\052c5b469c1d4446469966ca896065f44ec023beb76d3e51b2757769cc45fc75.png
09:47:32.831 [main] DEBUG net.thucydides.core.steps.StepInterceptor - STEP DONE: openLink
09:47:32.831 [Darkroom Processing Line] DEBUG net.serenitybdd.core.photography.DarkroomProcessingLine - Processing screenshot image in /var/screenshots/screenshot-8025727130045408350
09:47:32.831 [Darkroom Processing Line] DEBUG net.serenitybdd.core.photography.DarkroomProcessingLine - Saving screenshot to target\site\serenity\052c5b469c1d4446469966ca896065f44ec023beb76d3e51b2757769cc45fc75.png
09:47:33.186 [main] DEBUG net.serenitybdd.core.photography.Darkroom - Send negative for processing for target\site\serenity\8b99a7f045577a040731d89df423e00e0cc3639c4ea25856e93009f9a96e9fb5.png
09:47:33.186 [main] DEBUG net.thucydides.core.steps.StepInterceptor - STARTING STEP: InventoryStockSteps.loginClickButtonLogin - fills in the {string} with valid data email
09:47:33.186 [Darkroom Processing Line] DEBUG net.serenitybdd.core.photography.DarkroomProcessingLine - Processing screenshot image in /var/screenshots/screenshot-507731999313092454
09:47:33.186 [Darkroom Processing Line] DEBUG net.serenitybdd.core.photography.DarkroomProcessingLine - Saving screenshot to target\site\serenity\8b99a7f045577a040731d89df423e00e0cc3639c4ea25856e93009f9a96e9fb5.png
09:47:33.611 [main] DEBUG net.serenitybdd.core.photography.Darkroom - Send negative for processing for target\site\serenity\104422f2cefbdf6837d9bc86354fe896b0dec713dd1c9ff1fe39944c0cae5eee.png
09:47:33.611 [main] DEBUG net.thucydides.core.steps.StepInterceptor - STEP DONE: fills in the {string} with valid data email
09:47:33.611 [Darkroom Processing Line] DEBUG net.serenitybdd.core.photography.DarkroomProcessingLine - Processing screenshot image in /var/screenshots/screenshot-2419715252617409214
09:47:33.611 [Darkroom Processing Line] DEBUG net.serenitybdd.core.photography.DarkroomProcessingLine - Saving screenshot to target\site\serenity\104422f2cefbdf6837d9bc86354fe896b0dec713dd1c9ff1fe39944c0cae5eee.png
09:47:33.621 [main] DEBUG net.thucydides.core.steps.StepInterceptor - STARTING STEP: InventoryStockSteps.loginClickButtonLogin - fill in the {string} with valid data pass
09:47:33.891 [main] DEBUG net.serenitybdd.core.photography.Darkroom - Send negative for processing for target\site\serenity\09a4e20483464545e5cb82e94a80607f8d5e16987dd9f7c9ab33c287d83f99b6.png
09:47:33.891 [main] DEBUG net.thucydides.core.steps.StepInterceptor - STEP DONE: fill in the {string} with valid data pass
09:47:33.891 [Darkroom Processing Line] DEBUG net.serenitybdd.core.photography.DarkroomProcessingLine - Processing screenshot image in /var/screenshots/screenshot-13808659259131609558
09:47:33.891 [Darkroom Processing Line] DEBUG net.serenitybdd.core.photography.DarkroomProcessingLine - Saving screenshot to target\site\serenity\09a4e20483464545e5cb82e94a80607f8d5e16987dd9f7c9ab33c287d83f99b6.png
09:47:34.240 [main] DEBUG net.serenitybdd.core.photography.Darkroom - Send negative for processing for target\site\serenity\df06c826763a2e0e3321344d5492c58d11e30fb83c886567df22fc5d43e0ad14.png
09:47:34.240 [main] DEBUG net.thucydides.core.steps.StepInterceptor - STARTING STEP: InventoryStockSteps.loginClickButtonLogin - clickbtnlogin
09:47:34.240 [Darkroom Processing Line] DEBUG net.serenitybdd.core.photography.DarkroomProcessingLine - Processing screenshot image in /var/screenshots/screenshot-15413816122632954176
09:47:34.240 [Darkroom Processing Line] DEBUG net.serenitybdd.core.photography.DarkroomProcessingLine - Saving screenshot to target\site\serenity\df06c826763a2e0e3321344d5492c58d11e30fb83c886567df22fc5d43e0ad14.png
09:47:34.798 [main] DEBUG net.serenitybdd.core.photography.Darkroom - Send negative for processing for target\site\serenity\ff2f5f91996b188f570d0a6e2bd14b7f6636262027b26ba73831fb8337c9958b.png
09:47:34.798 [main] DEBUG net.thucydides.core.steps.StepInterceptor - STEP DONE: clickbtnlogin
09:47:34.798 [Darkroom Processing Line] DEBUG net.serenitybdd.core.photography.DarkroomProcessingLine - Processing screenshot image in /var/screenshots/screenshot-14621568156451608064
09:47:34.798 [Darkroom Processing Line] DEBUG net.serenitybdd.core.photography.DarkroomProcessingLine - Saving screenshot to target\site\serenity\ff2f5f91996b188f570d0a6e2bd14b7f6636262027b26ba73831fb8337c9958b.png
09:47:36.522 [main] DEBUG net.serenitybdd.core.photography.Darkroom - Send negative for processing for target\site\serenity\818b96f7cf0664a3811330ac6f500f4beb34236558679a48c7c4266fe3f1e8df.png
09:47:36.522 [main] DEBUG net.thucydides.core.steps.StepInterceptor - STARTING STEP: InventoryStockSteps.loginClickButtonLogin - openUrlInventory
09:47:36.522 [Darkroom Processing Line] DEBUG net.serenitybdd.core.photography.DarkroomProcessingLine - Processing screenshot image in /var/screenshots/screenshot-10373034187059950554
09:47:36.522 [Darkroom Processing Line] DEBUG net.serenitybdd.core.photography.DarkroomProcessingLine - Saving screenshot to target\site\serenity\818b96f7cf0664a3811330ac6f500f4beb34236558679a48c7c4266fe3f1e8df.png
09:47:38.005 [main] DEBUG net.serenitybdd.core.photography.Darkroom - Send negative for processing for target\site\serenity\877fc4a515ba470cbdb4230815bf67e1c98100c532d5d0c6b951e87806febeb1.png
09:47:38.005 [main] DEBUG net.thucydides.core.steps.StepInterceptor - STEP DONE: openUrlInventory
  &amp#27;[32mGiven &amp#27;[0m&amp#27;[32mLogin &amp#27;[0m&amp#27;[32m&amp#27;[1m"qa.rakamin.jubelio@gmail.com"&amp#27;[0m&amp#27;[32m, &amp#27;[0m&amp#27;[32m&amp#27;[1m"Jubelio123!"&amp#27;[0m&amp#27;[32m, click button login&amp#27;[0m &amp#27;[90m# starter.stepdefinitios.InventoryStockSteps.loginClickButtonLogin(java.lang.String,java.lang.String)&amp#27;[0m
09:47:38.281 [main] DEBUG net.serenitybdd.core.photography.Darkroom - Send negative for processing for target\site\serenity\39c2910fcdae2e06e0162275f1fbc28f7bc3dd4b8e036f34692616eb96a02450.png
09:47:38.938 [main] DEBUG net.serenitybdd.core.photography.Darkroom - Send negative for processing for target\site\serenity\39c2910fcdae2e06e0162275f1fbc28f7bc3dd4b8e036f34692616eb96a02450.png
09:47:38.938 [main] DEBUG net.thucydides.core.steps.StepInterceptor - STARTING STEP: InventoryStockSteps.fillsInTheWithValidDataEmail - validatePagePersedian
09:47:39.155 [main] DEBUG net.serenitybdd.core.photography.Darkroom - Send negative for processing for target\site\serenity\39c2910fcdae2e06e0162275f1fbc28f7bc3dd4b8e036f34692616eb96a02450.png
09:47:39.155 [main] DEBUG net.thucydides.core.steps.StepInterceptor - STEP DONE: validatePagePersedian
09:47:39.412 [main] DEBUG net.serenitybdd.core.photography.Darkroom - Send negative for processing for target\site\serenity\39c2910fcdae2e06e0162275f1fbc28f7bc3dd4b8e036f34692616eb96a02450.png
09:47:39.412 [main] DEBUG net.thucydides.core.steps.StepInterceptor - STARTING STEP: InventoryStockSteps.fillsInTheWithValidDataEmail - btnPenyesuaianPersedian
09:47:39.733 [main] DEBUG net.serenitybdd.core.photography.Darkroom - Send negative for processing for target\site\serenity\3a2ed095e31ed6c76bc3ae7ce059c832cf7aadf7615c7ff90328d4b884edde42.png
09:47:39.733 [main] DEBUG net.thucydides.core.steps.StepInterceptor - STEP DONE: btnPenyesuaianPersedian
  &amp#27;[32mAnd &amp#27;[0m&amp#27;[32man inventory adjustment button click&amp#27;[0m                                      &amp#27;[90m# starter.stepdefinitios.InventoryStockSteps.fillsInTheWithValidDataEmail()&amp#27;[0m
09:47:39.733 [Darkroom Processing Line] DEBUG net.serenitybdd.core.photography.DarkroomProcessingLine - Processing screenshot image in /var/screenshots/screenshot-9856741273732323911
09:47:39.733 [Darkroom Processing Line] DEBUG net.serenitybdd.core.photography.DarkroomProcessingLine - Saving screenshot to target\site\serenity\3a2ed095e31ed6c76bc3ae7ce059c832cf7aadf7615c7ff90328d4b884edde42.png
09:47:40.374 [main] DEBUG net.serenitybdd.core.photography.Darkroom - Send negative for processing for target\site\serenity\270254ece9e8fbbc059de346e2779964aedc353194e6467ece5e4008e990c115.png
09:47:40.374 [main] DEBUG net.thucydides.core.steps.StepInterceptor - STARTING STEP: InventoryStockSteps.validateTheInventoryAdjustmentPage - validatePenyesuaianPersediaa
09:47:40.584 [main] DEBUG net.serenitybdd.core.photography.Darkroom - Send negative for processing for target\site\serenity\270254ece9e8fbbc059de346e2779964aedc353194e6467ece5e4008e990c115.png
09:47:40.584 [main] DEBUG net.thucydides.core.steps.StepInterceptor - STEP DONE: validatePenyesuaianPersediaa
  &amp#27;[32mAnd &amp#27;[0m&amp#27;[32mvalidate the inventory adjustment page&amp#27;[0m                                    &amp#27;[90m# starter.stepdefinitios.InventoryStockSteps.validateTheInventoryAdjustmentPage()&amp#27;[0m
09:47:40.840 [main] DEBUG net.serenitybdd.core.photography.Darkroom - Send negative for processing for target\site\serenity\270254ece9e8fbbc059de346e2779964aedc353194e6467ece5e4008e990c115.png
09:47:40.840 [main] DEBUG net.thucydides.core.steps.StepInterceptor - STARTING STEP: InventoryStockSteps.click - btnLokasi
09:47:41.049 [main] DEBUG net.serenitybdd.core.photography.Darkroom - Send negative for processing for target\site\serenity\57e72828bf819d20335fd5ac04454d512305c0d5d9a58966f263e72d67ede661.png
09:47:41.049 [main] DEBUG net.thucydides.core.steps.StepInterceptor - STEP DONE: btnLokasi
09:47:41.307 [main] DEBUG net.serenitybdd.core.photography.Darkroom - Send negative for processing for target\site\serenity\57e72828bf819d20335fd5ac04454d512305c0d5d9a58966f263e72d67ede661.png
09:47:41.307 [main] DEBUG net.thucydides.core.steps.StepInterceptor - STARTING STEP: InventoryStockSteps.click - btnVarisi
09:47:41.533 [main] DEBUG net.serenitybdd.core.photography.Darkroom - Send negative for processing for target\site\serenity\34a3e491d0272c6f401a854d02fe2adb67f243b8972b0d04ff95c93465ecbd57.png
09:47:41.533 [main] DEBUG net.thucydides.core.steps.StepInterceptor - STEP DONE: btnVarisi
  &amp#27;[32mAnd &amp#27;[0m&amp#27;[32mclick &amp#27;[0m&amp#27;[32m&amp#27;[1m"Simatupang Garden"&amp#27;[0m                                                 &amp#27;[90m# starter.stepdefinitios.InventoryStockSteps.click(java.lang.String)&amp#27;[0m
09:47:41.533 [Darkroom Processing Line] DEBUG net.serenitybdd.core.photography.DarkroomProcessingLine - Processing screenshot image in /var/screenshots/screenshot-7895260210786510250
09:47:41.533 [Darkroom Processing Line] DEBUG net.serenitybdd.core.photography.DarkroomProcessingLine - Saving screenshot to target\site\serenity\34a3e491d0272c6f401a854d02fe2adb67f243b8972b0d04ff95c93465ecbd57.png
09:47:41.544 [main] DEBUG net.thucydides.core.steps.StepInterceptor - STARTING STEP: InventoryStockSteps.youSelectAnItem - btnPilihBarang
09:47:41.908 [main] DEBUG net.serenitybdd.core.photography.Darkroom - Send negative for processing for target\site\serenity\1eb66e530ccc3a2fa57d03d3c1f35cbb0f2e1214bd1d9d757d5170283005ee70.png
09:47:41.908 [main] DEBUG net.thucydides.core.steps.StepInterceptor - STEP DONE: btnPilihBarang
09:47:41.909 [Darkroom Processing Line] DEBUG net.serenitybdd.core.photography.DarkroomProcessingLine - Processing screenshot image in /var/screenshots/screenshot-3953056412438646256
09:47:41.909 [Darkroom Processing Line] DEBUG net.serenitybdd.core.photography.DarkroomProcessingLine - Saving screenshot to target\site\serenity\1eb66e530ccc3a2fa57d03d3c1f35cbb0f2e1214bd1d9d757d5170283005ee70.png
09:47:42.547 [main] DEBUG net.serenitybdd.core.photography.Darkroom - Send negative for processing for target\site\serenity\1eb66e530ccc3a2fa57d03d3c1f35cbb0f2e1214bd1d9d757d5170283005ee70.png
09:47:42.547 [main] DEBUG net.thucydides.core.steps.StepInterceptor - STARTING STEP: InventoryStockSteps.youSelectAnItem - btnBarang
09:47:42.944 [main] DEBUG net.serenitybdd.core.photography.Darkroom - Send negative for processing for target\site\serenity\531e09d0b517658123a69746c0b1263a47b1d261f10fbaf2033899daa6499d1d.png
09:47:42.944 [main] DEBUG net.thucydides.core.steps.StepInterceptor - STEP DONE: btnBarang
09:47:42.944 [Darkroom Processing Line] DEBUG net.serenitybdd.core.photography.DarkroomProcessingLine - Processing screenshot image in /var/screenshots/screenshot-10737638223030857895
09:47:42.944 [Darkroom Processing Line] DEBUG net.serenitybdd.core.photography.DarkroomProcessingLine - Saving screenshot to target\site\serenity\531e09d0b517658123a69746c0b1263a47b1d261f10fbaf2033899daa6499d1d.png
09:47:43.599 [main] DEBUG net.serenitybdd.core.photography.Darkroom - Send negative for processing for target\site\serenity\531e09d0b517658123a69746c0b1263a47b1d261f10fbaf2033899daa6499d1d.png
09:47:43.599 [main] DEBUG net.thucydides.core.steps.StepInterceptor - STARTING STEP: InventoryStockSteps.youSelectAnItem - btnSimpan
09:47:43.815 [main] DEBUG net.serenitybdd.core.photography.Darkroom - Send negative for processing for target\site\serenity\c3feab67cb17fbc95b36c18857e67061242105e66f4b28ba9e24a863c1f227d7.png
09:47:43.815 [main] DEBUG net.thucydides.core.steps.StepInterceptor - STEP DONE: btnSimpan
  &amp#27;[32mWhen &amp#27;[0m&amp#27;[32myou select an item&amp#27;[0m                                                       &amp#27;[90m# starter.stepdefinitios.InventoryStockSteps.youSelectAnItem()&amp#27;[0m
09:47:43.815 [Darkroom Processing Line] DEBUG net.serenitybdd.core.photography.DarkroomProcessingLine - Processing screenshot image in /var/screenshots/screenshot-4231188286604325228
09:47:43.815 [Darkroom Processing Line] DEBUG net.serenitybdd.core.photography.DarkroomProcessingLine - Saving screenshot to target\site\serenity\c3feab67cb17fbc95b36c18857e67061242105e66f4b28ba9e24a863c1f227d7.png
09:47:44.265 [main] DEBUG net.serenitybdd.core.photography.Darkroom - Send negative for processing for target\site\serenity\16844b6dfb81c935ce40dcb6cb2e8777953ce5890a4ef69c4cad1bd1213d441a.png
09:47:44.265 [main] DEBUG net.thucydides.core.steps.StepInterceptor - STARTING STEP: InventoryStockSteps.validateTheNameSuccessfully - validatePagePersedian
09:47:44.265 [Darkroom Processing Line] DEBUG net.serenitybdd.core.photography.DarkroomProcessingLine - Processing screenshot image in /var/screenshots/screenshot-1736520178045926127
09:47:44.265 [Darkroom Processing Line] DEBUG net.serenitybdd.core.photography.DarkroomProcessingLine - Saving screenshot to target\site\serenity\16844b6dfb81c935ce40dcb6cb2e8777953ce5890a4ef69c4cad1bd1213d441a.png
09:47:44.510 [main] DEBUG net.serenitybdd.core.photography.Darkroom - Send negative for processing for target\site\serenity\1b752ed4950363c7fff1885cc18f0747e05536f0744de2f6b6bff74bf8d922fb.png
09:47:44.510 [main] DEBUG net.thucydides.core.steps.StepInterceptor - STEP DONE: validatePagePersedian
09:47:44.790 [main] DEBUG net.serenitybdd.core.photography.Darkroom - Send negative for processing for target\site\serenity\1b752ed4950363c7fff1885cc18f0747e05536f0744de2f6b6bff74bf8d922fb.png
09:47:44.790 [main] DEBUG net.thucydides.core.steps.StepInterceptor - STARTING STEP: InventoryStockSteps.validateTheNameSuccessfully - fieldSearch
09:47:45.025 [main] DEBUG net.serenitybdd.core.photography.Darkroom - Send negative for processing for target\site\serenity\6cd860914faf257b6b781bcae49f8af52845ec802ea1062e9aa814046c5be428.png
09:47:45.025 [main] DEBUG net.thucydides.core.steps.StepInterceptor - STEP DONE: fieldSearch
09:47:45.025 [Darkroom Processing Line] DEBUG net.serenitybdd.core.photography.DarkroomProcessingLine - Processing screenshot image in /var/screenshots/screenshot-5022695368741916734
09:47:45.025 [Darkroom Processing Line] DEBUG net.serenitybdd.core.photography.DarkroomProcessingLine - Saving screenshot to target\site\serenity\6cd860914faf257b6b781bcae49f8af52845ec802ea1062e9aa814046c5be428.png
09:47:45.028 [main] DEBUG net.thucydides.core.steps.StepInterceptor - STARTING STEP: InventoryStockSteps.validateTheNameSuccessfully - btnSearch
09:47:45.293 [main] DEBUG net.serenitybdd.core.photography.Darkroom - Send negative for processing for target\site\serenity\17860d5a5e4b8c6b5bc1b028d99955e80394bf182f88653e62fd443c0747037b.png
09:47:45.293 [main] DEBUG net.thucydides.core.steps.StepInterceptor - STEP DONE: btnSearch
09:47:45.293 [Darkroom Processing Line] DEBUG net.serenitybdd.core.photography.DarkroomProcessingLine - Processing screenshot image in /var/screenshots/screenshot-7575981192730819504
09:47:45.293 [Darkroom Processing Line] DEBUG net.serenitybdd.core.photography.DarkroomProcessingLine - Saving screenshot to target\site\serenity\17860d5a5e4b8c6b5bc1b028d99955e80394bf182f88653e62fd443c0747037b.png
09:47:45.594 [main] DEBUG net.serenitybdd.core.photography.Darkroom - Send negative for processing for target\site\serenity\1d7b2192b00b8dee5788fa9c23715369e1f1707a3c5524a39929d632ec1f0c4c.png
09:47:45.594 [main] DEBUG net.thucydides.core.steps.StepInterceptor - STARTING STEP: InventoryStockSteps.validateTheNameSuccessfully - validateTeksBarang
09:47:45.594 [Darkroom Processing Line] DEBUG net.serenitybdd.core.photography.DarkroomProcessingLine - Processing screenshot image in /var/screenshots/screenshot-16880542167295692435
09:47:45.594 [Darkroom Processing Line] DEBUG net.serenitybdd.core.photography.DarkroomProcessingLine - Saving screenshot to target\site\serenity\1d7b2192b00b8dee5788fa9c23715369e1f1707a3c5524a39929d632ec1f0c4c.png
09:47:45.798 [main] DEBUG net.serenitybdd.core.photography.Darkroom - Send negative for processing for target\site\serenity\1d7b2192b00b8dee5788fa9c23715369e1f1707a3c5524a39929d632ec1f0c4c.png
09:47:45.798 [main] DEBUG net.thucydides.core.steps.StepInterceptor - STEP DONE: validateTeksBarang
  &amp#27;[32mThen &amp#27;[0m&amp#27;[32mvalidate the name &amp#27;[0m&amp#27;[32m&amp#27;[1m"Naruto"&amp#27;[0m&amp#27;[32m successfully&amp#27;[0m                                  &amp#27;[90m# starter.stepdefinitios.InventoryStockSteps.validateTheNameSuccessfully(java.lang.String)&amp#27;[0m
09:47:45.960 [main] INFO  - 
  _____   ___   ___   _____     ___     _     ___   ___   ___   ___  
 |_   _| | __| / __| |_   _|   | _ \   /_\   / __| / __| | __| |   \ 
   | |   | _|  \__ \   | |     |  _/  / _ \  \__ \ \__ \ | _|  | |) |
   |_|   |___| |___/   |_|     |_|   /_/ \_\ |___/ |___/ |___| |___/ 

Inventory Stock
----------------------------------------------------------------------
]]></system-out>
    <system-err><![CDATA[Starting ChromeDriver 117.0.5938.88 (be6afae4721209be42944bbcd325665f9f44563b-refs/branch-heads/5938_62@{#9}) on port 45124
Only local connections are allowed.
Please see https://chromedriver.chromium.org/security-considerations for suggestions on keeping ChromeDriver safe.
ChromeDriver was started successfully.
Sep 30, 2023 9:47:30 AM org.openqa.selenium.remote.ProtocolHandshake createSession
INFO: Detected dialect: W3C
]]></system-err>
  </testcase>
  <testcase name="Inventory Stock #3" classname="Inventory Stock at app.jubelio" time="16.97">
    <system-out><![CDATA[
@Inventory @InventoryStock
Scenario Outline: Inventory Stock                                               &amp#27;[90m# src/test/resources/features/user/inventorystock.feature:17&amp#27;[0m
09:47:45.966 [main] INFO io.cucumber.core.plugin.SerenityReporter - Running feature from file:///D:/QE/Automation/Jubelio-Website/src/test/resources/features/user/inventorystock.feature
09:47:46.137 [main] DEBUG net.thucydides.core.steps.StepInterceptor - STARTING STEP: InventoryStockSteps.loginClickButtonLogin - openLink
09:47:46.137 [main] INFO net.serenitybdd.core.webdriver.driverproviders.ChromeDriverProvider - Using automatically driver download
09:47:46.152 [main] DEBUG org.apache.hc.client5.http.impl.classic.InternalHttpClient - ex-00000009: preparing request execution
09:47:46.152 [main] DEBUG org.apache.hc.client5.http.protocol.RequestAddCookies - Cookie spec selected: strict
09:47:46.152 [main] DEBUG org.apache.hc.client5.http.protocol.RequestAuthCache - Auth cache not set in the context
09:47:46.152 [main] DEBUG org.apache.hc.client5.http.impl.classic.ProtocolExec - ex-00000009: target auth state: UNCHALLENGED
09:47:46.152 [main] DEBUG org.apache.hc.client5.http.impl.classic.ProtocolExec - ex-00000009: proxy auth state: UNCHALLENGED
09:47:46.152 [main] DEBUG org.apache.hc.client5.http.impl.classic.ConnectExec - ex-00000009: acquiring connection with route {s}->https://raw.githubusercontent.com:443
09:47:46.152 [main] DEBUG org.apache.hc.client5.http.impl.classic.InternalHttpClient - ex-00000009: acquiring endpoint (3 MINUTES)
09:47:46.152 [main] DEBUG org.apache.hc.client5.http.impl.io.PoolingHttpClientConnectionManager - ex-00000009: endpoint lease request (3 MINUTES) [route: {s}->https://raw.githubusercontent.com:443][total available: 0; route allocated: 0 of 5; total allocated: 0 of 25]
09:47:46.152 [main] DEBUG org.apache.hc.client5.http.impl.io.PoolingHttpClientConnectionManager - ex-00000009: endpoint leased [route: {s}->https://raw.githubusercontent.com:443][total available: 0; route allocated: 1 of 5; total allocated: 1 of 25]
09:47:46.152 [main] DEBUG org.apache.hc.client5.http.impl.io.PoolingHttpClientConnectionManager - ex-00000009: acquired ep-00000008
09:47:46.152 [main] DEBUG org.apache.hc.client5.http.impl.classic.InternalHttpClient - ex-00000009: acquired endpoint ep-00000008
09:47:46.152 [main] DEBUG org.apache.hc.client5.http.impl.classic.ConnectExec - ex-00000009: opening connection {s}->https://raw.githubusercontent.com:443
09:47:46.152 [main] DEBUG org.apache.hc.client5.http.impl.classic.InternalHttpClient - ep-00000008: connecting endpoint (30 SECONDS)
09:47:46.152 [main] DEBUG org.apache.hc.client5.http.impl.io.PoolingHttpClientConnectionManager - ep-00000008: connecting endpoint to https://raw.githubusercontent.com:443 (30 SECONDS)
09:47:46.155 [main] DEBUG org.apache.hc.client5.http.impl.io.DefaultHttpClientConnectionOperator - http-outgoing-6: connecting to raw.githubusercontent.com/185.199.108.133:443
09:47:46.155 [main] DEBUG org.apache.hc.client5.http.ssl.SSLConnectionSocketFactory - Connecting socket to raw.githubusercontent.com/185.199.108.133:443 with timeout 30 SECONDS
09:47:46.170 [main] DEBUG org.apache.hc.client5.http.ssl.SSLConnectionSocketFactory - Enabled protocols: [TLSv1.3, TLSv1.2]
09:47:46.170 [main] DEBUG org.apache.hc.client5.http.ssl.SSLConnectionSocketFactory - Enabled cipher suites: [TLS_AES_256_GCM_SHA384, TLS_AES_128_GCM_SHA256, TLS_CHACHA20_POLY1305_SHA256, TLS_ECDHE_ECDSA_WITH_AES_256_GCM_SHA384, TLS_ECDHE_ECDSA_WITH_AES_128_GCM_SHA256, TLS_ECDHE_ECDSA_WITH_CHACHA20_POLY1305_SHA256, TLS_ECDHE_RSA_WITH_AES_256_GCM_SHA384, TLS_ECDHE_RSA_WITH_CHACHA20_POLY1305_SHA256, TLS_ECDHE_RSA_WITH_AES_128_GCM_SHA256, TLS_DHE_RSA_WITH_AES_256_GCM_SHA384, TLS_DHE_RSA_WITH_CHACHA20_POLY1305_SHA256, TLS_DHE_DSS_WITH_AES_256_GCM_SHA384, TLS_DHE_RSA_WITH_AES_128_GCM_SHA256, TLS_DHE_DSS_WITH_AES_128_GCM_SHA256, TLS_ECDHE_ECDSA_WITH_AES_256_CBC_SHA384, TLS_ECDHE_RSA_WITH_AES_256_CBC_SHA384, TLS_ECDHE_ECDSA_WITH_AES_128_CBC_SHA256, TLS_ECDHE_RSA_WITH_AES_128_CBC_SHA256, TLS_DHE_RSA_WITH_AES_256_CBC_SHA256, TLS_DHE_DSS_WITH_AES_256_CBC_SHA256, TLS_DHE_RSA_WITH_AES_128_CBC_SHA256, TLS_DHE_DSS_WITH_AES_128_CBC_SHA256, TLS_ECDH_ECDSA_WITH_AES_256_GCM_SHA384, TLS_ECDH_RSA_WITH_AES_256_GCM_SHA384, TLS_ECDH_ECDSA_WITH_AES_128_GCM_SHA256, TLS_ECDH_RSA_WITH_AES_128_GCM_SHA256, TLS_ECDH_ECDSA_WITH_AES_256_CBC_SHA384, TLS_ECDH_RSA_WITH_AES_256_CBC_SHA384, TLS_ECDH_ECDSA_WITH_AES_128_CBC_SHA256, TLS_ECDH_RSA_WITH_AES_128_CBC_SHA256, TLS_ECDHE_ECDSA_WITH_AES_256_CBC_SHA, TLS_ECDHE_RSA_WITH_AES_256_CBC_SHA, TLS_ECDHE_ECDSA_WITH_AES_128_CBC_SHA, TLS_ECDHE_RSA_WITH_AES_128_CBC_SHA, TLS_DHE_RSA_WITH_AES_256_CBC_SHA, TLS_DHE_DSS_WITH_AES_256_CBC_SHA, TLS_DHE_RSA_WITH_AES_128_CBC_SHA, TLS_DHE_DSS_WITH_AES_128_CBC_SHA, TLS_ECDH_ECDSA_WITH_AES_256_CBC_SHA, TLS_ECDH_RSA_WITH_AES_256_CBC_SHA, TLS_ECDH_ECDSA_WITH_AES_128_CBC_SHA, TLS_ECDH_RSA_WITH_AES_128_CBC_SHA, TLS_RSA_WITH_AES_256_GCM_SHA384, TLS_RSA_WITH_AES_128_GCM_SHA256, TLS_RSA_WITH_AES_256_CBC_SHA256, TLS_RSA_WITH_AES_128_CBC_SHA256, TLS_RSA_WITH_AES_256_CBC_SHA, TLS_RSA_WITH_AES_128_CBC_SHA, TLS_EMPTY_RENEGOTIATION_INFO_SCSV]
09:47:46.170 [main] DEBUG org.apache.hc.client5.http.ssl.SSLConnectionSocketFactory - Starting handshake
09:47:46.218 [main] DEBUG org.apache.hc.client5.http.ssl.SSLConnectionSocketFactory - Secure session established
09:47:46.218 [main] DEBUG org.apache.hc.client5.http.ssl.SSLConnectionSocketFactory -  negotiated protocol: TLSv1.3
09:47:46.218 [main] DEBUG org.apache.hc.client5.http.ssl.SSLConnectionSocketFactory -  negotiated cipher suite: TLS_AES_256_GCM_SHA384
09:47:46.218 [main] DEBUG org.apache.hc.client5.http.ssl.SSLConnectionSocketFactory -  peer principal: CN=*.github.io, O="GitHub, Inc.", L=San Francisco, ST=California, C=US
09:47:46.218 [main] DEBUG org.apache.hc.client5.http.ssl.SSLConnectionSocketFactory -  peer alternative names: [*.github.io, github.io, *.github.com, github.com, www.github.com, *.githubusercontent.com, githubusercontent.com]
09:47:46.218 [main] DEBUG org.apache.hc.client5.http.ssl.SSLConnectionSocketFactory -  issuer principal: CN=DigiCert TLS RSA SHA256 2020 CA1, O=DigiCert Inc, C=US
09:47:46.218 [main] DEBUG org.apache.hc.client5.http.impl.io.DefaultHttpClientConnectionOperator - http-outgoing-6: connection established 192.168.100.42:63887<->185.199.108.133:443
09:47:46.218 [main] DEBUG org.apache.hc.client5.http.impl.io.PoolingHttpClientConnectionManager - ep-00000008: connected http-outgoing-6
09:47:46.218 [main] DEBUG org.apache.hc.client5.http.impl.classic.InternalHttpClient - ep-00000008: endpoint connected
09:47:46.218 [main] DEBUG org.apache.hc.client5.http.impl.classic.MainClientExec - ex-00000009: executing GET /bonigarcia/webdrivermanager/master/src/main/resources/commands.properties HTTP/1.1
09:47:46.218 [main] DEBUG org.apache.hc.client5.http.impl.classic.InternalHttpClient - ep-00000008: start execution ex-00000009
09:47:46.218 [main] DEBUG org.apache.hc.client5.http.impl.io.PoolingHttpClientConnectionManager - ep-00000008: executing exchange ex-00000009 over http-outgoing-6
09:47:46.218 [main] DEBUG org.apache.hc.client5.http.headers - http-outgoing-6 >> GET /bonigarcia/webdrivermanager/master/src/main/resources/commands.properties HTTP/1.1
09:47:46.218 [main] DEBUG org.apache.hc.client5.http.headers - http-outgoing-6 >> user-agent: Apache-HttpClient/5.0
09:47:46.218 [main] DEBUG org.apache.hc.client5.http.headers - http-outgoing-6 >> accept-encoding: gzip, deflate, br
09:47:46.218 [main] DEBUG org.apache.hc.client5.http.headers - http-outgoing-6 >> cache-control: max-age=0
09:47:46.218 [main] DEBUG org.apache.hc.client5.http.headers - http-outgoing-6 >> connection: keep-alive
09:47:46.218 [main] DEBUG org.apache.hc.client5.http.headers - http-outgoing-6 >> Host: raw.githubusercontent.com
09:47:46.218 [main] DEBUG org.apache.hc.client5.http.wire - http-outgoing-6 >> "GET /bonigarcia/webdrivermanager/master/src/main/resources/commands.properties HTTP/1.1[\r][\n]"
09:47:46.218 [main] DEBUG org.apache.hc.client5.http.wire - http-outgoing-6 >> "user-agent: Apache-HttpClient/5.0[\r][\n]"
09:47:46.218 [main] DEBUG org.apache.hc.client5.http.wire - http-outgoing-6 >> "accept-encoding: gzip, deflate, br[\r][\n]"
09:47:46.218 [main] DEBUG org.apache.hc.client5.http.wire - http-outgoing-6 >> "cache-control: max-age=0[\r][\n]"
09:47:46.218 [main] DEBUG org.apache.hc.client5.http.wire - http-outgoing-6 >> "connection: keep-alive[\r][\n]"
09:47:46.218 [main] DEBUG org.apache.hc.client5.http.wire - http-outgoing-6 >> "Host: raw.githubusercontent.com[\r][\n]"
09:47:46.218 [main] DEBUG org.apache.hc.client5.http.wire - http-outgoing-6 >> "[\r][\n]"
09:47:46.248 [main] DEBUG org.apache.hc.client5.http.wire - http-outgoing-6 << "HTTP/1.1 200 OK[\r][\n]"
09:47:46.248 [main] DEBUG org.apache.hc.client5.http.wire - http-outgoing-6 << "Connection: keep-alive[\r][\n]"
09:47:46.248 [main] DEBUG org.apache.hc.client5.http.wire - http-outgoing-6 << "Content-Length: 723[\r][\n]"
09:47:46.248 [main] DEBUG org.apache.hc.client5.http.wire - http-outgoing-6 << "Cache-Control: max-age=300[\r][\n]"
09:47:46.248 [main] DEBUG org.apache.hc.client5.http.wire - http-outgoing-6 << "Content-Security-Policy: default-src 'none'; style-src 'unsafe-inline'; sandbox[\r][\n]"
09:47:46.248 [main] DEBUG org.apache.hc.client5.http.wire - http-outgoing-6 << "Content-Type: text/plain; charset=utf-8[\r][\n]"
09:47:46.248 [main] DEBUG org.apache.hc.client5.http.wire - http-outgoing-6 << "ETag: W/"e82b438271e9e8680c688b0b680efd0bdd22faa6d6f0a32fc1fd8accc486b67e"[\r][\n]"
09:47:46.248 [main] DEBUG org.apache.hc.client5.http.wire - http-outgoing-6 << "Strict-Transport-Security: max-age=31536000[\r][\n]"
09:47:46.248 [main] DEBUG org.apache.hc.client5.http.wire - http-outgoing-6 << "X-Content-Type-Options: nosniff[\r][\n]"
09:47:46.248 [main] DEBUG org.apache.hc.client5.http.wire - http-outgoing-6 << "X-Frame-Options: deny[\r][\n]"
09:47:46.248 [main] DEBUG org.apache.hc.client5.http.wire - http-outgoing-6 << "X-XSS-Protection: 1; mode=block[\r][\n]"
09:47:46.248 [main] DEBUG org.apache.hc.client5.http.wire - http-outgoing-6 << "X-GitHub-Request-Id: 4CA0:B8C7F:70C4E:8CACE:651389F9[\r][\n]"
09:47:46.248 [main] DEBUG org.apache.hc.client5.http.wire - http-outgoing-6 << "Content-Encoding: gzip[\r][\n]"
09:47:46.248 [main] DEBUG org.apache.hc.client5.http.wire - http-outgoing-6 << "Accept-Ranges: bytes[\r][\n]"
09:47:46.248 [main] DEBUG org.apache.hc.client5.http.wire - http-outgoing-6 << "Date: Sat, 30 Sep 2023 02:47:57 GMT[\r][\n]"
09:47:46.248 [main] DEBUG org.apache.hc.client5.http.wire - http-outgoing-6 << "Via: 1.1 varnish[\r][\n]"
09:47:46.248 [main] DEBUG org.apache.hc.client5.http.wire - http-outgoing-6 << "X-Served-By: cache-qpg1259-QPG[\r][\n]"
09:47:46.248 [main] DEBUG org.apache.hc.client5.http.wire - http-outgoing-6 << "X-Cache: HIT[\r][\n]"
09:47:46.248 [main] DEBUG org.apache.hc.client5.http.wire - http-outgoing-6 << "X-Cache-Hits: 6[\r][\n]"
09:47:46.248 [main] DEBUG org.apache.hc.client5.http.wire - http-outgoing-6 << "X-Timer: S1696042077.076304,VS0,VE0[\r][\n]"
09:47:46.248 [main] DEBUG org.apache.hc.client5.http.wire - http-outgoing-6 << "Vary: Authorization,Accept-Encoding,Origin[\r][\n]"
09:47:46.248 [main] DEBUG org.apache.hc.client5.http.wire - http-outgoing-6 << "Access-Control-Allow-Origin: *[\r][\n]"
09:47:46.248 [main] DEBUG org.apache.hc.client5.http.wire - http-outgoing-6 << "Cross-Origin-Resource-Policy: cross-origin[\r][\n]"
09:47:46.248 [main] DEBUG org.apache.hc.client5.http.wire - http-outgoing-6 << "X-Fastly-Request-ID: ffcdeda02e0e0577cf5018eb2ca57693991fdcc5[\r][\n]"
09:47:46.248 [main] DEBUG org.apache.hc.client5.http.wire - http-outgoing-6 << "Expires: Sat, 30 Sep 2023 02:52:57 GMT[\r][\n]"
09:47:46.248 [main] DEBUG org.apache.hc.client5.http.wire - http-outgoing-6 << "Source-Age: 288[\r][\n]"
09:47:46.248 [main] DEBUG org.apache.hc.client5.http.wire - http-outgoing-6 << "[\r][\n]"
09:47:46.248 [main] DEBUG org.apache.hc.client5.http.headers - http-outgoing-6 << HTTP/1.1 200 OK
09:47:46.248 [main] DEBUG org.apache.hc.client5.http.headers - http-outgoing-6 << Connection: keep-alive
09:47:46.248 [main] DEBUG org.apache.hc.client5.http.headers - http-outgoing-6 << Content-Length: 723
09:47:46.248 [main] DEBUG org.apache.hc.client5.http.headers - http-outgoing-6 << Cache-Control: max-age=300
09:47:46.248 [main] DEBUG org.apache.hc.client5.http.headers - http-outgoing-6 << Content-Security-Policy: default-src 'none'; style-src 'unsafe-inline'; sandbox
09:47:46.248 [main] DEBUG org.apache.hc.client5.http.headers - http-outgoing-6 << Content-Type: text/plain; charset=utf-8
09:47:46.248 [main] DEBUG org.apache.hc.client5.http.headers - http-outgoing-6 << ETag: W/"e82b438271e9e8680c688b0b680efd0bdd22faa6d6f0a32fc1fd8accc486b67e"
09:47:46.248 [main] DEBUG org.apache.hc.client5.http.headers - http-outgoing-6 << Strict-Transport-Security: max-age=31536000
09:47:46.248 [main] DEBUG org.apache.hc.client5.http.headers - http-outgoing-6 << X-Content-Type-Options: nosniff
09:47:46.248 [main] DEBUG org.apache.hc.client5.http.headers - http-outgoing-6 << X-Frame-Options: deny
09:47:46.248 [main] DEBUG org.apache.hc.client5.http.headers - http-outgoing-6 << X-XSS-Protection: 1; mode=block
09:47:46.248 [main] DEBUG org.apache.hc.client5.http.headers - http-outgoing-6 << X-GitHub-Request-Id: 4CA0:B8C7F:70C4E:8CACE:651389F9
09:47:46.248 [main] DEBUG org.apache.hc.client5.http.headers - http-outgoing-6 << Content-Encoding: gzip
09:47:46.248 [main] DEBUG org.apache.hc.client5.http.headers - http-outgoing-6 << Accept-Ranges: bytes
09:47:46.248 [main] DEBUG org.apache.hc.client5.http.headers - http-outgoing-6 << Date: Sat, 30 Sep 2023 02:47:57 GMT
09:47:46.248 [main] DEBUG org.apache.hc.client5.http.headers - http-outgoing-6 << Via: 1.1 varnish
09:47:46.248 [main] DEBUG org.apache.hc.client5.http.headers - http-outgoing-6 << X-Served-By: cache-qpg1259-QPG
09:47:46.248 [main] DEBUG org.apache.hc.client5.http.headers - http-outgoing-6 << X-Cache: HIT
09:47:46.248 [main] DEBUG org.apache.hc.client5.http.headers - http-outgoing-6 << X-Cache-Hits: 6
09:47:46.248 [main] DEBUG org.apache.hc.client5.http.headers - http-outgoing-6 << X-Timer: S1696042077.076304,VS0,VE0
09:47:46.248 [main] DEBUG org.apache.hc.client5.http.headers - http-outgoing-6 << Vary: Authorization,Accept-Encoding,Origin
09:47:46.248 [main] DEBUG org.apache.hc.client5.http.headers - http-outgoing-6 << Access-Control-Allow-Origin: *
09:47:46.248 [main] DEBUG org.apache.hc.client5.http.headers - http-outgoing-6 << Cross-Origin-Resource-Policy: cross-origin
09:47:46.248 [main] DEBUG org.apache.hc.client5.http.headers - http-outgoing-6 << X-Fastly-Request-ID: ffcdeda02e0e0577cf5018eb2ca57693991fdcc5
09:47:46.248 [main] DEBUG org.apache.hc.client5.http.headers - http-outgoing-6 << Expires: Sat, 30 Sep 2023 02:52:57 GMT
09:47:46.248 [main] DEBUG org.apache.hc.client5.http.headers - http-outgoing-6 << Source-Age: 288
09:47:46.248 [main] DEBUG org.apache.hc.client5.http.impl.classic.MainClientExec - ex-00000009: connection can be kept alive for 3 MINUTES
09:47:46.248 [main] DEBUG org.apache.hc.client5.http.wire - http-outgoing-6 << "[0x1f][0xffffff8b][0x8][0x0][0x0][0x0][0x0][0x0][0x0][0x3][0xffffffb5]V]o[0xffffffda]0[0x14]}[0xffffffe7]W\[0xffffff81]*[0xffffffb5][0x12][0x1f][[M[0xffffffd3]$[0x1e]hF[0xffffffbb]i [0x18][0xffffffb4][0xffffffdd]&[0xfffffff9][0xffffffc5]$7[0xffffffc1]R[0x12]#;[0xffffff94]v[0xffffffbf]~[0xffffffb6][0xfffffff3]1[0xffffff92][0xffffff9a][0xffffffc1][0x1a]x[0xffffffcb][0xffffffb5][0xffffffaf][0xffffffcf]9[0xffffffbe][0xfffffff7]8v[0xb][0x1c][0x1e]E4[0xfffffff6]$x4[0xffffffa1][0xb]*[0xffffffb1][0xffffffd1][0xffffff82][0xfffffffb]%[0xffffff93][0xffffffe0][0xffffffb3][0x10][0xffffffc1][0xffffffe5]qBY,!Y[0xffffffea] KM8,[0x10][0xfffffff0][0x19][0xffffffdd]u[0xffffff82][0x1e][0xffffffb0][0xffffffd8]L[0xffffffcb]%[0xffffff86][0xffffffa1][0xe][0xffffffb8][0xfffffff0]P[0xffffffe8]$[0xf][0x13]t[0x13]3[0xfffffff9][0xffffff84]B2[0xffffffae][0xffffffe6]|@[0xfffffff5][0x1d][0x8][0xffffffc4][0x18][0x16][0xffffff82]o[0xffffffa4][0xffffff9a]P[0xffffff94][0xffffffe7][0xffffffce]R[0xfffffff0][0x8][0xffffffdb]p[0xffffffcb][0x4][0xfffffffa][0xfffffffc][0xffffffb9][\r][0xffffff93][0x15][\n]"
09:47:46.248 [main] DEBUG org.apache.hc.client5.http.wire - http-outgoing-6 << "[0xffffffda][0xffffff86][0xffffffa1][0x17][0xffffffa8]Q3[0xffffffcb][0xffffffd6][0xffffffd1][0xffffff85][0xffffffc6][0xfffffff7][0xffffff98][0xffffffef][0xffffffa3][0xffffffc0]8[0x1][0xffffffae]s[0x12][0x16][0x7] _d[0xffffff82][0xffffff91][0xffffff84][0xfffffff3][0x1f],[0xfffffff6][0x14]j[0x1b]F,^+[0xffffff98]1ua2[0xffffffbf]h([0xffffff8e][0xffffff94][0xffffffa2][0xffffff91]m[0xffffffa3][0xffffffeb][0xffffff9a][0xffffffb0][0xffffffbb]I[0x17]t[0xffffffdf][0xffffffbd][0xffffffef][0xffffffbb][0xffffff91][0xffffffd7]U[0xffffffbb][0xffffff82][0xffffff9e][0x3][0xffffff9b][0xffffff88][0xffffffb9][0xffffffa6]$[0xffffffa6][0xc][0xffffff9b][0xffffffa5][0xffffffe2][0xffffff83][0xffffff98]F[0xffffffd8]o[0xffffff9e]Mg[0xffffff93][0xffffffbb][0xffffffd9]`|[0xfffffffb]u4[0xffffff9c][0x7f]"}B[0xffffffce][0x8][0xffffffb9][0xffffffe3]<[0x8][0xffffff91][0xffffff90][0xffffff94][0xffffff82][0xffffff90][0xffffffc1]j[0x15]2WI[0xffffffe3]1![0x19][0xffffff91]BnB[0xffffff80][0x9]<f[0xffffffb5][0xffffffe8]=[0xffffffd1]p[0xffffffbd][[0xffffffcf][0xffffffe5][0x1b][0xfffffff4][0xffffff9c][0xffffffff][0xfffffffc][0xfffffff8][0xffffffe1][0xffffffe2][0xffffff94][0xffffffa2][0xffffffae][0xe][0x14]5[0xffffff9a]8[0xffffff83][0xffffffd1]`:[0xfffffffd]<[0xffffffb8][0x1f][0xffffff9c]R[0xffffffcf]u[0x7f]6[0xffffffbc][0xffffff83][0xffffffef][0xf][0xffffffc3][0xffffffd9]/[0xfffffff8][0xfffffff2][0xffffffcd]y s[0xffffffee]'[0x1b]*0g[0xffffffcb][0xffffffc8]nF7H][0xffffff83][0xffffff97]{[0xffffffb1]Q[0x5][\r][0xffffffb5]c[0xffffffb4][0xf][0x2][0xffffffb3][0xffffffb4][0xffffff93][0xe]C[0xffffffa7][0xffffffb3]kAD][0xffffff9d][0xffffffde][0xffffffdb][0xffffffda][0xffffff88][0xffffffec][0xffffffa5][0xffffffbc][0xffffff99][0xffffffd9][0xffffffba]t[0xffffffb5][0xffffffea]9[0xffffffea][0x10])[0xffffffb7][0xffffffca][0xffffff9e][0xfffffff2][0xffffffe2]d^N[0xffffffd8]FW[0x16][0xffffffcd][0xffffffdc]_[0x10][0xfffffff9]i|[0x1c][0xffffff93][0xffffff8e][0xfffffff9]o[0x16][0xffffff86]4'!$G[0xffffffdf]W[0xfffffff4]W*j[[0xfffffff3]xR[0xffffffae][0xffffffb6][0xc][0xffffffd0],; #[0xffffffa9][0xffffff92]5[0xffffffb5][0x7][0xffffff9c][0xffffffb5][0xffffffd0][0x7f][0xffffff90][0xffffffc7]jgs[0xfffffffc][0xffffffc2][0xb][0xffffffd9][0x0]t[0xffffff9e]^'Y[0xfffffffb][0xffffff9f][0xffffffb1][0xffffffd8]:[0xffffffbf][0xffffff8d][0xffffffa5][0xffffff9a][0xffffffad][0x7f]m[0x5]&[0xffffffaa][0xffffffa0]^[0xffffff9b][0xffffffcb][0x5]f[0xffffffae][0xffffffe0]RU[0xffffff82][0x10]MS9l[0xffffff91]4t[0xfffffffb][0xffffff8a]][0xffffffd6][0xfffffff4][0xffffff96][0xffffffa6][0xffffff9f]P[0xffffffce][0xffffffd5][0xffffffce][0xffffff93][0xffffffff][0xffffff97][0xffffffcc]p[0xfffffffd][0xfffffff3][0xffffffe8][0x1b][0xffffffcc][0xffffffa2][0xffffffd9]Q[0xffffffbe][0xffffffb2][0xffffffa3][0xffffffc7]m'[0xffffffdf][0xffffffe4][[0xfffffffb]^[0xffffffb0][0xffffff9a][0xffffffbe][0xffffffda][0xffffffda]_[0xffffffce][0xffffff80][0xffffffd2][0xffffffc1]7[0xffffffb7]][0xffffffc1]b[0xffffffee][0xffffffb5][0xffffffff]w[0xffffff83][0xffffffed][0xffffffa7];[0x15]<[0x10]4[0xffffff92][0xffffff84][0x18][\n]"
09:47:46.248 [main] DEBUG org.apache.hc.client5.http.wire - http-outgoing-6 << "BB[0xffffffba][0xffffff8e]][0xffffffb5]jo[0xffffffb9]+"[0xffffffea][0xffffffb4][0xffffffff]h"[0xffffffea]\?5[0xffffffa9][0xffffffaf]k[0xffffffec][0xffffffff]P[0xffffffea][\n]"
09:47:46.248 [main] DEBUG org.apache.hc.client5.http.wire - http-outgoing-6 << "w[0xffffffe1]K[0x13][0xffffffda][0xffffffec][0xffffff98][0xffffffe6]Y[0xfffffffd]h8m6[0xffffff9c]T[0xffffffc1][0xfffffff2][0xffffffa7][0xffffff91]z_[0xffffff95]o85p[0x1c][0x13][0xffffffe6][0xfffffff0]5[0xffffffee][0xfffffffc][0xffffff92][0xffffff96][0xffffffda][0xfffffff7][0xffffffcf][0xffffffb1][0x5][0x1d][0xffffffea]K[0xffffff9b]9[0xffffff8e][0xffffffad]e[0xfffffff7][0xffffff93][0xffffffa8]`[0xffffffda][0xffffffff][0x1a][0xffffffd2][0xffffff88][0xffffff85][0xfffffffd][0xfffffff2][0xffffff91]N[0xfffffff6]`[0xffffffdf]2[0xffffffcf][0xffffffae]E[0xffffff97][0xffffffc5][0xffffffa2][0xffffff9d][0xffffffef]'[0xffffff9d]mun.[0xffffffd3]f^[0xffffffc7][0xffffff82][0xffffffda][0xffffff82]9[0xfffffff5][0xffffffa9]`[0x5][0xffffffbc]4[0xffffffa1][0x1d]<M[0xffffffb5]A[0xffffffa7]3[[0xffffffc0][0x7f][0x0][0xffffffc1][0xffffffd0]$[0xffffff85][0x1d][\r][0x0][0x0]"
09:47:46.261 [main] DEBUG org.apache.hc.client5.http.impl.classic.InternalHttpClient - ep-00000008: releasing valid endpoint
09:47:46.261 [main] DEBUG org.apache.hc.client5.http.impl.io.PoolingHttpClientConnectionManager - ep-00000008: releasing endpoint
09:47:46.261 [main] DEBUG org.apache.hc.client5.http.impl.io.PoolingHttpClientConnectionManager - ep-00000008: connection http-outgoing-6 can be kept alive for 3 MINUTES
09:47:46.261 [main] DEBUG org.apache.hc.client5.http.impl.io.PoolingHttpClientConnectionManager - ep-00000008: connection released [route: {s}->https://raw.githubusercontent.com:443][total available: 1; route allocated: 1 of 5; total allocated: 1 of 25]
09:47:46.261 [main] DEBUG io.github.bonigarcia.wdm.versions.VersionDetector - Detecting chrome version using online commands.properties
09:47:46.261 [main] DEBUG io.github.bonigarcia.wdm.versions.Shell - Running command on the shell: [cmd.exe, /C, wmic, datafile, where, name="%PROGRAMFILES:\=\\%\\Google\\Chrome\\Application\\chrome.exe", get, Version, /value]
09:47:46.373 [main] DEBUG io.github.bonigarcia.wdm.versions.Shell - Result: Version=117.0.5938.132
09:47:46.375 [main] DEBUG org.apache.hc.client5.http.impl.classic.InternalHttpClient - ex-0000000A: preparing request execution
09:47:46.375 [main] DEBUG org.apache.hc.client5.http.protocol.RequestAddCookies - Cookie spec selected: strict
09:47:46.375 [main] DEBUG org.apache.hc.client5.http.protocol.RequestAuthCache - Auth cache not set in the context
09:47:46.375 [main] DEBUG org.apache.hc.client5.http.impl.classic.ProtocolExec - ex-0000000A: target auth state: UNCHALLENGED
09:47:46.375 [main] DEBUG org.apache.hc.client5.http.impl.classic.ProtocolExec - ex-0000000A: proxy auth state: UNCHALLENGED
09:47:46.375 [main] DEBUG org.apache.hc.client5.http.impl.classic.ConnectExec - ex-0000000A: acquiring connection with route {s}->https://chromedriver.storage.googleapis.com:443
09:47:46.375 [main] DEBUG org.apache.hc.client5.http.impl.classic.InternalHttpClient - ex-0000000A: acquiring endpoint (3 MINUTES)
09:47:46.375 [main] DEBUG org.apache.hc.client5.http.impl.io.PoolingHttpClientConnectionManager - ex-0000000A: endpoint lease request (3 MINUTES) [route: {s}->https://chromedriver.storage.googleapis.com:443][total available: 1; route allocated: 0 of 5; total allocated: 1 of 25]
09:47:46.375 [main] DEBUG org.apache.hc.client5.http.impl.io.PoolingHttpClientConnectionManager - ex-0000000A: endpoint leased [route: {s}->https://chromedriver.storage.googleapis.com:443][total available: 1; route allocated: 1 of 5; total allocated: 2 of 25]
09:47:46.375 [main] DEBUG org.apache.hc.client5.http.impl.io.PoolingHttpClientConnectionManager - ex-0000000A: acquired ep-00000009
09:47:46.375 [main] DEBUG org.apache.hc.client5.http.impl.classic.InternalHttpClient - ex-0000000A: acquired endpoint ep-00000009
09:47:46.375 [main] DEBUG org.apache.hc.client5.http.impl.classic.ConnectExec - ex-0000000A: opening connection {s}->https://chromedriver.storage.googleapis.com:443
09:47:46.375 [main] DEBUG org.apache.hc.client5.http.impl.classic.InternalHttpClient - ep-00000009: connecting endpoint (30 SECONDS)
09:47:46.375 [main] DEBUG org.apache.hc.client5.http.impl.io.PoolingHttpClientConnectionManager - ep-00000009: connecting endpoint to https://chromedriver.storage.googleapis.com:443 (30 SECONDS)
09:47:46.375 [main] DEBUG org.apache.hc.client5.http.impl.io.DefaultHttpClientConnectionOperator - http-outgoing-7: connecting to chromedriver.storage.googleapis.com/34.101.5.123:443
09:47:46.375 [main] DEBUG org.apache.hc.client5.http.ssl.SSLConnectionSocketFactory - Connecting socket to chromedriver.storage.googleapis.com/34.101.5.123:443 with timeout 30 SECONDS
09:47:46.378 [main] DEBUG org.apache.hc.client5.http.ssl.SSLConnectionSocketFactory - Enabled protocols: [TLSv1.3, TLSv1.2]
09:47:46.378 [main] DEBUG org.apache.hc.client5.http.ssl.SSLConnectionSocketFactory - Enabled cipher suites: [TLS_AES_256_GCM_SHA384, TLS_AES_128_GCM_SHA256, TLS_CHACHA20_POLY1305_SHA256, TLS_ECDHE_ECDSA_WITH_AES_256_GCM_SHA384, TLS_ECDHE_ECDSA_WITH_AES_128_GCM_SHA256, TLS_ECDHE_ECDSA_WITH_CHACHA20_POLY1305_SHA256, TLS_ECDHE_RSA_WITH_AES_256_GCM_SHA384, TLS_ECDHE_RSA_WITH_CHACHA20_POLY1305_SHA256, TLS_ECDHE_RSA_WITH_AES_128_GCM_SHA256, TLS_DHE_RSA_WITH_AES_256_GCM_SHA384, TLS_DHE_RSA_WITH_CHACHA20_POLY1305_SHA256, TLS_DHE_DSS_WITH_AES_256_GCM_SHA384, TLS_DHE_RSA_WITH_AES_128_GCM_SHA256, TLS_DHE_DSS_WITH_AES_128_GCM_SHA256, TLS_ECDHE_ECDSA_WITH_AES_256_CBC_SHA384, TLS_ECDHE_RSA_WITH_AES_256_CBC_SHA384, TLS_ECDHE_ECDSA_WITH_AES_128_CBC_SHA256, TLS_ECDHE_RSA_WITH_AES_128_CBC_SHA256, TLS_DHE_RSA_WITH_AES_256_CBC_SHA256, TLS_DHE_DSS_WITH_AES_256_CBC_SHA256, TLS_DHE_RSA_WITH_AES_128_CBC_SHA256, TLS_DHE_DSS_WITH_AES_128_CBC_SHA256, TLS_ECDH_ECDSA_WITH_AES_256_GCM_SHA384, TLS_ECDH_RSA_WITH_AES_256_GCM_SHA384, TLS_ECDH_ECDSA_WITH_AES_128_GCM_SHA256, TLS_ECDH_RSA_WITH_AES_128_GCM_SHA256, TLS_ECDH_ECDSA_WITH_AES_256_CBC_SHA384, TLS_ECDH_RSA_WITH_AES_256_CBC_SHA384, TLS_ECDH_ECDSA_WITH_AES_128_CBC_SHA256, TLS_ECDH_RSA_WITH_AES_128_CBC_SHA256, TLS_ECDHE_ECDSA_WITH_AES_256_CBC_SHA, TLS_ECDHE_RSA_WITH_AES_256_CBC_SHA, TLS_ECDHE_ECDSA_WITH_AES_128_CBC_SHA, TLS_ECDHE_RSA_WITH_AES_128_CBC_SHA, TLS_DHE_RSA_WITH_AES_256_CBC_SHA, TLS_DHE_DSS_WITH_AES_256_CBC_SHA, TLS_DHE_RSA_WITH_AES_128_CBC_SHA, TLS_DHE_DSS_WITH_AES_128_CBC_SHA, TLS_ECDH_ECDSA_WITH_AES_256_CBC_SHA, TLS_ECDH_RSA_WITH_AES_256_CBC_SHA, TLS_ECDH_ECDSA_WITH_AES_128_CBC_SHA, TLS_ECDH_RSA_WITH_AES_128_CBC_SHA, TLS_RSA_WITH_AES_256_GCM_SHA384, TLS_RSA_WITH_AES_128_GCM_SHA256, TLS_RSA_WITH_AES_256_CBC_SHA256, TLS_RSA_WITH_AES_128_CBC_SHA256, TLS_RSA_WITH_AES_256_CBC_SHA, TLS_RSA_WITH_AES_128_CBC_SHA, TLS_EMPTY_RENEGOTIATION_INFO_SCSV]
09:47:46.378 [main] DEBUG org.apache.hc.client5.http.ssl.SSLConnectionSocketFactory - Starting handshake
09:47:46.418 [main] DEBUG org.apache.hc.client5.http.ssl.SSLConnectionSocketFactory - Secure session established
09:47:46.418 [main] DEBUG org.apache.hc.client5.http.ssl.SSLConnectionSocketFactory -  negotiated protocol: TLSv1.3
09:47:46.418 [main] DEBUG org.apache.hc.client5.http.ssl.SSLConnectionSocketFactory -  negotiated cipher suite: TLS_AES_256_GCM_SHA384
09:47:46.418 [main] DEBUG org.apache.hc.client5.http.ssl.SSLConnectionSocketFactory -  peer principal: CN=*.storage.googleapis.com
09:47:46.418 [main] DEBUG org.apache.hc.client5.http.ssl.SSLConnectionSocketFactory -  peer alternative names: [*.storage.googleapis.com, *.googleapis.com, commondatastorage.googleapis.com, *.commondatastorage.googleapis.com, storage.googleapis.com, storage-p2.googleapis.com, *.storage-p2.googleapis.com, storage.mtls.googleapis.com, *.appspot.com.storage.googleapis.com, *.content-storage.googleapis.com, *.content-storage-p2.googleapis.com, *.content-storage-upload.googleapis.com, *.content-storage-download.googleapis.com, *.storage-upload.googleapis.com, *.storage-download.googleapis.com]
09:47:46.418 [main] DEBUG org.apache.hc.client5.http.ssl.SSLConnectionSocketFactory -  issuer principal: CN=GTS CA 1C3, O=Google Trust Services LLC, C=US
09:47:46.418 [main] DEBUG org.apache.hc.client5.http.impl.io.DefaultHttpClientConnectionOperator - http-outgoing-7: connection established 192.168.100.42:63888<->34.101.5.123:443
09:47:46.418 [main] DEBUG org.apache.hc.client5.http.impl.io.PoolingHttpClientConnectionManager - ep-00000009: connected http-outgoing-7
09:47:46.418 [main] DEBUG org.apache.hc.client5.http.impl.classic.InternalHttpClient - ep-00000009: endpoint connected
09:47:46.418 [main] DEBUG org.apache.hc.client5.http.impl.classic.MainClientExec - ex-0000000A: executing GET /LATEST_RELEASE_117 HTTP/1.1
09:47:46.418 [main] DEBUG org.apache.hc.client5.http.impl.classic.InternalHttpClient - ep-00000009: start execution ex-0000000A
09:47:46.418 [main] DEBUG org.apache.hc.client5.http.impl.io.PoolingHttpClientConnectionManager - ep-00000009: executing exchange ex-0000000A over http-outgoing-7
09:47:46.418 [main] DEBUG org.apache.hc.client5.http.headers - http-outgoing-7 >> GET /LATEST_RELEASE_117 HTTP/1.1
09:47:46.418 [main] DEBUG org.apache.hc.client5.http.headers - http-outgoing-7 >> user-agent: Apache-HttpClient/5.0
09:47:46.418 [main] DEBUG org.apache.hc.client5.http.headers - http-outgoing-7 >> accept-encoding: gzip, deflate, br
09:47:46.418 [main] DEBUG org.apache.hc.client5.http.headers - http-outgoing-7 >> cache-control: max-age=0
09:47:46.418 [main] DEBUG org.apache.hc.client5.http.headers - http-outgoing-7 >> connection: keep-alive
09:47:46.418 [main] DEBUG org.apache.hc.client5.http.headers - http-outgoing-7 >> Host: chromedriver.storage.googleapis.com
09:47:46.418 [main] DEBUG org.apache.hc.client5.http.wire - http-outgoing-7 >> "GET /LATEST_RELEASE_117 HTTP/1.1[\r][\n]"
09:47:46.418 [main] DEBUG org.apache.hc.client5.http.wire - http-outgoing-7 >> "user-agent: Apache-HttpClient/5.0[\r][\n]"
09:47:46.418 [main] DEBUG org.apache.hc.client5.http.wire - http-outgoing-7 >> "accept-encoding: gzip, deflate, br[\r][\n]"
09:47:46.418 [main] DEBUG org.apache.hc.client5.http.wire - http-outgoing-7 >> "cache-control: max-age=0[\r][\n]"
09:47:46.418 [main] DEBUG org.apache.hc.client5.http.wire - http-outgoing-7 >> "connection: keep-alive[\r][\n]"
09:47:46.418 [main] DEBUG org.apache.hc.client5.http.wire - http-outgoing-7 >> "Host: chromedriver.storage.googleapis.com[\r][\n]"
09:47:46.418 [main] DEBUG org.apache.hc.client5.http.wire - http-outgoing-7 >> "[\r][\n]"
09:47:46.677 [main] DEBUG org.apache.hc.client5.http.wire - http-outgoing-7 << "HTTP/1.1 404 Not Found[\r][\n]"
09:47:46.677 [main] DEBUG org.apache.hc.client5.http.wire - http-outgoing-7 << "X-GUploader-UploadID: ADPycdsC-9dKjbZRb-8emgTVITr87dVpRi27lJM_sWg9V6_3AlT_Lve8RAXK21R4JtvJ6t3eE83psVZYpc9DdLglHzUHWMHwFsWR[\r][\n]"
09:47:46.677 [main] DEBUG org.apache.hc.client5.http.wire - http-outgoing-7 << "Content-Type: application/xml; charset=UTF-8[\r][\n]"
09:47:46.677 [main] DEBUG org.apache.hc.client5.http.wire - http-outgoing-7 << "Content-Length: 193[\r][\n]"
09:47:46.677 [main] DEBUG org.apache.hc.client5.http.wire - http-outgoing-7 << "Date: Sat, 30 Sep 2023 02:47:57 GMT[\r][\n]"
09:47:46.677 [main] DEBUG org.apache.hc.client5.http.wire - http-outgoing-7 << "Expires: Sat, 30 Sep 2023 02:47:57 GMT[\r][\n]"
09:47:46.677 [main] DEBUG org.apache.hc.client5.http.wire - http-outgoing-7 << "Cache-Control: private, max-age=0[\r][\n]"
09:47:46.677 [main] DEBUG org.apache.hc.client5.http.wire - http-outgoing-7 << "Server: UploadServer[\r][\n]"
09:47:46.677 [main] DEBUG org.apache.hc.client5.http.wire - http-outgoing-7 << "Alt-Svc: h3=":443"; ma=2592000,h3-29=":443"; ma=2592000[\r][\n]"
09:47:46.677 [main] DEBUG org.apache.hc.client5.http.wire - http-outgoing-7 << "[\r][\n]"
09:47:46.677 [main] DEBUG org.apache.hc.client5.http.wire - http-outgoing-7 << "<?xml version='1.0' encoding='UTF-8'?><Error><Code>NoSuchKey</Code><Message>The specified key does not exist.</Message><Details>No such object: chromedriver/LATEST_RELEASE_117</Details></Error>"
09:47:46.677 [main] DEBUG org.apache.hc.client5.http.headers - http-outgoing-7 << HTTP/1.1 404 Not Found
09:47:46.677 [main] DEBUG org.apache.hc.client5.http.headers - http-outgoing-7 << X-GUploader-UploadID: ADPycdsC-9dKjbZRb-8emgTVITr87dVpRi27lJM_sWg9V6_3AlT_Lve8RAXK21R4JtvJ6t3eE83psVZYpc9DdLglHzUHWMHwFsWR
09:47:46.677 [main] DEBUG org.apache.hc.client5.http.headers - http-outgoing-7 << Content-Type: application/xml; charset=UTF-8
09:47:46.677 [main] DEBUG org.apache.hc.client5.http.headers - http-outgoing-7 << Content-Length: 193
09:47:46.677 [main] DEBUG org.apache.hc.client5.http.headers - http-outgoing-7 << Date: Sat, 30 Sep 2023 02:47:57 GMT
09:47:46.677 [main] DEBUG org.apache.hc.client5.http.headers - http-outgoing-7 << Expires: Sat, 30 Sep 2023 02:47:57 GMT
09:47:46.677 [main] DEBUG org.apache.hc.client5.http.headers - http-outgoing-7 << Cache-Control: private, max-age=0
09:47:46.677 [main] DEBUG org.apache.hc.client5.http.headers - http-outgoing-7 << Server: UploadServer
09:47:46.677 [main] DEBUG org.apache.hc.client5.http.headers - http-outgoing-7 << Alt-Svc: h3=":443"; ma=2592000,h3-29=":443"; ma=2592000
09:47:46.677 [main] DEBUG org.apache.hc.client5.http.impl.classic.MainClientExec - ex-0000000A: connection can be kept alive for 3 MINUTES
09:47:46.677 [main] ERROR io.github.bonigarcia.wdm.online.HttpClient - Error HTTP 404 executing https://chromedriver.storage.googleapis.com/LATEST_RELEASE_117
09:47:46.677 [main] WARN io.github.bonigarcia.wdm.versions.VersionDetector - Exception reading https://chromedriver.storage.googleapis.com/LATEST_RELEASE_117 to get latest version of chromedriver (Error HTTP 404 executing https://chromedriver.storage.googleapis.com/LATEST_RELEASE_117)
09:47:46.681 [main] DEBUG io.github.bonigarcia.wdm.versions.VersionDetector - Getting driver version for chrome117 from online versions.properties
09:47:46.681 [main] DEBUG org.apache.hc.client5.http.impl.classic.InternalHttpClient - ex-0000000B: preparing request execution
09:47:46.681 [main] DEBUG org.apache.hc.client5.http.protocol.RequestAddCookies - Cookie spec selected: strict
09:47:46.681 [main] DEBUG org.apache.hc.client5.http.protocol.RequestAuthCache - Auth cache not set in the context
09:47:46.693 [main] DEBUG org.apache.hc.client5.http.impl.classic.ProtocolExec - ex-0000000B: target auth state: UNCHALLENGED
09:47:46.693 [main] DEBUG org.apache.hc.client5.http.impl.classic.ProtocolExec - ex-0000000B: proxy auth state: UNCHALLENGED
09:47:46.693 [main] DEBUG org.apache.hc.client5.http.impl.classic.ConnectExec - ex-0000000B: acquiring connection with route {s}->https://raw.githubusercontent.com:443
09:47:46.693 [main] DEBUG org.apache.hc.client5.http.impl.classic.InternalHttpClient - ex-0000000B: acquiring endpoint (3 MINUTES)
09:47:46.694 [main] DEBUG org.apache.hc.client5.http.impl.io.PoolingHttpClientConnectionManager - ex-0000000B: endpoint lease request (3 MINUTES) [route: {s}->https://raw.githubusercontent.com:443][total available: 1; route allocated: 1 of 5; total allocated: 2 of 25]
09:47:46.694 [main] DEBUG org.apache.hc.client5.http.impl.io.PoolingHttpClientConnectionManager - ex-0000000B: endpoint leased [route: {s}->https://raw.githubusercontent.com:443][total available: 0; route allocated: 1 of 5; total allocated: 2 of 25]
09:47:46.694 [main] DEBUG org.apache.hc.client5.http.impl.io.PoolingHttpClientConnectionManager - ex-0000000B: acquired ep-0000000A
09:47:46.694 [main] DEBUG org.apache.hc.client5.http.impl.classic.InternalHttpClient - ex-0000000B: acquired endpoint ep-0000000A
09:47:46.694 [main] DEBUG org.apache.hc.client5.http.impl.classic.MainClientExec - ex-0000000B: executing GET /bonigarcia/webdrivermanager/master/src/main/resources/versions.properties HTTP/1.1
09:47:46.694 [main] DEBUG org.apache.hc.client5.http.impl.classic.InternalHttpClient - ep-0000000A: start execution ex-0000000B
09:47:46.694 [main] DEBUG org.apache.hc.client5.http.impl.io.PoolingHttpClientConnectionManager - ep-0000000A: executing exchange ex-0000000B over http-outgoing-6
09:47:46.694 [main] DEBUG org.apache.hc.client5.http.headers - http-outgoing-6 >> GET /bonigarcia/webdrivermanager/master/src/main/resources/versions.properties HTTP/1.1
09:47:46.694 [main] DEBUG org.apache.hc.client5.http.headers - http-outgoing-6 >> user-agent: Apache-HttpClient/5.0
09:47:46.694 [main] DEBUG org.apache.hc.client5.http.headers - http-outgoing-6 >> accept-encoding: gzip, deflate, br
09:47:46.694 [main] DEBUG org.apache.hc.client5.http.headers - http-outgoing-6 >> cache-control: max-age=0
09:47:46.694 [main] DEBUG org.apache.hc.client5.http.headers - http-outgoing-6 >> connection: keep-alive
09:47:46.694 [main] DEBUG org.apache.hc.client5.http.headers - http-outgoing-6 >> Host: raw.githubusercontent.com
09:47:46.694 [main] DEBUG org.apache.hc.client5.http.wire - http-outgoing-6 >> "GET /bonigarcia/webdrivermanager/master/src/main/resources/versions.properties HTTP/1.1[\r][\n]"
09:47:46.694 [main] DEBUG org.apache.hc.client5.http.wire - http-outgoing-6 >> "user-agent: Apache-HttpClient/5.0[\r][\n]"
09:47:46.694 [main] DEBUG org.apache.hc.client5.http.wire - http-outgoing-6 >> "accept-encoding: gzip, deflate, br[\r][\n]"
09:47:46.694 [main] DEBUG org.apache.hc.client5.http.wire - http-outgoing-6 >> "cache-control: max-age=0[\r][\n]"
09:47:46.694 [main] DEBUG org.apache.hc.client5.http.wire - http-outgoing-6 >> "connection: keep-alive[\r][\n]"
09:47:46.694 [main] DEBUG org.apache.hc.client5.http.wire - http-outgoing-6 >> "Host: raw.githubusercontent.com[\r][\n]"
09:47:46.694 [main] DEBUG org.apache.hc.client5.http.wire - http-outgoing-6 >> "[\r][\n]"
09:47:46.725 [main] DEBUG org.apache.hc.client5.http.wire - http-outgoing-6 << "HTTP/1.1 200 OK[\r][\n]"
09:47:46.725 [main] DEBUG org.apache.hc.client5.http.wire - http-outgoing-6 << "Connection: keep-alive[\r][\n]"
09:47:46.725 [main] DEBUG org.apache.hc.client5.http.wire - http-outgoing-6 << "Content-Length: 1615[\r][\n]"
09:47:46.725 [main] DEBUG org.apache.hc.client5.http.wire - http-outgoing-6 << "Cache-Control: max-age=300[\r][\n]"
09:47:46.725 [main] DEBUG org.apache.hc.client5.http.wire - http-outgoing-6 << "Content-Security-Policy: default-src 'none'; style-src 'unsafe-inline'; sandbox[\r][\n]"
09:47:46.725 [main] DEBUG org.apache.hc.client5.http.wire - http-outgoing-6 << "Content-Type: text/plain; charset=utf-8[\r][\n]"
09:47:46.725 [main] DEBUG org.apache.hc.client5.http.wire - http-outgoing-6 << "ETag: W/"65e8ec46ef4920945cc03f0386cc600d8027ed4440e101d5729220d93bfa6f0f"[\r][\n]"
09:47:46.725 [main] DEBUG org.apache.hc.client5.http.wire - http-outgoing-6 << "Strict-Transport-Security: max-age=31536000[\r][\n]"
09:47:46.725 [main] DEBUG org.apache.hc.client5.http.wire - http-outgoing-6 << "X-Content-Type-Options: nosniff[\r][\n]"
09:47:46.725 [main] DEBUG org.apache.hc.client5.http.wire - http-outgoing-6 << "X-Frame-Options: deny[\r][\n]"
09:47:46.725 [main] DEBUG org.apache.hc.client5.http.wire - http-outgoing-6 << "X-XSS-Protection: 1; mode=block[\r][\n]"
09:47:46.725 [main] DEBUG org.apache.hc.client5.http.wire - http-outgoing-6 << "X-GitHub-Request-Id: 4D10:B89CD:6D987:89792:651389FC[\r][\n]"
09:47:46.725 [main] DEBUG org.apache.hc.client5.http.wire - http-outgoing-6 << "Content-Encoding: gzip[\r][\n]"
09:47:46.725 [main] DEBUG org.apache.hc.client5.http.wire - http-outgoing-6 << "Accept-Ranges: bytes[\r][\n]"
09:47:46.725 [main] DEBUG org.apache.hc.client5.http.wire - http-outgoing-6 << "Date: Sat, 30 Sep 2023 02:47:57 GMT[\r][\n]"
09:47:46.725 [main] DEBUG org.apache.hc.client5.http.wire - http-outgoing-6 << "Via: 1.1 varnish[\r][\n]"
09:47:46.725 [main] DEBUG org.apache.hc.client5.http.wire - http-outgoing-6 << "X-Served-By: cache-qpg1259-QPG[\r][\n]"
09:47:46.725 [main] DEBUG org.apache.hc.client5.http.wire - http-outgoing-6 << "X-Cache: HIT[\r][\n]"
09:47:46.725 [main] DEBUG org.apache.hc.client5.http.wire - http-outgoing-6 << "X-Cache-Hits: 2[\r][\n]"
09:47:46.725 [main] DEBUG org.apache.hc.client5.http.wire - http-outgoing-6 << "X-Timer: S1696042078.549543,VS0,VE0[\r][\n]"
09:47:46.725 [main] DEBUG org.apache.hc.client5.http.wire - http-outgoing-6 << "Vary: Authorization,Accept-Encoding,Origin[\r][\n]"
09:47:46.725 [main] DEBUG org.apache.hc.client5.http.wire - http-outgoing-6 << "Access-Control-Allow-Origin: *[\r][\n]"
09:47:46.725 [main] DEBUG org.apache.hc.client5.http.wire - http-outgoing-6 << "Cross-Origin-Resource-Policy: cross-origin[\r][\n]"
09:47:46.725 [main] DEBUG org.apache.hc.client5.http.wire - http-outgoing-6 << "X-Fastly-Request-ID: ff320f63e87891c599fb0de893d65450dc930efb[\r][\n]"
09:47:46.725 [main] DEBUG org.apache.hc.client5.http.wire - http-outgoing-6 << "Expires: Sat, 30 Sep 2023 02:52:57 GMT[\r][\n]"
09:47:46.725 [main] DEBUG org.apache.hc.client5.http.wire - http-outgoing-6 << "Source-Age: 79[\r][\n]"
09:47:46.725 [main] DEBUG org.apache.hc.client5.http.wire - http-outgoing-6 << "[\r][\n]"
09:47:46.725 [main] DEBUG org.apache.hc.client5.http.headers - http-outgoing-6 << HTTP/1.1 200 OK
09:47:46.725 [main] DEBUG org.apache.hc.client5.http.headers - http-outgoing-6 << Connection: keep-alive
09:47:46.725 [main] DEBUG org.apache.hc.client5.http.headers - http-outgoing-6 << Content-Length: 1615
09:47:46.725 [main] DEBUG org.apache.hc.client5.http.headers - http-outgoing-6 << Cache-Control: max-age=300
09:47:46.725 [main] DEBUG org.apache.hc.client5.http.headers - http-outgoing-6 << Content-Security-Policy: default-src 'none'; style-src 'unsafe-inline'; sandbox
09:47:46.725 [main] DEBUG org.apache.hc.client5.http.headers - http-outgoing-6 << Content-Type: text/plain; charset=utf-8
09:47:46.725 [main] DEBUG org.apache.hc.client5.http.headers - http-outgoing-6 << ETag: W/"65e8ec46ef4920945cc03f0386cc600d8027ed4440e101d5729220d93bfa6f0f"
09:47:46.725 [main] DEBUG org.apache.hc.client5.http.headers - http-outgoing-6 << Strict-Transport-Security: max-age=31536000
09:47:46.725 [main] DEBUG org.apache.hc.client5.http.headers - http-outgoing-6 << X-Content-Type-Options: nosniff
09:47:46.725 [main] DEBUG org.apache.hc.client5.http.headers - http-outgoing-6 << X-Frame-Options: deny
09:47:46.725 [main] DEBUG org.apache.hc.client5.http.headers - http-outgoing-6 << X-XSS-Protection: 1; mode=block
09:47:46.725 [main] DEBUG org.apache.hc.client5.http.headers - http-outgoing-6 << X-GitHub-Request-Id: 4D10:B89CD:6D987:89792:651389FC
09:47:46.725 [main] DEBUG org.apache.hc.client5.http.headers - http-outgoing-6 << Content-Encoding: gzip
09:47:46.725 [main] DEBUG org.apache.hc.client5.http.headers - http-outgoing-6 << Accept-Ranges: bytes
09:47:46.725 [main] DEBUG org.apache.hc.client5.http.headers - http-outgoing-6 << Date: Sat, 30 Sep 2023 02:47:57 GMT
09:47:46.725 [main] DEBUG org.apache.hc.client5.http.headers - http-outgoing-6 << Via: 1.1 varnish
09:47:46.725 [main] DEBUG org.apache.hc.client5.http.headers - http-outgoing-6 << X-Served-By: cache-qpg1259-QPG
09:47:46.725 [main] DEBUG org.apache.hc.client5.http.headers - http-outgoing-6 << X-Cache: HIT
09:47:46.725 [main] DEBUG org.apache.hc.client5.http.headers - http-outgoing-6 << X-Cache-Hits: 2
09:47:46.725 [main] DEBUG org.apache.hc.client5.http.headers - http-outgoing-6 << X-Timer: S1696042078.549543,VS0,VE0
09:47:46.725 [main] DEBUG org.apache.hc.client5.http.headers - http-outgoing-6 << Vary: Authorization,Accept-Encoding,Origin
09:47:46.725 [main] DEBUG org.apache.hc.client5.http.headers - http-outgoing-6 << Access-Control-Allow-Origin: *
09:47:46.725 [main] DEBUG org.apache.hc.client5.http.headers - http-outgoing-6 << Cross-Origin-Resource-Policy: cross-origin
09:47:46.725 [main] DEBUG org.apache.hc.client5.http.headers - http-outgoing-6 << X-Fastly-Request-ID: ff320f63e87891c599fb0de893d65450dc930efb
09:47:46.725 [main] DEBUG org.apache.hc.client5.http.headers - http-outgoing-6 << Expires: Sat, 30 Sep 2023 02:52:57 GMT
09:47:46.725 [main] DEBUG org.apache.hc.client5.http.headers - http-outgoing-6 << Source-Age: 79
09:47:46.725 [main] DEBUG org.apache.hc.client5.http.impl.classic.MainClientExec - ex-0000000B: connection can be kept alive for 3 MINUTES
09:47:46.725 [main] DEBUG org.apache.hc.client5.http.wire - http-outgoing-6 << "[0x1f][0xffffff8b][0x8][0x0][0x0][0x0][0x0][0x0][0x0][0x3][0xffffff8d][0xffffff97]Ko#7[0xc][0xffffffc7][0xffffffef][0xfffffff9][0x14][0x3][0xfffffff4][0x1c]YO[0xffffff8a][\n]"
09:47:46.725 [main] DEBUG org.apache.hc.client5.http.wire - http-outgoing-6 << "[0xffffffa0]K[0xffffff9f][0xffffffa7][0xffffffa2][0xffffff87][0xfffffff6][0xb]x[0xffffffed]Ib[0xffffffac][0xffffffe3][0x9]lg[0xffffffb3][0xffffffe8][0xffffffa7]/[0xfffffff5][0xffffffa0]F[0xffffff96][[0xffffffa0][0xffffff87]`[0xffffff97]?k$[0xffffff92][0xffffffe2]p[0xfffffffe][0xfffffffc]a[0xfffffffa][0xffffffeb][0xfffffff5]p[0xffffff99][0xffffff9e][0xf][0xffffffc7]y[0xffffffda]-[0xffffffa7][0xffffffeb][0xfffffff6]p[0xffffffba]L[0xffffffd7][0xffffffd7]y[0xfffffffa]zZ>O[0xffffffd3][0xfffffffe]|[0xfffffff8]6[0xffffff9f]'[0xfffffffa][0xffffffbb][0x1c][0x16][0xfffffffa]e[0xffffffb7][0xffffffbc][0xffffffbd]o[0xffffffaf][0xffffff87]/[0xffffffb4][0xfffffffa][0xfffffff3]p}[0xffffffcd]+w[0xffffffcb][0xfffffff9]<_[0xffffffde][0xffffff97][0xffffffd3][0xfffffffe]pz[0xffffff99][0xffffffbe][0xffffff9c][0xffffff97][0xffffffcf][0xffffffcb][0xfffffffa][0xffffffc8][0xffffffc3][0xffffffc3][0xf][0xffffffd3][0xffffff8f][0x5]=M[0xffffffbf]-[0xffffffcb][0xb]=[0xfffffff9][0xffffffd3][0xffffffeb]yy[0xffffff9b][0xffffffa7][0xffffffed]i_[0xfffffffe]{[0xfffffff8]x[0xffffff9b][0x1e][0xffffffa7][0xffffff9f][0xfffffff3]QO[0xffffffd3].[0xffffffff]Z[0xe][0xffffffa6][0xffffff87][0xffffffff]\>[0xffffffce][0xffffffbb][0xfffffff9]iz[0xffffffbd]^[0xffffffdf][0xffffff9f]6[0xffffff9b][0xfffffffe]W[0xffffffb1][0xffffffab]O[0xffffff8b][0xffffffe5][0xfffffffc][0xffffffb2][0xffffffd9][0xffffff93][0xffffffbf][0xffffffc7]e[0xffffffbb][0xffffffbf]<[0xffffff94]5J[0xffffffd9]H[0x7f]B[\n]"
09:47:46.725 [main] DEBUG org.apache.hc.client5.http.wire - http-outgoing-6 << "[0xffffffe7][0xffffff8d][0x13]A6n[0xffffff88][0xffffff9b][0xffffffc4][0xffffffc1]k[0x1][0xffffffa6]qM\g[0xffffffae][0xffffff9c][0xffffffb0][0xffffffa1]qE\%[0xffffffee][0xffffffc0][0x8][0xffffffb0][0xffffff8d]K[0xffffffe2]2q[0xffffff8b]Jx[0xffffffcf]\[0xffffff86]H[0x7f][0xffffff99][0xffffffd3][0xfffffff1][0xffffffbe][0xffffffad][0xffffff97]H[0x1c][0x13]7.[0x8][0xffffffaf][0x1a][0xfffffff7][0xffffffc4]}[0xffffffe6][0xffffffd2][\n]"
09:47:46.725 [main] DEBUG org.apache.hc.client5.http.wire - http-outgoing-6 << "[0xffffffd0][0xffffff8d][0x3]qH\[0xffffffdb] `][0xffffffef][0xffffff88][0xffffffbb][0xffffffc4]Up[0xfffffff4]c[0xffffffe3][0x14][0xffffffaf][0xffffffcc][0xfffffff1][0xffffffa6]0|[0xfffffff3]_R[0xffffffbc]2[0xffffffc7]+A[\n]"
09:47:46.725 [main] DEBUG org.apache.hc.client5.http.wire - http-outgoing-6 << "eV[0xffffff87](`[0xffffff99][0x3][0xffffff96][0xffffffb4]_w[0x0][0x5],S[0xffffffc0]68%[0xffffffec][0xffffffca])`[0xffffff99][0x2][0xffffffb6][0x18]@[0x0]'4[0xffffff84][0x18]B[0xffffffa6][0xffffffd6][0xffffffd2][0xffffffd9]L1[0xffffff86][0x14][0xffffffac][0xfffffff5][0xe][0x5][0x1d][0xffffffc3][0xffffffd8][0xffffffc7][0xffffff90]b[0xffffffb5][0x10][0xfffffff4][0xffffff9a][0xffffff83][0x0]1@[0xffffffa6]`[0xffffff85]uL][0xc].S[0xffffff83][0x2]8[0xffffff9e]`c[0xffffffb0][0xffffff99]Rr[0xffffffe8]"[0x19][0xffffff9b][0x18]R[0xffffff90][0xffffffd6]y[0xffffffbf]^j[0xffffffd0]1[0xffffffe8]L[0xffffffe9]J)[0xffffffcb][0xffffff8c]U[0xc]9@K[0x15]@[0xffffffb1]2[0xffffff96]1[0xffffffe4][0xfffffff8][0xffffffac][0xffffff91]Bs[0xffffff9e]0D[0xffffffcc][0xfffffff1][0x19][0xfffffffa]G[0xfffffff3][0xffffffce][0xffffff88][0x11]s|F[[0x11][0xffffff80][0xffffffa9][0xffffff8f][0xffffff98][0xffffffc3][0xffffffd3]([0x5]"S[0xffffff88][0xffffff98][0xffffffc3][0xffffffd3][0xffffff96][0xfffffff6][0xffffffe5]T[0xffffffa0][0xffffff8b][0xffffff98][0xffffffc3]Sh[0x4][0xffffffb2]kh#[0xffffffe6][0xfffffff0][0xffffff94][0xfffffff5][0xffffffc2]p[0xffffff8e][0xffffffd1]D[0xffffffcc][0xffffffd1][0xffffffa5][0xffffff9b]4[0xffffff9c][\n]"
09:47:46.725 [main] DEBUG org.apache.hc.client5.http.wire - http-outgoing-6 << "T[0x11]s[0x18][0xffffff92]2[0xffffffaf]L;NFLa[0xffffff98]@[0xffffffbe]P[0x9]U[0xffffffec]C[0xfffffff4]!c[0xffffffeb][0xffffff84]i[0x14][0xffffffa3][0xffffffc7]L[0xffffffa9]v[0xffffffa8][0xffffffae][0x18][0xfffffffb][0xffffffe8]S [0x6][0xffffff81][0xffffffde][0x5]v[0xffffffc3]C[0xfffffff4][0xffffff90])[0x15][0xffffffb8][0xffffffd2]m[0xf][0x17]}[0xffffff8a][0xffffffc4]xO[0x5][0xffffffb6][0xffffffae][0xffffffb6][0xffffffd1][0xffffffdb][0xffffff8c]5[0xffffffd5]/C[0x13]}[0xffffff8a][0xffffffc4][0x0][0x5][0x4][0xffffffec][0xffffffb2][0xffffffd7]Q[0xffffffd3][0xffffff8d][0xffffffb2][0xffffffa5]n,[0xffffff99],v[0xc]B[0xffffffb2][0xfffffff8]n[0x0][0xffffff93][0xffffffc5][0x19][0x5][0xffffff9f],[0xffffffbe]M[0xffffff80]d[0xffffffb1]3[0xffffffe0][0xffffffc8]j)[0x2][0xffffff9b],[0xffffffce]9[0xffffff98]d[0xfffffff1]y[0xffffff90]|1[0xffffffed][0xffffffbc][0xffffffe4]K{g [0xfffffff9]b[0xffffffcc]MW[0xfffffffb]}[0xfffffff9][0xfffffffb]p<n[0xffffffa7]_[0xf][0xffffffe7][0xfffffff9]y[0xfffffff9][0xffffffde][0xffffffb5][0xffffffb2][0xffffff97]y[0xfffffff7]u[0xfffffff9][0xffffffd7]Nv[0xffffffa1]V[0xfffffff6]B[\r][0xfffffff4][0xffffffe3][0xffffff8b][0xffffffa0][0xffffff96][0xffffffba]y+[l[0xffffffba][0x7]6[0xffffffe7][0xfffffff9]8o/[0xfffffff3][0xffffffe5][0xffffffe1][0xffffffb9][0xffffffec][0xffffffab][0x14]FJ[0x1b][0xffffffe5]n%[0xfffffffe][0xffffff8e][0xffffffc0][0x1d]qw[0xffffffc4][0xffffffde][0x11]sG[0xfffffff4][0x1d]QwD&[0xffffffa2][0xffffff85]n[0xffffff84]:_&[0xffffffeb][0x1a][0xffffff89]w[0xffffffc4][0xffffffdf][0x11][0xffffffb8]#[0xffffffee][0xffffff8e]d[0xffffff9f]UO[0xffffffcc][0x1d][0xffffffd1]wD[0xffffffdd][0x11]9[0xffffff90][0x10]F[0xffffff80]#[0xfffffff0]#[0xffffff80][0x11][0xffffffb8][0x11][0xffffff8c][0xffffffde][0xffffff86][0xffffffd1][0xffffffd9]0[0xfffffffa][0x1a]FWC[0xfffffff2][0xffffff94][0xffffffde][0xffffff9b][0xe][0xffffff88][0xffffffe3][0xffffffe1][0xfffffff4][0xfffffff1][0xffffffbd]`[0xffffffc5][0x18][0xffffffc3][0xffffffb0][0xe]q[0x4]~[0x4]0[0x2]7[0x2];[0xffffff82][0x14][0xffffff80][0xffffffc6][0xe][0xffffffe8][0x11][0xffffffa4][0x0][0xffffffb4][0xffffffef][0xffffff80][0x1c][0xffffff80][0xf]#[0xffffffc8][0xffffff9e]B[0x7][0xfffffffc][0x8]`[0x4]n[0x4]v[0x4]f[0x4]z[0x4]j[0x4]r[0x0][0x10]F[0xffffff90]=u[0x1d][0xffffffc8][0xffffff9e][0xffffffda][0xe][0xffffffc0][0x8][0xffffffdc][0x8][0xffffffb2][0xffffffa7][0xffffffdd][0xb][0x4]f[0x4][0xffffffd9][0xffffffd3][0xffffffae][0xffffffec]!{[0xffffffda][0x15][0x5][0xffffffc8][0x1][0xffffffb8]0[0x2][0x1c][0xffffff81][0x1f]A[0xfffffff6]Tv[0xffffffc0]1[0xffffffe8][0xffffffbb][0xffffffda][0x1f][0xffffffef][0xfffffff3]y[0xffffffdb][0xfffffff5][0xffffffb2]%[0xffffffd9][0xffffffff][0xffffffa7][0xffffff97][0xffffffe5][0xffffff85][0xffffff97][0xffffffe5][0xfffffff9][0xfffffffa][0xffffffb9]=[0xffffffcf][0xffffffc5]b[0xffffff9d]6v[0xffffffb6][0xfffffffc]c[0xffffff96]!*[0xffffffeb][0x1c][0xffffffa4][0xf]S[0xfffffff0][0xffffff8c][0xffffff93][0xffffffec][0xffffffca]2[0xffffffc7]S[0xffffffe9]+[0xffffffd2][\n]"
09:47:46.725 [main] DEBUG org.apache.hc.client5.http.wire - http-outgoing-6 << "[0xffffff95][0xffffffcb]^[0xffffffd6]Q[0x17]*[0xffffff9c]^[0xffffffe4]N[0xffffffd5])][0xffffffb7][0xffffffa1][0xffffffd7][0xffffffb9][0x13]u[0xffffffc8][0xffffffd4][0xffffffdf]H:W)[0xfffffff4][0xffffff82][0xffffff8e][0xe][0xffffffaa][0xffffffd8][0xfffffff5]zNi[0xffffffc6][0xffffffb6][0xffffff97]s!Tjz1G[\n]"
09:47:46.725 [main] DEBUG org.apache.hc.client5.http.wire - http-outgoing-6 << "[0xffffffa0]P[0xffffffdd]K9[0xffffffa5]x[0xffffffb1][0xffffffea][0xffffff95]\[0x12]I[0x5][0xffffffcb]^[0xffffffc8]a[\r][0x1c]C/[0xffffffe3][0x0]*[0xffffffc5]A[0xffffffc3][0x15][0xffffffea]{[0x5]G[0xffffff92][0xffffffb5]P[0xffffffe8][0xfffffff5][K[0x11][0xffffffbd][0xfffffffd]7[0xfffffffa][0xffffffad]@[0xffffffdb][0xffffffc9]7[0xffffffac][0xffffff8e]Q[0x17][0xffffffb8][0x11]o[0x5][0xffffffea][[0xffffffed]V[0xffffffa0][0xffffffea][0xffffffa4][0xffffff9b][0xffffffe3][0xfffffff3]e[0xffffffa7][0xffffffdc][0xffffffd8]U[0xffffffea][\n]"
09:47:46.725 [main] DEBUG org.apache.hc.client5.http.wire - http-outgoing-6 << "7[0xffffffba][0xffffffad]@[0x1c]d[[0xffffffa1][0xffffffbe]Sm[0xffffff9e]!t[0xffffff9a][\r][0xffffffeb][0xfffffff1][0xffffffd4]&V[0xffffffc9][0xffffffc6][0xffffffde]S[0xffffffab]X[0x15][0x1b]%[0xffffffb8]R[0xffffffd3])6[0xffffffe0]Mu'[0xffffffd8][0xffffffb0]^8[0xfffffff5][0xffffff8d]U[0xffffffaf][0xffffffb5][0xffffffcb][0xffffffa2][0xffffffe6][0xffffffb1][0xffffffea]5[0xffffffac][0x17]K[\r]d[0xffffff95]k\[0xffffffd1][0xffffffd4]D:[0xffffffb5][0xffffffa6]j[0xffffffa8][0xffffffd4]Iz[0xffffffb1]V[0xffffffcf][0xffffffa2]v[0xffffffb2]j5[0xffffffcf][0xffffffbb][0xffffffba]N[0xffffffaa]q)S[Y[0xffffff85]Z+N[0xffffffea]-[0xffffff9d]P3[0xffffffd5]Wj0[0xffffff9d]NkgU}[0xffffff95][\r][0x17]z[0xffffffa3][0xffffffaa][0xffffffab]bTqU[0xffffff8c][0xffffffaa][0xffffffad][0xffffff8a]Q[0xffffffa5]U1[0xffffffaa][0xffffffb2]*F[0x15]V[0xffffffc5][0xffffffa8][0xffffffba][0xffffffaa][0x18][0xffffffaa][0x8][0xffffffa9]b[0xffffffc8][0xffffffce][0xffffffb0][0xffffffc9][0x3][0xfffffff6][0xffffffd8]&[0xf]L=[0xffffffc7]&[0xf]tM[0xffffff86][0xffffff85]b[0xffffffdc]([0xffffffb1][0xffffffc3][0xffffffee][0xffffffbc][0xffffffa4][0xffffffd6]3[0xfffffffd][0xffffffb2][0x7f][0xffffff99][0xffffffbb][0xffffffe6][0xfffffff5]v[0xffffff99][0x9][0xfffffffc]g[0xfffffff7][0xffffffda][0xffffffcf][0xffffffdf][0xffffffe6]c[0xffffffda]U[0xffffffbc][0xfffffff1][0xe][0xffffffb9][0xffffff95][0xffffffcd][0xffffffa7][0xffffffc7][0xffffff8f][0xffffffcb][0xffffffa6][0xffffffb1][0xffffffc7][0xffffffb4][0xffffffc9][0xffffffe6][0xffffffba],[0xffffffc7][0xffffffcb][0xffffffe6]s[0xfffffffe]R[0xffffffbb][0xffffffd9]C[0xffffffa2][0xffffffeb][0xffffffb0][0xffffffa9][0xffffff90]Z[0xffffffba][0xffffffc2]Jy[0xffffffd4]T[0xffffff9e][0xffffff94]0e[0xffffffb2]P[0x1e]4[0xffffff95][0xffffffd7][0xffffffb9][0xffffff90][0xb][0xffffffe5]1S[0x1][0xffffffa8]4[0x6][0x16][0xffffffca]C[0xffffffa6]rT[0x1f][0xffffff94][0xffffffbd]L[0xffffffdb][0xffffff88][0xffffffa9][0xffffff9c]B[0xffffffe1][0xffffffeb]im[0xffffffc0]T[0x16]h_[0xffffffa8][0xffffff94][0xffffffc7]K[0x12][0xffffffe6][0xffffffe9][0xffffffe3][ [0xffffffcf][0xffffff96][0xffffffca][0xfffffff8][0xfffffff4][0xffffffa9][0xffffffab][0xffffff94]'K[0x1a][0x12][\r]u[0xffffffb0]Jy[0xffffffae]T[0xffffff9a][0xffffffde]T[0xffffffcf];[0xfffffff0]TIc[0xffffff80]mA[0xffffffb4][0xffffff91]Ri*\[0xffffff92][0xffffffe9][0xffffff85][0xfffffff2]@[0xffffffa9][0xffffffb4][0xffffff92][0xffffffeb][0xffffffbe]<N[0xffffff92]"
09:47:46.725 [main] DEBUG org.apache.hc.client5.http.wire - http-outgoing-6 << "[0xffffffb2]ui[0xffffffa8]I[0xffffff94][0xffffff87]Ij[0xfffffffd][0xffffffa9]Q[0x14]VGI[0xffffff95][0xffffffa2][0xffffffab][0xffffff89][0xffffffe1]9[0xffffff92]B[0xffffffd3][0xffffff8d][0xffffffd5])[0xffffff92]b[0xffffffb0][0xffffff8d][0xffffffd5][0x19][0xffffff92][0xffffffbc]j'[0xfffffff3][0x4][0x19][0xffffffa8][0xffffffc7][0x18]UP[0xffffff9d][0x1e][0x3][0xffffffa5][0xffffffde][0xffffffd4]Uut[0xc]r=[0xffffffa0][0xffffff8e][0xffffff8d][0xffffff98]:]}[0xffffffb0][0xffffff8e][0xffffff8c]H[0xffffff81][0x15][0xffffffc2][0xffffffe3]b[0xffffffba][0xfffffff1]r1<*z[0xffffffca]m}[0xffffff8c][0xffffffe7]D[0xffffff80]P[0xffffffaf][0xffffff84]gD[0xffffffa0][0xffffff92][0xffffff80][0xffffff92][0xb][0x1e][0x10]]Jp]U[0xffffffa7]C[0xffffff97][0xffffff95]E&<[0x19]Rkp[0xfffffff5]<[0xffffffea]^[0xffffffa5]{[0x6][0xfffffff6][0xffffff89][0x7]E[0xfffffffa][0xffffffce][0xffffffd6][0xffffffab]jC"ELu[0xffffff97]Y[0xffffff9b][0x10]S[0xffffffcd][0x16]R[0xffffffa7]C[0xffffffed][0xffffffb9]tx0[0xffffffd4][0xffffffa6][0xffffff91]:[0x14][0xffffffa6][0xffffffb6]XI[0xffffff9d][0x7][0xffffff95][0xffffffa1][0xffffff81][0xffffffb9] k[0xffffffe3][0xfffffffb]y~<[0xffffff9c].[0xffffffd7][0xffffffed][0xfffffff1]8[0xffffffef][0xb][0xffffffd4][0x11][0xffffffd2][0xffffff97][0xffffffdd][0xffffff94]:[0xffffffb1]*R[0xb][0x3][0x1d]J[0xfffffff8]VF[0xffffffea][0xffffff93][0xfffffff4][0xffffffb5]+[0xfffffff7]a0[0xffffffd2][0xffffff8b]eM([0xffffffa6]NM[0xffffff87]n[0x1a]K[0xffffff8d]h*[0xffffffa6]t[0xffffffc9][0xffffffd4][0xffffff93][0xfffffffe][0x1][0xffffffa9][0xffffff9e].[0xffffff9b][0xffffffd3][0x12][0x0][0x0]"
09:47:46.725 [main] DEBUG org.apache.hc.client5.http.impl.classic.InternalHttpClient - ep-0000000A: releasing valid endpoint
09:47:46.725 [main] DEBUG org.apache.hc.client5.http.impl.io.PoolingHttpClientConnectionManager - ep-0000000A: releasing endpoint
09:47:46.725 [main] DEBUG org.apache.hc.client5.http.impl.io.PoolingHttpClientConnectionManager - ep-0000000A: connection http-outgoing-6 can be kept alive for 3 MINUTES
09:47:46.725 [main] DEBUG org.apache.hc.client5.http.impl.io.PoolingHttpClientConnectionManager - ep-0000000A: connection released [route: {s}->https://raw.githubusercontent.com:443][total available: 1; route allocated: 1 of 5; total allocated: 2 of 25]
09:47:46.725 [main] DEBUG io.github.bonigarcia.wdm.versions.VersionDetector - Driver for chrome117 not found in online properties (using local versions.properties)
09:47:46.725 [main] DEBUG io.github.bonigarcia.wdm.WebDriverManager - The driver version for CHROME 117 is unknown ... trying with latest
09:47:46.731 [main] DEBUG org.apache.hc.client5.http.impl.classic.InternalHttpClient - ex-0000000C: preparing request execution
09:47:46.731 [main] DEBUG org.apache.hc.client5.http.protocol.RequestAddCookies - Cookie spec selected: strict
09:47:46.731 [main] DEBUG org.apache.hc.client5.http.protocol.RequestAuthCache - Auth cache not set in the context
09:47:46.731 [main] DEBUG org.apache.hc.client5.http.impl.classic.ProtocolExec - ex-0000000C: target auth state: UNCHALLENGED
09:47:46.731 [main] DEBUG org.apache.hc.client5.http.impl.classic.ProtocolExec - ex-0000000C: proxy auth state: UNCHALLENGED
09:47:46.731 [main] DEBUG org.apache.hc.client5.http.impl.classic.ConnectExec - ex-0000000C: acquiring connection with route {s}->https://chromedriver.storage.googleapis.com:443
09:47:46.731 [main] DEBUG org.apache.hc.client5.http.impl.classic.InternalHttpClient - ex-0000000C: acquiring endpoint (3 MINUTES)
09:47:46.731 [main] DEBUG org.apache.hc.client5.http.impl.io.PoolingHttpClientConnectionManager - ex-0000000C: endpoint lease request (3 MINUTES) [route: {s}->https://chromedriver.storage.googleapis.com:443][total available: 1; route allocated: 1 of 5; total allocated: 2 of 25]
09:47:46.731 [main] DEBUG org.apache.hc.client5.http.impl.io.PoolingHttpClientConnectionManager - ex-0000000C: endpoint leased [route: {s}->https://chromedriver.storage.googleapis.com:443][total available: 1; route allocated: 2 of 5; total allocated: 3 of 25]
09:47:46.731 [main] DEBUG org.apache.hc.client5.http.impl.io.PoolingHttpClientConnectionManager - ex-0000000C: acquired ep-0000000B
09:47:46.731 [main] DEBUG org.apache.hc.client5.http.impl.classic.InternalHttpClient - ex-0000000C: acquired endpoint ep-0000000B
09:47:46.731 [main] DEBUG org.apache.hc.client5.http.impl.classic.ConnectExec - ex-0000000C: opening connection {s}->https://chromedriver.storage.googleapis.com:443
09:47:46.731 [main] DEBUG org.apache.hc.client5.http.impl.classic.InternalHttpClient - ep-0000000B: connecting endpoint (30 SECONDS)
09:47:46.731 [main] DEBUG org.apache.hc.client5.http.impl.io.PoolingHttpClientConnectionManager - ep-0000000B: connecting endpoint to https://chromedriver.storage.googleapis.com:443 (30 SECONDS)
09:47:46.731 [main] DEBUG org.apache.hc.client5.http.impl.io.DefaultHttpClientConnectionOperator - http-outgoing-8: connecting to chromedriver.storage.googleapis.com/34.101.5.123:443
09:47:46.731 [main] DEBUG org.apache.hc.client5.http.ssl.SSLConnectionSocketFactory - Connecting socket to chromedriver.storage.googleapis.com/34.101.5.123:443 with timeout 30 SECONDS
09:47:46.731 [main] DEBUG org.apache.hc.client5.http.ssl.SSLConnectionSocketFactory - Enabled protocols: [TLSv1.3, TLSv1.2]
09:47:46.739 [main] DEBUG org.apache.hc.client5.http.ssl.SSLConnectionSocketFactory - Enabled cipher suites: [TLS_AES_256_GCM_SHA384, TLS_AES_128_GCM_SHA256, TLS_CHACHA20_POLY1305_SHA256, TLS_ECDHE_ECDSA_WITH_AES_256_GCM_SHA384, TLS_ECDHE_ECDSA_WITH_AES_128_GCM_SHA256, TLS_ECDHE_ECDSA_WITH_CHACHA20_POLY1305_SHA256, TLS_ECDHE_RSA_WITH_AES_256_GCM_SHA384, TLS_ECDHE_RSA_WITH_CHACHA20_POLY1305_SHA256, TLS_ECDHE_RSA_WITH_AES_128_GCM_SHA256, TLS_DHE_RSA_WITH_AES_256_GCM_SHA384, TLS_DHE_RSA_WITH_CHACHA20_POLY1305_SHA256, TLS_DHE_DSS_WITH_AES_256_GCM_SHA384, TLS_DHE_RSA_WITH_AES_128_GCM_SHA256, TLS_DHE_DSS_WITH_AES_128_GCM_SHA256, TLS_ECDHE_ECDSA_WITH_AES_256_CBC_SHA384, TLS_ECDHE_RSA_WITH_AES_256_CBC_SHA384, TLS_ECDHE_ECDSA_WITH_AES_128_CBC_SHA256, TLS_ECDHE_RSA_WITH_AES_128_CBC_SHA256, TLS_DHE_RSA_WITH_AES_256_CBC_SHA256, TLS_DHE_DSS_WITH_AES_256_CBC_SHA256, TLS_DHE_RSA_WITH_AES_128_CBC_SHA256, TLS_DHE_DSS_WITH_AES_128_CBC_SHA256, TLS_ECDH_ECDSA_WITH_AES_256_GCM_SHA384, TLS_ECDH_RSA_WITH_AES_256_GCM_SHA384, TLS_ECDH_ECDSA_WITH_AES_128_GCM_SHA256, TLS_ECDH_RSA_WITH_AES_128_GCM_SHA256, TLS_ECDH_ECDSA_WITH_AES_256_CBC_SHA384, TLS_ECDH_RSA_WITH_AES_256_CBC_SHA384, TLS_ECDH_ECDSA_WITH_AES_128_CBC_SHA256, TLS_ECDH_RSA_WITH_AES_128_CBC_SHA256, TLS_ECDHE_ECDSA_WITH_AES_256_CBC_SHA, TLS_ECDHE_RSA_WITH_AES_256_CBC_SHA, TLS_ECDHE_ECDSA_WITH_AES_128_CBC_SHA, TLS_ECDHE_RSA_WITH_AES_128_CBC_SHA, TLS_DHE_RSA_WITH_AES_256_CBC_SHA, TLS_DHE_DSS_WITH_AES_256_CBC_SHA, TLS_DHE_RSA_WITH_AES_128_CBC_SHA, TLS_DHE_DSS_WITH_AES_128_CBC_SHA, TLS_ECDH_ECDSA_WITH_AES_256_CBC_SHA, TLS_ECDH_RSA_WITH_AES_256_CBC_SHA, TLS_ECDH_ECDSA_WITH_AES_128_CBC_SHA, TLS_ECDH_RSA_WITH_AES_128_CBC_SHA, TLS_RSA_WITH_AES_256_GCM_SHA384, TLS_RSA_WITH_AES_128_GCM_SHA256, TLS_RSA_WITH_AES_256_CBC_SHA256, TLS_RSA_WITH_AES_128_CBC_SHA256, TLS_RSA_WITH_AES_256_CBC_SHA, TLS_RSA_WITH_AES_128_CBC_SHA, TLS_EMPTY_RENEGOTIATION_INFO_SCSV]
09:47:46.739 [main] DEBUG org.apache.hc.client5.http.ssl.SSLConnectionSocketFactory - Starting handshake
09:47:46.778 [main] DEBUG org.apache.hc.client5.http.ssl.SSLConnectionSocketFactory - Secure session established
09:47:46.778 [main] DEBUG org.apache.hc.client5.http.ssl.SSLConnectionSocketFactory -  negotiated protocol: TLSv1.3
09:47:46.778 [main] DEBUG org.apache.hc.client5.http.ssl.SSLConnectionSocketFactory -  negotiated cipher suite: TLS_AES_256_GCM_SHA384
09:47:46.778 [main] DEBUG org.apache.hc.client5.http.ssl.SSLConnectionSocketFactory -  peer principal: CN=*.storage.googleapis.com
09:47:46.778 [main] DEBUG org.apache.hc.client5.http.ssl.SSLConnectionSocketFactory -  peer alternative names: [*.storage.googleapis.com, *.googleapis.com, commondatastorage.googleapis.com, *.commondatastorage.googleapis.com, storage.googleapis.com, storage-p2.googleapis.com, *.storage-p2.googleapis.com, storage.mtls.googleapis.com, *.appspot.com.storage.googleapis.com, *.content-storage.googleapis.com, *.content-storage-p2.googleapis.com, *.content-storage-upload.googleapis.com, *.content-storage-download.googleapis.com, *.storage-upload.googleapis.com, *.storage-download.googleapis.com]
09:47:46.778 [main] DEBUG org.apache.hc.client5.http.ssl.SSLConnectionSocketFactory -  issuer principal: CN=GTS CA 1C3, O=Google Trust Services LLC, C=US
09:47:46.778 [main] DEBUG org.apache.hc.client5.http.impl.io.DefaultHttpClientConnectionOperator - http-outgoing-8: connection established 192.168.100.42:63889<->34.101.5.123:443
09:47:46.778 [main] DEBUG org.apache.hc.client5.http.impl.io.PoolingHttpClientConnectionManager - ep-0000000B: connected http-outgoing-8
09:47:46.778 [main] DEBUG org.apache.hc.client5.http.impl.classic.InternalHttpClient - ep-0000000B: endpoint connected
09:47:46.778 [main] DEBUG org.apache.hc.client5.http.impl.classic.MainClientExec - ex-0000000C: executing GET /LATEST_RELEASE HTTP/1.1
09:47:46.778 [main] DEBUG org.apache.hc.client5.http.impl.classic.InternalHttpClient - ep-0000000B: start execution ex-0000000C
09:47:46.778 [main] DEBUG org.apache.hc.client5.http.impl.io.PoolingHttpClientConnectionManager - ep-0000000B: executing exchange ex-0000000C over http-outgoing-8
09:47:46.778 [main] DEBUG org.apache.hc.client5.http.headers - http-outgoing-8 >> GET /LATEST_RELEASE HTTP/1.1
09:47:46.778 [main] DEBUG org.apache.hc.client5.http.headers - http-outgoing-8 >> user-agent: Apache-HttpClient/5.0
09:47:46.778 [main] DEBUG org.apache.hc.client5.http.headers - http-outgoing-8 >> accept-encoding: gzip, deflate, br
09:47:46.778 [main] DEBUG org.apache.hc.client5.http.headers - http-outgoing-8 >> cache-control: max-age=0
09:47:46.778 [main] DEBUG org.apache.hc.client5.http.headers - http-outgoing-8 >> connection: keep-alive
09:47:46.778 [main] DEBUG org.apache.hc.client5.http.headers - http-outgoing-8 >> Host: chromedriver.storage.googleapis.com
09:47:46.778 [main] DEBUG org.apache.hc.client5.http.wire - http-outgoing-8 >> "GET /LATEST_RELEASE HTTP/1.1[\r][\n]"
09:47:46.778 [main] DEBUG org.apache.hc.client5.http.wire - http-outgoing-8 >> "user-agent: Apache-HttpClient/5.0[\r][\n]"
09:47:46.778 [main] DEBUG org.apache.hc.client5.http.wire - http-outgoing-8 >> "accept-encoding: gzip, deflate, br[\r][\n]"
09:47:46.778 [main] DEBUG org.apache.hc.client5.http.wire - http-outgoing-8 >> "cache-control: max-age=0[\r][\n]"
09:47:46.778 [main] DEBUG org.apache.hc.client5.http.wire - http-outgoing-8 >> "connection: keep-alive[\r][\n]"
09:47:46.778 [main] DEBUG org.apache.hc.client5.http.wire - http-outgoing-8 >> "Host: chromedriver.storage.googleapis.com[\r][\n]"
09:47:46.778 [main] DEBUG org.apache.hc.client5.http.wire - http-outgoing-8 >> "[\r][\n]"
09:47:46.793 [main] DEBUG org.apache.hc.client5.http.wire - http-outgoing-8 << "HTTP/1.1 200 OK[\r][\n]"
09:47:46.793 [main] DEBUG org.apache.hc.client5.http.wire - http-outgoing-8 << "X-GUploader-UploadID: ADPycdvnFAnOhlWGbRtUpcGBi5W3y6qEtkvwOJmj2uBu_cu5oupNFxxPFqsoSfNAPIUhE78QrkhmBqvlUQiAPhzQ2QAWS0sveOv3[\r][\n]"
09:47:46.793 [main] DEBUG org.apache.hc.client5.http.wire - http-outgoing-8 << "x-goog-generation: 1685523462105569[\r][\n]"
09:47:46.793 [main] DEBUG org.apache.hc.client5.http.wire - http-outgoing-8 << "x-goog-metageneration: 1[\r][\n]"
09:47:46.793 [main] DEBUG org.apache.hc.client5.http.wire - http-outgoing-8 << "x-goog-stored-content-encoding: identity[\r][\n]"
09:47:46.793 [main] DEBUG org.apache.hc.client5.http.wire - http-outgoing-8 << "x-goog-stored-content-length: 13[\r][\n]"
09:47:46.793 [main] DEBUG org.apache.hc.client5.http.wire - http-outgoing-8 << "x-goog-hash: crc32c=tVW4TA==[\r][\n]"
09:47:46.793 [main] DEBUG org.apache.hc.client5.http.wire - http-outgoing-8 << "x-goog-hash: md5=NoaEuIlBlniwTkiZ1T16sA==[\r][\n]"
09:47:46.793 [main] DEBUG org.apache.hc.client5.http.wire - http-outgoing-8 << "x-goog-storage-class: STANDARD[\r][\n]"
09:47:46.793 [main] DEBUG org.apache.hc.client5.http.wire - http-outgoing-8 << "Accept-Ranges: bytes[\r][\n]"
09:47:46.793 [main] DEBUG org.apache.hc.client5.http.wire - http-outgoing-8 << "Content-Length: 13[\r][\n]"
09:47:46.793 [main] DEBUG org.apache.hc.client5.http.wire - http-outgoing-8 << "Server: UploadServer[\r][\n]"
09:47:46.793 [main] DEBUG org.apache.hc.client5.http.wire - http-outgoing-8 << "Date: Sat, 30 Sep 2023 02:46:28 GMT[\r][\n]"
09:47:46.793 [main] DEBUG org.apache.hc.client5.http.wire - http-outgoing-8 << "Expires: Sat, 30 Sep 2023 03:46:28 GMT[\r][\n]"
09:47:46.793 [main] DEBUG org.apache.hc.client5.http.wire - http-outgoing-8 << "Cache-Control: public, max-age=3600[\r][\n]"
09:47:46.793 [main] DEBUG org.apache.hc.client5.http.wire - http-outgoing-8 << "Age: 89[\r][\n]"
09:47:46.793 [main] DEBUG org.apache.hc.client5.http.wire - http-outgoing-8 << "Last-Modified: Wed, 31 May 2023 08:57:42 GMT[\r][\n]"
09:47:46.793 [main] DEBUG org.apache.hc.client5.http.wire - http-outgoing-8 << "ETag: "368684b889419678b04e4899d53d7ab0"[\r][\n]"
09:47:46.793 [main] DEBUG org.apache.hc.client5.http.wire - http-outgoing-8 << "Content-Type: text/plain[\r][\n]"
09:47:46.793 [main] DEBUG org.apache.hc.client5.http.wire - http-outgoing-8 << "Alt-Svc: h3=":443"; ma=2592000,h3-29=":443"; ma=2592000[\r][\n]"
09:47:46.793 [main] DEBUG org.apache.hc.client5.http.wire - http-outgoing-8 << "[\r][\n]"
09:47:46.793 [main] DEBUG org.apache.hc.client5.http.wire - http-outgoing-8 << "114.0.5735.90"
09:47:46.793 [main] DEBUG org.apache.hc.client5.http.headers - http-outgoing-8 << HTTP/1.1 200 OK
09:47:46.793 [main] DEBUG org.apache.hc.client5.http.headers - http-outgoing-8 << X-GUploader-UploadID: ADPycdvnFAnOhlWGbRtUpcGBi5W3y6qEtkvwOJmj2uBu_cu5oupNFxxPFqsoSfNAPIUhE78QrkhmBqvlUQiAPhzQ2QAWS0sveOv3
09:47:46.793 [main] DEBUG org.apache.hc.client5.http.headers - http-outgoing-8 << x-goog-generation: 1685523462105569
09:47:46.793 [main] DEBUG org.apache.hc.client5.http.headers - http-outgoing-8 << x-goog-metageneration: 1
09:47:46.793 [main] DEBUG org.apache.hc.client5.http.headers - http-outgoing-8 << x-goog-stored-content-encoding: identity
09:47:46.793 [main] DEBUG org.apache.hc.client5.http.headers - http-outgoing-8 << x-goog-stored-content-length: 13
09:47:46.793 [main] DEBUG org.apache.hc.client5.http.headers - http-outgoing-8 << x-goog-hash: crc32c=tVW4TA==
09:47:46.793 [main] DEBUG org.apache.hc.client5.http.headers - http-outgoing-8 << x-goog-hash: md5=NoaEuIlBlniwTkiZ1T16sA==
09:47:46.793 [main] DEBUG org.apache.hc.client5.http.headers - http-outgoing-8 << x-goog-storage-class: STANDARD
09:47:46.793 [main] DEBUG org.apache.hc.client5.http.headers - http-outgoing-8 << Accept-Ranges: bytes
09:47:46.793 [main] DEBUG org.apache.hc.client5.http.headers - http-outgoing-8 << Content-Length: 13
09:47:46.793 [main] DEBUG org.apache.hc.client5.http.headers - http-outgoing-8 << Server: UploadServer
09:47:46.793 [main] DEBUG org.apache.hc.client5.http.headers - http-outgoing-8 << Date: Sat, 30 Sep 2023 02:46:28 GMT
09:47:46.793 [main] DEBUG org.apache.hc.client5.http.headers - http-outgoing-8 << Expires: Sat, 30 Sep 2023 03:46:28 GMT
09:47:46.793 [main] DEBUG org.apache.hc.client5.http.headers - http-outgoing-8 << Cache-Control: public, max-age=3600
09:47:46.793 [main] DEBUG org.apache.hc.client5.http.headers - http-outgoing-8 << Age: 89
09:47:46.793 [main] DEBUG org.apache.hc.client5.http.headers - http-outgoing-8 << Last-Modified: Wed, 31 May 2023 08:57:42 GMT
09:47:46.793 [main] DEBUG org.apache.hc.client5.http.headers - http-outgoing-8 << ETag: "368684b889419678b04e4899d53d7ab0"
09:47:46.793 [main] DEBUG org.apache.hc.client5.http.headers - http-outgoing-8 << Content-Type: text/plain
09:47:46.793 [main] DEBUG org.apache.hc.client5.http.headers - http-outgoing-8 << Alt-Svc: h3=":443"; ma=2592000,h3-29=":443"; ma=2592000
09:47:46.793 [main] DEBUG org.apache.hc.client5.http.impl.classic.MainClientExec - ex-0000000C: connection can be kept alive for 3 MINUTES
09:47:46.793 [main] DEBUG org.apache.hc.client5.http.impl.classic.InternalHttpClient - ep-0000000B: releasing valid endpoint
09:47:46.793 [main] DEBUG org.apache.hc.client5.http.impl.io.PoolingHttpClientConnectionManager - ep-0000000B: releasing endpoint
09:47:46.793 [main] DEBUG org.apache.hc.client5.http.impl.io.PoolingHttpClientConnectionManager - ep-0000000B: connection http-outgoing-8 can be kept alive for 3 MINUTES
09:47:46.793 [main] DEBUG org.apache.hc.client5.http.impl.io.PoolingHttpClientConnectionManager - ep-0000000B: connection released [route: {s}->https://chromedriver.storage.googleapis.com:443][total available: 2; route allocated: 2 of 5; total allocated: 3 of 25]
09:47:46.793 [main] DEBUG io.github.bonigarcia.wdm.versions.VersionDetector - Latest version of chromedriver according to https://chromedriver.storage.googleapis.com/LATEST_RELEASE is 114.0.5735.90
09:47:46.799 [main] DEBUG io.github.bonigarcia.wdm.WebDriverManager - Driver chromedriver 114.0.5735.90 found in cache
09:47:46.799 [main] INFO io.github.bonigarcia.wdm.WebDriverManager - Exporting webdriver.chrome.driver as C:\Users\Bagas Dwi Saputra\.cache\selenium\chromedriver\win32\114.0.5735.90\chromedriver.exe
09:47:46.867 [main] DEBUG net.thucydides.core.reflection.ClassFinder - Could not load class net.serenitybdd.rest.utils.RestSpecificationFactory
09:47:46.947 [main] DEBUG net.thucydides.core.reflection.ClassFinder - Could not load class net.serenitybdd.rest.utils.RestSpecificationFactory
09:47:46.947 [main] INFO net.serenitybdd.core.webdriver.driverproviders.ProvideNewDriver - Instantiating driver
09:47:46.947 [main] INFO net.serenitybdd.core.webdriver.driverproviders.ProvideNewDriver - Driver capabilities: Capabilities {acceptInsecureCerts: false, base.url: https://app.jubelio.com, browserName: chrome, chrome.driver: src/test/resources/webdrive..., driver: chrome, goog:chromeOptions: {args: [], extensions: []}, loggingPrefs: org.openqa.selenium.logging...}
09:47:47.827 [main] DEBUG net.thucydides.core.reflection.ClassFinder - Could not load class net.serenitybdd.rest.utils.RestSpecificationFactory
09:47:49.922 [main] DEBUG net.serenitybdd.core.photography.Darkroom - Send negative for processing for target\site\serenity\052c5b469c1d4446469966ca896065f44ec023beb76d3e51b2757769cc45fc75.png
09:47:49.922 [main] DEBUG net.thucydides.core.steps.StepInterceptor - STEP DONE: openLink
09:47:50.276 [main] DEBUG net.serenitybdd.core.photography.Darkroom - Send negative for processing for target\site\serenity\8b99a7f045577a040731d89df423e00e0cc3639c4ea25856e93009f9a96e9fb5.png
09:47:50.276 [main] DEBUG net.thucydides.core.steps.StepInterceptor - STARTING STEP: InventoryStockSteps.loginClickButtonLogin - fills in the {string} with valid data email
09:47:50.623 [main] DEBUG net.serenitybdd.core.photography.Darkroom - Send negative for processing for target\site\serenity\104422f2cefbdf6837d9bc86354fe896b0dec713dd1c9ff1fe39944c0cae5eee.png
09:47:50.623 [main] DEBUG net.thucydides.core.steps.StepInterceptor - STEP DONE: fills in the {string} with valid data email
09:47:50.632 [main] DEBUG net.thucydides.core.steps.StepInterceptor - STARTING STEP: InventoryStockSteps.loginClickButtonLogin - fill in the {string} with valid data pass
09:47:50.939 [main] DEBUG net.serenitybdd.core.photography.Darkroom - Send negative for processing for target\site\serenity\b073930766fb1372bd8a1e26931990d20c593815c8c89b2d5c69a1faa6b3da7c.png
09:47:50.948 [main] DEBUG net.thucydides.core.steps.StepInterceptor - STEP DONE: fill in the {string} with valid data pass
09:47:50.948 [Darkroom Processing Line] DEBUG net.serenitybdd.core.photography.DarkroomProcessingLine - Processing screenshot image in /var/screenshots/screenshot-4721664943712178472
09:47:50.948 [Darkroom Processing Line] DEBUG net.serenitybdd.core.photography.DarkroomProcessingLine - Saving screenshot to target\site\serenity\b073930766fb1372bd8a1e26931990d20c593815c8c89b2d5c69a1faa6b3da7c.png
09:47:51.322 [main] DEBUG net.serenitybdd.core.photography.Darkroom - Send negative for processing for target\site\serenity\df06c826763a2e0e3321344d5492c58d11e30fb83c886567df22fc5d43e0ad14.png
09:47:51.322 [main] DEBUG net.thucydides.core.steps.StepInterceptor - STARTING STEP: InventoryStockSteps.loginClickButtonLogin - clickbtnlogin
09:47:51.894 [main] DEBUG net.serenitybdd.core.photography.Darkroom - Send negative for processing for target\site\serenity\aadc930d0e573bca2d2e11ea631f8c0de5f7e9745f955cf67ba1ea5d9b52a568.png
09:47:51.894 [main] DEBUG net.thucydides.core.steps.StepInterceptor - STEP DONE: clickbtnlogin
09:47:51.894 [Darkroom Processing Line] DEBUG net.serenitybdd.core.photography.DarkroomProcessingLine - Processing screenshot image in /var/screenshots/screenshot-5259325549269895332
09:47:51.894 [Darkroom Processing Line] DEBUG net.serenitybdd.core.photography.DarkroomProcessingLine - Saving screenshot to target\site\serenity\aadc930d0e573bca2d2e11ea631f8c0de5f7e9745f955cf67ba1ea5d9b52a568.png
09:47:53.577 [main] DEBUG net.serenitybdd.core.photography.Darkroom - Send negative for processing for target\site\serenity\818b96f7cf0664a3811330ac6f500f4beb34236558679a48c7c4266fe3f1e8df.png
09:47:53.578 [main] DEBUG net.thucydides.core.steps.StepInterceptor - STARTING STEP: InventoryStockSteps.loginClickButtonLogin - openUrlInventory
09:47:55.029 [main] DEBUG net.serenitybdd.core.photography.Darkroom - Send negative for processing for target\site\serenity\39c2910fcdae2e06e0162275f1fbc28f7bc3dd4b8e036f34692616eb96a02450.png
09:47:55.029 [main] DEBUG net.thucydides.core.steps.StepInterceptor - STEP DONE: openUrlInventory
  &amp#27;[32mGiven &amp#27;[0m&amp#27;[32mLogin &amp#27;[0m&amp#27;[32m&amp#27;[1m"qa.rakamin.jubelio@gmail.com"&amp#27;[0m&amp#27;[32m, &amp#27;[0m&amp#27;[32m&amp#27;[1m"Jubelio123!"&amp#27;[0m&amp#27;[32m, click button login&amp#27;[0m &amp#27;[90m# starter.stepdefinitios.InventoryStockSteps.loginClickButtonLogin(java.lang.String,java.lang.String)&amp#27;[0m
09:47:55.317 [main] DEBUG net.serenitybdd.core.photography.Darkroom - Send negative for processing for target\site\serenity\39c2910fcdae2e06e0162275f1fbc28f7bc3dd4b8e036f34692616eb96a02450.png
09:47:55.931 [main] DEBUG net.serenitybdd.core.photography.Darkroom - Send negative for processing for target\site\serenity\39c2910fcdae2e06e0162275f1fbc28f7bc3dd4b8e036f34692616eb96a02450.png
09:47:55.932 [main] DEBUG net.thucydides.core.steps.StepInterceptor - STARTING STEP: InventoryStockSteps.fillsInTheWithValidDataEmail - validatePagePersedian
09:47:56.146 [main] DEBUG net.serenitybdd.core.photography.Darkroom - Send negative for processing for target\site\serenity\39c2910fcdae2e06e0162275f1fbc28f7bc3dd4b8e036f34692616eb96a02450.png
09:47:56.146 [main] DEBUG net.thucydides.core.steps.StepInterceptor - STEP DONE: validatePagePersedian
09:47:56.404 [main] DEBUG net.serenitybdd.core.photography.Darkroom - Send negative for processing for target\site\serenity\39c2910fcdae2e06e0162275f1fbc28f7bc3dd4b8e036f34692616eb96a02450.png
09:47:56.404 [main] DEBUG net.thucydides.core.steps.StepInterceptor - STARTING STEP: InventoryStockSteps.fillsInTheWithValidDataEmail - btnPenyesuaianPersedian
09:47:56.701 [main] DEBUG net.serenitybdd.core.photography.Darkroom - Send negative for processing for target\site\serenity\a2959300daf2975f9185c6dc35fd47a71805fa965b3513bbf7be88315af31e01.png
09:47:56.702 [main] DEBUG net.thucydides.core.steps.StepInterceptor - STEP DONE: btnPenyesuaianPersedian
  &amp#27;[32mAnd &amp#27;[0m&amp#27;[32man inventory adjustment button click&amp#27;[0m                                      &amp#27;[90m# starter.stepdefinitios.InventoryStockSteps.fillsInTheWithValidDataEmail()&amp#27;[0m
09:47:56.702 [Darkroom Processing Line] DEBUG net.serenitybdd.core.photography.DarkroomProcessingLine - Processing screenshot image in /var/screenshots/screenshot-12917662743784231060
09:47:56.702 [Darkroom Processing Line] DEBUG net.serenitybdd.core.photography.DarkroomProcessingLine - Saving screenshot to target\site\serenity\a2959300daf2975f9185c6dc35fd47a71805fa965b3513bbf7be88315af31e01.png
09:47:57.316 [main] DEBUG net.serenitybdd.core.photography.Darkroom - Send negative for processing for target\site\serenity\270254ece9e8fbbc059de346e2779964aedc353194e6467ece5e4008e990c115.png
09:47:57.316 [main] DEBUG net.thucydides.core.steps.StepInterceptor - STARTING STEP: InventoryStockSteps.validateTheInventoryAdjustmentPage - validatePenyesuaianPersediaa
09:47:57.518 [main] DEBUG net.serenitybdd.core.photography.Darkroom - Send negative for processing for target\site\serenity\270254ece9e8fbbc059de346e2779964aedc353194e6467ece5e4008e990c115.png
09:47:57.518 [main] DEBUG net.thucydides.core.steps.StepInterceptor - STEP DONE: validatePenyesuaianPersediaa
  &amp#27;[32mAnd &amp#27;[0m&amp#27;[32mvalidate the inventory adjustment page&amp#27;[0m                                    &amp#27;[90m# starter.stepdefinitios.InventoryStockSteps.validateTheInventoryAdjustmentPage()&amp#27;[0m
09:47:57.819 [main] DEBUG net.serenitybdd.core.photography.Darkroom - Send negative for processing for target\site\serenity\270254ece9e8fbbc059de346e2779964aedc353194e6467ece5e4008e990c115.png
09:47:57.819 [main] DEBUG net.thucydides.core.steps.StepInterceptor - STARTING STEP: InventoryStockSteps.click - btnLokasi
09:47:58.060 [main] DEBUG net.serenitybdd.core.photography.Darkroom - Send negative for processing for target\site\serenity\57e72828bf819d20335fd5ac04454d512305c0d5d9a58966f263e72d67ede661.png
09:47:58.060 [main] DEBUG net.thucydides.core.steps.StepInterceptor - STEP DONE: btnLokasi
09:47:58.360 [main] DEBUG net.serenitybdd.core.photography.Darkroom - Send negative for processing for target\site\serenity\57e72828bf819d20335fd5ac04454d512305c0d5d9a58966f263e72d67ede661.png
09:47:58.360 [main] DEBUG net.thucydides.core.steps.StepInterceptor - STARTING STEP: InventoryStockSteps.click - btnVarisi
09:47:58.545 [main] DEBUG net.serenitybdd.core.photography.Darkroom - Send negative for processing for target\site\serenity\7db2bb019545c4f6acadf7f8997e72f93315efb9369272e591ea81c3941fa624.png
09:47:58.545 [main] DEBUG net.thucydides.core.steps.StepInterceptor - STEP DONE: btnVarisi
  &amp#27;[32mAnd &amp#27;[0m&amp#27;[32mclick &amp#27;[0m&amp#27;[32m&amp#27;[1m"Gudang Pedia"&amp#27;[0m                                                      &amp#27;[90m# starter.stepdefinitios.InventoryStockSteps.click(java.lang.String)&amp#27;[0m
09:47:58.545 [Darkroom Processing Line] DEBUG net.serenitybdd.core.photography.DarkroomProcessingLine - Processing screenshot image in /var/screenshots/screenshot-7143959406996160362
09:47:58.545 [Darkroom Processing Line] DEBUG net.serenitybdd.core.photography.DarkroomProcessingLine - Saving screenshot to target\site\serenity\7db2bb019545c4f6acadf7f8997e72f93315efb9369272e591ea81c3941fa624.png
09:47:58.553 [main] DEBUG net.thucydides.core.steps.StepInterceptor - STARTING STEP: InventoryStockSteps.youSelectAnItem - btnPilihBarang
09:47:58.927 [main] DEBUG net.serenitybdd.core.photography.Darkroom - Send negative for processing for target\site\serenity\95092492a5b812adc0d01f12f54a892d1269c90b003087ed45ebdd761ca7ffe9.png
09:47:58.928 [main] DEBUG net.thucydides.core.steps.StepInterceptor - STEP DONE: btnPilihBarang
09:47:58.929 [Darkroom Processing Line] DEBUG net.serenitybdd.core.photography.DarkroomProcessingLine - Processing screenshot image in /var/screenshots/screenshot-8969646969604997428
09:47:58.929 [Darkroom Processing Line] DEBUG net.serenitybdd.core.photography.DarkroomProcessingLine - Saving screenshot to target\site\serenity\95092492a5b812adc0d01f12f54a892d1269c90b003087ed45ebdd761ca7ffe9.png
09:47:59.547 [main] DEBUG net.serenitybdd.core.photography.Darkroom - Send negative for processing for target\site\serenity\b802c2a307b5ae9dd1960c2b6749633ce874e50c8f652ef4a1e641d7d43998fd.png
09:47:59.547 [main] DEBUG net.thucydides.core.steps.StepInterceptor - STARTING STEP: InventoryStockSteps.youSelectAnItem - btnBarang
09:47:59.547 [Darkroom Processing Line] DEBUG net.serenitybdd.core.photography.DarkroomProcessingLine - Processing screenshot image in /var/screenshots/screenshot-10841242226571385236
09:47:59.547 [Darkroom Processing Line] DEBUG net.serenitybdd.core.photography.DarkroomProcessingLine - Saving screenshot to target\site\serenity\b802c2a307b5ae9dd1960c2b6749633ce874e50c8f652ef4a1e641d7d43998fd.png
09:47:59.926 [main] DEBUG net.serenitybdd.core.photography.Darkroom - Send negative for processing for target\site\serenity\7722867e79fceb6c12f2debf0cbfa117f9b1d9926ad88e63f8bff1b187ac4899.png
09:47:59.926 [main] DEBUG net.thucydides.core.steps.StepInterceptor - STEP DONE: btnBarang
09:47:59.926 [Darkroom Processing Line] DEBUG net.serenitybdd.core.photography.DarkroomProcessingLine - Processing screenshot image in /var/screenshots/screenshot-18415898803411365467
09:47:59.926 [Darkroom Processing Line] DEBUG net.serenitybdd.core.photography.DarkroomProcessingLine - Saving screenshot to target\site\serenity\7722867e79fceb6c12f2debf0cbfa117f9b1d9926ad88e63f8bff1b187ac4899.png
09:48:00.537 [main] DEBUG net.serenitybdd.core.photography.Darkroom - Send negative for processing for target\site\serenity\7722867e79fceb6c12f2debf0cbfa117f9b1d9926ad88e63f8bff1b187ac4899.png
09:48:00.537 [main] DEBUG net.thucydides.core.steps.StepInterceptor - STARTING STEP: InventoryStockSteps.youSelectAnItem - btnSimpan
09:48:00.764 [main] DEBUG net.serenitybdd.core.photography.Darkroom - Send negative for processing for target\site\serenity\126d473ee6e6a1315b6b566870aeac19af00f2b18bda60dc4b89f3b126c19b02.png
09:48:00.764 [main] DEBUG net.thucydides.core.steps.StepInterceptor - STEP DONE: btnSimpan
  &amp#27;[32mWhen &amp#27;[0m&amp#27;[32myou select an item&amp#27;[0m                                                       &amp#27;[90m# starter.stepdefinitios.InventoryStockSteps.youSelectAnItem()&amp#27;[0m
09:48:00.764 [Darkroom Processing Line] DEBUG net.serenitybdd.core.photography.DarkroomProcessingLine - Processing screenshot image in /var/screenshots/screenshot-2609865633332633471
09:48:00.764 [Darkroom Processing Line] DEBUG net.serenitybdd.core.photography.DarkroomProcessingLine - Saving screenshot to target\site\serenity\126d473ee6e6a1315b6b566870aeac19af00f2b18bda60dc4b89f3b126c19b02.png
09:48:01.071 [main] DEBUG net.serenitybdd.core.photography.Darkroom - Send negative for processing for target\site\serenity\6cb4871cf5bf9c326002a20e20fbbaea95b7d4846e88ab0302c55e9832385824.png
09:48:01.071 [main] DEBUG net.thucydides.core.steps.StepInterceptor - STARTING STEP: InventoryStockSteps.validateTheNameSuccessfully - validatePagePersedian
09:48:01.071 [Darkroom Processing Line] DEBUG net.serenitybdd.core.photography.DarkroomProcessingLine - Processing screenshot image in /var/screenshots/screenshot-8152880052412379328
09:48:01.071 [Darkroom Processing Line] DEBUG net.serenitybdd.core.photography.DarkroomProcessingLine - Saving screenshot to target\site\serenity\6cb4871cf5bf9c326002a20e20fbbaea95b7d4846e88ab0302c55e9832385824.png
09:48:01.509 [main] DEBUG net.serenitybdd.core.photography.Darkroom - Send negative for processing for target\site\serenity\1b752ed4950363c7fff1885cc18f0747e05536f0744de2f6b6bff74bf8d922fb.png
09:48:01.509 [main] DEBUG net.thucydides.core.steps.StepInterceptor - STEP DONE: validatePagePersedian
09:48:01.795 [main] DEBUG net.serenitybdd.core.photography.Darkroom - Send negative for processing for target\site\serenity\1b752ed4950363c7fff1885cc18f0747e05536f0744de2f6b6bff74bf8d922fb.png
09:48:01.795 [main] DEBUG net.thucydides.core.steps.StepInterceptor - STARTING STEP: InventoryStockSteps.validateTheNameSuccessfully - fieldSearch
09:48:02.045 [main] DEBUG net.serenitybdd.core.photography.Darkroom - Send negative for processing for target\site\serenity\6fc8743542eb45d1ec019d0545acb3404d3a73bb097109ec352d6e51664cea15.png
09:48:02.045 [main] DEBUG net.thucydides.core.steps.StepInterceptor - STEP DONE: fieldSearch
09:48:02.048 [main] DEBUG net.thucydides.core.steps.StepInterceptor - STARTING STEP: InventoryStockSteps.validateTheNameSuccessfully - btnSearch
09:48:02.311 [main] DEBUG net.serenitybdd.core.photography.Darkroom - Send negative for processing for target\site\serenity\079340c6ed08a794d6e30d01d3b8f92945023f524865385d2f30138665d0bb9d.png
09:48:02.311 [main] DEBUG net.thucydides.core.steps.StepInterceptor - STEP DONE: btnSearch
09:48:02.574 [main] DEBUG net.serenitybdd.core.photography.Darkroom - Send negative for processing for target\site\serenity\4a6ed62a1d6632e2a3f39d477e42660dd7bfa3d88051d7018975528035607b12.png
09:48:02.574 [main] DEBUG net.thucydides.core.steps.StepInterceptor - STARTING STEP: InventoryStockSteps.validateTheNameSuccessfully - validateTeksBarang
09:48:02.574 [Darkroom Processing Line] DEBUG net.serenitybdd.core.photography.DarkroomProcessingLine - Processing screenshot image in /var/screenshots/screenshot-14685655370344629502
09:48:02.574 [Darkroom Processing Line] DEBUG net.serenitybdd.core.photography.DarkroomProcessingLine - Saving screenshot to target\site\serenity\4a6ed62a1d6632e2a3f39d477e42660dd7bfa3d88051d7018975528035607b12.png
09:48:02.787 [main] DEBUG net.serenitybdd.core.photography.Darkroom - Send negative for processing for target\site\serenity\4a6ed62a1d6632e2a3f39d477e42660dd7bfa3d88051d7018975528035607b12.png
09:48:02.787 [main] DEBUG net.thucydides.core.steps.StepInterceptor - STEP DONE: validateTeksBarang
  &amp#27;[32mThen &amp#27;[0m&amp#27;[32mvalidate the name &amp#27;[0m&amp#27;[32m&amp#27;[1m"Naruto"&amp#27;[0m&amp#27;[32m successfully&amp#27;[0m                                  &amp#27;[90m# starter.stepdefinitios.InventoryStockSteps.validateTheNameSuccessfully(java.lang.String)&amp#27;[0m
]]></system-out>
    <system-err><![CDATA[Starting ChromeDriver 117.0.5938.88 (be6afae4721209be42944bbcd325665f9f44563b-refs/branch-heads/5938_62@{#9}) on port 42497
Only local connections are allowed.
Please see https://chromedriver.chromium.org/security-considerations for suggestions on keeping ChromeDriver safe.
ChromeDriver was started successfully.
Sep 30, 2023 9:47:47 AM org.openqa.selenium.remote.ProtocolHandshake createSession
INFO: Detected dialect: W3C
]]></system-err>
  </testcase>
  <testcase name="Inventory Stock - Delete #1" classname="Inventory Stock at app.jubelio" time="14.98">
    <system-out><![CDATA[
@Inventory @DeleteStock
Scenario Outline: Inventory Stock - Delete                                      &amp#27;[90m# src/test/resources/features/user/inventorystock.feature:30&amp#27;[0m
09:48:02.933 [main] INFO io.cucumber.core.plugin.SerenityReporter - Running feature from file:///D:/QE/Automation/Jubelio-Website/src/test/resources/features/user/inventorystock.feature
09:48:02.933 [main] INFO  - 
  _____   ___   ___   _____     ___   _____     _     ___   _____   ___   ___  
 |_   _| | __| / __| |_   _|   / __| |_   _|   /_\   | _ \ |_   _| | __| |   \ 
   | |   | _|  \__ \   | |     \__ \   | |    / _ \  |   /   | |   | _|  | |) |
   |_|   |___| |___/   |_|     |___/   |_|   /_/ \_\ |_|_\   |_|   |___| |___/ 

Inventory Stock - Delete(inventory-stock-at-app.jubelio;inventory-stock---delete)
--------------------------------------------------------------------------------
09:48:02.933 [main] INFO net.thucydides.core.model.TestOutcome - SetUserStory Inventory Stock at app.jubelio
09:48:02.933 [main] INFO net.thucydides.core.model.TestOutcome - SetUserStory Inventory Stock at app.jubelio
09:48:03.120 [main] DEBUG net.thucydides.core.steps.StepInterceptor - STARTING STEP: InventoryStockSteps.loginClickButtonLogin - openLink
09:48:03.120 [main] INFO net.serenitybdd.core.webdriver.driverproviders.ChromeDriverProvider - Using automatically driver download
09:48:03.147 [main] DEBUG org.apache.hc.client5.http.impl.classic.InternalHttpClient - ex-0000000D: preparing request execution
09:48:03.147 [main] DEBUG org.apache.hc.client5.http.protocol.RequestAddCookies - Cookie spec selected: strict
09:48:03.148 [main] DEBUG org.apache.hc.client5.http.protocol.RequestAuthCache - Auth cache not set in the context
09:48:03.148 [main] DEBUG org.apache.hc.client5.http.impl.classic.ProtocolExec - ex-0000000D: target auth state: UNCHALLENGED
09:48:03.148 [main] DEBUG org.apache.hc.client5.http.impl.classic.ProtocolExec - ex-0000000D: proxy auth state: UNCHALLENGED
09:48:03.148 [main] DEBUG org.apache.hc.client5.http.impl.classic.ConnectExec - ex-0000000D: acquiring connection with route {s}->https://raw.githubusercontent.com:443
09:48:03.148 [main] DEBUG org.apache.hc.client5.http.impl.classic.InternalHttpClient - ex-0000000D: acquiring endpoint (3 MINUTES)
09:48:03.148 [main] DEBUG org.apache.hc.client5.http.impl.io.PoolingHttpClientConnectionManager - ex-0000000D: endpoint lease request (3 MINUTES) [route: {s}->https://raw.githubusercontent.com:443][total available: 0; route allocated: 0 of 5; total allocated: 0 of 25]
09:48:03.148 [main] DEBUG org.apache.hc.client5.http.impl.io.PoolingHttpClientConnectionManager - ex-0000000D: endpoint leased [route: {s}->https://raw.githubusercontent.com:443][total available: 0; route allocated: 1 of 5; total allocated: 1 of 25]
09:48:03.148 [main] DEBUG org.apache.hc.client5.http.impl.io.PoolingHttpClientConnectionManager - ex-0000000D: acquired ep-0000000C
09:48:03.148 [main] DEBUG org.apache.hc.client5.http.impl.classic.InternalHttpClient - ex-0000000D: acquired endpoint ep-0000000C
09:48:03.148 [main] DEBUG org.apache.hc.client5.http.impl.classic.ConnectExec - ex-0000000D: opening connection {s}->https://raw.githubusercontent.com:443
09:48:03.148 [main] DEBUG org.apache.hc.client5.http.impl.classic.InternalHttpClient - ep-0000000C: connecting endpoint (30 SECONDS)
09:48:03.148 [main] DEBUG org.apache.hc.client5.http.impl.io.PoolingHttpClientConnectionManager - ep-0000000C: connecting endpoint to https://raw.githubusercontent.com:443 (30 SECONDS)
09:48:03.148 [main] DEBUG org.apache.hc.client5.http.impl.io.DefaultHttpClientConnectionOperator - http-outgoing-9: connecting to raw.githubusercontent.com/185.199.108.133:443
09:48:03.148 [main] DEBUG org.apache.hc.client5.http.ssl.SSLConnectionSocketFactory - Connecting socket to raw.githubusercontent.com/185.199.108.133:443 with timeout 30 SECONDS
09:48:03.167 [main] DEBUG org.apache.hc.client5.http.ssl.SSLConnectionSocketFactory - Enabled protocols: [TLSv1.3, TLSv1.2]
09:48:03.167 [main] DEBUG org.apache.hc.client5.http.ssl.SSLConnectionSocketFactory - Enabled cipher suites: [TLS_AES_256_GCM_SHA384, TLS_AES_128_GCM_SHA256, TLS_CHACHA20_POLY1305_SHA256, TLS_ECDHE_ECDSA_WITH_AES_256_GCM_SHA384, TLS_ECDHE_ECDSA_WITH_AES_128_GCM_SHA256, TLS_ECDHE_ECDSA_WITH_CHACHA20_POLY1305_SHA256, TLS_ECDHE_RSA_WITH_AES_256_GCM_SHA384, TLS_ECDHE_RSA_WITH_CHACHA20_POLY1305_SHA256, TLS_ECDHE_RSA_WITH_AES_128_GCM_SHA256, TLS_DHE_RSA_WITH_AES_256_GCM_SHA384, TLS_DHE_RSA_WITH_CHACHA20_POLY1305_SHA256, TLS_DHE_DSS_WITH_AES_256_GCM_SHA384, TLS_DHE_RSA_WITH_AES_128_GCM_SHA256, TLS_DHE_DSS_WITH_AES_128_GCM_SHA256, TLS_ECDHE_ECDSA_WITH_AES_256_CBC_SHA384, TLS_ECDHE_RSA_WITH_AES_256_CBC_SHA384, TLS_ECDHE_ECDSA_WITH_AES_128_CBC_SHA256, TLS_ECDHE_RSA_WITH_AES_128_CBC_SHA256, TLS_DHE_RSA_WITH_AES_256_CBC_SHA256, TLS_DHE_DSS_WITH_AES_256_CBC_SHA256, TLS_DHE_RSA_WITH_AES_128_CBC_SHA256, TLS_DHE_DSS_WITH_AES_128_CBC_SHA256, TLS_ECDH_ECDSA_WITH_AES_256_GCM_SHA384, TLS_ECDH_RSA_WITH_AES_256_GCM_SHA384, TLS_ECDH_ECDSA_WITH_AES_128_GCM_SHA256, TLS_ECDH_RSA_WITH_AES_128_GCM_SHA256, TLS_ECDH_ECDSA_WITH_AES_256_CBC_SHA384, TLS_ECDH_RSA_WITH_AES_256_CBC_SHA384, TLS_ECDH_ECDSA_WITH_AES_128_CBC_SHA256, TLS_ECDH_RSA_WITH_AES_128_CBC_SHA256, TLS_ECDHE_ECDSA_WITH_AES_256_CBC_SHA, TLS_ECDHE_RSA_WITH_AES_256_CBC_SHA, TLS_ECDHE_ECDSA_WITH_AES_128_CBC_SHA, TLS_ECDHE_RSA_WITH_AES_128_CBC_SHA, TLS_DHE_RSA_WITH_AES_256_CBC_SHA, TLS_DHE_DSS_WITH_AES_256_CBC_SHA, TLS_DHE_RSA_WITH_AES_128_CBC_SHA, TLS_DHE_DSS_WITH_AES_128_CBC_SHA, TLS_ECDH_ECDSA_WITH_AES_256_CBC_SHA, TLS_ECDH_RSA_WITH_AES_256_CBC_SHA, TLS_ECDH_ECDSA_WITH_AES_128_CBC_SHA, TLS_ECDH_RSA_WITH_AES_128_CBC_SHA, TLS_RSA_WITH_AES_256_GCM_SHA384, TLS_RSA_WITH_AES_128_GCM_SHA256, TLS_RSA_WITH_AES_256_CBC_SHA256, TLS_RSA_WITH_AES_128_CBC_SHA256, TLS_RSA_WITH_AES_256_CBC_SHA, TLS_RSA_WITH_AES_128_CBC_SHA, TLS_EMPTY_RENEGOTIATION_INFO_SCSV]
09:48:03.167 [main] DEBUG org.apache.hc.client5.http.ssl.SSLConnectionSocketFactory - Starting handshake
09:48:03.200 [main] DEBUG org.apache.hc.client5.http.ssl.SSLConnectionSocketFactory - Secure session established
09:48:03.200 [main] DEBUG org.apache.hc.client5.http.ssl.SSLConnectionSocketFactory -  negotiated protocol: TLSv1.3
09:48:03.200 [main] DEBUG org.apache.hc.client5.http.ssl.SSLConnectionSocketFactory -  negotiated cipher suite: TLS_AES_256_GCM_SHA384
09:48:03.200 [main] DEBUG org.apache.hc.client5.http.ssl.SSLConnectionSocketFactory -  peer principal: CN=*.github.io, O="GitHub, Inc.", L=San Francisco, ST=California, C=US
09:48:03.200 [main] DEBUG org.apache.hc.client5.http.ssl.SSLConnectionSocketFactory -  peer alternative names: [*.github.io, github.io, *.github.com, github.com, www.github.com, *.githubusercontent.com, githubusercontent.com]
09:48:03.200 [main] DEBUG org.apache.hc.client5.http.ssl.SSLConnectionSocketFactory -  issuer principal: CN=DigiCert TLS RSA SHA256 2020 CA1, O=DigiCert Inc, C=US
09:48:03.200 [main] DEBUG org.apache.hc.client5.http.impl.io.DefaultHttpClientConnectionOperator - http-outgoing-9: connection established 192.168.100.42:63967<->185.199.108.133:443
09:48:03.200 [main] DEBUG org.apache.hc.client5.http.impl.io.PoolingHttpClientConnectionManager - ep-0000000C: connected http-outgoing-9
09:48:03.200 [main] DEBUG org.apache.hc.client5.http.impl.classic.InternalHttpClient - ep-0000000C: endpoint connected
09:48:03.200 [main] DEBUG org.apache.hc.client5.http.impl.classic.MainClientExec - ex-0000000D: executing GET /bonigarcia/webdrivermanager/master/src/main/resources/commands.properties HTTP/1.1
09:48:03.200 [main] DEBUG org.apache.hc.client5.http.impl.classic.InternalHttpClient - ep-0000000C: start execution ex-0000000D
09:48:03.200 [main] DEBUG org.apache.hc.client5.http.impl.io.PoolingHttpClientConnectionManager - ep-0000000C: executing exchange ex-0000000D over http-outgoing-9
09:48:03.200 [main] DEBUG org.apache.hc.client5.http.headers - http-outgoing-9 >> GET /bonigarcia/webdrivermanager/master/src/main/resources/commands.properties HTTP/1.1
09:48:03.200 [main] DEBUG org.apache.hc.client5.http.headers - http-outgoing-9 >> user-agent: Apache-HttpClient/5.0
09:48:03.200 [main] DEBUG org.apache.hc.client5.http.headers - http-outgoing-9 >> accept-encoding: gzip, deflate, br
09:48:03.200 [main] DEBUG org.apache.hc.client5.http.headers - http-outgoing-9 >> cache-control: max-age=0
09:48:03.200 [main] DEBUG org.apache.hc.client5.http.headers - http-outgoing-9 >> connection: keep-alive
09:48:03.200 [main] DEBUG org.apache.hc.client5.http.headers - http-outgoing-9 >> Host: raw.githubusercontent.com
09:48:03.200 [main] DEBUG org.apache.hc.client5.http.wire - http-outgoing-9 >> "GET /bonigarcia/webdrivermanager/master/src/main/resources/commands.properties HTTP/1.1[\r][\n]"
09:48:03.200 [main] DEBUG org.apache.hc.client5.http.wire - http-outgoing-9 >> "user-agent: Apache-HttpClient/5.0[\r][\n]"
09:48:03.200 [main] DEBUG org.apache.hc.client5.http.wire - http-outgoing-9 >> "accept-encoding: gzip, deflate, br[\r][\n]"
09:48:03.200 [main] DEBUG org.apache.hc.client5.http.wire - http-outgoing-9 >> "cache-control: max-age=0[\r][\n]"
09:48:03.200 [main] DEBUG org.apache.hc.client5.http.wire - http-outgoing-9 >> "connection: keep-alive[\r][\n]"
09:48:03.200 [main] DEBUG org.apache.hc.client5.http.wire - http-outgoing-9 >> "Host: raw.githubusercontent.com[\r][\n]"
09:48:03.200 [main] DEBUG org.apache.hc.client5.http.wire - http-outgoing-9 >> "[\r][\n]"
09:48:03.248 [main] DEBUG org.apache.hc.client5.http.wire - http-outgoing-9 << "HTTP/1.1 200 OK[\r][\n]"
09:48:03.248 [main] DEBUG org.apache.hc.client5.http.wire - http-outgoing-9 << "Connection: keep-alive[\r][\n]"
09:48:03.248 [main] DEBUG org.apache.hc.client5.http.wire - http-outgoing-9 << "Content-Length: 723[\r][\n]"
09:48:03.248 [main] DEBUG org.apache.hc.client5.http.wire - http-outgoing-9 << "Cache-Control: max-age=300[\r][\n]"
09:48:03.248 [main] DEBUG org.apache.hc.client5.http.wire - http-outgoing-9 << "Content-Security-Policy: default-src 'none'; style-src 'unsafe-inline'; sandbox[\r][\n]"
09:48:03.248 [main] DEBUG org.apache.hc.client5.http.wire - http-outgoing-9 << "Content-Type: text/plain; charset=utf-8[\r][\n]"
09:48:03.248 [main] DEBUG org.apache.hc.client5.http.wire - http-outgoing-9 << "ETag: W/"e82b438271e9e8680c688b0b680efd0bdd22faa6d6f0a32fc1fd8accc486b67e"[\r][\n]"
09:48:03.248 [main] DEBUG org.apache.hc.client5.http.wire - http-outgoing-9 << "Strict-Transport-Security: max-age=31536000[\r][\n]"
09:48:03.248 [main] DEBUG org.apache.hc.client5.http.wire - http-outgoing-9 << "X-Content-Type-Options: nosniff[\r][\n]"
09:48:03.248 [main] DEBUG org.apache.hc.client5.http.wire - http-outgoing-9 << "X-Frame-Options: deny[\r][\n]"
09:48:03.248 [main] DEBUG org.apache.hc.client5.http.wire - http-outgoing-9 << "X-XSS-Protection: 1; mode=block[\r][\n]"
09:48:03.248 [main] DEBUG org.apache.hc.client5.http.wire - http-outgoing-9 << "X-GitHub-Request-Id: 4CA0:B8C7F:70C4E:8CACE:651389F9[\r][\n]"
09:48:03.248 [main] DEBUG org.apache.hc.client5.http.wire - http-outgoing-9 << "Content-Encoding: gzip[\r][\n]"
09:48:03.248 [main] DEBUG org.apache.hc.client5.http.wire - http-outgoing-9 << "Accept-Ranges: bytes[\r][\n]"
09:48:03.248 [main] DEBUG org.apache.hc.client5.http.wire - http-outgoing-9 << "Date: Sat, 30 Sep 2023 02:48:14 GMT[\r][\n]"
09:48:03.248 [main] DEBUG org.apache.hc.client5.http.wire - http-outgoing-9 << "Via: 1.1 varnish[\r][\n]"
09:48:03.248 [main] DEBUG org.apache.hc.client5.http.wire - http-outgoing-9 << "X-Served-By: cache-qpg1247-QPG[\r][\n]"
09:48:03.248 [main] DEBUG org.apache.hc.client5.http.wire - http-outgoing-9 << "X-Cache: HIT[\r][\n]"
09:48:03.248 [main] DEBUG org.apache.hc.client5.http.wire - http-outgoing-9 << "X-Cache-Hits: 1[\r][\n]"
09:48:03.248 [main] DEBUG org.apache.hc.client5.http.wire - http-outgoing-9 << "X-Timer: S1696042094.063889,VS0,VE1[\r][\n]"
09:48:03.248 [main] DEBUG org.apache.hc.client5.http.wire - http-outgoing-9 << "Vary: Authorization,Accept-Encoding,Origin[\r][\n]"
09:48:03.248 [main] DEBUG org.apache.hc.client5.http.wire - http-outgoing-9 << "Access-Control-Allow-Origin: *[\r][\n]"
09:48:03.248 [main] DEBUG org.apache.hc.client5.http.wire - http-outgoing-9 << "Cross-Origin-Resource-Policy: cross-origin[\r][\n]"
09:48:03.248 [main] DEBUG org.apache.hc.client5.http.wire - http-outgoing-9 << "X-Fastly-Request-ID: 192845ce8e13ef2f038e3d329f810d816276c728[\r][\n]"
09:48:03.248 [main] DEBUG org.apache.hc.client5.http.wire - http-outgoing-9 << "Expires: Sat, 30 Sep 2023 02:53:14 GMT[\r][\n]"
09:48:03.248 [main] DEBUG org.apache.hc.client5.http.wire - http-outgoing-9 << "Source-Age: 4[\r][\n]"
09:48:03.248 [main] DEBUG org.apache.hc.client5.http.wire - http-outgoing-9 << "[\r][\n]"
09:48:03.249 [main] DEBUG org.apache.hc.client5.http.headers - http-outgoing-9 << HTTP/1.1 200 OK
09:48:03.249 [main] DEBUG org.apache.hc.client5.http.headers - http-outgoing-9 << Connection: keep-alive
09:48:03.249 [main] DEBUG org.apache.hc.client5.http.headers - http-outgoing-9 << Content-Length: 723
09:48:03.249 [main] DEBUG org.apache.hc.client5.http.headers - http-outgoing-9 << Cache-Control: max-age=300
09:48:03.249 [main] DEBUG org.apache.hc.client5.http.headers - http-outgoing-9 << Content-Security-Policy: default-src 'none'; style-src 'unsafe-inline'; sandbox
09:48:03.249 [main] DEBUG org.apache.hc.client5.http.headers - http-outgoing-9 << Content-Type: text/plain; charset=utf-8
09:48:03.249 [main] DEBUG org.apache.hc.client5.http.headers - http-outgoing-9 << ETag: W/"e82b438271e9e8680c688b0b680efd0bdd22faa6d6f0a32fc1fd8accc486b67e"
09:48:03.249 [main] DEBUG org.apache.hc.client5.http.headers - http-outgoing-9 << Strict-Transport-Security: max-age=31536000
09:48:03.249 [main] DEBUG org.apache.hc.client5.http.headers - http-outgoing-9 << X-Content-Type-Options: nosniff
09:48:03.249 [main] DEBUG org.apache.hc.client5.http.headers - http-outgoing-9 << X-Frame-Options: deny
09:48:03.249 [main] DEBUG org.apache.hc.client5.http.headers - http-outgoing-9 << X-XSS-Protection: 1; mode=block
09:48:03.249 [main] DEBUG org.apache.hc.client5.http.headers - http-outgoing-9 << X-GitHub-Request-Id: 4CA0:B8C7F:70C4E:8CACE:651389F9
09:48:03.249 [main] DEBUG org.apache.hc.client5.http.headers - http-outgoing-9 << Content-Encoding: gzip
09:48:03.249 [main] DEBUG org.apache.hc.client5.http.headers - http-outgoing-9 << Accept-Ranges: bytes
09:48:03.249 [main] DEBUG org.apache.hc.client5.http.headers - http-outgoing-9 << Date: Sat, 30 Sep 2023 02:48:14 GMT
09:48:03.249 [main] DEBUG org.apache.hc.client5.http.headers - http-outgoing-9 << Via: 1.1 varnish
09:48:03.249 [main] DEBUG org.apache.hc.client5.http.headers - http-outgoing-9 << X-Served-By: cache-qpg1247-QPG
09:48:03.249 [main] DEBUG org.apache.hc.client5.http.headers - http-outgoing-9 << X-Cache: HIT
09:48:03.249 [main] DEBUG org.apache.hc.client5.http.headers - http-outgoing-9 << X-Cache-Hits: 1
09:48:03.249 [main] DEBUG org.apache.hc.client5.http.headers - http-outgoing-9 << X-Timer: S1696042094.063889,VS0,VE1
09:48:03.249 [main] DEBUG org.apache.hc.client5.http.headers - http-outgoing-9 << Vary: Authorization,Accept-Encoding,Origin
09:48:03.249 [main] DEBUG org.apache.hc.client5.http.headers - http-outgoing-9 << Access-Control-Allow-Origin: *
09:48:03.249 [main] DEBUG org.apache.hc.client5.http.headers - http-outgoing-9 << Cross-Origin-Resource-Policy: cross-origin
09:48:03.249 [main] DEBUG org.apache.hc.client5.http.headers - http-outgoing-9 << X-Fastly-Request-ID: 192845ce8e13ef2f038e3d329f810d816276c728
09:48:03.249 [main] DEBUG org.apache.hc.client5.http.headers - http-outgoing-9 << Expires: Sat, 30 Sep 2023 02:53:14 GMT
09:48:03.249 [main] DEBUG org.apache.hc.client5.http.headers - http-outgoing-9 << Source-Age: 4
09:48:03.249 [main] DEBUG org.apache.hc.client5.http.impl.classic.MainClientExec - ex-0000000D: connection can be kept alive for 3 MINUTES
09:48:03.249 [main] DEBUG org.apache.hc.client5.http.wire - http-outgoing-9 << "[0x1f][0xffffff8b][0x8][0x0][0x0][0x0][0x0][0x0][0x0][0x3][0xffffffb5]V]o[0xffffffda]0[0x14]}[0xffffffe7]W\[0xffffff81]*[0xffffffb5][0x12][0x1f][[M[0xffffffd3]$[0x1e]hF[0xffffffbb]i [0x18][0xffffffb4][0xffffffdd]&[0xfffffff9][0xffffffc5]$7[0xffffffc1]R[0x12]#;[0xffffff94]v[0xffffffbf]~[0xffffffb6][0xfffffff3]1[0xffffff92][0xffffff9a][0xffffffc1][0x1a]x[0xffffffcb][0xffffffb5][0xffffffaf][0xffffffcf]9[0xffffffbe][0xfffffff7]8v[0xb][0x1c][0x1e]E4[0xfffffff6]$x4[0xffffffa1][0xb]*[0xffffffb1][0xffffffd1][0xffffff82][0xfffffffb]%[0xffffff93][0xffffffe0][0xffffffb3][0x10][0xffffffc1][0xffffffe5]qBY,!Y[0xffffffea] KM8,[0x10][0xfffffff0][0x19][0xffffffdd]u[0xffffff82][0x1e][0xffffffb0][0xffffffd8]L[0xffffffcb]%[0xffffff86][0xffffffa1][0xe][0xffffffb8][0xfffffff0]P[0xffffffe8]$[0xf][0x13]t[0x13]3[0xfffffff9][0xffffff84]B2[0xffffffae][0xffffffe6]|@[0xfffffff5][0x1d][0x8][0xffffffc4][0x18][0x16][0xffffff82]o[0xffffffa4][0xffffff9a]P[0xffffff94][0xffffffe7][0xffffffce]R[0xfffffff0][0x8][0xffffffdb]p[0xffffffcb][0x4][0xfffffffa][0xfffffffc][0xffffffb9][\r][0xffffff93][0x15][\n]"
09:48:03.249 [main] DEBUG org.apache.hc.client5.http.wire - http-outgoing-9 << "[0xffffffda][0xffffff86][0xffffffa1][0x17][0xffffffa8]Q3[0xffffffcb][0xffffffd6][0xffffffd1][0xffffff85][0xffffffc6][0xfffffff7][0xffffff98][0xffffffef][0xffffffa3][0xffffffc0]8[0x1][0xffffffae]s[0x12][0x16][0x7] _d[0xffffff82][0xffffff91][0xffffff84][0xfffffff3][0x1f],[0xfffffff6][0x14]j[0x1b]F,^+[0xffffff98]1ua2[0xffffffbf]h([0xffffff8e][0xffffff94][0xffffffa2][0xffffff91]m[0xffffffa3][0xffffffeb][0xffffff9a][0xffffffb0][0xffffffbb]I[0x17]t[0xffffffdf][0xffffffbd][0xffffffef][0xffffffbb][0xffffff91][0xffffffd7]U[0xffffffbb][0xffffff82][0xffffff9e][0x3][0xffffff9b][0xffffff88][0xffffffb9][0xffffffa6]$[0xffffffa6][0xc][0xffffff9b][0xffffffa5][0xffffffe2][0xffffff83][0xffffff98]F[0xffffffd8]o[0xffffff9e]Mg[0xffffff93][0xffffffbb][0xffffffd9]`|[0xfffffffb]u4[0xffffff9c][0x7f]"}B[0xffffffce][0x8][0xffffffb9][0xffffffe3]<[0x8][0xffffff91][0xffffff90][0xffffff94][0xffffff82][0xffffff90][0xffffffc1]j[0x15]2WI[0xffffffe3]1![0x19][0xffffff91]BnB[0xffffff80][0x9]<f[0xffffffb5][0xffffffe8]=[0xffffffd1]p[0xffffffbd][[0xffffffcf][0xffffffe5][0x1b][0xfffffff4][0xffffff9c][0xffffffff][0xfffffffc][0xfffffff8][0xffffffe1][0xffffffe2][0xffffff94][0xffffffa2][0xffffffae][0xe][0x14]5[0xffffff9a]8[0xffffff83][0xffffffd1]`:[0xfffffffd]<[0xffffffb8][0x1f][0xffffff9c]R[0xffffffcf]u[0x7f]6[0xffffffbc][0xffffff83][0xffffffef][0xf][0xffffffc3][0xffffffd9]/[0xfffffff8][0xfffffff2][0xffffffcd]y s[0xffffffee]'[0x1b]*0g[0xffffffcb][0xffffffc8]nF7H][0xffffff83][0xffffff97]{[0xffffffb1]Q[0x5][\r][0xffffffb5]c[0xffffffb4][0xf][0x2][0xffffffb3][0xffffffb4][0xffffff93][0xe]C[0xffffffa7][0xffffffb3]kAD][0xffffff9d][0xffffffde][0xffffffdb][0xffffffda][0xffffff88][0xffffffec][0xffffffa5][0xffffffbc][0xffffff99][0xffffffd9][0xffffffba]t[0xffffffb5][0xffffffea]9[0xffffffea][0x10])[0xffffffb7][0xffffffca][0xffffff9e][0xfffffff2][0xffffffe2]d^N[0xffffffd8]FW[0x16][0xffffffcd][0xffffffdc]_[0x10][0xfffffff9]i|[0x1c][0xffffff93][0xffffff8e][0xfffffff9]o[0x16][0xffffff86]4'!$G[0xffffffdf]W[0xfffffff4]W*j[[0xfffffff3]xR[0xffffffae][0xffffffb6][0xc][0xffffffd0],; #[0xffffffa9][0xffffff92]5[0xffffffb5][0x7][0xffffff9c][0xffffffb5][0xffffffd0][0x7f][0xffffff90][0xffffffc7]jgs[0xfffffffc][0xffffffc2][0xb][0xffffffd9][0x0]t[0xffffff9e]^'Y[0xfffffffb][0xffffff9f][0xffffffb1][0xffffffd8]:[0xffffffbf][0xffffff8d][0xffffffa5][0xffffff9a][0xffffffad][0x7f]m[0x5]&[0xffffffaa][0xffffffa0]^[0xffffff9b][0xffffffcb][0x5]f[0xffffffae][0xffffffe0]RU[0xffffff82][0x10]MS9l[0xffffff91]4t[0xfffffffb][0xffffff8a]][0xffffffd6][0xfffffff4][0xffffff96][0xffffffa6][0xffffff9f]P[0xffffffce][0xffffffd5][0xffffffce][0xffffff93][0xffffffff][0xffffff97][0xffffffcc]p[0xfffffffd][0xfffffff3][0xffffffe8][0x1b][0xffffffcc][0xffffffa2][0xffffffd9]Q[0xffffffbe][0xffffffb2][0xffffffa3][0xffffffc7]m'[0xffffffdf][0xffffffe4][[0xfffffffb]^[0xffffffb0][0xffffff9a][0xffffffbe][0xffffffda][0xffffffda]_[0xffffffce][0xffffff80][0xffffffd2][0xffffffc1]7[0xffffffb7]][0xffffffc1]b[0xffffffee][0xffffffb5][0xffffffff]w[0xffffff83][0xffffffed][0xffffffa7];[0x15]<[0x10]4[0xffffff92][0xffffff84][0x18][\n]"
09:48:03.249 [main] DEBUG org.apache.hc.client5.http.wire - http-outgoing-9 << "BB[0xffffffba][0xffffff8e]][0xffffffb5]jo[0xffffffb9]+"[0xffffffea][0xffffffb4][0xffffffff]h"[0xffffffea]\?5[0xffffffa9][0xffffffaf]k[0xffffffec][0xffffffff]P[0xffffffea][\n]"
09:48:03.249 [main] DEBUG org.apache.hc.client5.http.wire - http-outgoing-9 << "w[0xffffffe1]K[0x13][0xffffffda][0xffffffec][0xffffff98][0xffffffe6]Y[0xfffffffd]h8m6[0xffffff9c]T[0xffffffc1][0xfffffff2][0xffffffa7][0xffffff91]z_[0xffffff95]o85p[0x1c][0x13][0xffffffe6][0xfffffff0]5[0xffffffee][0xfffffffc][0xffffff92][0xffffff96][0xffffffda][0xfffffff7][0xffffffcf][0xffffffb1][0x5][0x1d][0xffffffea]K[0xffffff9b]9[0xffffff8e][0xffffffad]e[0xfffffff7][0xffffff93][0xffffffa8]`[0xffffffda][0xffffffff][0x1a][0xffffffd2][0xffffff88][0xffffff85][0xfffffffd][0xfffffff2][0xffffff91]N[0xfffffff6]`[0xffffffdf]2[0xffffffcf][0xffffffae]E[0xffffff97][0xffffffc5][0xffffffa2][0xffffff9d][0xffffffef]'[0xffffff9d]mun.[0xffffffd3]f^[0xffffffc7][0xffffff82][0xffffffda][0xffffff82]9[0xfffffff5][0xffffffa9]`[0x5][0xffffffbc]4[0xffffffa1][0x1d]<M[0xffffffb5]A[0xffffffa7]3[[0xffffffc0][0x7f][0x0][0xffffffc1][0xffffffd0]$[0xffffff85][0x1d][\r][0x0][0x0]"
09:48:03.249 [main] DEBUG org.apache.hc.client5.http.impl.classic.InternalHttpClient - ep-0000000C: releasing valid endpoint
09:48:03.249 [main] DEBUG org.apache.hc.client5.http.impl.io.PoolingHttpClientConnectionManager - ep-0000000C: releasing endpoint
09:48:03.249 [main] DEBUG org.apache.hc.client5.http.impl.io.PoolingHttpClientConnectionManager - ep-0000000C: connection http-outgoing-9 can be kept alive for 3 MINUTES
09:48:03.249 [main] DEBUG org.apache.hc.client5.http.impl.io.PoolingHttpClientConnectionManager - ep-0000000C: connection released [route: {s}->https://raw.githubusercontent.com:443][total available: 1; route allocated: 1 of 5; total allocated: 1 of 25]
09:48:03.249 [main] DEBUG io.github.bonigarcia.wdm.versions.VersionDetector - Detecting chrome version using online commands.properties
09:48:03.249 [main] DEBUG io.github.bonigarcia.wdm.versions.Shell - Running command on the shell: [cmd.exe, /C, wmic, datafile, where, name="%PROGRAMFILES:\=\\%\\Google\\Chrome\\Application\\chrome.exe", get, Version, /value]
09:48:03.372 [main] DEBUG io.github.bonigarcia.wdm.versions.Shell - Result: Version=117.0.5938.132
09:48:03.374 [main] DEBUG org.apache.hc.client5.http.impl.classic.InternalHttpClient - ex-0000000E: preparing request execution
09:48:03.374 [main] DEBUG org.apache.hc.client5.http.protocol.RequestAddCookies - Cookie spec selected: strict
09:48:03.374 [main] DEBUG org.apache.hc.client5.http.protocol.RequestAuthCache - Auth cache not set in the context
09:48:03.374 [main] DEBUG org.apache.hc.client5.http.impl.classic.ProtocolExec - ex-0000000E: target auth state: UNCHALLENGED
09:48:03.374 [main] DEBUG org.apache.hc.client5.http.impl.classic.ProtocolExec - ex-0000000E: proxy auth state: UNCHALLENGED
09:48:03.374 [main] DEBUG org.apache.hc.client5.http.impl.classic.ConnectExec - ex-0000000E: acquiring connection with route {s}->https://chromedriver.storage.googleapis.com:443
09:48:03.374 [main] DEBUG org.apache.hc.client5.http.impl.classic.InternalHttpClient - ex-0000000E: acquiring endpoint (3 MINUTES)
09:48:03.374 [main] DEBUG org.apache.hc.client5.http.impl.io.PoolingHttpClientConnectionManager - ex-0000000E: endpoint lease request (3 MINUTES) [route: {s}->https://chromedriver.storage.googleapis.com:443][total available: 1; route allocated: 0 of 5; total allocated: 1 of 25]
09:48:03.374 [main] DEBUG org.apache.hc.client5.http.impl.io.PoolingHttpClientConnectionManager - ex-0000000E: endpoint leased [route: {s}->https://chromedriver.storage.googleapis.com:443][total available: 1; route allocated: 1 of 5; total allocated: 2 of 25]
09:48:03.374 [main] DEBUG org.apache.hc.client5.http.impl.io.PoolingHttpClientConnectionManager - ex-0000000E: acquired ep-0000000D
09:48:03.374 [main] DEBUG org.apache.hc.client5.http.impl.classic.InternalHttpClient - ex-0000000E: acquired endpoint ep-0000000D
09:48:03.374 [main] DEBUG org.apache.hc.client5.http.impl.classic.ConnectExec - ex-0000000E: opening connection {s}->https://chromedriver.storage.googleapis.com:443
09:48:03.374 [main] DEBUG org.apache.hc.client5.http.impl.classic.InternalHttpClient - ep-0000000D: connecting endpoint (30 SECONDS)
09:48:03.374 [main] DEBUG org.apache.hc.client5.http.impl.io.PoolingHttpClientConnectionManager - ep-0000000D: connecting endpoint to https://chromedriver.storage.googleapis.com:443 (30 SECONDS)
09:48:03.374 [main] DEBUG org.apache.hc.client5.http.impl.io.DefaultHttpClientConnectionOperator - http-outgoing-10: connecting to chromedriver.storage.googleapis.com/34.101.5.123:443
09:48:03.374 [main] DEBUG org.apache.hc.client5.http.ssl.SSLConnectionSocketFactory - Connecting socket to chromedriver.storage.googleapis.com/34.101.5.123:443 with timeout 30 SECONDS
09:48:03.377 [main] DEBUG org.apache.hc.client5.http.ssl.SSLConnectionSocketFactory - Enabled protocols: [TLSv1.3, TLSv1.2]
09:48:03.377 [main] DEBUG org.apache.hc.client5.http.ssl.SSLConnectionSocketFactory - Enabled cipher suites: [TLS_AES_256_GCM_SHA384, TLS_AES_128_GCM_SHA256, TLS_CHACHA20_POLY1305_SHA256, TLS_ECDHE_ECDSA_WITH_AES_256_GCM_SHA384, TLS_ECDHE_ECDSA_WITH_AES_128_GCM_SHA256, TLS_ECDHE_ECDSA_WITH_CHACHA20_POLY1305_SHA256, TLS_ECDHE_RSA_WITH_AES_256_GCM_SHA384, TLS_ECDHE_RSA_WITH_CHACHA20_POLY1305_SHA256, TLS_ECDHE_RSA_WITH_AES_128_GCM_SHA256, TLS_DHE_RSA_WITH_AES_256_GCM_SHA384, TLS_DHE_RSA_WITH_CHACHA20_POLY1305_SHA256, TLS_DHE_DSS_WITH_AES_256_GCM_SHA384, TLS_DHE_RSA_WITH_AES_128_GCM_SHA256, TLS_DHE_DSS_WITH_AES_128_GCM_SHA256, TLS_ECDHE_ECDSA_WITH_AES_256_CBC_SHA384, TLS_ECDHE_RSA_WITH_AES_256_CBC_SHA384, TLS_ECDHE_ECDSA_WITH_AES_128_CBC_SHA256, TLS_ECDHE_RSA_WITH_AES_128_CBC_SHA256, TLS_DHE_RSA_WITH_AES_256_CBC_SHA256, TLS_DHE_DSS_WITH_AES_256_CBC_SHA256, TLS_DHE_RSA_WITH_AES_128_CBC_SHA256, TLS_DHE_DSS_WITH_AES_128_CBC_SHA256, TLS_ECDH_ECDSA_WITH_AES_256_GCM_SHA384, TLS_ECDH_RSA_WITH_AES_256_GCM_SHA384, TLS_ECDH_ECDSA_WITH_AES_128_GCM_SHA256, TLS_ECDH_RSA_WITH_AES_128_GCM_SHA256, TLS_ECDH_ECDSA_WITH_AES_256_CBC_SHA384, TLS_ECDH_RSA_WITH_AES_256_CBC_SHA384, TLS_ECDH_ECDSA_WITH_AES_128_CBC_SHA256, TLS_ECDH_RSA_WITH_AES_128_CBC_SHA256, TLS_ECDHE_ECDSA_WITH_AES_256_CBC_SHA, TLS_ECDHE_RSA_WITH_AES_256_CBC_SHA, TLS_ECDHE_ECDSA_WITH_AES_128_CBC_SHA, TLS_ECDHE_RSA_WITH_AES_128_CBC_SHA, TLS_DHE_RSA_WITH_AES_256_CBC_SHA, TLS_DHE_DSS_WITH_AES_256_CBC_SHA, TLS_DHE_RSA_WITH_AES_128_CBC_SHA, TLS_DHE_DSS_WITH_AES_128_CBC_SHA, TLS_ECDH_ECDSA_WITH_AES_256_CBC_SHA, TLS_ECDH_RSA_WITH_AES_256_CBC_SHA, TLS_ECDH_ECDSA_WITH_AES_128_CBC_SHA, TLS_ECDH_RSA_WITH_AES_128_CBC_SHA, TLS_RSA_WITH_AES_256_GCM_SHA384, TLS_RSA_WITH_AES_128_GCM_SHA256, TLS_RSA_WITH_AES_256_CBC_SHA256, TLS_RSA_WITH_AES_128_CBC_SHA256, TLS_RSA_WITH_AES_256_CBC_SHA, TLS_RSA_WITH_AES_128_CBC_SHA, TLS_EMPTY_RENEGOTIATION_INFO_SCSV]
09:48:03.377 [main] DEBUG org.apache.hc.client5.http.ssl.SSLConnectionSocketFactory - Starting handshake
09:48:03.422 [main] DEBUG org.apache.hc.client5.http.ssl.SSLConnectionSocketFactory - Secure session established
09:48:03.422 [main] DEBUG org.apache.hc.client5.http.ssl.SSLConnectionSocketFactory -  negotiated protocol: TLSv1.3
09:48:03.422 [main] DEBUG org.apache.hc.client5.http.ssl.SSLConnectionSocketFactory -  negotiated cipher suite: TLS_AES_256_GCM_SHA384
09:48:03.422 [main] DEBUG org.apache.hc.client5.http.ssl.SSLConnectionSocketFactory -  peer principal: CN=*.storage.googleapis.com
09:48:03.422 [main] DEBUG org.apache.hc.client5.http.ssl.SSLConnectionSocketFactory -  peer alternative names: [*.storage.googleapis.com, *.googleapis.com, commondatastorage.googleapis.com, *.commondatastorage.googleapis.com, storage.googleapis.com, storage-p2.googleapis.com, *.storage-p2.googleapis.com, storage.mtls.googleapis.com, *.appspot.com.storage.googleapis.com, *.content-storage.googleapis.com, *.content-storage-p2.googleapis.com, *.content-storage-upload.googleapis.com, *.content-storage-download.googleapis.com, *.storage-upload.googleapis.com, *.storage-download.googleapis.com]
09:48:03.422 [main] DEBUG org.apache.hc.client5.http.ssl.SSLConnectionSocketFactory -  issuer principal: CN=GTS CA 1C3, O=Google Trust Services LLC, C=US
09:48:03.422 [main] DEBUG org.apache.hc.client5.http.impl.io.DefaultHttpClientConnectionOperator - http-outgoing-10: connection established 192.168.100.42:63968<->34.101.5.123:443
09:48:03.422 [main] DEBUG org.apache.hc.client5.http.impl.io.PoolingHttpClientConnectionManager - ep-0000000D: connected http-outgoing-10
09:48:03.422 [main] DEBUG org.apache.hc.client5.http.impl.classic.InternalHttpClient - ep-0000000D: endpoint connected
09:48:03.422 [main] DEBUG org.apache.hc.client5.http.impl.classic.MainClientExec - ex-0000000E: executing GET /LATEST_RELEASE_117 HTTP/1.1
09:48:03.422 [main] DEBUG org.apache.hc.client5.http.impl.classic.InternalHttpClient - ep-0000000D: start execution ex-0000000E
09:48:03.422 [main] DEBUG org.apache.hc.client5.http.impl.io.PoolingHttpClientConnectionManager - ep-0000000D: executing exchange ex-0000000E over http-outgoing-10
09:48:03.422 [main] DEBUG org.apache.hc.client5.http.headers - http-outgoing-10 >> GET /LATEST_RELEASE_117 HTTP/1.1
09:48:03.422 [main] DEBUG org.apache.hc.client5.http.headers - http-outgoing-10 >> user-agent: Apache-HttpClient/5.0
09:48:03.422 [main] DEBUG org.apache.hc.client5.http.headers - http-outgoing-10 >> accept-encoding: gzip, deflate, br
09:48:03.422 [main] DEBUG org.apache.hc.client5.http.headers - http-outgoing-10 >> cache-control: max-age=0
09:48:03.422 [main] DEBUG org.apache.hc.client5.http.headers - http-outgoing-10 >> connection: keep-alive
09:48:03.422 [main] DEBUG org.apache.hc.client5.http.headers - http-outgoing-10 >> Host: chromedriver.storage.googleapis.com
09:48:03.422 [main] DEBUG org.apache.hc.client5.http.wire - http-outgoing-10 >> "GET /LATEST_RELEASE_117 HTTP/1.1[\r][\n]"
09:48:03.422 [main] DEBUG org.apache.hc.client5.http.wire - http-outgoing-10 >> "user-agent: Apache-HttpClient/5.0[\r][\n]"
09:48:03.422 [main] DEBUG org.apache.hc.client5.http.wire - http-outgoing-10 >> "accept-encoding: gzip, deflate, br[\r][\n]"
09:48:03.422 [main] DEBUG org.apache.hc.client5.http.wire - http-outgoing-10 >> "cache-control: max-age=0[\r][\n]"
09:48:03.422 [main] DEBUG org.apache.hc.client5.http.wire - http-outgoing-10 >> "connection: keep-alive[\r][\n]"
09:48:03.422 [main] DEBUG org.apache.hc.client5.http.wire - http-outgoing-10 >> "Host: chromedriver.storage.googleapis.com[\r][\n]"
09:48:03.422 [main] DEBUG org.apache.hc.client5.http.wire - http-outgoing-10 >> "[\r][\n]"
09:48:03.659 [main] DEBUG org.apache.hc.client5.http.wire - http-outgoing-10 << "HTTP/1.1 404 Not Found[\r][\n]"
09:48:03.659 [main] DEBUG org.apache.hc.client5.http.wire - http-outgoing-10 << "X-GUploader-UploadID: ADPycdtgEcJeDkvLuisF_d0yoqL469lr0SAdDzBK9IaE1R1gz7L_xhKoMB_532B97M1shoUTwGgR4gYe2OKc0ZNuUAIojSw0lTeH[\r][\n]"
09:48:03.659 [main] DEBUG org.apache.hc.client5.http.wire - http-outgoing-10 << "Content-Type: application/xml; charset=UTF-8[\r][\n]"
09:48:03.659 [main] DEBUG org.apache.hc.client5.http.wire - http-outgoing-10 << "Content-Length: 193[\r][\n]"
09:48:03.659 [main] DEBUG org.apache.hc.client5.http.wire - http-outgoing-10 << "Date: Sat, 30 Sep 2023 02:48:14 GMT[\r][\n]"
09:48:03.659 [main] DEBUG org.apache.hc.client5.http.wire - http-outgoing-10 << "Expires: Sat, 30 Sep 2023 02:48:14 GMT[\r][\n]"
09:48:03.659 [main] DEBUG org.apache.hc.client5.http.wire - http-outgoing-10 << "Cache-Control: private, max-age=0[\r][\n]"
09:48:03.659 [main] DEBUG org.apache.hc.client5.http.wire - http-outgoing-10 << "Server: UploadServer[\r][\n]"
09:48:03.659 [main] DEBUG org.apache.hc.client5.http.wire - http-outgoing-10 << "Alt-Svc: h3=":443"; ma=2592000,h3-29=":443"; ma=2592000[\r][\n]"
09:48:03.659 [main] DEBUG org.apache.hc.client5.http.wire - http-outgoing-10 << "[\r][\n]"
09:48:03.659 [main] DEBUG org.apache.hc.client5.http.wire - http-outgoing-10 << "<?xml version='1.0' encoding='UTF-8'?><Error><Code>NoSuchKey</Code><Message>The specified key does not exist.</Message><Details>No such object: chromedriver/LATEST_RELEASE_117</Details></Error>"
09:48:03.659 [main] DEBUG org.apache.hc.client5.http.headers - http-outgoing-10 << HTTP/1.1 404 Not Found
09:48:03.659 [main] DEBUG org.apache.hc.client5.http.headers - http-outgoing-10 << X-GUploader-UploadID: ADPycdtgEcJeDkvLuisF_d0yoqL469lr0SAdDzBK9IaE1R1gz7L_xhKoMB_532B97M1shoUTwGgR4gYe2OKc0ZNuUAIojSw0lTeH
09:48:03.659 [main] DEBUG org.apache.hc.client5.http.headers - http-outgoing-10 << Content-Type: application/xml; charset=UTF-8
09:48:03.659 [main] DEBUG org.apache.hc.client5.http.headers - http-outgoing-10 << Content-Length: 193
09:48:03.659 [main] DEBUG org.apache.hc.client5.http.headers - http-outgoing-10 << Date: Sat, 30 Sep 2023 02:48:14 GMT
09:48:03.659 [main] DEBUG org.apache.hc.client5.http.headers - http-outgoing-10 << Expires: Sat, 30 Sep 2023 02:48:14 GMT
09:48:03.659 [main] DEBUG org.apache.hc.client5.http.headers - http-outgoing-10 << Cache-Control: private, max-age=0
09:48:03.659 [main] DEBUG org.apache.hc.client5.http.headers - http-outgoing-10 << Server: UploadServer
09:48:03.659 [main] DEBUG org.apache.hc.client5.http.headers - http-outgoing-10 << Alt-Svc: h3=":443"; ma=2592000,h3-29=":443"; ma=2592000
09:48:03.659 [main] DEBUG org.apache.hc.client5.http.impl.classic.MainClientExec - ex-0000000E: connection can be kept alive for 3 MINUTES
09:48:03.659 [main] ERROR io.github.bonigarcia.wdm.online.HttpClient - Error HTTP 404 executing https://chromedriver.storage.googleapis.com/LATEST_RELEASE_117
09:48:03.659 [main] WARN io.github.bonigarcia.wdm.versions.VersionDetector - Exception reading https://chromedriver.storage.googleapis.com/LATEST_RELEASE_117 to get latest version of chromedriver (Error HTTP 404 executing https://chromedriver.storage.googleapis.com/LATEST_RELEASE_117)
09:48:03.659 [main] DEBUG io.github.bonigarcia.wdm.versions.VersionDetector - Getting driver version for chrome117 from online versions.properties
09:48:03.674 [main] DEBUG org.apache.hc.client5.http.impl.classic.InternalHttpClient - ex-0000000F: preparing request execution
09:48:03.674 [main] DEBUG org.apache.hc.client5.http.protocol.RequestAddCookies - Cookie spec selected: strict
09:48:03.674 [main] DEBUG org.apache.hc.client5.http.protocol.RequestAuthCache - Auth cache not set in the context
09:48:03.674 [main] DEBUG org.apache.hc.client5.http.impl.classic.ProtocolExec - ex-0000000F: target auth state: UNCHALLENGED
09:48:03.674 [main] DEBUG org.apache.hc.client5.http.impl.classic.ProtocolExec - ex-0000000F: proxy auth state: UNCHALLENGED
09:48:03.674 [main] DEBUG org.apache.hc.client5.http.impl.classic.ConnectExec - ex-0000000F: acquiring connection with route {s}->https://raw.githubusercontent.com:443
09:48:03.674 [main] DEBUG org.apache.hc.client5.http.impl.classic.InternalHttpClient - ex-0000000F: acquiring endpoint (3 MINUTES)
09:48:03.674 [main] DEBUG org.apache.hc.client5.http.impl.io.PoolingHttpClientConnectionManager - ex-0000000F: endpoint lease request (3 MINUTES) [route: {s}->https://raw.githubusercontent.com:443][total available: 1; route allocated: 1 of 5; total allocated: 2 of 25]
09:48:03.674 [main] DEBUG org.apache.hc.client5.http.impl.io.PoolingHttpClientConnectionManager - ex-0000000F: endpoint leased [route: {s}->https://raw.githubusercontent.com:443][total available: 0; route allocated: 1 of 5; total allocated: 2 of 25]
09:48:03.674 [main] DEBUG org.apache.hc.client5.http.impl.io.PoolingHttpClientConnectionManager - ex-0000000F: acquired ep-0000000E
09:48:03.674 [main] DEBUG org.apache.hc.client5.http.impl.classic.InternalHttpClient - ex-0000000F: acquired endpoint ep-0000000E
09:48:03.674 [main] DEBUG org.apache.hc.client5.http.impl.classic.MainClientExec - ex-0000000F: executing GET /bonigarcia/webdrivermanager/master/src/main/resources/versions.properties HTTP/1.1
09:48:03.674 [main] DEBUG org.apache.hc.client5.http.impl.classic.InternalHttpClient - ep-0000000E: start execution ex-0000000F
09:48:03.674 [main] DEBUG org.apache.hc.client5.http.impl.io.PoolingHttpClientConnectionManager - ep-0000000E: executing exchange ex-0000000F over http-outgoing-9
09:48:03.674 [main] DEBUG org.apache.hc.client5.http.headers - http-outgoing-9 >> GET /bonigarcia/webdrivermanager/master/src/main/resources/versions.properties HTTP/1.1
09:48:03.674 [main] DEBUG org.apache.hc.client5.http.headers - http-outgoing-9 >> user-agent: Apache-HttpClient/5.0
09:48:03.674 [main] DEBUG org.apache.hc.client5.http.headers - http-outgoing-9 >> accept-encoding: gzip, deflate, br
09:48:03.674 [main] DEBUG org.apache.hc.client5.http.headers - http-outgoing-9 >> cache-control: max-age=0
09:48:03.674 [main] DEBUG org.apache.hc.client5.http.headers - http-outgoing-9 >> connection: keep-alive
09:48:03.674 [main] DEBUG org.apache.hc.client5.http.headers - http-outgoing-9 >> Host: raw.githubusercontent.com
09:48:03.674 [main] DEBUG org.apache.hc.client5.http.wire - http-outgoing-9 >> "GET /bonigarcia/webdrivermanager/master/src/main/resources/versions.properties HTTP/1.1[\r][\n]"
09:48:03.674 [main] DEBUG org.apache.hc.client5.http.wire - http-outgoing-9 >> "user-agent: Apache-HttpClient/5.0[\r][\n]"
09:48:03.674 [main] DEBUG org.apache.hc.client5.http.wire - http-outgoing-9 >> "accept-encoding: gzip, deflate, br[\r][\n]"
09:48:03.674 [main] DEBUG org.apache.hc.client5.http.wire - http-outgoing-9 >> "cache-control: max-age=0[\r][\n]"
09:48:03.674 [main] DEBUG org.apache.hc.client5.http.wire - http-outgoing-9 >> "connection: keep-alive[\r][\n]"
09:48:03.674 [main] DEBUG org.apache.hc.client5.http.wire - http-outgoing-9 >> "Host: raw.githubusercontent.com[\r][\n]"
09:48:03.674 [main] DEBUG org.apache.hc.client5.http.wire - http-outgoing-9 >> "[\r][\n]"
09:48:03.714 [main] DEBUG org.apache.hc.client5.http.wire - http-outgoing-9 << "HTTP/1.1 200 OK[\r][\n]"
09:48:03.714 [main] DEBUG org.apache.hc.client5.http.wire - http-outgoing-9 << "Connection: keep-alive[\r][\n]"
09:48:03.714 [main] DEBUG org.apache.hc.client5.http.wire - http-outgoing-9 << "Content-Length: 1615[\r][\n]"
09:48:03.714 [main] DEBUG org.apache.hc.client5.http.wire - http-outgoing-9 << "Cache-Control: max-age=300[\r][\n]"
09:48:03.714 [main] DEBUG org.apache.hc.client5.http.wire - http-outgoing-9 << "Content-Security-Policy: default-src 'none'; style-src 'unsafe-inline'; sandbox[\r][\n]"
09:48:03.714 [main] DEBUG org.apache.hc.client5.http.wire - http-outgoing-9 << "Content-Type: text/plain; charset=utf-8[\r][\n]"
09:48:03.714 [main] DEBUG org.apache.hc.client5.http.wire - http-outgoing-9 << "ETag: W/"65e8ec46ef4920945cc03f0386cc600d8027ed4440e101d5729220d93bfa6f0f"[\r][\n]"
09:48:03.714 [main] DEBUG org.apache.hc.client5.http.wire - http-outgoing-9 << "Strict-Transport-Security: max-age=31536000[\r][\n]"
09:48:03.714 [main] DEBUG org.apache.hc.client5.http.wire - http-outgoing-9 << "X-Content-Type-Options: nosniff[\r][\n]"
09:48:03.714 [main] DEBUG org.apache.hc.client5.http.wire - http-outgoing-9 << "X-Frame-Options: deny[\r][\n]"
09:48:03.714 [main] DEBUG org.apache.hc.client5.http.wire - http-outgoing-9 << "X-XSS-Protection: 1; mode=block[\r][\n]"
09:48:03.714 [main] DEBUG org.apache.hc.client5.http.wire - http-outgoing-9 << "X-GitHub-Request-Id: 4D10:B89CD:6D987:89792:651389FC[\r][\n]"
09:48:03.714 [main] DEBUG org.apache.hc.client5.http.wire - http-outgoing-9 << "Content-Encoding: gzip[\r][\n]"
09:48:03.714 [main] DEBUG org.apache.hc.client5.http.wire - http-outgoing-9 << "Accept-Ranges: bytes[\r][\n]"
09:48:03.714 [main] DEBUG org.apache.hc.client5.http.wire - http-outgoing-9 << "Date: Sat, 30 Sep 2023 02:48:14 GMT[\r][\n]"
09:48:03.714 [main] DEBUG org.apache.hc.client5.http.wire - http-outgoing-9 << "Via: 1.1 varnish[\r][\n]"
09:48:03.714 [main] DEBUG org.apache.hc.client5.http.wire - http-outgoing-9 << "X-Served-By: cache-qpg1247-QPG[\r][\n]"
09:48:03.714 [main] DEBUG org.apache.hc.client5.http.wire - http-outgoing-9 << "X-Cache: HIT[\r][\n]"
09:48:03.714 [main] DEBUG org.apache.hc.client5.http.wire - http-outgoing-9 << "X-Cache-Hits: 1[\r][\n]"
09:48:03.714 [main] DEBUG org.apache.hc.client5.http.wire - http-outgoing-9 << "X-Timer: S1696042095.531043,VS0,VE1[\r][\n]"
09:48:03.714 [main] DEBUG org.apache.hc.client5.http.wire - http-outgoing-9 << "Vary: Authorization,Accept-Encoding,Origin[\r][\n]"
09:48:03.714 [main] DEBUG org.apache.hc.client5.http.wire - http-outgoing-9 << "Access-Control-Allow-Origin: *[\r][\n]"
09:48:03.714 [main] DEBUG org.apache.hc.client5.http.wire - http-outgoing-9 << "Cross-Origin-Resource-Policy: cross-origin[\r][\n]"
09:48:03.714 [main] DEBUG org.apache.hc.client5.http.wire - http-outgoing-9 << "X-Fastly-Request-ID: e1006db0ba58350d8336548260a21528a32a7a2b[\r][\n]"
09:48:03.714 [main] DEBUG org.apache.hc.client5.http.wire - http-outgoing-9 << "Expires: Sat, 30 Sep 2023 02:53:14 GMT[\r][\n]"
09:48:03.714 [main] DEBUG org.apache.hc.client5.http.wire - http-outgoing-9 << "Source-Age: 95[\r][\n]"
09:48:03.714 [main] DEBUG org.apache.hc.client5.http.wire - http-outgoing-9 << "[\r][\n]"
09:48:03.714 [main] DEBUG org.apache.hc.client5.http.headers - http-outgoing-9 << HTTP/1.1 200 OK
09:48:03.714 [main] DEBUG org.apache.hc.client5.http.headers - http-outgoing-9 << Connection: keep-alive
09:48:03.714 [main] DEBUG org.apache.hc.client5.http.headers - http-outgoing-9 << Content-Length: 1615
09:48:03.714 [main] DEBUG org.apache.hc.client5.http.headers - http-outgoing-9 << Cache-Control: max-age=300
09:48:03.714 [main] DEBUG org.apache.hc.client5.http.headers - http-outgoing-9 << Content-Security-Policy: default-src 'none'; style-src 'unsafe-inline'; sandbox
09:48:03.714 [main] DEBUG org.apache.hc.client5.http.headers - http-outgoing-9 << Content-Type: text/plain; charset=utf-8
09:48:03.714 [main] DEBUG org.apache.hc.client5.http.headers - http-outgoing-9 << ETag: W/"65e8ec46ef4920945cc03f0386cc600d8027ed4440e101d5729220d93bfa6f0f"
09:48:03.714 [main] DEBUG org.apache.hc.client5.http.headers - http-outgoing-9 << Strict-Transport-Security: max-age=31536000
09:48:03.714 [main] DEBUG org.apache.hc.client5.http.headers - http-outgoing-9 << X-Content-Type-Options: nosniff
09:48:03.714 [main] DEBUG org.apache.hc.client5.http.headers - http-outgoing-9 << X-Frame-Options: deny
09:48:03.714 [main] DEBUG org.apache.hc.client5.http.headers - http-outgoing-9 << X-XSS-Protection: 1; mode=block
09:48:03.714 [main] DEBUG org.apache.hc.client5.http.headers - http-outgoing-9 << X-GitHub-Request-Id: 4D10:B89CD:6D987:89792:651389FC
09:48:03.714 [main] DEBUG org.apache.hc.client5.http.headers - http-outgoing-9 << Content-Encoding: gzip
09:48:03.714 [main] DEBUG org.apache.hc.client5.http.headers - http-outgoing-9 << Accept-Ranges: bytes
09:48:03.714 [main] DEBUG org.apache.hc.client5.http.headers - http-outgoing-9 << Date: Sat, 30 Sep 2023 02:48:14 GMT
09:48:03.714 [main] DEBUG org.apache.hc.client5.http.headers - http-outgoing-9 << Via: 1.1 varnish
09:48:03.714 [main] DEBUG org.apache.hc.client5.http.headers - http-outgoing-9 << X-Served-By: cache-qpg1247-QPG
09:48:03.714 [main] DEBUG org.apache.hc.client5.http.headers - http-outgoing-9 << X-Cache: HIT
09:48:03.714 [main] DEBUG org.apache.hc.client5.http.headers - http-outgoing-9 << X-Cache-Hits: 1
09:48:03.714 [main] DEBUG org.apache.hc.client5.http.headers - http-outgoing-9 << X-Timer: S1696042095.531043,VS0,VE1
09:48:03.714 [main] DEBUG org.apache.hc.client5.http.headers - http-outgoing-9 << Vary: Authorization,Accept-Encoding,Origin
09:48:03.714 [main] DEBUG org.apache.hc.client5.http.headers - http-outgoing-9 << Access-Control-Allow-Origin: *
09:48:03.714 [main] DEBUG org.apache.hc.client5.http.headers - http-outgoing-9 << Cross-Origin-Resource-Policy: cross-origin
09:48:03.714 [main] DEBUG org.apache.hc.client5.http.headers - http-outgoing-9 << X-Fastly-Request-ID: e1006db0ba58350d8336548260a21528a32a7a2b
09:48:03.714 [main] DEBUG org.apache.hc.client5.http.headers - http-outgoing-9 << Expires: Sat, 30 Sep 2023 02:53:14 GMT
09:48:03.714 [main] DEBUG org.apache.hc.client5.http.headers - http-outgoing-9 << Source-Age: 95
09:48:03.714 [main] DEBUG org.apache.hc.client5.http.impl.classic.MainClientExec - ex-0000000F: connection can be kept alive for 3 MINUTES
09:48:03.714 [main] DEBUG org.apache.hc.client5.http.wire - http-outgoing-9 << "[0x1f][0xffffff8b][0x8][0x0][0x0][0x0][0x0][0x0][0x0][0x3][0xffffff8d][0xffffff97]Ko#7[0xc][0xffffffc7][0xffffffef][0xfffffff9][0x14][0x3][0xfffffff4][0x1c]YO[0xffffff8a][\n]"
09:48:03.714 [main] DEBUG org.apache.hc.client5.http.wire - http-outgoing-9 << "[0xffffffa0]K[0xffffff9f][0xffffffa7][0xffffffa2][0xffffff87][0xfffffff6][0xb]x[0xffffffed]Ib[0xffffffac][0xffffffe3][0x9]lg[0xffffffb3][0xffffffe8][0xffffffa7]/[0xfffffff5][0xffffffa0]F[0xffffff96][[0xffffffa0][0xffffff87]`[0xffffff97]?k$[0xffffff92][0xffffffe2]p[0xfffffffe][0xfffffffc]a[0xfffffffa][0xffffffeb][0xfffffff5]p[0xffffff99][0xffffff9e][0xf][0xffffffc7]y[0xffffffda]-[0xffffffa7][0xffffffeb][0xfffffff6]p[0xffffffba]L[0xffffffd7][0xffffffd7]y[0xfffffffa]zZ>O[0xffffffd3][0xfffffffe]|[0xfffffff8]6[0xffffff9f]'[0xfffffffa][0xffffffbb][0x1c][0x16][0xfffffffa]e[0xffffffb7][0xffffffbc][0xffffffbd]o[0xffffffaf][0xffffff87]/[0xffffffb4][0xfffffffa][0xfffffff3]p}[0xffffffcd]+w[0xffffffcb][0xfffffff9]<_[0xffffffde][0xffffff97][0xffffffd3][0xfffffffe]pz[0xffffff99][0xffffffbe][0xffffff9c][0xffffff97][0xffffffcf][0xffffffcb][0xfffffffa][0xffffffc8][0xffffffc3][0xffffffc3][0xf][0xffffffd3][0xffffff8f][0x5]=M[0xffffffbf]-[0xffffffcb][0xb]=[0xfffffff9][0xffffffd3][0xffffffeb]yy[0xffffff9b][0xffffffa7][0xffffffed]i_[0xfffffffe]{[0xfffffff8]x[0xffffff9b][0x1e][0xffffffa7][0xffffff9f][0xfffffff3]QO[0xffffffd3].[0xffffffff]Z[0xe][0xffffffa6][0xffffff87][0xffffffff]\>[0xffffffce][0xffffffbb][0xfffffff9]iz[0xffffffbd]^[0xffffffdf][0xffffff9f]6[0xffffff9b][0xfffffffe]W[0xffffffb1][0xffffffab]O[0xffffff8b][0xffffffe5][0xfffffffc][0xffffffb2][0xffffffd9][0xffffff93][0xffffffbf][0xffffffc7]e[0xffffffbb][0xffffffbf]<[0xffffff94]5J[0xffffffd9]H[0x7f]B[\n]"
09:48:03.714 [main] DEBUG org.apache.hc.client5.http.wire - http-outgoing-9 << "[0xffffffe7][0xffffff8d][0x13]A6n[0xffffff88][0xffffff9b][0xffffffc4][0xffffffc1]k[0x1][0xffffffa6]qM\g[0xffffffae][0xffffff9c][0xffffffb0][0xffffffa1]qE\%[0xffffffee][0xffffffc0][0x8][0xffffffb0][0xffffff8d]K[0xffffffe2]2q[0xffffff8b]Jx[0xffffffcf]\[0xffffff86]H[0x7f][0xffffff99][0xffffffd3][0xfffffff1][0xffffffbe][0xffffffad][0xffffff97]H[0x1c][0x13]7.[0x8][0xffffffaf][0x1a][0xfffffff7][0xffffffc4]}[0xffffffe6][0xffffffd2][\n]"
09:48:03.714 [main] DEBUG org.apache.hc.client5.http.wire - http-outgoing-9 << "[0xffffffd0][0xffffff8d][0x3]qH\[0xffffffdb] `][0xffffffef][0xffffff88][0xffffffbb][0xffffffc4]Up[0xfffffff4]c[0xffffffe3][0x14][0xffffffaf][0xffffffcc][0xfffffff1][0xffffffa6]0|[0xfffffff3]_R[0xffffffbc]2[0xffffffc7]+A[\n]"
09:48:03.714 [main] DEBUG org.apache.hc.client5.http.wire - http-outgoing-9 << "eV[0xffffff87](`[0xffffff99][0x3][0xffffff96][0xffffffb4]_w[0x0][0x5],S[0xffffffc0]68%[0xffffffec][0xffffffca])`[0xffffff99][0x2][0xffffffb6][0x18]@[0x0]'4[0xffffff84][0x18]B[0xffffffa6][0xffffffd6][0xffffffd2][0xffffffd9]L1[0xffffff86][0x14][0xffffffac][0xfffffff5][0xe][0x5][0x1d][0xffffffc3][0xffffffd8][0xffffffc7][0xffffff90]b[0xffffffb5][0x10][0xfffffff4][0xffffff9a][0xffffff83][0x0]1@[0xffffffa6]`[0xffffff85]uL][0xc].S[0xffffff83][0x2]8[0xffffff9e]`c[0xffffffb0][0xffffff99]Rr[0xffffffe8]"[0x19][0xffffff9b][0x18]R[0xffffff90][0xffffffd6]y[0xffffffbf]^j[0xffffffd0]1[0xffffffe8]L[0xffffffe9]J)[0xffffffcb][0xffffff8c]U[0xc]9@K[0x15]@[0xffffffb1]2[0xffffff96]1[0xffffffe4][0xfffffff8][0xffffffac][0xffffff91]Bs[0xffffff9e]0D[0xffffffcc][0xfffffff1][0x19][0xfffffffa]G[0xfffffff3][0xffffffce][0xffffff88][0x11]s|F[[0x11][0xffffff80][0xffffffa9][0xffffff8f][0xffffff98][0xffffffc3][0xffffffd3]([0x5]"S[0xffffff88][0xffffff98][0xffffffc3][0xffffffd3][0xffffff96][0xfffffff6][0xffffffe5]T[0xffffffa0][0xffffff8b][0xffffff98][0xffffffc3]Sh[0x4][0xffffffb2]kh#[0xffffffe6][0xfffffff0][0xffffff94][0xfffffff5][0xffffffc2]p[0xffffff8e][0xffffffd1]D[0xffffffcc][0xffffffd1][0xffffffa5][0xffffff9b]4[0xffffff9c][\n]"
09:48:03.714 [main] DEBUG org.apache.hc.client5.http.wire - http-outgoing-9 << "T[0x11]s[0x18][0xffffff92]2[0xffffffaf]L;NFLa[0xffffff98]@[0xffffffbe]P[0x9]U[0xffffffec]C[0xfffffff4]!c[0xffffffeb][0xffffff84]i[0x14][0xffffffa3][0xffffffc7]L[0xffffffa9]v[0xffffffa8][0xffffffae][0x18][0xfffffffb][0xffffffe8]S [0x6][0xffffff81][0xffffffde][0x5]v[0xffffffc3]C[0xfffffff4][0xffffff90])[0x15][0xffffffb8][0xffffffd2]m[0xf][0x17]}[0xffffff8a][0xffffffc4]xO[0x5][0xffffffb6][0xffffffae][0xffffffb6][0xffffffd1][0xffffffdb][0xffffff8c]5[0xffffffd5]/C[0x13]}[0xffffff8a][0xffffffc4][0x0][0x5][0x4][0xffffffec][0xffffffb2][0xffffffd7]Q[0xffffffd3][0xffffff8d][0xffffffb2][0xffffffa5]n,[0xffffff99],v[0xc]B[0xffffffb2][0xfffffff8]n[0x0][0xffffff93][0xffffffc5][0x19][0x5][0xffffff9f],[0xffffffbe]M[0xffffff80]d[0xffffffb1]3[0xffffffe0][0xffffffc8]j)[0x2][0xffffff9b],[0xffffffce]9[0xffffff98]d[0xfffffff1]y[0xffffff90]|1[0xffffffed][0xffffffbc][0xffffffe4]K{g [0xfffffff9]b[0xffffffcc]MW[0xfffffffb]}[0xfffffff9][0xfffffffb]p<n[0xffffffa7]_[0xf][0xffffffe7][0xfffffff9]y[0xfffffff9][0xffffffde][0xffffffb5][0xffffffb2][0xffffff97]y[0xfffffff7]u[0xfffffff9][0xffffffd7]Nv[0xffffffa1]V[0xfffffff6]B[\r][0xfffffff4][0xffffffe3][0xffffff8b][0xffffffa0][0xffffff96][0xffffffba]y+[l[0xffffffba][0x7]6[0xffffffe7][0xfffffff9]8o/[0xfffffff3][0xffffffe5][0xffffffe1][0xffffffb9][0xffffffec][0xffffffab][0x14]FJ[0x1b][0xffffffe5]n%[0xfffffffe][0xffffff8e][0xffffffc0][0x1d]qw[0xffffffc4][0xffffffde][0x11]sG[0xfffffff4][0x1d]QwD&[0xffffffa2][0xffffff85]n[0xffffff84]:_&[0xffffffeb][0x1a][0xffffff89]w[0xffffffc4][0xffffffdf][0x11][0xffffffb8]#[0xffffffee][0xffffff8e]d[0xffffff9f]UO[0xffffffcc][0x1d][0xffffffd1]wD[0xffffffdd][0x11]9[0xffffff90][0x10]F[0xffffff80]#[0xfffffff0]#[0xffffff80][0x11][0xffffffb8][0x11][0xffffff8c][0xffffffde][0xffffff86][0xffffffd1][0xffffffd9]0[0xfffffffa][0x1a]FWC[0xfffffff2][0xffffff94][0xffffffde][0xffffff9b][0xe][0xffffff88][0xffffffe3][0xffffffe1][0xfffffff4][0xfffffff1][0xffffffbd]`[0xffffffc5][0x18][0xffffffc3][0xffffffb0][0xe]q[0x4]~[0x4]0[0x2]7[0x2];[0xffffff82][0x14][0xffffff80][0xffffffc6][0xe][0xffffffe8][0x11][0xffffffa4][0x0][0xffffffb4][0xffffffef][0xffffff80][0x1c][0xffffff80][0xf]#[0xffffffc8][0xffffff9e]B[0x7][0xfffffffc][0x8]`[0x4]n[0x4]v[0x4]f[0x4]z[0x4]j[0x4]r[0x0][0x10]F[0xffffff90]=u[0x1d][0xffffffc8][0xffffff9e][0xffffffda][0xe][0xffffffc0][0x8][0xffffffdc][0x8][0xffffffb2][0xffffffa7][0xffffffdd][0xb][0x4]f[0x4][0xffffffd9][0xffffffd3][0xffffffae][0xffffffec]!{[0xffffffda][0x15][0x5][0xffffffc8][0x1][0xffffffb8]0[0x2][0x1c][0xffffff81][0x1f]A[0xfffffff6]Tv[0xffffffc0]1[0xffffffe8][0xffffffbb][0xffffffda][0x1f][0xffffffef][0xfffffff3]y[0xffffffdb][0xfffffff5][0xffffffb2]%[0xffffffd9][0xffffffff][0xffffffa7][0xffffff97][0xffffffe5][0xffffff85][0xffffff97][0xffffffe5][0xfffffff9][0xfffffffa][0xffffffb9]=[0xffffffcf][0xffffffc5]b[0xffffff9d]6v[0xffffffb6][0xfffffffc]c[0xffffff96]!*[0xffffffeb][0x1c][0xffffffa4][0xf]S[0xfffffff0][0xffffff8c][0xffffff93][0xffffffec][0xffffffca]2[0xffffffc7]S[0xffffffe9]+[0xffffffd2][\n]"
09:48:03.714 [main] DEBUG org.apache.hc.client5.http.wire - http-outgoing-9 << "[0xffffff95][0xffffffcb]^[0xffffffd6]Q[0x17]*[0xffffff9c]^[0xffffffe4]N[0xffffffd5])][0xffffffb7][0xffffffa1][0xffffffd7][0xffffffb9][0x13]u[0xffffffc8][0xffffffd4][0xffffffdf]H:W)[0xfffffff4][0xffffff82][0xffffff8e][0xe][0xffffffaa][0xffffffd8][0xfffffff5]zNi[0xffffffc6][0xffffffb6][0xffffff97]s!Tjz1G[\n]"
09:48:03.714 [main] DEBUG org.apache.hc.client5.http.wire - http-outgoing-9 << "[0xffffffa0]P[0xffffffdd]K9[0xffffffa5]x[0xffffffb1][0xffffffea][0xffffff95]\[0x12]I[0x5][0xffffffcb]^[0xffffffc8]a[\r][0x1c]C/[0xffffffe3][0x0]*[0xffffffc5]A[0xffffffc3][0x15][0xffffffea]{[0x5]G[0xffffff92][0xffffffb5]P[0xffffffe8][0xfffffff5][K[0x11][0xffffffbd][0xfffffffd]7[0xfffffffa][0xffffffad]@[0xffffffdb][0xffffffc9]7[0xffffffac][0xffffff8e]Q[0x17][0xffffffb8][0x11]o[0x5][0xffffffea][[0xffffffed]V[0xffffffa0][0xffffffea][0xffffffa4][0xffffff9b][0xffffffe3][0xfffffff3]e[0xffffffa7][0xffffffdc][0xffffffd8]U[0xffffffea][\n]"
09:48:03.714 [main] DEBUG org.apache.hc.client5.http.wire - http-outgoing-9 << "7[0xffffffba][0xffffffad]@[0x1c]d[[0xffffffa1][0xffffffbe]Sm[0xffffff9e]!t[0xffffff9a][\r][0xffffffeb][0xfffffff1][0xffffffd4]&V[0xffffffc9][0xffffffc6][0xffffffde]S[0xffffffab]X[0x15][0x1b]%[0xffffffb8]R[0xffffffd3])6[0xffffffe0]Mu'[0xffffffd8][0xffffffb0]^8[0xfffffff5][0xffffff8d]U[0xffffffaf][0xffffffb5][0xffffffcb][0xffffffa2][0xffffffe6][0xffffffb1][0xffffffea]5[0xffffffac][0x17]K[\r]d[0xffffff95]k\[0xffffffd1][0xffffffd4]D:[0xffffffb5][0xffffffa6]j[0xffffffa8][0xffffffd4]Iz[0xffffffb1]V[0xffffffcf][0xffffffa2]v[0xffffffb2]j5[0xffffffcf][0xffffffbb][0xffffffba]N[0xffffffaa]q)S[Y[0xffffff85]Z+N[0xffffffea]-[0xffffff9d]P3[0xffffffd5]Wj0[0xffffff9d]NkgU}[0xffffff95][\r][0x17]z[0xffffffa3][0xffffffaa][0xffffffab]bTqU[0xffffff8c][0xffffffaa][0xffffffad][0xffffff8a]Q[0xffffffa5]U1[0xffffffaa][0xffffffb2]*F[0x15]V[0xffffffc5][0xffffffa8][0xffffffba][0xffffffaa][0x18][0xffffffaa][0x8][0xffffffa9]b[0xffffffc8][0xffffffce][0xffffffb0][0xffffffc9][0x3][0xfffffff6][0xffffffd8]&[0xf]L=[0xffffffc7]&[0xf]tM[0xffffff86][0xffffff85]b[0xffffffdc]([0xffffffb1][0xffffffc3][0xffffffee][0xffffffbc][0xffffffa4][0xffffffd6]3[0xfffffffd][0xffffffb2][0x7f][0xffffff99][0xffffffbb][0xffffffe6][0xfffffff5]v[0xffffff99][0x9][0xfffffffc]g[0xfffffff7][0xffffffda][0xffffffcf][0xffffffdf][0xffffffe6]c[0xffffffda]U[0xffffffbc][0xfffffff1][0xe][0xffffffb9][0xffffff95][0xffffffcd][0xffffffa7][0xffffffc7][0xffffff8f][0xffffffcb][0xffffffa6][0xffffffb1][0xffffffc7][0xffffffb4][0xffffffc9][0xffffffe6][0xffffffba],[0xffffffc7][0xffffffcb][0xffffffe6]s[0xfffffffe]R[0xffffffbb][0xffffffd9]C[0xffffffa2][0xffffffeb][0xffffffb0][0xffffffa9][0xffffff90]Z[0xffffffba][0xffffffc2]Jy[0xffffffd4]T[0xffffff9e][0xffffff94]0e[0xffffffb2]P[0x1e]4[0xffffff95][0xffffffd7][0xffffffb9][0xffffff90][0xb][0xffffffe5]1S[0x1][0xffffffa8]4[0x6][0x16][0xffffffca]C[0xffffffa6]rT[0x1f][0xffffff94][0xffffffbd]L[0xffffffdb][0xffffff88][0xffffffa9][0xffffff9c]B[0xffffffe1][0xffffffeb]im[0xffffffc0]T[0x16]h_[0xffffffa8][0xffffff94][0xffffffc7]K[0x12][0xffffffe6][0xffffffe9][0xffffffe3][ [0xffffffcf][0xffffff96][0xffffffca][0xfffffff8][0xfffffff4][0xffffffa9][0xffffffab][0xffffff94]'K[0x1a][0x12][\r]u[0xffffffb0]Jy[0xffffffae]T[0xffffff9a][0xffffffde]T[0xffffffcf];[0xfffffff0]TIc[0xffffff80]mA[0xffffffb4][0xffffff91]Ri*\[0xffffff92][0xffffffe9][0xffffff85][0xfffffff2]@[0xffffffa9][0xffffffb4][0xffffff92][0xffffffeb][0xffffffbe]<N[0xffffff92]"
09:48:03.714 [main] DEBUG org.apache.hc.client5.http.wire - http-outgoing-9 << "[0xffffffb2]ui[0xffffffa8]I[0xffffff94][0xffffff87]Ij[0xfffffffd][0xffffffa9]Q[0x14]VGI[0xffffff95][0xffffffa2][0xffffffab][0xffffff89][0xffffffe1]9[0xffffff92]B[0xffffffd3][0xffffff8d][0xffffffd5])[0xffffff92]b[0xffffffb0][0xffffff8d][0xffffffd5][0x19][0xffffff92][0xffffffbc]j'[0xfffffff3][0x4][0x19][0xffffffa8][0xffffffc7][0x18]UP[0xffffff9d][0x1e][0x3][0xffffffa5][0xffffffde][0xffffffd4]Uut[0xc]r=[0xffffffa0][0xffffff8e][0xffffff8d][0xffffff98]:]}[0xffffffb0][0xffffff8e][0xffffff8c]H[0xffffff81][0x15][0xffffffc2][0xffffffe3]b[0xffffffba][0xfffffff1]r1<*z[0xffffffca]m}[0xffffff8c][0xffffffe7]D[0xffffff80]P[0xffffffaf][0xffffff84]gD[0xffffffa0][0xffffff92][0xffffff80][0xffffff92][0xb][0x1e][0x10]]Jp]U[0xffffffa7]C[0xffffff97][0xffffff95]E&<[0x19]Rkp[0xfffffff5]<[0xffffffea]^[0xffffffa5]{[0x6][0xfffffff6][0xffffff89][0x7]E[0xfffffffa][0xffffffce][0xffffffd6][0xffffffab]jC"ELu[0xffffff97]Y[0xffffff9b][0x10]S[0xffffffcd][0x16]R[0xffffffa7]C[0xffffffed][0xffffffb9]tx0[0xffffffd4][0xffffffa6][0xffffff91]:[0x14][0xffffffa6][0xffffffb6]XI[0xffffff9d][0x7][0xffffff95][0xffffffa1][0xffffff81][0xffffffb9] k[0xffffffe3][0xfffffffb]y~<[0xffffff9c].[0xffffffd7][0xffffffed][0xfffffff1]8[0xffffffef][0xb][0xffffffd4][0x11][0xffffffd2][0xffffff97][0xffffffdd][0xffffff94]:[0xffffffb1]*R[0xb][0x3][0x1d]J[0xfffffff8]VF[0xffffffea][0xffffff93][0xfffffff4][0xffffffb5]+[0xfffffff7]a0[0xffffffd2][0xffffff8b]eM([0xffffffa6]NM[0xffffff87]n[0x1a]K[0xffffff8d]h*[0xffffffa6]t[0xffffffc9][0xffffffd4][0xffffff93][0xfffffffe][0x1][0xffffffa9][0xffffff9e].[0xffffff9b][0xffffffd3][0x12][0x0][0x0]"
09:48:03.714 [main] DEBUG org.apache.hc.client5.http.impl.classic.InternalHttpClient - ep-0000000E: releasing valid endpoint
09:48:03.714 [main] DEBUG org.apache.hc.client5.http.impl.io.PoolingHttpClientConnectionManager - ep-0000000E: releasing endpoint
09:48:03.714 [main] DEBUG org.apache.hc.client5.http.impl.io.PoolingHttpClientConnectionManager - ep-0000000E: connection http-outgoing-9 can be kept alive for 3 MINUTES
09:48:03.714 [main] DEBUG org.apache.hc.client5.http.impl.io.PoolingHttpClientConnectionManager - ep-0000000E: connection released [route: {s}->https://raw.githubusercontent.com:443][total available: 1; route allocated: 1 of 5; total allocated: 2 of 25]
09:48:03.714 [main] DEBUG io.github.bonigarcia.wdm.versions.VersionDetector - Driver for chrome117 not found in online properties (using local versions.properties)
09:48:03.714 [main] DEBUG io.github.bonigarcia.wdm.WebDriverManager - The driver version for CHROME 117 is unknown ... trying with latest
09:48:03.721 [main] DEBUG org.apache.hc.client5.http.impl.classic.InternalHttpClient - ex-00000010: preparing request execution
09:48:03.721 [main] DEBUG org.apache.hc.client5.http.protocol.RequestAddCookies - Cookie spec selected: strict
09:48:03.721 [main] DEBUG org.apache.hc.client5.http.protocol.RequestAuthCache - Auth cache not set in the context
09:48:03.721 [main] DEBUG org.apache.hc.client5.http.impl.classic.ProtocolExec - ex-00000010: target auth state: UNCHALLENGED
09:48:03.721 [main] DEBUG org.apache.hc.client5.http.impl.classic.ProtocolExec - ex-00000010: proxy auth state: UNCHALLENGED
09:48:03.721 [main] DEBUG org.apache.hc.client5.http.impl.classic.ConnectExec - ex-00000010: acquiring connection with route {s}->https://chromedriver.storage.googleapis.com:443
09:48:03.721 [main] DEBUG org.apache.hc.client5.http.impl.classic.InternalHttpClient - ex-00000010: acquiring endpoint (3 MINUTES)
09:48:03.721 [main] DEBUG org.apache.hc.client5.http.impl.io.PoolingHttpClientConnectionManager - ex-00000010: endpoint lease request (3 MINUTES) [route: {s}->https://chromedriver.storage.googleapis.com:443][total available: 1; route allocated: 1 of 5; total allocated: 2 of 25]
09:48:03.721 [main] DEBUG org.apache.hc.client5.http.impl.io.PoolingHttpClientConnectionManager - ex-00000010: endpoint leased [route: {s}->https://chromedriver.storage.googleapis.com:443][total available: 1; route allocated: 2 of 5; total allocated: 3 of 25]
09:48:03.721 [main] DEBUG org.apache.hc.client5.http.impl.io.PoolingHttpClientConnectionManager - ex-00000010: acquired ep-0000000F
09:48:03.721 [main] DEBUG org.apache.hc.client5.http.impl.classic.InternalHttpClient - ex-00000010: acquired endpoint ep-0000000F
09:48:03.721 [main] DEBUG org.apache.hc.client5.http.impl.classic.ConnectExec - ex-00000010: opening connection {s}->https://chromedriver.storage.googleapis.com:443
09:48:03.721 [main] DEBUG org.apache.hc.client5.http.impl.classic.InternalHttpClient - ep-0000000F: connecting endpoint (30 SECONDS)
09:48:03.721 [main] DEBUG org.apache.hc.client5.http.impl.io.PoolingHttpClientConnectionManager - ep-0000000F: connecting endpoint to https://chromedriver.storage.googleapis.com:443 (30 SECONDS)
09:48:03.721 [main] DEBUG org.apache.hc.client5.http.impl.io.DefaultHttpClientConnectionOperator - http-outgoing-11: connecting to chromedriver.storage.googleapis.com/34.101.5.123:443
09:48:03.721 [main] DEBUG org.apache.hc.client5.http.ssl.SSLConnectionSocketFactory - Connecting socket to chromedriver.storage.googleapis.com/34.101.5.123:443 with timeout 30 SECONDS
09:48:03.721 [main] DEBUG org.apache.hc.client5.http.ssl.SSLConnectionSocketFactory - Enabled protocols: [TLSv1.3, TLSv1.2]
09:48:03.721 [main] DEBUG org.apache.hc.client5.http.ssl.SSLConnectionSocketFactory - Enabled cipher suites: [TLS_AES_256_GCM_SHA384, TLS_AES_128_GCM_SHA256, TLS_CHACHA20_POLY1305_SHA256, TLS_ECDHE_ECDSA_WITH_AES_256_GCM_SHA384, TLS_ECDHE_ECDSA_WITH_AES_128_GCM_SHA256, TLS_ECDHE_ECDSA_WITH_CHACHA20_POLY1305_SHA256, TLS_ECDHE_RSA_WITH_AES_256_GCM_SHA384, TLS_ECDHE_RSA_WITH_CHACHA20_POLY1305_SHA256, TLS_ECDHE_RSA_WITH_AES_128_GCM_SHA256, TLS_DHE_RSA_WITH_AES_256_GCM_SHA384, TLS_DHE_RSA_WITH_CHACHA20_POLY1305_SHA256, TLS_DHE_DSS_WITH_AES_256_GCM_SHA384, TLS_DHE_RSA_WITH_AES_128_GCM_SHA256, TLS_DHE_DSS_WITH_AES_128_GCM_SHA256, TLS_ECDHE_ECDSA_WITH_AES_256_CBC_SHA384, TLS_ECDHE_RSA_WITH_AES_256_CBC_SHA384, TLS_ECDHE_ECDSA_WITH_AES_128_CBC_SHA256, TLS_ECDHE_RSA_WITH_AES_128_CBC_SHA256, TLS_DHE_RSA_WITH_AES_256_CBC_SHA256, TLS_DHE_DSS_WITH_AES_256_CBC_SHA256, TLS_DHE_RSA_WITH_AES_128_CBC_SHA256, TLS_DHE_DSS_WITH_AES_128_CBC_SHA256, TLS_ECDH_ECDSA_WITH_AES_256_GCM_SHA384, TLS_ECDH_RSA_WITH_AES_256_GCM_SHA384, TLS_ECDH_ECDSA_WITH_AES_128_GCM_SHA256, TLS_ECDH_RSA_WITH_AES_128_GCM_SHA256, TLS_ECDH_ECDSA_WITH_AES_256_CBC_SHA384, TLS_ECDH_RSA_WITH_AES_256_CBC_SHA384, TLS_ECDH_ECDSA_WITH_AES_128_CBC_SHA256, TLS_ECDH_RSA_WITH_AES_128_CBC_SHA256, TLS_ECDHE_ECDSA_WITH_AES_256_CBC_SHA, TLS_ECDHE_RSA_WITH_AES_256_CBC_SHA, TLS_ECDHE_ECDSA_WITH_AES_128_CBC_SHA, TLS_ECDHE_RSA_WITH_AES_128_CBC_SHA, TLS_DHE_RSA_WITH_AES_256_CBC_SHA, TLS_DHE_DSS_WITH_AES_256_CBC_SHA, TLS_DHE_RSA_WITH_AES_128_CBC_SHA, TLS_DHE_DSS_WITH_AES_128_CBC_SHA, TLS_ECDH_ECDSA_WITH_AES_256_CBC_SHA, TLS_ECDH_RSA_WITH_AES_256_CBC_SHA, TLS_ECDH_ECDSA_WITH_AES_128_CBC_SHA, TLS_ECDH_RSA_WITH_AES_128_CBC_SHA, TLS_RSA_WITH_AES_256_GCM_SHA384, TLS_RSA_WITH_AES_128_GCM_SHA256, TLS_RSA_WITH_AES_256_CBC_SHA256, TLS_RSA_WITH_AES_128_CBC_SHA256, TLS_RSA_WITH_AES_256_CBC_SHA, TLS_RSA_WITH_AES_128_CBC_SHA, TLS_EMPTY_RENEGOTIATION_INFO_SCSV]
09:48:03.721 [main] DEBUG org.apache.hc.client5.http.ssl.SSLConnectionSocketFactory - Starting handshake
09:48:03.768 [main] DEBUG org.apache.hc.client5.http.ssl.SSLConnectionSocketFactory - Secure session established
09:48:03.768 [main] DEBUG org.apache.hc.client5.http.ssl.SSLConnectionSocketFactory -  negotiated protocol: TLSv1.3
09:48:03.768 [main] DEBUG org.apache.hc.client5.http.ssl.SSLConnectionSocketFactory -  negotiated cipher suite: TLS_AES_256_GCM_SHA384
09:48:03.768 [main] DEBUG org.apache.hc.client5.http.ssl.SSLConnectionSocketFactory -  peer principal: CN=*.storage.googleapis.com
09:48:03.768 [main] DEBUG org.apache.hc.client5.http.ssl.SSLConnectionSocketFactory -  peer alternative names: [*.storage.googleapis.com, *.googleapis.com, commondatastorage.googleapis.com, *.commondatastorage.googleapis.com, storage.googleapis.com, storage-p2.googleapis.com, *.storage-p2.googleapis.com, storage.mtls.googleapis.com, *.appspot.com.storage.googleapis.com, *.content-storage.googleapis.com, *.content-storage-p2.googleapis.com, *.content-storage-upload.googleapis.com, *.content-storage-download.googleapis.com, *.storage-upload.googleapis.com, *.storage-download.googleapis.com]
09:48:03.768 [main] DEBUG org.apache.hc.client5.http.ssl.SSLConnectionSocketFactory -  issuer principal: CN=GTS CA 1C3, O=Google Trust Services LLC, C=US
09:48:03.768 [main] DEBUG org.apache.hc.client5.http.impl.io.DefaultHttpClientConnectionOperator - http-outgoing-11: connection established 192.168.100.42:63969<->34.101.5.123:443
09:48:03.768 [main] DEBUG org.apache.hc.client5.http.impl.io.PoolingHttpClientConnectionManager - ep-0000000F: connected http-outgoing-11
09:48:03.768 [main] DEBUG org.apache.hc.client5.http.impl.classic.InternalHttpClient - ep-0000000F: endpoint connected
09:48:03.768 [main] DEBUG org.apache.hc.client5.http.impl.classic.MainClientExec - ex-00000010: executing GET /LATEST_RELEASE HTTP/1.1
09:48:03.768 [main] DEBUG org.apache.hc.client5.http.impl.classic.InternalHttpClient - ep-0000000F: start execution ex-00000010
09:48:03.768 [main] DEBUG org.apache.hc.client5.http.impl.io.PoolingHttpClientConnectionManager - ep-0000000F: executing exchange ex-00000010 over http-outgoing-11
09:48:03.768 [main] DEBUG org.apache.hc.client5.http.headers - http-outgoing-11 >> GET /LATEST_RELEASE HTTP/1.1
09:48:03.768 [main] DEBUG org.apache.hc.client5.http.headers - http-outgoing-11 >> user-agent: Apache-HttpClient/5.0
09:48:03.768 [main] DEBUG org.apache.hc.client5.http.headers - http-outgoing-11 >> accept-encoding: gzip, deflate, br
09:48:03.768 [main] DEBUG org.apache.hc.client5.http.headers - http-outgoing-11 >> cache-control: max-age=0
09:48:03.768 [main] DEBUG org.apache.hc.client5.http.headers - http-outgoing-11 >> connection: keep-alive
09:48:03.768 [main] DEBUG org.apache.hc.client5.http.headers - http-outgoing-11 >> Host: chromedriver.storage.googleapis.com
09:48:03.768 [main] DEBUG org.apache.hc.client5.http.wire - http-outgoing-11 >> "GET /LATEST_RELEASE HTTP/1.1[\r][\n]"
09:48:03.768 [main] DEBUG org.apache.hc.client5.http.wire - http-outgoing-11 >> "user-agent: Apache-HttpClient/5.0[\r][\n]"
09:48:03.768 [main] DEBUG org.apache.hc.client5.http.wire - http-outgoing-11 >> "accept-encoding: gzip, deflate, br[\r][\n]"
09:48:03.768 [main] DEBUG org.apache.hc.client5.http.wire - http-outgoing-11 >> "cache-control: max-age=0[\r][\n]"
09:48:03.768 [main] DEBUG org.apache.hc.client5.http.wire - http-outgoing-11 >> "connection: keep-alive[\r][\n]"
09:48:03.768 [main] DEBUG org.apache.hc.client5.http.wire - http-outgoing-11 >> "Host: chromedriver.storage.googleapis.com[\r][\n]"
09:48:03.768 [main] DEBUG org.apache.hc.client5.http.wire - http-outgoing-11 >> "[\r][\n]"
09:48:03.786 [main] DEBUG org.apache.hc.client5.http.wire - http-outgoing-11 << "HTTP/1.1 200 OK[\r][\n]"
09:48:03.786 [main] DEBUG org.apache.hc.client5.http.wire - http-outgoing-11 << "X-GUploader-UploadID: ADPycdvnFAnOhlWGbRtUpcGBi5W3y6qEtkvwOJmj2uBu_cu5oupNFxxPFqsoSfNAPIUhE78QrkhmBqvlUQiAPhzQ2QAWS0sveOv3[\r][\n]"
09:48:03.786 [main] DEBUG org.apache.hc.client5.http.wire - http-outgoing-11 << "x-goog-generation: 1685523462105569[\r][\n]"
09:48:03.786 [main] DEBUG org.apache.hc.client5.http.wire - http-outgoing-11 << "x-goog-metageneration: 1[\r][\n]"
09:48:03.786 [main] DEBUG org.apache.hc.client5.http.wire - http-outgoing-11 << "x-goog-stored-content-encoding: identity[\r][\n]"
09:48:03.786 [main] DEBUG org.apache.hc.client5.http.wire - http-outgoing-11 << "x-goog-stored-content-length: 13[\r][\n]"
09:48:03.786 [main] DEBUG org.apache.hc.client5.http.wire - http-outgoing-11 << "x-goog-hash: crc32c=tVW4TA==[\r][\n]"
09:48:03.786 [main] DEBUG org.apache.hc.client5.http.wire - http-outgoing-11 << "x-goog-hash: md5=NoaEuIlBlniwTkiZ1T16sA==[\r][\n]"
09:48:03.786 [main] DEBUG org.apache.hc.client5.http.wire - http-outgoing-11 << "x-goog-storage-class: STANDARD[\r][\n]"
09:48:03.786 [main] DEBUG org.apache.hc.client5.http.wire - http-outgoing-11 << "Accept-Ranges: bytes[\r][\n]"
09:48:03.786 [main] DEBUG org.apache.hc.client5.http.wire - http-outgoing-11 << "Content-Length: 13[\r][\n]"
09:48:03.786 [main] DEBUG org.apache.hc.client5.http.wire - http-outgoing-11 << "Server: UploadServer[\r][\n]"
09:48:03.786 [main] DEBUG org.apache.hc.client5.http.wire - http-outgoing-11 << "Date: Sat, 30 Sep 2023 02:46:28 GMT[\r][\n]"
09:48:03.786 [main] DEBUG org.apache.hc.client5.http.wire - http-outgoing-11 << "Expires: Sat, 30 Sep 2023 03:46:28 GMT[\r][\n]"
09:48:03.786 [main] DEBUG org.apache.hc.client5.http.wire - http-outgoing-11 << "Cache-Control: public, max-age=3600[\r][\n]"
09:48:03.786 [main] DEBUG org.apache.hc.client5.http.wire - http-outgoing-11 << "Age: 106[\r][\n]"
09:48:03.786 [main] DEBUG org.apache.hc.client5.http.wire - http-outgoing-11 << "Last-Modified: Wed, 31 May 2023 08:57:42 GMT[\r][\n]"
09:48:03.786 [main] DEBUG org.apache.hc.client5.http.wire - http-outgoing-11 << "ETag: "368684b889419678b04e4899d53d7ab0"[\r][\n]"
09:48:03.786 [main] DEBUG org.apache.hc.client5.http.wire - http-outgoing-11 << "Content-Type: text/plain[\r][\n]"
09:48:03.786 [main] DEBUG org.apache.hc.client5.http.wire - http-outgoing-11 << "Alt-Svc: h3=":443"; ma=2592000,h3-29=":443"; ma=2592000[\r][\n]"
09:48:03.786 [main] DEBUG org.apache.hc.client5.http.wire - http-outgoing-11 << "[\r][\n]"
09:48:03.786 [main] DEBUG org.apache.hc.client5.http.wire - http-outgoing-11 << "114.0.5735.90"
09:48:03.786 [main] DEBUG org.apache.hc.client5.http.headers - http-outgoing-11 << HTTP/1.1 200 OK
09:48:03.786 [main] DEBUG org.apache.hc.client5.http.headers - http-outgoing-11 << X-GUploader-UploadID: ADPycdvnFAnOhlWGbRtUpcGBi5W3y6qEtkvwOJmj2uBu_cu5oupNFxxPFqsoSfNAPIUhE78QrkhmBqvlUQiAPhzQ2QAWS0sveOv3
09:48:03.786 [main] DEBUG org.apache.hc.client5.http.headers - http-outgoing-11 << x-goog-generation: 1685523462105569
09:48:03.786 [main] DEBUG org.apache.hc.client5.http.headers - http-outgoing-11 << x-goog-metageneration: 1
09:48:03.786 [main] DEBUG org.apache.hc.client5.http.headers - http-outgoing-11 << x-goog-stored-content-encoding: identity
09:48:03.786 [main] DEBUG org.apache.hc.client5.http.headers - http-outgoing-11 << x-goog-stored-content-length: 13
09:48:03.787 [main] DEBUG org.apache.hc.client5.http.headers - http-outgoing-11 << x-goog-hash: crc32c=tVW4TA==
09:48:03.787 [main] DEBUG org.apache.hc.client5.http.headers - http-outgoing-11 << x-goog-hash: md5=NoaEuIlBlniwTkiZ1T16sA==
09:48:03.787 [main] DEBUG org.apache.hc.client5.http.headers - http-outgoing-11 << x-goog-storage-class: STANDARD
09:48:03.787 [main] DEBUG org.apache.hc.client5.http.headers - http-outgoing-11 << Accept-Ranges: bytes
09:48:03.787 [main] DEBUG org.apache.hc.client5.http.headers - http-outgoing-11 << Content-Length: 13
09:48:03.787 [main] DEBUG org.apache.hc.client5.http.headers - http-outgoing-11 << Server: UploadServer
09:48:03.787 [main] DEBUG org.apache.hc.client5.http.headers - http-outgoing-11 << Date: Sat, 30 Sep 2023 02:46:28 GMT
09:48:03.787 [main] DEBUG org.apache.hc.client5.http.headers - http-outgoing-11 << Expires: Sat, 30 Sep 2023 03:46:28 GMT
09:48:03.787 [main] DEBUG org.apache.hc.client5.http.headers - http-outgoing-11 << Cache-Control: public, max-age=3600
09:48:03.787 [main] DEBUG org.apache.hc.client5.http.headers - http-outgoing-11 << Age: 106
09:48:03.787 [main] DEBUG org.apache.hc.client5.http.headers - http-outgoing-11 << Last-Modified: Wed, 31 May 2023 08:57:42 GMT
09:48:03.787 [main] DEBUG org.apache.hc.client5.http.headers - http-outgoing-11 << ETag: "368684b889419678b04e4899d53d7ab0"
09:48:03.787 [main] DEBUG org.apache.hc.client5.http.headers - http-outgoing-11 << Content-Type: text/plain
09:48:03.787 [main] DEBUG org.apache.hc.client5.http.headers - http-outgoing-11 << Alt-Svc: h3=":443"; ma=2592000,h3-29=":443"; ma=2592000
09:48:03.787 [main] DEBUG org.apache.hc.client5.http.impl.classic.MainClientExec - ex-00000010: connection can be kept alive for 3 MINUTES
09:48:03.787 [main] DEBUG org.apache.hc.client5.http.impl.classic.InternalHttpClient - ep-0000000F: releasing valid endpoint
09:48:03.787 [main] DEBUG org.apache.hc.client5.http.impl.io.PoolingHttpClientConnectionManager - ep-0000000F: releasing endpoint
09:48:03.787 [main] DEBUG org.apache.hc.client5.http.impl.io.PoolingHttpClientConnectionManager - ep-0000000F: connection http-outgoing-11 can be kept alive for 3 MINUTES
09:48:03.787 [main] DEBUG org.apache.hc.client5.http.impl.io.PoolingHttpClientConnectionManager - ep-0000000F: connection released [route: {s}->https://chromedriver.storage.googleapis.com:443][total available: 2; route allocated: 2 of 5; total allocated: 3 of 25]
09:48:03.787 [main] DEBUG io.github.bonigarcia.wdm.versions.VersionDetector - Latest version of chromedriver according to https://chromedriver.storage.googleapis.com/LATEST_RELEASE is 114.0.5735.90
09:48:03.789 [main] DEBUG io.github.bonigarcia.wdm.WebDriverManager - Driver chromedriver 114.0.5735.90 found in cache
09:48:03.790 [main] INFO io.github.bonigarcia.wdm.WebDriverManager - Exporting webdriver.chrome.driver as C:\Users\Bagas Dwi Saputra\.cache\selenium\chromedriver\win32\114.0.5735.90\chromedriver.exe
09:48:03.863 [main] DEBUG net.thucydides.core.reflection.ClassFinder - Could not load class net.serenitybdd.rest.utils.RestSpecificationFactory
09:48:03.960 [main] DEBUG net.thucydides.core.reflection.ClassFinder - Could not load class net.serenitybdd.rest.utils.RestSpecificationFactory
09:48:03.960 [main] INFO net.serenitybdd.core.webdriver.driverproviders.ProvideNewDriver - Instantiating driver
09:48:03.960 [main] INFO net.serenitybdd.core.webdriver.driverproviders.ProvideNewDriver - Driver capabilities: Capabilities {acceptInsecureCerts: false, base.url: https://app.jubelio.com, browserName: chrome, chrome.driver: src/test/resources/webdrive..., driver: chrome, goog:chromeOptions: {args: [], extensions: []}, loggingPrefs: org.openqa.selenium.logging...}
09:48:04.808 [main] DEBUG net.thucydides.core.reflection.ClassFinder - Could not load class net.serenitybdd.rest.utils.RestSpecificationFactory
09:48:06.749 [main] DEBUG net.serenitybdd.core.photography.Darkroom - Send negative for processing for target\site\serenity\d86bb99ca4b74cdefa115c5a2645bacb4c0cc871895a6fff5f0d38af68de8e18.png
09:48:06.749 [main] DEBUG net.thucydides.core.steps.StepInterceptor - STEP DONE: openLink
09:48:07.082 [main] DEBUG net.serenitybdd.core.photography.Darkroom - Send negative for processing for target\site\serenity\016c2024e225e73209755661f2c3924c55340c184ff1a0bc57a591aa7219c97a.png
09:48:07.082 [main] DEBUG net.thucydides.core.steps.StepInterceptor - STARTING STEP: InventoryStockSteps.loginClickButtonLogin - fills in the {string} with valid data email
09:48:07.432 [main] DEBUG net.serenitybdd.core.photography.Darkroom - Send negative for processing for target\site\serenity\faed2b1791be727aabc621b05d1d8e1cb7c60f86901fe12abe65b4bf4933aad4.png
09:48:07.432 [main] DEBUG net.thucydides.core.steps.StepInterceptor - STEP DONE: fills in the {string} with valid data email
09:48:07.432 [main] DEBUG net.thucydides.core.steps.StepInterceptor - STARTING STEP: InventoryStockSteps.loginClickButtonLogin - fill in the {string} with valid data pass
09:48:07.737 [main] DEBUG net.serenitybdd.core.photography.Darkroom - Send negative for processing for target\site\serenity\3aab92ca7e151968359143ef75cec6fa810343ca4c0455274dcda799cffafa3d.png
09:48:07.737 [main] DEBUG net.thucydides.core.steps.StepInterceptor - STEP DONE: fill in the {string} with valid data pass
09:48:07.739 [Darkroom Processing Line] DEBUG net.serenitybdd.core.photography.DarkroomProcessingLine - Processing screenshot image in /var/screenshots/screenshot-595328534410507008
09:48:07.739 [Darkroom Processing Line] DEBUG net.serenitybdd.core.photography.DarkroomProcessingLine - Saving screenshot to target\site\serenity\3aab92ca7e151968359143ef75cec6fa810343ca4c0455274dcda799cffafa3d.png
09:48:08.081 [main] DEBUG net.serenitybdd.core.photography.Darkroom - Send negative for processing for target\site\serenity\03c57c9b983709cd2048e462a15e7b7e55283559c68512729549c915089f8a41.png
09:48:08.081 [main] DEBUG net.thucydides.core.steps.StepInterceptor - STARTING STEP: InventoryStockSteps.loginClickButtonLogin - clickbtnlogin
09:48:08.655 [main] DEBUG net.serenitybdd.core.photography.Darkroom - Send negative for processing for target\site\serenity\93c244ce4b77847e906f13475eac07a70056ef27f01d5fbcda6c71c7063f3fd0.png
09:48:08.655 [main] DEBUG net.thucydides.core.steps.StepInterceptor - STEP DONE: clickbtnlogin
09:48:08.656 [Darkroom Processing Line] DEBUG net.serenitybdd.core.photography.DarkroomProcessingLine - Processing screenshot image in /var/screenshots/screenshot-13257303805368286291
09:48:08.656 [Darkroom Processing Line] DEBUG net.serenitybdd.core.photography.DarkroomProcessingLine - Saving screenshot to target\site\serenity\93c244ce4b77847e906f13475eac07a70056ef27f01d5fbcda6c71c7063f3fd0.png
09:48:10.274 [main] DEBUG net.serenitybdd.core.photography.Darkroom - Send negative for processing for target\site\serenity\818b96f7cf0664a3811330ac6f500f4beb34236558679a48c7c4266fe3f1e8df.png
09:48:10.274 [main] DEBUG net.thucydides.core.steps.StepInterceptor - STARTING STEP: InventoryStockSteps.loginClickButtonLogin - openUrlInventory
09:48:11.733 [main] DEBUG net.serenitybdd.core.photography.Darkroom - Send negative for processing for target\site\serenity\39c2910fcdae2e06e0162275f1fbc28f7bc3dd4b8e036f34692616eb96a02450.png
09:48:11.733 [main] DEBUG net.thucydides.core.steps.StepInterceptor - STEP DONE: openUrlInventory
  &amp#27;[32mGiven &amp#27;[0m&amp#27;[32mLogin &amp#27;[0m&amp#27;[32m&amp#27;[1m"qa.rakamin.jubelio@gmail.com"&amp#27;[0m&amp#27;[32m, &amp#27;[0m&amp#27;[32m&amp#27;[1m"Jubelio123!"&amp#27;[0m&amp#27;[32m, click button login&amp#27;[0m &amp#27;[90m# starter.stepdefinitios.InventoryStockSteps.loginClickButtonLogin(java.lang.String,java.lang.String)&amp#27;[0m
09:48:11.988 [main] DEBUG net.serenitybdd.core.photography.Darkroom - Send negative for processing for target\site\serenity\39c2910fcdae2e06e0162275f1fbc28f7bc3dd4b8e036f34692616eb96a02450.png
09:48:12.611 [main] DEBUG net.serenitybdd.core.photography.Darkroom - Send negative for processing for target\site\serenity\39c2910fcdae2e06e0162275f1fbc28f7bc3dd4b8e036f34692616eb96a02450.png
09:48:12.611 [main] DEBUG net.thucydides.core.steps.StepInterceptor - STARTING STEP: InventoryStockSteps.fillsInTheWithValidDataEmail - validatePagePersedian
09:48:12.836 [main] DEBUG net.serenitybdd.core.photography.Darkroom - Send negative for processing for target\site\serenity\39c2910fcdae2e06e0162275f1fbc28f7bc3dd4b8e036f34692616eb96a02450.png
09:48:12.836 [main] DEBUG net.thucydides.core.steps.StepInterceptor - STEP DONE: validatePagePersedian
09:48:13.135 [main] DEBUG net.serenitybdd.core.photography.Darkroom - Send negative for processing for target\site\serenity\39c2910fcdae2e06e0162275f1fbc28f7bc3dd4b8e036f34692616eb96a02450.png
09:48:13.135 [main] DEBUG net.thucydides.core.steps.StepInterceptor - STARTING STEP: InventoryStockSteps.fillsInTheWithValidDataEmail - btnPenyesuaianPersedian
09:48:13.405 [main] DEBUG net.serenitybdd.core.photography.Darkroom - Send negative for processing for target\site\serenity\f919f40199063699c3c99fa9e72a7cbca285e5809d55d0ad568db19c4b2e0216.png
09:48:13.405 [main] DEBUG net.thucydides.core.steps.StepInterceptor - STEP DONE: btnPenyesuaianPersedian
  &amp#27;[32mAnd &amp#27;[0m&amp#27;[32man inventory adjustment button click&amp#27;[0m                                      &amp#27;[90m# starter.stepdefinitios.InventoryStockSteps.fillsInTheWithValidDataEmail()&amp#27;[0m
09:48:13.405 [Darkroom Processing Line] DEBUG net.serenitybdd.core.photography.DarkroomProcessingLine - Processing screenshot image in /var/screenshots/screenshot-2556083279260644899
09:48:13.405 [Darkroom Processing Line] DEBUG net.serenitybdd.core.photography.DarkroomProcessingLine - Saving screenshot to target\site\serenity\f919f40199063699c3c99fa9e72a7cbca285e5809d55d0ad568db19c4b2e0216.png
09:48:14.019 [main] DEBUG net.serenitybdd.core.photography.Darkroom - Send negative for processing for target\site\serenity\c426efd68df44ee9666ea05699b4073217d61cec2cf01eec844a6ece00a57d37.png
09:48:14.021 [main] DEBUG net.thucydides.core.steps.StepInterceptor - STARTING STEP: InventoryStockSteps.validateTheInventoryAdjustmentPage - validatePenyesuaianPersediaa
09:48:14.021 [Darkroom Processing Line] DEBUG net.serenitybdd.core.photography.DarkroomProcessingLine - Processing screenshot image in /var/screenshots/screenshot-3702041776151489560
09:48:14.021 [Darkroom Processing Line] DEBUG net.serenitybdd.core.photography.DarkroomProcessingLine - Saving screenshot to target\site\serenity\c426efd68df44ee9666ea05699b4073217d61cec2cf01eec844a6ece00a57d37.png
09:48:14.226 [main] DEBUG net.serenitybdd.core.photography.Darkroom - Send negative for processing for target\site\serenity\c426efd68df44ee9666ea05699b4073217d61cec2cf01eec844a6ece00a57d37.png
09:48:14.226 [main] DEBUG net.thucydides.core.steps.StepInterceptor - STEP DONE: validatePenyesuaianPersediaa
  &amp#27;[32mAnd &amp#27;[0m&amp#27;[32mvalidate the inventory adjustment page&amp#27;[0m                                    &amp#27;[90m# starter.stepdefinitios.InventoryStockSteps.validateTheInventoryAdjustmentPage()&amp#27;[0m
09:48:14.479 [main] DEBUG net.serenitybdd.core.photography.Darkroom - Send negative for processing for target\site\serenity\c426efd68df44ee9666ea05699b4073217d61cec2cf01eec844a6ece00a57d37.png
09:48:14.479 [main] DEBUG net.thucydides.core.steps.StepInterceptor - STARTING STEP: InventoryStockSteps.click - btnLokasi
09:48:14.708 [main] DEBUG net.serenitybdd.core.photography.Darkroom - Send negative for processing for target\site\serenity\22d3d2c25adb64cd477f2e3b155b427797f1f9dac40c1c33d82144f8b27930c4.png
09:48:14.708 [main] DEBUG net.thucydides.core.steps.StepInterceptor - STEP DONE: btnLokasi
09:48:14.708 [Darkroom Processing Line] DEBUG net.serenitybdd.core.photography.DarkroomProcessingLine - Processing screenshot image in /var/screenshots/screenshot-18010115328519679035
09:48:14.708 [Darkroom Processing Line] DEBUG net.serenitybdd.core.photography.DarkroomProcessingLine - Saving screenshot to target\site\serenity\22d3d2c25adb64cd477f2e3b155b427797f1f9dac40c1c33d82144f8b27930c4.png
09:48:15.001 [main] DEBUG net.serenitybdd.core.photography.Darkroom - Send negative for processing for target\site\serenity\22d3d2c25adb64cd477f2e3b155b427797f1f9dac40c1c33d82144f8b27930c4.png
09:48:15.001 [main] DEBUG net.thucydides.core.steps.StepInterceptor - STARTING STEP: InventoryStockSteps.click - btnVarisi
09:48:15.188 [main] DEBUG net.serenitybdd.core.photography.Darkroom - Send negative for processing for target\site\serenity\270254ece9e8fbbc059de346e2779964aedc353194e6467ece5e4008e990c115.png
09:48:15.188 [main] DEBUG net.thucydides.core.steps.StepInterceptor - STEP DONE: btnVarisi
  &amp#27;[32mAnd &amp#27;[0m&amp#27;[32mclick &amp#27;[0m&amp#27;[32m&amp#27;[1m"Pusat"&amp#27;[0m                                                             &amp#27;[90m# starter.stepdefinitios.InventoryStockSteps.click(java.lang.String)&amp#27;[0m
09:48:15.194 [main] DEBUG net.thucydides.core.steps.StepInterceptor - STARTING STEP: InventoryStockSteps.youDeteleItem - btnPilihBarang
09:48:15.525 [main] DEBUG net.serenitybdd.core.photography.Darkroom - Send negative for processing for target\site\serenity\4157b0d0b29b6aa54d03cc969b05dab532713ac5fc4f6a8ac46165eb9ebb8b65.png
09:48:15.525 [main] DEBUG net.thucydides.core.steps.StepInterceptor - STEP DONE: btnPilihBarang
09:48:15.830 [main] DEBUG net.serenitybdd.core.photography.Darkroom - Send negative for processing for target\site\serenity\def190ccd39208fb723c82a03d14843405e6399c80e575a0cb4fcb0afafa971b.png
09:48:15.830 [main] DEBUG net.thucydides.core.steps.StepInterceptor - STARTING STEP: InventoryStockSteps.youDeteleItem - btnBarang
09:48:15.830 [Darkroom Processing Line] DEBUG net.serenitybdd.core.photography.DarkroomProcessingLine - Processing screenshot image in /var/screenshots/screenshot-12170884664518045436
09:48:15.830 [Darkroom Processing Line] DEBUG net.serenitybdd.core.photography.DarkroomProcessingLine - Saving screenshot to target\site\serenity\def190ccd39208fb723c82a03d14843405e6399c80e575a0cb4fcb0afafa971b.png
09:48:16.421 [main] DEBUG net.serenitybdd.core.photography.Darkroom - Send negative for processing for target\site\serenity\c712c78795e33e4b3ab564ef7852ab3c57b37c60e25b305c607eb6ccb00126da.png
09:48:16.421 [main] DEBUG net.thucydides.core.steps.StepInterceptor - STEP DONE: btnBarang
09:48:16.421 [Darkroom Processing Line] DEBUG net.serenitybdd.core.photography.DarkroomProcessingLine - Processing screenshot image in /var/screenshots/screenshot-17226815790296216299
09:48:16.421 [Darkroom Processing Line] DEBUG net.serenitybdd.core.photography.DarkroomProcessingLine - Saving screenshot to target\site\serenity\c712c78795e33e4b3ab564ef7852ab3c57b37c60e25b305c607eb6ccb00126da.png
09:48:16.679 [main] DEBUG net.serenitybdd.core.photography.Darkroom - Send negative for processing for target\site\serenity\c712c78795e33e4b3ab564ef7852ab3c57b37c60e25b305c607eb6ccb00126da.png
09:48:16.679 [main] DEBUG net.thucydides.core.steps.StepInterceptor - STARTING STEP: InventoryStockSteps.youDeteleItem - btnCheckbox
09:48:16.930 [main] DEBUG net.serenitybdd.core.photography.Darkroom - Send negative for processing for target\site\serenity\c831e12653fc25e1b874b3668ff413bd03c6268185cca9212307aa5b40a995ab.png
09:48:16.931 [main] DEBUG net.thucydides.core.steps.StepInterceptor - STEP DONE: btnCheckbox
09:48:16.931 [Darkroom Processing Line] DEBUG net.serenitybdd.core.photography.DarkroomProcessingLine - Processing screenshot image in /var/screenshots/screenshot-13316309074356150932
09:48:16.931 [Darkroom Processing Line] DEBUG net.serenitybdd.core.photography.DarkroomProcessingLine - Saving screenshot to target\site\serenity\c831e12653fc25e1b874b3668ff413bd03c6268185cca9212307aa5b40a995ab.png
09:48:17.214 [main] DEBUG net.serenitybdd.core.photography.Darkroom - Send negative for processing for target\site\serenity\c831e12653fc25e1b874b3668ff413bd03c6268185cca9212307aa5b40a995ab.png
09:48:17.215 [main] DEBUG net.thucydides.core.steps.StepInterceptor - STARTING STEP: InventoryStockSteps.youDeteleItem - btnDelete
09:48:17.565 [main] DEBUG net.serenitybdd.core.photography.Darkroom - Send negative for processing for target\site\serenity\805647ea3e5096259a946ada410e6e7d1b5eae88753592e271097a6832a5254b.png
09:48:17.565 [main] DEBUG net.thucydides.core.steps.StepInterceptor - STEP DONE: btnDelete
  &amp#27;[32mWhen &amp#27;[0m&amp#27;[32myou detele item &amp#27;[0m&amp#27;[32m&amp#27;[1m"Ya"&amp#27;[0m                                                     &amp#27;[90m# starter.stepdefinitios.InventoryStockSteps.youDeteleItem(java.lang.String)&amp#27;[0m
09:48:17.565 [Darkroom Processing Line] DEBUG net.serenitybdd.core.photography.DarkroomProcessingLine - Processing screenshot image in /var/screenshots/screenshot-3023086698035928011
09:48:17.565 [Darkroom Processing Line] DEBUG net.serenitybdd.core.photography.DarkroomProcessingLine - Saving screenshot to target\site\serenity\805647ea3e5096259a946ada410e6e7d1b5eae88753592e271097a6832a5254b.png
09:48:17.576 [main] DEBUG net.thucydides.core.steps.StepInterceptor - STARTING STEP: InventoryStockSteps.validateTheNameEmpty - validatePilihBarang
09:48:17.763 [main] DEBUG net.serenitybdd.core.photography.Darkroom - Send negative for processing for target\site\serenity\805647ea3e5096259a946ada410e6e7d1b5eae88753592e271097a6832a5254b.png
09:48:17.763 [main] DEBUG net.thucydides.core.steps.StepInterceptor - STEP DONE: validatePilihBarang
  &amp#27;[32mThen &amp#27;[0m&amp#27;[32mvalidate the name empty&amp#27;[0m                                                  &amp#27;[90m# starter.stepdefinitios.InventoryStockSteps.validateTheNameEmpty()&amp#27;[0m
09:48:17.913 [main] INFO  - 
  _____   ___   ___   _____     ___     _     ___   ___   ___   ___  
 |_   _| | __| / __| |_   _|   | _ \   /_\   / __| / __| | __| |   \ 
   | |   | _|  \__ \   | |     |  _/  / _ \  \__ \ \__ \ | _|  | |) |
   |_|   |___| |___/   |_|     |_|   /_/ \_\ |___/ |___/ |___| |___/ 

Inventory Stock - Delete
----------------------------------------------------------------------
]]></system-out>
    <system-err><![CDATA[Starting ChromeDriver 117.0.5938.88 (be6afae4721209be42944bbcd325665f9f44563b-refs/branch-heads/5938_62@{#9}) on port 38460
Only local connections are allowed.
Please see https://chromedriver.chromium.org/security-considerations for suggestions on keeping ChromeDriver safe.
ChromeDriver was started successfully.
Sep 30, 2023 9:48:04 AM org.openqa.selenium.remote.ProtocolHandshake createSession
INFO: Detected dialect: W3C
]]></system-err>
  </testcase>
  <testcase name="Inventory Stock - Delete #2" classname="Inventory Stock at app.jubelio" time="15.179">
    <system-out><![CDATA[
@Inventory @DeleteStock
Scenario Outline: Inventory Stock - Delete                                      &amp#27;[90m# src/test/resources/features/user/inventorystock.feature:31&amp#27;[0m
09:48:17.915 [main] INFO io.cucumber.core.plugin.SerenityReporter - Running feature from file:///D:/QE/Automation/Jubelio-Website/src/test/resources/features/user/inventorystock.feature
09:48:18.092 [main] DEBUG net.thucydides.core.steps.StepInterceptor - STARTING STEP: InventoryStockSteps.loginClickButtonLogin - openLink
09:48:18.092 [main] INFO net.serenitybdd.core.webdriver.driverproviders.ChromeDriverProvider - Using automatically driver download
09:48:18.110 [main] DEBUG org.apache.hc.client5.http.impl.classic.InternalHttpClient - ex-00000011: preparing request execution
09:48:18.110 [main] DEBUG org.apache.hc.client5.http.protocol.RequestAddCookies - Cookie spec selected: strict
09:48:18.110 [main] DEBUG org.apache.hc.client5.http.protocol.RequestAuthCache - Auth cache not set in the context
09:48:18.110 [main] DEBUG org.apache.hc.client5.http.impl.classic.ProtocolExec - ex-00000011: target auth state: UNCHALLENGED
09:48:18.110 [main] DEBUG org.apache.hc.client5.http.impl.classic.ProtocolExec - ex-00000011: proxy auth state: UNCHALLENGED
09:48:18.110 [main] DEBUG org.apache.hc.client5.http.impl.classic.ConnectExec - ex-00000011: acquiring connection with route {s}->https://raw.githubusercontent.com:443
09:48:18.110 [main] DEBUG org.apache.hc.client5.http.impl.classic.InternalHttpClient - ex-00000011: acquiring endpoint (3 MINUTES)
09:48:18.110 [main] DEBUG org.apache.hc.client5.http.impl.io.PoolingHttpClientConnectionManager - ex-00000011: endpoint lease request (3 MINUTES) [route: {s}->https://raw.githubusercontent.com:443][total available: 0; route allocated: 0 of 5; total allocated: 0 of 25]
09:48:18.110 [main] DEBUG org.apache.hc.client5.http.impl.io.PoolingHttpClientConnectionManager - ex-00000011: endpoint leased [route: {s}->https://raw.githubusercontent.com:443][total available: 0; route allocated: 1 of 5; total allocated: 1 of 25]
09:48:18.110 [main] DEBUG org.apache.hc.client5.http.impl.io.PoolingHttpClientConnectionManager - ex-00000011: acquired ep-00000010
09:48:18.110 [main] DEBUG org.apache.hc.client5.http.impl.classic.InternalHttpClient - ex-00000011: acquired endpoint ep-00000010
09:48:18.110 [main] DEBUG org.apache.hc.client5.http.impl.classic.ConnectExec - ex-00000011: opening connection {s}->https://raw.githubusercontent.com:443
09:48:18.110 [main] DEBUG org.apache.hc.client5.http.impl.classic.InternalHttpClient - ep-00000010: connecting endpoint (30 SECONDS)
09:48:18.110 [main] DEBUG org.apache.hc.client5.http.impl.io.PoolingHttpClientConnectionManager - ep-00000010: connecting endpoint to https://raw.githubusercontent.com:443 (30 SECONDS)
09:48:18.110 [main] DEBUG org.apache.hc.client5.http.impl.io.DefaultHttpClientConnectionOperator - http-outgoing-12: connecting to raw.githubusercontent.com/185.199.108.133:443
09:48:18.110 [main] DEBUG org.apache.hc.client5.http.ssl.SSLConnectionSocketFactory - Connecting socket to raw.githubusercontent.com/185.199.108.133:443 with timeout 30 SECONDS
09:48:18.131 [main] DEBUG org.apache.hc.client5.http.ssl.SSLConnectionSocketFactory - Enabled protocols: [TLSv1.3, TLSv1.2]
09:48:18.131 [main] DEBUG org.apache.hc.client5.http.ssl.SSLConnectionSocketFactory - Enabled cipher suites: [TLS_AES_256_GCM_SHA384, TLS_AES_128_GCM_SHA256, TLS_CHACHA20_POLY1305_SHA256, TLS_ECDHE_ECDSA_WITH_AES_256_GCM_SHA384, TLS_ECDHE_ECDSA_WITH_AES_128_GCM_SHA256, TLS_ECDHE_ECDSA_WITH_CHACHA20_POLY1305_SHA256, TLS_ECDHE_RSA_WITH_AES_256_GCM_SHA384, TLS_ECDHE_RSA_WITH_CHACHA20_POLY1305_SHA256, TLS_ECDHE_RSA_WITH_AES_128_GCM_SHA256, TLS_DHE_RSA_WITH_AES_256_GCM_SHA384, TLS_DHE_RSA_WITH_CHACHA20_POLY1305_SHA256, TLS_DHE_DSS_WITH_AES_256_GCM_SHA384, TLS_DHE_RSA_WITH_AES_128_GCM_SHA256, TLS_DHE_DSS_WITH_AES_128_GCM_SHA256, TLS_ECDHE_ECDSA_WITH_AES_256_CBC_SHA384, TLS_ECDHE_RSA_WITH_AES_256_CBC_SHA384, TLS_ECDHE_ECDSA_WITH_AES_128_CBC_SHA256, TLS_ECDHE_RSA_WITH_AES_128_CBC_SHA256, TLS_DHE_RSA_WITH_AES_256_CBC_SHA256, TLS_DHE_DSS_WITH_AES_256_CBC_SHA256, TLS_DHE_RSA_WITH_AES_128_CBC_SHA256, TLS_DHE_DSS_WITH_AES_128_CBC_SHA256, TLS_ECDH_ECDSA_WITH_AES_256_GCM_SHA384, TLS_ECDH_RSA_WITH_AES_256_GCM_SHA384, TLS_ECDH_ECDSA_WITH_AES_128_GCM_SHA256, TLS_ECDH_RSA_WITH_AES_128_GCM_SHA256, TLS_ECDH_ECDSA_WITH_AES_256_CBC_SHA384, TLS_ECDH_RSA_WITH_AES_256_CBC_SHA384, TLS_ECDH_ECDSA_WITH_AES_128_CBC_SHA256, TLS_ECDH_RSA_WITH_AES_128_CBC_SHA256, TLS_ECDHE_ECDSA_WITH_AES_256_CBC_SHA, TLS_ECDHE_RSA_WITH_AES_256_CBC_SHA, TLS_ECDHE_ECDSA_WITH_AES_128_CBC_SHA, TLS_ECDHE_RSA_WITH_AES_128_CBC_SHA, TLS_DHE_RSA_WITH_AES_256_CBC_SHA, TLS_DHE_DSS_WITH_AES_256_CBC_SHA, TLS_DHE_RSA_WITH_AES_128_CBC_SHA, TLS_DHE_DSS_WITH_AES_128_CBC_SHA, TLS_ECDH_ECDSA_WITH_AES_256_CBC_SHA, TLS_ECDH_RSA_WITH_AES_256_CBC_SHA, TLS_ECDH_ECDSA_WITH_AES_128_CBC_SHA, TLS_ECDH_RSA_WITH_AES_128_CBC_SHA, TLS_RSA_WITH_AES_256_GCM_SHA384, TLS_RSA_WITH_AES_128_GCM_SHA256, TLS_RSA_WITH_AES_256_CBC_SHA256, TLS_RSA_WITH_AES_128_CBC_SHA256, TLS_RSA_WITH_AES_256_CBC_SHA, TLS_RSA_WITH_AES_128_CBC_SHA, TLS_EMPTY_RENEGOTIATION_INFO_SCSV]
09:48:18.131 [main] DEBUG org.apache.hc.client5.http.ssl.SSLConnectionSocketFactory - Starting handshake
09:48:18.177 [main] DEBUG org.apache.hc.client5.http.ssl.SSLConnectionSocketFactory - Secure session established
09:48:18.177 [main] DEBUG org.apache.hc.client5.http.ssl.SSLConnectionSocketFactory -  negotiated protocol: TLSv1.3
09:48:18.177 [main] DEBUG org.apache.hc.client5.http.ssl.SSLConnectionSocketFactory -  negotiated cipher suite: TLS_AES_256_GCM_SHA384
09:48:18.177 [main] DEBUG org.apache.hc.client5.http.ssl.SSLConnectionSocketFactory -  peer principal: CN=*.github.io, O="GitHub, Inc.", L=San Francisco, ST=California, C=US
09:48:18.177 [main] DEBUG org.apache.hc.client5.http.ssl.SSLConnectionSocketFactory -  peer alternative names: [*.github.io, github.io, *.github.com, github.com, www.github.com, *.githubusercontent.com, githubusercontent.com]
09:48:18.177 [main] DEBUG org.apache.hc.client5.http.ssl.SSLConnectionSocketFactory -  issuer principal: CN=DigiCert TLS RSA SHA256 2020 CA1, O=DigiCert Inc, C=US
09:48:18.177 [main] DEBUG org.apache.hc.client5.http.impl.io.DefaultHttpClientConnectionOperator - http-outgoing-12: connection established 192.168.100.42:64043<->185.199.108.133:443
09:48:18.177 [main] DEBUG org.apache.hc.client5.http.impl.io.PoolingHttpClientConnectionManager - ep-00000010: connected http-outgoing-12
09:48:18.177 [main] DEBUG org.apache.hc.client5.http.impl.classic.InternalHttpClient - ep-00000010: endpoint connected
09:48:18.177 [main] DEBUG org.apache.hc.client5.http.impl.classic.MainClientExec - ex-00000011: executing GET /bonigarcia/webdrivermanager/master/src/main/resources/commands.properties HTTP/1.1
09:48:18.177 [main] DEBUG org.apache.hc.client5.http.impl.classic.InternalHttpClient - ep-00000010: start execution ex-00000011
09:48:18.177 [main] DEBUG org.apache.hc.client5.http.impl.io.PoolingHttpClientConnectionManager - ep-00000010: executing exchange ex-00000011 over http-outgoing-12
09:48:18.177 [main] DEBUG org.apache.hc.client5.http.headers - http-outgoing-12 >> GET /bonigarcia/webdrivermanager/master/src/main/resources/commands.properties HTTP/1.1
09:48:18.177 [main] DEBUG org.apache.hc.client5.http.headers - http-outgoing-12 >> user-agent: Apache-HttpClient/5.0
09:48:18.177 [main] DEBUG org.apache.hc.client5.http.headers - http-outgoing-12 >> accept-encoding: gzip, deflate, br
09:48:18.177 [main] DEBUG org.apache.hc.client5.http.headers - http-outgoing-12 >> cache-control: max-age=0
09:48:18.177 [main] DEBUG org.apache.hc.client5.http.headers - http-outgoing-12 >> connection: keep-alive
09:48:18.177 [main] DEBUG org.apache.hc.client5.http.headers - http-outgoing-12 >> Host: raw.githubusercontent.com
09:48:18.177 [main] DEBUG org.apache.hc.client5.http.wire - http-outgoing-12 >> "GET /bonigarcia/webdrivermanager/master/src/main/resources/commands.properties HTTP/1.1[\r][\n]"
09:48:18.177 [main] DEBUG org.apache.hc.client5.http.wire - http-outgoing-12 >> "user-agent: Apache-HttpClient/5.0[\r][\n]"
09:48:18.177 [main] DEBUG org.apache.hc.client5.http.wire - http-outgoing-12 >> "accept-encoding: gzip, deflate, br[\r][\n]"
09:48:18.177 [main] DEBUG org.apache.hc.client5.http.wire - http-outgoing-12 >> "cache-control: max-age=0[\r][\n]"
09:48:18.177 [main] DEBUG org.apache.hc.client5.http.wire - http-outgoing-12 >> "connection: keep-alive[\r][\n]"
09:48:18.177 [main] DEBUG org.apache.hc.client5.http.wire - http-outgoing-12 >> "Host: raw.githubusercontent.com[\r][\n]"
09:48:18.177 [main] DEBUG org.apache.hc.client5.http.wire - http-outgoing-12 >> "[\r][\n]"
09:48:18.202 [main] DEBUG org.apache.hc.client5.http.wire - http-outgoing-12 << "HTTP/1.1 200 OK[\r][\n]"
09:48:18.202 [main] DEBUG org.apache.hc.client5.http.wire - http-outgoing-12 << "Connection: keep-alive[\r][\n]"
09:48:18.202 [main] DEBUG org.apache.hc.client5.http.wire - http-outgoing-12 << "Content-Length: 723[\r][\n]"
09:48:18.202 [main] DEBUG org.apache.hc.client5.http.wire - http-outgoing-12 << "Cache-Control: max-age=300[\r][\n]"
09:48:18.202 [main] DEBUG org.apache.hc.client5.http.wire - http-outgoing-12 << "Content-Security-Policy: default-src 'none'; style-src 'unsafe-inline'; sandbox[\r][\n]"
09:48:18.202 [main] DEBUG org.apache.hc.client5.http.wire - http-outgoing-12 << "Content-Type: text/plain; charset=utf-8[\r][\n]"
09:48:18.202 [main] DEBUG org.apache.hc.client5.http.wire - http-outgoing-12 << "ETag: W/"e82b438271e9e8680c688b0b680efd0bdd22faa6d6f0a32fc1fd8accc486b67e"[\r][\n]"
09:48:18.202 [main] DEBUG org.apache.hc.client5.http.wire - http-outgoing-12 << "Strict-Transport-Security: max-age=31536000[\r][\n]"
09:48:18.202 [main] DEBUG org.apache.hc.client5.http.wire - http-outgoing-12 << "X-Content-Type-Options: nosniff[\r][\n]"
09:48:18.202 [main] DEBUG org.apache.hc.client5.http.wire - http-outgoing-12 << "X-Frame-Options: deny[\r][\n]"
09:48:18.202 [main] DEBUG org.apache.hc.client5.http.wire - http-outgoing-12 << "X-XSS-Protection: 1; mode=block[\r][\n]"
09:48:18.202 [main] DEBUG org.apache.hc.client5.http.wire - http-outgoing-12 << "X-GitHub-Request-Id: 4CA0:B8C7F:70C4E:8CACE:651389F9[\r][\n]"
09:48:18.202 [main] DEBUG org.apache.hc.client5.http.wire - http-outgoing-12 << "Content-Encoding: gzip[\r][\n]"
09:48:18.202 [main] DEBUG org.apache.hc.client5.http.wire - http-outgoing-12 << "Accept-Ranges: bytes[\r][\n]"
09:48:18.202 [main] DEBUG org.apache.hc.client5.http.wire - http-outgoing-12 << "Date: Sat, 30 Sep 2023 02:48:29 GMT[\r][\n]"
09:48:18.202 [main] DEBUG org.apache.hc.client5.http.wire - http-outgoing-12 << "Via: 1.1 varnish[\r][\n]"
09:48:18.202 [main] DEBUG org.apache.hc.client5.http.wire - http-outgoing-12 << "X-Served-By: cache-qpg1238-QPG[\r][\n]"
09:48:18.202 [main] DEBUG org.apache.hc.client5.http.wire - http-outgoing-12 << "X-Cache: HIT[\r][\n]"
09:48:18.202 [main] DEBUG org.apache.hc.client5.http.wire - http-outgoing-12 << "X-Cache-Hits: 3[\r][\n]"
09:48:18.202 [main] DEBUG org.apache.hc.client5.http.wire - http-outgoing-12 << "X-Timer: S1696042109.031313,VS0,VE0[\r][\n]"
09:48:18.202 [main] DEBUG org.apache.hc.client5.http.wire - http-outgoing-12 << "Vary: Authorization,Accept-Encoding,Origin[\r][\n]"
09:48:18.202 [main] DEBUG org.apache.hc.client5.http.wire - http-outgoing-12 << "Access-Control-Allow-Origin: *[\r][\n]"
09:48:18.202 [main] DEBUG org.apache.hc.client5.http.wire - http-outgoing-12 << "Cross-Origin-Resource-Policy: cross-origin[\r][\n]"
09:48:18.202 [main] DEBUG org.apache.hc.client5.http.wire - http-outgoing-12 << "X-Fastly-Request-ID: 1926291824657adec5581bf6e187a1e2ca8c64f9[\r][\n]"
09:48:18.202 [main] DEBUG org.apache.hc.client5.http.wire - http-outgoing-12 << "Expires: Sat, 30 Sep 2023 02:53:29 GMT[\r][\n]"
09:48:18.202 [main] DEBUG org.apache.hc.client5.http.wire - http-outgoing-12 << "Source-Age: 19[\r][\n]"
09:48:18.202 [main] DEBUG org.apache.hc.client5.http.wire - http-outgoing-12 << "[\r][\n]"
09:48:18.202 [main] DEBUG org.apache.hc.client5.http.headers - http-outgoing-12 << HTTP/1.1 200 OK
09:48:18.202 [main] DEBUG org.apache.hc.client5.http.headers - http-outgoing-12 << Connection: keep-alive
09:48:18.202 [main] DEBUG org.apache.hc.client5.http.headers - http-outgoing-12 << Content-Length: 723
09:48:18.202 [main] DEBUG org.apache.hc.client5.http.headers - http-outgoing-12 << Cache-Control: max-age=300
09:48:18.202 [main] DEBUG org.apache.hc.client5.http.headers - http-outgoing-12 << Content-Security-Policy: default-src 'none'; style-src 'unsafe-inline'; sandbox
09:48:18.202 [main] DEBUG org.apache.hc.client5.http.headers - http-outgoing-12 << Content-Type: text/plain; charset=utf-8
09:48:18.202 [main] DEBUG org.apache.hc.client5.http.headers - http-outgoing-12 << ETag: W/"e82b438271e9e8680c688b0b680efd0bdd22faa6d6f0a32fc1fd8accc486b67e"
09:48:18.202 [main] DEBUG org.apache.hc.client5.http.headers - http-outgoing-12 << Strict-Transport-Security: max-age=31536000
09:48:18.202 [main] DEBUG org.apache.hc.client5.http.headers - http-outgoing-12 << X-Content-Type-Options: nosniff
09:48:18.202 [main] DEBUG org.apache.hc.client5.http.headers - http-outgoing-12 << X-Frame-Options: deny
09:48:18.202 [main] DEBUG org.apache.hc.client5.http.headers - http-outgoing-12 << X-XSS-Protection: 1; mode=block
09:48:18.202 [main] DEBUG org.apache.hc.client5.http.headers - http-outgoing-12 << X-GitHub-Request-Id: 4CA0:B8C7F:70C4E:8CACE:651389F9
09:48:18.202 [main] DEBUG org.apache.hc.client5.http.headers - http-outgoing-12 << Content-Encoding: gzip
09:48:18.202 [main] DEBUG org.apache.hc.client5.http.headers - http-outgoing-12 << Accept-Ranges: bytes
09:48:18.202 [main] DEBUG org.apache.hc.client5.http.headers - http-outgoing-12 << Date: Sat, 30 Sep 2023 02:48:29 GMT
09:48:18.202 [main] DEBUG org.apache.hc.client5.http.headers - http-outgoing-12 << Via: 1.1 varnish
09:48:18.202 [main] DEBUG org.apache.hc.client5.http.headers - http-outgoing-12 << X-Served-By: cache-qpg1238-QPG
09:48:18.202 [main] DEBUG org.apache.hc.client5.http.headers - http-outgoing-12 << X-Cache: HIT
09:48:18.202 [main] DEBUG org.apache.hc.client5.http.headers - http-outgoing-12 << X-Cache-Hits: 3
09:48:18.202 [main] DEBUG org.apache.hc.client5.http.headers - http-outgoing-12 << X-Timer: S1696042109.031313,VS0,VE0
09:48:18.202 [main] DEBUG org.apache.hc.client5.http.headers - http-outgoing-12 << Vary: Authorization,Accept-Encoding,Origin
09:48:18.202 [main] DEBUG org.apache.hc.client5.http.headers - http-outgoing-12 << Access-Control-Allow-Origin: *
09:48:18.202 [main] DEBUG org.apache.hc.client5.http.headers - http-outgoing-12 << Cross-Origin-Resource-Policy: cross-origin
09:48:18.202 [main] DEBUG org.apache.hc.client5.http.headers - http-outgoing-12 << X-Fastly-Request-ID: 1926291824657adec5581bf6e187a1e2ca8c64f9
09:48:18.202 [main] DEBUG org.apache.hc.client5.http.headers - http-outgoing-12 << Expires: Sat, 30 Sep 2023 02:53:29 GMT
09:48:18.202 [main] DEBUG org.apache.hc.client5.http.headers - http-outgoing-12 << Source-Age: 19
09:48:18.202 [main] DEBUG org.apache.hc.client5.http.impl.classic.MainClientExec - ex-00000011: connection can be kept alive for 3 MINUTES
09:48:18.202 [main] DEBUG org.apache.hc.client5.http.wire - http-outgoing-12 << "[0x1f][0xffffff8b][0x8][0x0][0x0][0x0][0x0][0x0][0x0][0x3][0xffffffb5]V]o[0xffffffda]0[0x14]}[0xffffffe7]W\[0xffffff81]*[0xffffffb5][0x12][0x1f][[M[0xffffffd3]$[0x1e]hF[0xffffffbb]i [0x18][0xffffffb4][0xffffffdd]&[0xfffffff9][0xffffffc5]$7[0xffffffc1]R[0x12]#;[0xffffff94]v[0xffffffbf]~[0xffffffb6][0xfffffff3]1[0xffffff92][0xffffff9a][0xffffffc1][0x1a]x[0xffffffcb][0xffffffb5][0xffffffaf][0xffffffcf]9[0xffffffbe][0xfffffff7]8v[0xb][0x1c][0x1e]E4[0xfffffff6]$x4[0xffffffa1][0xb]*[0xffffffb1][0xffffffd1][0xffffff82][0xfffffffb]%[0xffffff93][0xffffffe0][0xffffffb3][0x10][0xffffffc1][0xffffffe5]qBY,!Y[0xffffffea] KM8,[0x10][0xfffffff0][0x19][0xffffffdd]u[0xffffff82][0x1e][0xffffffb0][0xffffffd8]L[0xffffffcb]%[0xffffff86][0xffffffa1][0xe][0xffffffb8][0xfffffff0]P[0xffffffe8]$[0xf][0x13]t[0x13]3[0xfffffff9][0xffffff84]B2[0xffffffae][0xffffffe6]|@[0xfffffff5][0x1d][0x8][0xffffffc4][0x18][0x16][0xffffff82]o[0xffffffa4][0xffffff9a]P[0xffffff94][0xffffffe7][0xffffffce]R[0xfffffff0][0x8][0xffffffdb]p[0xffffffcb][0x4][0xfffffffa][0xfffffffc][0xffffffb9][\r][0xffffff93][0x15][\n]"
09:48:18.202 [main] DEBUG org.apache.hc.client5.http.wire - http-outgoing-12 << "[0xffffffda][0xffffff86][0xffffffa1][0x17][0xffffffa8]Q3[0xffffffcb][0xffffffd6][0xffffffd1][0xffffff85][0xffffffc6][0xfffffff7][0xffffff98][0xffffffef][0xffffffa3][0xffffffc0]8[0x1][0xffffffae]s[0x12][0x16][0x7] _d[0xffffff82][0xffffff91][0xffffff84][0xfffffff3][0x1f],[0xfffffff6][0x14]j[0x1b]F,^+[0xffffff98]1ua2[0xffffffbf]h([0xffffff8e][0xffffff94][0xffffffa2][0xffffff91]m[0xffffffa3][0xffffffeb][0xffffff9a][0xffffffb0][0xffffffbb]I[0x17]t[0xffffffdf][0xffffffbd][0xffffffef][0xffffffbb][0xffffff91][0xffffffd7]U[0xffffffbb][0xffffff82][0xffffff9e][0x3][0xffffff9b][0xffffff88][0xffffffb9][0xffffffa6]$[0xffffffa6][0xc][0xffffff9b][0xffffffa5][0xffffffe2][0xffffff83][0xffffff98]F[0xffffffd8]o[0xffffff9e]Mg[0xffffff93][0xffffffbb][0xffffffd9]`|[0xfffffffb]u4[0xffffff9c][0x7f]"}B[0xffffffce][0x8][0xffffffb9][0xffffffe3]<[0x8][0xffffff91][0xffffff90][0xffffff94][0xffffff82][0xffffff90][0xffffffc1]j[0x15]2WI[0xffffffe3]1![0x19][0xffffff91]BnB[0xffffff80][0x9]<f[0xffffffb5][0xffffffe8]=[0xffffffd1]p[0xffffffbd][[0xffffffcf][0xffffffe5][0x1b][0xfffffff4][0xffffff9c][0xffffffff][0xfffffffc][0xfffffff8][0xffffffe1][0xffffffe2][0xffffff94][0xffffffa2][0xffffffae][0xe][0x14]5[0xffffff9a]8[0xffffff83][0xffffffd1]`:[0xfffffffd]<[0xffffffb8][0x1f][0xffffff9c]R[0xffffffcf]u[0x7f]6[0xffffffbc][0xffffff83][0xffffffef][0xf][0xffffffc3][0xffffffd9]/[0xfffffff8][0xfffffff2][0xffffffcd]y s[0xffffffee]'[0x1b]*0g[0xffffffcb][0xffffffc8]nF7H][0xffffff83][0xffffff97]{[0xffffffb1]Q[0x5][\r][0xffffffb5]c[0xffffffb4][0xf][0x2][0xffffffb3][0xffffffb4][0xffffff93][0xe]C[0xffffffa7][0xffffffb3]kAD][0xffffff9d][0xffffffde][0xffffffdb][0xffffffda][0xffffff88][0xffffffec][0xffffffa5][0xffffffbc][0xffffff99][0xffffffd9][0xffffffba]t[0xffffffb5][0xffffffea]9[0xffffffea][0x10])[0xffffffb7][0xffffffca][0xffffff9e][0xfffffff2][0xffffffe2]d^N[0xffffffd8]FW[0x16][0xffffffcd][0xffffffdc]_[0x10][0xfffffff9]i|[0x1c][0xffffff93][0xffffff8e][0xfffffff9]o[0x16][0xffffff86]4'!$G[0xffffffdf]W[0xfffffff4]W*j[[0xfffffff3]xR[0xffffffae][0xffffffb6][0xc][0xffffffd0],; #[0xffffffa9][0xffffff92]5[0xffffffb5][0x7][0xffffff9c][0xffffffb5][0xffffffd0][0x7f][0xffffff90][0xffffffc7]jgs[0xfffffffc][0xffffffc2][0xb][0xffffffd9][0x0]t[0xffffff9e]^'Y[0xfffffffb][0xffffff9f][0xffffffb1][0xffffffd8]:[0xffffffbf][0xffffff8d][0xffffffa5][0xffffff9a][0xffffffad][0x7f]m[0x5]&[0xffffffaa][0xffffffa0]^[0xffffff9b][0xffffffcb][0x5]f[0xffffffae][0xffffffe0]RU[0xffffff82][0x10]MS9l[0xffffff91]4t[0xfffffffb][0xffffff8a]][0xffffffd6][0xfffffff4][0xffffff96][0xffffffa6][0xffffff9f]P[0xffffffce][0xffffffd5][0xffffffce][0xffffff93][0xffffffff][0xffffff97][0xffffffcc]p[0xfffffffd][0xfffffff3][0xffffffe8][0x1b][0xffffffcc][0xffffffa2][0xffffffd9]Q[0xffffffbe][0xffffffb2][0xffffffa3][0xffffffc7]m'[0xffffffdf][0xffffffe4][[0xfffffffb]^[0xffffffb0][0xffffff9a][0xffffffbe][0xffffffda][0xffffffda]_[0xffffffce][0xffffff80][0xffffffd2][0xffffffc1]7[0xffffffb7]][0xffffffc1]b[0xffffffee][0xffffffb5][0xffffffff]w[0xffffff83][0xffffffed][0xffffffa7];[0x15]<[0x10]4[0xffffff92][0xffffff84][0x18][\n]"
09:48:18.202 [main] DEBUG org.apache.hc.client5.http.wire - http-outgoing-12 << "BB[0xffffffba][0xffffff8e]][0xffffffb5]jo[0xffffffb9]+"[0xffffffea][0xffffffb4][0xffffffff]h"[0xffffffea]\?5[0xffffffa9][0xffffffaf]k[0xffffffec][0xffffffff]P[0xffffffea][\n]"
09:48:18.202 [main] DEBUG org.apache.hc.client5.http.wire - http-outgoing-12 << "w[0xffffffe1]K[0x13][0xffffffda][0xffffffec][0xffffff98][0xffffffe6]Y[0xfffffffd]h8m6[0xffffff9c]T[0xffffffc1][0xfffffff2][0xffffffa7][0xffffff91]z_[0xffffff95]o85p[0x1c][0x13][0xffffffe6][0xfffffff0]5[0xffffffee][0xfffffffc][0xffffff92][0xffffff96][0xffffffda][0xfffffff7][0xffffffcf][0xffffffb1][0x5][0x1d][0xffffffea]K[0xffffff9b]9[0xffffff8e][0xffffffad]e[0xfffffff7][0xffffff93][0xffffffa8]`[0xffffffda][0xffffffff][0x1a][0xffffffd2][0xffffff88][0xffffff85][0xfffffffd][0xfffffff2][0xffffff91]N[0xfffffff6]`[0xffffffdf]2[0xffffffcf][0xffffffae]E[0xffffff97][0xffffffc5][0xffffffa2][0xffffff9d][0xffffffef]'[0xffffff9d]mun.[0xffffffd3]f^[0xffffffc7][0xffffff82][0xffffffda][0xffffff82]9[0xfffffff5][0xffffffa9]`[0x5][0xffffffbc]4[0xffffffa1][0x1d]<M[0xffffffb5]A[0xffffffa7]3[[0xffffffc0][0x7f][0x0][0xffffffc1][0xffffffd0]$[0xffffff85][0x1d][\r][0x0][0x0]"
09:48:18.202 [main] DEBUG org.apache.hc.client5.http.impl.classic.InternalHttpClient - ep-00000010: releasing valid endpoint
09:48:18.202 [main] DEBUG org.apache.hc.client5.http.impl.io.PoolingHttpClientConnectionManager - ep-00000010: releasing endpoint
09:48:18.202 [main] DEBUG org.apache.hc.client5.http.impl.io.PoolingHttpClientConnectionManager - ep-00000010: connection http-outgoing-12 can be kept alive for 3 MINUTES
09:48:18.202 [main] DEBUG org.apache.hc.client5.http.impl.io.PoolingHttpClientConnectionManager - ep-00000010: connection released [route: {s}->https://raw.githubusercontent.com:443][total available: 1; route allocated: 1 of 5; total allocated: 1 of 25]
09:48:18.202 [main] DEBUG io.github.bonigarcia.wdm.versions.VersionDetector - Detecting chrome version using online commands.properties
09:48:18.202 [main] DEBUG io.github.bonigarcia.wdm.versions.Shell - Running command on the shell: [cmd.exe, /C, wmic, datafile, where, name="%PROGRAMFILES:\=\\%\\Google\\Chrome\\Application\\chrome.exe", get, Version, /value]
09:48:18.327 [main] DEBUG io.github.bonigarcia.wdm.versions.Shell - Result: Version=117.0.5938.132
09:48:18.331 [main] DEBUG org.apache.hc.client5.http.impl.classic.InternalHttpClient - ex-00000012: preparing request execution
09:48:18.331 [main] DEBUG org.apache.hc.client5.http.protocol.RequestAddCookies - Cookie spec selected: strict
09:48:18.331 [main] DEBUG org.apache.hc.client5.http.protocol.RequestAuthCache - Auth cache not set in the context
09:48:18.331 [main] DEBUG org.apache.hc.client5.http.impl.classic.ProtocolExec - ex-00000012: target auth state: UNCHALLENGED
09:48:18.331 [main] DEBUG org.apache.hc.client5.http.impl.classic.ProtocolExec - ex-00000012: proxy auth state: UNCHALLENGED
09:48:18.331 [main] DEBUG org.apache.hc.client5.http.impl.classic.ConnectExec - ex-00000012: acquiring connection with route {s}->https://chromedriver.storage.googleapis.com:443
09:48:18.331 [main] DEBUG org.apache.hc.client5.http.impl.classic.InternalHttpClient - ex-00000012: acquiring endpoint (3 MINUTES)
09:48:18.331 [main] DEBUG org.apache.hc.client5.http.impl.io.PoolingHttpClientConnectionManager - ex-00000012: endpoint lease request (3 MINUTES) [route: {s}->https://chromedriver.storage.googleapis.com:443][total available: 1; route allocated: 0 of 5; total allocated: 1 of 25]
09:48:18.331 [main] DEBUG org.apache.hc.client5.http.impl.io.PoolingHttpClientConnectionManager - ex-00000012: endpoint leased [route: {s}->https://chromedriver.storage.googleapis.com:443][total available: 1; route allocated: 1 of 5; total allocated: 2 of 25]
09:48:18.331 [main] DEBUG org.apache.hc.client5.http.impl.io.PoolingHttpClientConnectionManager - ex-00000012: acquired ep-00000011
09:48:18.331 [main] DEBUG org.apache.hc.client5.http.impl.classic.InternalHttpClient - ex-00000012: acquired endpoint ep-00000011
09:48:18.331 [main] DEBUG org.apache.hc.client5.http.impl.classic.ConnectExec - ex-00000012: opening connection {s}->https://chromedriver.storage.googleapis.com:443
09:48:18.331 [main] DEBUG org.apache.hc.client5.http.impl.classic.InternalHttpClient - ep-00000011: connecting endpoint (30 SECONDS)
09:48:18.331 [main] DEBUG org.apache.hc.client5.http.impl.io.PoolingHttpClientConnectionManager - ep-00000011: connecting endpoint to https://chromedriver.storage.googleapis.com:443 (30 SECONDS)
09:48:18.331 [main] DEBUG org.apache.hc.client5.http.impl.io.DefaultHttpClientConnectionOperator - http-outgoing-13: connecting to chromedriver.storage.googleapis.com/34.101.5.123:443
09:48:18.331 [main] DEBUG org.apache.hc.client5.http.ssl.SSLConnectionSocketFactory - Connecting socket to chromedriver.storage.googleapis.com/34.101.5.123:443 with timeout 30 SECONDS
09:48:18.331 [main] DEBUG org.apache.hc.client5.http.ssl.SSLConnectionSocketFactory - Enabled protocols: [TLSv1.3, TLSv1.2]
09:48:18.331 [main] DEBUG org.apache.hc.client5.http.ssl.SSLConnectionSocketFactory - Enabled cipher suites: [TLS_AES_256_GCM_SHA384, TLS_AES_128_GCM_SHA256, TLS_CHACHA20_POLY1305_SHA256, TLS_ECDHE_ECDSA_WITH_AES_256_GCM_SHA384, TLS_ECDHE_ECDSA_WITH_AES_128_GCM_SHA256, TLS_ECDHE_ECDSA_WITH_CHACHA20_POLY1305_SHA256, TLS_ECDHE_RSA_WITH_AES_256_GCM_SHA384, TLS_ECDHE_RSA_WITH_CHACHA20_POLY1305_SHA256, TLS_ECDHE_RSA_WITH_AES_128_GCM_SHA256, TLS_DHE_RSA_WITH_AES_256_GCM_SHA384, TLS_DHE_RSA_WITH_CHACHA20_POLY1305_SHA256, TLS_DHE_DSS_WITH_AES_256_GCM_SHA384, TLS_DHE_RSA_WITH_AES_128_GCM_SHA256, TLS_DHE_DSS_WITH_AES_128_GCM_SHA256, TLS_ECDHE_ECDSA_WITH_AES_256_CBC_SHA384, TLS_ECDHE_RSA_WITH_AES_256_CBC_SHA384, TLS_ECDHE_ECDSA_WITH_AES_128_CBC_SHA256, TLS_ECDHE_RSA_WITH_AES_128_CBC_SHA256, TLS_DHE_RSA_WITH_AES_256_CBC_SHA256, TLS_DHE_DSS_WITH_AES_256_CBC_SHA256, TLS_DHE_RSA_WITH_AES_128_CBC_SHA256, TLS_DHE_DSS_WITH_AES_128_CBC_SHA256, TLS_ECDH_ECDSA_WITH_AES_256_GCM_SHA384, TLS_ECDH_RSA_WITH_AES_256_GCM_SHA384, TLS_ECDH_ECDSA_WITH_AES_128_GCM_SHA256, TLS_ECDH_RSA_WITH_AES_128_GCM_SHA256, TLS_ECDH_ECDSA_WITH_AES_256_CBC_SHA384, TLS_ECDH_RSA_WITH_AES_256_CBC_SHA384, TLS_ECDH_ECDSA_WITH_AES_128_CBC_SHA256, TLS_ECDH_RSA_WITH_AES_128_CBC_SHA256, TLS_ECDHE_ECDSA_WITH_AES_256_CBC_SHA, TLS_ECDHE_RSA_WITH_AES_256_CBC_SHA, TLS_ECDHE_ECDSA_WITH_AES_128_CBC_SHA, TLS_ECDHE_RSA_WITH_AES_128_CBC_SHA, TLS_DHE_RSA_WITH_AES_256_CBC_SHA, TLS_DHE_DSS_WITH_AES_256_CBC_SHA, TLS_DHE_RSA_WITH_AES_128_CBC_SHA, TLS_DHE_DSS_WITH_AES_128_CBC_SHA, TLS_ECDH_ECDSA_WITH_AES_256_CBC_SHA, TLS_ECDH_RSA_WITH_AES_256_CBC_SHA, TLS_ECDH_ECDSA_WITH_AES_128_CBC_SHA, TLS_ECDH_RSA_WITH_AES_128_CBC_SHA, TLS_RSA_WITH_AES_256_GCM_SHA384, TLS_RSA_WITH_AES_128_GCM_SHA256, TLS_RSA_WITH_AES_256_CBC_SHA256, TLS_RSA_WITH_AES_128_CBC_SHA256, TLS_RSA_WITH_AES_256_CBC_SHA, TLS_RSA_WITH_AES_128_CBC_SHA, TLS_EMPTY_RENEGOTIATION_INFO_SCSV]
09:48:18.331 [main] DEBUG org.apache.hc.client5.http.ssl.SSLConnectionSocketFactory - Starting handshake
09:48:18.376 [main] DEBUG org.apache.hc.client5.http.ssl.SSLConnectionSocketFactory - Secure session established
09:48:18.376 [main] DEBUG org.apache.hc.client5.http.ssl.SSLConnectionSocketFactory -  negotiated protocol: TLSv1.3
09:48:18.376 [main] DEBUG org.apache.hc.client5.http.ssl.SSLConnectionSocketFactory -  negotiated cipher suite: TLS_AES_256_GCM_SHA384
09:48:18.376 [main] DEBUG org.apache.hc.client5.http.ssl.SSLConnectionSocketFactory -  peer principal: CN=*.storage.googleapis.com
09:48:18.376 [main] DEBUG org.apache.hc.client5.http.ssl.SSLConnectionSocketFactory -  peer alternative names: [*.storage.googleapis.com, *.googleapis.com, commondatastorage.googleapis.com, *.commondatastorage.googleapis.com, storage.googleapis.com, storage-p2.googleapis.com, *.storage-p2.googleapis.com, storage.mtls.googleapis.com, *.appspot.com.storage.googleapis.com, *.content-storage.googleapis.com, *.content-storage-p2.googleapis.com, *.content-storage-upload.googleapis.com, *.content-storage-download.googleapis.com, *.storage-upload.googleapis.com, *.storage-download.googleapis.com]
09:48:18.376 [main] DEBUG org.apache.hc.client5.http.ssl.SSLConnectionSocketFactory -  issuer principal: CN=GTS CA 1C3, O=Google Trust Services LLC, C=US
09:48:18.376 [main] DEBUG org.apache.hc.client5.http.impl.io.DefaultHttpClientConnectionOperator - http-outgoing-13: connection established 192.168.100.42:64044<->34.101.5.123:443
09:48:18.376 [main] DEBUG org.apache.hc.client5.http.impl.io.PoolingHttpClientConnectionManager - ep-00000011: connected http-outgoing-13
09:48:18.376 [main] DEBUG org.apache.hc.client5.http.impl.classic.InternalHttpClient - ep-00000011: endpoint connected
09:48:18.376 [main] DEBUG org.apache.hc.client5.http.impl.classic.MainClientExec - ex-00000012: executing GET /LATEST_RELEASE_117 HTTP/1.1
09:48:18.376 [main] DEBUG org.apache.hc.client5.http.impl.classic.InternalHttpClient - ep-00000011: start execution ex-00000012
09:48:18.376 [main] DEBUG org.apache.hc.client5.http.impl.io.PoolingHttpClientConnectionManager - ep-00000011: executing exchange ex-00000012 over http-outgoing-13
09:48:18.376 [main] DEBUG org.apache.hc.client5.http.headers - http-outgoing-13 >> GET /LATEST_RELEASE_117 HTTP/1.1
09:48:18.376 [main] DEBUG org.apache.hc.client5.http.headers - http-outgoing-13 >> user-agent: Apache-HttpClient/5.0
09:48:18.376 [main] DEBUG org.apache.hc.client5.http.headers - http-outgoing-13 >> accept-encoding: gzip, deflate, br
09:48:18.376 [main] DEBUG org.apache.hc.client5.http.headers - http-outgoing-13 >> cache-control: max-age=0
09:48:18.376 [main] DEBUG org.apache.hc.client5.http.headers - http-outgoing-13 >> connection: keep-alive
09:48:18.376 [main] DEBUG org.apache.hc.client5.http.headers - http-outgoing-13 >> Host: chromedriver.storage.googleapis.com
09:48:18.376 [main] DEBUG org.apache.hc.client5.http.wire - http-outgoing-13 >> "GET /LATEST_RELEASE_117 HTTP/1.1[\r][\n]"
09:48:18.376 [main] DEBUG org.apache.hc.client5.http.wire - http-outgoing-13 >> "user-agent: Apache-HttpClient/5.0[\r][\n]"
09:48:18.376 [main] DEBUG org.apache.hc.client5.http.wire - http-outgoing-13 >> "accept-encoding: gzip, deflate, br[\r][\n]"
09:48:18.376 [main] DEBUG org.apache.hc.client5.http.wire - http-outgoing-13 >> "cache-control: max-age=0[\r][\n]"
09:48:18.376 [main] DEBUG org.apache.hc.client5.http.wire - http-outgoing-13 >> "connection: keep-alive[\r][\n]"
09:48:18.376 [main] DEBUG org.apache.hc.client5.http.wire - http-outgoing-13 >> "Host: chromedriver.storage.googleapis.com[\r][\n]"
09:48:18.376 [main] DEBUG org.apache.hc.client5.http.wire - http-outgoing-13 >> "[\r][\n]"
09:48:18.614 [main] DEBUG org.apache.hc.client5.http.wire - http-outgoing-13 << "HTTP/1.1 404 Not Found[\r][\n]"
09:48:18.614 [main] DEBUG org.apache.hc.client5.http.wire - http-outgoing-13 << "X-GUploader-UploadID: ADPycduIbQJdjQLkRljctWG9ib108bhksUjhvEx5KpRoaUcsEm73lxUq2OdKPxGiZUKMVnHV9HgvPakLc_P6PKn0PitLm5Yzvu2X[\r][\n]"
09:48:18.614 [main] DEBUG org.apache.hc.client5.http.wire - http-outgoing-13 << "Content-Type: application/xml; charset=UTF-8[\r][\n]"
09:48:18.614 [main] DEBUG org.apache.hc.client5.http.wire - http-outgoing-13 << "Content-Length: 193[\r][\n]"
09:48:18.614 [main] DEBUG org.apache.hc.client5.http.wire - http-outgoing-13 << "Date: Sat, 30 Sep 2023 02:48:29 GMT[\r][\n]"
09:48:18.614 [main] DEBUG org.apache.hc.client5.http.wire - http-outgoing-13 << "Expires: Sat, 30 Sep 2023 02:48:29 GMT[\r][\n]"
09:48:18.614 [main] DEBUG org.apache.hc.client5.http.wire - http-outgoing-13 << "Cache-Control: private, max-age=0[\r][\n]"
09:48:18.614 [main] DEBUG org.apache.hc.client5.http.wire - http-outgoing-13 << "Server: UploadServer[\r][\n]"
09:48:18.614 [main] DEBUG org.apache.hc.client5.http.wire - http-outgoing-13 << "Alt-Svc: h3=":443"; ma=2592000,h3-29=":443"; ma=2592000[\r][\n]"
09:48:18.614 [main] DEBUG org.apache.hc.client5.http.wire - http-outgoing-13 << "[\r][\n]"
09:48:18.614 [main] DEBUG org.apache.hc.client5.http.wire - http-outgoing-13 << "<?xml version='1.0' encoding='UTF-8'?><Error><Code>NoSuchKey</Code><Message>The specified key does not exist.</Message><Details>No such object: chromedriver/LATEST_RELEASE_117</Details></Error>"
09:48:18.614 [main] DEBUG org.apache.hc.client5.http.headers - http-outgoing-13 << HTTP/1.1 404 Not Found
09:48:18.614 [main] DEBUG org.apache.hc.client5.http.headers - http-outgoing-13 << X-GUploader-UploadID: ADPycduIbQJdjQLkRljctWG9ib108bhksUjhvEx5KpRoaUcsEm73lxUq2OdKPxGiZUKMVnHV9HgvPakLc_P6PKn0PitLm5Yzvu2X
09:48:18.614 [main] DEBUG org.apache.hc.client5.http.headers - http-outgoing-13 << Content-Type: application/xml; charset=UTF-8
09:48:18.614 [main] DEBUG org.apache.hc.client5.http.headers - http-outgoing-13 << Content-Length: 193
09:48:18.614 [main] DEBUG org.apache.hc.client5.http.headers - http-outgoing-13 << Date: Sat, 30 Sep 2023 02:48:29 GMT
09:48:18.614 [main] DEBUG org.apache.hc.client5.http.headers - http-outgoing-13 << Expires: Sat, 30 Sep 2023 02:48:29 GMT
09:48:18.614 [main] DEBUG org.apache.hc.client5.http.headers - http-outgoing-13 << Cache-Control: private, max-age=0
09:48:18.614 [main] DEBUG org.apache.hc.client5.http.headers - http-outgoing-13 << Server: UploadServer
09:48:18.614 [main] DEBUG org.apache.hc.client5.http.headers - http-outgoing-13 << Alt-Svc: h3=":443"; ma=2592000,h3-29=":443"; ma=2592000
09:48:18.614 [main] DEBUG org.apache.hc.client5.http.impl.classic.MainClientExec - ex-00000012: connection can be kept alive for 3 MINUTES
09:48:18.614 [main] ERROR io.github.bonigarcia.wdm.online.HttpClient - Error HTTP 404 executing https://chromedriver.storage.googleapis.com/LATEST_RELEASE_117
09:48:18.614 [main] WARN io.github.bonigarcia.wdm.versions.VersionDetector - Exception reading https://chromedriver.storage.googleapis.com/LATEST_RELEASE_117 to get latest version of chromedriver (Error HTTP 404 executing https://chromedriver.storage.googleapis.com/LATEST_RELEASE_117)
09:48:18.614 [main] DEBUG io.github.bonigarcia.wdm.versions.VersionDetector - Getting driver version for chrome117 from online versions.properties
09:48:18.614 [main] DEBUG org.apache.hc.client5.http.impl.classic.InternalHttpClient - ex-00000013: preparing request execution
09:48:18.614 [main] DEBUG org.apache.hc.client5.http.protocol.RequestAddCookies - Cookie spec selected: strict
09:48:18.614 [main] DEBUG org.apache.hc.client5.http.protocol.RequestAuthCache - Auth cache not set in the context
09:48:18.614 [main] DEBUG org.apache.hc.client5.http.impl.classic.ProtocolExec - ex-00000013: target auth state: UNCHALLENGED
09:48:18.614 [main] DEBUG org.apache.hc.client5.http.impl.classic.ProtocolExec - ex-00000013: proxy auth state: UNCHALLENGED
09:48:18.614 [main] DEBUG org.apache.hc.client5.http.impl.classic.ConnectExec - ex-00000013: acquiring connection with route {s}->https://raw.githubusercontent.com:443
09:48:18.614 [main] DEBUG org.apache.hc.client5.http.impl.classic.InternalHttpClient - ex-00000013: acquiring endpoint (3 MINUTES)
09:48:18.614 [main] DEBUG org.apache.hc.client5.http.impl.io.PoolingHttpClientConnectionManager - ex-00000013: endpoint lease request (3 MINUTES) [route: {s}->https://raw.githubusercontent.com:443][total available: 1; route allocated: 1 of 5; total allocated: 2 of 25]
09:48:18.614 [main] DEBUG org.apache.hc.client5.http.impl.io.PoolingHttpClientConnectionManager - ex-00000013: endpoint leased [route: {s}->https://raw.githubusercontent.com:443][total available: 0; route allocated: 1 of 5; total allocated: 2 of 25]
09:48:18.614 [main] DEBUG org.apache.hc.client5.http.impl.io.PoolingHttpClientConnectionManager - ex-00000013: acquired ep-00000012
09:48:18.614 [main] DEBUG org.apache.hc.client5.http.impl.classic.InternalHttpClient - ex-00000013: acquired endpoint ep-00000012
09:48:18.614 [main] DEBUG org.apache.hc.client5.http.impl.classic.MainClientExec - ex-00000013: executing GET /bonigarcia/webdrivermanager/master/src/main/resources/versions.properties HTTP/1.1
09:48:18.614 [main] DEBUG org.apache.hc.client5.http.impl.classic.InternalHttpClient - ep-00000012: start execution ex-00000013
09:48:18.614 [main] DEBUG org.apache.hc.client5.http.impl.io.PoolingHttpClientConnectionManager - ep-00000012: executing exchange ex-00000013 over http-outgoing-12
09:48:18.614 [main] DEBUG org.apache.hc.client5.http.headers - http-outgoing-12 >> GET /bonigarcia/webdrivermanager/master/src/main/resources/versions.properties HTTP/1.1
09:48:18.614 [main] DEBUG org.apache.hc.client5.http.headers - http-outgoing-12 >> user-agent: Apache-HttpClient/5.0
09:48:18.614 [main] DEBUG org.apache.hc.client5.http.headers - http-outgoing-12 >> accept-encoding: gzip, deflate, br
09:48:18.614 [main] DEBUG org.apache.hc.client5.http.headers - http-outgoing-12 >> cache-control: max-age=0
09:48:18.614 [main] DEBUG org.apache.hc.client5.http.headers - http-outgoing-12 >> connection: keep-alive
09:48:18.614 [main] DEBUG org.apache.hc.client5.http.headers - http-outgoing-12 >> Host: raw.githubusercontent.com
09:48:18.614 [main] DEBUG org.apache.hc.client5.http.wire - http-outgoing-12 >> "GET /bonigarcia/webdrivermanager/master/src/main/resources/versions.properties HTTP/1.1[\r][\n]"
09:48:18.614 [main] DEBUG org.apache.hc.client5.http.wire - http-outgoing-12 >> "user-agent: Apache-HttpClient/5.0[\r][\n]"
09:48:18.614 [main] DEBUG org.apache.hc.client5.http.wire - http-outgoing-12 >> "accept-encoding: gzip, deflate, br[\r][\n]"
09:48:18.614 [main] DEBUG org.apache.hc.client5.http.wire - http-outgoing-12 >> "cache-control: max-age=0[\r][\n]"
09:48:18.614 [main] DEBUG org.apache.hc.client5.http.wire - http-outgoing-12 >> "connection: keep-alive[\r][\n]"
09:48:18.614 [main] DEBUG org.apache.hc.client5.http.wire - http-outgoing-12 >> "Host: raw.githubusercontent.com[\r][\n]"
09:48:18.614 [main] DEBUG org.apache.hc.client5.http.wire - http-outgoing-12 >> "[\r][\n]"
09:48:18.665 [main] DEBUG org.apache.hc.client5.http.wire - http-outgoing-12 << "HTTP/1.1 200 OK[\r][\n]"
09:48:18.665 [main] DEBUG org.apache.hc.client5.http.wire - http-outgoing-12 << "Connection: keep-alive[\r][\n]"
09:48:18.665 [main] DEBUG org.apache.hc.client5.http.wire - http-outgoing-12 << "Content-Length: 1615[\r][\n]"
09:48:18.665 [main] DEBUG org.apache.hc.client5.http.wire - http-outgoing-12 << "Cache-Control: max-age=300[\r][\n]"
09:48:18.665 [main] DEBUG org.apache.hc.client5.http.wire - http-outgoing-12 << "Content-Security-Policy: default-src 'none'; style-src 'unsafe-inline'; sandbox[\r][\n]"
09:48:18.665 [main] DEBUG org.apache.hc.client5.http.wire - http-outgoing-12 << "Content-Type: text/plain; charset=utf-8[\r][\n]"
09:48:18.665 [main] DEBUG org.apache.hc.client5.http.wire - http-outgoing-12 << "ETag: W/"65e8ec46ef4920945cc03f0386cc600d8027ed4440e101d5729220d93bfa6f0f"[\r][\n]"
09:48:18.665 [main] DEBUG org.apache.hc.client5.http.wire - http-outgoing-12 << "Strict-Transport-Security: max-age=31536000[\r][\n]"
09:48:18.665 [main] DEBUG org.apache.hc.client5.http.wire - http-outgoing-12 << "X-Content-Type-Options: nosniff[\r][\n]"
09:48:18.665 [main] DEBUG org.apache.hc.client5.http.wire - http-outgoing-12 << "X-Frame-Options: deny[\r][\n]"
09:48:18.665 [main] DEBUG org.apache.hc.client5.http.wire - http-outgoing-12 << "X-XSS-Protection: 1; mode=block[\r][\n]"
09:48:18.665 [main] DEBUG org.apache.hc.client5.http.wire - http-outgoing-12 << "X-GitHub-Request-Id: 4D10:B89CD:6D987:89792:651389FC[\r][\n]"
09:48:18.665 [main] DEBUG org.apache.hc.client5.http.wire - http-outgoing-12 << "Content-Encoding: gzip[\r][\n]"
09:48:18.665 [main] DEBUG org.apache.hc.client5.http.wire - http-outgoing-12 << "Accept-Ranges: bytes[\r][\n]"
09:48:18.665 [main] DEBUG org.apache.hc.client5.http.wire - http-outgoing-12 << "Date: Sat, 30 Sep 2023 02:48:29 GMT[\r][\n]"
09:48:18.665 [main] DEBUG org.apache.hc.client5.http.wire - http-outgoing-12 << "Via: 1.1 varnish[\r][\n]"
09:48:18.665 [main] DEBUG org.apache.hc.client5.http.wire - http-outgoing-12 << "X-Served-By: cache-qpg1238-QPG[\r][\n]"
09:48:18.665 [main] DEBUG org.apache.hc.client5.http.wire - http-outgoing-12 << "X-Cache: HIT[\r][\n]"
09:48:18.665 [main] DEBUG org.apache.hc.client5.http.wire - http-outgoing-12 << "X-Cache-Hits: 2[\r][\n]"
09:48:18.665 [main] DEBUG org.apache.hc.client5.http.wire - http-outgoing-12 << "X-Timer: S1696042109.481691,VS0,VE0[\r][\n]"
09:48:18.665 [main] DEBUG org.apache.hc.client5.http.wire - http-outgoing-12 << "Vary: Authorization,Accept-Encoding,Origin[\r][\n]"
09:48:18.665 [main] DEBUG org.apache.hc.client5.http.wire - http-outgoing-12 << "Access-Control-Allow-Origin: *[\r][\n]"
09:48:18.665 [main] DEBUG org.apache.hc.client5.http.wire - http-outgoing-12 << "Cross-Origin-Resource-Policy: cross-origin[\r][\n]"
09:48:18.667 [main] DEBUG org.apache.hc.client5.http.wire - http-outgoing-12 << "X-Fastly-Request-ID: a3e5669b517fd2cfeac848438f70cac24d3dba3f[\r][\n]"
09:48:18.667 [main] DEBUG org.apache.hc.client5.http.wire - http-outgoing-12 << "Expires: Sat, 30 Sep 2023 02:53:29 GMT[\r][\n]"
09:48:18.667 [main] DEBUG org.apache.hc.client5.http.wire - http-outgoing-12 << "Source-Age: 111[\r][\n]"
09:48:18.667 [main] DEBUG org.apache.hc.client5.http.wire - http-outgoing-12 << "[\r][\n]"
09:48:18.667 [main] DEBUG org.apache.hc.client5.http.headers - http-outgoing-12 << HTTP/1.1 200 OK
09:48:18.667 [main] DEBUG org.apache.hc.client5.http.headers - http-outgoing-12 << Connection: keep-alive
09:48:18.667 [main] DEBUG org.apache.hc.client5.http.headers - http-outgoing-12 << Content-Length: 1615
09:48:18.667 [main] DEBUG org.apache.hc.client5.http.headers - http-outgoing-12 << Cache-Control: max-age=300
09:48:18.667 [main] DEBUG org.apache.hc.client5.http.headers - http-outgoing-12 << Content-Security-Policy: default-src 'none'; style-src 'unsafe-inline'; sandbox
09:48:18.667 [main] DEBUG org.apache.hc.client5.http.headers - http-outgoing-12 << Content-Type: text/plain; charset=utf-8
09:48:18.667 [main] DEBUG org.apache.hc.client5.http.headers - http-outgoing-12 << ETag: W/"65e8ec46ef4920945cc03f0386cc600d8027ed4440e101d5729220d93bfa6f0f"
09:48:18.667 [main] DEBUG org.apache.hc.client5.http.headers - http-outgoing-12 << Strict-Transport-Security: max-age=31536000
09:48:18.667 [main] DEBUG org.apache.hc.client5.http.headers - http-outgoing-12 << X-Content-Type-Options: nosniff
09:48:18.667 [main] DEBUG org.apache.hc.client5.http.headers - http-outgoing-12 << X-Frame-Options: deny
09:48:18.667 [main] DEBUG org.apache.hc.client5.http.headers - http-outgoing-12 << X-XSS-Protection: 1; mode=block
09:48:18.667 [main] DEBUG org.apache.hc.client5.http.headers - http-outgoing-12 << X-GitHub-Request-Id: 4D10:B89CD:6D987:89792:651389FC
09:48:18.667 [main] DEBUG org.apache.hc.client5.http.headers - http-outgoing-12 << Content-Encoding: gzip
09:48:18.667 [main] DEBUG org.apache.hc.client5.http.headers - http-outgoing-12 << Accept-Ranges: bytes
09:48:18.667 [main] DEBUG org.apache.hc.client5.http.headers - http-outgoing-12 << Date: Sat, 30 Sep 2023 02:48:29 GMT
09:48:18.667 [main] DEBUG org.apache.hc.client5.http.headers - http-outgoing-12 << Via: 1.1 varnish
09:48:18.667 [main] DEBUG org.apache.hc.client5.http.headers - http-outgoing-12 << X-Served-By: cache-qpg1238-QPG
09:48:18.667 [main] DEBUG org.apache.hc.client5.http.headers - http-outgoing-12 << X-Cache: HIT
09:48:18.667 [main] DEBUG org.apache.hc.client5.http.headers - http-outgoing-12 << X-Cache-Hits: 2
09:48:18.667 [main] DEBUG org.apache.hc.client5.http.headers - http-outgoing-12 << X-Timer: S1696042109.481691,VS0,VE0
09:48:18.667 [main] DEBUG org.apache.hc.client5.http.headers - http-outgoing-12 << Vary: Authorization,Accept-Encoding,Origin
09:48:18.667 [main] DEBUG org.apache.hc.client5.http.headers - http-outgoing-12 << Access-Control-Allow-Origin: *
09:48:18.667 [main] DEBUG org.apache.hc.client5.http.headers - http-outgoing-12 << Cross-Origin-Resource-Policy: cross-origin
09:48:18.667 [main] DEBUG org.apache.hc.client5.http.headers - http-outgoing-12 << X-Fastly-Request-ID: a3e5669b517fd2cfeac848438f70cac24d3dba3f
09:48:18.667 [main] DEBUG org.apache.hc.client5.http.headers - http-outgoing-12 << Expires: Sat, 30 Sep 2023 02:53:29 GMT
09:48:18.667 [main] DEBUG org.apache.hc.client5.http.headers - http-outgoing-12 << Source-Age: 111
09:48:18.668 [main] DEBUG org.apache.hc.client5.http.impl.classic.MainClientExec - ex-00000013: connection can be kept alive for 3 MINUTES
09:48:18.668 [main] DEBUG org.apache.hc.client5.http.wire - http-outgoing-12 << "[0x1f][0xffffff8b][0x8][0x0][0x0][0x0][0x0][0x0][0x0][0x3][0xffffff8d][0xffffff97]Ko#7[0xc][0xffffffc7][0xffffffef][0xfffffff9][0x14][0x3][0xfffffff4][0x1c]YO[0xffffff8a][\n]"
09:48:18.669 [main] DEBUG org.apache.hc.client5.http.wire - http-outgoing-12 << "[0xffffffa0]K[0xffffff9f][0xffffffa7][0xffffffa2][0xffffff87][0xfffffff6][0xb]x[0xffffffed]Ib[0xffffffac][0xffffffe3][0x9]lg[0xffffffb3][0xffffffe8][0xffffffa7]/[0xfffffff5][0xffffffa0]F[0xffffff96][[0xffffffa0][0xffffff87]`[0xffffff97]?k$[0xffffff92][0xffffffe2]p[0xfffffffe][0xfffffffc]a[0xfffffffa][0xffffffeb][0xfffffff5]p[0xffffff99][0xffffff9e][0xf][0xffffffc7]y[0xffffffda]-[0xffffffa7][0xffffffeb][0xfffffff6]p[0xffffffba]L[0xffffffd7][0xffffffd7]y[0xfffffffa]zZ>O[0xffffffd3][0xfffffffe]|[0xfffffff8]6[0xffffff9f]'[0xfffffffa][0xffffffbb][0x1c][0x16][0xfffffffa]e[0xffffffb7][0xffffffbc][0xffffffbd]o[0xffffffaf][0xffffff87]/[0xffffffb4][0xfffffffa][0xfffffff3]p}[0xffffffcd]+w[0xffffffcb][0xfffffff9]<_[0xffffffde][0xffffff97][0xffffffd3][0xfffffffe]pz[0xffffff99][0xffffffbe][0xffffff9c][0xffffff97][0xffffffcf][0xffffffcb][0xfffffffa][0xffffffc8][0xffffffc3][0xffffffc3][0xf][0xffffffd3][0xffffff8f][0x5]=M[0xffffffbf]-[0xffffffcb][0xb]=[0xfffffff9][0xffffffd3][0xffffffeb]yy[0xffffff9b][0xffffffa7][0xffffffed]i_[0xfffffffe]{[0xfffffff8]x[0xffffff9b][0x1e][0xffffffa7][0xffffff9f][0xfffffff3]QO[0xffffffd3].[0xffffffff]Z[0xe][0xffffffa6][0xffffff87][0xffffffff]\>[0xffffffce][0xffffffbb][0xfffffff9]iz[0xffffffbd]^[0xffffffdf][0xffffff9f]6[0xffffff9b][0xfffffffe]W[0xffffffb1][0xffffffab]O[0xffffff8b][0xffffffe5][0xfffffffc][0xffffffb2][0xffffffd9][0xffffff93][0xffffffbf][0xffffffc7]e[0xffffffbb][0xffffffbf]<[0xffffff94]5J[0xffffffd9]H[0x7f]B[\n]"
09:48:18.669 [main] DEBUG org.apache.hc.client5.http.wire - http-outgoing-12 << "[0xffffffe7][0xffffff8d][0x13]A6n[0xffffff88][0xffffff9b][0xffffffc4][0xffffffc1]k[0x1][0xffffffa6]qM\g[0xffffffae][0xffffff9c][0xffffffb0][0xffffffa1]qE\%[0xffffffee][0xffffffc0][0x8][0xffffffb0][0xffffff8d]K[0xffffffe2]2q[0xffffff8b]Jx[0xffffffcf]\[0xffffff86]H[0x7f][0xffffff99][0xffffffd3][0xfffffff1][0xffffffbe][0xffffffad][0xffffff97]H[0x1c][0x13]7.[0x8][0xffffffaf][0x1a][0xfffffff7][0xffffffc4]}[0xffffffe6][0xffffffd2][\n]"
09:48:18.669 [main] DEBUG org.apache.hc.client5.http.wire - http-outgoing-12 << "[0xffffffd0][0xffffff8d][0x3]qH\[0xffffffdb] `][0xffffffef][0xffffff88][0xffffffbb][0xffffffc4]Up[0xfffffff4]c[0xffffffe3][0x14][0xffffffaf][0xffffffcc][0xfffffff1][0xffffffa6]0|[0xfffffff3]_R[0xffffffbc]2[0xffffffc7]+A[\n]"
09:48:18.669 [main] DEBUG org.apache.hc.client5.http.wire - http-outgoing-12 << "eV[0xffffff87](`[0xffffff99][0x3][0xffffff96][0xffffffb4]_w[0x0][0x5],S[0xffffffc0]68%[0xffffffec][0xffffffca])`[0xffffff99][0x2][0xffffffb6][0x18]@[0x0]'4[0xffffff84][0x18]B[0xffffffa6][0xffffffd6][0xffffffd2][0xffffffd9]L1[0xffffff86][0x14][0xffffffac][0xfffffff5][0xe][0x5][0x1d][0xffffffc3][0xffffffd8][0xffffffc7][0xffffff90]b[0xffffffb5][0x10][0xfffffff4][0xffffff9a][0xffffff83][0x0]1@[0xffffffa6]`[0xffffff85]uL][0xc].S[0xffffff83][0x2]8[0xffffff9e]`c[0xffffffb0][0xffffff99]Rr[0xffffffe8]"[0x19][0xffffff9b][0x18]R[0xffffff90][0xffffffd6]y[0xffffffbf]^j[0xffffffd0]1[0xffffffe8]L[0xffffffe9]J)[0xffffffcb][0xffffff8c]U[0xc]9@K[0x15]@[0xffffffb1]2[0xffffff96]1[0xffffffe4][0xfffffff8][0xffffffac][0xffffff91]Bs[0xffffff9e]0D[0xffffffcc][0xfffffff1][0x19][0xfffffffa]G[0xfffffff3][0xffffffce][0xffffff88][0x11]s|F[[0x11][0xffffff80][0xffffffa9][0xffffff8f][0xffffff98][0xffffffc3][0xffffffd3]([0x5]"S[0xffffff88][0xffffff98][0xffffffc3][0xffffffd3][0xffffff96][0xfffffff6][0xffffffe5]T[0xffffffa0][0xffffff8b][0xffffff98][0xffffffc3]Sh[0x4][0xffffffb2]kh#[0xffffffe6][0xfffffff0][0xffffff94][0xfffffff5][0xffffffc2]p[0xffffff8e][0xffffffd1]D[0xffffffcc][0xffffffd1][0xffffffa5][0xffffff9b]4[0xffffff9c][\n]"
09:48:18.669 [main] DEBUG org.apache.hc.client5.http.wire - http-outgoing-12 << "T[0x11]s[0x18][0xffffff92]2[0xffffffaf]L;NFLa[0xffffff98]@[0xffffffbe]P[0x9]U[0xffffffec]C[0xfffffff4]!c[0xffffffeb][0xffffff84]i[0x14][0xffffffa3][0xffffffc7]L[0xffffffa9]v[0xffffffa8][0xffffffae][0x18][0xfffffffb][0xffffffe8]S [0x6][0xffffff81][0xffffffde][0x5]v[0xffffffc3]C[0xfffffff4][0xffffff90])[0x15][0xffffffb8][0xffffffd2]m[0xf][0x17]}[0xffffff8a][0xffffffc4]xO[0x5][0xffffffb6][0xffffffae][0xffffffb6][0xffffffd1][0xffffffdb][0xffffff8c]5[0xffffffd5]/C[0x13]}[0xffffff8a][0xffffffc4][0x0][0x5][0x4][0xffffffec][0xffffffb2][0xffffffd7]Q[0xffffffd3][0xffffff8d][0xffffffb2][0xffffffa5]n,[0xffffff99],v[0xc]B[0xffffffb2][0xfffffff8]n[0x0][0xffffff93][0xffffffc5][0x19][0x5][0xffffff9f],[0xffffffbe]M[0xffffff80]d[0xffffffb1]3[0xffffffe0][0xffffffc8]j)[0x2][0xffffff9b],[0xffffffce]9[0xffffff98]d[0xfffffff1]y[0xffffff90]|1[0xffffffed][0xffffffbc][0xffffffe4]K{g [0xfffffff9]b[0xffffffcc]MW[0xfffffffb]}[0xfffffff9][0xfffffffb]p<n[0xffffffa7]_[0xf][0xffffffe7][0xfffffff9]y[0xfffffff9][0xffffffde][0xffffffb5][0xffffffb2][0xffffff97]y[0xfffffff7]u[0xfffffff9][0xffffffd7]Nv[0xffffffa1]V[0xfffffff6]B[\r][0xfffffff4][0xffffffe3][0xffffff8b][0xffffffa0][0xffffff96][0xffffffba]y+[l[0xffffffba][0x7]6[0xffffffe7][0xfffffff9]8o/[0xfffffff3][0xffffffe5][0xffffffe1][0xffffffb9][0xffffffec][0xffffffab][0x14]FJ[0x1b][0xffffffe5]n%[0xfffffffe][0xffffff8e][0xffffffc0][0x1d]qw[0xffffffc4][0xffffffde][0x11]sG[0xfffffff4][0x1d]QwD&[0xffffffa2][0xffffff85]n[0xffffff84]:_&[0xffffffeb][0x1a][0xffffff89]w[0xffffffc4][0xffffffdf][0x11][0xffffffb8]#[0xffffffee][0xffffff8e]d[0xffffff9f]UO[0xffffffcc][0x1d][0xffffffd1]wD[0xffffffdd][0x11]9[0xffffff90][0x10]F[0xffffff80]#[0xfffffff0]#[0xffffff80][0x11][0xffffffb8][0x11][0xffffff8c][0xffffffde][0xffffff86][0xffffffd1][0xffffffd9]0[0xfffffffa][0x1a]FWC[0xfffffff2][0xffffff94][0xffffffde][0xffffff9b][0xe][0xffffff88][0xffffffe3][0xffffffe1][0xfffffff4][0xfffffff1][0xffffffbd]`[0xffffffc5][0x18][0xffffffc3][0xffffffb0][0xe]q[0x4]~[0x4]0[0x2]7[0x2];[0xffffff82][0x14][0xffffff80][0xffffffc6][0xe][0xffffffe8][0x11][0xffffffa4][0x0][0xffffffb4][0xffffffef][0xffffff80][0x1c][0xffffff80][0xf]#[0xffffffc8][0xffffff9e]B[0x7][0xfffffffc][0x8]`[0x4]n[0x4]v[0x4]f[0x4]z[0x4]j[0x4]r[0x0][0x10]F[0xffffff90]=u[0x1d][0xffffffc8][0xffffff9e][0xffffffda][0xe][0xffffffc0][0x8][0xffffffdc][0x8][0xffffffb2][0xffffffa7][0xffffffdd][0xb][0x4]f[0x4][0xffffffd9][0xffffffd3][0xffffffae][0xffffffec]!{[0xffffffda][0x15][0x5][0xffffffc8][0x1][0xffffffb8]0[0x2][0x1c][0xffffff81][0x1f]A[0xfffffff6]Tv[0xffffffc0]1[0xffffffe8][0xffffffbb][0xffffffda][0x1f][0xffffffef][0xfffffff3]y[0xffffffdb][0xfffffff5][0xffffffb2]%[0xffffffd9][0xffffffff][0xffffffa7][0xffffff97][0xffffffe5][0xffffff85][0xffffff97][0xffffffe5][0xfffffff9][0xfffffffa][0xffffffb9]=[0xffffffcf][0xffffffc5]b[0xffffff9d]6v[0xffffffb6][0xfffffffc]c[0xffffff96]!*[0xffffffeb][0x1c][0xffffffa4][0xf]S[0xfffffff0][0xffffff8c][0xffffff93][0xffffffec][0xffffffca]2[0xffffffc7]S[0xffffffe9]+[0xffffffd2][\n]"
09:48:18.669 [main] DEBUG org.apache.hc.client5.http.wire - http-outgoing-12 << "[0xffffff95][0xffffffcb]^[0xffffffd6]Q[0x17]*[0xffffff9c]^[0xffffffe4]N[0xffffffd5])][0xffffffb7][0xffffffa1][0xffffffd7][0xffffffb9][0x13]u[0xffffffc8][0xffffffd4][0xffffffdf]H:W)[0xfffffff4][0xffffff82][0xffffff8e][0xe][0xffffffaa][0xffffffd8][0xfffffff5]zNi[0xffffffc6][0xffffffb6][0xffffff97]s!Tjz1G[\n]"
09:48:18.669 [main] DEBUG org.apache.hc.client5.http.wire - http-outgoing-12 << "[0xffffffa0]P[0xffffffdd]K9[0xffffffa5]x[0xffffffb1][0xffffffea][0xffffff95]\[0x12]I[0x5][0xffffffcb]^[0xffffffc8]a[\r][0x1c]C/[0xffffffe3][0x0]*[0xffffffc5]A[0xffffffc3][0x15][0xffffffea]{[0x5]G[0xffffff92][0xffffffb5]P[0xffffffe8][0xfffffff5][K[0x11][0xffffffbd][0xfffffffd]7[0xfffffffa][0xffffffad]@[0xffffffdb][0xffffffc9]7[0xffffffac][0xffffff8e]Q[0x17][0xffffffb8][0x11]o[0x5][0xffffffea][[0xffffffed]V[0xffffffa0][0xffffffea][0xffffffa4][0xffffff9b][0xffffffe3][0xfffffff3]e[0xffffffa7][0xffffffdc][0xffffffd8]U[0xffffffea][\n]"
09:48:18.670 [main] DEBUG org.apache.hc.client5.http.wire - http-outgoing-12 << "7[0xffffffba][0xffffffad]@[0x1c]d[[0xffffffa1][0xffffffbe]Sm[0xffffff9e]!t[0xffffff9a][\r][0xffffffeb][0xfffffff1][0xffffffd4]&V[0xffffffc9][0xffffffc6][0xffffffde]S[0xffffffab]X[0x15][0x1b]%[0xffffffb8]R[0xffffffd3])6[0xffffffe0]Mu'[0xffffffd8][0xffffffb0]^8[0xfffffff5][0xffffff8d]U[0xffffffaf][0xffffffb5][0xffffffcb][0xffffffa2][0xffffffe6][0xffffffb1][0xffffffea]5[0xffffffac][0x17]K[\r]d[0xffffff95]k\[0xffffffd1][0xffffffd4]D:[0xffffffb5][0xffffffa6]j[0xffffffa8][0xffffffd4]Iz[0xffffffb1]V[0xffffffcf][0xffffffa2]v[0xffffffb2]j5[0xffffffcf][0xffffffbb][0xffffffba]N[0xffffffaa]q)S[Y[0xffffff85]Z+N[0xffffffea]-[0xffffff9d]P3[0xffffffd5]Wj0[0xffffff9d]NkgU}[0xffffff95][\r][0x17]z[0xffffffa3][0xffffffaa][0xffffffab]bTqU[0xffffff8c][0xffffffaa][0xffffffad][0xffffff8a]Q[0xffffffa5]U1[0xffffffaa][0xffffffb2]*F[0x15]V[0xffffffc5][0xffffffa8][0xffffffba][0xffffffaa][0x18][0xffffffaa][0x8][0xffffffa9]b[0xffffffc8][0xffffffce][0xffffffb0][0xffffffc9][0x3][0xfffffff6][0xffffffd8]&[0xf]L=[0xffffffc7]&[0xf]tM[0xffffff86][0xffffff85]b[0xffffffdc]([0xffffffb1][0xffffffc3][0xffffffee][0xffffffbc][0xffffffa4][0xffffffd6]3[0xfffffffd][0xffffffb2][0x7f][0xffffff99][0xffffffbb][0xffffffe6][0xfffffff5]v[0xffffff99][0x9][0xfffffffc]g[0xfffffff7][0xffffffda][0xffffffcf][0xffffffdf][0xffffffe6]c[0xffffffda]U[0xffffffbc][0xfffffff1][0xe][0xffffffb9][0xffffff95][0xffffffcd][0xffffffa7][0xffffffc7][0xffffff8f][0xffffffcb][0xffffffa6][0xffffffb1][0xffffffc7][0xffffffb4][0xffffffc9][0xffffffe6][0xffffffba],[0xffffffc7][0xffffffcb][0xffffffe6]s[0xfffffffe]R[0xffffffbb][0xffffffd9]C[0xffffffa2][0xffffffeb][0xffffffb0][0xffffffa9][0xffffff90]Z[0xffffffba][0xffffffc2]Jy[0xffffffd4]T[0xffffff9e][0xffffff94]0e[0xffffffb2]P[0x1e]4[0xffffff95][0xffffffd7][0xffffffb9][0xffffff90][0xb][0xffffffe5]1S[0x1][0xffffffa8]4[0x6][0x16][0xffffffca]C[0xffffffa6]rT[0x1f][0xffffff94][0xffffffbd]L[0xffffffdb][0xffffff88][0xffffffa9][0xffffff9c]B[0xffffffe1][0xffffffeb]im[0xffffffc0]T[0x16]h_[0xffffffa8][0xffffff94][0xffffffc7]K[0x12][0xffffffe6][0xffffffe9][0xffffffe3][ [0xffffffcf][0xffffff96][0xffffffca][0xfffffff8][0xfffffff4][0xffffffa9][0xffffffab][0xffffff94]'K[0x1a][0x12][\r]u[0xffffffb0]Jy[0xffffffae]T[0xffffff9a][0xffffffde]T[0xffffffcf];[0xfffffff0]TIc[0xffffff80]mA[0xffffffb4][0xffffff91]Ri*\[0xffffff92][0xffffffe9][0xffffff85][0xfffffff2]@[0xffffffa9][0xffffffb4][0xffffff92][0xffffffeb][0xffffffbe]<N[0xffffff92]"
09:48:18.670 [main] DEBUG org.apache.hc.client5.http.wire - http-outgoing-12 << "[0xffffffb2]ui[0xffffffa8]I[0xffffff94][0xffffff87]Ij[0xfffffffd][0xffffffa9]Q[0x14]VGI[0xffffff95][0xffffffa2][0xffffffab][0xffffff89][0xffffffe1]9[0xffffff92]B[0xffffffd3][0xffffff8d][0xffffffd5])[0xffffff92]b[0xffffffb0][0xffffff8d][0xffffffd5][0x19][0xffffff92][0xffffffbc]j'[0xfffffff3][0x4][0x19][0xffffffa8][0xffffffc7][0x18]UP[0xffffff9d][0x1e][0x3][0xffffffa5][0xffffffde][0xffffffd4]Uut[0xc]r=[0xffffffa0][0xffffff8e][0xffffff8d][0xffffff98]:]}[0xffffffb0][0xffffff8e][0xffffff8c]H[0xffffff81][0x15][0xffffffc2][0xffffffe3]b[0xffffffba][0xfffffff1]r1<*z[0xffffffca]m}[0xffffff8c][0xffffffe7]D[0xffffff80]P[0xffffffaf][0xffffff84]gD[0xffffffa0][0xffffff92][0xffffff80][0xffffff92][0xb][0x1e][0x10]]Jp]U[0xffffffa7]C[0xffffff97][0xffffff95]E&<[0x19]Rkp[0xfffffff5]<[0xffffffea]^[0xffffffa5]{[0x6][0xfffffff6][0xffffff89][0x7]E[0xfffffffa][0xffffffce][0xffffffd6][0xffffffab]jC"ELu[0xffffff97]Y[0xffffff9b][0x10]S[0xffffffcd][0x16]R[0xffffffa7]C[0xffffffed][0xffffffb9]tx0[0xffffffd4][0xffffffa6][0xffffff91]:[0x14][0xffffffa6][0xffffffb6]XI[0xffffff9d][0x7][0xffffff95][0xffffffa1][0xffffff81][0xffffffb9] k[0xffffffe3][0xfffffffb]y~<[0xffffff9c].[0xffffffd7][0xffffffed][0xfffffff1]8[0xffffffef][0xb][0xffffffd4][0x11][0xffffffd2][0xffffff97][0xffffffdd][0xffffff94]:[0xffffffb1]*R[0xb][0x3][0x1d]J[0xfffffff8]VF[0xffffffea][0xffffff93][0xfffffff4][0xffffffb5]+[0xfffffff7]a0[0xffffffd2][0xffffff8b]eM([0xffffffa6]NM[0xffffff87]n[0x1a]K[0xffffff8d]h*[0xffffffa6]t[0xffffffc9][0xffffffd4][0xffffff93][0xfffffffe][0x1][0xffffffa9][0xffffff9e].[0xffffff9b][0xffffffd3][0x12][0x0][0x0]"
09:48:18.671 [main] DEBUG org.apache.hc.client5.http.impl.classic.InternalHttpClient - ep-00000012: releasing valid endpoint
09:48:18.671 [main] DEBUG org.apache.hc.client5.http.impl.io.PoolingHttpClientConnectionManager - ep-00000012: releasing endpoint
09:48:18.671 [main] DEBUG org.apache.hc.client5.http.impl.io.PoolingHttpClientConnectionManager - ep-00000012: connection http-outgoing-12 can be kept alive for 3 MINUTES
09:48:18.671 [main] DEBUG org.apache.hc.client5.http.impl.io.PoolingHttpClientConnectionManager - ep-00000012: connection released [route: {s}->https://raw.githubusercontent.com:443][total available: 1; route allocated: 1 of 5; total allocated: 2 of 25]
09:48:18.671 [main] DEBUG io.github.bonigarcia.wdm.versions.VersionDetector - Driver for chrome117 not found in online properties (using local versions.properties)
09:48:18.672 [main] DEBUG io.github.bonigarcia.wdm.WebDriverManager - The driver version for CHROME 117 is unknown ... trying with latest
09:48:18.676 [main] DEBUG org.apache.hc.client5.http.impl.classic.InternalHttpClient - ex-00000014: preparing request execution
09:48:18.676 [main] DEBUG org.apache.hc.client5.http.protocol.RequestAddCookies - Cookie spec selected: strict
09:48:18.676 [main] DEBUG org.apache.hc.client5.http.protocol.RequestAuthCache - Auth cache not set in the context
09:48:18.676 [main] DEBUG org.apache.hc.client5.http.impl.classic.ProtocolExec - ex-00000014: target auth state: UNCHALLENGED
09:48:18.676 [main] DEBUG org.apache.hc.client5.http.impl.classic.ProtocolExec - ex-00000014: proxy auth state: UNCHALLENGED
09:48:18.676 [main] DEBUG org.apache.hc.client5.http.impl.classic.ConnectExec - ex-00000014: acquiring connection with route {s}->https://chromedriver.storage.googleapis.com:443
09:48:18.676 [main] DEBUG org.apache.hc.client5.http.impl.classic.InternalHttpClient - ex-00000014: acquiring endpoint (3 MINUTES)
09:48:18.676 [main] DEBUG org.apache.hc.client5.http.impl.io.PoolingHttpClientConnectionManager - ex-00000014: endpoint lease request (3 MINUTES) [route: {s}->https://chromedriver.storage.googleapis.com:443][total available: 1; route allocated: 1 of 5; total allocated: 2 of 25]
09:48:18.676 [main] DEBUG org.apache.hc.client5.http.impl.io.PoolingHttpClientConnectionManager - ex-00000014: endpoint leased [route: {s}->https://chromedriver.storage.googleapis.com:443][total available: 1; route allocated: 2 of 5; total allocated: 3 of 25]
09:48:18.678 [main] DEBUG org.apache.hc.client5.http.impl.io.PoolingHttpClientConnectionManager - ex-00000014: acquired ep-00000013
09:48:18.678 [main] DEBUG org.apache.hc.client5.http.impl.classic.InternalHttpClient - ex-00000014: acquired endpoint ep-00000013
09:48:18.678 [main] DEBUG org.apache.hc.client5.http.impl.classic.ConnectExec - ex-00000014: opening connection {s}->https://chromedriver.storage.googleapis.com:443
09:48:18.678 [main] DEBUG org.apache.hc.client5.http.impl.classic.InternalHttpClient - ep-00000013: connecting endpoint (30 SECONDS)
09:48:18.678 [main] DEBUG org.apache.hc.client5.http.impl.io.PoolingHttpClientConnectionManager - ep-00000013: connecting endpoint to https://chromedriver.storage.googleapis.com:443 (30 SECONDS)
09:48:18.678 [main] DEBUG org.apache.hc.client5.http.impl.io.DefaultHttpClientConnectionOperator - http-outgoing-14: connecting to chromedriver.storage.googleapis.com/34.101.5.123:443
09:48:18.678 [main] DEBUG org.apache.hc.client5.http.ssl.SSLConnectionSocketFactory - Connecting socket to chromedriver.storage.googleapis.com/34.101.5.123:443 with timeout 30 SECONDS
09:48:18.683 [main] DEBUG org.apache.hc.client5.http.ssl.SSLConnectionSocketFactory - Enabled protocols: [TLSv1.3, TLSv1.2]
09:48:18.683 [main] DEBUG org.apache.hc.client5.http.ssl.SSLConnectionSocketFactory - Enabled cipher suites: [TLS_AES_256_GCM_SHA384, TLS_AES_128_GCM_SHA256, TLS_CHACHA20_POLY1305_SHA256, TLS_ECDHE_ECDSA_WITH_AES_256_GCM_SHA384, TLS_ECDHE_ECDSA_WITH_AES_128_GCM_SHA256, TLS_ECDHE_ECDSA_WITH_CHACHA20_POLY1305_SHA256, TLS_ECDHE_RSA_WITH_AES_256_GCM_SHA384, TLS_ECDHE_RSA_WITH_CHACHA20_POLY1305_SHA256, TLS_ECDHE_RSA_WITH_AES_128_GCM_SHA256, TLS_DHE_RSA_WITH_AES_256_GCM_SHA384, TLS_DHE_RSA_WITH_CHACHA20_POLY1305_SHA256, TLS_DHE_DSS_WITH_AES_256_GCM_SHA384, TLS_DHE_RSA_WITH_AES_128_GCM_SHA256, TLS_DHE_DSS_WITH_AES_128_GCM_SHA256, TLS_ECDHE_ECDSA_WITH_AES_256_CBC_SHA384, TLS_ECDHE_RSA_WITH_AES_256_CBC_SHA384, TLS_ECDHE_ECDSA_WITH_AES_128_CBC_SHA256, TLS_ECDHE_RSA_WITH_AES_128_CBC_SHA256, TLS_DHE_RSA_WITH_AES_256_CBC_SHA256, TLS_DHE_DSS_WITH_AES_256_CBC_SHA256, TLS_DHE_RSA_WITH_AES_128_CBC_SHA256, TLS_DHE_DSS_WITH_AES_128_CBC_SHA256, TLS_ECDH_ECDSA_WITH_AES_256_GCM_SHA384, TLS_ECDH_RSA_WITH_AES_256_GCM_SHA384, TLS_ECDH_ECDSA_WITH_AES_128_GCM_SHA256, TLS_ECDH_RSA_WITH_AES_128_GCM_SHA256, TLS_ECDH_ECDSA_WITH_AES_256_CBC_SHA384, TLS_ECDH_RSA_WITH_AES_256_CBC_SHA384, TLS_ECDH_ECDSA_WITH_AES_128_CBC_SHA256, TLS_ECDH_RSA_WITH_AES_128_CBC_SHA256, TLS_ECDHE_ECDSA_WITH_AES_256_CBC_SHA, TLS_ECDHE_RSA_WITH_AES_256_CBC_SHA, TLS_ECDHE_ECDSA_WITH_AES_128_CBC_SHA, TLS_ECDHE_RSA_WITH_AES_128_CBC_SHA, TLS_DHE_RSA_WITH_AES_256_CBC_SHA, TLS_DHE_DSS_WITH_AES_256_CBC_SHA, TLS_DHE_RSA_WITH_AES_128_CBC_SHA, TLS_DHE_DSS_WITH_AES_128_CBC_SHA, TLS_ECDH_ECDSA_WITH_AES_256_CBC_SHA, TLS_ECDH_RSA_WITH_AES_256_CBC_SHA, TLS_ECDH_ECDSA_WITH_AES_128_CBC_SHA, TLS_ECDH_RSA_WITH_AES_128_CBC_SHA, TLS_RSA_WITH_AES_256_GCM_SHA384, TLS_RSA_WITH_AES_128_GCM_SHA256, TLS_RSA_WITH_AES_256_CBC_SHA256, TLS_RSA_WITH_AES_128_CBC_SHA256, TLS_RSA_WITH_AES_256_CBC_SHA, TLS_RSA_WITH_AES_128_CBC_SHA, TLS_EMPTY_RENEGOTIATION_INFO_SCSV]
09:48:18.683 [main] DEBUG org.apache.hc.client5.http.ssl.SSLConnectionSocketFactory - Starting handshake
09:48:18.725 [main] DEBUG org.apache.hc.client5.http.ssl.SSLConnectionSocketFactory - Secure session established
09:48:18.725 [main] DEBUG org.apache.hc.client5.http.ssl.SSLConnectionSocketFactory -  negotiated protocol: TLSv1.3
09:48:18.725 [main] DEBUG org.apache.hc.client5.http.ssl.SSLConnectionSocketFactory -  negotiated cipher suite: TLS_AES_256_GCM_SHA384
09:48:18.725 [main] DEBUG org.apache.hc.client5.http.ssl.SSLConnectionSocketFactory -  peer principal: CN=*.storage.googleapis.com
09:48:18.725 [main] DEBUG org.apache.hc.client5.http.ssl.SSLConnectionSocketFactory -  peer alternative names: [*.storage.googleapis.com, *.googleapis.com, commondatastorage.googleapis.com, *.commondatastorage.googleapis.com, storage.googleapis.com, storage-p2.googleapis.com, *.storage-p2.googleapis.com, storage.mtls.googleapis.com, *.appspot.com.storage.googleapis.com, *.content-storage.googleapis.com, *.content-storage-p2.googleapis.com, *.content-storage-upload.googleapis.com, *.content-storage-download.googleapis.com, *.storage-upload.googleapis.com, *.storage-download.googleapis.com]
09:48:18.725 [main] DEBUG org.apache.hc.client5.http.ssl.SSLConnectionSocketFactory -  issuer principal: CN=GTS CA 1C3, O=Google Trust Services LLC, C=US
09:48:18.725 [main] DEBUG org.apache.hc.client5.http.impl.io.DefaultHttpClientConnectionOperator - http-outgoing-14: connection established 192.168.100.42:64045<->34.101.5.123:443
09:48:18.725 [main] DEBUG org.apache.hc.client5.http.impl.io.PoolingHttpClientConnectionManager - ep-00000013: connected http-outgoing-14
09:48:18.725 [main] DEBUG org.apache.hc.client5.http.impl.classic.InternalHttpClient - ep-00000013: endpoint connected
09:48:18.725 [main] DEBUG org.apache.hc.client5.http.impl.classic.MainClientExec - ex-00000014: executing GET /LATEST_RELEASE HTTP/1.1
09:48:18.725 [main] DEBUG org.apache.hc.client5.http.impl.classic.InternalHttpClient - ep-00000013: start execution ex-00000014
09:48:18.725 [main] DEBUG org.apache.hc.client5.http.impl.io.PoolingHttpClientConnectionManager - ep-00000013: executing exchange ex-00000014 over http-outgoing-14
09:48:18.725 [main] DEBUG org.apache.hc.client5.http.headers - http-outgoing-14 >> GET /LATEST_RELEASE HTTP/1.1
09:48:18.725 [main] DEBUG org.apache.hc.client5.http.headers - http-outgoing-14 >> user-agent: Apache-HttpClient/5.0
09:48:18.725 [main] DEBUG org.apache.hc.client5.http.headers - http-outgoing-14 >> accept-encoding: gzip, deflate, br
09:48:18.725 [main] DEBUG org.apache.hc.client5.http.headers - http-outgoing-14 >> cache-control: max-age=0
09:48:18.725 [main] DEBUG org.apache.hc.client5.http.headers - http-outgoing-14 >> connection: keep-alive
09:48:18.725 [main] DEBUG org.apache.hc.client5.http.headers - http-outgoing-14 >> Host: chromedriver.storage.googleapis.com
09:48:18.725 [main] DEBUG org.apache.hc.client5.http.wire - http-outgoing-14 >> "GET /LATEST_RELEASE HTTP/1.1[\r][\n]"
09:48:18.725 [main] DEBUG org.apache.hc.client5.http.wire - http-outgoing-14 >> "user-agent: Apache-HttpClient/5.0[\r][\n]"
09:48:18.725 [main] DEBUG org.apache.hc.client5.http.wire - http-outgoing-14 >> "accept-encoding: gzip, deflate, br[\r][\n]"
09:48:18.725 [main] DEBUG org.apache.hc.client5.http.wire - http-outgoing-14 >> "cache-control: max-age=0[\r][\n]"
09:48:18.725 [main] DEBUG org.apache.hc.client5.http.wire - http-outgoing-14 >> "connection: keep-alive[\r][\n]"
09:48:18.725 [main] DEBUG org.apache.hc.client5.http.wire - http-outgoing-14 >> "Host: chromedriver.storage.googleapis.com[\r][\n]"
09:48:18.725 [main] DEBUG org.apache.hc.client5.http.wire - http-outgoing-14 >> "[\r][\n]"
09:48:18.740 [main] DEBUG org.apache.hc.client5.http.wire - http-outgoing-14 << "HTTP/1.1 200 OK[\r][\n]"
09:48:18.740 [main] DEBUG org.apache.hc.client5.http.wire - http-outgoing-14 << "X-GUploader-UploadID: ADPycdvnFAnOhlWGbRtUpcGBi5W3y6qEtkvwOJmj2uBu_cu5oupNFxxPFqsoSfNAPIUhE78QrkhmBqvlUQiAPhzQ2QAWS0sveOv3[\r][\n]"
09:48:18.740 [main] DEBUG org.apache.hc.client5.http.wire - http-outgoing-14 << "x-goog-generation: 1685523462105569[\r][\n]"
09:48:18.740 [main] DEBUG org.apache.hc.client5.http.wire - http-outgoing-14 << "x-goog-metageneration: 1[\r][\n]"
09:48:18.740 [main] DEBUG org.apache.hc.client5.http.wire - http-outgoing-14 << "x-goog-stored-content-encoding: identity[\r][\n]"
09:48:18.740 [main] DEBUG org.apache.hc.client5.http.wire - http-outgoing-14 << "x-goog-stored-content-length: 13[\r][\n]"
09:48:18.740 [main] DEBUG org.apache.hc.client5.http.wire - http-outgoing-14 << "x-goog-hash: crc32c=tVW4TA==[\r][\n]"
09:48:18.740 [main] DEBUG org.apache.hc.client5.http.wire - http-outgoing-14 << "x-goog-hash: md5=NoaEuIlBlniwTkiZ1T16sA==[\r][\n]"
09:48:18.740 [main] DEBUG org.apache.hc.client5.http.wire - http-outgoing-14 << "x-goog-storage-class: STANDARD[\r][\n]"
09:48:18.740 [main] DEBUG org.apache.hc.client5.http.wire - http-outgoing-14 << "Accept-Ranges: bytes[\r][\n]"
09:48:18.740 [main] DEBUG org.apache.hc.client5.http.wire - http-outgoing-14 << "Content-Length: 13[\r][\n]"
09:48:18.740 [main] DEBUG org.apache.hc.client5.http.wire - http-outgoing-14 << "Server: UploadServer[\r][\n]"
09:48:18.740 [main] DEBUG org.apache.hc.client5.http.wire - http-outgoing-14 << "Date: Sat, 30 Sep 2023 02:46:28 GMT[\r][\n]"
09:48:18.740 [main] DEBUG org.apache.hc.client5.http.wire - http-outgoing-14 << "Expires: Sat, 30 Sep 2023 03:46:28 GMT[\r][\n]"
09:48:18.740 [main] DEBUG org.apache.hc.client5.http.wire - http-outgoing-14 << "Cache-Control: public, max-age=3600[\r][\n]"
09:48:18.740 [main] DEBUG org.apache.hc.client5.http.wire - http-outgoing-14 << "Age: 121[\r][\n]"
09:48:18.740 [main] DEBUG org.apache.hc.client5.http.wire - http-outgoing-14 << "Last-Modified: Wed, 31 May 2023 08:57:42 GMT[\r][\n]"
09:48:18.740 [main] DEBUG org.apache.hc.client5.http.wire - http-outgoing-14 << "ETag: "368684b889419678b04e4899d53d7ab0"[\r][\n]"
09:48:18.740 [main] DEBUG org.apache.hc.client5.http.wire - http-outgoing-14 << "Content-Type: text/plain[\r][\n]"
09:48:18.740 [main] DEBUG org.apache.hc.client5.http.wire - http-outgoing-14 << "Alt-Svc: h3=":443"; ma=2592000,h3-29=":443"; ma=2592000[\r][\n]"
09:48:18.740 [main] DEBUG org.apache.hc.client5.http.wire - http-outgoing-14 << "[\r][\n]"
09:48:18.740 [main] DEBUG org.apache.hc.client5.http.wire - http-outgoing-14 << "114.0.5735.90"
09:48:18.740 [main] DEBUG org.apache.hc.client5.http.headers - http-outgoing-14 << HTTP/1.1 200 OK
09:48:18.740 [main] DEBUG org.apache.hc.client5.http.headers - http-outgoing-14 << X-GUploader-UploadID: ADPycdvnFAnOhlWGbRtUpcGBi5W3y6qEtkvwOJmj2uBu_cu5oupNFxxPFqsoSfNAPIUhE78QrkhmBqvlUQiAPhzQ2QAWS0sveOv3
09:48:18.740 [main] DEBUG org.apache.hc.client5.http.headers - http-outgoing-14 << x-goog-generation: 1685523462105569
09:48:18.740 [main] DEBUG org.apache.hc.client5.http.headers - http-outgoing-14 << x-goog-metageneration: 1
09:48:18.740 [main] DEBUG org.apache.hc.client5.http.headers - http-outgoing-14 << x-goog-stored-content-encoding: identity
09:48:18.740 [main] DEBUG org.apache.hc.client5.http.headers - http-outgoing-14 << x-goog-stored-content-length: 13
09:48:18.740 [main] DEBUG org.apache.hc.client5.http.headers - http-outgoing-14 << x-goog-hash: crc32c=tVW4TA==
09:48:18.740 [main] DEBUG org.apache.hc.client5.http.headers - http-outgoing-14 << x-goog-hash: md5=NoaEuIlBlniwTkiZ1T16sA==
09:48:18.740 [main] DEBUG org.apache.hc.client5.http.headers - http-outgoing-14 << x-goog-storage-class: STANDARD
09:48:18.740 [main] DEBUG org.apache.hc.client5.http.headers - http-outgoing-14 << Accept-Ranges: bytes
09:48:18.740 [main] DEBUG org.apache.hc.client5.http.headers - http-outgoing-14 << Content-Length: 13
09:48:18.740 [main] DEBUG org.apache.hc.client5.http.headers - http-outgoing-14 << Server: UploadServer
09:48:18.740 [main] DEBUG org.apache.hc.client5.http.headers - http-outgoing-14 << Date: Sat, 30 Sep 2023 02:46:28 GMT
09:48:18.740 [main] DEBUG org.apache.hc.client5.http.headers - http-outgoing-14 << Expires: Sat, 30 Sep 2023 03:46:28 GMT
09:48:18.740 [main] DEBUG org.apache.hc.client5.http.headers - http-outgoing-14 << Cache-Control: public, max-age=3600
09:48:18.740 [main] DEBUG org.apache.hc.client5.http.headers - http-outgoing-14 << Age: 121
09:48:18.740 [main] DEBUG org.apache.hc.client5.http.headers - http-outgoing-14 << Last-Modified: Wed, 31 May 2023 08:57:42 GMT
09:48:18.740 [main] DEBUG org.apache.hc.client5.http.headers - http-outgoing-14 << ETag: "368684b889419678b04e4899d53d7ab0"
09:48:18.740 [main] DEBUG org.apache.hc.client5.http.headers - http-outgoing-14 << Content-Type: text/plain
09:48:18.740 [main] DEBUG org.apache.hc.client5.http.headers - http-outgoing-14 << Alt-Svc: h3=":443"; ma=2592000,h3-29=":443"; ma=2592000
09:48:18.740 [main] DEBUG org.apache.hc.client5.http.impl.classic.MainClientExec - ex-00000014: connection can be kept alive for 3 MINUTES
09:48:18.740 [main] DEBUG org.apache.hc.client5.http.impl.classic.InternalHttpClient - ep-00000013: releasing valid endpoint
09:48:18.740 [main] DEBUG org.apache.hc.client5.http.impl.io.PoolingHttpClientConnectionManager - ep-00000013: releasing endpoint
09:48:18.740 [main] DEBUG org.apache.hc.client5.http.impl.io.PoolingHttpClientConnectionManager - ep-00000013: connection http-outgoing-14 can be kept alive for 3 MINUTES
09:48:18.740 [main] DEBUG org.apache.hc.client5.http.impl.io.PoolingHttpClientConnectionManager - ep-00000013: connection released [route: {s}->https://chromedriver.storage.googleapis.com:443][total available: 2; route allocated: 2 of 5; total allocated: 3 of 25]
09:48:18.740 [main] DEBUG io.github.bonigarcia.wdm.versions.VersionDetector - Latest version of chromedriver according to https://chromedriver.storage.googleapis.com/LATEST_RELEASE is 114.0.5735.90
09:48:18.740 [main] DEBUG io.github.bonigarcia.wdm.WebDriverManager - Driver chromedriver 114.0.5735.90 found in cache
09:48:18.740 [main] INFO io.github.bonigarcia.wdm.WebDriverManager - Exporting webdriver.chrome.driver as C:\Users\Bagas Dwi Saputra\.cache\selenium\chromedriver\win32\114.0.5735.90\chromedriver.exe
09:48:18.819 [main] DEBUG net.thucydides.core.reflection.ClassFinder - Could not load class net.serenitybdd.rest.utils.RestSpecificationFactory
09:48:18.898 [main] DEBUG net.thucydides.core.reflection.ClassFinder - Could not load class net.serenitybdd.rest.utils.RestSpecificationFactory
09:48:18.898 [main] INFO net.serenitybdd.core.webdriver.driverproviders.ProvideNewDriver - Instantiating driver
09:48:18.898 [main] INFO net.serenitybdd.core.webdriver.driverproviders.ProvideNewDriver - Driver capabilities: Capabilities {acceptInsecureCerts: false, base.url: https://app.jubelio.com, browserName: chrome, chrome.driver: src/test/resources/webdrive..., driver: chrome, goog:chromeOptions: {args: [], extensions: []}, loggingPrefs: org.openqa.selenium.logging...}
09:48:19.784 [main] DEBUG net.thucydides.core.reflection.ClassFinder - Could not load class net.serenitybdd.rest.utils.RestSpecificationFactory
09:48:21.739 [main] DEBUG net.serenitybdd.core.photography.Darkroom - Send negative for processing for target\site\serenity\052c5b469c1d4446469966ca896065f44ec023beb76d3e51b2757769cc45fc75.png
09:48:21.739 [main] DEBUG net.thucydides.core.steps.StepInterceptor - STEP DONE: openLink
09:48:22.058 [main] DEBUG net.serenitybdd.core.photography.Darkroom - Send negative for processing for target\site\serenity\8b99a7f045577a040731d89df423e00e0cc3639c4ea25856e93009f9a96e9fb5.png
09:48:22.058 [main] DEBUG net.thucydides.core.steps.StepInterceptor - STARTING STEP: InventoryStockSteps.loginClickButtonLogin - fills in the {string} with valid data email
09:48:22.384 [main] DEBUG net.serenitybdd.core.photography.Darkroom - Send negative for processing for target\site\serenity\104422f2cefbdf6837d9bc86354fe896b0dec713dd1c9ff1fe39944c0cae5eee.png
09:48:22.384 [main] DEBUG net.thucydides.core.steps.StepInterceptor - STEP DONE: fills in the {string} with valid data email
09:48:22.388 [main] DEBUG net.thucydides.core.steps.StepInterceptor - STARTING STEP: InventoryStockSteps.loginClickButtonLogin - fill in the {string} with valid data pass
09:48:22.738 [main] DEBUG net.serenitybdd.core.photography.Darkroom - Send negative for processing for target\site\serenity\0dc731d5e91cafacaf5aba51aba61e78be75d905edfb97923501eea4392e7250.png
09:48:22.738 [main] DEBUG net.thucydides.core.steps.StepInterceptor - STEP DONE: fill in the {string} with valid data pass
09:48:22.738 [Darkroom Processing Line] DEBUG net.serenitybdd.core.photography.DarkroomProcessingLine - Processing screenshot image in /var/screenshots/screenshot-14058034278954094664
09:48:22.738 [Darkroom Processing Line] DEBUG net.serenitybdd.core.photography.DarkroomProcessingLine - Saving screenshot to target\site\serenity\0dc731d5e91cafacaf5aba51aba61e78be75d905edfb97923501eea4392e7250.png
09:48:23.066 [main] DEBUG net.serenitybdd.core.photography.Darkroom - Send negative for processing for target\site\serenity\df06c826763a2e0e3321344d5492c58d11e30fb83c886567df22fc5d43e0ad14.png
09:48:23.066 [main] DEBUG net.thucydides.core.steps.StepInterceptor - STARTING STEP: InventoryStockSteps.loginClickButtonLogin - clickbtnlogin
09:48:23.655 [main] DEBUG net.serenitybdd.core.photography.Darkroom - Send negative for processing for target\site\serenity\8521f51acca6732726289475809a8bc6959f73c5777b79036f303ee5818167cf.png
09:48:23.656 [main] DEBUG net.thucydides.core.steps.StepInterceptor - STEP DONE: clickbtnlogin
09:48:23.656 [Darkroom Processing Line] DEBUG net.serenitybdd.core.photography.DarkroomProcessingLine - Processing screenshot image in /var/screenshots/screenshot-10836267350171344161
09:48:23.656 [Darkroom Processing Line] DEBUG net.serenitybdd.core.photography.DarkroomProcessingLine - Saving screenshot to target\site\serenity\8521f51acca6732726289475809a8bc6959f73c5777b79036f303ee5818167cf.png
09:48:25.267 [main] DEBUG net.serenitybdd.core.photography.Darkroom - Send negative for processing for target\site\serenity\818b96f7cf0664a3811330ac6f500f4beb34236558679a48c7c4266fe3f1e8df.png
09:48:25.267 [main] DEBUG net.thucydides.core.steps.StepInterceptor - STARTING STEP: InventoryStockSteps.loginClickButtonLogin - openUrlInventory
09:48:26.752 [main] DEBUG net.serenitybdd.core.photography.Darkroom - Send negative for processing for target\site\serenity\877fc4a515ba470cbdb4230815bf67e1c98100c532d5d0c6b951e87806febeb1.png
09:48:26.752 [main] DEBUG net.thucydides.core.steps.StepInterceptor - STEP DONE: openUrlInventory
  &amp#27;[32mGiven &amp#27;[0m&amp#27;[32mLogin &amp#27;[0m&amp#27;[32m&amp#27;[1m"qa.rakamin.jubelio@gmail.com"&amp#27;[0m&amp#27;[32m, &amp#27;[0m&amp#27;[32m&amp#27;[1m"Jubelio123!"&amp#27;[0m&amp#27;[32m, click button login&amp#27;[0m &amp#27;[90m# starter.stepdefinitios.InventoryStockSteps.loginClickButtonLogin(java.lang.String,java.lang.String)&amp#27;[0m
09:48:27.029 [main] DEBUG net.serenitybdd.core.photography.Darkroom - Send negative for processing for target\site\serenity\39c2910fcdae2e06e0162275f1fbc28f7bc3dd4b8e036f34692616eb96a02450.png
09:48:27.638 [main] DEBUG net.serenitybdd.core.photography.Darkroom - Send negative for processing for target\site\serenity\39c2910fcdae2e06e0162275f1fbc28f7bc3dd4b8e036f34692616eb96a02450.png
09:48:27.638 [main] DEBUG net.thucydides.core.steps.StepInterceptor - STARTING STEP: InventoryStockSteps.fillsInTheWithValidDataEmail - validatePagePersedian
09:48:27.873 [main] DEBUG net.serenitybdd.core.photography.Darkroom - Send negative for processing for target\site\serenity\39c2910fcdae2e06e0162275f1fbc28f7bc3dd4b8e036f34692616eb96a02450.png
09:48:27.873 [main] DEBUG net.thucydides.core.steps.StepInterceptor - STEP DONE: validatePagePersedian
09:48:28.169 [main] DEBUG net.serenitybdd.core.photography.Darkroom - Send negative for processing for target\site\serenity\39c2910fcdae2e06e0162275f1fbc28f7bc3dd4b8e036f34692616eb96a02450.png
09:48:28.169 [main] DEBUG net.thucydides.core.steps.StepInterceptor - STARTING STEP: InventoryStockSteps.fillsInTheWithValidDataEmail - btnPenyesuaianPersedian
09:48:28.481 [main] DEBUG net.serenitybdd.core.photography.Darkroom - Send negative for processing for target\site\serenity\a2959300daf2975f9185c6dc35fd47a71805fa965b3513bbf7be88315af31e01.png
09:48:28.481 [main] DEBUG net.thucydides.core.steps.StepInterceptor - STEP DONE: btnPenyesuaianPersedian
  &amp#27;[32mAnd &amp#27;[0m&amp#27;[32man inventory adjustment button click&amp#27;[0m                                      &amp#27;[90m# starter.stepdefinitios.InventoryStockSteps.fillsInTheWithValidDataEmail()&amp#27;[0m
09:48:29.111 [main] DEBUG net.serenitybdd.core.photography.Darkroom - Send negative for processing for target\site\serenity\270254ece9e8fbbc059de346e2779964aedc353194e6467ece5e4008e990c115.png
09:48:29.111 [main] DEBUG net.thucydides.core.steps.StepInterceptor - STARTING STEP: InventoryStockSteps.validateTheInventoryAdjustmentPage - validatePenyesuaianPersediaa
09:48:29.305 [main] DEBUG net.serenitybdd.core.photography.Darkroom - Send negative for processing for target\site\serenity\270254ece9e8fbbc059de346e2779964aedc353194e6467ece5e4008e990c115.png
09:48:29.305 [main] DEBUG net.thucydides.core.steps.StepInterceptor - STEP DONE: validatePenyesuaianPersediaa
  &amp#27;[32mAnd &amp#27;[0m&amp#27;[32mvalidate the inventory adjustment page&amp#27;[0m                                    &amp#27;[90m# starter.stepdefinitios.InventoryStockSteps.validateTheInventoryAdjustmentPage()&amp#27;[0m
09:48:29.585 [main] DEBUG net.serenitybdd.core.photography.Darkroom - Send negative for processing for target\site\serenity\270254ece9e8fbbc059de346e2779964aedc353194e6467ece5e4008e990c115.png
09:48:29.585 [main] DEBUG net.thucydides.core.steps.StepInterceptor - STARTING STEP: InventoryStockSteps.click - btnLokasi
09:48:29.788 [main] DEBUG net.serenitybdd.core.photography.Darkroom - Send negative for processing for target\site\serenity\57e72828bf819d20335fd5ac04454d512305c0d5d9a58966f263e72d67ede661.png
09:48:29.788 [main] DEBUG net.thucydides.core.steps.StepInterceptor - STEP DONE: btnLokasi
09:48:30.086 [main] DEBUG net.serenitybdd.core.photography.Darkroom - Send negative for processing for target\site\serenity\57e72828bf819d20335fd5ac04454d512305c0d5d9a58966f263e72d67ede661.png
09:48:30.086 [main] DEBUG net.thucydides.core.steps.StepInterceptor - STARTING STEP: InventoryStockSteps.click - btnVarisi
09:48:30.270 [main] DEBUG net.serenitybdd.core.photography.Darkroom - Send negative for processing for target\site\serenity\270254ece9e8fbbc059de346e2779964aedc353194e6467ece5e4008e990c115.png
09:48:30.270 [main] DEBUG net.thucydides.core.steps.StepInterceptor - STEP DONE: btnVarisi
  &amp#27;[32mAnd &amp#27;[0m&amp#27;[32mclick &amp#27;[0m&amp#27;[32m&amp#27;[1m"Pusat"&amp#27;[0m                                                             &amp#27;[90m# starter.stepdefinitios.InventoryStockSteps.click(java.lang.String)&amp#27;[0m
09:48:30.279 [main] DEBUG net.thucydides.core.steps.StepInterceptor - STARTING STEP: InventoryStockSteps.youDeteleItem - btnPilihBarang
09:48:30.606 [main] DEBUG net.serenitybdd.core.photography.Darkroom - Send negative for processing for target\site\serenity\4157b0d0b29b6aa54d03cc969b05dab532713ac5fc4f6a8ac46165eb9ebb8b65.png
09:48:30.606 [main] DEBUG net.thucydides.core.steps.StepInterceptor - STEP DONE: btnPilihBarang
09:48:30.916 [main] DEBUG net.serenitybdd.core.photography.Darkroom - Send negative for processing for target\site\serenity\def190ccd39208fb723c82a03d14843405e6399c80e575a0cb4fcb0afafa971b.png
09:48:30.916 [main] DEBUG net.thucydides.core.steps.StepInterceptor - STARTING STEP: InventoryStockSteps.youDeteleItem - btnBarang
09:48:31.565 [main] DEBUG net.serenitybdd.core.photography.Darkroom - Send negative for processing for target\site\serenity\c712c78795e33e4b3ab564ef7852ab3c57b37c60e25b305c607eb6ccb00126da.png
09:48:31.569 [main] DEBUG net.thucydides.core.steps.StepInterceptor - STEP DONE: btnBarang
09:48:31.845 [main] DEBUG net.serenitybdd.core.photography.Darkroom - Send negative for processing for target\site\serenity\c712c78795e33e4b3ab564ef7852ab3c57b37c60e25b305c607eb6ccb00126da.png
09:48:31.845 [main] DEBUG net.thucydides.core.steps.StepInterceptor - STARTING STEP: InventoryStockSteps.youDeteleItem - btnCheckbox
09:48:32.086 [main] DEBUG net.serenitybdd.core.photography.Darkroom - Send negative for processing for target\site\serenity\c831e12653fc25e1b874b3668ff413bd03c6268185cca9212307aa5b40a995ab.png
09:48:32.086 [main] DEBUG net.thucydides.core.steps.StepInterceptor - STEP DONE: btnCheckbox
09:48:32.358 [main] DEBUG net.serenitybdd.core.photography.Darkroom - Send negative for processing for target\site\serenity\c831e12653fc25e1b874b3668ff413bd03c6268185cca9212307aa5b40a995ab.png
09:48:32.358 [main] DEBUG net.thucydides.core.steps.StepInterceptor - STARTING STEP: InventoryStockSteps.youDeteleItem - btnDelete
09:48:32.703 [main] DEBUG net.serenitybdd.core.photography.Darkroom - Send negative for processing for target\site\serenity\386a8c7e61438de56547464c1f81c3b4d112dc6e448369a741e3ab6351202add.png
09:48:32.703 [main] DEBUG net.thucydides.core.steps.StepInterceptor - STEP DONE: btnDelete
  &amp#27;[32mWhen &amp#27;[0m&amp#27;[32myou detele item &amp#27;[0m&amp#27;[32m&amp#27;[1m"Batal"&amp#27;[0m                                                  &amp#27;[90m# starter.stepdefinitios.InventoryStockSteps.youDeteleItem(java.lang.String)&amp#27;[0m
09:48:32.703 [Darkroom Processing Line] DEBUG net.serenitybdd.core.photography.DarkroomProcessingLine - Processing screenshot image in /var/screenshots/screenshot-15694375230545841229
09:48:32.703 [Darkroom Processing Line] DEBUG net.serenitybdd.core.photography.DarkroomProcessingLine - Saving screenshot to target\site\serenity\386a8c7e61438de56547464c1f81c3b4d112dc6e448369a741e3ab6351202add.png
09:48:32.718 [main] DEBUG net.thucydides.core.steps.StepInterceptor - STARTING STEP: InventoryStockSteps.validateTheNameEmpty - validatePilihBarang
09:48:32.907 [main] DEBUG net.serenitybdd.core.photography.Darkroom - Send negative for processing for target\site\serenity\386a8c7e61438de56547464c1f81c3b4d112dc6e448369a741e3ab6351202add.png
09:48:32.907 [main] DEBUG net.thucydides.core.steps.StepInterceptor - STEP DONE: validatePilihBarang
  &amp#27;[32mThen &amp#27;[0m&amp#27;[32mvalidate the name empty&amp#27;[0m                                                  &amp#27;[90m# starter.stepdefinitios.InventoryStockSteps.validateTheNameEmpty()&amp#27;[0m
09:48:33.094 [main] INFO  - 
  _____   ___   ___   _____     ___     _     ___   ___   ___   ___  
 |_   _| | __| / __| |_   _|   | _ \   /_\   / __| / __| | __| |   \ 
   | |   | _|  \__ \   | |     |  _/  / _ \  \__ \ \__ \ | _|  | |) |
   |_|   |___| |___/   |_|     |_|   /_/ \_\ |___/ |___/ |___| |___/ 

Inventory Stock - Delete
----------------------------------------------------------------------
]]></system-out>
    <system-err><![CDATA[Starting ChromeDriver 117.0.5938.88 (be6afae4721209be42944bbcd325665f9f44563b-refs/branch-heads/5938_62@{#9}) on port 62146
Only local connections are allowed.
Please see https://chromedriver.chromium.org/security-considerations for suggestions on keeping ChromeDriver safe.
ChromeDriver was started successfully.
Sep 30, 2023 9:48:19 AM org.openqa.selenium.remote.ProtocolHandshake createSession
INFO: Detected dialect: W3C
]]></system-err>
  </testcase>
  <testcase name="Inventory Stock - Delete #3" classname="Inventory Stock at app.jubelio" time="15.183">
    <system-out><![CDATA[
@Inventory @DeleteStock
Scenario Outline: Inventory Stock - Delete                                      &amp#27;[90m# src/test/resources/features/user/inventorystock.feature:32&amp#27;[0m
09:48:33.094 [main] INFO io.cucumber.core.plugin.SerenityReporter - Running feature from file:///D:/QE/Automation/Jubelio-Website/src/test/resources/features/user/inventorystock.feature
09:48:33.273 [main] DEBUG net.thucydides.core.steps.StepInterceptor - STARTING STEP: InventoryStockSteps.loginClickButtonLogin - openLink
09:48:33.278 [main] INFO net.serenitybdd.core.webdriver.driverproviders.ChromeDriverProvider - Using automatically driver download
09:48:33.314 [main] DEBUG org.apache.hc.client5.http.impl.classic.InternalHttpClient - ex-00000015: preparing request execution
09:48:33.314 [main] DEBUG org.apache.hc.client5.http.protocol.RequestAddCookies - Cookie spec selected: strict
09:48:33.314 [main] DEBUG org.apache.hc.client5.http.protocol.RequestAuthCache - Auth cache not set in the context
09:48:33.314 [main] DEBUG org.apache.hc.client5.http.impl.classic.ProtocolExec - ex-00000015: target auth state: UNCHALLENGED
09:48:33.314 [main] DEBUG org.apache.hc.client5.http.impl.classic.ProtocolExec - ex-00000015: proxy auth state: UNCHALLENGED
09:48:33.314 [main] DEBUG org.apache.hc.client5.http.impl.classic.ConnectExec - ex-00000015: acquiring connection with route {s}->https://raw.githubusercontent.com:443
09:48:33.314 [main] DEBUG org.apache.hc.client5.http.impl.classic.InternalHttpClient - ex-00000015: acquiring endpoint (3 MINUTES)
09:48:33.314 [main] DEBUG org.apache.hc.client5.http.impl.io.PoolingHttpClientConnectionManager - ex-00000015: endpoint lease request (3 MINUTES) [route: {s}->https://raw.githubusercontent.com:443][total available: 0; route allocated: 0 of 5; total allocated: 0 of 25]
09:48:33.314 [main] DEBUG org.apache.hc.client5.http.impl.io.PoolingHttpClientConnectionManager - ex-00000015: endpoint leased [route: {s}->https://raw.githubusercontent.com:443][total available: 0; route allocated: 1 of 5; total allocated: 1 of 25]
09:48:33.315 [main] DEBUG org.apache.hc.client5.http.impl.io.PoolingHttpClientConnectionManager - ex-00000015: acquired ep-00000014
09:48:33.315 [main] DEBUG org.apache.hc.client5.http.impl.classic.InternalHttpClient - ex-00000015: acquired endpoint ep-00000014
09:48:33.315 [main] DEBUG org.apache.hc.client5.http.impl.classic.ConnectExec - ex-00000015: opening connection {s}->https://raw.githubusercontent.com:443
09:48:33.315 [main] DEBUG org.apache.hc.client5.http.impl.classic.InternalHttpClient - ep-00000014: connecting endpoint (30 SECONDS)
09:48:33.315 [main] DEBUG org.apache.hc.client5.http.impl.io.PoolingHttpClientConnectionManager - ep-00000014: connecting endpoint to https://raw.githubusercontent.com:443 (30 SECONDS)
09:48:33.315 [main] DEBUG org.apache.hc.client5.http.impl.io.DefaultHttpClientConnectionOperator - http-outgoing-15: connecting to raw.githubusercontent.com/185.199.108.133:443
09:48:33.315 [main] DEBUG org.apache.hc.client5.http.ssl.SSLConnectionSocketFactory - Connecting socket to raw.githubusercontent.com/185.199.108.133:443 with timeout 30 SECONDS
09:48:33.336 [main] DEBUG org.apache.hc.client5.http.ssl.SSLConnectionSocketFactory - Enabled protocols: [TLSv1.3, TLSv1.2]
09:48:33.336 [main] DEBUG org.apache.hc.client5.http.ssl.SSLConnectionSocketFactory - Enabled cipher suites: [TLS_AES_256_GCM_SHA384, TLS_AES_128_GCM_SHA256, TLS_CHACHA20_POLY1305_SHA256, TLS_ECDHE_ECDSA_WITH_AES_256_GCM_SHA384, TLS_ECDHE_ECDSA_WITH_AES_128_GCM_SHA256, TLS_ECDHE_ECDSA_WITH_CHACHA20_POLY1305_SHA256, TLS_ECDHE_RSA_WITH_AES_256_GCM_SHA384, TLS_ECDHE_RSA_WITH_CHACHA20_POLY1305_SHA256, TLS_ECDHE_RSA_WITH_AES_128_GCM_SHA256, TLS_DHE_RSA_WITH_AES_256_GCM_SHA384, TLS_DHE_RSA_WITH_CHACHA20_POLY1305_SHA256, TLS_DHE_DSS_WITH_AES_256_GCM_SHA384, TLS_DHE_RSA_WITH_AES_128_GCM_SHA256, TLS_DHE_DSS_WITH_AES_128_GCM_SHA256, TLS_ECDHE_ECDSA_WITH_AES_256_CBC_SHA384, TLS_ECDHE_RSA_WITH_AES_256_CBC_SHA384, TLS_ECDHE_ECDSA_WITH_AES_128_CBC_SHA256, TLS_ECDHE_RSA_WITH_AES_128_CBC_SHA256, TLS_DHE_RSA_WITH_AES_256_CBC_SHA256, TLS_DHE_DSS_WITH_AES_256_CBC_SHA256, TLS_DHE_RSA_WITH_AES_128_CBC_SHA256, TLS_DHE_DSS_WITH_AES_128_CBC_SHA256, TLS_ECDH_ECDSA_WITH_AES_256_GCM_SHA384, TLS_ECDH_RSA_WITH_AES_256_GCM_SHA384, TLS_ECDH_ECDSA_WITH_AES_128_GCM_SHA256, TLS_ECDH_RSA_WITH_AES_128_GCM_SHA256, TLS_ECDH_ECDSA_WITH_AES_256_CBC_SHA384, TLS_ECDH_RSA_WITH_AES_256_CBC_SHA384, TLS_ECDH_ECDSA_WITH_AES_128_CBC_SHA256, TLS_ECDH_RSA_WITH_AES_128_CBC_SHA256, TLS_ECDHE_ECDSA_WITH_AES_256_CBC_SHA, TLS_ECDHE_RSA_WITH_AES_256_CBC_SHA, TLS_ECDHE_ECDSA_WITH_AES_128_CBC_SHA, TLS_ECDHE_RSA_WITH_AES_128_CBC_SHA, TLS_DHE_RSA_WITH_AES_256_CBC_SHA, TLS_DHE_DSS_WITH_AES_256_CBC_SHA, TLS_DHE_RSA_WITH_AES_128_CBC_SHA, TLS_DHE_DSS_WITH_AES_128_CBC_SHA, TLS_ECDH_ECDSA_WITH_AES_256_CBC_SHA, TLS_ECDH_RSA_WITH_AES_256_CBC_SHA, TLS_ECDH_ECDSA_WITH_AES_128_CBC_SHA, TLS_ECDH_RSA_WITH_AES_128_CBC_SHA, TLS_RSA_WITH_AES_256_GCM_SHA384, TLS_RSA_WITH_AES_128_GCM_SHA256, TLS_RSA_WITH_AES_256_CBC_SHA256, TLS_RSA_WITH_AES_128_CBC_SHA256, TLS_RSA_WITH_AES_256_CBC_SHA, TLS_RSA_WITH_AES_128_CBC_SHA, TLS_EMPTY_RENEGOTIATION_INFO_SCSV]
09:48:33.336 [main] DEBUG org.apache.hc.client5.http.ssl.SSLConnectionSocketFactory - Starting handshake
09:48:33.373 [main] DEBUG org.apache.hc.client5.http.ssl.SSLConnectionSocketFactory - Secure session established
09:48:33.373 [main] DEBUG org.apache.hc.client5.http.ssl.SSLConnectionSocketFactory -  negotiated protocol: TLSv1.3
09:48:33.373 [main] DEBUG org.apache.hc.client5.http.ssl.SSLConnectionSocketFactory -  negotiated cipher suite: TLS_AES_256_GCM_SHA384
09:48:33.373 [main] DEBUG org.apache.hc.client5.http.ssl.SSLConnectionSocketFactory -  peer principal: CN=*.github.io, O="GitHub, Inc.", L=San Francisco, ST=California, C=US
09:48:33.373 [main] DEBUG org.apache.hc.client5.http.ssl.SSLConnectionSocketFactory -  peer alternative names: [*.github.io, github.io, *.github.com, github.com, www.github.com, *.githubusercontent.com, githubusercontent.com]
09:48:33.373 [main] DEBUG org.apache.hc.client5.http.ssl.SSLConnectionSocketFactory -  issuer principal: CN=DigiCert TLS RSA SHA256 2020 CA1, O=DigiCert Inc, C=US
09:48:33.373 [main] DEBUG org.apache.hc.client5.http.impl.io.DefaultHttpClientConnectionOperator - http-outgoing-15: connection established 192.168.100.42:64117<->185.199.108.133:443
09:48:33.373 [main] DEBUG org.apache.hc.client5.http.impl.io.PoolingHttpClientConnectionManager - ep-00000014: connected http-outgoing-15
09:48:33.373 [main] DEBUG org.apache.hc.client5.http.impl.classic.InternalHttpClient - ep-00000014: endpoint connected
09:48:33.373 [main] DEBUG org.apache.hc.client5.http.impl.classic.MainClientExec - ex-00000015: executing GET /bonigarcia/webdrivermanager/master/src/main/resources/commands.properties HTTP/1.1
09:48:33.373 [main] DEBUG org.apache.hc.client5.http.impl.classic.InternalHttpClient - ep-00000014: start execution ex-00000015
09:48:33.373 [main] DEBUG org.apache.hc.client5.http.impl.io.PoolingHttpClientConnectionManager - ep-00000014: executing exchange ex-00000015 over http-outgoing-15
09:48:33.373 [main] DEBUG org.apache.hc.client5.http.headers - http-outgoing-15 >> GET /bonigarcia/webdrivermanager/master/src/main/resources/commands.properties HTTP/1.1
09:48:33.373 [main] DEBUG org.apache.hc.client5.http.headers - http-outgoing-15 >> user-agent: Apache-HttpClient/5.0
09:48:33.373 [main] DEBUG org.apache.hc.client5.http.headers - http-outgoing-15 >> accept-encoding: gzip, deflate, br
09:48:33.373 [main] DEBUG org.apache.hc.client5.http.headers - http-outgoing-15 >> cache-control: max-age=0
09:48:33.373 [main] DEBUG org.apache.hc.client5.http.headers - http-outgoing-15 >> connection: keep-alive
09:48:33.373 [main] DEBUG org.apache.hc.client5.http.headers - http-outgoing-15 >> Host: raw.githubusercontent.com
09:48:33.373 [main] DEBUG org.apache.hc.client5.http.wire - http-outgoing-15 >> "GET /bonigarcia/webdrivermanager/master/src/main/resources/commands.properties HTTP/1.1[\r][\n]"
09:48:33.373 [main] DEBUG org.apache.hc.client5.http.wire - http-outgoing-15 >> "user-agent: Apache-HttpClient/5.0[\r][\n]"
09:48:33.373 [main] DEBUG org.apache.hc.client5.http.wire - http-outgoing-15 >> "accept-encoding: gzip, deflate, br[\r][\n]"
09:48:33.373 [main] DEBUG org.apache.hc.client5.http.wire - http-outgoing-15 >> "cache-control: max-age=0[\r][\n]"
09:48:33.373 [main] DEBUG org.apache.hc.client5.http.wire - http-outgoing-15 >> "connection: keep-alive[\r][\n]"
09:48:33.373 [main] DEBUG org.apache.hc.client5.http.wire - http-outgoing-15 >> "Host: raw.githubusercontent.com[\r][\n]"
09:48:33.373 [main] DEBUG org.apache.hc.client5.http.wire - http-outgoing-15 >> "[\r][\n]"
09:48:33.416 [main] DEBUG org.apache.hc.client5.http.wire - http-outgoing-15 << "HTTP/1.1 200 OK[\r][\n]"
09:48:33.416 [main] DEBUG org.apache.hc.client5.http.wire - http-outgoing-15 << "Connection: keep-alive[\r][\n]"
09:48:33.416 [main] DEBUG org.apache.hc.client5.http.wire - http-outgoing-15 << "Content-Length: 723[\r][\n]"
09:48:33.416 [main] DEBUG org.apache.hc.client5.http.wire - http-outgoing-15 << "Cache-Control: max-age=300[\r][\n]"
09:48:33.416 [main] DEBUG org.apache.hc.client5.http.wire - http-outgoing-15 << "Content-Security-Policy: default-src 'none'; style-src 'unsafe-inline'; sandbox[\r][\n]"
09:48:33.416 [main] DEBUG org.apache.hc.client5.http.wire - http-outgoing-15 << "Content-Type: text/plain; charset=utf-8[\r][\n]"
09:48:33.417 [main] DEBUG org.apache.hc.client5.http.wire - http-outgoing-15 << "ETag: W/"e82b438271e9e8680c688b0b680efd0bdd22faa6d6f0a32fc1fd8accc486b67e"[\r][\n]"
09:48:33.417 [main] DEBUG org.apache.hc.client5.http.wire - http-outgoing-15 << "Strict-Transport-Security: max-age=31536000[\r][\n]"
09:48:33.417 [main] DEBUG org.apache.hc.client5.http.wire - http-outgoing-15 << "X-Content-Type-Options: nosniff[\r][\n]"
09:48:33.417 [main] DEBUG org.apache.hc.client5.http.wire - http-outgoing-15 << "X-Frame-Options: deny[\r][\n]"
09:48:33.417 [main] DEBUG org.apache.hc.client5.http.wire - http-outgoing-15 << "X-XSS-Protection: 1; mode=block[\r][\n]"
09:48:33.417 [main] DEBUG org.apache.hc.client5.http.wire - http-outgoing-15 << "X-GitHub-Request-Id: 4CA0:B8C7F:70C4E:8CACE:651389F9[\r][\n]"
09:48:33.417 [main] DEBUG org.apache.hc.client5.http.wire - http-outgoing-15 << "Content-Encoding: gzip[\r][\n]"
09:48:33.417 [main] DEBUG org.apache.hc.client5.http.wire - http-outgoing-15 << "Accept-Ranges: bytes[\r][\n]"
09:48:33.417 [main] DEBUG org.apache.hc.client5.http.wire - http-outgoing-15 << "Date: Sat, 30 Sep 2023 02:48:44 GMT[\r][\n]"
09:48:33.417 [main] DEBUG org.apache.hc.client5.http.wire - http-outgoing-15 << "Via: 1.1 varnish[\r][\n]"
09:48:33.417 [main] DEBUG org.apache.hc.client5.http.wire - http-outgoing-15 << "X-Served-By: cache-qpg1255-QPG[\r][\n]"
09:48:33.417 [main] DEBUG org.apache.hc.client5.http.wire - http-outgoing-15 << "X-Cache: HIT[\r][\n]"
09:48:33.417 [main] DEBUG org.apache.hc.client5.http.wire - http-outgoing-15 << "X-Cache-Hits: 1[\r][\n]"
09:48:33.417 [main] DEBUG org.apache.hc.client5.http.wire - http-outgoing-15 << "X-Timer: S1696042124.235725,VS0,VE1[\r][\n]"
09:48:33.417 [main] DEBUG org.apache.hc.client5.http.wire - http-outgoing-15 << "Vary: Authorization,Accept-Encoding,Origin[\r][\n]"
09:48:33.417 [main] DEBUG org.apache.hc.client5.http.wire - http-outgoing-15 << "Access-Control-Allow-Origin: *[\r][\n]"
09:48:33.417 [main] DEBUG org.apache.hc.client5.http.wire - http-outgoing-15 << "Cross-Origin-Resource-Policy: cross-origin[\r][\n]"
09:48:33.417 [main] DEBUG org.apache.hc.client5.http.wire - http-outgoing-15 << "X-Fastly-Request-ID: 541540133aa1ae05bd927c67c35eba96864f2ad8[\r][\n]"
09:48:33.417 [main] DEBUG org.apache.hc.client5.http.wire - http-outgoing-15 << "Expires: Sat, 30 Sep 2023 02:53:44 GMT[\r][\n]"
09:48:33.417 [main] DEBUG org.apache.hc.client5.http.wire - http-outgoing-15 << "Source-Age: 34[\r][\n]"
09:48:33.417 [main] DEBUG org.apache.hc.client5.http.wire - http-outgoing-15 << "[\r][\n]"
09:48:33.417 [main] DEBUG org.apache.hc.client5.http.headers - http-outgoing-15 << HTTP/1.1 200 OK
09:48:33.417 [main] DEBUG org.apache.hc.client5.http.headers - http-outgoing-15 << Connection: keep-alive
09:48:33.417 [main] DEBUG org.apache.hc.client5.http.headers - http-outgoing-15 << Content-Length: 723
09:48:33.417 [main] DEBUG org.apache.hc.client5.http.headers - http-outgoing-15 << Cache-Control: max-age=300
09:48:33.417 [main] DEBUG org.apache.hc.client5.http.headers - http-outgoing-15 << Content-Security-Policy: default-src 'none'; style-src 'unsafe-inline'; sandbox
09:48:33.417 [main] DEBUG org.apache.hc.client5.http.headers - http-outgoing-15 << Content-Type: text/plain; charset=utf-8
09:48:33.417 [main] DEBUG org.apache.hc.client5.http.headers - http-outgoing-15 << ETag: W/"e82b438271e9e8680c688b0b680efd0bdd22faa6d6f0a32fc1fd8accc486b67e"
09:48:33.417 [main] DEBUG org.apache.hc.client5.http.headers - http-outgoing-15 << Strict-Transport-Security: max-age=31536000
09:48:33.417 [main] DEBUG org.apache.hc.client5.http.headers - http-outgoing-15 << X-Content-Type-Options: nosniff
09:48:33.417 [main] DEBUG org.apache.hc.client5.http.headers - http-outgoing-15 << X-Frame-Options: deny
09:48:33.417 [main] DEBUG org.apache.hc.client5.http.headers - http-outgoing-15 << X-XSS-Protection: 1; mode=block
09:48:33.417 [main] DEBUG org.apache.hc.client5.http.headers - http-outgoing-15 << X-GitHub-Request-Id: 4CA0:B8C7F:70C4E:8CACE:651389F9
09:48:33.417 [main] DEBUG org.apache.hc.client5.http.headers - http-outgoing-15 << Content-Encoding: gzip
09:48:33.417 [main] DEBUG org.apache.hc.client5.http.headers - http-outgoing-15 << Accept-Ranges: bytes
09:48:33.417 [main] DEBUG org.apache.hc.client5.http.headers - http-outgoing-15 << Date: Sat, 30 Sep 2023 02:48:44 GMT
09:48:33.417 [main] DEBUG org.apache.hc.client5.http.headers - http-outgoing-15 << Via: 1.1 varnish
09:48:33.417 [main] DEBUG org.apache.hc.client5.http.headers - http-outgoing-15 << X-Served-By: cache-qpg1255-QPG
09:48:33.417 [main] DEBUG org.apache.hc.client5.http.headers - http-outgoing-15 << X-Cache: HIT
09:48:33.417 [main] DEBUG org.apache.hc.client5.http.headers - http-outgoing-15 << X-Cache-Hits: 1
09:48:33.417 [main] DEBUG org.apache.hc.client5.http.headers - http-outgoing-15 << X-Timer: S1696042124.235725,VS0,VE1
09:48:33.417 [main] DEBUG org.apache.hc.client5.http.headers - http-outgoing-15 << Vary: Authorization,Accept-Encoding,Origin
09:48:33.417 [main] DEBUG org.apache.hc.client5.http.headers - http-outgoing-15 << Access-Control-Allow-Origin: *
09:48:33.417 [main] DEBUG org.apache.hc.client5.http.headers - http-outgoing-15 << Cross-Origin-Resource-Policy: cross-origin
09:48:33.417 [main] DEBUG org.apache.hc.client5.http.headers - http-outgoing-15 << X-Fastly-Request-ID: 541540133aa1ae05bd927c67c35eba96864f2ad8
09:48:33.417 [main] DEBUG org.apache.hc.client5.http.headers - http-outgoing-15 << Expires: Sat, 30 Sep 2023 02:53:44 GMT
09:48:33.417 [main] DEBUG org.apache.hc.client5.http.headers - http-outgoing-15 << Source-Age: 34
09:48:33.417 [main] DEBUG org.apache.hc.client5.http.impl.classic.MainClientExec - ex-00000015: connection can be kept alive for 3 MINUTES
09:48:33.419 [main] DEBUG org.apache.hc.client5.http.wire - http-outgoing-15 << "[0x1f][0xffffff8b][0x8][0x0][0x0][0x0][0x0][0x0][0x0][0x3][0xffffffb5]V]o[0xffffffda]0[0x14]}[0xffffffe7]W\[0xffffff81]*[0xffffffb5][0x12][0x1f][[M[0xffffffd3]$[0x1e]hF[0xffffffbb]i [0x18][0xffffffb4][0xffffffdd]&[0xfffffff9][0xffffffc5]$7[0xffffffc1]R[0x12]#;[0xffffff94]v[0xffffffbf]~[0xffffffb6][0xfffffff3]1[0xffffff92][0xffffff9a][0xffffffc1][0x1a]x[0xffffffcb][0xffffffb5][0xffffffaf][0xffffffcf]9[0xffffffbe][0xfffffff7]8v[0xb][0x1c][0x1e]E4[0xfffffff6]$x4[0xffffffa1][0xb]*[0xffffffb1][0xffffffd1][0xffffff82][0xfffffffb]%[0xffffff93][0xffffffe0][0xffffffb3][0x10][0xffffffc1][0xffffffe5]qBY,!Y[0xffffffea] KM8,[0x10][0xfffffff0][0x19][0xffffffdd]u[0xffffff82][0x1e][0xffffffb0][0xffffffd8]L[0xffffffcb]%[0xffffff86][0xffffffa1][0xe][0xffffffb8][0xfffffff0]P[0xffffffe8]$[0xf][0x13]t[0x13]3[0xfffffff9][0xffffff84]B2[0xffffffae][0xffffffe6]|@[0xfffffff5][0x1d][0x8][0xffffffc4][0x18][0x16][0xffffff82]o[0xffffffa4][0xffffff9a]P[0xffffff94][0xffffffe7][0xffffffce]R[0xfffffff0][0x8][0xffffffdb]p[0xffffffcb][0x4][0xfffffffa][0xfffffffc][0xffffffb9][\r][0xffffff93][0x15][\n]"
09:48:33.419 [main] DEBUG org.apache.hc.client5.http.wire - http-outgoing-15 << "[0xffffffda][0xffffff86][0xffffffa1][0x17][0xffffffa8]Q3[0xffffffcb][0xffffffd6][0xffffffd1][0xffffff85][0xffffffc6][0xfffffff7][0xffffff98][0xffffffef][0xffffffa3][0xffffffc0]8[0x1][0xffffffae]s[0x12][0x16][0x7] _d[0xffffff82][0xffffff91][0xffffff84][0xfffffff3][0x1f],[0xfffffff6][0x14]j[0x1b]F,^+[0xffffff98]1ua2[0xffffffbf]h([0xffffff8e][0xffffff94][0xffffffa2][0xffffff91]m[0xffffffa3][0xffffffeb][0xffffff9a][0xffffffb0][0xffffffbb]I[0x17]t[0xffffffdf][0xffffffbd][0xffffffef][0xffffffbb][0xffffff91][0xffffffd7]U[0xffffffbb][0xffffff82][0xffffff9e][0x3][0xffffff9b][0xffffff88][0xffffffb9][0xffffffa6]$[0xffffffa6][0xc][0xffffff9b][0xffffffa5][0xffffffe2][0xffffff83][0xffffff98]F[0xffffffd8]o[0xffffff9e]Mg[0xffffff93][0xffffffbb][0xffffffd9]`|[0xfffffffb]u4[0xffffff9c][0x7f]"}B[0xffffffce][0x8][0xffffffb9][0xffffffe3]<[0x8][0xffffff91][0xffffff90][0xffffff94][0xffffff82][0xffffff90][0xffffffc1]j[0x15]2WI[0xffffffe3]1![0x19][0xffffff91]BnB[0xffffff80][0x9]<f[0xffffffb5][0xffffffe8]=[0xffffffd1]p[0xffffffbd][[0xffffffcf][0xffffffe5][0x1b][0xfffffff4][0xffffff9c][0xffffffff][0xfffffffc][0xfffffff8][0xffffffe1][0xffffffe2][0xffffff94][0xffffffa2][0xffffffae][0xe][0x14]5[0xffffff9a]8[0xffffff83][0xffffffd1]`:[0xfffffffd]<[0xffffffb8][0x1f][0xffffff9c]R[0xffffffcf]u[0x7f]6[0xffffffbc][0xffffff83][0xffffffef][0xf][0xffffffc3][0xffffffd9]/[0xfffffff8][0xfffffff2][0xffffffcd]y s[0xffffffee]'[0x1b]*0g[0xffffffcb][0xffffffc8]nF7H][0xffffff83][0xffffff97]{[0xffffffb1]Q[0x5][\r][0xffffffb5]c[0xffffffb4][0xf][0x2][0xffffffb3][0xffffffb4][0xffffff93][0xe]C[0xffffffa7][0xffffffb3]kAD][0xffffff9d][0xffffffde][0xffffffdb][0xffffffda][0xffffff88][0xffffffec][0xffffffa5][0xffffffbc][0xffffff99][0xffffffd9][0xffffffba]t[0xffffffb5][0xffffffea]9[0xffffffea][0x10])[0xffffffb7][0xffffffca][0xffffff9e][0xfffffff2][0xffffffe2]d^N[0xffffffd8]FW[0x16][0xffffffcd][0xffffffdc]_[0x10][0xfffffff9]i|[0x1c][0xffffff93][0xffffff8e][0xfffffff9]o[0x16][0xffffff86]4'!$G[0xffffffdf]W[0xfffffff4]W*j[[0xfffffff3]xR[0xffffffae][0xffffffb6][0xc][0xffffffd0],; #[0xffffffa9][0xffffff92]5[0xffffffb5][0x7][0xffffff9c][0xffffffb5][0xffffffd0][0x7f][0xffffff90][0xffffffc7]jgs[0xfffffffc][0xffffffc2][0xb][0xffffffd9][0x0]t[0xffffff9e]^'Y[0xfffffffb][0xffffff9f][0xffffffb1][0xffffffd8]:[0xffffffbf][0xffffff8d][0xffffffa5][0xffffff9a][0xffffffad][0x7f]m[0x5]&[0xffffffaa][0xffffffa0]^[0xffffff9b][0xffffffcb][0x5]f[0xffffffae][0xffffffe0]RU[0xffffff82][0x10]MS9l[0xffffff91]4t[0xfffffffb][0xffffff8a]][0xffffffd6][0xfffffff4][0xffffff96][0xffffffa6][0xffffff9f]P[0xffffffce][0xffffffd5][0xffffffce][0xffffff93][0xffffffff][0xffffff97][0xffffffcc]p[0xfffffffd][0xfffffff3][0xffffffe8][0x1b][0xffffffcc][0xffffffa2][0xffffffd9]Q[0xffffffbe][0xffffffb2][0xffffffa3][0xffffffc7]m'[0xffffffdf][0xffffffe4][[0xfffffffb]^[0xffffffb0][0xffffff9a][0xffffffbe][0xffffffda][0xffffffda]_[0xffffffce][0xffffff80][0xffffffd2][0xffffffc1]7[0xffffffb7]][0xffffffc1]b[0xffffffee][0xffffffb5][0xffffffff]w[0xffffff83][0xffffffed][0xffffffa7];[0x15]<[0x10]4[0xffffff92][0xffffff84][0x18][\n]"
09:48:33.419 [main] DEBUG org.apache.hc.client5.http.wire - http-outgoing-15 << "BB[0xffffffba][0xffffff8e]][0xffffffb5]jo[0xffffffb9]+"[0xffffffea][0xffffffb4][0xffffffff]h"[0xffffffea]\?5[0xffffffa9][0xffffffaf]k[0xffffffec][0xffffffff]P[0xffffffea][\n]"
09:48:33.419 [main] DEBUG org.apache.hc.client5.http.wire - http-outgoing-15 << "w[0xffffffe1]K[0x13][0xffffffda][0xffffffec][0xffffff98][0xffffffe6]Y[0xfffffffd]h8m6[0xffffff9c]T[0xffffffc1][0xfffffff2][0xffffffa7][0xffffff91]z_[0xffffff95]o85p[0x1c][0x13][0xffffffe6][0xfffffff0]5[0xffffffee][0xfffffffc][0xffffff92][0xffffff96][0xffffffda][0xfffffff7][0xffffffcf][0xffffffb1][0x5][0x1d][0xffffffea]K[0xffffff9b]9[0xffffff8e][0xffffffad]e[0xfffffff7][0xffffff93][0xffffffa8]`[0xffffffda][0xffffffff][0x1a][0xffffffd2][0xffffff88][0xffffff85][0xfffffffd][0xfffffff2][0xffffff91]N[0xfffffff6]`[0xffffffdf]2[0xffffffcf][0xffffffae]E[0xffffff97][0xffffffc5][0xffffffa2][0xffffff9d][0xffffffef]'[0xffffff9d]mun.[0xffffffd3]f^[0xffffffc7][0xffffff82][0xffffffda][0xffffff82]9[0xfffffff5][0xffffffa9]`[0x5][0xffffffbc]4[0xffffffa1][0x1d]<M[0xffffffb5]A[0xffffffa7]3[[0xffffffc0][0x7f][0x0][0xffffffc1][0xffffffd0]$[0xffffff85][0x1d][\r][0x0][0x0]"
09:48:33.419 [main] DEBUG org.apache.hc.client5.http.impl.classic.InternalHttpClient - ep-00000014: releasing valid endpoint
09:48:33.419 [main] DEBUG org.apache.hc.client5.http.impl.io.PoolingHttpClientConnectionManager - ep-00000014: releasing endpoint
09:48:33.419 [main] DEBUG org.apache.hc.client5.http.impl.io.PoolingHttpClientConnectionManager - ep-00000014: connection http-outgoing-15 can be kept alive for 3 MINUTES
09:48:33.419 [main] DEBUG org.apache.hc.client5.http.impl.io.PoolingHttpClientConnectionManager - ep-00000014: connection released [route: {s}->https://raw.githubusercontent.com:443][total available: 1; route allocated: 1 of 5; total allocated: 1 of 25]
09:48:33.419 [main] DEBUG io.github.bonigarcia.wdm.versions.VersionDetector - Detecting chrome version using online commands.properties
09:48:33.419 [main] DEBUG io.github.bonigarcia.wdm.versions.Shell - Running command on the shell: [cmd.exe, /C, wmic, datafile, where, name="%PROGRAMFILES:\=\\%\\Google\\Chrome\\Application\\chrome.exe", get, Version, /value]
09:48:33.569 [main] DEBUG io.github.bonigarcia.wdm.versions.Shell - Result: Version=117.0.5938.132
09:48:33.569 [main] DEBUG org.apache.hc.client5.http.impl.classic.InternalHttpClient - ex-00000016: preparing request execution
09:48:33.569 [main] DEBUG org.apache.hc.client5.http.protocol.RequestAddCookies - Cookie spec selected: strict
09:48:33.569 [main] DEBUG org.apache.hc.client5.http.protocol.RequestAuthCache - Auth cache not set in the context
09:48:33.569 [main] DEBUG org.apache.hc.client5.http.impl.classic.ProtocolExec - ex-00000016: target auth state: UNCHALLENGED
09:48:33.569 [main] DEBUG org.apache.hc.client5.http.impl.classic.ProtocolExec - ex-00000016: proxy auth state: UNCHALLENGED
09:48:33.569 [main] DEBUG org.apache.hc.client5.http.impl.classic.ConnectExec - ex-00000016: acquiring connection with route {s}->https://chromedriver.storage.googleapis.com:443
09:48:33.569 [main] DEBUG org.apache.hc.client5.http.impl.classic.InternalHttpClient - ex-00000016: acquiring endpoint (3 MINUTES)
09:48:33.569 [main] DEBUG org.apache.hc.client5.http.impl.io.PoolingHttpClientConnectionManager - ex-00000016: endpoint lease request (3 MINUTES) [route: {s}->https://chromedriver.storage.googleapis.com:443][total available: 1; route allocated: 0 of 5; total allocated: 1 of 25]
09:48:33.569 [main] DEBUG org.apache.hc.client5.http.impl.io.PoolingHttpClientConnectionManager - ex-00000016: endpoint leased [route: {s}->https://chromedriver.storage.googleapis.com:443][total available: 1; route allocated: 1 of 5; total allocated: 2 of 25]
09:48:33.569 [main] DEBUG org.apache.hc.client5.http.impl.io.PoolingHttpClientConnectionManager - ex-00000016: acquired ep-00000015
09:48:33.569 [main] DEBUG org.apache.hc.client5.http.impl.classic.InternalHttpClient - ex-00000016: acquired endpoint ep-00000015
09:48:33.569 [main] DEBUG org.apache.hc.client5.http.impl.classic.ConnectExec - ex-00000016: opening connection {s}->https://chromedriver.storage.googleapis.com:443
09:48:33.569 [main] DEBUG org.apache.hc.client5.http.impl.classic.InternalHttpClient - ep-00000015: connecting endpoint (30 SECONDS)
09:48:33.569 [main] DEBUG org.apache.hc.client5.http.impl.io.PoolingHttpClientConnectionManager - ep-00000015: connecting endpoint to https://chromedriver.storage.googleapis.com:443 (30 SECONDS)
09:48:33.569 [main] DEBUG org.apache.hc.client5.http.impl.io.DefaultHttpClientConnectionOperator - http-outgoing-16: connecting to chromedriver.storage.googleapis.com/34.101.5.123:443
09:48:33.569 [main] DEBUG org.apache.hc.client5.http.ssl.SSLConnectionSocketFactory - Connecting socket to chromedriver.storage.googleapis.com/34.101.5.123:443 with timeout 30 SECONDS
09:48:33.574 [main] DEBUG org.apache.hc.client5.http.ssl.SSLConnectionSocketFactory - Enabled protocols: [TLSv1.3, TLSv1.2]
09:48:33.574 [main] DEBUG org.apache.hc.client5.http.ssl.SSLConnectionSocketFactory - Enabled cipher suites: [TLS_AES_256_GCM_SHA384, TLS_AES_128_GCM_SHA256, TLS_CHACHA20_POLY1305_SHA256, TLS_ECDHE_ECDSA_WITH_AES_256_GCM_SHA384, TLS_ECDHE_ECDSA_WITH_AES_128_GCM_SHA256, TLS_ECDHE_ECDSA_WITH_CHACHA20_POLY1305_SHA256, TLS_ECDHE_RSA_WITH_AES_256_GCM_SHA384, TLS_ECDHE_RSA_WITH_CHACHA20_POLY1305_SHA256, TLS_ECDHE_RSA_WITH_AES_128_GCM_SHA256, TLS_DHE_RSA_WITH_AES_256_GCM_SHA384, TLS_DHE_RSA_WITH_CHACHA20_POLY1305_SHA256, TLS_DHE_DSS_WITH_AES_256_GCM_SHA384, TLS_DHE_RSA_WITH_AES_128_GCM_SHA256, TLS_DHE_DSS_WITH_AES_128_GCM_SHA256, TLS_ECDHE_ECDSA_WITH_AES_256_CBC_SHA384, TLS_ECDHE_RSA_WITH_AES_256_CBC_SHA384, TLS_ECDHE_ECDSA_WITH_AES_128_CBC_SHA256, TLS_ECDHE_RSA_WITH_AES_128_CBC_SHA256, TLS_DHE_RSA_WITH_AES_256_CBC_SHA256, TLS_DHE_DSS_WITH_AES_256_CBC_SHA256, TLS_DHE_RSA_WITH_AES_128_CBC_SHA256, TLS_DHE_DSS_WITH_AES_128_CBC_SHA256, TLS_ECDH_ECDSA_WITH_AES_256_GCM_SHA384, TLS_ECDH_RSA_WITH_AES_256_GCM_SHA384, TLS_ECDH_ECDSA_WITH_AES_128_GCM_SHA256, TLS_ECDH_RSA_WITH_AES_128_GCM_SHA256, TLS_ECDH_ECDSA_WITH_AES_256_CBC_SHA384, TLS_ECDH_RSA_WITH_AES_256_CBC_SHA384, TLS_ECDH_ECDSA_WITH_AES_128_CBC_SHA256, TLS_ECDH_RSA_WITH_AES_128_CBC_SHA256, TLS_ECDHE_ECDSA_WITH_AES_256_CBC_SHA, TLS_ECDHE_RSA_WITH_AES_256_CBC_SHA, TLS_ECDHE_ECDSA_WITH_AES_128_CBC_SHA, TLS_ECDHE_RSA_WITH_AES_128_CBC_SHA, TLS_DHE_RSA_WITH_AES_256_CBC_SHA, TLS_DHE_DSS_WITH_AES_256_CBC_SHA, TLS_DHE_RSA_WITH_AES_128_CBC_SHA, TLS_DHE_DSS_WITH_AES_128_CBC_SHA, TLS_ECDH_ECDSA_WITH_AES_256_CBC_SHA, TLS_ECDH_RSA_WITH_AES_256_CBC_SHA, TLS_ECDH_ECDSA_WITH_AES_128_CBC_SHA, TLS_ECDH_RSA_WITH_AES_128_CBC_SHA, TLS_RSA_WITH_AES_256_GCM_SHA384, TLS_RSA_WITH_AES_128_GCM_SHA256, TLS_RSA_WITH_AES_256_CBC_SHA256, TLS_RSA_WITH_AES_128_CBC_SHA256, TLS_RSA_WITH_AES_256_CBC_SHA, TLS_RSA_WITH_AES_128_CBC_SHA, TLS_EMPTY_RENEGOTIATION_INFO_SCSV]
09:48:33.574 [main] DEBUG org.apache.hc.client5.http.ssl.SSLConnectionSocketFactory - Starting handshake
09:48:33.609 [main] DEBUG org.apache.hc.client5.http.ssl.SSLConnectionSocketFactory - Secure session established
09:48:33.609 [main] DEBUG org.apache.hc.client5.http.ssl.SSLConnectionSocketFactory -  negotiated protocol: TLSv1.3
09:48:33.609 [main] DEBUG org.apache.hc.client5.http.ssl.SSLConnectionSocketFactory -  negotiated cipher suite: TLS_AES_256_GCM_SHA384
09:48:33.609 [main] DEBUG org.apache.hc.client5.http.ssl.SSLConnectionSocketFactory -  peer principal: CN=*.storage.googleapis.com
09:48:33.609 [main] DEBUG org.apache.hc.client5.http.ssl.SSLConnectionSocketFactory -  peer alternative names: [*.storage.googleapis.com, *.googleapis.com, commondatastorage.googleapis.com, *.commondatastorage.googleapis.com, storage.googleapis.com, storage-p2.googleapis.com, *.storage-p2.googleapis.com, storage.mtls.googleapis.com, *.appspot.com.storage.googleapis.com, *.content-storage.googleapis.com, *.content-storage-p2.googleapis.com, *.content-storage-upload.googleapis.com, *.content-storage-download.googleapis.com, *.storage-upload.googleapis.com, *.storage-download.googleapis.com]
09:48:33.609 [main] DEBUG org.apache.hc.client5.http.ssl.SSLConnectionSocketFactory -  issuer principal: CN=GTS CA 1C3, O=Google Trust Services LLC, C=US
09:48:33.609 [main] DEBUG org.apache.hc.client5.http.impl.io.DefaultHttpClientConnectionOperator - http-outgoing-16: connection established 192.168.100.42:64119<->34.101.5.123:443
09:48:33.609 [main] DEBUG org.apache.hc.client5.http.impl.io.PoolingHttpClientConnectionManager - ep-00000015: connected http-outgoing-16
09:48:33.609 [main] DEBUG org.apache.hc.client5.http.impl.classic.InternalHttpClient - ep-00000015: endpoint connected
09:48:33.609 [main] DEBUG org.apache.hc.client5.http.impl.classic.MainClientExec - ex-00000016: executing GET /LATEST_RELEASE_117 HTTP/1.1
09:48:33.609 [main] DEBUG org.apache.hc.client5.http.impl.classic.InternalHttpClient - ep-00000015: start execution ex-00000016
09:48:33.609 [main] DEBUG org.apache.hc.client5.http.impl.io.PoolingHttpClientConnectionManager - ep-00000015: executing exchange ex-00000016 over http-outgoing-16
09:48:33.609 [main] DEBUG org.apache.hc.client5.http.headers - http-outgoing-16 >> GET /LATEST_RELEASE_117 HTTP/1.1
09:48:33.609 [main] DEBUG org.apache.hc.client5.http.headers - http-outgoing-16 >> user-agent: Apache-HttpClient/5.0
09:48:33.609 [main] DEBUG org.apache.hc.client5.http.headers - http-outgoing-16 >> accept-encoding: gzip, deflate, br
09:48:33.609 [main] DEBUG org.apache.hc.client5.http.headers - http-outgoing-16 >> cache-control: max-age=0
09:48:33.609 [main] DEBUG org.apache.hc.client5.http.headers - http-outgoing-16 >> connection: keep-alive
09:48:33.609 [main] DEBUG org.apache.hc.client5.http.headers - http-outgoing-16 >> Host: chromedriver.storage.googleapis.com
09:48:33.609 [main] DEBUG org.apache.hc.client5.http.wire - http-outgoing-16 >> "GET /LATEST_RELEASE_117 HTTP/1.1[\r][\n]"
09:48:33.609 [main] DEBUG org.apache.hc.client5.http.wire - http-outgoing-16 >> "user-agent: Apache-HttpClient/5.0[\r][\n]"
09:48:33.609 [main] DEBUG org.apache.hc.client5.http.wire - http-outgoing-16 >> "accept-encoding: gzip, deflate, br[\r][\n]"
09:48:33.609 [main] DEBUG org.apache.hc.client5.http.wire - http-outgoing-16 >> "cache-control: max-age=0[\r][\n]"
09:48:33.609 [main] DEBUG org.apache.hc.client5.http.wire - http-outgoing-16 >> "connection: keep-alive[\r][\n]"
09:48:33.609 [main] DEBUG org.apache.hc.client5.http.wire - http-outgoing-16 >> "Host: chromedriver.storage.googleapis.com[\r][\n]"
09:48:33.609 [main] DEBUG org.apache.hc.client5.http.wire - http-outgoing-16 >> "[\r][\n]"
09:48:33.848 [main] DEBUG org.apache.hc.client5.http.wire - http-outgoing-16 << "HTTP/1.1 404 Not Found[\r][\n]"
09:48:33.848 [main] DEBUG org.apache.hc.client5.http.wire - http-outgoing-16 << "X-GUploader-UploadID: ADPycdtVDZ3DSKofGgSGUKllvUzXioUl_k6GIHZ0qvLhN_C0JEPyoP4iiMj149JMHocTg1TonoohAqdRd0Ez83dFJ10J8CIIL3wn[\r][\n]"
09:48:33.848 [main] DEBUG org.apache.hc.client5.http.wire - http-outgoing-16 << "Content-Type: application/xml; charset=UTF-8[\r][\n]"
09:48:33.848 [main] DEBUG org.apache.hc.client5.http.wire - http-outgoing-16 << "Content-Length: 193[\r][\n]"
09:48:33.848 [main] DEBUG org.apache.hc.client5.http.wire - http-outgoing-16 << "Date: Sat, 30 Sep 2023 02:48:44 GMT[\r][\n]"
09:48:33.848 [main] DEBUG org.apache.hc.client5.http.wire - http-outgoing-16 << "Expires: Sat, 30 Sep 2023 02:48:44 GMT[\r][\n]"
09:48:33.848 [main] DEBUG org.apache.hc.client5.http.wire - http-outgoing-16 << "Cache-Control: private, max-age=0[\r][\n]"
09:48:33.848 [main] DEBUG org.apache.hc.client5.http.wire - http-outgoing-16 << "Server: UploadServer[\r][\n]"
09:48:33.848 [main] DEBUG org.apache.hc.client5.http.wire - http-outgoing-16 << "Alt-Svc: h3=":443"; ma=2592000,h3-29=":443"; ma=2592000[\r][\n]"
09:48:33.848 [main] DEBUG org.apache.hc.client5.http.wire - http-outgoing-16 << "[\r][\n]"
09:48:33.848 [main] DEBUG org.apache.hc.client5.http.wire - http-outgoing-16 << "<?xml version='1.0' encoding='UTF-8'?><Error><Code>NoSuchKey</Code><Message>The specified key does not exist.</Message><Details>No such object: chromedriver/LATEST_RELEASE_117</Details></Error>"
09:48:33.848 [main] DEBUG org.apache.hc.client5.http.headers - http-outgoing-16 << HTTP/1.1 404 Not Found
09:48:33.848 [main] DEBUG org.apache.hc.client5.http.headers - http-outgoing-16 << X-GUploader-UploadID: ADPycdtVDZ3DSKofGgSGUKllvUzXioUl_k6GIHZ0qvLhN_C0JEPyoP4iiMj149JMHocTg1TonoohAqdRd0Ez83dFJ10J8CIIL3wn
09:48:33.848 [main] DEBUG org.apache.hc.client5.http.headers - http-outgoing-16 << Content-Type: application/xml; charset=UTF-8
09:48:33.848 [main] DEBUG org.apache.hc.client5.http.headers - http-outgoing-16 << Content-Length: 193
09:48:33.848 [main] DEBUG org.apache.hc.client5.http.headers - http-outgoing-16 << Date: Sat, 30 Sep 2023 02:48:44 GMT
09:48:33.848 [main] DEBUG org.apache.hc.client5.http.headers - http-outgoing-16 << Expires: Sat, 30 Sep 2023 02:48:44 GMT
09:48:33.848 [main] DEBUG org.apache.hc.client5.http.headers - http-outgoing-16 << Cache-Control: private, max-age=0
09:48:33.848 [main] DEBUG org.apache.hc.client5.http.headers - http-outgoing-16 << Server: UploadServer
09:48:33.848 [main] DEBUG org.apache.hc.client5.http.headers - http-outgoing-16 << Alt-Svc: h3=":443"; ma=2592000,h3-29=":443"; ma=2592000
09:48:33.848 [main] DEBUG org.apache.hc.client5.http.impl.classic.MainClientExec - ex-00000016: connection can be kept alive for 3 MINUTES
09:48:33.848 [main] ERROR io.github.bonigarcia.wdm.online.HttpClient - Error HTTP 404 executing https://chromedriver.storage.googleapis.com/LATEST_RELEASE_117
09:48:33.848 [main] WARN io.github.bonigarcia.wdm.versions.VersionDetector - Exception reading https://chromedriver.storage.googleapis.com/LATEST_RELEASE_117 to get latest version of chromedriver (Error HTTP 404 executing https://chromedriver.storage.googleapis.com/LATEST_RELEASE_117)
09:48:33.848 [main] DEBUG io.github.bonigarcia.wdm.versions.VersionDetector - Getting driver version for chrome117 from online versions.properties
09:48:33.861 [main] DEBUG org.apache.hc.client5.http.impl.classic.InternalHttpClient - ex-00000017: preparing request execution
09:48:33.861 [main] DEBUG org.apache.hc.client5.http.protocol.RequestAddCookies - Cookie spec selected: strict
09:48:33.861 [main] DEBUG org.apache.hc.client5.http.protocol.RequestAuthCache - Auth cache not set in the context
09:48:33.861 [main] DEBUG org.apache.hc.client5.http.impl.classic.ProtocolExec - ex-00000017: target auth state: UNCHALLENGED
09:48:33.861 [main] DEBUG org.apache.hc.client5.http.impl.classic.ProtocolExec - ex-00000017: proxy auth state: UNCHALLENGED
09:48:33.861 [main] DEBUG org.apache.hc.client5.http.impl.classic.ConnectExec - ex-00000017: acquiring connection with route {s}->https://raw.githubusercontent.com:443
09:48:33.861 [main] DEBUG org.apache.hc.client5.http.impl.classic.InternalHttpClient - ex-00000017: acquiring endpoint (3 MINUTES)
09:48:33.861 [main] DEBUG org.apache.hc.client5.http.impl.io.PoolingHttpClientConnectionManager - ex-00000017: endpoint lease request (3 MINUTES) [route: {s}->https://raw.githubusercontent.com:443][total available: 1; route allocated: 1 of 5; total allocated: 2 of 25]
09:48:33.861 [main] DEBUG org.apache.hc.client5.http.impl.io.PoolingHttpClientConnectionManager - ex-00000017: endpoint leased [route: {s}->https://raw.githubusercontent.com:443][total available: 0; route allocated: 1 of 5; total allocated: 2 of 25]
09:48:33.861 [main] DEBUG org.apache.hc.client5.http.impl.io.PoolingHttpClientConnectionManager - ex-00000017: acquired ep-00000016
09:48:33.861 [main] DEBUG org.apache.hc.client5.http.impl.classic.InternalHttpClient - ex-00000017: acquired endpoint ep-00000016
09:48:33.861 [main] DEBUG org.apache.hc.client5.http.impl.classic.MainClientExec - ex-00000017: executing GET /bonigarcia/webdrivermanager/master/src/main/resources/versions.properties HTTP/1.1
09:48:33.861 [main] DEBUG org.apache.hc.client5.http.impl.classic.InternalHttpClient - ep-00000016: start execution ex-00000017
09:48:33.861 [main] DEBUG org.apache.hc.client5.http.impl.io.PoolingHttpClientConnectionManager - ep-00000016: executing exchange ex-00000017 over http-outgoing-15
09:48:33.861 [main] DEBUG org.apache.hc.client5.http.headers - http-outgoing-15 >> GET /bonigarcia/webdrivermanager/master/src/main/resources/versions.properties HTTP/1.1
09:48:33.861 [main] DEBUG org.apache.hc.client5.http.headers - http-outgoing-15 >> user-agent: Apache-HttpClient/5.0
09:48:33.861 [main] DEBUG org.apache.hc.client5.http.headers - http-outgoing-15 >> accept-encoding: gzip, deflate, br
09:48:33.861 [main] DEBUG org.apache.hc.client5.http.headers - http-outgoing-15 >> cache-control: max-age=0
09:48:33.861 [main] DEBUG org.apache.hc.client5.http.headers - http-outgoing-15 >> connection: keep-alive
09:48:33.861 [main] DEBUG org.apache.hc.client5.http.headers - http-outgoing-15 >> Host: raw.githubusercontent.com
09:48:33.861 [main] DEBUG org.apache.hc.client5.http.wire - http-outgoing-15 >> "GET /bonigarcia/webdrivermanager/master/src/main/resources/versions.properties HTTP/1.1[\r][\n]"
09:48:33.861 [main] DEBUG org.apache.hc.client5.http.wire - http-outgoing-15 >> "user-agent: Apache-HttpClient/5.0[\r][\n]"
09:48:33.861 [main] DEBUG org.apache.hc.client5.http.wire - http-outgoing-15 >> "accept-encoding: gzip, deflate, br[\r][\n]"
09:48:33.861 [main] DEBUG org.apache.hc.client5.http.wire - http-outgoing-15 >> "cache-control: max-age=0[\r][\n]"
09:48:33.861 [main] DEBUG org.apache.hc.client5.http.wire - http-outgoing-15 >> "connection: keep-alive[\r][\n]"
09:48:33.861 [main] DEBUG org.apache.hc.client5.http.wire - http-outgoing-15 >> "Host: raw.githubusercontent.com[\r][\n]"
09:48:33.861 [main] DEBUG org.apache.hc.client5.http.wire - http-outgoing-15 >> "[\r][\n]"
09:48:33.892 [main] DEBUG org.apache.hc.client5.http.wire - http-outgoing-15 << "HTTP/1.1 200 OK[\r][\n]"
09:48:33.892 [main] DEBUG org.apache.hc.client5.http.wire - http-outgoing-15 << "Connection: keep-alive[\r][\n]"
09:48:33.892 [main] DEBUG org.apache.hc.client5.http.wire - http-outgoing-15 << "Content-Length: 1615[\r][\n]"
09:48:33.892 [main] DEBUG org.apache.hc.client5.http.wire - http-outgoing-15 << "Cache-Control: max-age=300[\r][\n]"
09:48:33.892 [main] DEBUG org.apache.hc.client5.http.wire - http-outgoing-15 << "Content-Security-Policy: default-src 'none'; style-src 'unsafe-inline'; sandbox[\r][\n]"
09:48:33.892 [main] DEBUG org.apache.hc.client5.http.wire - http-outgoing-15 << "Content-Type: text/plain; charset=utf-8[\r][\n]"
09:48:33.892 [main] DEBUG org.apache.hc.client5.http.wire - http-outgoing-15 << "ETag: W/"65e8ec46ef4920945cc03f0386cc600d8027ed4440e101d5729220d93bfa6f0f"[\r][\n]"
09:48:33.892 [main] DEBUG org.apache.hc.client5.http.wire - http-outgoing-15 << "Strict-Transport-Security: max-age=31536000[\r][\n]"
09:48:33.892 [main] DEBUG org.apache.hc.client5.http.wire - http-outgoing-15 << "X-Content-Type-Options: nosniff[\r][\n]"
09:48:33.892 [main] DEBUG org.apache.hc.client5.http.wire - http-outgoing-15 << "X-Frame-Options: deny[\r][\n]"
09:48:33.892 [main] DEBUG org.apache.hc.client5.http.wire - http-outgoing-15 << "X-XSS-Protection: 1; mode=block[\r][\n]"
09:48:33.892 [main] DEBUG org.apache.hc.client5.http.wire - http-outgoing-15 << "X-GitHub-Request-Id: 4D10:B89CD:6D987:89792:651389FC[\r][\n]"
09:48:33.892 [main] DEBUG org.apache.hc.client5.http.wire - http-outgoing-15 << "Content-Encoding: gzip[\r][\n]"
09:48:33.892 [main] DEBUG org.apache.hc.client5.http.wire - http-outgoing-15 << "Accept-Ranges: bytes[\r][\n]"
09:48:33.892 [main] DEBUG org.apache.hc.client5.http.wire - http-outgoing-15 << "Date: Sat, 30 Sep 2023 02:48:44 GMT[\r][\n]"
09:48:33.892 [main] DEBUG org.apache.hc.client5.http.wire - http-outgoing-15 << "Via: 1.1 varnish[\r][\n]"
09:48:33.892 [main] DEBUG org.apache.hc.client5.http.wire - http-outgoing-15 << "X-Served-By: cache-qpg1255-QPG[\r][\n]"
09:48:33.892 [main] DEBUG org.apache.hc.client5.http.wire - http-outgoing-15 << "X-Cache: HIT[\r][\n]"
09:48:33.892 [main] DEBUG org.apache.hc.client5.http.wire - http-outgoing-15 << "X-Cache-Hits: 1[\r][\n]"
09:48:33.892 [main] DEBUG org.apache.hc.client5.http.wire - http-outgoing-15 << "X-Timer: S1696042125.719867,VS0,VE1[\r][\n]"
09:48:33.892 [main] DEBUG org.apache.hc.client5.http.wire - http-outgoing-15 << "Vary: Authorization,Accept-Encoding,Origin[\r][\n]"
09:48:33.892 [main] DEBUG org.apache.hc.client5.http.wire - http-outgoing-15 << "Access-Control-Allow-Origin: *[\r][\n]"
09:48:33.892 [main] DEBUG org.apache.hc.client5.http.wire - http-outgoing-15 << "Cross-Origin-Resource-Policy: cross-origin[\r][\n]"
09:48:33.892 [main] DEBUG org.apache.hc.client5.http.wire - http-outgoing-15 << "X-Fastly-Request-ID: b9b2bb8d7fa0b81512a78910a9ab2baad7ba5784[\r][\n]"
09:48:33.892 [main] DEBUG org.apache.hc.client5.http.wire - http-outgoing-15 << "Expires: Sat, 30 Sep 2023 02:53:44 GMT[\r][\n]"
09:48:33.892 [main] DEBUG org.apache.hc.client5.http.wire - http-outgoing-15 << "Source-Age: 126[\r][\n]"
09:48:33.892 [main] DEBUG org.apache.hc.client5.http.wire - http-outgoing-15 << "[\r][\n]"
09:48:33.892 [main] DEBUG org.apache.hc.client5.http.headers - http-outgoing-15 << HTTP/1.1 200 OK
09:48:33.892 [main] DEBUG org.apache.hc.client5.http.headers - http-outgoing-15 << Connection: keep-alive
09:48:33.892 [main] DEBUG org.apache.hc.client5.http.headers - http-outgoing-15 << Content-Length: 1615
09:48:33.892 [main] DEBUG org.apache.hc.client5.http.headers - http-outgoing-15 << Cache-Control: max-age=300
09:48:33.892 [main] DEBUG org.apache.hc.client5.http.headers - http-outgoing-15 << Content-Security-Policy: default-src 'none'; style-src 'unsafe-inline'; sandbox
09:48:33.892 [main] DEBUG org.apache.hc.client5.http.headers - http-outgoing-15 << Content-Type: text/plain; charset=utf-8
09:48:33.892 [main] DEBUG org.apache.hc.client5.http.headers - http-outgoing-15 << ETag: W/"65e8ec46ef4920945cc03f0386cc600d8027ed4440e101d5729220d93bfa6f0f"
09:48:33.892 [main] DEBUG org.apache.hc.client5.http.headers - http-outgoing-15 << Strict-Transport-Security: max-age=31536000
09:48:33.892 [main] DEBUG org.apache.hc.client5.http.headers - http-outgoing-15 << X-Content-Type-Options: nosniff
09:48:33.892 [main] DEBUG org.apache.hc.client5.http.headers - http-outgoing-15 << X-Frame-Options: deny
09:48:33.892 [main] DEBUG org.apache.hc.client5.http.headers - http-outgoing-15 << X-XSS-Protection: 1; mode=block
09:48:33.892 [main] DEBUG org.apache.hc.client5.http.headers - http-outgoing-15 << X-GitHub-Request-Id: 4D10:B89CD:6D987:89792:651389FC
09:48:33.892 [main] DEBUG org.apache.hc.client5.http.headers - http-outgoing-15 << Content-Encoding: gzip
09:48:33.892 [main] DEBUG org.apache.hc.client5.http.headers - http-outgoing-15 << Accept-Ranges: bytes
09:48:33.892 [main] DEBUG org.apache.hc.client5.http.headers - http-outgoing-15 << Date: Sat, 30 Sep 2023 02:48:44 GMT
09:48:33.892 [main] DEBUG org.apache.hc.client5.http.headers - http-outgoing-15 << Via: 1.1 varnish
09:48:33.892 [main] DEBUG org.apache.hc.client5.http.headers - http-outgoing-15 << X-Served-By: cache-qpg1255-QPG
09:48:33.892 [main] DEBUG org.apache.hc.client5.http.headers - http-outgoing-15 << X-Cache: HIT
09:48:33.892 [main] DEBUG org.apache.hc.client5.http.headers - http-outgoing-15 << X-Cache-Hits: 1
09:48:33.892 [main] DEBUG org.apache.hc.client5.http.headers - http-outgoing-15 << X-Timer: S1696042125.719867,VS0,VE1
09:48:33.892 [main] DEBUG org.apache.hc.client5.http.headers - http-outgoing-15 << Vary: Authorization,Accept-Encoding,Origin
09:48:33.892 [main] DEBUG org.apache.hc.client5.http.headers - http-outgoing-15 << Access-Control-Allow-Origin: *
09:48:33.892 [main] DEBUG org.apache.hc.client5.http.headers - http-outgoing-15 << Cross-Origin-Resource-Policy: cross-origin
09:48:33.892 [main] DEBUG org.apache.hc.client5.http.headers - http-outgoing-15 << X-Fastly-Request-ID: b9b2bb8d7fa0b81512a78910a9ab2baad7ba5784
09:48:33.892 [main] DEBUG org.apache.hc.client5.http.headers - http-outgoing-15 << Expires: Sat, 30 Sep 2023 02:53:44 GMT
09:48:33.892 [main] DEBUG org.apache.hc.client5.http.headers - http-outgoing-15 << Source-Age: 126
09:48:33.892 [main] DEBUG org.apache.hc.client5.http.impl.classic.MainClientExec - ex-00000017: connection can be kept alive for 3 MINUTES
09:48:33.892 [main] DEBUG org.apache.hc.client5.http.wire - http-outgoing-15 << "[0x1f][0xffffff8b][0x8][0x0][0x0][0x0][0x0][0x0][0x0][0x3][0xffffff8d][0xffffff97]Ko#7[0xc][0xffffffc7][0xffffffef][0xfffffff9][0x14][0x3][0xfffffff4][0x1c]YO[0xffffff8a][\n]"
09:48:33.892 [main] DEBUG org.apache.hc.client5.http.wire - http-outgoing-15 << "[0xffffffa0]K[0xffffff9f][0xffffffa7][0xffffffa2][0xffffff87][0xfffffff6][0xb]x[0xffffffed]Ib[0xffffffac][0xffffffe3][0x9]lg[0xffffffb3][0xffffffe8][0xffffffa7]/[0xfffffff5][0xffffffa0]F[0xffffff96][[0xffffffa0][0xffffff87]`[0xffffff97]?k$[0xffffff92][0xffffffe2]p[0xfffffffe][0xfffffffc]a[0xfffffffa][0xffffffeb][0xfffffff5]p[0xffffff99][0xffffff9e][0xf][0xffffffc7]y[0xffffffda]-[0xffffffa7][0xffffffeb][0xfffffff6]p[0xffffffba]L[0xffffffd7][0xffffffd7]y[0xfffffffa]zZ>O[0xffffffd3][0xfffffffe]|[0xfffffff8]6[0xffffff9f]'[0xfffffffa][0xffffffbb][0x1c][0x16][0xfffffffa]e[0xffffffb7][0xffffffbc][0xffffffbd]o[0xffffffaf][0xffffff87]/[0xffffffb4][0xfffffffa][0xfffffff3]p}[0xffffffcd]+w[0xffffffcb][0xfffffff9]<_[0xffffffde][0xffffff97][0xffffffd3][0xfffffffe]pz[0xffffff99][0xffffffbe][0xffffff9c][0xffffff97][0xffffffcf][0xffffffcb][0xfffffffa][0xffffffc8][0xffffffc3][0xffffffc3][0xf][0xffffffd3][0xffffff8f][0x5]=M[0xffffffbf]-[0xffffffcb][0xb]=[0xfffffff9][0xffffffd3][0xffffffeb]yy[0xffffff9b][0xffffffa7][0xffffffed]i_[0xfffffffe]{[0xfffffff8]x[0xffffff9b][0x1e][0xffffffa7][0xffffff9f][0xfffffff3]QO[0xffffffd3].[0xffffffff]Z[0xe][0xffffffa6][0xffffff87][0xffffffff]\>[0xffffffce][0xffffffbb][0xfffffff9]iz[0xffffffbd]^[0xffffffdf][0xffffff9f]6[0xffffff9b][0xfffffffe]W[0xffffffb1][0xffffffab]O[0xffffff8b][0xffffffe5][0xfffffffc][0xffffffb2][0xffffffd9][0xffffff93][0xffffffbf][0xffffffc7]e[0xffffffbb][0xffffffbf]<[0xffffff94]5J[0xffffffd9]H[0x7f]B[\n]"
09:48:33.897 [main] DEBUG org.apache.hc.client5.http.wire - http-outgoing-15 << "[0xffffffe7][0xffffff8d][0x13]A6n[0xffffff88][0xffffff9b][0xffffffc4][0xffffffc1]k[0x1][0xffffffa6]qM\g[0xffffffae][0xffffff9c][0xffffffb0][0xffffffa1]qE\%[0xffffffee][0xffffffc0][0x8][0xffffffb0][0xffffff8d]K[0xffffffe2]2q[0xffffff8b]Jx[0xffffffcf]\[0xffffff86]H[0x7f][0xffffff99][0xffffffd3][0xfffffff1][0xffffffbe][0xffffffad][0xffffff97]H[0x1c][0x13]7.[0x8][0xffffffaf][0x1a][0xfffffff7][0xffffffc4]}[0xffffffe6][0xffffffd2][\n]"
09:48:33.897 [main] DEBUG org.apache.hc.client5.http.wire - http-outgoing-15 << "[0xffffffd0][0xffffff8d][0x3]qH\[0xffffffdb] `][0xffffffef][0xffffff88][0xffffffbb][0xffffffc4]Up[0xfffffff4]c[0xffffffe3][0x14][0xffffffaf][0xffffffcc][0xfffffff1][0xffffffa6]0|[0xfffffff3]_R[0xffffffbc]2[0xffffffc7]+A[\n]"
09:48:33.897 [main] DEBUG org.apache.hc.client5.http.wire - http-outgoing-15 << "eV[0xffffff87](`[0xffffff99][0x3][0xffffff96][0xffffffb4]_w[0x0][0x5],S[0xffffffc0]68%[0xffffffec][0xffffffca])`[0xffffff99][0x2][0xffffffb6][0x18]@[0x0]'4[0xffffff84][0x18]B[0xffffffa6][0xffffffd6][0xffffffd2][0xffffffd9]L1[0xffffff86][0x14][0xffffffac][0xfffffff5][0xe][0x5][0x1d][0xffffffc3][0xffffffd8][0xffffffc7][0xffffff90]b[0xffffffb5][0x10][0xfffffff4][0xffffff9a][0xffffff83][0x0]1@[0xffffffa6]`[0xffffff85]uL][0xc].S[0xffffff83][0x2]8[0xffffff9e]`c[0xffffffb0][0xffffff99]Rr[0xffffffe8]"[0x19][0xffffff9b][0x18]R[0xffffff90][0xffffffd6]y[0xffffffbf]^j[0xffffffd0]1[0xffffffe8]L[0xffffffe9]J)[0xffffffcb][0xffffff8c]U[0xc]9@K[0x15]@[0xffffffb1]2[0xffffff96]1[0xffffffe4][0xfffffff8][0xffffffac][0xffffff91]Bs[0xffffff9e]0D[0xffffffcc][0xfffffff1][0x19][0xfffffffa]G[0xfffffff3][0xffffffce][0xffffff88][0x11]s|F[[0x11][0xffffff80][0xffffffa9][0xffffff8f][0xffffff98][0xffffffc3][0xffffffd3]([0x5]"S[0xffffff88][0xffffff98][0xffffffc3][0xffffffd3][0xffffff96][0xfffffff6][0xffffffe5]T[0xffffffa0][0xffffff8b][0xffffff98][0xffffffc3]Sh[0x4][0xffffffb2]kh#[0xffffffe6][0xfffffff0][0xffffff94][0xfffffff5][0xffffffc2]p[0xffffff8e][0xffffffd1]D[0xffffffcc][0xffffffd1][0xffffffa5][0xffffff9b]4[0xffffff9c][\n]"
09:48:33.897 [main] DEBUG org.apache.hc.client5.http.wire - http-outgoing-15 << "T[0x11]s[0x18][0xffffff92]2[0xffffffaf]L;NFLa[0xffffff98]@[0xffffffbe]P[0x9]U[0xffffffec]C[0xfffffff4]!c[0xffffffeb][0xffffff84]i[0x14][0xffffffa3][0xffffffc7]L[0xffffffa9]v[0xffffffa8][0xffffffae][0x18][0xfffffffb][0xffffffe8]S [0x6][0xffffff81][0xffffffde][0x5]v[0xffffffc3]C[0xfffffff4][0xffffff90])[0x15][0xffffffb8][0xffffffd2]m[0xf][0x17]}[0xffffff8a][0xffffffc4]xO[0x5][0xffffffb6][0xffffffae][0xffffffb6][0xffffffd1][0xffffffdb][0xffffff8c]5[0xffffffd5]/C[0x13]}[0xffffff8a][0xffffffc4][0x0][0x5][0x4][0xffffffec][0xffffffb2][0xffffffd7]Q[0xffffffd3][0xffffff8d][0xffffffb2][0xffffffa5]n,[0xffffff99],v[0xc]B[0xffffffb2][0xfffffff8]n[0x0][0xffffff93][0xffffffc5][0x19][0x5][0xffffff9f],[0xffffffbe]M[0xffffff80]d[0xffffffb1]3[0xffffffe0][0xffffffc8]j)[0x2][0xffffff9b],[0xffffffce]9[0xffffff98]d[0xfffffff1]y[0xffffff90]|1[0xffffffed][0xffffffbc][0xffffffe4]K{g [0xfffffff9]b[0xffffffcc]MW[0xfffffffb]}[0xfffffff9][0xfffffffb]p<n[0xffffffa7]_[0xf][0xffffffe7][0xfffffff9]y[0xfffffff9][0xffffffde][0xffffffb5][0xffffffb2][0xffffff97]y[0xfffffff7]u[0xfffffff9][0xffffffd7]Nv[0xffffffa1]V[0xfffffff6]B[\r][0xfffffff4][0xffffffe3][0xffffff8b][0xffffffa0][0xffffff96][0xffffffba]y+[l[0xffffffba][0x7]6[0xffffffe7][0xfffffff9]8o/[0xfffffff3][0xffffffe5][0xffffffe1][0xffffffb9][0xffffffec][0xffffffab][0x14]FJ[0x1b][0xffffffe5]n%[0xfffffffe][0xffffff8e][0xffffffc0][0x1d]qw[0xffffffc4][0xffffffde][0x11]sG[0xfffffff4][0x1d]QwD&[0xffffffa2][0xffffff85]n[0xffffff84]:_&[0xffffffeb][0x1a][0xffffff89]w[0xffffffc4][0xffffffdf][0x11][0xffffffb8]#[0xffffffee][0xffffff8e]d[0xffffff9f]UO[0xffffffcc][0x1d][0xffffffd1]wD[0xffffffdd][0x11]9[0xffffff90][0x10]F[0xffffff80]#[0xfffffff0]#[0xffffff80][0x11][0xffffffb8][0x11][0xffffff8c][0xffffffde][0xffffff86][0xffffffd1][0xffffffd9]0[0xfffffffa][0x1a]FWC[0xfffffff2][0xffffff94][0xffffffde][0xffffff9b][0xe][0xffffff88][0xffffffe3][0xffffffe1][0xfffffff4][0xfffffff1][0xffffffbd]`[0xffffffc5][0x18][0xffffffc3][0xffffffb0][0xe]q[0x4]~[0x4]0[0x2]7[0x2];[0xffffff82][0x14][0xffffff80][0xffffffc6][0xe][0xffffffe8][0x11][0xffffffa4][0x0][0xffffffb4][0xffffffef][0xffffff80][0x1c][0xffffff80][0xf]#[0xffffffc8][0xffffff9e]B[0x7][0xfffffffc][0x8]`[0x4]n[0x4]v[0x4]f[0x4]z[0x4]j[0x4]r[0x0][0x10]F[0xffffff90]=u[0x1d][0xffffffc8][0xffffff9e][0xffffffda][0xe][0xffffffc0][0x8][0xffffffdc][0x8][0xffffffb2][0xffffffa7][0xffffffdd][0xb][0x4]f[0x4][0xffffffd9][0xffffffd3][0xffffffae][0xffffffec]!{[0xffffffda][0x15][0x5][0xffffffc8][0x1][0xffffffb8]0[0x2][0x1c][0xffffff81][0x1f]A[0xfffffff6]Tv[0xffffffc0]1[0xffffffe8][0xffffffbb][0xffffffda][0x1f][0xffffffef][0xfffffff3]y[0xffffffdb][0xfffffff5][0xffffffb2]%[0xffffffd9][0xffffffff][0xffffffa7][0xffffff97][0xffffffe5][0xffffff85][0xffffff97][0xffffffe5][0xfffffff9][0xfffffffa][0xffffffb9]=[0xffffffcf][0xffffffc5]b[0xffffff9d]6v[0xffffffb6][0xfffffffc]c[0xffffff96]!*[0xffffffeb][0x1c][0xffffffa4][0xf]S[0xfffffff0][0xffffff8c][0xffffff93][0xffffffec][0xffffffca]2[0xffffffc7]S[0xffffffe9]+[0xffffffd2][\n]"
09:48:33.897 [main] DEBUG org.apache.hc.client5.http.wire - http-outgoing-15 << "[0xffffff95][0xffffffcb]^[0xffffffd6]Q[0x17]*[0xffffff9c]^[0xffffffe4]N[0xffffffd5])][0xffffffb7][0xffffffa1][0xffffffd7][0xffffffb9][0x13]u[0xffffffc8][0xffffffd4][0xffffffdf]H:W)[0xfffffff4][0xffffff82][0xffffff8e][0xe][0xffffffaa][0xffffffd8][0xfffffff5]zNi[0xffffffc6][0xffffffb6][0xffffff97]s!Tjz1G[\n]"
09:48:33.897 [main] DEBUG org.apache.hc.client5.http.wire - http-outgoing-15 << "[0xffffffa0]P[0xffffffdd]K9[0xffffffa5]x[0xffffffb1][0xffffffea][0xffffff95]\[0x12]I[0x5][0xffffffcb]^[0xffffffc8]a[\r][0x1c]C/[0xffffffe3][0x0]*[0xffffffc5]A[0xffffffc3][0x15][0xffffffea]{[0x5]G[0xffffff92][0xffffffb5]P[0xffffffe8][0xfffffff5][K[0x11][0xffffffbd][0xfffffffd]7[0xfffffffa][0xffffffad]@[0xffffffdb][0xffffffc9]7[0xffffffac][0xffffff8e]Q[0x17][0xffffffb8][0x11]o[0x5][0xffffffea][[0xffffffed]V[0xffffffa0][0xffffffea][0xffffffa4][0xffffff9b][0xffffffe3][0xfffffff3]e[0xffffffa7][0xffffffdc][0xffffffd8]U[0xffffffea][\n]"
09:48:33.897 [main] DEBUG org.apache.hc.client5.http.wire - http-outgoing-15 << "7[0xffffffba][0xffffffad]@[0x1c]d[[0xffffffa1][0xffffffbe]Sm[0xffffff9e]!t[0xffffff9a][\r][0xffffffeb][0xfffffff1][0xffffffd4]&V[0xffffffc9][0xffffffc6][0xffffffde]S[0xffffffab]X[0x15][0x1b]%[0xffffffb8]R[0xffffffd3])6[0xffffffe0]Mu'[0xffffffd8][0xffffffb0]^8[0xfffffff5][0xffffff8d]U[0xffffffaf][0xffffffb5][0xffffffcb][0xffffffa2][0xffffffe6][0xffffffb1][0xffffffea]5[0xffffffac][0x17]K[\r]d[0xffffff95]k\[0xffffffd1][0xffffffd4]D:[0xffffffb5][0xffffffa6]j[0xffffffa8][0xffffffd4]Iz[0xffffffb1]V[0xffffffcf][0xffffffa2]v[0xffffffb2]j5[0xffffffcf][0xffffffbb][0xffffffba]N[0xffffffaa]q)S[Y[0xffffff85]Z+N[0xffffffea]-[0xffffff9d]P3[0xffffffd5]Wj0[0xffffff9d]NkgU}[0xffffff95][\r][0x17]z[0xffffffa3][0xffffffaa][0xffffffab]bTqU[0xffffff8c][0xffffffaa][0xffffffad][0xffffff8a]Q[0xffffffa5]U1[0xffffffaa][0xffffffb2]*F[0x15]V[0xffffffc5][0xffffffa8][0xffffffba][0xffffffaa][0x18][0xffffffaa][0x8][0xffffffa9]b[0xffffffc8][0xffffffce][0xffffffb0][0xffffffc9][0x3][0xfffffff6][0xffffffd8]&[0xf]L=[0xffffffc7]&[0xf]tM[0xffffff86][0xffffff85]b[0xffffffdc]([0xffffffb1][0xffffffc3][0xffffffee][0xffffffbc][0xffffffa4][0xffffffd6]3[0xfffffffd][0xffffffb2][0x7f][0xffffff99][0xffffffbb][0xffffffe6][0xfffffff5]v[0xffffff99][0x9][0xfffffffc]g[0xfffffff7][0xffffffda][0xffffffcf][0xffffffdf][0xffffffe6]c[0xffffffda]U[0xffffffbc][0xfffffff1][0xe][0xffffffb9][0xffffff95][0xffffffcd][0xffffffa7][0xffffffc7][0xffffff8f][0xffffffcb][0xffffffa6][0xffffffb1][0xffffffc7][0xffffffb4][0xffffffc9][0xffffffe6][0xffffffba],[0xffffffc7][0xffffffcb][0xffffffe6]s[0xfffffffe]R[0xffffffbb][0xffffffd9]C[0xffffffa2][0xffffffeb][0xffffffb0][0xffffffa9][0xffffff90]Z[0xffffffba][0xffffffc2]Jy[0xffffffd4]T[0xffffff9e][0xffffff94]0e[0xffffffb2]P[0x1e]4[0xffffff95][0xffffffd7][0xffffffb9][0xffffff90][0xb][0xffffffe5]1S[0x1][0xffffffa8]4[0x6][0x16][0xffffffca]C[0xffffffa6]rT[0x1f][0xffffff94][0xffffffbd]L[0xffffffdb][0xffffff88][0xffffffa9][0xffffff9c]B[0xffffffe1][0xffffffeb]im[0xffffffc0]T[0x16]h_[0xffffffa8][0xffffff94][0xffffffc7]K[0x12][0xffffffe6][0xffffffe9][0xffffffe3][ [0xffffffcf][0xffffff96][0xffffffca][0xfffffff8][0xfffffff4][0xffffffa9][0xffffffab][0xffffff94]'K[0x1a][0x12][\r]u[0xffffffb0]Jy[0xffffffae]T[0xffffff9a][0xffffffde]T[0xffffffcf];[0xfffffff0]TIc[0xffffff80]mA[0xffffffb4][0xffffff91]Ri*\[0xffffff92][0xffffffe9][0xffffff85][0xfffffff2]@[0xffffffa9][0xffffffb4][0xffffff92][0xffffffeb][0xffffffbe]<N[0xffffff92]"
09:48:33.897 [main] DEBUG org.apache.hc.client5.http.wire - http-outgoing-15 << "[0xffffffb2]ui[0xffffffa8]I[0xffffff94][0xffffff87]Ij[0xfffffffd][0xffffffa9]Q[0x14]VGI[0xffffff95][0xffffffa2][0xffffffab][0xffffff89][0xffffffe1]9[0xffffff92]B[0xffffffd3][0xffffff8d][0xffffffd5])[0xffffff92]b[0xffffffb0][0xffffff8d][0xffffffd5][0x19][0xffffff92][0xffffffbc]j'[0xfffffff3][0x4][0x19][0xffffffa8][0xffffffc7][0x18]UP[0xffffff9d][0x1e][0x3][0xffffffa5][0xffffffde][0xffffffd4]Uut[0xc]r=[0xffffffa0][0xffffff8e][0xffffff8d][0xffffff98]:]}[0xffffffb0][0xffffff8e][0xffffff8c]H[0xffffff81][0x15][0xffffffc2][0xffffffe3]b[0xffffffba][0xfffffff1]r1<*z[0xffffffca]m}[0xffffff8c][0xffffffe7]D[0xffffff80]P[0xffffffaf][0xffffff84]gD[0xffffffa0][0xffffff92][0xffffff80][0xffffff92][0xb][0x1e][0x10]]Jp]U[0xffffffa7]C[0xffffff97][0xffffff95]E&<[0x19]Rkp[0xfffffff5]<[0xffffffea]^[0xffffffa5]{[0x6][0xfffffff6][0xffffff89][0x7]E[0xfffffffa][0xffffffce][0xffffffd6][0xffffffab]jC"ELu[0xffffff97]Y[0xffffff9b][0x10]S[0xffffffcd][0x16]R[0xffffffa7]C[0xffffffed][0xffffffb9]tx0[0xffffffd4][0xffffffa6][0xffffff91]:[0x14][0xffffffa6][0xffffffb6]XI[0xffffff9d][0x7][0xffffff95][0xffffffa1][0xffffff81][0xffffffb9] k[0xffffffe3][0xfffffffb]y~<[0xffffff9c].[0xffffffd7][0xffffffed][0xfffffff1]8[0xffffffef][0xb][0xffffffd4][0x11][0xffffffd2][0xffffff97][0xffffffdd][0xffffff94]:[0xffffffb1]*R[0xb][0x3][0x1d]J[0xfffffff8]VF[0xffffffea][0xffffff93][0xfffffff4][0xffffffb5]+[0xfffffff7]a0[0xffffffd2][0xffffff8b]eM([0xffffffa6]NM[0xffffff87]n[0x1a]K[0xffffff8d]h*[0xffffffa6]t[0xffffffc9][0xffffffd4][0xffffff93][0xfffffffe][0x1][0xffffffa9][0xffffff9e].[0xffffff9b][0xffffffd3][0x12][0x0][0x0]"
09:48:33.897 [main] DEBUG org.apache.hc.client5.http.impl.classic.InternalHttpClient - ep-00000016: releasing valid endpoint
09:48:33.897 [main] DEBUG org.apache.hc.client5.http.impl.io.PoolingHttpClientConnectionManager - ep-00000016: releasing endpoint
09:48:33.897 [main] DEBUG org.apache.hc.client5.http.impl.io.PoolingHttpClientConnectionManager - ep-00000016: connection http-outgoing-15 can be kept alive for 3 MINUTES
09:48:33.897 [main] DEBUG org.apache.hc.client5.http.impl.io.PoolingHttpClientConnectionManager - ep-00000016: connection released [route: {s}->https://raw.githubusercontent.com:443][total available: 1; route allocated: 1 of 5; total allocated: 2 of 25]
09:48:33.897 [main] DEBUG io.github.bonigarcia.wdm.versions.VersionDetector - Driver for chrome117 not found in online properties (using local versions.properties)
09:48:33.899 [main] DEBUG io.github.bonigarcia.wdm.WebDriverManager - The driver version for CHROME 117 is unknown ... trying with latest
09:48:33.900 [main] DEBUG org.apache.hc.client5.http.impl.classic.InternalHttpClient - ex-00000018: preparing request execution
09:48:33.900 [main] DEBUG org.apache.hc.client5.http.protocol.RequestAddCookies - Cookie spec selected: strict
09:48:33.900 [main] DEBUG org.apache.hc.client5.http.protocol.RequestAuthCache - Auth cache not set in the context
09:48:33.900 [main] DEBUG org.apache.hc.client5.http.impl.classic.ProtocolExec - ex-00000018: target auth state: UNCHALLENGED
09:48:33.900 [main] DEBUG org.apache.hc.client5.http.impl.classic.ProtocolExec - ex-00000018: proxy auth state: UNCHALLENGED
09:48:33.900 [main] DEBUG org.apache.hc.client5.http.impl.classic.ConnectExec - ex-00000018: acquiring connection with route {s}->https://chromedriver.storage.googleapis.com:443
09:48:33.900 [main] DEBUG org.apache.hc.client5.http.impl.classic.InternalHttpClient - ex-00000018: acquiring endpoint (3 MINUTES)
09:48:33.900 [main] DEBUG org.apache.hc.client5.http.impl.io.PoolingHttpClientConnectionManager - ex-00000018: endpoint lease request (3 MINUTES) [route: {s}->https://chromedriver.storage.googleapis.com:443][total available: 1; route allocated: 1 of 5; total allocated: 2 of 25]
09:48:33.900 [main] DEBUG org.apache.hc.client5.http.impl.io.PoolingHttpClientConnectionManager - ex-00000018: endpoint leased [route: {s}->https://chromedriver.storage.googleapis.com:443][total available: 1; route allocated: 2 of 5; total allocated: 3 of 25]
09:48:33.900 [main] DEBUG org.apache.hc.client5.http.impl.io.PoolingHttpClientConnectionManager - ex-00000018: acquired ep-00000017
09:48:33.900 [main] DEBUG org.apache.hc.client5.http.impl.classic.InternalHttpClient - ex-00000018: acquired endpoint ep-00000017
09:48:33.900 [main] DEBUG org.apache.hc.client5.http.impl.classic.ConnectExec - ex-00000018: opening connection {s}->https://chromedriver.storage.googleapis.com:443
09:48:33.900 [main] DEBUG org.apache.hc.client5.http.impl.classic.InternalHttpClient - ep-00000017: connecting endpoint (30 SECONDS)
09:48:33.900 [main] DEBUG org.apache.hc.client5.http.impl.io.PoolingHttpClientConnectionManager - ep-00000017: connecting endpoint to https://chromedriver.storage.googleapis.com:443 (30 SECONDS)
09:48:33.900 [main] DEBUG org.apache.hc.client5.http.impl.io.DefaultHttpClientConnectionOperator - http-outgoing-17: connecting to chromedriver.storage.googleapis.com/34.101.5.123:443
09:48:33.900 [main] DEBUG org.apache.hc.client5.http.ssl.SSLConnectionSocketFactory - Connecting socket to chromedriver.storage.googleapis.com/34.101.5.123:443 with timeout 30 SECONDS
09:48:33.908 [main] DEBUG org.apache.hc.client5.http.ssl.SSLConnectionSocketFactory - Enabled protocols: [TLSv1.3, TLSv1.2]
09:48:33.908 [main] DEBUG org.apache.hc.client5.http.ssl.SSLConnectionSocketFactory - Enabled cipher suites: [TLS_AES_256_GCM_SHA384, TLS_AES_128_GCM_SHA256, TLS_CHACHA20_POLY1305_SHA256, TLS_ECDHE_ECDSA_WITH_AES_256_GCM_SHA384, TLS_ECDHE_ECDSA_WITH_AES_128_GCM_SHA256, TLS_ECDHE_ECDSA_WITH_CHACHA20_POLY1305_SHA256, TLS_ECDHE_RSA_WITH_AES_256_GCM_SHA384, TLS_ECDHE_RSA_WITH_CHACHA20_POLY1305_SHA256, TLS_ECDHE_RSA_WITH_AES_128_GCM_SHA256, TLS_DHE_RSA_WITH_AES_256_GCM_SHA384, TLS_DHE_RSA_WITH_CHACHA20_POLY1305_SHA256, TLS_DHE_DSS_WITH_AES_256_GCM_SHA384, TLS_DHE_RSA_WITH_AES_128_GCM_SHA256, TLS_DHE_DSS_WITH_AES_128_GCM_SHA256, TLS_ECDHE_ECDSA_WITH_AES_256_CBC_SHA384, TLS_ECDHE_RSA_WITH_AES_256_CBC_SHA384, TLS_ECDHE_ECDSA_WITH_AES_128_CBC_SHA256, TLS_ECDHE_RSA_WITH_AES_128_CBC_SHA256, TLS_DHE_RSA_WITH_AES_256_CBC_SHA256, TLS_DHE_DSS_WITH_AES_256_CBC_SHA256, TLS_DHE_RSA_WITH_AES_128_CBC_SHA256, TLS_DHE_DSS_WITH_AES_128_CBC_SHA256, TLS_ECDH_ECDSA_WITH_AES_256_GCM_SHA384, TLS_ECDH_RSA_WITH_AES_256_GCM_SHA384, TLS_ECDH_ECDSA_WITH_AES_128_GCM_SHA256, TLS_ECDH_RSA_WITH_AES_128_GCM_SHA256, TLS_ECDH_ECDSA_WITH_AES_256_CBC_SHA384, TLS_ECDH_RSA_WITH_AES_256_CBC_SHA384, TLS_ECDH_ECDSA_WITH_AES_128_CBC_SHA256, TLS_ECDH_RSA_WITH_AES_128_CBC_SHA256, TLS_ECDHE_ECDSA_WITH_AES_256_CBC_SHA, TLS_ECDHE_RSA_WITH_AES_256_CBC_SHA, TLS_ECDHE_ECDSA_WITH_AES_128_CBC_SHA, TLS_ECDHE_RSA_WITH_AES_128_CBC_SHA, TLS_DHE_RSA_WITH_AES_256_CBC_SHA, TLS_DHE_DSS_WITH_AES_256_CBC_SHA, TLS_DHE_RSA_WITH_AES_128_CBC_SHA, TLS_DHE_DSS_WITH_AES_128_CBC_SHA, TLS_ECDH_ECDSA_WITH_AES_256_CBC_SHA, TLS_ECDH_RSA_WITH_AES_256_CBC_SHA, TLS_ECDH_ECDSA_WITH_AES_128_CBC_SHA, TLS_ECDH_RSA_WITH_AES_128_CBC_SHA, TLS_RSA_WITH_AES_256_GCM_SHA384, TLS_RSA_WITH_AES_128_GCM_SHA256, TLS_RSA_WITH_AES_256_CBC_SHA256, TLS_RSA_WITH_AES_128_CBC_SHA256, TLS_RSA_WITH_AES_256_CBC_SHA, TLS_RSA_WITH_AES_128_CBC_SHA, TLS_EMPTY_RENEGOTIATION_INFO_SCSV]
09:48:33.908 [main] DEBUG org.apache.hc.client5.http.ssl.SSLConnectionSocketFactory - Starting handshake
09:48:33.948 [main] DEBUG org.apache.hc.client5.http.ssl.SSLConnectionSocketFactory - Secure session established
09:48:33.948 [main] DEBUG org.apache.hc.client5.http.ssl.SSLConnectionSocketFactory -  negotiated protocol: TLSv1.3
09:48:33.948 [main] DEBUG org.apache.hc.client5.http.ssl.SSLConnectionSocketFactory -  negotiated cipher suite: TLS_AES_256_GCM_SHA384
09:48:33.948 [main] DEBUG org.apache.hc.client5.http.ssl.SSLConnectionSocketFactory -  peer principal: CN=*.storage.googleapis.com
09:48:33.948 [main] DEBUG org.apache.hc.client5.http.ssl.SSLConnectionSocketFactory -  peer alternative names: [*.storage.googleapis.com, *.googleapis.com, commondatastorage.googleapis.com, *.commondatastorage.googleapis.com, storage.googleapis.com, storage-p2.googleapis.com, *.storage-p2.googleapis.com, storage.mtls.googleapis.com, *.appspot.com.storage.googleapis.com, *.content-storage.googleapis.com, *.content-storage-p2.googleapis.com, *.content-storage-upload.googleapis.com, *.content-storage-download.googleapis.com, *.storage-upload.googleapis.com, *.storage-download.googleapis.com]
09:48:33.948 [main] DEBUG org.apache.hc.client5.http.ssl.SSLConnectionSocketFactory -  issuer principal: CN=GTS CA 1C3, O=Google Trust Services LLC, C=US
09:48:33.948 [main] DEBUG org.apache.hc.client5.http.impl.io.DefaultHttpClientConnectionOperator - http-outgoing-17: connection established 192.168.100.42:64120<->34.101.5.123:443
09:48:33.948 [main] DEBUG org.apache.hc.client5.http.impl.io.PoolingHttpClientConnectionManager - ep-00000017: connected http-outgoing-17
09:48:33.948 [main] DEBUG org.apache.hc.client5.http.impl.classic.InternalHttpClient - ep-00000017: endpoint connected
09:48:33.948 [main] DEBUG org.apache.hc.client5.http.impl.classic.MainClientExec - ex-00000018: executing GET /LATEST_RELEASE HTTP/1.1
09:48:33.948 [main] DEBUG org.apache.hc.client5.http.impl.classic.InternalHttpClient - ep-00000017: start execution ex-00000018
09:48:33.948 [main] DEBUG org.apache.hc.client5.http.impl.io.PoolingHttpClientConnectionManager - ep-00000017: executing exchange ex-00000018 over http-outgoing-17
09:48:33.948 [main] DEBUG org.apache.hc.client5.http.headers - http-outgoing-17 >> GET /LATEST_RELEASE HTTP/1.1
09:48:33.948 [main] DEBUG org.apache.hc.client5.http.headers - http-outgoing-17 >> user-agent: Apache-HttpClient/5.0
09:48:33.948 [main] DEBUG org.apache.hc.client5.http.headers - http-outgoing-17 >> accept-encoding: gzip, deflate, br
09:48:33.948 [main] DEBUG org.apache.hc.client5.http.headers - http-outgoing-17 >> cache-control: max-age=0
09:48:33.948 [main] DEBUG org.apache.hc.client5.http.headers - http-outgoing-17 >> connection: keep-alive
09:48:33.948 [main] DEBUG org.apache.hc.client5.http.headers - http-outgoing-17 >> Host: chromedriver.storage.googleapis.com
09:48:33.948 [main] DEBUG org.apache.hc.client5.http.wire - http-outgoing-17 >> "GET /LATEST_RELEASE HTTP/1.1[\r][\n]"
09:48:33.948 [main] DEBUG org.apache.hc.client5.http.wire - http-outgoing-17 >> "user-agent: Apache-HttpClient/5.0[\r][\n]"
09:48:33.948 [main] DEBUG org.apache.hc.client5.http.wire - http-outgoing-17 >> "accept-encoding: gzip, deflate, br[\r][\n]"
09:48:33.948 [main] DEBUG org.apache.hc.client5.http.wire - http-outgoing-17 >> "cache-control: max-age=0[\r][\n]"
09:48:33.948 [main] DEBUG org.apache.hc.client5.http.wire - http-outgoing-17 >> "connection: keep-alive[\r][\n]"
09:48:33.948 [main] DEBUG org.apache.hc.client5.http.wire - http-outgoing-17 >> "Host: chromedriver.storage.googleapis.com[\r][\n]"
09:48:33.948 [main] DEBUG org.apache.hc.client5.http.wire - http-outgoing-17 >> "[\r][\n]"
09:48:33.972 [main] DEBUG org.apache.hc.client5.http.wire - http-outgoing-17 << "HTTP/1.1 200 OK[\r][\n]"
09:48:33.972 [main] DEBUG org.apache.hc.client5.http.wire - http-outgoing-17 << "X-GUploader-UploadID: ADPycdvnFAnOhlWGbRtUpcGBi5W3y6qEtkvwOJmj2uBu_cu5oupNFxxPFqsoSfNAPIUhE78QrkhmBqvlUQiAPhzQ2QAWS0sveOv3[\r][\n]"
09:48:33.972 [main] DEBUG org.apache.hc.client5.http.wire - http-outgoing-17 << "x-goog-generation: 1685523462105569[\r][\n]"
09:48:33.972 [main] DEBUG org.apache.hc.client5.http.wire - http-outgoing-17 << "x-goog-metageneration: 1[\r][\n]"
09:48:33.972 [main] DEBUG org.apache.hc.client5.http.wire - http-outgoing-17 << "x-goog-stored-content-encoding: identity[\r][\n]"
09:48:33.972 [main] DEBUG org.apache.hc.client5.http.wire - http-outgoing-17 << "x-goog-stored-content-length: 13[\r][\n]"
09:48:33.972 [main] DEBUG org.apache.hc.client5.http.wire - http-outgoing-17 << "x-goog-hash: crc32c=tVW4TA==[\r][\n]"
09:48:33.972 [main] DEBUG org.apache.hc.client5.http.wire - http-outgoing-17 << "x-goog-hash: md5=NoaEuIlBlniwTkiZ1T16sA==[\r][\n]"
09:48:33.972 [main] DEBUG org.apache.hc.client5.http.wire - http-outgoing-17 << "x-goog-storage-class: STANDARD[\r][\n]"
09:48:33.972 [main] DEBUG org.apache.hc.client5.http.wire - http-outgoing-17 << "Accept-Ranges: bytes[\r][\n]"
09:48:33.972 [main] DEBUG org.apache.hc.client5.http.wire - http-outgoing-17 << "Content-Length: 13[\r][\n]"
09:48:33.972 [main] DEBUG org.apache.hc.client5.http.wire - http-outgoing-17 << "Server: UploadServer[\r][\n]"
09:48:33.972 [main] DEBUG org.apache.hc.client5.http.wire - http-outgoing-17 << "Date: Sat, 30 Sep 2023 02:46:28 GMT[\r][\n]"
09:48:33.972 [main] DEBUG org.apache.hc.client5.http.wire - http-outgoing-17 << "Expires: Sat, 30 Sep 2023 03:46:28 GMT[\r][\n]"
09:48:33.972 [main] DEBUG org.apache.hc.client5.http.wire - http-outgoing-17 << "Cache-Control: public, max-age=3600[\r][\n]"
09:48:33.972 [main] DEBUG org.apache.hc.client5.http.wire - http-outgoing-17 << "Age: 136[\r][\n]"
09:48:33.972 [main] DEBUG org.apache.hc.client5.http.wire - http-outgoing-17 << "Last-Modified: Wed, 31 May 2023 08:57:42 GMT[\r][\n]"
09:48:33.972 [main] DEBUG org.apache.hc.client5.http.wire - http-outgoing-17 << "ETag: "368684b889419678b04e4899d53d7ab0"[\r][\n]"
09:48:33.972 [main] DEBUG org.apache.hc.client5.http.wire - http-outgoing-17 << "Content-Type: text/plain[\r][\n]"
09:48:33.972 [main] DEBUG org.apache.hc.client5.http.wire - http-outgoing-17 << "Alt-Svc: h3=":443"; ma=2592000,h3-29=":443"; ma=2592000[\r][\n]"
09:48:33.972 [main] DEBUG org.apache.hc.client5.http.wire - http-outgoing-17 << "[\r][\n]"
09:48:33.972 [main] DEBUG org.apache.hc.client5.http.wire - http-outgoing-17 << "114.0.5735.90"
09:48:33.972 [main] DEBUG org.apache.hc.client5.http.headers - http-outgoing-17 << HTTP/1.1 200 OK
09:48:33.972 [main] DEBUG org.apache.hc.client5.http.headers - http-outgoing-17 << X-GUploader-UploadID: ADPycdvnFAnOhlWGbRtUpcGBi5W3y6qEtkvwOJmj2uBu_cu5oupNFxxPFqsoSfNAPIUhE78QrkhmBqvlUQiAPhzQ2QAWS0sveOv3
09:48:33.972 [main] DEBUG org.apache.hc.client5.http.headers - http-outgoing-17 << x-goog-generation: 1685523462105569
09:48:33.972 [main] DEBUG org.apache.hc.client5.http.headers - http-outgoing-17 << x-goog-metageneration: 1
09:48:33.972 [main] DEBUG org.apache.hc.client5.http.headers - http-outgoing-17 << x-goog-stored-content-encoding: identity
09:48:33.972 [main] DEBUG org.apache.hc.client5.http.headers - http-outgoing-17 << x-goog-stored-content-length: 13
09:48:33.972 [main] DEBUG org.apache.hc.client5.http.headers - http-outgoing-17 << x-goog-hash: crc32c=tVW4TA==
09:48:33.972 [main] DEBUG org.apache.hc.client5.http.headers - http-outgoing-17 << x-goog-hash: md5=NoaEuIlBlniwTkiZ1T16sA==
09:48:33.972 [main] DEBUG org.apache.hc.client5.http.headers - http-outgoing-17 << x-goog-storage-class: STANDARD
09:48:33.972 [main] DEBUG org.apache.hc.client5.http.headers - http-outgoing-17 << Accept-Ranges: bytes
09:48:33.972 [main] DEBUG org.apache.hc.client5.http.headers - http-outgoing-17 << Content-Length: 13
09:48:33.972 [main] DEBUG org.apache.hc.client5.http.headers - http-outgoing-17 << Server: UploadServer
09:48:33.972 [main] DEBUG org.apache.hc.client5.http.headers - http-outgoing-17 << Date: Sat, 30 Sep 2023 02:46:28 GMT
09:48:33.972 [main] DEBUG org.apache.hc.client5.http.headers - http-outgoing-17 << Expires: Sat, 30 Sep 2023 03:46:28 GMT
09:48:33.972 [main] DEBUG org.apache.hc.client5.http.headers - http-outgoing-17 << Cache-Control: public, max-age=3600
09:48:33.972 [main] DEBUG org.apache.hc.client5.http.headers - http-outgoing-17 << Age: 136
09:48:33.972 [main] DEBUG org.apache.hc.client5.http.headers - http-outgoing-17 << Last-Modified: Wed, 31 May 2023 08:57:42 GMT
09:48:33.972 [main] DEBUG org.apache.hc.client5.http.headers - http-outgoing-17 << ETag: "368684b889419678b04e4899d53d7ab0"
09:48:33.972 [main] DEBUG org.apache.hc.client5.http.headers - http-outgoing-17 << Content-Type: text/plain
09:48:33.972 [main] DEBUG org.apache.hc.client5.http.headers - http-outgoing-17 << Alt-Svc: h3=":443"; ma=2592000,h3-29=":443"; ma=2592000
09:48:33.972 [main] DEBUG org.apache.hc.client5.http.impl.classic.MainClientExec - ex-00000018: connection can be kept alive for 3 MINUTES
09:48:33.972 [main] DEBUG org.apache.hc.client5.http.impl.classic.InternalHttpClient - ep-00000017: releasing valid endpoint
09:48:33.972 [main] DEBUG org.apache.hc.client5.http.impl.io.PoolingHttpClientConnectionManager - ep-00000017: releasing endpoint
09:48:33.972 [main] DEBUG org.apache.hc.client5.http.impl.io.PoolingHttpClientConnectionManager - ep-00000017: connection http-outgoing-17 can be kept alive for 3 MINUTES
09:48:33.972 [main] DEBUG org.apache.hc.client5.http.impl.io.PoolingHttpClientConnectionManager - ep-00000017: connection released [route: {s}->https://chromedriver.storage.googleapis.com:443][total available: 2; route allocated: 2 of 5; total allocated: 3 of 25]
09:48:33.972 [main] DEBUG io.github.bonigarcia.wdm.versions.VersionDetector - Latest version of chromedriver according to https://chromedriver.storage.googleapis.com/LATEST_RELEASE is 114.0.5735.90
09:48:33.972 [main] DEBUG io.github.bonigarcia.wdm.WebDriverManager - Driver chromedriver 114.0.5735.90 found in cache
09:48:33.972 [main] INFO io.github.bonigarcia.wdm.WebDriverManager - Exporting webdriver.chrome.driver as C:\Users\Bagas Dwi Saputra\.cache\selenium\chromedriver\win32\114.0.5735.90\chromedriver.exe
09:48:34.050 [main] DEBUG net.thucydides.core.reflection.ClassFinder - Could not load class net.serenitybdd.rest.utils.RestSpecificationFactory
09:48:34.113 [main] DEBUG net.thucydides.core.reflection.ClassFinder - Could not load class net.serenitybdd.rest.utils.RestSpecificationFactory
09:48:34.113 [main] INFO net.serenitybdd.core.webdriver.driverproviders.ProvideNewDriver - Instantiating driver
09:48:34.113 [main] INFO net.serenitybdd.core.webdriver.driverproviders.ProvideNewDriver - Driver capabilities: Capabilities {acceptInsecureCerts: false, base.url: https://app.jubelio.com, browserName: chrome, chrome.driver: src/test/resources/webdrive..., driver: chrome, goog:chromeOptions: {args: [], extensions: []}, loggingPrefs: org.openqa.selenium.logging...}
09:48:34.988 [main] DEBUG net.thucydides.core.reflection.ClassFinder - Could not load class net.serenitybdd.rest.utils.RestSpecificationFactory
09:48:36.886 [main] DEBUG net.serenitybdd.core.photography.Darkroom - Send negative for processing for target\site\serenity\d86bb99ca4b74cdefa115c5a2645bacb4c0cc871895a6fff5f0d38af68de8e18.png
09:48:36.886 [main] DEBUG net.thucydides.core.steps.StepInterceptor - STEP DONE: openLink
09:48:37.234 [main] DEBUG net.serenitybdd.core.photography.Darkroom - Send negative for processing for target\site\serenity\d86bb99ca4b74cdefa115c5a2645bacb4c0cc871895a6fff5f0d38af68de8e18.png
09:48:37.234 [main] DEBUG net.thucydides.core.steps.StepInterceptor - STARTING STEP: InventoryStockSteps.loginClickButtonLogin - fills in the {string} with valid data email
09:48:37.586 [main] DEBUG net.serenitybdd.core.photography.Darkroom - Send negative for processing for target\site\serenity\faed2b1791be727aabc621b05d1d8e1cb7c60f86901fe12abe65b4bf4933aad4.png
09:48:37.586 [main] DEBUG net.thucydides.core.steps.StepInterceptor - STEP DONE: fills in the {string} with valid data email
09:48:37.586 [main] DEBUG net.thucydides.core.steps.StepInterceptor - STARTING STEP: InventoryStockSteps.loginClickButtonLogin - fill in the {string} with valid data pass
09:48:37.877 [main] DEBUG net.serenitybdd.core.photography.Darkroom - Send negative for processing for target\site\serenity\f8fdc9022bdc77af0be3c1264c6b0b45cec51aae26f786d10f81517f94086730.png
09:48:37.877 [main] DEBUG net.thucydides.core.steps.StepInterceptor - STEP DONE: fill in the {string} with valid data pass
09:48:37.877 [Darkroom Processing Line] DEBUG net.serenitybdd.core.photography.DarkroomProcessingLine - Processing screenshot image in /var/screenshots/screenshot-15224421292106534764
09:48:37.877 [Darkroom Processing Line] DEBUG net.serenitybdd.core.photography.DarkroomProcessingLine - Saving screenshot to target\site\serenity\f8fdc9022bdc77af0be3c1264c6b0b45cec51aae26f786d10f81517f94086730.png
09:48:38.245 [main] DEBUG net.serenitybdd.core.photography.Darkroom - Send negative for processing for target\site\serenity\03c57c9b983709cd2048e462a15e7b7e55283559c68512729549c915089f8a41.png
09:48:38.250 [main] DEBUG net.thucydides.core.steps.StepInterceptor - STARTING STEP: InventoryStockSteps.loginClickButtonLogin - clickbtnlogin
09:48:38.860 [main] DEBUG net.serenitybdd.core.photography.Darkroom - Send negative for processing for target\site\serenity\ba3ceb2a55db37db34574280062ab1d879d973754e36b7c78c3dc5bb44d4523b.png
09:48:38.860 [main] DEBUG net.thucydides.core.steps.StepInterceptor - STEP DONE: clickbtnlogin
09:48:38.860 [Darkroom Processing Line] DEBUG net.serenitybdd.core.photography.DarkroomProcessingLine - Processing screenshot image in /var/screenshots/screenshot-10789929697015045140
09:48:38.860 [Darkroom Processing Line] DEBUG net.serenitybdd.core.photography.DarkroomProcessingLine - Saving screenshot to target\site\serenity\ba3ceb2a55db37db34574280062ab1d879d973754e36b7c78c3dc5bb44d4523b.png
09:48:40.522 [main] DEBUG net.serenitybdd.core.photography.Darkroom - Send negative for processing for target\site\serenity\818b96f7cf0664a3811330ac6f500f4beb34236558679a48c7c4266fe3f1e8df.png
09:48:40.522 [main] DEBUG net.thucydides.core.steps.StepInterceptor - STARTING STEP: InventoryStockSteps.loginClickButtonLogin - openUrlInventory
09:48:41.987 [main] DEBUG net.serenitybdd.core.photography.Darkroom - Send negative for processing for target\site\serenity\39c2910fcdae2e06e0162275f1fbc28f7bc3dd4b8e036f34692616eb96a02450.png
09:48:41.987 [main] DEBUG net.thucydides.core.steps.StepInterceptor - STEP DONE: openUrlInventory
  &amp#27;[32mGiven &amp#27;[0m&amp#27;[32mLogin &amp#27;[0m&amp#27;[32m&amp#27;[1m"qa.rakamin.jubelio@gmail.com"&amp#27;[0m&amp#27;[32m, &amp#27;[0m&amp#27;[32m&amp#27;[1m"Jubelio123!"&amp#27;[0m&amp#27;[32m, click button login&amp#27;[0m &amp#27;[90m# starter.stepdefinitios.InventoryStockSteps.loginClickButtonLogin(java.lang.String,java.lang.String)&amp#27;[0m
09:48:42.293 [main] DEBUG net.serenitybdd.core.photography.Darkroom - Send negative for processing for target\site\serenity\39c2910fcdae2e06e0162275f1fbc28f7bc3dd4b8e036f34692616eb96a02450.png
09:48:42.967 [main] DEBUG net.serenitybdd.core.photography.Darkroom - Send negative for processing for target\site\serenity\877fc4a515ba470cbdb4230815bf67e1c98100c532d5d0c6b951e87806febeb1.png
09:48:42.967 [main] DEBUG net.thucydides.core.steps.StepInterceptor - STARTING STEP: InventoryStockSteps.fillsInTheWithValidDataEmail - validatePagePersedian
09:48:43.180 [main] DEBUG net.serenitybdd.core.photography.Darkroom - Send negative for processing for target\site\serenity\39c2910fcdae2e06e0162275f1fbc28f7bc3dd4b8e036f34692616eb96a02450.png
09:48:43.180 [main] DEBUG net.thucydides.core.steps.StepInterceptor - STEP DONE: validatePagePersedian
09:48:43.443 [main] DEBUG net.serenitybdd.core.photography.Darkroom - Send negative for processing for target\site\serenity\39c2910fcdae2e06e0162275f1fbc28f7bc3dd4b8e036f34692616eb96a02450.png
09:48:43.443 [main] DEBUG net.thucydides.core.steps.StepInterceptor - STARTING STEP: InventoryStockSteps.fillsInTheWithValidDataEmail - btnPenyesuaianPersedian
09:48:43.796 [main] DEBUG net.serenitybdd.core.photography.Darkroom - Send negative for processing for target\site\serenity\2f2a9c93af7c81e1df3d98bc465de04b06535d4a4a190d8a8cfd1e0e565058f1.png
09:48:43.796 [main] DEBUG net.thucydides.core.steps.StepInterceptor - STEP DONE: btnPenyesuaianPersedian
  &amp#27;[32mAnd &amp#27;[0m&amp#27;[32man inventory adjustment button click&amp#27;[0m                                      &amp#27;[90m# starter.stepdefinitios.InventoryStockSteps.fillsInTheWithValidDataEmail()&amp#27;[0m
09:48:43.796 [Darkroom Processing Line] DEBUG net.serenitybdd.core.photography.DarkroomProcessingLine - Processing screenshot image in /var/screenshots/screenshot-6299758074786066941
09:48:43.796 [Darkroom Processing Line] DEBUG net.serenitybdd.core.photography.DarkroomProcessingLine - Saving screenshot to target\site\serenity\2f2a9c93af7c81e1df3d98bc465de04b06535d4a4a190d8a8cfd1e0e565058f1.png
09:48:44.452 [main] DEBUG net.serenitybdd.core.photography.Darkroom - Send negative for processing for target\site\serenity\270254ece9e8fbbc059de346e2779964aedc353194e6467ece5e4008e990c115.png
09:48:44.452 [main] DEBUG net.thucydides.core.steps.StepInterceptor - STARTING STEP: InventoryStockSteps.validateTheInventoryAdjustmentPage - validatePenyesuaianPersediaa
09:48:44.642 [main] DEBUG net.serenitybdd.core.photography.Darkroom - Send negative for processing for target\site\serenity\270254ece9e8fbbc059de346e2779964aedc353194e6467ece5e4008e990c115.png
09:48:44.642 [main] DEBUG net.thucydides.core.steps.StepInterceptor - STEP DONE: validatePenyesuaianPersediaa
  &amp#27;[32mAnd &amp#27;[0m&amp#27;[32mvalidate the inventory adjustment page&amp#27;[0m                                    &amp#27;[90m# starter.stepdefinitios.InventoryStockSteps.validateTheInventoryAdjustmentPage()&amp#27;[0m
09:48:44.896 [main] DEBUG net.serenitybdd.core.photography.Darkroom - Send negative for processing for target\site\serenity\270254ece9e8fbbc059de346e2779964aedc353194e6467ece5e4008e990c115.png
09:48:44.896 [main] DEBUG net.thucydides.core.steps.StepInterceptor - STARTING STEP: InventoryStockSteps.click - btnLokasi
09:48:45.111 [main] DEBUG net.serenitybdd.core.photography.Darkroom - Send negative for processing for target\site\serenity\57e72828bf819d20335fd5ac04454d512305c0d5d9a58966f263e72d67ede661.png
09:48:45.111 [main] DEBUG net.thucydides.core.steps.StepInterceptor - STEP DONE: btnLokasi
09:48:45.385 [main] DEBUG net.serenitybdd.core.photography.Darkroom - Send negative for processing for target\site\serenity\57e72828bf819d20335fd5ac04454d512305c0d5d9a58966f263e72d67ede661.png
09:48:45.385 [main] DEBUG net.thucydides.core.steps.StepInterceptor - STARTING STEP: InventoryStockSteps.click - btnVarisi
09:48:45.579 [main] DEBUG net.serenitybdd.core.photography.Darkroom - Send negative for processing for target\site\serenity\270254ece9e8fbbc059de346e2779964aedc353194e6467ece5e4008e990c115.png
09:48:45.584 [main] DEBUG net.thucydides.core.steps.StepInterceptor - STEP DONE: btnVarisi
  &amp#27;[32mAnd &amp#27;[0m&amp#27;[32mclick &amp#27;[0m&amp#27;[32m&amp#27;[1m"Pusat"&amp#27;[0m                                                             &amp#27;[90m# starter.stepdefinitios.InventoryStockSteps.click(java.lang.String)&amp#27;[0m
09:48:45.584 [main] DEBUG net.thucydides.core.steps.StepInterceptor - STARTING STEP: InventoryStockSteps.youDeteleItem - btnPilihBarang
09:48:45.923 [main] DEBUG net.serenitybdd.core.photography.Darkroom - Send negative for processing for target\site\serenity\4157b0d0b29b6aa54d03cc969b05dab532713ac5fc4f6a8ac46165eb9ebb8b65.png
09:48:45.923 [main] DEBUG net.thucydides.core.steps.StepInterceptor - STEP DONE: btnPilihBarang
09:48:46.180 [main] DEBUG net.serenitybdd.core.photography.Darkroom - Send negative for processing for target\site\serenity\def190ccd39208fb723c82a03d14843405e6399c80e575a0cb4fcb0afafa971b.png
09:48:46.180 [main] DEBUG net.thucydides.core.steps.StepInterceptor - STARTING STEP: InventoryStockSteps.youDeteleItem - btnBarang
09:48:46.796 [main] DEBUG net.serenitybdd.core.photography.Darkroom - Send negative for processing for target\site\serenity\c712c78795e33e4b3ab564ef7852ab3c57b37c60e25b305c607eb6ccb00126da.png
09:48:46.796 [main] DEBUG net.thucydides.core.steps.StepInterceptor - STEP DONE: btnBarang
09:48:47.074 [main] DEBUG net.serenitybdd.core.photography.Darkroom - Send negative for processing for target\site\serenity\c712c78795e33e4b3ab564ef7852ab3c57b37c60e25b305c607eb6ccb00126da.png
09:48:47.074 [main] DEBUG net.thucydides.core.steps.StepInterceptor - STARTING STEP: InventoryStockSteps.youDeteleItem - btnCheckbox
09:48:47.355 [main] DEBUG net.serenitybdd.core.photography.Darkroom - Send negative for processing for target\site\serenity\c831e12653fc25e1b874b3668ff413bd03c6268185cca9212307aa5b40a995ab.png
09:48:47.355 [main] DEBUG net.thucydides.core.steps.StepInterceptor - STEP DONE: btnCheckbox
09:48:47.606 [main] DEBUG net.serenitybdd.core.photography.Darkroom - Send negative for processing for target\site\serenity\c831e12653fc25e1b874b3668ff413bd03c6268185cca9212307aa5b40a995ab.png
09:48:47.606 [main] DEBUG net.thucydides.core.steps.StepInterceptor - STARTING STEP: InventoryStockSteps.youDeteleItem - btnDelete
09:48:47.934 [main] DEBUG net.serenitybdd.core.photography.Darkroom - Send negative for processing for target\site\serenity\386a8c7e61438de56547464c1f81c3b4d112dc6e448369a741e3ab6351202add.png
09:48:47.934 [main] DEBUG net.thucydides.core.steps.StepInterceptor - STEP DONE: btnDelete
  &amp#27;[32mWhen &amp#27;[0m&amp#27;[32myou detele item &amp#27;[0m&amp#27;[32m&amp#27;[1m"Close"&amp#27;[0m                                                  &amp#27;[90m# starter.stepdefinitios.InventoryStockSteps.youDeteleItem(java.lang.String)&amp#27;[0m
09:48:47.945 [main] DEBUG net.thucydides.core.steps.StepInterceptor - STARTING STEP: InventoryStockSteps.validateTheNameEmpty - validatePilihBarang
09:48:48.122 [main] DEBUG net.serenitybdd.core.photography.Darkroom - Send negative for processing for target\site\serenity\386a8c7e61438de56547464c1f81c3b4d112dc6e448369a741e3ab6351202add.png
09:48:48.122 [main] DEBUG net.thucydides.core.steps.StepInterceptor - STEP DONE: validatePilihBarang
  &amp#27;[32mThen &amp#27;[0m&amp#27;[32mvalidate the name empty&amp#27;[0m                                                  &amp#27;[90m# starter.stepdefinitios.InventoryStockSteps.validateTheNameEmpty()&amp#27;[0m
]]></system-out>
    <system-err><![CDATA[Starting ChromeDriver 117.0.5938.88 (be6afae4721209be42944bbcd325665f9f44563b-refs/branch-heads/5938_62@{#9}) on port 38021
Only local connections are allowed.
Please see https://chromedriver.chromium.org/security-considerations for suggestions on keeping ChromeDriver safe.
ChromeDriver was started successfully.
Sep 30, 2023 9:48:34 AM org.openqa.selenium.remote.ProtocolHandshake createSession
INFO: Detected dialect: W3C
]]></system-err>
  </testcase>
  <testcase name="Login Account #1" classname="Login Account at app.jubelio" time="8.294">
    <system-out><![CDATA[
@Login
Scenario Outline: Login Account                                           &amp#27;[90m# src/test/resources/features/user/login.feature:11&amp#27;[0m
09:48:48.284 [main] INFO io.cucumber.core.plugin.SerenityReporter - Running feature from file:///D:/QE/Automation/Jubelio-Website/src/test/resources/features/user/login.feature
09:48:48.284 [main] INFO  - 
  _____   ___   ___   _____     ___   _____     _     ___   _____   ___   ___  
 |_   _| | __| / __| |_   _|   / __| |_   _|   /_\   | _ \ |_   _| | __| |   \ 
   | |   | _|  \__ \   | |     \__ \   | |    / _ \  |   /   | |   | _|  | |) |
   |_|   |___| |___/   |_|     |___/   |_|   /_/ \_\ |_|_\   |_|   |___| |___/ 

Login Account(login-account-at-app.jubelio;login-account)
--------------------------------------------------------------------------------
09:48:48.284 [main] INFO net.thucydides.core.model.TestOutcome - SetUserStory Login Account at app.jubelio
09:48:48.284 [main] INFO net.thucydides.core.model.TestOutcome - SetUserStory Login Account at app.jubelio
09:48:48.800 [main] DEBUG net.thucydides.core.steps.StepInterceptor - STARTING STEP: LoginSteps.fillsInTheWithValidDataEmail - openLink
09:48:48.800 [main] INFO net.serenitybdd.core.webdriver.driverproviders.ChromeDriverProvider - Using automatically driver download
09:48:48.818 [main] DEBUG org.apache.hc.client5.http.impl.classic.InternalHttpClient - ex-00000019: preparing request execution
09:48:48.818 [main] DEBUG org.apache.hc.client5.http.protocol.RequestAddCookies - Cookie spec selected: strict
09:48:48.818 [main] DEBUG org.apache.hc.client5.http.protocol.RequestAuthCache - Auth cache not set in the context
09:48:48.818 [main] DEBUG org.apache.hc.client5.http.impl.classic.ProtocolExec - ex-00000019: target auth state: UNCHALLENGED
09:48:48.818 [main] DEBUG org.apache.hc.client5.http.impl.classic.ProtocolExec - ex-00000019: proxy auth state: UNCHALLENGED
09:48:48.818 [main] DEBUG org.apache.hc.client5.http.impl.classic.ConnectExec - ex-00000019: acquiring connection with route {s}->https://raw.githubusercontent.com:443
09:48:48.818 [main] DEBUG org.apache.hc.client5.http.impl.classic.InternalHttpClient - ex-00000019: acquiring endpoint (3 MINUTES)
09:48:48.818 [main] DEBUG org.apache.hc.client5.http.impl.io.PoolingHttpClientConnectionManager - ex-00000019: endpoint lease request (3 MINUTES) [route: {s}->https://raw.githubusercontent.com:443][total available: 0; route allocated: 0 of 5; total allocated: 0 of 25]
09:48:48.827 [main] DEBUG org.apache.hc.client5.http.impl.io.PoolingHttpClientConnectionManager - ex-00000019: endpoint leased [route: {s}->https://raw.githubusercontent.com:443][total available: 0; route allocated: 1 of 5; total allocated: 1 of 25]
09:48:48.827 [main] DEBUG org.apache.hc.client5.http.impl.io.PoolingHttpClientConnectionManager - ex-00000019: acquired ep-00000018
09:48:48.827 [main] DEBUG org.apache.hc.client5.http.impl.classic.InternalHttpClient - ex-00000019: acquired endpoint ep-00000018
09:48:48.827 [main] DEBUG org.apache.hc.client5.http.impl.classic.ConnectExec - ex-00000019: opening connection {s}->https://raw.githubusercontent.com:443
09:48:48.827 [main] DEBUG org.apache.hc.client5.http.impl.classic.InternalHttpClient - ep-00000018: connecting endpoint (30 SECONDS)
09:48:48.827 [main] DEBUG org.apache.hc.client5.http.impl.io.PoolingHttpClientConnectionManager - ep-00000018: connecting endpoint to https://raw.githubusercontent.com:443 (30 SECONDS)
09:48:48.827 [main] DEBUG org.apache.hc.client5.http.impl.io.DefaultHttpClientConnectionOperator - http-outgoing-18: connecting to raw.githubusercontent.com/185.199.108.133:443
09:48:48.827 [main] DEBUG org.apache.hc.client5.http.ssl.SSLConnectionSocketFactory - Connecting socket to raw.githubusercontent.com/185.199.108.133:443 with timeout 30 SECONDS
09:48:48.847 [main] DEBUG org.apache.hc.client5.http.ssl.SSLConnectionSocketFactory - Enabled protocols: [TLSv1.3, TLSv1.2]
09:48:48.847 [main] DEBUG org.apache.hc.client5.http.ssl.SSLConnectionSocketFactory - Enabled cipher suites: [TLS_AES_256_GCM_SHA384, TLS_AES_128_GCM_SHA256, TLS_CHACHA20_POLY1305_SHA256, TLS_ECDHE_ECDSA_WITH_AES_256_GCM_SHA384, TLS_ECDHE_ECDSA_WITH_AES_128_GCM_SHA256, TLS_ECDHE_ECDSA_WITH_CHACHA20_POLY1305_SHA256, TLS_ECDHE_RSA_WITH_AES_256_GCM_SHA384, TLS_ECDHE_RSA_WITH_CHACHA20_POLY1305_SHA256, TLS_ECDHE_RSA_WITH_AES_128_GCM_SHA256, TLS_DHE_RSA_WITH_AES_256_GCM_SHA384, TLS_DHE_RSA_WITH_CHACHA20_POLY1305_SHA256, TLS_DHE_DSS_WITH_AES_256_GCM_SHA384, TLS_DHE_RSA_WITH_AES_128_GCM_SHA256, TLS_DHE_DSS_WITH_AES_128_GCM_SHA256, TLS_ECDHE_ECDSA_WITH_AES_256_CBC_SHA384, TLS_ECDHE_RSA_WITH_AES_256_CBC_SHA384, TLS_ECDHE_ECDSA_WITH_AES_128_CBC_SHA256, TLS_ECDHE_RSA_WITH_AES_128_CBC_SHA256, TLS_DHE_RSA_WITH_AES_256_CBC_SHA256, TLS_DHE_DSS_WITH_AES_256_CBC_SHA256, TLS_DHE_RSA_WITH_AES_128_CBC_SHA256, TLS_DHE_DSS_WITH_AES_128_CBC_SHA256, TLS_ECDH_ECDSA_WITH_AES_256_GCM_SHA384, TLS_ECDH_RSA_WITH_AES_256_GCM_SHA384, TLS_ECDH_ECDSA_WITH_AES_128_GCM_SHA256, TLS_ECDH_RSA_WITH_AES_128_GCM_SHA256, TLS_ECDH_ECDSA_WITH_AES_256_CBC_SHA384, TLS_ECDH_RSA_WITH_AES_256_CBC_SHA384, TLS_ECDH_ECDSA_WITH_AES_128_CBC_SHA256, TLS_ECDH_RSA_WITH_AES_128_CBC_SHA256, TLS_ECDHE_ECDSA_WITH_AES_256_CBC_SHA, TLS_ECDHE_RSA_WITH_AES_256_CBC_SHA, TLS_ECDHE_ECDSA_WITH_AES_128_CBC_SHA, TLS_ECDHE_RSA_WITH_AES_128_CBC_SHA, TLS_DHE_RSA_WITH_AES_256_CBC_SHA, TLS_DHE_DSS_WITH_AES_256_CBC_SHA, TLS_DHE_RSA_WITH_AES_128_CBC_SHA, TLS_DHE_DSS_WITH_AES_128_CBC_SHA, TLS_ECDH_ECDSA_WITH_AES_256_CBC_SHA, TLS_ECDH_RSA_WITH_AES_256_CBC_SHA, TLS_ECDH_ECDSA_WITH_AES_128_CBC_SHA, TLS_ECDH_RSA_WITH_AES_128_CBC_SHA, TLS_RSA_WITH_AES_256_GCM_SHA384, TLS_RSA_WITH_AES_128_GCM_SHA256, TLS_RSA_WITH_AES_256_CBC_SHA256, TLS_RSA_WITH_AES_128_CBC_SHA256, TLS_RSA_WITH_AES_256_CBC_SHA, TLS_RSA_WITH_AES_128_CBC_SHA, TLS_EMPTY_RENEGOTIATION_INFO_SCSV]
09:48:48.847 [main] DEBUG org.apache.hc.client5.http.ssl.SSLConnectionSocketFactory - Starting handshake
09:48:48.886 [main] DEBUG org.apache.hc.client5.http.ssl.SSLConnectionSocketFactory - Secure session established
09:48:48.886 [main] DEBUG org.apache.hc.client5.http.ssl.SSLConnectionSocketFactory -  negotiated protocol: TLSv1.3
09:48:48.886 [main] DEBUG org.apache.hc.client5.http.ssl.SSLConnectionSocketFactory -  negotiated cipher suite: TLS_AES_256_GCM_SHA384
09:48:48.886 [main] DEBUG org.apache.hc.client5.http.ssl.SSLConnectionSocketFactory -  peer principal: CN=*.github.io, O="GitHub, Inc.", L=San Francisco, ST=California, C=US
09:48:48.886 [main] DEBUG org.apache.hc.client5.http.ssl.SSLConnectionSocketFactory -  peer alternative names: [*.github.io, github.io, *.github.com, github.com, www.github.com, *.githubusercontent.com, githubusercontent.com]
09:48:48.886 [main] DEBUG org.apache.hc.client5.http.ssl.SSLConnectionSocketFactory -  issuer principal: CN=DigiCert TLS RSA SHA256 2020 CA1, O=DigiCert Inc, C=US
09:48:48.886 [main] DEBUG org.apache.hc.client5.http.impl.io.DefaultHttpClientConnectionOperator - http-outgoing-18: connection established 192.168.100.42:64198<->185.199.108.133:443
09:48:48.886 [main] DEBUG org.apache.hc.client5.http.impl.io.PoolingHttpClientConnectionManager - ep-00000018: connected http-outgoing-18
09:48:48.886 [main] DEBUG org.apache.hc.client5.http.impl.classic.InternalHttpClient - ep-00000018: endpoint connected
09:48:48.886 [main] DEBUG org.apache.hc.client5.http.impl.classic.MainClientExec - ex-00000019: executing GET /bonigarcia/webdrivermanager/master/src/main/resources/commands.properties HTTP/1.1
09:48:48.886 [main] DEBUG org.apache.hc.client5.http.impl.classic.InternalHttpClient - ep-00000018: start execution ex-00000019
09:48:48.886 [main] DEBUG org.apache.hc.client5.http.impl.io.PoolingHttpClientConnectionManager - ep-00000018: executing exchange ex-00000019 over http-outgoing-18
09:48:48.886 [main] DEBUG org.apache.hc.client5.http.headers - http-outgoing-18 >> GET /bonigarcia/webdrivermanager/master/src/main/resources/commands.properties HTTP/1.1
09:48:48.886 [main] DEBUG org.apache.hc.client5.http.headers - http-outgoing-18 >> user-agent: Apache-HttpClient/5.0
09:48:48.886 [main] DEBUG org.apache.hc.client5.http.headers - http-outgoing-18 >> accept-encoding: gzip, deflate, br
09:48:48.886 [main] DEBUG org.apache.hc.client5.http.headers - http-outgoing-18 >> cache-control: max-age=0
09:48:48.886 [main] DEBUG org.apache.hc.client5.http.headers - http-outgoing-18 >> connection: keep-alive
09:48:48.886 [main] DEBUG org.apache.hc.client5.http.headers - http-outgoing-18 >> Host: raw.githubusercontent.com
09:48:48.886 [main] DEBUG org.apache.hc.client5.http.wire - http-outgoing-18 >> "GET /bonigarcia/webdrivermanager/master/src/main/resources/commands.properties HTTP/1.1[\r][\n]"
09:48:48.886 [main] DEBUG org.apache.hc.client5.http.wire - http-outgoing-18 >> "user-agent: Apache-HttpClient/5.0[\r][\n]"
09:48:48.886 [main] DEBUG org.apache.hc.client5.http.wire - http-outgoing-18 >> "accept-encoding: gzip, deflate, br[\r][\n]"
09:48:48.886 [main] DEBUG org.apache.hc.client5.http.wire - http-outgoing-18 >> "cache-control: max-age=0[\r][\n]"
09:48:48.886 [main] DEBUG org.apache.hc.client5.http.wire - http-outgoing-18 >> "connection: keep-alive[\r][\n]"
09:48:48.886 [main] DEBUG org.apache.hc.client5.http.wire - http-outgoing-18 >> "Host: raw.githubusercontent.com[\r][\n]"
09:48:48.886 [main] DEBUG org.apache.hc.client5.http.wire - http-outgoing-18 >> "[\r][\n]"
09:48:48.910 [main] DEBUG org.apache.hc.client5.http.wire - http-outgoing-18 << "HTTP/1.1 200 OK[\r][\n]"
09:48:48.910 [main] DEBUG org.apache.hc.client5.http.wire - http-outgoing-18 << "Connection: keep-alive[\r][\n]"
09:48:48.910 [main] DEBUG org.apache.hc.client5.http.wire - http-outgoing-18 << "Content-Length: 723[\r][\n]"
09:48:48.910 [main] DEBUG org.apache.hc.client5.http.wire - http-outgoing-18 << "Cache-Control: max-age=300[\r][\n]"
09:48:48.910 [main] DEBUG org.apache.hc.client5.http.wire - http-outgoing-18 << "Content-Security-Policy: default-src 'none'; style-src 'unsafe-inline'; sandbox[\r][\n]"
09:48:48.910 [main] DEBUG org.apache.hc.client5.http.wire - http-outgoing-18 << "Content-Type: text/plain; charset=utf-8[\r][\n]"
09:48:48.910 [main] DEBUG org.apache.hc.client5.http.wire - http-outgoing-18 << "ETag: W/"e82b438271e9e8680c688b0b680efd0bdd22faa6d6f0a32fc1fd8accc486b67e"[\r][\n]"
09:48:48.910 [main] DEBUG org.apache.hc.client5.http.wire - http-outgoing-18 << "Strict-Transport-Security: max-age=31536000[\r][\n]"
09:48:48.910 [main] DEBUG org.apache.hc.client5.http.wire - http-outgoing-18 << "X-Content-Type-Options: nosniff[\r][\n]"
09:48:48.910 [main] DEBUG org.apache.hc.client5.http.wire - http-outgoing-18 << "X-Frame-Options: deny[\r][\n]"
09:48:48.910 [main] DEBUG org.apache.hc.client5.http.wire - http-outgoing-18 << "X-XSS-Protection: 1; mode=block[\r][\n]"
09:48:48.910 [main] DEBUG org.apache.hc.client5.http.wire - http-outgoing-18 << "X-GitHub-Request-Id: 4CA0:B8C7F:70C4E:8CACE:651389F9[\r][\n]"
09:48:48.910 [main] DEBUG org.apache.hc.client5.http.wire - http-outgoing-18 << "Content-Encoding: gzip[\r][\n]"
09:48:48.910 [main] DEBUG org.apache.hc.client5.http.wire - http-outgoing-18 << "Accept-Ranges: bytes[\r][\n]"
09:48:48.910 [main] DEBUG org.apache.hc.client5.http.wire - http-outgoing-18 << "Date: Sat, 30 Sep 2023 02:48:59 GMT[\r][\n]"
09:48:48.910 [main] DEBUG org.apache.hc.client5.http.wire - http-outgoing-18 << "Via: 1.1 varnish[\r][\n]"
09:48:48.910 [main] DEBUG org.apache.hc.client5.http.wire - http-outgoing-18 << "X-Served-By: cache-qpg1222-QPG[\r][\n]"
09:48:48.910 [main] DEBUG org.apache.hc.client5.http.wire - http-outgoing-18 << "X-Cache: HIT[\r][\n]"
09:48:48.910 [main] DEBUG org.apache.hc.client5.http.wire - http-outgoing-18 << "X-Cache-Hits: 4[\r][\n]"
09:48:48.910 [main] DEBUG org.apache.hc.client5.http.wire - http-outgoing-18 << "X-Timer: S1696042140.742096,VS0,VE0[\r][\n]"
09:48:48.910 [main] DEBUG org.apache.hc.client5.http.wire - http-outgoing-18 << "Vary: Authorization,Accept-Encoding,Origin[\r][\n]"
09:48:48.910 [main] DEBUG org.apache.hc.client5.http.wire - http-outgoing-18 << "Access-Control-Allow-Origin: *[\r][\n]"
09:48:48.910 [main] DEBUG org.apache.hc.client5.http.wire - http-outgoing-18 << "Cross-Origin-Resource-Policy: cross-origin[\r][\n]"
09:48:48.910 [main] DEBUG org.apache.hc.client5.http.wire - http-outgoing-18 << "X-Fastly-Request-ID: 63f1f2292582fb37ec4a1ed8c64d246fe037eb0a[\r][\n]"
09:48:48.910 [main] DEBUG org.apache.hc.client5.http.wire - http-outgoing-18 << "Expires: Sat, 30 Sep 2023 02:53:59 GMT[\r][\n]"
09:48:48.910 [main] DEBUG org.apache.hc.client5.http.wire - http-outgoing-18 << "Source-Age: 50[\r][\n]"
09:48:48.910 [main] DEBUG org.apache.hc.client5.http.wire - http-outgoing-18 << "[\r][\n]"
09:48:48.910 [main] DEBUG org.apache.hc.client5.http.headers - http-outgoing-18 << HTTP/1.1 200 OK
09:48:48.910 [main] DEBUG org.apache.hc.client5.http.headers - http-outgoing-18 << Connection: keep-alive
09:48:48.910 [main] DEBUG org.apache.hc.client5.http.headers - http-outgoing-18 << Content-Length: 723
09:48:48.910 [main] DEBUG org.apache.hc.client5.http.headers - http-outgoing-18 << Cache-Control: max-age=300
09:48:48.910 [main] DEBUG org.apache.hc.client5.http.headers - http-outgoing-18 << Content-Security-Policy: default-src 'none'; style-src 'unsafe-inline'; sandbox
09:48:48.910 [main] DEBUG org.apache.hc.client5.http.headers - http-outgoing-18 << Content-Type: text/plain; charset=utf-8
09:48:48.910 [main] DEBUG org.apache.hc.client5.http.headers - http-outgoing-18 << ETag: W/"e82b438271e9e8680c688b0b680efd0bdd22faa6d6f0a32fc1fd8accc486b67e"
09:48:48.926 [main] DEBUG org.apache.hc.client5.http.headers - http-outgoing-18 << Strict-Transport-Security: max-age=31536000
09:48:48.926 [main] DEBUG org.apache.hc.client5.http.headers - http-outgoing-18 << X-Content-Type-Options: nosniff
09:48:48.926 [main] DEBUG org.apache.hc.client5.http.headers - http-outgoing-18 << X-Frame-Options: deny
09:48:48.926 [main] DEBUG org.apache.hc.client5.http.headers - http-outgoing-18 << X-XSS-Protection: 1; mode=block
09:48:48.926 [main] DEBUG org.apache.hc.client5.http.headers - http-outgoing-18 << X-GitHub-Request-Id: 4CA0:B8C7F:70C4E:8CACE:651389F9
09:48:48.926 [main] DEBUG org.apache.hc.client5.http.headers - http-outgoing-18 << Content-Encoding: gzip
09:48:48.926 [main] DEBUG org.apache.hc.client5.http.headers - http-outgoing-18 << Accept-Ranges: bytes
09:48:48.926 [main] DEBUG org.apache.hc.client5.http.headers - http-outgoing-18 << Date: Sat, 30 Sep 2023 02:48:59 GMT
09:48:48.926 [main] DEBUG org.apache.hc.client5.http.headers - http-outgoing-18 << Via: 1.1 varnish
09:48:48.926 [main] DEBUG org.apache.hc.client5.http.headers - http-outgoing-18 << X-Served-By: cache-qpg1222-QPG
09:48:48.926 [main] DEBUG org.apache.hc.client5.http.headers - http-outgoing-18 << X-Cache: HIT
09:48:48.926 [main] DEBUG org.apache.hc.client5.http.headers - http-outgoing-18 << X-Cache-Hits: 4
09:48:48.926 [main] DEBUG org.apache.hc.client5.http.headers - http-outgoing-18 << X-Timer: S1696042140.742096,VS0,VE0
09:48:48.926 [main] DEBUG org.apache.hc.client5.http.headers - http-outgoing-18 << Vary: Authorization,Accept-Encoding,Origin
09:48:48.926 [main] DEBUG org.apache.hc.client5.http.headers - http-outgoing-18 << Access-Control-Allow-Origin: *
09:48:48.926 [main] DEBUG org.apache.hc.client5.http.headers - http-outgoing-18 << Cross-Origin-Resource-Policy: cross-origin
09:48:48.926 [main] DEBUG org.apache.hc.client5.http.headers - http-outgoing-18 << X-Fastly-Request-ID: 63f1f2292582fb37ec4a1ed8c64d246fe037eb0a
09:48:48.926 [main] DEBUG org.apache.hc.client5.http.headers - http-outgoing-18 << Expires: Sat, 30 Sep 2023 02:53:59 GMT
09:48:48.926 [main] DEBUG org.apache.hc.client5.http.headers - http-outgoing-18 << Source-Age: 50
09:48:48.926 [main] DEBUG org.apache.hc.client5.http.impl.classic.MainClientExec - ex-00000019: connection can be kept alive for 3 MINUTES
09:48:48.926 [main] DEBUG org.apache.hc.client5.http.wire - http-outgoing-18 << "[0x1f][0xffffff8b][0x8][0x0][0x0][0x0][0x0][0x0][0x0][0x3][0xffffffb5]V]o[0xffffffda]0[0x14]}[0xffffffe7]W\[0xffffff81]*[0xffffffb5][0x12][0x1f][[M[0xffffffd3]$[0x1e]hF[0xffffffbb]i [0x18][0xffffffb4][0xffffffdd]&[0xfffffff9][0xffffffc5]$7[0xffffffc1]R[0x12]#;[0xffffff94]v[0xffffffbf]~[0xffffffb6][0xfffffff3]1[0xffffff92][0xffffff9a][0xffffffc1][0x1a]x[0xffffffcb][0xffffffb5][0xffffffaf][0xffffffcf]9[0xffffffbe][0xfffffff7]8v[0xb][0x1c][0x1e]E4[0xfffffff6]$x4[0xffffffa1][0xb]*[0xffffffb1][0xffffffd1][0xffffff82][0xfffffffb]%[0xffffff93][0xffffffe0][0xffffffb3][0x10][0xffffffc1][0xffffffe5]qBY,!Y[0xffffffea] KM8,[0x10][0xfffffff0][0x19][0xffffffdd]u[0xffffff82][0x1e][0xffffffb0][0xffffffd8]L[0xffffffcb]%[0xffffff86][0xffffffa1][0xe][0xffffffb8][0xfffffff0]P[0xffffffe8]$[0xf][0x13]t[0x13]3[0xfffffff9][0xffffff84]B2[0xffffffae][0xffffffe6]|@[0xfffffff5][0x1d][0x8][0xffffffc4][0x18][0x16][0xffffff82]o[0xffffffa4][0xffffff9a]P[0xffffff94][0xffffffe7][0xffffffce]R[0xfffffff0][0x8][0xffffffdb]p[0xffffffcb][0x4][0xfffffffa][0xfffffffc][0xffffffb9][\r][0xffffff93][0x15][\n]"
09:48:48.926 [main] DEBUG org.apache.hc.client5.http.wire - http-outgoing-18 << "[0xffffffda][0xffffff86][0xffffffa1][0x17][0xffffffa8]Q3[0xffffffcb][0xffffffd6][0xffffffd1][0xffffff85][0xffffffc6][0xfffffff7][0xffffff98][0xffffffef][0xffffffa3][0xffffffc0]8[0x1][0xffffffae]s[0x12][0x16][0x7] _d[0xffffff82][0xffffff91][0xffffff84][0xfffffff3][0x1f],[0xfffffff6][0x14]j[0x1b]F,^+[0xffffff98]1ua2[0xffffffbf]h([0xffffff8e][0xffffff94][0xffffffa2][0xffffff91]m[0xffffffa3][0xffffffeb][0xffffff9a][0xffffffb0][0xffffffbb]I[0x17]t[0xffffffdf][0xffffffbd][0xffffffef][0xffffffbb][0xffffff91][0xffffffd7]U[0xffffffbb][0xffffff82][0xffffff9e][0x3][0xffffff9b][0xffffff88][0xffffffb9][0xffffffa6]$[0xffffffa6][0xc][0xffffff9b][0xffffffa5][0xffffffe2][0xffffff83][0xffffff98]F[0xffffffd8]o[0xffffff9e]Mg[0xffffff93][0xffffffbb][0xffffffd9]`|[0xfffffffb]u4[0xffffff9c][0x7f]"}B[0xffffffce][0x8][0xffffffb9][0xffffffe3]<[0x8][0xffffff91][0xffffff90][0xffffff94][0xffffff82][0xffffff90][0xffffffc1]j[0x15]2WI[0xffffffe3]1![0x19][0xffffff91]BnB[0xffffff80][0x9]<f[0xffffffb5][0xffffffe8]=[0xffffffd1]p[0xffffffbd][[0xffffffcf][0xffffffe5][0x1b][0xfffffff4][0xffffff9c][0xffffffff][0xfffffffc][0xfffffff8][0xffffffe1][0xffffffe2][0xffffff94][0xffffffa2][0xffffffae][0xe][0x14]5[0xffffff9a]8[0xffffff83][0xffffffd1]`:[0xfffffffd]<[0xffffffb8][0x1f][0xffffff9c]R[0xffffffcf]u[0x7f]6[0xffffffbc][0xffffff83][0xffffffef][0xf][0xffffffc3][0xffffffd9]/[0xfffffff8][0xfffffff2][0xffffffcd]y s[0xffffffee]'[0x1b]*0g[0xffffffcb][0xffffffc8]nF7H][0xffffff83][0xffffff97]{[0xffffffb1]Q[0x5][\r][0xffffffb5]c[0xffffffb4][0xf][0x2][0xffffffb3][0xffffffb4][0xffffff93][0xe]C[0xffffffa7][0xffffffb3]kAD][0xffffff9d][0xffffffde][0xffffffdb][0xffffffda][0xffffff88][0xffffffec][0xffffffa5][0xffffffbc][0xffffff99][0xffffffd9][0xffffffba]t[0xffffffb5][0xffffffea]9[0xffffffea][0x10])[0xffffffb7][0xffffffca][0xffffff9e][0xfffffff2][0xffffffe2]d^N[0xffffffd8]FW[0x16][0xffffffcd][0xffffffdc]_[0x10][0xfffffff9]i|[0x1c][0xffffff93][0xffffff8e][0xfffffff9]o[0x16][0xffffff86]4'!$G[0xffffffdf]W[0xfffffff4]W*j[[0xfffffff3]xR[0xffffffae][0xffffffb6][0xc][0xffffffd0],; #[0xffffffa9][0xffffff92]5[0xffffffb5][0x7][0xffffff9c][0xffffffb5][0xffffffd0][0x7f][0xffffff90][0xffffffc7]jgs[0xfffffffc][0xffffffc2][0xb][0xffffffd9][0x0]t[0xffffff9e]^'Y[0xfffffffb][0xffffff9f][0xffffffb1][0xffffffd8]:[0xffffffbf][0xffffff8d][0xffffffa5][0xffffff9a][0xffffffad][0x7f]m[0x5]&[0xffffffaa][0xffffffa0]^[0xffffff9b][0xffffffcb][0x5]f[0xffffffae][0xffffffe0]RU[0xffffff82][0x10]MS9l[0xffffff91]4t[0xfffffffb][0xffffff8a]][0xffffffd6][0xfffffff4][0xffffff96][0xffffffa6][0xffffff9f]P[0xffffffce][0xffffffd5][0xffffffce][0xffffff93][0xffffffff][0xffffff97][0xffffffcc]p[0xfffffffd][0xfffffff3][0xffffffe8][0x1b][0xffffffcc][0xffffffa2][0xffffffd9]Q[0xffffffbe][0xffffffb2][0xffffffa3][0xffffffc7]m'[0xffffffdf][0xffffffe4][[0xfffffffb]^[0xffffffb0][0xffffff9a][0xffffffbe][0xffffffda][0xffffffda]_[0xffffffce][0xffffff80][0xffffffd2][0xffffffc1]7[0xffffffb7]][0xffffffc1]b[0xffffffee][0xffffffb5][0xffffffff]w[0xffffff83][0xffffffed][0xffffffa7];[0x15]<[0x10]4[0xffffff92][0xffffff84][0x18][\n]"
09:48:48.926 [main] DEBUG org.apache.hc.client5.http.wire - http-outgoing-18 << "BB[0xffffffba][0xffffff8e]][0xffffffb5]jo[0xffffffb9]+"[0xffffffea][0xffffffb4][0xffffffff]h"[0xffffffea]\?5[0xffffffa9][0xffffffaf]k[0xffffffec][0xffffffff]P[0xffffffea][\n]"
09:48:48.926 [main] DEBUG org.apache.hc.client5.http.wire - http-outgoing-18 << "w[0xffffffe1]K[0x13][0xffffffda][0xffffffec][0xffffff98][0xffffffe6]Y[0xfffffffd]h8m6[0xffffff9c]T[0xffffffc1][0xfffffff2][0xffffffa7][0xffffff91]z_[0xffffff95]o85p[0x1c][0x13][0xffffffe6][0xfffffff0]5[0xffffffee][0xfffffffc][0xffffff92][0xffffff96][0xffffffda][0xfffffff7][0xffffffcf][0xffffffb1][0x5][0x1d][0xffffffea]K[0xffffff9b]9[0xffffff8e][0xffffffad]e[0xfffffff7][0xffffff93][0xffffffa8]`[0xffffffda][0xffffffff][0x1a][0xffffffd2][0xffffff88][0xffffff85][0xfffffffd][0xfffffff2][0xffffff91]N[0xfffffff6]`[0xffffffdf]2[0xffffffcf][0xffffffae]E[0xffffff97][0xffffffc5][0xffffffa2][0xffffff9d][0xffffffef]'[0xffffff9d]mun.[0xffffffd3]f^[0xffffffc7][0xffffff82][0xffffffda][0xffffff82]9[0xfffffff5][0xffffffa9]`[0x5][0xffffffbc]4[0xffffffa1][0x1d]<M[0xffffffb5]A[0xffffffa7]3[[0xffffffc0][0x7f][0x0][0xffffffc1][0xffffffd0]$[0xffffff85][0x1d][\r][0x0][0x0]"
09:48:48.926 [main] DEBUG org.apache.hc.client5.http.impl.classic.InternalHttpClient - ep-00000018: releasing valid endpoint
09:48:48.926 [main] DEBUG org.apache.hc.client5.http.impl.io.PoolingHttpClientConnectionManager - ep-00000018: releasing endpoint
09:48:48.926 [main] DEBUG org.apache.hc.client5.http.impl.io.PoolingHttpClientConnectionManager - ep-00000018: connection http-outgoing-18 can be kept alive for 3 MINUTES
09:48:48.926 [main] DEBUG org.apache.hc.client5.http.impl.io.PoolingHttpClientConnectionManager - ep-00000018: connection released [route: {s}->https://raw.githubusercontent.com:443][total available: 1; route allocated: 1 of 5; total allocated: 1 of 25]
09:48:48.926 [main] DEBUG io.github.bonigarcia.wdm.versions.VersionDetector - Detecting chrome version using online commands.properties
09:48:48.928 [main] DEBUG io.github.bonigarcia.wdm.versions.Shell - Running command on the shell: [cmd.exe, /C, wmic, datafile, where, name="%PROGRAMFILES:\=\\%\\Google\\Chrome\\Application\\chrome.exe", get, Version, /value]
09:48:49.030 [main] DEBUG io.github.bonigarcia.wdm.versions.Shell - Result: Version=117.0.5938.132
09:48:49.032 [main] DEBUG org.apache.hc.client5.http.impl.classic.InternalHttpClient - ex-0000001A: preparing request execution
09:48:49.032 [main] DEBUG org.apache.hc.client5.http.protocol.RequestAddCookies - Cookie spec selected: strict
09:48:49.032 [main] DEBUG org.apache.hc.client5.http.protocol.RequestAuthCache - Auth cache not set in the context
09:48:49.032 [main] DEBUG org.apache.hc.client5.http.impl.classic.ProtocolExec - ex-0000001A: target auth state: UNCHALLENGED
09:48:49.032 [main] DEBUG org.apache.hc.client5.http.impl.classic.ProtocolExec - ex-0000001A: proxy auth state: UNCHALLENGED
09:48:49.032 [main] DEBUG org.apache.hc.client5.http.impl.classic.ConnectExec - ex-0000001A: acquiring connection with route {s}->https://chromedriver.storage.googleapis.com:443
09:48:49.032 [main] DEBUG org.apache.hc.client5.http.impl.classic.InternalHttpClient - ex-0000001A: acquiring endpoint (3 MINUTES)
09:48:49.032 [main] DEBUG org.apache.hc.client5.http.impl.io.PoolingHttpClientConnectionManager - ex-0000001A: endpoint lease request (3 MINUTES) [route: {s}->https://chromedriver.storage.googleapis.com:443][total available: 1; route allocated: 0 of 5; total allocated: 1 of 25]
09:48:49.032 [main] DEBUG org.apache.hc.client5.http.impl.io.PoolingHttpClientConnectionManager - ex-0000001A: endpoint leased [route: {s}->https://chromedriver.storage.googleapis.com:443][total available: 1; route allocated: 1 of 5; total allocated: 2 of 25]
09:48:49.032 [main] DEBUG org.apache.hc.client5.http.impl.io.PoolingHttpClientConnectionManager - ex-0000001A: acquired ep-00000019
09:48:49.032 [main] DEBUG org.apache.hc.client5.http.impl.classic.InternalHttpClient - ex-0000001A: acquired endpoint ep-00000019
09:48:49.032 [main] DEBUG org.apache.hc.client5.http.impl.classic.ConnectExec - ex-0000001A: opening connection {s}->https://chromedriver.storage.googleapis.com:443
09:48:49.032 [main] DEBUG org.apache.hc.client5.http.impl.classic.InternalHttpClient - ep-00000019: connecting endpoint (30 SECONDS)
09:48:49.032 [main] DEBUG org.apache.hc.client5.http.impl.io.PoolingHttpClientConnectionManager - ep-00000019: connecting endpoint to https://chromedriver.storage.googleapis.com:443 (30 SECONDS)
09:48:49.032 [main] DEBUG org.apache.hc.client5.http.impl.io.DefaultHttpClientConnectionOperator - http-outgoing-19: connecting to chromedriver.storage.googleapis.com/34.101.5.123:443
09:48:49.032 [main] DEBUG org.apache.hc.client5.http.ssl.SSLConnectionSocketFactory - Connecting socket to chromedriver.storage.googleapis.com/34.101.5.123:443 with timeout 30 SECONDS
09:48:49.035 [main] DEBUG org.apache.hc.client5.http.ssl.SSLConnectionSocketFactory - Enabled protocols: [TLSv1.3, TLSv1.2]
09:48:49.035 [main] DEBUG org.apache.hc.client5.http.ssl.SSLConnectionSocketFactory - Enabled cipher suites: [TLS_AES_256_GCM_SHA384, TLS_AES_128_GCM_SHA256, TLS_CHACHA20_POLY1305_SHA256, TLS_ECDHE_ECDSA_WITH_AES_256_GCM_SHA384, TLS_ECDHE_ECDSA_WITH_AES_128_GCM_SHA256, TLS_ECDHE_ECDSA_WITH_CHACHA20_POLY1305_SHA256, TLS_ECDHE_RSA_WITH_AES_256_GCM_SHA384, TLS_ECDHE_RSA_WITH_CHACHA20_POLY1305_SHA256, TLS_ECDHE_RSA_WITH_AES_128_GCM_SHA256, TLS_DHE_RSA_WITH_AES_256_GCM_SHA384, TLS_DHE_RSA_WITH_CHACHA20_POLY1305_SHA256, TLS_DHE_DSS_WITH_AES_256_GCM_SHA384, TLS_DHE_RSA_WITH_AES_128_GCM_SHA256, TLS_DHE_DSS_WITH_AES_128_GCM_SHA256, TLS_ECDHE_ECDSA_WITH_AES_256_CBC_SHA384, TLS_ECDHE_RSA_WITH_AES_256_CBC_SHA384, TLS_ECDHE_ECDSA_WITH_AES_128_CBC_SHA256, TLS_ECDHE_RSA_WITH_AES_128_CBC_SHA256, TLS_DHE_RSA_WITH_AES_256_CBC_SHA256, TLS_DHE_DSS_WITH_AES_256_CBC_SHA256, TLS_DHE_RSA_WITH_AES_128_CBC_SHA256, TLS_DHE_DSS_WITH_AES_128_CBC_SHA256, TLS_ECDH_ECDSA_WITH_AES_256_GCM_SHA384, TLS_ECDH_RSA_WITH_AES_256_GCM_SHA384, TLS_ECDH_ECDSA_WITH_AES_128_GCM_SHA256, TLS_ECDH_RSA_WITH_AES_128_GCM_SHA256, TLS_ECDH_ECDSA_WITH_AES_256_CBC_SHA384, TLS_ECDH_RSA_WITH_AES_256_CBC_SHA384, TLS_ECDH_ECDSA_WITH_AES_128_CBC_SHA256, TLS_ECDH_RSA_WITH_AES_128_CBC_SHA256, TLS_ECDHE_ECDSA_WITH_AES_256_CBC_SHA, TLS_ECDHE_RSA_WITH_AES_256_CBC_SHA, TLS_ECDHE_ECDSA_WITH_AES_128_CBC_SHA, TLS_ECDHE_RSA_WITH_AES_128_CBC_SHA, TLS_DHE_RSA_WITH_AES_256_CBC_SHA, TLS_DHE_DSS_WITH_AES_256_CBC_SHA, TLS_DHE_RSA_WITH_AES_128_CBC_SHA, TLS_DHE_DSS_WITH_AES_128_CBC_SHA, TLS_ECDH_ECDSA_WITH_AES_256_CBC_SHA, TLS_ECDH_RSA_WITH_AES_256_CBC_SHA, TLS_ECDH_ECDSA_WITH_AES_128_CBC_SHA, TLS_ECDH_RSA_WITH_AES_128_CBC_SHA, TLS_RSA_WITH_AES_256_GCM_SHA384, TLS_RSA_WITH_AES_128_GCM_SHA256, TLS_RSA_WITH_AES_256_CBC_SHA256, TLS_RSA_WITH_AES_128_CBC_SHA256, TLS_RSA_WITH_AES_256_CBC_SHA, TLS_RSA_WITH_AES_128_CBC_SHA, TLS_EMPTY_RENEGOTIATION_INFO_SCSV]
09:48:49.035 [main] DEBUG org.apache.hc.client5.http.ssl.SSLConnectionSocketFactory - Starting handshake
09:48:49.069 [main] DEBUG org.apache.hc.client5.http.ssl.SSLConnectionSocketFactory - Secure session established
09:48:49.069 [main] DEBUG org.apache.hc.client5.http.ssl.SSLConnectionSocketFactory -  negotiated protocol: TLSv1.3
09:48:49.069 [main] DEBUG org.apache.hc.client5.http.ssl.SSLConnectionSocketFactory -  negotiated cipher suite: TLS_AES_256_GCM_SHA384
09:48:49.069 [main] DEBUG org.apache.hc.client5.http.ssl.SSLConnectionSocketFactory -  peer principal: CN=*.storage.googleapis.com
09:48:49.069 [main] DEBUG org.apache.hc.client5.http.ssl.SSLConnectionSocketFactory -  peer alternative names: [*.storage.googleapis.com, *.googleapis.com, commondatastorage.googleapis.com, *.commondatastorage.googleapis.com, storage.googleapis.com, storage-p2.googleapis.com, *.storage-p2.googleapis.com, storage.mtls.googleapis.com, *.appspot.com.storage.googleapis.com, *.content-storage.googleapis.com, *.content-storage-p2.googleapis.com, *.content-storage-upload.googleapis.com, *.content-storage-download.googleapis.com, *.storage-upload.googleapis.com, *.storage-download.googleapis.com]
09:48:49.083 [main] DEBUG org.apache.hc.client5.http.ssl.SSLConnectionSocketFactory -  issuer principal: CN=GTS CA 1C3, O=Google Trust Services LLC, C=US
09:48:49.083 [main] DEBUG org.apache.hc.client5.http.impl.io.DefaultHttpClientConnectionOperator - http-outgoing-19: connection established 192.168.100.42:64199<->34.101.5.123:443
09:48:49.083 [main] DEBUG org.apache.hc.client5.http.impl.io.PoolingHttpClientConnectionManager - ep-00000019: connected http-outgoing-19
09:48:49.083 [main] DEBUG org.apache.hc.client5.http.impl.classic.InternalHttpClient - ep-00000019: endpoint connected
09:48:49.083 [main] DEBUG org.apache.hc.client5.http.impl.classic.MainClientExec - ex-0000001A: executing GET /LATEST_RELEASE_117 HTTP/1.1
09:48:49.083 [main] DEBUG org.apache.hc.client5.http.impl.classic.InternalHttpClient - ep-00000019: start execution ex-0000001A
09:48:49.083 [main] DEBUG org.apache.hc.client5.http.impl.io.PoolingHttpClientConnectionManager - ep-00000019: executing exchange ex-0000001A over http-outgoing-19
09:48:49.083 [main] DEBUG org.apache.hc.client5.http.headers - http-outgoing-19 >> GET /LATEST_RELEASE_117 HTTP/1.1
09:48:49.083 [main] DEBUG org.apache.hc.client5.http.headers - http-outgoing-19 >> user-agent: Apache-HttpClient/5.0
09:48:49.083 [main] DEBUG org.apache.hc.client5.http.headers - http-outgoing-19 >> accept-encoding: gzip, deflate, br
09:48:49.083 [main] DEBUG org.apache.hc.client5.http.headers - http-outgoing-19 >> cache-control: max-age=0
09:48:49.083 [main] DEBUG org.apache.hc.client5.http.headers - http-outgoing-19 >> connection: keep-alive
09:48:49.083 [main] DEBUG org.apache.hc.client5.http.headers - http-outgoing-19 >> Host: chromedriver.storage.googleapis.com
09:48:49.083 [main] DEBUG org.apache.hc.client5.http.wire - http-outgoing-19 >> "GET /LATEST_RELEASE_117 HTTP/1.1[\r][\n]"
09:48:49.083 [main] DEBUG org.apache.hc.client5.http.wire - http-outgoing-19 >> "user-agent: Apache-HttpClient/5.0[\r][\n]"
09:48:49.083 [main] DEBUG org.apache.hc.client5.http.wire - http-outgoing-19 >> "accept-encoding: gzip, deflate, br[\r][\n]"
09:48:49.083 [main] DEBUG org.apache.hc.client5.http.wire - http-outgoing-19 >> "cache-control: max-age=0[\r][\n]"
09:48:49.083 [main] DEBUG org.apache.hc.client5.http.wire - http-outgoing-19 >> "connection: keep-alive[\r][\n]"
09:48:49.083 [main] DEBUG org.apache.hc.client5.http.wire - http-outgoing-19 >> "Host: chromedriver.storage.googleapis.com[\r][\n]"
09:48:49.083 [main] DEBUG org.apache.hc.client5.http.wire - http-outgoing-19 >> "[\r][\n]"
09:48:49.322 [main] DEBUG org.apache.hc.client5.http.wire - http-outgoing-19 << "HTTP/1.1 404 Not Found[\r][\n]"
09:48:49.322 [main] DEBUG org.apache.hc.client5.http.wire - http-outgoing-19 << "X-GUploader-UploadID: ADPycdvbTBjqXwSAzKcy238llcaVzpzzpCZlswuYgoEOi9IL52Nf-u5fsuy-N69fwPEHE7vtyPjSiunMevbBYzq8OkNIcM6QAjcc[\r][\n]"
09:48:49.322 [main] DEBUG org.apache.hc.client5.http.wire - http-outgoing-19 << "Content-Type: application/xml; charset=UTF-8[\r][\n]"
09:48:49.322 [main] DEBUG org.apache.hc.client5.http.wire - http-outgoing-19 << "Content-Length: 193[\r][\n]"
09:48:49.322 [main] DEBUG org.apache.hc.client5.http.wire - http-outgoing-19 << "Date: Sat, 30 Sep 2023 02:49:00 GMT[\r][\n]"
09:48:49.322 [main] DEBUG org.apache.hc.client5.http.wire - http-outgoing-19 << "Expires: Sat, 30 Sep 2023 02:49:00 GMT[\r][\n]"
09:48:49.322 [main] DEBUG org.apache.hc.client5.http.wire - http-outgoing-19 << "Cache-Control: private, max-age=0[\r][\n]"
09:48:49.322 [main] DEBUG org.apache.hc.client5.http.wire - http-outgoing-19 << "Server: UploadServer[\r][\n]"
09:48:49.322 [main] DEBUG org.apache.hc.client5.http.wire - http-outgoing-19 << "Alt-Svc: h3=":443"; ma=2592000,h3-29=":443"; ma=2592000[\r][\n]"
09:48:49.322 [main] DEBUG org.apache.hc.client5.http.wire - http-outgoing-19 << "[\r][\n]"
09:48:49.322 [main] DEBUG org.apache.hc.client5.http.wire - http-outgoing-19 << "<?xml version='1.0' encoding='UTF-8'?><Error><Code>NoSuchKey</Code><Message>The specified key does not exist.</Message><Details>No such object: chromedriver/LATEST_RELEASE_117</Details></Error>"
09:48:49.322 [main] DEBUG org.apache.hc.client5.http.headers - http-outgoing-19 << HTTP/1.1 404 Not Found
09:48:49.322 [main] DEBUG org.apache.hc.client5.http.headers - http-outgoing-19 << X-GUploader-UploadID: ADPycdvbTBjqXwSAzKcy238llcaVzpzzpCZlswuYgoEOi9IL52Nf-u5fsuy-N69fwPEHE7vtyPjSiunMevbBYzq8OkNIcM6QAjcc
09:48:49.322 [main] DEBUG org.apache.hc.client5.http.headers - http-outgoing-19 << Content-Type: application/xml; charset=UTF-8
09:48:49.322 [main] DEBUG org.apache.hc.client5.http.headers - http-outgoing-19 << Content-Length: 193
09:48:49.322 [main] DEBUG org.apache.hc.client5.http.headers - http-outgoing-19 << Date: Sat, 30 Sep 2023 02:49:00 GMT
09:48:49.322 [main] DEBUG org.apache.hc.client5.http.headers - http-outgoing-19 << Expires: Sat, 30 Sep 2023 02:49:00 GMT
09:48:49.322 [main] DEBUG org.apache.hc.client5.http.headers - http-outgoing-19 << Cache-Control: private, max-age=0
09:48:49.322 [main] DEBUG org.apache.hc.client5.http.headers - http-outgoing-19 << Server: UploadServer
09:48:49.322 [main] DEBUG org.apache.hc.client5.http.headers - http-outgoing-19 << Alt-Svc: h3=":443"; ma=2592000,h3-29=":443"; ma=2592000
09:48:49.322 [main] DEBUG org.apache.hc.client5.http.impl.classic.MainClientExec - ex-0000001A: connection can be kept alive for 3 MINUTES
09:48:49.322 [main] ERROR io.github.bonigarcia.wdm.online.HttpClient - Error HTTP 404 executing https://chromedriver.storage.googleapis.com/LATEST_RELEASE_117
09:48:49.322 [main] WARN io.github.bonigarcia.wdm.versions.VersionDetector - Exception reading https://chromedriver.storage.googleapis.com/LATEST_RELEASE_117 to get latest version of chromedriver (Error HTTP 404 executing https://chromedriver.storage.googleapis.com/LATEST_RELEASE_117)
09:48:49.322 [main] DEBUG io.github.bonigarcia.wdm.versions.VersionDetector - Getting driver version for chrome117 from online versions.properties
09:48:49.322 [main] DEBUG org.apache.hc.client5.http.impl.classic.InternalHttpClient - ex-0000001B: preparing request execution
09:48:49.322 [main] DEBUG org.apache.hc.client5.http.protocol.RequestAddCookies - Cookie spec selected: strict
09:48:49.322 [main] DEBUG org.apache.hc.client5.http.protocol.RequestAuthCache - Auth cache not set in the context
09:48:49.322 [main] DEBUG org.apache.hc.client5.http.impl.classic.ProtocolExec - ex-0000001B: target auth state: UNCHALLENGED
09:48:49.322 [main] DEBUG org.apache.hc.client5.http.impl.classic.ProtocolExec - ex-0000001B: proxy auth state: UNCHALLENGED
09:48:49.322 [main] DEBUG org.apache.hc.client5.http.impl.classic.ConnectExec - ex-0000001B: acquiring connection with route {s}->https://raw.githubusercontent.com:443
09:48:49.322 [main] DEBUG org.apache.hc.client5.http.impl.classic.InternalHttpClient - ex-0000001B: acquiring endpoint (3 MINUTES)
09:48:49.322 [main] DEBUG org.apache.hc.client5.http.impl.io.PoolingHttpClientConnectionManager - ex-0000001B: endpoint lease request (3 MINUTES) [route: {s}->https://raw.githubusercontent.com:443][total available: 1; route allocated: 1 of 5; total allocated: 2 of 25]
09:48:49.322 [main] DEBUG org.apache.hc.client5.http.impl.io.PoolingHttpClientConnectionManager - ex-0000001B: endpoint leased [route: {s}->https://raw.githubusercontent.com:443][total available: 0; route allocated: 1 of 5; total allocated: 2 of 25]
09:48:49.322 [main] DEBUG org.apache.hc.client5.http.impl.io.PoolingHttpClientConnectionManager - ex-0000001B: acquired ep-0000001A
09:48:49.322 [main] DEBUG org.apache.hc.client5.http.impl.classic.InternalHttpClient - ex-0000001B: acquired endpoint ep-0000001A
09:48:49.322 [main] DEBUG org.apache.hc.client5.http.impl.classic.MainClientExec - ex-0000001B: executing GET /bonigarcia/webdrivermanager/master/src/main/resources/versions.properties HTTP/1.1
09:48:49.322 [main] DEBUG org.apache.hc.client5.http.impl.classic.InternalHttpClient - ep-0000001A: start execution ex-0000001B
09:48:49.322 [main] DEBUG org.apache.hc.client5.http.impl.io.PoolingHttpClientConnectionManager - ep-0000001A: executing exchange ex-0000001B over http-outgoing-18
09:48:49.322 [main] DEBUG org.apache.hc.client5.http.headers - http-outgoing-18 >> GET /bonigarcia/webdrivermanager/master/src/main/resources/versions.properties HTTP/1.1
09:48:49.322 [main] DEBUG org.apache.hc.client5.http.headers - http-outgoing-18 >> user-agent: Apache-HttpClient/5.0
09:48:49.322 [main] DEBUG org.apache.hc.client5.http.headers - http-outgoing-18 >> accept-encoding: gzip, deflate, br
09:48:49.322 [main] DEBUG org.apache.hc.client5.http.headers - http-outgoing-18 >> cache-control: max-age=0
09:48:49.322 [main] DEBUG org.apache.hc.client5.http.headers - http-outgoing-18 >> connection: keep-alive
09:48:49.322 [main] DEBUG org.apache.hc.client5.http.headers - http-outgoing-18 >> Host: raw.githubusercontent.com
09:48:49.322 [main] DEBUG org.apache.hc.client5.http.wire - http-outgoing-18 >> "GET /bonigarcia/webdrivermanager/master/src/main/resources/versions.properties HTTP/1.1[\r][\n]"
09:48:49.322 [main] DEBUG org.apache.hc.client5.http.wire - http-outgoing-18 >> "user-agent: Apache-HttpClient/5.0[\r][\n]"
09:48:49.322 [main] DEBUG org.apache.hc.client5.http.wire - http-outgoing-18 >> "accept-encoding: gzip, deflate, br[\r][\n]"
09:48:49.322 [main] DEBUG org.apache.hc.client5.http.wire - http-outgoing-18 >> "cache-control: max-age=0[\r][\n]"
09:48:49.322 [main] DEBUG org.apache.hc.client5.http.wire - http-outgoing-18 >> "connection: keep-alive[\r][\n]"
09:48:49.322 [main] DEBUG org.apache.hc.client5.http.wire - http-outgoing-18 >> "Host: raw.githubusercontent.com[\r][\n]"
09:48:49.322 [main] DEBUG org.apache.hc.client5.http.wire - http-outgoing-18 >> "[\r][\n]"
09:48:49.355 [main] DEBUG org.apache.hc.client5.http.wire - http-outgoing-18 << "HTTP/1.1 200 OK[\r][\n]"
09:48:49.355 [main] DEBUG org.apache.hc.client5.http.wire - http-outgoing-18 << "Connection: keep-alive[\r][\n]"
09:48:49.355 [main] DEBUG org.apache.hc.client5.http.wire - http-outgoing-18 << "Content-Length: 1615[\r][\n]"
09:48:49.355 [main] DEBUG org.apache.hc.client5.http.wire - http-outgoing-18 << "Cache-Control: max-age=300[\r][\n]"
09:48:49.355 [main] DEBUG org.apache.hc.client5.http.wire - http-outgoing-18 << "Content-Security-Policy: default-src 'none'; style-src 'unsafe-inline'; sandbox[\r][\n]"
09:48:49.355 [main] DEBUG org.apache.hc.client5.http.wire - http-outgoing-18 << "Content-Type: text/plain; charset=utf-8[\r][\n]"
09:48:49.355 [main] DEBUG org.apache.hc.client5.http.wire - http-outgoing-18 << "ETag: W/"65e8ec46ef4920945cc03f0386cc600d8027ed4440e101d5729220d93bfa6f0f"[\r][\n]"
09:48:49.355 [main] DEBUG org.apache.hc.client5.http.wire - http-outgoing-18 << "Strict-Transport-Security: max-age=31536000[\r][\n]"
09:48:49.355 [main] DEBUG org.apache.hc.client5.http.wire - http-outgoing-18 << "X-Content-Type-Options: nosniff[\r][\n]"
09:48:49.355 [main] DEBUG org.apache.hc.client5.http.wire - http-outgoing-18 << "X-Frame-Options: deny[\r][\n]"
09:48:49.355 [main] DEBUG org.apache.hc.client5.http.wire - http-outgoing-18 << "X-XSS-Protection: 1; mode=block[\r][\n]"
09:48:49.355 [main] DEBUG org.apache.hc.client5.http.wire - http-outgoing-18 << "X-GitHub-Request-Id: 4D10:B89CD:6D987:89792:651389FC[\r][\n]"
09:48:49.355 [main] DEBUG org.apache.hc.client5.http.wire - http-outgoing-18 << "Content-Encoding: gzip[\r][\n]"
09:48:49.355 [main] DEBUG org.apache.hc.client5.http.wire - http-outgoing-18 << "Accept-Ranges: bytes[\r][\n]"
09:48:49.355 [main] DEBUG org.apache.hc.client5.http.wire - http-outgoing-18 << "Date: Sat, 30 Sep 2023 02:49:00 GMT[\r][\n]"
09:48:49.355 [main] DEBUG org.apache.hc.client5.http.wire - http-outgoing-18 << "Via: 1.1 varnish[\r][\n]"
09:48:49.355 [main] DEBUG org.apache.hc.client5.http.wire - http-outgoing-18 << "X-Served-By: cache-qpg1222-QPG[\r][\n]"
09:48:49.355 [main] DEBUG org.apache.hc.client5.http.wire - http-outgoing-18 << "X-Cache: HIT[\r][\n]"
09:48:49.355 [main] DEBUG org.apache.hc.client5.http.wire - http-outgoing-18 << "X-Cache-Hits: 1[\r][\n]"
09:48:49.355 [main] DEBUG org.apache.hc.client5.http.wire - http-outgoing-18 << "X-Timer: S1696042140.187154,VS0,VE1[\r][\n]"
09:48:49.355 [main] DEBUG org.apache.hc.client5.http.wire - http-outgoing-18 << "Vary: Authorization,Accept-Encoding,Origin[\r][\n]"
09:48:49.355 [main] DEBUG org.apache.hc.client5.http.wire - http-outgoing-18 << "Access-Control-Allow-Origin: *[\r][\n]"
09:48:49.355 [main] DEBUG org.apache.hc.client5.http.wire - http-outgoing-18 << "Cross-Origin-Resource-Policy: cross-origin[\r][\n]"
09:48:49.355 [main] DEBUG org.apache.hc.client5.http.wire - http-outgoing-18 << "X-Fastly-Request-ID: 8a4d730a996909cb287ea5addb6a150a481ff3f0[\r][\n]"
09:48:49.355 [main] DEBUG org.apache.hc.client5.http.wire - http-outgoing-18 << "Expires: Sat, 30 Sep 2023 02:54:00 GMT[\r][\n]"
09:48:49.355 [main] DEBUG org.apache.hc.client5.http.wire - http-outgoing-18 << "Source-Age: 141[\r][\n]"
09:48:49.355 [main] DEBUG org.apache.hc.client5.http.wire - http-outgoing-18 << "[\r][\n]"
09:48:49.355 [main] DEBUG org.apache.hc.client5.http.headers - http-outgoing-18 << HTTP/1.1 200 OK
09:48:49.355 [main] DEBUG org.apache.hc.client5.http.headers - http-outgoing-18 << Connection: keep-alive
09:48:49.355 [main] DEBUG org.apache.hc.client5.http.headers - http-outgoing-18 << Content-Length: 1615
09:48:49.355 [main] DEBUG org.apache.hc.client5.http.headers - http-outgoing-18 << Cache-Control: max-age=300
09:48:49.355 [main] DEBUG org.apache.hc.client5.http.headers - http-outgoing-18 << Content-Security-Policy: default-src 'none'; style-src 'unsafe-inline'; sandbox
09:48:49.355 [main] DEBUG org.apache.hc.client5.http.headers - http-outgoing-18 << Content-Type: text/plain; charset=utf-8
09:48:49.355 [main] DEBUG org.apache.hc.client5.http.headers - http-outgoing-18 << ETag: W/"65e8ec46ef4920945cc03f0386cc600d8027ed4440e101d5729220d93bfa6f0f"
09:48:49.355 [main] DEBUG org.apache.hc.client5.http.headers - http-outgoing-18 << Strict-Transport-Security: max-age=31536000
09:48:49.355 [main] DEBUG org.apache.hc.client5.http.headers - http-outgoing-18 << X-Content-Type-Options: nosniff
09:48:49.355 [main] DEBUG org.apache.hc.client5.http.headers - http-outgoing-18 << X-Frame-Options: deny
09:48:49.355 [main] DEBUG org.apache.hc.client5.http.headers - http-outgoing-18 << X-XSS-Protection: 1; mode=block
09:48:49.355 [main] DEBUG org.apache.hc.client5.http.headers - http-outgoing-18 << X-GitHub-Request-Id: 4D10:B89CD:6D987:89792:651389FC
09:48:49.355 [main] DEBUG org.apache.hc.client5.http.headers - http-outgoing-18 << Content-Encoding: gzip
09:48:49.355 [main] DEBUG org.apache.hc.client5.http.headers - http-outgoing-18 << Accept-Ranges: bytes
09:48:49.355 [main] DEBUG org.apache.hc.client5.http.headers - http-outgoing-18 << Date: Sat, 30 Sep 2023 02:49:00 GMT
09:48:49.355 [main] DEBUG org.apache.hc.client5.http.headers - http-outgoing-18 << Via: 1.1 varnish
09:48:49.355 [main] DEBUG org.apache.hc.client5.http.headers - http-outgoing-18 << X-Served-By: cache-qpg1222-QPG
09:48:49.355 [main] DEBUG org.apache.hc.client5.http.headers - http-outgoing-18 << X-Cache: HIT
09:48:49.355 [main] DEBUG org.apache.hc.client5.http.headers - http-outgoing-18 << X-Cache-Hits: 1
09:48:49.355 [main] DEBUG org.apache.hc.client5.http.headers - http-outgoing-18 << X-Timer: S1696042140.187154,VS0,VE1
09:48:49.355 [main] DEBUG org.apache.hc.client5.http.headers - http-outgoing-18 << Vary: Authorization,Accept-Encoding,Origin
09:48:49.355 [main] DEBUG org.apache.hc.client5.http.headers - http-outgoing-18 << Access-Control-Allow-Origin: *
09:48:49.355 [main] DEBUG org.apache.hc.client5.http.headers - http-outgoing-18 << Cross-Origin-Resource-Policy: cross-origin
09:48:49.355 [main] DEBUG org.apache.hc.client5.http.headers - http-outgoing-18 << X-Fastly-Request-ID: 8a4d730a996909cb287ea5addb6a150a481ff3f0
09:48:49.355 [main] DEBUG org.apache.hc.client5.http.headers - http-outgoing-18 << Expires: Sat, 30 Sep 2023 02:54:00 GMT
09:48:49.355 [main] DEBUG org.apache.hc.client5.http.headers - http-outgoing-18 << Source-Age: 141
09:48:49.355 [main] DEBUG org.apache.hc.client5.http.impl.classic.MainClientExec - ex-0000001B: connection can be kept alive for 3 MINUTES
09:48:49.369 [main] DEBUG org.apache.hc.client5.http.wire - http-outgoing-18 << "[0x1f][0xffffff8b][0x8][0x0][0x0][0x0][0x0][0x0][0x0][0x3][0xffffff8d][0xffffff97]Ko#7[0xc][0xffffffc7][0xffffffef][0xfffffff9][0x14][0x3][0xfffffff4][0x1c]YO[0xffffff8a][\n]"
09:48:49.369 [main] DEBUG org.apache.hc.client5.http.wire - http-outgoing-18 << "[0xffffffa0]K[0xffffff9f][0xffffffa7][0xffffffa2][0xffffff87][0xfffffff6][0xb]x[0xffffffed]Ib[0xffffffac][0xffffffe3][0x9]lg[0xffffffb3][0xffffffe8][0xffffffa7]/[0xfffffff5][0xffffffa0]F[0xffffff96][[0xffffffa0][0xffffff87]`[0xffffff97]?k$[0xffffff92][0xffffffe2]p[0xfffffffe][0xfffffffc]a[0xfffffffa][0xffffffeb][0xfffffff5]p[0xffffff99][0xffffff9e][0xf][0xffffffc7]y[0xffffffda]-[0xffffffa7][0xffffffeb][0xfffffff6]p[0xffffffba]L[0xffffffd7][0xffffffd7]y[0xfffffffa]zZ>O[0xffffffd3][0xfffffffe]|[0xfffffff8]6[0xffffff9f]'[0xfffffffa][0xffffffbb][0x1c][0x16][0xfffffffa]e[0xffffffb7][0xffffffbc][0xffffffbd]o[0xffffffaf][0xffffff87]/[0xffffffb4][0xfffffffa][0xfffffff3]p}[0xffffffcd]+w[0xffffffcb][0xfffffff9]<_[0xffffffde][0xffffff97][0xffffffd3][0xfffffffe]pz[0xffffff99][0xffffffbe][0xffffff9c][0xffffff97][0xffffffcf][0xffffffcb][0xfffffffa][0xffffffc8][0xffffffc3][0xffffffc3][0xf][0xffffffd3][0xffffff8f][0x5]=M[0xffffffbf]-[0xffffffcb][0xb]=[0xfffffff9][0xffffffd3][0xffffffeb]yy[0xffffff9b][0xffffffa7][0xffffffed]i_[0xfffffffe]{[0xfffffff8]x[0xffffff9b][0x1e][0xffffffa7][0xffffff9f][0xfffffff3]QO[0xffffffd3].[0xffffffff]Z[0xe][0xffffffa6][0xffffff87][0xffffffff]\>[0xffffffce][0xffffffbb][0xfffffff9]iz[0xffffffbd]^[0xffffffdf][0xffffff9f]6[0xffffff9b][0xfffffffe]W[0xffffffb1][0xffffffab]O[0xffffff8b][0xffffffe5][0xfffffffc][0xffffffb2][0xffffffd9][0xffffff93][0xffffffbf][0xffffffc7]e[0xffffffbb][0xffffffbf]<[0xffffff94]5J[0xffffffd9]H[0x7f]B[\n]"
09:48:49.369 [main] DEBUG org.apache.hc.client5.http.wire - http-outgoing-18 << "[0xffffffe7][0xffffff8d][0x13]A6n[0xffffff88][0xffffff9b][0xffffffc4][0xffffffc1]k[0x1][0xffffffa6]qM\g[0xffffffae][0xffffff9c][0xffffffb0][0xffffffa1]qE\%[0xffffffee][0xffffffc0][0x8][0xffffffb0][0xffffff8d]K[0xffffffe2]2q[0xffffff8b]Jx[0xffffffcf]\[0xffffff86]H[0x7f][0xffffff99][0xffffffd3][0xfffffff1][0xffffffbe][0xffffffad][0xffffff97]H[0x1c][0x13]7.[0x8][0xffffffaf][0x1a][0xfffffff7][0xffffffc4]}[0xffffffe6][0xffffffd2][\n]"
09:48:49.369 [main] DEBUG org.apache.hc.client5.http.wire - http-outgoing-18 << "[0xffffffd0][0xffffff8d][0x3]qH\[0xffffffdb] `][0xffffffef][0xffffff88][0xffffffbb][0xffffffc4]Up[0xfffffff4]c[0xffffffe3][0x14][0xffffffaf][0xffffffcc][0xfffffff1][0xffffffa6]0|[0xfffffff3]_R[0xffffffbc]2[0xffffffc7]+A[\n]"
09:48:49.369 [main] DEBUG org.apache.hc.client5.http.wire - http-outgoing-18 << "eV[0xffffff87](`[0xffffff99][0x3][0xffffff96][0xffffffb4]_w[0x0][0x5],S[0xffffffc0]68%[0xffffffec][0xffffffca])`[0xffffff99][0x2][0xffffffb6][0x18]@[0x0]'4[0xffffff84][0x18]B[0xffffffa6][0xffffffd6][0xffffffd2][0xffffffd9]L1[0xffffff86][0x14][0xffffffac][0xfffffff5][0xe][0x5][0x1d][0xffffffc3][0xffffffd8][0xffffffc7][0xffffff90]b[0xffffffb5][0x10][0xfffffff4][0xffffff9a][0xffffff83][0x0]1@[0xffffffa6]`[0xffffff85]uL][0xc].S[0xffffff83][0x2]8[0xffffff9e]`c[0xffffffb0][0xffffff99]Rr[0xffffffe8]"[0x19][0xffffff9b][0x18]R[0xffffff90][0xffffffd6]y[0xffffffbf]^j[0xffffffd0]1[0xffffffe8]L[0xffffffe9]J)[0xffffffcb][0xffffff8c]U[0xc]9@K[0x15]@[0xffffffb1]2[0xffffff96]1[0xffffffe4][0xfffffff8][0xffffffac][0xffffff91]Bs[0xffffff9e]0D[0xffffffcc][0xfffffff1][0x19][0xfffffffa]G[0xfffffff3][0xffffffce][0xffffff88][0x11]s|F[[0x11][0xffffff80][0xffffffa9][0xffffff8f][0xffffff98][0xffffffc3][0xffffffd3]([0x5]"S[0xffffff88][0xffffff98][0xffffffc3][0xffffffd3][0xffffff96][0xfffffff6][0xffffffe5]T[0xffffffa0][0xffffff8b][0xffffff98][0xffffffc3]Sh[0x4][0xffffffb2]kh#[0xffffffe6][0xfffffff0][0xffffff94][0xfffffff5][0xffffffc2]p[0xffffff8e][0xffffffd1]D[0xffffffcc][0xffffffd1][0xffffffa5][0xffffff9b]4[0xffffff9c][\n]"
09:48:49.369 [main] DEBUG org.apache.hc.client5.http.wire - http-outgoing-18 << "T[0x11]s[0x18][0xffffff92]2[0xffffffaf]L;NFLa[0xffffff98]@[0xffffffbe]P[0x9]U[0xffffffec]C[0xfffffff4]!c[0xffffffeb][0xffffff84]i[0x14][0xffffffa3][0xffffffc7]L[0xffffffa9]v[0xffffffa8][0xffffffae][0x18][0xfffffffb][0xffffffe8]S [0x6][0xffffff81][0xffffffde][0x5]v[0xffffffc3]C[0xfffffff4][0xffffff90])[0x15][0xffffffb8][0xffffffd2]m[0xf][0x17]}[0xffffff8a][0xffffffc4]xO[0x5][0xffffffb6][0xffffffae][0xffffffb6][0xffffffd1][0xffffffdb][0xffffff8c]5[0xffffffd5]/C[0x13]}[0xffffff8a][0xffffffc4][0x0][0x5][0x4][0xffffffec][0xffffffb2][0xffffffd7]Q[0xffffffd3][0xffffff8d][0xffffffb2][0xffffffa5]n,[0xffffff99],v[0xc]B[0xffffffb2][0xfffffff8]n[0x0][0xffffff93][0xffffffc5][0x19][0x5][0xffffff9f],[0xffffffbe]M[0xffffff80]d[0xffffffb1]3[0xffffffe0][0xffffffc8]j)[0x2][0xffffff9b],[0xffffffce]9[0xffffff98]d[0xfffffff1]y[0xffffff90]|1[0xffffffed][0xffffffbc][0xffffffe4]K{g [0xfffffff9]b[0xffffffcc]MW[0xfffffffb]}[0xfffffff9][0xfffffffb]p<n[0xffffffa7]_[0xf][0xffffffe7][0xfffffff9]y[0xfffffff9][0xffffffde][0xffffffb5][0xffffffb2][0xffffff97]y[0xfffffff7]u[0xfffffff9][0xffffffd7]Nv[0xffffffa1]V[0xfffffff6]B[\r][0xfffffff4][0xffffffe3][0xffffff8b][0xffffffa0][0xffffff96][0xffffffba]y+[l[0xffffffba][0x7]6[0xffffffe7][0xfffffff9]8o/[0xfffffff3][0xffffffe5][0xffffffe1][0xffffffb9][0xffffffec][0xffffffab][0x14]FJ[0x1b][0xffffffe5]n%[0xfffffffe][0xffffff8e][0xffffffc0][0x1d]qw[0xffffffc4][0xffffffde][0x11]sG[0xfffffff4][0x1d]QwD&[0xffffffa2][0xffffff85]n[0xffffff84]:_&[0xffffffeb][0x1a][0xffffff89]w[0xffffffc4][0xffffffdf][0x11][0xffffffb8]#[0xffffffee][0xffffff8e]d[0xffffff9f]UO[0xffffffcc][0x1d][0xffffffd1]wD[0xffffffdd][0x11]9[0xffffff90][0x10]F[0xffffff80]#[0xfffffff0]#[0xffffff80][0x11][0xffffffb8][0x11][0xffffff8c][0xffffffde][0xffffff86][0xffffffd1][0xffffffd9]0[0xfffffffa][0x1a]FWC[0xfffffff2][0xffffff94][0xffffffde][0xffffff9b][0xe][0xffffff88][0xffffffe3][0xffffffe1][0xfffffff4][0xfffffff1][0xffffffbd]`[0xffffffc5][0x18][0xffffffc3][0xffffffb0][0xe]q[0x4]~[0x4]0[0x2]7[0x2];[0xffffff82][0x14][0xffffff80][0xffffffc6][0xe][0xffffffe8][0x11][0xffffffa4][0x0][0xffffffb4][0xffffffef][0xffffff80][0x1c][0xffffff80][0xf]#[0xffffffc8][0xffffff9e]B[0x7][0xfffffffc][0x8]`[0x4]n[0x4]v[0x4]f[0x4]z[0x4]j[0x4]r[0x0][0x10]F[0xffffff90]=u[0x1d][0xffffffc8][0xffffff9e][0xffffffda][0xe][0xffffffc0][0x8][0xffffffdc][0x8][0xffffffb2][0xffffffa7][0xffffffdd][0xb][0x4]f[0x4][0xffffffd9][0xffffffd3][0xffffffae][0xffffffec]!{[0xffffffda][0x15][0x5][0xffffffc8][0x1][0xffffffb8]0[0x2][0x1c][0xffffff81][0x1f]A[0xfffffff6]Tv[0xffffffc0]1[0xffffffe8][0xffffffbb][0xffffffda][0x1f][0xffffffef][0xfffffff3]y[0xffffffdb][0xfffffff5][0xffffffb2]%[0xffffffd9][0xffffffff][0xffffffa7][0xffffff97][0xffffffe5][0xffffff85][0xffffff97][0xffffffe5][0xfffffff9][0xfffffffa][0xffffffb9]=[0xffffffcf][0xffffffc5]b[0xffffff9d]6v[0xffffffb6][0xfffffffc]c[0xffffff96]!*[0xffffffeb][0x1c][0xffffffa4][0xf]S[0xfffffff0][0xffffff8c][0xffffff93][0xffffffec][0xffffffca]2[0xffffffc7]S[0xffffffe9]+[0xffffffd2][\n]"
09:48:49.369 [main] DEBUG org.apache.hc.client5.http.wire - http-outgoing-18 << "[0xffffff95][0xffffffcb]^[0xffffffd6]Q[0x17]*[0xffffff9c]^[0xffffffe4]N[0xffffffd5])][0xffffffb7][0xffffffa1][0xffffffd7][0xffffffb9][0x13]u[0xffffffc8][0xffffffd4][0xffffffdf]H:W)[0xfffffff4][0xffffff82][0xffffff8e][0xe][0xffffffaa][0xffffffd8][0xfffffff5]zNi[0xffffffc6][0xffffffb6][0xffffff97]s!Tjz1G[\n]"
09:48:49.369 [main] DEBUG org.apache.hc.client5.http.wire - http-outgoing-18 << "[0xffffffa0]P[0xffffffdd]K9[0xffffffa5]x[0xffffffb1][0xffffffea][0xffffff95]\[0x12]I[0x5][0xffffffcb]^[0xffffffc8]a[\r][0x1c]C/[0xffffffe3][0x0]*[0xffffffc5]A[0xffffffc3][0x15][0xffffffea]{[0x5]G[0xffffff92][0xffffffb5]P[0xffffffe8][0xfffffff5][K[0x11][0xffffffbd][0xfffffffd]7[0xfffffffa][0xffffffad]@[0xffffffdb][0xffffffc9]7[0xffffffac][0xffffff8e]Q[0x17][0xffffffb8][0x11]o[0x5][0xffffffea][[0xffffffed]V[0xffffffa0][0xffffffea][0xffffffa4][0xffffff9b][0xffffffe3][0xfffffff3]e[0xffffffa7][0xffffffdc][0xffffffd8]U[0xffffffea][\n]"
09:48:49.369 [main] DEBUG org.apache.hc.client5.http.wire - http-outgoing-18 << "7[0xffffffba][0xffffffad]@[0x1c]d[[0xffffffa1][0xffffffbe]Sm[0xffffff9e]!t[0xffffff9a][\r][0xffffffeb][0xfffffff1][0xffffffd4]&V[0xffffffc9][0xffffffc6][0xffffffde]S[0xffffffab]X[0x15][0x1b]%[0xffffffb8]R[0xffffffd3])6[0xffffffe0]Mu'[0xffffffd8][0xffffffb0]^8[0xfffffff5][0xffffff8d]U[0xffffffaf][0xffffffb5][0xffffffcb][0xffffffa2][0xffffffe6][0xffffffb1][0xffffffea]5[0xffffffac][0x17]K[\r]d[0xffffff95]k\[0xffffffd1][0xffffffd4]D:[0xffffffb5][0xffffffa6]j[0xffffffa8][0xffffffd4]Iz[0xffffffb1]V[0xffffffcf][0xffffffa2]v[0xffffffb2]j5[0xffffffcf][0xffffffbb][0xffffffba]N[0xffffffaa]q)S[Y[0xffffff85]Z+N[0xffffffea]-[0xffffff9d]P3[0xffffffd5]Wj0[0xffffff9d]NkgU}[0xffffff95][\r][0x17]z[0xffffffa3][0xffffffaa][0xffffffab]bTqU[0xffffff8c][0xffffffaa][0xffffffad][0xffffff8a]Q[0xffffffa5]U1[0xffffffaa][0xffffffb2]*F[0x15]V[0xffffffc5][0xffffffa8][0xffffffba][0xffffffaa][0x18][0xffffffaa][0x8][0xffffffa9]b[0xffffffc8][0xffffffce][0xffffffb0][0xffffffc9][0x3][0xfffffff6][0xffffffd8]&[0xf]L=[0xffffffc7]&[0xf]tM[0xffffff86][0xffffff85]b[0xffffffdc]([0xffffffb1][0xffffffc3][0xffffffee][0xffffffbc][0xffffffa4][0xffffffd6]3[0xfffffffd][0xffffffb2][0x7f][0xffffff99][0xffffffbb][0xffffffe6][0xfffffff5]v[0xffffff99][0x9][0xfffffffc]g[0xfffffff7][0xffffffda][0xffffffcf][0xffffffdf][0xffffffe6]c[0xffffffda]U[0xffffffbc][0xfffffff1][0xe][0xffffffb9][0xffffff95][0xffffffcd][0xffffffa7][0xffffffc7][0xffffff8f][0xffffffcb][0xffffffa6][0xffffffb1][0xffffffc7][0xffffffb4][0xffffffc9][0xffffffe6][0xffffffba],[0xffffffc7][0xffffffcb][0xffffffe6]s[0xfffffffe]R[0xffffffbb][0xffffffd9]C[0xffffffa2][0xffffffeb][0xffffffb0][0xffffffa9][0xffffff90]Z[0xffffffba][0xffffffc2]Jy[0xffffffd4]T[0xffffff9e][0xffffff94]0e[0xffffffb2]P[0x1e]4[0xffffff95][0xffffffd7][0xffffffb9][0xffffff90][0xb][0xffffffe5]1S[0x1][0xffffffa8]4[0x6][0x16][0xffffffca]C[0xffffffa6]rT[0x1f][0xffffff94][0xffffffbd]L[0xffffffdb][0xffffff88][0xffffffa9][0xffffff9c]B[0xffffffe1][0xffffffeb]im[0xffffffc0]T[0x16]h_[0xffffffa8][0xffffff94][0xffffffc7]K[0x12][0xffffffe6][0xffffffe9][0xffffffe3][ [0xffffffcf][0xffffff96][0xffffffca][0xfffffff8][0xfffffff4][0xffffffa9][0xffffffab][0xffffff94]'K[0x1a][0x12][\r]u[0xffffffb0]Jy[0xffffffae]T[0xffffff9a][0xffffffde]T[0xffffffcf];[0xfffffff0]TIc[0xffffff80]mA[0xffffffb4][0xffffff91]Ri*\[0xffffff92][0xffffffe9][0xffffff85][0xfffffff2]@[0xffffffa9][0xffffffb4][0xffffff92][0xffffffeb][0xffffffbe]<N[0xffffff92]"
09:48:49.369 [main] DEBUG org.apache.hc.client5.http.wire - http-outgoing-18 << "[0xffffffb2]ui[0xffffffa8]I[0xffffff94][0xffffff87]Ij[0xfffffffd][0xffffffa9]Q[0x14]VGI[0xffffff95][0xffffffa2][0xffffffab][0xffffff89][0xffffffe1]9[0xffffff92]B[0xffffffd3][0xffffff8d][0xffffffd5])[0xffffff92]b[0xffffffb0][0xffffff8d][0xffffffd5][0x19][0xffffff92][0xffffffbc]j'[0xfffffff3][0x4][0x19][0xffffffa8][0xffffffc7][0x18]UP[0xffffff9d][0x1e][0x3][0xffffffa5][0xffffffde][0xffffffd4]Uut[0xc]r=[0xffffffa0][0xffffff8e][0xffffff8d][0xffffff98]:]}[0xffffffb0][0xffffff8e][0xffffff8c]H[0xffffff81][0x15][0xffffffc2][0xffffffe3]b[0xffffffba][0xfffffff1]r1<*z[0xffffffca]m}[0xffffff8c][0xffffffe7]D[0xffffff80]P[0xffffffaf][0xffffff84]gD[0xffffffa0][0xffffff92][0xffffff80][0xffffff92][0xb][0x1e][0x10]]Jp]U[0xffffffa7]C[0xffffff97][0xffffff95]E&<[0x19]Rkp[0xfffffff5]<[0xffffffea]^[0xffffffa5]{[0x6][0xfffffff6][0xffffff89][0x7]E[0xfffffffa][0xffffffce][0xffffffd6][0xffffffab]jC"ELu[0xffffff97]Y[0xffffff9b][0x10]S[0xffffffcd][0x16]R[0xffffffa7]C[0xffffffed][0xffffffb9]tx0[0xffffffd4][0xffffffa6][0xffffff91]:[0x14][0xffffffa6][0xffffffb6]XI[0xffffff9d][0x7][0xffffff95][0xffffffa1][0xffffff81][0xffffffb9] k[0xffffffe3][0xfffffffb]y~<[0xffffff9c].[0xffffffd7][0xffffffed][0xfffffff1]8[0xffffffef][0xb][0xffffffd4][0x11][0xffffffd2][0xffffff97][0xffffffdd][0xffffff94]:[0xffffffb1]*R[0xb][0x3][0x1d]J[0xfffffff8]VF[0xffffffea][0xffffff93][0xfffffff4][0xffffffb5]+[0xfffffff7]a0[0xffffffd2][0xffffff8b]eM([0xffffffa6]NM[0xffffff87]n[0x1a]K[0xffffff8d]h*[0xffffffa6]t[0xffffffc9][0xffffffd4][0xffffff93][0xfffffffe][0x1][0xffffffa9][0xffffff9e].[0xffffff9b][0xffffffd3][0x12][0x0][0x0]"
09:48:49.369 [main] DEBUG org.apache.hc.client5.http.impl.classic.InternalHttpClient - ep-0000001A: releasing valid endpoint
09:48:49.369 [main] DEBUG org.apache.hc.client5.http.impl.io.PoolingHttpClientConnectionManager - ep-0000001A: releasing endpoint
09:48:49.369 [main] DEBUG org.apache.hc.client5.http.impl.io.PoolingHttpClientConnectionManager - ep-0000001A: connection http-outgoing-18 can be kept alive for 3 MINUTES
09:48:49.369 [main] DEBUG org.apache.hc.client5.http.impl.io.PoolingHttpClientConnectionManager - ep-0000001A: connection released [route: {s}->https://raw.githubusercontent.com:443][total available: 1; route allocated: 1 of 5; total allocated: 2 of 25]
09:48:49.369 [main] DEBUG io.github.bonigarcia.wdm.versions.VersionDetector - Driver for chrome117 not found in online properties (using local versions.properties)
09:48:49.369 [main] DEBUG io.github.bonigarcia.wdm.WebDriverManager - The driver version for CHROME 117 is unknown ... trying with latest
09:48:49.377 [main] DEBUG org.apache.hc.client5.http.impl.classic.InternalHttpClient - ex-0000001C: preparing request execution
09:48:49.377 [main] DEBUG org.apache.hc.client5.http.protocol.RequestAddCookies - Cookie spec selected: strict
09:48:49.377 [main] DEBUG org.apache.hc.client5.http.protocol.RequestAuthCache - Auth cache not set in the context
09:48:49.377 [main] DEBUG org.apache.hc.client5.http.impl.classic.ProtocolExec - ex-0000001C: target auth state: UNCHALLENGED
09:48:49.377 [main] DEBUG org.apache.hc.client5.http.impl.classic.ProtocolExec - ex-0000001C: proxy auth state: UNCHALLENGED
09:48:49.377 [main] DEBUG org.apache.hc.client5.http.impl.classic.ConnectExec - ex-0000001C: acquiring connection with route {s}->https://chromedriver.storage.googleapis.com:443
09:48:49.377 [main] DEBUG org.apache.hc.client5.http.impl.classic.InternalHttpClient - ex-0000001C: acquiring endpoint (3 MINUTES)
09:48:49.377 [main] DEBUG org.apache.hc.client5.http.impl.io.PoolingHttpClientConnectionManager - ex-0000001C: endpoint lease request (3 MINUTES) [route: {s}->https://chromedriver.storage.googleapis.com:443][total available: 1; route allocated: 1 of 5; total allocated: 2 of 25]
09:48:49.377 [main] DEBUG org.apache.hc.client5.http.impl.io.PoolingHttpClientConnectionManager - ex-0000001C: endpoint leased [route: {s}->https://chromedriver.storage.googleapis.com:443][total available: 1; route allocated: 2 of 5; total allocated: 3 of 25]
09:48:49.377 [main] DEBUG org.apache.hc.client5.http.impl.io.PoolingHttpClientConnectionManager - ex-0000001C: acquired ep-0000001B
09:48:49.377 [main] DEBUG org.apache.hc.client5.http.impl.classic.InternalHttpClient - ex-0000001C: acquired endpoint ep-0000001B
09:48:49.377 [main] DEBUG org.apache.hc.client5.http.impl.classic.ConnectExec - ex-0000001C: opening connection {s}->https://chromedriver.storage.googleapis.com:443
09:48:49.377 [main] DEBUG org.apache.hc.client5.http.impl.classic.InternalHttpClient - ep-0000001B: connecting endpoint (30 SECONDS)
09:48:49.377 [main] DEBUG org.apache.hc.client5.http.impl.io.PoolingHttpClientConnectionManager - ep-0000001B: connecting endpoint to https://chromedriver.storage.googleapis.com:443 (30 SECONDS)
09:48:49.379 [main] DEBUG org.apache.hc.client5.http.impl.io.DefaultHttpClientConnectionOperator - http-outgoing-20: connecting to chromedriver.storage.googleapis.com/34.101.5.123:443
09:48:49.379 [main] DEBUG org.apache.hc.client5.http.ssl.SSLConnectionSocketFactory - Connecting socket to chromedriver.storage.googleapis.com/34.101.5.123:443 with timeout 30 SECONDS
09:48:49.384 [main] DEBUG org.apache.hc.client5.http.ssl.SSLConnectionSocketFactory - Enabled protocols: [TLSv1.3, TLSv1.2]
09:48:49.384 [main] DEBUG org.apache.hc.client5.http.ssl.SSLConnectionSocketFactory - Enabled cipher suites: [TLS_AES_256_GCM_SHA384, TLS_AES_128_GCM_SHA256, TLS_CHACHA20_POLY1305_SHA256, TLS_ECDHE_ECDSA_WITH_AES_256_GCM_SHA384, TLS_ECDHE_ECDSA_WITH_AES_128_GCM_SHA256, TLS_ECDHE_ECDSA_WITH_CHACHA20_POLY1305_SHA256, TLS_ECDHE_RSA_WITH_AES_256_GCM_SHA384, TLS_ECDHE_RSA_WITH_CHACHA20_POLY1305_SHA256, TLS_ECDHE_RSA_WITH_AES_128_GCM_SHA256, TLS_DHE_RSA_WITH_AES_256_GCM_SHA384, TLS_DHE_RSA_WITH_CHACHA20_POLY1305_SHA256, TLS_DHE_DSS_WITH_AES_256_GCM_SHA384, TLS_DHE_RSA_WITH_AES_128_GCM_SHA256, TLS_DHE_DSS_WITH_AES_128_GCM_SHA256, TLS_ECDHE_ECDSA_WITH_AES_256_CBC_SHA384, TLS_ECDHE_RSA_WITH_AES_256_CBC_SHA384, TLS_ECDHE_ECDSA_WITH_AES_128_CBC_SHA256, TLS_ECDHE_RSA_WITH_AES_128_CBC_SHA256, TLS_DHE_RSA_WITH_AES_256_CBC_SHA256, TLS_DHE_DSS_WITH_AES_256_CBC_SHA256, TLS_DHE_RSA_WITH_AES_128_CBC_SHA256, TLS_DHE_DSS_WITH_AES_128_CBC_SHA256, TLS_ECDH_ECDSA_WITH_AES_256_GCM_SHA384, TLS_ECDH_RSA_WITH_AES_256_GCM_SHA384, TLS_ECDH_ECDSA_WITH_AES_128_GCM_SHA256, TLS_ECDH_RSA_WITH_AES_128_GCM_SHA256, TLS_ECDH_ECDSA_WITH_AES_256_CBC_SHA384, TLS_ECDH_RSA_WITH_AES_256_CBC_SHA384, TLS_ECDH_ECDSA_WITH_AES_128_CBC_SHA256, TLS_ECDH_RSA_WITH_AES_128_CBC_SHA256, TLS_ECDHE_ECDSA_WITH_AES_256_CBC_SHA, TLS_ECDHE_RSA_WITH_AES_256_CBC_SHA, TLS_ECDHE_ECDSA_WITH_AES_128_CBC_SHA, TLS_ECDHE_RSA_WITH_AES_128_CBC_SHA, TLS_DHE_RSA_WITH_AES_256_CBC_SHA, TLS_DHE_DSS_WITH_AES_256_CBC_SHA, TLS_DHE_RSA_WITH_AES_128_CBC_SHA, TLS_DHE_DSS_WITH_AES_128_CBC_SHA, TLS_ECDH_ECDSA_WITH_AES_256_CBC_SHA, TLS_ECDH_RSA_WITH_AES_256_CBC_SHA, TLS_ECDH_ECDSA_WITH_AES_128_CBC_SHA, TLS_ECDH_RSA_WITH_AES_128_CBC_SHA, TLS_RSA_WITH_AES_256_GCM_SHA384, TLS_RSA_WITH_AES_128_GCM_SHA256, TLS_RSA_WITH_AES_256_CBC_SHA256, TLS_RSA_WITH_AES_128_CBC_SHA256, TLS_RSA_WITH_AES_256_CBC_SHA, TLS_RSA_WITH_AES_128_CBC_SHA, TLS_EMPTY_RENEGOTIATION_INFO_SCSV]
09:48:49.384 [main] DEBUG org.apache.hc.client5.http.ssl.SSLConnectionSocketFactory - Starting handshake
09:48:49.427 [main] DEBUG org.apache.hc.client5.http.ssl.SSLConnectionSocketFactory - Secure session established
09:48:49.427 [main] DEBUG org.apache.hc.client5.http.ssl.SSLConnectionSocketFactory -  negotiated protocol: TLSv1.3
09:48:49.427 [main] DEBUG org.apache.hc.client5.http.ssl.SSLConnectionSocketFactory -  negotiated cipher suite: TLS_AES_256_GCM_SHA384
09:48:49.427 [main] DEBUG org.apache.hc.client5.http.ssl.SSLConnectionSocketFactory -  peer principal: CN=*.storage.googleapis.com
09:48:49.427 [main] DEBUG org.apache.hc.client5.http.ssl.SSLConnectionSocketFactory -  peer alternative names: [*.storage.googleapis.com, *.googleapis.com, commondatastorage.googleapis.com, *.commondatastorage.googleapis.com, storage.googleapis.com, storage-p2.googleapis.com, *.storage-p2.googleapis.com, storage.mtls.googleapis.com, *.appspot.com.storage.googleapis.com, *.content-storage.googleapis.com, *.content-storage-p2.googleapis.com, *.content-storage-upload.googleapis.com, *.content-storage-download.googleapis.com, *.storage-upload.googleapis.com, *.storage-download.googleapis.com]
09:48:49.427 [main] DEBUG org.apache.hc.client5.http.ssl.SSLConnectionSocketFactory -  issuer principal: CN=GTS CA 1C3, O=Google Trust Services LLC, C=US
09:48:49.427 [main] DEBUG org.apache.hc.client5.http.impl.io.DefaultHttpClientConnectionOperator - http-outgoing-20: connection established 192.168.100.42:64200<->34.101.5.123:443
09:48:49.427 [main] DEBUG org.apache.hc.client5.http.impl.io.PoolingHttpClientConnectionManager - ep-0000001B: connected http-outgoing-20
09:48:49.427 [main] DEBUG org.apache.hc.client5.http.impl.classic.InternalHttpClient - ep-0000001B: endpoint connected
09:48:49.427 [main] DEBUG org.apache.hc.client5.http.impl.classic.MainClientExec - ex-0000001C: executing GET /LATEST_RELEASE HTTP/1.1
09:48:49.427 [main] DEBUG org.apache.hc.client5.http.impl.classic.InternalHttpClient - ep-0000001B: start execution ex-0000001C
09:48:49.427 [main] DEBUG org.apache.hc.client5.http.impl.io.PoolingHttpClientConnectionManager - ep-0000001B: executing exchange ex-0000001C over http-outgoing-20
09:48:49.427 [main] DEBUG org.apache.hc.client5.http.headers - http-outgoing-20 >> GET /LATEST_RELEASE HTTP/1.1
09:48:49.427 [main] DEBUG org.apache.hc.client5.http.headers - http-outgoing-20 >> user-agent: Apache-HttpClient/5.0
09:48:49.427 [main] DEBUG org.apache.hc.client5.http.headers - http-outgoing-20 >> accept-encoding: gzip, deflate, br
09:48:49.427 [main] DEBUG org.apache.hc.client5.http.headers - http-outgoing-20 >> cache-control: max-age=0
09:48:49.427 [main] DEBUG org.apache.hc.client5.http.headers - http-outgoing-20 >> connection: keep-alive
09:48:49.427 [main] DEBUG org.apache.hc.client5.http.headers - http-outgoing-20 >> Host: chromedriver.storage.googleapis.com
09:48:49.427 [main] DEBUG org.apache.hc.client5.http.wire - http-outgoing-20 >> "GET /LATEST_RELEASE HTTP/1.1[\r][\n]"
09:48:49.427 [main] DEBUG org.apache.hc.client5.http.wire - http-outgoing-20 >> "user-agent: Apache-HttpClient/5.0[\r][\n]"
09:48:49.427 [main] DEBUG org.apache.hc.client5.http.wire - http-outgoing-20 >> "accept-encoding: gzip, deflate, br[\r][\n]"
09:48:49.427 [main] DEBUG org.apache.hc.client5.http.wire - http-outgoing-20 >> "cache-control: max-age=0[\r][\n]"
09:48:49.427 [main] DEBUG org.apache.hc.client5.http.wire - http-outgoing-20 >> "connection: keep-alive[\r][\n]"
09:48:49.427 [main] DEBUG org.apache.hc.client5.http.wire - http-outgoing-20 >> "Host: chromedriver.storage.googleapis.com[\r][\n]"
09:48:49.427 [main] DEBUG org.apache.hc.client5.http.wire - http-outgoing-20 >> "[\r][\n]"
09:48:49.434 [main] DEBUG org.apache.hc.client5.http.wire - http-outgoing-20 << "HTTP/1.1 200 OK[\r][\n]"
09:48:49.434 [main] DEBUG org.apache.hc.client5.http.wire - http-outgoing-20 << "X-GUploader-UploadID: ADPycdvnFAnOhlWGbRtUpcGBi5W3y6qEtkvwOJmj2uBu_cu5oupNFxxPFqsoSfNAPIUhE78QrkhmBqvlUQiAPhzQ2QAWS0sveOv3[\r][\n]"
09:48:49.434 [main] DEBUG org.apache.hc.client5.http.wire - http-outgoing-20 << "x-goog-generation: 1685523462105569[\r][\n]"
09:48:49.434 [main] DEBUG org.apache.hc.client5.http.wire - http-outgoing-20 << "x-goog-metageneration: 1[\r][\n]"
09:48:49.434 [main] DEBUG org.apache.hc.client5.http.wire - http-outgoing-20 << "x-goog-stored-content-encoding: identity[\r][\n]"
09:48:49.434 [main] DEBUG org.apache.hc.client5.http.wire - http-outgoing-20 << "x-goog-stored-content-length: 13[\r][\n]"
09:48:49.434 [main] DEBUG org.apache.hc.client5.http.wire - http-outgoing-20 << "x-goog-hash: crc32c=tVW4TA==[\r][\n]"
09:48:49.434 [main] DEBUG org.apache.hc.client5.http.wire - http-outgoing-20 << "x-goog-hash: md5=NoaEuIlBlniwTkiZ1T16sA==[\r][\n]"
09:48:49.434 [main] DEBUG org.apache.hc.client5.http.wire - http-outgoing-20 << "x-goog-storage-class: STANDARD[\r][\n]"
09:48:49.434 [main] DEBUG org.apache.hc.client5.http.wire - http-outgoing-20 << "Accept-Ranges: bytes[\r][\n]"
09:48:49.434 [main] DEBUG org.apache.hc.client5.http.wire - http-outgoing-20 << "Content-Length: 13[\r][\n]"
09:48:49.434 [main] DEBUG org.apache.hc.client5.http.wire - http-outgoing-20 << "Server: UploadServer[\r][\n]"
09:48:49.434 [main] DEBUG org.apache.hc.client5.http.wire - http-outgoing-20 << "Date: Sat, 30 Sep 2023 02:46:28 GMT[\r][\n]"
09:48:49.446 [main] DEBUG org.apache.hc.client5.http.wire - http-outgoing-20 << "Expires: Sat, 30 Sep 2023 03:46:28 GMT[\r][\n]"
09:48:49.446 [main] DEBUG org.apache.hc.client5.http.wire - http-outgoing-20 << "Cache-Control: public, max-age=3600[\r][\n]"
09:48:49.446 [main] DEBUG org.apache.hc.client5.http.wire - http-outgoing-20 << "Age: 152[\r][\n]"
09:48:49.446 [main] DEBUG org.apache.hc.client5.http.wire - http-outgoing-20 << "Last-Modified: Wed, 31 May 2023 08:57:42 GMT[\r][\n]"
09:48:49.446 [main] DEBUG org.apache.hc.client5.http.wire - http-outgoing-20 << "ETag: "368684b889419678b04e4899d53d7ab0"[\r][\n]"
09:48:49.446 [main] DEBUG org.apache.hc.client5.http.wire - http-outgoing-20 << "Content-Type: text/plain[\r][\n]"
09:48:49.446 [main] DEBUG org.apache.hc.client5.http.wire - http-outgoing-20 << "Alt-Svc: h3=":443"; ma=2592000,h3-29=":443"; ma=2592000[\r][\n]"
09:48:49.446 [main] DEBUG org.apache.hc.client5.http.wire - http-outgoing-20 << "[\r][\n]"
09:48:49.446 [main] DEBUG org.apache.hc.client5.http.wire - http-outgoing-20 << "114.0.5735.90"
09:48:49.446 [main] DEBUG org.apache.hc.client5.http.headers - http-outgoing-20 << HTTP/1.1 200 OK
09:48:49.446 [main] DEBUG org.apache.hc.client5.http.headers - http-outgoing-20 << X-GUploader-UploadID: ADPycdvnFAnOhlWGbRtUpcGBi5W3y6qEtkvwOJmj2uBu_cu5oupNFxxPFqsoSfNAPIUhE78QrkhmBqvlUQiAPhzQ2QAWS0sveOv3
09:48:49.446 [main] DEBUG org.apache.hc.client5.http.headers - http-outgoing-20 << x-goog-generation: 1685523462105569
09:48:49.446 [main] DEBUG org.apache.hc.client5.http.headers - http-outgoing-20 << x-goog-metageneration: 1
09:48:49.446 [main] DEBUG org.apache.hc.client5.http.headers - http-outgoing-20 << x-goog-stored-content-encoding: identity
09:48:49.446 [main] DEBUG org.apache.hc.client5.http.headers - http-outgoing-20 << x-goog-stored-content-length: 13
09:48:49.446 [main] DEBUG org.apache.hc.client5.http.headers - http-outgoing-20 << x-goog-hash: crc32c=tVW4TA==
09:48:49.446 [main] DEBUG org.apache.hc.client5.http.headers - http-outgoing-20 << x-goog-hash: md5=NoaEuIlBlniwTkiZ1T16sA==
09:48:49.446 [main] DEBUG org.apache.hc.client5.http.headers - http-outgoing-20 << x-goog-storage-class: STANDARD
09:48:49.446 [main] DEBUG org.apache.hc.client5.http.headers - http-outgoing-20 << Accept-Ranges: bytes
09:48:49.446 [main] DEBUG org.apache.hc.client5.http.headers - http-outgoing-20 << Content-Length: 13
09:48:49.446 [main] DEBUG org.apache.hc.client5.http.headers - http-outgoing-20 << Server: UploadServer
09:48:49.446 [main] DEBUG org.apache.hc.client5.http.headers - http-outgoing-20 << Date: Sat, 30 Sep 2023 02:46:28 GMT
09:48:49.446 [main] DEBUG org.apache.hc.client5.http.headers - http-outgoing-20 << Expires: Sat, 30 Sep 2023 03:46:28 GMT
09:48:49.446 [main] DEBUG org.apache.hc.client5.http.headers - http-outgoing-20 << Cache-Control: public, max-age=3600
09:48:49.446 [main] DEBUG org.apache.hc.client5.http.headers - http-outgoing-20 << Age: 152
09:48:49.446 [main] DEBUG org.apache.hc.client5.http.headers - http-outgoing-20 << Last-Modified: Wed, 31 May 2023 08:57:42 GMT
09:48:49.446 [main] DEBUG org.apache.hc.client5.http.headers - http-outgoing-20 << ETag: "368684b889419678b04e4899d53d7ab0"
09:48:49.446 [main] DEBUG org.apache.hc.client5.http.headers - http-outgoing-20 << Content-Type: text/plain
09:48:49.446 [main] DEBUG org.apache.hc.client5.http.headers - http-outgoing-20 << Alt-Svc: h3=":443"; ma=2592000,h3-29=":443"; ma=2592000
09:48:49.446 [main] DEBUG org.apache.hc.client5.http.impl.classic.MainClientExec - ex-0000001C: connection can be kept alive for 3 MINUTES
09:48:49.446 [main] DEBUG org.apache.hc.client5.http.impl.classic.InternalHttpClient - ep-0000001B: releasing valid endpoint
09:48:49.446 [main] DEBUG org.apache.hc.client5.http.impl.io.PoolingHttpClientConnectionManager - ep-0000001B: releasing endpoint
09:48:49.446 [main] DEBUG org.apache.hc.client5.http.impl.io.PoolingHttpClientConnectionManager - ep-0000001B: connection http-outgoing-20 can be kept alive for 3 MINUTES
09:48:49.446 [main] DEBUG org.apache.hc.client5.http.impl.io.PoolingHttpClientConnectionManager - ep-0000001B: connection released [route: {s}->https://chromedriver.storage.googleapis.com:443][total available: 2; route allocated: 2 of 5; total allocated: 3 of 25]
09:48:49.446 [main] DEBUG io.github.bonigarcia.wdm.versions.VersionDetector - Latest version of chromedriver according to https://chromedriver.storage.googleapis.com/LATEST_RELEASE is 114.0.5735.90
09:48:49.448 [main] DEBUG io.github.bonigarcia.wdm.WebDriverManager - Driver chromedriver 114.0.5735.90 found in cache
09:48:49.448 [main] INFO io.github.bonigarcia.wdm.WebDriverManager - Exporting webdriver.chrome.driver as C:\Users\Bagas Dwi Saputra\.cache\selenium\chromedriver\win32\114.0.5735.90\chromedriver.exe
09:48:49.527 [main] DEBUG net.thucydides.core.reflection.ClassFinder - Could not load class net.serenitybdd.rest.utils.RestSpecificationFactory
09:48:49.591 [main] DEBUG net.thucydides.core.reflection.ClassFinder - Could not load class net.serenitybdd.rest.utils.RestSpecificationFactory
09:48:49.591 [main] INFO net.serenitybdd.core.webdriver.driverproviders.ProvideNewDriver - Instantiating driver
09:48:49.591 [main] INFO net.serenitybdd.core.webdriver.driverproviders.ProvideNewDriver - Driver capabilities: Capabilities {acceptInsecureCerts: false, base.url: https://app.jubelio.com, browserName: chrome, chrome.driver: src/test/resources/webdrive..., driver: chrome, goog:chromeOptions: {args: [], extensions: []}, loggingPrefs: org.openqa.selenium.logging...}
09:48:50.436 [main] DEBUG net.thucydides.core.reflection.ClassFinder - Could not load class net.serenitybdd.rest.utils.RestSpecificationFactory
09:48:52.411 [main] DEBUG net.serenitybdd.core.photography.Darkroom - Opening darkroom
09:48:52.411 [Darkroom Processing Line] DEBUG net.serenitybdd.core.photography.DarkroomProcessingLine - Darkroom processing line starting up
09:48:52.571 [main] DEBUG net.serenitybdd.core.photography.Darkroom - Send negative for processing for target\site\serenity\d86bb99ca4b74cdefa115c5a2645bacb4c0cc871895a6fff5f0d38af68de8e18.png
09:48:52.571 [main] DEBUG net.thucydides.core.steps.StepInterceptor - STEP DONE: openLink
09:48:52.574 [main] DEBUG net.thucydides.core.steps.StepInterceptor - STARTING STEP: LoginSteps.fillsInTheWithValidDataEmail - fills in the {string} with valid data email
09:48:52.886 [main] DEBUG net.serenitybdd.core.photography.Darkroom - Send negative for processing for target\site\serenity\faed2b1791be727aabc621b05d1d8e1cb7c60f86901fe12abe65b4bf4933aad4.png
09:48:52.886 [main] DEBUG net.thucydides.core.steps.StepInterceptor - STEP DONE: fills in the {string} with valid data email
  &amp#27;[32mGiven &amp#27;[0m&amp#27;[32mfills in the &amp#27;[0m&amp#27;[32m&amp#27;[1m"qa.rakamin.jubelio@gmail.com"&amp#27;[0m&amp#27;[32m with valid data email&amp#27;[0m &amp#27;[90m# starter.stepdefinitios.LoginSteps.fillsInTheWithValidDataEmail(java.lang.String)&amp#27;[0m
09:48:53.635 [main] DEBUG net.serenitybdd.core.photography.Darkroom - Send negative for processing for target\site\serenity\64159dfdd3949babe4c5721250a1f80ea8c89c71f041d5ed43b336bef03db602.png
09:48:53.635 [main] DEBUG net.thucydides.core.steps.StepInterceptor - STARTING STEP: LoginSteps.fillInTheWithValidDataPass - fill in the {string} with valid data pass
09:48:53.635 [Darkroom Processing Line] DEBUG net.serenitybdd.core.photography.DarkroomProcessingLine - Processing screenshot image in /var/screenshots/screenshot-8315574947202967845
09:48:53.635 [Darkroom Processing Line] DEBUG net.serenitybdd.core.photography.DarkroomProcessingLine - Saving screenshot to target\site\serenity\64159dfdd3949babe4c5721250a1f80ea8c89c71f041d5ed43b336bef03db602.png
09:48:53.918 [main] DEBUG net.serenitybdd.core.photography.Darkroom - Send negative for processing for target\site\serenity\3aab92ca7e151968359143ef75cec6fa810343ca4c0455274dcda799cffafa3d.png
09:48:53.918 [main] DEBUG net.thucydides.core.steps.StepInterceptor - STEP DONE: fill in the {string} with valid data pass
  &amp#27;[32mAnd &amp#27;[0m&amp#27;[32mfill in the &amp#27;[0m&amp#27;[32m&amp#27;[1m"Jubelio123!"&amp#27;[0m&amp#27;[32m with valid data pass&amp#27;[0m                      &amp#27;[90m# starter.stepdefinitios.LoginSteps.fillInTheWithValidDataPass(java.lang.String)&amp#27;[0m
09:48:53.936 [main] DEBUG net.thucydides.core.steps.StepInterceptor - STARTING STEP: LoginSteps.clickTheLoginButton - clickbtnlogin
09:48:54.488 [main] DEBUG net.serenitybdd.core.photography.Darkroom - Send negative for processing for target\site\serenity\d99324674f0bbe7695924ca13b8d3371d4eeaf15906352e8229d3bb4a107339d.png
09:48:54.488 [main] DEBUG net.thucydides.core.steps.StepInterceptor - STEP DONE: clickbtnlogin
09:48:54.488 [Darkroom Processing Line] DEBUG net.serenitybdd.core.photography.DarkroomProcessingLine - Processing screenshot image in /var/screenshots/screenshot-11405522255247659200
09:48:54.488 [Darkroom Processing Line] DEBUG net.serenitybdd.core.photography.DarkroomProcessingLine - Saving screenshot to target\site\serenity\d99324674f0bbe7695924ca13b8d3371d4eeaf15906352e8229d3bb4a107339d.png
  &amp#27;[32mWhen &amp#27;[0m&amp#27;[32mclick the login button&amp#27;[0m                                             &amp#27;[90m# starter.stepdefinitios.LoginSteps.clickTheLoginButton()&amp#27;[0m
09:48:55.245 [main] DEBUG net.serenitybdd.core.photography.Darkroom - Send negative for processing for target\site\serenity\300aca56347503f88152c51395b4a27ed6ac38e4a843b3356800296afeb9b3f7.png
09:48:55.245 [Darkroom Processing Line] DEBUG net.serenitybdd.core.photography.DarkroomProcessingLine - Processing screenshot image in /var/screenshots/screenshot-5537902585894872780
09:48:55.245 [Darkroom Processing Line] DEBUG net.serenitybdd.core.photography.DarkroomProcessingLine - Saving screenshot to target\site\serenity\300aca56347503f88152c51395b4a27ed6ac38e4a843b3356800296afeb9b3f7.png
09:48:55.253 [main] DEBUG net.thucydides.core.steps.StepInterceptor - STARTING STEP: LoginSteps.validatePageHomeOrError - validate page home or error {string}
09:48:56.426 [main] DEBUG net.serenitybdd.core.photography.Darkroom - Send negative for processing for target\site\serenity\818b96f7cf0664a3811330ac6f500f4beb34236558679a48c7c4266fe3f1e8df.png
09:48:56.426 [main] DEBUG net.thucydides.core.steps.StepInterceptor - STEP DONE: validate page home or error {string}
  &amp#27;[32mThen &amp#27;[0m&amp#27;[32mvalidate page home or error &amp#27;[0m&amp#27;[32m&amp#27;[1m"Dashboard"&amp#27;[0m                            &amp#27;[90m# starter.stepdefinitios.LoginSteps.validatePageHomeOrError(java.lang.String)&amp#27;[0m
09:48:56.571 [main] INFO  - 
  _____   ___   ___   _____     ___     _     ___   ___   ___   ___  
 |_   _| | __| / __| |_   _|   | _ \   /_\   / __| / __| | __| |   \ 
   | |   | _|  \__ \   | |     |  _/  / _ \  \__ \ \__ \ | _|  | |) |
   |_|   |___| |___/   |_|     |_|   /_/ \_\ |___/ |___/ |___| |___/ 

Login Account
----------------------------------------------------------------------
]]></system-out>
    <system-err><![CDATA[Starting ChromeDriver 117.0.5938.88 (be6afae4721209be42944bbcd325665f9f44563b-refs/branch-heads/5938_62@{#9}) on port 31726
Only local connections are allowed.
Please see https://chromedriver.chromium.org/security-considerations for suggestions on keeping ChromeDriver safe.
ChromeDriver was started successfully.
Sep 30, 2023 9:48:50 AM org.openqa.selenium.remote.ProtocolHandshake createSession
INFO: Detected dialect: W3C
]]></system-err>
  </testcase>
  <testcase name="Login Account #2" classname="Login Account at app.jubelio" time="7.78">
    <system-out><![CDATA[
@Login
Scenario Outline: Login Account                                       &amp#27;[90m# src/test/resources/features/user/login.feature:12&amp#27;[0m
09:48:56.575 [main] INFO io.cucumber.core.plugin.SerenityReporter - Running feature from file:///D:/QE/Automation/Jubelio-Website/src/test/resources/features/user/login.feature
09:48:57.101 [main] DEBUG net.thucydides.core.steps.StepInterceptor - STARTING STEP: LoginSteps.fillsInTheWithValidDataEmail - openLink
09:48:57.101 [main] INFO net.serenitybdd.core.webdriver.driverproviders.ChromeDriverProvider - Using automatically driver download
09:48:57.116 [main] DEBUG org.apache.hc.client5.http.impl.classic.InternalHttpClient - ex-0000001D: preparing request execution
09:48:57.116 [main] DEBUG org.apache.hc.client5.http.protocol.RequestAddCookies - Cookie spec selected: strict
09:48:57.116 [main] DEBUG org.apache.hc.client5.http.protocol.RequestAuthCache - Auth cache not set in the context
09:48:57.116 [main] DEBUG org.apache.hc.client5.http.impl.classic.ProtocolExec - ex-0000001D: target auth state: UNCHALLENGED
09:48:57.116 [main] DEBUG org.apache.hc.client5.http.impl.classic.ProtocolExec - ex-0000001D: proxy auth state: UNCHALLENGED
09:48:57.116 [main] DEBUG org.apache.hc.client5.http.impl.classic.ConnectExec - ex-0000001D: acquiring connection with route {s}->https://raw.githubusercontent.com:443
09:48:57.116 [main] DEBUG org.apache.hc.client5.http.impl.classic.InternalHttpClient - ex-0000001D: acquiring endpoint (3 MINUTES)
09:48:57.116 [main] DEBUG org.apache.hc.client5.http.impl.io.PoolingHttpClientConnectionManager - ex-0000001D: endpoint lease request (3 MINUTES) [route: {s}->https://raw.githubusercontent.com:443][total available: 0; route allocated: 0 of 5; total allocated: 0 of 25]
09:48:57.116 [main] DEBUG org.apache.hc.client5.http.impl.io.PoolingHttpClientConnectionManager - ex-0000001D: endpoint leased [route: {s}->https://raw.githubusercontent.com:443][total available: 0; route allocated: 1 of 5; total allocated: 1 of 25]
09:48:57.116 [main] DEBUG org.apache.hc.client5.http.impl.io.PoolingHttpClientConnectionManager - ex-0000001D: acquired ep-0000001C
09:48:57.116 [main] DEBUG org.apache.hc.client5.http.impl.classic.InternalHttpClient - ex-0000001D: acquired endpoint ep-0000001C
09:48:57.116 [main] DEBUG org.apache.hc.client5.http.impl.classic.ConnectExec - ex-0000001D: opening connection {s}->https://raw.githubusercontent.com:443
09:48:57.116 [main] DEBUG org.apache.hc.client5.http.impl.classic.InternalHttpClient - ep-0000001C: connecting endpoint (30 SECONDS)
09:48:57.116 [main] DEBUG org.apache.hc.client5.http.impl.io.PoolingHttpClientConnectionManager - ep-0000001C: connecting endpoint to https://raw.githubusercontent.com:443 (30 SECONDS)
09:48:57.116 [main] DEBUG org.apache.hc.client5.http.impl.io.DefaultHttpClientConnectionOperator - http-outgoing-21: connecting to raw.githubusercontent.com/185.199.108.133:443
09:48:57.116 [main] DEBUG org.apache.hc.client5.http.ssl.SSLConnectionSocketFactory - Connecting socket to raw.githubusercontent.com/185.199.108.133:443 with timeout 30 SECONDS
09:48:57.134 [main] DEBUG org.apache.hc.client5.http.ssl.SSLConnectionSocketFactory - Enabled protocols: [TLSv1.3, TLSv1.2]
09:48:57.134 [main] DEBUG org.apache.hc.client5.http.ssl.SSLConnectionSocketFactory - Enabled cipher suites: [TLS_AES_256_GCM_SHA384, TLS_AES_128_GCM_SHA256, TLS_CHACHA20_POLY1305_SHA256, TLS_ECDHE_ECDSA_WITH_AES_256_GCM_SHA384, TLS_ECDHE_ECDSA_WITH_AES_128_GCM_SHA256, TLS_ECDHE_ECDSA_WITH_CHACHA20_POLY1305_SHA256, TLS_ECDHE_RSA_WITH_AES_256_GCM_SHA384, TLS_ECDHE_RSA_WITH_CHACHA20_POLY1305_SHA256, TLS_ECDHE_RSA_WITH_AES_128_GCM_SHA256, TLS_DHE_RSA_WITH_AES_256_GCM_SHA384, TLS_DHE_RSA_WITH_CHACHA20_POLY1305_SHA256, TLS_DHE_DSS_WITH_AES_256_GCM_SHA384, TLS_DHE_RSA_WITH_AES_128_GCM_SHA256, TLS_DHE_DSS_WITH_AES_128_GCM_SHA256, TLS_ECDHE_ECDSA_WITH_AES_256_CBC_SHA384, TLS_ECDHE_RSA_WITH_AES_256_CBC_SHA384, TLS_ECDHE_ECDSA_WITH_AES_128_CBC_SHA256, TLS_ECDHE_RSA_WITH_AES_128_CBC_SHA256, TLS_DHE_RSA_WITH_AES_256_CBC_SHA256, TLS_DHE_DSS_WITH_AES_256_CBC_SHA256, TLS_DHE_RSA_WITH_AES_128_CBC_SHA256, TLS_DHE_DSS_WITH_AES_128_CBC_SHA256, TLS_ECDH_ECDSA_WITH_AES_256_GCM_SHA384, TLS_ECDH_RSA_WITH_AES_256_GCM_SHA384, TLS_ECDH_ECDSA_WITH_AES_128_GCM_SHA256, TLS_ECDH_RSA_WITH_AES_128_GCM_SHA256, TLS_ECDH_ECDSA_WITH_AES_256_CBC_SHA384, TLS_ECDH_RSA_WITH_AES_256_CBC_SHA384, TLS_ECDH_ECDSA_WITH_AES_128_CBC_SHA256, TLS_ECDH_RSA_WITH_AES_128_CBC_SHA256, TLS_ECDHE_ECDSA_WITH_AES_256_CBC_SHA, TLS_ECDHE_RSA_WITH_AES_256_CBC_SHA, TLS_ECDHE_ECDSA_WITH_AES_128_CBC_SHA, TLS_ECDHE_RSA_WITH_AES_128_CBC_SHA, TLS_DHE_RSA_WITH_AES_256_CBC_SHA, TLS_DHE_DSS_WITH_AES_256_CBC_SHA, TLS_DHE_RSA_WITH_AES_128_CBC_SHA, TLS_DHE_DSS_WITH_AES_128_CBC_SHA, TLS_ECDH_ECDSA_WITH_AES_256_CBC_SHA, TLS_ECDH_RSA_WITH_AES_256_CBC_SHA, TLS_ECDH_ECDSA_WITH_AES_128_CBC_SHA, TLS_ECDH_RSA_WITH_AES_128_CBC_SHA, TLS_RSA_WITH_AES_256_GCM_SHA384, TLS_RSA_WITH_AES_128_GCM_SHA256, TLS_RSA_WITH_AES_256_CBC_SHA256, TLS_RSA_WITH_AES_128_CBC_SHA256, TLS_RSA_WITH_AES_256_CBC_SHA, TLS_RSA_WITH_AES_128_CBC_SHA, TLS_EMPTY_RENEGOTIATION_INFO_SCSV]
09:48:57.134 [main] DEBUG org.apache.hc.client5.http.ssl.SSLConnectionSocketFactory - Starting handshake
09:48:57.196 [main] DEBUG org.apache.hc.client5.http.ssl.SSLConnectionSocketFactory - Secure session established
09:48:57.196 [main] DEBUG org.apache.hc.client5.http.ssl.SSLConnectionSocketFactory -  negotiated protocol: TLSv1.3
09:48:57.196 [main] DEBUG org.apache.hc.client5.http.ssl.SSLConnectionSocketFactory -  negotiated cipher suite: TLS_AES_256_GCM_SHA384
09:48:57.196 [main] DEBUG org.apache.hc.client5.http.ssl.SSLConnectionSocketFactory -  peer principal: CN=*.github.io, O="GitHub, Inc.", L=San Francisco, ST=California, C=US
09:48:57.196 [main] DEBUG org.apache.hc.client5.http.ssl.SSLConnectionSocketFactory -  peer alternative names: [*.github.io, github.io, *.github.com, github.com, www.github.com, *.githubusercontent.com, githubusercontent.com]
09:48:57.196 [main] DEBUG org.apache.hc.client5.http.ssl.SSLConnectionSocketFactory -  issuer principal: CN=DigiCert TLS RSA SHA256 2020 CA1, O=DigiCert Inc, C=US
09:48:57.196 [main] DEBUG org.apache.hc.client5.http.impl.io.DefaultHttpClientConnectionOperator - http-outgoing-21: connection established 192.168.100.42:64259<->185.199.108.133:443
09:48:57.196 [main] DEBUG org.apache.hc.client5.http.impl.io.PoolingHttpClientConnectionManager - ep-0000001C: connected http-outgoing-21
09:48:57.196 [main] DEBUG org.apache.hc.client5.http.impl.classic.InternalHttpClient - ep-0000001C: endpoint connected
09:48:57.196 [main] DEBUG org.apache.hc.client5.http.impl.classic.MainClientExec - ex-0000001D: executing GET /bonigarcia/webdrivermanager/master/src/main/resources/commands.properties HTTP/1.1
09:48:57.196 [main] DEBUG org.apache.hc.client5.http.impl.classic.InternalHttpClient - ep-0000001C: start execution ex-0000001D
09:48:57.196 [main] DEBUG org.apache.hc.client5.http.impl.io.PoolingHttpClientConnectionManager - ep-0000001C: executing exchange ex-0000001D over http-outgoing-21
09:48:57.196 [main] DEBUG org.apache.hc.client5.http.headers - http-outgoing-21 >> GET /bonigarcia/webdrivermanager/master/src/main/resources/commands.properties HTTP/1.1
09:48:57.196 [main] DEBUG org.apache.hc.client5.http.headers - http-outgoing-21 >> user-agent: Apache-HttpClient/5.0
09:48:57.196 [main] DEBUG org.apache.hc.client5.http.headers - http-outgoing-21 >> accept-encoding: gzip, deflate, br
09:48:57.196 [main] DEBUG org.apache.hc.client5.http.headers - http-outgoing-21 >> cache-control: max-age=0
09:48:57.196 [main] DEBUG org.apache.hc.client5.http.headers - http-outgoing-21 >> connection: keep-alive
09:48:57.196 [main] DEBUG org.apache.hc.client5.http.headers - http-outgoing-21 >> Host: raw.githubusercontent.com
09:48:57.196 [main] DEBUG org.apache.hc.client5.http.wire - http-outgoing-21 >> "GET /bonigarcia/webdrivermanager/master/src/main/resources/commands.properties HTTP/1.1[\r][\n]"
09:48:57.196 [main] DEBUG org.apache.hc.client5.http.wire - http-outgoing-21 >> "user-agent: Apache-HttpClient/5.0[\r][\n]"
09:48:57.196 [main] DEBUG org.apache.hc.client5.http.wire - http-outgoing-21 >> "accept-encoding: gzip, deflate, br[\r][\n]"
09:48:57.196 [main] DEBUG org.apache.hc.client5.http.wire - http-outgoing-21 >> "cache-control: max-age=0[\r][\n]"
09:48:57.196 [main] DEBUG org.apache.hc.client5.http.wire - http-outgoing-21 >> "connection: keep-alive[\r][\n]"
09:48:57.196 [main] DEBUG org.apache.hc.client5.http.wire - http-outgoing-21 >> "Host: raw.githubusercontent.com[\r][\n]"
09:48:57.196 [main] DEBUG org.apache.hc.client5.http.wire - http-outgoing-21 >> "[\r][\n]"
09:48:57.236 [main] DEBUG org.apache.hc.client5.http.wire - http-outgoing-21 << "HTTP/1.1 200 OK[\r][\n]"
09:48:57.236 [main] DEBUG org.apache.hc.client5.http.wire - http-outgoing-21 << "Connection: keep-alive[\r][\n]"
09:48:57.236 [main] DEBUG org.apache.hc.client5.http.wire - http-outgoing-21 << "Content-Length: 723[\r][\n]"
09:48:57.236 [main] DEBUG org.apache.hc.client5.http.wire - http-outgoing-21 << "Cache-Control: max-age=300[\r][\n]"
09:48:57.236 [main] DEBUG org.apache.hc.client5.http.wire - http-outgoing-21 << "Content-Security-Policy: default-src 'none'; style-src 'unsafe-inline'; sandbox[\r][\n]"
09:48:57.236 [main] DEBUG org.apache.hc.client5.http.wire - http-outgoing-21 << "Content-Type: text/plain; charset=utf-8[\r][\n]"
09:48:57.236 [main] DEBUG org.apache.hc.client5.http.wire - http-outgoing-21 << "ETag: W/"e82b438271e9e8680c688b0b680efd0bdd22faa6d6f0a32fc1fd8accc486b67e"[\r][\n]"
09:48:57.236 [main] DEBUG org.apache.hc.client5.http.wire - http-outgoing-21 << "Strict-Transport-Security: max-age=31536000[\r][\n]"
09:48:57.236 [main] DEBUG org.apache.hc.client5.http.wire - http-outgoing-21 << "X-Content-Type-Options: nosniff[\r][\n]"
09:48:57.236 [main] DEBUG org.apache.hc.client5.http.wire - http-outgoing-21 << "X-Frame-Options: deny[\r][\n]"
09:48:57.236 [main] DEBUG org.apache.hc.client5.http.wire - http-outgoing-21 << "X-XSS-Protection: 1; mode=block[\r][\n]"
09:48:57.236 [main] DEBUG org.apache.hc.client5.http.wire - http-outgoing-21 << "X-GitHub-Request-Id: 4CA0:B8C7F:70C4E:8CACE:651389F9[\r][\n]"
09:48:57.236 [main] DEBUG org.apache.hc.client5.http.wire - http-outgoing-21 << "Content-Encoding: gzip[\r][\n]"
09:48:57.236 [main] DEBUG org.apache.hc.client5.http.wire - http-outgoing-21 << "Accept-Ranges: bytes[\r][\n]"
09:48:57.236 [main] DEBUG org.apache.hc.client5.http.wire - http-outgoing-21 << "Date: Sat, 30 Sep 2023 02:49:08 GMT[\r][\n]"
09:48:57.236 [main] DEBUG org.apache.hc.client5.http.wire - http-outgoing-21 << "Via: 1.1 varnish[\r][\n]"
09:48:57.236 [main] DEBUG org.apache.hc.client5.http.wire - http-outgoing-21 << "X-Served-By: cache-qpg1265-QPG[\r][\n]"
09:48:57.236 [main] DEBUG org.apache.hc.client5.http.wire - http-outgoing-21 << "X-Cache: HIT[\r][\n]"
09:48:57.236 [main] DEBUG org.apache.hc.client5.http.wire - http-outgoing-21 << "X-Cache-Hits: 2[\r][\n]"
09:48:57.236 [main] DEBUG org.apache.hc.client5.http.wire - http-outgoing-21 << "X-Timer: S1696042148.053111,VS0,VE0[\r][\n]"
09:48:57.236 [main] DEBUG org.apache.hc.client5.http.wire - http-outgoing-21 << "Vary: Authorization,Accept-Encoding,Origin[\r][\n]"
09:48:57.236 [main] DEBUG org.apache.hc.client5.http.wire - http-outgoing-21 << "Access-Control-Allow-Origin: *[\r][\n]"
09:48:57.236 [main] DEBUG org.apache.hc.client5.http.wire - http-outgoing-21 << "Cross-Origin-Resource-Policy: cross-origin[\r][\n]"
09:48:57.236 [main] DEBUG org.apache.hc.client5.http.wire - http-outgoing-21 << "X-Fastly-Request-ID: 11d9df5cf66a832a310afa42a60d2126359f3c7b[\r][\n]"
09:48:57.236 [main] DEBUG org.apache.hc.client5.http.wire - http-outgoing-21 << "Expires: Sat, 30 Sep 2023 02:54:08 GMT[\r][\n]"
09:48:57.236 [main] DEBUG org.apache.hc.client5.http.wire - http-outgoing-21 << "Source-Age: 57[\r][\n]"
09:48:57.236 [main] DEBUG org.apache.hc.client5.http.wire - http-outgoing-21 << "[\r][\n]"
09:48:57.236 [main] DEBUG org.apache.hc.client5.http.headers - http-outgoing-21 << HTTP/1.1 200 OK
09:48:57.236 [main] DEBUG org.apache.hc.client5.http.headers - http-outgoing-21 << Connection: keep-alive
09:48:57.236 [main] DEBUG org.apache.hc.client5.http.headers - http-outgoing-21 << Content-Length: 723
09:48:57.236 [main] DEBUG org.apache.hc.client5.http.headers - http-outgoing-21 << Cache-Control: max-age=300
09:48:57.236 [main] DEBUG org.apache.hc.client5.http.headers - http-outgoing-21 << Content-Security-Policy: default-src 'none'; style-src 'unsafe-inline'; sandbox
09:48:57.236 [main] DEBUG org.apache.hc.client5.http.headers - http-outgoing-21 << Content-Type: text/plain; charset=utf-8
09:48:57.236 [main] DEBUG org.apache.hc.client5.http.headers - http-outgoing-21 << ETag: W/"e82b438271e9e8680c688b0b680efd0bdd22faa6d6f0a32fc1fd8accc486b67e"
09:48:57.236 [main] DEBUG org.apache.hc.client5.http.headers - http-outgoing-21 << Strict-Transport-Security: max-age=31536000
09:48:57.236 [main] DEBUG org.apache.hc.client5.http.headers - http-outgoing-21 << X-Content-Type-Options: nosniff
09:48:57.236 [main] DEBUG org.apache.hc.client5.http.headers - http-outgoing-21 << X-Frame-Options: deny
09:48:57.236 [main] DEBUG org.apache.hc.client5.http.headers - http-outgoing-21 << X-XSS-Protection: 1; mode=block
09:48:57.236 [main] DEBUG org.apache.hc.client5.http.headers - http-outgoing-21 << X-GitHub-Request-Id: 4CA0:B8C7F:70C4E:8CACE:651389F9
09:48:57.236 [main] DEBUG org.apache.hc.client5.http.headers - http-outgoing-21 << Content-Encoding: gzip
09:48:57.236 [main] DEBUG org.apache.hc.client5.http.headers - http-outgoing-21 << Accept-Ranges: bytes
09:48:57.236 [main] DEBUG org.apache.hc.client5.http.headers - http-outgoing-21 << Date: Sat, 30 Sep 2023 02:49:08 GMT
09:48:57.236 [main] DEBUG org.apache.hc.client5.http.headers - http-outgoing-21 << Via: 1.1 varnish
09:48:57.236 [main] DEBUG org.apache.hc.client5.http.headers - http-outgoing-21 << X-Served-By: cache-qpg1265-QPG
09:48:57.236 [main] DEBUG org.apache.hc.client5.http.headers - http-outgoing-21 << X-Cache: HIT
09:48:57.236 [main] DEBUG org.apache.hc.client5.http.headers - http-outgoing-21 << X-Cache-Hits: 2
09:48:57.236 [main] DEBUG org.apache.hc.client5.http.headers - http-outgoing-21 << X-Timer: S1696042148.053111,VS0,VE0
09:48:57.236 [main] DEBUG org.apache.hc.client5.http.headers - http-outgoing-21 << Vary: Authorization,Accept-Encoding,Origin
09:48:57.236 [main] DEBUG org.apache.hc.client5.http.headers - http-outgoing-21 << Access-Control-Allow-Origin: *
09:48:57.236 [main] DEBUG org.apache.hc.client5.http.headers - http-outgoing-21 << Cross-Origin-Resource-Policy: cross-origin
09:48:57.236 [main] DEBUG org.apache.hc.client5.http.headers - http-outgoing-21 << X-Fastly-Request-ID: 11d9df5cf66a832a310afa42a60d2126359f3c7b
09:48:57.236 [main] DEBUG org.apache.hc.client5.http.headers - http-outgoing-21 << Expires: Sat, 30 Sep 2023 02:54:08 GMT
09:48:57.236 [main] DEBUG org.apache.hc.client5.http.headers - http-outgoing-21 << Source-Age: 57
09:48:57.236 [main] DEBUG org.apache.hc.client5.http.impl.classic.MainClientExec - ex-0000001D: connection can be kept alive for 3 MINUTES
09:48:57.237 [main] DEBUG org.apache.hc.client5.http.wire - http-outgoing-21 << "[0x1f][0xffffff8b][0x8][0x0][0x0][0x0][0x0][0x0][0x0][0x3][0xffffffb5]V]o[0xffffffda]0[0x14]}[0xffffffe7]W\[0xffffff81]*[0xffffffb5][0x12][0x1f][[M[0xffffffd3]$[0x1e]hF[0xffffffbb]i [0x18][0xffffffb4][0xffffffdd]&[0xfffffff9][0xffffffc5]$7[0xffffffc1]R[0x12]#;[0xffffff94]v[0xffffffbf]~[0xffffffb6][0xfffffff3]1[0xffffff92][0xffffff9a][0xffffffc1][0x1a]x[0xffffffcb][0xffffffb5][0xffffffaf][0xffffffcf]9[0xffffffbe][0xfffffff7]8v[0xb][0x1c][0x1e]E4[0xfffffff6]$x4[0xffffffa1][0xb]*[0xffffffb1][0xffffffd1][0xffffff82][0xfffffffb]%[0xffffff93][0xffffffe0][0xffffffb3][0x10][0xffffffc1][0xffffffe5]qBY,!Y[0xffffffea] KM8,[0x10][0xfffffff0][0x19][0xffffffdd]u[0xffffff82][0x1e][0xffffffb0][0xffffffd8]L[0xffffffcb]%[0xffffff86][0xffffffa1][0xe][0xffffffb8][0xfffffff0]P[0xffffffe8]$[0xf][0x13]t[0x13]3[0xfffffff9][0xffffff84]B2[0xffffffae][0xffffffe6]|@[0xfffffff5][0x1d][0x8][0xffffffc4][0x18][0x16][0xffffff82]o[0xffffffa4][0xffffff9a]P[0xffffff94][0xffffffe7][0xffffffce]R[0xfffffff0][0x8][0xffffffdb]p[0xffffffcb][0x4][0xfffffffa][0xfffffffc][0xffffffb9][\r][0xffffff93][0x15][\n]"
09:48:57.237 [main] DEBUG org.apache.hc.client5.http.wire - http-outgoing-21 << "[0xffffffda][0xffffff86][0xffffffa1][0x17][0xffffffa8]Q3[0xffffffcb][0xffffffd6][0xffffffd1][0xffffff85][0xffffffc6][0xfffffff7][0xffffff98][0xffffffef][0xffffffa3][0xffffffc0]8[0x1][0xffffffae]s[0x12][0x16][0x7] _d[0xffffff82][0xffffff91][0xffffff84][0xfffffff3][0x1f],[0xfffffff6][0x14]j[0x1b]F,^+[0xffffff98]1ua2[0xffffffbf]h([0xffffff8e][0xffffff94][0xffffffa2][0xffffff91]m[0xffffffa3][0xffffffeb][0xffffff9a][0xffffffb0][0xffffffbb]I[0x17]t[0xffffffdf][0xffffffbd][0xffffffef][0xffffffbb][0xffffff91][0xffffffd7]U[0xffffffbb][0xffffff82][0xffffff9e][0x3][0xffffff9b][0xffffff88][0xffffffb9][0xffffffa6]$[0xffffffa6][0xc][0xffffff9b][0xffffffa5][0xffffffe2][0xffffff83][0xffffff98]F[0xffffffd8]o[0xffffff9e]Mg[0xffffff93][0xffffffbb][0xffffffd9]`|[0xfffffffb]u4[0xffffff9c][0x7f]"}B[0xffffffce][0x8][0xffffffb9][0xffffffe3]<[0x8][0xffffff91][0xffffff90][0xffffff94][0xffffff82][0xffffff90][0xffffffc1]j[0x15]2WI[0xffffffe3]1![0x19][0xffffff91]BnB[0xffffff80][0x9]<f[0xffffffb5][0xffffffe8]=[0xffffffd1]p[0xffffffbd][[0xffffffcf][0xffffffe5][0x1b][0xfffffff4][0xffffff9c][0xffffffff][0xfffffffc][0xfffffff8][0xffffffe1][0xffffffe2][0xffffff94][0xffffffa2][0xffffffae][0xe][0x14]5[0xffffff9a]8[0xffffff83][0xffffffd1]`:[0xfffffffd]<[0xffffffb8][0x1f][0xffffff9c]R[0xffffffcf]u[0x7f]6[0xffffffbc][0xffffff83][0xffffffef][0xf][0xffffffc3][0xffffffd9]/[0xfffffff8][0xfffffff2][0xffffffcd]y s[0xffffffee]'[0x1b]*0g[0xffffffcb][0xffffffc8]nF7H][0xffffff83][0xffffff97]{[0xffffffb1]Q[0x5][\r][0xffffffb5]c[0xffffffb4][0xf][0x2][0xffffffb3][0xffffffb4][0xffffff93][0xe]C[0xffffffa7][0xffffffb3]kAD][0xffffff9d][0xffffffde][0xffffffdb][0xffffffda][0xffffff88][0xffffffec][0xffffffa5][0xffffffbc][0xffffff99][0xffffffd9][0xffffffba]t[0xffffffb5][0xffffffea]9[0xffffffea][0x10])[0xffffffb7][0xffffffca][0xffffff9e][0xfffffff2][0xffffffe2]d^N[0xffffffd8]FW[0x16][0xffffffcd][0xffffffdc]_[0x10][0xfffffff9]i|[0x1c][0xffffff93][0xffffff8e][0xfffffff9]o[0x16][0xffffff86]4'!$G[0xffffffdf]W[0xfffffff4]W*j[[0xfffffff3]xR[0xffffffae][0xffffffb6][0xc][0xffffffd0],; #[0xffffffa9][0xffffff92]5[0xffffffb5][0x7][0xffffff9c][0xffffffb5][0xffffffd0][0x7f][0xffffff90][0xffffffc7]jgs[0xfffffffc][0xffffffc2][0xb][0xffffffd9][0x0]t[0xffffff9e]^'Y[0xfffffffb][0xffffff9f][0xffffffb1][0xffffffd8]:[0xffffffbf][0xffffff8d][0xffffffa5][0xffffff9a][0xffffffad][0x7f]m[0x5]&[0xffffffaa][0xffffffa0]^[0xffffff9b][0xffffffcb][0x5]f[0xffffffae][0xffffffe0]RU[0xffffff82][0x10]MS9l[0xffffff91]4t[0xfffffffb][0xffffff8a]][0xffffffd6][0xfffffff4][0xffffff96][0xffffffa6][0xffffff9f]P[0xffffffce][0xffffffd5][0xffffffce][0xffffff93][0xffffffff][0xffffff97][0xffffffcc]p[0xfffffffd][0xfffffff3][0xffffffe8][0x1b][0xffffffcc][0xffffffa2][0xffffffd9]Q[0xffffffbe][0xffffffb2][0xffffffa3][0xffffffc7]m'[0xffffffdf][0xffffffe4][[0xfffffffb]^[0xffffffb0][0xffffff9a][0xffffffbe][0xffffffda][0xffffffda]_[0xffffffce][0xffffff80][0xffffffd2][0xffffffc1]7[0xffffffb7]][0xffffffc1]b[0xffffffee][0xffffffb5][0xffffffff]w[0xffffff83][0xffffffed][0xffffffa7];[0x15]<[0x10]4[0xffffff92][0xffffff84][0x18][\n]"
09:48:57.237 [main] DEBUG org.apache.hc.client5.http.wire - http-outgoing-21 << "BB[0xffffffba][0xffffff8e]][0xffffffb5]jo[0xffffffb9]+"[0xffffffea][0xffffffb4][0xffffffff]h"[0xffffffea]\?5[0xffffffa9][0xffffffaf]k[0xffffffec][0xffffffff]P[0xffffffea][\n]"
09:48:57.237 [main] DEBUG org.apache.hc.client5.http.wire - http-outgoing-21 << "w[0xffffffe1]K[0x13][0xffffffda][0xffffffec][0xffffff98][0xffffffe6]Y[0xfffffffd]h8m6[0xffffff9c]T[0xffffffc1][0xfffffff2][0xffffffa7][0xffffff91]z_[0xffffff95]o85p[0x1c][0x13][0xffffffe6][0xfffffff0]5[0xffffffee][0xfffffffc][0xffffff92][0xffffff96][0xffffffda][0xfffffff7][0xffffffcf][0xffffffb1][0x5][0x1d][0xffffffea]K[0xffffff9b]9[0xffffff8e][0xffffffad]e[0xfffffff7][0xffffff93][0xffffffa8]`[0xffffffda][0xffffffff][0x1a][0xffffffd2][0xffffff88][0xffffff85][0xfffffffd][0xfffffff2][0xffffff91]N[0xfffffff6]`[0xffffffdf]2[0xffffffcf][0xffffffae]E[0xffffff97][0xffffffc5][0xffffffa2][0xffffff9d][0xffffffef]'[0xffffff9d]mun.[0xffffffd3]f^[0xffffffc7][0xffffff82][0xffffffda][0xffffff82]9[0xfffffff5][0xffffffa9]`[0x5][0xffffffbc]4[0xffffffa1][0x1d]<M[0xffffffb5]A[0xffffffa7]3[[0xffffffc0][0x7f][0x0][0xffffffc1][0xffffffd0]$[0xffffff85][0x1d][\r][0x0][0x0]"
09:48:57.237 [main] DEBUG org.apache.hc.client5.http.impl.classic.InternalHttpClient - ep-0000001C: releasing valid endpoint
09:48:57.237 [main] DEBUG org.apache.hc.client5.http.impl.io.PoolingHttpClientConnectionManager - ep-0000001C: releasing endpoint
09:48:57.237 [main] DEBUG org.apache.hc.client5.http.impl.io.PoolingHttpClientConnectionManager - ep-0000001C: connection http-outgoing-21 can be kept alive for 3 MINUTES
09:48:57.237 [main] DEBUG org.apache.hc.client5.http.impl.io.PoolingHttpClientConnectionManager - ep-0000001C: connection released [route: {s}->https://raw.githubusercontent.com:443][total available: 1; route allocated: 1 of 5; total allocated: 1 of 25]
09:48:57.237 [main] DEBUG io.github.bonigarcia.wdm.versions.VersionDetector - Detecting chrome version using online commands.properties
09:48:57.237 [main] DEBUG io.github.bonigarcia.wdm.versions.Shell - Running command on the shell: [cmd.exe, /C, wmic, datafile, where, name="%PROGRAMFILES:\=\\%\\Google\\Chrome\\Application\\chrome.exe", get, Version, /value]
09:48:57.332 [main] DEBUG io.github.bonigarcia.wdm.versions.Shell - Result: Version=117.0.5938.132
09:48:57.332 [main] DEBUG org.apache.hc.client5.http.impl.classic.InternalHttpClient - ex-0000001E: preparing request execution
09:48:57.332 [main] DEBUG org.apache.hc.client5.http.protocol.RequestAddCookies - Cookie spec selected: strict
09:48:57.332 [main] DEBUG org.apache.hc.client5.http.protocol.RequestAuthCache - Auth cache not set in the context
09:48:57.332 [main] DEBUG org.apache.hc.client5.http.impl.classic.ProtocolExec - ex-0000001E: target auth state: UNCHALLENGED
09:48:57.332 [main] DEBUG org.apache.hc.client5.http.impl.classic.ProtocolExec - ex-0000001E: proxy auth state: UNCHALLENGED
09:48:57.332 [main] DEBUG org.apache.hc.client5.http.impl.classic.ConnectExec - ex-0000001E: acquiring connection with route {s}->https://chromedriver.storage.googleapis.com:443
09:48:57.332 [main] DEBUG org.apache.hc.client5.http.impl.classic.InternalHttpClient - ex-0000001E: acquiring endpoint (3 MINUTES)
09:48:57.332 [main] DEBUG org.apache.hc.client5.http.impl.io.PoolingHttpClientConnectionManager - ex-0000001E: endpoint lease request (3 MINUTES) [route: {s}->https://chromedriver.storage.googleapis.com:443][total available: 1; route allocated: 0 of 5; total allocated: 1 of 25]
09:48:57.332 [main] DEBUG org.apache.hc.client5.http.impl.io.PoolingHttpClientConnectionManager - ex-0000001E: endpoint leased [route: {s}->https://chromedriver.storage.googleapis.com:443][total available: 1; route allocated: 1 of 5; total allocated: 2 of 25]
09:48:57.332 [main] DEBUG org.apache.hc.client5.http.impl.io.PoolingHttpClientConnectionManager - ex-0000001E: acquired ep-0000001D
09:48:57.332 [main] DEBUG org.apache.hc.client5.http.impl.classic.InternalHttpClient - ex-0000001E: acquired endpoint ep-0000001D
09:48:57.332 [main] DEBUG org.apache.hc.client5.http.impl.classic.ConnectExec - ex-0000001E: opening connection {s}->https://chromedriver.storage.googleapis.com:443
09:48:57.332 [main] DEBUG org.apache.hc.client5.http.impl.classic.InternalHttpClient - ep-0000001D: connecting endpoint (30 SECONDS)
09:48:57.332 [main] DEBUG org.apache.hc.client5.http.impl.io.PoolingHttpClientConnectionManager - ep-0000001D: connecting endpoint to https://chromedriver.storage.googleapis.com:443 (30 SECONDS)
09:48:57.332 [main] DEBUG org.apache.hc.client5.http.impl.io.DefaultHttpClientConnectionOperator - http-outgoing-22: connecting to chromedriver.storage.googleapis.com/34.101.5.123:443
09:48:57.332 [main] DEBUG org.apache.hc.client5.http.ssl.SSLConnectionSocketFactory - Connecting socket to chromedriver.storage.googleapis.com/34.101.5.123:443 with timeout 30 SECONDS
09:48:57.339 [main] DEBUG org.apache.hc.client5.http.ssl.SSLConnectionSocketFactory - Enabled protocols: [TLSv1.3, TLSv1.2]
09:48:57.339 [main] DEBUG org.apache.hc.client5.http.ssl.SSLConnectionSocketFactory - Enabled cipher suites: [TLS_AES_256_GCM_SHA384, TLS_AES_128_GCM_SHA256, TLS_CHACHA20_POLY1305_SHA256, TLS_ECDHE_ECDSA_WITH_AES_256_GCM_SHA384, TLS_ECDHE_ECDSA_WITH_AES_128_GCM_SHA256, TLS_ECDHE_ECDSA_WITH_CHACHA20_POLY1305_SHA256, TLS_ECDHE_RSA_WITH_AES_256_GCM_SHA384, TLS_ECDHE_RSA_WITH_CHACHA20_POLY1305_SHA256, TLS_ECDHE_RSA_WITH_AES_128_GCM_SHA256, TLS_DHE_RSA_WITH_AES_256_GCM_SHA384, TLS_DHE_RSA_WITH_CHACHA20_POLY1305_SHA256, TLS_DHE_DSS_WITH_AES_256_GCM_SHA384, TLS_DHE_RSA_WITH_AES_128_GCM_SHA256, TLS_DHE_DSS_WITH_AES_128_GCM_SHA256, TLS_ECDHE_ECDSA_WITH_AES_256_CBC_SHA384, TLS_ECDHE_RSA_WITH_AES_256_CBC_SHA384, TLS_ECDHE_ECDSA_WITH_AES_128_CBC_SHA256, TLS_ECDHE_RSA_WITH_AES_128_CBC_SHA256, TLS_DHE_RSA_WITH_AES_256_CBC_SHA256, TLS_DHE_DSS_WITH_AES_256_CBC_SHA256, TLS_DHE_RSA_WITH_AES_128_CBC_SHA256, TLS_DHE_DSS_WITH_AES_128_CBC_SHA256, TLS_ECDH_ECDSA_WITH_AES_256_GCM_SHA384, TLS_ECDH_RSA_WITH_AES_256_GCM_SHA384, TLS_ECDH_ECDSA_WITH_AES_128_GCM_SHA256, TLS_ECDH_RSA_WITH_AES_128_GCM_SHA256, TLS_ECDH_ECDSA_WITH_AES_256_CBC_SHA384, TLS_ECDH_RSA_WITH_AES_256_CBC_SHA384, TLS_ECDH_ECDSA_WITH_AES_128_CBC_SHA256, TLS_ECDH_RSA_WITH_AES_128_CBC_SHA256, TLS_ECDHE_ECDSA_WITH_AES_256_CBC_SHA, TLS_ECDHE_RSA_WITH_AES_256_CBC_SHA, TLS_ECDHE_ECDSA_WITH_AES_128_CBC_SHA, TLS_ECDHE_RSA_WITH_AES_128_CBC_SHA, TLS_DHE_RSA_WITH_AES_256_CBC_SHA, TLS_DHE_DSS_WITH_AES_256_CBC_SHA, TLS_DHE_RSA_WITH_AES_128_CBC_SHA, TLS_DHE_DSS_WITH_AES_128_CBC_SHA, TLS_ECDH_ECDSA_WITH_AES_256_CBC_SHA, TLS_ECDH_RSA_WITH_AES_256_CBC_SHA, TLS_ECDH_ECDSA_WITH_AES_128_CBC_SHA, TLS_ECDH_RSA_WITH_AES_128_CBC_SHA, TLS_RSA_WITH_AES_256_GCM_SHA384, TLS_RSA_WITH_AES_128_GCM_SHA256, TLS_RSA_WITH_AES_256_CBC_SHA256, TLS_RSA_WITH_AES_128_CBC_SHA256, TLS_RSA_WITH_AES_256_CBC_SHA, TLS_RSA_WITH_AES_128_CBC_SHA, TLS_EMPTY_RENEGOTIATION_INFO_SCSV]
09:48:57.339 [main] DEBUG org.apache.hc.client5.http.ssl.SSLConnectionSocketFactory - Starting handshake
09:48:57.376 [main] DEBUG org.apache.hc.client5.http.ssl.SSLConnectionSocketFactory - Secure session established
09:48:57.376 [main] DEBUG org.apache.hc.client5.http.ssl.SSLConnectionSocketFactory -  negotiated protocol: TLSv1.3
09:48:57.376 [main] DEBUG org.apache.hc.client5.http.ssl.SSLConnectionSocketFactory -  negotiated cipher suite: TLS_AES_256_GCM_SHA384
09:48:57.376 [main] DEBUG org.apache.hc.client5.http.ssl.SSLConnectionSocketFactory -  peer principal: CN=*.storage.googleapis.com
09:48:57.376 [main] DEBUG org.apache.hc.client5.http.ssl.SSLConnectionSocketFactory -  peer alternative names: [*.storage.googleapis.com, *.googleapis.com, commondatastorage.googleapis.com, *.commondatastorage.googleapis.com, storage.googleapis.com, storage-p2.googleapis.com, *.storage-p2.googleapis.com, storage.mtls.googleapis.com, *.appspot.com.storage.googleapis.com, *.content-storage.googleapis.com, *.content-storage-p2.googleapis.com, *.content-storage-upload.googleapis.com, *.content-storage-download.googleapis.com, *.storage-upload.googleapis.com, *.storage-download.googleapis.com]
09:48:57.379 [main] DEBUG org.apache.hc.client5.http.ssl.SSLConnectionSocketFactory -  issuer principal: CN=GTS CA 1C3, O=Google Trust Services LLC, C=US
09:48:57.379 [main] DEBUG org.apache.hc.client5.http.impl.io.DefaultHttpClientConnectionOperator - http-outgoing-22: connection established 192.168.100.42:64260<->34.101.5.123:443
09:48:57.379 [main] DEBUG org.apache.hc.client5.http.impl.io.PoolingHttpClientConnectionManager - ep-0000001D: connected http-outgoing-22
09:48:57.379 [main] DEBUG org.apache.hc.client5.http.impl.classic.InternalHttpClient - ep-0000001D: endpoint connected
09:48:57.379 [main] DEBUG org.apache.hc.client5.http.impl.classic.MainClientExec - ex-0000001E: executing GET /LATEST_RELEASE_117 HTTP/1.1
09:48:57.379 [main] DEBUG org.apache.hc.client5.http.impl.classic.InternalHttpClient - ep-0000001D: start execution ex-0000001E
09:48:57.379 [main] DEBUG org.apache.hc.client5.http.impl.io.PoolingHttpClientConnectionManager - ep-0000001D: executing exchange ex-0000001E over http-outgoing-22
09:48:57.379 [main] DEBUG org.apache.hc.client5.http.headers - http-outgoing-22 >> GET /LATEST_RELEASE_117 HTTP/1.1
09:48:57.379 [main] DEBUG org.apache.hc.client5.http.headers - http-outgoing-22 >> user-agent: Apache-HttpClient/5.0
09:48:57.379 [main] DEBUG org.apache.hc.client5.http.headers - http-outgoing-22 >> accept-encoding: gzip, deflate, br
09:48:57.379 [main] DEBUG org.apache.hc.client5.http.headers - http-outgoing-22 >> cache-control: max-age=0
09:48:57.379 [main] DEBUG org.apache.hc.client5.http.headers - http-outgoing-22 >> connection: keep-alive
09:48:57.379 [main] DEBUG org.apache.hc.client5.http.headers - http-outgoing-22 >> Host: chromedriver.storage.googleapis.com
09:48:57.379 [main] DEBUG org.apache.hc.client5.http.wire - http-outgoing-22 >> "GET /LATEST_RELEASE_117 HTTP/1.1[\r][\n]"
09:48:57.379 [main] DEBUG org.apache.hc.client5.http.wire - http-outgoing-22 >> "user-agent: Apache-HttpClient/5.0[\r][\n]"
09:48:57.379 [main] DEBUG org.apache.hc.client5.http.wire - http-outgoing-22 >> "accept-encoding: gzip, deflate, br[\r][\n]"
09:48:57.379 [main] DEBUG org.apache.hc.client5.http.wire - http-outgoing-22 >> "cache-control: max-age=0[\r][\n]"
09:48:57.379 [main] DEBUG org.apache.hc.client5.http.wire - http-outgoing-22 >> "connection: keep-alive[\r][\n]"
09:48:57.379 [main] DEBUG org.apache.hc.client5.http.wire - http-outgoing-22 >> "Host: chromedriver.storage.googleapis.com[\r][\n]"
09:48:57.379 [main] DEBUG org.apache.hc.client5.http.wire - http-outgoing-22 >> "[\r][\n]"
09:48:57.625 [main] DEBUG org.apache.hc.client5.http.wire - http-outgoing-22 << "HTTP/1.1 404 Not Found[\r][\n]"
09:48:57.625 [main] DEBUG org.apache.hc.client5.http.wire - http-outgoing-22 << "X-GUploader-UploadID: ADPycdtKDN80E5rw-xcPnZaZikyyUwECHLQ3Kjqf8rTtYkJMzw8hZAuh3GcD-MiZqYzjYEa_sITwnEvXLOicl6uNkrpM-lXty-QE[\r][\n]"
09:48:57.625 [main] DEBUG org.apache.hc.client5.http.wire - http-outgoing-22 << "Content-Type: application/xml; charset=UTF-8[\r][\n]"
09:48:57.625 [main] DEBUG org.apache.hc.client5.http.wire - http-outgoing-22 << "Content-Length: 193[\r][\n]"
09:48:57.625 [main] DEBUG org.apache.hc.client5.http.wire - http-outgoing-22 << "Date: Sat, 30 Sep 2023 02:49:08 GMT[\r][\n]"
09:48:57.625 [main] DEBUG org.apache.hc.client5.http.wire - http-outgoing-22 << "Expires: Sat, 30 Sep 2023 02:49:08 GMT[\r][\n]"
09:48:57.625 [main] DEBUG org.apache.hc.client5.http.wire - http-outgoing-22 << "Cache-Control: private, max-age=0[\r][\n]"
09:48:57.625 [main] DEBUG org.apache.hc.client5.http.wire - http-outgoing-22 << "Server: UploadServer[\r][\n]"
09:48:57.625 [main] DEBUG org.apache.hc.client5.http.wire - http-outgoing-22 << "Alt-Svc: h3=":443"; ma=2592000,h3-29=":443"; ma=2592000[\r][\n]"
09:48:57.625 [main] DEBUG org.apache.hc.client5.http.wire - http-outgoing-22 << "[\r][\n]"
09:48:57.625 [main] DEBUG org.apache.hc.client5.http.wire - http-outgoing-22 << "<?xml version='1.0' encoding='UTF-8'?><Error><Code>NoSuchKey</Code><Message>The specified key does not exist.</Message><Details>No such object: chromedriver/LATEST_RELEASE_117</Details></Error>"
09:48:57.625 [main] DEBUG org.apache.hc.client5.http.headers - http-outgoing-22 << HTTP/1.1 404 Not Found
09:48:57.625 [main] DEBUG org.apache.hc.client5.http.headers - http-outgoing-22 << X-GUploader-UploadID: ADPycdtKDN80E5rw-xcPnZaZikyyUwECHLQ3Kjqf8rTtYkJMzw8hZAuh3GcD-MiZqYzjYEa_sITwnEvXLOicl6uNkrpM-lXty-QE
09:48:57.625 [main] DEBUG org.apache.hc.client5.http.headers - http-outgoing-22 << Content-Type: application/xml; charset=UTF-8
09:48:57.625 [main] DEBUG org.apache.hc.client5.http.headers - http-outgoing-22 << Content-Length: 193
09:48:57.625 [main] DEBUG org.apache.hc.client5.http.headers - http-outgoing-22 << Date: Sat, 30 Sep 2023 02:49:08 GMT
09:48:57.625 [main] DEBUG org.apache.hc.client5.http.headers - http-outgoing-22 << Expires: Sat, 30 Sep 2023 02:49:08 GMT
09:48:57.625 [main] DEBUG org.apache.hc.client5.http.headers - http-outgoing-22 << Cache-Control: private, max-age=0
09:48:57.625 [main] DEBUG org.apache.hc.client5.http.headers - http-outgoing-22 << Server: UploadServer
09:48:57.625 [main] DEBUG org.apache.hc.client5.http.headers - http-outgoing-22 << Alt-Svc: h3=":443"; ma=2592000,h3-29=":443"; ma=2592000
09:48:57.625 [main] DEBUG org.apache.hc.client5.http.impl.classic.MainClientExec - ex-0000001E: connection can be kept alive for 3 MINUTES
09:48:57.628 [main] ERROR io.github.bonigarcia.wdm.online.HttpClient - Error HTTP 404 executing https://chromedriver.storage.googleapis.com/LATEST_RELEASE_117
09:48:57.628 [main] WARN io.github.bonigarcia.wdm.versions.VersionDetector - Exception reading https://chromedriver.storage.googleapis.com/LATEST_RELEASE_117 to get latest version of chromedriver (Error HTTP 404 executing https://chromedriver.storage.googleapis.com/LATEST_RELEASE_117)
09:48:57.628 [main] DEBUG io.github.bonigarcia.wdm.versions.VersionDetector - Getting driver version for chrome117 from online versions.properties
09:48:57.628 [main] DEBUG org.apache.hc.client5.http.impl.classic.InternalHttpClient - ex-0000001F: preparing request execution
09:48:57.628 [main] DEBUG org.apache.hc.client5.http.protocol.RequestAddCookies - Cookie spec selected: strict
09:48:57.628 [main] DEBUG org.apache.hc.client5.http.protocol.RequestAuthCache - Auth cache not set in the context
09:48:57.628 [main] DEBUG org.apache.hc.client5.http.impl.classic.ProtocolExec - ex-0000001F: target auth state: UNCHALLENGED
09:48:57.628 [main] DEBUG org.apache.hc.client5.http.impl.classic.ProtocolExec - ex-0000001F: proxy auth state: UNCHALLENGED
09:48:57.628 [main] DEBUG org.apache.hc.client5.http.impl.classic.ConnectExec - ex-0000001F: acquiring connection with route {s}->https://raw.githubusercontent.com:443
09:48:57.628 [main] DEBUG org.apache.hc.client5.http.impl.classic.InternalHttpClient - ex-0000001F: acquiring endpoint (3 MINUTES)
09:48:57.628 [main] DEBUG org.apache.hc.client5.http.impl.io.PoolingHttpClientConnectionManager - ex-0000001F: endpoint lease request (3 MINUTES) [route: {s}->https://raw.githubusercontent.com:443][total available: 1; route allocated: 1 of 5; total allocated: 2 of 25]
09:48:57.628 [main] DEBUG org.apache.hc.client5.http.impl.io.PoolingHttpClientConnectionManager - ex-0000001F: endpoint leased [route: {s}->https://raw.githubusercontent.com:443][total available: 0; route allocated: 1 of 5; total allocated: 2 of 25]
09:48:57.628 [main] DEBUG org.apache.hc.client5.http.impl.io.PoolingHttpClientConnectionManager - ex-0000001F: acquired ep-0000001E
09:48:57.628 [main] DEBUG org.apache.hc.client5.http.impl.classic.InternalHttpClient - ex-0000001F: acquired endpoint ep-0000001E
09:48:57.628 [main] DEBUG org.apache.hc.client5.http.impl.classic.MainClientExec - ex-0000001F: executing GET /bonigarcia/webdrivermanager/master/src/main/resources/versions.properties HTTP/1.1
09:48:57.628 [main] DEBUG org.apache.hc.client5.http.impl.classic.InternalHttpClient - ep-0000001E: start execution ex-0000001F
09:48:57.628 [main] DEBUG org.apache.hc.client5.http.impl.io.PoolingHttpClientConnectionManager - ep-0000001E: executing exchange ex-0000001F over http-outgoing-21
09:48:57.628 [main] DEBUG org.apache.hc.client5.http.headers - http-outgoing-21 >> GET /bonigarcia/webdrivermanager/master/src/main/resources/versions.properties HTTP/1.1
09:48:57.628 [main] DEBUG org.apache.hc.client5.http.headers - http-outgoing-21 >> user-agent: Apache-HttpClient/5.0
09:48:57.628 [main] DEBUG org.apache.hc.client5.http.headers - http-outgoing-21 >> accept-encoding: gzip, deflate, br
09:48:57.628 [main] DEBUG org.apache.hc.client5.http.headers - http-outgoing-21 >> cache-control: max-age=0
09:48:57.628 [main] DEBUG org.apache.hc.client5.http.headers - http-outgoing-21 >> connection: keep-alive
09:48:57.628 [main] DEBUG org.apache.hc.client5.http.headers - http-outgoing-21 >> Host: raw.githubusercontent.com
09:48:57.628 [main] DEBUG org.apache.hc.client5.http.wire - http-outgoing-21 >> "GET /bonigarcia/webdrivermanager/master/src/main/resources/versions.properties HTTP/1.1[\r][\n]"
09:48:57.628 [main] DEBUG org.apache.hc.client5.http.wire - http-outgoing-21 >> "user-agent: Apache-HttpClient/5.0[\r][\n]"
09:48:57.628 [main] DEBUG org.apache.hc.client5.http.wire - http-outgoing-21 >> "accept-encoding: gzip, deflate, br[\r][\n]"
09:48:57.628 [main] DEBUG org.apache.hc.client5.http.wire - http-outgoing-21 >> "cache-control: max-age=0[\r][\n]"
09:48:57.628 [main] DEBUG org.apache.hc.client5.http.wire - http-outgoing-21 >> "connection: keep-alive[\r][\n]"
09:48:57.628 [main] DEBUG org.apache.hc.client5.http.wire - http-outgoing-21 >> "Host: raw.githubusercontent.com[\r][\n]"
09:48:57.628 [main] DEBUG org.apache.hc.client5.http.wire - http-outgoing-21 >> "[\r][\n]"
09:48:57.656 [main] DEBUG org.apache.hc.client5.http.wire - http-outgoing-21 << "HTTP/1.1 200 OK[\r][\n]"
09:48:57.656 [main] DEBUG org.apache.hc.client5.http.wire - http-outgoing-21 << "Connection: keep-alive[\r][\n]"
09:48:57.656 [main] DEBUG org.apache.hc.client5.http.wire - http-outgoing-21 << "Content-Length: 1615[\r][\n]"
09:48:57.656 [main] DEBUG org.apache.hc.client5.http.wire - http-outgoing-21 << "Cache-Control: max-age=300[\r][\n]"
09:48:57.656 [main] DEBUG org.apache.hc.client5.http.wire - http-outgoing-21 << "Content-Security-Policy: default-src 'none'; style-src 'unsafe-inline'; sandbox[\r][\n]"
09:48:57.656 [main] DEBUG org.apache.hc.client5.http.wire - http-outgoing-21 << "Content-Type: text/plain; charset=utf-8[\r][\n]"
09:48:57.656 [main] DEBUG org.apache.hc.client5.http.wire - http-outgoing-21 << "ETag: W/"65e8ec46ef4920945cc03f0386cc600d8027ed4440e101d5729220d93bfa6f0f"[\r][\n]"
09:48:57.656 [main] DEBUG org.apache.hc.client5.http.wire - http-outgoing-21 << "Strict-Transport-Security: max-age=31536000[\r][\n]"
09:48:57.656 [main] DEBUG org.apache.hc.client5.http.wire - http-outgoing-21 << "X-Content-Type-Options: nosniff[\r][\n]"
09:48:57.656 [main] DEBUG org.apache.hc.client5.http.wire - http-outgoing-21 << "X-Frame-Options: deny[\r][\n]"
09:48:57.656 [main] DEBUG org.apache.hc.client5.http.wire - http-outgoing-21 << "X-XSS-Protection: 1; mode=block[\r][\n]"
09:48:57.656 [main] DEBUG org.apache.hc.client5.http.wire - http-outgoing-21 << "X-GitHub-Request-Id: 4D10:B89CD:6D987:89792:651389FC[\r][\n]"
09:48:57.656 [main] DEBUG org.apache.hc.client5.http.wire - http-outgoing-21 << "Content-Encoding: gzip[\r][\n]"
09:48:57.656 [main] DEBUG org.apache.hc.client5.http.wire - http-outgoing-21 << "Accept-Ranges: bytes[\r][\n]"
09:48:57.656 [main] DEBUG org.apache.hc.client5.http.wire - http-outgoing-21 << "Date: Sat, 30 Sep 2023 02:49:08 GMT[\r][\n]"
09:48:57.656 [main] DEBUG org.apache.hc.client5.http.wire - http-outgoing-21 << "Via: 1.1 varnish[\r][\n]"
09:48:57.656 [main] DEBUG org.apache.hc.client5.http.wire - http-outgoing-21 << "X-Served-By: cache-qpg1265-QPG[\r][\n]"
09:48:57.656 [main] DEBUG org.apache.hc.client5.http.wire - http-outgoing-21 << "X-Cache: HIT[\r][\n]"
09:48:57.656 [main] DEBUG org.apache.hc.client5.http.wire - http-outgoing-21 << "X-Cache-Hits: 1[\r][\n]"
09:48:57.656 [main] DEBUG org.apache.hc.client5.http.wire - http-outgoing-21 << "X-Timer: S1696042148.487135,VS0,VE1[\r][\n]"
09:48:57.656 [main] DEBUG org.apache.hc.client5.http.wire - http-outgoing-21 << "Vary: Authorization,Accept-Encoding,Origin[\r][\n]"
09:48:57.656 [main] DEBUG org.apache.hc.client5.http.wire - http-outgoing-21 << "Access-Control-Allow-Origin: *[\r][\n]"
09:48:57.656 [main] DEBUG org.apache.hc.client5.http.wire - http-outgoing-21 << "Cross-Origin-Resource-Policy: cross-origin[\r][\n]"
09:48:57.656 [main] DEBUG org.apache.hc.client5.http.wire - http-outgoing-21 << "X-Fastly-Request-ID: b8eda1b8d0694be7e3a8c33c9c07a3c35e84b5d8[\r][\n]"
09:48:57.656 [main] DEBUG org.apache.hc.client5.http.wire - http-outgoing-21 << "Expires: Sat, 30 Sep 2023 02:54:08 GMT[\r][\n]"
09:48:57.656 [main] DEBUG org.apache.hc.client5.http.wire - http-outgoing-21 << "Source-Age: 149[\r][\n]"
09:48:57.656 [main] DEBUG org.apache.hc.client5.http.wire - http-outgoing-21 << "[\r][\n]"
09:48:57.656 [main] DEBUG org.apache.hc.client5.http.headers - http-outgoing-21 << HTTP/1.1 200 OK
09:48:57.656 [main] DEBUG org.apache.hc.client5.http.headers - http-outgoing-21 << Connection: keep-alive
09:48:57.656 [main] DEBUG org.apache.hc.client5.http.headers - http-outgoing-21 << Content-Length: 1615
09:48:57.656 [main] DEBUG org.apache.hc.client5.http.headers - http-outgoing-21 << Cache-Control: max-age=300
09:48:57.656 [main] DEBUG org.apache.hc.client5.http.headers - http-outgoing-21 << Content-Security-Policy: default-src 'none'; style-src 'unsafe-inline'; sandbox
09:48:57.656 [main] DEBUG org.apache.hc.client5.http.headers - http-outgoing-21 << Content-Type: text/plain; charset=utf-8
09:48:57.656 [main] DEBUG org.apache.hc.client5.http.headers - http-outgoing-21 << ETag: W/"65e8ec46ef4920945cc03f0386cc600d8027ed4440e101d5729220d93bfa6f0f"
09:48:57.656 [main] DEBUG org.apache.hc.client5.http.headers - http-outgoing-21 << Strict-Transport-Security: max-age=31536000
09:48:57.656 [main] DEBUG org.apache.hc.client5.http.headers - http-outgoing-21 << X-Content-Type-Options: nosniff
09:48:57.656 [main] DEBUG org.apache.hc.client5.http.headers - http-outgoing-21 << X-Frame-Options: deny
09:48:57.656 [main] DEBUG org.apache.hc.client5.http.headers - http-outgoing-21 << X-XSS-Protection: 1; mode=block
09:48:57.656 [main] DEBUG org.apache.hc.client5.http.headers - http-outgoing-21 << X-GitHub-Request-Id: 4D10:B89CD:6D987:89792:651389FC
09:48:57.656 [main] DEBUG org.apache.hc.client5.http.headers - http-outgoing-21 << Content-Encoding: gzip
09:48:57.656 [main] DEBUG org.apache.hc.client5.http.headers - http-outgoing-21 << Accept-Ranges: bytes
09:48:57.656 [main] DEBUG org.apache.hc.client5.http.headers - http-outgoing-21 << Date: Sat, 30 Sep 2023 02:49:08 GMT
09:48:57.656 [main] DEBUG org.apache.hc.client5.http.headers - http-outgoing-21 << Via: 1.1 varnish
09:48:57.656 [main] DEBUG org.apache.hc.client5.http.headers - http-outgoing-21 << X-Served-By: cache-qpg1265-QPG
09:48:57.656 [main] DEBUG org.apache.hc.client5.http.headers - http-outgoing-21 << X-Cache: HIT
09:48:57.656 [main] DEBUG org.apache.hc.client5.http.headers - http-outgoing-21 << X-Cache-Hits: 1
09:48:57.656 [main] DEBUG org.apache.hc.client5.http.headers - http-outgoing-21 << X-Timer: S1696042148.487135,VS0,VE1
09:48:57.656 [main] DEBUG org.apache.hc.client5.http.headers - http-outgoing-21 << Vary: Authorization,Accept-Encoding,Origin
09:48:57.656 [main] DEBUG org.apache.hc.client5.http.headers - http-outgoing-21 << Access-Control-Allow-Origin: *
09:48:57.656 [main] DEBUG org.apache.hc.client5.http.headers - http-outgoing-21 << Cross-Origin-Resource-Policy: cross-origin
09:48:57.656 [main] DEBUG org.apache.hc.client5.http.headers - http-outgoing-21 << X-Fastly-Request-ID: b8eda1b8d0694be7e3a8c33c9c07a3c35e84b5d8
09:48:57.656 [main] DEBUG org.apache.hc.client5.http.headers - http-outgoing-21 << Expires: Sat, 30 Sep 2023 02:54:08 GMT
09:48:57.656 [main] DEBUG org.apache.hc.client5.http.headers - http-outgoing-21 << Source-Age: 149
09:48:57.656 [main] DEBUG org.apache.hc.client5.http.impl.classic.MainClientExec - ex-0000001F: connection can be kept alive for 3 MINUTES
09:48:57.656 [main] DEBUG org.apache.hc.client5.http.wire - http-outgoing-21 << "[0x1f][0xffffff8b][0x8][0x0][0x0][0x0][0x0][0x0][0x0][0x3][0xffffff8d][0xffffff97]Ko#7[0xc][0xffffffc7][0xffffffef][0xfffffff9][0x14][0x3][0xfffffff4][0x1c]YO[0xffffff8a][\n]"
09:48:57.656 [main] DEBUG org.apache.hc.client5.http.wire - http-outgoing-21 << "[0xffffffa0]K[0xffffff9f][0xffffffa7][0xffffffa2][0xffffff87][0xfffffff6][0xb]x[0xffffffed]Ib[0xffffffac][0xffffffe3][0x9]lg[0xffffffb3][0xffffffe8][0xffffffa7]/[0xfffffff5][0xffffffa0]F[0xffffff96][[0xffffffa0][0xffffff87]`[0xffffff97]?k$[0xffffff92][0xffffffe2]p[0xfffffffe][0xfffffffc]a[0xfffffffa][0xffffffeb][0xfffffff5]p[0xffffff99][0xffffff9e][0xf][0xffffffc7]y[0xffffffda]-[0xffffffa7][0xffffffeb][0xfffffff6]p[0xffffffba]L[0xffffffd7][0xffffffd7]y[0xfffffffa]zZ>O[0xffffffd3][0xfffffffe]|[0xfffffff8]6[0xffffff9f]'[0xfffffffa][0xffffffbb][0x1c][0x16][0xfffffffa]e[0xffffffb7][0xffffffbc][0xffffffbd]o[0xffffffaf][0xffffff87]/[0xffffffb4][0xfffffffa][0xfffffff3]p}[0xffffffcd]+w[0xffffffcb][0xfffffff9]<_[0xffffffde][0xffffff97][0xffffffd3][0xfffffffe]pz[0xffffff99][0xffffffbe][0xffffff9c][0xffffff97][0xffffffcf][0xffffffcb][0xfffffffa][0xffffffc8][0xffffffc3][0xffffffc3][0xf][0xffffffd3][0xffffff8f][0x5]=M[0xffffffbf]-[0xffffffcb][0xb]=[0xfffffff9][0xffffffd3][0xffffffeb]yy[0xffffff9b][0xffffffa7][0xffffffed]i_[0xfffffffe]{[0xfffffff8]x[0xffffff9b][0x1e][0xffffffa7][0xffffff9f][0xfffffff3]QO[0xffffffd3].[0xffffffff]Z[0xe][0xffffffa6][0xffffff87][0xffffffff]\>[0xffffffce][0xffffffbb][0xfffffff9]iz[0xffffffbd]^[0xffffffdf][0xffffff9f]6[0xffffff9b][0xfffffffe]W[0xffffffb1][0xffffffab]O[0xffffff8b][0xffffffe5][0xfffffffc][0xffffffb2][0xffffffd9][0xffffff93][0xffffffbf][0xffffffc7]e[0xffffffbb][0xffffffbf]<[0xffffff94]5J[0xffffffd9]H[0x7f]B[\n]"
09:48:57.656 [main] DEBUG org.apache.hc.client5.http.wire - http-outgoing-21 << "[0xffffffe7][0xffffff8d][0x13]A6n[0xffffff88][0xffffff9b][0xffffffc4][0xffffffc1]k[0x1][0xffffffa6]qM\g[0xffffffae][0xffffff9c][0xffffffb0][0xffffffa1]qE\%[0xffffffee][0xffffffc0][0x8][0xffffffb0][0xffffff8d]K[0xffffffe2]2q[0xffffff8b]Jx[0xffffffcf]\[0xffffff86]H[0x7f][0xffffff99][0xffffffd3][0xfffffff1][0xffffffbe][0xffffffad][0xffffff97]H[0x1c][0x13]7.[0x8][0xffffffaf][0x1a][0xfffffff7][0xffffffc4]}[0xffffffe6][0xffffffd2][\n]"
09:48:57.656 [main] DEBUG org.apache.hc.client5.http.wire - http-outgoing-21 << "[0xffffffd0][0xffffff8d][0x3]qH\[0xffffffdb] `][0xffffffef][0xffffff88][0xffffffbb][0xffffffc4]Up[0xfffffff4]c[0xffffffe3][0x14][0xffffffaf][0xffffffcc][0xfffffff1][0xffffffa6]0|[0xfffffff3]_R[0xffffffbc]2[0xffffffc7]+A[\n]"
09:48:57.656 [main] DEBUG org.apache.hc.client5.http.wire - http-outgoing-21 << "eV[0xffffff87](`[0xffffff99][0x3][0xffffff96][0xffffffb4]_w[0x0][0x5],S[0xffffffc0]68%[0xffffffec][0xffffffca])`[0xffffff99][0x2][0xffffffb6][0x18]@[0x0]'4[0xffffff84][0x18]B[0xffffffa6][0xffffffd6][0xffffffd2][0xffffffd9]L1[0xffffff86][0x14][0xffffffac][0xfffffff5][0xe][0x5][0x1d][0xffffffc3][0xffffffd8][0xffffffc7][0xffffff90]b[0xffffffb5][0x10][0xfffffff4][0xffffff9a][0xffffff83][0x0]1@[0xffffffa6]`[0xffffff85]uL][0xc].S[0xffffff83][0x2]8[0xffffff9e]`c[0xffffffb0][0xffffff99]Rr[0xffffffe8]"[0x19][0xffffff9b][0x18]R[0xffffff90][0xffffffd6]y[0xffffffbf]^j[0xffffffd0]1[0xffffffe8]L[0xffffffe9]J)[0xffffffcb][0xffffff8c]U[0xc]9@K[0x15]@[0xffffffb1]2[0xffffff96]1[0xffffffe4][0xfffffff8][0xffffffac][0xffffff91]Bs[0xffffff9e]0D[0xffffffcc][0xfffffff1][0x19][0xfffffffa]G[0xfffffff3][0xffffffce][0xffffff88][0x11]s|F[[0x11][0xffffff80][0xffffffa9][0xffffff8f][0xffffff98][0xffffffc3][0xffffffd3]([0x5]"S[0xffffff88][0xffffff98][0xffffffc3][0xffffffd3][0xffffff96][0xfffffff6][0xffffffe5]T[0xffffffa0][0xffffff8b][0xffffff98][0xffffffc3]Sh[0x4][0xffffffb2]kh#[0xffffffe6][0xfffffff0][0xffffff94][0xfffffff5][0xffffffc2]p[0xffffff8e][0xffffffd1]D[0xffffffcc][0xffffffd1][0xffffffa5][0xffffff9b]4[0xffffff9c][\n]"
09:48:57.666 [main] DEBUG org.apache.hc.client5.http.wire - http-outgoing-21 << "T[0x11]s[0x18][0xffffff92]2[0xffffffaf]L;NFLa[0xffffff98]@[0xffffffbe]P[0x9]U[0xffffffec]C[0xfffffff4]!c[0xffffffeb][0xffffff84]i[0x14][0xffffffa3][0xffffffc7]L[0xffffffa9]v[0xffffffa8][0xffffffae][0x18][0xfffffffb][0xffffffe8]S [0x6][0xffffff81][0xffffffde][0x5]v[0xffffffc3]C[0xfffffff4][0xffffff90])[0x15][0xffffffb8][0xffffffd2]m[0xf][0x17]}[0xffffff8a][0xffffffc4]xO[0x5][0xffffffb6][0xffffffae][0xffffffb6][0xffffffd1][0xffffffdb][0xffffff8c]5[0xffffffd5]/C[0x13]}[0xffffff8a][0xffffffc4][0x0][0x5][0x4][0xffffffec][0xffffffb2][0xffffffd7]Q[0xffffffd3][0xffffff8d][0xffffffb2][0xffffffa5]n,[0xffffff99],v[0xc]B[0xffffffb2][0xfffffff8]n[0x0][0xffffff93][0xffffffc5][0x19][0x5][0xffffff9f],[0xffffffbe]M[0xffffff80]d[0xffffffb1]3[0xffffffe0][0xffffffc8]j)[0x2][0xffffff9b],[0xffffffce]9[0xffffff98]d[0xfffffff1]y[0xffffff90]|1[0xffffffed][0xffffffbc][0xffffffe4]K{g [0xfffffff9]b[0xffffffcc]MW[0xfffffffb]}[0xfffffff9][0xfffffffb]p<n[0xffffffa7]_[0xf][0xffffffe7][0xfffffff9]y[0xfffffff9][0xffffffde][0xffffffb5][0xffffffb2][0xffffff97]y[0xfffffff7]u[0xfffffff9][0xffffffd7]Nv[0xffffffa1]V[0xfffffff6]B[\r][0xfffffff4][0xffffffe3][0xffffff8b][0xffffffa0][0xffffff96][0xffffffba]y+[l[0xffffffba][0x7]6[0xffffffe7][0xfffffff9]8o/[0xfffffff3][0xffffffe5][0xffffffe1][0xffffffb9][0xffffffec][0xffffffab][0x14]FJ[0x1b][0xffffffe5]n%[0xfffffffe][0xffffff8e][0xffffffc0][0x1d]qw[0xffffffc4][0xffffffde][0x11]sG[0xfffffff4][0x1d]QwD&[0xffffffa2][0xffffff85]n[0xffffff84]:_&[0xffffffeb][0x1a][0xffffff89]w[0xffffffc4][0xffffffdf][0x11][0xffffffb8]#[0xffffffee][0xffffff8e]d[0xffffff9f]UO[0xffffffcc][0x1d][0xffffffd1]wD[0xffffffdd][0x11]9[0xffffff90][0x10]F[0xffffff80]#[0xfffffff0]#[0xffffff80][0x11][0xffffffb8][0x11][0xffffff8c][0xffffffde][0xffffff86][0xffffffd1][0xffffffd9]0[0xfffffffa][0x1a]FWC[0xfffffff2][0xffffff94][0xffffffde][0xffffff9b][0xe][0xffffff88][0xffffffe3][0xffffffe1][0xfffffff4][0xfffffff1][0xffffffbd]`[0xffffffc5][0x18][0xffffffc3][0xffffffb0][0xe]q[0x4]~[0x4]0[0x2]7[0x2];[0xffffff82][0x14][0xffffff80][0xffffffc6][0xe][0xffffffe8][0x11][0xffffffa4][0x0][0xffffffb4][0xffffffef][0xffffff80][0x1c][0xffffff80][0xf]#[0xffffffc8][0xffffff9e]B[0x7][0xfffffffc][0x8]`[0x4]n[0x4]v[0x4]f[0x4]z[0x4]j[0x4]r[0x0][0x10]F[0xffffff90]=u[0x1d][0xffffffc8][0xffffff9e][0xffffffda][0xe][0xffffffc0][0x8][0xffffffdc][0x8][0xffffffb2][0xffffffa7][0xffffffdd][0xb][0x4]f[0x4][0xffffffd9][0xffffffd3][0xffffffae][0xffffffec]!{[0xffffffda][0x15][0x5][0xffffffc8][0x1][0xffffffb8]0[0x2][0x1c][0xffffff81][0x1f]A[0xfffffff6]Tv[0xffffffc0]1[0xffffffe8][0xffffffbb][0xffffffda][0x1f][0xffffffef][0xfffffff3]y[0xffffffdb][0xfffffff5][0xffffffb2]%[0xffffffd9][0xffffffff][0xffffffa7][0xffffff97][0xffffffe5][0xffffff85][0xffffff97][0xffffffe5][0xfffffff9][0xfffffffa][0xffffffb9]=[0xffffffcf][0xffffffc5]b[0xffffff9d]6v[0xffffffb6][0xfffffffc]c[0xffffff96]!*[0xffffffeb][0x1c][0xffffffa4][0xf]S[0xfffffff0][0xffffff8c][0xffffff93][0xffffffec][0xffffffca]2[0xffffffc7]S[0xffffffe9]+[0xffffffd2][\n]"
09:48:57.666 [main] DEBUG org.apache.hc.client5.http.wire - http-outgoing-21 << "[0xffffff95][0xffffffcb]^[0xffffffd6]Q[0x17]*[0xffffff9c]^[0xffffffe4]N[0xffffffd5])][0xffffffb7][0xffffffa1][0xffffffd7][0xffffffb9][0x13]u[0xffffffc8][0xffffffd4][0xffffffdf]H:W)[0xfffffff4][0xffffff82][0xffffff8e][0xe][0xffffffaa][0xffffffd8][0xfffffff5]zNi[0xffffffc6][0xffffffb6][0xffffff97]s!Tjz1G[\n]"
09:48:57.666 [main] DEBUG org.apache.hc.client5.http.wire - http-outgoing-21 << "[0xffffffa0]P[0xffffffdd]K9[0xffffffa5]x[0xffffffb1][0xffffffea][0xffffff95]\[0x12]I[0x5][0xffffffcb]^[0xffffffc8]a[\r][0x1c]C/[0xffffffe3][0x0]*[0xffffffc5]A[0xffffffc3][0x15][0xffffffea]{[0x5]G[0xffffff92][0xffffffb5]P[0xffffffe8][0xfffffff5][K[0x11][0xffffffbd][0xfffffffd]7[0xfffffffa][0xffffffad]@[0xffffffdb][0xffffffc9]7[0xffffffac][0xffffff8e]Q[0x17][0xffffffb8][0x11]o[0x5][0xffffffea][[0xffffffed]V[0xffffffa0][0xffffffea][0xffffffa4][0xffffff9b][0xffffffe3][0xfffffff3]e[0xffffffa7][0xffffffdc][0xffffffd8]U[0xffffffea][\n]"
09:48:57.666 [main] DEBUG org.apache.hc.client5.http.wire - http-outgoing-21 << "7[0xffffffba][0xffffffad]@[0x1c]d[[0xffffffa1][0xffffffbe]Sm[0xffffff9e]!t[0xffffff9a][\r][0xffffffeb][0xfffffff1][0xffffffd4]&V[0xffffffc9][0xffffffc6][0xffffffde]S[0xffffffab]X[0x15][0x1b]%[0xffffffb8]R[0xffffffd3])6[0xffffffe0]Mu'[0xffffffd8][0xffffffb0]^8[0xfffffff5][0xffffff8d]U[0xffffffaf][0xffffffb5][0xffffffcb][0xffffffa2][0xffffffe6][0xffffffb1][0xffffffea]5[0xffffffac][0x17]K[\r]d[0xffffff95]k\[0xffffffd1][0xffffffd4]D:[0xffffffb5][0xffffffa6]j[0xffffffa8][0xffffffd4]Iz[0xffffffb1]V[0xffffffcf][0xffffffa2]v[0xffffffb2]j5[0xffffffcf][0xffffffbb][0xffffffba]N[0xffffffaa]q)S[Y[0xffffff85]Z+N[0xffffffea]-[0xffffff9d]P3[0xffffffd5]Wj0[0xffffff9d]NkgU}[0xffffff95][\r][0x17]z[0xffffffa3][0xffffffaa][0xffffffab]bTqU[0xffffff8c][0xffffffaa][0xffffffad][0xffffff8a]Q[0xffffffa5]U1[0xffffffaa][0xffffffb2]*F[0x15]V[0xffffffc5][0xffffffa8][0xffffffba][0xffffffaa][0x18][0xffffffaa][0x8][0xffffffa9]b[0xffffffc8][0xffffffce][0xffffffb0][0xffffffc9][0x3][0xfffffff6][0xffffffd8]&[0xf]L=[0xffffffc7]&[0xf]tM[0xffffff86][0xffffff85]b[0xffffffdc]([0xffffffb1][0xffffffc3][0xffffffee][0xffffffbc][0xffffffa4][0xffffffd6]3[0xfffffffd][0xffffffb2][0x7f][0xffffff99][0xffffffbb][0xffffffe6][0xfffffff5]v[0xffffff99][0x9][0xfffffffc]g[0xfffffff7][0xffffffda][0xffffffcf][0xffffffdf][0xffffffe6]c[0xffffffda]U[0xffffffbc][0xfffffff1][0xe][0xffffffb9][0xffffff95][0xffffffcd][0xffffffa7][0xffffffc7][0xffffff8f][0xffffffcb][0xffffffa6][0xffffffb1][0xffffffc7][0xffffffb4][0xffffffc9][0xffffffe6][0xffffffba],[0xffffffc7][0xffffffcb][0xffffffe6]s[0xfffffffe]R[0xffffffbb][0xffffffd9]C[0xffffffa2][0xffffffeb][0xffffffb0][0xffffffa9][0xffffff90]Z[0xffffffba][0xffffffc2]Jy[0xffffffd4]T[0xffffff9e][0xffffff94]0e[0xffffffb2]P[0x1e]4[0xffffff95][0xffffffd7][0xffffffb9][0xffffff90][0xb][0xffffffe5]1S[0x1][0xffffffa8]4[0x6][0x16][0xffffffca]C[0xffffffa6]rT[0x1f][0xffffff94][0xffffffbd]L[0xffffffdb][0xffffff88][0xffffffa9][0xffffff9c]B[0xffffffe1][0xffffffeb]im[0xffffffc0]T[0x16]h_[0xffffffa8][0xffffff94][0xffffffc7]K[0x12][0xffffffe6][0xffffffe9][0xffffffe3][ [0xffffffcf][0xffffff96][0xffffffca][0xfffffff8][0xfffffff4][0xffffffa9][0xffffffab][0xffffff94]'K[0x1a][0x12][\r]u[0xffffffb0]Jy[0xffffffae]T[0xffffff9a][0xffffffde]T[0xffffffcf];[0xfffffff0]TIc[0xffffff80]mA[0xffffffb4][0xffffff91]Ri*\[0xffffff92][0xffffffe9][0xffffff85][0xfffffff2]@[0xffffffa9][0xffffffb4][0xffffff92][0xffffffeb][0xffffffbe]<N[0xffffff92]"
09:48:57.666 [main] DEBUG org.apache.hc.client5.http.wire - http-outgoing-21 << "[0xffffffb2]ui[0xffffffa8]I[0xffffff94][0xffffff87]Ij[0xfffffffd][0xffffffa9]Q[0x14]VGI[0xffffff95][0xffffffa2][0xffffffab][0xffffff89][0xffffffe1]9[0xffffff92]B[0xffffffd3][0xffffff8d][0xffffffd5])[0xffffff92]b[0xffffffb0][0xffffff8d][0xffffffd5][0x19][0xffffff92][0xffffffbc]j'[0xfffffff3][0x4][0x19][0xffffffa8][0xffffffc7][0x18]UP[0xffffff9d][0x1e][0x3][0xffffffa5][0xffffffde][0xffffffd4]Uut[0xc]r=[0xffffffa0][0xffffff8e][0xffffff8d][0xffffff98]:]}[0xffffffb0][0xffffff8e][0xffffff8c]H[0xffffff81][0x15][0xffffffc2][0xffffffe3]b[0xffffffba][0xfffffff1]r1<*z[0xffffffca]m}[0xffffff8c][0xffffffe7]D[0xffffff80]P[0xffffffaf][0xffffff84]gD[0xffffffa0][0xffffff92][0xffffff80][0xffffff92][0xb][0x1e][0x10]]Jp]U[0xffffffa7]C[0xffffff97][0xffffff95]E&<[0x19]Rkp[0xfffffff5]<[0xffffffea]^[0xffffffa5]{[0x6][0xfffffff6][0xffffff89][0x7]E[0xfffffffa][0xffffffce][0xffffffd6][0xffffffab]jC"ELu[0xffffff97]Y[0xffffff9b][0x10]S[0xffffffcd][0x16]R[0xffffffa7]C[0xffffffed][0xffffffb9]tx0[0xffffffd4][0xffffffa6][0xffffff91]:[0x14][0xffffffa6][0xffffffb6]XI[0xffffff9d][0x7][0xffffff95][0xffffffa1][0xffffff81][0xffffffb9] k[0xffffffe3][0xfffffffb]y~<[0xffffff9c].[0xffffffd7][0xffffffed][0xfffffff1]8[0xffffffef][0xb][0xffffffd4][0x11][0xffffffd2][0xffffff97][0xffffffdd][0xffffff94]:[0xffffffb1]*R[0xb][0x3][0x1d]J[0xfffffff8]VF[0xffffffea][0xffffff93][0xfffffff4][0xffffffb5]+[0xfffffff7]a0[0xffffffd2][0xffffff8b]eM([0xffffffa6]NM[0xffffff87]n[0x1a]K[0xffffff8d]h*[0xffffffa6]t[0xffffffc9][0xffffffd4][0xffffff93][0xfffffffe][0x1][0xffffffa9][0xffffff9e].[0xffffff9b][0xffffffd3][0x12][0x0][0x0]"
09:48:57.666 [main] DEBUG org.apache.hc.client5.http.impl.classic.InternalHttpClient - ep-0000001E: releasing valid endpoint
09:48:57.666 [main] DEBUG org.apache.hc.client5.http.impl.io.PoolingHttpClientConnectionManager - ep-0000001E: releasing endpoint
09:48:57.666 [main] DEBUG org.apache.hc.client5.http.impl.io.PoolingHttpClientConnectionManager - ep-0000001E: connection http-outgoing-21 can be kept alive for 3 MINUTES
09:48:57.666 [main] DEBUG org.apache.hc.client5.http.impl.io.PoolingHttpClientConnectionManager - ep-0000001E: connection released [route: {s}->https://raw.githubusercontent.com:443][total available: 1; route allocated: 1 of 5; total allocated: 2 of 25]
09:48:57.666 [main] DEBUG io.github.bonigarcia.wdm.versions.VersionDetector - Driver for chrome117 not found in online properties (using local versions.properties)
09:48:57.666 [main] DEBUG io.github.bonigarcia.wdm.WebDriverManager - The driver version for CHROME 117 is unknown ... trying with latest
09:48:57.669 [main] DEBUG org.apache.hc.client5.http.impl.classic.InternalHttpClient - ex-00000020: preparing request execution
09:48:57.669 [main] DEBUG org.apache.hc.client5.http.protocol.RequestAddCookies - Cookie spec selected: strict
09:48:57.669 [main] DEBUG org.apache.hc.client5.http.protocol.RequestAuthCache - Auth cache not set in the context
09:48:57.669 [main] DEBUG org.apache.hc.client5.http.impl.classic.ProtocolExec - ex-00000020: target auth state: UNCHALLENGED
09:48:57.669 [main] DEBUG org.apache.hc.client5.http.impl.classic.ProtocolExec - ex-00000020: proxy auth state: UNCHALLENGED
09:48:57.669 [main] DEBUG org.apache.hc.client5.http.impl.classic.ConnectExec - ex-00000020: acquiring connection with route {s}->https://chromedriver.storage.googleapis.com:443
09:48:57.669 [main] DEBUG org.apache.hc.client5.http.impl.classic.InternalHttpClient - ex-00000020: acquiring endpoint (3 MINUTES)
09:48:57.669 [main] DEBUG org.apache.hc.client5.http.impl.io.PoolingHttpClientConnectionManager - ex-00000020: endpoint lease request (3 MINUTES) [route: {s}->https://chromedriver.storage.googleapis.com:443][total available: 1; route allocated: 1 of 5; total allocated: 2 of 25]
09:48:57.669 [main] DEBUG org.apache.hc.client5.http.impl.io.PoolingHttpClientConnectionManager - ex-00000020: endpoint leased [route: {s}->https://chromedriver.storage.googleapis.com:443][total available: 1; route allocated: 2 of 5; total allocated: 3 of 25]
09:48:57.669 [main] DEBUG org.apache.hc.client5.http.impl.io.PoolingHttpClientConnectionManager - ex-00000020: acquired ep-0000001F
09:48:57.669 [main] DEBUG org.apache.hc.client5.http.impl.classic.InternalHttpClient - ex-00000020: acquired endpoint ep-0000001F
09:48:57.669 [main] DEBUG org.apache.hc.client5.http.impl.classic.ConnectExec - ex-00000020: opening connection {s}->https://chromedriver.storage.googleapis.com:443
09:48:57.669 [main] DEBUG org.apache.hc.client5.http.impl.classic.InternalHttpClient - ep-0000001F: connecting endpoint (30 SECONDS)
09:48:57.669 [main] DEBUG org.apache.hc.client5.http.impl.io.PoolingHttpClientConnectionManager - ep-0000001F: connecting endpoint to https://chromedriver.storage.googleapis.com:443 (30 SECONDS)
09:48:57.669 [main] DEBUG org.apache.hc.client5.http.impl.io.DefaultHttpClientConnectionOperator - http-outgoing-23: connecting to chromedriver.storage.googleapis.com/34.101.5.123:443
09:48:57.669 [main] DEBUG org.apache.hc.client5.http.ssl.SSLConnectionSocketFactory - Connecting socket to chromedriver.storage.googleapis.com/34.101.5.123:443 with timeout 30 SECONDS
09:48:57.688 [main] DEBUG org.apache.hc.client5.http.ssl.SSLConnectionSocketFactory - Enabled protocols: [TLSv1.3, TLSv1.2]
09:48:57.688 [main] DEBUG org.apache.hc.client5.http.ssl.SSLConnectionSocketFactory - Enabled cipher suites: [TLS_AES_256_GCM_SHA384, TLS_AES_128_GCM_SHA256, TLS_CHACHA20_POLY1305_SHA256, TLS_ECDHE_ECDSA_WITH_AES_256_GCM_SHA384, TLS_ECDHE_ECDSA_WITH_AES_128_GCM_SHA256, TLS_ECDHE_ECDSA_WITH_CHACHA20_POLY1305_SHA256, TLS_ECDHE_RSA_WITH_AES_256_GCM_SHA384, TLS_ECDHE_RSA_WITH_CHACHA20_POLY1305_SHA256, TLS_ECDHE_RSA_WITH_AES_128_GCM_SHA256, TLS_DHE_RSA_WITH_AES_256_GCM_SHA384, TLS_DHE_RSA_WITH_CHACHA20_POLY1305_SHA256, TLS_DHE_DSS_WITH_AES_256_GCM_SHA384, TLS_DHE_RSA_WITH_AES_128_GCM_SHA256, TLS_DHE_DSS_WITH_AES_128_GCM_SHA256, TLS_ECDHE_ECDSA_WITH_AES_256_CBC_SHA384, TLS_ECDHE_RSA_WITH_AES_256_CBC_SHA384, TLS_ECDHE_ECDSA_WITH_AES_128_CBC_SHA256, TLS_ECDHE_RSA_WITH_AES_128_CBC_SHA256, TLS_DHE_RSA_WITH_AES_256_CBC_SHA256, TLS_DHE_DSS_WITH_AES_256_CBC_SHA256, TLS_DHE_RSA_WITH_AES_128_CBC_SHA256, TLS_DHE_DSS_WITH_AES_128_CBC_SHA256, TLS_ECDH_ECDSA_WITH_AES_256_GCM_SHA384, TLS_ECDH_RSA_WITH_AES_256_GCM_SHA384, TLS_ECDH_ECDSA_WITH_AES_128_GCM_SHA256, TLS_ECDH_RSA_WITH_AES_128_GCM_SHA256, TLS_ECDH_ECDSA_WITH_AES_256_CBC_SHA384, TLS_ECDH_RSA_WITH_AES_256_CBC_SHA384, TLS_ECDH_ECDSA_WITH_AES_128_CBC_SHA256, TLS_ECDH_RSA_WITH_AES_128_CBC_SHA256, TLS_ECDHE_ECDSA_WITH_AES_256_CBC_SHA, TLS_ECDHE_RSA_WITH_AES_256_CBC_SHA, TLS_ECDHE_ECDSA_WITH_AES_128_CBC_SHA, TLS_ECDHE_RSA_WITH_AES_128_CBC_SHA, TLS_DHE_RSA_WITH_AES_256_CBC_SHA, TLS_DHE_DSS_WITH_AES_256_CBC_SHA, TLS_DHE_RSA_WITH_AES_128_CBC_SHA, TLS_DHE_DSS_WITH_AES_128_CBC_SHA, TLS_ECDH_ECDSA_WITH_AES_256_CBC_SHA, TLS_ECDH_RSA_WITH_AES_256_CBC_SHA, TLS_ECDH_ECDSA_WITH_AES_128_CBC_SHA, TLS_ECDH_RSA_WITH_AES_128_CBC_SHA, TLS_RSA_WITH_AES_256_GCM_SHA384, TLS_RSA_WITH_AES_128_GCM_SHA256, TLS_RSA_WITH_AES_256_CBC_SHA256, TLS_RSA_WITH_AES_128_CBC_SHA256, TLS_RSA_WITH_AES_256_CBC_SHA, TLS_RSA_WITH_AES_128_CBC_SHA, TLS_EMPTY_RENEGOTIATION_INFO_SCSV]
09:48:57.688 [main] DEBUG org.apache.hc.client5.http.ssl.SSLConnectionSocketFactory - Starting handshake
09:48:57.725 [main] DEBUG org.apache.hc.client5.http.ssl.SSLConnectionSocketFactory - Secure session established
09:48:57.725 [main] DEBUG org.apache.hc.client5.http.ssl.SSLConnectionSocketFactory -  negotiated protocol: TLSv1.3
09:48:57.725 [main] DEBUG org.apache.hc.client5.http.ssl.SSLConnectionSocketFactory -  negotiated cipher suite: TLS_AES_256_GCM_SHA384
09:48:57.725 [main] DEBUG org.apache.hc.client5.http.ssl.SSLConnectionSocketFactory -  peer principal: CN=*.storage.googleapis.com
09:48:57.725 [main] DEBUG org.apache.hc.client5.http.ssl.SSLConnectionSocketFactory -  peer alternative names: [*.storage.googleapis.com, *.googleapis.com, commondatastorage.googleapis.com, *.commondatastorage.googleapis.com, storage.googleapis.com, storage-p2.googleapis.com, *.storage-p2.googleapis.com, storage.mtls.googleapis.com, *.appspot.com.storage.googleapis.com, *.content-storage.googleapis.com, *.content-storage-p2.googleapis.com, *.content-storage-upload.googleapis.com, *.content-storage-download.googleapis.com, *.storage-upload.googleapis.com, *.storage-download.googleapis.com]
09:48:57.725 [main] DEBUG org.apache.hc.client5.http.ssl.SSLConnectionSocketFactory -  issuer principal: CN=GTS CA 1C3, O=Google Trust Services LLC, C=US
09:48:57.725 [main] DEBUG org.apache.hc.client5.http.impl.io.DefaultHttpClientConnectionOperator - http-outgoing-23: connection established 192.168.100.42:64261<->34.101.5.123:443
09:48:57.725 [main] DEBUG org.apache.hc.client5.http.impl.io.PoolingHttpClientConnectionManager - ep-0000001F: connected http-outgoing-23
09:48:57.725 [main] DEBUG org.apache.hc.client5.http.impl.classic.InternalHttpClient - ep-0000001F: endpoint connected
09:48:57.725 [main] DEBUG org.apache.hc.client5.http.impl.classic.MainClientExec - ex-00000020: executing GET /LATEST_RELEASE HTTP/1.1
09:48:57.725 [main] DEBUG org.apache.hc.client5.http.impl.classic.InternalHttpClient - ep-0000001F: start execution ex-00000020
09:48:57.725 [main] DEBUG org.apache.hc.client5.http.impl.io.PoolingHttpClientConnectionManager - ep-0000001F: executing exchange ex-00000020 over http-outgoing-23
09:48:57.725 [main] DEBUG org.apache.hc.client5.http.headers - http-outgoing-23 >> GET /LATEST_RELEASE HTTP/1.1
09:48:57.725 [main] DEBUG org.apache.hc.client5.http.headers - http-outgoing-23 >> user-agent: Apache-HttpClient/5.0
09:48:57.725 [main] DEBUG org.apache.hc.client5.http.headers - http-outgoing-23 >> accept-encoding: gzip, deflate, br
09:48:57.725 [main] DEBUG org.apache.hc.client5.http.headers - http-outgoing-23 >> cache-control: max-age=0
09:48:57.725 [main] DEBUG org.apache.hc.client5.http.headers - http-outgoing-23 >> connection: keep-alive
09:48:57.725 [main] DEBUG org.apache.hc.client5.http.headers - http-outgoing-23 >> Host: chromedriver.storage.googleapis.com
09:48:57.725 [main] DEBUG org.apache.hc.client5.http.wire - http-outgoing-23 >> "GET /LATEST_RELEASE HTTP/1.1[\r][\n]"
09:48:57.725 [main] DEBUG org.apache.hc.client5.http.wire - http-outgoing-23 >> "user-agent: Apache-HttpClient/5.0[\r][\n]"
09:48:57.725 [main] DEBUG org.apache.hc.client5.http.wire - http-outgoing-23 >> "accept-encoding: gzip, deflate, br[\r][\n]"
09:48:57.725 [main] DEBUG org.apache.hc.client5.http.wire - http-outgoing-23 >> "cache-control: max-age=0[\r][\n]"
09:48:57.725 [main] DEBUG org.apache.hc.client5.http.wire - http-outgoing-23 >> "connection: keep-alive[\r][\n]"
09:48:57.725 [main] DEBUG org.apache.hc.client5.http.wire - http-outgoing-23 >> "Host: chromedriver.storage.googleapis.com[\r][\n]"
09:48:57.725 [main] DEBUG org.apache.hc.client5.http.wire - http-outgoing-23 >> "[\r][\n]"
09:48:57.736 [main] DEBUG org.apache.hc.client5.http.wire - http-outgoing-23 << "HTTP/1.1 200 OK[\r][\n]"
09:48:57.736 [main] DEBUG org.apache.hc.client5.http.wire - http-outgoing-23 << "X-GUploader-UploadID: ADPycdvnFAnOhlWGbRtUpcGBi5W3y6qEtkvwOJmj2uBu_cu5oupNFxxPFqsoSfNAPIUhE78QrkhmBqvlUQiAPhzQ2QAWS0sveOv3[\r][\n]"
09:48:57.736 [main] DEBUG org.apache.hc.client5.http.wire - http-outgoing-23 << "x-goog-generation: 1685523462105569[\r][\n]"
09:48:57.736 [main] DEBUG org.apache.hc.client5.http.wire - http-outgoing-23 << "x-goog-metageneration: 1[\r][\n]"
09:48:57.736 [main] DEBUG org.apache.hc.client5.http.wire - http-outgoing-23 << "x-goog-stored-content-encoding: identity[\r][\n]"
09:48:57.736 [main] DEBUG org.apache.hc.client5.http.wire - http-outgoing-23 << "x-goog-stored-content-length: 13[\r][\n]"
09:48:57.736 [main] DEBUG org.apache.hc.client5.http.wire - http-outgoing-23 << "x-goog-hash: crc32c=tVW4TA==[\r][\n]"
09:48:57.736 [main] DEBUG org.apache.hc.client5.http.wire - http-outgoing-23 << "x-goog-hash: md5=NoaEuIlBlniwTkiZ1T16sA==[\r][\n]"
09:48:57.736 [main] DEBUG org.apache.hc.client5.http.wire - http-outgoing-23 << "x-goog-storage-class: STANDARD[\r][\n]"
09:48:57.736 [main] DEBUG org.apache.hc.client5.http.wire - http-outgoing-23 << "Accept-Ranges: bytes[\r][\n]"
09:48:57.736 [main] DEBUG org.apache.hc.client5.http.wire - http-outgoing-23 << "Content-Length: 13[\r][\n]"
09:48:57.736 [main] DEBUG org.apache.hc.client5.http.wire - http-outgoing-23 << "Server: UploadServer[\r][\n]"
09:48:57.736 [main] DEBUG org.apache.hc.client5.http.wire - http-outgoing-23 << "Date: Sat, 30 Sep 2023 02:46:28 GMT[\r][\n]"
09:48:57.736 [main] DEBUG org.apache.hc.client5.http.wire - http-outgoing-23 << "Expires: Sat, 30 Sep 2023 03:46:28 GMT[\r][\n]"
09:48:57.736 [main] DEBUG org.apache.hc.client5.http.wire - http-outgoing-23 << "Cache-Control: public, max-age=3600[\r][\n]"
09:48:57.736 [main] DEBUG org.apache.hc.client5.http.wire - http-outgoing-23 << "Age: 160[\r][\n]"
09:48:57.736 [main] DEBUG org.apache.hc.client5.http.wire - http-outgoing-23 << "Last-Modified: Wed, 31 May 2023 08:57:42 GMT[\r][\n]"
09:48:57.736 [main] DEBUG org.apache.hc.client5.http.wire - http-outgoing-23 << "ETag: "368684b889419678b04e4899d53d7ab0"[\r][\n]"
09:48:57.736 [main] DEBUG org.apache.hc.client5.http.wire - http-outgoing-23 << "Content-Type: text/plain[\r][\n]"
09:48:57.736 [main] DEBUG org.apache.hc.client5.http.wire - http-outgoing-23 << "Alt-Svc: h3=":443"; ma=2592000,h3-29=":443"; ma=2592000[\r][\n]"
09:48:57.736 [main] DEBUG org.apache.hc.client5.http.wire - http-outgoing-23 << "[\r][\n]"
09:48:57.736 [main] DEBUG org.apache.hc.client5.http.wire - http-outgoing-23 << "114.0.5735.90"
09:48:57.736 [main] DEBUG org.apache.hc.client5.http.headers - http-outgoing-23 << HTTP/1.1 200 OK
09:48:57.736 [main] DEBUG org.apache.hc.client5.http.headers - http-outgoing-23 << X-GUploader-UploadID: ADPycdvnFAnOhlWGbRtUpcGBi5W3y6qEtkvwOJmj2uBu_cu5oupNFxxPFqsoSfNAPIUhE78QrkhmBqvlUQiAPhzQ2QAWS0sveOv3
09:48:57.736 [main] DEBUG org.apache.hc.client5.http.headers - http-outgoing-23 << x-goog-generation: 1685523462105569
09:48:57.736 [main] DEBUG org.apache.hc.client5.http.headers - http-outgoing-23 << x-goog-metageneration: 1
09:48:57.736 [main] DEBUG org.apache.hc.client5.http.headers - http-outgoing-23 << x-goog-stored-content-encoding: identity
09:48:57.736 [main] DEBUG org.apache.hc.client5.http.headers - http-outgoing-23 << x-goog-stored-content-length: 13
09:48:57.736 [main] DEBUG org.apache.hc.client5.http.headers - http-outgoing-23 << x-goog-hash: crc32c=tVW4TA==
09:48:57.736 [main] DEBUG org.apache.hc.client5.http.headers - http-outgoing-23 << x-goog-hash: md5=NoaEuIlBlniwTkiZ1T16sA==
09:48:57.736 [main] DEBUG org.apache.hc.client5.http.headers - http-outgoing-23 << x-goog-storage-class: STANDARD
09:48:57.736 [main] DEBUG org.apache.hc.client5.http.headers - http-outgoing-23 << Accept-Ranges: bytes
09:48:57.736 [main] DEBUG org.apache.hc.client5.http.headers - http-outgoing-23 << Content-Length: 13
09:48:57.736 [main] DEBUG org.apache.hc.client5.http.headers - http-outgoing-23 << Server: UploadServer
09:48:57.736 [main] DEBUG org.apache.hc.client5.http.headers - http-outgoing-23 << Date: Sat, 30 Sep 2023 02:46:28 GMT
09:48:57.736 [main] DEBUG org.apache.hc.client5.http.headers - http-outgoing-23 << Expires: Sat, 30 Sep 2023 03:46:28 GMT
09:48:57.736 [main] DEBUG org.apache.hc.client5.http.headers - http-outgoing-23 << Cache-Control: public, max-age=3600
09:48:57.736 [main] DEBUG org.apache.hc.client5.http.headers - http-outgoing-23 << Age: 160
09:48:57.736 [main] DEBUG org.apache.hc.client5.http.headers - http-outgoing-23 << Last-Modified: Wed, 31 May 2023 08:57:42 GMT
09:48:57.736 [main] DEBUG org.apache.hc.client5.http.headers - http-outgoing-23 << ETag: "368684b889419678b04e4899d53d7ab0"
09:48:57.736 [main] DEBUG org.apache.hc.client5.http.headers - http-outgoing-23 << Content-Type: text/plain
09:48:57.736 [main] DEBUG org.apache.hc.client5.http.headers - http-outgoing-23 << Alt-Svc: h3=":443"; ma=2592000,h3-29=":443"; ma=2592000
09:48:57.736 [main] DEBUG org.apache.hc.client5.http.impl.classic.MainClientExec - ex-00000020: connection can be kept alive for 3 MINUTES
09:48:57.736 [main] DEBUG org.apache.hc.client5.http.impl.classic.InternalHttpClient - ep-0000001F: releasing valid endpoint
09:48:57.736 [main] DEBUG org.apache.hc.client5.http.impl.io.PoolingHttpClientConnectionManager - ep-0000001F: releasing endpoint
09:48:57.736 [main] DEBUG org.apache.hc.client5.http.impl.io.PoolingHttpClientConnectionManager - ep-0000001F: connection http-outgoing-23 can be kept alive for 3 MINUTES
09:48:57.736 [main] DEBUG org.apache.hc.client5.http.impl.io.PoolingHttpClientConnectionManager - ep-0000001F: connection released [route: {s}->https://chromedriver.storage.googleapis.com:443][total available: 2; route allocated: 2 of 5; total allocated: 3 of 25]
09:48:57.736 [main] DEBUG io.github.bonigarcia.wdm.versions.VersionDetector - Latest version of chromedriver according to https://chromedriver.storage.googleapis.com/LATEST_RELEASE is 114.0.5735.90
09:48:57.736 [main] DEBUG io.github.bonigarcia.wdm.WebDriverManager - Driver chromedriver 114.0.5735.90 found in cache
09:48:57.736 [main] INFO io.github.bonigarcia.wdm.WebDriverManager - Exporting webdriver.chrome.driver as C:\Users\Bagas Dwi Saputra\.cache\selenium\chromedriver\win32\114.0.5735.90\chromedriver.exe
09:48:57.815 [main] DEBUG net.thucydides.core.reflection.ClassFinder - Could not load class net.serenitybdd.rest.utils.RestSpecificationFactory
09:48:57.893 [main] DEBUG net.thucydides.core.reflection.ClassFinder - Could not load class net.serenitybdd.rest.utils.RestSpecificationFactory
09:48:57.893 [main] INFO net.serenitybdd.core.webdriver.driverproviders.ProvideNewDriver - Instantiating driver
09:48:57.893 [main] INFO net.serenitybdd.core.webdriver.driverproviders.ProvideNewDriver - Driver capabilities: Capabilities {acceptInsecureCerts: false, base.url: https://app.jubelio.com, browserName: chrome, chrome.driver: src/test/resources/webdrive..., driver: chrome, goog:chromeOptions: {args: [], extensions: []}, loggingPrefs: org.openqa.selenium.logging...}
09:48:58.783 [main] DEBUG net.thucydides.core.reflection.ClassFinder - Could not load class net.serenitybdd.rest.utils.RestSpecificationFactory
09:49:01.111 [main] DEBUG net.serenitybdd.core.photography.Darkroom - Send negative for processing for target\site\serenity\d86bb99ca4b74cdefa115c5a2645bacb4c0cc871895a6fff5f0d38af68de8e18.png
09:49:01.111 [main] DEBUG net.thucydides.core.steps.StepInterceptor - STEP DONE: openLink
09:49:01.115 [main] DEBUG net.thucydides.core.steps.StepInterceptor - STARTING STEP: LoginSteps.fillsInTheWithValidDataEmail - fills in the {string} with valid data email
09:49:01.416 [main] DEBUG net.serenitybdd.core.photography.Darkroom - Send negative for processing for target\site\serenity\aa28fac2ba7356a2fca41e0c6fa6b76260a6e63d172a31937ef83a3fa5154cb7.png
09:49:01.416 [main] DEBUG net.thucydides.core.steps.StepInterceptor - STEP DONE: fills in the {string} with valid data email
  &amp#27;[32mGiven &amp#27;[0m&amp#27;[32mfills in the &amp#27;[0m&amp#27;[32m&amp#27;[1m"qa.rakamin.jubelio@gmail"&amp#27;[0m&amp#27;[32m with valid data email&amp#27;[0m &amp#27;[90m# starter.stepdefinitios.LoginSteps.fillsInTheWithValidDataEmail(java.lang.String)&amp#27;[0m
09:49:01.416 [Darkroom Processing Line] DEBUG net.serenitybdd.core.photography.DarkroomProcessingLine - Processing screenshot image in /var/screenshots/screenshot-7837920415121390859
09:49:01.416 [Darkroom Processing Line] DEBUG net.serenitybdd.core.photography.DarkroomProcessingLine - Saving screenshot to target\site\serenity\aa28fac2ba7356a2fca41e0c6fa6b76260a6e63d172a31937ef83a3fa5154cb7.png
09:49:02.148 [main] DEBUG net.serenitybdd.core.photography.Darkroom - Send negative for processing for target\site\serenity\ce94d2d5802441359d09f45a0c1396604de4840081c3a660374a337bf0f18200.png
09:49:02.148 [main] DEBUG net.thucydides.core.steps.StepInterceptor - STARTING STEP: LoginSteps.fillInTheWithValidDataPass - fill in the {string} with valid data pass
09:49:02.148 [Darkroom Processing Line] DEBUG net.serenitybdd.core.photography.DarkroomProcessingLine - Processing screenshot image in /var/screenshots/screenshot-1171065189253011676
09:49:02.148 [Darkroom Processing Line] DEBUG net.serenitybdd.core.photography.DarkroomProcessingLine - Saving screenshot to target\site\serenity\ce94d2d5802441359d09f45a0c1396604de4840081c3a660374a337bf0f18200.png
09:49:02.520 [main] DEBUG net.serenitybdd.core.photography.Darkroom - Send negative for processing for target\site\serenity\f4666684869c7768427995765adf5e1ed9aadc85356e020de3cd075064793687.png
09:49:02.520 [main] DEBUG net.thucydides.core.steps.StepInterceptor - STEP DONE: fill in the {string} with valid data pass
  &amp#27;[32mAnd &amp#27;[0m&amp#27;[32mfill in the &amp#27;[0m&amp#27;[32m&amp#27;[1m"Jubelio123!"&amp#27;[0m&amp#27;[32m with valid data pass&amp#27;[0m                  &amp#27;[90m# starter.stepdefinitios.LoginSteps.fillInTheWithValidDataPass(java.lang.String)&amp#27;[0m
09:49:02.520 [Darkroom Processing Line] DEBUG net.serenitybdd.core.photography.DarkroomProcessingLine - Processing screenshot image in /var/screenshots/screenshot-3248331848070123382
09:49:02.520 [Darkroom Processing Line] DEBUG net.serenitybdd.core.photography.DarkroomProcessingLine - Saving screenshot to target\site\serenity\f4666684869c7768427995765adf5e1ed9aadc85356e020de3cd075064793687.png
09:49:02.525 [main] DEBUG net.thucydides.core.steps.StepInterceptor - STARTING STEP: LoginSteps.clickTheLoginButton - clickbtnlogin
09:49:02.812 [main] DEBUG net.serenitybdd.core.photography.Darkroom - Send negative for processing for target\site\serenity\bd913d949b891a017e4fd9a6f7d7ee3cdc9fa223969a1e361b3c833b182f016e.png
09:49:02.812 [main] DEBUG net.thucydides.core.steps.StepInterceptor - STEP DONE: clickbtnlogin
09:49:02.817 [Darkroom Processing Line] DEBUG net.serenitybdd.core.photography.DarkroomProcessingLine - Processing screenshot image in /var/screenshots/screenshot-2173909577907552616
09:49:02.817 [Darkroom Processing Line] DEBUG net.serenitybdd.core.photography.DarkroomProcessingLine - Saving screenshot to target\site\serenity\bd913d949b891a017e4fd9a6f7d7ee3cdc9fa223969a1e361b3c833b182f016e.png
  &amp#27;[32mWhen &amp#27;[0m&amp#27;[32mclick the login button&amp#27;[0m                                         &amp#27;[90m# starter.stepdefinitios.LoginSteps.clickTheLoginButton()&amp#27;[0m
09:49:03.535 [main] DEBUG net.serenitybdd.core.photography.Darkroom - Send negative for processing for target\site\serenity\81373052d2650c66a0ffa23e2445a8b46ef7a7bc00cf95497d8ae75c8b93fac1.png
09:49:03.535 [Darkroom Processing Line] DEBUG net.serenitybdd.core.photography.DarkroomProcessingLine - Processing screenshot image in /var/screenshots/screenshot-11938423657755586010
09:49:03.535 [Darkroom Processing Line] DEBUG net.serenitybdd.core.photography.DarkroomProcessingLine - Saving screenshot to target\site\serenity\81373052d2650c66a0ffa23e2445a8b46ef7a7bc00cf95497d8ae75c8b93fac1.png
09:49:03.544 [main] DEBUG net.thucydides.core.steps.StepInterceptor - STARTING STEP: LoginSteps.validatePageHomeOrError - validate page home or error {string}
09:49:04.186 [main] DEBUG net.serenitybdd.core.photography.Darkroom - Send negative for processing for target\site\serenity\66d3cfdf0502b4faf58403da55732a78ddbe7d007674f4b9919c5e95b44fa146.png
09:49:04.186 [main] DEBUG net.thucydides.core.steps.StepInterceptor - STEP DONE: validate page home or error {string}
  &amp#27;[32mThen &amp#27;[0m&amp#27;[32mvalidate page home or error &amp#27;[0m&amp#27;[32m&amp#27;[1m"Format Email tidak valid."&amp#27;[0m        &amp#27;[90m# starter.stepdefinitios.LoginSteps.validatePageHomeOrError(java.lang.String)&amp#27;[0m
09:49:04.188 [Darkroom Processing Line] DEBUG net.serenitybdd.core.photography.DarkroomProcessingLine - Processing screenshot image in /var/screenshots/screenshot-16297889874201158566
09:49:04.188 [Darkroom Processing Line] DEBUG net.serenitybdd.core.photography.DarkroomProcessingLine - Saving screenshot to target\site\serenity\66d3cfdf0502b4faf58403da55732a78ddbe7d007674f4b9919c5e95b44fa146.png
09:49:04.351 [main] INFO  - 
  _____   ___   ___   _____     ___     _     ___   ___   ___   ___  
 |_   _| | __| / __| |_   _|   | _ \   /_\   / __| / __| | __| |   \ 
   | |   | _|  \__ \   | |     |  _/  / _ \  \__ \ \__ \ | _|  | |) |
   |_|   |___| |___/   |_|     |_|   /_/ \_\ |___/ |___/ |___| |___/ 

Login Account
----------------------------------------------------------------------
]]></system-out>
    <system-err><![CDATA[Starting ChromeDriver 117.0.5938.88 (be6afae4721209be42944bbcd325665f9f44563b-refs/branch-heads/5938_62@{#9}) on port 10161
Only local connections are allowed.
Please see https://chromedriver.chromium.org/security-considerations for suggestions on keeping ChromeDriver safe.
ChromeDriver was started successfully.
Sep 30, 2023 9:48:58 AM org.openqa.selenium.remote.ProtocolHandshake createSession
INFO: Detected dialect: W3C
]]></system-err>
  </testcase>
  <testcase name="Login Account #3" classname="Login Account at app.jubelio" time="7.865">
    <system-out><![CDATA[
@Login
Scenario Outline: Login Account                                           &amp#27;[90m# src/test/resources/features/user/login.feature:13&amp#27;[0m
09:49:04.356 [main] INFO io.cucumber.core.plugin.SerenityReporter - Running feature from file:///D:/QE/Automation/Jubelio-Website/src/test/resources/features/user/login.feature
09:49:04.876 [main] DEBUG net.thucydides.core.steps.StepInterceptor - STARTING STEP: LoginSteps.fillsInTheWithValidDataEmail - openLink
09:49:04.876 [main] INFO net.serenitybdd.core.webdriver.driverproviders.ChromeDriverProvider - Using automatically driver download
09:49:04.889 [main] DEBUG org.apache.hc.client5.http.impl.classic.InternalHttpClient - ex-00000021: preparing request execution
09:49:04.889 [main] DEBUG org.apache.hc.client5.http.protocol.RequestAddCookies - Cookie spec selected: strict
09:49:04.889 [main] DEBUG org.apache.hc.client5.http.protocol.RequestAuthCache - Auth cache not set in the context
09:49:04.889 [main] DEBUG org.apache.hc.client5.http.impl.classic.ProtocolExec - ex-00000021: target auth state: UNCHALLENGED
09:49:04.889 [main] DEBUG org.apache.hc.client5.http.impl.classic.ProtocolExec - ex-00000021: proxy auth state: UNCHALLENGED
09:49:04.889 [main] DEBUG org.apache.hc.client5.http.impl.classic.ConnectExec - ex-00000021: acquiring connection with route {s}->https://raw.githubusercontent.com:443
09:49:04.889 [main] DEBUG org.apache.hc.client5.http.impl.classic.InternalHttpClient - ex-00000021: acquiring endpoint (3 MINUTES)
09:49:04.889 [main] DEBUG org.apache.hc.client5.http.impl.io.PoolingHttpClientConnectionManager - ex-00000021: endpoint lease request (3 MINUTES) [route: {s}->https://raw.githubusercontent.com:443][total available: 0; route allocated: 0 of 5; total allocated: 0 of 25]
09:49:04.889 [main] DEBUG org.apache.hc.client5.http.impl.io.PoolingHttpClientConnectionManager - ex-00000021: endpoint leased [route: {s}->https://raw.githubusercontent.com:443][total available: 0; route allocated: 1 of 5; total allocated: 1 of 25]
09:49:04.889 [main] DEBUG org.apache.hc.client5.http.impl.io.PoolingHttpClientConnectionManager - ex-00000021: acquired ep-00000020
09:49:04.889 [main] DEBUG org.apache.hc.client5.http.impl.classic.InternalHttpClient - ex-00000021: acquired endpoint ep-00000020
09:49:04.889 [main] DEBUG org.apache.hc.client5.http.impl.classic.ConnectExec - ex-00000021: opening connection {s}->https://raw.githubusercontent.com:443
09:49:04.889 [main] DEBUG org.apache.hc.client5.http.impl.classic.InternalHttpClient - ep-00000020: connecting endpoint (30 SECONDS)
09:49:04.889 [main] DEBUG org.apache.hc.client5.http.impl.io.PoolingHttpClientConnectionManager - ep-00000020: connecting endpoint to https://raw.githubusercontent.com:443 (30 SECONDS)
09:49:04.889 [main] DEBUG org.apache.hc.client5.http.impl.io.DefaultHttpClientConnectionOperator - http-outgoing-24: connecting to raw.githubusercontent.com/185.199.108.133:443
09:49:04.889 [main] DEBUG org.apache.hc.client5.http.ssl.SSLConnectionSocketFactory - Connecting socket to raw.githubusercontent.com/185.199.108.133:443 with timeout 30 SECONDS
09:49:04.905 [main] DEBUG org.apache.hc.client5.http.ssl.SSLConnectionSocketFactory - Enabled protocols: [TLSv1.3, TLSv1.2]
09:49:04.905 [main] DEBUG org.apache.hc.client5.http.ssl.SSLConnectionSocketFactory - Enabled cipher suites: [TLS_AES_256_GCM_SHA384, TLS_AES_128_GCM_SHA256, TLS_CHACHA20_POLY1305_SHA256, TLS_ECDHE_ECDSA_WITH_AES_256_GCM_SHA384, TLS_ECDHE_ECDSA_WITH_AES_128_GCM_SHA256, TLS_ECDHE_ECDSA_WITH_CHACHA20_POLY1305_SHA256, TLS_ECDHE_RSA_WITH_AES_256_GCM_SHA384, TLS_ECDHE_RSA_WITH_CHACHA20_POLY1305_SHA256, TLS_ECDHE_RSA_WITH_AES_128_GCM_SHA256, TLS_DHE_RSA_WITH_AES_256_GCM_SHA384, TLS_DHE_RSA_WITH_CHACHA20_POLY1305_SHA256, TLS_DHE_DSS_WITH_AES_256_GCM_SHA384, TLS_DHE_RSA_WITH_AES_128_GCM_SHA256, TLS_DHE_DSS_WITH_AES_128_GCM_SHA256, TLS_ECDHE_ECDSA_WITH_AES_256_CBC_SHA384, TLS_ECDHE_RSA_WITH_AES_256_CBC_SHA384, TLS_ECDHE_ECDSA_WITH_AES_128_CBC_SHA256, TLS_ECDHE_RSA_WITH_AES_128_CBC_SHA256, TLS_DHE_RSA_WITH_AES_256_CBC_SHA256, TLS_DHE_DSS_WITH_AES_256_CBC_SHA256, TLS_DHE_RSA_WITH_AES_128_CBC_SHA256, TLS_DHE_DSS_WITH_AES_128_CBC_SHA256, TLS_ECDH_ECDSA_WITH_AES_256_GCM_SHA384, TLS_ECDH_RSA_WITH_AES_256_GCM_SHA384, TLS_ECDH_ECDSA_WITH_AES_128_GCM_SHA256, TLS_ECDH_RSA_WITH_AES_128_GCM_SHA256, TLS_ECDH_ECDSA_WITH_AES_256_CBC_SHA384, TLS_ECDH_RSA_WITH_AES_256_CBC_SHA384, TLS_ECDH_ECDSA_WITH_AES_128_CBC_SHA256, TLS_ECDH_RSA_WITH_AES_128_CBC_SHA256, TLS_ECDHE_ECDSA_WITH_AES_256_CBC_SHA, TLS_ECDHE_RSA_WITH_AES_256_CBC_SHA, TLS_ECDHE_ECDSA_WITH_AES_128_CBC_SHA, TLS_ECDHE_RSA_WITH_AES_128_CBC_SHA, TLS_DHE_RSA_WITH_AES_256_CBC_SHA, TLS_DHE_DSS_WITH_AES_256_CBC_SHA, TLS_DHE_RSA_WITH_AES_128_CBC_SHA, TLS_DHE_DSS_WITH_AES_128_CBC_SHA, TLS_ECDH_ECDSA_WITH_AES_256_CBC_SHA, TLS_ECDH_RSA_WITH_AES_256_CBC_SHA, TLS_ECDH_ECDSA_WITH_AES_128_CBC_SHA, TLS_ECDH_RSA_WITH_AES_128_CBC_SHA, TLS_RSA_WITH_AES_256_GCM_SHA384, TLS_RSA_WITH_AES_128_GCM_SHA256, TLS_RSA_WITH_AES_256_CBC_SHA256, TLS_RSA_WITH_AES_128_CBC_SHA256, TLS_RSA_WITH_AES_256_CBC_SHA, TLS_RSA_WITH_AES_128_CBC_SHA, TLS_EMPTY_RENEGOTIATION_INFO_SCSV]
09:49:04.905 [main] DEBUG org.apache.hc.client5.http.ssl.SSLConnectionSocketFactory - Starting handshake
09:49:04.967 [main] DEBUG org.apache.hc.client5.http.ssl.SSLConnectionSocketFactory - Secure session established
09:49:04.967 [main] DEBUG org.apache.hc.client5.http.ssl.SSLConnectionSocketFactory -  negotiated protocol: TLSv1.3
09:49:04.967 [main] DEBUG org.apache.hc.client5.http.ssl.SSLConnectionSocketFactory -  negotiated cipher suite: TLS_AES_256_GCM_SHA384
09:49:04.967 [main] DEBUG org.apache.hc.client5.http.ssl.SSLConnectionSocketFactory -  peer principal: CN=*.github.io, O="GitHub, Inc.", L=San Francisco, ST=California, C=US
09:49:04.967 [main] DEBUG org.apache.hc.client5.http.ssl.SSLConnectionSocketFactory -  peer alternative names: [*.github.io, github.io, *.github.com, github.com, www.github.com, *.githubusercontent.com, githubusercontent.com]
09:49:04.967 [main] DEBUG org.apache.hc.client5.http.ssl.SSLConnectionSocketFactory -  issuer principal: CN=DigiCert TLS RSA SHA256 2020 CA1, O=DigiCert Inc, C=US
09:49:04.967 [main] DEBUG org.apache.hc.client5.http.impl.io.DefaultHttpClientConnectionOperator - http-outgoing-24: connection established 192.168.100.42:64315<->185.199.108.133:443
09:49:04.967 [main] DEBUG org.apache.hc.client5.http.impl.io.PoolingHttpClientConnectionManager - ep-00000020: connected http-outgoing-24
09:49:04.967 [main] DEBUG org.apache.hc.client5.http.impl.classic.InternalHttpClient - ep-00000020: endpoint connected
09:49:04.967 [main] DEBUG org.apache.hc.client5.http.impl.classic.MainClientExec - ex-00000021: executing GET /bonigarcia/webdrivermanager/master/src/main/resources/commands.properties HTTP/1.1
09:49:04.967 [main] DEBUG org.apache.hc.client5.http.impl.classic.InternalHttpClient - ep-00000020: start execution ex-00000021
09:49:04.967 [main] DEBUG org.apache.hc.client5.http.impl.io.PoolingHttpClientConnectionManager - ep-00000020: executing exchange ex-00000021 over http-outgoing-24
09:49:04.967 [main] DEBUG org.apache.hc.client5.http.headers - http-outgoing-24 >> GET /bonigarcia/webdrivermanager/master/src/main/resources/commands.properties HTTP/1.1
09:49:04.967 [main] DEBUG org.apache.hc.client5.http.headers - http-outgoing-24 >> user-agent: Apache-HttpClient/5.0
09:49:04.967 [main] DEBUG org.apache.hc.client5.http.headers - http-outgoing-24 >> accept-encoding: gzip, deflate, br
09:49:04.967 [main] DEBUG org.apache.hc.client5.http.headers - http-outgoing-24 >> cache-control: max-age=0
09:49:04.967 [main] DEBUG org.apache.hc.client5.http.headers - http-outgoing-24 >> connection: keep-alive
09:49:04.967 [main] DEBUG org.apache.hc.client5.http.headers - http-outgoing-24 >> Host: raw.githubusercontent.com
09:49:04.967 [main] DEBUG org.apache.hc.client5.http.wire - http-outgoing-24 >> "GET /bonigarcia/webdrivermanager/master/src/main/resources/commands.properties HTTP/1.1[\r][\n]"
09:49:04.967 [main] DEBUG org.apache.hc.client5.http.wire - http-outgoing-24 >> "user-agent: Apache-HttpClient/5.0[\r][\n]"
09:49:04.967 [main] DEBUG org.apache.hc.client5.http.wire - http-outgoing-24 >> "accept-encoding: gzip, deflate, br[\r][\n]"
09:49:04.967 [main] DEBUG org.apache.hc.client5.http.wire - http-outgoing-24 >> "cache-control: max-age=0[\r][\n]"
09:49:04.967 [main] DEBUG org.apache.hc.client5.http.wire - http-outgoing-24 >> "connection: keep-alive[\r][\n]"
09:49:04.967 [main] DEBUG org.apache.hc.client5.http.wire - http-outgoing-24 >> "Host: raw.githubusercontent.com[\r][\n]"
09:49:04.967 [main] DEBUG org.apache.hc.client5.http.wire - http-outgoing-24 >> "[\r][\n]"
09:49:05.016 [main] DEBUG org.apache.hc.client5.http.wire - http-outgoing-24 << "HTTP/1.1 200 OK[\r][\n]"
09:49:05.016 [main] DEBUG org.apache.hc.client5.http.wire - http-outgoing-24 << "Connection: keep-alive[\r][\n]"
09:49:05.016 [main] DEBUG org.apache.hc.client5.http.wire - http-outgoing-24 << "Content-Length: 723[\r][\n]"
09:49:05.016 [main] DEBUG org.apache.hc.client5.http.wire - http-outgoing-24 << "Cache-Control: max-age=300[\r][\n]"
09:49:05.016 [main] DEBUG org.apache.hc.client5.http.wire - http-outgoing-24 << "Content-Security-Policy: default-src 'none'; style-src 'unsafe-inline'; sandbox[\r][\n]"
09:49:05.016 [main] DEBUG org.apache.hc.client5.http.wire - http-outgoing-24 << "Content-Type: text/plain; charset=utf-8[\r][\n]"
09:49:05.016 [main] DEBUG org.apache.hc.client5.http.wire - http-outgoing-24 << "ETag: W/"e82b438271e9e8680c688b0b680efd0bdd22faa6d6f0a32fc1fd8accc486b67e"[\r][\n]"
09:49:05.016 [main] DEBUG org.apache.hc.client5.http.wire - http-outgoing-24 << "Strict-Transport-Security: max-age=31536000[\r][\n]"
09:49:05.016 [main] DEBUG org.apache.hc.client5.http.wire - http-outgoing-24 << "X-Content-Type-Options: nosniff[\r][\n]"
09:49:05.016 [main] DEBUG org.apache.hc.client5.http.wire - http-outgoing-24 << "X-Frame-Options: deny[\r][\n]"
09:49:05.016 [main] DEBUG org.apache.hc.client5.http.wire - http-outgoing-24 << "X-XSS-Protection: 1; mode=block[\r][\n]"
09:49:05.016 [main] DEBUG org.apache.hc.client5.http.wire - http-outgoing-24 << "X-GitHub-Request-Id: 4CA0:B8C7F:70C4E:8CACE:651389F9[\r][\n]"
09:49:05.016 [main] DEBUG org.apache.hc.client5.http.wire - http-outgoing-24 << "Content-Encoding: gzip[\r][\n]"
09:49:05.016 [main] DEBUG org.apache.hc.client5.http.wire - http-outgoing-24 << "Accept-Ranges: bytes[\r][\n]"
09:49:05.016 [main] DEBUG org.apache.hc.client5.http.wire - http-outgoing-24 << "Date: Sat, 30 Sep 2023 02:49:15 GMT[\r][\n]"
09:49:05.016 [main] DEBUG org.apache.hc.client5.http.wire - http-outgoing-24 << "Via: 1.1 varnish[\r][\n]"
09:49:05.016 [main] DEBUG org.apache.hc.client5.http.wire - http-outgoing-24 << "X-Served-By: cache-qpg1254-QPG[\r][\n]"
09:49:05.016 [main] DEBUG org.apache.hc.client5.http.wire - http-outgoing-24 << "X-Cache: HIT[\r][\n]"
09:49:05.016 [main] DEBUG org.apache.hc.client5.http.wire - http-outgoing-24 << "X-Cache-Hits: 1[\r][\n]"
09:49:05.016 [main] DEBUG org.apache.hc.client5.http.wire - http-outgoing-24 << "X-Timer: S1696042156.834704,VS0,VE1[\r][\n]"
09:49:05.016 [main] DEBUG org.apache.hc.client5.http.wire - http-outgoing-24 << "Vary: Authorization,Accept-Encoding,Origin[\r][\n]"
09:49:05.016 [main] DEBUG org.apache.hc.client5.http.wire - http-outgoing-24 << "Access-Control-Allow-Origin: *[\r][\n]"
09:49:05.016 [main] DEBUG org.apache.hc.client5.http.wire - http-outgoing-24 << "Cross-Origin-Resource-Policy: cross-origin[\r][\n]"
09:49:05.016 [main] DEBUG org.apache.hc.client5.http.wire - http-outgoing-24 << "X-Fastly-Request-ID: 9b68c404d97116d4a847311ccc7c023c26ad1e5e[\r][\n]"
09:49:05.016 [main] DEBUG org.apache.hc.client5.http.wire - http-outgoing-24 << "Expires: Sat, 30 Sep 2023 02:54:15 GMT[\r][\n]"
09:49:05.016 [main] DEBUG org.apache.hc.client5.http.wire - http-outgoing-24 << "Source-Age: 65[\r][\n]"
09:49:05.016 [main] DEBUG org.apache.hc.client5.http.wire - http-outgoing-24 << "[\r][\n]"
09:49:05.016 [main] DEBUG org.apache.hc.client5.http.headers - http-outgoing-24 << HTTP/1.1 200 OK
09:49:05.016 [main] DEBUG org.apache.hc.client5.http.headers - http-outgoing-24 << Connection: keep-alive
09:49:05.016 [main] DEBUG org.apache.hc.client5.http.headers - http-outgoing-24 << Content-Length: 723
09:49:05.016 [main] DEBUG org.apache.hc.client5.http.headers - http-outgoing-24 << Cache-Control: max-age=300
09:49:05.016 [main] DEBUG org.apache.hc.client5.http.headers - http-outgoing-24 << Content-Security-Policy: default-src 'none'; style-src 'unsafe-inline'; sandbox
09:49:05.016 [main] DEBUG org.apache.hc.client5.http.headers - http-outgoing-24 << Content-Type: text/plain; charset=utf-8
09:49:05.016 [main] DEBUG org.apache.hc.client5.http.headers - http-outgoing-24 << ETag: W/"e82b438271e9e8680c688b0b680efd0bdd22faa6d6f0a32fc1fd8accc486b67e"
09:49:05.016 [main] DEBUG org.apache.hc.client5.http.headers - http-outgoing-24 << Strict-Transport-Security: max-age=31536000
09:49:05.016 [main] DEBUG org.apache.hc.client5.http.headers - http-outgoing-24 << X-Content-Type-Options: nosniff
09:49:05.016 [main] DEBUG org.apache.hc.client5.http.headers - http-outgoing-24 << X-Frame-Options: deny
09:49:05.016 [main] DEBUG org.apache.hc.client5.http.headers - http-outgoing-24 << X-XSS-Protection: 1; mode=block
09:49:05.016 [main] DEBUG org.apache.hc.client5.http.headers - http-outgoing-24 << X-GitHub-Request-Id: 4CA0:B8C7F:70C4E:8CACE:651389F9
09:49:05.016 [main] DEBUG org.apache.hc.client5.http.headers - http-outgoing-24 << Content-Encoding: gzip
09:49:05.016 [main] DEBUG org.apache.hc.client5.http.headers - http-outgoing-24 << Accept-Ranges: bytes
09:49:05.016 [main] DEBUG org.apache.hc.client5.http.headers - http-outgoing-24 << Date: Sat, 30 Sep 2023 02:49:15 GMT
09:49:05.016 [main] DEBUG org.apache.hc.client5.http.headers - http-outgoing-24 << Via: 1.1 varnish
09:49:05.016 [main] DEBUG org.apache.hc.client5.http.headers - http-outgoing-24 << X-Served-By: cache-qpg1254-QPG
09:49:05.016 [main] DEBUG org.apache.hc.client5.http.headers - http-outgoing-24 << X-Cache: HIT
09:49:05.016 [main] DEBUG org.apache.hc.client5.http.headers - http-outgoing-24 << X-Cache-Hits: 1
09:49:05.016 [main] DEBUG org.apache.hc.client5.http.headers - http-outgoing-24 << X-Timer: S1696042156.834704,VS0,VE1
09:49:05.016 [main] DEBUG org.apache.hc.client5.http.headers - http-outgoing-24 << Vary: Authorization,Accept-Encoding,Origin
09:49:05.016 [main] DEBUG org.apache.hc.client5.http.headers - http-outgoing-24 << Access-Control-Allow-Origin: *
09:49:05.016 [main] DEBUG org.apache.hc.client5.http.headers - http-outgoing-24 << Cross-Origin-Resource-Policy: cross-origin
09:49:05.016 [main] DEBUG org.apache.hc.client5.http.headers - http-outgoing-24 << X-Fastly-Request-ID: 9b68c404d97116d4a847311ccc7c023c26ad1e5e
09:49:05.016 [main] DEBUG org.apache.hc.client5.http.headers - http-outgoing-24 << Expires: Sat, 30 Sep 2023 02:54:15 GMT
09:49:05.016 [main] DEBUG org.apache.hc.client5.http.headers - http-outgoing-24 << Source-Age: 65
09:49:05.016 [main] DEBUG org.apache.hc.client5.http.impl.classic.MainClientExec - ex-00000021: connection can be kept alive for 3 MINUTES
09:49:05.016 [main] DEBUG org.apache.hc.client5.http.wire - http-outgoing-24 << "[0x1f][0xffffff8b][0x8][0x0][0x0][0x0][0x0][0x0][0x0][0x3][0xffffffb5]V]o[0xffffffda]0[0x14]}[0xffffffe7]W\[0xffffff81]*[0xffffffb5][0x12][0x1f][[M[0xffffffd3]$[0x1e]hF[0xffffffbb]i [0x18][0xffffffb4][0xffffffdd]&[0xfffffff9][0xffffffc5]$7[0xffffffc1]R[0x12]#;[0xffffff94]v[0xffffffbf]~[0xffffffb6][0xfffffff3]1[0xffffff92][0xffffff9a][0xffffffc1][0x1a]x[0xffffffcb][0xffffffb5][0xffffffaf][0xffffffcf]9[0xffffffbe][0xfffffff7]8v[0xb][0x1c][0x1e]E4[0xfffffff6]$x4[0xffffffa1][0xb]*[0xffffffb1][0xffffffd1][0xffffff82][0xfffffffb]%[0xffffff93][0xffffffe0][0xffffffb3][0x10][0xffffffc1][0xffffffe5]qBY,!Y[0xffffffea] KM8,[0x10][0xfffffff0][0x19][0xffffffdd]u[0xffffff82][0x1e][0xffffffb0][0xffffffd8]L[0xffffffcb]%[0xffffff86][0xffffffa1][0xe][0xffffffb8][0xfffffff0]P[0xffffffe8]$[0xf][0x13]t[0x13]3[0xfffffff9][0xffffff84]B2[0xffffffae][0xffffffe6]|@[0xfffffff5][0x1d][0x8][0xffffffc4][0x18][0x16][0xffffff82]o[0xffffffa4][0xffffff9a]P[0xffffff94][0xffffffe7][0xffffffce]R[0xfffffff0][0x8][0xffffffdb]p[0xffffffcb][0x4][0xfffffffa][0xfffffffc][0xffffffb9][\r][0xffffff93][0x15][\n]"
09:49:05.016 [main] DEBUG org.apache.hc.client5.http.wire - http-outgoing-24 << "[0xffffffda][0xffffff86][0xffffffa1][0x17][0xffffffa8]Q3[0xffffffcb][0xffffffd6][0xffffffd1][0xffffff85][0xffffffc6][0xfffffff7][0xffffff98][0xffffffef][0xffffffa3][0xffffffc0]8[0x1][0xffffffae]s[0x12][0x16][0x7] _d[0xffffff82][0xffffff91][0xffffff84][0xfffffff3][0x1f],[0xfffffff6][0x14]j[0x1b]F,^+[0xffffff98]1ua2[0xffffffbf]h([0xffffff8e][0xffffff94][0xffffffa2][0xffffff91]m[0xffffffa3][0xffffffeb][0xffffff9a][0xffffffb0][0xffffffbb]I[0x17]t[0xffffffdf][0xffffffbd][0xffffffef][0xffffffbb][0xffffff91][0xffffffd7]U[0xffffffbb][0xffffff82][0xffffff9e][0x3][0xffffff9b][0xffffff88][0xffffffb9][0xffffffa6]$[0xffffffa6][0xc][0xffffff9b][0xffffffa5][0xffffffe2][0xffffff83][0xffffff98]F[0xffffffd8]o[0xffffff9e]Mg[0xffffff93][0xffffffbb][0xffffffd9]`|[0xfffffffb]u4[0xffffff9c][0x7f]"}B[0xffffffce][0x8][0xffffffb9][0xffffffe3]<[0x8][0xffffff91][0xffffff90][0xffffff94][0xffffff82][0xffffff90][0xffffffc1]j[0x15]2WI[0xffffffe3]1![0x19][0xffffff91]BnB[0xffffff80][0x9]<f[0xffffffb5][0xffffffe8]=[0xffffffd1]p[0xffffffbd][[0xffffffcf][0xffffffe5][0x1b][0xfffffff4][0xffffff9c][0xffffffff][0xfffffffc][0xfffffff8][0xffffffe1][0xffffffe2][0xffffff94][0xffffffa2][0xffffffae][0xe][0x14]5[0xffffff9a]8[0xffffff83][0xffffffd1]`:[0xfffffffd]<[0xffffffb8][0x1f][0xffffff9c]R[0xffffffcf]u[0x7f]6[0xffffffbc][0xffffff83][0xffffffef][0xf][0xffffffc3][0xffffffd9]/[0xfffffff8][0xfffffff2][0xffffffcd]y s[0xffffffee]'[0x1b]*0g[0xffffffcb][0xffffffc8]nF7H][0xffffff83][0xffffff97]{[0xffffffb1]Q[0x5][\r][0xffffffb5]c[0xffffffb4][0xf][0x2][0xffffffb3][0xffffffb4][0xffffff93][0xe]C[0xffffffa7][0xffffffb3]kAD][0xffffff9d][0xffffffde][0xffffffdb][0xffffffda][0xffffff88][0xffffffec][0xffffffa5][0xffffffbc][0xffffff99][0xffffffd9][0xffffffba]t[0xffffffb5][0xffffffea]9[0xffffffea][0x10])[0xffffffb7][0xffffffca][0xffffff9e][0xfffffff2][0xffffffe2]d^N[0xffffffd8]FW[0x16][0xffffffcd][0xffffffdc]_[0x10][0xfffffff9]i|[0x1c][0xffffff93][0xffffff8e][0xfffffff9]o[0x16][0xffffff86]4'!$G[0xffffffdf]W[0xfffffff4]W*j[[0xfffffff3]xR[0xffffffae][0xffffffb6][0xc][0xffffffd0],; #[0xffffffa9][0xffffff92]5[0xffffffb5][0x7][0xffffff9c][0xffffffb5][0xffffffd0][0x7f][0xffffff90][0xffffffc7]jgs[0xfffffffc][0xffffffc2][0xb][0xffffffd9][0x0]t[0xffffff9e]^'Y[0xfffffffb][0xffffff9f][0xffffffb1][0xffffffd8]:[0xffffffbf][0xffffff8d][0xffffffa5][0xffffff9a][0xffffffad][0x7f]m[0x5]&[0xffffffaa][0xffffffa0]^[0xffffff9b][0xffffffcb][0x5]f[0xffffffae][0xffffffe0]RU[0xffffff82][0x10]MS9l[0xffffff91]4t[0xfffffffb][0xffffff8a]][0xffffffd6][0xfffffff4][0xffffff96][0xffffffa6][0xffffff9f]P[0xffffffce][0xffffffd5][0xffffffce][0xffffff93][0xffffffff][0xffffff97][0xffffffcc]p[0xfffffffd][0xfffffff3][0xffffffe8][0x1b][0xffffffcc][0xffffffa2][0xffffffd9]Q[0xffffffbe][0xffffffb2][0xffffffa3][0xffffffc7]m'[0xffffffdf][0xffffffe4][[0xfffffffb]^[0xffffffb0][0xffffff9a][0xffffffbe][0xffffffda][0xffffffda]_[0xffffffce][0xffffff80][0xffffffd2][0xffffffc1]7[0xffffffb7]][0xffffffc1]b[0xffffffee][0xffffffb5][0xffffffff]w[0xffffff83][0xffffffed][0xffffffa7];[0x15]<[0x10]4[0xffffff92][0xffffff84][0x18][\n]"
09:49:05.016 [main] DEBUG org.apache.hc.client5.http.wire - http-outgoing-24 << "BB[0xffffffba][0xffffff8e]][0xffffffb5]jo[0xffffffb9]+"[0xffffffea][0xffffffb4][0xffffffff]h"[0xffffffea]\?5[0xffffffa9][0xffffffaf]k[0xffffffec][0xffffffff]P[0xffffffea][\n]"
09:49:05.016 [main] DEBUG org.apache.hc.client5.http.wire - http-outgoing-24 << "w[0xffffffe1]K[0x13][0xffffffda][0xffffffec][0xffffff98][0xffffffe6]Y[0xfffffffd]h8m6[0xffffff9c]T[0xffffffc1][0xfffffff2][0xffffffa7][0xffffff91]z_[0xffffff95]o85p[0x1c][0x13][0xffffffe6][0xfffffff0]5[0xffffffee][0xfffffffc][0xffffff92][0xffffff96][0xffffffda][0xfffffff7][0xffffffcf][0xffffffb1][0x5][0x1d][0xffffffea]K[0xffffff9b]9[0xffffff8e][0xffffffad]e[0xfffffff7][0xffffff93][0xffffffa8]`[0xffffffda][0xffffffff][0x1a][0xffffffd2][0xffffff88][0xffffff85][0xfffffffd][0xfffffff2][0xffffff91]N[0xfffffff6]`[0xffffffdf]2[0xffffffcf][0xffffffae]E[0xffffff97][0xffffffc5][0xffffffa2][0xffffff9d][0xffffffef]'[0xffffff9d]mun.[0xffffffd3]f^[0xffffffc7][0xffffff82][0xffffffda][0xffffff82]9[0xfffffff5][0xffffffa9]`[0x5][0xffffffbc]4[0xffffffa1][0x1d]<M[0xffffffb5]A[0xffffffa7]3[[0xffffffc0][0x7f][0x0][0xffffffc1][0xffffffd0]$[0xffffff85][0x1d][\r][0x0][0x0]"
09:49:05.016 [main] DEBUG org.apache.hc.client5.http.impl.classic.InternalHttpClient - ep-00000020: releasing valid endpoint
09:49:05.016 [main] DEBUG org.apache.hc.client5.http.impl.io.PoolingHttpClientConnectionManager - ep-00000020: releasing endpoint
09:49:05.016 [main] DEBUG org.apache.hc.client5.http.impl.io.PoolingHttpClientConnectionManager - ep-00000020: connection http-outgoing-24 can be kept alive for 3 MINUTES
09:49:05.016 [main] DEBUG org.apache.hc.client5.http.impl.io.PoolingHttpClientConnectionManager - ep-00000020: connection released [route: {s}->https://raw.githubusercontent.com:443][total available: 1; route allocated: 1 of 5; total allocated: 1 of 25]
09:49:05.016 [main] DEBUG io.github.bonigarcia.wdm.versions.VersionDetector - Detecting chrome version using online commands.properties
09:49:05.016 [main] DEBUG io.github.bonigarcia.wdm.versions.Shell - Running command on the shell: [cmd.exe, /C, wmic, datafile, where, name="%PROGRAMFILES:\=\\%\\Google\\Chrome\\Application\\chrome.exe", get, Version, /value]
09:49:05.151 [main] DEBUG io.github.bonigarcia.wdm.versions.Shell - Result: Version=117.0.5938.132
09:49:05.153 [main] DEBUG org.apache.hc.client5.http.impl.classic.InternalHttpClient - ex-00000022: preparing request execution
09:49:05.153 [main] DEBUG org.apache.hc.client5.http.protocol.RequestAddCookies - Cookie spec selected: strict
09:49:05.153 [main] DEBUG org.apache.hc.client5.http.protocol.RequestAuthCache - Auth cache not set in the context
09:49:05.153 [main] DEBUG org.apache.hc.client5.http.impl.classic.ProtocolExec - ex-00000022: target auth state: UNCHALLENGED
09:49:05.153 [main] DEBUG org.apache.hc.client5.http.impl.classic.ProtocolExec - ex-00000022: proxy auth state: UNCHALLENGED
09:49:05.153 [main] DEBUG org.apache.hc.client5.http.impl.classic.ConnectExec - ex-00000022: acquiring connection with route {s}->https://chromedriver.storage.googleapis.com:443
09:49:05.153 [main] DEBUG org.apache.hc.client5.http.impl.classic.InternalHttpClient - ex-00000022: acquiring endpoint (3 MINUTES)
09:49:05.153 [main] DEBUG org.apache.hc.client5.http.impl.io.PoolingHttpClientConnectionManager - ex-00000022: endpoint lease request (3 MINUTES) [route: {s}->https://chromedriver.storage.googleapis.com:443][total available: 1; route allocated: 0 of 5; total allocated: 1 of 25]
09:49:05.153 [main] DEBUG org.apache.hc.client5.http.impl.io.PoolingHttpClientConnectionManager - ex-00000022: endpoint leased [route: {s}->https://chromedriver.storage.googleapis.com:443][total available: 1; route allocated: 1 of 5; total allocated: 2 of 25]
09:49:05.153 [main] DEBUG org.apache.hc.client5.http.impl.io.PoolingHttpClientConnectionManager - ex-00000022: acquired ep-00000021
09:49:05.153 [main] DEBUG org.apache.hc.client5.http.impl.classic.InternalHttpClient - ex-00000022: acquired endpoint ep-00000021
09:49:05.153 [main] DEBUG org.apache.hc.client5.http.impl.classic.ConnectExec - ex-00000022: opening connection {s}->https://chromedriver.storage.googleapis.com:443
09:49:05.153 [main] DEBUG org.apache.hc.client5.http.impl.classic.InternalHttpClient - ep-00000021: connecting endpoint (30 SECONDS)
09:49:05.153 [main] DEBUG org.apache.hc.client5.http.impl.io.PoolingHttpClientConnectionManager - ep-00000021: connecting endpoint to https://chromedriver.storage.googleapis.com:443 (30 SECONDS)
09:49:05.153 [main] DEBUG org.apache.hc.client5.http.impl.io.DefaultHttpClientConnectionOperator - http-outgoing-25: connecting to chromedriver.storage.googleapis.com/34.101.5.123:443
09:49:05.153 [main] DEBUG org.apache.hc.client5.http.ssl.SSLConnectionSocketFactory - Connecting socket to chromedriver.storage.googleapis.com/34.101.5.123:443 with timeout 30 SECONDS
09:49:05.158 [main] DEBUG org.apache.hc.client5.http.ssl.SSLConnectionSocketFactory - Enabled protocols: [TLSv1.3, TLSv1.2]
09:49:05.158 [main] DEBUG org.apache.hc.client5.http.ssl.SSLConnectionSocketFactory - Enabled cipher suites: [TLS_AES_256_GCM_SHA384, TLS_AES_128_GCM_SHA256, TLS_CHACHA20_POLY1305_SHA256, TLS_ECDHE_ECDSA_WITH_AES_256_GCM_SHA384, TLS_ECDHE_ECDSA_WITH_AES_128_GCM_SHA256, TLS_ECDHE_ECDSA_WITH_CHACHA20_POLY1305_SHA256, TLS_ECDHE_RSA_WITH_AES_256_GCM_SHA384, TLS_ECDHE_RSA_WITH_CHACHA20_POLY1305_SHA256, TLS_ECDHE_RSA_WITH_AES_128_GCM_SHA256, TLS_DHE_RSA_WITH_AES_256_GCM_SHA384, TLS_DHE_RSA_WITH_CHACHA20_POLY1305_SHA256, TLS_DHE_DSS_WITH_AES_256_GCM_SHA384, TLS_DHE_RSA_WITH_AES_128_GCM_SHA256, TLS_DHE_DSS_WITH_AES_128_GCM_SHA256, TLS_ECDHE_ECDSA_WITH_AES_256_CBC_SHA384, TLS_ECDHE_RSA_WITH_AES_256_CBC_SHA384, TLS_ECDHE_ECDSA_WITH_AES_128_CBC_SHA256, TLS_ECDHE_RSA_WITH_AES_128_CBC_SHA256, TLS_DHE_RSA_WITH_AES_256_CBC_SHA256, TLS_DHE_DSS_WITH_AES_256_CBC_SHA256, TLS_DHE_RSA_WITH_AES_128_CBC_SHA256, TLS_DHE_DSS_WITH_AES_128_CBC_SHA256, TLS_ECDH_ECDSA_WITH_AES_256_GCM_SHA384, TLS_ECDH_RSA_WITH_AES_256_GCM_SHA384, TLS_ECDH_ECDSA_WITH_AES_128_GCM_SHA256, TLS_ECDH_RSA_WITH_AES_128_GCM_SHA256, TLS_ECDH_ECDSA_WITH_AES_256_CBC_SHA384, TLS_ECDH_RSA_WITH_AES_256_CBC_SHA384, TLS_ECDH_ECDSA_WITH_AES_128_CBC_SHA256, TLS_ECDH_RSA_WITH_AES_128_CBC_SHA256, TLS_ECDHE_ECDSA_WITH_AES_256_CBC_SHA, TLS_ECDHE_RSA_WITH_AES_256_CBC_SHA, TLS_ECDHE_ECDSA_WITH_AES_128_CBC_SHA, TLS_ECDHE_RSA_WITH_AES_128_CBC_SHA, TLS_DHE_RSA_WITH_AES_256_CBC_SHA, TLS_DHE_DSS_WITH_AES_256_CBC_SHA, TLS_DHE_RSA_WITH_AES_128_CBC_SHA, TLS_DHE_DSS_WITH_AES_128_CBC_SHA, TLS_ECDH_ECDSA_WITH_AES_256_CBC_SHA, TLS_ECDH_RSA_WITH_AES_256_CBC_SHA, TLS_ECDH_ECDSA_WITH_AES_128_CBC_SHA, TLS_ECDH_RSA_WITH_AES_128_CBC_SHA, TLS_RSA_WITH_AES_256_GCM_SHA384, TLS_RSA_WITH_AES_128_GCM_SHA256, TLS_RSA_WITH_AES_256_CBC_SHA256, TLS_RSA_WITH_AES_128_CBC_SHA256, TLS_RSA_WITH_AES_256_CBC_SHA, TLS_RSA_WITH_AES_128_CBC_SHA, TLS_EMPTY_RENEGOTIATION_INFO_SCSV]
09:49:05.158 [main] DEBUG org.apache.hc.client5.http.ssl.SSLConnectionSocketFactory - Starting handshake
09:49:05.190 [main] DEBUG org.apache.hc.client5.http.ssl.SSLConnectionSocketFactory - Secure session established
09:49:05.190 [main] DEBUG org.apache.hc.client5.http.ssl.SSLConnectionSocketFactory -  negotiated protocol: TLSv1.3
09:49:05.190 [main] DEBUG org.apache.hc.client5.http.ssl.SSLConnectionSocketFactory -  negotiated cipher suite: TLS_AES_256_GCM_SHA384
09:49:05.190 [main] DEBUG org.apache.hc.client5.http.ssl.SSLConnectionSocketFactory -  peer principal: CN=*.storage.googleapis.com
09:49:05.190 [main] DEBUG org.apache.hc.client5.http.ssl.SSLConnectionSocketFactory -  peer alternative names: [*.storage.googleapis.com, *.googleapis.com, commondatastorage.googleapis.com, *.commondatastorage.googleapis.com, storage.googleapis.com, storage-p2.googleapis.com, *.storage-p2.googleapis.com, storage.mtls.googleapis.com, *.appspot.com.storage.googleapis.com, *.content-storage.googleapis.com, *.content-storage-p2.googleapis.com, *.content-storage-upload.googleapis.com, *.content-storage-download.googleapis.com, *.storage-upload.googleapis.com, *.storage-download.googleapis.com]
09:49:05.190 [main] DEBUG org.apache.hc.client5.http.ssl.SSLConnectionSocketFactory -  issuer principal: CN=GTS CA 1C3, O=Google Trust Services LLC, C=US
09:49:05.190 [main] DEBUG org.apache.hc.client5.http.impl.io.DefaultHttpClientConnectionOperator - http-outgoing-25: connection established 192.168.100.42:64316<->34.101.5.123:443
09:49:05.190 [main] DEBUG org.apache.hc.client5.http.impl.io.PoolingHttpClientConnectionManager - ep-00000021: connected http-outgoing-25
09:49:05.190 [main] DEBUG org.apache.hc.client5.http.impl.classic.InternalHttpClient - ep-00000021: endpoint connected
09:49:05.190 [main] DEBUG org.apache.hc.client5.http.impl.classic.MainClientExec - ex-00000022: executing GET /LATEST_RELEASE_117 HTTP/1.1
09:49:05.190 [main] DEBUG org.apache.hc.client5.http.impl.classic.InternalHttpClient - ep-00000021: start execution ex-00000022
09:49:05.190 [main] DEBUG org.apache.hc.client5.http.impl.io.PoolingHttpClientConnectionManager - ep-00000021: executing exchange ex-00000022 over http-outgoing-25
09:49:05.190 [main] DEBUG org.apache.hc.client5.http.headers - http-outgoing-25 >> GET /LATEST_RELEASE_117 HTTP/1.1
09:49:05.190 [main] DEBUG org.apache.hc.client5.http.headers - http-outgoing-25 >> user-agent: Apache-HttpClient/5.0
09:49:05.190 [main] DEBUG org.apache.hc.client5.http.headers - http-outgoing-25 >> accept-encoding: gzip, deflate, br
09:49:05.190 [main] DEBUG org.apache.hc.client5.http.headers - http-outgoing-25 >> cache-control: max-age=0
09:49:05.190 [main] DEBUG org.apache.hc.client5.http.headers - http-outgoing-25 >> connection: keep-alive
09:49:05.190 [main] DEBUG org.apache.hc.client5.http.headers - http-outgoing-25 >> Host: chromedriver.storage.googleapis.com
09:49:05.190 [main] DEBUG org.apache.hc.client5.http.wire - http-outgoing-25 >> "GET /LATEST_RELEASE_117 HTTP/1.1[\r][\n]"
09:49:05.190 [main] DEBUG org.apache.hc.client5.http.wire - http-outgoing-25 >> "user-agent: Apache-HttpClient/5.0[\r][\n]"
09:49:05.190 [main] DEBUG org.apache.hc.client5.http.wire - http-outgoing-25 >> "accept-encoding: gzip, deflate, br[\r][\n]"
09:49:05.190 [main] DEBUG org.apache.hc.client5.http.wire - http-outgoing-25 >> "cache-control: max-age=0[\r][\n]"
09:49:05.190 [main] DEBUG org.apache.hc.client5.http.wire - http-outgoing-25 >> "connection: keep-alive[\r][\n]"
09:49:05.190 [main] DEBUG org.apache.hc.client5.http.wire - http-outgoing-25 >> "Host: chromedriver.storage.googleapis.com[\r][\n]"
09:49:05.190 [main] DEBUG org.apache.hc.client5.http.wire - http-outgoing-25 >> "[\r][\n]"
09:49:05.446 [main] DEBUG org.apache.hc.client5.http.wire - http-outgoing-25 << "HTTP/1.1 404 Not Found[\r][\n]"
09:49:05.446 [main] DEBUG org.apache.hc.client5.http.wire - http-outgoing-25 << "X-GUploader-UploadID: ADPycdu4mYwJa1nARyUQWmhPCoqR_vMhtNNM3lQkUykOS0r9lQGPTez-KQ7WScjZKiZEoDBgvmFe1mmmo7mz08C7h_oZ9mEY46e8[\r][\n]"
09:49:05.446 [main] DEBUG org.apache.hc.client5.http.wire - http-outgoing-25 << "Content-Type: application/xml; charset=UTF-8[\r][\n]"
09:49:05.446 [main] DEBUG org.apache.hc.client5.http.wire - http-outgoing-25 << "Content-Length: 193[\r][\n]"
09:49:05.446 [main] DEBUG org.apache.hc.client5.http.wire - http-outgoing-25 << "Date: Sat, 30 Sep 2023 02:49:16 GMT[\r][\n]"
09:49:05.446 [main] DEBUG org.apache.hc.client5.http.wire - http-outgoing-25 << "Expires: Sat, 30 Sep 2023 02:49:16 GMT[\r][\n]"
09:49:05.446 [main] DEBUG org.apache.hc.client5.http.wire - http-outgoing-25 << "Cache-Control: private, max-age=0[\r][\n]"
09:49:05.446 [main] DEBUG org.apache.hc.client5.http.wire - http-outgoing-25 << "Server: UploadServer[\r][\n]"
09:49:05.446 [main] DEBUG org.apache.hc.client5.http.wire - http-outgoing-25 << "Alt-Svc: h3=":443"; ma=2592000,h3-29=":443"; ma=2592000[\r][\n]"
09:49:05.446 [main] DEBUG org.apache.hc.client5.http.wire - http-outgoing-25 << "[\r][\n]"
09:49:05.446 [main] DEBUG org.apache.hc.client5.http.wire - http-outgoing-25 << "<?xml version='1.0' encoding='UTF-8'?><Error><Code>NoSuchKey</Code><Message>The specified key does not exist.</Message><Details>No such object: chromedriver/LATEST_RELEASE_117</Details></Error>"
09:49:05.447 [main] DEBUG org.apache.hc.client5.http.headers - http-outgoing-25 << HTTP/1.1 404 Not Found
09:49:05.447 [main] DEBUG org.apache.hc.client5.http.headers - http-outgoing-25 << X-GUploader-UploadID: ADPycdu4mYwJa1nARyUQWmhPCoqR_vMhtNNM3lQkUykOS0r9lQGPTez-KQ7WScjZKiZEoDBgvmFe1mmmo7mz08C7h_oZ9mEY46e8
09:49:05.447 [main] DEBUG org.apache.hc.client5.http.headers - http-outgoing-25 << Content-Type: application/xml; charset=UTF-8
09:49:05.447 [main] DEBUG org.apache.hc.client5.http.headers - http-outgoing-25 << Content-Length: 193
09:49:05.447 [main] DEBUG org.apache.hc.client5.http.headers - http-outgoing-25 << Date: Sat, 30 Sep 2023 02:49:16 GMT
09:49:05.447 [main] DEBUG org.apache.hc.client5.http.headers - http-outgoing-25 << Expires: Sat, 30 Sep 2023 02:49:16 GMT
09:49:05.447 [main] DEBUG org.apache.hc.client5.http.headers - http-outgoing-25 << Cache-Control: private, max-age=0
09:49:05.447 [main] DEBUG org.apache.hc.client5.http.headers - http-outgoing-25 << Server: UploadServer
09:49:05.447 [main] DEBUG org.apache.hc.client5.http.headers - http-outgoing-25 << Alt-Svc: h3=":443"; ma=2592000,h3-29=":443"; ma=2592000
09:49:05.447 [main] DEBUG org.apache.hc.client5.http.impl.classic.MainClientExec - ex-00000022: connection can be kept alive for 3 MINUTES
09:49:05.447 [main] ERROR io.github.bonigarcia.wdm.online.HttpClient - Error HTTP 404 executing https://chromedriver.storage.googleapis.com/LATEST_RELEASE_117
09:49:05.447 [main] WARN io.github.bonigarcia.wdm.versions.VersionDetector - Exception reading https://chromedriver.storage.googleapis.com/LATEST_RELEASE_117 to get latest version of chromedriver (Error HTTP 404 executing https://chromedriver.storage.googleapis.com/LATEST_RELEASE_117)
09:49:05.447 [main] DEBUG io.github.bonigarcia.wdm.versions.VersionDetector - Getting driver version for chrome117 from online versions.properties
09:49:05.447 [main] DEBUG org.apache.hc.client5.http.impl.classic.InternalHttpClient - ex-00000023: preparing request execution
09:49:05.447 [main] DEBUG org.apache.hc.client5.http.protocol.RequestAddCookies - Cookie spec selected: strict
09:49:05.447 [main] DEBUG org.apache.hc.client5.http.protocol.RequestAuthCache - Auth cache not set in the context
09:49:05.447 [main] DEBUG org.apache.hc.client5.http.impl.classic.ProtocolExec - ex-00000023: target auth state: UNCHALLENGED
09:49:05.447 [main] DEBUG org.apache.hc.client5.http.impl.classic.ProtocolExec - ex-00000023: proxy auth state: UNCHALLENGED
09:49:05.447 [main] DEBUG org.apache.hc.client5.http.impl.classic.ConnectExec - ex-00000023: acquiring connection with route {s}->https://raw.githubusercontent.com:443
09:49:05.447 [main] DEBUG org.apache.hc.client5.http.impl.classic.InternalHttpClient - ex-00000023: acquiring endpoint (3 MINUTES)
09:49:05.447 [main] DEBUG org.apache.hc.client5.http.impl.io.PoolingHttpClientConnectionManager - ex-00000023: endpoint lease request (3 MINUTES) [route: {s}->https://raw.githubusercontent.com:443][total available: 1; route allocated: 1 of 5; total allocated: 2 of 25]
09:49:05.447 [main] DEBUG org.apache.hc.client5.http.impl.io.PoolingHttpClientConnectionManager - ex-00000023: endpoint leased [route: {s}->https://raw.githubusercontent.com:443][total available: 0; route allocated: 1 of 5; total allocated: 2 of 25]
09:49:05.447 [main] DEBUG org.apache.hc.client5.http.impl.io.PoolingHttpClientConnectionManager - ex-00000023: acquired ep-00000022
09:49:05.447 [main] DEBUG org.apache.hc.client5.http.impl.classic.InternalHttpClient - ex-00000023: acquired endpoint ep-00000022
09:49:05.447 [main] DEBUG org.apache.hc.client5.http.impl.classic.MainClientExec - ex-00000023: executing GET /bonigarcia/webdrivermanager/master/src/main/resources/versions.properties HTTP/1.1
09:49:05.447 [main] DEBUG org.apache.hc.client5.http.impl.classic.InternalHttpClient - ep-00000022: start execution ex-00000023
09:49:05.447 [main] DEBUG org.apache.hc.client5.http.impl.io.PoolingHttpClientConnectionManager - ep-00000022: executing exchange ex-00000023 over http-outgoing-24
09:49:05.447 [main] DEBUG org.apache.hc.client5.http.headers - http-outgoing-24 >> GET /bonigarcia/webdrivermanager/master/src/main/resources/versions.properties HTTP/1.1
09:49:05.447 [main] DEBUG org.apache.hc.client5.http.headers - http-outgoing-24 >> user-agent: Apache-HttpClient/5.0
09:49:05.447 [main] DEBUG org.apache.hc.client5.http.headers - http-outgoing-24 >> accept-encoding: gzip, deflate, br
09:49:05.447 [main] DEBUG org.apache.hc.client5.http.headers - http-outgoing-24 >> cache-control: max-age=0
09:49:05.447 [main] DEBUG org.apache.hc.client5.http.headers - http-outgoing-24 >> connection: keep-alive
09:49:05.447 [main] DEBUG org.apache.hc.client5.http.headers - http-outgoing-24 >> Host: raw.githubusercontent.com
09:49:05.447 [main] DEBUG org.apache.hc.client5.http.wire - http-outgoing-24 >> "GET /bonigarcia/webdrivermanager/master/src/main/resources/versions.properties HTTP/1.1[\r][\n]"
09:49:05.447 [main] DEBUG org.apache.hc.client5.http.wire - http-outgoing-24 >> "user-agent: Apache-HttpClient/5.0[\r][\n]"
09:49:05.447 [main] DEBUG org.apache.hc.client5.http.wire - http-outgoing-24 >> "accept-encoding: gzip, deflate, br[\r][\n]"
09:49:05.447 [main] DEBUG org.apache.hc.client5.http.wire - http-outgoing-24 >> "cache-control: max-age=0[\r][\n]"
09:49:05.447 [main] DEBUG org.apache.hc.client5.http.wire - http-outgoing-24 >> "connection: keep-alive[\r][\n]"
09:49:05.447 [main] DEBUG org.apache.hc.client5.http.wire - http-outgoing-24 >> "Host: raw.githubusercontent.com[\r][\n]"
09:49:05.447 [main] DEBUG org.apache.hc.client5.http.wire - http-outgoing-24 >> "[\r][\n]"
09:49:05.476 [main] DEBUG org.apache.hc.client5.http.wire - http-outgoing-24 << "HTTP/1.1 200 OK[\r][\n]"
09:49:05.476 [main] DEBUG org.apache.hc.client5.http.wire - http-outgoing-24 << "Connection: keep-alive[\r][\n]"
09:49:05.476 [main] DEBUG org.apache.hc.client5.http.wire - http-outgoing-24 << "Content-Length: 1615[\r][\n]"
09:49:05.476 [main] DEBUG org.apache.hc.client5.http.wire - http-outgoing-24 << "Cache-Control: max-age=300[\r][\n]"
09:49:05.476 [main] DEBUG org.apache.hc.client5.http.wire - http-outgoing-24 << "Content-Security-Policy: default-src 'none'; style-src 'unsafe-inline'; sandbox[\r][\n]"
09:49:05.476 [main] DEBUG org.apache.hc.client5.http.wire - http-outgoing-24 << "Content-Type: text/plain; charset=utf-8[\r][\n]"
09:49:05.476 [main] DEBUG org.apache.hc.client5.http.wire - http-outgoing-24 << "ETag: W/"65e8ec46ef4920945cc03f0386cc600d8027ed4440e101d5729220d93bfa6f0f"[\r][\n]"
09:49:05.476 [main] DEBUG org.apache.hc.client5.http.wire - http-outgoing-24 << "Strict-Transport-Security: max-age=31536000[\r][\n]"
09:49:05.476 [main] DEBUG org.apache.hc.client5.http.wire - http-outgoing-24 << "X-Content-Type-Options: nosniff[\r][\n]"
09:49:05.476 [main] DEBUG org.apache.hc.client5.http.wire - http-outgoing-24 << "X-Frame-Options: deny[\r][\n]"
09:49:05.476 [main] DEBUG org.apache.hc.client5.http.wire - http-outgoing-24 << "X-XSS-Protection: 1; mode=block[\r][\n]"
09:49:05.476 [main] DEBUG org.apache.hc.client5.http.wire - http-outgoing-24 << "X-GitHub-Request-Id: 4D10:B89CD:6D987:89792:651389FC[\r][\n]"
09:49:05.476 [main] DEBUG org.apache.hc.client5.http.wire - http-outgoing-24 << "Content-Encoding: gzip[\r][\n]"
09:49:05.476 [main] DEBUG org.apache.hc.client5.http.wire - http-outgoing-24 << "Accept-Ranges: bytes[\r][\n]"
09:49:05.476 [main] DEBUG org.apache.hc.client5.http.wire - http-outgoing-24 << "Date: Sat, 30 Sep 2023 02:49:16 GMT[\r][\n]"
09:49:05.476 [main] DEBUG org.apache.hc.client5.http.wire - http-outgoing-24 << "Via: 1.1 varnish[\r][\n]"
09:49:05.476 [main] DEBUG org.apache.hc.client5.http.wire - http-outgoing-24 << "X-Served-By: cache-qpg1254-QPG[\r][\n]"
09:49:05.476 [main] DEBUG org.apache.hc.client5.http.wire - http-outgoing-24 << "X-Cache: HIT[\r][\n]"
09:49:05.476 [main] DEBUG org.apache.hc.client5.http.wire - http-outgoing-24 << "X-Cache-Hits: 1[\r][\n]"
09:49:05.476 [main] DEBUG org.apache.hc.client5.http.wire - http-outgoing-24 << "X-Timer: S1696042156.307883,VS0,VE1[\r][\n]"
09:49:05.476 [main] DEBUG org.apache.hc.client5.http.wire - http-outgoing-24 << "Vary: Authorization,Accept-Encoding,Origin[\r][\n]"
09:49:05.487 [main] DEBUG org.apache.hc.client5.http.wire - http-outgoing-24 << "Access-Control-Allow-Origin: *[\r][\n]"
09:49:05.487 [main] DEBUG org.apache.hc.client5.http.wire - http-outgoing-24 << "Cross-Origin-Resource-Policy: cross-origin[\r][\n]"
09:49:05.487 [main] DEBUG org.apache.hc.client5.http.wire - http-outgoing-24 << "X-Fastly-Request-ID: 79d756830d4d570e706547c95008b792a50b44e7[\r][\n]"
09:49:05.487 [main] DEBUG org.apache.hc.client5.http.wire - http-outgoing-24 << "Expires: Sat, 30 Sep 2023 02:54:16 GMT[\r][\n]"
09:49:05.487 [main] DEBUG org.apache.hc.client5.http.wire - http-outgoing-24 << "Source-Age: 157[\r][\n]"
09:49:05.487 [main] DEBUG org.apache.hc.client5.http.wire - http-outgoing-24 << "[\r][\n]"
09:49:05.487 [main] DEBUG org.apache.hc.client5.http.headers - http-outgoing-24 << HTTP/1.1 200 OK
09:49:05.487 [main] DEBUG org.apache.hc.client5.http.headers - http-outgoing-24 << Connection: keep-alive
09:49:05.487 [main] DEBUG org.apache.hc.client5.http.headers - http-outgoing-24 << Content-Length: 1615
09:49:05.487 [main] DEBUG org.apache.hc.client5.http.headers - http-outgoing-24 << Cache-Control: max-age=300
09:49:05.487 [main] DEBUG org.apache.hc.client5.http.headers - http-outgoing-24 << Content-Security-Policy: default-src 'none'; style-src 'unsafe-inline'; sandbox
09:49:05.487 [main] DEBUG org.apache.hc.client5.http.headers - http-outgoing-24 << Content-Type: text/plain; charset=utf-8
09:49:05.487 [main] DEBUG org.apache.hc.client5.http.headers - http-outgoing-24 << ETag: W/"65e8ec46ef4920945cc03f0386cc600d8027ed4440e101d5729220d93bfa6f0f"
09:49:05.487 [main] DEBUG org.apache.hc.client5.http.headers - http-outgoing-24 << Strict-Transport-Security: max-age=31536000
09:49:05.487 [main] DEBUG org.apache.hc.client5.http.headers - http-outgoing-24 << X-Content-Type-Options: nosniff
09:49:05.487 [main] DEBUG org.apache.hc.client5.http.headers - http-outgoing-24 << X-Frame-Options: deny
09:49:05.487 [main] DEBUG org.apache.hc.client5.http.headers - http-outgoing-24 << X-XSS-Protection: 1; mode=block
09:49:05.487 [main] DEBUG org.apache.hc.client5.http.headers - http-outgoing-24 << X-GitHub-Request-Id: 4D10:B89CD:6D987:89792:651389FC
09:49:05.487 [main] DEBUG org.apache.hc.client5.http.headers - http-outgoing-24 << Content-Encoding: gzip
09:49:05.487 [main] DEBUG org.apache.hc.client5.http.headers - http-outgoing-24 << Accept-Ranges: bytes
09:49:05.487 [main] DEBUG org.apache.hc.client5.http.headers - http-outgoing-24 << Date: Sat, 30 Sep 2023 02:49:16 GMT
09:49:05.487 [main] DEBUG org.apache.hc.client5.http.headers - http-outgoing-24 << Via: 1.1 varnish
09:49:05.487 [main] DEBUG org.apache.hc.client5.http.headers - http-outgoing-24 << X-Served-By: cache-qpg1254-QPG
09:49:05.487 [main] DEBUG org.apache.hc.client5.http.headers - http-outgoing-24 << X-Cache: HIT
09:49:05.487 [main] DEBUG org.apache.hc.client5.http.headers - http-outgoing-24 << X-Cache-Hits: 1
09:49:05.487 [main] DEBUG org.apache.hc.client5.http.headers - http-outgoing-24 << X-Timer: S1696042156.307883,VS0,VE1
09:49:05.487 [main] DEBUG org.apache.hc.client5.http.headers - http-outgoing-24 << Vary: Authorization,Accept-Encoding,Origin
09:49:05.487 [main] DEBUG org.apache.hc.client5.http.headers - http-outgoing-24 << Access-Control-Allow-Origin: *
09:49:05.487 [main] DEBUG org.apache.hc.client5.http.headers - http-outgoing-24 << Cross-Origin-Resource-Policy: cross-origin
09:49:05.487 [main] DEBUG org.apache.hc.client5.http.headers - http-outgoing-24 << X-Fastly-Request-ID: 79d756830d4d570e706547c95008b792a50b44e7
09:49:05.487 [main] DEBUG org.apache.hc.client5.http.headers - http-outgoing-24 << Expires: Sat, 30 Sep 2023 02:54:16 GMT
09:49:05.487 [main] DEBUG org.apache.hc.client5.http.headers - http-outgoing-24 << Source-Age: 157
09:49:05.487 [main] DEBUG org.apache.hc.client5.http.impl.classic.MainClientExec - ex-00000023: connection can be kept alive for 3 MINUTES
09:49:05.489 [main] DEBUG org.apache.hc.client5.http.wire - http-outgoing-24 << "[0x1f][0xffffff8b][0x8][0x0][0x0][0x0][0x0][0x0][0x0][0x3][0xffffff8d][0xffffff97]Ko#7[0xc][0xffffffc7][0xffffffef][0xfffffff9][0x14][0x3][0xfffffff4][0x1c]YO[0xffffff8a][\n]"
09:49:05.489 [main] DEBUG org.apache.hc.client5.http.wire - http-outgoing-24 << "[0xffffffa0]K[0xffffff9f][0xffffffa7][0xffffffa2][0xffffff87][0xfffffff6][0xb]x[0xffffffed]Ib[0xffffffac][0xffffffe3][0x9]lg[0xffffffb3][0xffffffe8][0xffffffa7]/[0xfffffff5][0xffffffa0]F[0xffffff96][[0xffffffa0][0xffffff87]`[0xffffff97]?k$[0xffffff92][0xffffffe2]p[0xfffffffe][0xfffffffc]a[0xfffffffa][0xffffffeb][0xfffffff5]p[0xffffff99][0xffffff9e][0xf][0xffffffc7]y[0xffffffda]-[0xffffffa7][0xffffffeb][0xfffffff6]p[0xffffffba]L[0xffffffd7][0xffffffd7]y[0xfffffffa]zZ>O[0xffffffd3][0xfffffffe]|[0xfffffff8]6[0xffffff9f]'[0xfffffffa][0xffffffbb][0x1c][0x16][0xfffffffa]e[0xffffffb7][0xffffffbc][0xffffffbd]o[0xffffffaf][0xffffff87]/[0xffffffb4][0xfffffffa][0xfffffff3]p}[0xffffffcd]+w[0xffffffcb][0xfffffff9]<_[0xffffffde][0xffffff97][0xffffffd3][0xfffffffe]pz[0xffffff99][0xffffffbe][0xffffff9c][0xffffff97][0xffffffcf][0xffffffcb][0xfffffffa][0xffffffc8][0xffffffc3][0xffffffc3][0xf][0xffffffd3][0xffffff8f][0x5]=M[0xffffffbf]-[0xffffffcb][0xb]=[0xfffffff9][0xffffffd3][0xffffffeb]yy[0xffffff9b][0xffffffa7][0xffffffed]i_[0xfffffffe]{[0xfffffff8]x[0xffffff9b][0x1e][0xffffffa7][0xffffff9f][0xfffffff3]QO[0xffffffd3].[0xffffffff]Z[0xe][0xffffffa6][0xffffff87][0xffffffff]\>[0xffffffce][0xffffffbb][0xfffffff9]iz[0xffffffbd]^[0xffffffdf][0xffffff9f]6[0xffffff9b][0xfffffffe]W[0xffffffb1][0xffffffab]O[0xffffff8b][0xffffffe5][0xfffffffc][0xffffffb2][0xffffffd9][0xffffff93][0xffffffbf][0xffffffc7]e[0xffffffbb][0xffffffbf]<[0xffffff94]5J[0xffffffd9]H[0x7f]B[\n]"
09:49:05.489 [main] DEBUG org.apache.hc.client5.http.wire - http-outgoing-24 << "[0xffffffe7][0xffffff8d][0x13]A6n[0xffffff88][0xffffff9b][0xffffffc4][0xffffffc1]k[0x1][0xffffffa6]qM\g[0xffffffae][0xffffff9c][0xffffffb0][0xffffffa1]qE\%[0xffffffee][0xffffffc0][0x8][0xffffffb0][0xffffff8d]K[0xffffffe2]2q[0xffffff8b]Jx[0xffffffcf]\[0xffffff86]H[0x7f][0xffffff99][0xffffffd3][0xfffffff1][0xffffffbe][0xffffffad][0xffffff97]H[0x1c][0x13]7.[0x8][0xffffffaf][0x1a][0xfffffff7][0xffffffc4]}[0xffffffe6][0xffffffd2][\n]"
09:49:05.489 [main] DEBUG org.apache.hc.client5.http.wire - http-outgoing-24 << "[0xffffffd0][0xffffff8d][0x3]qH\[0xffffffdb] `][0xffffffef][0xffffff88][0xffffffbb][0xffffffc4]Up[0xfffffff4]c[0xffffffe3][0x14][0xffffffaf][0xffffffcc][0xfffffff1][0xffffffa6]0|[0xfffffff3]_R[0xffffffbc]2[0xffffffc7]+A[\n]"
09:49:05.489 [main] DEBUG org.apache.hc.client5.http.wire - http-outgoing-24 << "eV[0xffffff87](`[0xffffff99][0x3][0xffffff96][0xffffffb4]_w[0x0][0x5],S[0xffffffc0]68%[0xffffffec][0xffffffca])`[0xffffff99][0x2][0xffffffb6][0x18]@[0x0]'4[0xffffff84][0x18]B[0xffffffa6][0xffffffd6][0xffffffd2][0xffffffd9]L1[0xffffff86][0x14][0xffffffac][0xfffffff5][0xe][0x5][0x1d][0xffffffc3][0xffffffd8][0xffffffc7][0xffffff90]b[0xffffffb5][0x10][0xfffffff4][0xffffff9a][0xffffff83][0x0]1@[0xffffffa6]`[0xffffff85]uL][0xc].S[0xffffff83][0x2]8[0xffffff9e]`c[0xffffffb0][0xffffff99]Rr[0xffffffe8]"[0x19][0xffffff9b][0x18]R[0xffffff90][0xffffffd6]y[0xffffffbf]^j[0xffffffd0]1[0xffffffe8]L[0xffffffe9]J)[0xffffffcb][0xffffff8c]U[0xc]9@K[0x15]@[0xffffffb1]2[0xffffff96]1[0xffffffe4][0xfffffff8][0xffffffac][0xffffff91]Bs[0xffffff9e]0D[0xffffffcc][0xfffffff1][0x19][0xfffffffa]G[0xfffffff3][0xffffffce][0xffffff88][0x11]s|F[[0x11][0xffffff80][0xffffffa9][0xffffff8f][0xffffff98][0xffffffc3][0xffffffd3]([0x5]"S[0xffffff88][0xffffff98][0xffffffc3][0xffffffd3][0xffffff96][0xfffffff6][0xffffffe5]T[0xffffffa0][0xffffff8b][0xffffff98][0xffffffc3]Sh[0x4][0xffffffb2]kh#[0xffffffe6][0xfffffff0][0xffffff94][0xfffffff5][0xffffffc2]p[0xffffff8e][0xffffffd1]D[0xffffffcc][0xffffffd1][0xffffffa5][0xffffff9b]4[0xffffff9c][\n]"
09:49:05.490 [main] DEBUG org.apache.hc.client5.http.wire - http-outgoing-24 << "T[0x11]s[0x18][0xffffff92]2[0xffffffaf]L;NFLa[0xffffff98]@[0xffffffbe]P[0x9]U[0xffffffec]C[0xfffffff4]!c[0xffffffeb][0xffffff84]i[0x14][0xffffffa3][0xffffffc7]L[0xffffffa9]v[0xffffffa8][0xffffffae][0x18][0xfffffffb][0xffffffe8]S [0x6][0xffffff81][0xffffffde][0x5]v[0xffffffc3]C[0xfffffff4][0xffffff90])[0x15][0xffffffb8][0xffffffd2]m[0xf][0x17]}[0xffffff8a][0xffffffc4]xO[0x5][0xffffffb6][0xffffffae][0xffffffb6][0xffffffd1][0xffffffdb][0xffffff8c]5[0xffffffd5]/C[0x13]}[0xffffff8a][0xffffffc4][0x0][0x5][0x4][0xffffffec][0xffffffb2][0xffffffd7]Q[0xffffffd3][0xffffff8d][0xffffffb2][0xffffffa5]n,[0xffffff99],v[0xc]B[0xffffffb2][0xfffffff8]n[0x0][0xffffff93][0xffffffc5][0x19][0x5][0xffffff9f],[0xffffffbe]M[0xffffff80]d[0xffffffb1]3[0xffffffe0][0xffffffc8]j)[0x2][0xffffff9b],[0xffffffce]9[0xffffff98]d[0xfffffff1]y[0xffffff90]|1[0xffffffed][0xffffffbc][0xffffffe4]K{g [0xfffffff9]b[0xffffffcc]MW[0xfffffffb]}[0xfffffff9][0xfffffffb]p<n[0xffffffa7]_[0xf][0xffffffe7][0xfffffff9]y[0xfffffff9][0xffffffde][0xffffffb5][0xffffffb2][0xffffff97]y[0xfffffff7]u[0xfffffff9][0xffffffd7]Nv[0xffffffa1]V[0xfffffff6]B[\r][0xfffffff4][0xffffffe3][0xffffff8b][0xffffffa0][0xffffff96][0xffffffba]y+[l[0xffffffba][0x7]6[0xffffffe7][0xfffffff9]8o/[0xfffffff3][0xffffffe5][0xffffffe1][0xffffffb9][0xffffffec][0xffffffab][0x14]FJ[0x1b][0xffffffe5]n%[0xfffffffe][0xffffff8e][0xffffffc0][0x1d]qw[0xffffffc4][0xffffffde][0x11]sG[0xfffffff4][0x1d]QwD&[0xffffffa2][0xffffff85]n[0xffffff84]:_&[0xffffffeb][0x1a][0xffffff89]w[0xffffffc4][0xffffffdf][0x11][0xffffffb8]#[0xffffffee][0xffffff8e]d[0xffffff9f]UO[0xffffffcc][0x1d][0xffffffd1]wD[0xffffffdd][0x11]9[0xffffff90][0x10]F[0xffffff80]#[0xfffffff0]#[0xffffff80][0x11][0xffffffb8][0x11][0xffffff8c][0xffffffde][0xffffff86][0xffffffd1][0xffffffd9]0[0xfffffffa][0x1a]FWC[0xfffffff2][0xffffff94][0xffffffde][0xffffff9b][0xe][0xffffff88][0xffffffe3][0xffffffe1][0xfffffff4][0xfffffff1][0xffffffbd]`[0xffffffc5][0x18][0xffffffc3][0xffffffb0][0xe]q[0x4]~[0x4]0[0x2]7[0x2];[0xffffff82][0x14][0xffffff80][0xffffffc6][0xe][0xffffffe8][0x11][0xffffffa4][0x0][0xffffffb4][0xffffffef][0xffffff80][0x1c][0xffffff80][0xf]#[0xffffffc8][0xffffff9e]B[0x7][0xfffffffc][0x8]`[0x4]n[0x4]v[0x4]f[0x4]z[0x4]j[0x4]r[0x0][0x10]F[0xffffff90]=u[0x1d][0xffffffc8][0xffffff9e][0xffffffda][0xe][0xffffffc0][0x8][0xffffffdc][0x8][0xffffffb2][0xffffffa7][0xffffffdd][0xb][0x4]f[0x4][0xffffffd9][0xffffffd3][0xffffffae][0xffffffec]!{[0xffffffda][0x15][0x5][0xffffffc8][0x1][0xffffffb8]0[0x2][0x1c][0xffffff81][0x1f]A[0xfffffff6]Tv[0xffffffc0]1[0xffffffe8][0xffffffbb][0xffffffda][0x1f][0xffffffef][0xfffffff3]y[0xffffffdb][0xfffffff5][0xffffffb2]%[0xffffffd9][0xffffffff][0xffffffa7][0xffffff97][0xffffffe5][0xffffff85][0xffffff97][0xffffffe5][0xfffffff9][0xfffffffa][0xffffffb9]=[0xffffffcf][0xffffffc5]b[0xffffff9d]6v[0xffffffb6][0xfffffffc]c[0xffffff96]!*[0xffffffeb][0x1c][0xffffffa4][0xf]S[0xfffffff0][0xffffff8c][0xffffff93][0xffffffec][0xffffffca]2[0xffffffc7]S[0xffffffe9]+[0xffffffd2][\n]"
09:49:05.490 [main] DEBUG org.apache.hc.client5.http.wire - http-outgoing-24 << "[0xffffff95][0xffffffcb]^[0xffffffd6]Q[0x17]*[0xffffff9c]^[0xffffffe4]N[0xffffffd5])][0xffffffb7][0xffffffa1][0xffffffd7][0xffffffb9][0x13]u[0xffffffc8][0xffffffd4][0xffffffdf]H:W)[0xfffffff4][0xffffff82][0xffffff8e][0xe][0xffffffaa][0xffffffd8][0xfffffff5]zNi[0xffffffc6][0xffffffb6][0xffffff97]s!Tjz1G[\n]"
09:49:05.490 [main] DEBUG org.apache.hc.client5.http.wire - http-outgoing-24 << "[0xffffffa0]P[0xffffffdd]K9[0xffffffa5]x[0xffffffb1][0xffffffea][0xffffff95]\[0x12]I[0x5][0xffffffcb]^[0xffffffc8]a[\r][0x1c]C/[0xffffffe3][0x0]*[0xffffffc5]A[0xffffffc3][0x15][0xffffffea]{[0x5]G[0xffffff92][0xffffffb5]P[0xffffffe8][0xfffffff5][K[0x11][0xffffffbd][0xfffffffd]7[0xfffffffa][0xffffffad]@[0xffffffdb][0xffffffc9]7[0xffffffac][0xffffff8e]Q[0x17][0xffffffb8][0x11]o[0x5][0xffffffea][[0xffffffed]V[0xffffffa0][0xffffffea][0xffffffa4][0xffffff9b][0xffffffe3][0xfffffff3]e[0xffffffa7][0xffffffdc][0xffffffd8]U[0xffffffea][\n]"
09:49:05.490 [main] DEBUG org.apache.hc.client5.http.wire - http-outgoing-24 << "7[0xffffffba][0xffffffad]@[0x1c]d[[0xffffffa1][0xffffffbe]Sm[0xffffff9e]!t[0xffffff9a][\r][0xffffffeb][0xfffffff1][0xffffffd4]&V[0xffffffc9][0xffffffc6][0xffffffde]S[0xffffffab]X[0x15][0x1b]%[0xffffffb8]R[0xffffffd3])6[0xffffffe0]Mu'[0xffffffd8][0xffffffb0]^8[0xfffffff5][0xffffff8d]U[0xffffffaf][0xffffffb5][0xffffffcb][0xffffffa2][0xffffffe6][0xffffffb1][0xffffffea]5[0xffffffac][0x17]K[\r]d[0xffffff95]k\[0xffffffd1][0xffffffd4]D:[0xffffffb5][0xffffffa6]j[0xffffffa8][0xffffffd4]Iz[0xffffffb1]V[0xffffffcf][0xffffffa2]v[0xffffffb2]j5[0xffffffcf][0xffffffbb][0xffffffba]N[0xffffffaa]q)S[Y[0xffffff85]Z+N[0xffffffea]-[0xffffff9d]P3[0xffffffd5]Wj0[0xffffff9d]NkgU}[0xffffff95][\r][0x17]z[0xffffffa3][0xffffffaa][0xffffffab]bTqU[0xffffff8c][0xffffffaa][0xffffffad][0xffffff8a]Q[0xffffffa5]U1[0xffffffaa][0xffffffb2]*F[0x15]V[0xffffffc5][0xffffffa8][0xffffffba][0xffffffaa][0x18][0xffffffaa][0x8][0xffffffa9]b[0xffffffc8][0xffffffce][0xffffffb0][0xffffffc9][0x3][0xfffffff6][0xffffffd8]&[0xf]L=[0xffffffc7]&[0xf]tM[0xffffff86][0xffffff85]b[0xffffffdc]([0xffffffb1][0xffffffc3][0xffffffee][0xffffffbc][0xffffffa4][0xffffffd6]3[0xfffffffd][0xffffffb2][0x7f][0xffffff99][0xffffffbb][0xffffffe6][0xfffffff5]v[0xffffff99][0x9][0xfffffffc]g[0xfffffff7][0xffffffda][0xffffffcf][0xffffffdf][0xffffffe6]c[0xffffffda]U[0xffffffbc][0xfffffff1][0xe][0xffffffb9][0xffffff95][0xffffffcd][0xffffffa7][0xffffffc7][0xffffff8f][0xffffffcb][0xffffffa6][0xffffffb1][0xffffffc7][0xffffffb4][0xffffffc9][0xffffffe6][0xffffffba],[0xffffffc7][0xffffffcb][0xffffffe6]s[0xfffffffe]R[0xffffffbb][0xffffffd9]C[0xffffffa2][0xffffffeb][0xffffffb0][0xffffffa9][0xffffff90]Z[0xffffffba][0xffffffc2]Jy[0xffffffd4]T[0xffffff9e][0xffffff94]0e[0xffffffb2]P[0x1e]4[0xffffff95][0xffffffd7][0xffffffb9][0xffffff90][0xb][0xffffffe5]1S[0x1][0xffffffa8]4[0x6][0x16][0xffffffca]C[0xffffffa6]rT[0x1f][0xffffff94][0xffffffbd]L[0xffffffdb][0xffffff88][0xffffffa9][0xffffff9c]B[0xffffffe1][0xffffffeb]im[0xffffffc0]T[0x16]h_[0xffffffa8][0xffffff94][0xffffffc7]K[0x12][0xffffffe6][0xffffffe9][0xffffffe3][ [0xffffffcf][0xffffff96][0xffffffca][0xfffffff8][0xfffffff4][0xffffffa9][0xffffffab][0xffffff94]'K[0x1a][0x12][\r]u[0xffffffb0]Jy[0xffffffae]T[0xffffff9a][0xffffffde]T[0xffffffcf];[0xfffffff0]TIc[0xffffff80]mA[0xffffffb4][0xffffff91]Ri*\[0xffffff92][0xffffffe9][0xffffff85][0xfffffff2]@[0xffffffa9][0xffffffb4][0xffffff92][0xffffffeb][0xffffffbe]<N[0xffffff92]"
09:49:05.492 [main] DEBUG org.apache.hc.client5.http.wire - http-outgoing-24 << "[0xffffffb2]ui[0xffffffa8]I[0xffffff94][0xffffff87]Ij[0xfffffffd][0xffffffa9]Q[0x14]VGI[0xffffff95][0xffffffa2][0xffffffab][0xffffff89][0xffffffe1]9[0xffffff92]B[0xffffffd3][0xffffff8d][0xffffffd5])[0xffffff92]b[0xffffffb0][0xffffff8d][0xffffffd5][0x19][0xffffff92][0xffffffbc]j'[0xfffffff3][0x4][0x19][0xffffffa8][0xffffffc7][0x18]UP[0xffffff9d][0x1e][0x3][0xffffffa5][0xffffffde][0xffffffd4]Uut[0xc]r=[0xffffffa0][0xffffff8e][0xffffff8d][0xffffff98]:]}[0xffffffb0][0xffffff8e][0xffffff8c]H[0xffffff81][0x15][0xffffffc2][0xffffffe3]b[0xffffffba][0xfffffff1]r1<*z[0xffffffca]m}[0xffffff8c][0xffffffe7]D[0xffffff80]P[0xffffffaf][0xffffff84]gD[0xffffffa0][0xffffff92][0xffffff80][0xffffff92][0xb][0x1e][0x10]]Jp]U[0xffffffa7]C[0xffffff97][0xffffff95]E&<[0x19]Rkp[0xfffffff5]<[0xffffffea]^[0xffffffa5]{[0x6][0xfffffff6][0xffffff89][0x7]E[0xfffffffa][0xffffffce][0xffffffd6][0xffffffab]jC"ELu[0xffffff97]Y[0xffffff9b][0x10]S[0xffffffcd][0x16]R[0xffffffa7]C[0xffffffed][0xffffffb9]tx0[0xffffffd4][0xffffffa6][0xffffff91]:[0x14][0xffffffa6][0xffffffb6]XI[0xffffff9d][0x7][0xffffff95][0xffffffa1][0xffffff81][0xffffffb9] k[0xffffffe3][0xfffffffb]y~<[0xffffff9c].[0xffffffd7][0xffffffed][0xfffffff1]8[0xffffffef][0xb][0xffffffd4][0x11][0xffffffd2][0xffffff97][0xffffffdd][0xffffff94]:[0xffffffb1]*R[0xb][0x3][0x1d]J[0xfffffff8]VF[0xffffffea][0xffffff93][0xfffffff4][0xffffffb5]+[0xfffffff7]a0[0xffffffd2][0xffffff8b]eM([0xffffffa6]NM[0xffffff87]n[0x1a]K[0xffffff8d]h*[0xffffffa6]t[0xffffffc9][0xffffffd4][0xffffff93][0xfffffffe][0x1][0xffffffa9][0xffffff9e].[0xffffff9b][0xffffffd3][0x12][0x0][0x0]"
09:49:05.492 [main] DEBUG org.apache.hc.client5.http.impl.classic.InternalHttpClient - ep-00000022: releasing valid endpoint
09:49:05.492 [main] DEBUG org.apache.hc.client5.http.impl.io.PoolingHttpClientConnectionManager - ep-00000022: releasing endpoint
09:49:05.492 [main] DEBUG org.apache.hc.client5.http.impl.io.PoolingHttpClientConnectionManager - ep-00000022: connection http-outgoing-24 can be kept alive for 3 MINUTES
09:49:05.492 [main] DEBUG org.apache.hc.client5.http.impl.io.PoolingHttpClientConnectionManager - ep-00000022: connection released [route: {s}->https://raw.githubusercontent.com:443][total available: 1; route allocated: 1 of 5; total allocated: 2 of 25]
09:49:05.492 [main] DEBUG io.github.bonigarcia.wdm.versions.VersionDetector - Driver for chrome117 not found in online properties (using local versions.properties)
09:49:05.492 [main] DEBUG io.github.bonigarcia.wdm.WebDriverManager - The driver version for CHROME 117 is unknown ... trying with latest
09:49:05.499 [main] DEBUG org.apache.hc.client5.http.impl.classic.InternalHttpClient - ex-00000024: preparing request execution
09:49:05.499 [main] DEBUG org.apache.hc.client5.http.protocol.RequestAddCookies - Cookie spec selected: strict
09:49:05.499 [main] DEBUG org.apache.hc.client5.http.protocol.RequestAuthCache - Auth cache not set in the context
09:49:05.499 [main] DEBUG org.apache.hc.client5.http.impl.classic.ProtocolExec - ex-00000024: target auth state: UNCHALLENGED
09:49:05.499 [main] DEBUG org.apache.hc.client5.http.impl.classic.ProtocolExec - ex-00000024: proxy auth state: UNCHALLENGED
09:49:05.499 [main] DEBUG org.apache.hc.client5.http.impl.classic.ConnectExec - ex-00000024: acquiring connection with route {s}->https://chromedriver.storage.googleapis.com:443
09:49:05.499 [main] DEBUG org.apache.hc.client5.http.impl.classic.InternalHttpClient - ex-00000024: acquiring endpoint (3 MINUTES)
09:49:05.499 [main] DEBUG org.apache.hc.client5.http.impl.io.PoolingHttpClientConnectionManager - ex-00000024: endpoint lease request (3 MINUTES) [route: {s}->https://chromedriver.storage.googleapis.com:443][total available: 1; route allocated: 1 of 5; total allocated: 2 of 25]
09:49:05.499 [main] DEBUG org.apache.hc.client5.http.impl.io.PoolingHttpClientConnectionManager - ex-00000024: endpoint leased [route: {s}->https://chromedriver.storage.googleapis.com:443][total available: 1; route allocated: 2 of 5; total allocated: 3 of 25]
09:49:05.499 [main] DEBUG org.apache.hc.client5.http.impl.io.PoolingHttpClientConnectionManager - ex-00000024: acquired ep-00000023
09:49:05.499 [main] DEBUG org.apache.hc.client5.http.impl.classic.InternalHttpClient - ex-00000024: acquired endpoint ep-00000023
09:49:05.499 [main] DEBUG org.apache.hc.client5.http.impl.classic.ConnectExec - ex-00000024: opening connection {s}->https://chromedriver.storage.googleapis.com:443
09:49:05.499 [main] DEBUG org.apache.hc.client5.http.impl.classic.InternalHttpClient - ep-00000023: connecting endpoint (30 SECONDS)
09:49:05.499 [main] DEBUG org.apache.hc.client5.http.impl.io.PoolingHttpClientConnectionManager - ep-00000023: connecting endpoint to https://chromedriver.storage.googleapis.com:443 (30 SECONDS)
09:49:05.504 [main] DEBUG org.apache.hc.client5.http.impl.io.DefaultHttpClientConnectionOperator - http-outgoing-26: connecting to chromedriver.storage.googleapis.com/34.101.5.123:443
09:49:05.504 [main] DEBUG org.apache.hc.client5.http.ssl.SSLConnectionSocketFactory - Connecting socket to chromedriver.storage.googleapis.com/34.101.5.123:443 with timeout 30 SECONDS
09:49:05.511 [main] DEBUG org.apache.hc.client5.http.ssl.SSLConnectionSocketFactory - Enabled protocols: [TLSv1.3, TLSv1.2]
09:49:05.511 [main] DEBUG org.apache.hc.client5.http.ssl.SSLConnectionSocketFactory - Enabled cipher suites: [TLS_AES_256_GCM_SHA384, TLS_AES_128_GCM_SHA256, TLS_CHACHA20_POLY1305_SHA256, TLS_ECDHE_ECDSA_WITH_AES_256_GCM_SHA384, TLS_ECDHE_ECDSA_WITH_AES_128_GCM_SHA256, TLS_ECDHE_ECDSA_WITH_CHACHA20_POLY1305_SHA256, TLS_ECDHE_RSA_WITH_AES_256_GCM_SHA384, TLS_ECDHE_RSA_WITH_CHACHA20_POLY1305_SHA256, TLS_ECDHE_RSA_WITH_AES_128_GCM_SHA256, TLS_DHE_RSA_WITH_AES_256_GCM_SHA384, TLS_DHE_RSA_WITH_CHACHA20_POLY1305_SHA256, TLS_DHE_DSS_WITH_AES_256_GCM_SHA384, TLS_DHE_RSA_WITH_AES_128_GCM_SHA256, TLS_DHE_DSS_WITH_AES_128_GCM_SHA256, TLS_ECDHE_ECDSA_WITH_AES_256_CBC_SHA384, TLS_ECDHE_RSA_WITH_AES_256_CBC_SHA384, TLS_ECDHE_ECDSA_WITH_AES_128_CBC_SHA256, TLS_ECDHE_RSA_WITH_AES_128_CBC_SHA256, TLS_DHE_RSA_WITH_AES_256_CBC_SHA256, TLS_DHE_DSS_WITH_AES_256_CBC_SHA256, TLS_DHE_RSA_WITH_AES_128_CBC_SHA256, TLS_DHE_DSS_WITH_AES_128_CBC_SHA256, TLS_ECDH_ECDSA_WITH_AES_256_GCM_SHA384, TLS_ECDH_RSA_WITH_AES_256_GCM_SHA384, TLS_ECDH_ECDSA_WITH_AES_128_GCM_SHA256, TLS_ECDH_RSA_WITH_AES_128_GCM_SHA256, TLS_ECDH_ECDSA_WITH_AES_256_CBC_SHA384, TLS_ECDH_RSA_WITH_AES_256_CBC_SHA384, TLS_ECDH_ECDSA_WITH_AES_128_CBC_SHA256, TLS_ECDH_RSA_WITH_AES_128_CBC_SHA256, TLS_ECDHE_ECDSA_WITH_AES_256_CBC_SHA, TLS_ECDHE_RSA_WITH_AES_256_CBC_SHA, TLS_ECDHE_ECDSA_WITH_AES_128_CBC_SHA, TLS_ECDHE_RSA_WITH_AES_128_CBC_SHA, TLS_DHE_RSA_WITH_AES_256_CBC_SHA, TLS_DHE_DSS_WITH_AES_256_CBC_SHA, TLS_DHE_RSA_WITH_AES_128_CBC_SHA, TLS_DHE_DSS_WITH_AES_128_CBC_SHA, TLS_ECDH_ECDSA_WITH_AES_256_CBC_SHA, TLS_ECDH_RSA_WITH_AES_256_CBC_SHA, TLS_ECDH_ECDSA_WITH_AES_128_CBC_SHA, TLS_ECDH_RSA_WITH_AES_128_CBC_SHA, TLS_RSA_WITH_AES_256_GCM_SHA384, TLS_RSA_WITH_AES_128_GCM_SHA256, TLS_RSA_WITH_AES_256_CBC_SHA256, TLS_RSA_WITH_AES_128_CBC_SHA256, TLS_RSA_WITH_AES_256_CBC_SHA, TLS_RSA_WITH_AES_128_CBC_SHA, TLS_EMPTY_RENEGOTIATION_INFO_SCSV]
09:49:05.511 [main] DEBUG org.apache.hc.client5.http.ssl.SSLConnectionSocketFactory - Starting handshake
09:49:05.558 [main] DEBUG org.apache.hc.client5.http.ssl.SSLConnectionSocketFactory - Secure session established
09:49:05.558 [main] DEBUG org.apache.hc.client5.http.ssl.SSLConnectionSocketFactory -  negotiated protocol: TLSv1.3
09:49:05.558 [main] DEBUG org.apache.hc.client5.http.ssl.SSLConnectionSocketFactory -  negotiated cipher suite: TLS_AES_256_GCM_SHA384
09:49:05.558 [main] DEBUG org.apache.hc.client5.http.ssl.SSLConnectionSocketFactory -  peer principal: CN=*.storage.googleapis.com
09:49:05.558 [main] DEBUG org.apache.hc.client5.http.ssl.SSLConnectionSocketFactory -  peer alternative names: [*.storage.googleapis.com, *.googleapis.com, commondatastorage.googleapis.com, *.commondatastorage.googleapis.com, storage.googleapis.com, storage-p2.googleapis.com, *.storage-p2.googleapis.com, storage.mtls.googleapis.com, *.appspot.com.storage.googleapis.com, *.content-storage.googleapis.com, *.content-storage-p2.googleapis.com, *.content-storage-upload.googleapis.com, *.content-storage-download.googleapis.com, *.storage-upload.googleapis.com, *.storage-download.googleapis.com]
09:49:05.558 [main] DEBUG org.apache.hc.client5.http.ssl.SSLConnectionSocketFactory -  issuer principal: CN=GTS CA 1C3, O=Google Trust Services LLC, C=US
09:49:05.558 [main] DEBUG org.apache.hc.client5.http.impl.io.DefaultHttpClientConnectionOperator - http-outgoing-26: connection established 192.168.100.42:64317<->34.101.5.123:443
09:49:05.558 [main] DEBUG org.apache.hc.client5.http.impl.io.PoolingHttpClientConnectionManager - ep-00000023: connected http-outgoing-26
09:49:05.558 [main] DEBUG org.apache.hc.client5.http.impl.classic.InternalHttpClient - ep-00000023: endpoint connected
09:49:05.558 [main] DEBUG org.apache.hc.client5.http.impl.classic.MainClientExec - ex-00000024: executing GET /LATEST_RELEASE HTTP/1.1
09:49:05.558 [main] DEBUG org.apache.hc.client5.http.impl.classic.InternalHttpClient - ep-00000023: start execution ex-00000024
09:49:05.558 [main] DEBUG org.apache.hc.client5.http.impl.io.PoolingHttpClientConnectionManager - ep-00000023: executing exchange ex-00000024 over http-outgoing-26
09:49:05.558 [main] DEBUG org.apache.hc.client5.http.headers - http-outgoing-26 >> GET /LATEST_RELEASE HTTP/1.1
09:49:05.558 [main] DEBUG org.apache.hc.client5.http.headers - http-outgoing-26 >> user-agent: Apache-HttpClient/5.0
09:49:05.558 [main] DEBUG org.apache.hc.client5.http.headers - http-outgoing-26 >> accept-encoding: gzip, deflate, br
09:49:05.558 [main] DEBUG org.apache.hc.client5.http.headers - http-outgoing-26 >> cache-control: max-age=0
09:49:05.558 [main] DEBUG org.apache.hc.client5.http.headers - http-outgoing-26 >> connection: keep-alive
09:49:05.558 [main] DEBUG org.apache.hc.client5.http.headers - http-outgoing-26 >> Host: chromedriver.storage.googleapis.com
09:49:05.558 [main] DEBUG org.apache.hc.client5.http.wire - http-outgoing-26 >> "GET /LATEST_RELEASE HTTP/1.1[\r][\n]"
09:49:05.558 [main] DEBUG org.apache.hc.client5.http.wire - http-outgoing-26 >> "user-agent: Apache-HttpClient/5.0[\r][\n]"
09:49:05.558 [main] DEBUG org.apache.hc.client5.http.wire - http-outgoing-26 >> "accept-encoding: gzip, deflate, br[\r][\n]"
09:49:05.558 [main] DEBUG org.apache.hc.client5.http.wire - http-outgoing-26 >> "cache-control: max-age=0[\r][\n]"
09:49:05.558 [main] DEBUG org.apache.hc.client5.http.wire - http-outgoing-26 >> "connection: keep-alive[\r][\n]"
09:49:05.558 [main] DEBUG org.apache.hc.client5.http.wire - http-outgoing-26 >> "Host: chromedriver.storage.googleapis.com[\r][\n]"
09:49:05.558 [main] DEBUG org.apache.hc.client5.http.wire - http-outgoing-26 >> "[\r][\n]"
09:49:05.571 [main] DEBUG org.apache.hc.client5.http.wire - http-outgoing-26 << "HTTP/1.1 200 OK[\r][\n]"
09:49:05.571 [main] DEBUG org.apache.hc.client5.http.wire - http-outgoing-26 << "X-GUploader-UploadID: ADPycdvnFAnOhlWGbRtUpcGBi5W3y6qEtkvwOJmj2uBu_cu5oupNFxxPFqsoSfNAPIUhE78QrkhmBqvlUQiAPhzQ2QAWS0sveOv3[\r][\n]"
09:49:05.571 [main] DEBUG org.apache.hc.client5.http.wire - http-outgoing-26 << "x-goog-generation: 1685523462105569[\r][\n]"
09:49:05.571 [main] DEBUG org.apache.hc.client5.http.wire - http-outgoing-26 << "x-goog-metageneration: 1[\r][\n]"
09:49:05.571 [main] DEBUG org.apache.hc.client5.http.wire - http-outgoing-26 << "x-goog-stored-content-encoding: identity[\r][\n]"
09:49:05.571 [main] DEBUG org.apache.hc.client5.http.wire - http-outgoing-26 << "x-goog-stored-content-length: 13[\r][\n]"
09:49:05.571 [main] DEBUG org.apache.hc.client5.http.wire - http-outgoing-26 << "x-goog-hash: crc32c=tVW4TA==[\r][\n]"
09:49:05.571 [main] DEBUG org.apache.hc.client5.http.wire - http-outgoing-26 << "x-goog-hash: md5=NoaEuIlBlniwTkiZ1T16sA==[\r][\n]"
09:49:05.571 [main] DEBUG org.apache.hc.client5.http.wire - http-outgoing-26 << "x-goog-storage-class: STANDARD[\r][\n]"
09:49:05.571 [main] DEBUG org.apache.hc.client5.http.wire - http-outgoing-26 << "Accept-Ranges: bytes[\r][\n]"
09:49:05.571 [main] DEBUG org.apache.hc.client5.http.wire - http-outgoing-26 << "Content-Length: 13[\r][\n]"
09:49:05.571 [main] DEBUG org.apache.hc.client5.http.wire - http-outgoing-26 << "Server: UploadServer[\r][\n]"
09:49:05.571 [main] DEBUG org.apache.hc.client5.http.wire - http-outgoing-26 << "Date: Sat, 30 Sep 2023 02:46:28 GMT[\r][\n]"
09:49:05.571 [main] DEBUG org.apache.hc.client5.http.wire - http-outgoing-26 << "Expires: Sat, 30 Sep 2023 03:46:28 GMT[\r][\n]"
09:49:05.571 [main] DEBUG org.apache.hc.client5.http.wire - http-outgoing-26 << "Cache-Control: public, max-age=3600[\r][\n]"
09:49:05.571 [main] DEBUG org.apache.hc.client5.http.wire - http-outgoing-26 << "Age: 168[\r][\n]"
09:49:05.571 [main] DEBUG org.apache.hc.client5.http.wire - http-outgoing-26 << "Last-Modified: Wed, 31 May 2023 08:57:42 GMT[\r][\n]"
09:49:05.571 [main] DEBUG org.apache.hc.client5.http.wire - http-outgoing-26 << "ETag: "368684b889419678b04e4899d53d7ab0"[\r][\n]"
09:49:05.571 [main] DEBUG org.apache.hc.client5.http.wire - http-outgoing-26 << "Content-Type: text/plain[\r][\n]"
09:49:05.571 [main] DEBUG org.apache.hc.client5.http.wire - http-outgoing-26 << "Alt-Svc: h3=":443"; ma=2592000,h3-29=":443"; ma=2592000[\r][\n]"
09:49:05.571 [main] DEBUG org.apache.hc.client5.http.wire - http-outgoing-26 << "[\r][\n]"
09:49:05.571 [main] DEBUG org.apache.hc.client5.http.wire - http-outgoing-26 << "114.0.5735.90"
09:49:05.571 [main] DEBUG org.apache.hc.client5.http.headers - http-outgoing-26 << HTTP/1.1 200 OK
09:49:05.571 [main] DEBUG org.apache.hc.client5.http.headers - http-outgoing-26 << X-GUploader-UploadID: ADPycdvnFAnOhlWGbRtUpcGBi5W3y6qEtkvwOJmj2uBu_cu5oupNFxxPFqsoSfNAPIUhE78QrkhmBqvlUQiAPhzQ2QAWS0sveOv3
09:49:05.571 [main] DEBUG org.apache.hc.client5.http.headers - http-outgoing-26 << x-goog-generation: 1685523462105569
09:49:05.571 [main] DEBUG org.apache.hc.client5.http.headers - http-outgoing-26 << x-goog-metageneration: 1
09:49:05.571 [main] DEBUG org.apache.hc.client5.http.headers - http-outgoing-26 << x-goog-stored-content-encoding: identity
09:49:05.571 [main] DEBUG org.apache.hc.client5.http.headers - http-outgoing-26 << x-goog-stored-content-length: 13
09:49:05.571 [main] DEBUG org.apache.hc.client5.http.headers - http-outgoing-26 << x-goog-hash: crc32c=tVW4TA==
09:49:05.571 [main] DEBUG org.apache.hc.client5.http.headers - http-outgoing-26 << x-goog-hash: md5=NoaEuIlBlniwTkiZ1T16sA==
09:49:05.571 [main] DEBUG org.apache.hc.client5.http.headers - http-outgoing-26 << x-goog-storage-class: STANDARD
09:49:05.571 [main] DEBUG org.apache.hc.client5.http.headers - http-outgoing-26 << Accept-Ranges: bytes
09:49:05.571 [main] DEBUG org.apache.hc.client5.http.headers - http-outgoing-26 << Content-Length: 13
09:49:05.571 [main] DEBUG org.apache.hc.client5.http.headers - http-outgoing-26 << Server: UploadServer
09:49:05.571 [main] DEBUG org.apache.hc.client5.http.headers - http-outgoing-26 << Date: Sat, 30 Sep 2023 02:46:28 GMT
09:49:05.571 [main] DEBUG org.apache.hc.client5.http.headers - http-outgoing-26 << Expires: Sat, 30 Sep 2023 03:46:28 GMT
09:49:05.571 [main] DEBUG org.apache.hc.client5.http.headers - http-outgoing-26 << Cache-Control: public, max-age=3600
09:49:05.571 [main] DEBUG org.apache.hc.client5.http.headers - http-outgoing-26 << Age: 168
09:49:05.571 [main] DEBUG org.apache.hc.client5.http.headers - http-outgoing-26 << Last-Modified: Wed, 31 May 2023 08:57:42 GMT
09:49:05.571 [main] DEBUG org.apache.hc.client5.http.headers - http-outgoing-26 << ETag: "368684b889419678b04e4899d53d7ab0"
09:49:05.571 [main] DEBUG org.apache.hc.client5.http.headers - http-outgoing-26 << Content-Type: text/plain
09:49:05.571 [main] DEBUG org.apache.hc.client5.http.headers - http-outgoing-26 << Alt-Svc: h3=":443"; ma=2592000,h3-29=":443"; ma=2592000
09:49:05.571 [main] DEBUG org.apache.hc.client5.http.impl.classic.MainClientExec - ex-00000024: connection can be kept alive for 3 MINUTES
09:49:05.571 [main] DEBUG org.apache.hc.client5.http.impl.classic.InternalHttpClient - ep-00000023: releasing valid endpoint
09:49:05.571 [main] DEBUG org.apache.hc.client5.http.impl.io.PoolingHttpClientConnectionManager - ep-00000023: releasing endpoint
09:49:05.571 [main] DEBUG org.apache.hc.client5.http.impl.io.PoolingHttpClientConnectionManager - ep-00000023: connection http-outgoing-26 can be kept alive for 3 MINUTES
09:49:05.571 [main] DEBUG org.apache.hc.client5.http.impl.io.PoolingHttpClientConnectionManager - ep-00000023: connection released [route: {s}->https://chromedriver.storage.googleapis.com:443][total available: 2; route allocated: 2 of 5; total allocated: 3 of 25]
09:49:05.571 [main] DEBUG io.github.bonigarcia.wdm.versions.VersionDetector - Latest version of chromedriver according to https://chromedriver.storage.googleapis.com/LATEST_RELEASE is 114.0.5735.90
09:49:05.571 [main] DEBUG io.github.bonigarcia.wdm.WebDriverManager - Driver chromedriver 114.0.5735.90 found in cache
09:49:05.571 [main] INFO io.github.bonigarcia.wdm.WebDriverManager - Exporting webdriver.chrome.driver as C:\Users\Bagas Dwi Saputra\.cache\selenium\chromedriver\win32\114.0.5735.90\chromedriver.exe
09:49:05.650 [main] DEBUG net.thucydides.core.reflection.ClassFinder - Could not load class net.serenitybdd.rest.utils.RestSpecificationFactory
09:49:05.729 [main] DEBUG net.thucydides.core.reflection.ClassFinder - Could not load class net.serenitybdd.rest.utils.RestSpecificationFactory
09:49:05.729 [main] INFO net.serenitybdd.core.webdriver.driverproviders.ProvideNewDriver - Instantiating driver
09:49:05.729 [main] INFO net.serenitybdd.core.webdriver.driverproviders.ProvideNewDriver - Driver capabilities: Capabilities {acceptInsecureCerts: false, base.url: https://app.jubelio.com, browserName: chrome, chrome.driver: src/test/resources/webdrive..., driver: chrome, goog:chromeOptions: {args: [], extensions: []}, loggingPrefs: org.openqa.selenium.logging...}
09:49:06.621 [main] DEBUG net.thucydides.core.reflection.ClassFinder - Could not load class net.serenitybdd.rest.utils.RestSpecificationFactory
09:49:08.752 [main] DEBUG net.serenitybdd.core.photography.Darkroom - Send negative for processing for target\site\serenity\d86bb99ca4b74cdefa115c5a2645bacb4c0cc871895a6fff5f0d38af68de8e18.png
09:49:08.752 [main] DEBUG net.thucydides.core.steps.StepInterceptor - STEP DONE: openLink
09:49:08.771 [main] DEBUG net.thucydides.core.steps.StepInterceptor - STARTING STEP: LoginSteps.fillsInTheWithValidDataEmail - fills in the {string} with valid data email
09:49:09.079 [main] DEBUG net.serenitybdd.core.photography.Darkroom - Send negative for processing for target\site\serenity\faed2b1791be727aabc621b05d1d8e1cb7c60f86901fe12abe65b4bf4933aad4.png
09:49:09.079 [main] DEBUG net.thucydides.core.steps.StepInterceptor - STEP DONE: fills in the {string} with valid data email
  &amp#27;[32mGiven &amp#27;[0m&amp#27;[32mfills in the &amp#27;[0m&amp#27;[32m&amp#27;[1m"qa.rakamin.jubelio@gmail.com"&amp#27;[0m&amp#27;[32m with valid data email&amp#27;[0m &amp#27;[90m# starter.stepdefinitios.LoginSteps.fillsInTheWithValidDataEmail(java.lang.String)&amp#27;[0m
09:49:09.835 [main] DEBUG net.serenitybdd.core.photography.Darkroom - Send negative for processing for target\site\serenity\64159dfdd3949babe4c5721250a1f80ea8c89c71f041d5ed43b336bef03db602.png
09:49:09.835 [main] DEBUG net.thucydides.core.steps.StepInterceptor - STARTING STEP: LoginSteps.fillInTheWithValidDataPass - fill in the {string} with valid data pass
09:49:10.129 [main] DEBUG net.serenitybdd.core.photography.Darkroom - Send negative for processing for target\site\serenity\ef5913bde962856e2bc9ac6c84311deada975fa0f1d7ec85c7d5bcfa53060fe9.png
09:49:10.129 [main] DEBUG net.thucydides.core.steps.StepInterceptor - STEP DONE: fill in the {string} with valid data pass
  &amp#27;[32mAnd &amp#27;[0m&amp#27;[32mfill in the &amp#27;[0m&amp#27;[32m&amp#27;[1m"Jubelio123"&amp#27;[0m&amp#27;[32m with valid data pass&amp#27;[0m                       &amp#27;[90m# starter.stepdefinitios.LoginSteps.fillInTheWithValidDataPass(java.lang.String)&amp#27;[0m
09:49:10.129 [Darkroom Processing Line] DEBUG net.serenitybdd.core.photography.DarkroomProcessingLine - Processing screenshot image in /var/screenshots/screenshot-1452666845809963533
09:49:10.129 [Darkroom Processing Line] DEBUG net.serenitybdd.core.photography.DarkroomProcessingLine - Saving screenshot to target\site\serenity\ef5913bde962856e2bc9ac6c84311deada975fa0f1d7ec85c7d5bcfa53060fe9.png
09:49:10.135 [main] DEBUG net.thucydides.core.steps.StepInterceptor - STARTING STEP: LoginSteps.clickTheLoginButton - clickbtnlogin
09:49:10.666 [main] DEBUG net.serenitybdd.core.photography.Darkroom - Send negative for processing for target\site\serenity\9f85f56d24bd2ec454398cd9b730fe8df30668a9cb88e7c811c63c5789e108c6.png
09:49:10.666 [main] DEBUG net.thucydides.core.steps.StepInterceptor - STEP DONE: clickbtnlogin
09:49:10.666 [Darkroom Processing Line] DEBUG net.serenitybdd.core.photography.DarkroomProcessingLine - Processing screenshot image in /var/screenshots/screenshot-659195053032958877
09:49:10.666 [Darkroom Processing Line] DEBUG net.serenitybdd.core.photography.DarkroomProcessingLine - Saving screenshot to target\site\serenity\9f85f56d24bd2ec454398cd9b730fe8df30668a9cb88e7c811c63c5789e108c6.png
  &amp#27;[32mWhen &amp#27;[0m&amp#27;[32mclick the login button&amp#27;[0m                                             &amp#27;[90m# starter.stepdefinitios.LoginSteps.clickTheLoginButton()&amp#27;[0m
09:49:11.404 [main] DEBUG net.serenitybdd.core.photography.Darkroom - Send negative for processing for target\site\serenity\762fa875c2a8b64e8e675166e74b108070af84ad7fd39559a7b7cd23b6d59855.png
09:49:11.404 [Darkroom Processing Line] DEBUG net.serenitybdd.core.photography.DarkroomProcessingLine - Processing screenshot image in /var/screenshots/screenshot-7484960284836607105
09:49:11.404 [Darkroom Processing Line] DEBUG net.serenitybdd.core.photography.DarkroomProcessingLine - Saving screenshot to target\site\serenity\762fa875c2a8b64e8e675166e74b108070af84ad7fd39559a7b7cd23b6d59855.png
09:49:11.422 [main] DEBUG net.thucydides.core.steps.StepInterceptor - STARTING STEP: LoginSteps.validatePageHomeOrError - validate page home or error {string}
09:49:12.083 [main] DEBUG net.serenitybdd.core.photography.Darkroom - Send negative for processing for target\site\serenity\68035f075f7891196968d85e2ca626fc2528f9d7a49228669d7edefa8fbdd07e.png
09:49:12.083 [main] DEBUG net.thucydides.core.steps.StepInterceptor - STEP DONE: validate page home or error {string}
  &amp#27;[32mThen &amp#27;[0m&amp#27;[32mvalidate page home or error &amp#27;[0m&amp#27;[32m&amp#27;[1m"Password atau email anda salah."&amp#27;[0m      &amp#27;[90m# starter.stepdefinitios.LoginSteps.validatePageHomeOrError(java.lang.String)&amp#27;[0m
09:49:12.085 [Darkroom Processing Line] DEBUG net.serenitybdd.core.photography.DarkroomProcessingLine - Processing screenshot image in /var/screenshots/screenshot-11971665325756554510
09:49:12.085 [Darkroom Processing Line] DEBUG net.serenitybdd.core.photography.DarkroomProcessingLine - Saving screenshot to target\site\serenity\68035f075f7891196968d85e2ca626fc2528f9d7a49228669d7edefa8fbdd07e.png
]]></system-out>
    <system-err><![CDATA[Starting ChromeDriver 117.0.5938.88 (be6afae4721209be42944bbcd325665f9f44563b-refs/branch-heads/5938_62@{#9}) on port 10003
Only local connections are allowed.
Please see https://chromedriver.chromium.org/security-considerations for suggestions on keeping ChromeDriver safe.
ChromeDriver was started successfully.
Sep 30, 2023 9:49:06 AM org.openqa.selenium.remote.ProtocolHandshake createSession
INFO: Detected dialect: W3C
]]></system-err>
  </testcase>
  <testcase name="Login Account #4" classname="Login Account at app.jubelio" time="7.502">
    <system-out><![CDATA[
@Login
Scenario Outline: Login Account                                       &amp#27;[90m# src/test/resources/features/user/login.feature:14&amp#27;[0m
09:49:12.216 [main] INFO io.cucumber.core.plugin.SerenityReporter - Running feature from file:///D:/QE/Automation/Jubelio-Website/src/test/resources/features/user/login.feature
09:49:12.742 [main] DEBUG net.thucydides.core.steps.StepInterceptor - STARTING STEP: LoginSteps.fillsInTheWithValidDataEmail - openLink
09:49:12.745 [main] INFO net.serenitybdd.core.webdriver.driverproviders.ChromeDriverProvider - Using automatically driver download
09:49:12.756 [main] DEBUG org.apache.hc.client5.http.impl.classic.InternalHttpClient - ex-00000025: preparing request execution
09:49:12.756 [main] DEBUG org.apache.hc.client5.http.protocol.RequestAddCookies - Cookie spec selected: strict
09:49:12.756 [main] DEBUG org.apache.hc.client5.http.protocol.RequestAuthCache - Auth cache not set in the context
09:49:12.756 [main] DEBUG org.apache.hc.client5.http.impl.classic.ProtocolExec - ex-00000025: target auth state: UNCHALLENGED
09:49:12.756 [main] DEBUG org.apache.hc.client5.http.impl.classic.ProtocolExec - ex-00000025: proxy auth state: UNCHALLENGED
09:49:12.756 [main] DEBUG org.apache.hc.client5.http.impl.classic.ConnectExec - ex-00000025: acquiring connection with route {s}->https://raw.githubusercontent.com:443
09:49:12.756 [main] DEBUG org.apache.hc.client5.http.impl.classic.InternalHttpClient - ex-00000025: acquiring endpoint (3 MINUTES)
09:49:12.756 [main] DEBUG org.apache.hc.client5.http.impl.io.PoolingHttpClientConnectionManager - ex-00000025: endpoint lease request (3 MINUTES) [route: {s}->https://raw.githubusercontent.com:443][total available: 0; route allocated: 0 of 5; total allocated: 0 of 25]
09:49:12.756 [main] DEBUG org.apache.hc.client5.http.impl.io.PoolingHttpClientConnectionManager - ex-00000025: endpoint leased [route: {s}->https://raw.githubusercontent.com:443][total available: 0; route allocated: 1 of 5; total allocated: 1 of 25]
09:49:12.756 [main] DEBUG org.apache.hc.client5.http.impl.io.PoolingHttpClientConnectionManager - ex-00000025: acquired ep-00000024
09:49:12.756 [main] DEBUG org.apache.hc.client5.http.impl.classic.InternalHttpClient - ex-00000025: acquired endpoint ep-00000024
09:49:12.756 [main] DEBUG org.apache.hc.client5.http.impl.classic.ConnectExec - ex-00000025: opening connection {s}->https://raw.githubusercontent.com:443
09:49:12.756 [main] DEBUG org.apache.hc.client5.http.impl.classic.InternalHttpClient - ep-00000024: connecting endpoint (30 SECONDS)
09:49:12.756 [main] DEBUG org.apache.hc.client5.http.impl.io.PoolingHttpClientConnectionManager - ep-00000024: connecting endpoint to https://raw.githubusercontent.com:443 (30 SECONDS)
09:49:12.756 [main] DEBUG org.apache.hc.client5.http.impl.io.DefaultHttpClientConnectionOperator - http-outgoing-27: connecting to raw.githubusercontent.com/185.199.108.133:443
09:49:12.756 [main] DEBUG org.apache.hc.client5.http.ssl.SSLConnectionSocketFactory - Connecting socket to raw.githubusercontent.com/185.199.108.133:443 with timeout 30 SECONDS
09:49:12.772 [main] DEBUG org.apache.hc.client5.http.ssl.SSLConnectionSocketFactory - Enabled protocols: [TLSv1.3, TLSv1.2]
09:49:12.772 [main] DEBUG org.apache.hc.client5.http.ssl.SSLConnectionSocketFactory - Enabled cipher suites: [TLS_AES_256_GCM_SHA384, TLS_AES_128_GCM_SHA256, TLS_CHACHA20_POLY1305_SHA256, TLS_ECDHE_ECDSA_WITH_AES_256_GCM_SHA384, TLS_ECDHE_ECDSA_WITH_AES_128_GCM_SHA256, TLS_ECDHE_ECDSA_WITH_CHACHA20_POLY1305_SHA256, TLS_ECDHE_RSA_WITH_AES_256_GCM_SHA384, TLS_ECDHE_RSA_WITH_CHACHA20_POLY1305_SHA256, TLS_ECDHE_RSA_WITH_AES_128_GCM_SHA256, TLS_DHE_RSA_WITH_AES_256_GCM_SHA384, TLS_DHE_RSA_WITH_CHACHA20_POLY1305_SHA256, TLS_DHE_DSS_WITH_AES_256_GCM_SHA384, TLS_DHE_RSA_WITH_AES_128_GCM_SHA256, TLS_DHE_DSS_WITH_AES_128_GCM_SHA256, TLS_ECDHE_ECDSA_WITH_AES_256_CBC_SHA384, TLS_ECDHE_RSA_WITH_AES_256_CBC_SHA384, TLS_ECDHE_ECDSA_WITH_AES_128_CBC_SHA256, TLS_ECDHE_RSA_WITH_AES_128_CBC_SHA256, TLS_DHE_RSA_WITH_AES_256_CBC_SHA256, TLS_DHE_DSS_WITH_AES_256_CBC_SHA256, TLS_DHE_RSA_WITH_AES_128_CBC_SHA256, TLS_DHE_DSS_WITH_AES_128_CBC_SHA256, TLS_ECDH_ECDSA_WITH_AES_256_GCM_SHA384, TLS_ECDH_RSA_WITH_AES_256_GCM_SHA384, TLS_ECDH_ECDSA_WITH_AES_128_GCM_SHA256, TLS_ECDH_RSA_WITH_AES_128_GCM_SHA256, TLS_ECDH_ECDSA_WITH_AES_256_CBC_SHA384, TLS_ECDH_RSA_WITH_AES_256_CBC_SHA384, TLS_ECDH_ECDSA_WITH_AES_128_CBC_SHA256, TLS_ECDH_RSA_WITH_AES_128_CBC_SHA256, TLS_ECDHE_ECDSA_WITH_AES_256_CBC_SHA, TLS_ECDHE_RSA_WITH_AES_256_CBC_SHA, TLS_ECDHE_ECDSA_WITH_AES_128_CBC_SHA, TLS_ECDHE_RSA_WITH_AES_128_CBC_SHA, TLS_DHE_RSA_WITH_AES_256_CBC_SHA, TLS_DHE_DSS_WITH_AES_256_CBC_SHA, TLS_DHE_RSA_WITH_AES_128_CBC_SHA, TLS_DHE_DSS_WITH_AES_128_CBC_SHA, TLS_ECDH_ECDSA_WITH_AES_256_CBC_SHA, TLS_ECDH_RSA_WITH_AES_256_CBC_SHA, TLS_ECDH_ECDSA_WITH_AES_128_CBC_SHA, TLS_ECDH_RSA_WITH_AES_128_CBC_SHA, TLS_RSA_WITH_AES_256_GCM_SHA384, TLS_RSA_WITH_AES_128_GCM_SHA256, TLS_RSA_WITH_AES_256_CBC_SHA256, TLS_RSA_WITH_AES_128_CBC_SHA256, TLS_RSA_WITH_AES_256_CBC_SHA, TLS_RSA_WITH_AES_128_CBC_SHA, TLS_EMPTY_RENEGOTIATION_INFO_SCSV]
09:49:12.778 [main] DEBUG org.apache.hc.client5.http.ssl.SSLConnectionSocketFactory - Starting handshake
09:49:12.823 [main] DEBUG org.apache.hc.client5.http.ssl.SSLConnectionSocketFactory - Secure session established
09:49:12.823 [main] DEBUG org.apache.hc.client5.http.ssl.SSLConnectionSocketFactory -  negotiated protocol: TLSv1.3
09:49:12.823 [main] DEBUG org.apache.hc.client5.http.ssl.SSLConnectionSocketFactory -  negotiated cipher suite: TLS_AES_256_GCM_SHA384
09:49:12.823 [main] DEBUG org.apache.hc.client5.http.ssl.SSLConnectionSocketFactory -  peer principal: CN=*.github.io, O="GitHub, Inc.", L=San Francisco, ST=California, C=US
09:49:12.823 [main] DEBUG org.apache.hc.client5.http.ssl.SSLConnectionSocketFactory -  peer alternative names: [*.github.io, github.io, *.github.com, github.com, www.github.com, *.githubusercontent.com, githubusercontent.com]
09:49:12.823 [main] DEBUG org.apache.hc.client5.http.ssl.SSLConnectionSocketFactory -  issuer principal: CN=DigiCert TLS RSA SHA256 2020 CA1, O=DigiCert Inc, C=US
09:49:12.823 [main] DEBUG org.apache.hc.client5.http.impl.io.DefaultHttpClientConnectionOperator - http-outgoing-27: connection established 192.168.100.42:64372<->185.199.108.133:443
09:49:12.835 [main] DEBUG org.apache.hc.client5.http.impl.io.PoolingHttpClientConnectionManager - ep-00000024: connected http-outgoing-27
09:49:12.835 [main] DEBUG org.apache.hc.client5.http.impl.classic.InternalHttpClient - ep-00000024: endpoint connected
09:49:12.835 [main] DEBUG org.apache.hc.client5.http.impl.classic.MainClientExec - ex-00000025: executing GET /bonigarcia/webdrivermanager/master/src/main/resources/commands.properties HTTP/1.1
09:49:12.835 [main] DEBUG org.apache.hc.client5.http.impl.classic.InternalHttpClient - ep-00000024: start execution ex-00000025
09:49:12.835 [main] DEBUG org.apache.hc.client5.http.impl.io.PoolingHttpClientConnectionManager - ep-00000024: executing exchange ex-00000025 over http-outgoing-27
09:49:12.836 [main] DEBUG org.apache.hc.client5.http.headers - http-outgoing-27 >> GET /bonigarcia/webdrivermanager/master/src/main/resources/commands.properties HTTP/1.1
09:49:12.836 [main] DEBUG org.apache.hc.client5.http.headers - http-outgoing-27 >> user-agent: Apache-HttpClient/5.0
09:49:12.836 [main] DEBUG org.apache.hc.client5.http.headers - http-outgoing-27 >> accept-encoding: gzip, deflate, br
09:49:12.836 [main] DEBUG org.apache.hc.client5.http.headers - http-outgoing-27 >> cache-control: max-age=0
09:49:12.836 [main] DEBUG org.apache.hc.client5.http.headers - http-outgoing-27 >> connection: keep-alive
09:49:12.836 [main] DEBUG org.apache.hc.client5.http.headers - http-outgoing-27 >> Host: raw.githubusercontent.com
09:49:12.836 [main] DEBUG org.apache.hc.client5.http.wire - http-outgoing-27 >> "GET /bonigarcia/webdrivermanager/master/src/main/resources/commands.properties HTTP/1.1[\r][\n]"
09:49:12.836 [main] DEBUG org.apache.hc.client5.http.wire - http-outgoing-27 >> "user-agent: Apache-HttpClient/5.0[\r][\n]"
09:49:12.836 [main] DEBUG org.apache.hc.client5.http.wire - http-outgoing-27 >> "accept-encoding: gzip, deflate, br[\r][\n]"
09:49:12.836 [main] DEBUG org.apache.hc.client5.http.wire - http-outgoing-27 >> "cache-control: max-age=0[\r][\n]"
09:49:12.836 [main] DEBUG org.apache.hc.client5.http.wire - http-outgoing-27 >> "connection: keep-alive[\r][\n]"
09:49:12.836 [main] DEBUG org.apache.hc.client5.http.wire - http-outgoing-27 >> "Host: raw.githubusercontent.com[\r][\n]"
09:49:12.836 [main] DEBUG org.apache.hc.client5.http.wire - http-outgoing-27 >> "[\r][\n]"
09:49:12.867 [main] DEBUG org.apache.hc.client5.http.wire - http-outgoing-27 << "HTTP/1.1 200 OK[\r][\n]"
09:49:12.867 [main] DEBUG org.apache.hc.client5.http.wire - http-outgoing-27 << "Connection: keep-alive[\r][\n]"
09:49:12.867 [main] DEBUG org.apache.hc.client5.http.wire - http-outgoing-27 << "Content-Length: 723[\r][\n]"
09:49:12.867 [main] DEBUG org.apache.hc.client5.http.wire - http-outgoing-27 << "Cache-Control: max-age=300[\r][\n]"
09:49:12.867 [main] DEBUG org.apache.hc.client5.http.wire - http-outgoing-27 << "Content-Security-Policy: default-src 'none'; style-src 'unsafe-inline'; sandbox[\r][\n]"
09:49:12.867 [main] DEBUG org.apache.hc.client5.http.wire - http-outgoing-27 << "Content-Type: text/plain; charset=utf-8[\r][\n]"
09:49:12.867 [main] DEBUG org.apache.hc.client5.http.wire - http-outgoing-27 << "ETag: W/"e82b438271e9e8680c688b0b680efd0bdd22faa6d6f0a32fc1fd8accc486b67e"[\r][\n]"
09:49:12.867 [main] DEBUG org.apache.hc.client5.http.wire - http-outgoing-27 << "Strict-Transport-Security: max-age=31536000[\r][\n]"
09:49:12.867 [main] DEBUG org.apache.hc.client5.http.wire - http-outgoing-27 << "X-Content-Type-Options: nosniff[\r][\n]"
09:49:12.867 [main] DEBUG org.apache.hc.client5.http.wire - http-outgoing-27 << "X-Frame-Options: deny[\r][\n]"
09:49:12.867 [main] DEBUG org.apache.hc.client5.http.wire - http-outgoing-27 << "X-XSS-Protection: 1; mode=block[\r][\n]"
09:49:12.867 [main] DEBUG org.apache.hc.client5.http.wire - http-outgoing-27 << "X-GitHub-Request-Id: 4CA0:B8C7F:70C4E:8CACE:651389F9[\r][\n]"
09:49:12.867 [main] DEBUG org.apache.hc.client5.http.wire - http-outgoing-27 << "Content-Encoding: gzip[\r][\n]"
09:49:12.867 [main] DEBUG org.apache.hc.client5.http.wire - http-outgoing-27 << "Accept-Ranges: bytes[\r][\n]"
09:49:12.867 [main] DEBUG org.apache.hc.client5.http.wire - http-outgoing-27 << "Date: Sat, 30 Sep 2023 02:49:23 GMT[\r][\n]"
09:49:12.867 [main] DEBUG org.apache.hc.client5.http.wire - http-outgoing-27 << "Via: 1.1 varnish[\r][\n]"
09:49:12.867 [main] DEBUG org.apache.hc.client5.http.wire - http-outgoing-27 << "X-Served-By: cache-qpg1243-QPG[\r][\n]"
09:49:12.867 [main] DEBUG org.apache.hc.client5.http.wire - http-outgoing-27 << "X-Cache: HIT[\r][\n]"
09:49:12.867 [main] DEBUG org.apache.hc.client5.http.wire - http-outgoing-27 << "X-Cache-Hits: 1[\r][\n]"
09:49:12.867 [main] DEBUG org.apache.hc.client5.http.wire - http-outgoing-27 << "X-Timer: S1696042164.696074,VS0,VE1[\r][\n]"
09:49:12.867 [main] DEBUG org.apache.hc.client5.http.wire - http-outgoing-27 << "Vary: Authorization,Accept-Encoding,Origin[\r][\n]"
09:49:12.867 [main] DEBUG org.apache.hc.client5.http.wire - http-outgoing-27 << "Access-Control-Allow-Origin: *[\r][\n]"
09:49:12.867 [main] DEBUG org.apache.hc.client5.http.wire - http-outgoing-27 << "Cross-Origin-Resource-Policy: cross-origin[\r][\n]"
09:49:12.867 [main] DEBUG org.apache.hc.client5.http.wire - http-outgoing-27 << "X-Fastly-Request-ID: 20a043758f3326fb3c282ddfa1f5b4d952eb81f1[\r][\n]"
09:49:12.867 [main] DEBUG org.apache.hc.client5.http.wire - http-outgoing-27 << "Expires: Sat, 30 Sep 2023 02:54:23 GMT[\r][\n]"
09:49:12.867 [main] DEBUG org.apache.hc.client5.http.wire - http-outgoing-27 << "Source-Age: 73[\r][\n]"
09:49:12.867 [main] DEBUG org.apache.hc.client5.http.wire - http-outgoing-27 << "[\r][\n]"
09:49:12.867 [main] DEBUG org.apache.hc.client5.http.headers - http-outgoing-27 << HTTP/1.1 200 OK
09:49:12.867 [main] DEBUG org.apache.hc.client5.http.headers - http-outgoing-27 << Connection: keep-alive
09:49:12.867 [main] DEBUG org.apache.hc.client5.http.headers - http-outgoing-27 << Content-Length: 723
09:49:12.867 [main] DEBUG org.apache.hc.client5.http.headers - http-outgoing-27 << Cache-Control: max-age=300
09:49:12.867 [main] DEBUG org.apache.hc.client5.http.headers - http-outgoing-27 << Content-Security-Policy: default-src 'none'; style-src 'unsafe-inline'; sandbox
09:49:12.867 [main] DEBUG org.apache.hc.client5.http.headers - http-outgoing-27 << Content-Type: text/plain; charset=utf-8
09:49:12.867 [main] DEBUG org.apache.hc.client5.http.headers - http-outgoing-27 << ETag: W/"e82b438271e9e8680c688b0b680efd0bdd22faa6d6f0a32fc1fd8accc486b67e"
09:49:12.867 [main] DEBUG org.apache.hc.client5.http.headers - http-outgoing-27 << Strict-Transport-Security: max-age=31536000
09:49:12.867 [main] DEBUG org.apache.hc.client5.http.headers - http-outgoing-27 << X-Content-Type-Options: nosniff
09:49:12.867 [main] DEBUG org.apache.hc.client5.http.headers - http-outgoing-27 << X-Frame-Options: deny
09:49:12.867 [main] DEBUG org.apache.hc.client5.http.headers - http-outgoing-27 << X-XSS-Protection: 1; mode=block
09:49:12.867 [main] DEBUG org.apache.hc.client5.http.headers - http-outgoing-27 << X-GitHub-Request-Id: 4CA0:B8C7F:70C4E:8CACE:651389F9
09:49:12.867 [main] DEBUG org.apache.hc.client5.http.headers - http-outgoing-27 << Content-Encoding: gzip
09:49:12.867 [main] DEBUG org.apache.hc.client5.http.headers - http-outgoing-27 << Accept-Ranges: bytes
09:49:12.867 [main] DEBUG org.apache.hc.client5.http.headers - http-outgoing-27 << Date: Sat, 30 Sep 2023 02:49:23 GMT
09:49:12.867 [main] DEBUG org.apache.hc.client5.http.headers - http-outgoing-27 << Via: 1.1 varnish
09:49:12.867 [main] DEBUG org.apache.hc.client5.http.headers - http-outgoing-27 << X-Served-By: cache-qpg1243-QPG
09:49:12.867 [main] DEBUG org.apache.hc.client5.http.headers - http-outgoing-27 << X-Cache: HIT
09:49:12.867 [main] DEBUG org.apache.hc.client5.http.headers - http-outgoing-27 << X-Cache-Hits: 1
09:49:12.867 [main] DEBUG org.apache.hc.client5.http.headers - http-outgoing-27 << X-Timer: S1696042164.696074,VS0,VE1
09:49:12.867 [main] DEBUG org.apache.hc.client5.http.headers - http-outgoing-27 << Vary: Authorization,Accept-Encoding,Origin
09:49:12.867 [main] DEBUG org.apache.hc.client5.http.headers - http-outgoing-27 << Access-Control-Allow-Origin: *
09:49:12.867 [main] DEBUG org.apache.hc.client5.http.headers - http-outgoing-27 << Cross-Origin-Resource-Policy: cross-origin
09:49:12.867 [main] DEBUG org.apache.hc.client5.http.headers - http-outgoing-27 << X-Fastly-Request-ID: 20a043758f3326fb3c282ddfa1f5b4d952eb81f1
09:49:12.867 [main] DEBUG org.apache.hc.client5.http.headers - http-outgoing-27 << Expires: Sat, 30 Sep 2023 02:54:23 GMT
09:49:12.867 [main] DEBUG org.apache.hc.client5.http.headers - http-outgoing-27 << Source-Age: 73
09:49:12.867 [main] DEBUG org.apache.hc.client5.http.impl.classic.MainClientExec - ex-00000025: connection can be kept alive for 3 MINUTES
09:49:12.867 [main] DEBUG org.apache.hc.client5.http.wire - http-outgoing-27 << "[0x1f][0xffffff8b][0x8][0x0][0x0][0x0][0x0][0x0][0x0][0x3][0xffffffb5]V]o[0xffffffda]0[0x14]}[0xffffffe7]W\[0xffffff81]*[0xffffffb5][0x12][0x1f][[M[0xffffffd3]$[0x1e]hF[0xffffffbb]i [0x18][0xffffffb4][0xffffffdd]&[0xfffffff9][0xffffffc5]$7[0xffffffc1]R[0x12]#;[0xffffff94]v[0xffffffbf]~[0xffffffb6][0xfffffff3]1[0xffffff92][0xffffff9a][0xffffffc1][0x1a]x[0xffffffcb][0xffffffb5][0xffffffaf][0xffffffcf]9[0xffffffbe][0xfffffff7]8v[0xb][0x1c][0x1e]E4[0xfffffff6]$x4[0xffffffa1][0xb]*[0xffffffb1][0xffffffd1][0xffffff82][0xfffffffb]%[0xffffff93][0xffffffe0][0xffffffb3][0x10][0xffffffc1][0xffffffe5]qBY,!Y[0xffffffea] KM8,[0x10][0xfffffff0][0x19][0xffffffdd]u[0xffffff82][0x1e][0xffffffb0][0xffffffd8]L[0xffffffcb]%[0xffffff86][0xffffffa1][0xe][0xffffffb8][0xfffffff0]P[0xffffffe8]$[0xf][0x13]t[0x13]3[0xfffffff9][0xffffff84]B2[0xffffffae][0xffffffe6]|@[0xfffffff5][0x1d][0x8][0xffffffc4][0x18][0x16][0xffffff82]o[0xffffffa4][0xffffff9a]P[0xffffff94][0xffffffe7][0xffffffce]R[0xfffffff0][0x8][0xffffffdb]p[0xffffffcb][0x4][0xfffffffa][0xfffffffc][0xffffffb9][\r][0xffffff93][0x15][\n]"
09:49:12.867 [main] DEBUG org.apache.hc.client5.http.wire - http-outgoing-27 << "[0xffffffda][0xffffff86][0xffffffa1][0x17][0xffffffa8]Q3[0xffffffcb][0xffffffd6][0xffffffd1][0xffffff85][0xffffffc6][0xfffffff7][0xffffff98][0xffffffef][0xffffffa3][0xffffffc0]8[0x1][0xffffffae]s[0x12][0x16][0x7] _d[0xffffff82][0xffffff91][0xffffff84][0xfffffff3][0x1f],[0xfffffff6][0x14]j[0x1b]F,^+[0xffffff98]1ua2[0xffffffbf]h([0xffffff8e][0xffffff94][0xffffffa2][0xffffff91]m[0xffffffa3][0xffffffeb][0xffffff9a][0xffffffb0][0xffffffbb]I[0x17]t[0xffffffdf][0xffffffbd][0xffffffef][0xffffffbb][0xffffff91][0xffffffd7]U[0xffffffbb][0xffffff82][0xffffff9e][0x3][0xffffff9b][0xffffff88][0xffffffb9][0xffffffa6]$[0xffffffa6][0xc][0xffffff9b][0xffffffa5][0xffffffe2][0xffffff83][0xffffff98]F[0xffffffd8]o[0xffffff9e]Mg[0xffffff93][0xffffffbb][0xffffffd9]`|[0xfffffffb]u4[0xffffff9c][0x7f]"}B[0xffffffce][0x8][0xffffffb9][0xffffffe3]<[0x8][0xffffff91][0xffffff90][0xffffff94][0xffffff82][0xffffff90][0xffffffc1]j[0x15]2WI[0xffffffe3]1![0x19][0xffffff91]BnB[0xffffff80][0x9]<f[0xffffffb5][0xffffffe8]=[0xffffffd1]p[0xffffffbd][[0xffffffcf][0xffffffe5][0x1b][0xfffffff4][0xffffff9c][0xffffffff][0xfffffffc][0xfffffff8][0xffffffe1][0xffffffe2][0xffffff94][0xffffffa2][0xffffffae][0xe][0x14]5[0xffffff9a]8[0xffffff83][0xffffffd1]`:[0xfffffffd]<[0xffffffb8][0x1f][0xffffff9c]R[0xffffffcf]u[0x7f]6[0xffffffbc][0xffffff83][0xffffffef][0xf][0xffffffc3][0xffffffd9]/[0xfffffff8][0xfffffff2][0xffffffcd]y s[0xffffffee]'[0x1b]*0g[0xffffffcb][0xffffffc8]nF7H][0xffffff83][0xffffff97]{[0xffffffb1]Q[0x5][\r][0xffffffb5]c[0xffffffb4][0xf][0x2][0xffffffb3][0xffffffb4][0xffffff93][0xe]C[0xffffffa7][0xffffffb3]kAD][0xffffff9d][0xffffffde][0xffffffdb][0xffffffda][0xffffff88][0xffffffec][0xffffffa5][0xffffffbc][0xffffff99][0xffffffd9][0xffffffba]t[0xffffffb5][0xffffffea]9[0xffffffea][0x10])[0xffffffb7][0xffffffca][0xffffff9e][0xfffffff2][0xffffffe2]d^N[0xffffffd8]FW[0x16][0xffffffcd][0xffffffdc]_[0x10][0xfffffff9]i|[0x1c][0xffffff93][0xffffff8e][0xfffffff9]o[0x16][0xffffff86]4'!$G[0xffffffdf]W[0xfffffff4]W*j[[0xfffffff3]xR[0xffffffae][0xffffffb6][0xc][0xffffffd0],; #[0xffffffa9][0xffffff92]5[0xffffffb5][0x7][0xffffff9c][0xffffffb5][0xffffffd0][0x7f][0xffffff90][0xffffffc7]jgs[0xfffffffc][0xffffffc2][0xb][0xffffffd9][0x0]t[0xffffff9e]^'Y[0xfffffffb][0xffffff9f][0xffffffb1][0xffffffd8]:[0xffffffbf][0xffffff8d][0xffffffa5][0xffffff9a][0xffffffad][0x7f]m[0x5]&[0xffffffaa][0xffffffa0]^[0xffffff9b][0xffffffcb][0x5]f[0xffffffae][0xffffffe0]RU[0xffffff82][0x10]MS9l[0xffffff91]4t[0xfffffffb][0xffffff8a]][0xffffffd6][0xfffffff4][0xffffff96][0xffffffa6][0xffffff9f]P[0xffffffce][0xffffffd5][0xffffffce][0xffffff93][0xffffffff][0xffffff97][0xffffffcc]p[0xfffffffd][0xfffffff3][0xffffffe8][0x1b][0xffffffcc][0xffffffa2][0xffffffd9]Q[0xffffffbe][0xffffffb2][0xffffffa3][0xffffffc7]m'[0xffffffdf][0xffffffe4][[0xfffffffb]^[0xffffffb0][0xffffff9a][0xffffffbe][0xffffffda][0xffffffda]_[0xffffffce][0xffffff80][0xffffffd2][0xffffffc1]7[0xffffffb7]][0xffffffc1]b[0xffffffee][0xffffffb5][0xffffffff]w[0xffffff83][0xffffffed][0xffffffa7];[0x15]<[0x10]4[0xffffff92][0xffffff84][0x18][\n]"
09:49:12.867 [main] DEBUG org.apache.hc.client5.http.wire - http-outgoing-27 << "BB[0xffffffba][0xffffff8e]][0xffffffb5]jo[0xffffffb9]+"[0xffffffea][0xffffffb4][0xffffffff]h"[0xffffffea]\?5[0xffffffa9][0xffffffaf]k[0xffffffec][0xffffffff]P[0xffffffea][\n]"
09:49:12.867 [main] DEBUG org.apache.hc.client5.http.wire - http-outgoing-27 << "w[0xffffffe1]K[0x13][0xffffffda][0xffffffec][0xffffff98][0xffffffe6]Y[0xfffffffd]h8m6[0xffffff9c]T[0xffffffc1][0xfffffff2][0xffffffa7][0xffffff91]z_[0xffffff95]o85p[0x1c][0x13][0xffffffe6][0xfffffff0]5[0xffffffee][0xfffffffc][0xffffff92][0xffffff96][0xffffffda][0xfffffff7][0xffffffcf][0xffffffb1][0x5][0x1d][0xffffffea]K[0xffffff9b]9[0xffffff8e][0xffffffad]e[0xfffffff7][0xffffff93][0xffffffa8]`[0xffffffda][0xffffffff][0x1a][0xffffffd2][0xffffff88][0xffffff85][0xfffffffd][0xfffffff2][0xffffff91]N[0xfffffff6]`[0xffffffdf]2[0xffffffcf][0xffffffae]E[0xffffff97][0xffffffc5][0xffffffa2][0xffffff9d][0xffffffef]'[0xffffff9d]mun.[0xffffffd3]f^[0xffffffc7][0xffffff82][0xffffffda][0xffffff82]9[0xfffffff5][0xffffffa9]`[0x5][0xffffffbc]4[0xffffffa1][0x1d]<M[0xffffffb5]A[0xffffffa7]3[[0xffffffc0][0x7f][0x0][0xffffffc1][0xffffffd0]$[0xffffff85][0x1d][\r][0x0][0x0]"
09:49:12.867 [main] DEBUG org.apache.hc.client5.http.impl.classic.InternalHttpClient - ep-00000024: releasing valid endpoint
09:49:12.867 [main] DEBUG org.apache.hc.client5.http.impl.io.PoolingHttpClientConnectionManager - ep-00000024: releasing endpoint
09:49:12.867 [main] DEBUG org.apache.hc.client5.http.impl.io.PoolingHttpClientConnectionManager - ep-00000024: connection http-outgoing-27 can be kept alive for 3 MINUTES
09:49:12.867 [main] DEBUG org.apache.hc.client5.http.impl.io.PoolingHttpClientConnectionManager - ep-00000024: connection released [route: {s}->https://raw.githubusercontent.com:443][total available: 1; route allocated: 1 of 5; total allocated: 1 of 25]
09:49:12.867 [main] DEBUG io.github.bonigarcia.wdm.versions.VersionDetector - Detecting chrome version using online commands.properties
09:49:12.867 [main] DEBUG io.github.bonigarcia.wdm.versions.Shell - Running command on the shell: [cmd.exe, /C, wmic, datafile, where, name="%PROGRAMFILES:\=\\%\\Google\\Chrome\\Application\\chrome.exe", get, Version, /value]
09:49:12.986 [main] DEBUG io.github.bonigarcia.wdm.versions.Shell - Result: Version=117.0.5938.132
09:49:12.989 [main] DEBUG org.apache.hc.client5.http.impl.classic.InternalHttpClient - ex-00000026: preparing request execution
09:49:12.989 [main] DEBUG org.apache.hc.client5.http.protocol.RequestAddCookies - Cookie spec selected: strict
09:49:12.989 [main] DEBUG org.apache.hc.client5.http.protocol.RequestAuthCache - Auth cache not set in the context
09:49:12.989 [main] DEBUG org.apache.hc.client5.http.impl.classic.ProtocolExec - ex-00000026: target auth state: UNCHALLENGED
09:49:12.989 [main] DEBUG org.apache.hc.client5.http.impl.classic.ProtocolExec - ex-00000026: proxy auth state: UNCHALLENGED
09:49:12.989 [main] DEBUG org.apache.hc.client5.http.impl.classic.ConnectExec - ex-00000026: acquiring connection with route {s}->https://chromedriver.storage.googleapis.com:443
09:49:12.989 [main] DEBUG org.apache.hc.client5.http.impl.classic.InternalHttpClient - ex-00000026: acquiring endpoint (3 MINUTES)
09:49:12.989 [main] DEBUG org.apache.hc.client5.http.impl.io.PoolingHttpClientConnectionManager - ex-00000026: endpoint lease request (3 MINUTES) [route: {s}->https://chromedriver.storage.googleapis.com:443][total available: 1; route allocated: 0 of 5; total allocated: 1 of 25]
09:49:12.989 [main] DEBUG org.apache.hc.client5.http.impl.io.PoolingHttpClientConnectionManager - ex-00000026: endpoint leased [route: {s}->https://chromedriver.storage.googleapis.com:443][total available: 1; route allocated: 1 of 5; total allocated: 2 of 25]
09:49:12.989 [main] DEBUG org.apache.hc.client5.http.impl.io.PoolingHttpClientConnectionManager - ex-00000026: acquired ep-00000025
09:49:12.989 [main] DEBUG org.apache.hc.client5.http.impl.classic.InternalHttpClient - ex-00000026: acquired endpoint ep-00000025
09:49:12.989 [main] DEBUG org.apache.hc.client5.http.impl.classic.ConnectExec - ex-00000026: opening connection {s}->https://chromedriver.storage.googleapis.com:443
09:49:12.989 [main] DEBUG org.apache.hc.client5.http.impl.classic.InternalHttpClient - ep-00000025: connecting endpoint (30 SECONDS)
09:49:12.989 [main] DEBUG org.apache.hc.client5.http.impl.io.PoolingHttpClientConnectionManager - ep-00000025: connecting endpoint to https://chromedriver.storage.googleapis.com:443 (30 SECONDS)
09:49:12.989 [main] DEBUG org.apache.hc.client5.http.impl.io.DefaultHttpClientConnectionOperator - http-outgoing-28: connecting to chromedriver.storage.googleapis.com/34.101.5.123:443
09:49:12.990 [main] DEBUG org.apache.hc.client5.http.ssl.SSLConnectionSocketFactory - Connecting socket to chromedriver.storage.googleapis.com/34.101.5.123:443 with timeout 30 SECONDS
09:49:12.997 [main] DEBUG org.apache.hc.client5.http.ssl.SSLConnectionSocketFactory - Enabled protocols: [TLSv1.3, TLSv1.2]
09:49:12.997 [main] DEBUG org.apache.hc.client5.http.ssl.SSLConnectionSocketFactory - Enabled cipher suites: [TLS_AES_256_GCM_SHA384, TLS_AES_128_GCM_SHA256, TLS_CHACHA20_POLY1305_SHA256, TLS_ECDHE_ECDSA_WITH_AES_256_GCM_SHA384, TLS_ECDHE_ECDSA_WITH_AES_128_GCM_SHA256, TLS_ECDHE_ECDSA_WITH_CHACHA20_POLY1305_SHA256, TLS_ECDHE_RSA_WITH_AES_256_GCM_SHA384, TLS_ECDHE_RSA_WITH_CHACHA20_POLY1305_SHA256, TLS_ECDHE_RSA_WITH_AES_128_GCM_SHA256, TLS_DHE_RSA_WITH_AES_256_GCM_SHA384, TLS_DHE_RSA_WITH_CHACHA20_POLY1305_SHA256, TLS_DHE_DSS_WITH_AES_256_GCM_SHA384, TLS_DHE_RSA_WITH_AES_128_GCM_SHA256, TLS_DHE_DSS_WITH_AES_128_GCM_SHA256, TLS_ECDHE_ECDSA_WITH_AES_256_CBC_SHA384, TLS_ECDHE_RSA_WITH_AES_256_CBC_SHA384, TLS_ECDHE_ECDSA_WITH_AES_128_CBC_SHA256, TLS_ECDHE_RSA_WITH_AES_128_CBC_SHA256, TLS_DHE_RSA_WITH_AES_256_CBC_SHA256, TLS_DHE_DSS_WITH_AES_256_CBC_SHA256, TLS_DHE_RSA_WITH_AES_128_CBC_SHA256, TLS_DHE_DSS_WITH_AES_128_CBC_SHA256, TLS_ECDH_ECDSA_WITH_AES_256_GCM_SHA384, TLS_ECDH_RSA_WITH_AES_256_GCM_SHA384, TLS_ECDH_ECDSA_WITH_AES_128_GCM_SHA256, TLS_ECDH_RSA_WITH_AES_128_GCM_SHA256, TLS_ECDH_ECDSA_WITH_AES_256_CBC_SHA384, TLS_ECDH_RSA_WITH_AES_256_CBC_SHA384, TLS_ECDH_ECDSA_WITH_AES_128_CBC_SHA256, TLS_ECDH_RSA_WITH_AES_128_CBC_SHA256, TLS_ECDHE_ECDSA_WITH_AES_256_CBC_SHA, TLS_ECDHE_RSA_WITH_AES_256_CBC_SHA, TLS_ECDHE_ECDSA_WITH_AES_128_CBC_SHA, TLS_ECDHE_RSA_WITH_AES_128_CBC_SHA, TLS_DHE_RSA_WITH_AES_256_CBC_SHA, TLS_DHE_DSS_WITH_AES_256_CBC_SHA, TLS_DHE_RSA_WITH_AES_128_CBC_SHA, TLS_DHE_DSS_WITH_AES_128_CBC_SHA, TLS_ECDH_ECDSA_WITH_AES_256_CBC_SHA, TLS_ECDH_RSA_WITH_AES_256_CBC_SHA, TLS_ECDH_ECDSA_WITH_AES_128_CBC_SHA, TLS_ECDH_RSA_WITH_AES_128_CBC_SHA, TLS_RSA_WITH_AES_256_GCM_SHA384, TLS_RSA_WITH_AES_128_GCM_SHA256, TLS_RSA_WITH_AES_256_CBC_SHA256, TLS_RSA_WITH_AES_128_CBC_SHA256, TLS_RSA_WITH_AES_256_CBC_SHA, TLS_RSA_WITH_AES_128_CBC_SHA, TLS_EMPTY_RENEGOTIATION_INFO_SCSV]
09:49:12.997 [main] DEBUG org.apache.hc.client5.http.ssl.SSLConnectionSocketFactory - Starting handshake
09:49:13.029 [main] DEBUG org.apache.hc.client5.http.ssl.SSLConnectionSocketFactory - Secure session established
09:49:13.029 [main] DEBUG org.apache.hc.client5.http.ssl.SSLConnectionSocketFactory -  negotiated protocol: TLSv1.3
09:49:13.029 [main] DEBUG org.apache.hc.client5.http.ssl.SSLConnectionSocketFactory -  negotiated cipher suite: TLS_AES_256_GCM_SHA384
09:49:13.029 [main] DEBUG org.apache.hc.client5.http.ssl.SSLConnectionSocketFactory -  peer principal: CN=*.storage.googleapis.com
09:49:13.029 [main] DEBUG org.apache.hc.client5.http.ssl.SSLConnectionSocketFactory -  peer alternative names: [*.storage.googleapis.com, *.googleapis.com, commondatastorage.googleapis.com, *.commondatastorage.googleapis.com, storage.googleapis.com, storage-p2.googleapis.com, *.storage-p2.googleapis.com, storage.mtls.googleapis.com, *.appspot.com.storage.googleapis.com, *.content-storage.googleapis.com, *.content-storage-p2.googleapis.com, *.content-storage-upload.googleapis.com, *.content-storage-download.googleapis.com, *.storage-upload.googleapis.com, *.storage-download.googleapis.com]
09:49:13.029 [main] DEBUG org.apache.hc.client5.http.ssl.SSLConnectionSocketFactory -  issuer principal: CN=GTS CA 1C3, O=Google Trust Services LLC, C=US
09:49:13.029 [main] DEBUG org.apache.hc.client5.http.impl.io.DefaultHttpClientConnectionOperator - http-outgoing-28: connection established 192.168.100.42:64373<->34.101.5.123:443
09:49:13.029 [main] DEBUG org.apache.hc.client5.http.impl.io.PoolingHttpClientConnectionManager - ep-00000025: connected http-outgoing-28
09:49:13.029 [main] DEBUG org.apache.hc.client5.http.impl.classic.InternalHttpClient - ep-00000025: endpoint connected
09:49:13.029 [main] DEBUG org.apache.hc.client5.http.impl.classic.MainClientExec - ex-00000026: executing GET /LATEST_RELEASE_117 HTTP/1.1
09:49:13.029 [main] DEBUG org.apache.hc.client5.http.impl.classic.InternalHttpClient - ep-00000025: start execution ex-00000026
09:49:13.029 [main] DEBUG org.apache.hc.client5.http.impl.io.PoolingHttpClientConnectionManager - ep-00000025: executing exchange ex-00000026 over http-outgoing-28
09:49:13.029 [main] DEBUG org.apache.hc.client5.http.headers - http-outgoing-28 >> GET /LATEST_RELEASE_117 HTTP/1.1
09:49:13.029 [main] DEBUG org.apache.hc.client5.http.headers - http-outgoing-28 >> user-agent: Apache-HttpClient/5.0
09:49:13.029 [main] DEBUG org.apache.hc.client5.http.headers - http-outgoing-28 >> accept-encoding: gzip, deflate, br
09:49:13.029 [main] DEBUG org.apache.hc.client5.http.headers - http-outgoing-28 >> cache-control: max-age=0
09:49:13.029 [main] DEBUG org.apache.hc.client5.http.headers - http-outgoing-28 >> connection: keep-alive
09:49:13.029 [main] DEBUG org.apache.hc.client5.http.headers - http-outgoing-28 >> Host: chromedriver.storage.googleapis.com
09:49:13.029 [main] DEBUG org.apache.hc.client5.http.wire - http-outgoing-28 >> "GET /LATEST_RELEASE_117 HTTP/1.1[\r][\n]"
09:49:13.029 [main] DEBUG org.apache.hc.client5.http.wire - http-outgoing-28 >> "user-agent: Apache-HttpClient/5.0[\r][\n]"
09:49:13.029 [main] DEBUG org.apache.hc.client5.http.wire - http-outgoing-28 >> "accept-encoding: gzip, deflate, br[\r][\n]"
09:49:13.029 [main] DEBUG org.apache.hc.client5.http.wire - http-outgoing-28 >> "cache-control: max-age=0[\r][\n]"
09:49:13.029 [main] DEBUG org.apache.hc.client5.http.wire - http-outgoing-28 >> "connection: keep-alive[\r][\n]"
09:49:13.029 [main] DEBUG org.apache.hc.client5.http.wire - http-outgoing-28 >> "Host: chromedriver.storage.googleapis.com[\r][\n]"
09:49:13.029 [main] DEBUG org.apache.hc.client5.http.wire - http-outgoing-28 >> "[\r][\n]"
09:49:13.265 [main] DEBUG org.apache.hc.client5.http.wire - http-outgoing-28 << "HTTP/1.1 404 Not Found[\r][\n]"
09:49:13.265 [main] DEBUG org.apache.hc.client5.http.wire - http-outgoing-28 << "X-GUploader-UploadID: ADPycduVnpwsf8bnlzzLGOOC_vMvkYoPnZf5jhgv6G6-V_kpCGxEhKYD5RKZm5eHV-FPNF5I6RjdlnbIHbYzgMyp5UDkfIL9pl0H[\r][\n]"
09:49:13.265 [main] DEBUG org.apache.hc.client5.http.wire - http-outgoing-28 << "Content-Type: application/xml; charset=UTF-8[\r][\n]"
09:49:13.265 [main] DEBUG org.apache.hc.client5.http.wire - http-outgoing-28 << "Content-Length: 193[\r][\n]"
09:49:13.265 [main] DEBUG org.apache.hc.client5.http.wire - http-outgoing-28 << "Date: Sat, 30 Sep 2023 02:49:24 GMT[\r][\n]"
09:49:13.265 [main] DEBUG org.apache.hc.client5.http.wire - http-outgoing-28 << "Expires: Sat, 30 Sep 2023 02:49:24 GMT[\r][\n]"
09:49:13.265 [main] DEBUG org.apache.hc.client5.http.wire - http-outgoing-28 << "Cache-Control: private, max-age=0[\r][\n]"
09:49:13.265 [main] DEBUG org.apache.hc.client5.http.wire - http-outgoing-28 << "Server: UploadServer[\r][\n]"
09:49:13.265 [main] DEBUG org.apache.hc.client5.http.wire - http-outgoing-28 << "Alt-Svc: h3=":443"; ma=2592000,h3-29=":443"; ma=2592000[\r][\n]"
09:49:13.265 [main] DEBUG org.apache.hc.client5.http.wire - http-outgoing-28 << "[\r][\n]"
09:49:13.265 [main] DEBUG org.apache.hc.client5.http.wire - http-outgoing-28 << "<?xml version='1.0' encoding='UTF-8'?><Error><Code>NoSuchKey</Code><Message>The specified key does not exist.</Message><Details>No such object: chromedriver/LATEST_RELEASE_117</Details></Error>"
09:49:13.265 [main] DEBUG org.apache.hc.client5.http.headers - http-outgoing-28 << HTTP/1.1 404 Not Found
09:49:13.265 [main] DEBUG org.apache.hc.client5.http.headers - http-outgoing-28 << X-GUploader-UploadID: ADPycduVnpwsf8bnlzzLGOOC_vMvkYoPnZf5jhgv6G6-V_kpCGxEhKYD5RKZm5eHV-FPNF5I6RjdlnbIHbYzgMyp5UDkfIL9pl0H
09:49:13.265 [main] DEBUG org.apache.hc.client5.http.headers - http-outgoing-28 << Content-Type: application/xml; charset=UTF-8
09:49:13.265 [main] DEBUG org.apache.hc.client5.http.headers - http-outgoing-28 << Content-Length: 193
09:49:13.265 [main] DEBUG org.apache.hc.client5.http.headers - http-outgoing-28 << Date: Sat, 30 Sep 2023 02:49:24 GMT
09:49:13.265 [main] DEBUG org.apache.hc.client5.http.headers - http-outgoing-28 << Expires: Sat, 30 Sep 2023 02:49:24 GMT
09:49:13.265 [main] DEBUG org.apache.hc.client5.http.headers - http-outgoing-28 << Cache-Control: private, max-age=0
09:49:13.265 [main] DEBUG org.apache.hc.client5.http.headers - http-outgoing-28 << Server: UploadServer
09:49:13.265 [main] DEBUG org.apache.hc.client5.http.headers - http-outgoing-28 << Alt-Svc: h3=":443"; ma=2592000,h3-29=":443"; ma=2592000
09:49:13.265 [main] DEBUG org.apache.hc.client5.http.impl.classic.MainClientExec - ex-00000026: connection can be kept alive for 3 MINUTES
09:49:13.265 [main] ERROR io.github.bonigarcia.wdm.online.HttpClient - Error HTTP 404 executing https://chromedriver.storage.googleapis.com/LATEST_RELEASE_117
09:49:13.265 [main] WARN io.github.bonigarcia.wdm.versions.VersionDetector - Exception reading https://chromedriver.storage.googleapis.com/LATEST_RELEASE_117 to get latest version of chromedriver (Error HTTP 404 executing https://chromedriver.storage.googleapis.com/LATEST_RELEASE_117)
09:49:13.278 [main] DEBUG io.github.bonigarcia.wdm.versions.VersionDetector - Getting driver version for chrome117 from online versions.properties
09:49:13.278 [main] DEBUG org.apache.hc.client5.http.impl.classic.InternalHttpClient - ex-00000027: preparing request execution
09:49:13.278 [main] DEBUG org.apache.hc.client5.http.protocol.RequestAddCookies - Cookie spec selected: strict
09:49:13.278 [main] DEBUG org.apache.hc.client5.http.protocol.RequestAuthCache - Auth cache not set in the context
09:49:13.278 [main] DEBUG org.apache.hc.client5.http.impl.classic.ProtocolExec - ex-00000027: target auth state: UNCHALLENGED
09:49:13.278 [main] DEBUG org.apache.hc.client5.http.impl.classic.ProtocolExec - ex-00000027: proxy auth state: UNCHALLENGED
09:49:13.278 [main] DEBUG org.apache.hc.client5.http.impl.classic.ConnectExec - ex-00000027: acquiring connection with route {s}->https://raw.githubusercontent.com:443
09:49:13.278 [main] DEBUG org.apache.hc.client5.http.impl.classic.InternalHttpClient - ex-00000027: acquiring endpoint (3 MINUTES)
09:49:13.278 [main] DEBUG org.apache.hc.client5.http.impl.io.PoolingHttpClientConnectionManager - ex-00000027: endpoint lease request (3 MINUTES) [route: {s}->https://raw.githubusercontent.com:443][total available: 1; route allocated: 1 of 5; total allocated: 2 of 25]
09:49:13.278 [main] DEBUG org.apache.hc.client5.http.impl.io.PoolingHttpClientConnectionManager - ex-00000027: endpoint leased [route: {s}->https://raw.githubusercontent.com:443][total available: 0; route allocated: 1 of 5; total allocated: 2 of 25]
09:49:13.278 [main] DEBUG org.apache.hc.client5.http.impl.io.PoolingHttpClientConnectionManager - ex-00000027: acquired ep-00000026
09:49:13.278 [main] DEBUG org.apache.hc.client5.http.impl.classic.InternalHttpClient - ex-00000027: acquired endpoint ep-00000026
09:49:13.278 [main] DEBUG org.apache.hc.client5.http.impl.classic.MainClientExec - ex-00000027: executing GET /bonigarcia/webdrivermanager/master/src/main/resources/versions.properties HTTP/1.1
09:49:13.278 [main] DEBUG org.apache.hc.client5.http.impl.classic.InternalHttpClient - ep-00000026: start execution ex-00000027
09:49:13.278 [main] DEBUG org.apache.hc.client5.http.impl.io.PoolingHttpClientConnectionManager - ep-00000026: executing exchange ex-00000027 over http-outgoing-27
09:49:13.278 [main] DEBUG org.apache.hc.client5.http.headers - http-outgoing-27 >> GET /bonigarcia/webdrivermanager/master/src/main/resources/versions.properties HTTP/1.1
09:49:13.278 [main] DEBUG org.apache.hc.client5.http.headers - http-outgoing-27 >> user-agent: Apache-HttpClient/5.0
09:49:13.278 [main] DEBUG org.apache.hc.client5.http.headers - http-outgoing-27 >> accept-encoding: gzip, deflate, br
09:49:13.278 [main] DEBUG org.apache.hc.client5.http.headers - http-outgoing-27 >> cache-control: max-age=0
09:49:13.278 [main] DEBUG org.apache.hc.client5.http.headers - http-outgoing-27 >> connection: keep-alive
09:49:13.278 [main] DEBUG org.apache.hc.client5.http.headers - http-outgoing-27 >> Host: raw.githubusercontent.com
09:49:13.278 [main] DEBUG org.apache.hc.client5.http.wire - http-outgoing-27 >> "GET /bonigarcia/webdrivermanager/master/src/main/resources/versions.properties HTTP/1.1[\r][\n]"
09:49:13.278 [main] DEBUG org.apache.hc.client5.http.wire - http-outgoing-27 >> "user-agent: Apache-HttpClient/5.0[\r][\n]"
09:49:13.278 [main] DEBUG org.apache.hc.client5.http.wire - http-outgoing-27 >> "accept-encoding: gzip, deflate, br[\r][\n]"
09:49:13.278 [main] DEBUG org.apache.hc.client5.http.wire - http-outgoing-27 >> "cache-control: max-age=0[\r][\n]"
09:49:13.278 [main] DEBUG org.apache.hc.client5.http.wire - http-outgoing-27 >> "connection: keep-alive[\r][\n]"
09:49:13.278 [main] DEBUG org.apache.hc.client5.http.wire - http-outgoing-27 >> "Host: raw.githubusercontent.com[\r][\n]"
09:49:13.278 [main] DEBUG org.apache.hc.client5.http.wire - http-outgoing-27 >> "[\r][\n]"
09:49:13.310 [main] DEBUG org.apache.hc.client5.http.wire - http-outgoing-27 << "HTTP/1.1 200 OK[\r][\n]"
09:49:13.310 [main] DEBUG org.apache.hc.client5.http.wire - http-outgoing-27 << "Connection: keep-alive[\r][\n]"
09:49:13.310 [main] DEBUG org.apache.hc.client5.http.wire - http-outgoing-27 << "Content-Length: 1615[\r][\n]"
09:49:13.310 [main] DEBUG org.apache.hc.client5.http.wire - http-outgoing-27 << "Cache-Control: max-age=300[\r][\n]"
09:49:13.310 [main] DEBUG org.apache.hc.client5.http.wire - http-outgoing-27 << "Content-Security-Policy: default-src 'none'; style-src 'unsafe-inline'; sandbox[\r][\n]"
09:49:13.310 [main] DEBUG org.apache.hc.client5.http.wire - http-outgoing-27 << "Content-Type: text/plain; charset=utf-8[\r][\n]"
09:49:13.310 [main] DEBUG org.apache.hc.client5.http.wire - http-outgoing-27 << "ETag: W/"65e8ec46ef4920945cc03f0386cc600d8027ed4440e101d5729220d93bfa6f0f"[\r][\n]"
09:49:13.310 [main] DEBUG org.apache.hc.client5.http.wire - http-outgoing-27 << "Strict-Transport-Security: max-age=31536000[\r][\n]"
09:49:13.310 [main] DEBUG org.apache.hc.client5.http.wire - http-outgoing-27 << "X-Content-Type-Options: nosniff[\r][\n]"
09:49:13.310 [main] DEBUG org.apache.hc.client5.http.wire - http-outgoing-27 << "X-Frame-Options: deny[\r][\n]"
09:49:13.310 [main] DEBUG org.apache.hc.client5.http.wire - http-outgoing-27 << "X-XSS-Protection: 1; mode=block[\r][\n]"
09:49:13.310 [main] DEBUG org.apache.hc.client5.http.wire - http-outgoing-27 << "X-GitHub-Request-Id: 4D10:B89CD:6D987:89792:651389FC[\r][\n]"
09:49:13.310 [main] DEBUG org.apache.hc.client5.http.wire - http-outgoing-27 << "Content-Encoding: gzip[\r][\n]"
09:49:13.310 [main] DEBUG org.apache.hc.client5.http.wire - http-outgoing-27 << "Accept-Ranges: bytes[\r][\n]"
09:49:13.310 [main] DEBUG org.apache.hc.client5.http.wire - http-outgoing-27 << "Date: Sat, 30 Sep 2023 02:49:24 GMT[\r][\n]"
09:49:13.310 [main] DEBUG org.apache.hc.client5.http.wire - http-outgoing-27 << "Via: 1.1 varnish[\r][\n]"
09:49:13.310 [main] DEBUG org.apache.hc.client5.http.wire - http-outgoing-27 << "X-Served-By: cache-qpg1243-QPG[\r][\n]"
09:49:13.310 [main] DEBUG org.apache.hc.client5.http.wire - http-outgoing-27 << "X-Cache: HIT[\r][\n]"
09:49:13.310 [main] DEBUG org.apache.hc.client5.http.wire - http-outgoing-27 << "X-Cache-Hits: 1[\r][\n]"
09:49:13.310 [main] DEBUG org.apache.hc.client5.http.wire - http-outgoing-27 << "X-Timer: S1696042164.137147,VS0,VE2[\r][\n]"
09:49:13.310 [main] DEBUG org.apache.hc.client5.http.wire - http-outgoing-27 << "Vary: Authorization,Accept-Encoding,Origin[\r][\n]"
09:49:13.310 [main] DEBUG org.apache.hc.client5.http.wire - http-outgoing-27 << "Access-Control-Allow-Origin: *[\r][\n]"
09:49:13.310 [main] DEBUG org.apache.hc.client5.http.wire - http-outgoing-27 << "Cross-Origin-Resource-Policy: cross-origin[\r][\n]"
09:49:13.310 [main] DEBUG org.apache.hc.client5.http.wire - http-outgoing-27 << "X-Fastly-Request-ID: dff87788328c260e08b1d5dcb5e28ca3091fbe45[\r][\n]"
09:49:13.310 [main] DEBUG org.apache.hc.client5.http.wire - http-outgoing-27 << "Expires: Sat, 30 Sep 2023 02:54:24 GMT[\r][\n]"
09:49:13.310 [main] DEBUG org.apache.hc.client5.http.wire - http-outgoing-27 << "Source-Age: 165[\r][\n]"
09:49:13.310 [main] DEBUG org.apache.hc.client5.http.wire - http-outgoing-27 << "[\r][\n]"
09:49:13.310 [main] DEBUG org.apache.hc.client5.http.headers - http-outgoing-27 << HTTP/1.1 200 OK
09:49:13.310 [main] DEBUG org.apache.hc.client5.http.headers - http-outgoing-27 << Connection: keep-alive
09:49:13.310 [main] DEBUG org.apache.hc.client5.http.headers - http-outgoing-27 << Content-Length: 1615
09:49:13.310 [main] DEBUG org.apache.hc.client5.http.headers - http-outgoing-27 << Cache-Control: max-age=300
09:49:13.310 [main] DEBUG org.apache.hc.client5.http.headers - http-outgoing-27 << Content-Security-Policy: default-src 'none'; style-src 'unsafe-inline'; sandbox
09:49:13.310 [main] DEBUG org.apache.hc.client5.http.headers - http-outgoing-27 << Content-Type: text/plain; charset=utf-8
09:49:13.310 [main] DEBUG org.apache.hc.client5.http.headers - http-outgoing-27 << ETag: W/"65e8ec46ef4920945cc03f0386cc600d8027ed4440e101d5729220d93bfa6f0f"
09:49:13.310 [main] DEBUG org.apache.hc.client5.http.headers - http-outgoing-27 << Strict-Transport-Security: max-age=31536000
09:49:13.310 [main] DEBUG org.apache.hc.client5.http.headers - http-outgoing-27 << X-Content-Type-Options: nosniff
09:49:13.310 [main] DEBUG org.apache.hc.client5.http.headers - http-outgoing-27 << X-Frame-Options: deny
09:49:13.310 [main] DEBUG org.apache.hc.client5.http.headers - http-outgoing-27 << X-XSS-Protection: 1; mode=block
09:49:13.310 [main] DEBUG org.apache.hc.client5.http.headers - http-outgoing-27 << X-GitHub-Request-Id: 4D10:B89CD:6D987:89792:651389FC
09:49:13.310 [main] DEBUG org.apache.hc.client5.http.headers - http-outgoing-27 << Content-Encoding: gzip
09:49:13.310 [main] DEBUG org.apache.hc.client5.http.headers - http-outgoing-27 << Accept-Ranges: bytes
09:49:13.310 [main] DEBUG org.apache.hc.client5.http.headers - http-outgoing-27 << Date: Sat, 30 Sep 2023 02:49:24 GMT
09:49:13.310 [main] DEBUG org.apache.hc.client5.http.headers - http-outgoing-27 << Via: 1.1 varnish
09:49:13.310 [main] DEBUG org.apache.hc.client5.http.headers - http-outgoing-27 << X-Served-By: cache-qpg1243-QPG
09:49:13.310 [main] DEBUG org.apache.hc.client5.http.headers - http-outgoing-27 << X-Cache: HIT
09:49:13.310 [main] DEBUG org.apache.hc.client5.http.headers - http-outgoing-27 << X-Cache-Hits: 1
09:49:13.310 [main] DEBUG org.apache.hc.client5.http.headers - http-outgoing-27 << X-Timer: S1696042164.137147,VS0,VE2
09:49:13.310 [main] DEBUG org.apache.hc.client5.http.headers - http-outgoing-27 << Vary: Authorization,Accept-Encoding,Origin
09:49:13.310 [main] DEBUG org.apache.hc.client5.http.headers - http-outgoing-27 << Access-Control-Allow-Origin: *
09:49:13.310 [main] DEBUG org.apache.hc.client5.http.headers - http-outgoing-27 << Cross-Origin-Resource-Policy: cross-origin
09:49:13.310 [main] DEBUG org.apache.hc.client5.http.headers - http-outgoing-27 << X-Fastly-Request-ID: dff87788328c260e08b1d5dcb5e28ca3091fbe45
09:49:13.310 [main] DEBUG org.apache.hc.client5.http.headers - http-outgoing-27 << Expires: Sat, 30 Sep 2023 02:54:24 GMT
09:49:13.310 [main] DEBUG org.apache.hc.client5.http.headers - http-outgoing-27 << Source-Age: 165
09:49:13.310 [main] DEBUG org.apache.hc.client5.http.impl.classic.MainClientExec - ex-00000027: connection can be kept alive for 3 MINUTES
09:49:13.310 [main] DEBUG org.apache.hc.client5.http.wire - http-outgoing-27 << "[0x1f][0xffffff8b][0x8][0x0][0x0][0x0][0x0][0x0][0x0][0x3][0xffffff8d][0xffffff97]Ko#7[0xc][0xffffffc7][0xffffffef][0xfffffff9][0x14][0x3][0xfffffff4][0x1c]YO[0xffffff8a][\n]"
09:49:13.310 [main] DEBUG org.apache.hc.client5.http.wire - http-outgoing-27 << "[0xffffffa0]K[0xffffff9f][0xffffffa7][0xffffffa2][0xffffff87][0xfffffff6][0xb]x[0xffffffed]Ib[0xffffffac][0xffffffe3][0x9]lg[0xffffffb3][0xffffffe8][0xffffffa7]/[0xfffffff5][0xffffffa0]F[0xffffff96][[0xffffffa0][0xffffff87]`[0xffffff97]?k$[0xffffff92][0xffffffe2]p[0xfffffffe][0xfffffffc]a[0xfffffffa][0xffffffeb][0xfffffff5]p[0xffffff99][0xffffff9e][0xf][0xffffffc7]y[0xffffffda]-[0xffffffa7][0xffffffeb][0xfffffff6]p[0xffffffba]L[0xffffffd7][0xffffffd7]y[0xfffffffa]zZ>O[0xffffffd3][0xfffffffe]|[0xfffffff8]6[0xffffff9f]'[0xfffffffa][0xffffffbb][0x1c][0x16][0xfffffffa]e[0xffffffb7][0xffffffbc][0xffffffbd]o[0xffffffaf][0xffffff87]/[0xffffffb4][0xfffffffa][0xfffffff3]p}[0xffffffcd]+w[0xffffffcb][0xfffffff9]<_[0xffffffde][0xffffff97][0xffffffd3][0xfffffffe]pz[0xffffff99][0xffffffbe][0xffffff9c][0xffffff97][0xffffffcf][0xffffffcb][0xfffffffa][0xffffffc8][0xffffffc3][0xffffffc3][0xf][0xffffffd3][0xffffff8f][0x5]=M[0xffffffbf]-[0xffffffcb][0xb]=[0xfffffff9][0xffffffd3][0xffffffeb]yy[0xffffff9b][0xffffffa7][0xffffffed]i_[0xfffffffe]{[0xfffffff8]x[0xffffff9b][0x1e][0xffffffa7][0xffffff9f][0xfffffff3]QO[0xffffffd3].[0xffffffff]Z[0xe][0xffffffa6][0xffffff87][0xffffffff]\>[0xffffffce][0xffffffbb][0xfffffff9]iz[0xffffffbd]^[0xffffffdf][0xffffff9f]6[0xffffff9b][0xfffffffe]W[0xffffffb1][0xffffffab]O[0xffffff8b][0xffffffe5][0xfffffffc][0xffffffb2][0xffffffd9][0xffffff93][0xffffffbf][0xffffffc7]e[0xffffffbb][0xffffffbf]<[0xffffff94]5J[0xffffffd9]H[0x7f]B[\n]"
09:49:13.310 [main] DEBUG org.apache.hc.client5.http.wire - http-outgoing-27 << "[0xffffffe7][0xffffff8d][0x13]A6n[0xffffff88][0xffffff9b][0xffffffc4][0xffffffc1]k[0x1][0xffffffa6]qM\g[0xffffffae][0xffffff9c][0xffffffb0][0xffffffa1]qE\%[0xffffffee][0xffffffc0][0x8][0xffffffb0][0xffffff8d]K[0xffffffe2]2q[0xffffff8b]Jx[0xffffffcf]\[0xffffff86]H[0x7f][0xffffff99][0xffffffd3][0xfffffff1][0xffffffbe][0xffffffad][0xffffff97]H[0x1c][0x13]7.[0x8][0xffffffaf][0x1a][0xfffffff7][0xffffffc4]}[0xffffffe6][0xffffffd2][\n]"
09:49:13.310 [main] DEBUG org.apache.hc.client5.http.wire - http-outgoing-27 << "[0xffffffd0][0xffffff8d][0x3]qH\[0xffffffdb] `][0xffffffef][0xffffff88][0xffffffbb][0xffffffc4]Up[0xfffffff4]c[0xffffffe3][0x14][0xffffffaf][0xffffffcc][0xfffffff1][0xffffffa6]0|[0xfffffff3]_R[0xffffffbc]2[0xffffffc7]+A[\n]"
09:49:13.310 [main] DEBUG org.apache.hc.client5.http.wire - http-outgoing-27 << "eV[0xffffff87](`[0xffffff99][0x3][0xffffff96][0xffffffb4]_w[0x0][0x5],S[0xffffffc0]68%[0xffffffec][0xffffffca])`[0xffffff99][0x2][0xffffffb6][0x18]@[0x0]'4[0xffffff84][0x18]B[0xffffffa6][0xffffffd6][0xffffffd2][0xffffffd9]L1[0xffffff86][0x14][0xffffffac][0xfffffff5][0xe][0x5][0x1d][0xffffffc3][0xffffffd8][0xffffffc7][0xffffff90]b[0xffffffb5][0x10][0xfffffff4][0xffffff9a][0xffffff83][0x0]1@[0xffffffa6]`[0xffffff85]uL][0xc].S[0xffffff83][0x2]8[0xffffff9e]`c[0xffffffb0][0xffffff99]Rr[0xffffffe8]"[0x19][0xffffff9b][0x18]R[0xffffff90][0xffffffd6]y[0xffffffbf]^j[0xffffffd0]1[0xffffffe8]L[0xffffffe9]J)[0xffffffcb][0xffffff8c]U[0xc]9@K[0x15]@[0xffffffb1]2[0xffffff96]1[0xffffffe4][0xfffffff8][0xffffffac][0xffffff91]Bs[0xffffff9e]0D[0xffffffcc][0xfffffff1][0x19][0xfffffffa]G[0xfffffff3][0xffffffce][0xffffff88][0x11]s|F[[0x11][0xffffff80][0xffffffa9][0xffffff8f][0xffffff98][0xffffffc3][0xffffffd3]([0x5]"S[0xffffff88][0xffffff98][0xffffffc3][0xffffffd3][0xffffff96][0xfffffff6][0xffffffe5]T[0xffffffa0][0xffffff8b][0xffffff98][0xffffffc3]Sh[0x4][0xffffffb2]kh#[0xffffffe6][0xfffffff0][0xffffff94][0xfffffff5][0xffffffc2]p[0xffffff8e][0xffffffd1]D[0xffffffcc][0xffffffd1][0xffffffa5][0xffffff9b]4[0xffffff9c][\n]"
09:49:13.310 [main] DEBUG org.apache.hc.client5.http.wire - http-outgoing-27 << "T[0x11]s[0x18][0xffffff92]2[0xffffffaf]L;NFLa[0xffffff98]@[0xffffffbe]P[0x9]U[0xffffffec]C[0xfffffff4]!c[0xffffffeb][0xffffff84]i[0x14][0xffffffa3][0xffffffc7]L[0xffffffa9]v[0xffffffa8][0xffffffae][0x18][0xfffffffb][0xffffffe8]S [0x6][0xffffff81][0xffffffde][0x5]v[0xffffffc3]C[0xfffffff4][0xffffff90])[0x15][0xffffffb8][0xffffffd2]m[0xf][0x17]}[0xffffff8a][0xffffffc4]xO[0x5][0xffffffb6][0xffffffae][0xffffffb6][0xffffffd1][0xffffffdb][0xffffff8c]5[0xffffffd5]/C[0x13]}[0xffffff8a][0xffffffc4][0x0][0x5][0x4][0xffffffec][0xffffffb2][0xffffffd7]Q[0xffffffd3][0xffffff8d][0xffffffb2][0xffffffa5]n,[0xffffff99],v[0xc]B[0xffffffb2][0xfffffff8]n[0x0][0xffffff93][0xffffffc5][0x19][0x5][0xffffff9f],[0xffffffbe]M[0xffffff80]d[0xffffffb1]3[0xffffffe0][0xffffffc8]j)[0x2][0xffffff9b],[0xffffffce]9[0xffffff98]d[0xfffffff1]y[0xffffff90]|1[0xffffffed][0xffffffbc][0xffffffe4]K{g [0xfffffff9]b[0xffffffcc]MW[0xfffffffb]}[0xfffffff9][0xfffffffb]p<n[0xffffffa7]_[0xf][0xffffffe7][0xfffffff9]y[0xfffffff9][0xffffffde][0xffffffb5][0xffffffb2][0xffffff97]y[0xfffffff7]u[0xfffffff9][0xffffffd7]Nv[0xffffffa1]V[0xfffffff6]B[\r][0xfffffff4][0xffffffe3][0xffffff8b][0xffffffa0][0xffffff96][0xffffffba]y+[l[0xffffffba][0x7]6[0xffffffe7][0xfffffff9]8o/[0xfffffff3][0xffffffe5][0xffffffe1][0xffffffb9][0xffffffec][0xffffffab][0x14]FJ[0x1b][0xffffffe5]n%[0xfffffffe][0xffffff8e][0xffffffc0][0x1d]qw[0xffffffc4][0xffffffde][0x11]sG[0xfffffff4][0x1d]QwD&[0xffffffa2][0xffffff85]n[0xffffff84]:_&[0xffffffeb][0x1a][0xffffff89]w[0xffffffc4][0xffffffdf][0x11][0xffffffb8]#[0xffffffee][0xffffff8e]d[0xffffff9f]UO[0xffffffcc][0x1d][0xffffffd1]wD[0xffffffdd][0x11]9[0xffffff90][0x10]F[0xffffff80]#[0xfffffff0]#[0xffffff80][0x11][0xffffffb8][0x11][0xffffff8c][0xffffffde][0xffffff86][0xffffffd1][0xffffffd9]0[0xfffffffa][0x1a]FWC[0xfffffff2][0xffffff94][0xffffffde][0xffffff9b][0xe][0xffffff88][0xffffffe3][0xffffffe1][0xfffffff4][0xfffffff1][0xffffffbd]`[0xffffffc5][0x18][0xffffffc3][0xffffffb0][0xe]q[0x4]~[0x4]0[0x2]7[0x2];[0xffffff82][0x14][0xffffff80][0xffffffc6][0xe][0xffffffe8][0x11][0xffffffa4][0x0][0xffffffb4][0xffffffef][0xffffff80][0x1c][0xffffff80][0xf]#[0xffffffc8][0xffffff9e]B[0x7][0xfffffffc][0x8]`[0x4]n[0x4]v[0x4]f[0x4]z[0x4]j[0x4]r[0x0][0x10]F[0xffffff90]=u[0x1d][0xffffffc8][0xffffff9e][0xffffffda][0xe][0xffffffc0][0x8][0xffffffdc][0x8][0xffffffb2][0xffffffa7][0xffffffdd][0xb][0x4]f[0x4][0xffffffd9][0xffffffd3][0xffffffae][0xffffffec]!{[0xffffffda][0x15][0x5][0xffffffc8][0x1][0xffffffb8]0[0x2][0x1c][0xffffff81][0x1f]A[0xfffffff6]Tv[0xffffffc0]1[0xffffffe8][0xffffffbb][0xffffffda][0x1f][0xffffffef][0xfffffff3]y[0xffffffdb][0xfffffff5][0xffffffb2]%[0xffffffd9][0xffffffff][0xffffffa7][0xffffff97][0xffffffe5][0xffffff85][0xffffff97][0xffffffe5][0xfffffff9][0xfffffffa][0xffffffb9]=[0xffffffcf][0xffffffc5]b[0xffffff9d]6v[0xffffffb6][0xfffffffc]c[0xffffff96]!*[0xffffffeb][0x1c][0xffffffa4][0xf]S[0xfffffff0][0xffffff8c][0xffffff93][0xffffffec][0xffffffca]2[0xffffffc7]S[0xffffffe9]+[0xffffffd2][\n]"
09:49:13.310 [main] DEBUG org.apache.hc.client5.http.wire - http-outgoing-27 << "[0xffffff95][0xffffffcb]^[0xffffffd6]Q[0x17]*[0xffffff9c]^[0xffffffe4]N[0xffffffd5])][0xffffffb7][0xffffffa1][0xffffffd7][0xffffffb9][0x13]u[0xffffffc8][0xffffffd4][0xffffffdf]H:W)[0xfffffff4][0xffffff82][0xffffff8e][0xe][0xffffffaa][0xffffffd8][0xfffffff5]zNi[0xffffffc6][0xffffffb6][0xffffff97]s!Tjz1G[\n]"
09:49:13.310 [main] DEBUG org.apache.hc.client5.http.wire - http-outgoing-27 << "[0xffffffa0]P[0xffffffdd]K9[0xffffffa5]x[0xffffffb1][0xffffffea][0xffffff95]\[0x12]I[0x5][0xffffffcb]^[0xffffffc8]a[\r][0x1c]C/[0xffffffe3][0x0]*[0xffffffc5]A[0xffffffc3][0x15][0xffffffea]{[0x5]G[0xffffff92][0xffffffb5]P[0xffffffe8][0xfffffff5][K[0x11][0xffffffbd][0xfffffffd]7[0xfffffffa][0xffffffad]@[0xffffffdb][0xffffffc9]7[0xffffffac][0xffffff8e]Q[0x17][0xffffffb8][0x11]o[0x5][0xffffffea][[0xffffffed]V[0xffffffa0][0xffffffea][0xffffffa4][0xffffff9b][0xffffffe3][0xfffffff3]e[0xffffffa7][0xffffffdc][0xffffffd8]U[0xffffffea][\n]"
09:49:13.310 [main] DEBUG org.apache.hc.client5.http.wire - http-outgoing-27 << "7[0xffffffba][0xffffffad]@[0x1c]d[[0xffffffa1][0xffffffbe]Sm[0xffffff9e]!t[0xffffff9a][\r][0xffffffeb][0xfffffff1][0xffffffd4]&V[0xffffffc9][0xffffffc6][0xffffffde]S[0xffffffab]X[0x15][0x1b]%[0xffffffb8]R[0xffffffd3])6[0xffffffe0]Mu'[0xffffffd8][0xffffffb0]^8[0xfffffff5][0xffffff8d]U[0xffffffaf][0xffffffb5][0xffffffcb][0xffffffa2][0xffffffe6][0xffffffb1][0xffffffea]5[0xffffffac][0x17]K[\r]d[0xffffff95]k\[0xffffffd1][0xffffffd4]D:[0xffffffb5][0xffffffa6]j[0xffffffa8][0xffffffd4]Iz[0xffffffb1]V[0xffffffcf][0xffffffa2]v[0xffffffb2]j5[0xffffffcf][0xffffffbb][0xffffffba]N[0xffffffaa]q)S[Y[0xffffff85]Z+N[0xffffffea]-[0xffffff9d]P3[0xffffffd5]Wj0[0xffffff9d]NkgU}[0xffffff95][\r][0x17]z[0xffffffa3][0xffffffaa][0xffffffab]bTqU[0xffffff8c][0xffffffaa][0xffffffad][0xffffff8a]Q[0xffffffa5]U1[0xffffffaa][0xffffffb2]*F[0x15]V[0xffffffc5][0xffffffa8][0xffffffba][0xffffffaa][0x18][0xffffffaa][0x8][0xffffffa9]b[0xffffffc8][0xffffffce][0xffffffb0][0xffffffc9][0x3][0xfffffff6][0xffffffd8]&[0xf]L=[0xffffffc7]&[0xf]tM[0xffffff86][0xffffff85]b[0xffffffdc]([0xffffffb1][0xffffffc3][0xffffffee][0xffffffbc][0xffffffa4][0xffffffd6]3[0xfffffffd][0xffffffb2][0x7f][0xffffff99][0xffffffbb][0xffffffe6][0xfffffff5]v[0xffffff99][0x9][0xfffffffc]g[0xfffffff7][0xffffffda][0xffffffcf][0xffffffdf][0xffffffe6]c[0xffffffda]U[0xffffffbc][0xfffffff1][0xe][0xffffffb9][0xffffff95][0xffffffcd][0xffffffa7][0xffffffc7][0xffffff8f][0xffffffcb][0xffffffa6][0xffffffb1][0xffffffc7][0xffffffb4][0xffffffc9][0xffffffe6][0xffffffba],[0xffffffc7][0xffffffcb][0xffffffe6]s[0xfffffffe]R[0xffffffbb][0xffffffd9]C[0xffffffa2][0xffffffeb][0xffffffb0][0xffffffa9][0xffffff90]Z[0xffffffba][0xffffffc2]Jy[0xffffffd4]T[0xffffff9e][0xffffff94]0e[0xffffffb2]P[0x1e]4[0xffffff95][0xffffffd7][0xffffffb9][0xffffff90][0xb][0xffffffe5]1S[0x1][0xffffffa8]4[0x6][0x16][0xffffffca]C[0xffffffa6]rT[0x1f][0xffffff94][0xffffffbd]L[0xffffffdb][0xffffff88][0xffffffa9][0xffffff9c]B[0xffffffe1][0xffffffeb]im[0xffffffc0]T[0x16]h_[0xffffffa8][0xffffff94][0xffffffc7]K[0x12][0xffffffe6][0xffffffe9][0xffffffe3][ [0xffffffcf][0xffffff96][0xffffffca][0xfffffff8][0xfffffff4][0xffffffa9][0xffffffab][0xffffff94]'K[0x1a][0x12][\r]u[0xffffffb0]Jy[0xffffffae]T[0xffffff9a][0xffffffde]T[0xffffffcf];[0xfffffff0]TIc[0xffffff80]mA[0xffffffb4][0xffffff91]Ri*\[0xffffff92][0xffffffe9][0xffffff85][0xfffffff2]@[0xffffffa9][0xffffffb4][0xffffff92][0xffffffeb][0xffffffbe]<N[0xffffff92]"
09:49:13.310 [main] DEBUG org.apache.hc.client5.http.wire - http-outgoing-27 << "[0xffffffb2]ui[0xffffffa8]I[0xffffff94][0xffffff87]Ij[0xfffffffd][0xffffffa9]Q[0x14]VGI[0xffffff95][0xffffffa2][0xffffffab][0xffffff89][0xffffffe1]9[0xffffff92]B[0xffffffd3][0xffffff8d][0xffffffd5])[0xffffff92]b[0xffffffb0][0xffffff8d][0xffffffd5][0x19][0xffffff92][0xffffffbc]j'[0xfffffff3][0x4][0x19][0xffffffa8][0xffffffc7][0x18]UP[0xffffff9d][0x1e][0x3][0xffffffa5][0xffffffde][0xffffffd4]Uut[0xc]r=[0xffffffa0][0xffffff8e][0xffffff8d][0xffffff98]:]}[0xffffffb0][0xffffff8e][0xffffff8c]H[0xffffff81][0x15][0xffffffc2][0xffffffe3]b[0xffffffba][0xfffffff1]r1<*z[0xffffffca]m}[0xffffff8c][0xffffffe7]D[0xffffff80]P[0xffffffaf][0xffffff84]gD[0xffffffa0][0xffffff92][0xffffff80][0xffffff92][0xb][0x1e][0x10]]Jp]U[0xffffffa7]C[0xffffff97][0xffffff95]E&<[0x19]Rkp[0xfffffff5]<[0xffffffea]^[0xffffffa5]{[0x6][0xfffffff6][0xffffff89][0x7]E[0xfffffffa][0xffffffce][0xffffffd6][0xffffffab]jC"ELu[0xffffff97]Y[0xffffff9b][0x10]S[0xffffffcd][0x16]R[0xffffffa7]C[0xffffffed][0xffffffb9]tx0[0xffffffd4][0xffffffa6][0xffffff91]:[0x14][0xffffffa6][0xffffffb6]XI[0xffffff9d][0x7][0xffffff95][0xffffffa1][0xffffff81][0xffffffb9] k[0xffffffe3][0xfffffffb]y~<[0xffffff9c].[0xffffffd7][0xffffffed][0xfffffff1]8[0xffffffef][0xb][0xffffffd4][0x11][0xffffffd2][0xffffff97][0xffffffdd][0xffffff94]:[0xffffffb1]*R[0xb][0x3][0x1d]J[0xfffffff8]VF[0xffffffea][0xffffff93][0xfffffff4][0xffffffb5]+[0xfffffff7]a0[0xffffffd2][0xffffff8b]eM([0xffffffa6]NM[0xffffff87]n[0x1a]K[0xffffff8d]h*[0xffffffa6]t[0xffffffc9][0xffffffd4][0xffffff93][0xfffffffe][0x1][0xffffffa9][0xffffff9e].[0xffffff9b][0xffffffd3][0x12][0x0][0x0]"
09:49:13.310 [main] DEBUG org.apache.hc.client5.http.impl.classic.InternalHttpClient - ep-00000026: releasing valid endpoint
09:49:13.310 [main] DEBUG org.apache.hc.client5.http.impl.io.PoolingHttpClientConnectionManager - ep-00000026: releasing endpoint
09:49:13.310 [main] DEBUG org.apache.hc.client5.http.impl.io.PoolingHttpClientConnectionManager - ep-00000026: connection http-outgoing-27 can be kept alive for 3 MINUTES
09:49:13.310 [main] DEBUG org.apache.hc.client5.http.impl.io.PoolingHttpClientConnectionManager - ep-00000026: connection released [route: {s}->https://raw.githubusercontent.com:443][total available: 1; route allocated: 1 of 5; total allocated: 2 of 25]
09:49:13.310 [main] DEBUG io.github.bonigarcia.wdm.versions.VersionDetector - Driver for chrome117 not found in online properties (using local versions.properties)
09:49:13.310 [main] DEBUG io.github.bonigarcia.wdm.WebDriverManager - The driver version for CHROME 117 is unknown ... trying with latest
09:49:13.327 [main] DEBUG org.apache.hc.client5.http.impl.classic.InternalHttpClient - ex-00000028: preparing request execution
09:49:13.327 [main] DEBUG org.apache.hc.client5.http.protocol.RequestAddCookies - Cookie spec selected: strict
09:49:13.327 [main] DEBUG org.apache.hc.client5.http.protocol.RequestAuthCache - Auth cache not set in the context
09:49:13.327 [main] DEBUG org.apache.hc.client5.http.impl.classic.ProtocolExec - ex-00000028: target auth state: UNCHALLENGED
09:49:13.327 [main] DEBUG org.apache.hc.client5.http.impl.classic.ProtocolExec - ex-00000028: proxy auth state: UNCHALLENGED
09:49:13.327 [main] DEBUG org.apache.hc.client5.http.impl.classic.ConnectExec - ex-00000028: acquiring connection with route {s}->https://chromedriver.storage.googleapis.com:443
09:49:13.327 [main] DEBUG org.apache.hc.client5.http.impl.classic.InternalHttpClient - ex-00000028: acquiring endpoint (3 MINUTES)
09:49:13.327 [main] DEBUG org.apache.hc.client5.http.impl.io.PoolingHttpClientConnectionManager - ex-00000028: endpoint lease request (3 MINUTES) [route: {s}->https://chromedriver.storage.googleapis.com:443][total available: 1; route allocated: 1 of 5; total allocated: 2 of 25]
09:49:13.327 [main] DEBUG org.apache.hc.client5.http.impl.io.PoolingHttpClientConnectionManager - ex-00000028: endpoint leased [route: {s}->https://chromedriver.storage.googleapis.com:443][total available: 1; route allocated: 2 of 5; total allocated: 3 of 25]
09:49:13.327 [main] DEBUG org.apache.hc.client5.http.impl.io.PoolingHttpClientConnectionManager - ex-00000028: acquired ep-00000027
09:49:13.327 [main] DEBUG org.apache.hc.client5.http.impl.classic.InternalHttpClient - ex-00000028: acquired endpoint ep-00000027
09:49:13.327 [main] DEBUG org.apache.hc.client5.http.impl.classic.ConnectExec - ex-00000028: opening connection {s}->https://chromedriver.storage.googleapis.com:443
09:49:13.327 [main] DEBUG org.apache.hc.client5.http.impl.classic.InternalHttpClient - ep-00000027: connecting endpoint (30 SECONDS)
09:49:13.327 [main] DEBUG org.apache.hc.client5.http.impl.io.PoolingHttpClientConnectionManager - ep-00000027: connecting endpoint to https://chromedriver.storage.googleapis.com:443 (30 SECONDS)
09:49:13.327 [main] DEBUG org.apache.hc.client5.http.impl.io.DefaultHttpClientConnectionOperator - http-outgoing-29: connecting to chromedriver.storage.googleapis.com/34.101.5.123:443
09:49:13.327 [main] DEBUG org.apache.hc.client5.http.ssl.SSLConnectionSocketFactory - Connecting socket to chromedriver.storage.googleapis.com/34.101.5.123:443 with timeout 30 SECONDS
09:49:13.338 [main] DEBUG org.apache.hc.client5.http.ssl.SSLConnectionSocketFactory - Enabled protocols: [TLSv1.3, TLSv1.2]
09:49:13.338 [main] DEBUG org.apache.hc.client5.http.ssl.SSLConnectionSocketFactory - Enabled cipher suites: [TLS_AES_256_GCM_SHA384, TLS_AES_128_GCM_SHA256, TLS_CHACHA20_POLY1305_SHA256, TLS_ECDHE_ECDSA_WITH_AES_256_GCM_SHA384, TLS_ECDHE_ECDSA_WITH_AES_128_GCM_SHA256, TLS_ECDHE_ECDSA_WITH_CHACHA20_POLY1305_SHA256, TLS_ECDHE_RSA_WITH_AES_256_GCM_SHA384, TLS_ECDHE_RSA_WITH_CHACHA20_POLY1305_SHA256, TLS_ECDHE_RSA_WITH_AES_128_GCM_SHA256, TLS_DHE_RSA_WITH_AES_256_GCM_SHA384, TLS_DHE_RSA_WITH_CHACHA20_POLY1305_SHA256, TLS_DHE_DSS_WITH_AES_256_GCM_SHA384, TLS_DHE_RSA_WITH_AES_128_GCM_SHA256, TLS_DHE_DSS_WITH_AES_128_GCM_SHA256, TLS_ECDHE_ECDSA_WITH_AES_256_CBC_SHA384, TLS_ECDHE_RSA_WITH_AES_256_CBC_SHA384, TLS_ECDHE_ECDSA_WITH_AES_128_CBC_SHA256, TLS_ECDHE_RSA_WITH_AES_128_CBC_SHA256, TLS_DHE_RSA_WITH_AES_256_CBC_SHA256, TLS_DHE_DSS_WITH_AES_256_CBC_SHA256, TLS_DHE_RSA_WITH_AES_128_CBC_SHA256, TLS_DHE_DSS_WITH_AES_128_CBC_SHA256, TLS_ECDH_ECDSA_WITH_AES_256_GCM_SHA384, TLS_ECDH_RSA_WITH_AES_256_GCM_SHA384, TLS_ECDH_ECDSA_WITH_AES_128_GCM_SHA256, TLS_ECDH_RSA_WITH_AES_128_GCM_SHA256, TLS_ECDH_ECDSA_WITH_AES_256_CBC_SHA384, TLS_ECDH_RSA_WITH_AES_256_CBC_SHA384, TLS_ECDH_ECDSA_WITH_AES_128_CBC_SHA256, TLS_ECDH_RSA_WITH_AES_128_CBC_SHA256, TLS_ECDHE_ECDSA_WITH_AES_256_CBC_SHA, TLS_ECDHE_RSA_WITH_AES_256_CBC_SHA, TLS_ECDHE_ECDSA_WITH_AES_128_CBC_SHA, TLS_ECDHE_RSA_WITH_AES_128_CBC_SHA, TLS_DHE_RSA_WITH_AES_256_CBC_SHA, TLS_DHE_DSS_WITH_AES_256_CBC_SHA, TLS_DHE_RSA_WITH_AES_128_CBC_SHA, TLS_DHE_DSS_WITH_AES_128_CBC_SHA, TLS_ECDH_ECDSA_WITH_AES_256_CBC_SHA, TLS_ECDH_RSA_WITH_AES_256_CBC_SHA, TLS_ECDH_ECDSA_WITH_AES_128_CBC_SHA, TLS_ECDH_RSA_WITH_AES_128_CBC_SHA, TLS_RSA_WITH_AES_256_GCM_SHA384, TLS_RSA_WITH_AES_128_GCM_SHA256, TLS_RSA_WITH_AES_256_CBC_SHA256, TLS_RSA_WITH_AES_128_CBC_SHA256, TLS_RSA_WITH_AES_256_CBC_SHA, TLS_RSA_WITH_AES_128_CBC_SHA, TLS_EMPTY_RENEGOTIATION_INFO_SCSV]
09:49:13.338 [main] DEBUG org.apache.hc.client5.http.ssl.SSLConnectionSocketFactory - Starting handshake
09:49:13.386 [main] DEBUG org.apache.hc.client5.http.ssl.SSLConnectionSocketFactory - Secure session established
09:49:13.386 [main] DEBUG org.apache.hc.client5.http.ssl.SSLConnectionSocketFactory -  negotiated protocol: TLSv1.3
09:49:13.386 [main] DEBUG org.apache.hc.client5.http.ssl.SSLConnectionSocketFactory -  negotiated cipher suite: TLS_AES_256_GCM_SHA384
09:49:13.386 [main] DEBUG org.apache.hc.client5.http.ssl.SSLConnectionSocketFactory -  peer principal: CN=*.storage.googleapis.com
09:49:13.386 [main] DEBUG org.apache.hc.client5.http.ssl.SSLConnectionSocketFactory -  peer alternative names: [*.storage.googleapis.com, *.googleapis.com, commondatastorage.googleapis.com, *.commondatastorage.googleapis.com, storage.googleapis.com, storage-p2.googleapis.com, *.storage-p2.googleapis.com, storage.mtls.googleapis.com, *.appspot.com.storage.googleapis.com, *.content-storage.googleapis.com, *.content-storage-p2.googleapis.com, *.content-storage-upload.googleapis.com, *.content-storage-download.googleapis.com, *.storage-upload.googleapis.com, *.storage-download.googleapis.com]
09:49:13.386 [main] DEBUG org.apache.hc.client5.http.ssl.SSLConnectionSocketFactory -  issuer principal: CN=GTS CA 1C3, O=Google Trust Services LLC, C=US
09:49:13.386 [main] DEBUG org.apache.hc.client5.http.impl.io.DefaultHttpClientConnectionOperator - http-outgoing-29: connection established 192.168.100.42:64374<->34.101.5.123:443
09:49:13.386 [main] DEBUG org.apache.hc.client5.http.impl.io.PoolingHttpClientConnectionManager - ep-00000027: connected http-outgoing-29
09:49:13.386 [main] DEBUG org.apache.hc.client5.http.impl.classic.InternalHttpClient - ep-00000027: endpoint connected
09:49:13.386 [main] DEBUG org.apache.hc.client5.http.impl.classic.MainClientExec - ex-00000028: executing GET /LATEST_RELEASE HTTP/1.1
09:49:13.386 [main] DEBUG org.apache.hc.client5.http.impl.classic.InternalHttpClient - ep-00000027: start execution ex-00000028
09:49:13.386 [main] DEBUG org.apache.hc.client5.http.impl.io.PoolingHttpClientConnectionManager - ep-00000027: executing exchange ex-00000028 over http-outgoing-29
09:49:13.386 [main] DEBUG org.apache.hc.client5.http.headers - http-outgoing-29 >> GET /LATEST_RELEASE HTTP/1.1
09:49:13.386 [main] DEBUG org.apache.hc.client5.http.headers - http-outgoing-29 >> user-agent: Apache-HttpClient/5.0
09:49:13.386 [main] DEBUG org.apache.hc.client5.http.headers - http-outgoing-29 >> accept-encoding: gzip, deflate, br
09:49:13.386 [main] DEBUG org.apache.hc.client5.http.headers - http-outgoing-29 >> cache-control: max-age=0
09:49:13.386 [main] DEBUG org.apache.hc.client5.http.headers - http-outgoing-29 >> connection: keep-alive
09:49:13.386 [main] DEBUG org.apache.hc.client5.http.headers - http-outgoing-29 >> Host: chromedriver.storage.googleapis.com
09:49:13.386 [main] DEBUG org.apache.hc.client5.http.wire - http-outgoing-29 >> "GET /LATEST_RELEASE HTTP/1.1[\r][\n]"
09:49:13.386 [main] DEBUG org.apache.hc.client5.http.wire - http-outgoing-29 >> "user-agent: Apache-HttpClient/5.0[\r][\n]"
09:49:13.386 [main] DEBUG org.apache.hc.client5.http.wire - http-outgoing-29 >> "accept-encoding: gzip, deflate, br[\r][\n]"
09:49:13.386 [main] DEBUG org.apache.hc.client5.http.wire - http-outgoing-29 >> "cache-control: max-age=0[\r][\n]"
09:49:13.386 [main] DEBUG org.apache.hc.client5.http.wire - http-outgoing-29 >> "connection: keep-alive[\r][\n]"
09:49:13.386 [main] DEBUG org.apache.hc.client5.http.wire - http-outgoing-29 >> "Host: chromedriver.storage.googleapis.com[\r][\n]"
09:49:13.386 [main] DEBUG org.apache.hc.client5.http.wire - http-outgoing-29 >> "[\r][\n]"
09:49:13.395 [main] DEBUG org.apache.hc.client5.http.wire - http-outgoing-29 << "HTTP/1.1 200 OK[\r][\n]"
09:49:13.395 [main] DEBUG org.apache.hc.client5.http.wire - http-outgoing-29 << "X-GUploader-UploadID: ADPycdvnFAnOhlWGbRtUpcGBi5W3y6qEtkvwOJmj2uBu_cu5oupNFxxPFqsoSfNAPIUhE78QrkhmBqvlUQiAPhzQ2QAWS0sveOv3[\r][\n]"
09:49:13.395 [main] DEBUG org.apache.hc.client5.http.wire - http-outgoing-29 << "x-goog-generation: 1685523462105569[\r][\n]"
09:49:13.395 [main] DEBUG org.apache.hc.client5.http.wire - http-outgoing-29 << "x-goog-metageneration: 1[\r][\n]"
09:49:13.395 [main] DEBUG org.apache.hc.client5.http.wire - http-outgoing-29 << "x-goog-stored-content-encoding: identity[\r][\n]"
09:49:13.395 [main] DEBUG org.apache.hc.client5.http.wire - http-outgoing-29 << "x-goog-stored-content-length: 13[\r][\n]"
09:49:13.395 [main] DEBUG org.apache.hc.client5.http.wire - http-outgoing-29 << "x-goog-hash: crc32c=tVW4TA==[\r][\n]"
09:49:13.395 [main] DEBUG org.apache.hc.client5.http.wire - http-outgoing-29 << "x-goog-hash: md5=NoaEuIlBlniwTkiZ1T16sA==[\r][\n]"
09:49:13.395 [main] DEBUG org.apache.hc.client5.http.wire - http-outgoing-29 << "x-goog-storage-class: STANDARD[\r][\n]"
09:49:13.395 [main] DEBUG org.apache.hc.client5.http.wire - http-outgoing-29 << "Accept-Ranges: bytes[\r][\n]"
09:49:13.395 [main] DEBUG org.apache.hc.client5.http.wire - http-outgoing-29 << "Content-Length: 13[\r][\n]"
09:49:13.395 [main] DEBUG org.apache.hc.client5.http.wire - http-outgoing-29 << "Server: UploadServer[\r][\n]"
09:49:13.395 [main] DEBUG org.apache.hc.client5.http.wire - http-outgoing-29 << "Date: Sat, 30 Sep 2023 02:46:28 GMT[\r][\n]"
09:49:13.395 [main] DEBUG org.apache.hc.client5.http.wire - http-outgoing-29 << "Expires: Sat, 30 Sep 2023 03:46:28 GMT[\r][\n]"
09:49:13.395 [main] DEBUG org.apache.hc.client5.http.wire - http-outgoing-29 << "Cache-Control: public, max-age=3600[\r][\n]"
09:49:13.395 [main] DEBUG org.apache.hc.client5.http.wire - http-outgoing-29 << "Age: 176[\r][\n]"
09:49:13.395 [main] DEBUG org.apache.hc.client5.http.wire - http-outgoing-29 << "Last-Modified: Wed, 31 May 2023 08:57:42 GMT[\r][\n]"
09:49:13.395 [main] DEBUG org.apache.hc.client5.http.wire - http-outgoing-29 << "ETag: "368684b889419678b04e4899d53d7ab0"[\r][\n]"
09:49:13.395 [main] DEBUG org.apache.hc.client5.http.wire - http-outgoing-29 << "Content-Type: text/plain[\r][\n]"
09:49:13.395 [main] DEBUG org.apache.hc.client5.http.wire - http-outgoing-29 << "Alt-Svc: h3=":443"; ma=2592000,h3-29=":443"; ma=2592000[\r][\n]"
09:49:13.395 [main] DEBUG org.apache.hc.client5.http.wire - http-outgoing-29 << "[\r][\n]"
09:49:13.395 [main] DEBUG org.apache.hc.client5.http.wire - http-outgoing-29 << "114.0.5735.90"
09:49:13.406 [main] DEBUG org.apache.hc.client5.http.headers - http-outgoing-29 << HTTP/1.1 200 OK
09:49:13.406 [main] DEBUG org.apache.hc.client5.http.headers - http-outgoing-29 << X-GUploader-UploadID: ADPycdvnFAnOhlWGbRtUpcGBi5W3y6qEtkvwOJmj2uBu_cu5oupNFxxPFqsoSfNAPIUhE78QrkhmBqvlUQiAPhzQ2QAWS0sveOv3
09:49:13.406 [main] DEBUG org.apache.hc.client5.http.headers - http-outgoing-29 << x-goog-generation: 1685523462105569
09:49:13.406 [main] DEBUG org.apache.hc.client5.http.headers - http-outgoing-29 << x-goog-metageneration: 1
09:49:13.406 [main] DEBUG org.apache.hc.client5.http.headers - http-outgoing-29 << x-goog-stored-content-encoding: identity
09:49:13.406 [main] DEBUG org.apache.hc.client5.http.headers - http-outgoing-29 << x-goog-stored-content-length: 13
09:49:13.406 [main] DEBUG org.apache.hc.client5.http.headers - http-outgoing-29 << x-goog-hash: crc32c=tVW4TA==
09:49:13.406 [main] DEBUG org.apache.hc.client5.http.headers - http-outgoing-29 << x-goog-hash: md5=NoaEuIlBlniwTkiZ1T16sA==
09:49:13.406 [main] DEBUG org.apache.hc.client5.http.headers - http-outgoing-29 << x-goog-storage-class: STANDARD
09:49:13.406 [main] DEBUG org.apache.hc.client5.http.headers - http-outgoing-29 << Accept-Ranges: bytes
09:49:13.406 [main] DEBUG org.apache.hc.client5.http.headers - http-outgoing-29 << Content-Length: 13
09:49:13.406 [main] DEBUG org.apache.hc.client5.http.headers - http-outgoing-29 << Server: UploadServer
09:49:13.406 [main] DEBUG org.apache.hc.client5.http.headers - http-outgoing-29 << Date: Sat, 30 Sep 2023 02:46:28 GMT
09:49:13.406 [main] DEBUG org.apache.hc.client5.http.headers - http-outgoing-29 << Expires: Sat, 30 Sep 2023 03:46:28 GMT
09:49:13.406 [main] DEBUG org.apache.hc.client5.http.headers - http-outgoing-29 << Cache-Control: public, max-age=3600
09:49:13.406 [main] DEBUG org.apache.hc.client5.http.headers - http-outgoing-29 << Age: 176
09:49:13.406 [main] DEBUG org.apache.hc.client5.http.headers - http-outgoing-29 << Last-Modified: Wed, 31 May 2023 08:57:42 GMT
09:49:13.406 [main] DEBUG org.apache.hc.client5.http.headers - http-outgoing-29 << ETag: "368684b889419678b04e4899d53d7ab0"
09:49:13.406 [main] DEBUG org.apache.hc.client5.http.headers - http-outgoing-29 << Content-Type: text/plain
09:49:13.406 [main] DEBUG org.apache.hc.client5.http.headers - http-outgoing-29 << Alt-Svc: h3=":443"; ma=2592000,h3-29=":443"; ma=2592000
09:49:13.406 [main] DEBUG org.apache.hc.client5.http.impl.classic.MainClientExec - ex-00000028: connection can be kept alive for 3 MINUTES
09:49:13.406 [main] DEBUG org.apache.hc.client5.http.impl.classic.InternalHttpClient - ep-00000027: releasing valid endpoint
09:49:13.406 [main] DEBUG org.apache.hc.client5.http.impl.io.PoolingHttpClientConnectionManager - ep-00000027: releasing endpoint
09:49:13.406 [main] DEBUG org.apache.hc.client5.http.impl.io.PoolingHttpClientConnectionManager - ep-00000027: connection http-outgoing-29 can be kept alive for 3 MINUTES
09:49:13.406 [main] DEBUG org.apache.hc.client5.http.impl.io.PoolingHttpClientConnectionManager - ep-00000027: connection released [route: {s}->https://chromedriver.storage.googleapis.com:443][total available: 2; route allocated: 2 of 5; total allocated: 3 of 25]
09:49:13.406 [main] DEBUG io.github.bonigarcia.wdm.versions.VersionDetector - Latest version of chromedriver according to https://chromedriver.storage.googleapis.com/LATEST_RELEASE is 114.0.5735.90
09:49:13.406 [main] DEBUG io.github.bonigarcia.wdm.WebDriverManager - Driver chromedriver 114.0.5735.90 found in cache
09:49:13.406 [main] INFO io.github.bonigarcia.wdm.WebDriverManager - Exporting webdriver.chrome.driver as C:\Users\Bagas Dwi Saputra\.cache\selenium\chromedriver\win32\114.0.5735.90\chromedriver.exe
09:49:13.485 [main] DEBUG net.thucydides.core.reflection.ClassFinder - Could not load class net.serenitybdd.rest.utils.RestSpecificationFactory
09:49:13.563 [main] DEBUG net.thucydides.core.reflection.ClassFinder - Could not load class net.serenitybdd.rest.utils.RestSpecificationFactory
09:49:13.563 [main] INFO net.serenitybdd.core.webdriver.driverproviders.ProvideNewDriver - Instantiating driver
09:49:13.563 [main] INFO net.serenitybdd.core.webdriver.driverproviders.ProvideNewDriver - Driver capabilities: Capabilities {acceptInsecureCerts: false, base.url: https://app.jubelio.com, browserName: chrome, chrome.driver: src/test/resources/webdrive..., driver: chrome, goog:chromeOptions: {args: [], extensions: []}, loggingPrefs: org.openqa.selenium.logging...}
09:49:14.432 [main] DEBUG net.thucydides.core.reflection.ClassFinder - Could not load class net.serenitybdd.rest.utils.RestSpecificationFactory
09:49:16.417 [main] DEBUG net.serenitybdd.core.photography.Darkroom - Send negative for processing for target\site\serenity\052c5b469c1d4446469966ca896065f44ec023beb76d3e51b2757769cc45fc75.png
09:49:16.417 [main] DEBUG net.thucydides.core.steps.StepInterceptor - STEP DONE: openLink
09:49:16.417 [main] DEBUG net.thucydides.core.steps.StepInterceptor - STARTING STEP: LoginSteps.fillsInTheWithValidDataEmail - fills in the {string} with valid data email
09:49:16.745 [main] DEBUG net.serenitybdd.core.photography.Darkroom - Send negative for processing for target\site\serenity\a53ec0f12f6a90af2a2c5917c524424f9265e68e4a915ab7a3c49ccdcb05dcc5.png
09:49:16.745 [main] DEBUG net.thucydides.core.steps.StepInterceptor - STEP DONE: fills in the {string} with valid data email
  &amp#27;[32mGiven &amp#27;[0m&amp#27;[32mfills in the &amp#27;[0m&amp#27;[32m&amp#27;[1m"qa.rakamin.jubelio@gmail"&amp#27;[0m&amp#27;[32m with valid data email&amp#27;[0m &amp#27;[90m# starter.stepdefinitios.LoginSteps.fillsInTheWithValidDataEmail(java.lang.String)&amp#27;[0m
09:49:16.745 [Darkroom Processing Line] DEBUG net.serenitybdd.core.photography.DarkroomProcessingLine - Processing screenshot image in /var/screenshots/screenshot-13018791098370263956
09:49:16.745 [Darkroom Processing Line] DEBUG net.serenitybdd.core.photography.DarkroomProcessingLine - Saving screenshot to target\site\serenity\a53ec0f12f6a90af2a2c5917c524424f9265e68e4a915ab7a3c49ccdcb05dcc5.png
09:49:17.417 [main] DEBUG net.serenitybdd.core.photography.Darkroom - Send negative for processing for target\site\serenity\c6778defb9d7008b83e78a247e5a2cce892b3dcaa6efdf6c5b5008bed88b8b99.png
09:49:17.417 [main] DEBUG net.thucydides.core.steps.StepInterceptor - STARTING STEP: LoginSteps.fillInTheWithValidDataPass - fill in the {string} with valid data pass
09:49:17.417 [Darkroom Processing Line] DEBUG net.serenitybdd.core.photography.DarkroomProcessingLine - Processing screenshot image in /var/screenshots/screenshot-2597689896793666525
09:49:17.417 [Darkroom Processing Line] DEBUG net.serenitybdd.core.photography.DarkroomProcessingLine - Saving screenshot to target\site\serenity\c6778defb9d7008b83e78a247e5a2cce892b3dcaa6efdf6c5b5008bed88b8b99.png
09:49:17.772 [main] DEBUG net.serenitybdd.core.photography.Darkroom - Send negative for processing for target\site\serenity\df00ed1a9006777b4a83a032f5d6fb66e41928a1ceea794881e4065bd1dd3e66.png
09:49:17.772 [main] DEBUG net.thucydides.core.steps.StepInterceptor - STEP DONE: fill in the {string} with valid data pass
  &amp#27;[32mAnd &amp#27;[0m&amp#27;[32mfill in the &amp#27;[0m&amp#27;[32m&amp#27;[1m"Jubelio123"&amp#27;[0m&amp#27;[32m with valid data pass&amp#27;[0m                   &amp#27;[90m# starter.stepdefinitios.LoginSteps.fillInTheWithValidDataPass(java.lang.String)&amp#27;[0m
09:49:17.772 [Darkroom Processing Line] DEBUG net.serenitybdd.core.photography.DarkroomProcessingLine - Processing screenshot image in /var/screenshots/screenshot-1732217351359766604
09:49:17.772 [Darkroom Processing Line] DEBUG net.serenitybdd.core.photography.DarkroomProcessingLine - Saving screenshot to target\site\serenity\df00ed1a9006777b4a83a032f5d6fb66e41928a1ceea794881e4065bd1dd3e66.png
09:49:17.781 [main] DEBUG net.thucydides.core.steps.StepInterceptor - STARTING STEP: LoginSteps.clickTheLoginButton - clickbtnlogin
09:49:18.052 [main] DEBUG net.serenitybdd.core.photography.Darkroom - Send negative for processing for target\site\serenity\49574b7b7c32bc5b0ccccec928a5601753e97dde6c0ce8768cdb552c1afe6fe2.png
09:49:18.052 [main] DEBUG net.thucydides.core.steps.StepInterceptor - STEP DONE: clickbtnlogin
09:49:18.052 [Darkroom Processing Line] DEBUG net.serenitybdd.core.photography.DarkroomProcessingLine - Processing screenshot image in /var/screenshots/screenshot-8458433586848545296
09:49:18.052 [Darkroom Processing Line] DEBUG net.serenitybdd.core.photography.DarkroomProcessingLine - Saving screenshot to target\site\serenity\49574b7b7c32bc5b0ccccec928a5601753e97dde6c0ce8768cdb552c1afe6fe2.png
  &amp#27;[32mWhen &amp#27;[0m&amp#27;[32mclick the login button&amp#27;[0m                                         &amp#27;[90m# starter.stepdefinitios.LoginSteps.clickTheLoginButton()&amp#27;[0m
09:49:18.766 [main] DEBUG net.serenitybdd.core.photography.Darkroom - Send negative for processing for target\site\serenity\87edfb4a452db6257504605a71c643d56b1537a880dfab7a30ac37d5dd228216.png
09:49:18.766 [Darkroom Processing Line] DEBUG net.serenitybdd.core.photography.DarkroomProcessingLine - Processing screenshot image in /var/screenshots/screenshot-2247614481520171469
09:49:18.766 [Darkroom Processing Line] DEBUG net.serenitybdd.core.photography.DarkroomProcessingLine - Saving screenshot to target\site\serenity\87edfb4a452db6257504605a71c643d56b1537a880dfab7a30ac37d5dd228216.png
09:49:18.766 [main] DEBUG net.thucydides.core.steps.StepInterceptor - STARTING STEP: LoginSteps.validatePageHomeOrError - validate page home or error {string}
09:49:19.588 [main] DEBUG net.serenitybdd.core.photography.Darkroom - Send negative for processing for target\site\serenity\b5497a96d871af06ece74a7f7b7c828c5dead227d9c2de75ba2cd1d48ffaf803.png
09:49:19.588 [main] DEBUG net.thucydides.core.steps.StepInterceptor - STEP DONE: validate page home or error {string}
  &amp#27;[32mThen &amp#27;[0m&amp#27;[32mvalidate page home or error &amp#27;[0m&amp#27;[32m&amp#27;[1m"Email dan Password anda salah."&amp#27;[0m   &amp#27;[90m# starter.stepdefinitios.LoginSteps.validatePageHomeOrError(java.lang.String)&amp#27;[0m
09:49:19.588 [Darkroom Processing Line] DEBUG net.serenitybdd.core.photography.DarkroomProcessingLine - Processing screenshot image in /var/screenshots/screenshot-10934423040028052604
09:49:19.588 [Darkroom Processing Line] DEBUG net.serenitybdd.core.photography.DarkroomProcessingLine - Saving screenshot to target\site\serenity\b5497a96d871af06ece74a7f7b7c828c5dead227d9c2de75ba2cd1d48ffaf803.png
]]></system-out>
    <system-err><![CDATA[Starting ChromeDriver 117.0.5938.88 (be6afae4721209be42944bbcd325665f9f44563b-refs/branch-heads/5938_62@{#9}) on port 37823
Only local connections are allowed.
Please see https://chromedriver.chromium.org/security-considerations for suggestions on keeping ChromeDriver safe.
ChromeDriver was started successfully.
Sep 30, 2023 9:49:14 AM org.openqa.selenium.remote.ProtocolHandshake createSession
INFO: Detected dialect: W3C
]]></system-err>
  </testcase>
  <testcase name="Login Account #5" classname="Login Account at app.jubelio" time="7.35">
    <system-out><![CDATA[
@Login
Scenario Outline: Login Account                                      &amp#27;[90m# src/test/resources/features/user/login.feature:15&amp#27;[0m
09:49:19.723 [main] INFO io.cucumber.core.plugin.SerenityReporter - Running feature from file:///D:/QE/Automation/Jubelio-Website/src/test/resources/features/user/login.feature
09:49:20.234 [main] DEBUG net.thucydides.core.steps.StepInterceptor - STARTING STEP: LoginSteps.fillsInTheWithValidDataEmail - openLink
09:49:20.240 [main] INFO net.serenitybdd.core.webdriver.driverproviders.ChromeDriverProvider - Using automatically driver download
09:49:20.266 [main] DEBUG org.apache.hc.client5.http.impl.classic.InternalHttpClient - ex-00000029: preparing request execution
09:49:20.266 [main] DEBUG org.apache.hc.client5.http.protocol.RequestAddCookies - Cookie spec selected: strict
09:49:20.266 [main] DEBUG org.apache.hc.client5.http.protocol.RequestAuthCache - Auth cache not set in the context
09:49:20.266 [main] DEBUG org.apache.hc.client5.http.impl.classic.ProtocolExec - ex-00000029: target auth state: UNCHALLENGED
09:49:20.266 [main] DEBUG org.apache.hc.client5.http.impl.classic.ProtocolExec - ex-00000029: proxy auth state: UNCHALLENGED
09:49:20.266 [main] DEBUG org.apache.hc.client5.http.impl.classic.ConnectExec - ex-00000029: acquiring connection with route {s}->https://raw.githubusercontent.com:443
09:49:20.266 [main] DEBUG org.apache.hc.client5.http.impl.classic.InternalHttpClient - ex-00000029: acquiring endpoint (3 MINUTES)
09:49:20.266 [main] DEBUG org.apache.hc.client5.http.impl.io.PoolingHttpClientConnectionManager - ex-00000029: endpoint lease request (3 MINUTES) [route: {s}->https://raw.githubusercontent.com:443][total available: 0; route allocated: 0 of 5; total allocated: 0 of 25]
09:49:20.266 [main] DEBUG org.apache.hc.client5.http.impl.io.PoolingHttpClientConnectionManager - ex-00000029: endpoint leased [route: {s}->https://raw.githubusercontent.com:443][total available: 0; route allocated: 1 of 5; total allocated: 1 of 25]
09:49:20.266 [main] DEBUG org.apache.hc.client5.http.impl.io.PoolingHttpClientConnectionManager - ex-00000029: acquired ep-00000028
09:49:20.266 [main] DEBUG org.apache.hc.client5.http.impl.classic.InternalHttpClient - ex-00000029: acquired endpoint ep-00000028
09:49:20.266 [main] DEBUG org.apache.hc.client5.http.impl.classic.ConnectExec - ex-00000029: opening connection {s}->https://raw.githubusercontent.com:443
09:49:20.266 [main] DEBUG org.apache.hc.client5.http.impl.classic.InternalHttpClient - ep-00000028: connecting endpoint (30 SECONDS)
09:49:20.266 [main] DEBUG org.apache.hc.client5.http.impl.io.PoolingHttpClientConnectionManager - ep-00000028: connecting endpoint to https://raw.githubusercontent.com:443 (30 SECONDS)
09:49:20.266 [main] DEBUG org.apache.hc.client5.http.impl.io.DefaultHttpClientConnectionOperator - http-outgoing-30: connecting to raw.githubusercontent.com/185.199.108.133:443
09:49:20.266 [main] DEBUG org.apache.hc.client5.http.ssl.SSLConnectionSocketFactory - Connecting socket to raw.githubusercontent.com/185.199.108.133:443 with timeout 30 SECONDS
09:49:20.313 [main] DEBUG org.apache.hc.client5.http.ssl.SSLConnectionSocketFactory - Enabled protocols: [TLSv1.3, TLSv1.2]
09:49:20.313 [main] DEBUG org.apache.hc.client5.http.ssl.SSLConnectionSocketFactory - Enabled cipher suites: [TLS_AES_256_GCM_SHA384, TLS_AES_128_GCM_SHA256, TLS_CHACHA20_POLY1305_SHA256, TLS_ECDHE_ECDSA_WITH_AES_256_GCM_SHA384, TLS_ECDHE_ECDSA_WITH_AES_128_GCM_SHA256, TLS_ECDHE_ECDSA_WITH_CHACHA20_POLY1305_SHA256, TLS_ECDHE_RSA_WITH_AES_256_GCM_SHA384, TLS_ECDHE_RSA_WITH_CHACHA20_POLY1305_SHA256, TLS_ECDHE_RSA_WITH_AES_128_GCM_SHA256, TLS_DHE_RSA_WITH_AES_256_GCM_SHA384, TLS_DHE_RSA_WITH_CHACHA20_POLY1305_SHA256, TLS_DHE_DSS_WITH_AES_256_GCM_SHA384, TLS_DHE_RSA_WITH_AES_128_GCM_SHA256, TLS_DHE_DSS_WITH_AES_128_GCM_SHA256, TLS_ECDHE_ECDSA_WITH_AES_256_CBC_SHA384, TLS_ECDHE_RSA_WITH_AES_256_CBC_SHA384, TLS_ECDHE_ECDSA_WITH_AES_128_CBC_SHA256, TLS_ECDHE_RSA_WITH_AES_128_CBC_SHA256, TLS_DHE_RSA_WITH_AES_256_CBC_SHA256, TLS_DHE_DSS_WITH_AES_256_CBC_SHA256, TLS_DHE_RSA_WITH_AES_128_CBC_SHA256, TLS_DHE_DSS_WITH_AES_128_CBC_SHA256, TLS_ECDH_ECDSA_WITH_AES_256_GCM_SHA384, TLS_ECDH_RSA_WITH_AES_256_GCM_SHA384, TLS_ECDH_ECDSA_WITH_AES_128_GCM_SHA256, TLS_ECDH_RSA_WITH_AES_128_GCM_SHA256, TLS_ECDH_ECDSA_WITH_AES_256_CBC_SHA384, TLS_ECDH_RSA_WITH_AES_256_CBC_SHA384, TLS_ECDH_ECDSA_WITH_AES_128_CBC_SHA256, TLS_ECDH_RSA_WITH_AES_128_CBC_SHA256, TLS_ECDHE_ECDSA_WITH_AES_256_CBC_SHA, TLS_ECDHE_RSA_WITH_AES_256_CBC_SHA, TLS_ECDHE_ECDSA_WITH_AES_128_CBC_SHA, TLS_ECDHE_RSA_WITH_AES_128_CBC_SHA, TLS_DHE_RSA_WITH_AES_256_CBC_SHA, TLS_DHE_DSS_WITH_AES_256_CBC_SHA, TLS_DHE_RSA_WITH_AES_128_CBC_SHA, TLS_DHE_DSS_WITH_AES_128_CBC_SHA, TLS_ECDH_ECDSA_WITH_AES_256_CBC_SHA, TLS_ECDH_RSA_WITH_AES_256_CBC_SHA, TLS_ECDH_ECDSA_WITH_AES_128_CBC_SHA, TLS_ECDH_RSA_WITH_AES_128_CBC_SHA, TLS_RSA_WITH_AES_256_GCM_SHA384, TLS_RSA_WITH_AES_128_GCM_SHA256, TLS_RSA_WITH_AES_256_CBC_SHA256, TLS_RSA_WITH_AES_128_CBC_SHA256, TLS_RSA_WITH_AES_256_CBC_SHA, TLS_RSA_WITH_AES_128_CBC_SHA, TLS_EMPTY_RENEGOTIATION_INFO_SCSV]
09:49:20.313 [main] DEBUG org.apache.hc.client5.http.ssl.SSLConnectionSocketFactory - Starting handshake
09:49:20.347 [main] DEBUG org.apache.hc.client5.http.ssl.SSLConnectionSocketFactory - Secure session established
09:49:20.347 [main] DEBUG org.apache.hc.client5.http.ssl.SSLConnectionSocketFactory -  negotiated protocol: TLSv1.3
09:49:20.347 [main] DEBUG org.apache.hc.client5.http.ssl.SSLConnectionSocketFactory -  negotiated cipher suite: TLS_AES_256_GCM_SHA384
09:49:20.347 [main] DEBUG org.apache.hc.client5.http.ssl.SSLConnectionSocketFactory -  peer principal: CN=*.github.io, O="GitHub, Inc.", L=San Francisco, ST=California, C=US
09:49:20.347 [main] DEBUG org.apache.hc.client5.http.ssl.SSLConnectionSocketFactory -  peer alternative names: [*.github.io, github.io, *.github.com, github.com, www.github.com, *.githubusercontent.com, githubusercontent.com]
09:49:20.347 [main] DEBUG org.apache.hc.client5.http.ssl.SSLConnectionSocketFactory -  issuer principal: CN=DigiCert TLS RSA SHA256 2020 CA1, O=DigiCert Inc, C=US
09:49:20.347 [main] DEBUG org.apache.hc.client5.http.impl.io.DefaultHttpClientConnectionOperator - http-outgoing-30: connection established 192.168.100.42:64427<->185.199.108.133:443
09:49:20.347 [main] DEBUG org.apache.hc.client5.http.impl.io.PoolingHttpClientConnectionManager - ep-00000028: connected http-outgoing-30
09:49:20.347 [main] DEBUG org.apache.hc.client5.http.impl.classic.InternalHttpClient - ep-00000028: endpoint connected
09:49:20.347 [main] DEBUG org.apache.hc.client5.http.impl.classic.MainClientExec - ex-00000029: executing GET /bonigarcia/webdrivermanager/master/src/main/resources/commands.properties HTTP/1.1
09:49:20.347 [main] DEBUG org.apache.hc.client5.http.impl.classic.InternalHttpClient - ep-00000028: start execution ex-00000029
09:49:20.347 [main] DEBUG org.apache.hc.client5.http.impl.io.PoolingHttpClientConnectionManager - ep-00000028: executing exchange ex-00000029 over http-outgoing-30
09:49:20.347 [main] DEBUG org.apache.hc.client5.http.headers - http-outgoing-30 >> GET /bonigarcia/webdrivermanager/master/src/main/resources/commands.properties HTTP/1.1
09:49:20.347 [main] DEBUG org.apache.hc.client5.http.headers - http-outgoing-30 >> user-agent: Apache-HttpClient/5.0
09:49:20.347 [main] DEBUG org.apache.hc.client5.http.headers - http-outgoing-30 >> accept-encoding: gzip, deflate, br
09:49:20.347 [main] DEBUG org.apache.hc.client5.http.headers - http-outgoing-30 >> cache-control: max-age=0
09:49:20.347 [main] DEBUG org.apache.hc.client5.http.headers - http-outgoing-30 >> connection: keep-alive
09:49:20.347 [main] DEBUG org.apache.hc.client5.http.headers - http-outgoing-30 >> Host: raw.githubusercontent.com
09:49:20.347 [main] DEBUG org.apache.hc.client5.http.wire - http-outgoing-30 >> "GET /bonigarcia/webdrivermanager/master/src/main/resources/commands.properties HTTP/1.1[\r][\n]"
09:49:20.347 [main] DEBUG org.apache.hc.client5.http.wire - http-outgoing-30 >> "user-agent: Apache-HttpClient/5.0[\r][\n]"
09:49:20.347 [main] DEBUG org.apache.hc.client5.http.wire - http-outgoing-30 >> "accept-encoding: gzip, deflate, br[\r][\n]"
09:49:20.347 [main] DEBUG org.apache.hc.client5.http.wire - http-outgoing-30 >> "cache-control: max-age=0[\r][\n]"
09:49:20.347 [main] DEBUG org.apache.hc.client5.http.wire - http-outgoing-30 >> "connection: keep-alive[\r][\n]"
09:49:20.347 [main] DEBUG org.apache.hc.client5.http.wire - http-outgoing-30 >> "Host: raw.githubusercontent.com[\r][\n]"
09:49:20.347 [main] DEBUG org.apache.hc.client5.http.wire - http-outgoing-30 >> "[\r][\n]"
09:49:20.394 [main] DEBUG org.apache.hc.client5.http.wire - http-outgoing-30 << "HTTP/1.1 200 OK[\r][\n]"
09:49:20.394 [main] DEBUG org.apache.hc.client5.http.wire - http-outgoing-30 << "Connection: keep-alive[\r][\n]"
09:49:20.394 [main] DEBUG org.apache.hc.client5.http.wire - http-outgoing-30 << "Content-Length: 723[\r][\n]"
09:49:20.394 [main] DEBUG org.apache.hc.client5.http.wire - http-outgoing-30 << "Cache-Control: max-age=300[\r][\n]"
09:49:20.394 [main] DEBUG org.apache.hc.client5.http.wire - http-outgoing-30 << "Content-Security-Policy: default-src 'none'; style-src 'unsafe-inline'; sandbox[\r][\n]"
09:49:20.394 [main] DEBUG org.apache.hc.client5.http.wire - http-outgoing-30 << "Content-Type: text/plain; charset=utf-8[\r][\n]"
09:49:20.394 [main] DEBUG org.apache.hc.client5.http.wire - http-outgoing-30 << "ETag: W/"e82b438271e9e8680c688b0b680efd0bdd22faa6d6f0a32fc1fd8accc486b67e"[\r][\n]"
09:49:20.394 [main] DEBUG org.apache.hc.client5.http.wire - http-outgoing-30 << "Strict-Transport-Security: max-age=31536000[\r][\n]"
09:49:20.394 [main] DEBUG org.apache.hc.client5.http.wire - http-outgoing-30 << "X-Content-Type-Options: nosniff[\r][\n]"
09:49:20.394 [main] DEBUG org.apache.hc.client5.http.wire - http-outgoing-30 << "X-Frame-Options: deny[\r][\n]"
09:49:20.394 [main] DEBUG org.apache.hc.client5.http.wire - http-outgoing-30 << "X-XSS-Protection: 1; mode=block[\r][\n]"
09:49:20.394 [main] DEBUG org.apache.hc.client5.http.wire - http-outgoing-30 << "X-GitHub-Request-Id: 4CA0:B8C7F:70C4E:8CACE:651389F9[\r][\n]"
09:49:20.394 [main] DEBUG org.apache.hc.client5.http.wire - http-outgoing-30 << "Content-Encoding: gzip[\r][\n]"
09:49:20.394 [main] DEBUG org.apache.hc.client5.http.wire - http-outgoing-30 << "Accept-Ranges: bytes[\r][\n]"
09:49:20.394 [main] DEBUG org.apache.hc.client5.http.wire - http-outgoing-30 << "Date: Sat, 30 Sep 2023 02:49:31 GMT[\r][\n]"
09:49:20.394 [main] DEBUG org.apache.hc.client5.http.wire - http-outgoing-30 << "Via: 1.1 varnish[\r][\n]"
09:49:20.394 [main] DEBUG org.apache.hc.client5.http.wire - http-outgoing-30 << "X-Served-By: cache-qpg1276-QPG[\r][\n]"
09:49:20.394 [main] DEBUG org.apache.hc.client5.http.wire - http-outgoing-30 << "X-Cache: HIT[\r][\n]"
09:49:20.394 [main] DEBUG org.apache.hc.client5.http.wire - http-outgoing-30 << "X-Cache-Hits: 3[\r][\n]"
09:49:20.394 [main] DEBUG org.apache.hc.client5.http.wire - http-outgoing-30 << "X-Timer: S1696042171.213973,VS0,VE0[\r][\n]"
09:49:20.394 [main] DEBUG org.apache.hc.client5.http.wire - http-outgoing-30 << "Vary: Authorization,Accept-Encoding,Origin[\r][\n]"
09:49:20.394 [main] DEBUG org.apache.hc.client5.http.wire - http-outgoing-30 << "Access-Control-Allow-Origin: *[\r][\n]"
09:49:20.394 [main] DEBUG org.apache.hc.client5.http.wire - http-outgoing-30 << "Cross-Origin-Resource-Policy: cross-origin[\r][\n]"
09:49:20.394 [main] DEBUG org.apache.hc.client5.http.wire - http-outgoing-30 << "X-Fastly-Request-ID: 3da84aa5bc422a092721b8ae55eebb43de4972f7[\r][\n]"
09:49:20.394 [main] DEBUG org.apache.hc.client5.http.wire - http-outgoing-30 << "Expires: Sat, 30 Sep 2023 02:54:31 GMT[\r][\n]"
09:49:20.394 [main] DEBUG org.apache.hc.client5.http.wire - http-outgoing-30 << "Source-Age: 81[\r][\n]"
09:49:20.394 [main] DEBUG org.apache.hc.client5.http.wire - http-outgoing-30 << "[\r][\n]"
09:49:20.394 [main] DEBUG org.apache.hc.client5.http.headers - http-outgoing-30 << HTTP/1.1 200 OK
09:49:20.394 [main] DEBUG org.apache.hc.client5.http.headers - http-outgoing-30 << Connection: keep-alive
09:49:20.394 [main] DEBUG org.apache.hc.client5.http.headers - http-outgoing-30 << Content-Length: 723
09:49:20.394 [main] DEBUG org.apache.hc.client5.http.headers - http-outgoing-30 << Cache-Control: max-age=300
09:49:20.394 [main] DEBUG org.apache.hc.client5.http.headers - http-outgoing-30 << Content-Security-Policy: default-src 'none'; style-src 'unsafe-inline'; sandbox
09:49:20.394 [main] DEBUG org.apache.hc.client5.http.headers - http-outgoing-30 << Content-Type: text/plain; charset=utf-8
09:49:20.394 [main] DEBUG org.apache.hc.client5.http.headers - http-outgoing-30 << ETag: W/"e82b438271e9e8680c688b0b680efd0bdd22faa6d6f0a32fc1fd8accc486b67e"
09:49:20.394 [main] DEBUG org.apache.hc.client5.http.headers - http-outgoing-30 << Strict-Transport-Security: max-age=31536000
09:49:20.394 [main] DEBUG org.apache.hc.client5.http.headers - http-outgoing-30 << X-Content-Type-Options: nosniff
09:49:20.394 [main] DEBUG org.apache.hc.client5.http.headers - http-outgoing-30 << X-Frame-Options: deny
09:49:20.394 [main] DEBUG org.apache.hc.client5.http.headers - http-outgoing-30 << X-XSS-Protection: 1; mode=block
09:49:20.394 [main] DEBUG org.apache.hc.client5.http.headers - http-outgoing-30 << X-GitHub-Request-Id: 4CA0:B8C7F:70C4E:8CACE:651389F9
09:49:20.394 [main] DEBUG org.apache.hc.client5.http.headers - http-outgoing-30 << Content-Encoding: gzip
09:49:20.394 [main] DEBUG org.apache.hc.client5.http.headers - http-outgoing-30 << Accept-Ranges: bytes
09:49:20.394 [main] DEBUG org.apache.hc.client5.http.headers - http-outgoing-30 << Date: Sat, 30 Sep 2023 02:49:31 GMT
09:49:20.394 [main] DEBUG org.apache.hc.client5.http.headers - http-outgoing-30 << Via: 1.1 varnish
09:49:20.394 [main] DEBUG org.apache.hc.client5.http.headers - http-outgoing-30 << X-Served-By: cache-qpg1276-QPG
09:49:20.394 [main] DEBUG org.apache.hc.client5.http.headers - http-outgoing-30 << X-Cache: HIT
09:49:20.394 [main] DEBUG org.apache.hc.client5.http.headers - http-outgoing-30 << X-Cache-Hits: 3
09:49:20.394 [main] DEBUG org.apache.hc.client5.http.headers - http-outgoing-30 << X-Timer: S1696042171.213973,VS0,VE0
09:49:20.394 [main] DEBUG org.apache.hc.client5.http.headers - http-outgoing-30 << Vary: Authorization,Accept-Encoding,Origin
09:49:20.394 [main] DEBUG org.apache.hc.client5.http.headers - http-outgoing-30 << Access-Control-Allow-Origin: *
09:49:20.394 [main] DEBUG org.apache.hc.client5.http.headers - http-outgoing-30 << Cross-Origin-Resource-Policy: cross-origin
09:49:20.394 [main] DEBUG org.apache.hc.client5.http.headers - http-outgoing-30 << X-Fastly-Request-ID: 3da84aa5bc422a092721b8ae55eebb43de4972f7
09:49:20.394 [main] DEBUG org.apache.hc.client5.http.headers - http-outgoing-30 << Expires: Sat, 30 Sep 2023 02:54:31 GMT
09:49:20.394 [main] DEBUG org.apache.hc.client5.http.headers - http-outgoing-30 << Source-Age: 81
09:49:20.394 [main] DEBUG org.apache.hc.client5.http.impl.classic.MainClientExec - ex-00000029: connection can be kept alive for 3 MINUTES
09:49:20.395 [main] DEBUG org.apache.hc.client5.http.wire - http-outgoing-30 << "[0x1f][0xffffff8b][0x8][0x0][0x0][0x0][0x0][0x0][0x0][0x3][0xffffffb5]V]o[0xffffffda]0[0x14]}[0xffffffe7]W\[0xffffff81]*[0xffffffb5][0x12][0x1f][[M[0xffffffd3]$[0x1e]hF[0xffffffbb]i [0x18][0xffffffb4][0xffffffdd]&[0xfffffff9][0xffffffc5]$7[0xffffffc1]R[0x12]#;[0xffffff94]v[0xffffffbf]~[0xffffffb6][0xfffffff3]1[0xffffff92][0xffffff9a][0xffffffc1][0x1a]x[0xffffffcb][0xffffffb5][0xffffffaf][0xffffffcf]9[0xffffffbe][0xfffffff7]8v[0xb][0x1c][0x1e]E4[0xfffffff6]$x4[0xffffffa1][0xb]*[0xffffffb1][0xffffffd1][0xffffff82][0xfffffffb]%[0xffffff93][0xffffffe0][0xffffffb3][0x10][0xffffffc1][0xffffffe5]qBY,!Y[0xffffffea] KM8,[0x10][0xfffffff0][0x19][0xffffffdd]u[0xffffff82][0x1e][0xffffffb0][0xffffffd8]L[0xffffffcb]%[0xffffff86][0xffffffa1][0xe][0xffffffb8][0xfffffff0]P[0xffffffe8]$[0xf][0x13]t[0x13]3[0xfffffff9][0xffffff84]B2[0xffffffae][0xffffffe6]|@[0xfffffff5][0x1d][0x8][0xffffffc4][0x18][0x16][0xffffff82]o[0xffffffa4][0xffffff9a]P[0xffffff94][0xffffffe7][0xffffffce]R[0xfffffff0][0x8][0xffffffdb]p[0xffffffcb][0x4][0xfffffffa][0xfffffffc][0xffffffb9][\r][0xffffff93][0x15][\n]"
09:49:20.395 [main] DEBUG org.apache.hc.client5.http.wire - http-outgoing-30 << "[0xffffffda][0xffffff86][0xffffffa1][0x17][0xffffffa8]Q3[0xffffffcb][0xffffffd6][0xffffffd1][0xffffff85][0xffffffc6][0xfffffff7][0xffffff98][0xffffffef][0xffffffa3][0xffffffc0]8[0x1][0xffffffae]s[0x12][0x16][0x7] _d[0xffffff82][0xffffff91][0xffffff84][0xfffffff3][0x1f],[0xfffffff6][0x14]j[0x1b]F,^+[0xffffff98]1ua2[0xffffffbf]h([0xffffff8e][0xffffff94][0xffffffa2][0xffffff91]m[0xffffffa3][0xffffffeb][0xffffff9a][0xffffffb0][0xffffffbb]I[0x17]t[0xffffffdf][0xffffffbd][0xffffffef][0xffffffbb][0xffffff91][0xffffffd7]U[0xffffffbb][0xffffff82][0xffffff9e][0x3][0xffffff9b][0xffffff88][0xffffffb9][0xffffffa6]$[0xffffffa6][0xc][0xffffff9b][0xffffffa5][0xffffffe2][0xffffff83][0xffffff98]F[0xffffffd8]o[0xffffff9e]Mg[0xffffff93][0xffffffbb][0xffffffd9]`|[0xfffffffb]u4[0xffffff9c][0x7f]"}B[0xffffffce][0x8][0xffffffb9][0xffffffe3]<[0x8][0xffffff91][0xffffff90][0xffffff94][0xffffff82][0xffffff90][0xffffffc1]j[0x15]2WI[0xffffffe3]1![0x19][0xffffff91]BnB[0xffffff80][0x9]<f[0xffffffb5][0xffffffe8]=[0xffffffd1]p[0xffffffbd][[0xffffffcf][0xffffffe5][0x1b][0xfffffff4][0xffffff9c][0xffffffff][0xfffffffc][0xfffffff8][0xffffffe1][0xffffffe2][0xffffff94][0xffffffa2][0xffffffae][0xe][0x14]5[0xffffff9a]8[0xffffff83][0xffffffd1]`:[0xfffffffd]<[0xffffffb8][0x1f][0xffffff9c]R[0xffffffcf]u[0x7f]6[0xffffffbc][0xffffff83][0xffffffef][0xf][0xffffffc3][0xffffffd9]/[0xfffffff8][0xfffffff2][0xffffffcd]y s[0xffffffee]'[0x1b]*0g[0xffffffcb][0xffffffc8]nF7H][0xffffff83][0xffffff97]{[0xffffffb1]Q[0x5][\r][0xffffffb5]c[0xffffffb4][0xf][0x2][0xffffffb3][0xffffffb4][0xffffff93][0xe]C[0xffffffa7][0xffffffb3]kAD][0xffffff9d][0xffffffde][0xffffffdb][0xffffffda][0xffffff88][0xffffffec][0xffffffa5][0xffffffbc][0xffffff99][0xffffffd9][0xffffffba]t[0xffffffb5][0xffffffea]9[0xffffffea][0x10])[0xffffffb7][0xffffffca][0xffffff9e][0xfffffff2][0xffffffe2]d^N[0xffffffd8]FW[0x16][0xffffffcd][0xffffffdc]_[0x10][0xfffffff9]i|[0x1c][0xffffff93][0xffffff8e][0xfffffff9]o[0x16][0xffffff86]4'!$G[0xffffffdf]W[0xfffffff4]W*j[[0xfffffff3]xR[0xffffffae][0xffffffb6][0xc][0xffffffd0],; #[0xffffffa9][0xffffff92]5[0xffffffb5][0x7][0xffffff9c][0xffffffb5][0xffffffd0][0x7f][0xffffff90][0xffffffc7]jgs[0xfffffffc][0xffffffc2][0xb][0xffffffd9][0x0]t[0xffffff9e]^'Y[0xfffffffb][0xffffff9f][0xffffffb1][0xffffffd8]:[0xffffffbf][0xffffff8d][0xffffffa5][0xffffff9a][0xffffffad][0x7f]m[0x5]&[0xffffffaa][0xffffffa0]^[0xffffff9b][0xffffffcb][0x5]f[0xffffffae][0xffffffe0]RU[0xffffff82][0x10]MS9l[0xffffff91]4t[0xfffffffb][0xffffff8a]][0xffffffd6][0xfffffff4][0xffffff96][0xffffffa6][0xffffff9f]P[0xffffffce][0xffffffd5][0xffffffce][0xffffff93][0xffffffff][0xffffff97][0xffffffcc]p[0xfffffffd][0xfffffff3][0xffffffe8][0x1b][0xffffffcc][0xffffffa2][0xffffffd9]Q[0xffffffbe][0xffffffb2][0xffffffa3][0xffffffc7]m'[0xffffffdf][0xffffffe4][[0xfffffffb]^[0xffffffb0][0xffffff9a][0xffffffbe][0xffffffda][0xffffffda]_[0xffffffce][0xffffff80][0xffffffd2][0xffffffc1]7[0xffffffb7]][0xffffffc1]b[0xffffffee][0xffffffb5][0xffffffff]w[0xffffff83][0xffffffed][0xffffffa7];[0x15]<[0x10]4[0xffffff92][0xffffff84][0x18][\n]"
09:49:20.395 [main] DEBUG org.apache.hc.client5.http.wire - http-outgoing-30 << "BB[0xffffffba][0xffffff8e]][0xffffffb5]jo[0xffffffb9]+"[0xffffffea][0xffffffb4][0xffffffff]h"[0xffffffea]\?5[0xffffffa9][0xffffffaf]k[0xffffffec][0xffffffff]P[0xffffffea][\n]"
09:49:20.395 [main] DEBUG org.apache.hc.client5.http.wire - http-outgoing-30 << "w[0xffffffe1]K[0x13][0xffffffda][0xffffffec][0xffffff98][0xffffffe6]Y[0xfffffffd]h8m6[0xffffff9c]T[0xffffffc1][0xfffffff2][0xffffffa7][0xffffff91]z_[0xffffff95]o85p[0x1c][0x13][0xffffffe6][0xfffffff0]5[0xffffffee][0xfffffffc][0xffffff92][0xffffff96][0xffffffda][0xfffffff7][0xffffffcf][0xffffffb1][0x5][0x1d][0xffffffea]K[0xffffff9b]9[0xffffff8e][0xffffffad]e[0xfffffff7][0xffffff93][0xffffffa8]`[0xffffffda][0xffffffff][0x1a][0xffffffd2][0xffffff88][0xffffff85][0xfffffffd][0xfffffff2][0xffffff91]N[0xfffffff6]`[0xffffffdf]2[0xffffffcf][0xffffffae]E[0xffffff97][0xffffffc5][0xffffffa2][0xffffff9d][0xffffffef]'[0xffffff9d]mun.[0xffffffd3]f^[0xffffffc7][0xffffff82][0xffffffda][0xffffff82]9[0xfffffff5][0xffffffa9]`[0x5][0xffffffbc]4[0xffffffa1][0x1d]<M[0xffffffb5]A[0xffffffa7]3[[0xffffffc0][0x7f][0x0][0xffffffc1][0xffffffd0]$[0xffffff85][0x1d][\r][0x0][0x0]"
09:49:20.395 [main] DEBUG org.apache.hc.client5.http.impl.classic.InternalHttpClient - ep-00000028: releasing valid endpoint
09:49:20.395 [main] DEBUG org.apache.hc.client5.http.impl.io.PoolingHttpClientConnectionManager - ep-00000028: releasing endpoint
09:49:20.395 [main] DEBUG org.apache.hc.client5.http.impl.io.PoolingHttpClientConnectionManager - ep-00000028: connection http-outgoing-30 can be kept alive for 3 MINUTES
09:49:20.395 [main] DEBUG org.apache.hc.client5.http.impl.io.PoolingHttpClientConnectionManager - ep-00000028: connection released [route: {s}->https://raw.githubusercontent.com:443][total available: 1; route allocated: 1 of 5; total allocated: 1 of 25]
09:49:20.395 [main] DEBUG io.github.bonigarcia.wdm.versions.VersionDetector - Detecting chrome version using online commands.properties
09:49:20.395 [main] DEBUG io.github.bonigarcia.wdm.versions.Shell - Running command on the shell: [cmd.exe, /C, wmic, datafile, where, name="%PROGRAMFILES:\=\\%\\Google\\Chrome\\Application\\chrome.exe", get, Version, /value]
09:49:20.494 [main] DEBUG io.github.bonigarcia.wdm.versions.Shell - Result: Version=117.0.5938.132
09:49:20.495 [main] DEBUG org.apache.hc.client5.http.impl.classic.InternalHttpClient - ex-0000002A: preparing request execution
09:49:20.495 [main] DEBUG org.apache.hc.client5.http.protocol.RequestAddCookies - Cookie spec selected: strict
09:49:20.495 [main] DEBUG org.apache.hc.client5.http.protocol.RequestAuthCache - Auth cache not set in the context
09:49:20.495 [main] DEBUG org.apache.hc.client5.http.impl.classic.ProtocolExec - ex-0000002A: target auth state: UNCHALLENGED
09:49:20.495 [main] DEBUG org.apache.hc.client5.http.impl.classic.ProtocolExec - ex-0000002A: proxy auth state: UNCHALLENGED
09:49:20.495 [main] DEBUG org.apache.hc.client5.http.impl.classic.ConnectExec - ex-0000002A: acquiring connection with route {s}->https://chromedriver.storage.googleapis.com:443
09:49:20.495 [main] DEBUG org.apache.hc.client5.http.impl.classic.InternalHttpClient - ex-0000002A: acquiring endpoint (3 MINUTES)
09:49:20.495 [main] DEBUG org.apache.hc.client5.http.impl.io.PoolingHttpClientConnectionManager - ex-0000002A: endpoint lease request (3 MINUTES) [route: {s}->https://chromedriver.storage.googleapis.com:443][total available: 1; route allocated: 0 of 5; total allocated: 1 of 25]
09:49:20.495 [main] DEBUG org.apache.hc.client5.http.impl.io.PoolingHttpClientConnectionManager - ex-0000002A: endpoint leased [route: {s}->https://chromedriver.storage.googleapis.com:443][total available: 1; route allocated: 1 of 5; total allocated: 2 of 25]
09:49:20.495 [main] DEBUG org.apache.hc.client5.http.impl.io.PoolingHttpClientConnectionManager - ex-0000002A: acquired ep-00000029
09:49:20.495 [main] DEBUG org.apache.hc.client5.http.impl.classic.InternalHttpClient - ex-0000002A: acquired endpoint ep-00000029
09:49:20.495 [main] DEBUG org.apache.hc.client5.http.impl.classic.ConnectExec - ex-0000002A: opening connection {s}->https://chromedriver.storage.googleapis.com:443
09:49:20.495 [main] DEBUG org.apache.hc.client5.http.impl.classic.InternalHttpClient - ep-00000029: connecting endpoint (30 SECONDS)
09:49:20.495 [main] DEBUG org.apache.hc.client5.http.impl.io.PoolingHttpClientConnectionManager - ep-00000029: connecting endpoint to https://chromedriver.storage.googleapis.com:443 (30 SECONDS)
09:49:20.495 [main] DEBUG org.apache.hc.client5.http.impl.io.DefaultHttpClientConnectionOperator - http-outgoing-31: connecting to chromedriver.storage.googleapis.com/34.101.5.123:443
09:49:20.495 [main] DEBUG org.apache.hc.client5.http.ssl.SSLConnectionSocketFactory - Connecting socket to chromedriver.storage.googleapis.com/34.101.5.123:443 with timeout 30 SECONDS
09:49:20.497 [main] DEBUG org.apache.hc.client5.http.ssl.SSLConnectionSocketFactory - Enabled protocols: [TLSv1.3, TLSv1.2]
09:49:20.497 [main] DEBUG org.apache.hc.client5.http.ssl.SSLConnectionSocketFactory - Enabled cipher suites: [TLS_AES_256_GCM_SHA384, TLS_AES_128_GCM_SHA256, TLS_CHACHA20_POLY1305_SHA256, TLS_ECDHE_ECDSA_WITH_AES_256_GCM_SHA384, TLS_ECDHE_ECDSA_WITH_AES_128_GCM_SHA256, TLS_ECDHE_ECDSA_WITH_CHACHA20_POLY1305_SHA256, TLS_ECDHE_RSA_WITH_AES_256_GCM_SHA384, TLS_ECDHE_RSA_WITH_CHACHA20_POLY1305_SHA256, TLS_ECDHE_RSA_WITH_AES_128_GCM_SHA256, TLS_DHE_RSA_WITH_AES_256_GCM_SHA384, TLS_DHE_RSA_WITH_CHACHA20_POLY1305_SHA256, TLS_DHE_DSS_WITH_AES_256_GCM_SHA384, TLS_DHE_RSA_WITH_AES_128_GCM_SHA256, TLS_DHE_DSS_WITH_AES_128_GCM_SHA256, TLS_ECDHE_ECDSA_WITH_AES_256_CBC_SHA384, TLS_ECDHE_RSA_WITH_AES_256_CBC_SHA384, TLS_ECDHE_ECDSA_WITH_AES_128_CBC_SHA256, TLS_ECDHE_RSA_WITH_AES_128_CBC_SHA256, TLS_DHE_RSA_WITH_AES_256_CBC_SHA256, TLS_DHE_DSS_WITH_AES_256_CBC_SHA256, TLS_DHE_RSA_WITH_AES_128_CBC_SHA256, TLS_DHE_DSS_WITH_AES_128_CBC_SHA256, TLS_ECDH_ECDSA_WITH_AES_256_GCM_SHA384, TLS_ECDH_RSA_WITH_AES_256_GCM_SHA384, TLS_ECDH_ECDSA_WITH_AES_128_GCM_SHA256, TLS_ECDH_RSA_WITH_AES_128_GCM_SHA256, TLS_ECDH_ECDSA_WITH_AES_256_CBC_SHA384, TLS_ECDH_RSA_WITH_AES_256_CBC_SHA384, TLS_ECDH_ECDSA_WITH_AES_128_CBC_SHA256, TLS_ECDH_RSA_WITH_AES_128_CBC_SHA256, TLS_ECDHE_ECDSA_WITH_AES_256_CBC_SHA, TLS_ECDHE_RSA_WITH_AES_256_CBC_SHA, TLS_ECDHE_ECDSA_WITH_AES_128_CBC_SHA, TLS_ECDHE_RSA_WITH_AES_128_CBC_SHA, TLS_DHE_RSA_WITH_AES_256_CBC_SHA, TLS_DHE_DSS_WITH_AES_256_CBC_SHA, TLS_DHE_RSA_WITH_AES_128_CBC_SHA, TLS_DHE_DSS_WITH_AES_128_CBC_SHA, TLS_ECDH_ECDSA_WITH_AES_256_CBC_SHA, TLS_ECDH_RSA_WITH_AES_256_CBC_SHA, TLS_ECDH_ECDSA_WITH_AES_128_CBC_SHA, TLS_ECDH_RSA_WITH_AES_128_CBC_SHA, TLS_RSA_WITH_AES_256_GCM_SHA384, TLS_RSA_WITH_AES_128_GCM_SHA256, TLS_RSA_WITH_AES_256_CBC_SHA256, TLS_RSA_WITH_AES_128_CBC_SHA256, TLS_RSA_WITH_AES_256_CBC_SHA, TLS_RSA_WITH_AES_128_CBC_SHA, TLS_EMPTY_RENEGOTIATION_INFO_SCSV]
09:49:20.497 [main] DEBUG org.apache.hc.client5.http.ssl.SSLConnectionSocketFactory - Starting handshake
09:49:20.537 [main] DEBUG org.apache.hc.client5.http.ssl.SSLConnectionSocketFactory - Secure session established
09:49:20.537 [main] DEBUG org.apache.hc.client5.http.ssl.SSLConnectionSocketFactory -  negotiated protocol: TLSv1.3
09:49:20.537 [main] DEBUG org.apache.hc.client5.http.ssl.SSLConnectionSocketFactory -  negotiated cipher suite: TLS_AES_256_GCM_SHA384
09:49:20.537 [main] DEBUG org.apache.hc.client5.http.ssl.SSLConnectionSocketFactory -  peer principal: CN=*.storage.googleapis.com
09:49:20.537 [main] DEBUG org.apache.hc.client5.http.ssl.SSLConnectionSocketFactory -  peer alternative names: [*.storage.googleapis.com, *.googleapis.com, commondatastorage.googleapis.com, *.commondatastorage.googleapis.com, storage.googleapis.com, storage-p2.googleapis.com, *.storage-p2.googleapis.com, storage.mtls.googleapis.com, *.appspot.com.storage.googleapis.com, *.content-storage.googleapis.com, *.content-storage-p2.googleapis.com, *.content-storage-upload.googleapis.com, *.content-storage-download.googleapis.com, *.storage-upload.googleapis.com, *.storage-download.googleapis.com]
09:49:20.537 [main] DEBUG org.apache.hc.client5.http.ssl.SSLConnectionSocketFactory -  issuer principal: CN=GTS CA 1C3, O=Google Trust Services LLC, C=US
09:49:20.537 [main] DEBUG org.apache.hc.client5.http.impl.io.DefaultHttpClientConnectionOperator - http-outgoing-31: connection established 192.168.100.42:64428<->34.101.5.123:443
09:49:20.537 [main] DEBUG org.apache.hc.client5.http.impl.io.PoolingHttpClientConnectionManager - ep-00000029: connected http-outgoing-31
09:49:20.537 [main] DEBUG org.apache.hc.client5.http.impl.classic.InternalHttpClient - ep-00000029: endpoint connected
09:49:20.537 [main] DEBUG org.apache.hc.client5.http.impl.classic.MainClientExec - ex-0000002A: executing GET /LATEST_RELEASE_117 HTTP/1.1
09:49:20.537 [main] DEBUG org.apache.hc.client5.http.impl.classic.InternalHttpClient - ep-00000029: start execution ex-0000002A
09:49:20.537 [main] DEBUG org.apache.hc.client5.http.impl.io.PoolingHttpClientConnectionManager - ep-00000029: executing exchange ex-0000002A over http-outgoing-31
09:49:20.537 [main] DEBUG org.apache.hc.client5.http.headers - http-outgoing-31 >> GET /LATEST_RELEASE_117 HTTP/1.1
09:49:20.537 [main] DEBUG org.apache.hc.client5.http.headers - http-outgoing-31 >> user-agent: Apache-HttpClient/5.0
09:49:20.537 [main] DEBUG org.apache.hc.client5.http.headers - http-outgoing-31 >> accept-encoding: gzip, deflate, br
09:49:20.537 [main] DEBUG org.apache.hc.client5.http.headers - http-outgoing-31 >> cache-control: max-age=0
09:49:20.537 [main] DEBUG org.apache.hc.client5.http.headers - http-outgoing-31 >> connection: keep-alive
09:49:20.537 [main] DEBUG org.apache.hc.client5.http.headers - http-outgoing-31 >> Host: chromedriver.storage.googleapis.com
09:49:20.537 [main] DEBUG org.apache.hc.client5.http.wire - http-outgoing-31 >> "GET /LATEST_RELEASE_117 HTTP/1.1[\r][\n]"
09:49:20.537 [main] DEBUG org.apache.hc.client5.http.wire - http-outgoing-31 >> "user-agent: Apache-HttpClient/5.0[\r][\n]"
09:49:20.537 [main] DEBUG org.apache.hc.client5.http.wire - http-outgoing-31 >> "accept-encoding: gzip, deflate, br[\r][\n]"
09:49:20.537 [main] DEBUG org.apache.hc.client5.http.wire - http-outgoing-31 >> "cache-control: max-age=0[\r][\n]"
09:49:20.537 [main] DEBUG org.apache.hc.client5.http.wire - http-outgoing-31 >> "connection: keep-alive[\r][\n]"
09:49:20.537 [main] DEBUG org.apache.hc.client5.http.wire - http-outgoing-31 >> "Host: chromedriver.storage.googleapis.com[\r][\n]"
09:49:20.537 [main] DEBUG org.apache.hc.client5.http.wire - http-outgoing-31 >> "[\r][\n]"
09:49:20.775 [main] DEBUG org.apache.hc.client5.http.wire - http-outgoing-31 << "HTTP/1.1 404 Not Found[\r][\n]"
09:49:20.775 [main] DEBUG org.apache.hc.client5.http.wire - http-outgoing-31 << "X-GUploader-UploadID: ADPycdtj3pfKoqTfjl4b76aXGEkNB29umH_fv4l7lAkDSPPeS3fzBDxY7-M--vwNBCYN4LytuOY2zrCbQP9QBdJ2Wf5AWhbqXWU1[\r][\n]"
09:49:20.775 [main] DEBUG org.apache.hc.client5.http.wire - http-outgoing-31 << "Content-Type: application/xml; charset=UTF-8[\r][\n]"
09:49:20.775 [main] DEBUG org.apache.hc.client5.http.wire - http-outgoing-31 << "Content-Length: 193[\r][\n]"
09:49:20.775 [main] DEBUG org.apache.hc.client5.http.wire - http-outgoing-31 << "Date: Sat, 30 Sep 2023 02:49:31 GMT[\r][\n]"
09:49:20.775 [main] DEBUG org.apache.hc.client5.http.wire - http-outgoing-31 << "Expires: Sat, 30 Sep 2023 02:49:31 GMT[\r][\n]"
09:49:20.788 [main] DEBUG org.apache.hc.client5.http.wire - http-outgoing-31 << "Cache-Control: private, max-age=0[\r][\n]"
09:49:20.788 [main] DEBUG org.apache.hc.client5.http.wire - http-outgoing-31 << "Server: UploadServer[\r][\n]"
09:49:20.788 [main] DEBUG org.apache.hc.client5.http.wire - http-outgoing-31 << "Alt-Svc: h3=":443"; ma=2592000,h3-29=":443"; ma=2592000[\r][\n]"
09:49:20.788 [main] DEBUG org.apache.hc.client5.http.wire - http-outgoing-31 << "[\r][\n]"
09:49:20.788 [main] DEBUG org.apache.hc.client5.http.wire - http-outgoing-31 << "<?xml version='1.0' encoding='UTF-8'?><Error><Code>NoSuchKey</Code><Message>The specified key does not exist.</Message><Details>No such object: chromedriver/LATEST_RELEASE_117</Details></Error>"
09:49:20.788 [main] DEBUG org.apache.hc.client5.http.headers - http-outgoing-31 << HTTP/1.1 404 Not Found
09:49:20.788 [main] DEBUG org.apache.hc.client5.http.headers - http-outgoing-31 << X-GUploader-UploadID: ADPycdtj3pfKoqTfjl4b76aXGEkNB29umH_fv4l7lAkDSPPeS3fzBDxY7-M--vwNBCYN4LytuOY2zrCbQP9QBdJ2Wf5AWhbqXWU1
09:49:20.788 [main] DEBUG org.apache.hc.client5.http.headers - http-outgoing-31 << Content-Type: application/xml; charset=UTF-8
09:49:20.788 [main] DEBUG org.apache.hc.client5.http.headers - http-outgoing-31 << Content-Length: 193
09:49:20.788 [main] DEBUG org.apache.hc.client5.http.headers - http-outgoing-31 << Date: Sat, 30 Sep 2023 02:49:31 GMT
09:49:20.788 [main] DEBUG org.apache.hc.client5.http.headers - http-outgoing-31 << Expires: Sat, 30 Sep 2023 02:49:31 GMT
09:49:20.788 [main] DEBUG org.apache.hc.client5.http.headers - http-outgoing-31 << Cache-Control: private, max-age=0
09:49:20.788 [main] DEBUG org.apache.hc.client5.http.headers - http-outgoing-31 << Server: UploadServer
09:49:20.788 [main] DEBUG org.apache.hc.client5.http.headers - http-outgoing-31 << Alt-Svc: h3=":443"; ma=2592000,h3-29=":443"; ma=2592000
09:49:20.788 [main] DEBUG org.apache.hc.client5.http.impl.classic.MainClientExec - ex-0000002A: connection can be kept alive for 3 MINUTES
09:49:20.788 [main] ERROR io.github.bonigarcia.wdm.online.HttpClient - Error HTTP 404 executing https://chromedriver.storage.googleapis.com/LATEST_RELEASE_117
09:49:20.788 [main] WARN io.github.bonigarcia.wdm.versions.VersionDetector - Exception reading https://chromedriver.storage.googleapis.com/LATEST_RELEASE_117 to get latest version of chromedriver (Error HTTP 404 executing https://chromedriver.storage.googleapis.com/LATEST_RELEASE_117)
09:49:20.788 [main] DEBUG io.github.bonigarcia.wdm.versions.VersionDetector - Getting driver version for chrome117 from online versions.properties
09:49:20.791 [main] DEBUG org.apache.hc.client5.http.impl.classic.InternalHttpClient - ex-0000002B: preparing request execution
09:49:20.791 [main] DEBUG org.apache.hc.client5.http.protocol.RequestAddCookies - Cookie spec selected: strict
09:49:20.791 [main] DEBUG org.apache.hc.client5.http.protocol.RequestAuthCache - Auth cache not set in the context
09:49:20.791 [main] DEBUG org.apache.hc.client5.http.impl.classic.ProtocolExec - ex-0000002B: target auth state: UNCHALLENGED
09:49:20.791 [main] DEBUG org.apache.hc.client5.http.impl.classic.ProtocolExec - ex-0000002B: proxy auth state: UNCHALLENGED
09:49:20.791 [main] DEBUG org.apache.hc.client5.http.impl.classic.ConnectExec - ex-0000002B: acquiring connection with route {s}->https://raw.githubusercontent.com:443
09:49:20.791 [main] DEBUG org.apache.hc.client5.http.impl.classic.InternalHttpClient - ex-0000002B: acquiring endpoint (3 MINUTES)
09:49:20.791 [main] DEBUG org.apache.hc.client5.http.impl.io.PoolingHttpClientConnectionManager - ex-0000002B: endpoint lease request (3 MINUTES) [route: {s}->https://raw.githubusercontent.com:443][total available: 1; route allocated: 1 of 5; total allocated: 2 of 25]
09:49:20.791 [main] DEBUG org.apache.hc.client5.http.impl.io.PoolingHttpClientConnectionManager - ex-0000002B: endpoint leased [route: {s}->https://raw.githubusercontent.com:443][total available: 0; route allocated: 1 of 5; total allocated: 2 of 25]
09:49:20.791 [main] DEBUG org.apache.hc.client5.http.impl.io.PoolingHttpClientConnectionManager - ex-0000002B: acquired ep-0000002A
09:49:20.791 [main] DEBUG org.apache.hc.client5.http.impl.classic.InternalHttpClient - ex-0000002B: acquired endpoint ep-0000002A
09:49:20.791 [main] DEBUG org.apache.hc.client5.http.impl.classic.MainClientExec - ex-0000002B: executing GET /bonigarcia/webdrivermanager/master/src/main/resources/versions.properties HTTP/1.1
09:49:20.791 [main] DEBUG org.apache.hc.client5.http.impl.classic.InternalHttpClient - ep-0000002A: start execution ex-0000002B
09:49:20.791 [main] DEBUG org.apache.hc.client5.http.impl.io.PoolingHttpClientConnectionManager - ep-0000002A: executing exchange ex-0000002B over http-outgoing-30
09:49:20.791 [main] DEBUG org.apache.hc.client5.http.headers - http-outgoing-30 >> GET /bonigarcia/webdrivermanager/master/src/main/resources/versions.properties HTTP/1.1
09:49:20.791 [main] DEBUG org.apache.hc.client5.http.headers - http-outgoing-30 >> user-agent: Apache-HttpClient/5.0
09:49:20.791 [main] DEBUG org.apache.hc.client5.http.headers - http-outgoing-30 >> accept-encoding: gzip, deflate, br
09:49:20.791 [main] DEBUG org.apache.hc.client5.http.headers - http-outgoing-30 >> cache-control: max-age=0
09:49:20.791 [main] DEBUG org.apache.hc.client5.http.headers - http-outgoing-30 >> connection: keep-alive
09:49:20.791 [main] DEBUG org.apache.hc.client5.http.headers - http-outgoing-30 >> Host: raw.githubusercontent.com
09:49:20.791 [main] DEBUG org.apache.hc.client5.http.wire - http-outgoing-30 >> "GET /bonigarcia/webdrivermanager/master/src/main/resources/versions.properties HTTP/1.1[\r][\n]"
09:49:20.791 [main] DEBUG org.apache.hc.client5.http.wire - http-outgoing-30 >> "user-agent: Apache-HttpClient/5.0[\r][\n]"
09:49:20.791 [main] DEBUG org.apache.hc.client5.http.wire - http-outgoing-30 >> "accept-encoding: gzip, deflate, br[\r][\n]"
09:49:20.791 [main] DEBUG org.apache.hc.client5.http.wire - http-outgoing-30 >> "cache-control: max-age=0[\r][\n]"
09:49:20.791 [main] DEBUG org.apache.hc.client5.http.wire - http-outgoing-30 >> "connection: keep-alive[\r][\n]"
09:49:20.791 [main] DEBUG org.apache.hc.client5.http.wire - http-outgoing-30 >> "Host: raw.githubusercontent.com[\r][\n]"
09:49:20.791 [main] DEBUG org.apache.hc.client5.http.wire - http-outgoing-30 >> "[\r][\n]"
09:49:20.824 [main] DEBUG org.apache.hc.client5.http.wire - http-outgoing-30 << "HTTP/1.1 200 OK[\r][\n]"
09:49:20.824 [main] DEBUG org.apache.hc.client5.http.wire - http-outgoing-30 << "Connection: keep-alive[\r][\n]"
09:49:20.824 [main] DEBUG org.apache.hc.client5.http.wire - http-outgoing-30 << "Content-Length: 1615[\r][\n]"
09:49:20.824 [main] DEBUG org.apache.hc.client5.http.wire - http-outgoing-30 << "Cache-Control: max-age=300[\r][\n]"
09:49:20.824 [main] DEBUG org.apache.hc.client5.http.wire - http-outgoing-30 << "Content-Security-Policy: default-src 'none'; style-src 'unsafe-inline'; sandbox[\r][\n]"
09:49:20.824 [main] DEBUG org.apache.hc.client5.http.wire - http-outgoing-30 << "Content-Type: text/plain; charset=utf-8[\r][\n]"
09:49:20.824 [main] DEBUG org.apache.hc.client5.http.wire - http-outgoing-30 << "ETag: W/"65e8ec46ef4920945cc03f0386cc600d8027ed4440e101d5729220d93bfa6f0f"[\r][\n]"
09:49:20.824 [main] DEBUG org.apache.hc.client5.http.wire - http-outgoing-30 << "Strict-Transport-Security: max-age=31536000[\r][\n]"
09:49:20.824 [main] DEBUG org.apache.hc.client5.http.wire - http-outgoing-30 << "X-Content-Type-Options: nosniff[\r][\n]"
09:49:20.824 [main] DEBUG org.apache.hc.client5.http.wire - http-outgoing-30 << "X-Frame-Options: deny[\r][\n]"
09:49:20.824 [main] DEBUG org.apache.hc.client5.http.wire - http-outgoing-30 << "X-XSS-Protection: 1; mode=block[\r][\n]"
09:49:20.824 [main] DEBUG org.apache.hc.client5.http.wire - http-outgoing-30 << "X-GitHub-Request-Id: 4D10:B89CD:6D987:89792:651389FC[\r][\n]"
09:49:20.824 [main] DEBUG org.apache.hc.client5.http.wire - http-outgoing-30 << "Content-Encoding: gzip[\r][\n]"
09:49:20.824 [main] DEBUG org.apache.hc.client5.http.wire - http-outgoing-30 << "Accept-Ranges: bytes[\r][\n]"
09:49:20.824 [main] DEBUG org.apache.hc.client5.http.wire - http-outgoing-30 << "Date: Sat, 30 Sep 2023 02:49:31 GMT[\r][\n]"
09:49:20.824 [main] DEBUG org.apache.hc.client5.http.wire - http-outgoing-30 << "Via: 1.1 varnish[\r][\n]"
09:49:20.824 [main] DEBUG org.apache.hc.client5.http.wire - http-outgoing-30 << "X-Served-By: cache-qpg1276-QPG[\r][\n]"
09:49:20.824 [main] DEBUG org.apache.hc.client5.http.wire - http-outgoing-30 << "X-Cache: HIT[\r][\n]"
09:49:20.824 [main] DEBUG org.apache.hc.client5.http.wire - http-outgoing-30 << "X-Cache-Hits: 1[\r][\n]"
09:49:20.824 [main] DEBUG org.apache.hc.client5.http.wire - http-outgoing-30 << "X-Timer: S1696042172.649021,VS0,VE1[\r][\n]"
09:49:20.824 [main] DEBUG org.apache.hc.client5.http.wire - http-outgoing-30 << "Vary: Authorization,Accept-Encoding,Origin[\r][\n]"
09:49:20.824 [main] DEBUG org.apache.hc.client5.http.wire - http-outgoing-30 << "Access-Control-Allow-Origin: *[\r][\n]"
09:49:20.824 [main] DEBUG org.apache.hc.client5.http.wire - http-outgoing-30 << "Cross-Origin-Resource-Policy: cross-origin[\r][\n]"
09:49:20.824 [main] DEBUG org.apache.hc.client5.http.wire - http-outgoing-30 << "X-Fastly-Request-ID: e1406205f5a2db0d55c71fd460ef80a5eab926a6[\r][\n]"
09:49:20.824 [main] DEBUG org.apache.hc.client5.http.wire - http-outgoing-30 << "Expires: Sat, 30 Sep 2023 02:54:31 GMT[\r][\n]"
09:49:20.824 [main] DEBUG org.apache.hc.client5.http.wire - http-outgoing-30 << "Source-Age: 173[\r][\n]"
09:49:20.824 [main] DEBUG org.apache.hc.client5.http.wire - http-outgoing-30 << "[\r][\n]"
09:49:20.824 [main] DEBUG org.apache.hc.client5.http.headers - http-outgoing-30 << HTTP/1.1 200 OK
09:49:20.824 [main] DEBUG org.apache.hc.client5.http.headers - http-outgoing-30 << Connection: keep-alive
09:49:20.824 [main] DEBUG org.apache.hc.client5.http.headers - http-outgoing-30 << Content-Length: 1615
09:49:20.824 [main] DEBUG org.apache.hc.client5.http.headers - http-outgoing-30 << Cache-Control: max-age=300
09:49:20.824 [main] DEBUG org.apache.hc.client5.http.headers - http-outgoing-30 << Content-Security-Policy: default-src 'none'; style-src 'unsafe-inline'; sandbox
09:49:20.824 [main] DEBUG org.apache.hc.client5.http.headers - http-outgoing-30 << Content-Type: text/plain; charset=utf-8
09:49:20.824 [main] DEBUG org.apache.hc.client5.http.headers - http-outgoing-30 << ETag: W/"65e8ec46ef4920945cc03f0386cc600d8027ed4440e101d5729220d93bfa6f0f"
09:49:20.824 [main] DEBUG org.apache.hc.client5.http.headers - http-outgoing-30 << Strict-Transport-Security: max-age=31536000
09:49:20.825 [main] DEBUG org.apache.hc.client5.http.headers - http-outgoing-30 << X-Content-Type-Options: nosniff
09:49:20.825 [main] DEBUG org.apache.hc.client5.http.headers - http-outgoing-30 << X-Frame-Options: deny
09:49:20.825 [main] DEBUG org.apache.hc.client5.http.headers - http-outgoing-30 << X-XSS-Protection: 1; mode=block
09:49:20.825 [main] DEBUG org.apache.hc.client5.http.headers - http-outgoing-30 << X-GitHub-Request-Id: 4D10:B89CD:6D987:89792:651389FC
09:49:20.825 [main] DEBUG org.apache.hc.client5.http.headers - http-outgoing-30 << Content-Encoding: gzip
09:49:20.825 [main] DEBUG org.apache.hc.client5.http.headers - http-outgoing-30 << Accept-Ranges: bytes
09:49:20.825 [main] DEBUG org.apache.hc.client5.http.headers - http-outgoing-30 << Date: Sat, 30 Sep 2023 02:49:31 GMT
09:49:20.825 [main] DEBUG org.apache.hc.client5.http.headers - http-outgoing-30 << Via: 1.1 varnish
09:49:20.825 [main] DEBUG org.apache.hc.client5.http.headers - http-outgoing-30 << X-Served-By: cache-qpg1276-QPG
09:49:20.825 [main] DEBUG org.apache.hc.client5.http.headers - http-outgoing-30 << X-Cache: HIT
09:49:20.825 [main] DEBUG org.apache.hc.client5.http.headers - http-outgoing-30 << X-Cache-Hits: 1
09:49:20.825 [main] DEBUG org.apache.hc.client5.http.headers - http-outgoing-30 << X-Timer: S1696042172.649021,VS0,VE1
09:49:20.825 [main] DEBUG org.apache.hc.client5.http.headers - http-outgoing-30 << Vary: Authorization,Accept-Encoding,Origin
09:49:20.825 [main] DEBUG org.apache.hc.client5.http.headers - http-outgoing-30 << Access-Control-Allow-Origin: *
09:49:20.825 [main] DEBUG org.apache.hc.client5.http.headers - http-outgoing-30 << Cross-Origin-Resource-Policy: cross-origin
09:49:20.825 [main] DEBUG org.apache.hc.client5.http.headers - http-outgoing-30 << X-Fastly-Request-ID: e1406205f5a2db0d55c71fd460ef80a5eab926a6
09:49:20.825 [main] DEBUG org.apache.hc.client5.http.headers - http-outgoing-30 << Expires: Sat, 30 Sep 2023 02:54:31 GMT
09:49:20.825 [main] DEBUG org.apache.hc.client5.http.headers - http-outgoing-30 << Source-Age: 173
09:49:20.825 [main] DEBUG org.apache.hc.client5.http.impl.classic.MainClientExec - ex-0000002B: connection can be kept alive for 3 MINUTES
09:49:20.825 [main] DEBUG org.apache.hc.client5.http.wire - http-outgoing-30 << "[0x1f][0xffffff8b][0x8][0x0][0x0][0x0][0x0][0x0][0x0][0x3][0xffffff8d][0xffffff97]Ko#7[0xc][0xffffffc7][0xffffffef][0xfffffff9][0x14][0x3][0xfffffff4][0x1c]YO[0xffffff8a][\n]"
09:49:20.825 [main] DEBUG org.apache.hc.client5.http.wire - http-outgoing-30 << "[0xffffffa0]K[0xffffff9f][0xffffffa7][0xffffffa2][0xffffff87][0xfffffff6][0xb]x[0xffffffed]Ib[0xffffffac][0xffffffe3][0x9]lg[0xffffffb3][0xffffffe8][0xffffffa7]/[0xfffffff5][0xffffffa0]F[0xffffff96][[0xffffffa0][0xffffff87]`[0xffffff97]?k$[0xffffff92][0xffffffe2]p[0xfffffffe][0xfffffffc]a[0xfffffffa][0xffffffeb][0xfffffff5]p[0xffffff99][0xffffff9e][0xf][0xffffffc7]y[0xffffffda]-[0xffffffa7][0xffffffeb][0xfffffff6]p[0xffffffba]L[0xffffffd7][0xffffffd7]y[0xfffffffa]zZ>O[0xffffffd3][0xfffffffe]|[0xfffffff8]6[0xffffff9f]'[0xfffffffa][0xffffffbb][0x1c][0x16][0xfffffffa]e[0xffffffb7][0xffffffbc][0xffffffbd]o[0xffffffaf][0xffffff87]/[0xffffffb4][0xfffffffa][0xfffffff3]p}[0xffffffcd]+w[0xffffffcb][0xfffffff9]<_[0xffffffde][0xffffff97][0xffffffd3][0xfffffffe]pz[0xffffff99][0xffffffbe][0xffffff9c][0xffffff97][0xffffffcf][0xffffffcb][0xfffffffa][0xffffffc8][0xffffffc3][0xffffffc3][0xf][0xffffffd3][0xffffff8f][0x5]=M[0xffffffbf]-[0xffffffcb][0xb]=[0xfffffff9][0xffffffd3][0xffffffeb]yy[0xffffff9b][0xffffffa7][0xffffffed]i_[0xfffffffe]{[0xfffffff8]x[0xffffff9b][0x1e][0xffffffa7][0xffffff9f][0xfffffff3]QO[0xffffffd3].[0xffffffff]Z[0xe][0xffffffa6][0xffffff87][0xffffffff]\>[0xffffffce][0xffffffbb][0xfffffff9]iz[0xffffffbd]^[0xffffffdf][0xffffff9f]6[0xffffff9b][0xfffffffe]W[0xffffffb1][0xffffffab]O[0xffffff8b][0xffffffe5][0xfffffffc][0xffffffb2][0xffffffd9][0xffffff93][0xffffffbf][0xffffffc7]e[0xffffffbb][0xffffffbf]<[0xffffff94]5J[0xffffffd9]H[0x7f]B[\n]"
09:49:20.825 [main] DEBUG org.apache.hc.client5.http.wire - http-outgoing-30 << "[0xffffffe7][0xffffff8d][0x13]A6n[0xffffff88][0xffffff9b][0xffffffc4][0xffffffc1]k[0x1][0xffffffa6]qM\g[0xffffffae][0xffffff9c][0xffffffb0][0xffffffa1]qE\%[0xffffffee][0xffffffc0][0x8][0xffffffb0][0xffffff8d]K[0xffffffe2]2q[0xffffff8b]Jx[0xffffffcf]\[0xffffff86]H[0x7f][0xffffff99][0xffffffd3][0xfffffff1][0xffffffbe][0xffffffad][0xffffff97]H[0x1c][0x13]7.[0x8][0xffffffaf][0x1a][0xfffffff7][0xffffffc4]}[0xffffffe6][0xffffffd2][\n]"
09:49:20.825 [main] DEBUG org.apache.hc.client5.http.wire - http-outgoing-30 << "[0xffffffd0][0xffffff8d][0x3]qH\[0xffffffdb] `][0xffffffef][0xffffff88][0xffffffbb][0xffffffc4]Up[0xfffffff4]c[0xffffffe3][0x14][0xffffffaf][0xffffffcc][0xfffffff1][0xffffffa6]0|[0xfffffff3]_R[0xffffffbc]2[0xffffffc7]+A[\n]"
09:49:20.825 [main] DEBUG org.apache.hc.client5.http.wire - http-outgoing-30 << "eV[0xffffff87](`[0xffffff99][0x3][0xffffff96][0xffffffb4]_w[0x0][0x5],S[0xffffffc0]68%[0xffffffec][0xffffffca])`[0xffffff99][0x2][0xffffffb6][0x18]@[0x0]'4[0xffffff84][0x18]B[0xffffffa6][0xffffffd6][0xffffffd2][0xffffffd9]L1[0xffffff86][0x14][0xffffffac][0xfffffff5][0xe][0x5][0x1d][0xffffffc3][0xffffffd8][0xffffffc7][0xffffff90]b[0xffffffb5][0x10][0xfffffff4][0xffffff9a][0xffffff83][0x0]1@[0xffffffa6]`[0xffffff85]uL][0xc].S[0xffffff83][0x2]8[0xffffff9e]`c[0xffffffb0][0xffffff99]Rr[0xffffffe8]"[0x19][0xffffff9b][0x18]R[0xffffff90][0xffffffd6]y[0xffffffbf]^j[0xffffffd0]1[0xffffffe8]L[0xffffffe9]J)[0xffffffcb][0xffffff8c]U[0xc]9@K[0x15]@[0xffffffb1]2[0xffffff96]1[0xffffffe4][0xfffffff8][0xffffffac][0xffffff91]Bs[0xffffff9e]0D[0xffffffcc][0xfffffff1][0x19][0xfffffffa]G[0xfffffff3][0xffffffce][0xffffff88][0x11]s|F[[0x11][0xffffff80][0xffffffa9][0xffffff8f][0xffffff98][0xffffffc3][0xffffffd3]([0x5]"S[0xffffff88][0xffffff98][0xffffffc3][0xffffffd3][0xffffff96][0xfffffff6][0xffffffe5]T[0xffffffa0][0xffffff8b][0xffffff98][0xffffffc3]Sh[0x4][0xffffffb2]kh#[0xffffffe6][0xfffffff0][0xffffff94][0xfffffff5][0xffffffc2]p[0xffffff8e][0xffffffd1]D[0xffffffcc][0xffffffd1][0xffffffa5][0xffffff9b]4[0xffffff9c][\n]"
09:49:20.825 [main] DEBUG org.apache.hc.client5.http.wire - http-outgoing-30 << "T[0x11]s[0x18][0xffffff92]2[0xffffffaf]L;NFLa[0xffffff98]@[0xffffffbe]P[0x9]U[0xffffffec]C[0xfffffff4]!c[0xffffffeb][0xffffff84]i[0x14][0xffffffa3][0xffffffc7]L[0xffffffa9]v[0xffffffa8][0xffffffae][0x18][0xfffffffb][0xffffffe8]S [0x6][0xffffff81][0xffffffde][0x5]v[0xffffffc3]C[0xfffffff4][0xffffff90])[0x15][0xffffffb8][0xffffffd2]m[0xf][0x17]}[0xffffff8a][0xffffffc4]xO[0x5][0xffffffb6][0xffffffae][0xffffffb6][0xffffffd1][0xffffffdb][0xffffff8c]5[0xffffffd5]/C[0x13]}[0xffffff8a][0xffffffc4][0x0][0x5][0x4][0xffffffec][0xffffffb2][0xffffffd7]Q[0xffffffd3][0xffffff8d][0xffffffb2][0xffffffa5]n,[0xffffff99],v[0xc]B[0xffffffb2][0xfffffff8]n[0x0][0xffffff93][0xffffffc5][0x19][0x5][0xffffff9f],[0xffffffbe]M[0xffffff80]d[0xffffffb1]3[0xffffffe0][0xffffffc8]j)[0x2][0xffffff9b],[0xffffffce]9[0xffffff98]d[0xfffffff1]y[0xffffff90]|1[0xffffffed][0xffffffbc][0xffffffe4]K{g [0xfffffff9]b[0xffffffcc]MW[0xfffffffb]}[0xfffffff9][0xfffffffb]p<n[0xffffffa7]_[0xf][0xffffffe7][0xfffffff9]y[0xfffffff9][0xffffffde][0xffffffb5][0xffffffb2][0xffffff97]y[0xfffffff7]u[0xfffffff9][0xffffffd7]Nv[0xffffffa1]V[0xfffffff6]B[\r][0xfffffff4][0xffffffe3][0xffffff8b][0xffffffa0][0xffffff96][0xffffffba]y+[l[0xffffffba][0x7]6[0xffffffe7][0xfffffff9]8o/[0xfffffff3][0xffffffe5][0xffffffe1][0xffffffb9][0xffffffec][0xffffffab][0x14]FJ[0x1b][0xffffffe5]n%[0xfffffffe][0xffffff8e][0xffffffc0][0x1d]qw[0xffffffc4][0xffffffde][0x11]sG[0xfffffff4][0x1d]QwD&[0xffffffa2][0xffffff85]n[0xffffff84]:_&[0xffffffeb][0x1a][0xffffff89]w[0xffffffc4][0xffffffdf][0x11][0xffffffb8]#[0xffffffee][0xffffff8e]d[0xffffff9f]UO[0xffffffcc][0x1d][0xffffffd1]wD[0xffffffdd][0x11]9[0xffffff90][0x10]F[0xffffff80]#[0xfffffff0]#[0xffffff80][0x11][0xffffffb8][0x11][0xffffff8c][0xffffffde][0xffffff86][0xffffffd1][0xffffffd9]0[0xfffffffa][0x1a]FWC[0xfffffff2][0xffffff94][0xffffffde][0xffffff9b][0xe][0xffffff88][0xffffffe3][0xffffffe1][0xfffffff4][0xfffffff1][0xffffffbd]`[0xffffffc5][0x18][0xffffffc3][0xffffffb0][0xe]q[0x4]~[0x4]0[0x2]7[0x2];[0xffffff82][0x14][0xffffff80][0xffffffc6][0xe][0xffffffe8][0x11][0xffffffa4][0x0][0xffffffb4][0xffffffef][0xffffff80][0x1c][0xffffff80][0xf]#[0xffffffc8][0xffffff9e]B[0x7][0xfffffffc][0x8]`[0x4]n[0x4]v[0x4]f[0x4]z[0x4]j[0x4]r[0x0][0x10]F[0xffffff90]=u[0x1d][0xffffffc8][0xffffff9e][0xffffffda][0xe][0xffffffc0][0x8][0xffffffdc][0x8][0xffffffb2][0xffffffa7][0xffffffdd][0xb][0x4]f[0x4][0xffffffd9][0xffffffd3][0xffffffae][0xffffffec]!{[0xffffffda][0x15][0x5][0xffffffc8][0x1][0xffffffb8]0[0x2][0x1c][0xffffff81][0x1f]A[0xfffffff6]Tv[0xffffffc0]1[0xffffffe8][0xffffffbb][0xffffffda][0x1f][0xffffffef][0xfffffff3]y[0xffffffdb][0xfffffff5][0xffffffb2]%[0xffffffd9][0xffffffff][0xffffffa7][0xffffff97][0xffffffe5][0xffffff85][0xffffff97][0xffffffe5][0xfffffff9][0xfffffffa][0xffffffb9]=[0xffffffcf][0xffffffc5]b[0xffffff9d]6v[0xffffffb6][0xfffffffc]c[0xffffff96]!*[0xffffffeb][0x1c][0xffffffa4][0xf]S[0xfffffff0][0xffffff8c][0xffffff93][0xffffffec][0xffffffca]2[0xffffffc7]S[0xffffffe9]+[0xffffffd2][\n]"
09:49:20.825 [main] DEBUG org.apache.hc.client5.http.wire - http-outgoing-30 << "[0xffffff95][0xffffffcb]^[0xffffffd6]Q[0x17]*[0xffffff9c]^[0xffffffe4]N[0xffffffd5])][0xffffffb7][0xffffffa1][0xffffffd7][0xffffffb9][0x13]u[0xffffffc8][0xffffffd4][0xffffffdf]H:W)[0xfffffff4][0xffffff82][0xffffff8e][0xe][0xffffffaa][0xffffffd8][0xfffffff5]zNi[0xffffffc6][0xffffffb6][0xffffff97]s!Tjz1G[\n]"
09:49:20.825 [main] DEBUG org.apache.hc.client5.http.wire - http-outgoing-30 << "[0xffffffa0]P[0xffffffdd]K9[0xffffffa5]x[0xffffffb1][0xffffffea][0xffffff95]\[0x12]I[0x5][0xffffffcb]^[0xffffffc8]a[\r][0x1c]C/[0xffffffe3][0x0]*[0xffffffc5]A[0xffffffc3][0x15][0xffffffea]{[0x5]G[0xffffff92][0xffffffb5]P[0xffffffe8][0xfffffff5][K[0x11][0xffffffbd][0xfffffffd]7[0xfffffffa][0xffffffad]@[0xffffffdb][0xffffffc9]7[0xffffffac][0xffffff8e]Q[0x17][0xffffffb8][0x11]o[0x5][0xffffffea][[0xffffffed]V[0xffffffa0][0xffffffea][0xffffffa4][0xffffff9b][0xffffffe3][0xfffffff3]e[0xffffffa7][0xffffffdc][0xffffffd8]U[0xffffffea][\n]"
09:49:20.825 [main] DEBUG org.apache.hc.client5.http.wire - http-outgoing-30 << "7[0xffffffba][0xffffffad]@[0x1c]d[[0xffffffa1][0xffffffbe]Sm[0xffffff9e]!t[0xffffff9a][\r][0xffffffeb][0xfffffff1][0xffffffd4]&V[0xffffffc9][0xffffffc6][0xffffffde]S[0xffffffab]X[0x15][0x1b]%[0xffffffb8]R[0xffffffd3])6[0xffffffe0]Mu'[0xffffffd8][0xffffffb0]^8[0xfffffff5][0xffffff8d]U[0xffffffaf][0xffffffb5][0xffffffcb][0xffffffa2][0xffffffe6][0xffffffb1][0xffffffea]5[0xffffffac][0x17]K[\r]d[0xffffff95]k\[0xffffffd1][0xffffffd4]D:[0xffffffb5][0xffffffa6]j[0xffffffa8][0xffffffd4]Iz[0xffffffb1]V[0xffffffcf][0xffffffa2]v[0xffffffb2]j5[0xffffffcf][0xffffffbb][0xffffffba]N[0xffffffaa]q)S[Y[0xffffff85]Z+N[0xffffffea]-[0xffffff9d]P3[0xffffffd5]Wj0[0xffffff9d]NkgU}[0xffffff95][\r][0x17]z[0xffffffa3][0xffffffaa][0xffffffab]bTqU[0xffffff8c][0xffffffaa][0xffffffad][0xffffff8a]Q[0xffffffa5]U1[0xffffffaa][0xffffffb2]*F[0x15]V[0xffffffc5][0xffffffa8][0xffffffba][0xffffffaa][0x18][0xffffffaa][0x8][0xffffffa9]b[0xffffffc8][0xffffffce][0xffffffb0][0xffffffc9][0x3][0xfffffff6][0xffffffd8]&[0xf]L=[0xffffffc7]&[0xf]tM[0xffffff86][0xffffff85]b[0xffffffdc]([0xffffffb1][0xffffffc3][0xffffffee][0xffffffbc][0xffffffa4][0xffffffd6]3[0xfffffffd][0xffffffb2][0x7f][0xffffff99][0xffffffbb][0xffffffe6][0xfffffff5]v[0xffffff99][0x9][0xfffffffc]g[0xfffffff7][0xffffffda][0xffffffcf][0xffffffdf][0xffffffe6]c[0xffffffda]U[0xffffffbc][0xfffffff1][0xe][0xffffffb9][0xffffff95][0xffffffcd][0xffffffa7][0xffffffc7][0xffffff8f][0xffffffcb][0xffffffa6][0xffffffb1][0xffffffc7][0xffffffb4][0xffffffc9][0xffffffe6][0xffffffba],[0xffffffc7][0xffffffcb][0xffffffe6]s[0xfffffffe]R[0xffffffbb][0xffffffd9]C[0xffffffa2][0xffffffeb][0xffffffb0][0xffffffa9][0xffffff90]Z[0xffffffba][0xffffffc2]Jy[0xffffffd4]T[0xffffff9e][0xffffff94]0e[0xffffffb2]P[0x1e]4[0xffffff95][0xffffffd7][0xffffffb9][0xffffff90][0xb][0xffffffe5]1S[0x1][0xffffffa8]4[0x6][0x16][0xffffffca]C[0xffffffa6]rT[0x1f][0xffffff94][0xffffffbd]L[0xffffffdb][0xffffff88][0xffffffa9][0xffffff9c]B[0xffffffe1][0xffffffeb]im[0xffffffc0]T[0x16]h_[0xffffffa8][0xffffff94][0xffffffc7]K[0x12][0xffffffe6][0xffffffe9][0xffffffe3][ [0xffffffcf][0xffffff96][0xffffffca][0xfffffff8][0xfffffff4][0xffffffa9][0xffffffab][0xffffff94]'K[0x1a][0x12][\r]u[0xffffffb0]Jy[0xffffffae]T[0xffffff9a][0xffffffde]T[0xffffffcf];[0xfffffff0]TIc[0xffffff80]mA[0xffffffb4][0xffffff91]Ri*\[0xffffff92][0xffffffe9][0xffffff85][0xfffffff2]@[0xffffffa9][0xffffffb4][0xffffff92][0xffffffeb][0xffffffbe]<N[0xffffff92]"
09:49:20.825 [main] DEBUG org.apache.hc.client5.http.wire - http-outgoing-30 << "[0xffffffb2]ui[0xffffffa8]I[0xffffff94][0xffffff87]Ij[0xfffffffd][0xffffffa9]Q[0x14]VGI[0xffffff95][0xffffffa2][0xffffffab][0xffffff89][0xffffffe1]9[0xffffff92]B[0xffffffd3][0xffffff8d][0xffffffd5])[0xffffff92]b[0xffffffb0][0xffffff8d][0xffffffd5][0x19][0xffffff92][0xffffffbc]j'[0xfffffff3][0x4][0x19][0xffffffa8][0xffffffc7][0x18]UP[0xffffff9d][0x1e][0x3][0xffffffa5][0xffffffde][0xffffffd4]Uut[0xc]r=[0xffffffa0][0xffffff8e][0xffffff8d][0xffffff98]:]}[0xffffffb0][0xffffff8e][0xffffff8c]H[0xffffff81][0x15][0xffffffc2][0xffffffe3]b[0xffffffba][0xfffffff1]r1<*z[0xffffffca]m}[0xffffff8c][0xffffffe7]D[0xffffff80]P[0xffffffaf][0xffffff84]gD[0xffffffa0][0xffffff92][0xffffff80][0xffffff92][0xb][0x1e][0x10]]Jp]U[0xffffffa7]C[0xffffff97][0xffffff95]E&<[0x19]Rkp[0xfffffff5]<[0xffffffea]^[0xffffffa5]{[0x6][0xfffffff6][0xffffff89][0x7]E[0xfffffffa][0xffffffce][0xffffffd6][0xffffffab]jC"ELu[0xffffff97]Y[0xffffff9b][0x10]S[0xffffffcd][0x16]R[0xffffffa7]C[0xffffffed][0xffffffb9]tx0[0xffffffd4][0xffffffa6][0xffffff91]:[0x14][0xffffffa6][0xffffffb6]XI[0xffffff9d][0x7][0xffffff95][0xffffffa1][0xffffff81][0xffffffb9] k[0xffffffe3][0xfffffffb]y~<[0xffffff9c].[0xffffffd7][0xffffffed][0xfffffff1]8[0xffffffef][0xb][0xffffffd4][0x11][0xffffffd2][0xffffff97][0xffffffdd][0xffffff94]:[0xffffffb1]*R[0xb][0x3][0x1d]J[0xfffffff8]VF[0xffffffea][0xffffff93][0xfffffff4][0xffffffb5]+[0xfffffff7]a0[0xffffffd2][0xffffff8b]eM([0xffffffa6]NM[0xffffff87]n[0x1a]K[0xffffff8d]h*[0xffffffa6]t[0xffffffc9][0xffffffd4][0xffffff93][0xfffffffe][0x1][0xffffffa9][0xffffff9e].[0xffffff9b][0xffffffd3][0x12][0x0][0x0]"
09:49:20.825 [main] DEBUG org.apache.hc.client5.http.impl.classic.InternalHttpClient - ep-0000002A: releasing valid endpoint
09:49:20.825 [main] DEBUG org.apache.hc.client5.http.impl.io.PoolingHttpClientConnectionManager - ep-0000002A: releasing endpoint
09:49:20.825 [main] DEBUG org.apache.hc.client5.http.impl.io.PoolingHttpClientConnectionManager - ep-0000002A: connection http-outgoing-30 can be kept alive for 3 MINUTES
09:49:20.825 [main] DEBUG org.apache.hc.client5.http.impl.io.PoolingHttpClientConnectionManager - ep-0000002A: connection released [route: {s}->https://raw.githubusercontent.com:443][total available: 1; route allocated: 1 of 5; total allocated: 2 of 25]
09:49:20.825 [main] DEBUG io.github.bonigarcia.wdm.versions.VersionDetector - Driver for chrome117 not found in online properties (using local versions.properties)
09:49:20.825 [main] DEBUG io.github.bonigarcia.wdm.WebDriverManager - The driver version for CHROME 117 is unknown ... trying with latest
09:49:20.825 [main] DEBUG org.apache.hc.client5.http.impl.classic.InternalHttpClient - ex-0000002C: preparing request execution
09:49:20.825 [main] DEBUG org.apache.hc.client5.http.protocol.RequestAddCookies - Cookie spec selected: strict
09:49:20.825 [main] DEBUG org.apache.hc.client5.http.protocol.RequestAuthCache - Auth cache not set in the context
09:49:20.825 [main] DEBUG org.apache.hc.client5.http.impl.classic.ProtocolExec - ex-0000002C: target auth state: UNCHALLENGED
09:49:20.825 [main] DEBUG org.apache.hc.client5.http.impl.classic.ProtocolExec - ex-0000002C: proxy auth state: UNCHALLENGED
09:49:20.825 [main] DEBUG org.apache.hc.client5.http.impl.classic.ConnectExec - ex-0000002C: acquiring connection with route {s}->https://chromedriver.storage.googleapis.com:443
09:49:20.825 [main] DEBUG org.apache.hc.client5.http.impl.classic.InternalHttpClient - ex-0000002C: acquiring endpoint (3 MINUTES)
09:49:20.825 [main] DEBUG org.apache.hc.client5.http.impl.io.PoolingHttpClientConnectionManager - ex-0000002C: endpoint lease request (3 MINUTES) [route: {s}->https://chromedriver.storage.googleapis.com:443][total available: 1; route allocated: 1 of 5; total allocated: 2 of 25]
09:49:20.825 [main] DEBUG org.apache.hc.client5.http.impl.io.PoolingHttpClientConnectionManager - ex-0000002C: endpoint leased [route: {s}->https://chromedriver.storage.googleapis.com:443][total available: 1; route allocated: 2 of 5; total allocated: 3 of 25]
09:49:20.825 [main] DEBUG org.apache.hc.client5.http.impl.io.PoolingHttpClientConnectionManager - ex-0000002C: acquired ep-0000002B
09:49:20.825 [main] DEBUG org.apache.hc.client5.http.impl.classic.InternalHttpClient - ex-0000002C: acquired endpoint ep-0000002B
09:49:20.825 [main] DEBUG org.apache.hc.client5.http.impl.classic.ConnectExec - ex-0000002C: opening connection {s}->https://chromedriver.storage.googleapis.com:443
09:49:20.825 [main] DEBUG org.apache.hc.client5.http.impl.classic.InternalHttpClient - ep-0000002B: connecting endpoint (30 SECONDS)
09:49:20.825 [main] DEBUG org.apache.hc.client5.http.impl.io.PoolingHttpClientConnectionManager - ep-0000002B: connecting endpoint to https://chromedriver.storage.googleapis.com:443 (30 SECONDS)
09:49:20.825 [main] DEBUG org.apache.hc.client5.http.impl.io.DefaultHttpClientConnectionOperator - http-outgoing-32: connecting to chromedriver.storage.googleapis.com/34.101.5.123:443
09:49:20.825 [main] DEBUG org.apache.hc.client5.http.ssl.SSLConnectionSocketFactory - Connecting socket to chromedriver.storage.googleapis.com/34.101.5.123:443 with timeout 30 SECONDS
09:49:20.838 [main] DEBUG org.apache.hc.client5.http.ssl.SSLConnectionSocketFactory - Enabled protocols: [TLSv1.3, TLSv1.2]
09:49:20.838 [main] DEBUG org.apache.hc.client5.http.ssl.SSLConnectionSocketFactory - Enabled cipher suites: [TLS_AES_256_GCM_SHA384, TLS_AES_128_GCM_SHA256, TLS_CHACHA20_POLY1305_SHA256, TLS_ECDHE_ECDSA_WITH_AES_256_GCM_SHA384, TLS_ECDHE_ECDSA_WITH_AES_128_GCM_SHA256, TLS_ECDHE_ECDSA_WITH_CHACHA20_POLY1305_SHA256, TLS_ECDHE_RSA_WITH_AES_256_GCM_SHA384, TLS_ECDHE_RSA_WITH_CHACHA20_POLY1305_SHA256, TLS_ECDHE_RSA_WITH_AES_128_GCM_SHA256, TLS_DHE_RSA_WITH_AES_256_GCM_SHA384, TLS_DHE_RSA_WITH_CHACHA20_POLY1305_SHA256, TLS_DHE_DSS_WITH_AES_256_GCM_SHA384, TLS_DHE_RSA_WITH_AES_128_GCM_SHA256, TLS_DHE_DSS_WITH_AES_128_GCM_SHA256, TLS_ECDHE_ECDSA_WITH_AES_256_CBC_SHA384, TLS_ECDHE_RSA_WITH_AES_256_CBC_SHA384, TLS_ECDHE_ECDSA_WITH_AES_128_CBC_SHA256, TLS_ECDHE_RSA_WITH_AES_128_CBC_SHA256, TLS_DHE_RSA_WITH_AES_256_CBC_SHA256, TLS_DHE_DSS_WITH_AES_256_CBC_SHA256, TLS_DHE_RSA_WITH_AES_128_CBC_SHA256, TLS_DHE_DSS_WITH_AES_128_CBC_SHA256, TLS_ECDH_ECDSA_WITH_AES_256_GCM_SHA384, TLS_ECDH_RSA_WITH_AES_256_GCM_SHA384, TLS_ECDH_ECDSA_WITH_AES_128_GCM_SHA256, TLS_ECDH_RSA_WITH_AES_128_GCM_SHA256, TLS_ECDH_ECDSA_WITH_AES_256_CBC_SHA384, TLS_ECDH_RSA_WITH_AES_256_CBC_SHA384, TLS_ECDH_ECDSA_WITH_AES_128_CBC_SHA256, TLS_ECDH_RSA_WITH_AES_128_CBC_SHA256, TLS_ECDHE_ECDSA_WITH_AES_256_CBC_SHA, TLS_ECDHE_RSA_WITH_AES_256_CBC_SHA, TLS_ECDHE_ECDSA_WITH_AES_128_CBC_SHA, TLS_ECDHE_RSA_WITH_AES_128_CBC_SHA, TLS_DHE_RSA_WITH_AES_256_CBC_SHA, TLS_DHE_DSS_WITH_AES_256_CBC_SHA, TLS_DHE_RSA_WITH_AES_128_CBC_SHA, TLS_DHE_DSS_WITH_AES_128_CBC_SHA, TLS_ECDH_ECDSA_WITH_AES_256_CBC_SHA, TLS_ECDH_RSA_WITH_AES_256_CBC_SHA, TLS_ECDH_ECDSA_WITH_AES_128_CBC_SHA, TLS_ECDH_RSA_WITH_AES_128_CBC_SHA, TLS_RSA_WITH_AES_256_GCM_SHA384, TLS_RSA_WITH_AES_128_GCM_SHA256, TLS_RSA_WITH_AES_256_CBC_SHA256, TLS_RSA_WITH_AES_128_CBC_SHA256, TLS_RSA_WITH_AES_256_CBC_SHA, TLS_RSA_WITH_AES_128_CBC_SHA, TLS_EMPTY_RENEGOTIATION_INFO_SCSV]
09:49:20.838 [main] DEBUG org.apache.hc.client5.http.ssl.SSLConnectionSocketFactory - Starting handshake
09:49:20.887 [main] DEBUG org.apache.hc.client5.http.ssl.SSLConnectionSocketFactory - Secure session established
09:49:20.887 [main] DEBUG org.apache.hc.client5.http.ssl.SSLConnectionSocketFactory -  negotiated protocol: TLSv1.3
09:49:20.887 [main] DEBUG org.apache.hc.client5.http.ssl.SSLConnectionSocketFactory -  negotiated cipher suite: TLS_AES_256_GCM_SHA384
09:49:20.887 [main] DEBUG org.apache.hc.client5.http.ssl.SSLConnectionSocketFactory -  peer principal: CN=*.storage.googleapis.com
09:49:20.887 [main] DEBUG org.apache.hc.client5.http.ssl.SSLConnectionSocketFactory -  peer alternative names: [*.storage.googleapis.com, *.googleapis.com, commondatastorage.googleapis.com, *.commondatastorage.googleapis.com, storage.googleapis.com, storage-p2.googleapis.com, *.storage-p2.googleapis.com, storage.mtls.googleapis.com, *.appspot.com.storage.googleapis.com, *.content-storage.googleapis.com, *.content-storage-p2.googleapis.com, *.content-storage-upload.googleapis.com, *.content-storage-download.googleapis.com, *.storage-upload.googleapis.com, *.storage-download.googleapis.com]
09:49:20.887 [main] DEBUG org.apache.hc.client5.http.ssl.SSLConnectionSocketFactory -  issuer principal: CN=GTS CA 1C3, O=Google Trust Services LLC, C=US
09:49:20.887 [main] DEBUG org.apache.hc.client5.http.impl.io.DefaultHttpClientConnectionOperator - http-outgoing-32: connection established 192.168.100.42:64429<->34.101.5.123:443
09:49:20.888 [main] DEBUG org.apache.hc.client5.http.impl.io.PoolingHttpClientConnectionManager - ep-0000002B: connected http-outgoing-32
09:49:20.888 [main] DEBUG org.apache.hc.client5.http.impl.classic.InternalHttpClient - ep-0000002B: endpoint connected
09:49:20.888 [main] DEBUG org.apache.hc.client5.http.impl.classic.MainClientExec - ex-0000002C: executing GET /LATEST_RELEASE HTTP/1.1
09:49:20.888 [main] DEBUG org.apache.hc.client5.http.impl.classic.InternalHttpClient - ep-0000002B: start execution ex-0000002C
09:49:20.888 [main] DEBUG org.apache.hc.client5.http.impl.io.PoolingHttpClientConnectionManager - ep-0000002B: executing exchange ex-0000002C over http-outgoing-32
09:49:20.888 [main] DEBUG org.apache.hc.client5.http.headers - http-outgoing-32 >> GET /LATEST_RELEASE HTTP/1.1
09:49:20.888 [main] DEBUG org.apache.hc.client5.http.headers - http-outgoing-32 >> user-agent: Apache-HttpClient/5.0
09:49:20.888 [main] DEBUG org.apache.hc.client5.http.headers - http-outgoing-32 >> accept-encoding: gzip, deflate, br
09:49:20.888 [main] DEBUG org.apache.hc.client5.http.headers - http-outgoing-32 >> cache-control: max-age=0
09:49:20.888 [main] DEBUG org.apache.hc.client5.http.headers - http-outgoing-32 >> connection: keep-alive
09:49:20.888 [main] DEBUG org.apache.hc.client5.http.headers - http-outgoing-32 >> Host: chromedriver.storage.googleapis.com
09:49:20.888 [main] DEBUG org.apache.hc.client5.http.wire - http-outgoing-32 >> "GET /LATEST_RELEASE HTTP/1.1[\r][\n]"
09:49:20.888 [main] DEBUG org.apache.hc.client5.http.wire - http-outgoing-32 >> "user-agent: Apache-HttpClient/5.0[\r][\n]"
09:49:20.888 [main] DEBUG org.apache.hc.client5.http.wire - http-outgoing-32 >> "accept-encoding: gzip, deflate, br[\r][\n]"
09:49:20.888 [main] DEBUG org.apache.hc.client5.http.wire - http-outgoing-32 >> "cache-control: max-age=0[\r][\n]"
09:49:20.888 [main] DEBUG org.apache.hc.client5.http.wire - http-outgoing-32 >> "connection: keep-alive[\r][\n]"
09:49:20.888 [main] DEBUG org.apache.hc.client5.http.wire - http-outgoing-32 >> "Host: chromedriver.storage.googleapis.com[\r][\n]"
09:49:20.888 [main] DEBUG org.apache.hc.client5.http.wire - http-outgoing-32 >> "[\r][\n]"
09:49:20.917 [main] DEBUG org.apache.hc.client5.http.wire - http-outgoing-32 << "HTTP/1.1 200 OK[\r][\n]"
09:49:20.917 [main] DEBUG org.apache.hc.client5.http.wire - http-outgoing-32 << "X-GUploader-UploadID: ADPycdvnFAnOhlWGbRtUpcGBi5W3y6qEtkvwOJmj2uBu_cu5oupNFxxPFqsoSfNAPIUhE78QrkhmBqvlUQiAPhzQ2QAWS0sveOv3[\r][\n]"
09:49:20.917 [main] DEBUG org.apache.hc.client5.http.wire - http-outgoing-32 << "x-goog-generation: 1685523462105569[\r][\n]"
09:49:20.917 [main] DEBUG org.apache.hc.client5.http.wire - http-outgoing-32 << "x-goog-metageneration: 1[\r][\n]"
09:49:20.917 [main] DEBUG org.apache.hc.client5.http.wire - http-outgoing-32 << "x-goog-stored-content-encoding: identity[\r][\n]"
09:49:20.917 [main] DEBUG org.apache.hc.client5.http.wire - http-outgoing-32 << "x-goog-stored-content-length: 13[\r][\n]"
09:49:20.917 [main] DEBUG org.apache.hc.client5.http.wire - http-outgoing-32 << "x-goog-hash: crc32c=tVW4TA==[\r][\n]"
09:49:20.917 [main] DEBUG org.apache.hc.client5.http.wire - http-outgoing-32 << "x-goog-hash: md5=NoaEuIlBlniwTkiZ1T16sA==[\r][\n]"
09:49:20.917 [main] DEBUG org.apache.hc.client5.http.wire - http-outgoing-32 << "x-goog-storage-class: STANDARD[\r][\n]"
09:49:20.917 [main] DEBUG org.apache.hc.client5.http.wire - http-outgoing-32 << "Accept-Ranges: bytes[\r][\n]"
09:49:20.917 [main] DEBUG org.apache.hc.client5.http.wire - http-outgoing-32 << "Content-Length: 13[\r][\n]"
09:49:20.917 [main] DEBUG org.apache.hc.client5.http.wire - http-outgoing-32 << "Server: UploadServer[\r][\n]"
09:49:20.917 [main] DEBUG org.apache.hc.client5.http.wire - http-outgoing-32 << "Date: Sat, 30 Sep 2023 02:46:28 GMT[\r][\n]"
09:49:20.917 [main] DEBUG org.apache.hc.client5.http.wire - http-outgoing-32 << "Expires: Sat, 30 Sep 2023 03:46:28 GMT[\r][\n]"
09:49:20.917 [main] DEBUG org.apache.hc.client5.http.wire - http-outgoing-32 << "Cache-Control: public, max-age=3600[\r][\n]"
09:49:20.917 [main] DEBUG org.apache.hc.client5.http.wire - http-outgoing-32 << "Age: 183[\r][\n]"
09:49:20.917 [main] DEBUG org.apache.hc.client5.http.wire - http-outgoing-32 << "Last-Modified: Wed, 31 May 2023 08:57:42 GMT[\r][\n]"
09:49:20.917 [main] DEBUG org.apache.hc.client5.http.wire - http-outgoing-32 << "ETag: "368684b889419678b04e4899d53d7ab0"[\r][\n]"
09:49:20.917 [main] DEBUG org.apache.hc.client5.http.wire - http-outgoing-32 << "Content-Type: text/plain[\r][\n]"
09:49:20.917 [main] DEBUG org.apache.hc.client5.http.wire - http-outgoing-32 << "Alt-Svc: h3=":443"; ma=2592000,h3-29=":443"; ma=2592000[\r][\n]"
09:49:20.917 [main] DEBUG org.apache.hc.client5.http.wire - http-outgoing-32 << "[\r][\n]"
09:49:20.917 [main] DEBUG org.apache.hc.client5.http.wire - http-outgoing-32 << "114.0.5735.90"
09:49:20.917 [main] DEBUG org.apache.hc.client5.http.headers - http-outgoing-32 << HTTP/1.1 200 OK
09:49:20.917 [main] DEBUG org.apache.hc.client5.http.headers - http-outgoing-32 << X-GUploader-UploadID: ADPycdvnFAnOhlWGbRtUpcGBi5W3y6qEtkvwOJmj2uBu_cu5oupNFxxPFqsoSfNAPIUhE78QrkhmBqvlUQiAPhzQ2QAWS0sveOv3
09:49:20.917 [main] DEBUG org.apache.hc.client5.http.headers - http-outgoing-32 << x-goog-generation: 1685523462105569
09:49:20.917 [main] DEBUG org.apache.hc.client5.http.headers - http-outgoing-32 << x-goog-metageneration: 1
09:49:20.917 [main] DEBUG org.apache.hc.client5.http.headers - http-outgoing-32 << x-goog-stored-content-encoding: identity
09:49:20.917 [main] DEBUG org.apache.hc.client5.http.headers - http-outgoing-32 << x-goog-stored-content-length: 13
09:49:20.917 [main] DEBUG org.apache.hc.client5.http.headers - http-outgoing-32 << x-goog-hash: crc32c=tVW4TA==
09:49:20.917 [main] DEBUG org.apache.hc.client5.http.headers - http-outgoing-32 << x-goog-hash: md5=NoaEuIlBlniwTkiZ1T16sA==
09:49:20.917 [main] DEBUG org.apache.hc.client5.http.headers - http-outgoing-32 << x-goog-storage-class: STANDARD
09:49:20.917 [main] DEBUG org.apache.hc.client5.http.headers - http-outgoing-32 << Accept-Ranges: bytes
09:49:20.917 [main] DEBUG org.apache.hc.client5.http.headers - http-outgoing-32 << Content-Length: 13
09:49:20.917 [main] DEBUG org.apache.hc.client5.http.headers - http-outgoing-32 << Server: UploadServer
09:49:20.917 [main] DEBUG org.apache.hc.client5.http.headers - http-outgoing-32 << Date: Sat, 30 Sep 2023 02:46:28 GMT
09:49:20.917 [main] DEBUG org.apache.hc.client5.http.headers - http-outgoing-32 << Expires: Sat, 30 Sep 2023 03:46:28 GMT
09:49:20.917 [main] DEBUG org.apache.hc.client5.http.headers - http-outgoing-32 << Cache-Control: public, max-age=3600
09:49:20.917 [main] DEBUG org.apache.hc.client5.http.headers - http-outgoing-32 << Age: 183
09:49:20.917 [main] DEBUG org.apache.hc.client5.http.headers - http-outgoing-32 << Last-Modified: Wed, 31 May 2023 08:57:42 GMT
09:49:20.917 [main] DEBUG org.apache.hc.client5.http.headers - http-outgoing-32 << ETag: "368684b889419678b04e4899d53d7ab0"
09:49:20.917 [main] DEBUG org.apache.hc.client5.http.headers - http-outgoing-32 << Content-Type: text/plain
09:49:20.917 [main] DEBUG org.apache.hc.client5.http.headers - http-outgoing-32 << Alt-Svc: h3=":443"; ma=2592000,h3-29=":443"; ma=2592000
09:49:20.917 [main] DEBUG org.apache.hc.client5.http.impl.classic.MainClientExec - ex-0000002C: connection can be kept alive for 3 MINUTES
09:49:20.917 [main] DEBUG org.apache.hc.client5.http.impl.classic.InternalHttpClient - ep-0000002B: releasing valid endpoint
09:49:20.917 [main] DEBUG org.apache.hc.client5.http.impl.io.PoolingHttpClientConnectionManager - ep-0000002B: releasing endpoint
09:49:20.917 [main] DEBUG org.apache.hc.client5.http.impl.io.PoolingHttpClientConnectionManager - ep-0000002B: connection http-outgoing-32 can be kept alive for 3 MINUTES
09:49:20.917 [main] DEBUG org.apache.hc.client5.http.impl.io.PoolingHttpClientConnectionManager - ep-0000002B: connection released [route: {s}->https://chromedriver.storage.googleapis.com:443][total available: 2; route allocated: 2 of 5; total allocated: 3 of 25]
09:49:20.917 [main] DEBUG io.github.bonigarcia.wdm.versions.VersionDetector - Latest version of chromedriver according to https://chromedriver.storage.googleapis.com/LATEST_RELEASE is 114.0.5735.90
09:49:20.920 [main] DEBUG io.github.bonigarcia.wdm.WebDriverManager - Driver chromedriver 114.0.5735.90 found in cache
09:49:20.920 [main] INFO io.github.bonigarcia.wdm.WebDriverManager - Exporting webdriver.chrome.driver as C:\Users\Bagas Dwi Saputra\.cache\selenium\chromedriver\win32\114.0.5735.90\chromedriver.exe
09:49:21.004 [main] DEBUG net.thucydides.core.reflection.ClassFinder - Could not load class net.serenitybdd.rest.utils.RestSpecificationFactory
09:49:21.075 [main] DEBUG net.thucydides.core.reflection.ClassFinder - Could not load class net.serenitybdd.rest.utils.RestSpecificationFactory
09:49:21.075 [main] INFO net.serenitybdd.core.webdriver.driverproviders.ProvideNewDriver - Instantiating driver
09:49:21.075 [main] INFO net.serenitybdd.core.webdriver.driverproviders.ProvideNewDriver - Driver capabilities: Capabilities {acceptInsecureCerts: false, base.url: https://app.jubelio.com, browserName: chrome, chrome.driver: src/test/resources/webdrive..., driver: chrome, goog:chromeOptions: {args: [], extensions: []}, loggingPrefs: org.openqa.selenium.logging...}
09:49:21.937 [main] DEBUG net.thucydides.core.reflection.ClassFinder - Could not load class net.serenitybdd.rest.utils.RestSpecificationFactory
09:49:23.834 [main] DEBUG net.serenitybdd.core.photography.Darkroom - Send negative for processing for target\site\serenity\d86bb99ca4b74cdefa115c5a2645bacb4c0cc871895a6fff5f0d38af68de8e18.png
09:49:23.834 [main] DEBUG net.thucydides.core.steps.StepInterceptor - STEP DONE: openLink
09:49:23.851 [main] DEBUG net.thucydides.core.steps.StepInterceptor - STARTING STEP: LoginSteps.fillsInTheWithValidDataEmail - fills in the {string} with valid data email
09:49:24.051 [main] DEBUG net.serenitybdd.core.photography.Darkroom - Send negative for processing for target\site\serenity\d86bb99ca4b74cdefa115c5a2645bacb4c0cc871895a6fff5f0d38af68de8e18.png
09:49:24.051 [main] DEBUG net.thucydides.core.steps.StepInterceptor - STEP DONE: fills in the {string} with valid data email
  &amp#27;[32mGiven &amp#27;[0m&amp#27;[32mfills in the &amp#27;[0m&amp#27;[32m&amp#27;[1m""&amp#27;[0m&amp#27;[32m with valid data email&amp#27;[0m                        &amp#27;[90m# starter.stepdefinitios.LoginSteps.fillsInTheWithValidDataEmail(java.lang.String)&amp#27;[0m
09:49:24.767 [main] DEBUG net.serenitybdd.core.photography.Darkroom - Send negative for processing for target\site\serenity\d86bb99ca4b74cdefa115c5a2645bacb4c0cc871895a6fff5f0d38af68de8e18.png
09:49:24.767 [main] DEBUG net.thucydides.core.steps.StepInterceptor - STARTING STEP: LoginSteps.fillInTheWithValidDataPass - fill in the {string} with valid data pass
09:49:25.034 [main] DEBUG net.serenitybdd.core.photography.Darkroom - Send negative for processing for target\site\serenity\96a91916c758fee841d2cf1bdf0f10203fb8c32c80aeec26e30a58f10c7f4420.png
09:49:25.034 [main] DEBUG net.thucydides.core.steps.StepInterceptor - STEP DONE: fill in the {string} with valid data pass
  &amp#27;[32mAnd &amp#27;[0m&amp#27;[32mfill in the &amp#27;[0m&amp#27;[32m&amp#27;[1m""&amp#27;[0m&amp#27;[32m with valid data pass&amp#27;[0m                            &amp#27;[90m# starter.stepdefinitios.LoginSteps.fillInTheWithValidDataPass(java.lang.String)&amp#27;[0m
09:49:25.034 [Darkroom Processing Line] DEBUG net.serenitybdd.core.photography.DarkroomProcessingLine - Processing screenshot image in /var/screenshots/screenshot-8911038691652759073
09:49:25.034 [Darkroom Processing Line] DEBUG net.serenitybdd.core.photography.DarkroomProcessingLine - Saving screenshot to target\site\serenity\96a91916c758fee841d2cf1bdf0f10203fb8c32c80aeec26e30a58f10c7f4420.png
09:49:25.034 [main] DEBUG net.thucydides.core.steps.StepInterceptor - STARTING STEP: LoginSteps.clickTheLoginButton - clickbtnlogin
09:49:25.410 [main] DEBUG net.serenitybdd.core.photography.Darkroom - Send negative for processing for target\site\serenity\68cb35e66dd3f11050521adfa540361399eddd7d252afed98bb3713fad211035.png
09:49:25.410 [main] DEBUG net.thucydides.core.steps.StepInterceptor - STEP DONE: clickbtnlogin
09:49:25.410 [Darkroom Processing Line] DEBUG net.serenitybdd.core.photography.DarkroomProcessingLine - Processing screenshot image in /var/screenshots/screenshot-1584434070863000802
09:49:25.410 [Darkroom Processing Line] DEBUG net.serenitybdd.core.photography.DarkroomProcessingLine - Saving screenshot to target\site\serenity\68cb35e66dd3f11050521adfa540361399eddd7d252afed98bb3713fad211035.png
  &amp#27;[32mWhen &amp#27;[0m&amp#27;[32mclick the login button&amp#27;[0m                                        &amp#27;[90m# starter.stepdefinitios.LoginSteps.clickTheLoginButton()&amp#27;[0m
09:49:26.112 [main] DEBUG net.serenitybdd.core.photography.Darkroom - Send negative for processing for target\site\serenity\fabed16db987570ef2c5a8b57a8f8cdbbf1a4d1a1de4d1a19929b3a397ccd909.png
09:49:26.112 [Darkroom Processing Line] DEBUG net.serenitybdd.core.photography.DarkroomProcessingLine - Processing screenshot image in /var/screenshots/screenshot-5927281261852261605
09:49:26.112 [Darkroom Processing Line] DEBUG net.serenitybdd.core.photography.DarkroomProcessingLine - Saving screenshot to target\site\serenity\fabed16db987570ef2c5a8b57a8f8cdbbf1a4d1a1de4d1a19929b3a397ccd909.png
09:49:26.128 [main] DEBUG net.thucydides.core.steps.StepInterceptor - STARTING STEP: LoginSteps.validatePageHomeOrError - validate page home or error {string}
09:49:26.938 [main] DEBUG net.serenitybdd.core.photography.Darkroom - Send negative for processing for target\site\serenity\f998296e53e022bc36c914f0366cd7baa5b20988061ac3aa6d9b1cc033e33cc5.png
09:49:26.938 [main] DEBUG net.thucydides.core.steps.StepInterceptor - STEP DONE: validate page home or error {string}
  &amp#27;[32mThen &amp#27;[0m&amp#27;[32mvalidate page home or error &amp#27;[0m&amp#27;[32m&amp#27;[1m"Email dan Password harus diisi."&amp#27;[0m &amp#27;[90m# starter.stepdefinitios.LoginSteps.validatePageHomeOrError(java.lang.String)&amp#27;[0m
09:49:26.938 [Darkroom Processing Line] DEBUG net.serenitybdd.core.photography.DarkroomProcessingLine - Processing screenshot image in /var/screenshots/screenshot-11021089347540975443
09:49:26.938 [Darkroom Processing Line] DEBUG net.serenitybdd.core.photography.DarkroomProcessingLine - Saving screenshot to target\site\serenity\f998296e53e022bc36c914f0366cd7baa5b20988061ac3aa6d9b1cc033e33cc5.png
]]></system-out>
    <system-err><![CDATA[Starting ChromeDriver 117.0.5938.88 (be6afae4721209be42944bbcd325665f9f44563b-refs/branch-heads/5938_62@{#9}) on port 15788
Only local connections are allowed.
Please see https://chromedriver.chromium.org/security-considerations for suggestions on keeping ChromeDriver safe.
ChromeDriver was started successfully.
Sep 30, 2023 9:49:21 AM org.openqa.selenium.remote.ProtocolHandshake createSession
INFO: Detected dialect: W3C
]]></system-err>
  </testcase>
  <testcase name="Login Account #6" classname="Login Account at app.jubelio" time="7.636">
    <system-out><![CDATA[
@Login
Scenario Outline: Login Account                         &amp#27;[90m# src/test/resources/features/user/login.feature:16&amp#27;[0m
09:49:27.073 [main] INFO io.cucumber.core.plugin.SerenityReporter - Running feature from file:///D:/QE/Automation/Jubelio-Website/src/test/resources/features/user/login.feature
09:49:27.590 [main] DEBUG net.thucydides.core.steps.StepInterceptor - STARTING STEP: LoginSteps.fillsInTheWithValidDataEmail - openLink
09:49:27.590 [main] INFO net.serenitybdd.core.webdriver.driverproviders.ChromeDriverProvider - Using automatically driver download
09:49:27.607 [main] DEBUG org.apache.hc.client5.http.impl.classic.InternalHttpClient - ex-0000002D: preparing request execution
09:49:27.607 [main] DEBUG org.apache.hc.client5.http.protocol.RequestAddCookies - Cookie spec selected: strict
09:49:27.607 [main] DEBUG org.apache.hc.client5.http.protocol.RequestAuthCache - Auth cache not set in the context
09:49:27.607 [main] DEBUG org.apache.hc.client5.http.impl.classic.ProtocolExec - ex-0000002D: target auth state: UNCHALLENGED
09:49:27.607 [main] DEBUG org.apache.hc.client5.http.impl.classic.ProtocolExec - ex-0000002D: proxy auth state: UNCHALLENGED
09:49:27.607 [main] DEBUG org.apache.hc.client5.http.impl.classic.ConnectExec - ex-0000002D: acquiring connection with route {s}->https://raw.githubusercontent.com:443
09:49:27.607 [main] DEBUG org.apache.hc.client5.http.impl.classic.InternalHttpClient - ex-0000002D: acquiring endpoint (3 MINUTES)
09:49:27.607 [main] DEBUG org.apache.hc.client5.http.impl.io.PoolingHttpClientConnectionManager - ex-0000002D: endpoint lease request (3 MINUTES) [route: {s}->https://raw.githubusercontent.com:443][total available: 0; route allocated: 0 of 5; total allocated: 0 of 25]
09:49:27.607 [main] DEBUG org.apache.hc.client5.http.impl.io.PoolingHttpClientConnectionManager - ex-0000002D: endpoint leased [route: {s}->https://raw.githubusercontent.com:443][total available: 0; route allocated: 1 of 5; total allocated: 1 of 25]
09:49:27.607 [main] DEBUG org.apache.hc.client5.http.impl.io.PoolingHttpClientConnectionManager - ex-0000002D: acquired ep-0000002C
09:49:27.607 [main] DEBUG org.apache.hc.client5.http.impl.classic.InternalHttpClient - ex-0000002D: acquired endpoint ep-0000002C
09:49:27.607 [main] DEBUG org.apache.hc.client5.http.impl.classic.ConnectExec - ex-0000002D: opening connection {s}->https://raw.githubusercontent.com:443
09:49:27.607 [main] DEBUG org.apache.hc.client5.http.impl.classic.InternalHttpClient - ep-0000002C: connecting endpoint (30 SECONDS)
09:49:27.607 [main] DEBUG org.apache.hc.client5.http.impl.io.PoolingHttpClientConnectionManager - ep-0000002C: connecting endpoint to https://raw.githubusercontent.com:443 (30 SECONDS)
09:49:27.607 [main] DEBUG org.apache.hc.client5.http.impl.io.DefaultHttpClientConnectionOperator - http-outgoing-33: connecting to raw.githubusercontent.com/185.199.108.133:443
09:49:27.607 [main] DEBUG org.apache.hc.client5.http.ssl.SSLConnectionSocketFactory - Connecting socket to raw.githubusercontent.com/185.199.108.133:443 with timeout 30 SECONDS
09:49:27.637 [main] DEBUG org.apache.hc.client5.http.ssl.SSLConnectionSocketFactory - Enabled protocols: [TLSv1.3, TLSv1.2]
09:49:27.641 [main] DEBUG org.apache.hc.client5.http.ssl.SSLConnectionSocketFactory - Enabled cipher suites: [TLS_AES_256_GCM_SHA384, TLS_AES_128_GCM_SHA256, TLS_CHACHA20_POLY1305_SHA256, TLS_ECDHE_ECDSA_WITH_AES_256_GCM_SHA384, TLS_ECDHE_ECDSA_WITH_AES_128_GCM_SHA256, TLS_ECDHE_ECDSA_WITH_CHACHA20_POLY1305_SHA256, TLS_ECDHE_RSA_WITH_AES_256_GCM_SHA384, TLS_ECDHE_RSA_WITH_CHACHA20_POLY1305_SHA256, TLS_ECDHE_RSA_WITH_AES_128_GCM_SHA256, TLS_DHE_RSA_WITH_AES_256_GCM_SHA384, TLS_DHE_RSA_WITH_CHACHA20_POLY1305_SHA256, TLS_DHE_DSS_WITH_AES_256_GCM_SHA384, TLS_DHE_RSA_WITH_AES_128_GCM_SHA256, TLS_DHE_DSS_WITH_AES_128_GCM_SHA256, TLS_ECDHE_ECDSA_WITH_AES_256_CBC_SHA384, TLS_ECDHE_RSA_WITH_AES_256_CBC_SHA384, TLS_ECDHE_ECDSA_WITH_AES_128_CBC_SHA256, TLS_ECDHE_RSA_WITH_AES_128_CBC_SHA256, TLS_DHE_RSA_WITH_AES_256_CBC_SHA256, TLS_DHE_DSS_WITH_AES_256_CBC_SHA256, TLS_DHE_RSA_WITH_AES_128_CBC_SHA256, TLS_DHE_DSS_WITH_AES_128_CBC_SHA256, TLS_ECDH_ECDSA_WITH_AES_256_GCM_SHA384, TLS_ECDH_RSA_WITH_AES_256_GCM_SHA384, TLS_ECDH_ECDSA_WITH_AES_128_GCM_SHA256, TLS_ECDH_RSA_WITH_AES_128_GCM_SHA256, TLS_ECDH_ECDSA_WITH_AES_256_CBC_SHA384, TLS_ECDH_RSA_WITH_AES_256_CBC_SHA384, TLS_ECDH_ECDSA_WITH_AES_128_CBC_SHA256, TLS_ECDH_RSA_WITH_AES_128_CBC_SHA256, TLS_ECDHE_ECDSA_WITH_AES_256_CBC_SHA, TLS_ECDHE_RSA_WITH_AES_256_CBC_SHA, TLS_ECDHE_ECDSA_WITH_AES_128_CBC_SHA, TLS_ECDHE_RSA_WITH_AES_128_CBC_SHA, TLS_DHE_RSA_WITH_AES_256_CBC_SHA, TLS_DHE_DSS_WITH_AES_256_CBC_SHA, TLS_DHE_RSA_WITH_AES_128_CBC_SHA, TLS_DHE_DSS_WITH_AES_128_CBC_SHA, TLS_ECDH_ECDSA_WITH_AES_256_CBC_SHA, TLS_ECDH_RSA_WITH_AES_256_CBC_SHA, TLS_ECDH_ECDSA_WITH_AES_128_CBC_SHA, TLS_ECDH_RSA_WITH_AES_128_CBC_SHA, TLS_RSA_WITH_AES_256_GCM_SHA384, TLS_RSA_WITH_AES_128_GCM_SHA256, TLS_RSA_WITH_AES_256_CBC_SHA256, TLS_RSA_WITH_AES_128_CBC_SHA256, TLS_RSA_WITH_AES_256_CBC_SHA, TLS_RSA_WITH_AES_128_CBC_SHA, TLS_EMPTY_RENEGOTIATION_INFO_SCSV]
09:49:27.641 [main] DEBUG org.apache.hc.client5.http.ssl.SSLConnectionSocketFactory - Starting handshake
09:49:27.685 [main] DEBUG org.apache.hc.client5.http.ssl.SSLConnectionSocketFactory - Secure session established
09:49:27.685 [main] DEBUG org.apache.hc.client5.http.ssl.SSLConnectionSocketFactory -  negotiated protocol: TLSv1.3
09:49:27.685 [main] DEBUG org.apache.hc.client5.http.ssl.SSLConnectionSocketFactory -  negotiated cipher suite: TLS_AES_256_GCM_SHA384
09:49:27.685 [main] DEBUG org.apache.hc.client5.http.ssl.SSLConnectionSocketFactory -  peer principal: CN=*.github.io, O="GitHub, Inc.", L=San Francisco, ST=California, C=US
09:49:27.685 [main] DEBUG org.apache.hc.client5.http.ssl.SSLConnectionSocketFactory -  peer alternative names: [*.github.io, github.io, *.github.com, github.com, www.github.com, *.githubusercontent.com, githubusercontent.com]
09:49:27.685 [main] DEBUG org.apache.hc.client5.http.ssl.SSLConnectionSocketFactory -  issuer principal: CN=DigiCert TLS RSA SHA256 2020 CA1, O=DigiCert Inc, C=US
09:49:27.685 [main] DEBUG org.apache.hc.client5.http.impl.io.DefaultHttpClientConnectionOperator - http-outgoing-33: connection established 192.168.100.42:64482<->185.199.108.133:443
09:49:27.685 [main] DEBUG org.apache.hc.client5.http.impl.io.PoolingHttpClientConnectionManager - ep-0000002C: connected http-outgoing-33
09:49:27.685 [main] DEBUG org.apache.hc.client5.http.impl.classic.InternalHttpClient - ep-0000002C: endpoint connected
09:49:27.685 [main] DEBUG org.apache.hc.client5.http.impl.classic.MainClientExec - ex-0000002D: executing GET /bonigarcia/webdrivermanager/master/src/main/resources/commands.properties HTTP/1.1
09:49:27.694 [main] DEBUG org.apache.hc.client5.http.impl.classic.InternalHttpClient - ep-0000002C: start execution ex-0000002D
09:49:27.694 [main] DEBUG org.apache.hc.client5.http.impl.io.PoolingHttpClientConnectionManager - ep-0000002C: executing exchange ex-0000002D over http-outgoing-33
09:49:27.694 [main] DEBUG org.apache.hc.client5.http.headers - http-outgoing-33 >> GET /bonigarcia/webdrivermanager/master/src/main/resources/commands.properties HTTP/1.1
09:49:27.694 [main] DEBUG org.apache.hc.client5.http.headers - http-outgoing-33 >> user-agent: Apache-HttpClient/5.0
09:49:27.694 [main] DEBUG org.apache.hc.client5.http.headers - http-outgoing-33 >> accept-encoding: gzip, deflate, br
09:49:27.694 [main] DEBUG org.apache.hc.client5.http.headers - http-outgoing-33 >> cache-control: max-age=0
09:49:27.694 [main] DEBUG org.apache.hc.client5.http.headers - http-outgoing-33 >> connection: keep-alive
09:49:27.694 [main] DEBUG org.apache.hc.client5.http.headers - http-outgoing-33 >> Host: raw.githubusercontent.com
09:49:27.694 [main] DEBUG org.apache.hc.client5.http.wire - http-outgoing-33 >> "GET /bonigarcia/webdrivermanager/master/src/main/resources/commands.properties HTTP/1.1[\r][\n]"
09:49:27.694 [main] DEBUG org.apache.hc.client5.http.wire - http-outgoing-33 >> "user-agent: Apache-HttpClient/5.0[\r][\n]"
09:49:27.694 [main] DEBUG org.apache.hc.client5.http.wire - http-outgoing-33 >> "accept-encoding: gzip, deflate, br[\r][\n]"
09:49:27.694 [main] DEBUG org.apache.hc.client5.http.wire - http-outgoing-33 >> "cache-control: max-age=0[\r][\n]"
09:49:27.694 [main] DEBUG org.apache.hc.client5.http.wire - http-outgoing-33 >> "connection: keep-alive[\r][\n]"
09:49:27.694 [main] DEBUG org.apache.hc.client5.http.wire - http-outgoing-33 >> "Host: raw.githubusercontent.com[\r][\n]"
09:49:27.694 [main] DEBUG org.apache.hc.client5.http.wire - http-outgoing-33 >> "[\r][\n]"
09:49:27.733 [main] DEBUG org.apache.hc.client5.http.wire - http-outgoing-33 << "HTTP/1.1 200 OK[\r][\n]"
09:49:27.733 [main] DEBUG org.apache.hc.client5.http.wire - http-outgoing-33 << "Connection: keep-alive[\r][\n]"
09:49:27.733 [main] DEBUG org.apache.hc.client5.http.wire - http-outgoing-33 << "Content-Length: 723[\r][\n]"
09:49:27.733 [main] DEBUG org.apache.hc.client5.http.wire - http-outgoing-33 << "Cache-Control: max-age=300[\r][\n]"
09:49:27.733 [main] DEBUG org.apache.hc.client5.http.wire - http-outgoing-33 << "Content-Security-Policy: default-src 'none'; style-src 'unsafe-inline'; sandbox[\r][\n]"
09:49:27.733 [main] DEBUG org.apache.hc.client5.http.wire - http-outgoing-33 << "Content-Type: text/plain; charset=utf-8[\r][\n]"
09:49:27.733 [main] DEBUG org.apache.hc.client5.http.wire - http-outgoing-33 << "ETag: W/"e82b438271e9e8680c688b0b680efd0bdd22faa6d6f0a32fc1fd8accc486b67e"[\r][\n]"
09:49:27.733 [main] DEBUG org.apache.hc.client5.http.wire - http-outgoing-33 << "Strict-Transport-Security: max-age=31536000[\r][\n]"
09:49:27.733 [main] DEBUG org.apache.hc.client5.http.wire - http-outgoing-33 << "X-Content-Type-Options: nosniff[\r][\n]"
09:49:27.733 [main] DEBUG org.apache.hc.client5.http.wire - http-outgoing-33 << "X-Frame-Options: deny[\r][\n]"
09:49:27.733 [main] DEBUG org.apache.hc.client5.http.wire - http-outgoing-33 << "X-XSS-Protection: 1; mode=block[\r][\n]"
09:49:27.733 [main] DEBUG org.apache.hc.client5.http.wire - http-outgoing-33 << "X-GitHub-Request-Id: 4CA0:B8C7F:70C4E:8CACE:651389F9[\r][\n]"
09:49:27.733 [main] DEBUG org.apache.hc.client5.http.wire - http-outgoing-33 << "Content-Encoding: gzip[\r][\n]"
09:49:27.733 [main] DEBUG org.apache.hc.client5.http.wire - http-outgoing-33 << "Accept-Ranges: bytes[\r][\n]"
09:49:27.733 [main] DEBUG org.apache.hc.client5.http.wire - http-outgoing-33 << "Date: Sat, 30 Sep 2023 02:49:38 GMT[\r][\n]"
09:49:27.733 [main] DEBUG org.apache.hc.client5.http.wire - http-outgoing-33 << "Via: 1.1 varnish[\r][\n]"
09:49:27.733 [main] DEBUG org.apache.hc.client5.http.wire - http-outgoing-33 << "X-Served-By: cache-qpg1230-QPG[\r][\n]"
09:49:27.733 [main] DEBUG org.apache.hc.client5.http.wire - http-outgoing-33 << "X-Cache: HIT[\r][\n]"
09:49:27.733 [main] DEBUG org.apache.hc.client5.http.wire - http-outgoing-33 << "X-Cache-Hits: 1[\r][\n]"
09:49:27.733 [main] DEBUG org.apache.hc.client5.http.wire - http-outgoing-33 << "X-Timer: S1696042179.549768,VS0,VE1[\r][\n]"
09:49:27.733 [main] DEBUG org.apache.hc.client5.http.wire - http-outgoing-33 << "Vary: Authorization,Accept-Encoding,Origin[\r][\n]"
09:49:27.733 [main] DEBUG org.apache.hc.client5.http.wire - http-outgoing-33 << "Access-Control-Allow-Origin: *[\r][\n]"
09:49:27.733 [main] DEBUG org.apache.hc.client5.http.wire - http-outgoing-33 << "Cross-Origin-Resource-Policy: cross-origin[\r][\n]"
09:49:27.733 [main] DEBUG org.apache.hc.client5.http.wire - http-outgoing-33 << "X-Fastly-Request-ID: 5983578a74c4602c575360555104ba06922d98af[\r][\n]"
09:49:27.733 [main] DEBUG org.apache.hc.client5.http.wire - http-outgoing-33 << "Expires: Sat, 30 Sep 2023 02:54:38 GMT[\r][\n]"
09:49:27.733 [main] DEBUG org.apache.hc.client5.http.wire - http-outgoing-33 << "Source-Age: 88[\r][\n]"
09:49:27.733 [main] DEBUG org.apache.hc.client5.http.wire - http-outgoing-33 << "[\r][\n]"
09:49:27.733 [main] DEBUG org.apache.hc.client5.http.headers - http-outgoing-33 << HTTP/1.1 200 OK
09:49:27.733 [main] DEBUG org.apache.hc.client5.http.headers - http-outgoing-33 << Connection: keep-alive
09:49:27.733 [main] DEBUG org.apache.hc.client5.http.headers - http-outgoing-33 << Content-Length: 723
09:49:27.733 [main] DEBUG org.apache.hc.client5.http.headers - http-outgoing-33 << Cache-Control: max-age=300
09:49:27.733 [main] DEBUG org.apache.hc.client5.http.headers - http-outgoing-33 << Content-Security-Policy: default-src 'none'; style-src 'unsafe-inline'; sandbox
09:49:27.733 [main] DEBUG org.apache.hc.client5.http.headers - http-outgoing-33 << Content-Type: text/plain; charset=utf-8
09:49:27.733 [main] DEBUG org.apache.hc.client5.http.headers - http-outgoing-33 << ETag: W/"e82b438271e9e8680c688b0b680efd0bdd22faa6d6f0a32fc1fd8accc486b67e"
09:49:27.733 [main] DEBUG org.apache.hc.client5.http.headers - http-outgoing-33 << Strict-Transport-Security: max-age=31536000
09:49:27.733 [main] DEBUG org.apache.hc.client5.http.headers - http-outgoing-33 << X-Content-Type-Options: nosniff
09:49:27.733 [main] DEBUG org.apache.hc.client5.http.headers - http-outgoing-33 << X-Frame-Options: deny
09:49:27.733 [main] DEBUG org.apache.hc.client5.http.headers - http-outgoing-33 << X-XSS-Protection: 1; mode=block
09:49:27.733 [main] DEBUG org.apache.hc.client5.http.headers - http-outgoing-33 << X-GitHub-Request-Id: 4CA0:B8C7F:70C4E:8CACE:651389F9
09:49:27.733 [main] DEBUG org.apache.hc.client5.http.headers - http-outgoing-33 << Content-Encoding: gzip
09:49:27.733 [main] DEBUG org.apache.hc.client5.http.headers - http-outgoing-33 << Accept-Ranges: bytes
09:49:27.733 [main] DEBUG org.apache.hc.client5.http.headers - http-outgoing-33 << Date: Sat, 30 Sep 2023 02:49:38 GMT
09:49:27.733 [main] DEBUG org.apache.hc.client5.http.headers - http-outgoing-33 << Via: 1.1 varnish
09:49:27.733 [main] DEBUG org.apache.hc.client5.http.headers - http-outgoing-33 << X-Served-By: cache-qpg1230-QPG
09:49:27.733 [main] DEBUG org.apache.hc.client5.http.headers - http-outgoing-33 << X-Cache: HIT
09:49:27.733 [main] DEBUG org.apache.hc.client5.http.headers - http-outgoing-33 << X-Cache-Hits: 1
09:49:27.733 [main] DEBUG org.apache.hc.client5.http.headers - http-outgoing-33 << X-Timer: S1696042179.549768,VS0,VE1
09:49:27.733 [main] DEBUG org.apache.hc.client5.http.headers - http-outgoing-33 << Vary: Authorization,Accept-Encoding,Origin
09:49:27.733 [main] DEBUG org.apache.hc.client5.http.headers - http-outgoing-33 << Access-Control-Allow-Origin: *
09:49:27.733 [main] DEBUG org.apache.hc.client5.http.headers - http-outgoing-33 << Cross-Origin-Resource-Policy: cross-origin
09:49:27.733 [main] DEBUG org.apache.hc.client5.http.headers - http-outgoing-33 << X-Fastly-Request-ID: 5983578a74c4602c575360555104ba06922d98af
09:49:27.733 [main] DEBUG org.apache.hc.client5.http.headers - http-outgoing-33 << Expires: Sat, 30 Sep 2023 02:54:38 GMT
09:49:27.733 [main] DEBUG org.apache.hc.client5.http.headers - http-outgoing-33 << Source-Age: 88
09:49:27.733 [main] DEBUG org.apache.hc.client5.http.impl.classic.MainClientExec - ex-0000002D: connection can be kept alive for 3 MINUTES
09:49:27.733 [main] DEBUG org.apache.hc.client5.http.wire - http-outgoing-33 << "[0x1f][0xffffff8b][0x8][0x0][0x0][0x0][0x0][0x0][0x0][0x3][0xffffffb5]V]o[0xffffffda]0[0x14]}[0xffffffe7]W\[0xffffff81]*[0xffffffb5][0x12][0x1f][[M[0xffffffd3]$[0x1e]hF[0xffffffbb]i [0x18][0xffffffb4][0xffffffdd]&[0xfffffff9][0xffffffc5]$7[0xffffffc1]R[0x12]#;[0xffffff94]v[0xffffffbf]~[0xffffffb6][0xfffffff3]1[0xffffff92][0xffffff9a][0xffffffc1][0x1a]x[0xffffffcb][0xffffffb5][0xffffffaf][0xffffffcf]9[0xffffffbe][0xfffffff7]8v[0xb][0x1c][0x1e]E4[0xfffffff6]$x4[0xffffffa1][0xb]*[0xffffffb1][0xffffffd1][0xffffff82][0xfffffffb]%[0xffffff93][0xffffffe0][0xffffffb3][0x10][0xffffffc1][0xffffffe5]qBY,!Y[0xffffffea] KM8,[0x10][0xfffffff0][0x19][0xffffffdd]u[0xffffff82][0x1e][0xffffffb0][0xffffffd8]L[0xffffffcb]%[0xffffff86][0xffffffa1][0xe][0xffffffb8][0xfffffff0]P[0xffffffe8]$[0xf][0x13]t[0x13]3[0xfffffff9][0xffffff84]B2[0xffffffae][0xffffffe6]|@[0xfffffff5][0x1d][0x8][0xffffffc4][0x18][0x16][0xffffff82]o[0xffffffa4][0xffffff9a]P[0xffffff94][0xffffffe7][0xffffffce]R[0xfffffff0][0x8][0xffffffdb]p[0xffffffcb][0x4][0xfffffffa][0xfffffffc][0xffffffb9][\r][0xffffff93][0x15][\n]"
09:49:27.733 [main] DEBUG org.apache.hc.client5.http.wire - http-outgoing-33 << "[0xffffffda][0xffffff86][0xffffffa1][0x17][0xffffffa8]Q3[0xffffffcb][0xffffffd6][0xffffffd1][0xffffff85][0xffffffc6][0xfffffff7][0xffffff98][0xffffffef][0xffffffa3][0xffffffc0]8[0x1][0xffffffae]s[0x12][0x16][0x7] _d[0xffffff82][0xffffff91][0xffffff84][0xfffffff3][0x1f],[0xfffffff6][0x14]j[0x1b]F,^+[0xffffff98]1ua2[0xffffffbf]h([0xffffff8e][0xffffff94][0xffffffa2][0xffffff91]m[0xffffffa3][0xffffffeb][0xffffff9a][0xffffffb0][0xffffffbb]I[0x17]t[0xffffffdf][0xffffffbd][0xffffffef][0xffffffbb][0xffffff91][0xffffffd7]U[0xffffffbb][0xffffff82][0xffffff9e][0x3][0xffffff9b][0xffffff88][0xffffffb9][0xffffffa6]$[0xffffffa6][0xc][0xffffff9b][0xffffffa5][0xffffffe2][0xffffff83][0xffffff98]F[0xffffffd8]o[0xffffff9e]Mg[0xffffff93][0xffffffbb][0xffffffd9]`|[0xfffffffb]u4[0xffffff9c][0x7f]"}B[0xffffffce][0x8][0xffffffb9][0xffffffe3]<[0x8][0xffffff91][0xffffff90][0xffffff94][0xffffff82][0xffffff90][0xffffffc1]j[0x15]2WI[0xffffffe3]1![0x19][0xffffff91]BnB[0xffffff80][0x9]<f[0xffffffb5][0xffffffe8]=[0xffffffd1]p[0xffffffbd][[0xffffffcf][0xffffffe5][0x1b][0xfffffff4][0xffffff9c][0xffffffff][0xfffffffc][0xfffffff8][0xffffffe1][0xffffffe2][0xffffff94][0xffffffa2][0xffffffae][0xe][0x14]5[0xffffff9a]8[0xffffff83][0xffffffd1]`:[0xfffffffd]<[0xffffffb8][0x1f][0xffffff9c]R[0xffffffcf]u[0x7f]6[0xffffffbc][0xffffff83][0xffffffef][0xf][0xffffffc3][0xffffffd9]/[0xfffffff8][0xfffffff2][0xffffffcd]y s[0xffffffee]'[0x1b]*0g[0xffffffcb][0xffffffc8]nF7H][0xffffff83][0xffffff97]{[0xffffffb1]Q[0x5][\r][0xffffffb5]c[0xffffffb4][0xf][0x2][0xffffffb3][0xffffffb4][0xffffff93][0xe]C[0xffffffa7][0xffffffb3]kAD][0xffffff9d][0xffffffde][0xffffffdb][0xffffffda][0xffffff88][0xffffffec][0xffffffa5][0xffffffbc][0xffffff99][0xffffffd9][0xffffffba]t[0xffffffb5][0xffffffea]9[0xffffffea][0x10])[0xffffffb7][0xffffffca][0xffffff9e][0xfffffff2][0xffffffe2]d^N[0xffffffd8]FW[0x16][0xffffffcd][0xffffffdc]_[0x10][0xfffffff9]i|[0x1c][0xffffff93][0xffffff8e][0xfffffff9]o[0x16][0xffffff86]4'!$G[0xffffffdf]W[0xfffffff4]W*j[[0xfffffff3]xR[0xffffffae][0xffffffb6][0xc][0xffffffd0],; #[0xffffffa9][0xffffff92]5[0xffffffb5][0x7][0xffffff9c][0xffffffb5][0xffffffd0][0x7f][0xffffff90][0xffffffc7]jgs[0xfffffffc][0xffffffc2][0xb][0xffffffd9][0x0]t[0xffffff9e]^'Y[0xfffffffb][0xffffff9f][0xffffffb1][0xffffffd8]:[0xffffffbf][0xffffff8d][0xffffffa5][0xffffff9a][0xffffffad][0x7f]m[0x5]&[0xffffffaa][0xffffffa0]^[0xffffff9b][0xffffffcb][0x5]f[0xffffffae][0xffffffe0]RU[0xffffff82][0x10]MS9l[0xffffff91]4t[0xfffffffb][0xffffff8a]][0xffffffd6][0xfffffff4][0xffffff96][0xffffffa6][0xffffff9f]P[0xffffffce][0xffffffd5][0xffffffce][0xffffff93][0xffffffff][0xffffff97][0xffffffcc]p[0xfffffffd][0xfffffff3][0xffffffe8][0x1b][0xffffffcc][0xffffffa2][0xffffffd9]Q[0xffffffbe][0xffffffb2][0xffffffa3][0xffffffc7]m'[0xffffffdf][0xffffffe4][[0xfffffffb]^[0xffffffb0][0xffffff9a][0xffffffbe][0xffffffda][0xffffffda]_[0xffffffce][0xffffff80][0xffffffd2][0xffffffc1]7[0xffffffb7]][0xffffffc1]b[0xffffffee][0xffffffb5][0xffffffff]w[0xffffff83][0xffffffed][0xffffffa7];[0x15]<[0x10]4[0xffffff92][0xffffff84][0x18][\n]"
09:49:27.733 [main] DEBUG org.apache.hc.client5.http.wire - http-outgoing-33 << "BB[0xffffffba][0xffffff8e]][0xffffffb5]jo[0xffffffb9]+"[0xffffffea][0xffffffb4][0xffffffff]h"[0xffffffea]\?5[0xffffffa9][0xffffffaf]k[0xffffffec][0xffffffff]P[0xffffffea][\n]"
09:49:27.733 [main] DEBUG org.apache.hc.client5.http.wire - http-outgoing-33 << "w[0xffffffe1]K[0x13][0xffffffda][0xffffffec][0xffffff98][0xffffffe6]Y[0xfffffffd]h8m6[0xffffff9c]T[0xffffffc1][0xfffffff2][0xffffffa7][0xffffff91]z_[0xffffff95]o85p[0x1c][0x13][0xffffffe6][0xfffffff0]5[0xffffffee][0xfffffffc][0xffffff92][0xffffff96][0xffffffda][0xfffffff7][0xffffffcf][0xffffffb1][0x5][0x1d][0xffffffea]K[0xffffff9b]9[0xffffff8e][0xffffffad]e[0xfffffff7][0xffffff93][0xffffffa8]`[0xffffffda][0xffffffff][0x1a][0xffffffd2][0xffffff88][0xffffff85][0xfffffffd][0xfffffff2][0xffffff91]N[0xfffffff6]`[0xffffffdf]2[0xffffffcf][0xffffffae]E[0xffffff97][0xffffffc5][0xffffffa2][0xffffff9d][0xffffffef]'[0xffffff9d]mun.[0xffffffd3]f^[0xffffffc7][0xffffff82][0xffffffda][0xffffff82]9[0xfffffff5][0xffffffa9]`[0x5][0xffffffbc]4[0xffffffa1][0x1d]<M[0xffffffb5]A[0xffffffa7]3[[0xffffffc0][0x7f][0x0][0xffffffc1][0xffffffd0]$[0xffffff85][0x1d][\r][0x0][0x0]"
09:49:27.733 [main] DEBUG org.apache.hc.client5.http.impl.classic.InternalHttpClient - ep-0000002C: releasing valid endpoint
09:49:27.733 [main] DEBUG org.apache.hc.client5.http.impl.io.PoolingHttpClientConnectionManager - ep-0000002C: releasing endpoint
09:49:27.733 [main] DEBUG org.apache.hc.client5.http.impl.io.PoolingHttpClientConnectionManager - ep-0000002C: connection http-outgoing-33 can be kept alive for 3 MINUTES
09:49:27.733 [main] DEBUG org.apache.hc.client5.http.impl.io.PoolingHttpClientConnectionManager - ep-0000002C: connection released [route: {s}->https://raw.githubusercontent.com:443][total available: 1; route allocated: 1 of 5; total allocated: 1 of 25]
09:49:27.733 [main] DEBUG io.github.bonigarcia.wdm.versions.VersionDetector - Detecting chrome version using online commands.properties
09:49:27.733 [main] DEBUG io.github.bonigarcia.wdm.versions.Shell - Running command on the shell: [cmd.exe, /C, wmic, datafile, where, name="%PROGRAMFILES:\=\\%\\Google\\Chrome\\Application\\chrome.exe", get, Version, /value]
09:49:27.842 [main] DEBUG io.github.bonigarcia.wdm.versions.Shell - Result: Version=117.0.5938.132
09:49:27.844 [main] DEBUG org.apache.hc.client5.http.impl.classic.InternalHttpClient - ex-0000002E: preparing request execution
09:49:27.844 [main] DEBUG org.apache.hc.client5.http.protocol.RequestAddCookies - Cookie spec selected: strict
09:49:27.844 [main] DEBUG org.apache.hc.client5.http.protocol.RequestAuthCache - Auth cache not set in the context
09:49:27.844 [main] DEBUG org.apache.hc.client5.http.impl.classic.ProtocolExec - ex-0000002E: target auth state: UNCHALLENGED
09:49:27.844 [main] DEBUG org.apache.hc.client5.http.impl.classic.ProtocolExec - ex-0000002E: proxy auth state: UNCHALLENGED
09:49:27.844 [main] DEBUG org.apache.hc.client5.http.impl.classic.ConnectExec - ex-0000002E: acquiring connection with route {s}->https://chromedriver.storage.googleapis.com:443
09:49:27.844 [main] DEBUG org.apache.hc.client5.http.impl.classic.InternalHttpClient - ex-0000002E: acquiring endpoint (3 MINUTES)
09:49:27.844 [main] DEBUG org.apache.hc.client5.http.impl.io.PoolingHttpClientConnectionManager - ex-0000002E: endpoint lease request (3 MINUTES) [route: {s}->https://chromedriver.storage.googleapis.com:443][total available: 1; route allocated: 0 of 5; total allocated: 1 of 25]
09:49:27.844 [main] DEBUG org.apache.hc.client5.http.impl.io.PoolingHttpClientConnectionManager - ex-0000002E: endpoint leased [route: {s}->https://chromedriver.storage.googleapis.com:443][total available: 1; route allocated: 1 of 5; total allocated: 2 of 25]
09:49:27.846 [main] DEBUG org.apache.hc.client5.http.impl.io.PoolingHttpClientConnectionManager - ex-0000002E: acquired ep-0000002D
09:49:27.846 [main] DEBUG org.apache.hc.client5.http.impl.classic.InternalHttpClient - ex-0000002E: acquired endpoint ep-0000002D
09:49:27.846 [main] DEBUG org.apache.hc.client5.http.impl.classic.ConnectExec - ex-0000002E: opening connection {s}->https://chromedriver.storage.googleapis.com:443
09:49:27.846 [main] DEBUG org.apache.hc.client5.http.impl.classic.InternalHttpClient - ep-0000002D: connecting endpoint (30 SECONDS)
09:49:27.846 [main] DEBUG org.apache.hc.client5.http.impl.io.PoolingHttpClientConnectionManager - ep-0000002D: connecting endpoint to https://chromedriver.storage.googleapis.com:443 (30 SECONDS)
09:49:27.846 [main] DEBUG org.apache.hc.client5.http.impl.io.DefaultHttpClientConnectionOperator - http-outgoing-34: connecting to chromedriver.storage.googleapis.com/34.101.5.123:443
09:49:27.846 [main] DEBUG org.apache.hc.client5.http.ssl.SSLConnectionSocketFactory - Connecting socket to chromedriver.storage.googleapis.com/34.101.5.123:443 with timeout 30 SECONDS
09:49:27.848 [main] DEBUG org.apache.hc.client5.http.ssl.SSLConnectionSocketFactory - Enabled protocols: [TLSv1.3, TLSv1.2]
09:49:27.848 [main] DEBUG org.apache.hc.client5.http.ssl.SSLConnectionSocketFactory - Enabled cipher suites: [TLS_AES_256_GCM_SHA384, TLS_AES_128_GCM_SHA256, TLS_CHACHA20_POLY1305_SHA256, TLS_ECDHE_ECDSA_WITH_AES_256_GCM_SHA384, TLS_ECDHE_ECDSA_WITH_AES_128_GCM_SHA256, TLS_ECDHE_ECDSA_WITH_CHACHA20_POLY1305_SHA256, TLS_ECDHE_RSA_WITH_AES_256_GCM_SHA384, TLS_ECDHE_RSA_WITH_CHACHA20_POLY1305_SHA256, TLS_ECDHE_RSA_WITH_AES_128_GCM_SHA256, TLS_DHE_RSA_WITH_AES_256_GCM_SHA384, TLS_DHE_RSA_WITH_CHACHA20_POLY1305_SHA256, TLS_DHE_DSS_WITH_AES_256_GCM_SHA384, TLS_DHE_RSA_WITH_AES_128_GCM_SHA256, TLS_DHE_DSS_WITH_AES_128_GCM_SHA256, TLS_ECDHE_ECDSA_WITH_AES_256_CBC_SHA384, TLS_ECDHE_RSA_WITH_AES_256_CBC_SHA384, TLS_ECDHE_ECDSA_WITH_AES_128_CBC_SHA256, TLS_ECDHE_RSA_WITH_AES_128_CBC_SHA256, TLS_DHE_RSA_WITH_AES_256_CBC_SHA256, TLS_DHE_DSS_WITH_AES_256_CBC_SHA256, TLS_DHE_RSA_WITH_AES_128_CBC_SHA256, TLS_DHE_DSS_WITH_AES_128_CBC_SHA256, TLS_ECDH_ECDSA_WITH_AES_256_GCM_SHA384, TLS_ECDH_RSA_WITH_AES_256_GCM_SHA384, TLS_ECDH_ECDSA_WITH_AES_128_GCM_SHA256, TLS_ECDH_RSA_WITH_AES_128_GCM_SHA256, TLS_ECDH_ECDSA_WITH_AES_256_CBC_SHA384, TLS_ECDH_RSA_WITH_AES_256_CBC_SHA384, TLS_ECDH_ECDSA_WITH_AES_128_CBC_SHA256, TLS_ECDH_RSA_WITH_AES_128_CBC_SHA256, TLS_ECDHE_ECDSA_WITH_AES_256_CBC_SHA, TLS_ECDHE_RSA_WITH_AES_256_CBC_SHA, TLS_ECDHE_ECDSA_WITH_AES_128_CBC_SHA, TLS_ECDHE_RSA_WITH_AES_128_CBC_SHA, TLS_DHE_RSA_WITH_AES_256_CBC_SHA, TLS_DHE_DSS_WITH_AES_256_CBC_SHA, TLS_DHE_RSA_WITH_AES_128_CBC_SHA, TLS_DHE_DSS_WITH_AES_128_CBC_SHA, TLS_ECDH_ECDSA_WITH_AES_256_CBC_SHA, TLS_ECDH_RSA_WITH_AES_256_CBC_SHA, TLS_ECDH_ECDSA_WITH_AES_128_CBC_SHA, TLS_ECDH_RSA_WITH_AES_128_CBC_SHA, TLS_RSA_WITH_AES_256_GCM_SHA384, TLS_RSA_WITH_AES_128_GCM_SHA256, TLS_RSA_WITH_AES_256_CBC_SHA256, TLS_RSA_WITH_AES_128_CBC_SHA256, TLS_RSA_WITH_AES_256_CBC_SHA, TLS_RSA_WITH_AES_128_CBC_SHA, TLS_EMPTY_RENEGOTIATION_INFO_SCSV]
09:49:27.848 [main] DEBUG org.apache.hc.client5.http.ssl.SSLConnectionSocketFactory - Starting handshake
09:49:27.886 [main] DEBUG org.apache.hc.client5.http.ssl.SSLConnectionSocketFactory - Secure session established
09:49:27.886 [main] DEBUG org.apache.hc.client5.http.ssl.SSLConnectionSocketFactory -  negotiated protocol: TLSv1.3
09:49:27.886 [main] DEBUG org.apache.hc.client5.http.ssl.SSLConnectionSocketFactory -  negotiated cipher suite: TLS_AES_256_GCM_SHA384
09:49:27.886 [main] DEBUG org.apache.hc.client5.http.ssl.SSLConnectionSocketFactory -  peer principal: CN=*.storage.googleapis.com
09:49:27.886 [main] DEBUG org.apache.hc.client5.http.ssl.SSLConnectionSocketFactory -  peer alternative names: [*.storage.googleapis.com, *.googleapis.com, commondatastorage.googleapis.com, *.commondatastorage.googleapis.com, storage.googleapis.com, storage-p2.googleapis.com, *.storage-p2.googleapis.com, storage.mtls.googleapis.com, *.appspot.com.storage.googleapis.com, *.content-storage.googleapis.com, *.content-storage-p2.googleapis.com, *.content-storage-upload.googleapis.com, *.content-storage-download.googleapis.com, *.storage-upload.googleapis.com, *.storage-download.googleapis.com]
09:49:27.886 [main] DEBUG org.apache.hc.client5.http.ssl.SSLConnectionSocketFactory -  issuer principal: CN=GTS CA 1C3, O=Google Trust Services LLC, C=US
09:49:27.886 [main] DEBUG org.apache.hc.client5.http.impl.io.DefaultHttpClientConnectionOperator - http-outgoing-34: connection established 192.168.100.42:64483<->34.101.5.123:443
09:49:27.886 [main] DEBUG org.apache.hc.client5.http.impl.io.PoolingHttpClientConnectionManager - ep-0000002D: connected http-outgoing-34
09:49:27.886 [main] DEBUG org.apache.hc.client5.http.impl.classic.InternalHttpClient - ep-0000002D: endpoint connected
09:49:27.886 [main] DEBUG org.apache.hc.client5.http.impl.classic.MainClientExec - ex-0000002E: executing GET /LATEST_RELEASE_117 HTTP/1.1
09:49:27.886 [main] DEBUG org.apache.hc.client5.http.impl.classic.InternalHttpClient - ep-0000002D: start execution ex-0000002E
09:49:27.886 [main] DEBUG org.apache.hc.client5.http.impl.io.PoolingHttpClientConnectionManager - ep-0000002D: executing exchange ex-0000002E over http-outgoing-34
09:49:27.886 [main] DEBUG org.apache.hc.client5.http.headers - http-outgoing-34 >> GET /LATEST_RELEASE_117 HTTP/1.1
09:49:27.886 [main] DEBUG org.apache.hc.client5.http.headers - http-outgoing-34 >> user-agent: Apache-HttpClient/5.0
09:49:27.886 [main] DEBUG org.apache.hc.client5.http.headers - http-outgoing-34 >> accept-encoding: gzip, deflate, br
09:49:27.886 [main] DEBUG org.apache.hc.client5.http.headers - http-outgoing-34 >> cache-control: max-age=0
09:49:27.886 [main] DEBUG org.apache.hc.client5.http.headers - http-outgoing-34 >> connection: keep-alive
09:49:27.886 [main] DEBUG org.apache.hc.client5.http.headers - http-outgoing-34 >> Host: chromedriver.storage.googleapis.com
09:49:27.886 [main] DEBUG org.apache.hc.client5.http.wire - http-outgoing-34 >> "GET /LATEST_RELEASE_117 HTTP/1.1[\r][\n]"
09:49:27.886 [main] DEBUG org.apache.hc.client5.http.wire - http-outgoing-34 >> "user-agent: Apache-HttpClient/5.0[\r][\n]"
09:49:27.886 [main] DEBUG org.apache.hc.client5.http.wire - http-outgoing-34 >> "accept-encoding: gzip, deflate, br[\r][\n]"
09:49:27.886 [main] DEBUG org.apache.hc.client5.http.wire - http-outgoing-34 >> "cache-control: max-age=0[\r][\n]"
09:49:27.886 [main] DEBUG org.apache.hc.client5.http.wire - http-outgoing-34 >> "connection: keep-alive[\r][\n]"
09:49:27.886 [main] DEBUG org.apache.hc.client5.http.wire - http-outgoing-34 >> "Host: chromedriver.storage.googleapis.com[\r][\n]"
09:49:27.886 [main] DEBUG org.apache.hc.client5.http.wire - http-outgoing-34 >> "[\r][\n]"
09:49:28.118 [main] DEBUG org.apache.hc.client5.http.wire - http-outgoing-34 << "HTTP/1.1 404 Not Found[\r][\n]"
09:49:28.118 [main] DEBUG org.apache.hc.client5.http.wire - http-outgoing-34 << "X-GUploader-UploadID: ADPycduzP7FvIuvgEhWhaOZGNHSbyhgq_qfPPFLD2yxuzg2ZBpnXUb3liTldq7nl6Rharlv3WDn_EBNi-TiOP2CFH_kvBhLLkisY[\r][\n]"
09:49:28.118 [main] DEBUG org.apache.hc.client5.http.wire - http-outgoing-34 << "Content-Type: application/xml; charset=UTF-8[\r][\n]"
09:49:28.118 [main] DEBUG org.apache.hc.client5.http.wire - http-outgoing-34 << "Content-Length: 193[\r][\n]"
09:49:28.118 [main] DEBUG org.apache.hc.client5.http.wire - http-outgoing-34 << "Date: Sat, 30 Sep 2023 02:49:38 GMT[\r][\n]"
09:49:28.118 [main] DEBUG org.apache.hc.client5.http.wire - http-outgoing-34 << "Expires: Sat, 30 Sep 2023 02:49:38 GMT[\r][\n]"
09:49:28.118 [main] DEBUG org.apache.hc.client5.http.wire - http-outgoing-34 << "Cache-Control: private, max-age=0[\r][\n]"
09:49:28.118 [main] DEBUG org.apache.hc.client5.http.wire - http-outgoing-34 << "Server: UploadServer[\r][\n]"
09:49:28.118 [main] DEBUG org.apache.hc.client5.http.wire - http-outgoing-34 << "Alt-Svc: h3=":443"; ma=2592000,h3-29=":443"; ma=2592000[\r][\n]"
09:49:28.118 [main] DEBUG org.apache.hc.client5.http.wire - http-outgoing-34 << "[\r][\n]"
09:49:28.118 [main] DEBUG org.apache.hc.client5.http.wire - http-outgoing-34 << "<?xml version='1.0' encoding='UTF-8'?><Error><Code>NoSuchKey</Code><Message>The specified key does not exist.</Message><Details>No such object: chromedriver/LATEST_RELEASE_117</Details></Error>"
09:49:28.118 [main] DEBUG org.apache.hc.client5.http.headers - http-outgoing-34 << HTTP/1.1 404 Not Found
09:49:28.118 [main] DEBUG org.apache.hc.client5.http.headers - http-outgoing-34 << X-GUploader-UploadID: ADPycduzP7FvIuvgEhWhaOZGNHSbyhgq_qfPPFLD2yxuzg2ZBpnXUb3liTldq7nl6Rharlv3WDn_EBNi-TiOP2CFH_kvBhLLkisY
09:49:28.118 [main] DEBUG org.apache.hc.client5.http.headers - http-outgoing-34 << Content-Type: application/xml; charset=UTF-8
09:49:28.118 [main] DEBUG org.apache.hc.client5.http.headers - http-outgoing-34 << Content-Length: 193
09:49:28.118 [main] DEBUG org.apache.hc.client5.http.headers - http-outgoing-34 << Date: Sat, 30 Sep 2023 02:49:38 GMT
09:49:28.118 [main] DEBUG org.apache.hc.client5.http.headers - http-outgoing-34 << Expires: Sat, 30 Sep 2023 02:49:38 GMT
09:49:28.118 [main] DEBUG org.apache.hc.client5.http.headers - http-outgoing-34 << Cache-Control: private, max-age=0
09:49:28.118 [main] DEBUG org.apache.hc.client5.http.headers - http-outgoing-34 << Server: UploadServer
09:49:28.118 [main] DEBUG org.apache.hc.client5.http.headers - http-outgoing-34 << Alt-Svc: h3=":443"; ma=2592000,h3-29=":443"; ma=2592000
09:49:28.118 [main] DEBUG org.apache.hc.client5.http.impl.classic.MainClientExec - ex-0000002E: connection can be kept alive for 3 MINUTES
09:49:28.118 [main] ERROR io.github.bonigarcia.wdm.online.HttpClient - Error HTTP 404 executing https://chromedriver.storage.googleapis.com/LATEST_RELEASE_117
09:49:28.118 [main] WARN io.github.bonigarcia.wdm.versions.VersionDetector - Exception reading https://chromedriver.storage.googleapis.com/LATEST_RELEASE_117 to get latest version of chromedriver (Error HTTP 404 executing https://chromedriver.storage.googleapis.com/LATEST_RELEASE_117)
09:49:28.118 [main] DEBUG io.github.bonigarcia.wdm.versions.VersionDetector - Getting driver version for chrome117 from online versions.properties
09:49:28.118 [main] DEBUG org.apache.hc.client5.http.impl.classic.InternalHttpClient - ex-0000002F: preparing request execution
09:49:28.118 [main] DEBUG org.apache.hc.client5.http.protocol.RequestAddCookies - Cookie spec selected: strict
09:49:28.118 [main] DEBUG org.apache.hc.client5.http.protocol.RequestAuthCache - Auth cache not set in the context
09:49:28.118 [main] DEBUG org.apache.hc.client5.http.impl.classic.ProtocolExec - ex-0000002F: target auth state: UNCHALLENGED
09:49:28.118 [main] DEBUG org.apache.hc.client5.http.impl.classic.ProtocolExec - ex-0000002F: proxy auth state: UNCHALLENGED
09:49:28.118 [main] DEBUG org.apache.hc.client5.http.impl.classic.ConnectExec - ex-0000002F: acquiring connection with route {s}->https://raw.githubusercontent.com:443
09:49:28.118 [main] DEBUG org.apache.hc.client5.http.impl.classic.InternalHttpClient - ex-0000002F: acquiring endpoint (3 MINUTES)
09:49:28.118 [main] DEBUG org.apache.hc.client5.http.impl.io.PoolingHttpClientConnectionManager - ex-0000002F: endpoint lease request (3 MINUTES) [route: {s}->https://raw.githubusercontent.com:443][total available: 1; route allocated: 1 of 5; total allocated: 2 of 25]
09:49:28.118 [main] DEBUG org.apache.hc.client5.http.impl.io.PoolingHttpClientConnectionManager - ex-0000002F: endpoint leased [route: {s}->https://raw.githubusercontent.com:443][total available: 0; route allocated: 1 of 5; total allocated: 2 of 25]
09:49:28.118 [main] DEBUG org.apache.hc.client5.http.impl.io.PoolingHttpClientConnectionManager - ex-0000002F: acquired ep-0000002E
09:49:28.118 [main] DEBUG org.apache.hc.client5.http.impl.classic.InternalHttpClient - ex-0000002F: acquired endpoint ep-0000002E
09:49:28.118 [main] DEBUG org.apache.hc.client5.http.impl.classic.MainClientExec - ex-0000002F: executing GET /bonigarcia/webdrivermanager/master/src/main/resources/versions.properties HTTP/1.1
09:49:28.118 [main] DEBUG org.apache.hc.client5.http.impl.classic.InternalHttpClient - ep-0000002E: start execution ex-0000002F
09:49:28.118 [main] DEBUG org.apache.hc.client5.http.impl.io.PoolingHttpClientConnectionManager - ep-0000002E: executing exchange ex-0000002F over http-outgoing-33
09:49:28.131 [main] DEBUG org.apache.hc.client5.http.headers - http-outgoing-33 >> GET /bonigarcia/webdrivermanager/master/src/main/resources/versions.properties HTTP/1.1
09:49:28.131 [main] DEBUG org.apache.hc.client5.http.headers - http-outgoing-33 >> user-agent: Apache-HttpClient/5.0
09:49:28.131 [main] DEBUG org.apache.hc.client5.http.headers - http-outgoing-33 >> accept-encoding: gzip, deflate, br
09:49:28.131 [main] DEBUG org.apache.hc.client5.http.headers - http-outgoing-33 >> cache-control: max-age=0
09:49:28.131 [main] DEBUG org.apache.hc.client5.http.headers - http-outgoing-33 >> connection: keep-alive
09:49:28.131 [main] DEBUG org.apache.hc.client5.http.headers - http-outgoing-33 >> Host: raw.githubusercontent.com
09:49:28.131 [main] DEBUG org.apache.hc.client5.http.wire - http-outgoing-33 >> "GET /bonigarcia/webdrivermanager/master/src/main/resources/versions.properties HTTP/1.1[\r][\n]"
09:49:28.131 [main] DEBUG org.apache.hc.client5.http.wire - http-outgoing-33 >> "user-agent: Apache-HttpClient/5.0[\r][\n]"
09:49:28.131 [main] DEBUG org.apache.hc.client5.http.wire - http-outgoing-33 >> "accept-encoding: gzip, deflate, br[\r][\n]"
09:49:28.131 [main] DEBUG org.apache.hc.client5.http.wire - http-outgoing-33 >> "cache-control: max-age=0[\r][\n]"
09:49:28.131 [main] DEBUG org.apache.hc.client5.http.wire - http-outgoing-33 >> "connection: keep-alive[\r][\n]"
09:49:28.131 [main] DEBUG org.apache.hc.client5.http.wire - http-outgoing-33 >> "Host: raw.githubusercontent.com[\r][\n]"
09:49:28.131 [main] DEBUG org.apache.hc.client5.http.wire - http-outgoing-33 >> "[\r][\n]"
09:49:28.163 [main] DEBUG org.apache.hc.client5.http.wire - http-outgoing-33 << "HTTP/1.1 200 OK[\r][\n]"
09:49:28.163 [main] DEBUG org.apache.hc.client5.http.wire - http-outgoing-33 << "Connection: keep-alive[\r][\n]"
09:49:28.163 [main] DEBUG org.apache.hc.client5.http.wire - http-outgoing-33 << "Content-Length: 1615[\r][\n]"
09:49:28.163 [main] DEBUG org.apache.hc.client5.http.wire - http-outgoing-33 << "Cache-Control: max-age=300[\r][\n]"
09:49:28.163 [main] DEBUG org.apache.hc.client5.http.wire - http-outgoing-33 << "Content-Security-Policy: default-src 'none'; style-src 'unsafe-inline'; sandbox[\r][\n]"
09:49:28.163 [main] DEBUG org.apache.hc.client5.http.wire - http-outgoing-33 << "Content-Type: text/plain; charset=utf-8[\r][\n]"
09:49:28.163 [main] DEBUG org.apache.hc.client5.http.wire - http-outgoing-33 << "ETag: W/"65e8ec46ef4920945cc03f0386cc600d8027ed4440e101d5729220d93bfa6f0f"[\r][\n]"
09:49:28.163 [main] DEBUG org.apache.hc.client5.http.wire - http-outgoing-33 << "Strict-Transport-Security: max-age=31536000[\r][\n]"
09:49:28.163 [main] DEBUG org.apache.hc.client5.http.wire - http-outgoing-33 << "X-Content-Type-Options: nosniff[\r][\n]"
09:49:28.163 [main] DEBUG org.apache.hc.client5.http.wire - http-outgoing-33 << "X-Frame-Options: deny[\r][\n]"
09:49:28.163 [main] DEBUG org.apache.hc.client5.http.wire - http-outgoing-33 << "X-XSS-Protection: 1; mode=block[\r][\n]"
09:49:28.163 [main] DEBUG org.apache.hc.client5.http.wire - http-outgoing-33 << "X-GitHub-Request-Id: 4D10:B89CD:6D987:89792:651389FC[\r][\n]"
09:49:28.163 [main] DEBUG org.apache.hc.client5.http.wire - http-outgoing-33 << "Content-Encoding: gzip[\r][\n]"
09:49:28.163 [main] DEBUG org.apache.hc.client5.http.wire - http-outgoing-33 << "Accept-Ranges: bytes[\r][\n]"
09:49:28.163 [main] DEBUG org.apache.hc.client5.http.wire - http-outgoing-33 << "Date: Sat, 30 Sep 2023 02:49:38 GMT[\r][\n]"
09:49:28.163 [main] DEBUG org.apache.hc.client5.http.wire - http-outgoing-33 << "Via: 1.1 varnish[\r][\n]"
09:49:28.163 [main] DEBUG org.apache.hc.client5.http.wire - http-outgoing-33 << "X-Served-By: cache-qpg1230-QPG[\r][\n]"
09:49:28.163 [main] DEBUG org.apache.hc.client5.http.wire - http-outgoing-33 << "X-Cache: HIT[\r][\n]"
09:49:28.163 [main] DEBUG org.apache.hc.client5.http.wire - http-outgoing-33 << "X-Cache-Hits: 2[\r][\n]"
09:49:28.163 [main] DEBUG org.apache.hc.client5.http.wire - http-outgoing-33 << "X-Timer: S1696042179.986891,VS0,VE0[\r][\n]"
09:49:28.163 [main] DEBUG org.apache.hc.client5.http.wire - http-outgoing-33 << "Vary: Authorization,Accept-Encoding,Origin[\r][\n]"
09:49:28.163 [main] DEBUG org.apache.hc.client5.http.wire - http-outgoing-33 << "Access-Control-Allow-Origin: *[\r][\n]"
09:49:28.163 [main] DEBUG org.apache.hc.client5.http.wire - http-outgoing-33 << "Cross-Origin-Resource-Policy: cross-origin[\r][\n]"
09:49:28.163 [main] DEBUG org.apache.hc.client5.http.wire - http-outgoing-33 << "X-Fastly-Request-ID: 3d2099e88184cce37d9427f889a43bcd5ebacda5[\r][\n]"
09:49:28.163 [main] DEBUG org.apache.hc.client5.http.wire - http-outgoing-33 << "Expires: Sat, 30 Sep 2023 02:54:38 GMT[\r][\n]"
09:49:28.163 [main] DEBUG org.apache.hc.client5.http.wire - http-outgoing-33 << "Source-Age: 180[\r][\n]"
09:49:28.163 [main] DEBUG org.apache.hc.client5.http.wire - http-outgoing-33 << "[\r][\n]"
09:49:28.163 [main] DEBUG org.apache.hc.client5.http.headers - http-outgoing-33 << HTTP/1.1 200 OK
09:49:28.163 [main] DEBUG org.apache.hc.client5.http.headers - http-outgoing-33 << Connection: keep-alive
09:49:28.163 [main] DEBUG org.apache.hc.client5.http.headers - http-outgoing-33 << Content-Length: 1615
09:49:28.163 [main] DEBUG org.apache.hc.client5.http.headers - http-outgoing-33 << Cache-Control: max-age=300
09:49:28.163 [main] DEBUG org.apache.hc.client5.http.headers - http-outgoing-33 << Content-Security-Policy: default-src 'none'; style-src 'unsafe-inline'; sandbox
09:49:28.163 [main] DEBUG org.apache.hc.client5.http.headers - http-outgoing-33 << Content-Type: text/plain; charset=utf-8
09:49:28.163 [main] DEBUG org.apache.hc.client5.http.headers - http-outgoing-33 << ETag: W/"65e8ec46ef4920945cc03f0386cc600d8027ed4440e101d5729220d93bfa6f0f"
09:49:28.163 [main] DEBUG org.apache.hc.client5.http.headers - http-outgoing-33 << Strict-Transport-Security: max-age=31536000
09:49:28.163 [main] DEBUG org.apache.hc.client5.http.headers - http-outgoing-33 << X-Content-Type-Options: nosniff
09:49:28.163 [main] DEBUG org.apache.hc.client5.http.headers - http-outgoing-33 << X-Frame-Options: deny
09:49:28.163 [main] DEBUG org.apache.hc.client5.http.headers - http-outgoing-33 << X-XSS-Protection: 1; mode=block
09:49:28.163 [main] DEBUG org.apache.hc.client5.http.headers - http-outgoing-33 << X-GitHub-Request-Id: 4D10:B89CD:6D987:89792:651389FC
09:49:28.163 [main] DEBUG org.apache.hc.client5.http.headers - http-outgoing-33 << Content-Encoding: gzip
09:49:28.163 [main] DEBUG org.apache.hc.client5.http.headers - http-outgoing-33 << Accept-Ranges: bytes
09:49:28.163 [main] DEBUG org.apache.hc.client5.http.headers - http-outgoing-33 << Date: Sat, 30 Sep 2023 02:49:38 GMT
09:49:28.163 [main] DEBUG org.apache.hc.client5.http.headers - http-outgoing-33 << Via: 1.1 varnish
09:49:28.163 [main] DEBUG org.apache.hc.client5.http.headers - http-outgoing-33 << X-Served-By: cache-qpg1230-QPG
09:49:28.163 [main] DEBUG org.apache.hc.client5.http.headers - http-outgoing-33 << X-Cache: HIT
09:49:28.163 [main] DEBUG org.apache.hc.client5.http.headers - http-outgoing-33 << X-Cache-Hits: 2
09:49:28.163 [main] DEBUG org.apache.hc.client5.http.headers - http-outgoing-33 << X-Timer: S1696042179.986891,VS0,VE0
09:49:28.163 [main] DEBUG org.apache.hc.client5.http.headers - http-outgoing-33 << Vary: Authorization,Accept-Encoding,Origin
09:49:28.163 [main] DEBUG org.apache.hc.client5.http.headers - http-outgoing-33 << Access-Control-Allow-Origin: *
09:49:28.163 [main] DEBUG org.apache.hc.client5.http.headers - http-outgoing-33 << Cross-Origin-Resource-Policy: cross-origin
09:49:28.163 [main] DEBUG org.apache.hc.client5.http.headers - http-outgoing-33 << X-Fastly-Request-ID: 3d2099e88184cce37d9427f889a43bcd5ebacda5
09:49:28.163 [main] DEBUG org.apache.hc.client5.http.headers - http-outgoing-33 << Expires: Sat, 30 Sep 2023 02:54:38 GMT
09:49:28.163 [main] DEBUG org.apache.hc.client5.http.headers - http-outgoing-33 << Source-Age: 180
09:49:28.163 [main] DEBUG org.apache.hc.client5.http.impl.classic.MainClientExec - ex-0000002F: connection can be kept alive for 3 MINUTES
09:49:28.163 [main] DEBUG org.apache.hc.client5.http.wire - http-outgoing-33 << "[0x1f][0xffffff8b][0x8][0x0][0x0][0x0][0x0][0x0][0x0][0x3][0xffffff8d][0xffffff97]Ko#7[0xc][0xffffffc7][0xffffffef][0xfffffff9][0x14][0x3][0xfffffff4][0x1c]YO[0xffffff8a][\n]"
09:49:28.163 [main] DEBUG org.apache.hc.client5.http.wire - http-outgoing-33 << "[0xffffffa0]K[0xffffff9f][0xffffffa7][0xffffffa2][0xffffff87][0xfffffff6][0xb]x[0xffffffed]Ib[0xffffffac][0xffffffe3][0x9]lg[0xffffffb3][0xffffffe8][0xffffffa7]/[0xfffffff5][0xffffffa0]F[0xffffff96][[0xffffffa0][0xffffff87]`[0xffffff97]?k$[0xffffff92][0xffffffe2]p[0xfffffffe][0xfffffffc]a[0xfffffffa][0xffffffeb][0xfffffff5]p[0xffffff99][0xffffff9e][0xf][0xffffffc7]y[0xffffffda]-[0xffffffa7][0xffffffeb][0xfffffff6]p[0xffffffba]L[0xffffffd7][0xffffffd7]y[0xfffffffa]zZ>O[0xffffffd3][0xfffffffe]|[0xfffffff8]6[0xffffff9f]'[0xfffffffa][0xffffffbb][0x1c][0x16][0xfffffffa]e[0xffffffb7][0xffffffbc][0xffffffbd]o[0xffffffaf][0xffffff87]/[0xffffffb4][0xfffffffa][0xfffffff3]p}[0xffffffcd]+w[0xffffffcb][0xfffffff9]<_[0xffffffde][0xffffff97][0xffffffd3][0xfffffffe]pz[0xffffff99][0xffffffbe][0xffffff9c][0xffffff97][0xffffffcf][0xffffffcb][0xfffffffa][0xffffffc8][0xffffffc3][0xffffffc3][0xf][0xffffffd3][0xffffff8f][0x5]=M[0xffffffbf]-[0xffffffcb][0xb]=[0xfffffff9][0xffffffd3][0xffffffeb]yy[0xffffff9b][0xffffffa7][0xffffffed]i_[0xfffffffe]{[0xfffffff8]x[0xffffff9b][0x1e][0xffffffa7][0xffffff9f][0xfffffff3]QO[0xffffffd3].[0xffffffff]Z[0xe][0xffffffa6][0xffffff87][0xffffffff]\>[0xffffffce][0xffffffbb][0xfffffff9]iz[0xffffffbd]^[0xffffffdf][0xffffff9f]6[0xffffff9b][0xfffffffe]W[0xffffffb1][0xffffffab]O[0xffffff8b][0xffffffe5][0xfffffffc][0xffffffb2][0xffffffd9][0xffffff93][0xffffffbf][0xffffffc7]e[0xffffffbb][0xffffffbf]<[0xffffff94]5J[0xffffffd9]H[0x7f]B[\n]"
09:49:28.163 [main] DEBUG org.apache.hc.client5.http.wire - http-outgoing-33 << "[0xffffffe7][0xffffff8d][0x13]A6n[0xffffff88][0xffffff9b][0xffffffc4][0xffffffc1]k[0x1][0xffffffa6]qM\g[0xffffffae][0xffffff9c][0xffffffb0][0xffffffa1]qE\%[0xffffffee][0xffffffc0][0x8][0xffffffb0][0xffffff8d]K[0xffffffe2]2q[0xffffff8b]Jx[0xffffffcf]\[0xffffff86]H[0x7f][0xffffff99][0xffffffd3][0xfffffff1][0xffffffbe][0xffffffad][0xffffff97]H[0x1c][0x13]7.[0x8][0xffffffaf][0x1a][0xfffffff7][0xffffffc4]}[0xffffffe6][0xffffffd2][\n]"
09:49:28.163 [main] DEBUG org.apache.hc.client5.http.wire - http-outgoing-33 << "[0xffffffd0][0xffffff8d][0x3]qH\[0xffffffdb] `][0xffffffef][0xffffff88][0xffffffbb][0xffffffc4]Up[0xfffffff4]c[0xffffffe3][0x14][0xffffffaf][0xffffffcc][0xfffffff1][0xffffffa6]0|[0xfffffff3]_R[0xffffffbc]2[0xffffffc7]+A[\n]"
09:49:28.163 [main] DEBUG org.apache.hc.client5.http.wire - http-outgoing-33 << "eV[0xffffff87](`[0xffffff99][0x3][0xffffff96][0xffffffb4]_w[0x0][0x5],S[0xffffffc0]68%[0xffffffec][0xffffffca])`[0xffffff99][0x2][0xffffffb6][0x18]@[0x0]'4[0xffffff84][0x18]B[0xffffffa6][0xffffffd6][0xffffffd2][0xffffffd9]L1[0xffffff86][0x14][0xffffffac][0xfffffff5][0xe][0x5][0x1d][0xffffffc3][0xffffffd8][0xffffffc7][0xffffff90]b[0xffffffb5][0x10][0xfffffff4][0xffffff9a][0xffffff83][0x0]1@[0xffffffa6]`[0xffffff85]uL][0xc].S[0xffffff83][0x2]8[0xffffff9e]`c[0xffffffb0][0xffffff99]Rr[0xffffffe8]"[0x19][0xffffff9b][0x18]R[0xffffff90][0xffffffd6]y[0xffffffbf]^j[0xffffffd0]1[0xffffffe8]L[0xffffffe9]J)[0xffffffcb][0xffffff8c]U[0xc]9@K[0x15]@[0xffffffb1]2[0xffffff96]1[0xffffffe4][0xfffffff8][0xffffffac][0xffffff91]Bs[0xffffff9e]0D[0xffffffcc][0xfffffff1][0x19][0xfffffffa]G[0xfffffff3][0xffffffce][0xffffff88][0x11]s|F[[0x11][0xffffff80][0xffffffa9][0xffffff8f][0xffffff98][0xffffffc3][0xffffffd3]([0x5]"S[0xffffff88][0xffffff98][0xffffffc3][0xffffffd3][0xffffff96][0xfffffff6][0xffffffe5]T[0xffffffa0][0xffffff8b][0xffffff98][0xffffffc3]Sh[0x4][0xffffffb2]kh#[0xffffffe6][0xfffffff0][0xffffff94][0xfffffff5][0xffffffc2]p[0xffffff8e][0xffffffd1]D[0xffffffcc][0xffffffd1][0xffffffa5][0xffffff9b]4[0xffffff9c][\n]"
09:49:28.163 [main] DEBUG org.apache.hc.client5.http.wire - http-outgoing-33 << "T[0x11]s[0x18][0xffffff92]2[0xffffffaf]L;NFLa[0xffffff98]@[0xffffffbe]P[0x9]U[0xffffffec]C[0xfffffff4]!c[0xffffffeb][0xffffff84]i[0x14][0xffffffa3][0xffffffc7]L[0xffffffa9]v[0xffffffa8][0xffffffae][0x18][0xfffffffb][0xffffffe8]S [0x6][0xffffff81][0xffffffde][0x5]v[0xffffffc3]C[0xfffffff4][0xffffff90])[0x15][0xffffffb8][0xffffffd2]m[0xf][0x17]}[0xffffff8a][0xffffffc4]xO[0x5][0xffffffb6][0xffffffae][0xffffffb6][0xffffffd1][0xffffffdb][0xffffff8c]5[0xffffffd5]/C[0x13]}[0xffffff8a][0xffffffc4][0x0][0x5][0x4][0xffffffec][0xffffffb2][0xffffffd7]Q[0xffffffd3][0xffffff8d][0xffffffb2][0xffffffa5]n,[0xffffff99],v[0xc]B[0xffffffb2][0xfffffff8]n[0x0][0xffffff93][0xffffffc5][0x19][0x5][0xffffff9f],[0xffffffbe]M[0xffffff80]d[0xffffffb1]3[0xffffffe0][0xffffffc8]j)[0x2][0xffffff9b],[0xffffffce]9[0xffffff98]d[0xfffffff1]y[0xffffff90]|1[0xffffffed][0xffffffbc][0xffffffe4]K{g [0xfffffff9]b[0xffffffcc]MW[0xfffffffb]}[0xfffffff9][0xfffffffb]p<n[0xffffffa7]_[0xf][0xffffffe7][0xfffffff9]y[0xfffffff9][0xffffffde][0xffffffb5][0xffffffb2][0xffffff97]y[0xfffffff7]u[0xfffffff9][0xffffffd7]Nv[0xffffffa1]V[0xfffffff6]B[\r][0xfffffff4][0xffffffe3][0xffffff8b][0xffffffa0][0xffffff96][0xffffffba]y+[l[0xffffffba][0x7]6[0xffffffe7][0xfffffff9]8o/[0xfffffff3][0xffffffe5][0xffffffe1][0xffffffb9][0xffffffec][0xffffffab][0x14]FJ[0x1b][0xffffffe5]n%[0xfffffffe][0xffffff8e][0xffffffc0][0x1d]qw[0xffffffc4][0xffffffde][0x11]sG[0xfffffff4][0x1d]QwD&[0xffffffa2][0xffffff85]n[0xffffff84]:_&[0xffffffeb][0x1a][0xffffff89]w[0xffffffc4][0xffffffdf][0x11][0xffffffb8]#[0xffffffee][0xffffff8e]d[0xffffff9f]UO[0xffffffcc][0x1d][0xffffffd1]wD[0xffffffdd][0x11]9[0xffffff90][0x10]F[0xffffff80]#[0xfffffff0]#[0xffffff80][0x11][0xffffffb8][0x11][0xffffff8c][0xffffffde][0xffffff86][0xffffffd1][0xffffffd9]0[0xfffffffa][0x1a]FWC[0xfffffff2][0xffffff94][0xffffffde][0xffffff9b][0xe][0xffffff88][0xffffffe3][0xffffffe1][0xfffffff4][0xfffffff1][0xffffffbd]`[0xffffffc5][0x18][0xffffffc3][0xffffffb0][0xe]q[0x4]~[0x4]0[0x2]7[0x2];[0xffffff82][0x14][0xffffff80][0xffffffc6][0xe][0xffffffe8][0x11][0xffffffa4][0x0][0xffffffb4][0xffffffef][0xffffff80][0x1c][0xffffff80][0xf]#[0xffffffc8][0xffffff9e]B[0x7][0xfffffffc][0x8]`[0x4]n[0x4]v[0x4]f[0x4]z[0x4]j[0x4]r[0x0][0x10]F[0xffffff90]=u[0x1d][0xffffffc8][0xffffff9e][0xffffffda][0xe][0xffffffc0][0x8][0xffffffdc][0x8][0xffffffb2][0xffffffa7][0xffffffdd][0xb][0x4]f[0x4][0xffffffd9][0xffffffd3][0xffffffae][0xffffffec]!{[0xffffffda][0x15][0x5][0xffffffc8][0x1][0xffffffb8]0[0x2][0x1c][0xffffff81][0x1f]A[0xfffffff6]Tv[0xffffffc0]1[0xffffffe8][0xffffffbb][0xffffffda][0x1f][0xffffffef][0xfffffff3]y[0xffffffdb][0xfffffff5][0xffffffb2]%[0xffffffd9][0xffffffff][0xffffffa7][0xffffff97][0xffffffe5][0xffffff85][0xffffff97][0xffffffe5][0xfffffff9][0xfffffffa][0xffffffb9]=[0xffffffcf][0xffffffc5]b[0xffffff9d]6v[0xffffffb6][0xfffffffc]c[0xffffff96]!*[0xffffffeb][0x1c][0xffffffa4][0xf]S[0xfffffff0][0xffffff8c][0xffffff93][0xffffffec][0xffffffca]2[0xffffffc7]S[0xffffffe9]+[0xffffffd2][\n]"
09:49:28.163 [main] DEBUG org.apache.hc.client5.http.wire - http-outgoing-33 << "[0xffffff95][0xffffffcb]^[0xffffffd6]Q[0x17]*[0xffffff9c]^[0xffffffe4]N[0xffffffd5])][0xffffffb7][0xffffffa1][0xffffffd7][0xffffffb9][0x13]u[0xffffffc8][0xffffffd4][0xffffffdf]H:W)[0xfffffff4][0xffffff82][0xffffff8e][0xe][0xffffffaa][0xffffffd8][0xfffffff5]zNi[0xffffffc6][0xffffffb6][0xffffff97]s!Tjz1G[\n]"
09:49:28.163 [main] DEBUG org.apache.hc.client5.http.wire - http-outgoing-33 << "[0xffffffa0]P[0xffffffdd]K9[0xffffffa5]x[0xffffffb1][0xffffffea][0xffffff95]\[0x12]I[0x5][0xffffffcb]^[0xffffffc8]a[\r][0x1c]C/[0xffffffe3][0x0]*[0xffffffc5]A[0xffffffc3][0x15][0xffffffea]{[0x5]G[0xffffff92][0xffffffb5]P[0xffffffe8][0xfffffff5][K[0x11][0xffffffbd][0xfffffffd]7[0xfffffffa][0xffffffad]@[0xffffffdb][0xffffffc9]7[0xffffffac][0xffffff8e]Q[0x17][0xffffffb8][0x11]o[0x5][0xffffffea][[0xffffffed]V[0xffffffa0][0xffffffea][0xffffffa4][0xffffff9b][0xffffffe3][0xfffffff3]e[0xffffffa7][0xffffffdc][0xffffffd8]U[0xffffffea][\n]"
09:49:28.163 [main] DEBUG org.apache.hc.client5.http.wire - http-outgoing-33 << "7[0xffffffba][0xffffffad]@[0x1c]d[[0xffffffa1][0xffffffbe]Sm[0xffffff9e]!t[0xffffff9a][\r][0xffffffeb][0xfffffff1][0xffffffd4]&V[0xffffffc9][0xffffffc6][0xffffffde]S[0xffffffab]X[0x15][0x1b]%[0xffffffb8]R[0xffffffd3])6[0xffffffe0]Mu'[0xffffffd8][0xffffffb0]^8[0xfffffff5][0xffffff8d]U[0xffffffaf][0xffffffb5][0xffffffcb][0xffffffa2][0xffffffe6][0xffffffb1][0xffffffea]5[0xffffffac][0x17]K[\r]d[0xffffff95]k\[0xffffffd1][0xffffffd4]D:[0xffffffb5][0xffffffa6]j[0xffffffa8][0xffffffd4]Iz[0xffffffb1]V[0xffffffcf][0xffffffa2]v[0xffffffb2]j5[0xffffffcf][0xffffffbb][0xffffffba]N[0xffffffaa]q)S[Y[0xffffff85]Z+N[0xffffffea]-[0xffffff9d]P3[0xffffffd5]Wj0[0xffffff9d]NkgU}[0xffffff95][\r][0x17]z[0xffffffa3][0xffffffaa][0xffffffab]bTqU[0xffffff8c][0xffffffaa][0xffffffad][0xffffff8a]Q[0xffffffa5]U1[0xffffffaa][0xffffffb2]*F[0x15]V[0xffffffc5][0xffffffa8][0xffffffba][0xffffffaa][0x18][0xffffffaa][0x8][0xffffffa9]b[0xffffffc8][0xffffffce][0xffffffb0][0xffffffc9][0x3][0xfffffff6][0xffffffd8]&[0xf]L=[0xffffffc7]&[0xf]tM[0xffffff86][0xffffff85]b[0xffffffdc]([0xffffffb1][0xffffffc3][0xffffffee][0xffffffbc][0xffffffa4][0xffffffd6]3[0xfffffffd][0xffffffb2][0x7f][0xffffff99][0xffffffbb][0xffffffe6][0xfffffff5]v[0xffffff99][0x9][0xfffffffc]g[0xfffffff7][0xffffffda][0xffffffcf][0xffffffdf][0xffffffe6]c[0xffffffda]U[0xffffffbc][0xfffffff1][0xe][0xffffffb9][0xffffff95][0xffffffcd][0xffffffa7][0xffffffc7][0xffffff8f][0xffffffcb][0xffffffa6][0xffffffb1][0xffffffc7][0xffffffb4][0xffffffc9][0xffffffe6][0xffffffba],[0xffffffc7][0xffffffcb][0xffffffe6]s[0xfffffffe]R[0xffffffbb][0xffffffd9]C[0xffffffa2][0xffffffeb][0xffffffb0][0xffffffa9][0xffffff90]Z[0xffffffba][0xffffffc2]Jy[0xffffffd4]T[0xffffff9e][0xffffff94]0e[0xffffffb2]P[0x1e]4[0xffffff95][0xffffffd7][0xffffffb9][0xffffff90][0xb][0xffffffe5]1S[0x1][0xffffffa8]4[0x6][0x16][0xffffffca]C[0xffffffa6]rT[0x1f][0xffffff94][0xffffffbd]L[0xffffffdb][0xffffff88][0xffffffa9][0xffffff9c]B[0xffffffe1][0xffffffeb]im[0xffffffc0]T[0x16]h_[0xffffffa8][0xffffff94][0xffffffc7]K[0x12][0xffffffe6][0xffffffe9][0xffffffe3][ [0xffffffcf][0xffffff96][0xffffffca][0xfffffff8][0xfffffff4][0xffffffa9][0xffffffab][0xffffff94]'K[0x1a][0x12][\r]u[0xffffffb0]Jy[0xffffffae]T[0xffffff9a][0xffffffde]T[0xffffffcf];[0xfffffff0]TIc[0xffffff80]mA[0xffffffb4][0xffffff91]Ri*\[0xffffff92][0xffffffe9][0xffffff85][0xfffffff2]@[0xffffffa9][0xffffffb4][0xffffff92][0xffffffeb][0xffffffbe]<N[0xffffff92]"
09:49:28.163 [main] DEBUG org.apache.hc.client5.http.wire - http-outgoing-33 << "[0xffffffb2]ui[0xffffffa8]I[0xffffff94][0xffffff87]Ij[0xfffffffd][0xffffffa9]Q[0x14]VGI[0xffffff95][0xffffffa2][0xffffffab][0xffffff89][0xffffffe1]9[0xffffff92]B[0xffffffd3][0xffffff8d][0xffffffd5])[0xffffff92]b[0xffffffb0][0xffffff8d][0xffffffd5][0x19][0xffffff92][0xffffffbc]j'[0xfffffff3][0x4][0x19][0xffffffa8][0xffffffc7][0x18]UP[0xffffff9d][0x1e][0x3][0xffffffa5][0xffffffde][0xffffffd4]Uut[0xc]r=[0xffffffa0][0xffffff8e][0xffffff8d][0xffffff98]:]}[0xffffffb0][0xffffff8e][0xffffff8c]H[0xffffff81][0x15][0xffffffc2][0xffffffe3]b[0xffffffba][0xfffffff1]r1<*z[0xffffffca]m}[0xffffff8c][0xffffffe7]D[0xffffff80]P[0xffffffaf][0xffffff84]gD[0xffffffa0][0xffffff92][0xffffff80][0xffffff92][0xb][0x1e][0x10]]Jp]U[0xffffffa7]C[0xffffff97][0xffffff95]E&<[0x19]Rkp[0xfffffff5]<[0xffffffea]^[0xffffffa5]{[0x6][0xfffffff6][0xffffff89][0x7]E[0xfffffffa][0xffffffce][0xffffffd6][0xffffffab]jC"ELu[0xffffff97]Y[0xffffff9b][0x10]S[0xffffffcd][0x16]R[0xffffffa7]C[0xffffffed][0xffffffb9]tx0[0xffffffd4][0xffffffa6][0xffffff91]:[0x14][0xffffffa6][0xffffffb6]XI[0xffffff9d][0x7][0xffffff95][0xffffffa1][0xffffff81][0xffffffb9] k[0xffffffe3][0xfffffffb]y~<[0xffffff9c].[0xffffffd7][0xffffffed][0xfffffff1]8[0xffffffef][0xb][0xffffffd4][0x11][0xffffffd2][0xffffff97][0xffffffdd][0xffffff94]:[0xffffffb1]*R[0xb][0x3][0x1d]J[0xfffffff8]VF[0xffffffea][0xffffff93][0xfffffff4][0xffffffb5]+[0xfffffff7]a0[0xffffffd2][0xffffff8b]eM([0xffffffa6]NM[0xffffff87]n[0x1a]K[0xffffff8d]h*[0xffffffa6]t[0xffffffc9][0xffffffd4][0xffffff93][0xfffffffe][0x1][0xffffffa9][0xffffff9e].[0xffffff9b][0xffffffd3][0x12][0x0][0x0]"
09:49:28.163 [main] DEBUG org.apache.hc.client5.http.impl.classic.InternalHttpClient - ep-0000002E: releasing valid endpoint
09:49:28.163 [main] DEBUG org.apache.hc.client5.http.impl.io.PoolingHttpClientConnectionManager - ep-0000002E: releasing endpoint
09:49:28.163 [main] DEBUG org.apache.hc.client5.http.impl.io.PoolingHttpClientConnectionManager - ep-0000002E: connection http-outgoing-33 can be kept alive for 3 MINUTES
09:49:28.163 [main] DEBUG org.apache.hc.client5.http.impl.io.PoolingHttpClientConnectionManager - ep-0000002E: connection released [route: {s}->https://raw.githubusercontent.com:443][total available: 1; route allocated: 1 of 5; total allocated: 2 of 25]
09:49:28.163 [main] DEBUG io.github.bonigarcia.wdm.versions.VersionDetector - Driver for chrome117 not found in online properties (using local versions.properties)
09:49:28.163 [main] DEBUG io.github.bonigarcia.wdm.WebDriverManager - The driver version for CHROME 117 is unknown ... trying with latest
09:49:28.178 [main] DEBUG org.apache.hc.client5.http.impl.classic.InternalHttpClient - ex-00000030: preparing request execution
09:49:28.178 [main] DEBUG org.apache.hc.client5.http.protocol.RequestAddCookies - Cookie spec selected: strict
09:49:28.178 [main] DEBUG org.apache.hc.client5.http.protocol.RequestAuthCache - Auth cache not set in the context
09:49:28.178 [main] DEBUG org.apache.hc.client5.http.impl.classic.ProtocolExec - ex-00000030: target auth state: UNCHALLENGED
09:49:28.178 [main] DEBUG org.apache.hc.client5.http.impl.classic.ProtocolExec - ex-00000030: proxy auth state: UNCHALLENGED
09:49:28.178 [main] DEBUG org.apache.hc.client5.http.impl.classic.ConnectExec - ex-00000030: acquiring connection with route {s}->https://chromedriver.storage.googleapis.com:443
09:49:28.178 [main] DEBUG org.apache.hc.client5.http.impl.classic.InternalHttpClient - ex-00000030: acquiring endpoint (3 MINUTES)
09:49:28.178 [main] DEBUG org.apache.hc.client5.http.impl.io.PoolingHttpClientConnectionManager - ex-00000030: endpoint lease request (3 MINUTES) [route: {s}->https://chromedriver.storage.googleapis.com:443][total available: 1; route allocated: 1 of 5; total allocated: 2 of 25]
09:49:28.178 [main] DEBUG org.apache.hc.client5.http.impl.io.PoolingHttpClientConnectionManager - ex-00000030: endpoint leased [route: {s}->https://chromedriver.storage.googleapis.com:443][total available: 1; route allocated: 2 of 5; total allocated: 3 of 25]
09:49:28.178 [main] DEBUG org.apache.hc.client5.http.impl.io.PoolingHttpClientConnectionManager - ex-00000030: acquired ep-0000002F
09:49:28.178 [main] DEBUG org.apache.hc.client5.http.impl.classic.InternalHttpClient - ex-00000030: acquired endpoint ep-0000002F
09:49:28.178 [main] DEBUG org.apache.hc.client5.http.impl.classic.ConnectExec - ex-00000030: opening connection {s}->https://chromedriver.storage.googleapis.com:443
09:49:28.178 [main] DEBUG org.apache.hc.client5.http.impl.classic.InternalHttpClient - ep-0000002F: connecting endpoint (30 SECONDS)
09:49:28.178 [main] DEBUG org.apache.hc.client5.http.impl.io.PoolingHttpClientConnectionManager - ep-0000002F: connecting endpoint to https://chromedriver.storage.googleapis.com:443 (30 SECONDS)
09:49:28.178 [main] DEBUG org.apache.hc.client5.http.impl.io.DefaultHttpClientConnectionOperator - http-outgoing-35: connecting to chromedriver.storage.googleapis.com/34.101.5.123:443
09:49:28.178 [main] DEBUG org.apache.hc.client5.http.ssl.SSLConnectionSocketFactory - Connecting socket to chromedriver.storage.googleapis.com/34.101.5.123:443 with timeout 30 SECONDS
09:49:28.187 [main] DEBUG org.apache.hc.client5.http.ssl.SSLConnectionSocketFactory - Enabled protocols: [TLSv1.3, TLSv1.2]
09:49:28.187 [main] DEBUG org.apache.hc.client5.http.ssl.SSLConnectionSocketFactory - Enabled cipher suites: [TLS_AES_256_GCM_SHA384, TLS_AES_128_GCM_SHA256, TLS_CHACHA20_POLY1305_SHA256, TLS_ECDHE_ECDSA_WITH_AES_256_GCM_SHA384, TLS_ECDHE_ECDSA_WITH_AES_128_GCM_SHA256, TLS_ECDHE_ECDSA_WITH_CHACHA20_POLY1305_SHA256, TLS_ECDHE_RSA_WITH_AES_256_GCM_SHA384, TLS_ECDHE_RSA_WITH_CHACHA20_POLY1305_SHA256, TLS_ECDHE_RSA_WITH_AES_128_GCM_SHA256, TLS_DHE_RSA_WITH_AES_256_GCM_SHA384, TLS_DHE_RSA_WITH_CHACHA20_POLY1305_SHA256, TLS_DHE_DSS_WITH_AES_256_GCM_SHA384, TLS_DHE_RSA_WITH_AES_128_GCM_SHA256, TLS_DHE_DSS_WITH_AES_128_GCM_SHA256, TLS_ECDHE_ECDSA_WITH_AES_256_CBC_SHA384, TLS_ECDHE_RSA_WITH_AES_256_CBC_SHA384, TLS_ECDHE_ECDSA_WITH_AES_128_CBC_SHA256, TLS_ECDHE_RSA_WITH_AES_128_CBC_SHA256, TLS_DHE_RSA_WITH_AES_256_CBC_SHA256, TLS_DHE_DSS_WITH_AES_256_CBC_SHA256, TLS_DHE_RSA_WITH_AES_128_CBC_SHA256, TLS_DHE_DSS_WITH_AES_128_CBC_SHA256, TLS_ECDH_ECDSA_WITH_AES_256_GCM_SHA384, TLS_ECDH_RSA_WITH_AES_256_GCM_SHA384, TLS_ECDH_ECDSA_WITH_AES_128_GCM_SHA256, TLS_ECDH_RSA_WITH_AES_128_GCM_SHA256, TLS_ECDH_ECDSA_WITH_AES_256_CBC_SHA384, TLS_ECDH_RSA_WITH_AES_256_CBC_SHA384, TLS_ECDH_ECDSA_WITH_AES_128_CBC_SHA256, TLS_ECDH_RSA_WITH_AES_128_CBC_SHA256, TLS_ECDHE_ECDSA_WITH_AES_256_CBC_SHA, TLS_ECDHE_RSA_WITH_AES_256_CBC_SHA, TLS_ECDHE_ECDSA_WITH_AES_128_CBC_SHA, TLS_ECDHE_RSA_WITH_AES_128_CBC_SHA, TLS_DHE_RSA_WITH_AES_256_CBC_SHA, TLS_DHE_DSS_WITH_AES_256_CBC_SHA, TLS_DHE_RSA_WITH_AES_128_CBC_SHA, TLS_DHE_DSS_WITH_AES_128_CBC_SHA, TLS_ECDH_ECDSA_WITH_AES_256_CBC_SHA, TLS_ECDH_RSA_WITH_AES_256_CBC_SHA, TLS_ECDH_ECDSA_WITH_AES_128_CBC_SHA, TLS_ECDH_RSA_WITH_AES_128_CBC_SHA, TLS_RSA_WITH_AES_256_GCM_SHA384, TLS_RSA_WITH_AES_128_GCM_SHA256, TLS_RSA_WITH_AES_256_CBC_SHA256, TLS_RSA_WITH_AES_128_CBC_SHA256, TLS_RSA_WITH_AES_256_CBC_SHA, TLS_RSA_WITH_AES_128_CBC_SHA, TLS_EMPTY_RENEGOTIATION_INFO_SCSV]
09:49:28.187 [main] DEBUG org.apache.hc.client5.http.ssl.SSLConnectionSocketFactory - Starting handshake
09:49:28.225 [main] DEBUG org.apache.hc.client5.http.ssl.SSLConnectionSocketFactory - Secure session established
09:49:28.225 [main] DEBUG org.apache.hc.client5.http.ssl.SSLConnectionSocketFactory -  negotiated protocol: TLSv1.3
09:49:28.225 [main] DEBUG org.apache.hc.client5.http.ssl.SSLConnectionSocketFactory -  negotiated cipher suite: TLS_AES_256_GCM_SHA384
09:49:28.225 [main] DEBUG org.apache.hc.client5.http.ssl.SSLConnectionSocketFactory -  peer principal: CN=*.storage.googleapis.com
09:49:28.225 [main] DEBUG org.apache.hc.client5.http.ssl.SSLConnectionSocketFactory -  peer alternative names: [*.storage.googleapis.com, *.googleapis.com, commondatastorage.googleapis.com, *.commondatastorage.googleapis.com, storage.googleapis.com, storage-p2.googleapis.com, *.storage-p2.googleapis.com, storage.mtls.googleapis.com, *.appspot.com.storage.googleapis.com, *.content-storage.googleapis.com, *.content-storage-p2.googleapis.com, *.content-storage-upload.googleapis.com, *.content-storage-download.googleapis.com, *.storage-upload.googleapis.com, *.storage-download.googleapis.com]
09:49:28.225 [main] DEBUG org.apache.hc.client5.http.ssl.SSLConnectionSocketFactory -  issuer principal: CN=GTS CA 1C3, O=Google Trust Services LLC, C=US
09:49:28.225 [main] DEBUG org.apache.hc.client5.http.impl.io.DefaultHttpClientConnectionOperator - http-outgoing-35: connection established 192.168.100.42:64485<->34.101.5.123:443
09:49:28.226 [main] DEBUG org.apache.hc.client5.http.impl.io.PoolingHttpClientConnectionManager - ep-0000002F: connected http-outgoing-35
09:49:28.226 [main] DEBUG org.apache.hc.client5.http.impl.classic.InternalHttpClient - ep-0000002F: endpoint connected
09:49:28.226 [main] DEBUG org.apache.hc.client5.http.impl.classic.MainClientExec - ex-00000030: executing GET /LATEST_RELEASE HTTP/1.1
09:49:28.226 [main] DEBUG org.apache.hc.client5.http.impl.classic.InternalHttpClient - ep-0000002F: start execution ex-00000030
09:49:28.226 [main] DEBUG org.apache.hc.client5.http.impl.io.PoolingHttpClientConnectionManager - ep-0000002F: executing exchange ex-00000030 over http-outgoing-35
09:49:28.226 [main] DEBUG org.apache.hc.client5.http.headers - http-outgoing-35 >> GET /LATEST_RELEASE HTTP/1.1
09:49:28.226 [main] DEBUG org.apache.hc.client5.http.headers - http-outgoing-35 >> user-agent: Apache-HttpClient/5.0
09:49:28.226 [main] DEBUG org.apache.hc.client5.http.headers - http-outgoing-35 >> accept-encoding: gzip, deflate, br
09:49:28.226 [main] DEBUG org.apache.hc.client5.http.headers - http-outgoing-35 >> cache-control: max-age=0
09:49:28.226 [main] DEBUG org.apache.hc.client5.http.headers - http-outgoing-35 >> connection: keep-alive
09:49:28.226 [main] DEBUG org.apache.hc.client5.http.headers - http-outgoing-35 >> Host: chromedriver.storage.googleapis.com
09:49:28.226 [main] DEBUG org.apache.hc.client5.http.wire - http-outgoing-35 >> "GET /LATEST_RELEASE HTTP/1.1[\r][\n]"
09:49:28.226 [main] DEBUG org.apache.hc.client5.http.wire - http-outgoing-35 >> "user-agent: Apache-HttpClient/5.0[\r][\n]"
09:49:28.226 [main] DEBUG org.apache.hc.client5.http.wire - http-outgoing-35 >> "accept-encoding: gzip, deflate, br[\r][\n]"
09:49:28.226 [main] DEBUG org.apache.hc.client5.http.wire - http-outgoing-35 >> "cache-control: max-age=0[\r][\n]"
09:49:28.226 [main] DEBUG org.apache.hc.client5.http.wire - http-outgoing-35 >> "connection: keep-alive[\r][\n]"
09:49:28.226 [main] DEBUG org.apache.hc.client5.http.wire - http-outgoing-35 >> "Host: chromedriver.storage.googleapis.com[\r][\n]"
09:49:28.226 [main] DEBUG org.apache.hc.client5.http.wire - http-outgoing-35 >> "[\r][\n]"
09:49:28.242 [main] DEBUG org.apache.hc.client5.http.wire - http-outgoing-35 << "HTTP/1.1 200 OK[\r][\n]"
09:49:28.242 [main] DEBUG org.apache.hc.client5.http.wire - http-outgoing-35 << "X-GUploader-UploadID: ADPycdvnFAnOhlWGbRtUpcGBi5W3y6qEtkvwOJmj2uBu_cu5oupNFxxPFqsoSfNAPIUhE78QrkhmBqvlUQiAPhzQ2QAWS0sveOv3[\r][\n]"
09:49:28.242 [main] DEBUG org.apache.hc.client5.http.wire - http-outgoing-35 << "x-goog-generation: 1685523462105569[\r][\n]"
09:49:28.242 [main] DEBUG org.apache.hc.client5.http.wire - http-outgoing-35 << "x-goog-metageneration: 1[\r][\n]"
09:49:28.242 [main] DEBUG org.apache.hc.client5.http.wire - http-outgoing-35 << "x-goog-stored-content-encoding: identity[\r][\n]"
09:49:28.242 [main] DEBUG org.apache.hc.client5.http.wire - http-outgoing-35 << "x-goog-stored-content-length: 13[\r][\n]"
09:49:28.242 [main] DEBUG org.apache.hc.client5.http.wire - http-outgoing-35 << "x-goog-hash: crc32c=tVW4TA==[\r][\n]"
09:49:28.242 [main] DEBUG org.apache.hc.client5.http.wire - http-outgoing-35 << "x-goog-hash: md5=NoaEuIlBlniwTkiZ1T16sA==[\r][\n]"
09:49:28.242 [main] DEBUG org.apache.hc.client5.http.wire - http-outgoing-35 << "x-goog-storage-class: STANDARD[\r][\n]"
09:49:28.242 [main] DEBUG org.apache.hc.client5.http.wire - http-outgoing-35 << "Accept-Ranges: bytes[\r][\n]"
09:49:28.242 [main] DEBUG org.apache.hc.client5.http.wire - http-outgoing-35 << "Content-Length: 13[\r][\n]"
09:49:28.242 [main] DEBUG org.apache.hc.client5.http.wire - http-outgoing-35 << "Server: UploadServer[\r][\n]"
09:49:28.242 [main] DEBUG org.apache.hc.client5.http.wire - http-outgoing-35 << "Date: Sat, 30 Sep 2023 02:46:28 GMT[\r][\n]"
09:49:28.242 [main] DEBUG org.apache.hc.client5.http.wire - http-outgoing-35 << "Expires: Sat, 30 Sep 2023 03:46:28 GMT[\r][\n]"
09:49:28.242 [main] DEBUG org.apache.hc.client5.http.wire - http-outgoing-35 << "Cache-Control: public, max-age=3600[\r][\n]"
09:49:28.242 [main] DEBUG org.apache.hc.client5.http.wire - http-outgoing-35 << "Age: 191[\r][\n]"
09:49:28.242 [main] DEBUG org.apache.hc.client5.http.wire - http-outgoing-35 << "Last-Modified: Wed, 31 May 2023 08:57:42 GMT[\r][\n]"
09:49:28.242 [main] DEBUG org.apache.hc.client5.http.wire - http-outgoing-35 << "ETag: "368684b889419678b04e4899d53d7ab0"[\r][\n]"
09:49:28.242 [main] DEBUG org.apache.hc.client5.http.wire - http-outgoing-35 << "Content-Type: text/plain[\r][\n]"
09:49:28.242 [main] DEBUG org.apache.hc.client5.http.wire - http-outgoing-35 << "Alt-Svc: h3=":443"; ma=2592000,h3-29=":443"; ma=2592000[\r][\n]"
09:49:28.242 [main] DEBUG org.apache.hc.client5.http.wire - http-outgoing-35 << "[\r][\n]"
09:49:28.242 [main] DEBUG org.apache.hc.client5.http.wire - http-outgoing-35 << "114.0.5735.90"
09:49:28.242 [main] DEBUG org.apache.hc.client5.http.headers - http-outgoing-35 << HTTP/1.1 200 OK
09:49:28.242 [main] DEBUG org.apache.hc.client5.http.headers - http-outgoing-35 << X-GUploader-UploadID: ADPycdvnFAnOhlWGbRtUpcGBi5W3y6qEtkvwOJmj2uBu_cu5oupNFxxPFqsoSfNAPIUhE78QrkhmBqvlUQiAPhzQ2QAWS0sveOv3
09:49:28.242 [main] DEBUG org.apache.hc.client5.http.headers - http-outgoing-35 << x-goog-generation: 1685523462105569
09:49:28.242 [main] DEBUG org.apache.hc.client5.http.headers - http-outgoing-35 << x-goog-metageneration: 1
09:49:28.242 [main] DEBUG org.apache.hc.client5.http.headers - http-outgoing-35 << x-goog-stored-content-encoding: identity
09:49:28.242 [main] DEBUG org.apache.hc.client5.http.headers - http-outgoing-35 << x-goog-stored-content-length: 13
09:49:28.242 [main] DEBUG org.apache.hc.client5.http.headers - http-outgoing-35 << x-goog-hash: crc32c=tVW4TA==
09:49:28.242 [main] DEBUG org.apache.hc.client5.http.headers - http-outgoing-35 << x-goog-hash: md5=NoaEuIlBlniwTkiZ1T16sA==
09:49:28.242 [main] DEBUG org.apache.hc.client5.http.headers - http-outgoing-35 << x-goog-storage-class: STANDARD
09:49:28.242 [main] DEBUG org.apache.hc.client5.http.headers - http-outgoing-35 << Accept-Ranges: bytes
09:49:28.242 [main] DEBUG org.apache.hc.client5.http.headers - http-outgoing-35 << Content-Length: 13
09:49:28.242 [main] DEBUG org.apache.hc.client5.http.headers - http-outgoing-35 << Server: UploadServer
09:49:28.242 [main] DEBUG org.apache.hc.client5.http.headers - http-outgoing-35 << Date: Sat, 30 Sep 2023 02:46:28 GMT
09:49:28.242 [main] DEBUG org.apache.hc.client5.http.headers - http-outgoing-35 << Expires: Sat, 30 Sep 2023 03:46:28 GMT
09:49:28.242 [main] DEBUG org.apache.hc.client5.http.headers - http-outgoing-35 << Cache-Control: public, max-age=3600
09:49:28.242 [main] DEBUG org.apache.hc.client5.http.headers - http-outgoing-35 << Age: 191
09:49:28.242 [main] DEBUG org.apache.hc.client5.http.headers - http-outgoing-35 << Last-Modified: Wed, 31 May 2023 08:57:42 GMT
09:49:28.242 [main] DEBUG org.apache.hc.client5.http.headers - http-outgoing-35 << ETag: "368684b889419678b04e4899d53d7ab0"
09:49:28.242 [main] DEBUG org.apache.hc.client5.http.headers - http-outgoing-35 << Content-Type: text/plain
09:49:28.242 [main] DEBUG org.apache.hc.client5.http.headers - http-outgoing-35 << Alt-Svc: h3=":443"; ma=2592000,h3-29=":443"; ma=2592000
09:49:28.242 [main] DEBUG org.apache.hc.client5.http.impl.classic.MainClientExec - ex-00000030: connection can be kept alive for 3 MINUTES
09:49:28.242 [main] DEBUG org.apache.hc.client5.http.impl.classic.InternalHttpClient - ep-0000002F: releasing valid endpoint
09:49:28.242 [main] DEBUG org.apache.hc.client5.http.impl.io.PoolingHttpClientConnectionManager - ep-0000002F: releasing endpoint
09:49:28.242 [main] DEBUG org.apache.hc.client5.http.impl.io.PoolingHttpClientConnectionManager - ep-0000002F: connection http-outgoing-35 can be kept alive for 3 MINUTES
09:49:28.242 [main] DEBUG org.apache.hc.client5.http.impl.io.PoolingHttpClientConnectionManager - ep-0000002F: connection released [route: {s}->https://chromedriver.storage.googleapis.com:443][total available: 2; route allocated: 2 of 5; total allocated: 3 of 25]
09:49:28.242 [main] DEBUG io.github.bonigarcia.wdm.versions.VersionDetector - Latest version of chromedriver according to https://chromedriver.storage.googleapis.com/LATEST_RELEASE is 114.0.5735.90
09:49:28.246 [main] DEBUG io.github.bonigarcia.wdm.WebDriverManager - Driver chromedriver 114.0.5735.90 found in cache
09:49:28.246 [main] INFO io.github.bonigarcia.wdm.WebDriverManager - Exporting webdriver.chrome.driver as C:\Users\Bagas Dwi Saputra\.cache\selenium\chromedriver\win32\114.0.5735.90\chromedriver.exe
09:49:28.308 [main] DEBUG net.thucydides.core.reflection.ClassFinder - Could not load class net.serenitybdd.rest.utils.RestSpecificationFactory
09:49:28.384 [main] DEBUG net.thucydides.core.reflection.ClassFinder - Could not load class net.serenitybdd.rest.utils.RestSpecificationFactory
09:49:28.384 [main] INFO net.serenitybdd.core.webdriver.driverproviders.ProvideNewDriver - Instantiating driver
09:49:28.384 [main] INFO net.serenitybdd.core.webdriver.driverproviders.ProvideNewDriver - Driver capabilities: Capabilities {acceptInsecureCerts: false, base.url: https://app.jubelio.com, browserName: chrome, chrome.driver: src/test/resources/webdrive..., driver: chrome, goog:chromeOptions: {args: [], extensions: []}, loggingPrefs: org.openqa.selenium.logging...}
09:49:29.416 [main] DEBUG net.thucydides.core.reflection.ClassFinder - Could not load class net.serenitybdd.rest.utils.RestSpecificationFactory
09:49:31.571 [main] DEBUG net.serenitybdd.core.photography.Darkroom - Send negative for processing for target\site\serenity\d86bb99ca4b74cdefa115c5a2645bacb4c0cc871895a6fff5f0d38af68de8e18.png
09:49:31.571 [main] DEBUG net.thucydides.core.steps.StepInterceptor - STEP DONE: openLink
09:49:31.574 [main] DEBUG net.thucydides.core.steps.StepInterceptor - STARTING STEP: LoginSteps.fillsInTheWithValidDataEmail - fills in the {string} with valid data email
09:49:31.796 [main] DEBUG net.serenitybdd.core.photography.Darkroom - Send negative for processing for target\site\serenity\016c2024e225e73209755661f2c3924c55340c184ff1a0bc57a591aa7219c97a.png
09:49:31.796 [main] DEBUG net.thucydides.core.steps.StepInterceptor - STEP DONE: fills in the {string} with valid data email
  &amp#27;[32mGiven &amp#27;[0m&amp#27;[32mfills in the &amp#27;[0m&amp#27;[32m&amp#27;[1m""&amp#27;[0m&amp#27;[32m with valid data email&amp#27;[0m           &amp#27;[90m# starter.stepdefinitios.LoginSteps.fillsInTheWithValidDataEmail(java.lang.String)&amp#27;[0m
09:49:32.525 [main] DEBUG net.serenitybdd.core.photography.Darkroom - Send negative for processing for target\site\serenity\d86bb99ca4b74cdefa115c5a2645bacb4c0cc871895a6fff5f0d38af68de8e18.png
09:49:32.525 [main] DEBUG net.thucydides.core.steps.StepInterceptor - STARTING STEP: LoginSteps.fillInTheWithValidDataPass - fill in the {string} with valid data pass
09:49:32.820 [main] DEBUG net.serenitybdd.core.photography.Darkroom - Send negative for processing for target\site\serenity\045dfd3a104c1949b866a4e47d16d7aa3fb7a52ad8a8ad9388320e7a4c208fac.png
09:49:32.820 [main] DEBUG net.thucydides.core.steps.StepInterceptor - STEP DONE: fill in the {string} with valid data pass
  &amp#27;[32mAnd &amp#27;[0m&amp#27;[32mfill in the &amp#27;[0m&amp#27;[32m&amp#27;[1m"Jubelio123"&amp#27;[0m&amp#27;[32m with valid data pass&amp#27;[0m     &amp#27;[90m# starter.stepdefinitios.LoginSteps.fillInTheWithValidDataPass(java.lang.String)&amp#27;[0m
09:49:32.820 [Darkroom Processing Line] DEBUG net.serenitybdd.core.photography.DarkroomProcessingLine - Processing screenshot image in /var/screenshots/screenshot-14337239234472902246
09:49:32.820 [Darkroom Processing Line] DEBUG net.serenitybdd.core.photography.DarkroomProcessingLine - Saving screenshot to target\site\serenity\045dfd3a104c1949b866a4e47d16d7aa3fb7a52ad8a8ad9388320e7a4c208fac.png
09:49:32.832 [main] DEBUG net.thucydides.core.steps.StepInterceptor - STARTING STEP: LoginSteps.clickTheLoginButton - clickbtnlogin
09:49:33.202 [main] DEBUG net.serenitybdd.core.photography.Darkroom - Send negative for processing for target\site\serenity\05d0fc395283faef26faf3693d5d45a1179b8b5d2509345100ab481c63d5a737.png
09:49:33.202 [main] DEBUG net.thucydides.core.steps.StepInterceptor - STEP DONE: clickbtnlogin
09:49:33.202 [Darkroom Processing Line] DEBUG net.serenitybdd.core.photography.DarkroomProcessingLine - Processing screenshot image in /var/screenshots/screenshot-14856024428080004521
09:49:33.202 [Darkroom Processing Line] DEBUG net.serenitybdd.core.photography.DarkroomProcessingLine - Saving screenshot to target\site\serenity\05d0fc395283faef26faf3693d5d45a1179b8b5d2509345100ab481c63d5a737.png
  &amp#27;[32mWhen &amp#27;[0m&amp#27;[32mclick the login button&amp#27;[0m                           &amp#27;[90m# starter.stepdefinitios.LoginSteps.clickTheLoginButton()&amp#27;[0m
09:49:33.915 [main] DEBUG net.serenitybdd.core.photography.Darkroom - Send negative for processing for target\site\serenity\4b11126a256e3a9c93dc6961fb866e90bb8777e88fa44abaa8fbb14a1b8883c6.png
09:49:33.915 [Darkroom Processing Line] DEBUG net.serenitybdd.core.photography.DarkroomProcessingLine - Processing screenshot image in /var/screenshots/screenshot-14280417666437447409
09:49:33.915 [Darkroom Processing Line] DEBUG net.serenitybdd.core.photography.DarkroomProcessingLine - Saving screenshot to target\site\serenity\4b11126a256e3a9c93dc6961fb866e90bb8777e88fa44abaa8fbb14a1b8883c6.png
09:49:33.926 [main] DEBUG net.thucydides.core.steps.StepInterceptor - STARTING STEP: LoginSteps.validatePageHomeOrError - validate page home or error {string}
09:49:34.550 [main] DEBUG net.serenitybdd.core.photography.Darkroom - Send negative for processing for target\site\serenity\9a8cde092960498278a15fb86f24a834a7beb8da9e57c3827ae103f76b8ecc3b.png
09:49:34.550 [main] DEBUG net.thucydides.core.steps.StepInterceptor - STEP DONE: validate page home or error {string}
  &amp#27;[32mThen &amp#27;[0m&amp#27;[32mvalidate page home or error &amp#27;[0m&amp#27;[32m&amp#27;[1m"Email harus diisi."&amp#27;[0m &amp#27;[90m# starter.stepdefinitios.LoginSteps.validatePageHomeOrError(java.lang.String)&amp#27;[0m
09:49:34.550 [Darkroom Processing Line] DEBUG net.serenitybdd.core.photography.DarkroomProcessingLine - Processing screenshot image in /var/screenshots/screenshot-14866405393427536320
09:49:34.550 [Darkroom Processing Line] DEBUG net.serenitybdd.core.photography.DarkroomProcessingLine - Saving screenshot to target\site\serenity\9a8cde092960498278a15fb86f24a834a7beb8da9e57c3827ae103f76b8ecc3b.png
]]></system-out>
    <system-err><![CDATA[Starting ChromeDriver 117.0.5938.88 (be6afae4721209be42944bbcd325665f9f44563b-refs/branch-heads/5938_62@{#9}) on port 29208
Only local connections are allowed.
Please see https://chromedriver.chromium.org/security-considerations for suggestions on keeping ChromeDriver safe.
ChromeDriver was started successfully.
Sep 30, 2023 9:49:29 AM org.openqa.selenium.remote.ProtocolHandshake createSession
INFO: Detected dialect: W3C
]]></system-err>
  </testcase>
  <testcase name="Login Account #7" classname="Login Account at app.jubelio" time="7.276">
    <system-out><![CDATA[
@Login
Scenario Outline: Login Account                                           &amp#27;[90m# src/test/resources/features/user/login.feature:17&amp#27;[0m
09:49:34.708 [main] INFO io.cucumber.core.plugin.SerenityReporter - Running feature from file:///D:/QE/Automation/Jubelio-Website/src/test/resources/features/user/login.feature
09:49:35.227 [main] DEBUG net.thucydides.core.steps.StepInterceptor - STARTING STEP: LoginSteps.fillsInTheWithValidDataEmail - openLink
09:49:35.227 [main] INFO net.serenitybdd.core.webdriver.driverproviders.ChromeDriverProvider - Using automatically driver download
09:49:35.242 [main] DEBUG org.apache.hc.client5.http.impl.classic.InternalHttpClient - ex-00000031: preparing request execution
09:49:35.242 [main] DEBUG org.apache.hc.client5.http.protocol.RequestAddCookies - Cookie spec selected: strict
09:49:35.242 [main] DEBUG org.apache.hc.client5.http.protocol.RequestAuthCache - Auth cache not set in the context
09:49:35.242 [main] DEBUG org.apache.hc.client5.http.impl.classic.ProtocolExec - ex-00000031: target auth state: UNCHALLENGED
09:49:35.242 [main] DEBUG org.apache.hc.client5.http.impl.classic.ProtocolExec - ex-00000031: proxy auth state: UNCHALLENGED
09:49:35.242 [main] DEBUG org.apache.hc.client5.http.impl.classic.ConnectExec - ex-00000031: acquiring connection with route {s}->https://raw.githubusercontent.com:443
09:49:35.242 [main] DEBUG org.apache.hc.client5.http.impl.classic.InternalHttpClient - ex-00000031: acquiring endpoint (3 MINUTES)
09:49:35.242 [main] DEBUG org.apache.hc.client5.http.impl.io.PoolingHttpClientConnectionManager - ex-00000031: endpoint lease request (3 MINUTES) [route: {s}->https://raw.githubusercontent.com:443][total available: 0; route allocated: 0 of 5; total allocated: 0 of 25]
09:49:35.242 [main] DEBUG org.apache.hc.client5.http.impl.io.PoolingHttpClientConnectionManager - ex-00000031: endpoint leased [route: {s}->https://raw.githubusercontent.com:443][total available: 0; route allocated: 1 of 5; total allocated: 1 of 25]
09:49:35.242 [main] DEBUG org.apache.hc.client5.http.impl.io.PoolingHttpClientConnectionManager - ex-00000031: acquired ep-00000030
09:49:35.242 [main] DEBUG org.apache.hc.client5.http.impl.classic.InternalHttpClient - ex-00000031: acquired endpoint ep-00000030
09:49:35.242 [main] DEBUG org.apache.hc.client5.http.impl.classic.ConnectExec - ex-00000031: opening connection {s}->https://raw.githubusercontent.com:443
09:49:35.242 [main] DEBUG org.apache.hc.client5.http.impl.classic.InternalHttpClient - ep-00000030: connecting endpoint (30 SECONDS)
09:49:35.242 [main] DEBUG org.apache.hc.client5.http.impl.io.PoolingHttpClientConnectionManager - ep-00000030: connecting endpoint to https://raw.githubusercontent.com:443 (30 SECONDS)
09:49:35.242 [main] DEBUG org.apache.hc.client5.http.impl.io.DefaultHttpClientConnectionOperator - http-outgoing-36: connecting to raw.githubusercontent.com/185.199.108.133:443
09:49:35.242 [main] DEBUG org.apache.hc.client5.http.ssl.SSLConnectionSocketFactory - Connecting socket to raw.githubusercontent.com/185.199.108.133:443 with timeout 30 SECONDS
09:49:35.258 [main] DEBUG org.apache.hc.client5.http.ssl.SSLConnectionSocketFactory - Enabled protocols: [TLSv1.3, TLSv1.2]
09:49:35.258 [main] DEBUG org.apache.hc.client5.http.ssl.SSLConnectionSocketFactory - Enabled cipher suites: [TLS_AES_256_GCM_SHA384, TLS_AES_128_GCM_SHA256, TLS_CHACHA20_POLY1305_SHA256, TLS_ECDHE_ECDSA_WITH_AES_256_GCM_SHA384, TLS_ECDHE_ECDSA_WITH_AES_128_GCM_SHA256, TLS_ECDHE_ECDSA_WITH_CHACHA20_POLY1305_SHA256, TLS_ECDHE_RSA_WITH_AES_256_GCM_SHA384, TLS_ECDHE_RSA_WITH_CHACHA20_POLY1305_SHA256, TLS_ECDHE_RSA_WITH_AES_128_GCM_SHA256, TLS_DHE_RSA_WITH_AES_256_GCM_SHA384, TLS_DHE_RSA_WITH_CHACHA20_POLY1305_SHA256, TLS_DHE_DSS_WITH_AES_256_GCM_SHA384, TLS_DHE_RSA_WITH_AES_128_GCM_SHA256, TLS_DHE_DSS_WITH_AES_128_GCM_SHA256, TLS_ECDHE_ECDSA_WITH_AES_256_CBC_SHA384, TLS_ECDHE_RSA_WITH_AES_256_CBC_SHA384, TLS_ECDHE_ECDSA_WITH_AES_128_CBC_SHA256, TLS_ECDHE_RSA_WITH_AES_128_CBC_SHA256, TLS_DHE_RSA_WITH_AES_256_CBC_SHA256, TLS_DHE_DSS_WITH_AES_256_CBC_SHA256, TLS_DHE_RSA_WITH_AES_128_CBC_SHA256, TLS_DHE_DSS_WITH_AES_128_CBC_SHA256, TLS_ECDH_ECDSA_WITH_AES_256_GCM_SHA384, TLS_ECDH_RSA_WITH_AES_256_GCM_SHA384, TLS_ECDH_ECDSA_WITH_AES_128_GCM_SHA256, TLS_ECDH_RSA_WITH_AES_128_GCM_SHA256, TLS_ECDH_ECDSA_WITH_AES_256_CBC_SHA384, TLS_ECDH_RSA_WITH_AES_256_CBC_SHA384, TLS_ECDH_ECDSA_WITH_AES_128_CBC_SHA256, TLS_ECDH_RSA_WITH_AES_128_CBC_SHA256, TLS_ECDHE_ECDSA_WITH_AES_256_CBC_SHA, TLS_ECDHE_RSA_WITH_AES_256_CBC_SHA, TLS_ECDHE_ECDSA_WITH_AES_128_CBC_SHA, TLS_ECDHE_RSA_WITH_AES_128_CBC_SHA, TLS_DHE_RSA_WITH_AES_256_CBC_SHA, TLS_DHE_DSS_WITH_AES_256_CBC_SHA, TLS_DHE_RSA_WITH_AES_128_CBC_SHA, TLS_DHE_DSS_WITH_AES_128_CBC_SHA, TLS_ECDH_ECDSA_WITH_AES_256_CBC_SHA, TLS_ECDH_RSA_WITH_AES_256_CBC_SHA, TLS_ECDH_ECDSA_WITH_AES_128_CBC_SHA, TLS_ECDH_RSA_WITH_AES_128_CBC_SHA, TLS_RSA_WITH_AES_256_GCM_SHA384, TLS_RSA_WITH_AES_128_GCM_SHA256, TLS_RSA_WITH_AES_256_CBC_SHA256, TLS_RSA_WITH_AES_128_CBC_SHA256, TLS_RSA_WITH_AES_256_CBC_SHA, TLS_RSA_WITH_AES_128_CBC_SHA, TLS_EMPTY_RENEGOTIATION_INFO_SCSV]
09:49:35.258 [main] DEBUG org.apache.hc.client5.http.ssl.SSLConnectionSocketFactory - Starting handshake
09:49:35.317 [main] DEBUG org.apache.hc.client5.http.ssl.SSLConnectionSocketFactory - Secure session established
09:49:35.317 [main] DEBUG org.apache.hc.client5.http.ssl.SSLConnectionSocketFactory -  negotiated protocol: TLSv1.3
09:49:35.317 [main] DEBUG org.apache.hc.client5.http.ssl.SSLConnectionSocketFactory -  negotiated cipher suite: TLS_AES_256_GCM_SHA384
09:49:35.317 [main] DEBUG org.apache.hc.client5.http.ssl.SSLConnectionSocketFactory -  peer principal: CN=*.github.io, O="GitHub, Inc.", L=San Francisco, ST=California, C=US
09:49:35.317 [main] DEBUG org.apache.hc.client5.http.ssl.SSLConnectionSocketFactory -  peer alternative names: [*.github.io, github.io, *.github.com, github.com, www.github.com, *.githubusercontent.com, githubusercontent.com]
09:49:35.317 [main] DEBUG org.apache.hc.client5.http.ssl.SSLConnectionSocketFactory -  issuer principal: CN=DigiCert TLS RSA SHA256 2020 CA1, O=DigiCert Inc, C=US
09:49:35.317 [main] DEBUG org.apache.hc.client5.http.impl.io.DefaultHttpClientConnectionOperator - http-outgoing-36: connection established 192.168.100.42:64538<->185.199.108.133:443
09:49:35.317 [main] DEBUG org.apache.hc.client5.http.impl.io.PoolingHttpClientConnectionManager - ep-00000030: connected http-outgoing-36
09:49:35.317 [main] DEBUG org.apache.hc.client5.http.impl.classic.InternalHttpClient - ep-00000030: endpoint connected
09:49:35.317 [main] DEBUG org.apache.hc.client5.http.impl.classic.MainClientExec - ex-00000031: executing GET /bonigarcia/webdrivermanager/master/src/main/resources/commands.properties HTTP/1.1
09:49:35.317 [main] DEBUG org.apache.hc.client5.http.impl.classic.InternalHttpClient - ep-00000030: start execution ex-00000031
09:49:35.317 [main] DEBUG org.apache.hc.client5.http.impl.io.PoolingHttpClientConnectionManager - ep-00000030: executing exchange ex-00000031 over http-outgoing-36
09:49:35.317 [main] DEBUG org.apache.hc.client5.http.headers - http-outgoing-36 >> GET /bonigarcia/webdrivermanager/master/src/main/resources/commands.properties HTTP/1.1
09:49:35.317 [main] DEBUG org.apache.hc.client5.http.headers - http-outgoing-36 >> user-agent: Apache-HttpClient/5.0
09:49:35.317 [main] DEBUG org.apache.hc.client5.http.headers - http-outgoing-36 >> accept-encoding: gzip, deflate, br
09:49:35.317 [main] DEBUG org.apache.hc.client5.http.headers - http-outgoing-36 >> cache-control: max-age=0
09:49:35.317 [main] DEBUG org.apache.hc.client5.http.headers - http-outgoing-36 >> connection: keep-alive
09:49:35.317 [main] DEBUG org.apache.hc.client5.http.headers - http-outgoing-36 >> Host: raw.githubusercontent.com
09:49:35.317 [main] DEBUG org.apache.hc.client5.http.wire - http-outgoing-36 >> "GET /bonigarcia/webdrivermanager/master/src/main/resources/commands.properties HTTP/1.1[\r][\n]"
09:49:35.317 [main] DEBUG org.apache.hc.client5.http.wire - http-outgoing-36 >> "user-agent: Apache-HttpClient/5.0[\r][\n]"
09:49:35.317 [main] DEBUG org.apache.hc.client5.http.wire - http-outgoing-36 >> "accept-encoding: gzip, deflate, br[\r][\n]"
09:49:35.317 [main] DEBUG org.apache.hc.client5.http.wire - http-outgoing-36 >> "cache-control: max-age=0[\r][\n]"
09:49:35.317 [main] DEBUG org.apache.hc.client5.http.wire - http-outgoing-36 >> "connection: keep-alive[\r][\n]"
09:49:35.317 [main] DEBUG org.apache.hc.client5.http.wire - http-outgoing-36 >> "Host: raw.githubusercontent.com[\r][\n]"
09:49:35.318 [main] DEBUG org.apache.hc.client5.http.wire - http-outgoing-36 >> "[\r][\n]"
09:49:35.353 [main] DEBUG org.apache.hc.client5.http.wire - http-outgoing-36 << "HTTP/1.1 200 OK[\r][\n]"
09:49:35.353 [main] DEBUG org.apache.hc.client5.http.wire - http-outgoing-36 << "Connection: keep-alive[\r][\n]"
09:49:35.353 [main] DEBUG org.apache.hc.client5.http.wire - http-outgoing-36 << "Content-Length: 723[\r][\n]"
09:49:35.353 [main] DEBUG org.apache.hc.client5.http.wire - http-outgoing-36 << "Cache-Control: max-age=300[\r][\n]"
09:49:35.353 [main] DEBUG org.apache.hc.client5.http.wire - http-outgoing-36 << "Content-Security-Policy: default-src 'none'; style-src 'unsafe-inline'; sandbox[\r][\n]"
09:49:35.353 [main] DEBUG org.apache.hc.client5.http.wire - http-outgoing-36 << "Content-Type: text/plain; charset=utf-8[\r][\n]"
09:49:35.353 [main] DEBUG org.apache.hc.client5.http.wire - http-outgoing-36 << "ETag: W/"e82b438271e9e8680c688b0b680efd0bdd22faa6d6f0a32fc1fd8accc486b67e"[\r][\n]"
09:49:35.353 [main] DEBUG org.apache.hc.client5.http.wire - http-outgoing-36 << "Strict-Transport-Security: max-age=31536000[\r][\n]"
09:49:35.353 [main] DEBUG org.apache.hc.client5.http.wire - http-outgoing-36 << "X-Content-Type-Options: nosniff[\r][\n]"
09:49:35.353 [main] DEBUG org.apache.hc.client5.http.wire - http-outgoing-36 << "X-Frame-Options: deny[\r][\n]"
09:49:35.353 [main] DEBUG org.apache.hc.client5.http.wire - http-outgoing-36 << "X-XSS-Protection: 1; mode=block[\r][\n]"
09:49:35.353 [main] DEBUG org.apache.hc.client5.http.wire - http-outgoing-36 << "X-GitHub-Request-Id: 4CA0:B8C7F:70C4E:8CACE:651389F9[\r][\n]"
09:49:35.353 [main] DEBUG org.apache.hc.client5.http.wire - http-outgoing-36 << "Content-Encoding: gzip[\r][\n]"
09:49:35.353 [main] DEBUG org.apache.hc.client5.http.wire - http-outgoing-36 << "Accept-Ranges: bytes[\r][\n]"
09:49:35.353 [main] DEBUG org.apache.hc.client5.http.wire - http-outgoing-36 << "Date: Sat, 30 Sep 2023 02:49:46 GMT[\r][\n]"
09:49:35.353 [main] DEBUG org.apache.hc.client5.http.wire - http-outgoing-36 << "Via: 1.1 varnish[\r][\n]"
09:49:35.353 [main] DEBUG org.apache.hc.client5.http.wire - http-outgoing-36 << "X-Served-By: cache-qpg1263-QPG[\r][\n]"
09:49:35.353 [main] DEBUG org.apache.hc.client5.http.wire - http-outgoing-36 << "X-Cache: HIT[\r][\n]"
09:49:35.353 [main] DEBUG org.apache.hc.client5.http.wire - http-outgoing-36 << "X-Cache-Hits: 2[\r][\n]"
09:49:35.353 [main] DEBUG org.apache.hc.client5.http.wire - http-outgoing-36 << "X-Timer: S1696042186.189970,VS0,VE0[\r][\n]"
09:49:35.353 [main] DEBUG org.apache.hc.client5.http.wire - http-outgoing-36 << "Vary: Authorization,Accept-Encoding,Origin[\r][\n]"
09:49:35.353 [main] DEBUG org.apache.hc.client5.http.wire - http-outgoing-36 << "Access-Control-Allow-Origin: *[\r][\n]"
09:49:35.353 [main] DEBUG org.apache.hc.client5.http.wire - http-outgoing-36 << "Cross-Origin-Resource-Policy: cross-origin[\r][\n]"
09:49:35.353 [main] DEBUG org.apache.hc.client5.http.wire - http-outgoing-36 << "X-Fastly-Request-ID: 27c5e8e7c513a7106a748b6cc82435a64cba9f6f[\r][\n]"
09:49:35.353 [main] DEBUG org.apache.hc.client5.http.wire - http-outgoing-36 << "Expires: Sat, 30 Sep 2023 02:54:46 GMT[\r][\n]"
09:49:35.353 [main] DEBUG org.apache.hc.client5.http.wire - http-outgoing-36 << "Source-Age: 96[\r][\n]"
09:49:35.353 [main] DEBUG org.apache.hc.client5.http.wire - http-outgoing-36 << "[\r][\n]"
09:49:35.353 [main] DEBUG org.apache.hc.client5.http.headers - http-outgoing-36 << HTTP/1.1 200 OK
09:49:35.353 [main] DEBUG org.apache.hc.client5.http.headers - http-outgoing-36 << Connection: keep-alive
09:49:35.353 [main] DEBUG org.apache.hc.client5.http.headers - http-outgoing-36 << Content-Length: 723
09:49:35.353 [main] DEBUG org.apache.hc.client5.http.headers - http-outgoing-36 << Cache-Control: max-age=300
09:49:35.353 [main] DEBUG org.apache.hc.client5.http.headers - http-outgoing-36 << Content-Security-Policy: default-src 'none'; style-src 'unsafe-inline'; sandbox
09:49:35.353 [main] DEBUG org.apache.hc.client5.http.headers - http-outgoing-36 << Content-Type: text/plain; charset=utf-8
09:49:35.353 [main] DEBUG org.apache.hc.client5.http.headers - http-outgoing-36 << ETag: W/"e82b438271e9e8680c688b0b680efd0bdd22faa6d6f0a32fc1fd8accc486b67e"
09:49:35.353 [main] DEBUG org.apache.hc.client5.http.headers - http-outgoing-36 << Strict-Transport-Security: max-age=31536000
09:49:35.353 [main] DEBUG org.apache.hc.client5.http.headers - http-outgoing-36 << X-Content-Type-Options: nosniff
09:49:35.353 [main] DEBUG org.apache.hc.client5.http.headers - http-outgoing-36 << X-Frame-Options: deny
09:49:35.353 [main] DEBUG org.apache.hc.client5.http.headers - http-outgoing-36 << X-XSS-Protection: 1; mode=block
09:49:35.353 [main] DEBUG org.apache.hc.client5.http.headers - http-outgoing-36 << X-GitHub-Request-Id: 4CA0:B8C7F:70C4E:8CACE:651389F9
09:49:35.353 [main] DEBUG org.apache.hc.client5.http.headers - http-outgoing-36 << Content-Encoding: gzip
09:49:35.353 [main] DEBUG org.apache.hc.client5.http.headers - http-outgoing-36 << Accept-Ranges: bytes
09:49:35.353 [main] DEBUG org.apache.hc.client5.http.headers - http-outgoing-36 << Date: Sat, 30 Sep 2023 02:49:46 GMT
09:49:35.353 [main] DEBUG org.apache.hc.client5.http.headers - http-outgoing-36 << Via: 1.1 varnish
09:49:35.353 [main] DEBUG org.apache.hc.client5.http.headers - http-outgoing-36 << X-Served-By: cache-qpg1263-QPG
09:49:35.353 [main] DEBUG org.apache.hc.client5.http.headers - http-outgoing-36 << X-Cache: HIT
09:49:35.353 [main] DEBUG org.apache.hc.client5.http.headers - http-outgoing-36 << X-Cache-Hits: 2
09:49:35.353 [main] DEBUG org.apache.hc.client5.http.headers - http-outgoing-36 << X-Timer: S1696042186.189970,VS0,VE0
09:49:35.353 [main] DEBUG org.apache.hc.client5.http.headers - http-outgoing-36 << Vary: Authorization,Accept-Encoding,Origin
09:49:35.353 [main] DEBUG org.apache.hc.client5.http.headers - http-outgoing-36 << Access-Control-Allow-Origin: *
09:49:35.353 [main] DEBUG org.apache.hc.client5.http.headers - http-outgoing-36 << Cross-Origin-Resource-Policy: cross-origin
09:49:35.353 [main] DEBUG org.apache.hc.client5.http.headers - http-outgoing-36 << X-Fastly-Request-ID: 27c5e8e7c513a7106a748b6cc82435a64cba9f6f
09:49:35.353 [main] DEBUG org.apache.hc.client5.http.headers - http-outgoing-36 << Expires: Sat, 30 Sep 2023 02:54:46 GMT
09:49:35.353 [main] DEBUG org.apache.hc.client5.http.headers - http-outgoing-36 << Source-Age: 96
09:49:35.353 [main] DEBUG org.apache.hc.client5.http.impl.classic.MainClientExec - ex-00000031: connection can be kept alive for 3 MINUTES
09:49:35.366 [main] DEBUG org.apache.hc.client5.http.wire - http-outgoing-36 << "[0x1f][0xffffff8b][0x8][0x0][0x0][0x0][0x0][0x0][0x0][0x3][0xffffffb5]V]o[0xffffffda]0[0x14]}[0xffffffe7]W\[0xffffff81]*[0xffffffb5][0x12][0x1f][[M[0xffffffd3]$[0x1e]hF[0xffffffbb]i [0x18][0xffffffb4][0xffffffdd]&[0xfffffff9][0xffffffc5]$7[0xffffffc1]R[0x12]#;[0xffffff94]v[0xffffffbf]~[0xffffffb6][0xfffffff3]1[0xffffff92][0xffffff9a][0xffffffc1][0x1a]x[0xffffffcb][0xffffffb5][0xffffffaf][0xffffffcf]9[0xffffffbe][0xfffffff7]8v[0xb][0x1c][0x1e]E4[0xfffffff6]$x4[0xffffffa1][0xb]*[0xffffffb1][0xffffffd1][0xffffff82][0xfffffffb]%[0xffffff93][0xffffffe0][0xffffffb3][0x10][0xffffffc1][0xffffffe5]qBY,!Y[0xffffffea] KM8,[0x10][0xfffffff0][0x19][0xffffffdd]u[0xffffff82][0x1e][0xffffffb0][0xffffffd8]L[0xffffffcb]%[0xffffff86][0xffffffa1][0xe][0xffffffb8][0xfffffff0]P[0xffffffe8]$[0xf][0x13]t[0x13]3[0xfffffff9][0xffffff84]B2[0xffffffae][0xffffffe6]|@[0xfffffff5][0x1d][0x8][0xffffffc4][0x18][0x16][0xffffff82]o[0xffffffa4][0xffffff9a]P[0xffffff94][0xffffffe7][0xffffffce]R[0xfffffff0][0x8][0xffffffdb]p[0xffffffcb][0x4][0xfffffffa][0xfffffffc][0xffffffb9][\r][0xffffff93][0x15][\n]"
09:49:35.366 [main] DEBUG org.apache.hc.client5.http.wire - http-outgoing-36 << "[0xffffffda][0xffffff86][0xffffffa1][0x17][0xffffffa8]Q3[0xffffffcb][0xffffffd6][0xffffffd1][0xffffff85][0xffffffc6][0xfffffff7][0xffffff98][0xffffffef][0xffffffa3][0xffffffc0]8[0x1][0xffffffae]s[0x12][0x16][0x7] _d[0xffffff82][0xffffff91][0xffffff84][0xfffffff3][0x1f],[0xfffffff6][0x14]j[0x1b]F,^+[0xffffff98]1ua2[0xffffffbf]h([0xffffff8e][0xffffff94][0xffffffa2][0xffffff91]m[0xffffffa3][0xffffffeb][0xffffff9a][0xffffffb0][0xffffffbb]I[0x17]t[0xffffffdf][0xffffffbd][0xffffffef][0xffffffbb][0xffffff91][0xffffffd7]U[0xffffffbb][0xffffff82][0xffffff9e][0x3][0xffffff9b][0xffffff88][0xffffffb9][0xffffffa6]$[0xffffffa6][0xc][0xffffff9b][0xffffffa5][0xffffffe2][0xffffff83][0xffffff98]F[0xffffffd8]o[0xffffff9e]Mg[0xffffff93][0xffffffbb][0xffffffd9]`|[0xfffffffb]u4[0xffffff9c][0x7f]"}B[0xffffffce][0x8][0xffffffb9][0xffffffe3]<[0x8][0xffffff91][0xffffff90][0xffffff94][0xffffff82][0xffffff90][0xffffffc1]j[0x15]2WI[0xffffffe3]1![0x19][0xffffff91]BnB[0xffffff80][0x9]<f[0xffffffb5][0xffffffe8]=[0xffffffd1]p[0xffffffbd][[0xffffffcf][0xffffffe5][0x1b][0xfffffff4][0xffffff9c][0xffffffff][0xfffffffc][0xfffffff8][0xffffffe1][0xffffffe2][0xffffff94][0xffffffa2][0xffffffae][0xe][0x14]5[0xffffff9a]8[0xffffff83][0xffffffd1]`:[0xfffffffd]<[0xffffffb8][0x1f][0xffffff9c]R[0xffffffcf]u[0x7f]6[0xffffffbc][0xffffff83][0xffffffef][0xf][0xffffffc3][0xffffffd9]/[0xfffffff8][0xfffffff2][0xffffffcd]y s[0xffffffee]'[0x1b]*0g[0xffffffcb][0xffffffc8]nF7H][0xffffff83][0xffffff97]{[0xffffffb1]Q[0x5][\r][0xffffffb5]c[0xffffffb4][0xf][0x2][0xffffffb3][0xffffffb4][0xffffff93][0xe]C[0xffffffa7][0xffffffb3]kAD][0xffffff9d][0xffffffde][0xffffffdb][0xffffffda][0xffffff88][0xffffffec][0xffffffa5][0xffffffbc][0xffffff99][0xffffffd9][0xffffffba]t[0xffffffb5][0xffffffea]9[0xffffffea][0x10])[0xffffffb7][0xffffffca][0xffffff9e][0xfffffff2][0xffffffe2]d^N[0xffffffd8]FW[0x16][0xffffffcd][0xffffffdc]_[0x10][0xfffffff9]i|[0x1c][0xffffff93][0xffffff8e][0xfffffff9]o[0x16][0xffffff86]4'!$G[0xffffffdf]W[0xfffffff4]W*j[[0xfffffff3]xR[0xffffffae][0xffffffb6][0xc][0xffffffd0],; #[0xffffffa9][0xffffff92]5[0xffffffb5][0x7][0xffffff9c][0xffffffb5][0xffffffd0][0x7f][0xffffff90][0xffffffc7]jgs[0xfffffffc][0xffffffc2][0xb][0xffffffd9][0x0]t[0xffffff9e]^'Y[0xfffffffb][0xffffff9f][0xffffffb1][0xffffffd8]:[0xffffffbf][0xffffff8d][0xffffffa5][0xffffff9a][0xffffffad][0x7f]m[0x5]&[0xffffffaa][0xffffffa0]^[0xffffff9b][0xffffffcb][0x5]f[0xffffffae][0xffffffe0]RU[0xffffff82][0x10]MS9l[0xffffff91]4t[0xfffffffb][0xffffff8a]][0xffffffd6][0xfffffff4][0xffffff96][0xffffffa6][0xffffff9f]P[0xffffffce][0xffffffd5][0xffffffce][0xffffff93][0xffffffff][0xffffff97][0xffffffcc]p[0xfffffffd][0xfffffff3][0xffffffe8][0x1b][0xffffffcc][0xffffffa2][0xffffffd9]Q[0xffffffbe][0xffffffb2][0xffffffa3][0xffffffc7]m'[0xffffffdf][0xffffffe4][[0xfffffffb]^[0xffffffb0][0xffffff9a][0xffffffbe][0xffffffda][0xffffffda]_[0xffffffce][0xffffff80][0xffffffd2][0xffffffc1]7[0xffffffb7]][0xffffffc1]b[0xffffffee][0xffffffb5][0xffffffff]w[0xffffff83][0xffffffed][0xffffffa7];[0x15]<[0x10]4[0xffffff92][0xffffff84][0x18][\n]"
09:49:35.366 [main] DEBUG org.apache.hc.client5.http.wire - http-outgoing-36 << "BB[0xffffffba][0xffffff8e]][0xffffffb5]jo[0xffffffb9]+"[0xffffffea][0xffffffb4][0xffffffff]h"[0xffffffea]\?5[0xffffffa9][0xffffffaf]k[0xffffffec][0xffffffff]P[0xffffffea][\n]"
09:49:35.366 [main] DEBUG org.apache.hc.client5.http.wire - http-outgoing-36 << "w[0xffffffe1]K[0x13][0xffffffda][0xffffffec][0xffffff98][0xffffffe6]Y[0xfffffffd]h8m6[0xffffff9c]T[0xffffffc1][0xfffffff2][0xffffffa7][0xffffff91]z_[0xffffff95]o85p[0x1c][0x13][0xffffffe6][0xfffffff0]5[0xffffffee][0xfffffffc][0xffffff92][0xffffff96][0xffffffda][0xfffffff7][0xffffffcf][0xffffffb1][0x5][0x1d][0xffffffea]K[0xffffff9b]9[0xffffff8e][0xffffffad]e[0xfffffff7][0xffffff93][0xffffffa8]`[0xffffffda][0xffffffff][0x1a][0xffffffd2][0xffffff88][0xffffff85][0xfffffffd][0xfffffff2][0xffffff91]N[0xfffffff6]`[0xffffffdf]2[0xffffffcf][0xffffffae]E[0xffffff97][0xffffffc5][0xffffffa2][0xffffff9d][0xffffffef]'[0xffffff9d]mun.[0xffffffd3]f^[0xffffffc7][0xffffff82][0xffffffda][0xffffff82]9[0xfffffff5][0xffffffa9]`[0x5][0xffffffbc]4[0xffffffa1][0x1d]<M[0xffffffb5]A[0xffffffa7]3[[0xffffffc0][0x7f][0x0][0xffffffc1][0xffffffd0]$[0xffffff85][0x1d][\r][0x0][0x0]"
09:49:35.366 [main] DEBUG org.apache.hc.client5.http.impl.classic.InternalHttpClient - ep-00000030: releasing valid endpoint
09:49:35.366 [main] DEBUG org.apache.hc.client5.http.impl.io.PoolingHttpClientConnectionManager - ep-00000030: releasing endpoint
09:49:35.366 [main] DEBUG org.apache.hc.client5.http.impl.io.PoolingHttpClientConnectionManager - ep-00000030: connection http-outgoing-36 can be kept alive for 3 MINUTES
09:49:35.366 [main] DEBUG org.apache.hc.client5.http.impl.io.PoolingHttpClientConnectionManager - ep-00000030: connection released [route: {s}->https://raw.githubusercontent.com:443][total available: 1; route allocated: 1 of 5; total allocated: 1 of 25]
09:49:35.366 [main] DEBUG io.github.bonigarcia.wdm.versions.VersionDetector - Detecting chrome version using online commands.properties
09:49:35.366 [main] DEBUG io.github.bonigarcia.wdm.versions.Shell - Running command on the shell: [cmd.exe, /C, wmic, datafile, where, name="%PROGRAMFILES:\=\\%\\Google\\Chrome\\Application\\chrome.exe", get, Version, /value]
09:49:35.467 [main] DEBUG io.github.bonigarcia.wdm.versions.Shell - Result: Version=117.0.5938.132
09:49:35.469 [main] DEBUG org.apache.hc.client5.http.impl.classic.InternalHttpClient - ex-00000032: preparing request execution
09:49:35.469 [main] DEBUG org.apache.hc.client5.http.protocol.RequestAddCookies - Cookie spec selected: strict
09:49:35.469 [main] DEBUG org.apache.hc.client5.http.protocol.RequestAuthCache - Auth cache not set in the context
09:49:35.469 [main] DEBUG org.apache.hc.client5.http.impl.classic.ProtocolExec - ex-00000032: target auth state: UNCHALLENGED
09:49:35.469 [main] DEBUG org.apache.hc.client5.http.impl.classic.ProtocolExec - ex-00000032: proxy auth state: UNCHALLENGED
09:49:35.469 [main] DEBUG org.apache.hc.client5.http.impl.classic.ConnectExec - ex-00000032: acquiring connection with route {s}->https://chromedriver.storage.googleapis.com:443
09:49:35.469 [main] DEBUG org.apache.hc.client5.http.impl.classic.InternalHttpClient - ex-00000032: acquiring endpoint (3 MINUTES)
09:49:35.469 [main] DEBUG org.apache.hc.client5.http.impl.io.PoolingHttpClientConnectionManager - ex-00000032: endpoint lease request (3 MINUTES) [route: {s}->https://chromedriver.storage.googleapis.com:443][total available: 1; route allocated: 0 of 5; total allocated: 1 of 25]
09:49:35.469 [main] DEBUG org.apache.hc.client5.http.impl.io.PoolingHttpClientConnectionManager - ex-00000032: endpoint leased [route: {s}->https://chromedriver.storage.googleapis.com:443][total available: 1; route allocated: 1 of 5; total allocated: 2 of 25]
09:49:35.469 [main] DEBUG org.apache.hc.client5.http.impl.io.PoolingHttpClientConnectionManager - ex-00000032: acquired ep-00000031
09:49:35.469 [main] DEBUG org.apache.hc.client5.http.impl.classic.InternalHttpClient - ex-00000032: acquired endpoint ep-00000031
09:49:35.469 [main] DEBUG org.apache.hc.client5.http.impl.classic.ConnectExec - ex-00000032: opening connection {s}->https://chromedriver.storage.googleapis.com:443
09:49:35.469 [main] DEBUG org.apache.hc.client5.http.impl.classic.InternalHttpClient - ep-00000031: connecting endpoint (30 SECONDS)
09:49:35.469 [main] DEBUG org.apache.hc.client5.http.impl.io.PoolingHttpClientConnectionManager - ep-00000031: connecting endpoint to https://chromedriver.storage.googleapis.com:443 (30 SECONDS)
09:49:35.469 [main] DEBUG org.apache.hc.client5.http.impl.io.DefaultHttpClientConnectionOperator - http-outgoing-37: connecting to chromedriver.storage.googleapis.com/34.101.5.123:443
09:49:35.469 [main] DEBUG org.apache.hc.client5.http.ssl.SSLConnectionSocketFactory - Connecting socket to chromedriver.storage.googleapis.com/34.101.5.123:443 with timeout 30 SECONDS
09:49:35.469 [main] DEBUG org.apache.hc.client5.http.ssl.SSLConnectionSocketFactory - Enabled protocols: [TLSv1.3, TLSv1.2]
09:49:35.469 [main] DEBUG org.apache.hc.client5.http.ssl.SSLConnectionSocketFactory - Enabled cipher suites: [TLS_AES_256_GCM_SHA384, TLS_AES_128_GCM_SHA256, TLS_CHACHA20_POLY1305_SHA256, TLS_ECDHE_ECDSA_WITH_AES_256_GCM_SHA384, TLS_ECDHE_ECDSA_WITH_AES_128_GCM_SHA256, TLS_ECDHE_ECDSA_WITH_CHACHA20_POLY1305_SHA256, TLS_ECDHE_RSA_WITH_AES_256_GCM_SHA384, TLS_ECDHE_RSA_WITH_CHACHA20_POLY1305_SHA256, TLS_ECDHE_RSA_WITH_AES_128_GCM_SHA256, TLS_DHE_RSA_WITH_AES_256_GCM_SHA384, TLS_DHE_RSA_WITH_CHACHA20_POLY1305_SHA256, TLS_DHE_DSS_WITH_AES_256_GCM_SHA384, TLS_DHE_RSA_WITH_AES_128_GCM_SHA256, TLS_DHE_DSS_WITH_AES_128_GCM_SHA256, TLS_ECDHE_ECDSA_WITH_AES_256_CBC_SHA384, TLS_ECDHE_RSA_WITH_AES_256_CBC_SHA384, TLS_ECDHE_ECDSA_WITH_AES_128_CBC_SHA256, TLS_ECDHE_RSA_WITH_AES_128_CBC_SHA256, TLS_DHE_RSA_WITH_AES_256_CBC_SHA256, TLS_DHE_DSS_WITH_AES_256_CBC_SHA256, TLS_DHE_RSA_WITH_AES_128_CBC_SHA256, TLS_DHE_DSS_WITH_AES_128_CBC_SHA256, TLS_ECDH_ECDSA_WITH_AES_256_GCM_SHA384, TLS_ECDH_RSA_WITH_AES_256_GCM_SHA384, TLS_ECDH_ECDSA_WITH_AES_128_GCM_SHA256, TLS_ECDH_RSA_WITH_AES_128_GCM_SHA256, TLS_ECDH_ECDSA_WITH_AES_256_CBC_SHA384, TLS_ECDH_RSA_WITH_AES_256_CBC_SHA384, TLS_ECDH_ECDSA_WITH_AES_128_CBC_SHA256, TLS_ECDH_RSA_WITH_AES_128_CBC_SHA256, TLS_ECDHE_ECDSA_WITH_AES_256_CBC_SHA, TLS_ECDHE_RSA_WITH_AES_256_CBC_SHA, TLS_ECDHE_ECDSA_WITH_AES_128_CBC_SHA, TLS_ECDHE_RSA_WITH_AES_128_CBC_SHA, TLS_DHE_RSA_WITH_AES_256_CBC_SHA, TLS_DHE_DSS_WITH_AES_256_CBC_SHA, TLS_DHE_RSA_WITH_AES_128_CBC_SHA, TLS_DHE_DSS_WITH_AES_128_CBC_SHA, TLS_ECDH_ECDSA_WITH_AES_256_CBC_SHA, TLS_ECDH_RSA_WITH_AES_256_CBC_SHA, TLS_ECDH_ECDSA_WITH_AES_128_CBC_SHA, TLS_ECDH_RSA_WITH_AES_128_CBC_SHA, TLS_RSA_WITH_AES_256_GCM_SHA384, TLS_RSA_WITH_AES_128_GCM_SHA256, TLS_RSA_WITH_AES_256_CBC_SHA256, TLS_RSA_WITH_AES_128_CBC_SHA256, TLS_RSA_WITH_AES_256_CBC_SHA, TLS_RSA_WITH_AES_128_CBC_SHA, TLS_EMPTY_RENEGOTIATION_INFO_SCSV]
09:49:35.469 [main] DEBUG org.apache.hc.client5.http.ssl.SSLConnectionSocketFactory - Starting handshake
09:49:35.497 [main] DEBUG org.apache.hc.client5.http.ssl.SSLConnectionSocketFactory - Secure session established
09:49:35.497 [main] DEBUG org.apache.hc.client5.http.ssl.SSLConnectionSocketFactory -  negotiated protocol: TLSv1.3
09:49:35.497 [main] DEBUG org.apache.hc.client5.http.ssl.SSLConnectionSocketFactory -  negotiated cipher suite: TLS_AES_256_GCM_SHA384
09:49:35.497 [main] DEBUG org.apache.hc.client5.http.ssl.SSLConnectionSocketFactory -  peer principal: CN=*.storage.googleapis.com
09:49:35.497 [main] DEBUG org.apache.hc.client5.http.ssl.SSLConnectionSocketFactory -  peer alternative names: [*.storage.googleapis.com, *.googleapis.com, commondatastorage.googleapis.com, *.commondatastorage.googleapis.com, storage.googleapis.com, storage-p2.googleapis.com, *.storage-p2.googleapis.com, storage.mtls.googleapis.com, *.appspot.com.storage.googleapis.com, *.content-storage.googleapis.com, *.content-storage-p2.googleapis.com, *.content-storage-upload.googleapis.com, *.content-storage-download.googleapis.com, *.storage-upload.googleapis.com, *.storage-download.googleapis.com]
09:49:35.497 [main] DEBUG org.apache.hc.client5.http.ssl.SSLConnectionSocketFactory -  issuer principal: CN=GTS CA 1C3, O=Google Trust Services LLC, C=US
09:49:35.497 [main] DEBUG org.apache.hc.client5.http.impl.io.DefaultHttpClientConnectionOperator - http-outgoing-37: connection established 192.168.100.42:64540<->34.101.5.123:443
09:49:35.497 [main] DEBUG org.apache.hc.client5.http.impl.io.PoolingHttpClientConnectionManager - ep-00000031: connected http-outgoing-37
09:49:35.497 [main] DEBUG org.apache.hc.client5.http.impl.classic.InternalHttpClient - ep-00000031: endpoint connected
09:49:35.497 [main] DEBUG org.apache.hc.client5.http.impl.classic.MainClientExec - ex-00000032: executing GET /LATEST_RELEASE_117 HTTP/1.1
09:49:35.497 [main] DEBUG org.apache.hc.client5.http.impl.classic.InternalHttpClient - ep-00000031: start execution ex-00000032
09:49:35.497 [main] DEBUG org.apache.hc.client5.http.impl.io.PoolingHttpClientConnectionManager - ep-00000031: executing exchange ex-00000032 over http-outgoing-37
09:49:35.497 [main] DEBUG org.apache.hc.client5.http.headers - http-outgoing-37 >> GET /LATEST_RELEASE_117 HTTP/1.1
09:49:35.497 [main] DEBUG org.apache.hc.client5.http.headers - http-outgoing-37 >> user-agent: Apache-HttpClient/5.0
09:49:35.497 [main] DEBUG org.apache.hc.client5.http.headers - http-outgoing-37 >> accept-encoding: gzip, deflate, br
09:49:35.497 [main] DEBUG org.apache.hc.client5.http.headers - http-outgoing-37 >> cache-control: max-age=0
09:49:35.497 [main] DEBUG org.apache.hc.client5.http.headers - http-outgoing-37 >> connection: keep-alive
09:49:35.497 [main] DEBUG org.apache.hc.client5.http.headers - http-outgoing-37 >> Host: chromedriver.storage.googleapis.com
09:49:35.497 [main] DEBUG org.apache.hc.client5.http.wire - http-outgoing-37 >> "GET /LATEST_RELEASE_117 HTTP/1.1[\r][\n]"
09:49:35.497 [main] DEBUG org.apache.hc.client5.http.wire - http-outgoing-37 >> "user-agent: Apache-HttpClient/5.0[\r][\n]"
09:49:35.497 [main] DEBUG org.apache.hc.client5.http.wire - http-outgoing-37 >> "accept-encoding: gzip, deflate, br[\r][\n]"
09:49:35.497 [main] DEBUG org.apache.hc.client5.http.wire - http-outgoing-37 >> "cache-control: max-age=0[\r][\n]"
09:49:35.497 [main] DEBUG org.apache.hc.client5.http.wire - http-outgoing-37 >> "connection: keep-alive[\r][\n]"
09:49:35.497 [main] DEBUG org.apache.hc.client5.http.wire - http-outgoing-37 >> "Host: chromedriver.storage.googleapis.com[\r][\n]"
09:49:35.497 [main] DEBUG org.apache.hc.client5.http.wire - http-outgoing-37 >> "[\r][\n]"
09:49:35.744 [main] DEBUG org.apache.hc.client5.http.wire - http-outgoing-37 << "HTTP/1.1 404 Not Found[\r][\n]"
09:49:35.744 [main] DEBUG org.apache.hc.client5.http.wire - http-outgoing-37 << "X-GUploader-UploadID: ADPycdu4MvhLwrcwIUbZrEzNI-Bt3dlFZYYLU5kF2cmNLfw3bzfmIPOGwDT6za2FG6kWnSXf3serB2gsYLV4_9zWaWQyzkDp4_0B[\r][\n]"
09:49:35.744 [main] DEBUG org.apache.hc.client5.http.wire - http-outgoing-37 << "Content-Type: application/xml; charset=UTF-8[\r][\n]"
09:49:35.744 [main] DEBUG org.apache.hc.client5.http.wire - http-outgoing-37 << "Content-Length: 193[\r][\n]"
09:49:35.744 [main] DEBUG org.apache.hc.client5.http.wire - http-outgoing-37 << "Date: Sat, 30 Sep 2023 02:49:46 GMT[\r][\n]"
09:49:35.744 [main] DEBUG org.apache.hc.client5.http.wire - http-outgoing-37 << "Expires: Sat, 30 Sep 2023 02:49:46 GMT[\r][\n]"
09:49:35.744 [main] DEBUG org.apache.hc.client5.http.wire - http-outgoing-37 << "Cache-Control: private, max-age=0[\r][\n]"
09:49:35.744 [main] DEBUG org.apache.hc.client5.http.wire - http-outgoing-37 << "Server: UploadServer[\r][\n]"
09:49:35.744 [main] DEBUG org.apache.hc.client5.http.wire - http-outgoing-37 << "Alt-Svc: h3=":443"; ma=2592000,h3-29=":443"; ma=2592000[\r][\n]"
09:49:35.744 [main] DEBUG org.apache.hc.client5.http.wire - http-outgoing-37 << "[\r][\n]"
09:49:35.744 [main] DEBUG org.apache.hc.client5.http.wire - http-outgoing-37 << "<?xml version='1.0' encoding='UTF-8'?><Error><Code>NoSuchKey</Code><Message>The specified key does not exist.</Message><Details>No such object: chromedriver/LATEST_RELEASE_117</Details></Error>"
09:49:35.744 [main] DEBUG org.apache.hc.client5.http.headers - http-outgoing-37 << HTTP/1.1 404 Not Found
09:49:35.744 [main] DEBUG org.apache.hc.client5.http.headers - http-outgoing-37 << X-GUploader-UploadID: ADPycdu4MvhLwrcwIUbZrEzNI-Bt3dlFZYYLU5kF2cmNLfw3bzfmIPOGwDT6za2FG6kWnSXf3serB2gsYLV4_9zWaWQyzkDp4_0B
09:49:35.744 [main] DEBUG org.apache.hc.client5.http.headers - http-outgoing-37 << Content-Type: application/xml; charset=UTF-8
09:49:35.744 [main] DEBUG org.apache.hc.client5.http.headers - http-outgoing-37 << Content-Length: 193
09:49:35.744 [main] DEBUG org.apache.hc.client5.http.headers - http-outgoing-37 << Date: Sat, 30 Sep 2023 02:49:46 GMT
09:49:35.744 [main] DEBUG org.apache.hc.client5.http.headers - http-outgoing-37 << Expires: Sat, 30 Sep 2023 02:49:46 GMT
09:49:35.744 [main] DEBUG org.apache.hc.client5.http.headers - http-outgoing-37 << Cache-Control: private, max-age=0
09:49:35.744 [main] DEBUG org.apache.hc.client5.http.headers - http-outgoing-37 << Server: UploadServer
09:49:35.744 [main] DEBUG org.apache.hc.client5.http.headers - http-outgoing-37 << Alt-Svc: h3=":443"; ma=2592000,h3-29=":443"; ma=2592000
09:49:35.744 [main] DEBUG org.apache.hc.client5.http.impl.classic.MainClientExec - ex-00000032: connection can be kept alive for 3 MINUTES
09:49:35.744 [main] ERROR io.github.bonigarcia.wdm.online.HttpClient - Error HTTP 404 executing https://chromedriver.storage.googleapis.com/LATEST_RELEASE_117
09:49:35.744 [main] WARN io.github.bonigarcia.wdm.versions.VersionDetector - Exception reading https://chromedriver.storage.googleapis.com/LATEST_RELEASE_117 to get latest version of chromedriver (Error HTTP 404 executing https://chromedriver.storage.googleapis.com/LATEST_RELEASE_117)
09:49:35.744 [main] DEBUG io.github.bonigarcia.wdm.versions.VersionDetector - Getting driver version for chrome117 from online versions.properties
09:49:35.750 [main] DEBUG org.apache.hc.client5.http.impl.classic.InternalHttpClient - ex-00000033: preparing request execution
09:49:35.750 [main] DEBUG org.apache.hc.client5.http.protocol.RequestAddCookies - Cookie spec selected: strict
09:49:35.750 [main] DEBUG org.apache.hc.client5.http.protocol.RequestAuthCache - Auth cache not set in the context
09:49:35.750 [main] DEBUG org.apache.hc.client5.http.impl.classic.ProtocolExec - ex-00000033: target auth state: UNCHALLENGED
09:49:35.750 [main] DEBUG org.apache.hc.client5.http.impl.classic.ProtocolExec - ex-00000033: proxy auth state: UNCHALLENGED
09:49:35.750 [main] DEBUG org.apache.hc.client5.http.impl.classic.ConnectExec - ex-00000033: acquiring connection with route {s}->https://raw.githubusercontent.com:443
09:49:35.750 [main] DEBUG org.apache.hc.client5.http.impl.classic.InternalHttpClient - ex-00000033: acquiring endpoint (3 MINUTES)
09:49:35.750 [main] DEBUG org.apache.hc.client5.http.impl.io.PoolingHttpClientConnectionManager - ex-00000033: endpoint lease request (3 MINUTES) [route: {s}->https://raw.githubusercontent.com:443][total available: 1; route allocated: 1 of 5; total allocated: 2 of 25]
09:49:35.750 [main] DEBUG org.apache.hc.client5.http.impl.io.PoolingHttpClientConnectionManager - ex-00000033: endpoint leased [route: {s}->https://raw.githubusercontent.com:443][total available: 0; route allocated: 1 of 5; total allocated: 2 of 25]
09:49:35.750 [main] DEBUG org.apache.hc.client5.http.impl.io.PoolingHttpClientConnectionManager - ex-00000033: acquired ep-00000032
09:49:35.750 [main] DEBUG org.apache.hc.client5.http.impl.classic.InternalHttpClient - ex-00000033: acquired endpoint ep-00000032
09:49:35.750 [main] DEBUG org.apache.hc.client5.http.impl.classic.MainClientExec - ex-00000033: executing GET /bonigarcia/webdrivermanager/master/src/main/resources/versions.properties HTTP/1.1
09:49:35.750 [main] DEBUG org.apache.hc.client5.http.impl.classic.InternalHttpClient - ep-00000032: start execution ex-00000033
09:49:35.750 [main] DEBUG org.apache.hc.client5.http.impl.io.PoolingHttpClientConnectionManager - ep-00000032: executing exchange ex-00000033 over http-outgoing-36
09:49:35.750 [main] DEBUG org.apache.hc.client5.http.headers - http-outgoing-36 >> GET /bonigarcia/webdrivermanager/master/src/main/resources/versions.properties HTTP/1.1
09:49:35.750 [main] DEBUG org.apache.hc.client5.http.headers - http-outgoing-36 >> user-agent: Apache-HttpClient/5.0
09:49:35.750 [main] DEBUG org.apache.hc.client5.http.headers - http-outgoing-36 >> accept-encoding: gzip, deflate, br
09:49:35.750 [main] DEBUG org.apache.hc.client5.http.headers - http-outgoing-36 >> cache-control: max-age=0
09:49:35.750 [main] DEBUG org.apache.hc.client5.http.headers - http-outgoing-36 >> connection: keep-alive
09:49:35.750 [main] DEBUG org.apache.hc.client5.http.headers - http-outgoing-36 >> Host: raw.githubusercontent.com
09:49:35.750 [main] DEBUG org.apache.hc.client5.http.wire - http-outgoing-36 >> "GET /bonigarcia/webdrivermanager/master/src/main/resources/versions.properties HTTP/1.1[\r][\n]"
09:49:35.750 [main] DEBUG org.apache.hc.client5.http.wire - http-outgoing-36 >> "user-agent: Apache-HttpClient/5.0[\r][\n]"
09:49:35.750 [main] DEBUG org.apache.hc.client5.http.wire - http-outgoing-36 >> "accept-encoding: gzip, deflate, br[\r][\n]"
09:49:35.750 [main] DEBUG org.apache.hc.client5.http.wire - http-outgoing-36 >> "cache-control: max-age=0[\r][\n]"
09:49:35.750 [main] DEBUG org.apache.hc.client5.http.wire - http-outgoing-36 >> "connection: keep-alive[\r][\n]"
09:49:35.750 [main] DEBUG org.apache.hc.client5.http.wire - http-outgoing-36 >> "Host: raw.githubusercontent.com[\r][\n]"
09:49:35.750 [main] DEBUG org.apache.hc.client5.http.wire - http-outgoing-36 >> "[\r][\n]"
09:49:35.780 [main] DEBUG org.apache.hc.client5.http.wire - http-outgoing-36 << "HTTP/1.1 200 OK[\r][\n]"
09:49:35.780 [main] DEBUG org.apache.hc.client5.http.wire - http-outgoing-36 << "Connection: keep-alive[\r][\n]"
09:49:35.780 [main] DEBUG org.apache.hc.client5.http.wire - http-outgoing-36 << "Content-Length: 1615[\r][\n]"
09:49:35.780 [main] DEBUG org.apache.hc.client5.http.wire - http-outgoing-36 << "Cache-Control: max-age=300[\r][\n]"
09:49:35.780 [main] DEBUG org.apache.hc.client5.http.wire - http-outgoing-36 << "Content-Security-Policy: default-src 'none'; style-src 'unsafe-inline'; sandbox[\r][\n]"
09:49:35.780 [main] DEBUG org.apache.hc.client5.http.wire - http-outgoing-36 << "Content-Type: text/plain; charset=utf-8[\r][\n]"
09:49:35.780 [main] DEBUG org.apache.hc.client5.http.wire - http-outgoing-36 << "ETag: W/"65e8ec46ef4920945cc03f0386cc600d8027ed4440e101d5729220d93bfa6f0f"[\r][\n]"
09:49:35.780 [main] DEBUG org.apache.hc.client5.http.wire - http-outgoing-36 << "Strict-Transport-Security: max-age=31536000[\r][\n]"
09:49:35.780 [main] DEBUG org.apache.hc.client5.http.wire - http-outgoing-36 << "X-Content-Type-Options: nosniff[\r][\n]"
09:49:35.780 [main] DEBUG org.apache.hc.client5.http.wire - http-outgoing-36 << "X-Frame-Options: deny[\r][\n]"
09:49:35.780 [main] DEBUG org.apache.hc.client5.http.wire - http-outgoing-36 << "X-XSS-Protection: 1; mode=block[\r][\n]"
09:49:35.780 [main] DEBUG org.apache.hc.client5.http.wire - http-outgoing-36 << "X-GitHub-Request-Id: 4D10:B89CD:6D987:89792:651389FC[\r][\n]"
09:49:35.780 [main] DEBUG org.apache.hc.client5.http.wire - http-outgoing-36 << "Content-Encoding: gzip[\r][\n]"
09:49:35.780 [main] DEBUG org.apache.hc.client5.http.wire - http-outgoing-36 << "Accept-Ranges: bytes[\r][\n]"
09:49:35.780 [main] DEBUG org.apache.hc.client5.http.wire - http-outgoing-36 << "Date: Sat, 30 Sep 2023 02:49:46 GMT[\r][\n]"
09:49:35.780 [main] DEBUG org.apache.hc.client5.http.wire - http-outgoing-36 << "Via: 1.1 varnish[\r][\n]"
09:49:35.780 [main] DEBUG org.apache.hc.client5.http.wire - http-outgoing-36 << "X-Served-By: cache-qpg1263-QPG[\r][\n]"
09:49:35.780 [main] DEBUG org.apache.hc.client5.http.wire - http-outgoing-36 << "X-Cache: HIT[\r][\n]"
09:49:35.780 [main] DEBUG org.apache.hc.client5.http.wire - http-outgoing-36 << "X-Cache-Hits: 1[\r][\n]"
09:49:35.780 [main] DEBUG org.apache.hc.client5.http.wire - http-outgoing-36 << "X-Timer: S1696042187.606528,VS0,VE1[\r][\n]"
09:49:35.780 [main] DEBUG org.apache.hc.client5.http.wire - http-outgoing-36 << "Vary: Authorization,Accept-Encoding,Origin[\r][\n]"
09:49:35.780 [main] DEBUG org.apache.hc.client5.http.wire - http-outgoing-36 << "Access-Control-Allow-Origin: *[\r][\n]"
09:49:35.780 [main] DEBUG org.apache.hc.client5.http.wire - http-outgoing-36 << "Cross-Origin-Resource-Policy: cross-origin[\r][\n]"
09:49:35.780 [main] DEBUG org.apache.hc.client5.http.wire - http-outgoing-36 << "X-Fastly-Request-ID: 2520c43a6801effec9df5c2748b66ddf1a891436[\r][\n]"
09:49:35.780 [main] DEBUG org.apache.hc.client5.http.wire - http-outgoing-36 << "Expires: Sat, 30 Sep 2023 02:54:46 GMT[\r][\n]"
09:49:35.780 [main] DEBUG org.apache.hc.client5.http.wire - http-outgoing-36 << "Source-Age: 188[\r][\n]"
09:49:35.780 [main] DEBUG org.apache.hc.client5.http.wire - http-outgoing-36 << "[\r][\n]"
09:49:35.780 [main] DEBUG org.apache.hc.client5.http.headers - http-outgoing-36 << HTTP/1.1 200 OK
09:49:35.780 [main] DEBUG org.apache.hc.client5.http.headers - http-outgoing-36 << Connection: keep-alive
09:49:35.780 [main] DEBUG org.apache.hc.client5.http.headers - http-outgoing-36 << Content-Length: 1615
09:49:35.780 [main] DEBUG org.apache.hc.client5.http.headers - http-outgoing-36 << Cache-Control: max-age=300
09:49:35.780 [main] DEBUG org.apache.hc.client5.http.headers - http-outgoing-36 << Content-Security-Policy: default-src 'none'; style-src 'unsafe-inline'; sandbox
09:49:35.780 [main] DEBUG org.apache.hc.client5.http.headers - http-outgoing-36 << Content-Type: text/plain; charset=utf-8
09:49:35.780 [main] DEBUG org.apache.hc.client5.http.headers - http-outgoing-36 << ETag: W/"65e8ec46ef4920945cc03f0386cc600d8027ed4440e101d5729220d93bfa6f0f"
09:49:35.780 [main] DEBUG org.apache.hc.client5.http.headers - http-outgoing-36 << Strict-Transport-Security: max-age=31536000
09:49:35.780 [main] DEBUG org.apache.hc.client5.http.headers - http-outgoing-36 << X-Content-Type-Options: nosniff
09:49:35.780 [main] DEBUG org.apache.hc.client5.http.headers - http-outgoing-36 << X-Frame-Options: deny
09:49:35.780 [main] DEBUG org.apache.hc.client5.http.headers - http-outgoing-36 << X-XSS-Protection: 1; mode=block
09:49:35.780 [main] DEBUG org.apache.hc.client5.http.headers - http-outgoing-36 << X-GitHub-Request-Id: 4D10:B89CD:6D987:89792:651389FC
09:49:35.780 [main] DEBUG org.apache.hc.client5.http.headers - http-outgoing-36 << Content-Encoding: gzip
09:49:35.780 [main] DEBUG org.apache.hc.client5.http.headers - http-outgoing-36 << Accept-Ranges: bytes
09:49:35.780 [main] DEBUG org.apache.hc.client5.http.headers - http-outgoing-36 << Date: Sat, 30 Sep 2023 02:49:46 GMT
09:49:35.780 [main] DEBUG org.apache.hc.client5.http.headers - http-outgoing-36 << Via: 1.1 varnish
09:49:35.780 [main] DEBUG org.apache.hc.client5.http.headers - http-outgoing-36 << X-Served-By: cache-qpg1263-QPG
09:49:35.780 [main] DEBUG org.apache.hc.client5.http.headers - http-outgoing-36 << X-Cache: HIT
09:49:35.780 [main] DEBUG org.apache.hc.client5.http.headers - http-outgoing-36 << X-Cache-Hits: 1
09:49:35.780 [main] DEBUG org.apache.hc.client5.http.headers - http-outgoing-36 << X-Timer: S1696042187.606528,VS0,VE1
09:49:35.780 [main] DEBUG org.apache.hc.client5.http.headers - http-outgoing-36 << Vary: Authorization,Accept-Encoding,Origin
09:49:35.780 [main] DEBUG org.apache.hc.client5.http.headers - http-outgoing-36 << Access-Control-Allow-Origin: *
09:49:35.780 [main] DEBUG org.apache.hc.client5.http.headers - http-outgoing-36 << Cross-Origin-Resource-Policy: cross-origin
09:49:35.780 [main] DEBUG org.apache.hc.client5.http.headers - http-outgoing-36 << X-Fastly-Request-ID: 2520c43a6801effec9df5c2748b66ddf1a891436
09:49:35.780 [main] DEBUG org.apache.hc.client5.http.headers - http-outgoing-36 << Expires: Sat, 30 Sep 2023 02:54:46 GMT
09:49:35.780 [main] DEBUG org.apache.hc.client5.http.headers - http-outgoing-36 << Source-Age: 188
09:49:35.780 [main] DEBUG org.apache.hc.client5.http.impl.classic.MainClientExec - ex-00000033: connection can be kept alive for 3 MINUTES
09:49:35.787 [main] DEBUG org.apache.hc.client5.http.wire - http-outgoing-36 << "[0x1f][0xffffff8b][0x8][0x0][0x0][0x0][0x0][0x0][0x0][0x3][0xffffff8d][0xffffff97]Ko#7[0xc][0xffffffc7][0xffffffef][0xfffffff9][0x14][0x3][0xfffffff4][0x1c]YO[0xffffff8a][\n]"
09:49:35.787 [main] DEBUG org.apache.hc.client5.http.wire - http-outgoing-36 << "[0xffffffa0]K[0xffffff9f][0xffffffa7][0xffffffa2][0xffffff87][0xfffffff6][0xb]x[0xffffffed]Ib[0xffffffac][0xffffffe3][0x9]lg[0xffffffb3][0xffffffe8][0xffffffa7]/[0xfffffff5][0xffffffa0]F[0xffffff96][[0xffffffa0][0xffffff87]`[0xffffff97]?k$[0xffffff92][0xffffffe2]p[0xfffffffe][0xfffffffc]a[0xfffffffa][0xffffffeb][0xfffffff5]p[0xffffff99][0xffffff9e][0xf][0xffffffc7]y[0xffffffda]-[0xffffffa7][0xffffffeb][0xfffffff6]p[0xffffffba]L[0xffffffd7][0xffffffd7]y[0xfffffffa]zZ>O[0xffffffd3][0xfffffffe]|[0xfffffff8]6[0xffffff9f]'[0xfffffffa][0xffffffbb][0x1c][0x16][0xfffffffa]e[0xffffffb7][0xffffffbc][0xffffffbd]o[0xffffffaf][0xffffff87]/[0xffffffb4][0xfffffffa][0xfffffff3]p}[0xffffffcd]+w[0xffffffcb][0xfffffff9]<_[0xffffffde][0xffffff97][0xffffffd3][0xfffffffe]pz[0xffffff99][0xffffffbe][0xffffff9c][0xffffff97][0xffffffcf][0xffffffcb][0xfffffffa][0xffffffc8][0xffffffc3][0xffffffc3][0xf][0xffffffd3][0xffffff8f][0x5]=M[0xffffffbf]-[0xffffffcb][0xb]=[0xfffffff9][0xffffffd3][0xffffffeb]yy[0xffffff9b][0xffffffa7][0xffffffed]i_[0xfffffffe]{[0xfffffff8]x[0xffffff9b][0x1e][0xffffffa7][0xffffff9f][0xfffffff3]QO[0xffffffd3].[0xffffffff]Z[0xe][0xffffffa6][0xffffff87][0xffffffff]\>[0xffffffce][0xffffffbb][0xfffffff9]iz[0xffffffbd]^[0xffffffdf][0xffffff9f]6[0xffffff9b][0xfffffffe]W[0xffffffb1][0xffffffab]O[0xffffff8b][0xffffffe5][0xfffffffc][0xffffffb2][0xffffffd9][0xffffff93][0xffffffbf][0xffffffc7]e[0xffffffbb][0xffffffbf]<[0xffffff94]5J[0xffffffd9]H[0x7f]B[\n]"
09:49:35.787 [main] DEBUG org.apache.hc.client5.http.wire - http-outgoing-36 << "[0xffffffe7][0xffffff8d][0x13]A6n[0xffffff88][0xffffff9b][0xffffffc4][0xffffffc1]k[0x1][0xffffffa6]qM\g[0xffffffae][0xffffff9c][0xffffffb0][0xffffffa1]qE\%[0xffffffee][0xffffffc0][0x8][0xffffffb0][0xffffff8d]K[0xffffffe2]2q[0xffffff8b]Jx[0xffffffcf]\[0xffffff86]H[0x7f][0xffffff99][0xffffffd3][0xfffffff1][0xffffffbe][0xffffffad][0xffffff97]H[0x1c][0x13]7.[0x8][0xffffffaf][0x1a][0xfffffff7][0xffffffc4]}[0xffffffe6][0xffffffd2][\n]"
09:49:35.787 [main] DEBUG org.apache.hc.client5.http.wire - http-outgoing-36 << "[0xffffffd0][0xffffff8d][0x3]qH\[0xffffffdb] `][0xffffffef][0xffffff88][0xffffffbb][0xffffffc4]Up[0xfffffff4]c[0xffffffe3][0x14][0xffffffaf][0xffffffcc][0xfffffff1][0xffffffa6]0|[0xfffffff3]_R[0xffffffbc]2[0xffffffc7]+A[\n]"
09:49:35.787 [main] DEBUG org.apache.hc.client5.http.wire - http-outgoing-36 << "eV[0xffffff87](`[0xffffff99][0x3][0xffffff96][0xffffffb4]_w[0x0][0x5],S[0xffffffc0]68%[0xffffffec][0xffffffca])`[0xffffff99][0x2][0xffffffb6][0x18]@[0x0]'4[0xffffff84][0x18]B[0xffffffa6][0xffffffd6][0xffffffd2][0xffffffd9]L1[0xffffff86][0x14][0xffffffac][0xfffffff5][0xe][0x5][0x1d][0xffffffc3][0xffffffd8][0xffffffc7][0xffffff90]b[0xffffffb5][0x10][0xfffffff4][0xffffff9a][0xffffff83][0x0]1@[0xffffffa6]`[0xffffff85]uL][0xc].S[0xffffff83][0x2]8[0xffffff9e]`c[0xffffffb0][0xffffff99]Rr[0xffffffe8]"[0x19][0xffffff9b][0x18]R[0xffffff90][0xffffffd6]y[0xffffffbf]^j[0xffffffd0]1[0xffffffe8]L[0xffffffe9]J)[0xffffffcb][0xffffff8c]U[0xc]9@K[0x15]@[0xffffffb1]2[0xffffff96]1[0xffffffe4][0xfffffff8][0xffffffac][0xffffff91]Bs[0xffffff9e]0D[0xffffffcc][0xfffffff1][0x19][0xfffffffa]G[0xfffffff3][0xffffffce][0xffffff88][0x11]s|F[[0x11][0xffffff80][0xffffffa9][0xffffff8f][0xffffff98][0xffffffc3][0xffffffd3]([0x5]"S[0xffffff88][0xffffff98][0xffffffc3][0xffffffd3][0xffffff96][0xfffffff6][0xffffffe5]T[0xffffffa0][0xffffff8b][0xffffff98][0xffffffc3]Sh[0x4][0xffffffb2]kh#[0xffffffe6][0xfffffff0][0xffffff94][0xfffffff5][0xffffffc2]p[0xffffff8e][0xffffffd1]D[0xffffffcc][0xffffffd1][0xffffffa5][0xffffff9b]4[0xffffff9c][\n]"
09:49:35.787 [main] DEBUG org.apache.hc.client5.http.wire - http-outgoing-36 << "T[0x11]s[0x18][0xffffff92]2[0xffffffaf]L;NFLa[0xffffff98]@[0xffffffbe]P[0x9]U[0xffffffec]C[0xfffffff4]!c[0xffffffeb][0xffffff84]i[0x14][0xffffffa3][0xffffffc7]L[0xffffffa9]v[0xffffffa8][0xffffffae][0x18][0xfffffffb][0xffffffe8]S [0x6][0xffffff81][0xffffffde][0x5]v[0xffffffc3]C[0xfffffff4][0xffffff90])[0x15][0xffffffb8][0xffffffd2]m[0xf][0x17]}[0xffffff8a][0xffffffc4]xO[0x5][0xffffffb6][0xffffffae][0xffffffb6][0xffffffd1][0xffffffdb][0xffffff8c]5[0xffffffd5]/C[0x13]}[0xffffff8a][0xffffffc4][0x0][0x5][0x4][0xffffffec][0xffffffb2][0xffffffd7]Q[0xffffffd3][0xffffff8d][0xffffffb2][0xffffffa5]n,[0xffffff99],v[0xc]B[0xffffffb2][0xfffffff8]n[0x0][0xffffff93][0xffffffc5][0x19][0x5][0xffffff9f],[0xffffffbe]M[0xffffff80]d[0xffffffb1]3[0xffffffe0][0xffffffc8]j)[0x2][0xffffff9b],[0xffffffce]9[0xffffff98]d[0xfffffff1]y[0xffffff90]|1[0xffffffed][0xffffffbc][0xffffffe4]K{g [0xfffffff9]b[0xffffffcc]MW[0xfffffffb]}[0xfffffff9][0xfffffffb]p<n[0xffffffa7]_[0xf][0xffffffe7][0xfffffff9]y[0xfffffff9][0xffffffde][0xffffffb5][0xffffffb2][0xffffff97]y[0xfffffff7]u[0xfffffff9][0xffffffd7]Nv[0xffffffa1]V[0xfffffff6]B[\r][0xfffffff4][0xffffffe3][0xffffff8b][0xffffffa0][0xffffff96][0xffffffba]y+[l[0xffffffba][0x7]6[0xffffffe7][0xfffffff9]8o/[0xfffffff3][0xffffffe5][0xffffffe1][0xffffffb9][0xffffffec][0xffffffab][0x14]FJ[0x1b][0xffffffe5]n%[0xfffffffe][0xffffff8e][0xffffffc0][0x1d]qw[0xffffffc4][0xffffffde][0x11]sG[0xfffffff4][0x1d]QwD&[0xffffffa2][0xffffff85]n[0xffffff84]:_&[0xffffffeb][0x1a][0xffffff89]w[0xffffffc4][0xffffffdf][0x11][0xffffffb8]#[0xffffffee][0xffffff8e]d[0xffffff9f]UO[0xffffffcc][0x1d][0xffffffd1]wD[0xffffffdd][0x11]9[0xffffff90][0x10]F[0xffffff80]#[0xfffffff0]#[0xffffff80][0x11][0xffffffb8][0x11][0xffffff8c][0xffffffde][0xffffff86][0xffffffd1][0xffffffd9]0[0xfffffffa][0x1a]FWC[0xfffffff2][0xffffff94][0xffffffde][0xffffff9b][0xe][0xffffff88][0xffffffe3][0xffffffe1][0xfffffff4][0xfffffff1][0xffffffbd]`[0xffffffc5][0x18][0xffffffc3][0xffffffb0][0xe]q[0x4]~[0x4]0[0x2]7[0x2];[0xffffff82][0x14][0xffffff80][0xffffffc6][0xe][0xffffffe8][0x11][0xffffffa4][0x0][0xffffffb4][0xffffffef][0xffffff80][0x1c][0xffffff80][0xf]#[0xffffffc8][0xffffff9e]B[0x7][0xfffffffc][0x8]`[0x4]n[0x4]v[0x4]f[0x4]z[0x4]j[0x4]r[0x0][0x10]F[0xffffff90]=u[0x1d][0xffffffc8][0xffffff9e][0xffffffda][0xe][0xffffffc0][0x8][0xffffffdc][0x8][0xffffffb2][0xffffffa7][0xffffffdd][0xb][0x4]f[0x4][0xffffffd9][0xffffffd3][0xffffffae][0xffffffec]!{[0xffffffda][0x15][0x5][0xffffffc8][0x1][0xffffffb8]0[0x2][0x1c][0xffffff81][0x1f]A[0xfffffff6]Tv[0xffffffc0]1[0xffffffe8][0xffffffbb][0xffffffda][0x1f][0xffffffef][0xfffffff3]y[0xffffffdb][0xfffffff5][0xffffffb2]%[0xffffffd9][0xffffffff][0xffffffa7][0xffffff97][0xffffffe5][0xffffff85][0xffffff97][0xffffffe5][0xfffffff9][0xfffffffa][0xffffffb9]=[0xffffffcf][0xffffffc5]b[0xffffff9d]6v[0xffffffb6][0xfffffffc]c[0xffffff96]!*[0xffffffeb][0x1c][0xffffffa4][0xf]S[0xfffffff0][0xffffff8c][0xffffff93][0xffffffec][0xffffffca]2[0xffffffc7]S[0xffffffe9]+[0xffffffd2][\n]"
09:49:35.787 [main] DEBUG org.apache.hc.client5.http.wire - http-outgoing-36 << "[0xffffff95][0xffffffcb]^[0xffffffd6]Q[0x17]*[0xffffff9c]^[0xffffffe4]N[0xffffffd5])][0xffffffb7][0xffffffa1][0xffffffd7][0xffffffb9][0x13]u[0xffffffc8][0xffffffd4][0xffffffdf]H:W)[0xfffffff4][0xffffff82][0xffffff8e][0xe][0xffffffaa][0xffffffd8][0xfffffff5]zNi[0xffffffc6][0xffffffb6][0xffffff97]s!Tjz1G[\n]"
09:49:35.787 [main] DEBUG org.apache.hc.client5.http.wire - http-outgoing-36 << "[0xffffffa0]P[0xffffffdd]K9[0xffffffa5]x[0xffffffb1][0xffffffea][0xffffff95]\[0x12]I[0x5][0xffffffcb]^[0xffffffc8]a[\r][0x1c]C/[0xffffffe3][0x0]*[0xffffffc5]A[0xffffffc3][0x15][0xffffffea]{[0x5]G[0xffffff92][0xffffffb5]P[0xffffffe8][0xfffffff5][K[0x11][0xffffffbd][0xfffffffd]7[0xfffffffa][0xffffffad]@[0xffffffdb][0xffffffc9]7[0xffffffac][0xffffff8e]Q[0x17][0xffffffb8][0x11]o[0x5][0xffffffea][[0xffffffed]V[0xffffffa0][0xffffffea][0xffffffa4][0xffffff9b][0xffffffe3][0xfffffff3]e[0xffffffa7][0xffffffdc][0xffffffd8]U[0xffffffea][\n]"
09:49:35.787 [main] DEBUG org.apache.hc.client5.http.wire - http-outgoing-36 << "7[0xffffffba][0xffffffad]@[0x1c]d[[0xffffffa1][0xffffffbe]Sm[0xffffff9e]!t[0xffffff9a][\r][0xffffffeb][0xfffffff1][0xffffffd4]&V[0xffffffc9][0xffffffc6][0xffffffde]S[0xffffffab]X[0x15][0x1b]%[0xffffffb8]R[0xffffffd3])6[0xffffffe0]Mu'[0xffffffd8][0xffffffb0]^8[0xfffffff5][0xffffff8d]U[0xffffffaf][0xffffffb5][0xffffffcb][0xffffffa2][0xffffffe6][0xffffffb1][0xffffffea]5[0xffffffac][0x17]K[\r]d[0xffffff95]k\[0xffffffd1][0xffffffd4]D:[0xffffffb5][0xffffffa6]j[0xffffffa8][0xffffffd4]Iz[0xffffffb1]V[0xffffffcf][0xffffffa2]v[0xffffffb2]j5[0xffffffcf][0xffffffbb][0xffffffba]N[0xffffffaa]q)S[Y[0xffffff85]Z+N[0xffffffea]-[0xffffff9d]P3[0xffffffd5]Wj0[0xffffff9d]NkgU}[0xffffff95][\r][0x17]z[0xffffffa3][0xffffffaa][0xffffffab]bTqU[0xffffff8c][0xffffffaa][0xffffffad][0xffffff8a]Q[0xffffffa5]U1[0xffffffaa][0xffffffb2]*F[0x15]V[0xffffffc5][0xffffffa8][0xffffffba][0xffffffaa][0x18][0xffffffaa][0x8][0xffffffa9]b[0xffffffc8][0xffffffce][0xffffffb0][0xffffffc9][0x3][0xfffffff6][0xffffffd8]&[0xf]L=[0xffffffc7]&[0xf]tM[0xffffff86][0xffffff85]b[0xffffffdc]([0xffffffb1][0xffffffc3][0xffffffee][0xffffffbc][0xffffffa4][0xffffffd6]3[0xfffffffd][0xffffffb2][0x7f][0xffffff99][0xffffffbb][0xffffffe6][0xfffffff5]v[0xffffff99][0x9][0xfffffffc]g[0xfffffff7][0xffffffda][0xffffffcf][0xffffffdf][0xffffffe6]c[0xffffffda]U[0xffffffbc][0xfffffff1][0xe][0xffffffb9][0xffffff95][0xffffffcd][0xffffffa7][0xffffffc7][0xffffff8f][0xffffffcb][0xffffffa6][0xffffffb1][0xffffffc7][0xffffffb4][0xffffffc9][0xffffffe6][0xffffffba],[0xffffffc7][0xffffffcb][0xffffffe6]s[0xfffffffe]R[0xffffffbb][0xffffffd9]C[0xffffffa2][0xffffffeb][0xffffffb0][0xffffffa9][0xffffff90]Z[0xffffffba][0xffffffc2]Jy[0xffffffd4]T[0xffffff9e][0xffffff94]0e[0xffffffb2]P[0x1e]4[0xffffff95][0xffffffd7][0xffffffb9][0xffffff90][0xb][0xffffffe5]1S[0x1][0xffffffa8]4[0x6][0x16][0xffffffca]C[0xffffffa6]rT[0x1f][0xffffff94][0xffffffbd]L[0xffffffdb][0xffffff88][0xffffffa9][0xffffff9c]B[0xffffffe1][0xffffffeb]im[0xffffffc0]T[0x16]h_[0xffffffa8][0xffffff94][0xffffffc7]K[0x12][0xffffffe6][0xffffffe9][0xffffffe3][ [0xffffffcf][0xffffff96][0xffffffca][0xfffffff8][0xfffffff4][0xffffffa9][0xffffffab][0xffffff94]'K[0x1a][0x12][\r]u[0xffffffb0]Jy[0xffffffae]T[0xffffff9a][0xffffffde]T[0xffffffcf];[0xfffffff0]TIc[0xffffff80]mA[0xffffffb4][0xffffff91]Ri*\[0xffffff92][0xffffffe9][0xffffff85][0xfffffff2]@[0xffffffa9][0xffffffb4][0xffffff92][0xffffffeb][0xffffffbe]<N[0xffffff92]"
09:49:35.787 [main] DEBUG org.apache.hc.client5.http.wire - http-outgoing-36 << "[0xffffffb2]ui[0xffffffa8]I[0xffffff94][0xffffff87]Ij[0xfffffffd][0xffffffa9]Q[0x14]VGI[0xffffff95][0xffffffa2][0xffffffab][0xffffff89][0xffffffe1]9[0xffffff92]B[0xffffffd3][0xffffff8d][0xffffffd5])[0xffffff92]b[0xffffffb0][0xffffff8d][0xffffffd5][0x19][0xffffff92][0xffffffbc]j'[0xfffffff3][0x4][0x19][0xffffffa8][0xffffffc7][0x18]UP[0xffffff9d][0x1e][0x3][0xffffffa5][0xffffffde][0xffffffd4]Uut[0xc]r=[0xffffffa0][0xffffff8e][0xffffff8d][0xffffff98]:]}[0xffffffb0][0xffffff8e][0xffffff8c]H[0xffffff81][0x15][0xffffffc2][0xffffffe3]b[0xffffffba][0xfffffff1]r1<*z[0xffffffca]m}[0xffffff8c][0xffffffe7]D[0xffffff80]P[0xffffffaf][0xffffff84]gD[0xffffffa0][0xffffff92][0xffffff80][0xffffff92][0xb][0x1e][0x10]]Jp]U[0xffffffa7]C[0xffffff97][0xffffff95]E&<[0x19]Rkp[0xfffffff5]<[0xffffffea]^[0xffffffa5]{[0x6][0xfffffff6][0xffffff89][0x7]E[0xfffffffa][0xffffffce][0xffffffd6][0xffffffab]jC"ELu[0xffffff97]Y[0xffffff9b][0x10]S[0xffffffcd][0x16]R[0xffffffa7]C[0xffffffed][0xffffffb9]tx0[0xffffffd4][0xffffffa6][0xffffff91]:[0x14][0xffffffa6][0xffffffb6]XI[0xffffff9d][0x7][0xffffff95][0xffffffa1][0xffffff81][0xffffffb9] k[0xffffffe3][0xfffffffb]y~<[0xffffff9c].[0xffffffd7][0xffffffed][0xfffffff1]8[0xffffffef][0xb][0xffffffd4][0x11][0xffffffd2][0xffffff97][0xffffffdd][0xffffff94]:[0xffffffb1]*R[0xb][0x3][0x1d]J[0xfffffff8]VF[0xffffffea][0xffffff93][0xfffffff4][0xffffffb5]+[0xfffffff7]a0[0xffffffd2][0xffffff8b]eM([0xffffffa6]NM[0xffffff87]n[0x1a]K[0xffffff8d]h*[0xffffffa6]t[0xffffffc9][0xffffffd4][0xffffff93][0xfffffffe][0x1][0xffffffa9][0xffffff9e].[0xffffff9b][0xffffffd3][0x12][0x0][0x0]"
09:49:35.787 [main] DEBUG org.apache.hc.client5.http.impl.classic.InternalHttpClient - ep-00000032: releasing valid endpoint
09:49:35.787 [main] DEBUG org.apache.hc.client5.http.impl.io.PoolingHttpClientConnectionManager - ep-00000032: releasing endpoint
09:49:35.787 [main] DEBUG org.apache.hc.client5.http.impl.io.PoolingHttpClientConnectionManager - ep-00000032: connection http-outgoing-36 can be kept alive for 3 MINUTES
09:49:35.787 [main] DEBUG org.apache.hc.client5.http.impl.io.PoolingHttpClientConnectionManager - ep-00000032: connection released [route: {s}->https://raw.githubusercontent.com:443][total available: 1; route allocated: 1 of 5; total allocated: 2 of 25]
09:49:35.787 [main] DEBUG io.github.bonigarcia.wdm.versions.VersionDetector - Driver for chrome117 not found in online properties (using local versions.properties)
09:49:35.787 [main] DEBUG io.github.bonigarcia.wdm.WebDriverManager - The driver version for CHROME 117 is unknown ... trying with latest
09:49:35.796 [main] DEBUG org.apache.hc.client5.http.impl.classic.InternalHttpClient - ex-00000034: preparing request execution
09:49:35.796 [main] DEBUG org.apache.hc.client5.http.protocol.RequestAddCookies - Cookie spec selected: strict
09:49:35.796 [main] DEBUG org.apache.hc.client5.http.protocol.RequestAuthCache - Auth cache not set in the context
09:49:35.796 [main] DEBUG org.apache.hc.client5.http.impl.classic.ProtocolExec - ex-00000034: target auth state: UNCHALLENGED
09:49:35.796 [main] DEBUG org.apache.hc.client5.http.impl.classic.ProtocolExec - ex-00000034: proxy auth state: UNCHALLENGED
09:49:35.796 [main] DEBUG org.apache.hc.client5.http.impl.classic.ConnectExec - ex-00000034: acquiring connection with route {s}->https://chromedriver.storage.googleapis.com:443
09:49:35.796 [main] DEBUG org.apache.hc.client5.http.impl.classic.InternalHttpClient - ex-00000034: acquiring endpoint (3 MINUTES)
09:49:35.796 [main] DEBUG org.apache.hc.client5.http.impl.io.PoolingHttpClientConnectionManager - ex-00000034: endpoint lease request (3 MINUTES) [route: {s}->https://chromedriver.storage.googleapis.com:443][total available: 1; route allocated: 1 of 5; total allocated: 2 of 25]
09:49:35.796 [main] DEBUG org.apache.hc.client5.http.impl.io.PoolingHttpClientConnectionManager - ex-00000034: endpoint leased [route: {s}->https://chromedriver.storage.googleapis.com:443][total available: 1; route allocated: 2 of 5; total allocated: 3 of 25]
09:49:35.796 [main] DEBUG org.apache.hc.client5.http.impl.io.PoolingHttpClientConnectionManager - ex-00000034: acquired ep-00000033
09:49:35.796 [main] DEBUG org.apache.hc.client5.http.impl.classic.InternalHttpClient - ex-00000034: acquired endpoint ep-00000033
09:49:35.796 [main] DEBUG org.apache.hc.client5.http.impl.classic.ConnectExec - ex-00000034: opening connection {s}->https://chromedriver.storage.googleapis.com:443
09:49:35.796 [main] DEBUG org.apache.hc.client5.http.impl.classic.InternalHttpClient - ep-00000033: connecting endpoint (30 SECONDS)
09:49:35.796 [main] DEBUG org.apache.hc.client5.http.impl.io.PoolingHttpClientConnectionManager - ep-00000033: connecting endpoint to https://chromedriver.storage.googleapis.com:443 (30 SECONDS)
09:49:35.796 [main] DEBUG org.apache.hc.client5.http.impl.io.DefaultHttpClientConnectionOperator - http-outgoing-38: connecting to chromedriver.storage.googleapis.com/34.101.5.123:443
09:49:35.796 [main] DEBUG org.apache.hc.client5.http.ssl.SSLConnectionSocketFactory - Connecting socket to chromedriver.storage.googleapis.com/34.101.5.123:443 with timeout 30 SECONDS
09:49:35.807 [main] DEBUG org.apache.hc.client5.http.ssl.SSLConnectionSocketFactory - Enabled protocols: [TLSv1.3, TLSv1.2]
09:49:35.807 [main] DEBUG org.apache.hc.client5.http.ssl.SSLConnectionSocketFactory - Enabled cipher suites: [TLS_AES_256_GCM_SHA384, TLS_AES_128_GCM_SHA256, TLS_CHACHA20_POLY1305_SHA256, TLS_ECDHE_ECDSA_WITH_AES_256_GCM_SHA384, TLS_ECDHE_ECDSA_WITH_AES_128_GCM_SHA256, TLS_ECDHE_ECDSA_WITH_CHACHA20_POLY1305_SHA256, TLS_ECDHE_RSA_WITH_AES_256_GCM_SHA384, TLS_ECDHE_RSA_WITH_CHACHA20_POLY1305_SHA256, TLS_ECDHE_RSA_WITH_AES_128_GCM_SHA256, TLS_DHE_RSA_WITH_AES_256_GCM_SHA384, TLS_DHE_RSA_WITH_CHACHA20_POLY1305_SHA256, TLS_DHE_DSS_WITH_AES_256_GCM_SHA384, TLS_DHE_RSA_WITH_AES_128_GCM_SHA256, TLS_DHE_DSS_WITH_AES_128_GCM_SHA256, TLS_ECDHE_ECDSA_WITH_AES_256_CBC_SHA384, TLS_ECDHE_RSA_WITH_AES_256_CBC_SHA384, TLS_ECDHE_ECDSA_WITH_AES_128_CBC_SHA256, TLS_ECDHE_RSA_WITH_AES_128_CBC_SHA256, TLS_DHE_RSA_WITH_AES_256_CBC_SHA256, TLS_DHE_DSS_WITH_AES_256_CBC_SHA256, TLS_DHE_RSA_WITH_AES_128_CBC_SHA256, TLS_DHE_DSS_WITH_AES_128_CBC_SHA256, TLS_ECDH_ECDSA_WITH_AES_256_GCM_SHA384, TLS_ECDH_RSA_WITH_AES_256_GCM_SHA384, TLS_ECDH_ECDSA_WITH_AES_128_GCM_SHA256, TLS_ECDH_RSA_WITH_AES_128_GCM_SHA256, TLS_ECDH_ECDSA_WITH_AES_256_CBC_SHA384, TLS_ECDH_RSA_WITH_AES_256_CBC_SHA384, TLS_ECDH_ECDSA_WITH_AES_128_CBC_SHA256, TLS_ECDH_RSA_WITH_AES_128_CBC_SHA256, TLS_ECDHE_ECDSA_WITH_AES_256_CBC_SHA, TLS_ECDHE_RSA_WITH_AES_256_CBC_SHA, TLS_ECDHE_ECDSA_WITH_AES_128_CBC_SHA, TLS_ECDHE_RSA_WITH_AES_128_CBC_SHA, TLS_DHE_RSA_WITH_AES_256_CBC_SHA, TLS_DHE_DSS_WITH_AES_256_CBC_SHA, TLS_DHE_RSA_WITH_AES_128_CBC_SHA, TLS_DHE_DSS_WITH_AES_128_CBC_SHA, TLS_ECDH_ECDSA_WITH_AES_256_CBC_SHA, TLS_ECDH_RSA_WITH_AES_256_CBC_SHA, TLS_ECDH_ECDSA_WITH_AES_128_CBC_SHA, TLS_ECDH_RSA_WITH_AES_128_CBC_SHA, TLS_RSA_WITH_AES_256_GCM_SHA384, TLS_RSA_WITH_AES_128_GCM_SHA256, TLS_RSA_WITH_AES_256_CBC_SHA256, TLS_RSA_WITH_AES_128_CBC_SHA256, TLS_RSA_WITH_AES_256_CBC_SHA, TLS_RSA_WITH_AES_128_CBC_SHA, TLS_EMPTY_RENEGOTIATION_INFO_SCSV]
09:49:35.807 [main] DEBUG org.apache.hc.client5.http.ssl.SSLConnectionSocketFactory - Starting handshake
09:49:35.844 [main] DEBUG org.apache.hc.client5.http.ssl.SSLConnectionSocketFactory - Secure session established
09:49:35.844 [main] DEBUG org.apache.hc.client5.http.ssl.SSLConnectionSocketFactory -  negotiated protocol: TLSv1.3
09:49:35.844 [main] DEBUG org.apache.hc.client5.http.ssl.SSLConnectionSocketFactory -  negotiated cipher suite: TLS_AES_256_GCM_SHA384
09:49:35.844 [main] DEBUG org.apache.hc.client5.http.ssl.SSLConnectionSocketFactory -  peer principal: CN=*.storage.googleapis.com
09:49:35.844 [main] DEBUG org.apache.hc.client5.http.ssl.SSLConnectionSocketFactory -  peer alternative names: [*.storage.googleapis.com, *.googleapis.com, commondatastorage.googleapis.com, *.commondatastorage.googleapis.com, storage.googleapis.com, storage-p2.googleapis.com, *.storage-p2.googleapis.com, storage.mtls.googleapis.com, *.appspot.com.storage.googleapis.com, *.content-storage.googleapis.com, *.content-storage-p2.googleapis.com, *.content-storage-upload.googleapis.com, *.content-storage-download.googleapis.com, *.storage-upload.googleapis.com, *.storage-download.googleapis.com]
09:49:35.844 [main] DEBUG org.apache.hc.client5.http.ssl.SSLConnectionSocketFactory -  issuer principal: CN=GTS CA 1C3, O=Google Trust Services LLC, C=US
09:49:35.844 [main] DEBUG org.apache.hc.client5.http.impl.io.DefaultHttpClientConnectionOperator - http-outgoing-38: connection established 192.168.100.42:64541<->34.101.5.123:443
09:49:35.844 [main] DEBUG org.apache.hc.client5.http.impl.io.PoolingHttpClientConnectionManager - ep-00000033: connected http-outgoing-38
09:49:35.844 [main] DEBUG org.apache.hc.client5.http.impl.classic.InternalHttpClient - ep-00000033: endpoint connected
09:49:35.844 [main] DEBUG org.apache.hc.client5.http.impl.classic.MainClientExec - ex-00000034: executing GET /LATEST_RELEASE HTTP/1.1
09:49:35.844 [main] DEBUG org.apache.hc.client5.http.impl.classic.InternalHttpClient - ep-00000033: start execution ex-00000034
09:49:35.844 [main] DEBUG org.apache.hc.client5.http.impl.io.PoolingHttpClientConnectionManager - ep-00000033: executing exchange ex-00000034 over http-outgoing-38
09:49:35.844 [main] DEBUG org.apache.hc.client5.http.headers - http-outgoing-38 >> GET /LATEST_RELEASE HTTP/1.1
09:49:35.844 [main] DEBUG org.apache.hc.client5.http.headers - http-outgoing-38 >> user-agent: Apache-HttpClient/5.0
09:49:35.844 [main] DEBUG org.apache.hc.client5.http.headers - http-outgoing-38 >> accept-encoding: gzip, deflate, br
09:49:35.844 [main] DEBUG org.apache.hc.client5.http.headers - http-outgoing-38 >> cache-control: max-age=0
09:49:35.844 [main] DEBUG org.apache.hc.client5.http.headers - http-outgoing-38 >> connection: keep-alive
09:49:35.844 [main] DEBUG org.apache.hc.client5.http.headers - http-outgoing-38 >> Host: chromedriver.storage.googleapis.com
09:49:35.844 [main] DEBUG org.apache.hc.client5.http.wire - http-outgoing-38 >> "GET /LATEST_RELEASE HTTP/1.1[\r][\n]"
09:49:35.844 [main] DEBUG org.apache.hc.client5.http.wire - http-outgoing-38 >> "user-agent: Apache-HttpClient/5.0[\r][\n]"
09:49:35.844 [main] DEBUG org.apache.hc.client5.http.wire - http-outgoing-38 >> "accept-encoding: gzip, deflate, br[\r][\n]"
09:49:35.844 [main] DEBUG org.apache.hc.client5.http.wire - http-outgoing-38 >> "cache-control: max-age=0[\r][\n]"
09:49:35.844 [main] DEBUG org.apache.hc.client5.http.wire - http-outgoing-38 >> "connection: keep-alive[\r][\n]"
09:49:35.844 [main] DEBUG org.apache.hc.client5.http.wire - http-outgoing-38 >> "Host: chromedriver.storage.googleapis.com[\r][\n]"
09:49:35.844 [main] DEBUG org.apache.hc.client5.http.wire - http-outgoing-38 >> "[\r][\n]"
09:49:35.860 [main] DEBUG org.apache.hc.client5.http.wire - http-outgoing-38 << "HTTP/1.1 200 OK[\r][\n]"
09:49:35.860 [main] DEBUG org.apache.hc.client5.http.wire - http-outgoing-38 << "X-GUploader-UploadID: ADPycdvnFAnOhlWGbRtUpcGBi5W3y6qEtkvwOJmj2uBu_cu5oupNFxxPFqsoSfNAPIUhE78QrkhmBqvlUQiAPhzQ2QAWS0sveOv3[\r][\n]"
09:49:35.860 [main] DEBUG org.apache.hc.client5.http.wire - http-outgoing-38 << "x-goog-generation: 1685523462105569[\r][\n]"
09:49:35.860 [main] DEBUG org.apache.hc.client5.http.wire - http-outgoing-38 << "x-goog-metageneration: 1[\r][\n]"
09:49:35.860 [main] DEBUG org.apache.hc.client5.http.wire - http-outgoing-38 << "x-goog-stored-content-encoding: identity[\r][\n]"
09:49:35.860 [main] DEBUG org.apache.hc.client5.http.wire - http-outgoing-38 << "x-goog-stored-content-length: 13[\r][\n]"
09:49:35.860 [main] DEBUG org.apache.hc.client5.http.wire - http-outgoing-38 << "x-goog-hash: crc32c=tVW4TA==[\r][\n]"
09:49:35.860 [main] DEBUG org.apache.hc.client5.http.wire - http-outgoing-38 << "x-goog-hash: md5=NoaEuIlBlniwTkiZ1T16sA==[\r][\n]"
09:49:35.860 [main] DEBUG org.apache.hc.client5.http.wire - http-outgoing-38 << "x-goog-storage-class: STANDARD[\r][\n]"
09:49:35.860 [main] DEBUG org.apache.hc.client5.http.wire - http-outgoing-38 << "Accept-Ranges: bytes[\r][\n]"
09:49:35.860 [main] DEBUG org.apache.hc.client5.http.wire - http-outgoing-38 << "Content-Length: 13[\r][\n]"
09:49:35.860 [main] DEBUG org.apache.hc.client5.http.wire - http-outgoing-38 << "Server: UploadServer[\r][\n]"
09:49:35.860 [main] DEBUG org.apache.hc.client5.http.wire - http-outgoing-38 << "Date: Sat, 30 Sep 2023 02:46:28 GMT[\r][\n]"
09:49:35.860 [main] DEBUG org.apache.hc.client5.http.wire - http-outgoing-38 << "Expires: Sat, 30 Sep 2023 03:46:28 GMT[\r][\n]"
09:49:35.860 [main] DEBUG org.apache.hc.client5.http.wire - http-outgoing-38 << "Cache-Control: public, max-age=3600[\r][\n]"
09:49:35.860 [main] DEBUG org.apache.hc.client5.http.wire - http-outgoing-38 << "Age: 198[\r][\n]"
09:49:35.860 [main] DEBUG org.apache.hc.client5.http.wire - http-outgoing-38 << "Last-Modified: Wed, 31 May 2023 08:57:42 GMT[\r][\n]"
09:49:35.860 [main] DEBUG org.apache.hc.client5.http.wire - http-outgoing-38 << "ETag: "368684b889419678b04e4899d53d7ab0"[\r][\n]"
09:49:35.860 [main] DEBUG org.apache.hc.client5.http.wire - http-outgoing-38 << "Content-Type: text/plain[\r][\n]"
09:49:35.860 [main] DEBUG org.apache.hc.client5.http.wire - http-outgoing-38 << "Alt-Svc: h3=":443"; ma=2592000,h3-29=":443"; ma=2592000[\r][\n]"
09:49:35.860 [main] DEBUG org.apache.hc.client5.http.wire - http-outgoing-38 << "[\r][\n]"
09:49:35.860 [main] DEBUG org.apache.hc.client5.http.wire - http-outgoing-38 << "114.0.5735.90"
09:49:35.860 [main] DEBUG org.apache.hc.client5.http.headers - http-outgoing-38 << HTTP/1.1 200 OK
09:49:35.860 [main] DEBUG org.apache.hc.client5.http.headers - http-outgoing-38 << X-GUploader-UploadID: ADPycdvnFAnOhlWGbRtUpcGBi5W3y6qEtkvwOJmj2uBu_cu5oupNFxxPFqsoSfNAPIUhE78QrkhmBqvlUQiAPhzQ2QAWS0sveOv3
09:49:35.860 [main] DEBUG org.apache.hc.client5.http.headers - http-outgoing-38 << x-goog-generation: 1685523462105569
09:49:35.860 [main] DEBUG org.apache.hc.client5.http.headers - http-outgoing-38 << x-goog-metageneration: 1
09:49:35.860 [main] DEBUG org.apache.hc.client5.http.headers - http-outgoing-38 << x-goog-stored-content-encoding: identity
09:49:35.860 [main] DEBUG org.apache.hc.client5.http.headers - http-outgoing-38 << x-goog-stored-content-length: 13
09:49:35.860 [main] DEBUG org.apache.hc.client5.http.headers - http-outgoing-38 << x-goog-hash: crc32c=tVW4TA==
09:49:35.860 [main] DEBUG org.apache.hc.client5.http.headers - http-outgoing-38 << x-goog-hash: md5=NoaEuIlBlniwTkiZ1T16sA==
09:49:35.860 [main] DEBUG org.apache.hc.client5.http.headers - http-outgoing-38 << x-goog-storage-class: STANDARD
09:49:35.860 [main] DEBUG org.apache.hc.client5.http.headers - http-outgoing-38 << Accept-Ranges: bytes
09:49:35.860 [main] DEBUG org.apache.hc.client5.http.headers - http-outgoing-38 << Content-Length: 13
09:49:35.860 [main] DEBUG org.apache.hc.client5.http.headers - http-outgoing-38 << Server: UploadServer
09:49:35.860 [main] DEBUG org.apache.hc.client5.http.headers - http-outgoing-38 << Date: Sat, 30 Sep 2023 02:46:28 GMT
09:49:35.860 [main] DEBUG org.apache.hc.client5.http.headers - http-outgoing-38 << Expires: Sat, 30 Sep 2023 03:46:28 GMT
09:49:35.860 [main] DEBUG org.apache.hc.client5.http.headers - http-outgoing-38 << Cache-Control: public, max-age=3600
09:49:35.860 [main] DEBUG org.apache.hc.client5.http.headers - http-outgoing-38 << Age: 198
09:49:35.860 [main] DEBUG org.apache.hc.client5.http.headers - http-outgoing-38 << Last-Modified: Wed, 31 May 2023 08:57:42 GMT
09:49:35.860 [main] DEBUG org.apache.hc.client5.http.headers - http-outgoing-38 << ETag: "368684b889419678b04e4899d53d7ab0"
09:49:35.860 [main] DEBUG org.apache.hc.client5.http.headers - http-outgoing-38 << Content-Type: text/plain
09:49:35.860 [main] DEBUG org.apache.hc.client5.http.headers - http-outgoing-38 << Alt-Svc: h3=":443"; ma=2592000,h3-29=":443"; ma=2592000
09:49:35.860 [main] DEBUG org.apache.hc.client5.http.impl.classic.MainClientExec - ex-00000034: connection can be kept alive for 3 MINUTES
09:49:35.860 [main] DEBUG org.apache.hc.client5.http.impl.classic.InternalHttpClient - ep-00000033: releasing valid endpoint
09:49:35.860 [main] DEBUG org.apache.hc.client5.http.impl.io.PoolingHttpClientConnectionManager - ep-00000033: releasing endpoint
09:49:35.860 [main] DEBUG org.apache.hc.client5.http.impl.io.PoolingHttpClientConnectionManager - ep-00000033: connection http-outgoing-38 can be kept alive for 3 MINUTES
09:49:35.860 [main] DEBUG org.apache.hc.client5.http.impl.io.PoolingHttpClientConnectionManager - ep-00000033: connection released [route: {s}->https://chromedriver.storage.googleapis.com:443][total available: 2; route allocated: 2 of 5; total allocated: 3 of 25]
09:49:35.860 [main] DEBUG io.github.bonigarcia.wdm.versions.VersionDetector - Latest version of chromedriver according to https://chromedriver.storage.googleapis.com/LATEST_RELEASE is 114.0.5735.90
09:49:35.860 [main] DEBUG io.github.bonigarcia.wdm.WebDriverManager - Driver chromedriver 114.0.5735.90 found in cache
09:49:35.860 [main] INFO io.github.bonigarcia.wdm.WebDriverManager - Exporting webdriver.chrome.driver as C:\Users\Bagas Dwi Saputra\.cache\selenium\chromedriver\win32\114.0.5735.90\chromedriver.exe
09:49:35.938 [main] DEBUG net.thucydides.core.reflection.ClassFinder - Could not load class net.serenitybdd.rest.utils.RestSpecificationFactory
09:49:36.020 [main] DEBUG net.thucydides.core.reflection.ClassFinder - Could not load class net.serenitybdd.rest.utils.RestSpecificationFactory
09:49:36.020 [main] INFO net.serenitybdd.core.webdriver.driverproviders.ProvideNewDriver - Instantiating driver
09:49:36.021 [main] INFO net.serenitybdd.core.webdriver.driverproviders.ProvideNewDriver - Driver capabilities: Capabilities {acceptInsecureCerts: false, base.url: https://app.jubelio.com, browserName: chrome, chrome.driver: src/test/resources/webdrive..., driver: chrome, goog:chromeOptions: {args: [], extensions: []}, loggingPrefs: org.openqa.selenium.logging...}
09:49:36.886 [main] DEBUG net.thucydides.core.reflection.ClassFinder - Could not load class net.serenitybdd.rest.utils.RestSpecificationFactory
09:49:38.818 [main] DEBUG net.serenitybdd.core.photography.Darkroom - Send negative for processing for target\site\serenity\052c5b469c1d4446469966ca896065f44ec023beb76d3e51b2757769cc45fc75.png
09:49:38.819 [main] DEBUG net.thucydides.core.steps.StepInterceptor - STEP DONE: openLink
09:49:38.822 [main] DEBUG net.thucydides.core.steps.StepInterceptor - STARTING STEP: LoginSteps.fillsInTheWithValidDataEmail - fills in the {string} with valid data email
09:49:39.128 [main] DEBUG net.serenitybdd.core.photography.Darkroom - Send negative for processing for target\site\serenity\104422f2cefbdf6837d9bc86354fe896b0dec713dd1c9ff1fe39944c0cae5eee.png
09:49:39.128 [main] DEBUG net.thucydides.core.steps.StepInterceptor - STEP DONE: fills in the {string} with valid data email
  &amp#27;[32mGiven &amp#27;[0m&amp#27;[32mfills in the &amp#27;[0m&amp#27;[32m&amp#27;[1m"qa.rakamin.jubelio@gmail.com"&amp#27;[0m&amp#27;[32m with valid data email&amp#27;[0m &amp#27;[90m# starter.stepdefinitios.LoginSteps.fillsInTheWithValidDataEmail(java.lang.String)&amp#27;[0m
09:49:39.862 [main] DEBUG net.serenitybdd.core.photography.Darkroom - Send negative for processing for target\site\serenity\e7837109ae6ac24b6e95db22d938a2dacf9b87521184516e4883afec272e8cba.png
09:49:39.862 [main] DEBUG net.thucydides.core.steps.StepInterceptor - STARTING STEP: LoginSteps.fillInTheWithValidDataPass - fill in the {string} with valid data pass
09:49:39.862 [Darkroom Processing Line] DEBUG net.serenitybdd.core.photography.DarkroomProcessingLine - Processing screenshot image in /var/screenshots/screenshot-235659761897936652
09:49:39.862 [Darkroom Processing Line] DEBUG net.serenitybdd.core.photography.DarkroomProcessingLine - Saving screenshot to target\site\serenity\e7837109ae6ac24b6e95db22d938a2dacf9b87521184516e4883afec272e8cba.png
09:49:40.115 [main] DEBUG net.serenitybdd.core.photography.Darkroom - Send negative for processing for target\site\serenity\9383941d0724d5f4644df2555afa0ea2f7dee9f8c537ba53bc21d13f073f4d7f.png
09:49:40.116 [main] DEBUG net.thucydides.core.steps.StepInterceptor - STEP DONE: fill in the {string} with valid data pass
  &amp#27;[32mAnd &amp#27;[0m&amp#27;[32mfill in the &amp#27;[0m&amp#27;[32m&amp#27;[1m""&amp#27;[0m&amp#27;[32m with valid data pass&amp#27;[0m                                 &amp#27;[90m# starter.stepdefinitios.LoginSteps.fillInTheWithValidDataPass(java.lang.String)&amp#27;[0m
09:49:40.116 [Darkroom Processing Line] DEBUG net.serenitybdd.core.photography.DarkroomProcessingLine - Processing screenshot image in /var/screenshots/screenshot-130620120505022633
09:49:40.116 [Darkroom Processing Line] DEBUG net.serenitybdd.core.photography.DarkroomProcessingLine - Saving screenshot to target\site\serenity\9383941d0724d5f4644df2555afa0ea2f7dee9f8c537ba53bc21d13f073f4d7f.png
09:49:40.124 [main] DEBUG net.thucydides.core.steps.StepInterceptor - STARTING STEP: LoginSteps.clickTheLoginButton - clickbtnlogin
09:49:40.467 [main] DEBUG net.serenitybdd.core.photography.Darkroom - Send negative for processing for target\site\serenity\095ce811993a2bbaaebfc47987667a063c76522e9d533848ab43db6a25e4c042.png
09:49:40.467 [main] DEBUG net.thucydides.core.steps.StepInterceptor - STEP DONE: clickbtnlogin
09:49:40.467 [Darkroom Processing Line] DEBUG net.serenitybdd.core.photography.DarkroomProcessingLine - Processing screenshot image in /var/screenshots/screenshot-15576802133559191806
09:49:40.467 [Darkroom Processing Line] DEBUG net.serenitybdd.core.photography.DarkroomProcessingLine - Saving screenshot to target\site\serenity\095ce811993a2bbaaebfc47987667a063c76522e9d533848ab43db6a25e4c042.png
  &amp#27;[32mWhen &amp#27;[0m&amp#27;[32mclick the login button&amp#27;[0m                                             &amp#27;[90m# starter.stepdefinitios.LoginSteps.clickTheLoginButton()&amp#27;[0m
09:49:41.174 [main] DEBUG net.serenitybdd.core.photography.Darkroom - Send negative for processing for target\site\serenity\bb018603b16df3f2a8bf84bd808714354ba291f8059c02f98b59c48105640fbe.png
09:49:41.175 [Darkroom Processing Line] DEBUG net.serenitybdd.core.photography.DarkroomProcessingLine - Processing screenshot image in /var/screenshots/screenshot-4812060498669112386
09:49:41.175 [Darkroom Processing Line] DEBUG net.serenitybdd.core.photography.DarkroomProcessingLine - Saving screenshot to target\site\serenity\bb018603b16df3f2a8bf84bd808714354ba291f8059c02f98b59c48105640fbe.png
09:49:41.180 [main] DEBUG net.thucydides.core.steps.StepInterceptor - STARTING STEP: LoginSteps.validatePageHomeOrError - validate page home or error {string}
09:49:41.826 [main] DEBUG net.serenitybdd.core.photography.Darkroom - Send negative for processing for target\site\serenity\d50c55efa0a8365241ec25826d84cae1ded38bbef2171d7a4af5fc021c9582ff.png
09:49:41.826 [main] DEBUG net.thucydides.core.steps.StepInterceptor - STEP DONE: validate page home or error {string}
  &amp#27;[32mThen &amp#27;[0m&amp#27;[32mvalidate page home or error &amp#27;[0m&amp#27;[32m&amp#27;[1m"Password harus diisi."&amp#27;[0m                &amp#27;[90m# starter.stepdefinitios.LoginSteps.validatePageHomeOrError(java.lang.String)&amp#27;[0m
09:49:41.826 [Darkroom Processing Line] DEBUG net.serenitybdd.core.photography.DarkroomProcessingLine - Processing screenshot image in /var/screenshots/screenshot-2908432472480010317
09:49:41.826 [Darkroom Processing Line] DEBUG net.serenitybdd.core.photography.DarkroomProcessingLine - Saving screenshot to target\site\serenity\d50c55efa0a8365241ec25826d84cae1ded38bbef2171d7a4af5fc021c9582ff.png
]]></system-out>
    <system-err><![CDATA[Starting ChromeDriver 117.0.5938.88 (be6afae4721209be42944bbcd325665f9f44563b-refs/branch-heads/5938_62@{#9}) on port 63283
Only local connections are allowed.
Please see https://chromedriver.chromium.org/security-considerations for suggestions on keeping ChromeDriver safe.
ChromeDriver was started successfully.
Sep 30, 2023 9:49:36 AM org.openqa.selenium.remote.ProtocolHandshake createSession
INFO: Detected dialect: W3C
]]></system-err>
  </testcase>
  <testcase name="Login Account #8" classname="Login Account at app.jubelio" time="7.239">
    <system-out><![CDATA[
@Login
Scenario Outline: Login Account                                           &amp#27;[90m# src/test/resources/features/user/login.feature:18&amp#27;[0m
09:49:41.981 [main] INFO io.cucumber.core.plugin.SerenityReporter - Running feature from file:///D:/QE/Automation/Jubelio-Website/src/test/resources/features/user/login.feature
09:49:42.493 [main] DEBUG net.thucydides.core.steps.StepInterceptor - STARTING STEP: LoginSteps.fillsInTheWithValidDataEmail - openLink
09:49:42.493 [main] INFO net.serenitybdd.core.webdriver.driverproviders.ChromeDriverProvider - Using automatically driver download
09:49:42.511 [main] DEBUG org.apache.hc.client5.http.impl.classic.InternalHttpClient - ex-00000035: preparing request execution
09:49:42.511 [main] DEBUG org.apache.hc.client5.http.protocol.RequestAddCookies - Cookie spec selected: strict
09:49:42.511 [main] DEBUG org.apache.hc.client5.http.protocol.RequestAuthCache - Auth cache not set in the context
09:49:42.511 [main] DEBUG org.apache.hc.client5.http.impl.classic.ProtocolExec - ex-00000035: target auth state: UNCHALLENGED
09:49:42.511 [main] DEBUG org.apache.hc.client5.http.impl.classic.ProtocolExec - ex-00000035: proxy auth state: UNCHALLENGED
09:49:42.511 [main] DEBUG org.apache.hc.client5.http.impl.classic.ConnectExec - ex-00000035: acquiring connection with route {s}->https://raw.githubusercontent.com:443
09:49:42.511 [main] DEBUG org.apache.hc.client5.http.impl.classic.InternalHttpClient - ex-00000035: acquiring endpoint (3 MINUTES)
09:49:42.511 [main] DEBUG org.apache.hc.client5.http.impl.io.PoolingHttpClientConnectionManager - ex-00000035: endpoint lease request (3 MINUTES) [route: {s}->https://raw.githubusercontent.com:443][total available: 0; route allocated: 0 of 5; total allocated: 0 of 25]
09:49:42.511 [main] DEBUG org.apache.hc.client5.http.impl.io.PoolingHttpClientConnectionManager - ex-00000035: endpoint leased [route: {s}->https://raw.githubusercontent.com:443][total available: 0; route allocated: 1 of 5; total allocated: 1 of 25]
09:49:42.511 [main] DEBUG org.apache.hc.client5.http.impl.io.PoolingHttpClientConnectionManager - ex-00000035: acquired ep-00000034
09:49:42.511 [main] DEBUG org.apache.hc.client5.http.impl.classic.InternalHttpClient - ex-00000035: acquired endpoint ep-00000034
09:49:42.511 [main] DEBUG org.apache.hc.client5.http.impl.classic.ConnectExec - ex-00000035: opening connection {s}->https://raw.githubusercontent.com:443
09:49:42.511 [main] DEBUG org.apache.hc.client5.http.impl.classic.InternalHttpClient - ep-00000034: connecting endpoint (30 SECONDS)
09:49:42.511 [main] DEBUG org.apache.hc.client5.http.impl.io.PoolingHttpClientConnectionManager - ep-00000034: connecting endpoint to https://raw.githubusercontent.com:443 (30 SECONDS)
09:49:42.511 [main] DEBUG org.apache.hc.client5.http.impl.io.DefaultHttpClientConnectionOperator - http-outgoing-39: connecting to raw.githubusercontent.com/185.199.108.133:443
09:49:42.511 [main] DEBUG org.apache.hc.client5.http.ssl.SSLConnectionSocketFactory - Connecting socket to raw.githubusercontent.com/185.199.108.133:443 with timeout 30 SECONDS
09:49:42.531 [main] DEBUG org.apache.hc.client5.http.ssl.SSLConnectionSocketFactory - Enabled protocols: [TLSv1.3, TLSv1.2]
09:49:42.531 [main] DEBUG org.apache.hc.client5.http.ssl.SSLConnectionSocketFactory - Enabled cipher suites: [TLS_AES_256_GCM_SHA384, TLS_AES_128_GCM_SHA256, TLS_CHACHA20_POLY1305_SHA256, TLS_ECDHE_ECDSA_WITH_AES_256_GCM_SHA384, TLS_ECDHE_ECDSA_WITH_AES_128_GCM_SHA256, TLS_ECDHE_ECDSA_WITH_CHACHA20_POLY1305_SHA256, TLS_ECDHE_RSA_WITH_AES_256_GCM_SHA384, TLS_ECDHE_RSA_WITH_CHACHA20_POLY1305_SHA256, TLS_ECDHE_RSA_WITH_AES_128_GCM_SHA256, TLS_DHE_RSA_WITH_AES_256_GCM_SHA384, TLS_DHE_RSA_WITH_CHACHA20_POLY1305_SHA256, TLS_DHE_DSS_WITH_AES_256_GCM_SHA384, TLS_DHE_RSA_WITH_AES_128_GCM_SHA256, TLS_DHE_DSS_WITH_AES_128_GCM_SHA256, TLS_ECDHE_ECDSA_WITH_AES_256_CBC_SHA384, TLS_ECDHE_RSA_WITH_AES_256_CBC_SHA384, TLS_ECDHE_ECDSA_WITH_AES_128_CBC_SHA256, TLS_ECDHE_RSA_WITH_AES_128_CBC_SHA256, TLS_DHE_RSA_WITH_AES_256_CBC_SHA256, TLS_DHE_DSS_WITH_AES_256_CBC_SHA256, TLS_DHE_RSA_WITH_AES_128_CBC_SHA256, TLS_DHE_DSS_WITH_AES_128_CBC_SHA256, TLS_ECDH_ECDSA_WITH_AES_256_GCM_SHA384, TLS_ECDH_RSA_WITH_AES_256_GCM_SHA384, TLS_ECDH_ECDSA_WITH_AES_128_GCM_SHA256, TLS_ECDH_RSA_WITH_AES_128_GCM_SHA256, TLS_ECDH_ECDSA_WITH_AES_256_CBC_SHA384, TLS_ECDH_RSA_WITH_AES_256_CBC_SHA384, TLS_ECDH_ECDSA_WITH_AES_128_CBC_SHA256, TLS_ECDH_RSA_WITH_AES_128_CBC_SHA256, TLS_ECDHE_ECDSA_WITH_AES_256_CBC_SHA, TLS_ECDHE_RSA_WITH_AES_256_CBC_SHA, TLS_ECDHE_ECDSA_WITH_AES_128_CBC_SHA, TLS_ECDHE_RSA_WITH_AES_128_CBC_SHA, TLS_DHE_RSA_WITH_AES_256_CBC_SHA, TLS_DHE_DSS_WITH_AES_256_CBC_SHA, TLS_DHE_RSA_WITH_AES_128_CBC_SHA, TLS_DHE_DSS_WITH_AES_128_CBC_SHA, TLS_ECDH_ECDSA_WITH_AES_256_CBC_SHA, TLS_ECDH_RSA_WITH_AES_256_CBC_SHA, TLS_ECDH_ECDSA_WITH_AES_128_CBC_SHA, TLS_ECDH_RSA_WITH_AES_128_CBC_SHA, TLS_RSA_WITH_AES_256_GCM_SHA384, TLS_RSA_WITH_AES_128_GCM_SHA256, TLS_RSA_WITH_AES_256_CBC_SHA256, TLS_RSA_WITH_AES_128_CBC_SHA256, TLS_RSA_WITH_AES_256_CBC_SHA, TLS_RSA_WITH_AES_128_CBC_SHA, TLS_EMPTY_RENEGOTIATION_INFO_SCSV]
09:49:42.541 [main] DEBUG org.apache.hc.client5.http.ssl.SSLConnectionSocketFactory - Starting handshake
09:49:42.588 [main] DEBUG org.apache.hc.client5.http.ssl.SSLConnectionSocketFactory - Secure session established
09:49:42.588 [main] DEBUG org.apache.hc.client5.http.ssl.SSLConnectionSocketFactory -  negotiated protocol: TLSv1.3
09:49:42.588 [main] DEBUG org.apache.hc.client5.http.ssl.SSLConnectionSocketFactory -  negotiated cipher suite: TLS_AES_256_GCM_SHA384
09:49:42.588 [main] DEBUG org.apache.hc.client5.http.ssl.SSLConnectionSocketFactory -  peer principal: CN=*.github.io, O="GitHub, Inc.", L=San Francisco, ST=California, C=US
09:49:42.588 [main] DEBUG org.apache.hc.client5.http.ssl.SSLConnectionSocketFactory -  peer alternative names: [*.github.io, github.io, *.github.com, github.com, www.github.com, *.githubusercontent.com, githubusercontent.com]
09:49:42.588 [main] DEBUG org.apache.hc.client5.http.ssl.SSLConnectionSocketFactory -  issuer principal: CN=DigiCert TLS RSA SHA256 2020 CA1, O=DigiCert Inc, C=US
09:49:42.588 [main] DEBUG org.apache.hc.client5.http.impl.io.DefaultHttpClientConnectionOperator - http-outgoing-39: connection established 192.168.100.42:64594<->185.199.108.133:443
09:49:42.588 [main] DEBUG org.apache.hc.client5.http.impl.io.PoolingHttpClientConnectionManager - ep-00000034: connected http-outgoing-39
09:49:42.588 [main] DEBUG org.apache.hc.client5.http.impl.classic.InternalHttpClient - ep-00000034: endpoint connected
09:49:42.588 [main] DEBUG org.apache.hc.client5.http.impl.classic.MainClientExec - ex-00000035: executing GET /bonigarcia/webdrivermanager/master/src/main/resources/commands.properties HTTP/1.1
09:49:42.588 [main] DEBUG org.apache.hc.client5.http.impl.classic.InternalHttpClient - ep-00000034: start execution ex-00000035
09:49:42.588 [main] DEBUG org.apache.hc.client5.http.impl.io.PoolingHttpClientConnectionManager - ep-00000034: executing exchange ex-00000035 over http-outgoing-39
09:49:42.588 [main] DEBUG org.apache.hc.client5.http.headers - http-outgoing-39 >> GET /bonigarcia/webdrivermanager/master/src/main/resources/commands.properties HTTP/1.1
09:49:42.588 [main] DEBUG org.apache.hc.client5.http.headers - http-outgoing-39 >> user-agent: Apache-HttpClient/5.0
09:49:42.588 [main] DEBUG org.apache.hc.client5.http.headers - http-outgoing-39 >> accept-encoding: gzip, deflate, br
09:49:42.588 [main] DEBUG org.apache.hc.client5.http.headers - http-outgoing-39 >> cache-control: max-age=0
09:49:42.588 [main] DEBUG org.apache.hc.client5.http.headers - http-outgoing-39 >> connection: keep-alive
09:49:42.588 [main] DEBUG org.apache.hc.client5.http.headers - http-outgoing-39 >> Host: raw.githubusercontent.com
09:49:42.588 [main] DEBUG org.apache.hc.client5.http.wire - http-outgoing-39 >> "GET /bonigarcia/webdrivermanager/master/src/main/resources/commands.properties HTTP/1.1[\r][\n]"
09:49:42.588 [main] DEBUG org.apache.hc.client5.http.wire - http-outgoing-39 >> "user-agent: Apache-HttpClient/5.0[\r][\n]"
09:49:42.588 [main] DEBUG org.apache.hc.client5.http.wire - http-outgoing-39 >> "accept-encoding: gzip, deflate, br[\r][\n]"
09:49:42.588 [main] DEBUG org.apache.hc.client5.http.wire - http-outgoing-39 >> "cache-control: max-age=0[\r][\n]"
09:49:42.588 [main] DEBUG org.apache.hc.client5.http.wire - http-outgoing-39 >> "connection: keep-alive[\r][\n]"
09:49:42.588 [main] DEBUG org.apache.hc.client5.http.wire - http-outgoing-39 >> "Host: raw.githubusercontent.com[\r][\n]"
09:49:42.588 [main] DEBUG org.apache.hc.client5.http.wire - http-outgoing-39 >> "[\r][\n]"
09:49:42.620 [main] DEBUG org.apache.hc.client5.http.wire - http-outgoing-39 << "HTTP/1.1 200 OK[\r][\n]"
09:49:42.620 [main] DEBUG org.apache.hc.client5.http.wire - http-outgoing-39 << "Connection: keep-alive[\r][\n]"
09:49:42.620 [main] DEBUG org.apache.hc.client5.http.wire - http-outgoing-39 << "Content-Length: 723[\r][\n]"
09:49:42.620 [main] DEBUG org.apache.hc.client5.http.wire - http-outgoing-39 << "Cache-Control: max-age=300[\r][\n]"
09:49:42.620 [main] DEBUG org.apache.hc.client5.http.wire - http-outgoing-39 << "Content-Security-Policy: default-src 'none'; style-src 'unsafe-inline'; sandbox[\r][\n]"
09:49:42.620 [main] DEBUG org.apache.hc.client5.http.wire - http-outgoing-39 << "Content-Type: text/plain; charset=utf-8[\r][\n]"
09:49:42.620 [main] DEBUG org.apache.hc.client5.http.wire - http-outgoing-39 << "ETag: W/"e82b438271e9e8680c688b0b680efd0bdd22faa6d6f0a32fc1fd8accc486b67e"[\r][\n]"
09:49:42.620 [main] DEBUG org.apache.hc.client5.http.wire - http-outgoing-39 << "Strict-Transport-Security: max-age=31536000[\r][\n]"
09:49:42.620 [main] DEBUG org.apache.hc.client5.http.wire - http-outgoing-39 << "X-Content-Type-Options: nosniff[\r][\n]"
09:49:42.620 [main] DEBUG org.apache.hc.client5.http.wire - http-outgoing-39 << "X-Frame-Options: deny[\r][\n]"
09:49:42.620 [main] DEBUG org.apache.hc.client5.http.wire - http-outgoing-39 << "X-XSS-Protection: 1; mode=block[\r][\n]"
09:49:42.620 [main] DEBUG org.apache.hc.client5.http.wire - http-outgoing-39 << "X-GitHub-Request-Id: 4CA0:B8C7F:70C4E:8CACE:651389F9[\r][\n]"
09:49:42.620 [main] DEBUG org.apache.hc.client5.http.wire - http-outgoing-39 << "Content-Encoding: gzip[\r][\n]"
09:49:42.620 [main] DEBUG org.apache.hc.client5.http.wire - http-outgoing-39 << "Accept-Ranges: bytes[\r][\n]"
09:49:42.620 [main] DEBUG org.apache.hc.client5.http.wire - http-outgoing-39 << "Date: Sat, 30 Sep 2023 02:49:53 GMT[\r][\n]"
09:49:42.620 [main] DEBUG org.apache.hc.client5.http.wire - http-outgoing-39 << "Via: 1.1 varnish[\r][\n]"
09:49:42.620 [main] DEBUG org.apache.hc.client5.http.wire - http-outgoing-39 << "X-Served-By: cache-qpg1258-QPG[\r][\n]"
09:49:42.620 [main] DEBUG org.apache.hc.client5.http.wire - http-outgoing-39 << "X-Cache: HIT[\r][\n]"
09:49:42.620 [main] DEBUG org.apache.hc.client5.http.wire - http-outgoing-39 << "X-Cache-Hits: 1[\r][\n]"
09:49:42.620 [main] DEBUG org.apache.hc.client5.http.wire - http-outgoing-39 << "X-Timer: S1696042193.444770,VS0,VE1[\r][\n]"
09:49:42.620 [main] DEBUG org.apache.hc.client5.http.wire - http-outgoing-39 << "Vary: Authorization,Accept-Encoding,Origin[\r][\n]"
09:49:42.620 [main] DEBUG org.apache.hc.client5.http.wire - http-outgoing-39 << "Access-Control-Allow-Origin: *[\r][\n]"
09:49:42.620 [main] DEBUG org.apache.hc.client5.http.wire - http-outgoing-39 << "Cross-Origin-Resource-Policy: cross-origin[\r][\n]"
09:49:42.620 [main] DEBUG org.apache.hc.client5.http.wire - http-outgoing-39 << "X-Fastly-Request-ID: 908fc49713dd7c58577154c41b5f277887bb4332[\r][\n]"
09:49:42.620 [main] DEBUG org.apache.hc.client5.http.wire - http-outgoing-39 << "Expires: Sat, 30 Sep 2023 02:54:53 GMT[\r][\n]"
09:49:42.620 [main] DEBUG org.apache.hc.client5.http.wire - http-outgoing-39 << "Source-Age: 103[\r][\n]"
09:49:42.620 [main] DEBUG org.apache.hc.client5.http.wire - http-outgoing-39 << "[\r][\n]"
09:49:42.620 [main] DEBUG org.apache.hc.client5.http.headers - http-outgoing-39 << HTTP/1.1 200 OK
09:49:42.620 [main] DEBUG org.apache.hc.client5.http.headers - http-outgoing-39 << Connection: keep-alive
09:49:42.620 [main] DEBUG org.apache.hc.client5.http.headers - http-outgoing-39 << Content-Length: 723
09:49:42.620 [main] DEBUG org.apache.hc.client5.http.headers - http-outgoing-39 << Cache-Control: max-age=300
09:49:42.620 [main] DEBUG org.apache.hc.client5.http.headers - http-outgoing-39 << Content-Security-Policy: default-src 'none'; style-src 'unsafe-inline'; sandbox
09:49:42.620 [main] DEBUG org.apache.hc.client5.http.headers - http-outgoing-39 << Content-Type: text/plain; charset=utf-8
09:49:42.620 [main] DEBUG org.apache.hc.client5.http.headers - http-outgoing-39 << ETag: W/"e82b438271e9e8680c688b0b680efd0bdd22faa6d6f0a32fc1fd8accc486b67e"
09:49:42.620 [main] DEBUG org.apache.hc.client5.http.headers - http-outgoing-39 << Strict-Transport-Security: max-age=31536000
09:49:42.620 [main] DEBUG org.apache.hc.client5.http.headers - http-outgoing-39 << X-Content-Type-Options: nosniff
09:49:42.620 [main] DEBUG org.apache.hc.client5.http.headers - http-outgoing-39 << X-Frame-Options: deny
09:49:42.620 [main] DEBUG org.apache.hc.client5.http.headers - http-outgoing-39 << X-XSS-Protection: 1; mode=block
09:49:42.620 [main] DEBUG org.apache.hc.client5.http.headers - http-outgoing-39 << X-GitHub-Request-Id: 4CA0:B8C7F:70C4E:8CACE:651389F9
09:49:42.620 [main] DEBUG org.apache.hc.client5.http.headers - http-outgoing-39 << Content-Encoding: gzip
09:49:42.620 [main] DEBUG org.apache.hc.client5.http.headers - http-outgoing-39 << Accept-Ranges: bytes
09:49:42.620 [main] DEBUG org.apache.hc.client5.http.headers - http-outgoing-39 << Date: Sat, 30 Sep 2023 02:49:53 GMT
09:49:42.620 [main] DEBUG org.apache.hc.client5.http.headers - http-outgoing-39 << Via: 1.1 varnish
09:49:42.620 [main] DEBUG org.apache.hc.client5.http.headers - http-outgoing-39 << X-Served-By: cache-qpg1258-QPG
09:49:42.620 [main] DEBUG org.apache.hc.client5.http.headers - http-outgoing-39 << X-Cache: HIT
09:49:42.620 [main] DEBUG org.apache.hc.client5.http.headers - http-outgoing-39 << X-Cache-Hits: 1
09:49:42.620 [main] DEBUG org.apache.hc.client5.http.headers - http-outgoing-39 << X-Timer: S1696042193.444770,VS0,VE1
09:49:42.620 [main] DEBUG org.apache.hc.client5.http.headers - http-outgoing-39 << Vary: Authorization,Accept-Encoding,Origin
09:49:42.620 [main] DEBUG org.apache.hc.client5.http.headers - http-outgoing-39 << Access-Control-Allow-Origin: *
09:49:42.620 [main] DEBUG org.apache.hc.client5.http.headers - http-outgoing-39 << Cross-Origin-Resource-Policy: cross-origin
09:49:42.620 [main] DEBUG org.apache.hc.client5.http.headers - http-outgoing-39 << X-Fastly-Request-ID: 908fc49713dd7c58577154c41b5f277887bb4332
09:49:42.620 [main] DEBUG org.apache.hc.client5.http.headers - http-outgoing-39 << Expires: Sat, 30 Sep 2023 02:54:53 GMT
09:49:42.620 [main] DEBUG org.apache.hc.client5.http.headers - http-outgoing-39 << Source-Age: 103
09:49:42.620 [main] DEBUG org.apache.hc.client5.http.impl.classic.MainClientExec - ex-00000035: connection can be kept alive for 3 MINUTES
09:49:42.620 [main] DEBUG org.apache.hc.client5.http.wire - http-outgoing-39 << "[0x1f][0xffffff8b][0x8][0x0][0x0][0x0][0x0][0x0][0x0][0x3][0xffffffb5]V]o[0xffffffda]0[0x14]}[0xffffffe7]W\[0xffffff81]*[0xffffffb5][0x12][0x1f][[M[0xffffffd3]$[0x1e]hF[0xffffffbb]i [0x18][0xffffffb4][0xffffffdd]&[0xfffffff9][0xffffffc5]$7[0xffffffc1]R[0x12]#;[0xffffff94]v[0xffffffbf]~[0xffffffb6][0xfffffff3]1[0xffffff92][0xffffff9a][0xffffffc1][0x1a]x[0xffffffcb][0xffffffb5][0xffffffaf][0xffffffcf]9[0xffffffbe][0xfffffff7]8v[0xb][0x1c][0x1e]E4[0xfffffff6]$x4[0xffffffa1][0xb]*[0xffffffb1][0xffffffd1][0xffffff82][0xfffffffb]%[0xffffff93][0xffffffe0][0xffffffb3][0x10][0xffffffc1][0xffffffe5]qBY,!Y[0xffffffea] KM8,[0x10][0xfffffff0][0x19][0xffffffdd]u[0xffffff82][0x1e][0xffffffb0][0xffffffd8]L[0xffffffcb]%[0xffffff86][0xffffffa1][0xe][0xffffffb8][0xfffffff0]P[0xffffffe8]$[0xf][0x13]t[0x13]3[0xfffffff9][0xffffff84]B2[0xffffffae][0xffffffe6]|@[0xfffffff5][0x1d][0x8][0xffffffc4][0x18][0x16][0xffffff82]o[0xffffffa4][0xffffff9a]P[0xffffff94][0xffffffe7][0xffffffce]R[0xfffffff0][0x8][0xffffffdb]p[0xffffffcb][0x4][0xfffffffa][0xfffffffc][0xffffffb9][\r][0xffffff93][0x15][\n]"
09:49:42.620 [main] DEBUG org.apache.hc.client5.http.wire - http-outgoing-39 << "[0xffffffda][0xffffff86][0xffffffa1][0x17][0xffffffa8]Q3[0xffffffcb][0xffffffd6][0xffffffd1][0xffffff85][0xffffffc6][0xfffffff7][0xffffff98][0xffffffef][0xffffffa3][0xffffffc0]8[0x1][0xffffffae]s[0x12][0x16][0x7] _d[0xffffff82][0xffffff91][0xffffff84][0xfffffff3][0x1f],[0xfffffff6][0x14]j[0x1b]F,^+[0xffffff98]1ua2[0xffffffbf]h([0xffffff8e][0xffffff94][0xffffffa2][0xffffff91]m[0xffffffa3][0xffffffeb][0xffffff9a][0xffffffb0][0xffffffbb]I[0x17]t[0xffffffdf][0xffffffbd][0xffffffef][0xffffffbb][0xffffff91][0xffffffd7]U[0xffffffbb][0xffffff82][0xffffff9e][0x3][0xffffff9b][0xffffff88][0xffffffb9][0xffffffa6]$[0xffffffa6][0xc][0xffffff9b][0xffffffa5][0xffffffe2][0xffffff83][0xffffff98]F[0xffffffd8]o[0xffffff9e]Mg[0xffffff93][0xffffffbb][0xffffffd9]`|[0xfffffffb]u4[0xffffff9c][0x7f]"}B[0xffffffce][0x8][0xffffffb9][0xffffffe3]<[0x8][0xffffff91][0xffffff90][0xffffff94][0xffffff82][0xffffff90][0xffffffc1]j[0x15]2WI[0xffffffe3]1![0x19][0xffffff91]BnB[0xffffff80][0x9]<f[0xffffffb5][0xffffffe8]=[0xffffffd1]p[0xffffffbd][[0xffffffcf][0xffffffe5][0x1b][0xfffffff4][0xffffff9c][0xffffffff][0xfffffffc][0xfffffff8][0xffffffe1][0xffffffe2][0xffffff94][0xffffffa2][0xffffffae][0xe][0x14]5[0xffffff9a]8[0xffffff83][0xffffffd1]`:[0xfffffffd]<[0xffffffb8][0x1f][0xffffff9c]R[0xffffffcf]u[0x7f]6[0xffffffbc][0xffffff83][0xffffffef][0xf][0xffffffc3][0xffffffd9]/[0xfffffff8][0xfffffff2][0xffffffcd]y s[0xffffffee]'[0x1b]*0g[0xffffffcb][0xffffffc8]nF7H][0xffffff83][0xffffff97]{[0xffffffb1]Q[0x5][\r][0xffffffb5]c[0xffffffb4][0xf][0x2][0xffffffb3][0xffffffb4][0xffffff93][0xe]C[0xffffffa7][0xffffffb3]kAD][0xffffff9d][0xffffffde][0xffffffdb][0xffffffda][0xffffff88][0xffffffec][0xffffffa5][0xffffffbc][0xffffff99][0xffffffd9][0xffffffba]t[0xffffffb5][0xffffffea]9[0xffffffea][0x10])[0xffffffb7][0xffffffca][0xffffff9e][0xfffffff2][0xffffffe2]d^N[0xffffffd8]FW[0x16][0xffffffcd][0xffffffdc]_[0x10][0xfffffff9]i|[0x1c][0xffffff93][0xffffff8e][0xfffffff9]o[0x16][0xffffff86]4'!$G[0xffffffdf]W[0xfffffff4]W*j[[0xfffffff3]xR[0xffffffae][0xffffffb6][0xc][0xffffffd0],; #[0xffffffa9][0xffffff92]5[0xffffffb5][0x7][0xffffff9c][0xffffffb5][0xffffffd0][0x7f][0xffffff90][0xffffffc7]jgs[0xfffffffc][0xffffffc2][0xb][0xffffffd9][0x0]t[0xffffff9e]^'Y[0xfffffffb][0xffffff9f][0xffffffb1][0xffffffd8]:[0xffffffbf][0xffffff8d][0xffffffa5][0xffffff9a][0xffffffad][0x7f]m[0x5]&[0xffffffaa][0xffffffa0]^[0xffffff9b][0xffffffcb][0x5]f[0xffffffae][0xffffffe0]RU[0xffffff82][0x10]MS9l[0xffffff91]4t[0xfffffffb][0xffffff8a]][0xffffffd6][0xfffffff4][0xffffff96][0xffffffa6][0xffffff9f]P[0xffffffce][0xffffffd5][0xffffffce][0xffffff93][0xffffffff][0xffffff97][0xffffffcc]p[0xfffffffd][0xfffffff3][0xffffffe8][0x1b][0xffffffcc][0xffffffa2][0xffffffd9]Q[0xffffffbe][0xffffffb2][0xffffffa3][0xffffffc7]m'[0xffffffdf][0xffffffe4][[0xfffffffb]^[0xffffffb0][0xffffff9a][0xffffffbe][0xffffffda][0xffffffda]_[0xffffffce][0xffffff80][0xffffffd2][0xffffffc1]7[0xffffffb7]][0xffffffc1]b[0xffffffee][0xffffffb5][0xffffffff]w[0xffffff83][0xffffffed][0xffffffa7];[0x15]<[0x10]4[0xffffff92][0xffffff84][0x18][\n]"
09:49:42.620 [main] DEBUG org.apache.hc.client5.http.wire - http-outgoing-39 << "BB[0xffffffba][0xffffff8e]][0xffffffb5]jo[0xffffffb9]+"[0xffffffea][0xffffffb4][0xffffffff]h"[0xffffffea]\?5[0xffffffa9][0xffffffaf]k[0xffffffec][0xffffffff]P[0xffffffea][\n]"
09:49:42.628 [main] DEBUG org.apache.hc.client5.http.wire - http-outgoing-39 << "w[0xffffffe1]K[0x13][0xffffffda][0xffffffec][0xffffff98][0xffffffe6]Y[0xfffffffd]h8m6[0xffffff9c]T[0xffffffc1][0xfffffff2][0xffffffa7][0xffffff91]z_[0xffffff95]o85p[0x1c][0x13][0xffffffe6][0xfffffff0]5[0xffffffee][0xfffffffc][0xffffff92][0xffffff96][0xffffffda][0xfffffff7][0xffffffcf][0xffffffb1][0x5][0x1d][0xffffffea]K[0xffffff9b]9[0xffffff8e][0xffffffad]e[0xfffffff7][0xffffff93][0xffffffa8]`[0xffffffda][0xffffffff][0x1a][0xffffffd2][0xffffff88][0xffffff85][0xfffffffd][0xfffffff2][0xffffff91]N[0xfffffff6]`[0xffffffdf]2[0xffffffcf][0xffffffae]E[0xffffff97][0xffffffc5][0xffffffa2][0xffffff9d][0xffffffef]'[0xffffff9d]mun.[0xffffffd3]f^[0xffffffc7][0xffffff82][0xffffffda][0xffffff82]9[0xfffffff5][0xffffffa9]`[0x5][0xffffffbc]4[0xffffffa1][0x1d]<M[0xffffffb5]A[0xffffffa7]3[[0xffffffc0][0x7f][0x0][0xffffffc1][0xffffffd0]$[0xffffff85][0x1d][\r][0x0][0x0]"
09:49:42.628 [main] DEBUG org.apache.hc.client5.http.impl.classic.InternalHttpClient - ep-00000034: releasing valid endpoint
09:49:42.628 [main] DEBUG org.apache.hc.client5.http.impl.io.PoolingHttpClientConnectionManager - ep-00000034: releasing endpoint
09:49:42.628 [main] DEBUG org.apache.hc.client5.http.impl.io.PoolingHttpClientConnectionManager - ep-00000034: connection http-outgoing-39 can be kept alive for 3 MINUTES
09:49:42.628 [main] DEBUG org.apache.hc.client5.http.impl.io.PoolingHttpClientConnectionManager - ep-00000034: connection released [route: {s}->https://raw.githubusercontent.com:443][total available: 1; route allocated: 1 of 5; total allocated: 1 of 25]
09:49:42.628 [main] DEBUG io.github.bonigarcia.wdm.versions.VersionDetector - Detecting chrome version using online commands.properties
09:49:42.628 [main] DEBUG io.github.bonigarcia.wdm.versions.Shell - Running command on the shell: [cmd.exe, /C, wmic, datafile, where, name="%PROGRAMFILES:\=\\%\\Google\\Chrome\\Application\\chrome.exe", get, Version, /value]
09:49:42.758 [main] DEBUG io.github.bonigarcia.wdm.versions.Shell - Result: Version=117.0.5938.132
09:49:42.761 [main] DEBUG org.apache.hc.client5.http.impl.classic.InternalHttpClient - ex-00000036: preparing request execution
09:49:42.761 [main] DEBUG org.apache.hc.client5.http.protocol.RequestAddCookies - Cookie spec selected: strict
09:49:42.761 [main] DEBUG org.apache.hc.client5.http.protocol.RequestAuthCache - Auth cache not set in the context
09:49:42.761 [main] DEBUG org.apache.hc.client5.http.impl.classic.ProtocolExec - ex-00000036: target auth state: UNCHALLENGED
09:49:42.761 [main] DEBUG org.apache.hc.client5.http.impl.classic.ProtocolExec - ex-00000036: proxy auth state: UNCHALLENGED
09:49:42.761 [main] DEBUG org.apache.hc.client5.http.impl.classic.ConnectExec - ex-00000036: acquiring connection with route {s}->https://chromedriver.storage.googleapis.com:443
09:49:42.761 [main] DEBUG org.apache.hc.client5.http.impl.classic.InternalHttpClient - ex-00000036: acquiring endpoint (3 MINUTES)
09:49:42.761 [main] DEBUG org.apache.hc.client5.http.impl.io.PoolingHttpClientConnectionManager - ex-00000036: endpoint lease request (3 MINUTES) [route: {s}->https://chromedriver.storage.googleapis.com:443][total available: 1; route allocated: 0 of 5; total allocated: 1 of 25]
09:49:42.761 [main] DEBUG org.apache.hc.client5.http.impl.io.PoolingHttpClientConnectionManager - ex-00000036: endpoint leased [route: {s}->https://chromedriver.storage.googleapis.com:443][total available: 1; route allocated: 1 of 5; total allocated: 2 of 25]
09:49:42.761 [main] DEBUG org.apache.hc.client5.http.impl.io.PoolingHttpClientConnectionManager - ex-00000036: acquired ep-00000035
09:49:42.761 [main] DEBUG org.apache.hc.client5.http.impl.classic.InternalHttpClient - ex-00000036: acquired endpoint ep-00000035
09:49:42.761 [main] DEBUG org.apache.hc.client5.http.impl.classic.ConnectExec - ex-00000036: opening connection {s}->https://chromedriver.storage.googleapis.com:443
09:49:42.761 [main] DEBUG org.apache.hc.client5.http.impl.classic.InternalHttpClient - ep-00000035: connecting endpoint (30 SECONDS)
09:49:42.761 [main] DEBUG org.apache.hc.client5.http.impl.io.PoolingHttpClientConnectionManager - ep-00000035: connecting endpoint to https://chromedriver.storage.googleapis.com:443 (30 SECONDS)
09:49:42.761 [main] DEBUG org.apache.hc.client5.http.impl.io.DefaultHttpClientConnectionOperator - http-outgoing-40: connecting to chromedriver.storage.googleapis.com/34.101.5.123:443
09:49:42.761 [main] DEBUG org.apache.hc.client5.http.ssl.SSLConnectionSocketFactory - Connecting socket to chromedriver.storage.googleapis.com/34.101.5.123:443 with timeout 30 SECONDS
09:49:42.766 [main] DEBUG org.apache.hc.client5.http.ssl.SSLConnectionSocketFactory - Enabled protocols: [TLSv1.3, TLSv1.2]
09:49:42.766 [main] DEBUG org.apache.hc.client5.http.ssl.SSLConnectionSocketFactory - Enabled cipher suites: [TLS_AES_256_GCM_SHA384, TLS_AES_128_GCM_SHA256, TLS_CHACHA20_POLY1305_SHA256, TLS_ECDHE_ECDSA_WITH_AES_256_GCM_SHA384, TLS_ECDHE_ECDSA_WITH_AES_128_GCM_SHA256, TLS_ECDHE_ECDSA_WITH_CHACHA20_POLY1305_SHA256, TLS_ECDHE_RSA_WITH_AES_256_GCM_SHA384, TLS_ECDHE_RSA_WITH_CHACHA20_POLY1305_SHA256, TLS_ECDHE_RSA_WITH_AES_128_GCM_SHA256, TLS_DHE_RSA_WITH_AES_256_GCM_SHA384, TLS_DHE_RSA_WITH_CHACHA20_POLY1305_SHA256, TLS_DHE_DSS_WITH_AES_256_GCM_SHA384, TLS_DHE_RSA_WITH_AES_128_GCM_SHA256, TLS_DHE_DSS_WITH_AES_128_GCM_SHA256, TLS_ECDHE_ECDSA_WITH_AES_256_CBC_SHA384, TLS_ECDHE_RSA_WITH_AES_256_CBC_SHA384, TLS_ECDHE_ECDSA_WITH_AES_128_CBC_SHA256, TLS_ECDHE_RSA_WITH_AES_128_CBC_SHA256, TLS_DHE_RSA_WITH_AES_256_CBC_SHA256, TLS_DHE_DSS_WITH_AES_256_CBC_SHA256, TLS_DHE_RSA_WITH_AES_128_CBC_SHA256, TLS_DHE_DSS_WITH_AES_128_CBC_SHA256, TLS_ECDH_ECDSA_WITH_AES_256_GCM_SHA384, TLS_ECDH_RSA_WITH_AES_256_GCM_SHA384, TLS_ECDH_ECDSA_WITH_AES_128_GCM_SHA256, TLS_ECDH_RSA_WITH_AES_128_GCM_SHA256, TLS_ECDH_ECDSA_WITH_AES_256_CBC_SHA384, TLS_ECDH_RSA_WITH_AES_256_CBC_SHA384, TLS_ECDH_ECDSA_WITH_AES_128_CBC_SHA256, TLS_ECDH_RSA_WITH_AES_128_CBC_SHA256, TLS_ECDHE_ECDSA_WITH_AES_256_CBC_SHA, TLS_ECDHE_RSA_WITH_AES_256_CBC_SHA, TLS_ECDHE_ECDSA_WITH_AES_128_CBC_SHA, TLS_ECDHE_RSA_WITH_AES_128_CBC_SHA, TLS_DHE_RSA_WITH_AES_256_CBC_SHA, TLS_DHE_DSS_WITH_AES_256_CBC_SHA, TLS_DHE_RSA_WITH_AES_128_CBC_SHA, TLS_DHE_DSS_WITH_AES_128_CBC_SHA, TLS_ECDH_ECDSA_WITH_AES_256_CBC_SHA, TLS_ECDH_RSA_WITH_AES_256_CBC_SHA, TLS_ECDH_ECDSA_WITH_AES_128_CBC_SHA, TLS_ECDH_RSA_WITH_AES_128_CBC_SHA, TLS_RSA_WITH_AES_256_GCM_SHA384, TLS_RSA_WITH_AES_128_GCM_SHA256, TLS_RSA_WITH_AES_256_CBC_SHA256, TLS_RSA_WITH_AES_128_CBC_SHA256, TLS_RSA_WITH_AES_256_CBC_SHA, TLS_RSA_WITH_AES_128_CBC_SHA, TLS_EMPTY_RENEGOTIATION_INFO_SCSV]
09:49:42.766 [main] DEBUG org.apache.hc.client5.http.ssl.SSLConnectionSocketFactory - Starting handshake
09:49:42.811 [main] DEBUG org.apache.hc.client5.http.ssl.SSLConnectionSocketFactory - Secure session established
09:49:42.811 [main] DEBUG org.apache.hc.client5.http.ssl.SSLConnectionSocketFactory -  negotiated protocol: TLSv1.3
09:49:42.811 [main] DEBUG org.apache.hc.client5.http.ssl.SSLConnectionSocketFactory -  negotiated cipher suite: TLS_AES_256_GCM_SHA384
09:49:42.811 [main] DEBUG org.apache.hc.client5.http.ssl.SSLConnectionSocketFactory -  peer principal: CN=*.storage.googleapis.com
09:49:42.811 [main] DEBUG org.apache.hc.client5.http.ssl.SSLConnectionSocketFactory -  peer alternative names: [*.storage.googleapis.com, *.googleapis.com, commondatastorage.googleapis.com, *.commondatastorage.googleapis.com, storage.googleapis.com, storage-p2.googleapis.com, *.storage-p2.googleapis.com, storage.mtls.googleapis.com, *.appspot.com.storage.googleapis.com, *.content-storage.googleapis.com, *.content-storage-p2.googleapis.com, *.content-storage-upload.googleapis.com, *.content-storage-download.googleapis.com, *.storage-upload.googleapis.com, *.storage-download.googleapis.com]
09:49:42.811 [main] DEBUG org.apache.hc.client5.http.ssl.SSLConnectionSocketFactory -  issuer principal: CN=GTS CA 1C3, O=Google Trust Services LLC, C=US
09:49:42.811 [main] DEBUG org.apache.hc.client5.http.impl.io.DefaultHttpClientConnectionOperator - http-outgoing-40: connection established 192.168.100.42:64595<->34.101.5.123:443
09:49:42.811 [main] DEBUG org.apache.hc.client5.http.impl.io.PoolingHttpClientConnectionManager - ep-00000035: connected http-outgoing-40
09:49:42.811 [main] DEBUG org.apache.hc.client5.http.impl.classic.InternalHttpClient - ep-00000035: endpoint connected
09:49:42.811 [main] DEBUG org.apache.hc.client5.http.impl.classic.MainClientExec - ex-00000036: executing GET /LATEST_RELEASE_117 HTTP/1.1
09:49:42.811 [main] DEBUG org.apache.hc.client5.http.impl.classic.InternalHttpClient - ep-00000035: start execution ex-00000036
09:49:42.811 [main] DEBUG org.apache.hc.client5.http.impl.io.PoolingHttpClientConnectionManager - ep-00000035: executing exchange ex-00000036 over http-outgoing-40
09:49:42.811 [main] DEBUG org.apache.hc.client5.http.headers - http-outgoing-40 >> GET /LATEST_RELEASE_117 HTTP/1.1
09:49:42.811 [main] DEBUG org.apache.hc.client5.http.headers - http-outgoing-40 >> user-agent: Apache-HttpClient/5.0
09:49:42.811 [main] DEBUG org.apache.hc.client5.http.headers - http-outgoing-40 >> accept-encoding: gzip, deflate, br
09:49:42.811 [main] DEBUG org.apache.hc.client5.http.headers - http-outgoing-40 >> cache-control: max-age=0
09:49:42.811 [main] DEBUG org.apache.hc.client5.http.headers - http-outgoing-40 >> connection: keep-alive
09:49:42.811 [main] DEBUG org.apache.hc.client5.http.headers - http-outgoing-40 >> Host: chromedriver.storage.googleapis.com
09:49:42.811 [main] DEBUG org.apache.hc.client5.http.wire - http-outgoing-40 >> "GET /LATEST_RELEASE_117 HTTP/1.1[\r][\n]"
09:49:42.811 [main] DEBUG org.apache.hc.client5.http.wire - http-outgoing-40 >> "user-agent: Apache-HttpClient/5.0[\r][\n]"
09:49:42.811 [main] DEBUG org.apache.hc.client5.http.wire - http-outgoing-40 >> "accept-encoding: gzip, deflate, br[\r][\n]"
09:49:42.811 [main] DEBUG org.apache.hc.client5.http.wire - http-outgoing-40 >> "cache-control: max-age=0[\r][\n]"
09:49:42.811 [main] DEBUG org.apache.hc.client5.http.wire - http-outgoing-40 >> "connection: keep-alive[\r][\n]"
09:49:42.811 [main] DEBUG org.apache.hc.client5.http.wire - http-outgoing-40 >> "Host: chromedriver.storage.googleapis.com[\r][\n]"
09:49:42.811 [main] DEBUG org.apache.hc.client5.http.wire - http-outgoing-40 >> "[\r][\n]"
09:49:43.065 [main] DEBUG org.apache.hc.client5.http.wire - http-outgoing-40 << "HTTP/1.1 404 Not Found[\r][\n]"
09:49:43.065 [main] DEBUG org.apache.hc.client5.http.wire - http-outgoing-40 << "X-GUploader-UploadID: ADPycdsHBDMtFvVSuH_g9UkqUQt70fDPypVFBEzhStPmCy1cpvymIbxpjs3Lwdtp67nJjkO4Qj_Utdj8KO39fic0I4n5-WX0Syl8[\r][\n]"
09:49:43.065 [main] DEBUG org.apache.hc.client5.http.wire - http-outgoing-40 << "Content-Type: application/xml; charset=UTF-8[\r][\n]"
09:49:43.065 [main] DEBUG org.apache.hc.client5.http.wire - http-outgoing-40 << "Content-Length: 193[\r][\n]"
09:49:43.065 [main] DEBUG org.apache.hc.client5.http.wire - http-outgoing-40 << "Date: Sat, 30 Sep 2023 02:49:53 GMT[\r][\n]"
09:49:43.065 [main] DEBUG org.apache.hc.client5.http.wire - http-outgoing-40 << "Expires: Sat, 30 Sep 2023 02:49:53 GMT[\r][\n]"
09:49:43.065 [main] DEBUG org.apache.hc.client5.http.wire - http-outgoing-40 << "Cache-Control: private, max-age=0[\r][\n]"
09:49:43.065 [main] DEBUG org.apache.hc.client5.http.wire - http-outgoing-40 << "Server: UploadServer[\r][\n]"
09:49:43.065 [main] DEBUG org.apache.hc.client5.http.wire - http-outgoing-40 << "Alt-Svc: h3=":443"; ma=2592000,h3-29=":443"; ma=2592000[\r][\n]"
09:49:43.065 [main] DEBUG org.apache.hc.client5.http.wire - http-outgoing-40 << "[\r][\n]"
09:49:43.065 [main] DEBUG org.apache.hc.client5.http.wire - http-outgoing-40 << "<?xml version='1.0' encoding='UTF-8'?><Error><Code>NoSuchKey</Code><Message>The specified key does not exist.</Message><Details>No such object: chromedriver/LATEST_RELEASE_117</Details></Error>"
09:49:43.066 [main] DEBUG org.apache.hc.client5.http.headers - http-outgoing-40 << HTTP/1.1 404 Not Found
09:49:43.066 [main] DEBUG org.apache.hc.client5.http.headers - http-outgoing-40 << X-GUploader-UploadID: ADPycdsHBDMtFvVSuH_g9UkqUQt70fDPypVFBEzhStPmCy1cpvymIbxpjs3Lwdtp67nJjkO4Qj_Utdj8KO39fic0I4n5-WX0Syl8
09:49:43.066 [main] DEBUG org.apache.hc.client5.http.headers - http-outgoing-40 << Content-Type: application/xml; charset=UTF-8
09:49:43.066 [main] DEBUG org.apache.hc.client5.http.headers - http-outgoing-40 << Content-Length: 193
09:49:43.066 [main] DEBUG org.apache.hc.client5.http.headers - http-outgoing-40 << Date: Sat, 30 Sep 2023 02:49:53 GMT
09:49:43.066 [main] DEBUG org.apache.hc.client5.http.headers - http-outgoing-40 << Expires: Sat, 30 Sep 2023 02:49:53 GMT
09:49:43.066 [main] DEBUG org.apache.hc.client5.http.headers - http-outgoing-40 << Cache-Control: private, max-age=0
09:49:43.066 [main] DEBUG org.apache.hc.client5.http.headers - http-outgoing-40 << Server: UploadServer
09:49:43.066 [main] DEBUG org.apache.hc.client5.http.headers - http-outgoing-40 << Alt-Svc: h3=":443"; ma=2592000,h3-29=":443"; ma=2592000
09:49:43.067 [main] DEBUG org.apache.hc.client5.http.impl.classic.MainClientExec - ex-00000036: connection can be kept alive for 3 MINUTES
09:49:43.067 [main] ERROR io.github.bonigarcia.wdm.online.HttpClient - Error HTTP 404 executing https://chromedriver.storage.googleapis.com/LATEST_RELEASE_117
09:49:43.067 [main] WARN io.github.bonigarcia.wdm.versions.VersionDetector - Exception reading https://chromedriver.storage.googleapis.com/LATEST_RELEASE_117 to get latest version of chromedriver (Error HTTP 404 executing https://chromedriver.storage.googleapis.com/LATEST_RELEASE_117)
09:49:43.067 [main] DEBUG io.github.bonigarcia.wdm.versions.VersionDetector - Getting driver version for chrome117 from online versions.properties
09:49:43.070 [main] DEBUG org.apache.hc.client5.http.impl.classic.InternalHttpClient - ex-00000037: preparing request execution
09:49:43.071 [main] DEBUG org.apache.hc.client5.http.protocol.RequestAddCookies - Cookie spec selected: strict
09:49:43.071 [main] DEBUG org.apache.hc.client5.http.protocol.RequestAuthCache - Auth cache not set in the context
09:49:43.071 [main] DEBUG org.apache.hc.client5.http.impl.classic.ProtocolExec - ex-00000037: target auth state: UNCHALLENGED
09:49:43.071 [main] DEBUG org.apache.hc.client5.http.impl.classic.ProtocolExec - ex-00000037: proxy auth state: UNCHALLENGED
09:49:43.071 [main] DEBUG org.apache.hc.client5.http.impl.classic.ConnectExec - ex-00000037: acquiring connection with route {s}->https://raw.githubusercontent.com:443
09:49:43.071 [main] DEBUG org.apache.hc.client5.http.impl.classic.InternalHttpClient - ex-00000037: acquiring endpoint (3 MINUTES)
09:49:43.071 [main] DEBUG org.apache.hc.client5.http.impl.io.PoolingHttpClientConnectionManager - ex-00000037: endpoint lease request (3 MINUTES) [route: {s}->https://raw.githubusercontent.com:443][total available: 1; route allocated: 1 of 5; total allocated: 2 of 25]
09:49:43.071 [main] DEBUG org.apache.hc.client5.http.impl.io.PoolingHttpClientConnectionManager - ex-00000037: endpoint leased [route: {s}->https://raw.githubusercontent.com:443][total available: 0; route allocated: 1 of 5; total allocated: 2 of 25]
09:49:43.071 [main] DEBUG org.apache.hc.client5.http.impl.io.PoolingHttpClientConnectionManager - ex-00000037: acquired ep-00000036
09:49:43.071 [main] DEBUG org.apache.hc.client5.http.impl.classic.InternalHttpClient - ex-00000037: acquired endpoint ep-00000036
09:49:43.071 [main] DEBUG org.apache.hc.client5.http.impl.classic.MainClientExec - ex-00000037: executing GET /bonigarcia/webdrivermanager/master/src/main/resources/versions.properties HTTP/1.1
09:49:43.071 [main] DEBUG org.apache.hc.client5.http.impl.classic.InternalHttpClient - ep-00000036: start execution ex-00000037
09:49:43.071 [main] DEBUG org.apache.hc.client5.http.impl.io.PoolingHttpClientConnectionManager - ep-00000036: executing exchange ex-00000037 over http-outgoing-39
09:49:43.071 [main] DEBUG org.apache.hc.client5.http.headers - http-outgoing-39 >> GET /bonigarcia/webdrivermanager/master/src/main/resources/versions.properties HTTP/1.1
09:49:43.071 [main] DEBUG org.apache.hc.client5.http.headers - http-outgoing-39 >> user-agent: Apache-HttpClient/5.0
09:49:43.071 [main] DEBUG org.apache.hc.client5.http.headers - http-outgoing-39 >> accept-encoding: gzip, deflate, br
09:49:43.071 [main] DEBUG org.apache.hc.client5.http.headers - http-outgoing-39 >> cache-control: max-age=0
09:49:43.071 [main] DEBUG org.apache.hc.client5.http.headers - http-outgoing-39 >> connection: keep-alive
09:49:43.071 [main] DEBUG org.apache.hc.client5.http.headers - http-outgoing-39 >> Host: raw.githubusercontent.com
09:49:43.071 [main] DEBUG org.apache.hc.client5.http.wire - http-outgoing-39 >> "GET /bonigarcia/webdrivermanager/master/src/main/resources/versions.properties HTTP/1.1[\r][\n]"
09:49:43.071 [main] DEBUG org.apache.hc.client5.http.wire - http-outgoing-39 >> "user-agent: Apache-HttpClient/5.0[\r][\n]"
09:49:43.071 [main] DEBUG org.apache.hc.client5.http.wire - http-outgoing-39 >> "accept-encoding: gzip, deflate, br[\r][\n]"
09:49:43.071 [main] DEBUG org.apache.hc.client5.http.wire - http-outgoing-39 >> "cache-control: max-age=0[\r][\n]"
09:49:43.071 [main] DEBUG org.apache.hc.client5.http.wire - http-outgoing-39 >> "connection: keep-alive[\r][\n]"
09:49:43.071 [main] DEBUG org.apache.hc.client5.http.wire - http-outgoing-39 >> "Host: raw.githubusercontent.com[\r][\n]"
09:49:43.071 [main] DEBUG org.apache.hc.client5.http.wire - http-outgoing-39 >> "[\r][\n]"
09:49:43.097 [main] DEBUG org.apache.hc.client5.http.wire - http-outgoing-39 << "HTTP/1.1 200 OK[\r][\n]"
09:49:43.097 [main] DEBUG org.apache.hc.client5.http.wire - http-outgoing-39 << "Connection: keep-alive[\r][\n]"
09:49:43.097 [main] DEBUG org.apache.hc.client5.http.wire - http-outgoing-39 << "Content-Length: 1615[\r][\n]"
09:49:43.097 [main] DEBUG org.apache.hc.client5.http.wire - http-outgoing-39 << "Cache-Control: max-age=300[\r][\n]"
09:49:43.097 [main] DEBUG org.apache.hc.client5.http.wire - http-outgoing-39 << "Content-Security-Policy: default-src 'none'; style-src 'unsafe-inline'; sandbox[\r][\n]"
09:49:43.097 [main] DEBUG org.apache.hc.client5.http.wire - http-outgoing-39 << "Content-Type: text/plain; charset=utf-8[\r][\n]"
09:49:43.097 [main] DEBUG org.apache.hc.client5.http.wire - http-outgoing-39 << "ETag: W/"65e8ec46ef4920945cc03f0386cc600d8027ed4440e101d5729220d93bfa6f0f"[\r][\n]"
09:49:43.097 [main] DEBUG org.apache.hc.client5.http.wire - http-outgoing-39 << "Strict-Transport-Security: max-age=31536000[\r][\n]"
09:49:43.097 [main] DEBUG org.apache.hc.client5.http.wire - http-outgoing-39 << "X-Content-Type-Options: nosniff[\r][\n]"
09:49:43.097 [main] DEBUG org.apache.hc.client5.http.wire - http-outgoing-39 << "X-Frame-Options: deny[\r][\n]"
09:49:43.097 [main] DEBUG org.apache.hc.client5.http.wire - http-outgoing-39 << "X-XSS-Protection: 1; mode=block[\r][\n]"
09:49:43.097 [main] DEBUG org.apache.hc.client5.http.wire - http-outgoing-39 << "X-GitHub-Request-Id: 4D10:B89CD:6D987:89792:651389FC[\r][\n]"
09:49:43.097 [main] DEBUG org.apache.hc.client5.http.wire - http-outgoing-39 << "Content-Encoding: gzip[\r][\n]"
09:49:43.097 [main] DEBUG org.apache.hc.client5.http.wire - http-outgoing-39 << "Accept-Ranges: bytes[\r][\n]"
09:49:43.097 [main] DEBUG org.apache.hc.client5.http.wire - http-outgoing-39 << "Date: Sat, 30 Sep 2023 02:49:53 GMT[\r][\n]"
09:49:43.097 [main] DEBUG org.apache.hc.client5.http.wire - http-outgoing-39 << "Via: 1.1 varnish[\r][\n]"
09:49:43.097 [main] DEBUG org.apache.hc.client5.http.wire - http-outgoing-39 << "X-Served-By: cache-qpg1258-QPG[\r][\n]"
09:49:43.097 [main] DEBUG org.apache.hc.client5.http.wire - http-outgoing-39 << "X-Cache: HIT[\r][\n]"
09:49:43.097 [main] DEBUG org.apache.hc.client5.http.wire - http-outgoing-39 << "X-Cache-Hits: 1[\r][\n]"
09:49:43.097 [main] DEBUG org.apache.hc.client5.http.wire - http-outgoing-39 << "X-Timer: S1696042194.926433,VS0,VE1[\r][\n]"
09:49:43.097 [main] DEBUG org.apache.hc.client5.http.wire - http-outgoing-39 << "Vary: Authorization,Accept-Encoding,Origin[\r][\n]"
09:49:43.097 [main] DEBUG org.apache.hc.client5.http.wire - http-outgoing-39 << "Access-Control-Allow-Origin: *[\r][\n]"
09:49:43.097 [main] DEBUG org.apache.hc.client5.http.wire - http-outgoing-39 << "Cross-Origin-Resource-Policy: cross-origin[\r][\n]"
09:49:43.097 [main] DEBUG org.apache.hc.client5.http.wire - http-outgoing-39 << "X-Fastly-Request-ID: 75e8ac6db2c171d3f077a1b79227d75744b71635[\r][\n]"
09:49:43.097 [main] DEBUG org.apache.hc.client5.http.wire - http-outgoing-39 << "Expires: Sat, 30 Sep 2023 02:54:53 GMT[\r][\n]"
09:49:43.097 [main] DEBUG org.apache.hc.client5.http.wire - http-outgoing-39 << "Source-Age: 195[\r][\n]"
09:49:43.097 [main] DEBUG org.apache.hc.client5.http.wire - http-outgoing-39 << "[\r][\n]"
09:49:43.097 [main] DEBUG org.apache.hc.client5.http.headers - http-outgoing-39 << HTTP/1.1 200 OK
09:49:43.097 [main] DEBUG org.apache.hc.client5.http.headers - http-outgoing-39 << Connection: keep-alive
09:49:43.097 [main] DEBUG org.apache.hc.client5.http.headers - http-outgoing-39 << Content-Length: 1615
09:49:43.097 [main] DEBUG org.apache.hc.client5.http.headers - http-outgoing-39 << Cache-Control: max-age=300
09:49:43.097 [main] DEBUG org.apache.hc.client5.http.headers - http-outgoing-39 << Content-Security-Policy: default-src 'none'; style-src 'unsafe-inline'; sandbox
09:49:43.097 [main] DEBUG org.apache.hc.client5.http.headers - http-outgoing-39 << Content-Type: text/plain; charset=utf-8
09:49:43.097 [main] DEBUG org.apache.hc.client5.http.headers - http-outgoing-39 << ETag: W/"65e8ec46ef4920945cc03f0386cc600d8027ed4440e101d5729220d93bfa6f0f"
09:49:43.097 [main] DEBUG org.apache.hc.client5.http.headers - http-outgoing-39 << Strict-Transport-Security: max-age=31536000
09:49:43.097 [main] DEBUG org.apache.hc.client5.http.headers - http-outgoing-39 << X-Content-Type-Options: nosniff
09:49:43.097 [main] DEBUG org.apache.hc.client5.http.headers - http-outgoing-39 << X-Frame-Options: deny
09:49:43.097 [main] DEBUG org.apache.hc.client5.http.headers - http-outgoing-39 << X-XSS-Protection: 1; mode=block
09:49:43.097 [main] DEBUG org.apache.hc.client5.http.headers - http-outgoing-39 << X-GitHub-Request-Id: 4D10:B89CD:6D987:89792:651389FC
09:49:43.097 [main] DEBUG org.apache.hc.client5.http.headers - http-outgoing-39 << Content-Encoding: gzip
09:49:43.097 [main] DEBUG org.apache.hc.client5.http.headers - http-outgoing-39 << Accept-Ranges: bytes
09:49:43.097 [main] DEBUG org.apache.hc.client5.http.headers - http-outgoing-39 << Date: Sat, 30 Sep 2023 02:49:53 GMT
09:49:43.097 [main] DEBUG org.apache.hc.client5.http.headers - http-outgoing-39 << Via: 1.1 varnish
09:49:43.097 [main] DEBUG org.apache.hc.client5.http.headers - http-outgoing-39 << X-Served-By: cache-qpg1258-QPG
09:49:43.097 [main] DEBUG org.apache.hc.client5.http.headers - http-outgoing-39 << X-Cache: HIT
09:49:43.097 [main] DEBUG org.apache.hc.client5.http.headers - http-outgoing-39 << X-Cache-Hits: 1
09:49:43.097 [main] DEBUG org.apache.hc.client5.http.headers - http-outgoing-39 << X-Timer: S1696042194.926433,VS0,VE1
09:49:43.097 [main] DEBUG org.apache.hc.client5.http.headers - http-outgoing-39 << Vary: Authorization,Accept-Encoding,Origin
09:49:43.097 [main] DEBUG org.apache.hc.client5.http.headers - http-outgoing-39 << Access-Control-Allow-Origin: *
09:49:43.097 [main] DEBUG org.apache.hc.client5.http.headers - http-outgoing-39 << Cross-Origin-Resource-Policy: cross-origin
09:49:43.097 [main] DEBUG org.apache.hc.client5.http.headers - http-outgoing-39 << X-Fastly-Request-ID: 75e8ac6db2c171d3f077a1b79227d75744b71635
09:49:43.097 [main] DEBUG org.apache.hc.client5.http.headers - http-outgoing-39 << Expires: Sat, 30 Sep 2023 02:54:53 GMT
09:49:43.097 [main] DEBUG org.apache.hc.client5.http.headers - http-outgoing-39 << Source-Age: 195
09:49:43.097 [main] DEBUG org.apache.hc.client5.http.impl.classic.MainClientExec - ex-00000037: connection can be kept alive for 3 MINUTES
09:49:43.097 [main] DEBUG org.apache.hc.client5.http.wire - http-outgoing-39 << "[0x1f][0xffffff8b][0x8][0x0][0x0][0x0][0x0][0x0][0x0][0x3][0xffffff8d][0xffffff97]Ko#7[0xc][0xffffffc7][0xffffffef][0xfffffff9][0x14][0x3][0xfffffff4][0x1c]YO[0xffffff8a][\n]"
09:49:43.097 [main] DEBUG org.apache.hc.client5.http.wire - http-outgoing-39 << "[0xffffffa0]K[0xffffff9f][0xffffffa7][0xffffffa2][0xffffff87][0xfffffff6][0xb]x[0xffffffed]Ib[0xffffffac][0xffffffe3][0x9]lg[0xffffffb3][0xffffffe8][0xffffffa7]/[0xfffffff5][0xffffffa0]F[0xffffff96][[0xffffffa0][0xffffff87]`[0xffffff97]?k$[0xffffff92][0xffffffe2]p[0xfffffffe][0xfffffffc]a[0xfffffffa][0xffffffeb][0xfffffff5]p[0xffffff99][0xffffff9e][0xf][0xffffffc7]y[0xffffffda]-[0xffffffa7][0xffffffeb][0xfffffff6]p[0xffffffba]L[0xffffffd7][0xffffffd7]y[0xfffffffa]zZ>O[0xffffffd3][0xfffffffe]|[0xfffffff8]6[0xffffff9f]'[0xfffffffa][0xffffffbb][0x1c][0x16][0xfffffffa]e[0xffffffb7][0xffffffbc][0xffffffbd]o[0xffffffaf][0xffffff87]/[0xffffffb4][0xfffffffa][0xfffffff3]p}[0xffffffcd]+w[0xffffffcb][0xfffffff9]<_[0xffffffde][0xffffff97][0xffffffd3][0xfffffffe]pz[0xffffff99][0xffffffbe][0xffffff9c][0xffffff97][0xffffffcf][0xffffffcb][0xfffffffa][0xffffffc8][0xffffffc3][0xffffffc3][0xf][0xffffffd3][0xffffff8f][0x5]=M[0xffffffbf]-[0xffffffcb][0xb]=[0xfffffff9][0xffffffd3][0xffffffeb]yy[0xffffff9b][0xffffffa7][0xffffffed]i_[0xfffffffe]{[0xfffffff8]x[0xffffff9b][0x1e][0xffffffa7][0xffffff9f][0xfffffff3]QO[0xffffffd3].[0xffffffff]Z[0xe][0xffffffa6][0xffffff87][0xffffffff]\>[0xffffffce][0xffffffbb][0xfffffff9]iz[0xffffffbd]^[0xffffffdf][0xffffff9f]6[0xffffff9b][0xfffffffe]W[0xffffffb1][0xffffffab]O[0xffffff8b][0xffffffe5][0xfffffffc][0xffffffb2][0xffffffd9][0xffffff93][0xffffffbf][0xffffffc7]e[0xffffffbb][0xffffffbf]<[0xffffff94]5J[0xffffffd9]H[0x7f]B[\n]"
09:49:43.097 [main] DEBUG org.apache.hc.client5.http.wire - http-outgoing-39 << "[0xffffffe7][0xffffff8d][0x13]A6n[0xffffff88][0xffffff9b][0xffffffc4][0xffffffc1]k[0x1][0xffffffa6]qM\g[0xffffffae][0xffffff9c][0xffffffb0][0xffffffa1]qE\%[0xffffffee][0xffffffc0][0x8][0xffffffb0][0xffffff8d]K[0xffffffe2]2q[0xffffff8b]Jx[0xffffffcf]\[0xffffff86]H[0x7f][0xffffff99][0xffffffd3][0xfffffff1][0xffffffbe][0xffffffad][0xffffff97]H[0x1c][0x13]7.[0x8][0xffffffaf][0x1a][0xfffffff7][0xffffffc4]}[0xffffffe6][0xffffffd2][\n]"
09:49:43.097 [main] DEBUG org.apache.hc.client5.http.wire - http-outgoing-39 << "[0xffffffd0][0xffffff8d][0x3]qH\[0xffffffdb] `][0xffffffef][0xffffff88][0xffffffbb][0xffffffc4]Up[0xfffffff4]c[0xffffffe3][0x14][0xffffffaf][0xffffffcc][0xfffffff1][0xffffffa6]0|[0xfffffff3]_R[0xffffffbc]2[0xffffffc7]+A[\n]"
09:49:43.097 [main] DEBUG org.apache.hc.client5.http.wire - http-outgoing-39 << "eV[0xffffff87](`[0xffffff99][0x3][0xffffff96][0xffffffb4]_w[0x0][0x5],S[0xffffffc0]68%[0xffffffec][0xffffffca])`[0xffffff99][0x2][0xffffffb6][0x18]@[0x0]'4[0xffffff84][0x18]B[0xffffffa6][0xffffffd6][0xffffffd2][0xffffffd9]L1[0xffffff86][0x14][0xffffffac][0xfffffff5][0xe][0x5][0x1d][0xffffffc3][0xffffffd8][0xffffffc7][0xffffff90]b[0xffffffb5][0x10][0xfffffff4][0xffffff9a][0xffffff83][0x0]1@[0xffffffa6]`[0xffffff85]uL][0xc].S[0xffffff83][0x2]8[0xffffff9e]`c[0xffffffb0][0xffffff99]Rr[0xffffffe8]"[0x19][0xffffff9b][0x18]R[0xffffff90][0xffffffd6]y[0xffffffbf]^j[0xffffffd0]1[0xffffffe8]L[0xffffffe9]J)[0xffffffcb][0xffffff8c]U[0xc]9@K[0x15]@[0xffffffb1]2[0xffffff96]1[0xffffffe4][0xfffffff8][0xffffffac][0xffffff91]Bs[0xffffff9e]0D[0xffffffcc][0xfffffff1][0x19][0xfffffffa]G[0xfffffff3][0xffffffce][0xffffff88][0x11]s|F[[0x11][0xffffff80][0xffffffa9][0xffffff8f][0xffffff98][0xffffffc3][0xffffffd3]([0x5]"S[0xffffff88][0xffffff98][0xffffffc3][0xffffffd3][0xffffff96][0xfffffff6][0xffffffe5]T[0xffffffa0][0xffffff8b][0xffffff98][0xffffffc3]Sh[0x4][0xffffffb2]kh#[0xffffffe6][0xfffffff0][0xffffff94][0xfffffff5][0xffffffc2]p[0xffffff8e][0xffffffd1]D[0xffffffcc][0xffffffd1][0xffffffa5][0xffffff9b]4[0xffffff9c][\n]"
09:49:43.097 [main] DEBUG org.apache.hc.client5.http.wire - http-outgoing-39 << "T[0x11]s[0x18][0xffffff92]2[0xffffffaf]L;NFLa[0xffffff98]@[0xffffffbe]P[0x9]U[0xffffffec]C[0xfffffff4]!c[0xffffffeb][0xffffff84]i[0x14][0xffffffa3][0xffffffc7]L[0xffffffa9]v[0xffffffa8][0xffffffae][0x18][0xfffffffb][0xffffffe8]S [0x6][0xffffff81][0xffffffde][0x5]v[0xffffffc3]C[0xfffffff4][0xffffff90])[0x15][0xffffffb8][0xffffffd2]m[0xf][0x17]}[0xffffff8a][0xffffffc4]xO[0x5][0xffffffb6][0xffffffae][0xffffffb6][0xffffffd1][0xffffffdb][0xffffff8c]5[0xffffffd5]/C[0x13]}[0xffffff8a][0xffffffc4][0x0][0x5][0x4][0xffffffec][0xffffffb2][0xffffffd7]Q[0xffffffd3][0xffffff8d][0xffffffb2][0xffffffa5]n,[0xffffff99],v[0xc]B[0xffffffb2][0xfffffff8]n[0x0][0xffffff93][0xffffffc5][0x19][0x5][0xffffff9f],[0xffffffbe]M[0xffffff80]d[0xffffffb1]3[0xffffffe0][0xffffffc8]j)[0x2][0xffffff9b],[0xffffffce]9[0xffffff98]d[0xfffffff1]y[0xffffff90]|1[0xffffffed][0xffffffbc][0xffffffe4]K{g [0xfffffff9]b[0xffffffcc]MW[0xfffffffb]}[0xfffffff9][0xfffffffb]p<n[0xffffffa7]_[0xf][0xffffffe7][0xfffffff9]y[0xfffffff9][0xffffffde][0xffffffb5][0xffffffb2][0xffffff97]y[0xfffffff7]u[0xfffffff9][0xffffffd7]Nv[0xffffffa1]V[0xfffffff6]B[\r][0xfffffff4][0xffffffe3][0xffffff8b][0xffffffa0][0xffffff96][0xffffffba]y+[l[0xffffffba][0x7]6[0xffffffe7][0xfffffff9]8o/[0xfffffff3][0xffffffe5][0xffffffe1][0xffffffb9][0xffffffec][0xffffffab][0x14]FJ[0x1b][0xffffffe5]n%[0xfffffffe][0xffffff8e][0xffffffc0][0x1d]qw[0xffffffc4][0xffffffde][0x11]sG[0xfffffff4][0x1d]QwD&[0xffffffa2][0xffffff85]n[0xffffff84]:_&[0xffffffeb][0x1a][0xffffff89]w[0xffffffc4][0xffffffdf][0x11][0xffffffb8]#[0xffffffee][0xffffff8e]d[0xffffff9f]UO[0xffffffcc][0x1d][0xffffffd1]wD[0xffffffdd][0x11]9[0xffffff90][0x10]F[0xffffff80]#[0xfffffff0]#[0xffffff80][0x11][0xffffffb8][0x11][0xffffff8c][0xffffffde][0xffffff86][0xffffffd1][0xffffffd9]0[0xfffffffa][0x1a]FWC[0xfffffff2][0xffffff94][0xffffffde][0xffffff9b][0xe][0xffffff88][0xffffffe3][0xffffffe1][0xfffffff4][0xfffffff1][0xffffffbd]`[0xffffffc5][0x18][0xffffffc3][0xffffffb0][0xe]q[0x4]~[0x4]0[0x2]7[0x2];[0xffffff82][0x14][0xffffff80][0xffffffc6][0xe][0xffffffe8][0x11][0xffffffa4][0x0][0xffffffb4][0xffffffef][0xffffff80][0x1c][0xffffff80][0xf]#[0xffffffc8][0xffffff9e]B[0x7][0xfffffffc][0x8]`[0x4]n[0x4]v[0x4]f[0x4]z[0x4]j[0x4]r[0x0][0x10]F[0xffffff90]=u[0x1d][0xffffffc8][0xffffff9e][0xffffffda][0xe][0xffffffc0][0x8][0xffffffdc][0x8][0xffffffb2][0xffffffa7][0xffffffdd][0xb][0x4]f[0x4][0xffffffd9][0xffffffd3][0xffffffae][0xffffffec]!{[0xffffffda][0x15][0x5][0xffffffc8][0x1][0xffffffb8]0[0x2][0x1c][0xffffff81][0x1f]A[0xfffffff6]Tv[0xffffffc0]1[0xffffffe8][0xffffffbb][0xffffffda][0x1f][0xffffffef][0xfffffff3]y[0xffffffdb][0xfffffff5][0xffffffb2]%[0xffffffd9][0xffffffff][0xffffffa7][0xffffff97][0xffffffe5][0xffffff85][0xffffff97][0xffffffe5][0xfffffff9][0xfffffffa][0xffffffb9]=[0xffffffcf][0xffffffc5]b[0xffffff9d]6v[0xffffffb6][0xfffffffc]c[0xffffff96]!*[0xffffffeb][0x1c][0xffffffa4][0xf]S[0xfffffff0][0xffffff8c][0xffffff93][0xffffffec][0xffffffca]2[0xffffffc7]S[0xffffffe9]+[0xffffffd2][\n]"
09:49:43.097 [main] DEBUG org.apache.hc.client5.http.wire - http-outgoing-39 << "[0xffffff95][0xffffffcb]^[0xffffffd6]Q[0x17]*[0xffffff9c]^[0xffffffe4]N[0xffffffd5])][0xffffffb7][0xffffffa1][0xffffffd7][0xffffffb9][0x13]u[0xffffffc8][0xffffffd4][0xffffffdf]H:W)[0xfffffff4][0xffffff82][0xffffff8e][0xe][0xffffffaa][0xffffffd8][0xfffffff5]zNi[0xffffffc6][0xffffffb6][0xffffff97]s!Tjz1G[\n]"
09:49:43.097 [main] DEBUG org.apache.hc.client5.http.wire - http-outgoing-39 << "[0xffffffa0]P[0xffffffdd]K9[0xffffffa5]x[0xffffffb1][0xffffffea][0xffffff95]\[0x12]I[0x5][0xffffffcb]^[0xffffffc8]a[\r][0x1c]C/[0xffffffe3][0x0]*[0xffffffc5]A[0xffffffc3][0x15][0xffffffea]{[0x5]G[0xffffff92][0xffffffb5]P[0xffffffe8][0xfffffff5][K[0x11][0xffffffbd][0xfffffffd]7[0xfffffffa][0xffffffad]@[0xffffffdb][0xffffffc9]7[0xffffffac][0xffffff8e]Q[0x17][0xffffffb8][0x11]o[0x5][0xffffffea][[0xffffffed]V[0xffffffa0][0xffffffea][0xffffffa4][0xffffff9b][0xffffffe3][0xfffffff3]e[0xffffffa7][0xffffffdc][0xffffffd8]U[0xffffffea][\n]"
09:49:43.097 [main] DEBUG org.apache.hc.client5.http.wire - http-outgoing-39 << "7[0xffffffba][0xffffffad]@[0x1c]d[[0xffffffa1][0xffffffbe]Sm[0xffffff9e]!t[0xffffff9a][\r][0xffffffeb][0xfffffff1][0xffffffd4]&V[0xffffffc9][0xffffffc6][0xffffffde]S[0xffffffab]X[0x15][0x1b]%[0xffffffb8]R[0xffffffd3])6[0xffffffe0]Mu'[0xffffffd8][0xffffffb0]^8[0xfffffff5][0xffffff8d]U[0xffffffaf][0xffffffb5][0xffffffcb][0xffffffa2][0xffffffe6][0xffffffb1][0xffffffea]5[0xffffffac][0x17]K[\r]d[0xffffff95]k\[0xffffffd1][0xffffffd4]D:[0xffffffb5][0xffffffa6]j[0xffffffa8][0xffffffd4]Iz[0xffffffb1]V[0xffffffcf][0xffffffa2]v[0xffffffb2]j5[0xffffffcf][0xffffffbb][0xffffffba]N[0xffffffaa]q)S[Y[0xffffff85]Z+N[0xffffffea]-[0xffffff9d]P3[0xffffffd5]Wj0[0xffffff9d]NkgU}[0xffffff95][\r][0x17]z[0xffffffa3][0xffffffaa][0xffffffab]bTqU[0xffffff8c][0xffffffaa][0xffffffad][0xffffff8a]Q[0xffffffa5]U1[0xffffffaa][0xffffffb2]*F[0x15]V[0xffffffc5][0xffffffa8][0xffffffba][0xffffffaa][0x18][0xffffffaa][0x8][0xffffffa9]b[0xffffffc8][0xffffffce][0xffffffb0][0xffffffc9][0x3][0xfffffff6][0xffffffd8]&[0xf]L=[0xffffffc7]&[0xf]tM[0xffffff86][0xffffff85]b[0xffffffdc]([0xffffffb1][0xffffffc3][0xffffffee][0xffffffbc][0xffffffa4][0xffffffd6]3[0xfffffffd][0xffffffb2][0x7f][0xffffff99][0xffffffbb][0xffffffe6][0xfffffff5]v[0xffffff99][0x9][0xfffffffc]g[0xfffffff7][0xffffffda][0xffffffcf][0xffffffdf][0xffffffe6]c[0xffffffda]U[0xffffffbc][0xfffffff1][0xe][0xffffffb9][0xffffff95][0xffffffcd][0xffffffa7][0xffffffc7][0xffffff8f][0xffffffcb][0xffffffa6][0xffffffb1][0xffffffc7][0xffffffb4][0xffffffc9][0xffffffe6][0xffffffba],[0xffffffc7][0xffffffcb][0xffffffe6]s[0xfffffffe]R[0xffffffbb][0xffffffd9]C[0xffffffa2][0xffffffeb][0xffffffb0][0xffffffa9][0xffffff90]Z[0xffffffba][0xffffffc2]Jy[0xffffffd4]T[0xffffff9e][0xffffff94]0e[0xffffffb2]P[0x1e]4[0xffffff95][0xffffffd7][0xffffffb9][0xffffff90][0xb][0xffffffe5]1S[0x1][0xffffffa8]4[0x6][0x16][0xffffffca]C[0xffffffa6]rT[0x1f][0xffffff94][0xffffffbd]L[0xffffffdb][0xffffff88][0xffffffa9][0xffffff9c]B[0xffffffe1][0xffffffeb]im[0xffffffc0]T[0x16]h_[0xffffffa8][0xffffff94][0xffffffc7]K[0x12][0xffffffe6][0xffffffe9][0xffffffe3][ [0xffffffcf][0xffffff96][0xffffffca][0xfffffff8][0xfffffff4][0xffffffa9][0xffffffab][0xffffff94]'K[0x1a][0x12][\r]u[0xffffffb0]Jy[0xffffffae]T[0xffffff9a][0xffffffde]T[0xffffffcf];[0xfffffff0]TIc[0xffffff80]mA[0xffffffb4][0xffffff91]Ri*\[0xffffff92][0xffffffe9][0xffffff85][0xfffffff2]@[0xffffffa9][0xffffffb4][0xffffff92][0xffffffeb][0xffffffbe]<N[0xffffff92]"
09:49:43.097 [main] DEBUG org.apache.hc.client5.http.wire - http-outgoing-39 << "[0xffffffb2]ui[0xffffffa8]I[0xffffff94][0xffffff87]Ij[0xfffffffd][0xffffffa9]Q[0x14]VGI[0xffffff95][0xffffffa2][0xffffffab][0xffffff89][0xffffffe1]9[0xffffff92]B[0xffffffd3][0xffffff8d][0xffffffd5])[0xffffff92]b[0xffffffb0][0xffffff8d][0xffffffd5][0x19][0xffffff92][0xffffffbc]j'[0xfffffff3][0x4][0x19][0xffffffa8][0xffffffc7][0x18]UP[0xffffff9d][0x1e][0x3][0xffffffa5][0xffffffde][0xffffffd4]Uut[0xc]r=[0xffffffa0][0xffffff8e][0xffffff8d][0xffffff98]:]}[0xffffffb0][0xffffff8e][0xffffff8c]H[0xffffff81][0x15][0xffffffc2][0xffffffe3]b[0xffffffba][0xfffffff1]r1<*z[0xffffffca]m}[0xffffff8c][0xffffffe7]D[0xffffff80]P[0xffffffaf][0xffffff84]gD[0xffffffa0][0xffffff92][0xffffff80][0xffffff92][0xb][0x1e][0x10]]Jp]U[0xffffffa7]C[0xffffff97][0xffffff95]E&<[0x19]Rkp[0xfffffff5]<[0xffffffea]^[0xffffffa5]{[0x6][0xfffffff6][0xffffff89][0x7]E[0xfffffffa][0xffffffce][0xffffffd6][0xffffffab]jC"ELu[0xffffff97]Y[0xffffff9b][0x10]S[0xffffffcd][0x16]R[0xffffffa7]C[0xffffffed][0xffffffb9]tx0[0xffffffd4][0xffffffa6][0xffffff91]:[0x14][0xffffffa6][0xffffffb6]XI[0xffffff9d][0x7][0xffffff95][0xffffffa1][0xffffff81][0xffffffb9] k[0xffffffe3][0xfffffffb]y~<[0xffffff9c].[0xffffffd7][0xffffffed][0xfffffff1]8[0xffffffef][0xb][0xffffffd4][0x11][0xffffffd2][0xffffff97][0xffffffdd][0xffffff94]:[0xffffffb1]*R[0xb][0x3][0x1d]J[0xfffffff8]VF[0xffffffea][0xffffff93][0xfffffff4][0xffffffb5]+[0xfffffff7]a0[0xffffffd2][0xffffff8b]eM([0xffffffa6]NM[0xffffff87]n[0x1a]K[0xffffff8d]h*[0xffffffa6]t[0xffffffc9][0xffffffd4][0xffffff93][0xfffffffe][0x1][0xffffffa9][0xffffff9e].[0xffffff9b][0xffffffd3][0x12][0x0][0x0]"
09:49:43.097 [main] DEBUG org.apache.hc.client5.http.impl.classic.InternalHttpClient - ep-00000036: releasing valid endpoint
09:49:43.097 [main] DEBUG org.apache.hc.client5.http.impl.io.PoolingHttpClientConnectionManager - ep-00000036: releasing endpoint
09:49:43.097 [main] DEBUG org.apache.hc.client5.http.impl.io.PoolingHttpClientConnectionManager - ep-00000036: connection http-outgoing-39 can be kept alive for 3 MINUTES
09:49:43.097 [main] DEBUG org.apache.hc.client5.http.impl.io.PoolingHttpClientConnectionManager - ep-00000036: connection released [route: {s}->https://raw.githubusercontent.com:443][total available: 1; route allocated: 1 of 5; total allocated: 2 of 25]
09:49:43.097 [main] DEBUG io.github.bonigarcia.wdm.versions.VersionDetector - Driver for chrome117 not found in online properties (using local versions.properties)
09:49:43.097 [main] DEBUG io.github.bonigarcia.wdm.WebDriverManager - The driver version for CHROME 117 is unknown ... trying with latest
09:49:43.119 [main] DEBUG org.apache.hc.client5.http.impl.classic.InternalHttpClient - ex-00000038: preparing request execution
09:49:43.119 [main] DEBUG org.apache.hc.client5.http.protocol.RequestAddCookies - Cookie spec selected: strict
09:49:43.119 [main] DEBUG org.apache.hc.client5.http.protocol.RequestAuthCache - Auth cache not set in the context
09:49:43.120 [main] DEBUG org.apache.hc.client5.http.impl.classic.ProtocolExec - ex-00000038: target auth state: UNCHALLENGED
09:49:43.120 [main] DEBUG org.apache.hc.client5.http.impl.classic.ProtocolExec - ex-00000038: proxy auth state: UNCHALLENGED
09:49:43.120 [main] DEBUG org.apache.hc.client5.http.impl.classic.ConnectExec - ex-00000038: acquiring connection with route {s}->https://chromedriver.storage.googleapis.com:443
09:49:43.120 [main] DEBUG org.apache.hc.client5.http.impl.classic.InternalHttpClient - ex-00000038: acquiring endpoint (3 MINUTES)
09:49:43.120 [main] DEBUG org.apache.hc.client5.http.impl.io.PoolingHttpClientConnectionManager - ex-00000038: endpoint lease request (3 MINUTES) [route: {s}->https://chromedriver.storage.googleapis.com:443][total available: 1; route allocated: 1 of 5; total allocated: 2 of 25]
09:49:43.120 [main] DEBUG org.apache.hc.client5.http.impl.io.PoolingHttpClientConnectionManager - ex-00000038: endpoint leased [route: {s}->https://chromedriver.storage.googleapis.com:443][total available: 1; route allocated: 2 of 5; total allocated: 3 of 25]
09:49:43.120 [main] DEBUG org.apache.hc.client5.http.impl.io.PoolingHttpClientConnectionManager - ex-00000038: acquired ep-00000037
09:49:43.120 [main] DEBUG org.apache.hc.client5.http.impl.classic.InternalHttpClient - ex-00000038: acquired endpoint ep-00000037
09:49:43.120 [main] DEBUG org.apache.hc.client5.http.impl.classic.ConnectExec - ex-00000038: opening connection {s}->https://chromedriver.storage.googleapis.com:443
09:49:43.120 [main] DEBUG org.apache.hc.client5.http.impl.classic.InternalHttpClient - ep-00000037: connecting endpoint (30 SECONDS)
09:49:43.120 [main] DEBUG org.apache.hc.client5.http.impl.io.PoolingHttpClientConnectionManager - ep-00000037: connecting endpoint to https://chromedriver.storage.googleapis.com:443 (30 SECONDS)
09:49:43.121 [main] DEBUG org.apache.hc.client5.http.impl.io.DefaultHttpClientConnectionOperator - http-outgoing-41: connecting to chromedriver.storage.googleapis.com/34.101.5.123:443
09:49:43.121 [main] DEBUG org.apache.hc.client5.http.ssl.SSLConnectionSocketFactory - Connecting socket to chromedriver.storage.googleapis.com/34.101.5.123:443 with timeout 30 SECONDS
09:49:43.126 [main] DEBUG org.apache.hc.client5.http.ssl.SSLConnectionSocketFactory - Enabled protocols: [TLSv1.3, TLSv1.2]
09:49:43.126 [main] DEBUG org.apache.hc.client5.http.ssl.SSLConnectionSocketFactory - Enabled cipher suites: [TLS_AES_256_GCM_SHA384, TLS_AES_128_GCM_SHA256, TLS_CHACHA20_POLY1305_SHA256, TLS_ECDHE_ECDSA_WITH_AES_256_GCM_SHA384, TLS_ECDHE_ECDSA_WITH_AES_128_GCM_SHA256, TLS_ECDHE_ECDSA_WITH_CHACHA20_POLY1305_SHA256, TLS_ECDHE_RSA_WITH_AES_256_GCM_SHA384, TLS_ECDHE_RSA_WITH_CHACHA20_POLY1305_SHA256, TLS_ECDHE_RSA_WITH_AES_128_GCM_SHA256, TLS_DHE_RSA_WITH_AES_256_GCM_SHA384, TLS_DHE_RSA_WITH_CHACHA20_POLY1305_SHA256, TLS_DHE_DSS_WITH_AES_256_GCM_SHA384, TLS_DHE_RSA_WITH_AES_128_GCM_SHA256, TLS_DHE_DSS_WITH_AES_128_GCM_SHA256, TLS_ECDHE_ECDSA_WITH_AES_256_CBC_SHA384, TLS_ECDHE_RSA_WITH_AES_256_CBC_SHA384, TLS_ECDHE_ECDSA_WITH_AES_128_CBC_SHA256, TLS_ECDHE_RSA_WITH_AES_128_CBC_SHA256, TLS_DHE_RSA_WITH_AES_256_CBC_SHA256, TLS_DHE_DSS_WITH_AES_256_CBC_SHA256, TLS_DHE_RSA_WITH_AES_128_CBC_SHA256, TLS_DHE_DSS_WITH_AES_128_CBC_SHA256, TLS_ECDH_ECDSA_WITH_AES_256_GCM_SHA384, TLS_ECDH_RSA_WITH_AES_256_GCM_SHA384, TLS_ECDH_ECDSA_WITH_AES_128_GCM_SHA256, TLS_ECDH_RSA_WITH_AES_128_GCM_SHA256, TLS_ECDH_ECDSA_WITH_AES_256_CBC_SHA384, TLS_ECDH_RSA_WITH_AES_256_CBC_SHA384, TLS_ECDH_ECDSA_WITH_AES_128_CBC_SHA256, TLS_ECDH_RSA_WITH_AES_128_CBC_SHA256, TLS_ECDHE_ECDSA_WITH_AES_256_CBC_SHA, TLS_ECDHE_RSA_WITH_AES_256_CBC_SHA, TLS_ECDHE_ECDSA_WITH_AES_128_CBC_SHA, TLS_ECDHE_RSA_WITH_AES_128_CBC_SHA, TLS_DHE_RSA_WITH_AES_256_CBC_SHA, TLS_DHE_DSS_WITH_AES_256_CBC_SHA, TLS_DHE_RSA_WITH_AES_128_CBC_SHA, TLS_DHE_DSS_WITH_AES_128_CBC_SHA, TLS_ECDH_ECDSA_WITH_AES_256_CBC_SHA, TLS_ECDH_RSA_WITH_AES_256_CBC_SHA, TLS_ECDH_ECDSA_WITH_AES_128_CBC_SHA, TLS_ECDH_RSA_WITH_AES_128_CBC_SHA, TLS_RSA_WITH_AES_256_GCM_SHA384, TLS_RSA_WITH_AES_128_GCM_SHA256, TLS_RSA_WITH_AES_256_CBC_SHA256, TLS_RSA_WITH_AES_128_CBC_SHA256, TLS_RSA_WITH_AES_256_CBC_SHA, TLS_RSA_WITH_AES_128_CBC_SHA, TLS_EMPTY_RENEGOTIATION_INFO_SCSV]
09:49:43.126 [main] DEBUG org.apache.hc.client5.http.ssl.SSLConnectionSocketFactory - Starting handshake
09:49:43.176 [main] DEBUG org.apache.hc.client5.http.ssl.SSLConnectionSocketFactory - Secure session established
09:49:43.176 [main] DEBUG org.apache.hc.client5.http.ssl.SSLConnectionSocketFactory -  negotiated protocol: TLSv1.3
09:49:43.176 [main] DEBUG org.apache.hc.client5.http.ssl.SSLConnectionSocketFactory -  negotiated cipher suite: TLS_AES_256_GCM_SHA384
09:49:43.176 [main] DEBUG org.apache.hc.client5.http.ssl.SSLConnectionSocketFactory -  peer principal: CN=*.storage.googleapis.com
09:49:43.176 [main] DEBUG org.apache.hc.client5.http.ssl.SSLConnectionSocketFactory -  peer alternative names: [*.storage.googleapis.com, *.googleapis.com, commondatastorage.googleapis.com, *.commondatastorage.googleapis.com, storage.googleapis.com, storage-p2.googleapis.com, *.storage-p2.googleapis.com, storage.mtls.googleapis.com, *.appspot.com.storage.googleapis.com, *.content-storage.googleapis.com, *.content-storage-p2.googleapis.com, *.content-storage-upload.googleapis.com, *.content-storage-download.googleapis.com, *.storage-upload.googleapis.com, *.storage-download.googleapis.com]
09:49:43.176 [main] DEBUG org.apache.hc.client5.http.ssl.SSLConnectionSocketFactory -  issuer principal: CN=GTS CA 1C3, O=Google Trust Services LLC, C=US
09:49:43.177 [main] DEBUG org.apache.hc.client5.http.impl.io.DefaultHttpClientConnectionOperator - http-outgoing-41: connection established 192.168.100.42:64596<->34.101.5.123:443
09:49:43.177 [main] DEBUG org.apache.hc.client5.http.impl.io.PoolingHttpClientConnectionManager - ep-00000037: connected http-outgoing-41
09:49:43.177 [main] DEBUG org.apache.hc.client5.http.impl.classic.InternalHttpClient - ep-00000037: endpoint connected
09:49:43.177 [main] DEBUG org.apache.hc.client5.http.impl.classic.MainClientExec - ex-00000038: executing GET /LATEST_RELEASE HTTP/1.1
09:49:43.177 [main] DEBUG org.apache.hc.client5.http.impl.classic.InternalHttpClient - ep-00000037: start execution ex-00000038
09:49:43.177 [main] DEBUG org.apache.hc.client5.http.impl.io.PoolingHttpClientConnectionManager - ep-00000037: executing exchange ex-00000038 over http-outgoing-41
09:49:43.177 [main] DEBUG org.apache.hc.client5.http.headers - http-outgoing-41 >> GET /LATEST_RELEASE HTTP/1.1
09:49:43.177 [main] DEBUG org.apache.hc.client5.http.headers - http-outgoing-41 >> user-agent: Apache-HttpClient/5.0
09:49:43.177 [main] DEBUG org.apache.hc.client5.http.headers - http-outgoing-41 >> accept-encoding: gzip, deflate, br
09:49:43.177 [main] DEBUG org.apache.hc.client5.http.headers - http-outgoing-41 >> cache-control: max-age=0
09:49:43.177 [main] DEBUG org.apache.hc.client5.http.headers - http-outgoing-41 >> connection: keep-alive
09:49:43.177 [main] DEBUG org.apache.hc.client5.http.headers - http-outgoing-41 >> Host: chromedriver.storage.googleapis.com
09:49:43.177 [main] DEBUG org.apache.hc.client5.http.wire - http-outgoing-41 >> "GET /LATEST_RELEASE HTTP/1.1[\r][\n]"
09:49:43.177 [main] DEBUG org.apache.hc.client5.http.wire - http-outgoing-41 >> "user-agent: Apache-HttpClient/5.0[\r][\n]"
09:49:43.177 [main] DEBUG org.apache.hc.client5.http.wire - http-outgoing-41 >> "accept-encoding: gzip, deflate, br[\r][\n]"
09:49:43.177 [main] DEBUG org.apache.hc.client5.http.wire - http-outgoing-41 >> "cache-control: max-age=0[\r][\n]"
09:49:43.177 [main] DEBUG org.apache.hc.client5.http.wire - http-outgoing-41 >> "connection: keep-alive[\r][\n]"
09:49:43.177 [main] DEBUG org.apache.hc.client5.http.wire - http-outgoing-41 >> "Host: chromedriver.storage.googleapis.com[\r][\n]"
09:49:43.177 [main] DEBUG org.apache.hc.client5.http.wire - http-outgoing-41 >> "[\r][\n]"
09:49:43.192 [main] DEBUG org.apache.hc.client5.http.wire - http-outgoing-41 << "HTTP/1.1 200 OK[\r][\n]"
09:49:43.192 [main] DEBUG org.apache.hc.client5.http.wire - http-outgoing-41 << "X-GUploader-UploadID: ADPycdvnFAnOhlWGbRtUpcGBi5W3y6qEtkvwOJmj2uBu_cu5oupNFxxPFqsoSfNAPIUhE78QrkhmBqvlUQiAPhzQ2QAWS0sveOv3[\r][\n]"
09:49:43.192 [main] DEBUG org.apache.hc.client5.http.wire - http-outgoing-41 << "x-goog-generation: 1685523462105569[\r][\n]"
09:49:43.192 [main] DEBUG org.apache.hc.client5.http.wire - http-outgoing-41 << "x-goog-metageneration: 1[\r][\n]"
09:49:43.192 [main] DEBUG org.apache.hc.client5.http.wire - http-outgoing-41 << "x-goog-stored-content-encoding: identity[\r][\n]"
09:49:43.192 [main] DEBUG org.apache.hc.client5.http.wire - http-outgoing-41 << "x-goog-stored-content-length: 13[\r][\n]"
09:49:43.192 [main] DEBUG org.apache.hc.client5.http.wire - http-outgoing-41 << "x-goog-hash: crc32c=tVW4TA==[\r][\n]"
09:49:43.192 [main] DEBUG org.apache.hc.client5.http.wire - http-outgoing-41 << "x-goog-hash: md5=NoaEuIlBlniwTkiZ1T16sA==[\r][\n]"
09:49:43.192 [main] DEBUG org.apache.hc.client5.http.wire - http-outgoing-41 << "x-goog-storage-class: STANDARD[\r][\n]"
09:49:43.192 [main] DEBUG org.apache.hc.client5.http.wire - http-outgoing-41 << "Accept-Ranges: bytes[\r][\n]"
09:49:43.192 [main] DEBUG org.apache.hc.client5.http.wire - http-outgoing-41 << "Content-Length: 13[\r][\n]"
09:49:43.192 [main] DEBUG org.apache.hc.client5.http.wire - http-outgoing-41 << "Server: UploadServer[\r][\n]"
09:49:43.192 [main] DEBUG org.apache.hc.client5.http.wire - http-outgoing-41 << "Date: Sat, 30 Sep 2023 02:46:28 GMT[\r][\n]"
09:49:43.192 [main] DEBUG org.apache.hc.client5.http.wire - http-outgoing-41 << "Expires: Sat, 30 Sep 2023 03:46:28 GMT[\r][\n]"
09:49:43.192 [main] DEBUG org.apache.hc.client5.http.wire - http-outgoing-41 << "Cache-Control: public, max-age=3600[\r][\n]"
09:49:43.192 [main] DEBUG org.apache.hc.client5.http.wire - http-outgoing-41 << "Age: 206[\r][\n]"
09:49:43.192 [main] DEBUG org.apache.hc.client5.http.wire - http-outgoing-41 << "Last-Modified: Wed, 31 May 2023 08:57:42 GMT[\r][\n]"
09:49:43.192 [main] DEBUG org.apache.hc.client5.http.wire - http-outgoing-41 << "ETag: "368684b889419678b04e4899d53d7ab0"[\r][\n]"
09:49:43.192 [main] DEBUG org.apache.hc.client5.http.wire - http-outgoing-41 << "Content-Type: text/plain[\r][\n]"
09:49:43.192 [main] DEBUG org.apache.hc.client5.http.wire - http-outgoing-41 << "Alt-Svc: h3=":443"; ma=2592000,h3-29=":443"; ma=2592000[\r][\n]"
09:49:43.192 [main] DEBUG org.apache.hc.client5.http.wire - http-outgoing-41 << "[\r][\n]"
09:49:43.192 [main] DEBUG org.apache.hc.client5.http.wire - http-outgoing-41 << "114.0.5735.90"
09:49:43.192 [main] DEBUG org.apache.hc.client5.http.headers - http-outgoing-41 << HTTP/1.1 200 OK
09:49:43.192 [main] DEBUG org.apache.hc.client5.http.headers - http-outgoing-41 << X-GUploader-UploadID: ADPycdvnFAnOhlWGbRtUpcGBi5W3y6qEtkvwOJmj2uBu_cu5oupNFxxPFqsoSfNAPIUhE78QrkhmBqvlUQiAPhzQ2QAWS0sveOv3
09:49:43.192 [main] DEBUG org.apache.hc.client5.http.headers - http-outgoing-41 << x-goog-generation: 1685523462105569
09:49:43.192 [main] DEBUG org.apache.hc.client5.http.headers - http-outgoing-41 << x-goog-metageneration: 1
09:49:43.192 [main] DEBUG org.apache.hc.client5.http.headers - http-outgoing-41 << x-goog-stored-content-encoding: identity
09:49:43.192 [main] DEBUG org.apache.hc.client5.http.headers - http-outgoing-41 << x-goog-stored-content-length: 13
09:49:43.192 [main] DEBUG org.apache.hc.client5.http.headers - http-outgoing-41 << x-goog-hash: crc32c=tVW4TA==
09:49:43.192 [main] DEBUG org.apache.hc.client5.http.headers - http-outgoing-41 << x-goog-hash: md5=NoaEuIlBlniwTkiZ1T16sA==
09:49:43.192 [main] DEBUG org.apache.hc.client5.http.headers - http-outgoing-41 << x-goog-storage-class: STANDARD
09:49:43.192 [main] DEBUG org.apache.hc.client5.http.headers - http-outgoing-41 << Accept-Ranges: bytes
09:49:43.192 [main] DEBUG org.apache.hc.client5.http.headers - http-outgoing-41 << Content-Length: 13
09:49:43.192 [main] DEBUG org.apache.hc.client5.http.headers - http-outgoing-41 << Server: UploadServer
09:49:43.192 [main] DEBUG org.apache.hc.client5.http.headers - http-outgoing-41 << Date: Sat, 30 Sep 2023 02:46:28 GMT
09:49:43.192 [main] DEBUG org.apache.hc.client5.http.headers - http-outgoing-41 << Expires: Sat, 30 Sep 2023 03:46:28 GMT
09:49:43.192 [main] DEBUG org.apache.hc.client5.http.headers - http-outgoing-41 << Cache-Control: public, max-age=3600
09:49:43.192 [main] DEBUG org.apache.hc.client5.http.headers - http-outgoing-41 << Age: 206
09:49:43.192 [main] DEBUG org.apache.hc.client5.http.headers - http-outgoing-41 << Last-Modified: Wed, 31 May 2023 08:57:42 GMT
09:49:43.192 [main] DEBUG org.apache.hc.client5.http.headers - http-outgoing-41 << ETag: "368684b889419678b04e4899d53d7ab0"
09:49:43.192 [main] DEBUG org.apache.hc.client5.http.headers - http-outgoing-41 << Content-Type: text/plain
09:49:43.192 [main] DEBUG org.apache.hc.client5.http.headers - http-outgoing-41 << Alt-Svc: h3=":443"; ma=2592000,h3-29=":443"; ma=2592000
09:49:43.192 [main] DEBUG org.apache.hc.client5.http.impl.classic.MainClientExec - ex-00000038: connection can be kept alive for 3 MINUTES
09:49:43.192 [main] DEBUG org.apache.hc.client5.http.impl.classic.InternalHttpClient - ep-00000037: releasing valid endpoint
09:49:43.192 [main] DEBUG org.apache.hc.client5.http.impl.io.PoolingHttpClientConnectionManager - ep-00000037: releasing endpoint
09:49:43.192 [main] DEBUG org.apache.hc.client5.http.impl.io.PoolingHttpClientConnectionManager - ep-00000037: connection http-outgoing-41 can be kept alive for 3 MINUTES
09:49:43.192 [main] DEBUG org.apache.hc.client5.http.impl.io.PoolingHttpClientConnectionManager - ep-00000037: connection released [route: {s}->https://chromedriver.storage.googleapis.com:443][total available: 2; route allocated: 2 of 5; total allocated: 3 of 25]
09:49:43.192 [main] DEBUG io.github.bonigarcia.wdm.versions.VersionDetector - Latest version of chromedriver according to https://chromedriver.storage.googleapis.com/LATEST_RELEASE is 114.0.5735.90
09:49:43.192 [main] DEBUG io.github.bonigarcia.wdm.WebDriverManager - Driver chromedriver 114.0.5735.90 found in cache
09:49:43.192 [main] INFO io.github.bonigarcia.wdm.WebDriverManager - Exporting webdriver.chrome.driver as C:\Users\Bagas Dwi Saputra\.cache\selenium\chromedriver\win32\114.0.5735.90\chromedriver.exe
09:49:43.271 [main] DEBUG net.thucydides.core.reflection.ClassFinder - Could not load class net.serenitybdd.rest.utils.RestSpecificationFactory
09:49:43.336 [main] DEBUG net.thucydides.core.reflection.ClassFinder - Could not load class net.serenitybdd.rest.utils.RestSpecificationFactory
09:49:43.336 [main] INFO net.serenitybdd.core.webdriver.driverproviders.ProvideNewDriver - Instantiating driver
09:49:43.336 [main] INFO net.serenitybdd.core.webdriver.driverproviders.ProvideNewDriver - Driver capabilities: Capabilities {acceptInsecureCerts: false, base.url: https://app.jubelio.com, browserName: chrome, chrome.driver: src/test/resources/webdrive..., driver: chrome, goog:chromeOptions: {args: [], extensions: []}, loggingPrefs: org.openqa.selenium.logging...}
09:49:44.187 [main] DEBUG net.thucydides.core.reflection.ClassFinder - Could not load class net.serenitybdd.rest.utils.RestSpecificationFactory
09:49:46.082 [main] DEBUG net.serenitybdd.core.photography.Darkroom - Send negative for processing for target\site\serenity\d86bb99ca4b74cdefa115c5a2645bacb4c0cc871895a6fff5f0d38af68de8e18.png
09:49:46.082 [main] DEBUG net.thucydides.core.steps.StepInterceptor - STEP DONE: openLink
09:49:46.100 [main] DEBUG net.thucydides.core.steps.StepInterceptor - STARTING STEP: LoginSteps.fillsInTheWithValidDataEmail - fills in the {string} with valid data email
09:49:46.414 [main] DEBUG net.serenitybdd.core.photography.Darkroom - Send negative for processing for target\site\serenity\faed2b1791be727aabc621b05d1d8e1cb7c60f86901fe12abe65b4bf4933aad4.png
09:49:46.414 [main] DEBUG net.thucydides.core.steps.StepInterceptor - STEP DONE: fills in the {string} with valid data email
  &amp#27;[32mGiven &amp#27;[0m&amp#27;[32mfills in the &amp#27;[0m&amp#27;[32m&amp#27;[1m"qa.rakamin.jubelio@gmail.com"&amp#27;[0m&amp#27;[32m with valid data email&amp#27;[0m &amp#27;[90m# starter.stepdefinitios.LoginSteps.fillsInTheWithValidDataEmail(java.lang.String)&amp#27;[0m
09:49:47.094 [main] DEBUG net.serenitybdd.core.photography.Darkroom - Send negative for processing for target\site\serenity\64159dfdd3949babe4c5721250a1f80ea8c89c71f041d5ed43b336bef03db602.png
09:49:47.094 [main] DEBUG net.thucydides.core.steps.StepInterceptor - STARTING STEP: LoginSteps.fillInTheWithValidDataPass - fill in the {string} with valid data pass
09:49:47.367 [main] DEBUG net.serenitybdd.core.photography.Darkroom - Send negative for processing for target\site\serenity\d5435e51c3e9af8207b86959b38f9dddbacae169bb25acc0aa3c7c97bf49e3ed.png
09:49:47.367 [main] DEBUG net.thucydides.core.steps.StepInterceptor - STEP DONE: fill in the {string} with valid data pass
  &amp#27;[32mAnd &amp#27;[0m&amp#27;[32mfill in the &amp#27;[0m&amp#27;[32m&amp#27;[1m"Ju"&amp#27;[0m&amp#27;[32m with valid data pass&amp#27;[0m                               &amp#27;[90m# starter.stepdefinitios.LoginSteps.fillInTheWithValidDataPass(java.lang.String)&amp#27;[0m
09:49:47.367 [Darkroom Processing Line] DEBUG net.serenitybdd.core.photography.DarkroomProcessingLine - Processing screenshot image in /var/screenshots/screenshot-13038672298177378249
09:49:47.367 [Darkroom Processing Line] DEBUG net.serenitybdd.core.photography.DarkroomProcessingLine - Saving screenshot to target\site\serenity\d5435e51c3e9af8207b86959b38f9dddbacae169bb25acc0aa3c7c97bf49e3ed.png
09:49:47.367 [main] DEBUG net.thucydides.core.steps.StepInterceptor - STARTING STEP: LoginSteps.clickTheLoginButton - clickbtnlogin
09:49:47.717 [main] DEBUG net.serenitybdd.core.photography.Darkroom - Send negative for processing for target\site\serenity\92cbfae5418ba6c0ba2eb3f4e80d64d748d913960fa92c410d8f888b1ad77c65.png
09:49:47.717 [main] DEBUG net.thucydides.core.steps.StepInterceptor - STEP DONE: clickbtnlogin
09:49:47.717 [Darkroom Processing Line] DEBUG net.serenitybdd.core.photography.DarkroomProcessingLine - Processing screenshot image in /var/screenshots/screenshot-13805292185663167683
09:49:47.717 [Darkroom Processing Line] DEBUG net.serenitybdd.core.photography.DarkroomProcessingLine - Saving screenshot to target\site\serenity\92cbfae5418ba6c0ba2eb3f4e80d64d748d913960fa92c410d8f888b1ad77c65.png
  &amp#27;[32mWhen &amp#27;[0m&amp#27;[32mclick the login button&amp#27;[0m                                             &amp#27;[90m# starter.stepdefinitios.LoginSteps.clickTheLoginButton()&amp#27;[0m
09:49:48.416 [main] DEBUG net.serenitybdd.core.photography.Darkroom - Send negative for processing for target\site\serenity\a293a08f63c6bdcaf75f812ee28cd4f345d6cc7e24784c9e4738156241c5641f.png
09:49:48.416 [Darkroom Processing Line] DEBUG net.serenitybdd.core.photography.DarkroomProcessingLine - Processing screenshot image in /var/screenshots/screenshot-12279312903619284317
09:49:48.416 [Darkroom Processing Line] DEBUG net.serenitybdd.core.photography.DarkroomProcessingLine - Saving screenshot to target\site\serenity\a293a08f63c6bdcaf75f812ee28cd4f345d6cc7e24784c9e4738156241c5641f.png
09:49:48.431 [main] DEBUG net.thucydides.core.steps.StepInterceptor - STARTING STEP: LoginSteps.validatePageHomeOrError - validate page home or error {string}
09:49:49.066 [main] DEBUG net.serenitybdd.core.photography.Darkroom - Send negative for processing for target\site\serenity\3ff3402e39b4dce43def3c1a027d29dc90828140116c5495ac29015562f42658.png
09:49:49.066 [main] DEBUG net.thucydides.core.steps.StepInterceptor - STEP DONE: validate page home or error {string}
  &amp#27;[32mThen &amp#27;[0m&amp#27;[32mvalidate page home or error &amp#27;[0m&amp#27;[32m&amp#27;[1m"Password harus di antara 6 dan 30."&amp#27;[0m   &amp#27;[90m# starter.stepdefinitios.LoginSteps.validatePageHomeOrError(java.lang.String)&amp#27;[0m
09:49:49.066 [Darkroom Processing Line] DEBUG net.serenitybdd.core.photography.DarkroomProcessingLine - Processing screenshot image in /var/screenshots/screenshot-1677842143468100889
09:49:49.066 [Darkroom Processing Line] DEBUG net.serenitybdd.core.photography.DarkroomProcessingLine - Saving screenshot to target\site\serenity\3ff3402e39b4dce43def3c1a027d29dc90828140116c5495ac29015562f42658.png
]]></system-out>
    <system-err><![CDATA[Starting ChromeDriver 117.0.5938.88 (be6afae4721209be42944bbcd325665f9f44563b-refs/branch-heads/5938_62@{#9}) on port 10077
Only local connections are allowed.
Please see https://chromedriver.chromium.org/security-considerations for suggestions on keeping ChromeDriver safe.
ChromeDriver was started successfully.
Sep 30, 2023 9:49:44 AM org.openqa.selenium.remote.ProtocolHandshake createSession
INFO: Detected dialect: W3C
]]></system-err>
  </testcase>
  <testcase name="Login Account #9" classname="Login Account at app.jubelio" time="7.62">
    <system-out><![CDATA[
@Login
Scenario Outline: Login Account                                           &amp#27;[90m# src/test/resources/features/user/login.feature:19&amp#27;[0m
09:49:49.222 [main] INFO io.cucumber.core.plugin.SerenityReporter - Running feature from file:///D:/QE/Automation/Jubelio-Website/src/test/resources/features/user/login.feature
09:49:49.741 [main] DEBUG net.thucydides.core.steps.StepInterceptor - STARTING STEP: LoginSteps.fillsInTheWithValidDataEmail - openLink
09:49:49.741 [main] INFO net.serenitybdd.core.webdriver.driverproviders.ChromeDriverProvider - Using automatically driver download
09:49:49.757 [main] DEBUG org.apache.hc.client5.http.impl.classic.InternalHttpClient - ex-00000039: preparing request execution
09:49:49.757 [main] DEBUG org.apache.hc.client5.http.protocol.RequestAddCookies - Cookie spec selected: strict
09:49:49.757 [main] DEBUG org.apache.hc.client5.http.protocol.RequestAuthCache - Auth cache not set in the context
09:49:49.757 [main] DEBUG org.apache.hc.client5.http.impl.classic.ProtocolExec - ex-00000039: target auth state: UNCHALLENGED
09:49:49.757 [main] DEBUG org.apache.hc.client5.http.impl.classic.ProtocolExec - ex-00000039: proxy auth state: UNCHALLENGED
09:49:49.757 [main] DEBUG org.apache.hc.client5.http.impl.classic.ConnectExec - ex-00000039: acquiring connection with route {s}->https://raw.githubusercontent.com:443
09:49:49.757 [main] DEBUG org.apache.hc.client5.http.impl.classic.InternalHttpClient - ex-00000039: acquiring endpoint (3 MINUTES)
09:49:49.757 [main] DEBUG org.apache.hc.client5.http.impl.io.PoolingHttpClientConnectionManager - ex-00000039: endpoint lease request (3 MINUTES) [route: {s}->https://raw.githubusercontent.com:443][total available: 0; route allocated: 0 of 5; total allocated: 0 of 25]
09:49:49.757 [main] DEBUG org.apache.hc.client5.http.impl.io.PoolingHttpClientConnectionManager - ex-00000039: endpoint leased [route: {s}->https://raw.githubusercontent.com:443][total available: 0; route allocated: 1 of 5; total allocated: 1 of 25]
09:49:49.757 [main] DEBUG org.apache.hc.client5.http.impl.io.PoolingHttpClientConnectionManager - ex-00000039: acquired ep-00000038
09:49:49.757 [main] DEBUG org.apache.hc.client5.http.impl.classic.InternalHttpClient - ex-00000039: acquired endpoint ep-00000038
09:49:49.757 [main] DEBUG org.apache.hc.client5.http.impl.classic.ConnectExec - ex-00000039: opening connection {s}->https://raw.githubusercontent.com:443
09:49:49.757 [main] DEBUG org.apache.hc.client5.http.impl.classic.InternalHttpClient - ep-00000038: connecting endpoint (30 SECONDS)
09:49:49.757 [main] DEBUG org.apache.hc.client5.http.impl.io.PoolingHttpClientConnectionManager - ep-00000038: connecting endpoint to https://raw.githubusercontent.com:443 (30 SECONDS)
09:49:49.757 [main] DEBUG org.apache.hc.client5.http.impl.io.DefaultHttpClientConnectionOperator - http-outgoing-42: connecting to raw.githubusercontent.com/185.199.108.133:443
09:49:49.757 [main] DEBUG org.apache.hc.client5.http.ssl.SSLConnectionSocketFactory - Connecting socket to raw.githubusercontent.com/185.199.108.133:443 with timeout 30 SECONDS
09:49:49.788 [main] DEBUG org.apache.hc.client5.http.ssl.SSLConnectionSocketFactory - Enabled protocols: [TLSv1.3, TLSv1.2]
09:49:49.788 [main] DEBUG org.apache.hc.client5.http.ssl.SSLConnectionSocketFactory - Enabled cipher suites: [TLS_AES_256_GCM_SHA384, TLS_AES_128_GCM_SHA256, TLS_CHACHA20_POLY1305_SHA256, TLS_ECDHE_ECDSA_WITH_AES_256_GCM_SHA384, TLS_ECDHE_ECDSA_WITH_AES_128_GCM_SHA256, TLS_ECDHE_ECDSA_WITH_CHACHA20_POLY1305_SHA256, TLS_ECDHE_RSA_WITH_AES_256_GCM_SHA384, TLS_ECDHE_RSA_WITH_CHACHA20_POLY1305_SHA256, TLS_ECDHE_RSA_WITH_AES_128_GCM_SHA256, TLS_DHE_RSA_WITH_AES_256_GCM_SHA384, TLS_DHE_RSA_WITH_CHACHA20_POLY1305_SHA256, TLS_DHE_DSS_WITH_AES_256_GCM_SHA384, TLS_DHE_RSA_WITH_AES_128_GCM_SHA256, TLS_DHE_DSS_WITH_AES_128_GCM_SHA256, TLS_ECDHE_ECDSA_WITH_AES_256_CBC_SHA384, TLS_ECDHE_RSA_WITH_AES_256_CBC_SHA384, TLS_ECDHE_ECDSA_WITH_AES_128_CBC_SHA256, TLS_ECDHE_RSA_WITH_AES_128_CBC_SHA256, TLS_DHE_RSA_WITH_AES_256_CBC_SHA256, TLS_DHE_DSS_WITH_AES_256_CBC_SHA256, TLS_DHE_RSA_WITH_AES_128_CBC_SHA256, TLS_DHE_DSS_WITH_AES_128_CBC_SHA256, TLS_ECDH_ECDSA_WITH_AES_256_GCM_SHA384, TLS_ECDH_RSA_WITH_AES_256_GCM_SHA384, TLS_ECDH_ECDSA_WITH_AES_128_GCM_SHA256, TLS_ECDH_RSA_WITH_AES_128_GCM_SHA256, TLS_ECDH_ECDSA_WITH_AES_256_CBC_SHA384, TLS_ECDH_RSA_WITH_AES_256_CBC_SHA384, TLS_ECDH_ECDSA_WITH_AES_128_CBC_SHA256, TLS_ECDH_RSA_WITH_AES_128_CBC_SHA256, TLS_ECDHE_ECDSA_WITH_AES_256_CBC_SHA, TLS_ECDHE_RSA_WITH_AES_256_CBC_SHA, TLS_ECDHE_ECDSA_WITH_AES_128_CBC_SHA, TLS_ECDHE_RSA_WITH_AES_128_CBC_SHA, TLS_DHE_RSA_WITH_AES_256_CBC_SHA, TLS_DHE_DSS_WITH_AES_256_CBC_SHA, TLS_DHE_RSA_WITH_AES_128_CBC_SHA, TLS_DHE_DSS_WITH_AES_128_CBC_SHA, TLS_ECDH_ECDSA_WITH_AES_256_CBC_SHA, TLS_ECDH_RSA_WITH_AES_256_CBC_SHA, TLS_ECDH_ECDSA_WITH_AES_128_CBC_SHA, TLS_ECDH_RSA_WITH_AES_128_CBC_SHA, TLS_RSA_WITH_AES_256_GCM_SHA384, TLS_RSA_WITH_AES_128_GCM_SHA256, TLS_RSA_WITH_AES_256_CBC_SHA256, TLS_RSA_WITH_AES_128_CBC_SHA256, TLS_RSA_WITH_AES_256_CBC_SHA, TLS_RSA_WITH_AES_128_CBC_SHA, TLS_EMPTY_RENEGOTIATION_INFO_SCSV]
09:49:49.788 [main] DEBUG org.apache.hc.client5.http.ssl.SSLConnectionSocketFactory - Starting handshake
09:49:49.820 [main] DEBUG org.apache.hc.client5.http.ssl.SSLConnectionSocketFactory - Secure session established
09:49:49.820 [main] DEBUG org.apache.hc.client5.http.ssl.SSLConnectionSocketFactory -  negotiated protocol: TLSv1.3
09:49:49.820 [main] DEBUG org.apache.hc.client5.http.ssl.SSLConnectionSocketFactory -  negotiated cipher suite: TLS_AES_256_GCM_SHA384
09:49:49.820 [main] DEBUG org.apache.hc.client5.http.ssl.SSLConnectionSocketFactory -  peer principal: CN=*.github.io, O="GitHub, Inc.", L=San Francisco, ST=California, C=US
09:49:49.820 [main] DEBUG org.apache.hc.client5.http.ssl.SSLConnectionSocketFactory -  peer alternative names: [*.github.io, github.io, *.github.com, github.com, www.github.com, *.githubusercontent.com, githubusercontent.com]
09:49:49.820 [main] DEBUG org.apache.hc.client5.http.ssl.SSLConnectionSocketFactory -  issuer principal: CN=DigiCert TLS RSA SHA256 2020 CA1, O=DigiCert Inc, C=US
09:49:49.820 [main] DEBUG org.apache.hc.client5.http.impl.io.DefaultHttpClientConnectionOperator - http-outgoing-42: connection established 192.168.100.42:64661<->185.199.108.133:443
09:49:49.820 [main] DEBUG org.apache.hc.client5.http.impl.io.PoolingHttpClientConnectionManager - ep-00000038: connected http-outgoing-42
09:49:49.820 [main] DEBUG org.apache.hc.client5.http.impl.classic.InternalHttpClient - ep-00000038: endpoint connected
09:49:49.820 [main] DEBUG org.apache.hc.client5.http.impl.classic.MainClientExec - ex-00000039: executing GET /bonigarcia/webdrivermanager/master/src/main/resources/commands.properties HTTP/1.1
09:49:49.820 [main] DEBUG org.apache.hc.client5.http.impl.classic.InternalHttpClient - ep-00000038: start execution ex-00000039
09:49:49.820 [main] DEBUG org.apache.hc.client5.http.impl.io.PoolingHttpClientConnectionManager - ep-00000038: executing exchange ex-00000039 over http-outgoing-42
09:49:49.820 [main] DEBUG org.apache.hc.client5.http.headers - http-outgoing-42 >> GET /bonigarcia/webdrivermanager/master/src/main/resources/commands.properties HTTP/1.1
09:49:49.820 [main] DEBUG org.apache.hc.client5.http.headers - http-outgoing-42 >> user-agent: Apache-HttpClient/5.0
09:49:49.820 [main] DEBUG org.apache.hc.client5.http.headers - http-outgoing-42 >> accept-encoding: gzip, deflate, br
09:49:49.820 [main] DEBUG org.apache.hc.client5.http.headers - http-outgoing-42 >> cache-control: max-age=0
09:49:49.820 [main] DEBUG org.apache.hc.client5.http.headers - http-outgoing-42 >> connection: keep-alive
09:49:49.820 [main] DEBUG org.apache.hc.client5.http.headers - http-outgoing-42 >> Host: raw.githubusercontent.com
09:49:49.820 [main] DEBUG org.apache.hc.client5.http.wire - http-outgoing-42 >> "GET /bonigarcia/webdrivermanager/master/src/main/resources/commands.properties HTTP/1.1[\r][\n]"
09:49:49.820 [main] DEBUG org.apache.hc.client5.http.wire - http-outgoing-42 >> "user-agent: Apache-HttpClient/5.0[\r][\n]"
09:49:49.820 [main] DEBUG org.apache.hc.client5.http.wire - http-outgoing-42 >> "accept-encoding: gzip, deflate, br[\r][\n]"
09:49:49.820 [main] DEBUG org.apache.hc.client5.http.wire - http-outgoing-42 >> "cache-control: max-age=0[\r][\n]"
09:49:49.820 [main] DEBUG org.apache.hc.client5.http.wire - http-outgoing-42 >> "connection: keep-alive[\r][\n]"
09:49:49.820 [main] DEBUG org.apache.hc.client5.http.wire - http-outgoing-42 >> "Host: raw.githubusercontent.com[\r][\n]"
09:49:49.820 [main] DEBUG org.apache.hc.client5.http.wire - http-outgoing-42 >> "[\r][\n]"
09:49:49.852 [main] DEBUG org.apache.hc.client5.http.wire - http-outgoing-42 << "HTTP/1.1 200 OK[\r][\n]"
09:49:49.852 [main] DEBUG org.apache.hc.client5.http.wire - http-outgoing-42 << "Connection: keep-alive[\r][\n]"
09:49:49.852 [main] DEBUG org.apache.hc.client5.http.wire - http-outgoing-42 << "Content-Length: 723[\r][\n]"
09:49:49.852 [main] DEBUG org.apache.hc.client5.http.wire - http-outgoing-42 << "Cache-Control: max-age=300[\r][\n]"
09:49:49.852 [main] DEBUG org.apache.hc.client5.http.wire - http-outgoing-42 << "Content-Security-Policy: default-src 'none'; style-src 'unsafe-inline'; sandbox[\r][\n]"
09:49:49.852 [main] DEBUG org.apache.hc.client5.http.wire - http-outgoing-42 << "Content-Type: text/plain; charset=utf-8[\r][\n]"
09:49:49.852 [main] DEBUG org.apache.hc.client5.http.wire - http-outgoing-42 << "ETag: W/"e82b438271e9e8680c688b0b680efd0bdd22faa6d6f0a32fc1fd8accc486b67e"[\r][\n]"
09:49:49.852 [main] DEBUG org.apache.hc.client5.http.wire - http-outgoing-42 << "Strict-Transport-Security: max-age=31536000[\r][\n]"
09:49:49.852 [main] DEBUG org.apache.hc.client5.http.wire - http-outgoing-42 << "X-Content-Type-Options: nosniff[\r][\n]"
09:49:49.852 [main] DEBUG org.apache.hc.client5.http.wire - http-outgoing-42 << "X-Frame-Options: deny[\r][\n]"
09:49:49.852 [main] DEBUG org.apache.hc.client5.http.wire - http-outgoing-42 << "X-XSS-Protection: 1; mode=block[\r][\n]"
09:49:49.852 [main] DEBUG org.apache.hc.client5.http.wire - http-outgoing-42 << "X-GitHub-Request-Id: 4CA0:B8C7F:70C4E:8CACE:651389F9[\r][\n]"
09:49:49.852 [main] DEBUG org.apache.hc.client5.http.wire - http-outgoing-42 << "Content-Encoding: gzip[\r][\n]"
09:49:49.852 [main] DEBUG org.apache.hc.client5.http.wire - http-outgoing-42 << "Accept-Ranges: bytes[\r][\n]"
09:49:49.852 [main] DEBUG org.apache.hc.client5.http.wire - http-outgoing-42 << "Date: Sat, 30 Sep 2023 02:50:00 GMT[\r][\n]"
09:49:49.852 [main] DEBUG org.apache.hc.client5.http.wire - http-outgoing-42 << "Via: 1.1 varnish[\r][\n]"
09:49:49.852 [main] DEBUG org.apache.hc.client5.http.wire - http-outgoing-42 << "X-Served-By: cache-qpg1228-QPG[\r][\n]"
09:49:49.852 [main] DEBUG org.apache.hc.client5.http.wire - http-outgoing-42 << "X-Cache: HIT[\r][\n]"
09:49:49.852 [main] DEBUG org.apache.hc.client5.http.wire - http-outgoing-42 << "X-Cache-Hits: 2[\r][\n]"
09:49:49.852 [main] DEBUG org.apache.hc.client5.http.wire - http-outgoing-42 << "X-Timer: S1696042201.683211,VS0,VE0[\r][\n]"
09:49:49.852 [main] DEBUG org.apache.hc.client5.http.wire - http-outgoing-42 << "Vary: Authorization,Accept-Encoding,Origin[\r][\n]"
09:49:49.852 [main] DEBUG org.apache.hc.client5.http.wire - http-outgoing-42 << "Access-Control-Allow-Origin: *[\r][\n]"
09:49:49.852 [main] DEBUG org.apache.hc.client5.http.wire - http-outgoing-42 << "Cross-Origin-Resource-Policy: cross-origin[\r][\n]"
09:49:49.852 [main] DEBUG org.apache.hc.client5.http.wire - http-outgoing-42 << "X-Fastly-Request-ID: 553488da956fbb8d3eb9b6c0597d11c595cde482[\r][\n]"
09:49:49.852 [main] DEBUG org.apache.hc.client5.http.wire - http-outgoing-42 << "Expires: Sat, 30 Sep 2023 02:55:00 GMT[\r][\n]"
09:49:49.852 [main] DEBUG org.apache.hc.client5.http.wire - http-outgoing-42 << "Source-Age: 110[\r][\n]"
09:49:49.852 [main] DEBUG org.apache.hc.client5.http.wire - http-outgoing-42 << "[\r][\n]"
09:49:49.852 [main] DEBUG org.apache.hc.client5.http.headers - http-outgoing-42 << HTTP/1.1 200 OK
09:49:49.852 [main] DEBUG org.apache.hc.client5.http.headers - http-outgoing-42 << Connection: keep-alive
09:49:49.852 [main] DEBUG org.apache.hc.client5.http.headers - http-outgoing-42 << Content-Length: 723
09:49:49.852 [main] DEBUG org.apache.hc.client5.http.headers - http-outgoing-42 << Cache-Control: max-age=300
09:49:49.852 [main] DEBUG org.apache.hc.client5.http.headers - http-outgoing-42 << Content-Security-Policy: default-src 'none'; style-src 'unsafe-inline'; sandbox
09:49:49.852 [main] DEBUG org.apache.hc.client5.http.headers - http-outgoing-42 << Content-Type: text/plain; charset=utf-8
09:49:49.852 [main] DEBUG org.apache.hc.client5.http.headers - http-outgoing-42 << ETag: W/"e82b438271e9e8680c688b0b680efd0bdd22faa6d6f0a32fc1fd8accc486b67e"
09:49:49.852 [main] DEBUG org.apache.hc.client5.http.headers - http-outgoing-42 << Strict-Transport-Security: max-age=31536000
09:49:49.852 [main] DEBUG org.apache.hc.client5.http.headers - http-outgoing-42 << X-Content-Type-Options: nosniff
09:49:49.852 [main] DEBUG org.apache.hc.client5.http.headers - http-outgoing-42 << X-Frame-Options: deny
09:49:49.852 [main] DEBUG org.apache.hc.client5.http.headers - http-outgoing-42 << X-XSS-Protection: 1; mode=block
09:49:49.852 [main] DEBUG org.apache.hc.client5.http.headers - http-outgoing-42 << X-GitHub-Request-Id: 4CA0:B8C7F:70C4E:8CACE:651389F9
09:49:49.852 [main] DEBUG org.apache.hc.client5.http.headers - http-outgoing-42 << Content-Encoding: gzip
09:49:49.852 [main] DEBUG org.apache.hc.client5.http.headers - http-outgoing-42 << Accept-Ranges: bytes
09:49:49.852 [main] DEBUG org.apache.hc.client5.http.headers - http-outgoing-42 << Date: Sat, 30 Sep 2023 02:50:00 GMT
09:49:49.852 [main] DEBUG org.apache.hc.client5.http.headers - http-outgoing-42 << Via: 1.1 varnish
09:49:49.852 [main] DEBUG org.apache.hc.client5.http.headers - http-outgoing-42 << X-Served-By: cache-qpg1228-QPG
09:49:49.852 [main] DEBUG org.apache.hc.client5.http.headers - http-outgoing-42 << X-Cache: HIT
09:49:49.852 [main] DEBUG org.apache.hc.client5.http.headers - http-outgoing-42 << X-Cache-Hits: 2
09:49:49.852 [main] DEBUG org.apache.hc.client5.http.headers - http-outgoing-42 << X-Timer: S1696042201.683211,VS0,VE0
09:49:49.852 [main] DEBUG org.apache.hc.client5.http.headers - http-outgoing-42 << Vary: Authorization,Accept-Encoding,Origin
09:49:49.852 [main] DEBUG org.apache.hc.client5.http.headers - http-outgoing-42 << Access-Control-Allow-Origin: *
09:49:49.852 [main] DEBUG org.apache.hc.client5.http.headers - http-outgoing-42 << Cross-Origin-Resource-Policy: cross-origin
09:49:49.852 [main] DEBUG org.apache.hc.client5.http.headers - http-outgoing-42 << X-Fastly-Request-ID: 553488da956fbb8d3eb9b6c0597d11c595cde482
09:49:49.852 [main] DEBUG org.apache.hc.client5.http.headers - http-outgoing-42 << Expires: Sat, 30 Sep 2023 02:55:00 GMT
09:49:49.852 [main] DEBUG org.apache.hc.client5.http.headers - http-outgoing-42 << Source-Age: 110
09:49:49.852 [main] DEBUG org.apache.hc.client5.http.impl.classic.MainClientExec - ex-00000039: connection can be kept alive for 3 MINUTES
09:49:49.852 [main] DEBUG org.apache.hc.client5.http.wire - http-outgoing-42 << "[0x1f][0xffffff8b][0x8][0x0][0x0][0x0][0x0][0x0][0x0][0x3][0xffffffb5]V]o[0xffffffda]0[0x14]}[0xffffffe7]W\[0xffffff81]*[0xffffffb5][0x12][0x1f][[M[0xffffffd3]$[0x1e]hF[0xffffffbb]i [0x18][0xffffffb4][0xffffffdd]&[0xfffffff9][0xffffffc5]$7[0xffffffc1]R[0x12]#;[0xffffff94]v[0xffffffbf]~[0xffffffb6][0xfffffff3]1[0xffffff92][0xffffff9a][0xffffffc1][0x1a]x[0xffffffcb][0xffffffb5][0xffffffaf][0xffffffcf]9[0xffffffbe][0xfffffff7]8v[0xb][0x1c][0x1e]E4[0xfffffff6]$x4[0xffffffa1][0xb]*[0xffffffb1][0xffffffd1][0xffffff82][0xfffffffb]%[0xffffff93][0xffffffe0][0xffffffb3][0x10][0xffffffc1][0xffffffe5]qBY,!Y[0xffffffea] KM8,[0x10][0xfffffff0][0x19][0xffffffdd]u[0xffffff82][0x1e][0xffffffb0][0xffffffd8]L[0xffffffcb]%[0xffffff86][0xffffffa1][0xe][0xffffffb8][0xfffffff0]P[0xffffffe8]$[0xf][0x13]t[0x13]3[0xfffffff9][0xffffff84]B2[0xffffffae][0xffffffe6]|@[0xfffffff5][0x1d][0x8][0xffffffc4][0x18][0x16][0xffffff82]o[0xffffffa4][0xffffff9a]P[0xffffff94][0xffffffe7][0xffffffce]R[0xfffffff0][0x8][0xffffffdb]p[0xffffffcb][0x4][0xfffffffa][0xfffffffc][0xffffffb9][\r][0xffffff93][0x15][\n]"
09:49:49.852 [main] DEBUG org.apache.hc.client5.http.wire - http-outgoing-42 << "[0xffffffda][0xffffff86][0xffffffa1][0x17][0xffffffa8]Q3[0xffffffcb][0xffffffd6][0xffffffd1][0xffffff85][0xffffffc6][0xfffffff7][0xffffff98][0xffffffef][0xffffffa3][0xffffffc0]8[0x1][0xffffffae]s[0x12][0x16][0x7] _d[0xffffff82][0xffffff91][0xffffff84][0xfffffff3][0x1f],[0xfffffff6][0x14]j[0x1b]F,^+[0xffffff98]1ua2[0xffffffbf]h([0xffffff8e][0xffffff94][0xffffffa2][0xffffff91]m[0xffffffa3][0xffffffeb][0xffffff9a][0xffffffb0][0xffffffbb]I[0x17]t[0xffffffdf][0xffffffbd][0xffffffef][0xffffffbb][0xffffff91][0xffffffd7]U[0xffffffbb][0xffffff82][0xffffff9e][0x3][0xffffff9b][0xffffff88][0xffffffb9][0xffffffa6]$[0xffffffa6][0xc][0xffffff9b][0xffffffa5][0xffffffe2][0xffffff83][0xffffff98]F[0xffffffd8]o[0xffffff9e]Mg[0xffffff93][0xffffffbb][0xffffffd9]`|[0xfffffffb]u4[0xffffff9c][0x7f]"}B[0xffffffce][0x8][0xffffffb9][0xffffffe3]<[0x8][0xffffff91][0xffffff90][0xffffff94][0xffffff82][0xffffff90][0xffffffc1]j[0x15]2WI[0xffffffe3]1![0x19][0xffffff91]BnB[0xffffff80][0x9]<f[0xffffffb5][0xffffffe8]=[0xffffffd1]p[0xffffffbd][[0xffffffcf][0xffffffe5][0x1b][0xfffffff4][0xffffff9c][0xffffffff][0xfffffffc][0xfffffff8][0xffffffe1][0xffffffe2][0xffffff94][0xffffffa2][0xffffffae][0xe][0x14]5[0xffffff9a]8[0xffffff83][0xffffffd1]`:[0xfffffffd]<[0xffffffb8][0x1f][0xffffff9c]R[0xffffffcf]u[0x7f]6[0xffffffbc][0xffffff83][0xffffffef][0xf][0xffffffc3][0xffffffd9]/[0xfffffff8][0xfffffff2][0xffffffcd]y s[0xffffffee]'[0x1b]*0g[0xffffffcb][0xffffffc8]nF7H][0xffffff83][0xffffff97]{[0xffffffb1]Q[0x5][\r][0xffffffb5]c[0xffffffb4][0xf][0x2][0xffffffb3][0xffffffb4][0xffffff93][0xe]C[0xffffffa7][0xffffffb3]kAD][0xffffff9d][0xffffffde][0xffffffdb][0xffffffda][0xffffff88][0xffffffec][0xffffffa5][0xffffffbc][0xffffff99][0xffffffd9][0xffffffba]t[0xffffffb5][0xffffffea]9[0xffffffea][0x10])[0xffffffb7][0xffffffca][0xffffff9e][0xfffffff2][0xffffffe2]d^N[0xffffffd8]FW[0x16][0xffffffcd][0xffffffdc]_[0x10][0xfffffff9]i|[0x1c][0xffffff93][0xffffff8e][0xfffffff9]o[0x16][0xffffff86]4'!$G[0xffffffdf]W[0xfffffff4]W*j[[0xfffffff3]xR[0xffffffae][0xffffffb6][0xc][0xffffffd0],; #[0xffffffa9][0xffffff92]5[0xffffffb5][0x7][0xffffff9c][0xffffffb5][0xffffffd0][0x7f][0xffffff90][0xffffffc7]jgs[0xfffffffc][0xffffffc2][0xb][0xffffffd9][0x0]t[0xffffff9e]^'Y[0xfffffffb][0xffffff9f][0xffffffb1][0xffffffd8]:[0xffffffbf][0xffffff8d][0xffffffa5][0xffffff9a][0xffffffad][0x7f]m[0x5]&[0xffffffaa][0xffffffa0]^[0xffffff9b][0xffffffcb][0x5]f[0xffffffae][0xffffffe0]RU[0xffffff82][0x10]MS9l[0xffffff91]4t[0xfffffffb][0xffffff8a]][0xffffffd6][0xfffffff4][0xffffff96][0xffffffa6][0xffffff9f]P[0xffffffce][0xffffffd5][0xffffffce][0xffffff93][0xffffffff][0xffffff97][0xffffffcc]p[0xfffffffd][0xfffffff3][0xffffffe8][0x1b][0xffffffcc][0xffffffa2][0xffffffd9]Q[0xffffffbe][0xffffffb2][0xffffffa3][0xffffffc7]m'[0xffffffdf][0xffffffe4][[0xfffffffb]^[0xffffffb0][0xffffff9a][0xffffffbe][0xffffffda][0xffffffda]_[0xffffffce][0xffffff80][0xffffffd2][0xffffffc1]7[0xffffffb7]][0xffffffc1]b[0xffffffee][0xffffffb5][0xffffffff]w[0xffffff83][0xffffffed][0xffffffa7];[0x15]<[0x10]4[0xffffff92][0xffffff84][0x18][\n]"
09:49:49.852 [main] DEBUG org.apache.hc.client5.http.wire - http-outgoing-42 << "BB[0xffffffba][0xffffff8e]][0xffffffb5]jo[0xffffffb9]+"[0xffffffea][0xffffffb4][0xffffffff]h"[0xffffffea]\?5[0xffffffa9][0xffffffaf]k[0xffffffec][0xffffffff]P[0xffffffea][\n]"
09:49:49.852 [main] DEBUG org.apache.hc.client5.http.wire - http-outgoing-42 << "w[0xffffffe1]K[0x13][0xffffffda][0xffffffec][0xffffff98][0xffffffe6]Y[0xfffffffd]h8m6[0xffffff9c]T[0xffffffc1][0xfffffff2][0xffffffa7][0xffffff91]z_[0xffffff95]o85p[0x1c][0x13][0xffffffe6][0xfffffff0]5[0xffffffee][0xfffffffc][0xffffff92][0xffffff96][0xffffffda][0xfffffff7][0xffffffcf][0xffffffb1][0x5][0x1d][0xffffffea]K[0xffffff9b]9[0xffffff8e][0xffffffad]e[0xfffffff7][0xffffff93][0xffffffa8]`[0xffffffda][0xffffffff][0x1a][0xffffffd2][0xffffff88][0xffffff85][0xfffffffd][0xfffffff2][0xffffff91]N[0xfffffff6]`[0xffffffdf]2[0xffffffcf][0xffffffae]E[0xffffff97][0xffffffc5][0xffffffa2][0xffffff9d][0xffffffef]'[0xffffff9d]mun.[0xffffffd3]f^[0xffffffc7][0xffffff82][0xffffffda][0xffffff82]9[0xfffffff5][0xffffffa9]`[0x5][0xffffffbc]4[0xffffffa1][0x1d]<M[0xffffffb5]A[0xffffffa7]3[[0xffffffc0][0x7f][0x0][0xffffffc1][0xffffffd0]$[0xffffff85][0x1d][\r][0x0][0x0]"
09:49:49.852 [main] DEBUG org.apache.hc.client5.http.impl.classic.InternalHttpClient - ep-00000038: releasing valid endpoint
09:49:49.852 [main] DEBUG org.apache.hc.client5.http.impl.io.PoolingHttpClientConnectionManager - ep-00000038: releasing endpoint
09:49:49.852 [main] DEBUG org.apache.hc.client5.http.impl.io.PoolingHttpClientConnectionManager - ep-00000038: connection http-outgoing-42 can be kept alive for 3 MINUTES
09:49:49.868 [main] DEBUG org.apache.hc.client5.http.impl.io.PoolingHttpClientConnectionManager - ep-00000038: connection released [route: {s}->https://raw.githubusercontent.com:443][total available: 1; route allocated: 1 of 5; total allocated: 1 of 25]
09:49:49.868 [main] DEBUG io.github.bonigarcia.wdm.versions.VersionDetector - Detecting chrome version using online commands.properties
09:49:49.868 [main] DEBUG io.github.bonigarcia.wdm.versions.Shell - Running command on the shell: [cmd.exe, /C, wmic, datafile, where, name="%PROGRAMFILES:\=\\%\\Google\\Chrome\\Application\\chrome.exe", get, Version, /value]
09:49:49.982 [main] DEBUG io.github.bonigarcia.wdm.versions.Shell - Result: Version=117.0.5938.132
09:49:49.987 [main] DEBUG org.apache.hc.client5.http.impl.classic.InternalHttpClient - ex-0000003A: preparing request execution
09:49:49.987 [main] DEBUG org.apache.hc.client5.http.protocol.RequestAddCookies - Cookie spec selected: strict
09:49:49.987 [main] DEBUG org.apache.hc.client5.http.protocol.RequestAuthCache - Auth cache not set in the context
09:49:49.987 [main] DEBUG org.apache.hc.client5.http.impl.classic.ProtocolExec - ex-0000003A: target auth state: UNCHALLENGED
09:49:49.987 [main] DEBUG org.apache.hc.client5.http.impl.classic.ProtocolExec - ex-0000003A: proxy auth state: UNCHALLENGED
09:49:49.987 [main] DEBUG org.apache.hc.client5.http.impl.classic.ConnectExec - ex-0000003A: acquiring connection with route {s}->https://chromedriver.storage.googleapis.com:443
09:49:49.987 [main] DEBUG org.apache.hc.client5.http.impl.classic.InternalHttpClient - ex-0000003A: acquiring endpoint (3 MINUTES)
09:49:49.987 [main] DEBUG org.apache.hc.client5.http.impl.io.PoolingHttpClientConnectionManager - ex-0000003A: endpoint lease request (3 MINUTES) [route: {s}->https://chromedriver.storage.googleapis.com:443][total available: 1; route allocated: 0 of 5; total allocated: 1 of 25]
09:49:49.987 [main] DEBUG org.apache.hc.client5.http.impl.io.PoolingHttpClientConnectionManager - ex-0000003A: endpoint leased [route: {s}->https://chromedriver.storage.googleapis.com:443][total available: 1; route allocated: 1 of 5; total allocated: 2 of 25]
09:49:49.987 [main] DEBUG org.apache.hc.client5.http.impl.io.PoolingHttpClientConnectionManager - ex-0000003A: acquired ep-00000039
09:49:49.987 [main] DEBUG org.apache.hc.client5.http.impl.classic.InternalHttpClient - ex-0000003A: acquired endpoint ep-00000039
09:49:49.987 [main] DEBUG org.apache.hc.client5.http.impl.classic.ConnectExec - ex-0000003A: opening connection {s}->https://chromedriver.storage.googleapis.com:443
09:49:49.987 [main] DEBUG org.apache.hc.client5.http.impl.classic.InternalHttpClient - ep-00000039: connecting endpoint (30 SECONDS)
09:49:49.987 [main] DEBUG org.apache.hc.client5.http.impl.io.PoolingHttpClientConnectionManager - ep-00000039: connecting endpoint to https://chromedriver.storage.googleapis.com:443 (30 SECONDS)
09:49:49.987 [main] DEBUG org.apache.hc.client5.http.impl.io.DefaultHttpClientConnectionOperator - http-outgoing-43: connecting to chromedriver.storage.googleapis.com/34.101.5.123:443
09:49:49.987 [main] DEBUG org.apache.hc.client5.http.ssl.SSLConnectionSocketFactory - Connecting socket to chromedriver.storage.googleapis.com/34.101.5.123:443 with timeout 30 SECONDS
09:49:49.992 [main] DEBUG org.apache.hc.client5.http.ssl.SSLConnectionSocketFactory - Enabled protocols: [TLSv1.3, TLSv1.2]
09:49:49.992 [main] DEBUG org.apache.hc.client5.http.ssl.SSLConnectionSocketFactory - Enabled cipher suites: [TLS_AES_256_GCM_SHA384, TLS_AES_128_GCM_SHA256, TLS_CHACHA20_POLY1305_SHA256, TLS_ECDHE_ECDSA_WITH_AES_256_GCM_SHA384, TLS_ECDHE_ECDSA_WITH_AES_128_GCM_SHA256, TLS_ECDHE_ECDSA_WITH_CHACHA20_POLY1305_SHA256, TLS_ECDHE_RSA_WITH_AES_256_GCM_SHA384, TLS_ECDHE_RSA_WITH_CHACHA20_POLY1305_SHA256, TLS_ECDHE_RSA_WITH_AES_128_GCM_SHA256, TLS_DHE_RSA_WITH_AES_256_GCM_SHA384, TLS_DHE_RSA_WITH_CHACHA20_POLY1305_SHA256, TLS_DHE_DSS_WITH_AES_256_GCM_SHA384, TLS_DHE_RSA_WITH_AES_128_GCM_SHA256, TLS_DHE_DSS_WITH_AES_128_GCM_SHA256, TLS_ECDHE_ECDSA_WITH_AES_256_CBC_SHA384, TLS_ECDHE_RSA_WITH_AES_256_CBC_SHA384, TLS_ECDHE_ECDSA_WITH_AES_128_CBC_SHA256, TLS_ECDHE_RSA_WITH_AES_128_CBC_SHA256, TLS_DHE_RSA_WITH_AES_256_CBC_SHA256, TLS_DHE_DSS_WITH_AES_256_CBC_SHA256, TLS_DHE_RSA_WITH_AES_128_CBC_SHA256, TLS_DHE_DSS_WITH_AES_128_CBC_SHA256, TLS_ECDH_ECDSA_WITH_AES_256_GCM_SHA384, TLS_ECDH_RSA_WITH_AES_256_GCM_SHA384, TLS_ECDH_ECDSA_WITH_AES_128_GCM_SHA256, TLS_ECDH_RSA_WITH_AES_128_GCM_SHA256, TLS_ECDH_ECDSA_WITH_AES_256_CBC_SHA384, TLS_ECDH_RSA_WITH_AES_256_CBC_SHA384, TLS_ECDH_ECDSA_WITH_AES_128_CBC_SHA256, TLS_ECDH_RSA_WITH_AES_128_CBC_SHA256, TLS_ECDHE_ECDSA_WITH_AES_256_CBC_SHA, TLS_ECDHE_RSA_WITH_AES_256_CBC_SHA, TLS_ECDHE_ECDSA_WITH_AES_128_CBC_SHA, TLS_ECDHE_RSA_WITH_AES_128_CBC_SHA, TLS_DHE_RSA_WITH_AES_256_CBC_SHA, TLS_DHE_DSS_WITH_AES_256_CBC_SHA, TLS_DHE_RSA_WITH_AES_128_CBC_SHA, TLS_DHE_DSS_WITH_AES_128_CBC_SHA, TLS_ECDH_ECDSA_WITH_AES_256_CBC_SHA, TLS_ECDH_RSA_WITH_AES_256_CBC_SHA, TLS_ECDH_ECDSA_WITH_AES_128_CBC_SHA, TLS_ECDH_RSA_WITH_AES_128_CBC_SHA, TLS_RSA_WITH_AES_256_GCM_SHA384, TLS_RSA_WITH_AES_128_GCM_SHA256, TLS_RSA_WITH_AES_256_CBC_SHA256, TLS_RSA_WITH_AES_128_CBC_SHA256, TLS_RSA_WITH_AES_256_CBC_SHA, TLS_RSA_WITH_AES_128_CBC_SHA, TLS_EMPTY_RENEGOTIATION_INFO_SCSV]
09:49:49.992 [main] DEBUG org.apache.hc.client5.http.ssl.SSLConnectionSocketFactory - Starting handshake
09:49:50.037 [main] DEBUG org.apache.hc.client5.http.ssl.SSLConnectionSocketFactory - Secure session established
09:49:50.037 [main] DEBUG org.apache.hc.client5.http.ssl.SSLConnectionSocketFactory -  negotiated protocol: TLSv1.3
09:49:50.037 [main] DEBUG org.apache.hc.client5.http.ssl.SSLConnectionSocketFactory -  negotiated cipher suite: TLS_AES_256_GCM_SHA384
09:49:50.037 [main] DEBUG org.apache.hc.client5.http.ssl.SSLConnectionSocketFactory -  peer principal: CN=*.storage.googleapis.com
09:49:50.037 [main] DEBUG org.apache.hc.client5.http.ssl.SSLConnectionSocketFactory -  peer alternative names: [*.storage.googleapis.com, *.googleapis.com, commondatastorage.googleapis.com, *.commondatastorage.googleapis.com, storage.googleapis.com, storage-p2.googleapis.com, *.storage-p2.googleapis.com, storage.mtls.googleapis.com, *.appspot.com.storage.googleapis.com, *.content-storage.googleapis.com, *.content-storage-p2.googleapis.com, *.content-storage-upload.googleapis.com, *.content-storage-download.googleapis.com, *.storage-upload.googleapis.com, *.storage-download.googleapis.com]
09:49:50.037 [main] DEBUG org.apache.hc.client5.http.ssl.SSLConnectionSocketFactory -  issuer principal: CN=GTS CA 1C3, O=Google Trust Services LLC, C=US
09:49:50.037 [main] DEBUG org.apache.hc.client5.http.impl.io.DefaultHttpClientConnectionOperator - http-outgoing-43: connection established 192.168.100.42:64662<->34.101.5.123:443
09:49:50.037 [main] DEBUG org.apache.hc.client5.http.impl.io.PoolingHttpClientConnectionManager - ep-00000039: connected http-outgoing-43
09:49:50.037 [main] DEBUG org.apache.hc.client5.http.impl.classic.InternalHttpClient - ep-00000039: endpoint connected
09:49:50.037 [main] DEBUG org.apache.hc.client5.http.impl.classic.MainClientExec - ex-0000003A: executing GET /LATEST_RELEASE_117 HTTP/1.1
09:49:50.037 [main] DEBUG org.apache.hc.client5.http.impl.classic.InternalHttpClient - ep-00000039: start execution ex-0000003A
09:49:50.037 [main] DEBUG org.apache.hc.client5.http.impl.io.PoolingHttpClientConnectionManager - ep-00000039: executing exchange ex-0000003A over http-outgoing-43
09:49:50.037 [main] DEBUG org.apache.hc.client5.http.headers - http-outgoing-43 >> GET /LATEST_RELEASE_117 HTTP/1.1
09:49:50.037 [main] DEBUG org.apache.hc.client5.http.headers - http-outgoing-43 >> user-agent: Apache-HttpClient/5.0
09:49:50.037 [main] DEBUG org.apache.hc.client5.http.headers - http-outgoing-43 >> accept-encoding: gzip, deflate, br
09:49:50.037 [main] DEBUG org.apache.hc.client5.http.headers - http-outgoing-43 >> cache-control: max-age=0
09:49:50.037 [main] DEBUG org.apache.hc.client5.http.headers - http-outgoing-43 >> connection: keep-alive
09:49:50.037 [main] DEBUG org.apache.hc.client5.http.headers - http-outgoing-43 >> Host: chromedriver.storage.googleapis.com
09:49:50.037 [main] DEBUG org.apache.hc.client5.http.wire - http-outgoing-43 >> "GET /LATEST_RELEASE_117 HTTP/1.1[\r][\n]"
09:49:50.037 [main] DEBUG org.apache.hc.client5.http.wire - http-outgoing-43 >> "user-agent: Apache-HttpClient/5.0[\r][\n]"
09:49:50.037 [main] DEBUG org.apache.hc.client5.http.wire - http-outgoing-43 >> "accept-encoding: gzip, deflate, br[\r][\n]"
09:49:50.037 [main] DEBUG org.apache.hc.client5.http.wire - http-outgoing-43 >> "cache-control: max-age=0[\r][\n]"
09:49:50.037 [main] DEBUG org.apache.hc.client5.http.wire - http-outgoing-43 >> "connection: keep-alive[\r][\n]"
09:49:50.037 [main] DEBUG org.apache.hc.client5.http.wire - http-outgoing-43 >> "Host: chromedriver.storage.googleapis.com[\r][\n]"
09:49:50.037 [main] DEBUG org.apache.hc.client5.http.wire - http-outgoing-43 >> "[\r][\n]"
09:49:50.266 [main] DEBUG org.apache.hc.client5.http.wire - http-outgoing-43 << "HTTP/1.1 404 Not Found[\r][\n]"
09:49:50.266 [main] DEBUG org.apache.hc.client5.http.wire - http-outgoing-43 << "X-GUploader-UploadID: ADPycduF177dAxeeLo4DjzuxMr3Mnl29N-uNuAcF6MGue7Nf9r97ll3oVCozfKqZi6M2-Z-nufY4StOipq3l2snndX-XEnNPwc4g[\r][\n]"
09:49:50.266 [main] DEBUG org.apache.hc.client5.http.wire - http-outgoing-43 << "Content-Type: application/xml; charset=UTF-8[\r][\n]"
09:49:50.266 [main] DEBUG org.apache.hc.client5.http.wire - http-outgoing-43 << "Content-Length: 193[\r][\n]"
09:49:50.266 [main] DEBUG org.apache.hc.client5.http.wire - http-outgoing-43 << "Date: Sat, 30 Sep 2023 02:50:01 GMT[\r][\n]"
09:49:50.266 [main] DEBUG org.apache.hc.client5.http.wire - http-outgoing-43 << "Expires: Sat, 30 Sep 2023 02:50:01 GMT[\r][\n]"
09:49:50.266 [main] DEBUG org.apache.hc.client5.http.wire - http-outgoing-43 << "Cache-Control: private, max-age=0[\r][\n]"
09:49:50.266 [main] DEBUG org.apache.hc.client5.http.wire - http-outgoing-43 << "Server: UploadServer[\r][\n]"
09:49:50.266 [main] DEBUG org.apache.hc.client5.http.wire - http-outgoing-43 << "Alt-Svc: h3=":443"; ma=2592000,h3-29=":443"; ma=2592000[\r][\n]"
09:49:50.266 [main] DEBUG org.apache.hc.client5.http.wire - http-outgoing-43 << "[\r][\n]"
09:49:50.266 [main] DEBUG org.apache.hc.client5.http.wire - http-outgoing-43 << "<?xml version='1.0' encoding='UTF-8'?><Error><Code>NoSuchKey</Code><Message>The specified key does not exist.</Message><Details>No such object: chromedriver/LATEST_RELEASE_117</Details></Error>"
09:49:50.266 [main] DEBUG org.apache.hc.client5.http.headers - http-outgoing-43 << HTTP/1.1 404 Not Found
09:49:50.266 [main] DEBUG org.apache.hc.client5.http.headers - http-outgoing-43 << X-GUploader-UploadID: ADPycduF177dAxeeLo4DjzuxMr3Mnl29N-uNuAcF6MGue7Nf9r97ll3oVCozfKqZi6M2-Z-nufY4StOipq3l2snndX-XEnNPwc4g
09:49:50.266 [main] DEBUG org.apache.hc.client5.http.headers - http-outgoing-43 << Content-Type: application/xml; charset=UTF-8
09:49:50.266 [main] DEBUG org.apache.hc.client5.http.headers - http-outgoing-43 << Content-Length: 193
09:49:50.266 [main] DEBUG org.apache.hc.client5.http.headers - http-outgoing-43 << Date: Sat, 30 Sep 2023 02:50:01 GMT
09:49:50.266 [main] DEBUG org.apache.hc.client5.http.headers - http-outgoing-43 << Expires: Sat, 30 Sep 2023 02:50:01 GMT
09:49:50.266 [main] DEBUG org.apache.hc.client5.http.headers - http-outgoing-43 << Cache-Control: private, max-age=0
09:49:50.266 [main] DEBUG org.apache.hc.client5.http.headers - http-outgoing-43 << Server: UploadServer
09:49:50.266 [main] DEBUG org.apache.hc.client5.http.headers - http-outgoing-43 << Alt-Svc: h3=":443"; ma=2592000,h3-29=":443"; ma=2592000
09:49:50.266 [main] DEBUG org.apache.hc.client5.http.impl.classic.MainClientExec - ex-0000003A: connection can be kept alive for 3 MINUTES
09:49:50.266 [main] ERROR io.github.bonigarcia.wdm.online.HttpClient - Error HTTP 404 executing https://chromedriver.storage.googleapis.com/LATEST_RELEASE_117
09:49:50.266 [main] WARN io.github.bonigarcia.wdm.versions.VersionDetector - Exception reading https://chromedriver.storage.googleapis.com/LATEST_RELEASE_117 to get latest version of chromedriver (Error HTTP 404 executing https://chromedriver.storage.googleapis.com/LATEST_RELEASE_117)
09:49:50.266 [main] DEBUG io.github.bonigarcia.wdm.versions.VersionDetector - Getting driver version for chrome117 from online versions.properties
09:49:50.266 [main] DEBUG org.apache.hc.client5.http.impl.classic.InternalHttpClient - ex-0000003B: preparing request execution
09:49:50.266 [main] DEBUG org.apache.hc.client5.http.protocol.RequestAddCookies - Cookie spec selected: strict
09:49:50.266 [main] DEBUG org.apache.hc.client5.http.protocol.RequestAuthCache - Auth cache not set in the context
09:49:50.266 [main] DEBUG org.apache.hc.client5.http.impl.classic.ProtocolExec - ex-0000003B: target auth state: UNCHALLENGED
09:49:50.266 [main] DEBUG org.apache.hc.client5.http.impl.classic.ProtocolExec - ex-0000003B: proxy auth state: UNCHALLENGED
09:49:50.266 [main] DEBUG org.apache.hc.client5.http.impl.classic.ConnectExec - ex-0000003B: acquiring connection with route {s}->https://raw.githubusercontent.com:443
09:49:50.266 [main] DEBUG org.apache.hc.client5.http.impl.classic.InternalHttpClient - ex-0000003B: acquiring endpoint (3 MINUTES)
09:49:50.266 [main] DEBUG org.apache.hc.client5.http.impl.io.PoolingHttpClientConnectionManager - ex-0000003B: endpoint lease request (3 MINUTES) [route: {s}->https://raw.githubusercontent.com:443][total available: 1; route allocated: 1 of 5; total allocated: 2 of 25]
09:49:50.266 [main] DEBUG org.apache.hc.client5.http.impl.io.PoolingHttpClientConnectionManager - ex-0000003B: endpoint leased [route: {s}->https://raw.githubusercontent.com:443][total available: 0; route allocated: 1 of 5; total allocated: 2 of 25]
09:49:50.281 [main] DEBUG org.apache.hc.client5.http.impl.io.PoolingHttpClientConnectionManager - ex-0000003B: acquired ep-0000003A
09:49:50.281 [main] DEBUG org.apache.hc.client5.http.impl.classic.InternalHttpClient - ex-0000003B: acquired endpoint ep-0000003A
09:49:50.281 [main] DEBUG org.apache.hc.client5.http.impl.classic.MainClientExec - ex-0000003B: executing GET /bonigarcia/webdrivermanager/master/src/main/resources/versions.properties HTTP/1.1
09:49:50.281 [main] DEBUG org.apache.hc.client5.http.impl.classic.InternalHttpClient - ep-0000003A: start execution ex-0000003B
09:49:50.281 [main] DEBUG org.apache.hc.client5.http.impl.io.PoolingHttpClientConnectionManager - ep-0000003A: executing exchange ex-0000003B over http-outgoing-42
09:49:50.281 [main] DEBUG org.apache.hc.client5.http.headers - http-outgoing-42 >> GET /bonigarcia/webdrivermanager/master/src/main/resources/versions.properties HTTP/1.1
09:49:50.281 [main] DEBUG org.apache.hc.client5.http.headers - http-outgoing-42 >> user-agent: Apache-HttpClient/5.0
09:49:50.281 [main] DEBUG org.apache.hc.client5.http.headers - http-outgoing-42 >> accept-encoding: gzip, deflate, br
09:49:50.281 [main] DEBUG org.apache.hc.client5.http.headers - http-outgoing-42 >> cache-control: max-age=0
09:49:50.281 [main] DEBUG org.apache.hc.client5.http.headers - http-outgoing-42 >> connection: keep-alive
09:49:50.281 [main] DEBUG org.apache.hc.client5.http.headers - http-outgoing-42 >> Host: raw.githubusercontent.com
09:49:50.281 [main] DEBUG org.apache.hc.client5.http.wire - http-outgoing-42 >> "GET /bonigarcia/webdrivermanager/master/src/main/resources/versions.properties HTTP/1.1[\r][\n]"
09:49:50.281 [main] DEBUG org.apache.hc.client5.http.wire - http-outgoing-42 >> "user-agent: Apache-HttpClient/5.0[\r][\n]"
09:49:50.281 [main] DEBUG org.apache.hc.client5.http.wire - http-outgoing-42 >> "accept-encoding: gzip, deflate, br[\r][\n]"
09:49:50.281 [main] DEBUG org.apache.hc.client5.http.wire - http-outgoing-42 >> "cache-control: max-age=0[\r][\n]"
09:49:50.281 [main] DEBUG org.apache.hc.client5.http.wire - http-outgoing-42 >> "connection: keep-alive[\r][\n]"
09:49:50.281 [main] DEBUG org.apache.hc.client5.http.wire - http-outgoing-42 >> "Host: raw.githubusercontent.com[\r][\n]"
09:49:50.281 [main] DEBUG org.apache.hc.client5.http.wire - http-outgoing-42 >> "[\r][\n]"
09:49:50.313 [main] DEBUG org.apache.hc.client5.http.wire - http-outgoing-42 << "HTTP/1.1 200 OK[\r][\n]"
09:49:50.313 [main] DEBUG org.apache.hc.client5.http.wire - http-outgoing-42 << "Connection: keep-alive[\r][\n]"
09:49:50.313 [main] DEBUG org.apache.hc.client5.http.wire - http-outgoing-42 << "Content-Length: 1615[\r][\n]"
09:49:50.313 [main] DEBUG org.apache.hc.client5.http.wire - http-outgoing-42 << "Cache-Control: max-age=300[\r][\n]"
09:49:50.313 [main] DEBUG org.apache.hc.client5.http.wire - http-outgoing-42 << "Content-Security-Policy: default-src 'none'; style-src 'unsafe-inline'; sandbox[\r][\n]"
09:49:50.313 [main] DEBUG org.apache.hc.client5.http.wire - http-outgoing-42 << "Content-Type: text/plain; charset=utf-8[\r][\n]"
09:49:50.313 [main] DEBUG org.apache.hc.client5.http.wire - http-outgoing-42 << "ETag: W/"65e8ec46ef4920945cc03f0386cc600d8027ed4440e101d5729220d93bfa6f0f"[\r][\n]"
09:49:50.313 [main] DEBUG org.apache.hc.client5.http.wire - http-outgoing-42 << "Strict-Transport-Security: max-age=31536000[\r][\n]"
09:49:50.313 [main] DEBUG org.apache.hc.client5.http.wire - http-outgoing-42 << "X-Content-Type-Options: nosniff[\r][\n]"
09:49:50.313 [main] DEBUG org.apache.hc.client5.http.wire - http-outgoing-42 << "X-Frame-Options: deny[\r][\n]"
09:49:50.313 [main] DEBUG org.apache.hc.client5.http.wire - http-outgoing-42 << "X-XSS-Protection: 1; mode=block[\r][\n]"
09:49:50.313 [main] DEBUG org.apache.hc.client5.http.wire - http-outgoing-42 << "X-GitHub-Request-Id: 4D10:B89CD:6D987:89792:651389FC[\r][\n]"
09:49:50.313 [main] DEBUG org.apache.hc.client5.http.wire - http-outgoing-42 << "Content-Encoding: gzip[\r][\n]"
09:49:50.313 [main] DEBUG org.apache.hc.client5.http.wire - http-outgoing-42 << "Accept-Ranges: bytes[\r][\n]"
09:49:50.313 [main] DEBUG org.apache.hc.client5.http.wire - http-outgoing-42 << "Date: Sat, 30 Sep 2023 02:50:01 GMT[\r][\n]"
09:49:50.313 [main] DEBUG org.apache.hc.client5.http.wire - http-outgoing-42 << "Via: 1.1 varnish[\r][\n]"
09:49:50.313 [main] DEBUG org.apache.hc.client5.http.wire - http-outgoing-42 << "X-Served-By: cache-qpg1228-QPG[\r][\n]"
09:49:50.313 [main] DEBUG org.apache.hc.client5.http.wire - http-outgoing-42 << "X-Cache: HIT[\r][\n]"
09:49:50.313 [main] DEBUG org.apache.hc.client5.http.wire - http-outgoing-42 << "X-Cache-Hits: 1[\r][\n]"
09:49:50.313 [main] DEBUG org.apache.hc.client5.http.wire - http-outgoing-42 << "X-Timer: S1696042201.136983,VS0,VE1[\r][\n]"
09:49:50.313 [main] DEBUG org.apache.hc.client5.http.wire - http-outgoing-42 << "Vary: Authorization,Accept-Encoding,Origin[\r][\n]"
09:49:50.313 [main] DEBUG org.apache.hc.client5.http.wire - http-outgoing-42 << "Access-Control-Allow-Origin: *[\r][\n]"
09:49:50.313 [main] DEBUG org.apache.hc.client5.http.wire - http-outgoing-42 << "Cross-Origin-Resource-Policy: cross-origin[\r][\n]"
09:49:50.313 [main] DEBUG org.apache.hc.client5.http.wire - http-outgoing-42 << "X-Fastly-Request-ID: 1f80396d7db869511c1615620a8c385102d4e59e[\r][\n]"
09:49:50.313 [main] DEBUG org.apache.hc.client5.http.wire - http-outgoing-42 << "Expires: Sat, 30 Sep 2023 02:55:01 GMT[\r][\n]"
09:49:50.313 [main] DEBUG org.apache.hc.client5.http.wire - http-outgoing-42 << "Source-Age: 202[\r][\n]"
09:49:50.313 [main] DEBUG org.apache.hc.client5.http.wire - http-outgoing-42 << "[\r][\n]"
09:49:50.313 [main] DEBUG org.apache.hc.client5.http.headers - http-outgoing-42 << HTTP/1.1 200 OK
09:49:50.313 [main] DEBUG org.apache.hc.client5.http.headers - http-outgoing-42 << Connection: keep-alive
09:49:50.313 [main] DEBUG org.apache.hc.client5.http.headers - http-outgoing-42 << Content-Length: 1615
09:49:50.313 [main] DEBUG org.apache.hc.client5.http.headers - http-outgoing-42 << Cache-Control: max-age=300
09:49:50.313 [main] DEBUG org.apache.hc.client5.http.headers - http-outgoing-42 << Content-Security-Policy: default-src 'none'; style-src 'unsafe-inline'; sandbox
09:49:50.313 [main] DEBUG org.apache.hc.client5.http.headers - http-outgoing-42 << Content-Type: text/plain; charset=utf-8
09:49:50.313 [main] DEBUG org.apache.hc.client5.http.headers - http-outgoing-42 << ETag: W/"65e8ec46ef4920945cc03f0386cc600d8027ed4440e101d5729220d93bfa6f0f"
09:49:50.313 [main] DEBUG org.apache.hc.client5.http.headers - http-outgoing-42 << Strict-Transport-Security: max-age=31536000
09:49:50.313 [main] DEBUG org.apache.hc.client5.http.headers - http-outgoing-42 << X-Content-Type-Options: nosniff
09:49:50.313 [main] DEBUG org.apache.hc.client5.http.headers - http-outgoing-42 << X-Frame-Options: deny
09:49:50.313 [main] DEBUG org.apache.hc.client5.http.headers - http-outgoing-42 << X-XSS-Protection: 1; mode=block
09:49:50.313 [main] DEBUG org.apache.hc.client5.http.headers - http-outgoing-42 << X-GitHub-Request-Id: 4D10:B89CD:6D987:89792:651389FC
09:49:50.313 [main] DEBUG org.apache.hc.client5.http.headers - http-outgoing-42 << Content-Encoding: gzip
09:49:50.313 [main] DEBUG org.apache.hc.client5.http.headers - http-outgoing-42 << Accept-Ranges: bytes
09:49:50.313 [main] DEBUG org.apache.hc.client5.http.headers - http-outgoing-42 << Date: Sat, 30 Sep 2023 02:50:01 GMT
09:49:50.313 [main] DEBUG org.apache.hc.client5.http.headers - http-outgoing-42 << Via: 1.1 varnish
09:49:50.313 [main] DEBUG org.apache.hc.client5.http.headers - http-outgoing-42 << X-Served-By: cache-qpg1228-QPG
09:49:50.313 [main] DEBUG org.apache.hc.client5.http.headers - http-outgoing-42 << X-Cache: HIT
09:49:50.313 [main] DEBUG org.apache.hc.client5.http.headers - http-outgoing-42 << X-Cache-Hits: 1
09:49:50.313 [main] DEBUG org.apache.hc.client5.http.headers - http-outgoing-42 << X-Timer: S1696042201.136983,VS0,VE1
09:49:50.313 [main] DEBUG org.apache.hc.client5.http.headers - http-outgoing-42 << Vary: Authorization,Accept-Encoding,Origin
09:49:50.313 [main] DEBUG org.apache.hc.client5.http.headers - http-outgoing-42 << Access-Control-Allow-Origin: *
09:49:50.313 [main] DEBUG org.apache.hc.client5.http.headers - http-outgoing-42 << Cross-Origin-Resource-Policy: cross-origin
09:49:50.313 [main] DEBUG org.apache.hc.client5.http.headers - http-outgoing-42 << X-Fastly-Request-ID: 1f80396d7db869511c1615620a8c385102d4e59e
09:49:50.313 [main] DEBUG org.apache.hc.client5.http.headers - http-outgoing-42 << Expires: Sat, 30 Sep 2023 02:55:01 GMT
09:49:50.313 [main] DEBUG org.apache.hc.client5.http.headers - http-outgoing-42 << Source-Age: 202
09:49:50.313 [main] DEBUG org.apache.hc.client5.http.impl.classic.MainClientExec - ex-0000003B: connection can be kept alive for 3 MINUTES
09:49:50.315 [main] DEBUG org.apache.hc.client5.http.wire - http-outgoing-42 << "[0x1f][0xffffff8b][0x8][0x0][0x0][0x0][0x0][0x0][0x0][0x3][0xffffff8d][0xffffff97]Ko#7[0xc][0xffffffc7][0xffffffef][0xfffffff9][0x14][0x3][0xfffffff4][0x1c]YO[0xffffff8a][\n]"
09:49:50.315 [main] DEBUG org.apache.hc.client5.http.wire - http-outgoing-42 << "[0xffffffa0]K[0xffffff9f][0xffffffa7][0xffffffa2][0xffffff87][0xfffffff6][0xb]x[0xffffffed]Ib[0xffffffac][0xffffffe3][0x9]lg[0xffffffb3][0xffffffe8][0xffffffa7]/[0xfffffff5][0xffffffa0]F[0xffffff96][[0xffffffa0][0xffffff87]`[0xffffff97]?k$[0xffffff92][0xffffffe2]p[0xfffffffe][0xfffffffc]a[0xfffffffa][0xffffffeb][0xfffffff5]p[0xffffff99][0xffffff9e][0xf][0xffffffc7]y[0xffffffda]-[0xffffffa7][0xffffffeb][0xfffffff6]p[0xffffffba]L[0xffffffd7][0xffffffd7]y[0xfffffffa]zZ>O[0xffffffd3][0xfffffffe]|[0xfffffff8]6[0xffffff9f]'[0xfffffffa][0xffffffbb][0x1c][0x16][0xfffffffa]e[0xffffffb7][0xffffffbc][0xffffffbd]o[0xffffffaf][0xffffff87]/[0xffffffb4][0xfffffffa][0xfffffff3]p}[0xffffffcd]+w[0xffffffcb][0xfffffff9]<_[0xffffffde][0xffffff97][0xffffffd3][0xfffffffe]pz[0xffffff99][0xffffffbe][0xffffff9c][0xffffff97][0xffffffcf][0xffffffcb][0xfffffffa][0xffffffc8][0xffffffc3][0xffffffc3][0xf][0xffffffd3][0xffffff8f][0x5]=M[0xffffffbf]-[0xffffffcb][0xb]=[0xfffffff9][0xffffffd3][0xffffffeb]yy[0xffffff9b][0xffffffa7][0xffffffed]i_[0xfffffffe]{[0xfffffff8]x[0xffffff9b][0x1e][0xffffffa7][0xffffff9f][0xfffffff3]QO[0xffffffd3].[0xffffffff]Z[0xe][0xffffffa6][0xffffff87][0xffffffff]\>[0xffffffce][0xffffffbb][0xfffffff9]iz[0xffffffbd]^[0xffffffdf][0xffffff9f]6[0xffffff9b][0xfffffffe]W[0xffffffb1][0xffffffab]O[0xffffff8b][0xffffffe5][0xfffffffc][0xffffffb2][0xffffffd9][0xffffff93][0xffffffbf][0xffffffc7]e[0xffffffbb][0xffffffbf]<[0xffffff94]5J[0xffffffd9]H[0x7f]B[\n]"
09:49:50.315 [main] DEBUG org.apache.hc.client5.http.wire - http-outgoing-42 << "[0xffffffe7][0xffffff8d][0x13]A6n[0xffffff88][0xffffff9b][0xffffffc4][0xffffffc1]k[0x1][0xffffffa6]qM\g[0xffffffae][0xffffff9c][0xffffffb0][0xffffffa1]qE\%[0xffffffee][0xffffffc0][0x8][0xffffffb0][0xffffff8d]K[0xffffffe2]2q[0xffffff8b]Jx[0xffffffcf]\[0xffffff86]H[0x7f][0xffffff99][0xffffffd3][0xfffffff1][0xffffffbe][0xffffffad][0xffffff97]H[0x1c][0x13]7.[0x8][0xffffffaf][0x1a][0xfffffff7][0xffffffc4]}[0xffffffe6][0xffffffd2][\n]"
09:49:50.315 [main] DEBUG org.apache.hc.client5.http.wire - http-outgoing-42 << "[0xffffffd0][0xffffff8d][0x3]qH\[0xffffffdb] `][0xffffffef][0xffffff88][0xffffffbb][0xffffffc4]Up[0xfffffff4]c[0xffffffe3][0x14][0xffffffaf][0xffffffcc][0xfffffff1][0xffffffa6]0|[0xfffffff3]_R[0xffffffbc]2[0xffffffc7]+A[\n]"
09:49:50.315 [main] DEBUG org.apache.hc.client5.http.wire - http-outgoing-42 << "eV[0xffffff87](`[0xffffff99][0x3][0xffffff96][0xffffffb4]_w[0x0][0x5],S[0xffffffc0]68%[0xffffffec][0xffffffca])`[0xffffff99][0x2][0xffffffb6][0x18]@[0x0]'4[0xffffff84][0x18]B[0xffffffa6][0xffffffd6][0xffffffd2][0xffffffd9]L1[0xffffff86][0x14][0xffffffac][0xfffffff5][0xe][0x5][0x1d][0xffffffc3][0xffffffd8][0xffffffc7][0xffffff90]b[0xffffffb5][0x10][0xfffffff4][0xffffff9a][0xffffff83][0x0]1@[0xffffffa6]`[0xffffff85]uL][0xc].S[0xffffff83][0x2]8[0xffffff9e]`c[0xffffffb0][0xffffff99]Rr[0xffffffe8]"[0x19][0xffffff9b][0x18]R[0xffffff90][0xffffffd6]y[0xffffffbf]^j[0xffffffd0]1[0xffffffe8]L[0xffffffe9]J)[0xffffffcb][0xffffff8c]U[0xc]9@K[0x15]@[0xffffffb1]2[0xffffff96]1[0xffffffe4][0xfffffff8][0xffffffac][0xffffff91]Bs[0xffffff9e]0D[0xffffffcc][0xfffffff1][0x19][0xfffffffa]G[0xfffffff3][0xffffffce][0xffffff88][0x11]s|F[[0x11][0xffffff80][0xffffffa9][0xffffff8f][0xffffff98][0xffffffc3][0xffffffd3]([0x5]"S[0xffffff88][0xffffff98][0xffffffc3][0xffffffd3][0xffffff96][0xfffffff6][0xffffffe5]T[0xffffffa0][0xffffff8b][0xffffff98][0xffffffc3]Sh[0x4][0xffffffb2]kh#[0xffffffe6][0xfffffff0][0xffffff94][0xfffffff5][0xffffffc2]p[0xffffff8e][0xffffffd1]D[0xffffffcc][0xffffffd1][0xffffffa5][0xffffff9b]4[0xffffff9c][\n]"
09:49:50.315 [main] DEBUG org.apache.hc.client5.http.wire - http-outgoing-42 << "T[0x11]s[0x18][0xffffff92]2[0xffffffaf]L;NFLa[0xffffff98]@[0xffffffbe]P[0x9]U[0xffffffec]C[0xfffffff4]!c[0xffffffeb][0xffffff84]i[0x14][0xffffffa3][0xffffffc7]L[0xffffffa9]v[0xffffffa8][0xffffffae][0x18][0xfffffffb][0xffffffe8]S [0x6][0xffffff81][0xffffffde][0x5]v[0xffffffc3]C[0xfffffff4][0xffffff90])[0x15][0xffffffb8][0xffffffd2]m[0xf][0x17]}[0xffffff8a][0xffffffc4]xO[0x5][0xffffffb6][0xffffffae][0xffffffb6][0xffffffd1][0xffffffdb][0xffffff8c]5[0xffffffd5]/C[0x13]}[0xffffff8a][0xffffffc4][0x0][0x5][0x4][0xffffffec][0xffffffb2][0xffffffd7]Q[0xffffffd3][0xffffff8d][0xffffffb2][0xffffffa5]n,[0xffffff99],v[0xc]B[0xffffffb2][0xfffffff8]n[0x0][0xffffff93][0xffffffc5][0x19][0x5][0xffffff9f],[0xffffffbe]M[0xffffff80]d[0xffffffb1]3[0xffffffe0][0xffffffc8]j)[0x2][0xffffff9b],[0xffffffce]9[0xffffff98]d[0xfffffff1]y[0xffffff90]|1[0xffffffed][0xffffffbc][0xffffffe4]K{g [0xfffffff9]b[0xffffffcc]MW[0xfffffffb]}[0xfffffff9][0xfffffffb]p<n[0xffffffa7]_[0xf][0xffffffe7][0xfffffff9]y[0xfffffff9][0xffffffde][0xffffffb5][0xffffffb2][0xffffff97]y[0xfffffff7]u[0xfffffff9][0xffffffd7]Nv[0xffffffa1]V[0xfffffff6]B[\r][0xfffffff4][0xffffffe3][0xffffff8b][0xffffffa0][0xffffff96][0xffffffba]y+[l[0xffffffba][0x7]6[0xffffffe7][0xfffffff9]8o/[0xfffffff3][0xffffffe5][0xffffffe1][0xffffffb9][0xffffffec][0xffffffab][0x14]FJ[0x1b][0xffffffe5]n%[0xfffffffe][0xffffff8e][0xffffffc0][0x1d]qw[0xffffffc4][0xffffffde][0x11]sG[0xfffffff4][0x1d]QwD&[0xffffffa2][0xffffff85]n[0xffffff84]:_&[0xffffffeb][0x1a][0xffffff89]w[0xffffffc4][0xffffffdf][0x11][0xffffffb8]#[0xffffffee][0xffffff8e]d[0xffffff9f]UO[0xffffffcc][0x1d][0xffffffd1]wD[0xffffffdd][0x11]9[0xffffff90][0x10]F[0xffffff80]#[0xfffffff0]#[0xffffff80][0x11][0xffffffb8][0x11][0xffffff8c][0xffffffde][0xffffff86][0xffffffd1][0xffffffd9]0[0xfffffffa][0x1a]FWC[0xfffffff2][0xffffff94][0xffffffde][0xffffff9b][0xe][0xffffff88][0xffffffe3][0xffffffe1][0xfffffff4][0xfffffff1][0xffffffbd]`[0xffffffc5][0x18][0xffffffc3][0xffffffb0][0xe]q[0x4]~[0x4]0[0x2]7[0x2];[0xffffff82][0x14][0xffffff80][0xffffffc6][0xe][0xffffffe8][0x11][0xffffffa4][0x0][0xffffffb4][0xffffffef][0xffffff80][0x1c][0xffffff80][0xf]#[0xffffffc8][0xffffff9e]B[0x7][0xfffffffc][0x8]`[0x4]n[0x4]v[0x4]f[0x4]z[0x4]j[0x4]r[0x0][0x10]F[0xffffff90]=u[0x1d][0xffffffc8][0xffffff9e][0xffffffda][0xe][0xffffffc0][0x8][0xffffffdc][0x8][0xffffffb2][0xffffffa7][0xffffffdd][0xb][0x4]f[0x4][0xffffffd9][0xffffffd3][0xffffffae][0xffffffec]!{[0xffffffda][0x15][0x5][0xffffffc8][0x1][0xffffffb8]0[0x2][0x1c][0xffffff81][0x1f]A[0xfffffff6]Tv[0xffffffc0]1[0xffffffe8][0xffffffbb][0xffffffda][0x1f][0xffffffef][0xfffffff3]y[0xffffffdb][0xfffffff5][0xffffffb2]%[0xffffffd9][0xffffffff][0xffffffa7][0xffffff97][0xffffffe5][0xffffff85][0xffffff97][0xffffffe5][0xfffffff9][0xfffffffa][0xffffffb9]=[0xffffffcf][0xffffffc5]b[0xffffff9d]6v[0xffffffb6][0xfffffffc]c[0xffffff96]!*[0xffffffeb][0x1c][0xffffffa4][0xf]S[0xfffffff0][0xffffff8c][0xffffff93][0xffffffec][0xffffffca]2[0xffffffc7]S[0xffffffe9]+[0xffffffd2][\n]"
09:49:50.315 [main] DEBUG org.apache.hc.client5.http.wire - http-outgoing-42 << "[0xffffff95][0xffffffcb]^[0xffffffd6]Q[0x17]*[0xffffff9c]^[0xffffffe4]N[0xffffffd5])][0xffffffb7][0xffffffa1][0xffffffd7][0xffffffb9][0x13]u[0xffffffc8][0xffffffd4][0xffffffdf]H:W)[0xfffffff4][0xffffff82][0xffffff8e][0xe][0xffffffaa][0xffffffd8][0xfffffff5]zNi[0xffffffc6][0xffffffb6][0xffffff97]s!Tjz1G[\n]"
09:49:50.315 [main] DEBUG org.apache.hc.client5.http.wire - http-outgoing-42 << "[0xffffffa0]P[0xffffffdd]K9[0xffffffa5]x[0xffffffb1][0xffffffea][0xffffff95]\[0x12]I[0x5][0xffffffcb]^[0xffffffc8]a[\r][0x1c]C/[0xffffffe3][0x0]*[0xffffffc5]A[0xffffffc3][0x15][0xffffffea]{[0x5]G[0xffffff92][0xffffffb5]P[0xffffffe8][0xfffffff5][K[0x11][0xffffffbd][0xfffffffd]7[0xfffffffa][0xffffffad]@[0xffffffdb][0xffffffc9]7[0xffffffac][0xffffff8e]Q[0x17][0xffffffb8][0x11]o[0x5][0xffffffea][[0xffffffed]V[0xffffffa0][0xffffffea][0xffffffa4][0xffffff9b][0xffffffe3][0xfffffff3]e[0xffffffa7][0xffffffdc][0xffffffd8]U[0xffffffea][\n]"
09:49:50.315 [main] DEBUG org.apache.hc.client5.http.wire - http-outgoing-42 << "7[0xffffffba][0xffffffad]@[0x1c]d[[0xffffffa1][0xffffffbe]Sm[0xffffff9e]!t[0xffffff9a][\r][0xffffffeb][0xfffffff1][0xffffffd4]&V[0xffffffc9][0xffffffc6][0xffffffde]S[0xffffffab]X[0x15][0x1b]%[0xffffffb8]R[0xffffffd3])6[0xffffffe0]Mu'[0xffffffd8][0xffffffb0]^8[0xfffffff5][0xffffff8d]U[0xffffffaf][0xffffffb5][0xffffffcb][0xffffffa2][0xffffffe6][0xffffffb1][0xffffffea]5[0xffffffac][0x17]K[\r]d[0xffffff95]k\[0xffffffd1][0xffffffd4]D:[0xffffffb5][0xffffffa6]j[0xffffffa8][0xffffffd4]Iz[0xffffffb1]V[0xffffffcf][0xffffffa2]v[0xffffffb2]j5[0xffffffcf][0xffffffbb][0xffffffba]N[0xffffffaa]q)S[Y[0xffffff85]Z+N[0xffffffea]-[0xffffff9d]P3[0xffffffd5]Wj0[0xffffff9d]NkgU}[0xffffff95][\r][0x17]z[0xffffffa3][0xffffffaa][0xffffffab]bTqU[0xffffff8c][0xffffffaa][0xffffffad][0xffffff8a]Q[0xffffffa5]U1[0xffffffaa][0xffffffb2]*F[0x15]V[0xffffffc5][0xffffffa8][0xffffffba][0xffffffaa][0x18][0xffffffaa][0x8][0xffffffa9]b[0xffffffc8][0xffffffce][0xffffffb0][0xffffffc9][0x3][0xfffffff6][0xffffffd8]&[0xf]L=[0xffffffc7]&[0xf]tM[0xffffff86][0xffffff85]b[0xffffffdc]([0xffffffb1][0xffffffc3][0xffffffee][0xffffffbc][0xffffffa4][0xffffffd6]3[0xfffffffd][0xffffffb2][0x7f][0xffffff99][0xffffffbb][0xffffffe6][0xfffffff5]v[0xffffff99][0x9][0xfffffffc]g[0xfffffff7][0xffffffda][0xffffffcf][0xffffffdf][0xffffffe6]c[0xffffffda]U[0xffffffbc][0xfffffff1][0xe][0xffffffb9][0xffffff95][0xffffffcd][0xffffffa7][0xffffffc7][0xffffff8f][0xffffffcb][0xffffffa6][0xffffffb1][0xffffffc7][0xffffffb4][0xffffffc9][0xffffffe6][0xffffffba],[0xffffffc7][0xffffffcb][0xffffffe6]s[0xfffffffe]R[0xffffffbb][0xffffffd9]C[0xffffffa2][0xffffffeb][0xffffffb0][0xffffffa9][0xffffff90]Z[0xffffffba][0xffffffc2]Jy[0xffffffd4]T[0xffffff9e][0xffffff94]0e[0xffffffb2]P[0x1e]4[0xffffff95][0xffffffd7][0xffffffb9][0xffffff90][0xb][0xffffffe5]1S[0x1][0xffffffa8]4[0x6][0x16][0xffffffca]C[0xffffffa6]rT[0x1f][0xffffff94][0xffffffbd]L[0xffffffdb][0xffffff88][0xffffffa9][0xffffff9c]B[0xffffffe1][0xffffffeb]im[0xffffffc0]T[0x16]h_[0xffffffa8][0xffffff94][0xffffffc7]K[0x12][0xffffffe6][0xffffffe9][0xffffffe3][ [0xffffffcf][0xffffff96][0xffffffca][0xfffffff8][0xfffffff4][0xffffffa9][0xffffffab][0xffffff94]'K[0x1a][0x12][\r]u[0xffffffb0]Jy[0xffffffae]T[0xffffff9a][0xffffffde]T[0xffffffcf];[0xfffffff0]TIc[0xffffff80]mA[0xffffffb4][0xffffff91]Ri*\[0xffffff92][0xffffffe9][0xffffff85][0xfffffff2]@[0xffffffa9][0xffffffb4][0xffffff92][0xffffffeb][0xffffffbe]<N[0xffffff92]"
09:49:50.315 [main] DEBUG org.apache.hc.client5.http.wire - http-outgoing-42 << "[0xffffffb2]ui[0xffffffa8]I[0xffffff94][0xffffff87]Ij[0xfffffffd][0xffffffa9]Q[0x14]VGI[0xffffff95][0xffffffa2][0xffffffab][0xffffff89][0xffffffe1]9[0xffffff92]B[0xffffffd3][0xffffff8d][0xffffffd5])[0xffffff92]b[0xffffffb0][0xffffff8d][0xffffffd5][0x19][0xffffff92][0xffffffbc]j'[0xfffffff3][0x4][0x19][0xffffffa8][0xffffffc7][0x18]UP[0xffffff9d][0x1e][0x3][0xffffffa5][0xffffffde][0xffffffd4]Uut[0xc]r=[0xffffffa0][0xffffff8e][0xffffff8d][0xffffff98]:]}[0xffffffb0][0xffffff8e][0xffffff8c]H[0xffffff81][0x15][0xffffffc2][0xffffffe3]b[0xffffffba][0xfffffff1]r1<*z[0xffffffca]m}[0xffffff8c][0xffffffe7]D[0xffffff80]P[0xffffffaf][0xffffff84]gD[0xffffffa0][0xffffff92][0xffffff80][0xffffff92][0xb][0x1e][0x10]]Jp]U[0xffffffa7]C[0xffffff97][0xffffff95]E&<[0x19]Rkp[0xfffffff5]<[0xffffffea]^[0xffffffa5]{[0x6][0xfffffff6][0xffffff89][0x7]E[0xfffffffa][0xffffffce][0xffffffd6][0xffffffab]jC"ELu[0xffffff97]Y[0xffffff9b][0x10]S[0xffffffcd][0x16]R[0xffffffa7]C[0xffffffed][0xffffffb9]tx0[0xffffffd4][0xffffffa6][0xffffff91]:[0x14][0xffffffa6][0xffffffb6]XI[0xffffff9d][0x7][0xffffff95][0xffffffa1][0xffffff81][0xffffffb9] k[0xffffffe3][0xfffffffb]y~<[0xffffff9c].[0xffffffd7][0xffffffed][0xfffffff1]8[0xffffffef][0xb][0xffffffd4][0x11][0xffffffd2][0xffffff97][0xffffffdd][0xffffff94]:[0xffffffb1]*R[0xb][0x3][0x1d]J[0xfffffff8]VF[0xffffffea][0xffffff93][0xfffffff4][0xffffffb5]+[0xfffffff7]a0[0xffffffd2][0xffffff8b]eM([0xffffffa6]NM[0xffffff87]n[0x1a]K[0xffffff8d]h*[0xffffffa6]t[0xffffffc9][0xffffffd4][0xffffff93][0xfffffffe][0x1][0xffffffa9][0xffffff9e].[0xffffff9b][0xffffffd3][0x12][0x0][0x0]"
09:49:50.315 [main] DEBUG org.apache.hc.client5.http.impl.classic.InternalHttpClient - ep-0000003A: releasing valid endpoint
09:49:50.315 [main] DEBUG org.apache.hc.client5.http.impl.io.PoolingHttpClientConnectionManager - ep-0000003A: releasing endpoint
09:49:50.315 [main] DEBUG org.apache.hc.client5.http.impl.io.PoolingHttpClientConnectionManager - ep-0000003A: connection http-outgoing-42 can be kept alive for 3 MINUTES
09:49:50.315 [main] DEBUG org.apache.hc.client5.http.impl.io.PoolingHttpClientConnectionManager - ep-0000003A: connection released [route: {s}->https://raw.githubusercontent.com:443][total available: 1; route allocated: 1 of 5; total allocated: 2 of 25]
09:49:50.315 [main] DEBUG io.github.bonigarcia.wdm.versions.VersionDetector - Driver for chrome117 not found in online properties (using local versions.properties)
09:49:50.317 [main] DEBUG io.github.bonigarcia.wdm.WebDriverManager - The driver version for CHROME 117 is unknown ... trying with latest
09:49:50.318 [main] DEBUG org.apache.hc.client5.http.impl.classic.InternalHttpClient - ex-0000003C: preparing request execution
09:49:50.318 [main] DEBUG org.apache.hc.client5.http.protocol.RequestAddCookies - Cookie spec selected: strict
09:49:50.318 [main] DEBUG org.apache.hc.client5.http.protocol.RequestAuthCache - Auth cache not set in the context
09:49:50.318 [main] DEBUG org.apache.hc.client5.http.impl.classic.ProtocolExec - ex-0000003C: target auth state: UNCHALLENGED
09:49:50.318 [main] DEBUG org.apache.hc.client5.http.impl.classic.ProtocolExec - ex-0000003C: proxy auth state: UNCHALLENGED
09:49:50.318 [main] DEBUG org.apache.hc.client5.http.impl.classic.ConnectExec - ex-0000003C: acquiring connection with route {s}->https://chromedriver.storage.googleapis.com:443
09:49:50.318 [main] DEBUG org.apache.hc.client5.http.impl.classic.InternalHttpClient - ex-0000003C: acquiring endpoint (3 MINUTES)
09:49:50.318 [main] DEBUG org.apache.hc.client5.http.impl.io.PoolingHttpClientConnectionManager - ex-0000003C: endpoint lease request (3 MINUTES) [route: {s}->https://chromedriver.storage.googleapis.com:443][total available: 1; route allocated: 1 of 5; total allocated: 2 of 25]
09:49:50.318 [main] DEBUG org.apache.hc.client5.http.impl.io.PoolingHttpClientConnectionManager - ex-0000003C: endpoint leased [route: {s}->https://chromedriver.storage.googleapis.com:443][total available: 1; route allocated: 2 of 5; total allocated: 3 of 25]
09:49:50.318 [main] DEBUG org.apache.hc.client5.http.impl.io.PoolingHttpClientConnectionManager - ex-0000003C: acquired ep-0000003B
09:49:50.318 [main] DEBUG org.apache.hc.client5.http.impl.classic.InternalHttpClient - ex-0000003C: acquired endpoint ep-0000003B
09:49:50.318 [main] DEBUG org.apache.hc.client5.http.impl.classic.ConnectExec - ex-0000003C: opening connection {s}->https://chromedriver.storage.googleapis.com:443
09:49:50.318 [main] DEBUG org.apache.hc.client5.http.impl.classic.InternalHttpClient - ep-0000003B: connecting endpoint (30 SECONDS)
09:49:50.318 [main] DEBUG org.apache.hc.client5.http.impl.io.PoolingHttpClientConnectionManager - ep-0000003B: connecting endpoint to https://chromedriver.storage.googleapis.com:443 (30 SECONDS)
09:49:50.318 [main] DEBUG org.apache.hc.client5.http.impl.io.DefaultHttpClientConnectionOperator - http-outgoing-44: connecting to chromedriver.storage.googleapis.com/34.101.5.123:443
09:49:50.318 [main] DEBUG org.apache.hc.client5.http.ssl.SSLConnectionSocketFactory - Connecting socket to chromedriver.storage.googleapis.com/34.101.5.123:443 with timeout 30 SECONDS
09:49:50.318 [main] DEBUG org.apache.hc.client5.http.ssl.SSLConnectionSocketFactory - Enabled protocols: [TLSv1.3, TLSv1.2]
09:49:50.318 [main] DEBUG org.apache.hc.client5.http.ssl.SSLConnectionSocketFactory - Enabled cipher suites: [TLS_AES_256_GCM_SHA384, TLS_AES_128_GCM_SHA256, TLS_CHACHA20_POLY1305_SHA256, TLS_ECDHE_ECDSA_WITH_AES_256_GCM_SHA384, TLS_ECDHE_ECDSA_WITH_AES_128_GCM_SHA256, TLS_ECDHE_ECDSA_WITH_CHACHA20_POLY1305_SHA256, TLS_ECDHE_RSA_WITH_AES_256_GCM_SHA384, TLS_ECDHE_RSA_WITH_CHACHA20_POLY1305_SHA256, TLS_ECDHE_RSA_WITH_AES_128_GCM_SHA256, TLS_DHE_RSA_WITH_AES_256_GCM_SHA384, TLS_DHE_RSA_WITH_CHACHA20_POLY1305_SHA256, TLS_DHE_DSS_WITH_AES_256_GCM_SHA384, TLS_DHE_RSA_WITH_AES_128_GCM_SHA256, TLS_DHE_DSS_WITH_AES_128_GCM_SHA256, TLS_ECDHE_ECDSA_WITH_AES_256_CBC_SHA384, TLS_ECDHE_RSA_WITH_AES_256_CBC_SHA384, TLS_ECDHE_ECDSA_WITH_AES_128_CBC_SHA256, TLS_ECDHE_RSA_WITH_AES_128_CBC_SHA256, TLS_DHE_RSA_WITH_AES_256_CBC_SHA256, TLS_DHE_DSS_WITH_AES_256_CBC_SHA256, TLS_DHE_RSA_WITH_AES_128_CBC_SHA256, TLS_DHE_DSS_WITH_AES_128_CBC_SHA256, TLS_ECDH_ECDSA_WITH_AES_256_GCM_SHA384, TLS_ECDH_RSA_WITH_AES_256_GCM_SHA384, TLS_ECDH_ECDSA_WITH_AES_128_GCM_SHA256, TLS_ECDH_RSA_WITH_AES_128_GCM_SHA256, TLS_ECDH_ECDSA_WITH_AES_256_CBC_SHA384, TLS_ECDH_RSA_WITH_AES_256_CBC_SHA384, TLS_ECDH_ECDSA_WITH_AES_128_CBC_SHA256, TLS_ECDH_RSA_WITH_AES_128_CBC_SHA256, TLS_ECDHE_ECDSA_WITH_AES_256_CBC_SHA, TLS_ECDHE_RSA_WITH_AES_256_CBC_SHA, TLS_ECDHE_ECDSA_WITH_AES_128_CBC_SHA, TLS_ECDHE_RSA_WITH_AES_128_CBC_SHA, TLS_DHE_RSA_WITH_AES_256_CBC_SHA, TLS_DHE_DSS_WITH_AES_256_CBC_SHA, TLS_DHE_RSA_WITH_AES_128_CBC_SHA, TLS_DHE_DSS_WITH_AES_128_CBC_SHA, TLS_ECDH_ECDSA_WITH_AES_256_CBC_SHA, TLS_ECDH_RSA_WITH_AES_256_CBC_SHA, TLS_ECDH_ECDSA_WITH_AES_128_CBC_SHA, TLS_ECDH_RSA_WITH_AES_128_CBC_SHA, TLS_RSA_WITH_AES_256_GCM_SHA384, TLS_RSA_WITH_AES_128_GCM_SHA256, TLS_RSA_WITH_AES_256_CBC_SHA256, TLS_RSA_WITH_AES_128_CBC_SHA256, TLS_RSA_WITH_AES_256_CBC_SHA, TLS_RSA_WITH_AES_128_CBC_SHA, TLS_EMPTY_RENEGOTIATION_INFO_SCSV]
09:49:50.318 [main] DEBUG org.apache.hc.client5.http.ssl.SSLConnectionSocketFactory - Starting handshake
09:49:50.367 [main] DEBUG org.apache.hc.client5.http.ssl.SSLConnectionSocketFactory - Secure session established
09:49:50.367 [main] DEBUG org.apache.hc.client5.http.ssl.SSLConnectionSocketFactory -  negotiated protocol: TLSv1.3
09:49:50.367 [main] DEBUG org.apache.hc.client5.http.ssl.SSLConnectionSocketFactory -  negotiated cipher suite: TLS_AES_256_GCM_SHA384
09:49:50.367 [main] DEBUG org.apache.hc.client5.http.ssl.SSLConnectionSocketFactory -  peer principal: CN=*.storage.googleapis.com
09:49:50.367 [main] DEBUG org.apache.hc.client5.http.ssl.SSLConnectionSocketFactory -  peer alternative names: [*.storage.googleapis.com, *.googleapis.com, commondatastorage.googleapis.com, *.commondatastorage.googleapis.com, storage.googleapis.com, storage-p2.googleapis.com, *.storage-p2.googleapis.com, storage.mtls.googleapis.com, *.appspot.com.storage.googleapis.com, *.content-storage.googleapis.com, *.content-storage-p2.googleapis.com, *.content-storage-upload.googleapis.com, *.content-storage-download.googleapis.com, *.storage-upload.googleapis.com, *.storage-download.googleapis.com]
09:49:50.367 [main] DEBUG org.apache.hc.client5.http.ssl.SSLConnectionSocketFactory -  issuer principal: CN=GTS CA 1C3, O=Google Trust Services LLC, C=US
09:49:50.367 [main] DEBUG org.apache.hc.client5.http.impl.io.DefaultHttpClientConnectionOperator - http-outgoing-44: connection established 192.168.100.42:64663<->34.101.5.123:443
09:49:50.367 [main] DEBUG org.apache.hc.client5.http.impl.io.PoolingHttpClientConnectionManager - ep-0000003B: connected http-outgoing-44
09:49:50.367 [main] DEBUG org.apache.hc.client5.http.impl.classic.InternalHttpClient - ep-0000003B: endpoint connected
09:49:50.367 [main] DEBUG org.apache.hc.client5.http.impl.classic.MainClientExec - ex-0000003C: executing GET /LATEST_RELEASE HTTP/1.1
09:49:50.367 [main] DEBUG org.apache.hc.client5.http.impl.classic.InternalHttpClient - ep-0000003B: start execution ex-0000003C
09:49:50.367 [main] DEBUG org.apache.hc.client5.http.impl.io.PoolingHttpClientConnectionManager - ep-0000003B: executing exchange ex-0000003C over http-outgoing-44
09:49:50.367 [main] DEBUG org.apache.hc.client5.http.headers - http-outgoing-44 >> GET /LATEST_RELEASE HTTP/1.1
09:49:50.367 [main] DEBUG org.apache.hc.client5.http.headers - http-outgoing-44 >> user-agent: Apache-HttpClient/5.0
09:49:50.367 [main] DEBUG org.apache.hc.client5.http.headers - http-outgoing-44 >> accept-encoding: gzip, deflate, br
09:49:50.367 [main] DEBUG org.apache.hc.client5.http.headers - http-outgoing-44 >> cache-control: max-age=0
09:49:50.367 [main] DEBUG org.apache.hc.client5.http.headers - http-outgoing-44 >> connection: keep-alive
09:49:50.367 [main] DEBUG org.apache.hc.client5.http.headers - http-outgoing-44 >> Host: chromedriver.storage.googleapis.com
09:49:50.367 [main] DEBUG org.apache.hc.client5.http.wire - http-outgoing-44 >> "GET /LATEST_RELEASE HTTP/1.1[\r][\n]"
09:49:50.367 [main] DEBUG org.apache.hc.client5.http.wire - http-outgoing-44 >> "user-agent: Apache-HttpClient/5.0[\r][\n]"
09:49:50.367 [main] DEBUG org.apache.hc.client5.http.wire - http-outgoing-44 >> "accept-encoding: gzip, deflate, br[\r][\n]"
09:49:50.367 [main] DEBUG org.apache.hc.client5.http.wire - http-outgoing-44 >> "cache-control: max-age=0[\r][\n]"
09:49:50.367 [main] DEBUG org.apache.hc.client5.http.wire - http-outgoing-44 >> "connection: keep-alive[\r][\n]"
09:49:50.367 [main] DEBUG org.apache.hc.client5.http.wire - http-outgoing-44 >> "Host: chromedriver.storage.googleapis.com[\r][\n]"
09:49:50.367 [main] DEBUG org.apache.hc.client5.http.wire - http-outgoing-44 >> "[\r][\n]"
09:49:50.393 [main] DEBUG org.apache.hc.client5.http.wire - http-outgoing-44 << "HTTP/1.1 200 OK[\r][\n]"
09:49:50.393 [main] DEBUG org.apache.hc.client5.http.wire - http-outgoing-44 << "X-GUploader-UploadID: ADPycdvnFAnOhlWGbRtUpcGBi5W3y6qEtkvwOJmj2uBu_cu5oupNFxxPFqsoSfNAPIUhE78QrkhmBqvlUQiAPhzQ2QAWS0sveOv3[\r][\n]"
09:49:50.393 [main] DEBUG org.apache.hc.client5.http.wire - http-outgoing-44 << "x-goog-generation: 1685523462105569[\r][\n]"
09:49:50.393 [main] DEBUG org.apache.hc.client5.http.wire - http-outgoing-44 << "x-goog-metageneration: 1[\r][\n]"
09:49:50.393 [main] DEBUG org.apache.hc.client5.http.wire - http-outgoing-44 << "x-goog-stored-content-encoding: identity[\r][\n]"
09:49:50.393 [main] DEBUG org.apache.hc.client5.http.wire - http-outgoing-44 << "x-goog-stored-content-length: 13[\r][\n]"
09:49:50.393 [main] DEBUG org.apache.hc.client5.http.wire - http-outgoing-44 << "x-goog-hash: crc32c=tVW4TA==[\r][\n]"
09:49:50.393 [main] DEBUG org.apache.hc.client5.http.wire - http-outgoing-44 << "x-goog-hash: md5=NoaEuIlBlniwTkiZ1T16sA==[\r][\n]"
09:49:50.393 [main] DEBUG org.apache.hc.client5.http.wire - http-outgoing-44 << "x-goog-storage-class: STANDARD[\r][\n]"
09:49:50.393 [main] DEBUG org.apache.hc.client5.http.wire - http-outgoing-44 << "Accept-Ranges: bytes[\r][\n]"
09:49:50.393 [main] DEBUG org.apache.hc.client5.http.wire - http-outgoing-44 << "Content-Length: 13[\r][\n]"
09:49:50.393 [main] DEBUG org.apache.hc.client5.http.wire - http-outgoing-44 << "Server: UploadServer[\r][\n]"
09:49:50.393 [main] DEBUG org.apache.hc.client5.http.wire - http-outgoing-44 << "Date: Sat, 30 Sep 2023 02:46:28 GMT[\r][\n]"
09:49:50.393 [main] DEBUG org.apache.hc.client5.http.wire - http-outgoing-44 << "Expires: Sat, 30 Sep 2023 03:46:28 GMT[\r][\n]"
09:49:50.393 [main] DEBUG org.apache.hc.client5.http.wire - http-outgoing-44 << "Cache-Control: public, max-age=3600[\r][\n]"
09:49:50.393 [main] DEBUG org.apache.hc.client5.http.wire - http-outgoing-44 << "Age: 213[\r][\n]"
09:49:50.393 [main] DEBUG org.apache.hc.client5.http.wire - http-outgoing-44 << "Last-Modified: Wed, 31 May 2023 08:57:42 GMT[\r][\n]"
09:49:50.393 [main] DEBUG org.apache.hc.client5.http.wire - http-outgoing-44 << "ETag: "368684b889419678b04e4899d53d7ab0"[\r][\n]"
09:49:50.393 [main] DEBUG org.apache.hc.client5.http.wire - http-outgoing-44 << "Content-Type: text/plain[\r][\n]"
09:49:50.393 [main] DEBUG org.apache.hc.client5.http.wire - http-outgoing-44 << "Alt-Svc: h3=":443"; ma=2592000,h3-29=":443"; ma=2592000[\r][\n]"
09:49:50.393 [main] DEBUG org.apache.hc.client5.http.wire - http-outgoing-44 << "[\r][\n]"
09:49:50.393 [main] DEBUG org.apache.hc.client5.http.wire - http-outgoing-44 << "114.0.5735.90"
09:49:50.393 [main] DEBUG org.apache.hc.client5.http.headers - http-outgoing-44 << HTTP/1.1 200 OK
09:49:50.393 [main] DEBUG org.apache.hc.client5.http.headers - http-outgoing-44 << X-GUploader-UploadID: ADPycdvnFAnOhlWGbRtUpcGBi5W3y6qEtkvwOJmj2uBu_cu5oupNFxxPFqsoSfNAPIUhE78QrkhmBqvlUQiAPhzQ2QAWS0sveOv3
09:49:50.393 [main] DEBUG org.apache.hc.client5.http.headers - http-outgoing-44 << x-goog-generation: 1685523462105569
09:49:50.393 [main] DEBUG org.apache.hc.client5.http.headers - http-outgoing-44 << x-goog-metageneration: 1
09:49:50.393 [main] DEBUG org.apache.hc.client5.http.headers - http-outgoing-44 << x-goog-stored-content-encoding: identity
09:49:50.393 [main] DEBUG org.apache.hc.client5.http.headers - http-outgoing-44 << x-goog-stored-content-length: 13
09:49:50.393 [main] DEBUG org.apache.hc.client5.http.headers - http-outgoing-44 << x-goog-hash: crc32c=tVW4TA==
09:49:50.393 [main] DEBUG org.apache.hc.client5.http.headers - http-outgoing-44 << x-goog-hash: md5=NoaEuIlBlniwTkiZ1T16sA==
09:49:50.393 [main] DEBUG org.apache.hc.client5.http.headers - http-outgoing-44 << x-goog-storage-class: STANDARD
09:49:50.393 [main] DEBUG org.apache.hc.client5.http.headers - http-outgoing-44 << Accept-Ranges: bytes
09:49:50.393 [main] DEBUG org.apache.hc.client5.http.headers - http-outgoing-44 << Content-Length: 13
09:49:50.393 [main] DEBUG org.apache.hc.client5.http.headers - http-outgoing-44 << Server: UploadServer
09:49:50.393 [main] DEBUG org.apache.hc.client5.http.headers - http-outgoing-44 << Date: Sat, 30 Sep 2023 02:46:28 GMT
09:49:50.393 [main] DEBUG org.apache.hc.client5.http.headers - http-outgoing-44 << Expires: Sat, 30 Sep 2023 03:46:28 GMT
09:49:50.393 [main] DEBUG org.apache.hc.client5.http.headers - http-outgoing-44 << Cache-Control: public, max-age=3600
09:49:50.393 [main] DEBUG org.apache.hc.client5.http.headers - http-outgoing-44 << Age: 213
09:49:50.393 [main] DEBUG org.apache.hc.client5.http.headers - http-outgoing-44 << Last-Modified: Wed, 31 May 2023 08:57:42 GMT
09:49:50.393 [main] DEBUG org.apache.hc.client5.http.headers - http-outgoing-44 << ETag: "368684b889419678b04e4899d53d7ab0"
09:49:50.393 [main] DEBUG org.apache.hc.client5.http.headers - http-outgoing-44 << Content-Type: text/plain
09:49:50.393 [main] DEBUG org.apache.hc.client5.http.headers - http-outgoing-44 << Alt-Svc: h3=":443"; ma=2592000,h3-29=":443"; ma=2592000
09:49:50.393 [main] DEBUG org.apache.hc.client5.http.impl.classic.MainClientExec - ex-0000003C: connection can be kept alive for 3 MINUTES
09:49:50.393 [main] DEBUG org.apache.hc.client5.http.impl.classic.InternalHttpClient - ep-0000003B: releasing valid endpoint
09:49:50.393 [main] DEBUG org.apache.hc.client5.http.impl.io.PoolingHttpClientConnectionManager - ep-0000003B: releasing endpoint
09:49:50.393 [main] DEBUG org.apache.hc.client5.http.impl.io.PoolingHttpClientConnectionManager - ep-0000003B: connection http-outgoing-44 can be kept alive for 3 MINUTES
09:49:50.393 [main] DEBUG org.apache.hc.client5.http.impl.io.PoolingHttpClientConnectionManager - ep-0000003B: connection released [route: {s}->https://chromedriver.storage.googleapis.com:443][total available: 2; route allocated: 2 of 5; total allocated: 3 of 25]
09:49:50.393 [main] DEBUG io.github.bonigarcia.wdm.versions.VersionDetector - Latest version of chromedriver according to https://chromedriver.storage.googleapis.com/LATEST_RELEASE is 114.0.5735.90
09:49:50.395 [main] DEBUG io.github.bonigarcia.wdm.WebDriverManager - Driver chromedriver 114.0.5735.90 found in cache
09:49:50.395 [main] INFO io.github.bonigarcia.wdm.WebDriverManager - Exporting webdriver.chrome.driver as C:\Users\Bagas Dwi Saputra\.cache\selenium\chromedriver\win32\114.0.5735.90\chromedriver.exe
09:49:50.472 [main] DEBUG net.thucydides.core.reflection.ClassFinder - Could not load class net.serenitybdd.rest.utils.RestSpecificationFactory
09:49:50.538 [main] DEBUG net.thucydides.core.reflection.ClassFinder - Could not load class net.serenitybdd.rest.utils.RestSpecificationFactory
09:49:50.538 [main] INFO net.serenitybdd.core.webdriver.driverproviders.ProvideNewDriver - Instantiating driver
09:49:50.538 [main] INFO net.serenitybdd.core.webdriver.driverproviders.ProvideNewDriver - Driver capabilities: Capabilities {acceptInsecureCerts: false, base.url: https://app.jubelio.com, browserName: chrome, chrome.driver: src/test/resources/webdrive..., driver: chrome, goog:chromeOptions: {args: [], extensions: []}, loggingPrefs: org.openqa.selenium.logging...}
09:49:51.338 [main] DEBUG net.thucydides.core.reflection.ClassFinder - Could not load class net.serenitybdd.rest.utils.RestSpecificationFactory
09:49:53.568 [main] DEBUG net.serenitybdd.core.photography.Darkroom - Send negative for processing for target\site\serenity\052c5b469c1d4446469966ca896065f44ec023beb76d3e51b2757769cc45fc75.png
09:49:53.568 [main] DEBUG net.thucydides.core.steps.StepInterceptor - STEP DONE: openLink
09:49:53.568 [main] DEBUG net.thucydides.core.steps.StepInterceptor - STARTING STEP: LoginSteps.fillsInTheWithValidDataEmail - fills in the {string} with valid data email
09:49:53.912 [main] DEBUG net.serenitybdd.core.photography.Darkroom - Send negative for processing for target\site\serenity\104422f2cefbdf6837d9bc86354fe896b0dec713dd1c9ff1fe39944c0cae5eee.png
09:49:53.912 [main] DEBUG net.thucydides.core.steps.StepInterceptor - STEP DONE: fills in the {string} with valid data email
  &amp#27;[32mGiven &amp#27;[0m&amp#27;[32mfills in the &amp#27;[0m&amp#27;[32m&amp#27;[1m"qa.rakamin.jubelio@gmail.com"&amp#27;[0m&amp#27;[32m with valid data email&amp#27;[0m &amp#27;[90m# starter.stepdefinitios.LoginSteps.fillsInTheWithValidDataEmail(java.lang.String)&amp#27;[0m
09:49:54.626 [main] DEBUG net.serenitybdd.core.photography.Darkroom - Send negative for processing for target\site\serenity\e7837109ae6ac24b6e95db22d938a2dacf9b87521184516e4883afec272e8cba.png
09:49:54.626 [main] DEBUG net.thucydides.core.steps.StepInterceptor - STARTING STEP: LoginSteps.fillInTheWithValidDataPass - fill in the {string} with valid data pass
09:49:54.951 [main] DEBUG net.serenitybdd.core.photography.Darkroom - Send negative for processing for target\site\serenity\3d40b1449bc95db5d54cc99a60ff881592234089c4e28e40762294c10ef0f810.png
09:49:54.951 [main] DEBUG net.thucydides.core.steps.StepInterceptor - STEP DONE: fill in the {string} with valid data pass
  &amp#27;[32mAnd &amp#27;[0m&amp#27;[32mfill in the &amp#27;[0m&amp#27;[32m&amp#27;[1m"1234567890123456789012345678901"&amp#27;[0m&amp#27;[32m with valid data pass&amp#27;[0m  &amp#27;[90m# starter.stepdefinitios.LoginSteps.fillInTheWithValidDataPass(java.lang.String)&amp#27;[0m
09:49:54.951 [Darkroom Processing Line] DEBUG net.serenitybdd.core.photography.DarkroomProcessingLine - Processing screenshot image in /var/screenshots/screenshot-15708485837040103149
09:49:54.951 [Darkroom Processing Line] DEBUG net.serenitybdd.core.photography.DarkroomProcessingLine - Saving screenshot to target\site\serenity\3d40b1449bc95db5d54cc99a60ff881592234089c4e28e40762294c10ef0f810.png
09:49:54.966 [main] DEBUG net.thucydides.core.steps.StepInterceptor - STARTING STEP: LoginSteps.clickTheLoginButton - clickbtnlogin
09:49:55.299 [main] DEBUG net.serenitybdd.core.photography.Darkroom - Send negative for processing for target\site\serenity\61fb3a700879869e42b1d44983aaa3e7a7a52b00abca08691b88a602d39d7e6b.png
09:49:55.299 [main] DEBUG net.thucydides.core.steps.StepInterceptor - STEP DONE: clickbtnlogin
09:49:55.299 [Darkroom Processing Line] DEBUG net.serenitybdd.core.photography.DarkroomProcessingLine - Processing screenshot image in /var/screenshots/screenshot-8983461943663792651
09:49:55.299 [Darkroom Processing Line] DEBUG net.serenitybdd.core.photography.DarkroomProcessingLine - Saving screenshot to target\site\serenity\61fb3a700879869e42b1d44983aaa3e7a7a52b00abca08691b88a602d39d7e6b.png
  &amp#27;[32mWhen &amp#27;[0m&amp#27;[32mclick the login button&amp#27;[0m                                             &amp#27;[90m# starter.stepdefinitios.LoginSteps.clickTheLoginButton()&amp#27;[0m
09:49:55.999 [main] DEBUG net.serenitybdd.core.photography.Darkroom - Send negative for processing for target\site\serenity\f67df6c3e7fa7b44549f0442812392e82645c95705f2cd82f5acc745888c6aec.png
09:49:55.999 [Darkroom Processing Line] DEBUG net.serenitybdd.core.photography.DarkroomProcessingLine - Processing screenshot image in /var/screenshots/screenshot-16278961385966463926
09:49:55.999 [Darkroom Processing Line] DEBUG net.serenitybdd.core.photography.DarkroomProcessingLine - Saving screenshot to target\site\serenity\f67df6c3e7fa7b44549f0442812392e82645c95705f2cd82f5acc745888c6aec.png
09:49:56.005 [main] DEBUG net.thucydides.core.steps.StepInterceptor - STARTING STEP: LoginSteps.validatePageHomeOrError - validate page home or error {string}
09:49:56.649 [main] DEBUG net.serenitybdd.core.photography.Darkroom - Send negative for processing for target\site\serenity\9f18d4b1a8666aaf23598bb28b05c73430d728cbbdbde996ca941fd8aadbe763.png
09:49:56.649 [main] DEBUG net.thucydides.core.steps.StepInterceptor - STEP DONE: validate page home or error {string}
  &amp#27;[32mThen &amp#27;[0m&amp#27;[32mvalidate page home or error &amp#27;[0m&amp#27;[32m&amp#27;[1m"Password harus di antara 6 dan 30."&amp#27;[0m   &amp#27;[90m# starter.stepdefinitios.LoginSteps.validatePageHomeOrError(java.lang.String)&amp#27;[0m
09:49:56.649 [Darkroom Processing Line] DEBUG net.serenitybdd.core.photography.DarkroomProcessingLine - Processing screenshot image in /var/screenshots/screenshot-5996413582651538671
09:49:56.649 [Darkroom Processing Line] DEBUG net.serenitybdd.core.photography.DarkroomProcessingLine - Saving screenshot to target\site\serenity\9f18d4b1a8666aaf23598bb28b05c73430d728cbbdbde996ca941fd8aadbe763.png
]]></system-out>
    <system-err><![CDATA[Starting ChromeDriver 117.0.5938.88 (be6afae4721209be42944bbcd325665f9f44563b-refs/branch-heads/5938_62@{#9}) on port 58132
Only local connections are allowed.
Please see https://chromedriver.chromium.org/security-considerations for suggestions on keeping ChromeDriver safe.
ChromeDriver was started successfully.
Sep 30, 2023 9:49:51 AM org.openqa.selenium.remote.ProtocolHandshake createSession
INFO: Detected dialect: W3C
]]></system-err>
  </testcase>
</testsuite>