<?xml version="1.0" encoding="UTF-8"?>
<testsuite xmlns:xsi="http://www.w3.org/2001/XMLSchema-instance" xsi:noNamespaceSchemaLocation="https://maven.apache.org/surefire/maven-failsafe-plugin/xsd/failsafe-test-report-3.0.xsd" version="3.0" name="CucumberTestSuite" time="128.622" tests="6" errors="0" skipped="0" failures="0">
  <properties>
    <property name="java.specification.version" value="17"/>
    <property name="webdriver.chrome.driver" value="D:\QE\Automation\Jubelio-Website\src\test\resources\webdriver\chromedriver.exe"/>
    <property name="sun.cpu.isalist" value="amd64"/>
    <property name="sun.jnu.encoding" value="Cp1252"/>
    <property name="java.class.path" value="D:\QE\Automation\Jubelio-Website\target\test-classes;C:\Users\Bagas Dwi Saputra\.m2\repository\net\serenity-bdd\serenity-core\2.6.0\serenity-core-2.6.0.jar;C:\Users\Bagas Dwi Saputra\.m2\repository\net\serenity-bdd\serenity-model\2.6.0\serenity-model-2.6.0.jar;C:\Users\Bagas Dwi Saputra\.m2\repository\org\apache\commons\commons-text\1.9\commons-text-1.9.jar;C:\Users\Bagas Dwi Saputra\.m2\repository\commons-net\commons-net\3.6\commons-net-3.6.jar;C:\Users\Bagas Dwi Saputra\.m2\repository\com\google\inject\guice\5.0.1\guice-5.0.1.jar;C:\Users\Bagas Dwi Saputra\.m2\repository\javax\inject\javax.inject\1\javax.inject-1.jar;C:\Users\Bagas Dwi Saputra\.m2\repository\aopalliance\aopalliance\1.0\aopalliance-1.0.jar;C:\Users\Bagas Dwi Saputra\.m2\repository\org\jsoup\jsoup\1.13.1\jsoup-1.13.1.jar;C:\Users\Bagas Dwi Saputra\.m2\repository\com\thoughtworks\xstream\xstream\1.4.18\xstream-1.4.18.jar;C:\Users\Bagas Dwi Saputra\.m2\repository\io\github\x-stream\mxparser\1.2.2\mxparser-1.2.2.jar;C:\Users\Bagas Dwi Saputra\.m2\repository\xmlpull\xmlpull\1.1.3.1\xmlpull-1.1.3.1.jar;C:\Users\Bagas Dwi Saputra\.m2\repository\io\cucumber\cucumber-core\6.10.2\cucumber-core-6.10.2.jar;C:\Users\Bagas Dwi Saputra\.m2\repository\io\cucumber\cucumber-gherkin\6.10.2\cucumber-gherkin-6.10.2.jar;C:\Users\Bagas Dwi Saputra\.m2\repository\io\cucumber\cucumber-gherkin-messages\6.10.2\cucumber-gherkin-messages-6.10.2.jar;C:\Users\Bagas Dwi Saputra\.m2\repository\io\cucumber\messages\14.0.1\messages-14.0.1.jar;C:\Users\Bagas Dwi Saputra\.m2\repository\io\cucumber\tag-expressions\3.0.0\tag-expressions-3.0.0.jar;C:\Users\Bagas Dwi Saputra\.m2\repository\io\cucumber\cucumber-expressions\10.3.0\cucumber-expressions-10.3.0.jar;C:\Users\Bagas Dwi Saputra\.m2\repository\io\cucumber\cucumber-plugin\6.10.2\cucumber-plugin-6.10.2.jar;C:\Users\Bagas Dwi Saputra\.m2\repository\io\cucumber\docstring\6.10.2\docstring-6.10.2.jar;C:\Users\Bagas Dwi Saputra\.m2\repository\io\cucumber\html-formatter\12.0.0\html-formatter-12.0.0.jar;C:\Users\Bagas Dwi Saputra\.m2\repository\io\cucumber\create-meta\3.0.0\create-meta-3.0.0.jar;C:\Users\Bagas Dwi Saputra\.m2\repository\com\typesafe\config\1.3.1\config-1.3.1.jar;C:\Users\Bagas Dwi Saputra\.m2\repository\org\imgscalr\imgscalr-lib\4.2\imgscalr-lib-4.2.jar;C:\Users\Bagas Dwi Saputra\.m2\repository\org\awaitility\awaitility\4.0.3\awaitility-4.0.3.jar;C:\Users\Bagas Dwi Saputra\.m2\repository\org\freemarker\freemarker\2.3.29\freemarker-2.3.29.jar;C:\Users\Bagas Dwi Saputra\.m2\repository\org\reflections\reflections\0.9.12\reflections-0.9.12.jar;C:\Users\Bagas Dwi Saputra\.m2\repository\org\javassist\javassist\3.26.0-GA\javassist-3.26.0-GA.jar;C:\Users\Bagas Dwi Saputra\.m2\repository\net\sourceforge\jexcelapi\jxl\2.6.12\jxl-2.6.12.jar;C:\Users\Bagas Dwi Saputra\.m2\repository\org\asciidoctor\asciidoctorj\2.5.1\asciidoctorj-2.5.1.jar;C:\Users\Bagas Dwi Saputra\.m2\repository\org\asciidoctor\asciidoctorj-api\2.5.1\asciidoctorj-api-2.5.1.jar;C:\Users\Bagas Dwi Saputra\.m2\repository\org\jruby\jruby\9.2.17.0\jruby-9.2.17.0.jar;C:\Users\Bagas Dwi Saputra\.m2\repository\org\jruby\jruby-core\9.2.17.0\jruby-core-9.2.17.0.jar;C:\Users\Bagas Dwi Saputra\.m2\repository\com\github\jnr\jnr-netdb\1.2.0\jnr-netdb-1.2.0.jar;C:\Users\Bagas Dwi Saputra\.m2\repository\com\github\jnr\jnr-enxio\0.32.3\jnr-enxio-0.32.3.jar;C:\Users\Bagas Dwi Saputra\.m2\repository\com\github\jnr\jnr-unixsocket\0.38.5\jnr-unixsocket-0.38.5.jar;C:\Users\Bagas Dwi Saputra\.m2\repository\com\github\jnr\jnr-posix\3.1.4\jnr-posix-3.1.4.jar;C:\Users\Bagas Dwi Saputra\.m2\repository\com\github\jnr\jnr-constants\0.10.1\jnr-constants-0.10.1.jar;C:\Users\Bagas Dwi Saputra\.m2\repository\com\github\jnr\jffi\1.3.1\jffi-1.3.1.jar;C:\Users\Bagas Dwi Saputra\.m2\repository\com\github\jnr\jffi\1.3.1\jffi-1.3.1-native.jar;C:\Users\Bagas Dwi Saputra\.m2\repository\org\jruby\joni\joni\2.1.31\joni-2.1.31.jar;C:\Users\Bagas Dwi Saputra\.m2\repository\org\jruby\jcodings\jcodings\1.0.46\jcodings-1.0.46.jar;C:\Users\Bagas Dwi Saputra\.m2\repository\org\jruby\dirgra\0.3\dirgra-0.3.jar;C:\Users\Bagas Dwi Saputra\.m2\repository\com\headius\invokebinder\1.11\invokebinder-1.11.jar;C:\Users\Bagas Dwi Saputra\.m2\repository\com\headius\options\1.4\options-1.4.jar;C:\Users\Bagas Dwi Saputra\.m2\repository\com\jcraft\jzlib\1.1.3\jzlib-1.1.3.jar;C:\Users\Bagas Dwi Saputra\.m2\repository\com\martiansoftware\nailgun-server\0.9.1\nailgun-server-0.9.1.jar;C:\Users\Bagas Dwi Saputra\.m2\repository\com\headius\backport9\1.8\backport9-1.8.jar;C:\Users\Bagas Dwi Saputra\.m2\repository\javax\annotation\javax.annotation-api\1.3.1\javax.annotation-api-1.3.1.jar;C:\Users\Bagas Dwi Saputra\.m2\repository\org\jruby\jruby-stdlib\9.2.17.0\jruby-stdlib-9.2.17.0.jar;C:\Users\Bagas Dwi Saputra\.m2\repository\net\bytebuddy\byte-buddy-agent\1.11.1\byte-buddy-agent-1.11.1.jar;C:\Users\Bagas Dwi Saputra\.m2\repository\org\objenesis\objenesis\3.1\objenesis-3.1.jar;C:\Users\Bagas Dwi Saputra\.m2\repository\net\serenity-bdd\serenity-reports\2.6.0\serenity-reports-2.6.0.jar;C:\Users\Bagas Dwi Saputra\.m2\repository\net\serenity-bdd\serenity-stats\2.6.0\serenity-stats-2.6.0.jar;C:\Users\Bagas Dwi Saputra\.m2\repository\net\serenity-bdd\serenity-reports-configuration\2.6.0\serenity-reports-configuration-2.6.0.jar;C:\Users\Bagas Dwi Saputra\.m2\repository\com\vladsch\flexmark\flexmark-all\0.34.30\flexmark-all-0.34.30.jar;C:\Users\Bagas Dwi Saputra\.m2\repository\com\vladsch\flexmark\flexmark\0.34.30\flexmark-0.34.30.jar;C:\Users\Bagas Dwi Saputra\.m2\repository\com\vladsch\flexmark\flexmark-ext-abbreviation\0.34.30\flexmark-ext-abbreviation-0.34.30.jar;C:\Users\Bagas Dwi Saputra\.m2\repository\com\vladsch\flexmark\flexmark-ext-admonition\0.34.30\flexmark-ext-admonition-0.34.30.jar;C:\Users\Bagas Dwi Saputra\.m2\repository\com\vladsch\flexmark\flexmark-ext-anchorlink\0.34.30\flexmark-ext-anchorlink-0.34.30.jar;C:\Users\Bagas Dwi Saputra\.m2\repository\com\vladsch\flexmark\flexmark-ext-aside\0.34.30\flexmark-ext-aside-0.34.30.jar;C:\Users\Bagas Dwi Saputra\.m2\repository\com\vladsch\flexmark\flexmark-ext-attributes\0.34.30\flexmark-ext-attributes-0.34.30.jar;C:\Users\Bagas Dwi Saputra\.m2\repository\com\vladsch\flexmark\flexmark-ext-autolink\0.34.30\flexmark-ext-autolink-0.34.30.jar;C:\Users\Bagas Dwi Saputra\.m2\repository\org\nibor\autolink\autolink\0.6.0\autolink-0.6.0.jar;C:\Users\Bagas Dwi Saputra\.m2\repository\com\vladsch\flexmark\flexmark-ext-definition\0.34.30\flexmark-ext-definition-0.34.30.jar;C:\Users\Bagas Dwi Saputra\.m2\repository\com\vladsch\flexmark\flexmark-ext-emoji\0.34.30\flexmark-ext-emoji-0.34.30.jar;C:\Users\Bagas Dwi Saputra\.m2\repository\com\vladsch\flexmark\flexmark-ext-enumerated-reference\0.34.30\flexmark-ext-enumerated-reference-0.34.30.jar;C:\Users\Bagas Dwi Saputra\.m2\repository\com\vladsch\flexmark\flexmark-ext-escaped-character\0.34.30\flexmark-ext-escaped-character-0.34.30.jar;C:\Users\Bagas Dwi Saputra\.m2\repository\com\vladsch\flexmark\flexmark-ext-footnotes\0.34.30\flexmark-ext-footnotes-0.34.30.jar;C:\Users\Bagas Dwi Saputra\.m2\repository\com\vladsch\flexmark\flexmark-ext-gfm-issues\0.34.30\flexmark-ext-gfm-issues-0.34.30.jar;C:\Users\Bagas Dwi Saputra\.m2\repository\com\vladsch\flexmark\flexmark-ext-gfm-strikethrough\0.34.30\flexmark-ext-gfm-strikethrough-0.34.30.jar;C:\Users\Bagas Dwi Saputra\.m2\repository\com\vladsch\flexmark\flexmark-ext-gfm-tables\0.34.30\flexmark-ext-gfm-tables-0.34.30.jar;C:\Users\Bagas Dwi Saputra\.m2\repository\com\vladsch\flexmark\flexmark-ext-gfm-tasklist\0.34.30\flexmark-ext-gfm-tasklist-0.34.30.jar;C:\Users\Bagas Dwi Saputra\.m2\repository\com\vladsch\flexmark\flexmark-ext-gfm-users\0.34.30\flexmark-ext-gfm-users-0.34.30.jar;C:\Users\Bagas Dwi Saputra\.m2\repository\com\vladsch\flexmark\flexmark-ext-gitlab\0.34.30\flexmark-ext-gitlab-0.34.30.jar;C:\Users\Bagas Dwi Saputra\.m2\repository\com\vladsch\flexmark\flexmark-ext-jekyll-front-matter\0.34.30\flexmark-ext-jekyll-front-matter-0.34.30.jar;C:\Users\Bagas Dwi Saputra\.m2\repository\com\vladsch\flexmark\flexmark-ext-jekyll-tag\0.34.30\flexmark-ext-jekyll-tag-0.34.30.jar;C:\Users\Bagas Dwi Saputra\.m2\repository\com\vladsch\flexmark\flexmark-ext-media-tags\0.34.30\flexmark-ext-media-tags-0.34.30.jar;C:\Users\Bagas Dwi Saputra\.m2\repository\com\vladsch\flexmark\flexmark-test-util\0.34.30\flexmark-test-util-0.34.30.jar;C:\Users\Bagas Dwi Saputra\.m2\repository\com\vladsch\flexmark\flexmark-ext-ins\0.34.30\flexmark-ext-ins-0.34.30.jar;C:\Users\Bagas Dwi Saputra\.m2\repository\com\vladsch\flexmark\flexmark-ext-xwiki-macros\0.34.30\flexmark-ext-xwiki-macros-0.34.30.jar;C:\Users\Bagas Dwi Saputra\.m2\repository\com\vladsch\flexmark\flexmark-ext-superscript\0.34.30\flexmark-ext-superscript-0.34.30.jar;C:\Users\Bagas Dwi Saputra\.m2\repository\com\vladsch\flexmark\flexmark-ext-tables\0.34.30\flexmark-ext-tables-0.34.30.jar;C:\Users\Bagas Dwi Saputra\.m2\repository\com\vladsch\flexmark\flexmark-ext-toc\0.34.30\flexmark-ext-toc-0.34.30.jar;C:\Users\Bagas Dwi Saputra\.m2\repository\com\vladsch\flexmark\flexmark-ext-typographic\0.34.30\flexmark-ext-typographic-0.34.30.jar;C:\Users\Bagas Dwi Saputra\.m2\repository\com\vladsch\flexmark\flexmark-ext-wikilink\0.34.30\flexmark-ext-wikilink-0.34.30.jar;C:\Users\Bagas Dwi Saputra\.m2\repository\com\vladsch\flexmark\flexmark-ext-yaml-front-matter\0.34.30\flexmark-ext-yaml-front-matter-0.34.30.jar;C:\Users\Bagas Dwi Saputra\.m2\repository\com\vladsch\flexmark\flexmark-ext-youtube-embedded\0.34.30\flexmark-ext-youtube-embedded-0.34.30.jar;C:\Users\Bagas Dwi Saputra\.m2\repository\com\vladsch\flexmark\flexmark-formatter\0.34.30\flexmark-formatter-0.34.30.jar;C:\Users\Bagas Dwi Saputra\.m2\repository\com\vladsch\flexmark\flexmark-html-parser\0.34.30\flexmark-html-parser-0.34.30.jar;C:\Users\Bagas Dwi Saputra\.m2\repository\com\vladsch\flexmark\flexmark-jira-converter\0.34.30\flexmark-jira-converter-0.34.30.jar;C:\Users\Bagas Dwi Saputra\.m2\repository\com\vladsch\flexmark\flexmark-pdf-converter\0.34.30\flexmark-pdf-converter-0.34.30.jar;C:\Users\Bagas Dwi Saputra\.m2\repository\com\openhtmltopdf\openhtmltopdf-core\0.0.1-RC13\openhtmltopdf-core-0.0.1-RC13.jar;C:\Users\Bagas Dwi Saputra\.m2\repository\com\openhtmltopdf\openhtmltopdf-pdfbox\0.0.1-RC13\openhtmltopdf-pdfbox-0.0.1-RC13.jar;C:\Users\Bagas Dwi Saputra\.m2\repository\org\apache\pdfbox\pdfbox\2.0.8\pdfbox-2.0.8.jar;C:\Users\Bagas Dwi Saputra\.m2\repository\org\apache\pdfbox\fontbox\2.0.8\fontbox-2.0.8.jar;C:\Users\Bagas Dwi Saputra\.m2\repository\org\apache\pdfbox\xmpbox\2.0.8\xmpbox-2.0.8.jar;C:\Users\Bagas Dwi Saputra\.m2\repository\de\rototor\pdfbox\graphics2d\0.12\graphics2d-0.12.jar;C:\Users\Bagas Dwi Saputra\.m2\repository\com\openhtmltopdf\openhtmltopdf-rtl-support\0.0.1-RC13\openhtmltopdf-rtl-support-0.0.1-RC13.jar;C:\Users\Bagas Dwi Saputra\.m2\repository\com\ibm\icu\icu4j\59.1\icu4j-59.1.jar;C:\Users\Bagas Dwi Saputra\.m2\repository\com\openhtmltopdf\openhtmltopdf-jsoup-dom-converter\0.0.1-RC13\openhtmltopdf-jsoup-dom-converter-0.0.1-RC13.jar;C:\Users\Bagas Dwi Saputra\.m2\repository\com\vladsch\flexmark\flexmark-profile-pegdown\0.34.30\flexmark-profile-pegdown-0.34.30.jar;C:\Users\Bagas Dwi Saputra\.m2\repository\com\vladsch\flexmark\flexmark-util\0.34.30\flexmark-util-0.34.30.jar;C:\Users\Bagas Dwi Saputra\.m2\repository\com\vladsch\flexmark\flexmark-youtrack-converter\0.34.30\flexmark-youtrack-converter-0.34.30.jar;C:\Users\Bagas Dwi Saputra\.m2\repository\es\nitaur\markdown\txtmark\0.16\txtmark-0.16.jar;C:\Users\Bagas Dwi Saputra\.m2\repository\net\serenity-bdd\serenity-report-resources\2.6.0\serenity-report-resources-2.6.0.jar;C:\Users\Bagas Dwi Saputra\.m2\repository\com\google\code\gson\gson\2.8.7\gson-2.8.7.jar;C:\Users\Bagas Dwi Saputra\.m2\repository\com\fasterxml\jackson\core\jackson-core\2.12.4\jackson-core-2.12.4.jar;C:\Users\Bagas Dwi Saputra\.m2\repository\com\fasterxml\jackson\core\jackson-databind\2.12.4\jackson-databind-2.12.4.jar;C:\Users\Bagas Dwi Saputra\.m2\repository\com\fasterxml\jackson\core\jackson-annotations\2.12.4\jackson-annotations-2.12.4.jar;C:\Users\Bagas Dwi Saputra\.m2\repository\commons-codec\commons-codec\1.15\commons-codec-1.15.jar;C:\Users\Bagas Dwi Saputra\.m2\repository\commons-io\commons-io\2.8.0\commons-io-2.8.0.jar;C:\Users\Bagas Dwi Saputra\.m2\repository\org\seleniumhq\selenium\selenium-server\3.141.59\selenium-server-3.141.59.jar;C:\Users\Bagas Dwi Saputra\.m2\repository\net\jcip\jcip-annotations\1.0\jcip-annotations-1.0.jar;C:\Users\Bagas Dwi Saputra\.m2\repository\org\seleniumhq\selenium\jetty-repacked\9.4.12.v20180830\jetty-repacked-9.4.12.v20180830.jar;C:\Users\Bagas Dwi Saputra\.m2\repository\javax\servlet\javax.servlet-api\3.1.0\javax.servlet-api-3.1.0.jar;C:\Users\Bagas Dwi Saputra\.m2\repository\org\yaml\snakeyaml\1.19\snakeyaml-1.19.jar;C:\Users\Bagas Dwi Saputra\.m2\repository\org\seleniumhq\selenium\selenium-api\3.141.59\selenium-api-3.141.59.jar;C:\Users\Bagas Dwi Saputra\.m2\repository\org\seleniumhq\selenium\selenium-support\3.141.59\selenium-support-3.141.59.jar;C:\Users\Bagas Dwi Saputra\.m2\repository\org\seleniumhq\selenium\selenium-chrome-driver\3.141.59\selenium-chrome-driver-3.141.59.jar;C:\Users\Bagas Dwi Saputra\.m2\repository\org\seleniumhq\selenium\selenium-firefox-driver\3.141.59\selenium-firefox-driver-3.141.59.jar;C:\Users\Bagas Dwi Saputra\.m2\repository\org\seleniumhq\selenium\selenium-edge-driver\3.141.59\selenium-edge-driver-3.141.59.jar;C:\Users\Bagas Dwi Saputra\.m2\repository\org\seleniumhq\selenium\selenium-ie-driver\3.141.59\selenium-ie-driver-3.141.59.jar;C:\Users\Bagas Dwi Saputra\.m2\repository\net\sourceforge\htmlunit\htmlunit\2.47.1\htmlunit-2.47.1.jar;C:\Users\Bagas Dwi Saputra\.m2\repository\xalan\xalan\2.7.2\xalan-2.7.2.jar;C:\Users\Bagas Dwi Saputra\.m2\repository\xalan\serializer\2.7.2\serializer-2.7.2.jar;C:\Users\Bagas Dwi Saputra\.m2\repository\net\sourceforge\htmlunit\htmlunit-core-js\2.47.0\htmlunit-core-js-2.47.0.jar;C:\Users\Bagas Dwi Saputra\.m2\repository\net\sourceforge\htmlunit\neko-htmlunit\2.47.1\neko-htmlunit-2.47.1.jar;C:\Users\Bagas Dwi Saputra\.m2\repository\xerces\xercesImpl\2.12.0\xercesImpl-2.12.0.jar;C:\Users\Bagas Dwi Saputra\.m2\repository\xml-apis\xml-apis\1.4.01\xml-apis-1.4.01.jar;C:\Users\Bagas Dwi Saputra\.m2\repository\net\sourceforge\htmlunit\htmlunit-cssparser\1.7.0\htmlunit-cssparser-1.7.0.jar;C:\Users\Bagas Dwi Saputra\.m2\repository\org\brotli\dec\0.1.2\dec-0.1.2.jar;C:\Users\Bagas Dwi Saputra\.m2\repository\com\shapesecurity\salvation2\3.0.0\salvation2-3.0.0.jar;C:\Users\Bagas Dwi Saputra\.m2\repository\org\eclipse\jetty\websocket\websocket-client\9.4.36.v20210114\websocket-client-9.4.36.v20210114.jar;C:\Users\Bagas Dwi Saputra\.m2\repository\org\eclipse\jetty\jetty-client\9.4.36.v20210114\jetty-client-9.4.36.v20210114.jar;C:\Users\Bagas Dwi Saputra\.m2\repository\org\eclipse\jetty\jetty-http\9.4.36.v20210114\jetty-http-9.4.36.v20210114.jar;C:\Users\Bagas Dwi Saputra\.m2\repository\org\eclipse\jetty\jetty-util\9.4.36.v20210114\jetty-util-9.4.36.v20210114.jar;C:\Users\Bagas Dwi Saputra\.m2\repository\org\eclipse\jetty\jetty-io\9.4.36.v20210114\jetty-io-9.4.36.v20210114.jar;C:\Users\Bagas Dwi Saputra\.m2\repository\org\eclipse\jetty\websocket\websocket-common\9.4.36.v20210114\websocket-common-9.4.36.v20210114.jar;C:\Users\Bagas Dwi Saputra\.m2\repository\org\eclipse\jetty\websocket\websocket-api\9.4.36.v20210114\websocket-api-9.4.36.v20210114.jar;C:\Users\Bagas Dwi Saputra\.m2\repository\org\projectlombok\lombok\1.18.20\lombok-1.18.20.jar;C:\Users\Bagas Dwi Saputra\.m2\repository\org\seleniumhq\selenium\htmlunit-driver\2.47.1\htmlunit-driver-2.47.1.jar;C:\Users\Bagas Dwi Saputra\.m2\repository\com\codeborne\phantomjsdriver\1.4.4\phantomjsdriver-1.4.4.jar;C:\Users\Bagas Dwi Saputra\.m2\repository\io\appium\java-client\7.5.1\java-client-7.5.1.jar;C:\Users\Bagas Dwi Saputra\.m2\repository\commons-validator\commons-validator\1.7\commons-validator-1.7.jar;C:\Users\Bagas Dwi Saputra\.m2\repository\commons-digester\commons-digester\2.1\commons-digester-2.1.jar;C:\Users\Bagas Dwi Saputra\.m2\repository\org\aspectj\aspectjweaver\1.9.6\aspectjweaver-1.9.6.jar;C:\Users\Bagas Dwi Saputra\.m2\repository\net\sf\opencsv\opencsv\2.0\opencsv-2.0.jar;C:\Users\Bagas Dwi Saputra\.m2\repository\commons-beanutils\commons-beanutils\1.9.4\commons-beanutils-1.9.4.jar;C:\Users\Bagas Dwi Saputra\.m2\repository\org\apache\commons\commons-lang3\3.11\commons-lang3-3.11.jar;C:\Users\Bagas Dwi Saputra\.m2\repository\commons-collections\commons-collections\3.2.2\commons-collections-3.2.2.jar;C:\Users\Bagas Dwi Saputra\.m2\repository\org\fluentlenium\fluentlenium-core\0.10.2\fluentlenium-core-0.10.2.jar;C:\Users\Bagas Dwi Saputra\.m2\repository\io\github\bonigarcia\webdrivermanager\4.4.1\webdrivermanager-4.4.1.jar;C:\Users\Bagas Dwi Saputra\.m2\repository\org\apache\httpcomponents\client5\httpclient5\5.0.3\httpclient5-5.0.3.jar;C:\Users\Bagas Dwi Saputra\.m2\repository\org\apache\httpcomponents\core5\httpcore5\5.0.2\httpcore5-5.0.2.jar;C:\Users\Bagas Dwi Saputra\.m2\repository\org\apache\httpcomponents\core5\httpcore5-h2\5.0.2\httpcore5-h2-5.0.2.jar;C:\Users\Bagas Dwi Saputra\.m2\repository\org\rauschig\jarchivelib\1.1.0\jarchivelib-1.1.0.jar;C:\Users\Bagas Dwi Saputra\.m2\repository\org\apache\commons\commons-compress\1.20\commons-compress-1.20.jar;C:\Users\Bagas Dwi Saputra\.m2\repository\com\jhlabs\filters\2.0.235\filters-2.0.235.jar;C:\Users\Bagas Dwi Saputra\.m2\repository\com\paulhammant\ngwebdriver\1.1.5\ngwebdriver-1.1.5.jar;C:\Users\Bagas Dwi Saputra\.m2\repository\joda-time\joda-time\2.8.2\joda-time-2.8.2.jar;C:\Users\Bagas Dwi Saputra\.m2\repository\com\google\jimfs\jimfs\1.1\jimfs-1.1.jar;C:\Users\Bagas Dwi Saputra\.m2\repository\org\mockito\mockito-core\3.3.3\mockito-core-3.3.3.jar;C:\Users\Bagas Dwi Saputra\.m2\repository\javax\xml\bind\jaxb-api\2.3.1\jaxb-api-2.3.1.jar;C:\Users\Bagas Dwi Saputra\.m2\repository\javax\activation\javax.activation-api\1.2.0\javax.activation-api-1.2.0.jar;C:\Users\Bagas Dwi Saputra\.m2\repository\com\sun\xml\bind\jaxb-core\2.3.0.1\jaxb-core-2.3.0.1.jar;C:\Users\Bagas Dwi Saputra\.m2\repository\com\sun\xml\bind\jaxb-impl\2.3.3\jaxb-impl-2.3.3.jar;C:\Users\Bagas Dwi Saputra\.m2\repository\com\sun\activation\jakarta.activation\1.2.2\jakarta.activation-1.2.2.jar;C:\Users\Bagas Dwi Saputra\.m2\repository\javax\activation\activation\1.1.1\activation-1.1.1.jar;C:\Users\Bagas Dwi Saputra\.m2\repository\net\serenity-bdd\serenity-junit\2.6.0\serenity-junit-2.6.0.jar;C:\Users\Bagas Dwi Saputra\.m2\repository\net\serenity-bdd\serenity-rest-assured\2.6.0\serenity-rest-assured-2.6.0.jar;C:\Users\Bagas Dwi Saputra\.m2\repository\org\codehaus\groovy\groovy-json\3.0.8\groovy-json-3.0.8.jar;C:\Users\Bagas Dwi Saputra\.m2\repository\org\opentest4j\opentest4j\1.2.0\opentest4j-1.2.0.jar;C:\Users\Bagas Dwi Saputra\.m2\repository\net\serenity-bdd\serenity-screenplay\2.6.0\serenity-screenplay-2.6.0.jar;C:\Users\Bagas Dwi Saputra\.m2\repository\net\serenity-bdd\serenity-screenplay-rest\2.6.0\serenity-screenplay-rest-2.6.0.jar;C:\Users\Bagas Dwi Saputra\.m2\repository\net\serenity-bdd\serenity-screenplay-webdriver\2.6.0\serenity-screenplay-webdriver-2.6.0.jar;C:\Users\Bagas Dwi Saputra\.m2\repository\net\serenity-bdd\serenity-cucumber6\2.6.0\serenity-cucumber6-2.6.0.jar;C:\Users\Bagas Dwi Saputra\.m2\repository\io\cucumber\cucumber-java\6.10.4\cucumber-java-6.10.4.jar;C:\Users\Bagas Dwi Saputra\.m2\repository\io\cucumber\cucumber-junit\6.10.4\cucumber-junit-6.10.4.jar;C:\Users\Bagas Dwi Saputra\.m2\repository\io\cucumber\datatable-matchers\3.4.0\datatable-matchers-3.4.0.jar;C:\Users\Bagas Dwi Saputra\.m2\repository\io\cucumber\datatable\3.4.0\datatable-3.4.0.jar;C:\Users\Bagas Dwi Saputra\.m2\repository\commons-logging\commons-logging\1.2\commons-logging-1.2.jar;C:\Users\Bagas Dwi Saputra\.m2\repository\org\apache\commons\commons-csv\1.5\commons-csv-1.5.jar;C:\Users\Bagas Dwi Saputra\.m2\repository\net\serenity-bdd\serenity-ensure\2.6.0\serenity-ensure-2.6.0.jar;C:\Users\Bagas Dwi Saputra\.m2\repository\org\jetbrains\kotlin\kotlin-stdlib\1.5.0\kotlin-stdlib-1.5.0.jar;C:\Users\Bagas Dwi Saputra\.m2\repository\org\jetbrains\annotations\13.0\annotations-13.0.jar;C:\Users\Bagas Dwi Saputra\.m2\repository\org\jetbrains\kotlin\kotlin-stdlib-common\1.5.0\kotlin-stdlib-common-1.5.0.jar;C:\Users\Bagas Dwi Saputra\.m2\repository\io\rest-assured\rest-assured\4.3.2\rest-assured-4.3.2.jar;C:\Users\Bagas Dwi Saputra\.m2\repository\org\apache\httpcomponents\httpclient\4.5.3\httpclient-4.5.3.jar;C:\Users\Bagas Dwi Saputra\.m2\repository\org\apache\httpcomponents\httpcore\4.4.6\httpcore-4.4.6.jar;C:\Users\Bagas Dwi Saputra\.m2\repository\org\apache\httpcomponents\httpmime\4.5.3\httpmime-4.5.3.jar;C:\Users\Bagas Dwi Saputra\.m2\repository\org\ccil\cowan\tagsoup\tagsoup\1.2.1\tagsoup-1.2.1.jar;C:\Users\Bagas Dwi Saputra\.m2\repository\io\rest-assured\json-path\4.3.3\json-path-4.3.3.jar;C:\Users\Bagas Dwi Saputra\.m2\repository\io\rest-assured\rest-assured-common\4.3.3\rest-assured-common-4.3.3.jar;C:\Users\Bagas Dwi Saputra\.m2\repository\io\rest-assured\xml-path\4.3.3\xml-path-4.3.3.jar;C:\Users\Bagas Dwi Saputra\.m2\repository\jakarta\xml\bind\jakarta.xml.bind-api\2.3.3\jakarta.xml.bind-api-2.3.3.jar;C:\Users\Bagas Dwi Saputra\.m2\repository\jakarta\activation\jakarta.activation-api\1.2.2\jakarta.activation-api-1.2.2.jar;C:\Users\Bagas Dwi Saputra\.m2\repository\junit\junit\4.13.1\junit-4.13.1.jar;C:\Users\Bagas Dwi Saputra\.m2\repository\org\hamcrest\hamcrest-core\1.3\hamcrest-core-1.3.jar;C:\Users\Bagas Dwi Saputra\.m2\repository\org\assertj\assertj-core\3.6.2\assertj-core-3.6.2.jar;C:\Users\Bagas Dwi Saputra\.m2\repository\org\hamcrest\hamcrest\2.2\hamcrest-2.2.jar;C:\Users\Bagas Dwi Saputra\.m2\repository\org\junit\platform\junit-platform-launcher\1.8.2\junit-platform-launcher-1.8.2.jar;C:\Users\Bagas Dwi Saputra\.m2\repository\org\junit\platform\junit-platform-engine\1.8.2\junit-platform-engine-1.8.2.jar;C:\Users\Bagas Dwi Saputra\.m2\repository\org\junit\platform\junit-platform-commons\1.8.2\junit-platform-commons-1.8.2.jar;C:\Users\Bagas Dwi Saputra\.m2\repository\org\apiguardian\apiguardian-api\1.1.2\apiguardian-api-1.1.2.jar;C:\Users\Bagas Dwi Saputra\.m2\repository\org\junit\jupiter\junit-jupiter-engine\5.8.2\junit-jupiter-engine-5.8.2.jar;C:\Users\Bagas Dwi Saputra\.m2\repository\org\junit\jupiter\junit-jupiter-api\5.8.2\junit-jupiter-api-5.8.2.jar;C:\Users\Bagas Dwi Saputra\.m2\repository\org\junit\vintage\junit-vintage-engine\5.8.2\junit-vintage-engine-5.8.2.jar;C:\Users\Bagas Dwi Saputra\.m2\repository\ch\qos\logback\logback-classic\1.2.3\logback-classic-1.2.3.jar;C:\Users\Bagas Dwi Saputra\.m2\repository\ch\qos\logback\logback-core\1.2.3\logback-core-1.2.3.jar;C:\Users\Bagas Dwi Saputra\.m2\repository\org\slf4j\slf4j-api\1.7.25\slf4j-api-1.7.25.jar;C:\Users\Bagas Dwi Saputra\.m2\repository\org\apache\maven\plugins\maven-surefire-plugin\3.0.0-M5\maven-surefire-plugin-3.0.0-M5.jar;C:\Users\Bagas Dwi Saputra\.m2\repository\org\apache\maven\surefire\maven-surefire-common\3.0.0-M5\maven-surefire-common-3.0.0-M5.jar;C:\Users\Bagas Dwi Saputra\.m2\repository\org\apache\maven\surefire\surefire-api\3.0.0-M5\surefire-api-3.0.0-M5.jar;C:\Users\Bagas Dwi Saputra\.m2\repository\org\apache\maven\surefire\surefire-logger-api\3.0.0-M5\surefire-logger-api-3.0.0-M5.jar;C:\Users\Bagas Dwi Saputra\.m2\repository\org\apache\maven\surefire\surefire-extensions-api\3.0.0-M5\surefire-extensions-api-3.0.0-M5.jar;C:\Users\Bagas Dwi Saputra\.m2\repository\org\apache\maven\surefire\surefire-booter\3.0.0-M5\surefire-booter-3.0.0-M5.jar;C:\Users\Bagas Dwi Saputra\.m2\repository\org\apache\maven\surefire\surefire-extensions-spi\3.0.0-M5\surefire-extensions-spi-3.0.0-M5.jar;C:\Users\Bagas Dwi Saputra\.m2\repository\org\apache\maven\maven-toolchain\3.0-alpha-2\maven-toolchain-3.0-alpha-2.jar;C:\Users\Bagas Dwi Saputra\.m2\repository\org\apache\maven\shared\maven-artifact-transfer\0.11.0\maven-artifact-transfer-0.11.0.jar;C:\Users\Bagas Dwi Saputra\.m2\repository\org\apache\maven\shared\maven-common-artifact-filters\3.0.1\maven-common-artifact-filters-3.0.1.jar;C:\Users\Bagas Dwi Saputra\.m2\repository\org\apache\maven\maven-model\3.0\maven-model-3.0.jar;C:\Users\Bagas Dwi Saputra\.m2\repository\org\apache\maven\maven-plugin-api\3.0\maven-plugin-api-3.0.jar;C:\Users\Bagas Dwi Saputra\.m2\repository\org\sonatype\sisu\sisu-inject-plexus\1.4.2\sisu-inject-plexus-1.4.2.jar;C:\Users\Bagas Dwi Saputra\.m2\repository\org\codehaus\plexus\plexus-classworlds\2.2.3\plexus-classworlds-2.2.3.jar;C:\Users\Bagas Dwi Saputra\.m2\repository\org\sonatype\sisu\sisu-inject-bean\1.4.2\sisu-inject-bean-1.4.2.jar;C:\Users\Bagas Dwi Saputra\.m2\repository\org\sonatype\sisu\sisu-guice\2.1.7\sisu-guice-2.1.7-noaop.jar;C:\Users\Bagas Dwi Saputra\.m2\repository\org\apache\maven\shared\maven-shared-utils\3.1.0\maven-shared-utils-3.1.0.jar;C:\Users\Bagas Dwi Saputra\.m2\repository\org\codehaus\plexus\plexus-java\1.0.5\plexus-java-1.0.5.jar;C:\Users\Bagas Dwi Saputra\.m2\repository\org\ow2\asm\asm\7.2\asm-7.2.jar;C:\Users\Bagas Dwi Saputra\.m2\repository\com\thoughtworks\qdox\qdox\2.0-M9\qdox-2.0-M9.jar;C:\Users\Bagas Dwi Saputra\.m2\repository\org\apache\maven\surefire\surefire-shared-utils\3.0.0-M4\surefire-shared-utils-3.0.0-M4.jar;C:\Users\Bagas Dwi Saputra\.m2\repository\org\codehaus\groovy\groovy\3.0.6\groovy-3.0.6.jar;C:\Users\Bagas Dwi Saputra\.m2\repository\org\codehaus\groovy\groovy-xml\3.0.6\groovy-xml-3.0.6.jar;C:\Users\Bagas Dwi Saputra\.m2\repository\com\googlecode\json-simple\json-simple\1.1.1\json-simple-1.1.1.jar;C:\Users\Bagas Dwi Saputra\.m2\repository\com\github\javafaker\javafaker\1.0.2\javafaker-1.0.2.jar;C:\Users\Bagas Dwi Saputra\.m2\repository\org\yaml\snakeyaml\1.23\snakeyaml-1.23-android.jar;C:\Users\Bagas Dwi Saputra\.m2\repository\com\github\mifmif\generex\1.0.2\generex-1.0.2.jar;C:\Users\Bagas Dwi Saputra\.m2\repository\dk\brics\automaton\automaton\1.11-8\automaton-1.11-8.jar;C:\Users\Bagas Dwi Saputra\.m2\repository\org\seleniumhq\selenium\selenium-java\3.141.59\selenium-java-3.141.59.jar;C:\Users\Bagas Dwi Saputra\.m2\repository\org\seleniumhq\selenium\selenium-opera-driver\3.141.59\selenium-opera-driver-3.141.59.jar;C:\Users\Bagas Dwi Saputra\.m2\repository\org\seleniumhq\selenium\selenium-remote-driver\3.141.59\selenium-remote-driver-3.141.59.jar;C:\Users\Bagas Dwi Saputra\.m2\repository\org\seleniumhq\selenium\selenium-safari-driver\3.141.59\selenium-safari-driver-3.141.59.jar;C:\Users\Bagas Dwi Saputra\.m2\repository\net\bytebuddy\byte-buddy\1.8.15\byte-buddy-1.8.15.jar;C:\Users\Bagas Dwi Saputra\.m2\repository\org\apache\commons\commons-exec\1.3\commons-exec-1.3.jar;C:\Users\Bagas Dwi Saputra\.m2\repository\com\google\guava\guava\25.0-jre\guava-25.0-jre.jar;C:\Users\Bagas Dwi Saputra\.m2\repository\com\google\code\findbugs\jsr305\1.3.9\jsr305-1.3.9.jar;C:\Users\Bagas Dwi Saputra\.m2\repository\org\checkerframework\checker-compat-qual\2.0.0\checker-compat-qual-2.0.0.jar;C:\Users\Bagas Dwi Saputra\.m2\repository\com\google\errorprone\error_prone_annotations\2.1.3\error_prone_annotations-2.1.3.jar;C:\Users\Bagas Dwi Saputra\.m2\repository\com\google\j2objc\j2objc-annotations\1.1\j2objc-annotations-1.1.jar;C:\Users\Bagas Dwi Saputra\.m2\repository\org\codehaus\mojo\animal-sniffer-annotations\1.14\animal-sniffer-annotations-1.14.jar;C:\Users\Bagas Dwi Saputra\.m2\repository\com\squareup\okhttp3\okhttp\3.11.0\okhttp-3.11.0.jar;C:\Users\Bagas Dwi Saputra\.m2\repository\com\squareup\okio\okio\1.14.0\okio-1.14.0.jar;C:\Users\Bagas Dwi Saputra\.m2\repository\org\testng\testng\6.14.3\testng-6.14.3.jar;C:\Users\Bagas Dwi Saputra\.m2\repository\com\beust\jcommander\1.72\jcommander-1.72.jar;C:\Users\Bagas Dwi Saputra\.m2\repository\org\apache-extras\beanshell\bsh\2.0b6\bsh-2.0b6.jar;"/>
    <property name="java.vm.vendor" value="Oracle Corporation"/>
    <property name="sun.arch.data.model" value="64"/>
    <property name="user.variant" value=""/>
    <property name="java.vendor.url" value="https://java.oracle.com/"/>
    <property name="user.timezone" value="Asia/Jakarta"/>
    <property name="os.name" value="Windows 11"/>
    <property name="java.vm.specification.version" value="17"/>
    <property name="sun.java.launcher" value="SUN_STANDARD"/>
    <property name="user.country" value="ID"/>
    <property name="sun.boot.library.path" value="D:\AppData\openjdk-17\bin"/>
    <property name="sun.java.command" value="org.apache.maven.surefire.booter.ForkedBooter C:\Users\Bagas Dwi Saputra\AppData\Local\Temp\surefire7983687918093368404 2023-10-05T21-51-41_030-jvmRun1 surefire15568239004547225648tmp surefire_015545648264604439715tmp"/>
    <property name="jdk.debug" value="release"/>
    <property name="surefire.test.class.path" value="D:\QE\Automation\Jubelio-Website\target\test-classes;C:\Users\Bagas Dwi Saputra\.m2\repository\net\serenity-bdd\serenity-core\2.6.0\serenity-core-2.6.0.jar;C:\Users\Bagas Dwi Saputra\.m2\repository\net\serenity-bdd\serenity-model\2.6.0\serenity-model-2.6.0.jar;C:\Users\Bagas Dwi Saputra\.m2\repository\org\apache\commons\commons-text\1.9\commons-text-1.9.jar;C:\Users\Bagas Dwi Saputra\.m2\repository\commons-net\commons-net\3.6\commons-net-3.6.jar;C:\Users\Bagas Dwi Saputra\.m2\repository\com\google\inject\guice\5.0.1\guice-5.0.1.jar;C:\Users\Bagas Dwi Saputra\.m2\repository\javax\inject\javax.inject\1\javax.inject-1.jar;C:\Users\Bagas Dwi Saputra\.m2\repository\aopalliance\aopalliance\1.0\aopalliance-1.0.jar;C:\Users\Bagas Dwi Saputra\.m2\repository\org\jsoup\jsoup\1.13.1\jsoup-1.13.1.jar;C:\Users\Bagas Dwi Saputra\.m2\repository\com\thoughtworks\xstream\xstream\1.4.18\xstream-1.4.18.jar;C:\Users\Bagas Dwi Saputra\.m2\repository\io\github\x-stream\mxparser\1.2.2\mxparser-1.2.2.jar;C:\Users\Bagas Dwi Saputra\.m2\repository\xmlpull\xmlpull\1.1.3.1\xmlpull-1.1.3.1.jar;C:\Users\Bagas Dwi Saputra\.m2\repository\io\cucumber\cucumber-core\6.10.2\cucumber-core-6.10.2.jar;C:\Users\Bagas Dwi Saputra\.m2\repository\io\cucumber\cucumber-gherkin\6.10.2\cucumber-gherkin-6.10.2.jar;C:\Users\Bagas Dwi Saputra\.m2\repository\io\cucumber\cucumber-gherkin-messages\6.10.2\cucumber-gherkin-messages-6.10.2.jar;C:\Users\Bagas Dwi Saputra\.m2\repository\io\cucumber\messages\14.0.1\messages-14.0.1.jar;C:\Users\Bagas Dwi Saputra\.m2\repository\io\cucumber\tag-expressions\3.0.0\tag-expressions-3.0.0.jar;C:\Users\Bagas Dwi Saputra\.m2\repository\io\cucumber\cucumber-expressions\10.3.0\cucumber-expressions-10.3.0.jar;C:\Users\Bagas Dwi Saputra\.m2\repository\io\cucumber\cucumber-plugin\6.10.2\cucumber-plugin-6.10.2.jar;C:\Users\Bagas Dwi Saputra\.m2\repository\io\cucumber\docstring\6.10.2\docstring-6.10.2.jar;C:\Users\Bagas Dwi Saputra\.m2\repository\io\cucumber\html-formatter\12.0.0\html-formatter-12.0.0.jar;C:\Users\Bagas Dwi Saputra\.m2\repository\io\cucumber\create-meta\3.0.0\create-meta-3.0.0.jar;C:\Users\Bagas Dwi Saputra\.m2\repository\com\typesafe\config\1.3.1\config-1.3.1.jar;C:\Users\Bagas Dwi Saputra\.m2\repository\org\imgscalr\imgscalr-lib\4.2\imgscalr-lib-4.2.jar;C:\Users\Bagas Dwi Saputra\.m2\repository\org\awaitility\awaitility\4.0.3\awaitility-4.0.3.jar;C:\Users\Bagas Dwi Saputra\.m2\repository\org\freemarker\freemarker\2.3.29\freemarker-2.3.29.jar;C:\Users\Bagas Dwi Saputra\.m2\repository\org\reflections\reflections\0.9.12\reflections-0.9.12.jar;C:\Users\Bagas Dwi Saputra\.m2\repository\org\javassist\javassist\3.26.0-GA\javassist-3.26.0-GA.jar;C:\Users\Bagas Dwi Saputra\.m2\repository\net\sourceforge\jexcelapi\jxl\2.6.12\jxl-2.6.12.jar;C:\Users\Bagas Dwi Saputra\.m2\repository\org\asciidoctor\asciidoctorj\2.5.1\asciidoctorj-2.5.1.jar;C:\Users\Bagas Dwi Saputra\.m2\repository\org\asciidoctor\asciidoctorj-api\2.5.1\asciidoctorj-api-2.5.1.jar;C:\Users\Bagas Dwi Saputra\.m2\repository\org\jruby\jruby\9.2.17.0\jruby-9.2.17.0.jar;C:\Users\Bagas Dwi Saputra\.m2\repository\org\jruby\jruby-core\9.2.17.0\jruby-core-9.2.17.0.jar;C:\Users\Bagas Dwi Saputra\.m2\repository\com\github\jnr\jnr-netdb\1.2.0\jnr-netdb-1.2.0.jar;C:\Users\Bagas Dwi Saputra\.m2\repository\com\github\jnr\jnr-enxio\0.32.3\jnr-enxio-0.32.3.jar;C:\Users\Bagas Dwi Saputra\.m2\repository\com\github\jnr\jnr-unixsocket\0.38.5\jnr-unixsocket-0.38.5.jar;C:\Users\Bagas Dwi Saputra\.m2\repository\com\github\jnr\jnr-posix\3.1.4\jnr-posix-3.1.4.jar;C:\Users\Bagas Dwi Saputra\.m2\repository\com\github\jnr\jnr-constants\0.10.1\jnr-constants-0.10.1.jar;C:\Users\Bagas Dwi Saputra\.m2\repository\com\github\jnr\jffi\1.3.1\jffi-1.3.1.jar;C:\Users\Bagas Dwi Saputra\.m2\repository\com\github\jnr\jffi\1.3.1\jffi-1.3.1-native.jar;C:\Users\Bagas Dwi Saputra\.m2\repository\org\jruby\joni\joni\2.1.31\joni-2.1.31.jar;C:\Users\Bagas Dwi Saputra\.m2\repository\org\jruby\jcodings\jcodings\1.0.46\jcodings-1.0.46.jar;C:\Users\Bagas Dwi Saputra\.m2\repository\org\jruby\dirgra\0.3\dirgra-0.3.jar;C:\Users\Bagas Dwi Saputra\.m2\repository\com\headius\invokebinder\1.11\invokebinder-1.11.jar;C:\Users\Bagas Dwi Saputra\.m2\repository\com\headius\options\1.4\options-1.4.jar;C:\Users\Bagas Dwi Saputra\.m2\repository\com\jcraft\jzlib\1.1.3\jzlib-1.1.3.jar;C:\Users\Bagas Dwi Saputra\.m2\repository\com\martiansoftware\nailgun-server\0.9.1\nailgun-server-0.9.1.jar;C:\Users\Bagas Dwi Saputra\.m2\repository\com\headius\backport9\1.8\backport9-1.8.jar;C:\Users\Bagas Dwi Saputra\.m2\repository\javax\annotation\javax.annotation-api\1.3.1\javax.annotation-api-1.3.1.jar;C:\Users\Bagas Dwi Saputra\.m2\repository\org\jruby\jruby-stdlib\9.2.17.0\jruby-stdlib-9.2.17.0.jar;C:\Users\Bagas Dwi Saputra\.m2\repository\net\bytebuddy\byte-buddy-agent\1.11.1\byte-buddy-agent-1.11.1.jar;C:\Users\Bagas Dwi Saputra\.m2\repository\org\objenesis\objenesis\3.1\objenesis-3.1.jar;C:\Users\Bagas Dwi Saputra\.m2\repository\net\serenity-bdd\serenity-reports\2.6.0\serenity-reports-2.6.0.jar;C:\Users\Bagas Dwi Saputra\.m2\repository\net\serenity-bdd\serenity-stats\2.6.0\serenity-stats-2.6.0.jar;C:\Users\Bagas Dwi Saputra\.m2\repository\net\serenity-bdd\serenity-reports-configuration\2.6.0\serenity-reports-configuration-2.6.0.jar;C:\Users\Bagas Dwi Saputra\.m2\repository\com\vladsch\flexmark\flexmark-all\0.34.30\flexmark-all-0.34.30.jar;C:\Users\Bagas Dwi Saputra\.m2\repository\com\vladsch\flexmark\flexmark\0.34.30\flexmark-0.34.30.jar;C:\Users\Bagas Dwi Saputra\.m2\repository\com\vladsch\flexmark\flexmark-ext-abbreviation\0.34.30\flexmark-ext-abbreviation-0.34.30.jar;C:\Users\Bagas Dwi Saputra\.m2\repository\com\vladsch\flexmark\flexmark-ext-admonition\0.34.30\flexmark-ext-admonition-0.34.30.jar;C:\Users\Bagas Dwi Saputra\.m2\repository\com\vladsch\flexmark\flexmark-ext-anchorlink\0.34.30\flexmark-ext-anchorlink-0.34.30.jar;C:\Users\Bagas Dwi Saputra\.m2\repository\com\vladsch\flexmark\flexmark-ext-aside\0.34.30\flexmark-ext-aside-0.34.30.jar;C:\Users\Bagas Dwi Saputra\.m2\repository\com\vladsch\flexmark\flexmark-ext-attributes\0.34.30\flexmark-ext-attributes-0.34.30.jar;C:\Users\Bagas Dwi Saputra\.m2\repository\com\vladsch\flexmark\flexmark-ext-autolink\0.34.30\flexmark-ext-autolink-0.34.30.jar;C:\Users\Bagas Dwi Saputra\.m2\repository\org\nibor\autolink\autolink\0.6.0\autolink-0.6.0.jar;C:\Users\Bagas Dwi Saputra\.m2\repository\com\vladsch\flexmark\flexmark-ext-definition\0.34.30\flexmark-ext-definition-0.34.30.jar;C:\Users\Bagas Dwi Saputra\.m2\repository\com\vladsch\flexmark\flexmark-ext-emoji\0.34.30\flexmark-ext-emoji-0.34.30.jar;C:\Users\Bagas Dwi Saputra\.m2\repository\com\vladsch\flexmark\flexmark-ext-enumerated-reference\0.34.30\flexmark-ext-enumerated-reference-0.34.30.jar;C:\Users\Bagas Dwi Saputra\.m2\repository\com\vladsch\flexmark\flexmark-ext-escaped-character\0.34.30\flexmark-ext-escaped-character-0.34.30.jar;C:\Users\Bagas Dwi Saputra\.m2\repository\com\vladsch\flexmark\flexmark-ext-footnotes\0.34.30\flexmark-ext-footnotes-0.34.30.jar;C:\Users\Bagas Dwi Saputra\.m2\repository\com\vladsch\flexmark\flexmark-ext-gfm-issues\0.34.30\flexmark-ext-gfm-issues-0.34.30.jar;C:\Users\Bagas Dwi Saputra\.m2\repository\com\vladsch\flexmark\flexmark-ext-gfm-strikethrough\0.34.30\flexmark-ext-gfm-strikethrough-0.34.30.jar;C:\Users\Bagas Dwi Saputra\.m2\repository\com\vladsch\flexmark\flexmark-ext-gfm-tables\0.34.30\flexmark-ext-gfm-tables-0.34.30.jar;C:\Users\Bagas Dwi Saputra\.m2\repository\com\vladsch\flexmark\flexmark-ext-gfm-tasklist\0.34.30\flexmark-ext-gfm-tasklist-0.34.30.jar;C:\Users\Bagas Dwi Saputra\.m2\repository\com\vladsch\flexmark\flexmark-ext-gfm-users\0.34.30\flexmark-ext-gfm-users-0.34.30.jar;C:\Users\Bagas Dwi Saputra\.m2\repository\com\vladsch\flexmark\flexmark-ext-gitlab\0.34.30\flexmark-ext-gitlab-0.34.30.jar;C:\Users\Bagas Dwi Saputra\.m2\repository\com\vladsch\flexmark\flexmark-ext-jekyll-front-matter\0.34.30\flexmark-ext-jekyll-front-matter-0.34.30.jar;C:\Users\Bagas Dwi Saputra\.m2\repository\com\vladsch\flexmark\flexmark-ext-jekyll-tag\0.34.30\flexmark-ext-jekyll-tag-0.34.30.jar;C:\Users\Bagas Dwi Saputra\.m2\repository\com\vladsch\flexmark\flexmark-ext-media-tags\0.34.30\flexmark-ext-media-tags-0.34.30.jar;C:\Users\Bagas Dwi Saputra\.m2\repository\com\vladsch\flexmark\flexmark-test-util\0.34.30\flexmark-test-util-0.34.30.jar;C:\Users\Bagas Dwi Saputra\.m2\repository\com\vladsch\flexmark\flexmark-ext-ins\0.34.30\flexmark-ext-ins-0.34.30.jar;C:\Users\Bagas Dwi Saputra\.m2\repository\com\vladsch\flexmark\flexmark-ext-xwiki-macros\0.34.30\flexmark-ext-xwiki-macros-0.34.30.jar;C:\Users\Bagas Dwi Saputra\.m2\repository\com\vladsch\flexmark\flexmark-ext-superscript\0.34.30\flexmark-ext-superscript-0.34.30.jar;C:\Users\Bagas Dwi Saputra\.m2\repository\com\vladsch\flexmark\flexmark-ext-tables\0.34.30\flexmark-ext-tables-0.34.30.jar;C:\Users\Bagas Dwi Saputra\.m2\repository\com\vladsch\flexmark\flexmark-ext-toc\0.34.30\flexmark-ext-toc-0.34.30.jar;C:\Users\Bagas Dwi Saputra\.m2\repository\com\vladsch\flexmark\flexmark-ext-typographic\0.34.30\flexmark-ext-typographic-0.34.30.jar;C:\Users\Bagas Dwi Saputra\.m2\repository\com\vladsch\flexmark\flexmark-ext-wikilink\0.34.30\flexmark-ext-wikilink-0.34.30.jar;C:\Users\Bagas Dwi Saputra\.m2\repository\com\vladsch\flexmark\flexmark-ext-yaml-front-matter\0.34.30\flexmark-ext-yaml-front-matter-0.34.30.jar;C:\Users\Bagas Dwi Saputra\.m2\repository\com\vladsch\flexmark\flexmark-ext-youtube-embedded\0.34.30\flexmark-ext-youtube-embedded-0.34.30.jar;C:\Users\Bagas Dwi Saputra\.m2\repository\com\vladsch\flexmark\flexmark-formatter\0.34.30\flexmark-formatter-0.34.30.jar;C:\Users\Bagas Dwi Saputra\.m2\repository\com\vladsch\flexmark\flexmark-html-parser\0.34.30\flexmark-html-parser-0.34.30.jar;C:\Users\Bagas Dwi Saputra\.m2\repository\com\vladsch\flexmark\flexmark-jira-converter\0.34.30\flexmark-jira-converter-0.34.30.jar;C:\Users\Bagas Dwi Saputra\.m2\repository\com\vladsch\flexmark\flexmark-pdf-converter\0.34.30\flexmark-pdf-converter-0.34.30.jar;C:\Users\Bagas Dwi Saputra\.m2\repository\com\openhtmltopdf\openhtmltopdf-core\0.0.1-RC13\openhtmltopdf-core-0.0.1-RC13.jar;C:\Users\Bagas Dwi Saputra\.m2\repository\com\openhtmltopdf\openhtmltopdf-pdfbox\0.0.1-RC13\openhtmltopdf-pdfbox-0.0.1-RC13.jar;C:\Users\Bagas Dwi Saputra\.m2\repository\org\apache\pdfbox\pdfbox\2.0.8\pdfbox-2.0.8.jar;C:\Users\Bagas Dwi Saputra\.m2\repository\org\apache\pdfbox\fontbox\2.0.8\fontbox-2.0.8.jar;C:\Users\Bagas Dwi Saputra\.m2\repository\org\apache\pdfbox\xmpbox\2.0.8\xmpbox-2.0.8.jar;C:\Users\Bagas Dwi Saputra\.m2\repository\de\rototor\pdfbox\graphics2d\0.12\graphics2d-0.12.jar;C:\Users\Bagas Dwi Saputra\.m2\repository\com\openhtmltopdf\openhtmltopdf-rtl-support\0.0.1-RC13\openhtmltopdf-rtl-support-0.0.1-RC13.jar;C:\Users\Bagas Dwi Saputra\.m2\repository\com\ibm\icu\icu4j\59.1\icu4j-59.1.jar;C:\Users\Bagas Dwi Saputra\.m2\repository\com\openhtmltopdf\openhtmltopdf-jsoup-dom-converter\0.0.1-RC13\openhtmltopdf-jsoup-dom-converter-0.0.1-RC13.jar;C:\Users\Bagas Dwi Saputra\.m2\repository\com\vladsch\flexmark\flexmark-profile-pegdown\0.34.30\flexmark-profile-pegdown-0.34.30.jar;C:\Users\Bagas Dwi Saputra\.m2\repository\com\vladsch\flexmark\flexmark-util\0.34.30\flexmark-util-0.34.30.jar;C:\Users\Bagas Dwi Saputra\.m2\repository\com\vladsch\flexmark\flexmark-youtrack-converter\0.34.30\flexmark-youtrack-converter-0.34.30.jar;C:\Users\Bagas Dwi Saputra\.m2\repository\es\nitaur\markdown\txtmark\0.16\txtmark-0.16.jar;C:\Users\Bagas Dwi Saputra\.m2\repository\net\serenity-bdd\serenity-report-resources\2.6.0\serenity-report-resources-2.6.0.jar;C:\Users\Bagas Dwi Saputra\.m2\repository\com\google\code\gson\gson\2.8.7\gson-2.8.7.jar;C:\Users\Bagas Dwi Saputra\.m2\repository\com\fasterxml\jackson\core\jackson-core\2.12.4\jackson-core-2.12.4.jar;C:\Users\Bagas Dwi Saputra\.m2\repository\com\fasterxml\jackson\core\jackson-databind\2.12.4\jackson-databind-2.12.4.jar;C:\Users\Bagas Dwi Saputra\.m2\repository\com\fasterxml\jackson\core\jackson-annotations\2.12.4\jackson-annotations-2.12.4.jar;C:\Users\Bagas Dwi Saputra\.m2\repository\commons-codec\commons-codec\1.15\commons-codec-1.15.jar;C:\Users\Bagas Dwi Saputra\.m2\repository\commons-io\commons-io\2.8.0\commons-io-2.8.0.jar;C:\Users\Bagas Dwi Saputra\.m2\repository\org\seleniumhq\selenium\selenium-server\3.141.59\selenium-server-3.141.59.jar;C:\Users\Bagas Dwi Saputra\.m2\repository\net\jcip\jcip-annotations\1.0\jcip-annotations-1.0.jar;C:\Users\Bagas Dwi Saputra\.m2\repository\org\seleniumhq\selenium\jetty-repacked\9.4.12.v20180830\jetty-repacked-9.4.12.v20180830.jar;C:\Users\Bagas Dwi Saputra\.m2\repository\javax\servlet\javax.servlet-api\3.1.0\javax.servlet-api-3.1.0.jar;C:\Users\Bagas Dwi Saputra\.m2\repository\org\yaml\snakeyaml\1.19\snakeyaml-1.19.jar;C:\Users\Bagas Dwi Saputra\.m2\repository\org\seleniumhq\selenium\selenium-api\3.141.59\selenium-api-3.141.59.jar;C:\Users\Bagas Dwi Saputra\.m2\repository\org\seleniumhq\selenium\selenium-support\3.141.59\selenium-support-3.141.59.jar;C:\Users\Bagas Dwi Saputra\.m2\repository\org\seleniumhq\selenium\selenium-chrome-driver\3.141.59\selenium-chrome-driver-3.141.59.jar;C:\Users\Bagas Dwi Saputra\.m2\repository\org\seleniumhq\selenium\selenium-firefox-driver\3.141.59\selenium-firefox-driver-3.141.59.jar;C:\Users\Bagas Dwi Saputra\.m2\repository\org\seleniumhq\selenium\selenium-edge-driver\3.141.59\selenium-edge-driver-3.141.59.jar;C:\Users\Bagas Dwi Saputra\.m2\repository\org\seleniumhq\selenium\selenium-ie-driver\3.141.59\selenium-ie-driver-3.141.59.jar;C:\Users\Bagas Dwi Saputra\.m2\repository\net\sourceforge\htmlunit\htmlunit\2.47.1\htmlunit-2.47.1.jar;C:\Users\Bagas Dwi Saputra\.m2\repository\xalan\xalan\2.7.2\xalan-2.7.2.jar;C:\Users\Bagas Dwi Saputra\.m2\repository\xalan\serializer\2.7.2\serializer-2.7.2.jar;C:\Users\Bagas Dwi Saputra\.m2\repository\net\sourceforge\htmlunit\htmlunit-core-js\2.47.0\htmlunit-core-js-2.47.0.jar;C:\Users\Bagas Dwi Saputra\.m2\repository\net\sourceforge\htmlunit\neko-htmlunit\2.47.1\neko-htmlunit-2.47.1.jar;C:\Users\Bagas Dwi Saputra\.m2\repository\xerces\xercesImpl\2.12.0\xercesImpl-2.12.0.jar;C:\Users\Bagas Dwi Saputra\.m2\repository\xml-apis\xml-apis\1.4.01\xml-apis-1.4.01.jar;C:\Users\Bagas Dwi Saputra\.m2\repository\net\sourceforge\htmlunit\htmlunit-cssparser\1.7.0\htmlunit-cssparser-1.7.0.jar;C:\Users\Bagas Dwi Saputra\.m2\repository\org\brotli\dec\0.1.2\dec-0.1.2.jar;C:\Users\Bagas Dwi Saputra\.m2\repository\com\shapesecurity\salvation2\3.0.0\salvation2-3.0.0.jar;C:\Users\Bagas Dwi Saputra\.m2\repository\org\eclipse\jetty\websocket\websocket-client\9.4.36.v20210114\websocket-client-9.4.36.v20210114.jar;C:\Users\Bagas Dwi Saputra\.m2\repository\org\eclipse\jetty\jetty-client\9.4.36.v20210114\jetty-client-9.4.36.v20210114.jar;C:\Users\Bagas Dwi Saputra\.m2\repository\org\eclipse\jetty\jetty-http\9.4.36.v20210114\jetty-http-9.4.36.v20210114.jar;C:\Users\Bagas Dwi Saputra\.m2\repository\org\eclipse\jetty\jetty-util\9.4.36.v20210114\jetty-util-9.4.36.v20210114.jar;C:\Users\Bagas Dwi Saputra\.m2\repository\org\eclipse\jetty\jetty-io\9.4.36.v20210114\jetty-io-9.4.36.v20210114.jar;C:\Users\Bagas Dwi Saputra\.m2\repository\org\eclipse\jetty\websocket\websocket-common\9.4.36.v20210114\websocket-common-9.4.36.v20210114.jar;C:\Users\Bagas Dwi Saputra\.m2\repository\org\eclipse\jetty\websocket\websocket-api\9.4.36.v20210114\websocket-api-9.4.36.v20210114.jar;C:\Users\Bagas Dwi Saputra\.m2\repository\org\projectlombok\lombok\1.18.20\lombok-1.18.20.jar;C:\Users\Bagas Dwi Saputra\.m2\repository\org\seleniumhq\selenium\htmlunit-driver\2.47.1\htmlunit-driver-2.47.1.jar;C:\Users\Bagas Dwi Saputra\.m2\repository\com\codeborne\phantomjsdriver\1.4.4\phantomjsdriver-1.4.4.jar;C:\Users\Bagas Dwi Saputra\.m2\repository\io\appium\java-client\7.5.1\java-client-7.5.1.jar;C:\Users\Bagas Dwi Saputra\.m2\repository\commons-validator\commons-validator\1.7\commons-validator-1.7.jar;C:\Users\Bagas Dwi Saputra\.m2\repository\commons-digester\commons-digester\2.1\commons-digester-2.1.jar;C:\Users\Bagas Dwi Saputra\.m2\repository\org\aspectj\aspectjweaver\1.9.6\aspectjweaver-1.9.6.jar;C:\Users\Bagas Dwi Saputra\.m2\repository\net\sf\opencsv\opencsv\2.0\opencsv-2.0.jar;C:\Users\Bagas Dwi Saputra\.m2\repository\commons-beanutils\commons-beanutils\1.9.4\commons-beanutils-1.9.4.jar;C:\Users\Bagas Dwi Saputra\.m2\repository\org\apache\commons\commons-lang3\3.11\commons-lang3-3.11.jar;C:\Users\Bagas Dwi Saputra\.m2\repository\commons-collections\commons-collections\3.2.2\commons-collections-3.2.2.jar;C:\Users\Bagas Dwi Saputra\.m2\repository\org\fluentlenium\fluentlenium-core\0.10.2\fluentlenium-core-0.10.2.jar;C:\Users\Bagas Dwi Saputra\.m2\repository\io\github\bonigarcia\webdrivermanager\4.4.1\webdrivermanager-4.4.1.jar;C:\Users\Bagas Dwi Saputra\.m2\repository\org\apache\httpcomponents\client5\httpclient5\5.0.3\httpclient5-5.0.3.jar;C:\Users\Bagas Dwi Saputra\.m2\repository\org\apache\httpcomponents\core5\httpcore5\5.0.2\httpcore5-5.0.2.jar;C:\Users\Bagas Dwi Saputra\.m2\repository\org\apache\httpcomponents\core5\httpcore5-h2\5.0.2\httpcore5-h2-5.0.2.jar;C:\Users\Bagas Dwi Saputra\.m2\repository\org\rauschig\jarchivelib\1.1.0\jarchivelib-1.1.0.jar;C:\Users\Bagas Dwi Saputra\.m2\repository\org\apache\commons\commons-compress\1.20\commons-compress-1.20.jar;C:\Users\Bagas Dwi Saputra\.m2\repository\com\jhlabs\filters\2.0.235\filters-2.0.235.jar;C:\Users\Bagas Dwi Saputra\.m2\repository\com\paulhammant\ngwebdriver\1.1.5\ngwebdriver-1.1.5.jar;C:\Users\Bagas Dwi Saputra\.m2\repository\joda-time\joda-time\2.8.2\joda-time-2.8.2.jar;C:\Users\Bagas Dwi Saputra\.m2\repository\com\google\jimfs\jimfs\1.1\jimfs-1.1.jar;C:\Users\Bagas Dwi Saputra\.m2\repository\org\mockito\mockito-core\3.3.3\mockito-core-3.3.3.jar;C:\Users\Bagas Dwi Saputra\.m2\repository\javax\xml\bind\jaxb-api\2.3.1\jaxb-api-2.3.1.jar;C:\Users\Bagas Dwi Saputra\.m2\repository\javax\activation\javax.activation-api\1.2.0\javax.activation-api-1.2.0.jar;C:\Users\Bagas Dwi Saputra\.m2\repository\com\sun\xml\bind\jaxb-core\2.3.0.1\jaxb-core-2.3.0.1.jar;C:\Users\Bagas Dwi Saputra\.m2\repository\com\sun\xml\bind\jaxb-impl\2.3.3\jaxb-impl-2.3.3.jar;C:\Users\Bagas Dwi Saputra\.m2\repository\com\sun\activation\jakarta.activation\1.2.2\jakarta.activation-1.2.2.jar;C:\Users\Bagas Dwi Saputra\.m2\repository\javax\activation\activation\1.1.1\activation-1.1.1.jar;C:\Users\Bagas Dwi Saputra\.m2\repository\net\serenity-bdd\serenity-junit\2.6.0\serenity-junit-2.6.0.jar;C:\Users\Bagas Dwi Saputra\.m2\repository\net\serenity-bdd\serenity-rest-assured\2.6.0\serenity-rest-assured-2.6.0.jar;C:\Users\Bagas Dwi Saputra\.m2\repository\org\codehaus\groovy\groovy-json\3.0.8\groovy-json-3.0.8.jar;C:\Users\Bagas Dwi Saputra\.m2\repository\org\opentest4j\opentest4j\1.2.0\opentest4j-1.2.0.jar;C:\Users\Bagas Dwi Saputra\.m2\repository\net\serenity-bdd\serenity-screenplay\2.6.0\serenity-screenplay-2.6.0.jar;C:\Users\Bagas Dwi Saputra\.m2\repository\net\serenity-bdd\serenity-screenplay-rest\2.6.0\serenity-screenplay-rest-2.6.0.jar;C:\Users\Bagas Dwi Saputra\.m2\repository\net\serenity-bdd\serenity-screenplay-webdriver\2.6.0\serenity-screenplay-webdriver-2.6.0.jar;C:\Users\Bagas Dwi Saputra\.m2\repository\net\serenity-bdd\serenity-cucumber6\2.6.0\serenity-cucumber6-2.6.0.jar;C:\Users\Bagas Dwi Saputra\.m2\repository\io\cucumber\cucumber-java\6.10.4\cucumber-java-6.10.4.jar;C:\Users\Bagas Dwi Saputra\.m2\repository\io\cucumber\cucumber-junit\6.10.4\cucumber-junit-6.10.4.jar;C:\Users\Bagas Dwi Saputra\.m2\repository\io\cucumber\datatable-matchers\3.4.0\datatable-matchers-3.4.0.jar;C:\Users\Bagas Dwi Saputra\.m2\repository\io\cucumber\datatable\3.4.0\datatable-3.4.0.jar;C:\Users\Bagas Dwi Saputra\.m2\repository\commons-logging\commons-logging\1.2\commons-logging-1.2.jar;C:\Users\Bagas Dwi Saputra\.m2\repository\org\apache\commons\commons-csv\1.5\commons-csv-1.5.jar;C:\Users\Bagas Dwi Saputra\.m2\repository\net\serenity-bdd\serenity-ensure\2.6.0\serenity-ensure-2.6.0.jar;C:\Users\Bagas Dwi Saputra\.m2\repository\org\jetbrains\kotlin\kotlin-stdlib\1.5.0\kotlin-stdlib-1.5.0.jar;C:\Users\Bagas Dwi Saputra\.m2\repository\org\jetbrains\annotations\13.0\annotations-13.0.jar;C:\Users\Bagas Dwi Saputra\.m2\repository\org\jetbrains\kotlin\kotlin-stdlib-common\1.5.0\kotlin-stdlib-common-1.5.0.jar;C:\Users\Bagas Dwi Saputra\.m2\repository\io\rest-assured\rest-assured\4.3.2\rest-assured-4.3.2.jar;C:\Users\Bagas Dwi Saputra\.m2\repository\org\apache\httpcomponents\httpclient\4.5.3\httpclient-4.5.3.jar;C:\Users\Bagas Dwi Saputra\.m2\repository\org\apache\httpcomponents\httpcore\4.4.6\httpcore-4.4.6.jar;C:\Users\Bagas Dwi Saputra\.m2\repository\org\apache\httpcomponents\httpmime\4.5.3\httpmime-4.5.3.jar;C:\Users\Bagas Dwi Saputra\.m2\repository\org\ccil\cowan\tagsoup\tagsoup\1.2.1\tagsoup-1.2.1.jar;C:\Users\Bagas Dwi Saputra\.m2\repository\io\rest-assured\json-path\4.3.3\json-path-4.3.3.jar;C:\Users\Bagas Dwi Saputra\.m2\repository\io\rest-assured\rest-assured-common\4.3.3\rest-assured-common-4.3.3.jar;C:\Users\Bagas Dwi Saputra\.m2\repository\io\rest-assured\xml-path\4.3.3\xml-path-4.3.3.jar;C:\Users\Bagas Dwi Saputra\.m2\repository\jakarta\xml\bind\jakarta.xml.bind-api\2.3.3\jakarta.xml.bind-api-2.3.3.jar;C:\Users\Bagas Dwi Saputra\.m2\repository\jakarta\activation\jakarta.activation-api\1.2.2\jakarta.activation-api-1.2.2.jar;C:\Users\Bagas Dwi Saputra\.m2\repository\junit\junit\4.13.1\junit-4.13.1.jar;C:\Users\Bagas Dwi Saputra\.m2\repository\org\hamcrest\hamcrest-core\1.3\hamcrest-core-1.3.jar;C:\Users\Bagas Dwi Saputra\.m2\repository\org\assertj\assertj-core\3.6.2\assertj-core-3.6.2.jar;C:\Users\Bagas Dwi Saputra\.m2\repository\org\hamcrest\hamcrest\2.2\hamcrest-2.2.jar;C:\Users\Bagas Dwi Saputra\.m2\repository\org\junit\platform\junit-platform-launcher\1.8.2\junit-platform-launcher-1.8.2.jar;C:\Users\Bagas Dwi Saputra\.m2\repository\org\junit\platform\junit-platform-engine\1.8.2\junit-platform-engine-1.8.2.jar;C:\Users\Bagas Dwi Saputra\.m2\repository\org\junit\platform\junit-platform-commons\1.8.2\junit-platform-commons-1.8.2.jar;C:\Users\Bagas Dwi Saputra\.m2\repository\org\apiguardian\apiguardian-api\1.1.2\apiguardian-api-1.1.2.jar;C:\Users\Bagas Dwi Saputra\.m2\repository\org\junit\jupiter\junit-jupiter-engine\5.8.2\junit-jupiter-engine-5.8.2.jar;C:\Users\Bagas Dwi Saputra\.m2\repository\org\junit\jupiter\junit-jupiter-api\5.8.2\junit-jupiter-api-5.8.2.jar;C:\Users\Bagas Dwi Saputra\.m2\repository\org\junit\vintage\junit-vintage-engine\5.8.2\junit-vintage-engine-5.8.2.jar;C:\Users\Bagas Dwi Saputra\.m2\repository\ch\qos\logback\logback-classic\1.2.3\logback-classic-1.2.3.jar;C:\Users\Bagas Dwi Saputra\.m2\repository\ch\qos\logback\logback-core\1.2.3\logback-core-1.2.3.jar;C:\Users\Bagas Dwi Saputra\.m2\repository\org\slf4j\slf4j-api\1.7.25\slf4j-api-1.7.25.jar;C:\Users\Bagas Dwi Saputra\.m2\repository\org\apache\maven\plugins\maven-surefire-plugin\3.0.0-M5\maven-surefire-plugin-3.0.0-M5.jar;C:\Users\Bagas Dwi Saputra\.m2\repository\org\apache\maven\surefire\maven-surefire-common\3.0.0-M5\maven-surefire-common-3.0.0-M5.jar;C:\Users\Bagas Dwi Saputra\.m2\repository\org\apache\maven\surefire\surefire-api\3.0.0-M5\surefire-api-3.0.0-M5.jar;C:\Users\Bagas Dwi Saputra\.m2\repository\org\apache\maven\surefire\surefire-logger-api\3.0.0-M5\surefire-logger-api-3.0.0-M5.jar;C:\Users\Bagas Dwi Saputra\.m2\repository\org\apache\maven\surefire\surefire-extensions-api\3.0.0-M5\surefire-extensions-api-3.0.0-M5.jar;C:\Users\Bagas Dwi Saputra\.m2\repository\org\apache\maven\surefire\surefire-booter\3.0.0-M5\surefire-booter-3.0.0-M5.jar;C:\Users\Bagas Dwi Saputra\.m2\repository\org\apache\maven\surefire\surefire-extensions-spi\3.0.0-M5\surefire-extensions-spi-3.0.0-M5.jar;C:\Users\Bagas Dwi Saputra\.m2\repository\org\apache\maven\maven-toolchain\3.0-alpha-2\maven-toolchain-3.0-alpha-2.jar;C:\Users\Bagas Dwi Saputra\.m2\repository\org\apache\maven\shared\maven-artifact-transfer\0.11.0\maven-artifact-transfer-0.11.0.jar;C:\Users\Bagas Dwi Saputra\.m2\repository\org\apache\maven\shared\maven-common-artifact-filters\3.0.1\maven-common-artifact-filters-3.0.1.jar;C:\Users\Bagas Dwi Saputra\.m2\repository\org\apache\maven\maven-model\3.0\maven-model-3.0.jar;C:\Users\Bagas Dwi Saputra\.m2\repository\org\apache\maven\maven-plugin-api\3.0\maven-plugin-api-3.0.jar;C:\Users\Bagas Dwi Saputra\.m2\repository\org\sonatype\sisu\sisu-inject-plexus\1.4.2\sisu-inject-plexus-1.4.2.jar;C:\Users\Bagas Dwi Saputra\.m2\repository\org\codehaus\plexus\plexus-classworlds\2.2.3\plexus-classworlds-2.2.3.jar;C:\Users\Bagas Dwi Saputra\.m2\repository\org\sonatype\sisu\sisu-inject-bean\1.4.2\sisu-inject-bean-1.4.2.jar;C:\Users\Bagas Dwi Saputra\.m2\repository\org\sonatype\sisu\sisu-guice\2.1.7\sisu-guice-2.1.7-noaop.jar;C:\Users\Bagas Dwi Saputra\.m2\repository\org\apache\maven\shared\maven-shared-utils\3.1.0\maven-shared-utils-3.1.0.jar;C:\Users\Bagas Dwi Saputra\.m2\repository\org\codehaus\plexus\plexus-java\1.0.5\plexus-java-1.0.5.jar;C:\Users\Bagas Dwi Saputra\.m2\repository\org\ow2\asm\asm\7.2\asm-7.2.jar;C:\Users\Bagas Dwi Saputra\.m2\repository\com\thoughtworks\qdox\qdox\2.0-M9\qdox-2.0-M9.jar;C:\Users\Bagas Dwi Saputra\.m2\repository\org\apache\maven\surefire\surefire-shared-utils\3.0.0-M4\surefire-shared-utils-3.0.0-M4.jar;C:\Users\Bagas Dwi Saputra\.m2\repository\org\codehaus\groovy\groovy\3.0.6\groovy-3.0.6.jar;C:\Users\Bagas Dwi Saputra\.m2\repository\org\codehaus\groovy\groovy-xml\3.0.6\groovy-xml-3.0.6.jar;C:\Users\Bagas Dwi Saputra\.m2\repository\com\googlecode\json-simple\json-simple\1.1.1\json-simple-1.1.1.jar;C:\Users\Bagas Dwi Saputra\.m2\repository\com\github\javafaker\javafaker\1.0.2\javafaker-1.0.2.jar;C:\Users\Bagas Dwi Saputra\.m2\repository\org\yaml\snakeyaml\1.23\snakeyaml-1.23-android.jar;C:\Users\Bagas Dwi Saputra\.m2\repository\com\github\mifmif\generex\1.0.2\generex-1.0.2.jar;C:\Users\Bagas Dwi Saputra\.m2\repository\dk\brics\automaton\automaton\1.11-8\automaton-1.11-8.jar;C:\Users\Bagas Dwi Saputra\.m2\repository\org\seleniumhq\selenium\selenium-java\3.141.59\selenium-java-3.141.59.jar;C:\Users\Bagas Dwi Saputra\.m2\repository\org\seleniumhq\selenium\selenium-opera-driver\3.141.59\selenium-opera-driver-3.141.59.jar;C:\Users\Bagas Dwi Saputra\.m2\repository\org\seleniumhq\selenium\selenium-remote-driver\3.141.59\selenium-remote-driver-3.141.59.jar;C:\Users\Bagas Dwi Saputra\.m2\repository\org\seleniumhq\selenium\selenium-safari-driver\3.141.59\selenium-safari-driver-3.141.59.jar;C:\Users\Bagas Dwi Saputra\.m2\repository\net\bytebuddy\byte-buddy\1.8.15\byte-buddy-1.8.15.jar;C:\Users\Bagas Dwi Saputra\.m2\repository\org\apache\commons\commons-exec\1.3\commons-exec-1.3.jar;C:\Users\Bagas Dwi Saputra\.m2\repository\com\google\guava\guava\25.0-jre\guava-25.0-jre.jar;C:\Users\Bagas Dwi Saputra\.m2\repository\com\google\code\findbugs\jsr305\1.3.9\jsr305-1.3.9.jar;C:\Users\Bagas Dwi Saputra\.m2\repository\org\checkerframework\checker-compat-qual\2.0.0\checker-compat-qual-2.0.0.jar;C:\Users\Bagas Dwi Saputra\.m2\repository\com\google\errorprone\error_prone_annotations\2.1.3\error_prone_annotations-2.1.3.jar;C:\Users\Bagas Dwi Saputra\.m2\repository\com\google\j2objc\j2objc-annotations\1.1\j2objc-annotations-1.1.jar;C:\Users\Bagas Dwi Saputra\.m2\repository\org\codehaus\mojo\animal-sniffer-annotations\1.14\animal-sniffer-annotations-1.14.jar;C:\Users\Bagas Dwi Saputra\.m2\repository\com\squareup\okhttp3\okhttp\3.11.0\okhttp-3.11.0.jar;C:\Users\Bagas Dwi Saputra\.m2\repository\com\squareup\okio\okio\1.14.0\okio-1.14.0.jar;C:\Users\Bagas Dwi Saputra\.m2\repository\org\testng\testng\6.14.3\testng-6.14.3.jar;C:\Users\Bagas Dwi Saputra\.m2\repository\com\beust\jcommander\1.72\jcommander-1.72.jar;C:\Users\Bagas Dwi Saputra\.m2\repository\org\apache-extras\beanshell\bsh\2.0b6\bsh-2.0b6.jar;"/>
    <property name="sun.cpu.endian" value="little"/>
    <property name="user.home" value="C:\Users\Bagas Dwi Saputra"/>
    <property name="user.language" value="en"/>
    <property name="java.specification.vendor" value="Oracle Corporation"/>
    <property name="jdk.module.path" value="D:\QE\Automation\Jubelio-Website\target\Website_New-1.0-SNAPSHOT.jar"/>
    <property name="java.version.date" value="2023-07-18"/>
    <property name="java.home" value="D:\AppData\openjdk-17"/>
    <property name="tags" value="@Inventory"/>
    <property name="file.separator" value="\"/>
    <property name="basedir" value="D:\QE\Automation\Jubelio-Website"/>
    <property name="java.vm.compressedOopsMode" value="Zero based"/>
    <property name="line.separator" value="&#10;"/>
    <property name="java.vm.specification.vendor" value="Oracle Corporation"/>
    <property name="java.specification.name" value="Java Platform API Specification"/>
    <property name="surefire.real.class.path" value="C:\Users\Bagas Dwi Saputra\.m2\repository\org\apache\maven\surefire\surefire-booter\3.0.0-M5\surefire-booter-3.0.0-M5.jar;C:\Users\Bagas Dwi Saputra\.m2\repository\org\apache\maven\surefire\surefire-api\3.0.0-M5\surefire-api-3.0.0-M5.jar;C:\Users\Bagas Dwi Saputra\.m2\repository\org\apache\maven\surefire\surefire-logger-api\3.0.0-M5\surefire-logger-api-3.0.0-M5.jar;C:\Users\Bagas Dwi Saputra\.m2\repository\org\apache\maven\surefire\surefire-shared-utils\3.0.0-M4\surefire-shared-utils-3.0.0-M4.jar;C:\Users\Bagas Dwi Saputra\.m2\repository\org\apache\maven\surefire\surefire-extensions-spi\3.0.0-M5\surefire-extensions-spi-3.0.0-M5.jar;D:\QE\Automation\Jubelio-Website\target\test-classes;C:\Users\Bagas Dwi Saputra\.m2\repository\net\serenity-bdd\serenity-core\2.6.0\serenity-core-2.6.0.jar;C:\Users\Bagas Dwi Saputra\.m2\repository\net\serenity-bdd\serenity-model\2.6.0\serenity-model-2.6.0.jar;C:\Users\Bagas Dwi Saputra\.m2\repository\org\apache\commons\commons-text\1.9\commons-text-1.9.jar;C:\Users\Bagas Dwi Saputra\.m2\repository\commons-net\commons-net\3.6\commons-net-3.6.jar;C:\Users\Bagas Dwi Saputra\.m2\repository\com\google\inject\guice\5.0.1\guice-5.0.1.jar;C:\Users\Bagas Dwi Saputra\.m2\repository\javax\inject\javax.inject\1\javax.inject-1.jar;C:\Users\Bagas Dwi Saputra\.m2\repository\aopalliance\aopalliance\1.0\aopalliance-1.0.jar;C:\Users\Bagas Dwi Saputra\.m2\repository\org\jsoup\jsoup\1.13.1\jsoup-1.13.1.jar;C:\Users\Bagas Dwi Saputra\.m2\repository\com\thoughtworks\xstream\xstream\1.4.18\xstream-1.4.18.jar;C:\Users\Bagas Dwi Saputra\.m2\repository\io\github\x-stream\mxparser\1.2.2\mxparser-1.2.2.jar;C:\Users\Bagas Dwi Saputra\.m2\repository\xmlpull\xmlpull\1.1.3.1\xmlpull-1.1.3.1.jar;C:\Users\Bagas Dwi Saputra\.m2\repository\io\cucumber\cucumber-core\6.10.2\cucumber-core-6.10.2.jar;C:\Users\Bagas Dwi Saputra\.m2\repository\io\cucumber\cucumber-gherkin\6.10.2\cucumber-gherkin-6.10.2.jar;C:\Users\Bagas Dwi Saputra\.m2\repository\io\cucumber\cucumber-gherkin-messages\6.10.2\cucumber-gherkin-messages-6.10.2.jar;C:\Users\Bagas Dwi Saputra\.m2\repository\io\cucumber\messages\14.0.1\messages-14.0.1.jar;C:\Users\Bagas Dwi Saputra\.m2\repository\io\cucumber\tag-expressions\3.0.0\tag-expressions-3.0.0.jar;C:\Users\Bagas Dwi Saputra\.m2\repository\io\cucumber\cucumber-expressions\10.3.0\cucumber-expressions-10.3.0.jar;C:\Users\Bagas Dwi Saputra\.m2\repository\io\cucumber\cucumber-plugin\6.10.2\cucumber-plugin-6.10.2.jar;C:\Users\Bagas Dwi Saputra\.m2\repository\io\cucumber\docstring\6.10.2\docstring-6.10.2.jar;C:\Users\Bagas Dwi Saputra\.m2\repository\io\cucumber\html-formatter\12.0.0\html-formatter-12.0.0.jar;C:\Users\Bagas Dwi Saputra\.m2\repository\io\cucumber\create-meta\3.0.0\create-meta-3.0.0.jar;C:\Users\Bagas Dwi Saputra\.m2\repository\com\typesafe\config\1.3.1\config-1.3.1.jar;C:\Users\Bagas Dwi Saputra\.m2\repository\org\imgscalr\imgscalr-lib\4.2\imgscalr-lib-4.2.jar;C:\Users\Bagas Dwi Saputra\.m2\repository\org\awaitility\awaitility\4.0.3\awaitility-4.0.3.jar;C:\Users\Bagas Dwi Saputra\.m2\repository\org\freemarker\freemarker\2.3.29\freemarker-2.3.29.jar;C:\Users\Bagas Dwi Saputra\.m2\repository\org\reflections\reflections\0.9.12\reflections-0.9.12.jar;C:\Users\Bagas Dwi Saputra\.m2\repository\org\javassist\javassist\3.26.0-GA\javassist-3.26.0-GA.jar;C:\Users\Bagas Dwi Saputra\.m2\repository\net\sourceforge\jexcelapi\jxl\2.6.12\jxl-2.6.12.jar;C:\Users\Bagas Dwi Saputra\.m2\repository\org\asciidoctor\asciidoctorj\2.5.1\asciidoctorj-2.5.1.jar;C:\Users\Bagas Dwi Saputra\.m2\repository\org\asciidoctor\asciidoctorj-api\2.5.1\asciidoctorj-api-2.5.1.jar;C:\Users\Bagas Dwi Saputra\.m2\repository\org\jruby\jruby\9.2.17.0\jruby-9.2.17.0.jar;C:\Users\Bagas Dwi Saputra\.m2\repository\org\jruby\jruby-core\9.2.17.0\jruby-core-9.2.17.0.jar;C:\Users\Bagas Dwi Saputra\.m2\repository\com\github\jnr\jnr-netdb\1.2.0\jnr-netdb-1.2.0.jar;C:\Users\Bagas Dwi Saputra\.m2\repository\com\github\jnr\jnr-enxio\0.32.3\jnr-enxio-0.32.3.jar;C:\Users\Bagas Dwi Saputra\.m2\repository\com\github\jnr\jnr-unixsocket\0.38.5\jnr-unixsocket-0.38.5.jar;C:\Users\Bagas Dwi Saputra\.m2\repository\com\github\jnr\jnr-posix\3.1.4\jnr-posix-3.1.4.jar;C:\Users\Bagas Dwi Saputra\.m2\repository\com\github\jnr\jnr-constants\0.10.1\jnr-constants-0.10.1.jar;C:\Users\Bagas Dwi Saputra\.m2\repository\com\github\jnr\jffi\1.3.1\jffi-1.3.1.jar;C:\Users\Bagas Dwi Saputra\.m2\repository\com\github\jnr\jffi\1.3.1\jffi-1.3.1-native.jar;C:\Users\Bagas Dwi Saputra\.m2\repository\org\jruby\joni\joni\2.1.31\joni-2.1.31.jar;C:\Users\Bagas Dwi Saputra\.m2\repository\org\jruby\jcodings\jcodings\1.0.46\jcodings-1.0.46.jar;C:\Users\Bagas Dwi Saputra\.m2\repository\org\jruby\dirgra\0.3\dirgra-0.3.jar;C:\Users\Bagas Dwi Saputra\.m2\repository\com\headius\invokebinder\1.11\invokebinder-1.11.jar;C:\Users\Bagas Dwi Saputra\.m2\repository\com\headius\options\1.4\options-1.4.jar;C:\Users\Bagas Dwi Saputra\.m2\repository\com\jcraft\jzlib\1.1.3\jzlib-1.1.3.jar;C:\Users\Bagas Dwi Saputra\.m2\repository\com\martiansoftware\nailgun-server\0.9.1\nailgun-server-0.9.1.jar;C:\Users\Bagas Dwi Saputra\.m2\repository\com\headius\backport9\1.8\backport9-1.8.jar;C:\Users\Bagas Dwi Saputra\.m2\repository\javax\annotation\javax.annotation-api\1.3.1\javax.annotation-api-1.3.1.jar;C:\Users\Bagas Dwi Saputra\.m2\repository\org\jruby\jruby-stdlib\9.2.17.0\jruby-stdlib-9.2.17.0.jar;C:\Users\Bagas Dwi Saputra\.m2\repository\net\bytebuddy\byte-buddy-agent\1.11.1\byte-buddy-agent-1.11.1.jar;C:\Users\Bagas Dwi Saputra\.m2\repository\org\objenesis\objenesis\3.1\objenesis-3.1.jar;C:\Users\Bagas Dwi Saputra\.m2\repository\net\serenity-bdd\serenity-reports\2.6.0\serenity-reports-2.6.0.jar;C:\Users\Bagas Dwi Saputra\.m2\repository\net\serenity-bdd\serenity-stats\2.6.0\serenity-stats-2.6.0.jar;C:\Users\Bagas Dwi Saputra\.m2\repository\net\serenity-bdd\serenity-reports-configuration\2.6.0\serenity-reports-configuration-2.6.0.jar;C:\Users\Bagas Dwi Saputra\.m2\repository\com\vladsch\flexmark\flexmark-all\0.34.30\flexmark-all-0.34.30.jar;C:\Users\Bagas Dwi Saputra\.m2\repository\com\vladsch\flexmark\flexmark\0.34.30\flexmark-0.34.30.jar;C:\Users\Bagas Dwi Saputra\.m2\repository\com\vladsch\flexmark\flexmark-ext-abbreviation\0.34.30\flexmark-ext-abbreviation-0.34.30.jar;C:\Users\Bagas Dwi Saputra\.m2\repository\com\vladsch\flexmark\flexmark-ext-admonition\0.34.30\flexmark-ext-admonition-0.34.30.jar;C:\Users\Bagas Dwi Saputra\.m2\repository\com\vladsch\flexmark\flexmark-ext-anchorlink\0.34.30\flexmark-ext-anchorlink-0.34.30.jar;C:\Users\Bagas Dwi Saputra\.m2\repository\com\vladsch\flexmark\flexmark-ext-aside\0.34.30\flexmark-ext-aside-0.34.30.jar;C:\Users\Bagas Dwi Saputra\.m2\repository\com\vladsch\flexmark\flexmark-ext-attributes\0.34.30\flexmark-ext-attributes-0.34.30.jar;C:\Users\Bagas Dwi Saputra\.m2\repository\com\vladsch\flexmark\flexmark-ext-autolink\0.34.30\flexmark-ext-autolink-0.34.30.jar;C:\Users\Bagas Dwi Saputra\.m2\repository\org\nibor\autolink\autolink\0.6.0\autolink-0.6.0.jar;C:\Users\Bagas Dwi Saputra\.m2\repository\com\vladsch\flexmark\flexmark-ext-definition\0.34.30\flexmark-ext-definition-0.34.30.jar;C:\Users\Bagas Dwi Saputra\.m2\repository\com\vladsch\flexmark\flexmark-ext-emoji\0.34.30\flexmark-ext-emoji-0.34.30.jar;C:\Users\Bagas Dwi Saputra\.m2\repository\com\vladsch\flexmark\flexmark-ext-enumerated-reference\0.34.30\flexmark-ext-enumerated-reference-0.34.30.jar;C:\Users\Bagas Dwi Saputra\.m2\repository\com\vladsch\flexmark\flexmark-ext-escaped-character\0.34.30\flexmark-ext-escaped-character-0.34.30.jar;C:\Users\Bagas Dwi Saputra\.m2\repository\com\vladsch\flexmark\flexmark-ext-footnotes\0.34.30\flexmark-ext-footnotes-0.34.30.jar;C:\Users\Bagas Dwi Saputra\.m2\repository\com\vladsch\flexmark\flexmark-ext-gfm-issues\0.34.30\flexmark-ext-gfm-issues-0.34.30.jar;C:\Users\Bagas Dwi Saputra\.m2\repository\com\vladsch\flexmark\flexmark-ext-gfm-strikethrough\0.34.30\flexmark-ext-gfm-strikethrough-0.34.30.jar;C:\Users\Bagas Dwi Saputra\.m2\repository\com\vladsch\flexmark\flexmark-ext-gfm-tables\0.34.30\flexmark-ext-gfm-tables-0.34.30.jar;C:\Users\Bagas Dwi Saputra\.m2\repository\com\vladsch\flexmark\flexmark-ext-gfm-tasklist\0.34.30\flexmark-ext-gfm-tasklist-0.34.30.jar;C:\Users\Bagas Dwi Saputra\.m2\repository\com\vladsch\flexmark\flexmark-ext-gfm-users\0.34.30\flexmark-ext-gfm-users-0.34.30.jar;C:\Users\Bagas Dwi Saputra\.m2\repository\com\vladsch\flexmark\flexmark-ext-gitlab\0.34.30\flexmark-ext-gitlab-0.34.30.jar;C:\Users\Bagas Dwi Saputra\.m2\repository\com\vladsch\flexmark\flexmark-ext-jekyll-front-matter\0.34.30\flexmark-ext-jekyll-front-matter-0.34.30.jar;C:\Users\Bagas Dwi Saputra\.m2\repository\com\vladsch\flexmark\flexmark-ext-jekyll-tag\0.34.30\flexmark-ext-jekyll-tag-0.34.30.jar;C:\Users\Bagas Dwi Saputra\.m2\repository\com\vladsch\flexmark\flexmark-ext-media-tags\0.34.30\flexmark-ext-media-tags-0.34.30.jar;C:\Users\Bagas Dwi Saputra\.m2\repository\com\vladsch\flexmark\flexmark-test-util\0.34.30\flexmark-test-util-0.34.30.jar;C:\Users\Bagas Dwi Saputra\.m2\repository\com\vladsch\flexmark\flexmark-ext-ins\0.34.30\flexmark-ext-ins-0.34.30.jar;C:\Users\Bagas Dwi Saputra\.m2\repository\com\vladsch\flexmark\flexmark-ext-xwiki-macros\0.34.30\flexmark-ext-xwiki-macros-0.34.30.jar;C:\Users\Bagas Dwi Saputra\.m2\repository\com\vladsch\flexmark\flexmark-ext-superscript\0.34.30\flexmark-ext-superscript-0.34.30.jar;C:\Users\Bagas Dwi Saputra\.m2\repository\com\vladsch\flexmark\flexmark-ext-tables\0.34.30\flexmark-ext-tables-0.34.30.jar;C:\Users\Bagas Dwi Saputra\.m2\repository\com\vladsch\flexmark\flexmark-ext-toc\0.34.30\flexmark-ext-toc-0.34.30.jar;C:\Users\Bagas Dwi Saputra\.m2\repository\com\vladsch\flexmark\flexmark-ext-typographic\0.34.30\flexmark-ext-typographic-0.34.30.jar;C:\Users\Bagas Dwi Saputra\.m2\repository\com\vladsch\flexmark\flexmark-ext-wikilink\0.34.30\flexmark-ext-wikilink-0.34.30.jar;C:\Users\Bagas Dwi Saputra\.m2\repository\com\vladsch\flexmark\flexmark-ext-yaml-front-matter\0.34.30\flexmark-ext-yaml-front-matter-0.34.30.jar;C:\Users\Bagas Dwi Saputra\.m2\repository\com\vladsch\flexmark\flexmark-ext-youtube-embedded\0.34.30\flexmark-ext-youtube-embedded-0.34.30.jar;C:\Users\Bagas Dwi Saputra\.m2\repository\com\vladsch\flexmark\flexmark-formatter\0.34.30\flexmark-formatter-0.34.30.jar;C:\Users\Bagas Dwi Saputra\.m2\repository\com\vladsch\flexmark\flexmark-html-parser\0.34.30\flexmark-html-parser-0.34.30.jar;C:\Users\Bagas Dwi Saputra\.m2\repository\com\vladsch\flexmark\flexmark-jira-converter\0.34.30\flexmark-jira-converter-0.34.30.jar;C:\Users\Bagas Dwi Saputra\.m2\repository\com\vladsch\flexmark\flexmark-pdf-converter\0.34.30\flexmark-pdf-converter-0.34.30.jar;C:\Users\Bagas Dwi Saputra\.m2\repository\com\openhtmltopdf\openhtmltopdf-core\0.0.1-RC13\openhtmltopdf-core-0.0.1-RC13.jar;C:\Users\Bagas Dwi Saputra\.m2\repository\com\openhtmltopdf\openhtmltopdf-pdfbox\0.0.1-RC13\openhtmltopdf-pdfbox-0.0.1-RC13.jar;C:\Users\Bagas Dwi Saputra\.m2\repository\org\apache\pdfbox\pdfbox\2.0.8\pdfbox-2.0.8.jar;C:\Users\Bagas Dwi Saputra\.m2\repository\org\apache\pdfbox\fontbox\2.0.8\fontbox-2.0.8.jar;C:\Users\Bagas Dwi Saputra\.m2\repository\org\apache\pdfbox\xmpbox\2.0.8\xmpbox-2.0.8.jar;C:\Users\Bagas Dwi Saputra\.m2\repository\de\rototor\pdfbox\graphics2d\0.12\graphics2d-0.12.jar;C:\Users\Bagas Dwi Saputra\.m2\repository\com\openhtmltopdf\openhtmltopdf-rtl-support\0.0.1-RC13\openhtmltopdf-rtl-support-0.0.1-RC13.jar;C:\Users\Bagas Dwi Saputra\.m2\repository\com\ibm\icu\icu4j\59.1\icu4j-59.1.jar;C:\Users\Bagas Dwi Saputra\.m2\repository\com\openhtmltopdf\openhtmltopdf-jsoup-dom-converter\0.0.1-RC13\openhtmltopdf-jsoup-dom-converter-0.0.1-RC13.jar;C:\Users\Bagas Dwi Saputra\.m2\repository\com\vladsch\flexmark\flexmark-profile-pegdown\0.34.30\flexmark-profile-pegdown-0.34.30.jar;C:\Users\Bagas Dwi Saputra\.m2\repository\com\vladsch\flexmark\flexmark-util\0.34.30\flexmark-util-0.34.30.jar;C:\Users\Bagas Dwi Saputra\.m2\repository\com\vladsch\flexmark\flexmark-youtrack-converter\0.34.30\flexmark-youtrack-converter-0.34.30.jar;C:\Users\Bagas Dwi Saputra\.m2\repository\es\nitaur\markdown\txtmark\0.16\txtmark-0.16.jar;C:\Users\Bagas Dwi Saputra\.m2\repository\net\serenity-bdd\serenity-report-resources\2.6.0\serenity-report-resources-2.6.0.jar;C:\Users\Bagas Dwi Saputra\.m2\repository\com\google\code\gson\gson\2.8.7\gson-2.8.7.jar;C:\Users\Bagas Dwi Saputra\.m2\repository\com\fasterxml\jackson\core\jackson-core\2.12.4\jackson-core-2.12.4.jar;C:\Users\Bagas Dwi Saputra\.m2\repository\com\fasterxml\jackson\core\jackson-databind\2.12.4\jackson-databind-2.12.4.jar;C:\Users\Bagas Dwi Saputra\.m2\repository\com\fasterxml\jackson\core\jackson-annotations\2.12.4\jackson-annotations-2.12.4.jar;C:\Users\Bagas Dwi Saputra\.m2\repository\commons-codec\commons-codec\1.15\commons-codec-1.15.jar;C:\Users\Bagas Dwi Saputra\.m2\repository\commons-io\commons-io\2.8.0\commons-io-2.8.0.jar;C:\Users\Bagas Dwi Saputra\.m2\repository\org\seleniumhq\selenium\selenium-server\3.141.59\selenium-server-3.141.59.jar;C:\Users\Bagas Dwi Saputra\.m2\repository\net\jcip\jcip-annotations\1.0\jcip-annotations-1.0.jar;C:\Users\Bagas Dwi Saputra\.m2\repository\org\seleniumhq\selenium\jetty-repacked\9.4.12.v20180830\jetty-repacked-9.4.12.v20180830.jar;C:\Users\Bagas Dwi Saputra\.m2\repository\javax\servlet\javax.servlet-api\3.1.0\javax.servlet-api-3.1.0.jar;C:\Users\Bagas Dwi Saputra\.m2\repository\org\yaml\snakeyaml\1.19\snakeyaml-1.19.jar;C:\Users\Bagas Dwi Saputra\.m2\repository\org\seleniumhq\selenium\selenium-api\3.141.59\selenium-api-3.141.59.jar;C:\Users\Bagas Dwi Saputra\.m2\repository\org\seleniumhq\selenium\selenium-support\3.141.59\selenium-support-3.141.59.jar;C:\Users\Bagas Dwi Saputra\.m2\repository\org\seleniumhq\selenium\selenium-chrome-driver\3.141.59\selenium-chrome-driver-3.141.59.jar;C:\Users\Bagas Dwi Saputra\.m2\repository\org\seleniumhq\selenium\selenium-firefox-driver\3.141.59\selenium-firefox-driver-3.141.59.jar;C:\Users\Bagas Dwi Saputra\.m2\repository\org\seleniumhq\selenium\selenium-edge-driver\3.141.59\selenium-edge-driver-3.141.59.jar;C:\Users\Bagas Dwi Saputra\.m2\repository\org\seleniumhq\selenium\selenium-ie-driver\3.141.59\selenium-ie-driver-3.141.59.jar;C:\Users\Bagas Dwi Saputra\.m2\repository\net\sourceforge\htmlunit\htmlunit\2.47.1\htmlunit-2.47.1.jar;C:\Users\Bagas Dwi Saputra\.m2\repository\xalan\xalan\2.7.2\xalan-2.7.2.jar;C:\Users\Bagas Dwi Saputra\.m2\repository\xalan\serializer\2.7.2\serializer-2.7.2.jar;C:\Users\Bagas Dwi Saputra\.m2\repository\net\sourceforge\htmlunit\htmlunit-core-js\2.47.0\htmlunit-core-js-2.47.0.jar;C:\Users\Bagas Dwi Saputra\.m2\repository\net\sourceforge\htmlunit\neko-htmlunit\2.47.1\neko-htmlunit-2.47.1.jar;C:\Users\Bagas Dwi Saputra\.m2\repository\xerces\xercesImpl\2.12.0\xercesImpl-2.12.0.jar;C:\Users\Bagas Dwi Saputra\.m2\repository\xml-apis\xml-apis\1.4.01\xml-apis-1.4.01.jar;C:\Users\Bagas Dwi Saputra\.m2\repository\net\sourceforge\htmlunit\htmlunit-cssparser\1.7.0\htmlunit-cssparser-1.7.0.jar;C:\Users\Bagas Dwi Saputra\.m2\repository\org\brotli\dec\0.1.2\dec-0.1.2.jar;C:\Users\Bagas Dwi Saputra\.m2\repository\com\shapesecurity\salvation2\3.0.0\salvation2-3.0.0.jar;C:\Users\Bagas Dwi Saputra\.m2\repository\org\eclipse\jetty\websocket\websocket-client\9.4.36.v20210114\websocket-client-9.4.36.v20210114.jar;C:\Users\Bagas Dwi Saputra\.m2\repository\org\eclipse\jetty\jetty-client\9.4.36.v20210114\jetty-client-9.4.36.v20210114.jar;C:\Users\Bagas Dwi Saputra\.m2\repository\org\eclipse\jetty\jetty-http\9.4.36.v20210114\jetty-http-9.4.36.v20210114.jar;C:\Users\Bagas Dwi Saputra\.m2\repository\org\eclipse\jetty\jetty-util\9.4.36.v20210114\jetty-util-9.4.36.v20210114.jar;C:\Users\Bagas Dwi Saputra\.m2\repository\org\eclipse\jetty\jetty-io\9.4.36.v20210114\jetty-io-9.4.36.v20210114.jar;C:\Users\Bagas Dwi Saputra\.m2\repository\org\eclipse\jetty\websocket\websocket-common\9.4.36.v20210114\websocket-common-9.4.36.v20210114.jar;C:\Users\Bagas Dwi Saputra\.m2\repository\org\eclipse\jetty\websocket\websocket-api\9.4.36.v20210114\websocket-api-9.4.36.v20210114.jar;C:\Users\Bagas Dwi Saputra\.m2\repository\org\projectlombok\lombok\1.18.20\lombok-1.18.20.jar;C:\Users\Bagas Dwi Saputra\.m2\repository\org\seleniumhq\selenium\htmlunit-driver\2.47.1\htmlunit-driver-2.47.1.jar;C:\Users\Bagas Dwi Saputra\.m2\repository\com\codeborne\phantomjsdriver\1.4.4\phantomjsdriver-1.4.4.jar;C:\Users\Bagas Dwi Saputra\.m2\repository\io\appium\java-client\7.5.1\java-client-7.5.1.jar;C:\Users\Bagas Dwi Saputra\.m2\repository\commons-validator\commons-validator\1.7\commons-validator-1.7.jar;C:\Users\Bagas Dwi Saputra\.m2\repository\commons-digester\commons-digester\2.1\commons-digester-2.1.jar;C:\Users\Bagas Dwi Saputra\.m2\repository\org\aspectj\aspectjweaver\1.9.6\aspectjweaver-1.9.6.jar;C:\Users\Bagas Dwi Saputra\.m2\repository\net\sf\opencsv\opencsv\2.0\opencsv-2.0.jar;C:\Users\Bagas Dwi Saputra\.m2\repository\commons-beanutils\commons-beanutils\1.9.4\commons-beanutils-1.9.4.jar;C:\Users\Bagas Dwi Saputra\.m2\repository\org\apache\commons\commons-lang3\3.11\commons-lang3-3.11.jar;C:\Users\Bagas Dwi Saputra\.m2\repository\commons-collections\commons-collections\3.2.2\commons-collections-3.2.2.jar;C:\Users\Bagas Dwi Saputra\.m2\repository\org\fluentlenium\fluentlenium-core\0.10.2\fluentlenium-core-0.10.2.jar;C:\Users\Bagas Dwi Saputra\.m2\repository\io\github\bonigarcia\webdrivermanager\4.4.1\webdrivermanager-4.4.1.jar;C:\Users\Bagas Dwi Saputra\.m2\repository\org\apache\httpcomponents\client5\httpclient5\5.0.3\httpclient5-5.0.3.jar;C:\Users\Bagas Dwi Saputra\.m2\repository\org\apache\httpcomponents\core5\httpcore5\5.0.2\httpcore5-5.0.2.jar;C:\Users\Bagas Dwi Saputra\.m2\repository\org\apache\httpcomponents\core5\httpcore5-h2\5.0.2\httpcore5-h2-5.0.2.jar;C:\Users\Bagas Dwi Saputra\.m2\repository\org\rauschig\jarchivelib\1.1.0\jarchivelib-1.1.0.jar;C:\Users\Bagas Dwi Saputra\.m2\repository\org\apache\commons\commons-compress\1.20\commons-compress-1.20.jar;C:\Users\Bagas Dwi Saputra\.m2\repository\com\jhlabs\filters\2.0.235\filters-2.0.235.jar;C:\Users\Bagas Dwi Saputra\.m2\repository\com\paulhammant\ngwebdriver\1.1.5\ngwebdriver-1.1.5.jar;C:\Users\Bagas Dwi Saputra\.m2\repository\joda-time\joda-time\2.8.2\joda-time-2.8.2.jar;C:\Users\Bagas Dwi Saputra\.m2\repository\com\google\jimfs\jimfs\1.1\jimfs-1.1.jar;C:\Users\Bagas Dwi Saputra\.m2\repository\org\mockito\mockito-core\3.3.3\mockito-core-3.3.3.jar;C:\Users\Bagas Dwi Saputra\.m2\repository\javax\xml\bind\jaxb-api\2.3.1\jaxb-api-2.3.1.jar;C:\Users\Bagas Dwi Saputra\.m2\repository\javax\activation\javax.activation-api\1.2.0\javax.activation-api-1.2.0.jar;C:\Users\Bagas Dwi Saputra\.m2\repository\com\sun\xml\bind\jaxb-core\2.3.0.1\jaxb-core-2.3.0.1.jar;C:\Users\Bagas Dwi Saputra\.m2\repository\com\sun\xml\bind\jaxb-impl\2.3.3\jaxb-impl-2.3.3.jar;C:\Users\Bagas Dwi Saputra\.m2\repository\com\sun\activation\jakarta.activation\1.2.2\jakarta.activation-1.2.2.jar;C:\Users\Bagas Dwi Saputra\.m2\repository\javax\activation\activation\1.1.1\activation-1.1.1.jar;C:\Users\Bagas Dwi Saputra\.m2\repository\net\serenity-bdd\serenity-junit\2.6.0\serenity-junit-2.6.0.jar;C:\Users\Bagas Dwi Saputra\.m2\repository\net\serenity-bdd\serenity-rest-assured\2.6.0\serenity-rest-assured-2.6.0.jar;C:\Users\Bagas Dwi Saputra\.m2\repository\org\codehaus\groovy\groovy-json\3.0.8\groovy-json-3.0.8.jar;C:\Users\Bagas Dwi Saputra\.m2\repository\org\opentest4j\opentest4j\1.2.0\opentest4j-1.2.0.jar;C:\Users\Bagas Dwi Saputra\.m2\repository\net\serenity-bdd\serenity-screenplay\2.6.0\serenity-screenplay-2.6.0.jar;C:\Users\Bagas Dwi Saputra\.m2\repository\net\serenity-bdd\serenity-screenplay-rest\2.6.0\serenity-screenplay-rest-2.6.0.jar;C:\Users\Bagas Dwi Saputra\.m2\repository\net\serenity-bdd\serenity-screenplay-webdriver\2.6.0\serenity-screenplay-webdriver-2.6.0.jar;C:\Users\Bagas Dwi Saputra\.m2\repository\net\serenity-bdd\serenity-cucumber6\2.6.0\serenity-cucumber6-2.6.0.jar;C:\Users\Bagas Dwi Saputra\.m2\repository\io\cucumber\cucumber-java\6.10.4\cucumber-java-6.10.4.jar;C:\Users\Bagas Dwi Saputra\.m2\repository\io\cucumber\cucumber-junit\6.10.4\cucumber-junit-6.10.4.jar;C:\Users\Bagas Dwi Saputra\.m2\repository\io\cucumber\datatable-matchers\3.4.0\datatable-matchers-3.4.0.jar;C:\Users\Bagas Dwi Saputra\.m2\repository\io\cucumber\datatable\3.4.0\datatable-3.4.0.jar;C:\Users\Bagas Dwi Saputra\.m2\repository\commons-logging\commons-logging\1.2\commons-logging-1.2.jar;C:\Users\Bagas Dwi Saputra\.m2\repository\org\apache\commons\commons-csv\1.5\commons-csv-1.5.jar;C:\Users\Bagas Dwi Saputra\.m2\repository\net\serenity-bdd\serenity-ensure\2.6.0\serenity-ensure-2.6.0.jar;C:\Users\Bagas Dwi Saputra\.m2\repository\org\jetbrains\kotlin\kotlin-stdlib\1.5.0\kotlin-stdlib-1.5.0.jar;C:\Users\Bagas Dwi Saputra\.m2\repository\org\jetbrains\annotations\13.0\annotations-13.0.jar;C:\Users\Bagas Dwi Saputra\.m2\repository\org\jetbrains\kotlin\kotlin-stdlib-common\1.5.0\kotlin-stdlib-common-1.5.0.jar;C:\Users\Bagas Dwi Saputra\.m2\repository\io\rest-assured\rest-assured\4.3.2\rest-assured-4.3.2.jar;C:\Users\Bagas Dwi Saputra\.m2\repository\org\apache\httpcomponents\httpclient\4.5.3\httpclient-4.5.3.jar;C:\Users\Bagas Dwi Saputra\.m2\repository\org\apache\httpcomponents\httpcore\4.4.6\httpcore-4.4.6.jar;C:\Users\Bagas Dwi Saputra\.m2\repository\org\apache\httpcomponents\httpmime\4.5.3\httpmime-4.5.3.jar;C:\Users\Bagas Dwi Saputra\.m2\repository\org\ccil\cowan\tagsoup\tagsoup\1.2.1\tagsoup-1.2.1.jar;C:\Users\Bagas Dwi Saputra\.m2\repository\io\rest-assured\json-path\4.3.3\json-path-4.3.3.jar;C:\Users\Bagas Dwi Saputra\.m2\repository\io\rest-assured\rest-assured-common\4.3.3\rest-assured-common-4.3.3.jar;C:\Users\Bagas Dwi Saputra\.m2\repository\io\rest-assured\xml-path\4.3.3\xml-path-4.3.3.jar;C:\Users\Bagas Dwi Saputra\.m2\repository\jakarta\xml\bind\jakarta.xml.bind-api\2.3.3\jakarta.xml.bind-api-2.3.3.jar;C:\Users\Bagas Dwi Saputra\.m2\repository\jakarta\activation\jakarta.activation-api\1.2.2\jakarta.activation-api-1.2.2.jar;C:\Users\Bagas Dwi Saputra\.m2\repository\junit\junit\4.13.1\junit-4.13.1.jar;C:\Users\Bagas Dwi Saputra\.m2\repository\org\hamcrest\hamcrest-core\1.3\hamcrest-core-1.3.jar;C:\Users\Bagas Dwi Saputra\.m2\repository\org\assertj\assertj-core\3.6.2\assertj-core-3.6.2.jar;C:\Users\Bagas Dwi Saputra\.m2\repository\org\hamcrest\hamcrest\2.2\hamcrest-2.2.jar;C:\Users\Bagas Dwi Saputra\.m2\repository\org\junit\platform\junit-platform-launcher\1.8.2\junit-platform-launcher-1.8.2.jar;C:\Users\Bagas Dwi Saputra\.m2\repository\org\junit\platform\junit-platform-engine\1.8.2\junit-platform-engine-1.8.2.jar;C:\Users\Bagas Dwi Saputra\.m2\repository\org\junit\platform\junit-platform-commons\1.8.2\junit-platform-commons-1.8.2.jar;C:\Users\Bagas Dwi Saputra\.m2\repository\org\apiguardian\apiguardian-api\1.1.2\apiguardian-api-1.1.2.jar;C:\Users\Bagas Dwi Saputra\.m2\repository\org\junit\jupiter\junit-jupiter-engine\5.8.2\junit-jupiter-engine-5.8.2.jar;C:\Users\Bagas Dwi Saputra\.m2\repository\org\junit\jupiter\junit-jupiter-api\5.8.2\junit-jupiter-api-5.8.2.jar;C:\Users\Bagas Dwi Saputra\.m2\repository\org\junit\vintage\junit-vintage-engine\5.8.2\junit-vintage-engine-5.8.2.jar;C:\Users\Bagas Dwi Saputra\.m2\repository\ch\qos\logback\logback-classic\1.2.3\logback-classic-1.2.3.jar;C:\Users\Bagas Dwi Saputra\.m2\repository\ch\qos\logback\logback-core\1.2.3\logback-core-1.2.3.jar;C:\Users\Bagas Dwi Saputra\.m2\repository\org\slf4j\slf4j-api\1.7.25\slf4j-api-1.7.25.jar;C:\Users\Bagas Dwi Saputra\.m2\repository\org\apache\maven\plugins\maven-surefire-plugin\3.0.0-M5\maven-surefire-plugin-3.0.0-M5.jar;C:\Users\Bagas Dwi Saputra\.m2\repository\org\apache\maven\surefire\maven-surefire-common\3.0.0-M5\maven-surefire-common-3.0.0-M5.jar;C:\Users\Bagas Dwi Saputra\.m2\repository\org\apache\maven\surefire\surefire-extensions-api\3.0.0-M5\surefire-extensions-api-3.0.0-M5.jar;C:\Users\Bagas Dwi Saputra\.m2\repository\org\apache\maven\maven-toolchain\3.0-alpha-2\maven-toolchain-3.0-alpha-2.jar;C:\Users\Bagas Dwi Saputra\.m2\repository\org\apache\maven\shared\maven-artifact-transfer\0.11.0\maven-artifact-transfer-0.11.0.jar;C:\Users\Bagas Dwi Saputra\.m2\repository\org\apache\maven\shared\maven-common-artifact-filters\3.0.1\maven-common-artifact-filters-3.0.1.jar;C:\Users\Bagas Dwi Saputra\.m2\repository\org\apache\maven\maven-model\3.0\maven-model-3.0.jar;C:\Users\Bagas Dwi Saputra\.m2\repository\org\apache\maven\maven-plugin-api\3.0\maven-plugin-api-3.0.jar;C:\Users\Bagas Dwi Saputra\.m2\repository\org\sonatype\sisu\sisu-inject-plexus\1.4.2\sisu-inject-plexus-1.4.2.jar;C:\Users\Bagas Dwi Saputra\.m2\repository\org\codehaus\plexus\plexus-classworlds\2.2.3\plexus-classworlds-2.2.3.jar;C:\Users\Bagas Dwi Saputra\.m2\repository\org\sonatype\sisu\sisu-inject-bean\1.4.2\sisu-inject-bean-1.4.2.jar;C:\Users\Bagas Dwi Saputra\.m2\repository\org\sonatype\sisu\sisu-guice\2.1.7\sisu-guice-2.1.7-noaop.jar;C:\Users\Bagas Dwi Saputra\.m2\repository\org\apache\maven\shared\maven-shared-utils\3.1.0\maven-shared-utils-3.1.0.jar;C:\Users\Bagas Dwi Saputra\.m2\repository\org\codehaus\plexus\plexus-java\1.0.5\plexus-java-1.0.5.jar;C:\Users\Bagas Dwi Saputra\.m2\repository\org\ow2\asm\asm\7.2\asm-7.2.jar;C:\Users\Bagas Dwi Saputra\.m2\repository\com\thoughtworks\qdox\qdox\2.0-M9\qdox-2.0-M9.jar;C:\Users\Bagas Dwi Saputra\.m2\repository\org\codehaus\groovy\groovy\3.0.6\groovy-3.0.6.jar;C:\Users\Bagas Dwi Saputra\.m2\repository\org\codehaus\groovy\groovy-xml\3.0.6\groovy-xml-3.0.6.jar;C:\Users\Bagas Dwi Saputra\.m2\repository\com\googlecode\json-simple\json-simple\1.1.1\json-simple-1.1.1.jar;C:\Users\Bagas Dwi Saputra\.m2\repository\com\github\javafaker\javafaker\1.0.2\javafaker-1.0.2.jar;C:\Users\Bagas Dwi Saputra\.m2\repository\org\yaml\snakeyaml\1.23\snakeyaml-1.23-android.jar;C:\Users\Bagas Dwi Saputra\.m2\repository\com\github\mifmif\generex\1.0.2\generex-1.0.2.jar;C:\Users\Bagas Dwi Saputra\.m2\repository\dk\brics\automaton\automaton\1.11-8\automaton-1.11-8.jar;C:\Users\Bagas Dwi Saputra\.m2\repository\org\seleniumhq\selenium\selenium-java\3.141.59\selenium-java-3.141.59.jar;C:\Users\Bagas Dwi Saputra\.m2\repository\org\seleniumhq\selenium\selenium-opera-driver\3.141.59\selenium-opera-driver-3.141.59.jar;C:\Users\Bagas Dwi Saputra\.m2\repository\org\seleniumhq\selenium\selenium-remote-driver\3.141.59\selenium-remote-driver-3.141.59.jar;C:\Users\Bagas Dwi Saputra\.m2\repository\org\seleniumhq\selenium\selenium-safari-driver\3.141.59\selenium-safari-driver-3.141.59.jar;C:\Users\Bagas Dwi Saputra\.m2\repository\net\bytebuddy\byte-buddy\1.8.15\byte-buddy-1.8.15.jar;C:\Users\Bagas Dwi Saputra\.m2\repository\org\apache\commons\commons-exec\1.3\commons-exec-1.3.jar;C:\Users\Bagas Dwi Saputra\.m2\repository\com\google\guava\guava\25.0-jre\guava-25.0-jre.jar;C:\Users\Bagas Dwi Saputra\.m2\repository\com\google\code\findbugs\jsr305\1.3.9\jsr305-1.3.9.jar;C:\Users\Bagas Dwi Saputra\.m2\repository\org\checkerframework\checker-compat-qual\2.0.0\checker-compat-qual-2.0.0.jar;C:\Users\Bagas Dwi Saputra\.m2\repository\com\google\errorprone\error_prone_annotations\2.1.3\error_prone_annotations-2.1.3.jar;C:\Users\Bagas Dwi Saputra\.m2\repository\com\google\j2objc\j2objc-annotations\1.1\j2objc-annotations-1.1.jar;C:\Users\Bagas Dwi Saputra\.m2\repository\org\codehaus\mojo\animal-sniffer-annotations\1.14\animal-sniffer-annotations-1.14.jar;C:\Users\Bagas Dwi Saputra\.m2\repository\com\squareup\okhttp3\okhttp\3.11.0\okhttp-3.11.0.jar;C:\Users\Bagas Dwi Saputra\.m2\repository\com\squareup\okio\okio\1.14.0\okio-1.14.0.jar;C:\Users\Bagas Dwi Saputra\.m2\repository\org\testng\testng\6.14.3\testng-6.14.3.jar;C:\Users\Bagas Dwi Saputra\.m2\repository\com\beust\jcommander\1.72\jcommander-1.72.jar;C:\Users\Bagas Dwi Saputra\.m2\repository\org\apache-extras\beanshell\bsh\2.0b6\bsh-2.0b6.jar;C:\Users\Bagas Dwi Saputra\.m2\repository\org\apache\maven\surefire\surefire-junit-platform\3.0.0-M5\surefire-junit-platform-3.0.0-M5.jar;C:\Users\Bagas Dwi Saputra\.m2\repository\org\apache\maven\surefire\common-java5\3.0.0-M5\common-java5-3.0.0-M5.jar"/>
    <property name="user.script" value=""/>
    <property name="java.protocol.handler.pkgs" value="com.google.common"/>
    <property name="sun.management.compiler" value="HotSpot 64-Bit Tiered Compilers"/>
    <property name="java.runtime.version" value="17.0.8+9-LTS-211"/>
    <property name="user.name" value="Bagas Dwi Saputra"/>
    <property name="path.separator" value=";"/>
    <property name="os.version" value="10.0"/>
    <property name="java.runtime.name" value="Java(TM) SE Runtime Environment"/>
    <property name="file.encoding" value="Cp1252"/>
    <property name="java.vm.name" value="Java HotSpot(TM) 64-Bit Server VM"/>
    <property name="localRepository" value="C:\Users\Bagas Dwi Saputra\.m2\repository"/>
    <property name="java.vendor.url.bug" value="https://bugreport.java.com/bugreport/"/>
    <property name="java.io.tmpdir" value="C:\Users\BAGASD~1\AppData\Local\Temp\"/>
    <property name="java.version" value="17.0.8"/>
    <property name="user.dir" value="D:\QE\Automation\Jubelio-Website"/>
    <property name="os.arch" value="amd64"/>
    <property name="java.vm.specification.name" value="Java Virtual Machine Specification"/>
    <property name="sun.os.patch.level" value=""/>
    <property name="native.encoding" value="Cp1252"/>
    <property name="java.library.path" value="D:\AppData\openjdk-17\bin;C:\WINDOWS\Sun\Java\bin;C:\WINDOWS\system32;C:\WINDOWS;C:\WINDOWS\system32;C:\WINDOWS;C:\WINDOWS\system32\Wbem;C:\WINDOWS\system32\OpenSSH\;C:\WINDOWS\System32\WindowsPowerShell\v1.0;C:\Windows\System32\WindowsPowerShell\v1.0;D:\App\Git\cmd;C:\Program Files\dotnet\;C:\WINDOWS\System32\Wbem;C:\WINDOWS\System32\WindowsPowerShell\v1.0\;C:\WINDOWS\System32\OpenSSH\;D:\AppData\Python\Python310;D:\AppData\Python\Python310\Scripts;D:\AppData\Git\Git\cmd;D:\AppData\Android\Sdk\build-tools;D:\AppData\Android\Sdk\platforms;D:\AppData\Android\Sdk\platform-tools;D:\AppData\Android\Sdk\tools;C:\ProgramData\chocolatey\bin;C:\Program Files (x86)\nodejs\;C:\Users\Bagas Dwi Saputra\AppData\Local\JetBrains\IntelliJIdea2023.2;C:\Users\Bagas Dwi Saputra\AppData\Roaming\JetBrains;C:\Users\Bagas Dwi Saputra\AppData\Roaming\JetBrains\IntelliJIdea2023.2;C:\Program Files (x86)\dotnet\;D:\chromedriver-win32;D:\AppData\Ruby\Ruby31-x64\bin;C:\Users\Bagas Dwi Saputra\AppData\Local\Microsoft\WindowsApps;D:\AppData\openjdk-17\bin;D:\AppData\openjdk-17\apache-maven-3.9.4\bin;D:\AppData\JetBrains\IntelliJ IDEA Community Edition 2022.1.3\bin;;D:\AppData\openjdk-17\bin;D:\AppData\openjdk-17\apache-maven-3.9.4\bin;C:\Users\Bagas Dwi Saputra\AppData\Local\Microsoft\WindowsApps;D:\AppData\CMake\bin;D:\AppData\Python\Python310;D:\AppData\Python\Python310\Scripts;D:\AppData\JetBrains\IntelliJ IDEA 2023.2.1\bin;;D:\AppData\Virtual Studio\Microsoft VS Code\bin;C:\Users\Bagas Dwi Saputra\AppData\Roaming\npm;;."/>
    <property name="java.vm.info" value="mixed mode"/>
    <property name="java.vendor" value="Oracle Corporation"/>
    <property name="java.vm.version" value="17.0.8+9-LTS-211"/>
    <property name="sun.io.unicode.encoding" value="UnicodeLittle"/>
    <property name="java.class.version" value="61.0"/>
  </properties>
  <testcase name="Inventory Stock #1" classname="Inventory Stock at app.jubelio" time="22.055">
    <system-out><![CDATA[21:51:43.883 [main] DEBUG net.thucydides.core.util.PropertiesFileLocalPreferences - LOADING LOCAL PROPERTIES FROM D:\QE\Automation\Jubelio-Website\serenity.properties 
21:51:43.904 [main] DEBUG net.thucydides.core.util.PropertiesFileLocalPreferences - LOADING LOCAL PROPERTIES FROM D:\QE\Automation\Jubelio-Website\serenity.properties 
21:51:43.905 [main] DEBUG net.thucydides.core.util.PropertiesFileLocalPreferences - LOADING LOCAL PROPERTIES FROM D:\QE\Automation\Jubelio-Website\serenity.properties 
21:51:43.912 [main] DEBUG net.thucydides.core.util.PropertiesFileLocalPreferences - webdriver.driver=chrome
21:51:43.912 [main] DEBUG net.thucydides.core.util.PropertiesFileLocalPreferences - webdriver.chrome.driver=src/test/resources/webdriver/chromedriver.exe
21:51:43.913 [main] DEBUG net.thucydides.core.util.PropertiesFileLocalPreferences - webdriver.base.url=https://app.jubelio.com
21:51:44.487 [main] INFO io.cucumber.core.plugin.SerenityReporter - Running feature from file:///D:/QE/Automation/Jubelio-Website/src/test/resources/features/user/inventorystock.feature
21:51:44.641 [main] DEBUG net.thucydides.core.util.PropertiesFileLocalPreferences - LOADING LOCAL PROPERTIES FROM D:\QE\Automation\Jubelio-Website\serenity.properties 
21:51:44.649 [main] DEBUG net.thucydides.core.util.PropertiesFileLocalPreferences - LOADING LOCAL PROPERTIES FROM D:\QE\Automation\Jubelio-Website\serenity.properties 
21:51:44.650 [main] DEBUG net.thucydides.core.util.PropertiesFileLocalPreferences - LOADING LOCAL PROPERTIES FROM D:\QE\Automation\Jubelio-Website\serenity.properties 
21:51:44.651 [main] DEBUG net.thucydides.core.util.PropertiesFileLocalPreferences - webdriver.driver=chrome
21:51:44.651 [main] DEBUG net.thucydides.core.util.PropertiesFileLocalPreferences - webdriver.chrome.driver=src/test/resources/webdriver/chromedriver.exe
21:51:44.651 [main] DEBUG net.thucydides.core.util.PropertiesFileLocalPreferences - webdriver.base.url=https://app.jubelio.com
21:51:44.660 [main] INFO  - 

-------------------------------------------------------------------------------------
     _______. _______ .______       _______ .__   __.  __  .___________.____    ____ 
    /       ||   ____||   _  \     |   ____||  \ |  | |  | |           |\   \  /   / 
   |   (----`|  |__   |  |_)  |    |  |__   |   \|  | |  | `---|  |----` \   \/   /  
    \   \    |   __|  |      /     |   __|  |  . `  | |  |     |  |       \_    _/   
.----)   |   |  |____ |  |\  \----.|  |____ |  |\   | |  |     |  |         |  |     
|_______/    |_______|| _| `._____||_______||__| \__| |__|     |__|         |__|    
                                                                                     
 News and tutorials at http://www.serenity-bdd.info                                  
 Documentation at https://wakaleo.gitbooks.io/the-serenity-book/content/             
 Join the Serenity Community on Gitter: https://gitter.im/serenity-bdd/serenity-core 
 Serenity BDD Support and Training at http://serenity-bdd.info/#/trainingandsupport  
-------------------------------------------------------------------------------------

21:51:44.662 [main] DEBUG net.thucydides.core.steps.StepEventBus - Test suite started for story net.thucydides.core.model.Story@bfba0ca1
21:51:44.664 [main] INFO  - Test Suite Started: Inventory Stock at app.jubelio
21:51:44.684 [main] INFO io.cucumber.core.plugin.SerenityReporter - Running feature from file:///D:/QE/Automation/Jubelio-Website/src/test/resources/features/user/login.feature
21:51:44.693 [main] DEBUG net.thucydides.core.steps.StepEventBus - Test suite started for story net.thucydides.core.model.Story@60ecc02c
21:51:44.694 [main] INFO  - Test Suite Started: Login Account at app.jubelio

@Inventory @InventoryStock
Scenario Outline: Inventory Stock                                               &amp#27;[90m# src/test/resources/features/user/inventorystock.feature:15&amp#27;[0m
21:51:44.943 [main] INFO io.cucumber.core.plugin.SerenityReporter - Running feature from file:///D:/QE/Automation/Jubelio-Website/src/test/resources/features/user/inventorystock.feature
21:51:45.024 [main] INFO  - 
  _____   ___   ___   _____     ___   _____     _     ___   _____   ___   ___  
 |_   _| | __| / __| |_   _|   / __| |_   _|   /_\   | _ \ |_   _| | __| |   \ 
   | |   | _|  \__ \   | |     \__ \   | |    / _ \  |   /   | |   | _|  | |) |
   |_|   |___| |___/   |_|     |___/   |_|   /_/ \_\ |_|_\   |_|   |___| |___/ 

Inventory Stock(inventory-stock-at-app.jubelio;inventory-stock)
--------------------------------------------------------------------------------
21:51:45.024 [main] INFO net.thucydides.core.model.TestOutcome - SetUserStory Inventory Stock at app.jubelio
21:51:45.033 [main] INFO net.thucydides.core.model.TestOutcome - SetUserStory Inventory Stock at app.jubelio
21:51:45.135 [main] DEBUG net.thucydides.core.requirements.model.cucumber.CucumberParser - Added feature Inventory Stock at app.jubelio
21:51:45.157 [main] DEBUG net.thucydides.core.requirements.model.cucumber.CucumberParser - Added feature Login Account at app.jubelio
21:51:46.204 [main] DEBUG net.thucydides.core.steps.StepInterceptor - STARTING STEP: InventoryStockSteps.loginClickButtonLogin - openLink
21:51:46.269 [main] INFO net.serenitybdd.core.webdriver.driverproviders.ChromeDriverProvider - Using automatically driver download
21:51:46.526 [main] DEBUG org.apache.hc.client5.http.impl.classic.InternalHttpClient - ex-00000001: preparing request execution
21:51:46.532 [main] DEBUG org.apache.hc.client5.http.protocol.RequestAddCookies - Cookie spec selected: strict
21:51:46.539 [main] DEBUG org.apache.hc.client5.http.protocol.RequestAuthCache - Auth cache not set in the context
21:51:46.539 [main] DEBUG org.apache.hc.client5.http.impl.classic.ProtocolExec - ex-00000001: target auth state: UNCHALLENGED
21:51:46.540 [main] DEBUG org.apache.hc.client5.http.impl.classic.ProtocolExec - ex-00000001: proxy auth state: UNCHALLENGED
21:51:46.540 [main] DEBUG org.apache.hc.client5.http.impl.classic.ConnectExec - ex-00000001: acquiring connection with route {s}->https://raw.githubusercontent.com:443
21:51:46.541 [main] DEBUG org.apache.hc.client5.http.impl.classic.InternalHttpClient - ex-00000001: acquiring endpoint (3 MINUTES)
21:51:46.543 [main] DEBUG org.apache.hc.client5.http.impl.io.PoolingHttpClientConnectionManager - ex-00000001: endpoint lease request (3 MINUTES) [route: {s}->https://raw.githubusercontent.com:443][total available: 0; route allocated: 0 of 5; total allocated: 0 of 25]
21:51:46.548 [main] DEBUG org.apache.hc.client5.http.impl.io.PoolingHttpClientConnectionManager - ex-00000001: endpoint leased [route: {s}->https://raw.githubusercontent.com:443][total available: 0; route allocated: 1 of 5; total allocated: 1 of 25]
21:51:46.560 [main] DEBUG org.apache.hc.client5.http.impl.io.PoolingHttpClientConnectionManager - ex-00000001: acquired ep-00000000
21:51:46.560 [main] DEBUG org.apache.hc.client5.http.impl.classic.InternalHttpClient - ex-00000001: acquired endpoint ep-00000000
21:51:46.560 [main] DEBUG org.apache.hc.client5.http.impl.classic.ConnectExec - ex-00000001: opening connection {s}->https://raw.githubusercontent.com:443
21:51:46.560 [main] DEBUG org.apache.hc.client5.http.impl.classic.InternalHttpClient - ep-00000000: connecting endpoint (30 SECONDS)
21:51:46.562 [main] DEBUG org.apache.hc.client5.http.impl.io.PoolingHttpClientConnectionManager - ep-00000000: connecting endpoint to https://raw.githubusercontent.com:443 (30 SECONDS)
21:51:46.575 [main] DEBUG org.apache.hc.client5.http.impl.io.DefaultHttpClientConnectionOperator - http-outgoing-0: connecting to raw.githubusercontent.com/185.199.108.133:443
21:51:46.575 [main] DEBUG org.apache.hc.client5.http.ssl.SSLConnectionSocketFactory - Connecting socket to raw.githubusercontent.com/185.199.108.133:443 with timeout 30 SECONDS
21:51:46.649 [main] DEBUG org.apache.hc.client5.http.ssl.SSLConnectionSocketFactory - Enabled protocols: [TLSv1.3, TLSv1.2]
21:51:46.649 [main] DEBUG org.apache.hc.client5.http.ssl.SSLConnectionSocketFactory - Enabled cipher suites: [TLS_AES_256_GCM_SHA384, TLS_AES_128_GCM_SHA256, TLS_CHACHA20_POLY1305_SHA256, TLS_ECDHE_ECDSA_WITH_AES_256_GCM_SHA384, TLS_ECDHE_ECDSA_WITH_AES_128_GCM_SHA256, TLS_ECDHE_ECDSA_WITH_CHACHA20_POLY1305_SHA256, TLS_ECDHE_RSA_WITH_AES_256_GCM_SHA384, TLS_ECDHE_RSA_WITH_CHACHA20_POLY1305_SHA256, TLS_ECDHE_RSA_WITH_AES_128_GCM_SHA256, TLS_DHE_RSA_WITH_AES_256_GCM_SHA384, TLS_DHE_RSA_WITH_CHACHA20_POLY1305_SHA256, TLS_DHE_DSS_WITH_AES_256_GCM_SHA384, TLS_DHE_RSA_WITH_AES_128_GCM_SHA256, TLS_DHE_DSS_WITH_AES_128_GCM_SHA256, TLS_ECDHE_ECDSA_WITH_AES_256_CBC_SHA384, TLS_ECDHE_RSA_WITH_AES_256_CBC_SHA384, TLS_ECDHE_ECDSA_WITH_AES_128_CBC_SHA256, TLS_ECDHE_RSA_WITH_AES_128_CBC_SHA256, TLS_DHE_RSA_WITH_AES_256_CBC_SHA256, TLS_DHE_DSS_WITH_AES_256_CBC_SHA256, TLS_DHE_RSA_WITH_AES_128_CBC_SHA256, TLS_DHE_DSS_WITH_AES_128_CBC_SHA256, TLS_ECDH_ECDSA_WITH_AES_256_GCM_SHA384, TLS_ECDH_RSA_WITH_AES_256_GCM_SHA384, TLS_ECDH_ECDSA_WITH_AES_128_GCM_SHA256, TLS_ECDH_RSA_WITH_AES_128_GCM_SHA256, TLS_ECDH_ECDSA_WITH_AES_256_CBC_SHA384, TLS_ECDH_RSA_WITH_AES_256_CBC_SHA384, TLS_ECDH_ECDSA_WITH_AES_128_CBC_SHA256, TLS_ECDH_RSA_WITH_AES_128_CBC_SHA256, TLS_ECDHE_ECDSA_WITH_AES_256_CBC_SHA, TLS_ECDHE_RSA_WITH_AES_256_CBC_SHA, TLS_ECDHE_ECDSA_WITH_AES_128_CBC_SHA, TLS_ECDHE_RSA_WITH_AES_128_CBC_SHA, TLS_DHE_RSA_WITH_AES_256_CBC_SHA, TLS_DHE_DSS_WITH_AES_256_CBC_SHA, TLS_DHE_RSA_WITH_AES_128_CBC_SHA, TLS_DHE_DSS_WITH_AES_128_CBC_SHA, TLS_ECDH_ECDSA_WITH_AES_256_CBC_SHA, TLS_ECDH_RSA_WITH_AES_256_CBC_SHA, TLS_ECDH_ECDSA_WITH_AES_128_CBC_SHA, TLS_ECDH_RSA_WITH_AES_128_CBC_SHA, TLS_RSA_WITH_AES_256_GCM_SHA384, TLS_RSA_WITH_AES_128_GCM_SHA256, TLS_RSA_WITH_AES_256_CBC_SHA256, TLS_RSA_WITH_AES_128_CBC_SHA256, TLS_RSA_WITH_AES_256_CBC_SHA, TLS_RSA_WITH_AES_128_CBC_SHA, TLS_EMPTY_RENEGOTIATION_INFO_SCSV]
21:51:46.651 [main] DEBUG org.apache.hc.client5.http.ssl.SSLConnectionSocketFactory - Starting handshake
21:51:46.746 [main] DEBUG org.apache.hc.client5.http.ssl.SSLConnectionSocketFactory - Secure session established
21:51:46.746 [main] DEBUG org.apache.hc.client5.http.ssl.SSLConnectionSocketFactory -  negotiated protocol: TLSv1.3
21:51:46.746 [main] DEBUG org.apache.hc.client5.http.ssl.SSLConnectionSocketFactory -  negotiated cipher suite: TLS_AES_256_GCM_SHA384
21:51:46.747 [main] DEBUG org.apache.hc.client5.http.ssl.SSLConnectionSocketFactory -  peer principal: CN=*.github.io, O="GitHub, Inc.", L=San Francisco, ST=California, C=US
21:51:46.748 [main] DEBUG org.apache.hc.client5.http.ssl.SSLConnectionSocketFactory -  peer alternative names: [*.github.io, github.io, *.github.com, github.com, www.github.com, *.githubusercontent.com, githubusercontent.com]
21:51:46.748 [main] DEBUG org.apache.hc.client5.http.ssl.SSLConnectionSocketFactory -  issuer principal: CN=DigiCert TLS RSA SHA256 2020 CA1, O=DigiCert Inc, C=US
21:51:46.749 [main] DEBUG org.apache.hc.client5.http.impl.io.DefaultHttpClientConnectionOperator - http-outgoing-0: connection established 192.168.100.42:62203<->185.199.108.133:443
21:51:46.750 [main] DEBUG org.apache.hc.client5.http.impl.io.PoolingHttpClientConnectionManager - ep-00000000: connected http-outgoing-0
21:51:46.750 [main] DEBUG org.apache.hc.client5.http.impl.classic.InternalHttpClient - ep-00000000: endpoint connected
21:51:46.750 [main] DEBUG org.apache.hc.client5.http.impl.classic.MainClientExec - ex-00000001: executing GET /bonigarcia/webdrivermanager/master/src/main/resources/commands.properties HTTP/1.1
21:51:46.751 [main] DEBUG org.apache.hc.client5.http.impl.classic.InternalHttpClient - ep-00000000: start execution ex-00000001
21:51:46.751 [main] DEBUG org.apache.hc.client5.http.impl.io.PoolingHttpClientConnectionManager - ep-00000000: executing exchange ex-00000001 over http-outgoing-0
21:51:46.751 [main] DEBUG org.apache.hc.client5.http.headers - http-outgoing-0 >> GET /bonigarcia/webdrivermanager/master/src/main/resources/commands.properties HTTP/1.1
21:51:46.751 [main] DEBUG org.apache.hc.client5.http.headers - http-outgoing-0 >> user-agent: Apache-HttpClient/5.0
21:51:46.751 [main] DEBUG org.apache.hc.client5.http.headers - http-outgoing-0 >> accept-encoding: gzip, deflate, br
21:51:46.751 [main] DEBUG org.apache.hc.client5.http.headers - http-outgoing-0 >> cache-control: max-age=0
21:51:46.751 [main] DEBUG org.apache.hc.client5.http.headers - http-outgoing-0 >> connection: keep-alive
21:51:46.752 [main] DEBUG org.apache.hc.client5.http.headers - http-outgoing-0 >> Host: raw.githubusercontent.com
21:51:46.752 [main] DEBUG org.apache.hc.client5.http.wire - http-outgoing-0 >> "GET /bonigarcia/webdrivermanager/master/src/main/resources/commands.properties HTTP/1.1[\r][\n]"
21:51:46.752 [main] DEBUG org.apache.hc.client5.http.wire - http-outgoing-0 >> "user-agent: Apache-HttpClient/5.0[\r][\n]"
21:51:46.752 [main] DEBUG org.apache.hc.client5.http.wire - http-outgoing-0 >> "accept-encoding: gzip, deflate, br[\r][\n]"
21:51:46.752 [main] DEBUG org.apache.hc.client5.http.wire - http-outgoing-0 >> "cache-control: max-age=0[\r][\n]"
21:51:46.752 [main] DEBUG org.apache.hc.client5.http.wire - http-outgoing-0 >> "connection: keep-alive[\r][\n]"
21:51:46.752 [main] DEBUG org.apache.hc.client5.http.wire - http-outgoing-0 >> "Host: raw.githubusercontent.com[\r][\n]"
21:51:46.752 [main] DEBUG org.apache.hc.client5.http.wire - http-outgoing-0 >> "[\r][\n]"
21:51:46.787 [main] DEBUG org.apache.hc.client5.http.wire - http-outgoing-0 << "HTTP/1.1 200 OK[\r][\n]"
21:51:46.787 [main] DEBUG org.apache.hc.client5.http.wire - http-outgoing-0 << "Connection: keep-alive[\r][\n]"
21:51:46.787 [main] DEBUG org.apache.hc.client5.http.wire - http-outgoing-0 << "Content-Length: 723[\r][\n]"
21:51:46.787 [main] DEBUG org.apache.hc.client5.http.wire - http-outgoing-0 << "Cache-Control: max-age=300[\r][\n]"
21:51:46.787 [main] DEBUG org.apache.hc.client5.http.wire - http-outgoing-0 << "Content-Security-Policy: default-src 'none'; style-src 'unsafe-inline'; sandbox[\r][\n]"
21:51:46.787 [main] DEBUG org.apache.hc.client5.http.wire - http-outgoing-0 << "Content-Type: text/plain; charset=utf-8[\r][\n]"
21:51:46.788 [main] DEBUG org.apache.hc.client5.http.wire - http-outgoing-0 << "ETag: W/"e82b438271e9e8680c688b0b680efd0bdd22faa6d6f0a32fc1fd8accc486b67e"[\r][\n]"
21:51:46.788 [main] DEBUG org.apache.hc.client5.http.wire - http-outgoing-0 << "Strict-Transport-Security: max-age=31536000[\r][\n]"
21:51:46.788 [main] DEBUG org.apache.hc.client5.http.wire - http-outgoing-0 << "X-Content-Type-Options: nosniff[\r][\n]"
21:51:46.788 [main] DEBUG org.apache.hc.client5.http.wire - http-outgoing-0 << "X-Frame-Options: deny[\r][\n]"
21:51:46.788 [main] DEBUG org.apache.hc.client5.http.wire - http-outgoing-0 << "X-XSS-Protection: 1; mode=block[\r][\n]"
21:51:46.788 [main] DEBUG org.apache.hc.client5.http.wire - http-outgoing-0 << "X-GitHub-Request-Id: 4CA0:B8C7F:70C4E:8CACE:651389F9[\r][\n]"
21:51:46.788 [main] DEBUG org.apache.hc.client5.http.wire - http-outgoing-0 << "Content-Encoding: gzip[\r][\n]"
21:51:46.788 [main] DEBUG org.apache.hc.client5.http.wire - http-outgoing-0 << "Accept-Ranges: bytes[\r][\n]"
21:51:46.788 [main] DEBUG org.apache.hc.client5.http.wire - http-outgoing-0 << "Date: Thu, 05 Oct 2023 14:51:47 GMT[\r][\n]"
21:51:46.788 [main] DEBUG org.apache.hc.client5.http.wire - http-outgoing-0 << "Via: 1.1 varnish[\r][\n]"
21:51:46.788 [main] DEBUG org.apache.hc.client5.http.wire - http-outgoing-0 << "X-Served-By: cache-qpg1259-QPG[\r][\n]"
21:51:46.788 [main] DEBUG org.apache.hc.client5.http.wire - http-outgoing-0 << "X-Cache: HIT[\r][\n]"
21:51:46.789 [main] DEBUG org.apache.hc.client5.http.wire - http-outgoing-0 << "X-Cache-Hits: 5[\r][\n]"
21:51:46.789 [main] DEBUG org.apache.hc.client5.http.wire - http-outgoing-0 << "X-Timer: S1696517507.447206,VS0,VE0[\r][\n]"
21:51:46.789 [main] DEBUG org.apache.hc.client5.http.wire - http-outgoing-0 << "Vary: Authorization,Accept-Encoding,Origin[\r][\n]"
21:51:46.789 [main] DEBUG org.apache.hc.client5.http.wire - http-outgoing-0 << "Access-Control-Allow-Origin: *[\r][\n]"
21:51:46.789 [main] DEBUG org.apache.hc.client5.http.wire - http-outgoing-0 << "Cross-Origin-Resource-Policy: cross-origin[\r][\n]"
21:51:46.789 [main] DEBUG org.apache.hc.client5.http.wire - http-outgoing-0 << "X-Fastly-Request-ID: f983f1ebb2656eb8a34b8bf2234b0811d5c02188[\r][\n]"
21:51:46.789 [main] DEBUG org.apache.hc.client5.http.wire - http-outgoing-0 << "Expires: Thu, 05 Oct 2023 14:56:47 GMT[\r][\n]"
21:51:46.789 [main] DEBUG org.apache.hc.client5.http.wire - http-outgoing-0 << "Source-Age: 298[\r][\n]"
21:51:46.789 [main] DEBUG org.apache.hc.client5.http.wire - http-outgoing-0 << "[\r][\n]"
21:51:46.793 [main] DEBUG org.apache.hc.client5.http.headers - http-outgoing-0 << HTTP/1.1 200 OK
21:51:46.793 [main] DEBUG org.apache.hc.client5.http.headers - http-outgoing-0 << Connection: keep-alive
21:51:46.793 [main] DEBUG org.apache.hc.client5.http.headers - http-outgoing-0 << Content-Length: 723
21:51:46.793 [main] DEBUG org.apache.hc.client5.http.headers - http-outgoing-0 << Cache-Control: max-age=300
21:51:46.793 [main] DEBUG org.apache.hc.client5.http.headers - http-outgoing-0 << Content-Security-Policy: default-src 'none'; style-src 'unsafe-inline'; sandbox
21:51:46.793 [main] DEBUG org.apache.hc.client5.http.headers - http-outgoing-0 << Content-Type: text/plain; charset=utf-8
21:51:46.793 [main] DEBUG org.apache.hc.client5.http.headers - http-outgoing-0 << ETag: W/"e82b438271e9e8680c688b0b680efd0bdd22faa6d6f0a32fc1fd8accc486b67e"
21:51:46.794 [main] DEBUG org.apache.hc.client5.http.headers - http-outgoing-0 << Strict-Transport-Security: max-age=31536000
21:51:46.794 [main] DEBUG org.apache.hc.client5.http.headers - http-outgoing-0 << X-Content-Type-Options: nosniff
21:51:46.794 [main] DEBUG org.apache.hc.client5.http.headers - http-outgoing-0 << X-Frame-Options: deny
21:51:46.794 [main] DEBUG org.apache.hc.client5.http.headers - http-outgoing-0 << X-XSS-Protection: 1; mode=block
21:51:46.794 [main] DEBUG org.apache.hc.client5.http.headers - http-outgoing-0 << X-GitHub-Request-Id: 4CA0:B8C7F:70C4E:8CACE:651389F9
21:51:46.794 [main] DEBUG org.apache.hc.client5.http.headers - http-outgoing-0 << Content-Encoding: gzip
21:51:46.794 [main] DEBUG org.apache.hc.client5.http.headers - http-outgoing-0 << Accept-Ranges: bytes
21:51:46.794 [main] DEBUG org.apache.hc.client5.http.headers - http-outgoing-0 << Date: Thu, 05 Oct 2023 14:51:47 GMT
21:51:46.794 [main] DEBUG org.apache.hc.client5.http.headers - http-outgoing-0 << Via: 1.1 varnish
21:51:46.794 [main] DEBUG org.apache.hc.client5.http.headers - http-outgoing-0 << X-Served-By: cache-qpg1259-QPG
21:51:46.794 [main] DEBUG org.apache.hc.client5.http.headers - http-outgoing-0 << X-Cache: HIT
21:51:46.794 [main] DEBUG org.apache.hc.client5.http.headers - http-outgoing-0 << X-Cache-Hits: 5
21:51:46.794 [main] DEBUG org.apache.hc.client5.http.headers - http-outgoing-0 << X-Timer: S1696517507.447206,VS0,VE0
21:51:46.794 [main] DEBUG org.apache.hc.client5.http.headers - http-outgoing-0 << Vary: Authorization,Accept-Encoding,Origin
21:51:46.795 [main] DEBUG org.apache.hc.client5.http.headers - http-outgoing-0 << Access-Control-Allow-Origin: *
21:51:46.795 [main] DEBUG org.apache.hc.client5.http.headers - http-outgoing-0 << Cross-Origin-Resource-Policy: cross-origin
21:51:46.795 [main] DEBUG org.apache.hc.client5.http.headers - http-outgoing-0 << X-Fastly-Request-ID: f983f1ebb2656eb8a34b8bf2234b0811d5c02188
21:51:46.795 [main] DEBUG org.apache.hc.client5.http.headers - http-outgoing-0 << Expires: Thu, 05 Oct 2023 14:56:47 GMT
21:51:46.795 [main] DEBUG org.apache.hc.client5.http.headers - http-outgoing-0 << Source-Age: 298
21:51:46.799 [main] DEBUG org.apache.hc.client5.http.impl.classic.MainClientExec - ex-00000001: connection can be kept alive for 3 MINUTES
21:51:46.803 [main] DEBUG org.apache.hc.client5.http.wire - http-outgoing-0 << "[0x1f][0xffffff8b][0x8][0x0][0x0][0x0][0x0][0x0][0x0][0x3][0xffffffb5]V]o[0xffffffda]0[0x14]}[0xffffffe7]W\[0xffffff81]*[0xffffffb5][0x12][0x1f][[M[0xffffffd3]$[0x1e]hF[0xffffffbb]i [0x18][0xffffffb4][0xffffffdd]&[0xfffffff9][0xffffffc5]$7[0xffffffc1]R[0x12]#;[0xffffff94]v[0xffffffbf]~[0xffffffb6][0xfffffff3]1[0xffffff92][0xffffff9a][0xffffffc1][0x1a]x[0xffffffcb][0xffffffb5][0xffffffaf][0xffffffcf]9[0xffffffbe][0xfffffff7]8v[0xb][0x1c][0x1e]E4[0xfffffff6]$x4[0xffffffa1][0xb]*[0xffffffb1][0xffffffd1][0xffffff82][0xfffffffb]%[0xffffff93][0xffffffe0][0xffffffb3][0x10][0xffffffc1][0xffffffe5]qBY,!Y[0xffffffea] KM8,[0x10][0xfffffff0][0x19][0xffffffdd]u[0xffffff82][0x1e][0xffffffb0][0xffffffd8]L[0xffffffcb]%[0xffffff86][0xffffffa1][0xe][0xffffffb8][0xfffffff0]P[0xffffffe8]$[0xf][0x13]t[0x13]3[0xfffffff9][0xffffff84]B2[0xffffffae][0xffffffe6]|@[0xfffffff5][0x1d][0x8][0xffffffc4][0x18][0x16][0xffffff82]o[0xffffffa4][0xffffff9a]P[0xffffff94][0xffffffe7][0xffffffce]R[0xfffffff0][0x8][0xffffffdb]p[0xffffffcb][0x4][0xfffffffa][0xfffffffc][0xffffffb9][\r][0xffffff93][0x15][\n]"
21:51:46.804 [main] DEBUG org.apache.hc.client5.http.wire - http-outgoing-0 << "[0xffffffda][0xffffff86][0xffffffa1][0x17][0xffffffa8]Q3[0xffffffcb][0xffffffd6][0xffffffd1][0xffffff85][0xffffffc6][0xfffffff7][0xffffff98][0xffffffef][0xffffffa3][0xffffffc0]8[0x1][0xffffffae]s[0x12][0x16][0x7] _d[0xffffff82][0xffffff91][0xffffff84][0xfffffff3][0x1f],[0xfffffff6][0x14]j[0x1b]F,^+[0xffffff98]1ua2[0xffffffbf]h([0xffffff8e][0xffffff94][0xffffffa2][0xffffff91]m[0xffffffa3][0xffffffeb][0xffffff9a][0xffffffb0][0xffffffbb]I[0x17]t[0xffffffdf][0xffffffbd][0xffffffef][0xffffffbb][0xffffff91][0xffffffd7]U[0xffffffbb][0xffffff82][0xffffff9e][0x3][0xffffff9b][0xffffff88][0xffffffb9][0xffffffa6]$[0xffffffa6][0xc][0xffffff9b][0xffffffa5][0xffffffe2][0xffffff83][0xffffff98]F[0xffffffd8]o[0xffffff9e]Mg[0xffffff93][0xffffffbb][0xffffffd9]`|[0xfffffffb]u4[0xffffff9c][0x7f]"}B[0xffffffce][0x8][0xffffffb9][0xffffffe3]<[0x8][0xffffff91][0xffffff90][0xffffff94][0xffffff82][0xffffff90][0xffffffc1]j[0x15]2WI[0xffffffe3]1![0x19][0xffffff91]BnB[0xffffff80][0x9]<f[0xffffffb5][0xffffffe8]=[0xffffffd1]p[0xffffffbd][[0xffffffcf][0xffffffe5][0x1b][0xfffffff4][0xffffff9c][0xffffffff][0xfffffffc][0xfffffff8][0xffffffe1][0xffffffe2][0xffffff94][0xffffffa2][0xffffffae][0xe][0x14]5[0xffffff9a]8[0xffffff83][0xffffffd1]`:[0xfffffffd]<[0xffffffb8][0x1f][0xffffff9c]R[0xffffffcf]u[0x7f]6[0xffffffbc][0xffffff83][0xffffffef][0xf][0xffffffc3][0xffffffd9]/[0xfffffff8][0xfffffff2][0xffffffcd]y s[0xffffffee]'[0x1b]*0g[0xffffffcb][0xffffffc8]nF7H][0xffffff83][0xffffff97]{[0xffffffb1]Q[0x5][\r][0xffffffb5]c[0xffffffb4][0xf][0x2][0xffffffb3][0xffffffb4][0xffffff93][0xe]C[0xffffffa7][0xffffffb3]kAD][0xffffff9d][0xffffffde][0xffffffdb][0xffffffda][0xffffff88][0xffffffec][0xffffffa5][0xffffffbc][0xffffff99][0xffffffd9][0xffffffba]t[0xffffffb5][0xffffffea]9[0xffffffea][0x10])[0xffffffb7][0xffffffca][0xffffff9e][0xfffffff2][0xffffffe2]d^N[0xffffffd8]FW[0x16][0xffffffcd][0xffffffdc]_[0x10][0xfffffff9]i|[0x1c][0xffffff93][0xffffff8e][0xfffffff9]o[0x16][0xffffff86]4'!$G[0xffffffdf]W[0xfffffff4]W*j[[0xfffffff3]xR[0xffffffae][0xffffffb6][0xc][0xffffffd0],; #[0xffffffa9][0xffffff92]5[0xffffffb5][0x7][0xffffff9c][0xffffffb5][0xffffffd0][0x7f][0xffffff90][0xffffffc7]jgs[0xfffffffc][0xffffffc2][0xb][0xffffffd9][0x0]t[0xffffff9e]^'Y[0xfffffffb][0xffffff9f][0xffffffb1][0xffffffd8]:[0xffffffbf][0xffffff8d][0xffffffa5][0xffffff9a][0xffffffad][0x7f]m[0x5]&[0xffffffaa][0xffffffa0]^[0xffffff9b][0xffffffcb][0x5]f[0xffffffae][0xffffffe0]RU[0xffffff82][0x10]MS9l[0xffffff91]4t[0xfffffffb][0xffffff8a]][0xffffffd6][0xfffffff4][0xffffff96][0xffffffa6][0xffffff9f]P[0xffffffce][0xffffffd5][0xffffffce][0xffffff93][0xffffffff][0xffffff97][0xffffffcc]p[0xfffffffd][0xfffffff3][0xffffffe8][0x1b][0xffffffcc][0xffffffa2][0xffffffd9]Q[0xffffffbe][0xffffffb2][0xffffffa3][0xffffffc7]m'[0xffffffdf][0xffffffe4][[0xfffffffb]^[0xffffffb0][0xffffff9a][0xffffffbe][0xffffffda][0xffffffda]_[0xffffffce][0xffffff80][0xffffffd2][0xffffffc1]7[0xffffffb7]][0xffffffc1]b[0xffffffee][0xffffffb5][0xffffffff]w[0xffffff83][0xffffffed][0xffffffa7];[0x15]<[0x10]4[0xffffff92][0xffffff84][0x18][\n]"
21:51:46.804 [main] DEBUG org.apache.hc.client5.http.wire - http-outgoing-0 << "BB[0xffffffba][0xffffff8e]][0xffffffb5]jo[0xffffffb9]+"[0xffffffea][0xffffffb4][0xffffffff]h"[0xffffffea]\?5[0xffffffa9][0xffffffaf]k[0xffffffec][0xffffffff]P[0xffffffea][\n]"
21:51:46.804 [main] DEBUG org.apache.hc.client5.http.wire - http-outgoing-0 << "w[0xffffffe1]K[0x13][0xffffffda][0xffffffec][0xffffff98][0xffffffe6]Y[0xfffffffd]h8m6[0xffffff9c]T[0xffffffc1][0xfffffff2][0xffffffa7][0xffffff91]z_[0xffffff95]o85p[0x1c][0x13][0xffffffe6][0xfffffff0]5[0xffffffee][0xfffffffc][0xffffff92][0xffffff96][0xffffffda][0xfffffff7][0xffffffcf][0xffffffb1][0x5][0x1d][0xffffffea]K[0xffffff9b]9[0xffffff8e][0xffffffad]e[0xfffffff7][0xffffff93][0xffffffa8]`[0xffffffda][0xffffffff][0x1a][0xffffffd2][0xffffff88][0xffffff85][0xfffffffd][0xfffffff2][0xffffff91]N[0xfffffff6]`[0xffffffdf]2[0xffffffcf][0xffffffae]E[0xffffff97][0xffffffc5][0xffffffa2][0xffffff9d][0xffffffef]'[0xffffff9d]mun.[0xffffffd3]f^[0xffffffc7][0xffffff82][0xffffffda][0xffffff82]9[0xfffffff5][0xffffffa9]`[0x5][0xffffffbc]4[0xffffffa1][0x1d]<M[0xffffffb5]A[0xffffffa7]3[[0xffffffc0][0x7f][0x0][0xffffffc1][0xffffffd0]$[0xffffff85][0x1d][\r][0x0][0x0]"
21:51:46.806 [main] DEBUG org.apache.hc.client5.http.impl.classic.InternalHttpClient - ep-00000000: releasing valid endpoint
21:51:46.807 [main] DEBUG org.apache.hc.client5.http.impl.io.PoolingHttpClientConnectionManager - ep-00000000: releasing endpoint
21:51:46.807 [main] DEBUG org.apache.hc.client5.http.impl.io.PoolingHttpClientConnectionManager - ep-00000000: connection http-outgoing-0 can be kept alive for 3 MINUTES
21:51:46.808 [main] DEBUG org.apache.hc.client5.http.impl.io.PoolingHttpClientConnectionManager - ep-00000000: connection released [route: {s}->https://raw.githubusercontent.com:443][total available: 1; route allocated: 1 of 5; total allocated: 1 of 25]
21:51:46.808 [main] DEBUG io.github.bonigarcia.wdm.versions.VersionDetector - Detecting chrome version using online commands.properties
21:51:46.811 [main] DEBUG io.github.bonigarcia.wdm.versions.Shell - Running command on the shell: [cmd.exe, /C, wmic, datafile, where, name="%PROGRAMFILES:\=\\%\\Google\\Chrome\\Application\\chrome.exe", get, Version, /value]
21:51:46.942 [main] DEBUG io.github.bonigarcia.wdm.versions.Shell - Result: Version=117.0.5938.134
21:51:46.948 [main] DEBUG org.apache.hc.client5.http.impl.classic.InternalHttpClient - ex-00000002: preparing request execution
21:51:46.948 [main] DEBUG org.apache.hc.client5.http.protocol.RequestAddCookies - Cookie spec selected: strict
21:51:46.948 [main] DEBUG org.apache.hc.client5.http.protocol.RequestAuthCache - Auth cache not set in the context
21:51:46.948 [main] DEBUG org.apache.hc.client5.http.impl.classic.ProtocolExec - ex-00000002: target auth state: UNCHALLENGED
21:51:46.948 [main] DEBUG org.apache.hc.client5.http.impl.classic.ProtocolExec - ex-00000002: proxy auth state: UNCHALLENGED
21:51:46.948 [main] DEBUG org.apache.hc.client5.http.impl.classic.ConnectExec - ex-00000002: acquiring connection with route {s}->https://chromedriver.storage.googleapis.com:443
21:51:46.948 [main] DEBUG org.apache.hc.client5.http.impl.classic.InternalHttpClient - ex-00000002: acquiring endpoint (3 MINUTES)
21:51:46.948 [main] DEBUG org.apache.hc.client5.http.impl.io.PoolingHttpClientConnectionManager - ex-00000002: endpoint lease request (3 MINUTES) [route: {s}->https://chromedriver.storage.googleapis.com:443][total available: 1; route allocated: 0 of 5; total allocated: 1 of 25]
21:51:46.948 [main] DEBUG org.apache.hc.client5.http.impl.io.PoolingHttpClientConnectionManager - ex-00000002: endpoint leased [route: {s}->https://chromedriver.storage.googleapis.com:443][total available: 1; route allocated: 1 of 5; total allocated: 2 of 25]
21:51:46.948 [main] DEBUG org.apache.hc.client5.http.impl.io.PoolingHttpClientConnectionManager - ex-00000002: acquired ep-00000001
21:51:46.948 [main] DEBUG org.apache.hc.client5.http.impl.classic.InternalHttpClient - ex-00000002: acquired endpoint ep-00000001
21:51:46.949 [main] DEBUG org.apache.hc.client5.http.impl.classic.ConnectExec - ex-00000002: opening connection {s}->https://chromedriver.storage.googleapis.com:443
21:51:46.949 [main] DEBUG org.apache.hc.client5.http.impl.classic.InternalHttpClient - ep-00000001: connecting endpoint (30 SECONDS)
21:51:46.949 [main] DEBUG org.apache.hc.client5.http.impl.io.PoolingHttpClientConnectionManager - ep-00000001: connecting endpoint to https://chromedriver.storage.googleapis.com:443 (30 SECONDS)
21:51:46.950 [main] DEBUG org.apache.hc.client5.http.impl.io.DefaultHttpClientConnectionOperator - http-outgoing-1: connecting to chromedriver.storage.googleapis.com/142.251.223.27:443
21:51:46.950 [main] DEBUG org.apache.hc.client5.http.ssl.SSLConnectionSocketFactory - Connecting socket to chromedriver.storage.googleapis.com/142.251.223.27:443 with timeout 30 SECONDS
21:51:46.968 [main] DEBUG org.apache.hc.client5.http.ssl.SSLConnectionSocketFactory - Enabled protocols: [TLSv1.3, TLSv1.2]
21:51:46.968 [main] DEBUG org.apache.hc.client5.http.ssl.SSLConnectionSocketFactory - Enabled cipher suites: [TLS_AES_256_GCM_SHA384, TLS_AES_128_GCM_SHA256, TLS_CHACHA20_POLY1305_SHA256, TLS_ECDHE_ECDSA_WITH_AES_256_GCM_SHA384, TLS_ECDHE_ECDSA_WITH_AES_128_GCM_SHA256, TLS_ECDHE_ECDSA_WITH_CHACHA20_POLY1305_SHA256, TLS_ECDHE_RSA_WITH_AES_256_GCM_SHA384, TLS_ECDHE_RSA_WITH_CHACHA20_POLY1305_SHA256, TLS_ECDHE_RSA_WITH_AES_128_GCM_SHA256, TLS_DHE_RSA_WITH_AES_256_GCM_SHA384, TLS_DHE_RSA_WITH_CHACHA20_POLY1305_SHA256, TLS_DHE_DSS_WITH_AES_256_GCM_SHA384, TLS_DHE_RSA_WITH_AES_128_GCM_SHA256, TLS_DHE_DSS_WITH_AES_128_GCM_SHA256, TLS_ECDHE_ECDSA_WITH_AES_256_CBC_SHA384, TLS_ECDHE_RSA_WITH_AES_256_CBC_SHA384, TLS_ECDHE_ECDSA_WITH_AES_128_CBC_SHA256, TLS_ECDHE_RSA_WITH_AES_128_CBC_SHA256, TLS_DHE_RSA_WITH_AES_256_CBC_SHA256, TLS_DHE_DSS_WITH_AES_256_CBC_SHA256, TLS_DHE_RSA_WITH_AES_128_CBC_SHA256, TLS_DHE_DSS_WITH_AES_128_CBC_SHA256, TLS_ECDH_ECDSA_WITH_AES_256_GCM_SHA384, TLS_ECDH_RSA_WITH_AES_256_GCM_SHA384, TLS_ECDH_ECDSA_WITH_AES_128_GCM_SHA256, TLS_ECDH_RSA_WITH_AES_128_GCM_SHA256, TLS_ECDH_ECDSA_WITH_AES_256_CBC_SHA384, TLS_ECDH_RSA_WITH_AES_256_CBC_SHA384, TLS_ECDH_ECDSA_WITH_AES_128_CBC_SHA256, TLS_ECDH_RSA_WITH_AES_128_CBC_SHA256, TLS_ECDHE_ECDSA_WITH_AES_256_CBC_SHA, TLS_ECDHE_RSA_WITH_AES_256_CBC_SHA, TLS_ECDHE_ECDSA_WITH_AES_128_CBC_SHA, TLS_ECDHE_RSA_WITH_AES_128_CBC_SHA, TLS_DHE_RSA_WITH_AES_256_CBC_SHA, TLS_DHE_DSS_WITH_AES_256_CBC_SHA, TLS_DHE_RSA_WITH_AES_128_CBC_SHA, TLS_DHE_DSS_WITH_AES_128_CBC_SHA, TLS_ECDH_ECDSA_WITH_AES_256_CBC_SHA, TLS_ECDH_RSA_WITH_AES_256_CBC_SHA, TLS_ECDH_ECDSA_WITH_AES_128_CBC_SHA, TLS_ECDH_RSA_WITH_AES_128_CBC_SHA, TLS_RSA_WITH_AES_256_GCM_SHA384, TLS_RSA_WITH_AES_128_GCM_SHA256, TLS_RSA_WITH_AES_256_CBC_SHA256, TLS_RSA_WITH_AES_128_CBC_SHA256, TLS_RSA_WITH_AES_256_CBC_SHA, TLS_RSA_WITH_AES_128_CBC_SHA, TLS_EMPTY_RENEGOTIATION_INFO_SCSV]
21:51:46.969 [main] DEBUG org.apache.hc.client5.http.ssl.SSLConnectionSocketFactory - Starting handshake
21:51:47.051 [main] DEBUG org.apache.hc.client5.http.ssl.SSLConnectionSocketFactory - Secure session established
21:51:47.051 [main] DEBUG org.apache.hc.client5.http.ssl.SSLConnectionSocketFactory -  negotiated protocol: TLSv1.3
21:51:47.051 [main] DEBUG org.apache.hc.client5.http.ssl.SSLConnectionSocketFactory -  negotiated cipher suite: TLS_AES_256_GCM_SHA384
21:51:47.051 [main] DEBUG org.apache.hc.client5.http.ssl.SSLConnectionSocketFactory -  peer principal: CN=*.storage.googleapis.com
21:51:47.052 [main] DEBUG org.apache.hc.client5.http.ssl.SSLConnectionSocketFactory -  peer alternative names: [*.storage.googleapis.com, *.googleapis.com, commondatastorage.googleapis.com, *.commondatastorage.googleapis.com, storage.googleapis.com, storage-p2.googleapis.com, *.storage-p2.googleapis.com, storage.mtls.googleapis.com, *.appspot.com.storage.googleapis.com, *.content-storage.googleapis.com, *.content-storage-p2.googleapis.com, *.content-storage-upload.googleapis.com, *.content-storage-download.googleapis.com, *.storage-upload.googleapis.com, *.storage-download.googleapis.com]
21:51:47.052 [main] DEBUG org.apache.hc.client5.http.ssl.SSLConnectionSocketFactory -  issuer principal: CN=GTS CA 1C3, O=Google Trust Services LLC, C=US
21:51:47.052 [main] DEBUG org.apache.hc.client5.http.impl.io.DefaultHttpClientConnectionOperator - http-outgoing-1: connection established 192.168.100.42:62204<->142.251.223.27:443
21:51:47.052 [main] DEBUG org.apache.hc.client5.http.impl.io.PoolingHttpClientConnectionManager - ep-00000001: connected http-outgoing-1
21:51:47.052 [main] DEBUG org.apache.hc.client5.http.impl.classic.InternalHttpClient - ep-00000001: endpoint connected
21:51:47.052 [main] DEBUG org.apache.hc.client5.http.impl.classic.MainClientExec - ex-00000002: executing GET /LATEST_RELEASE_117 HTTP/1.1
21:51:47.052 [main] DEBUG org.apache.hc.client5.http.impl.classic.InternalHttpClient - ep-00000001: start execution ex-00000002
21:51:47.052 [main] DEBUG org.apache.hc.client5.http.impl.io.PoolingHttpClientConnectionManager - ep-00000001: executing exchange ex-00000002 over http-outgoing-1
21:51:47.052 [main] DEBUG org.apache.hc.client5.http.headers - http-outgoing-1 >> GET /LATEST_RELEASE_117 HTTP/1.1
21:51:47.052 [main] DEBUG org.apache.hc.client5.http.headers - http-outgoing-1 >> user-agent: Apache-HttpClient/5.0
21:51:47.053 [main] DEBUG org.apache.hc.client5.http.headers - http-outgoing-1 >> accept-encoding: gzip, deflate, br
21:51:47.053 [main] DEBUG org.apache.hc.client5.http.headers - http-outgoing-1 >> cache-control: max-age=0
21:51:47.053 [main] DEBUG org.apache.hc.client5.http.headers - http-outgoing-1 >> connection: keep-alive
21:51:47.053 [main] DEBUG org.apache.hc.client5.http.headers - http-outgoing-1 >> Host: chromedriver.storage.googleapis.com
21:51:47.053 [main] DEBUG org.apache.hc.client5.http.wire - http-outgoing-1 >> "GET /LATEST_RELEASE_117 HTTP/1.1[\r][\n]"
21:51:47.053 [main] DEBUG org.apache.hc.client5.http.wire - http-outgoing-1 >> "user-agent: Apache-HttpClient/5.0[\r][\n]"
21:51:47.053 [main] DEBUG org.apache.hc.client5.http.wire - http-outgoing-1 >> "accept-encoding: gzip, deflate, br[\r][\n]"
21:51:47.053 [main] DEBUG org.apache.hc.client5.http.wire - http-outgoing-1 >> "cache-control: max-age=0[\r][\n]"
21:51:47.053 [main] DEBUG org.apache.hc.client5.http.wire - http-outgoing-1 >> "connection: keep-alive[\r][\n]"
21:51:47.053 [main] DEBUG org.apache.hc.client5.http.wire - http-outgoing-1 >> "Host: chromedriver.storage.googleapis.com[\r][\n]"
21:51:47.053 [main] DEBUG org.apache.hc.client5.http.wire - http-outgoing-1 >> "[\r][\n]"
21:51:47.329 [main] DEBUG org.apache.hc.client5.http.wire - http-outgoing-1 << "HTTP/1.1 404 Not Found[\r][\n]"
21:51:47.331 [main] DEBUG org.apache.hc.client5.http.wire - http-outgoing-1 << "X-GUploader-UploadID: ADPycdtEupqgvrF0897s-KrYe9GbyM9z13MD6VOxqKQ-r3DqQ9m8f0zrgOSs5JN2mZUJXV3ivfSAK_iuczXVTYuWsJ0MFAIH1h_h[\r][\n]"
21:51:47.331 [main] DEBUG org.apache.hc.client5.http.wire - http-outgoing-1 << "Content-Type: application/xml; charset=UTF-8[\r][\n]"
21:51:47.331 [main] DEBUG org.apache.hc.client5.http.wire - http-outgoing-1 << "Content-Length: 193[\r][\n]"
21:51:47.331 [main] DEBUG org.apache.hc.client5.http.wire - http-outgoing-1 << "Date: Thu, 05 Oct 2023 14:51:47 GMT[\r][\n]"
21:51:47.331 [main] DEBUG org.apache.hc.client5.http.wire - http-outgoing-1 << "Expires: Thu, 05 Oct 2023 14:51:47 GMT[\r][\n]"
21:51:47.331 [main] DEBUG org.apache.hc.client5.http.wire - http-outgoing-1 << "Cache-Control: private, max-age=0[\r][\n]"
21:51:47.331 [main] DEBUG org.apache.hc.client5.http.wire - http-outgoing-1 << "Server: UploadServer[\r][\n]"
21:51:47.332 [main] DEBUG org.apache.hc.client5.http.wire - http-outgoing-1 << "Alt-Svc: h3=":443"; ma=2592000,h3-29=":443"; ma=2592000[\r][\n]"
21:51:47.332 [main] DEBUG org.apache.hc.client5.http.wire - http-outgoing-1 << "[\r][\n]"
21:51:47.332 [main] DEBUG org.apache.hc.client5.http.wire - http-outgoing-1 << "<?xml version='1.0' encoding='UTF-8'?><Error><Code>NoSuchKey</Code><Message>The specified key does not exist.</Message><Details>No such object: chromedriver/LATEST_RELEASE_117</Details></Error>"
21:51:47.333 [main] DEBUG org.apache.hc.client5.http.headers - http-outgoing-1 << HTTP/1.1 404 Not Found
21:51:47.334 [main] DEBUG org.apache.hc.client5.http.headers - http-outgoing-1 << X-GUploader-UploadID: ADPycdtEupqgvrF0897s-KrYe9GbyM9z13MD6VOxqKQ-r3DqQ9m8f0zrgOSs5JN2mZUJXV3ivfSAK_iuczXVTYuWsJ0MFAIH1h_h
21:51:47.334 [main] DEBUG org.apache.hc.client5.http.headers - http-outgoing-1 << Content-Type: application/xml; charset=UTF-8
21:51:47.334 [main] DEBUG org.apache.hc.client5.http.headers - http-outgoing-1 << Content-Length: 193
21:51:47.334 [main] DEBUG org.apache.hc.client5.http.headers - http-outgoing-1 << Date: Thu, 05 Oct 2023 14:51:47 GMT
21:51:47.334 [main] DEBUG org.apache.hc.client5.http.headers - http-outgoing-1 << Expires: Thu, 05 Oct 2023 14:51:47 GMT
21:51:47.334 [main] DEBUG org.apache.hc.client5.http.headers - http-outgoing-1 << Cache-Control: private, max-age=0
21:51:47.335 [main] DEBUG org.apache.hc.client5.http.headers - http-outgoing-1 << Server: UploadServer
21:51:47.335 [main] DEBUG org.apache.hc.client5.http.headers - http-outgoing-1 << Alt-Svc: h3=":443"; ma=2592000,h3-29=":443"; ma=2592000
21:51:47.336 [main] DEBUG org.apache.hc.client5.http.impl.classic.MainClientExec - ex-00000002: connection can be kept alive for 3 MINUTES
21:51:47.337 [main] ERROR io.github.bonigarcia.wdm.online.HttpClient - Error HTTP 404 executing https://chromedriver.storage.googleapis.com/LATEST_RELEASE_117
21:51:47.337 [main] WARN io.github.bonigarcia.wdm.versions.VersionDetector - Exception reading https://chromedriver.storage.googleapis.com/LATEST_RELEASE_117 to get latest version of chromedriver (Error HTTP 404 executing https://chromedriver.storage.googleapis.com/LATEST_RELEASE_117)
21:51:47.340 [main] DEBUG io.github.bonigarcia.wdm.versions.VersionDetector - Getting driver version for chrome117 from online versions.properties
21:51:47.344 [main] DEBUG org.apache.hc.client5.http.impl.classic.InternalHttpClient - ex-00000003: preparing request execution
21:51:47.344 [main] DEBUG org.apache.hc.client5.http.protocol.RequestAddCookies - Cookie spec selected: strict
21:51:47.344 [main] DEBUG org.apache.hc.client5.http.protocol.RequestAuthCache - Auth cache not set in the context
21:51:47.345 [main] DEBUG org.apache.hc.client5.http.impl.classic.ProtocolExec - ex-00000003: target auth state: UNCHALLENGED
21:51:47.345 [main] DEBUG org.apache.hc.client5.http.impl.classic.ProtocolExec - ex-00000003: proxy auth state: UNCHALLENGED
21:51:47.345 [main] DEBUG org.apache.hc.client5.http.impl.classic.ConnectExec - ex-00000003: acquiring connection with route {s}->https://raw.githubusercontent.com:443
21:51:47.345 [main] DEBUG org.apache.hc.client5.http.impl.classic.InternalHttpClient - ex-00000003: acquiring endpoint (3 MINUTES)
21:51:47.346 [main] DEBUG org.apache.hc.client5.http.impl.io.PoolingHttpClientConnectionManager - ex-00000003: endpoint lease request (3 MINUTES) [route: {s}->https://raw.githubusercontent.com:443][total available: 1; route allocated: 1 of 5; total allocated: 2 of 25]
21:51:47.346 [main] DEBUG org.apache.hc.client5.http.impl.io.PoolingHttpClientConnectionManager - ex-00000003: endpoint leased [route: {s}->https://raw.githubusercontent.com:443][total available: 0; route allocated: 1 of 5; total allocated: 2 of 25]
21:51:47.347 [main] DEBUG org.apache.hc.client5.http.impl.io.PoolingHttpClientConnectionManager - ex-00000003: acquired ep-00000002
21:51:47.347 [main] DEBUG org.apache.hc.client5.http.impl.classic.InternalHttpClient - ex-00000003: acquired endpoint ep-00000002
21:51:47.347 [main] DEBUG org.apache.hc.client5.http.impl.classic.MainClientExec - ex-00000003: executing GET /bonigarcia/webdrivermanager/master/src/main/resources/versions.properties HTTP/1.1
21:51:47.348 [main] DEBUG org.apache.hc.client5.http.impl.classic.InternalHttpClient - ep-00000002: start execution ex-00000003
21:51:47.348 [main] DEBUG org.apache.hc.client5.http.impl.io.PoolingHttpClientConnectionManager - ep-00000002: executing exchange ex-00000003 over http-outgoing-0
21:51:47.348 [main] DEBUG org.apache.hc.client5.http.headers - http-outgoing-0 >> GET /bonigarcia/webdrivermanager/master/src/main/resources/versions.properties HTTP/1.1
21:51:47.348 [main] DEBUG org.apache.hc.client5.http.headers - http-outgoing-0 >> user-agent: Apache-HttpClient/5.0
21:51:47.348 [main] DEBUG org.apache.hc.client5.http.headers - http-outgoing-0 >> accept-encoding: gzip, deflate, br
21:51:47.349 [main] DEBUG org.apache.hc.client5.http.headers - http-outgoing-0 >> cache-control: max-age=0
21:51:47.349 [main] DEBUG org.apache.hc.client5.http.headers - http-outgoing-0 >> connection: keep-alive
21:51:47.349 [main] DEBUG org.apache.hc.client5.http.headers - http-outgoing-0 >> Host: raw.githubusercontent.com
21:51:47.349 [main] DEBUG org.apache.hc.client5.http.wire - http-outgoing-0 >> "GET /bonigarcia/webdrivermanager/master/src/main/resources/versions.properties HTTP/1.1[\r][\n]"
21:51:47.349 [main] DEBUG org.apache.hc.client5.http.wire - http-outgoing-0 >> "user-agent: Apache-HttpClient/5.0[\r][\n]"
21:51:47.349 [main] DEBUG org.apache.hc.client5.http.wire - http-outgoing-0 >> "accept-encoding: gzip, deflate, br[\r][\n]"
21:51:47.349 [main] DEBUG org.apache.hc.client5.http.wire - http-outgoing-0 >> "cache-control: max-age=0[\r][\n]"
21:51:47.350 [main] DEBUG org.apache.hc.client5.http.wire - http-outgoing-0 >> "connection: keep-alive[\r][\n]"
21:51:47.350 [main] DEBUG org.apache.hc.client5.http.wire - http-outgoing-0 >> "Host: raw.githubusercontent.com[\r][\n]"
21:51:47.350 [main] DEBUG org.apache.hc.client5.http.wire - http-outgoing-0 >> "[\r][\n]"
21:51:47.388 [main] DEBUG org.apache.hc.client5.http.wire - http-outgoing-0 << "HTTP/1.1 200 OK[\r][\n]"
21:51:47.388 [main] DEBUG org.apache.hc.client5.http.wire - http-outgoing-0 << "Connection: keep-alive[\r][\n]"
21:51:47.388 [main] DEBUG org.apache.hc.client5.http.wire - http-outgoing-0 << "Content-Length: 1625[\r][\n]"
21:51:47.388 [main] DEBUG org.apache.hc.client5.http.wire - http-outgoing-0 << "Cache-Control: max-age=300[\r][\n]"
21:51:47.389 [main] DEBUG org.apache.hc.client5.http.wire - http-outgoing-0 << "Content-Security-Policy: default-src 'none'; style-src 'unsafe-inline'; sandbox[\r][\n]"
21:51:47.389 [main] DEBUG org.apache.hc.client5.http.wire - http-outgoing-0 << "Content-Type: text/plain; charset=utf-8[\r][\n]"
21:51:47.389 [main] DEBUG org.apache.hc.client5.http.wire - http-outgoing-0 << "ETag: W/"51a99ebb5fa30c7285d42b08929913814dd238f6403d61fccadee50390eab957"[\r][\n]"
21:51:47.389 [main] DEBUG org.apache.hc.client5.http.wire - http-outgoing-0 << "Strict-Transport-Security: max-age=31536000[\r][\n]"
21:51:47.390 [main] DEBUG org.apache.hc.client5.http.wire - http-outgoing-0 << "X-Content-Type-Options: nosniff[\r][\n]"
21:51:47.390 [main] DEBUG org.apache.hc.client5.http.wire - http-outgoing-0 << "X-Frame-Options: deny[\r][\n]"
21:51:47.390 [main] DEBUG org.apache.hc.client5.http.wire - http-outgoing-0 << "X-XSS-Protection: 1; mode=block[\r][\n]"
21:51:47.390 [main] DEBUG org.apache.hc.client5.http.wire - http-outgoing-0 << "X-GitHub-Request-Id: ADC8:C8321:F9E48:13930E:651E6E7C[\r][\n]"
21:51:47.391 [main] DEBUG org.apache.hc.client5.http.wire - http-outgoing-0 << "Content-Encoding: gzip[\r][\n]"
21:51:47.391 [main] DEBUG org.apache.hc.client5.http.wire - http-outgoing-0 << "Accept-Ranges: bytes[\r][\n]"
21:51:47.391 [main] DEBUG org.apache.hc.client5.http.wire - http-outgoing-0 << "Date: Thu, 05 Oct 2023 14:51:48 GMT[\r][\n]"
21:51:47.392 [main] DEBUG org.apache.hc.client5.http.wire - http-outgoing-0 << "Via: 1.1 varnish[\r][\n]"
21:51:47.392 [main] DEBUG org.apache.hc.client5.http.wire - http-outgoing-0 << "X-Served-By: cache-qpg1259-QPG[\r][\n]"
21:51:47.392 [main] DEBUG org.apache.hc.client5.http.wire - http-outgoing-0 << "X-Cache: HIT[\r][\n]"
21:51:47.392 [main] DEBUG org.apache.hc.client5.http.wire - http-outgoing-0 << "X-Cache-Hits: 1[\r][\n]"
21:51:47.392 [main] DEBUG org.apache.hc.client5.http.wire - http-outgoing-0 << "X-Timer: S1696517508.044901,VS0,VE1[\r][\n]"
21:51:47.393 [main] DEBUG org.apache.hc.client5.http.wire - http-outgoing-0 << "Vary: Authorization,Accept-Encoding,Origin[\r][\n]"
21:51:47.395 [main] DEBUG org.apache.hc.client5.http.wire - http-outgoing-0 << "Access-Control-Allow-Origin: *[\r][\n]"
21:51:47.396 [main] DEBUG org.apache.hc.client5.http.wire - http-outgoing-0 << "Cross-Origin-Resource-Policy: cross-origin[\r][\n]"
21:51:47.396 [main] DEBUG org.apache.hc.client5.http.wire - http-outgoing-0 << "X-Fastly-Request-ID: c527b178fcbb3703a170b8eb727d041fe76d1de1[\r][\n]"
21:51:47.397 [main] DEBUG org.apache.hc.client5.http.wire - http-outgoing-0 << "Expires: Thu, 05 Oct 2023 14:56:48 GMT[\r][\n]"
21:51:47.397 [main] DEBUG org.apache.hc.client5.http.wire - http-outgoing-0 << "Source-Age: 147[\r][\n]"
21:51:47.397 [main] DEBUG org.apache.hc.client5.http.wire - http-outgoing-0 << "[\r][\n]"
21:51:47.398 [main] DEBUG org.apache.hc.client5.http.headers - http-outgoing-0 << HTTP/1.1 200 OK
21:51:47.399 [main] DEBUG org.apache.hc.client5.http.headers - http-outgoing-0 << Connection: keep-alive
21:51:47.399 [main] DEBUG org.apache.hc.client5.http.headers - http-outgoing-0 << Content-Length: 1625
21:51:47.399 [main] DEBUG org.apache.hc.client5.http.headers - http-outgoing-0 << Cache-Control: max-age=300
21:51:47.399 [main] DEBUG org.apache.hc.client5.http.headers - http-outgoing-0 << Content-Security-Policy: default-src 'none'; style-src 'unsafe-inline'; sandbox
21:51:47.400 [main] DEBUG org.apache.hc.client5.http.headers - http-outgoing-0 << Content-Type: text/plain; charset=utf-8
21:51:47.400 [main] DEBUG org.apache.hc.client5.http.headers - http-outgoing-0 << ETag: W/"51a99ebb5fa30c7285d42b08929913814dd238f6403d61fccadee50390eab957"
21:51:47.400 [main] DEBUG org.apache.hc.client5.http.headers - http-outgoing-0 << Strict-Transport-Security: max-age=31536000
21:51:47.400 [main] DEBUG org.apache.hc.client5.http.headers - http-outgoing-0 << X-Content-Type-Options: nosniff
21:51:47.401 [main] DEBUG org.apache.hc.client5.http.headers - http-outgoing-0 << X-Frame-Options: deny
21:51:47.401 [main] DEBUG org.apache.hc.client5.http.headers - http-outgoing-0 << X-XSS-Protection: 1; mode=block
21:51:47.401 [main] DEBUG org.apache.hc.client5.http.headers - http-outgoing-0 << X-GitHub-Request-Id: ADC8:C8321:F9E48:13930E:651E6E7C
21:51:47.401 [main] DEBUG org.apache.hc.client5.http.headers - http-outgoing-0 << Content-Encoding: gzip
21:51:47.401 [main] DEBUG org.apache.hc.client5.http.headers - http-outgoing-0 << Accept-Ranges: bytes
21:51:47.401 [main] DEBUG org.apache.hc.client5.http.headers - http-outgoing-0 << Date: Thu, 05 Oct 2023 14:51:48 GMT
21:51:47.401 [main] DEBUG org.apache.hc.client5.http.headers - http-outgoing-0 << Via: 1.1 varnish
21:51:47.401 [main] DEBUG org.apache.hc.client5.http.headers - http-outgoing-0 << X-Served-By: cache-qpg1259-QPG
21:51:47.401 [main] DEBUG org.apache.hc.client5.http.headers - http-outgoing-0 << X-Cache: HIT
21:51:47.402 [main] DEBUG org.apache.hc.client5.http.headers - http-outgoing-0 << X-Cache-Hits: 1
21:51:47.402 [main] DEBUG org.apache.hc.client5.http.headers - http-outgoing-0 << X-Timer: S1696517508.044901,VS0,VE1
21:51:47.402 [main] DEBUG org.apache.hc.client5.http.headers - http-outgoing-0 << Vary: Authorization,Accept-Encoding,Origin
21:51:47.402 [main] DEBUG org.apache.hc.client5.http.headers - http-outgoing-0 << Access-Control-Allow-Origin: *
21:51:47.402 [main] DEBUG org.apache.hc.client5.http.headers - http-outgoing-0 << Cross-Origin-Resource-Policy: cross-origin
21:51:47.402 [main] DEBUG org.apache.hc.client5.http.headers - http-outgoing-0 << X-Fastly-Request-ID: c527b178fcbb3703a170b8eb727d041fe76d1de1
21:51:47.403 [main] DEBUG org.apache.hc.client5.http.headers - http-outgoing-0 << Expires: Thu, 05 Oct 2023 14:56:48 GMT
21:51:47.403 [main] DEBUG org.apache.hc.client5.http.headers - http-outgoing-0 << Source-Age: 147
21:51:47.404 [main] DEBUG org.apache.hc.client5.http.impl.classic.MainClientExec - ex-00000003: connection can be kept alive for 3 MINUTES
21:51:47.406 [main] DEBUG org.apache.hc.client5.http.wire - http-outgoing-0 << "[0x1f][0xffffff8b][0x8][0x0][0x0][0x0][0x0][0x0][0x0][0x3][0xffffff8d][0xffffff97]Ko#7[0xc][0xffffffc7][0xffffffef][0xfffffff9][0x14][0x3][0xfffffff4][0x1c]YO[0xffffff8a][\n]"
21:51:47.407 [main] DEBUG org.apache.hc.client5.http.wire - http-outgoing-0 << "[0xffffffa0]K[0xffffff9f][0xffffffa7][0xffffffa2][0xffffff87][0xfffffff6][0xb]x[0xffffffed]Ib[0xffffffac][0xffffffe3][0x9]lg[0xffffffb3][0xffffffe8][0xffffffa7]/[0xfffffff5][0xffffffa0]F[0xffffff96][[0xffffffa0][0xffffff87]`[0xffffff97]?k$[0xffffff92][0xffffffe2]p[0xfffffffe][0xfffffffc]a[0xfffffffa][0xffffffeb][0xfffffff5]p[0xffffff99][0xffffff9e][0xf][0xffffffc7]y[0xffffffda]-[0xffffffa7][0xffffffeb][0xfffffff6]p[0xffffffba]L[0xffffffd7][0xffffffd7]y[0xfffffffa]zZ>O[0xffffffd3][0xfffffffe]|[0xfffffff8]6[0xffffff9f]'[0xfffffffa][0xffffffbb][0x1c][0x16][0xfffffffa]e[0xffffffb7][0xffffffbc][0xffffffbd]o[0xffffffaf][0xffffff87]/[0xffffffb4][0xfffffffa][0xfffffff3]p}[0xffffffcd]+w[0xffffffcb][0xfffffff9]<_[0xffffffde][0xffffff97][0xffffffd3][0xfffffffe]pz[0xffffff99][0xffffffbe][0xffffff9c][0xffffff97][0xffffffcf][0xffffffcb][0xfffffffa][0xffffffc8][0xffffffc3][0xffffffc3][0xf][0xffffffd3][0xffffff8f][0x5]=M[0xffffffbf]-[0xffffffcb][0xb]=[0xfffffff9][0xffffffd3][0xffffffeb]yy[0xffffff9b][0xffffffa7][0xffffffed]i_[0xfffffffe]{[0xfffffff8]x[0xffffff9b][0x1e][0xffffffa7][0xffffff9f][0xfffffff3]QO[0xffffffd3].[0xffffffff]Z[0xe][0xffffffa6][0xffffff87][0xffffffff]\>[0xffffffce][0xffffffbb][0xfffffff9]iz[0xffffffbd]^[0xffffffdf][0xffffff9f]6[0xffffff9b][0xfffffffe]W[0xffffffb1][0xffffffab]O[0xffffff8b][0xffffffe5][0xfffffffc][0xffffffb2][0xffffffd9][0xffffff93][0xffffffbf][0xffffffc7]e[0xffffffbb][0xffffffbf]<[0xffffff94]5J[0xffffffd9]H[0x7f]B[\n]"
21:51:47.407 [main] DEBUG org.apache.hc.client5.http.wire - http-outgoing-0 << "[0xffffffe7][0xffffff8d][0x13]A6n[0xffffff88][0xffffff9b][0xffffffc4][0xffffffc1]k[0x1][0xffffffa6]qM\g[0xffffffae][0xffffff9c][0xffffffb0][0xffffffa1]qE\%[0xffffffee][0xffffffc0][0x8][0xffffffb0][0xffffff8d]K[0xffffffe2]2q[0xffffff8b]Jx[0xffffffcf]\[0xffffff86]H[0x7f][0xffffff99][0xffffffd3][0xfffffff1][0xffffffbe][0xffffffad][0xffffff97]H[0x1c][0x13]7.[0x8][0xffffffaf][0x1a][0xfffffff7][0xffffffc4]}[0xffffffe6][0xffffffd2][\n]"
21:51:47.408 [main] DEBUG org.apache.hc.client5.http.wire - http-outgoing-0 << "[0xffffffd0][0xffffff8d][0x3]qH\[0xffffffdb] `][0xffffffef][0xffffff88][0xffffffbb][0xffffffc4]Up[0xfffffff4]c[0xffffffe3][0x14][0xffffffaf][0xffffffcc][0xfffffff1][0xffffffa6]0|[0xfffffff3]_R[0xffffffbc]2[0xffffffc7]+A[\n]"
21:51:47.408 [main] DEBUG org.apache.hc.client5.http.wire - http-outgoing-0 << "eV[0xffffff87](`[0xffffff99][0x3][0xffffff96][0xffffffb4]_w[0x0][0x5],S[0xffffffc0]68%[0xffffffec][0xffffffca])`[0xffffff99][0x2][0xffffffb6][0x18]@[0x0]'4[0xffffff84][0x18]B[0xffffffa6][0xffffffd6][0xffffffd2][0xffffffd9]L1[0xffffff86][0x14][0xffffffac][0xfffffff5][0xe][0x5][0x1d][0xffffffc3][0xffffffd8][0xffffffc7][0xffffff90]b[0xffffffb5][0x10][0xfffffff4][0xffffff9a][0xffffff83][0x0]1@[0xffffffa6]`[0xffffff85]uL][0xc].S[0xffffff83][0x2]8[0xffffff9e]`c[0xffffffb0][0xffffff99]Rr[0xffffffe8]"[0x19][0xffffff9b][0x18]R[0xffffff90][0xffffffd6]y[0xffffffbf]^j[0xffffffd0]1[0xffffffe8]L[0xffffffe9]J)[0xffffffcb][0xffffff8c]U[0xc]9@K[0x15]@[0xffffffb1]2[0xffffff96]1[0xffffffe4][0xfffffff8][0xffffffac][0xffffff91]Bs[0xffffff9e]0D[0xffffffcc][0xfffffff1][0x19][0xfffffffa]G[0xfffffff3][0xffffffce][0xffffff88][0x11]s|F[[0x11][0xffffff80][0xffffffa9][0xffffff8f][0xffffff98][0xffffffc3][0xffffffd3]([0x5]"S[0xffffff88][0xffffff98][0xffffffc3][0xffffffd3][0xffffff96][0xfffffff6][0xffffffe5]T[0xffffffa0][0xffffff8b][0xffffff98][0xffffffc3]Sh[0x4][0xffffffb2]kh#[0xffffffe6][0xfffffff0][0xffffff94][0xfffffff5][0xffffffc2]p[0xffffff8e][0xffffffd1]D[0xffffffcc][0xffffffd1][0xffffffa5][0xffffff9b]4[0xffffff9c][\n]"
21:51:47.409 [main] DEBUG org.apache.hc.client5.http.wire - http-outgoing-0 << "T[0x11]s[0x18][0xffffff92]2[0xffffffaf]L;NFLa[0xffffff98]@[0xffffffbe]P[0x9]U[0xffffffec]C[0xfffffff4]!c[0xffffffeb][0xffffff84]i[0x14][0xffffffa3][0xffffffc7]L[0xffffffa9]v[0xffffffa8][0xffffffae][0x18][0xfffffffb][0xffffffe8]S [0x6][0xffffff81][0xffffffde][0x5]v[0xffffffc3]C[0xfffffff4][0xffffff90])[0x15][0xffffffb8][0xffffffd2]m[0xf][0x17]}[0xffffff8a][0xffffffc4]xO[0x5][0xffffffb6][0xffffffae][0xffffffb6][0xffffffd1][0xffffffdb][0xffffff8c]5[0xffffffd5]/C[0x13]}[0xffffff8a][0xffffffc4][0x0][0x5][0x4][0xffffffec][0xffffffb2][0xffffffd7]Q[0xffffffd3][0xffffff8d][0xffffffb2][0xffffffa5]n,[0xffffff99],v[0xc]B[0xffffffb2][0xfffffff8]n[0x0][0xffffff93][0xffffffc5][0x19][0x5][0xffffff9f],[0xffffffbe]M[0xffffff80]d[0xffffffb1]3[0xffffffe0][0xffffffc8]j)[0x2][0xffffff9b],[0xffffffce]9[0xffffff98]d[0xfffffff1]y[0xffffff90]|1[0xffffffed][0xffffffbc][0xffffffe4]K{g [0xfffffff9]b[0xffffffcc]MW[0xfffffffb]}[0xfffffff9][0xfffffffb]p<n[0xffffffa7]_[0xf][0xffffffe7][0xfffffff9]y[0xfffffff9][0xffffffde][0xffffffb5][0xffffffb2][0xffffff97]y[0xfffffff7]u[0xfffffff9][0xffffffd7]Nv[0xffffffa1]V[0xfffffff6]B[\r][0xfffffff4][0xffffffe3][0xffffff8b][0xffffffa0][0xffffff96][0xffffffba]y+[l[0xffffffba][0x7]6[0xffffffe7][0xfffffff9]8o/[0xfffffff3][0xffffffe5][0xffffffe1][0xffffffb9][0xffffffec][0xffffffab][0x14]FJ[0x1b][0xffffffe5]n%[0xfffffffe][0xffffff8e][0xffffffc0][0x1d]qw[0xffffffc4][0xffffffde][0x11]sG[0xfffffff4][0x1d]QwD&[0xffffffa2][0xffffff85]n[0xffffff84]:_&[0xffffffeb][0x1a][0xffffff89]w[0xffffffc4][0xffffffdf][0x11][0xffffffb8]#[0xffffffee][0xffffff8e]d[0xffffff9f]UO[0xffffffcc][0x1d][0xffffffd1]wD[0xffffffdd][0x11]9[0xffffff90][0x10]F[0xffffff80]#[0xfffffff0]#[0xffffff80][0x11][0xffffffb8][0x11][0xffffff8c][0xffffffde][0xffffff86][0xffffffd1][0xffffffd9]0[0xfffffffa][0x1a]FWC[0xfffffff2][0xffffff94][0xffffffde][0xffffff9b][0xe][0xffffff88][0xffffffe3][0xffffffe1][0xfffffff4][0xfffffff1][0xffffffbd]`[0xffffffc5][0x18][0xffffffc3][0xffffffb0][0xe]q[0x4]~[0x4]0[0x2]7[0x2];[0xffffff82][0x14][0xffffff80][0xffffffc6][0xe][0xffffffe8][0x11][0xffffffa4][0x0][0xffffffb4][0xffffffef][0xffffff80][0x1c][0xffffff80][0xf]#[0xffffffc8][0xffffff9e]B[0x7][0xfffffffc][0x8]`[0x4]n[0x4]v[0x4]f[0x4]z[0x4]j[0x4]r[0x0][0x10]F[0xffffff90]=u[0x1d][0xffffffc8][0xffffff9e][0xffffffda][0xe][0xffffffc0][0x8][0xffffffdc][0x8][0xffffffb2][0xffffffa7][0xffffffdd][0xb][0x4]f[0x4][0xffffffd9][0xffffffd3][0xffffffae][0xffffffec]!{[0xffffffda][0x15][0x5][0xffffffc8][0x1][0xffffffb8]0[0x2][0x1c][0xffffff81][0x1f]A[0xfffffff6]Tv[0xffffffc0]1[0xffffffe8][0xffffffbb][0xffffffda][0x1f][0xffffffef][0xfffffff3]y[0xffffffdb][0xfffffff5][0xffffffb2]%[0xffffffd9][0xffffffff][0xffffffa7][0xffffff97][0xffffffe5][0xffffff85][0xffffff97][0xffffffe5][0xfffffff9][0xfffffffa][0xffffffb9]=[0xffffffcf][0xffffffc5]b[0xffffff9d]6v[0xffffffb6][0xfffffffc]c[0xffffffd6]'*[0xffffffeb][0xffffff9f]@[0xffffffdf]ye4[0xfffffff3][0xffffffa4][0xffffffc7][0xffffffb2][0xfffffffe]A[0xfffffffa]`[0x5][0xffffffcf]8[0xffffffc9][0xffffffb1],[0x7f]<[0xffffffbd][0x12][0xffffff8a]4D[0xffffffe5][0xffffffb2][0xffffff97]{[0xffffffd4][0xffffff9d][\n]"
21:51:47.410 [main] DEBUG org.apache.hc.client5.http.wire - http-outgoing-0 << "[0xffffffa7][0x17][0xffffffbc]S{J[0xffffffd7]m[0xffffffe8]5[0xffffffef][0xffffffc4][0x1e]2[0xfffffff5]7R[0xffffffcf]U[\n]"
21:51:47.410 [main] DEBUG org.apache.hc.client5.http.wire - http-outgoing-0 << "[0xffffffbd][0xffffffd0][0xffffffa3][0xffffff83]*v[0xffffffbd][0xffffffce]S[0xffffff9a][0xffffffb1][0xffffffed]e^[0x8][0xffffff95][0xffffff9a]^[0xffffffe4][0xffffff91]2(T[0xfffffff7][0x12]O)^[0xffffffac]z[0xffffff85][0xffffff97][0xffffffc4]S[0xffffffc1][0xffffffb2][0x17]xX[0x3][0xffffffc7][0xffffffd0][0xffffffcb];[0xffffff80]Jq[0xffffffd0]v[0xffffff85][0xfffffffa]^[0xffffffd9][0xffffff91][0xffffff94]-[0x14]z][0xffffffd7]RD][0xffffffe1]F[0xffffffd7][0x15]h;Y[0xffffff87][0xffffffd5]1[0xffffffea][0xe]7[0xffffffa2][0xffffffae]@}[0xffffffab][0xffffffe9][\n]"
21:51:47.411 [main] DEBUG org.apache.hc.client5.http.wire - http-outgoing-0 << "T[0xffffff9d][0xffffffa4]s|[0xffffffbe][0xffffffec][0x14][0x1d][0xffffffbb]J[0xffffffdd][0xffffffe2]F[0xffffffcf][0x15][0xffffff88][0xffffff83][0xffffff9c]+[0xffffffd4]wj[0xffffffce]3[0xffffff84]N[0xffffffcb]a=[0xffffff9e][0xffffffda][0xffffffc7]*[0xffffffe5][0xffffffd8]{j![0xffffffab][0xffffff92][0xffffffa3][0x4]Wj:%[0x7][0xffffffbc][0xffffffa9][0xffffffee][0xffffff84][0x1c][0xffffffd6][0xb][0xffffffa7]~[0xffffffb2][0xffffffea][0xffffffb8]vY[0xffffffd4]TV[0x1d][0xffffff87][0xfffffff5]b[0xffffffa9][0xffffffb1][0xffffffac]2[0xffffff8e]+[0xffffff9a][0xffffff9a]K[0xffffffa7][0xffffffe2]T[\r][0xffffff95]:L/[0xffffffe2][0xffffffea]Y[0xffffffd4]fV[\r][0xffffffe7]yW[0xffffffd7]I8.ej7[0xffffffab][0xffffff80]k[0xffffffc5]I=[0xffffffa7][0x13]p[0xfffffffc][0xffffffaa]Q[0xffffffe3][0xffffffe9][0xfffffff4][;[0xffffffab][0xffffffea][0xffffffae]l[0xffffffb8][0xffffffd0][0x1b]Uu[0x15][0xffffffa3][0xffffff8a][0xffffffae]bT[0xffffffcd]U[0xffffff8c]*[0xffffffb9][0xffffff8a]Q[0x15]W1[0xffffffaa][0xffffffe0]*F[0xffffffd5][[0xffffffc5]PE`[0x15]Cv[0xffffff86]M[0x1e][0xffffffb0][0xffffffc7]6y`[0xffffffea]96y[0xffffffa0]k2,[0x14][0xffffffe3]F[0xffffffa1][0x1d]v[0xffffffe7]%[0xffffffb5][0xffffffa4][0xffffffe9][0xffffff97][0xfffffffd][0xffffffcb][0xffffffdc]5[0xffffffb5][0xffffffb7][0xffffffcb]L[0xffffffe0]?[0xffffffbb][0xffffffda]~[0xfffffffe]6[0x1f][0xffffffd3][0xffffffae][0xffffffe2][0xffffff8d]w[0xffffffc8]-n>=~\6[0xffffff8d]=[0xffffffa6]M6[0xffffffd7]e9^6[0xffffff9f][0xfffffff3][0xffffff97][0xffffffda][0xffffffe5][0x1e][0x12]][0xffffff87]P[0xffffff85][0xffffffd4][0xffffffea][0x15]V[0xffffffca]#[0xffffffa8][0xfffffff2][0xffffffa4][0xffffff90])[0xffffff93][0xffffff85][0xfffffff2][0x0][0xffffffaa][0xffffffbc][0xffffffce][0xffffff85]\([0xffffff8f][0xffffff9f][\n]"
21:51:47.411 [main] DEBUG org.apache.hc.client5.http.wire - http-outgoing-0 << "@[0xffffffa5][0xfffffff1][0xffffffb0]P[0x1e]>[0xffffff95][0xffffffa3][0xfffffffa][0xffffffa0][0xffffffec]e[0xffffffda]FO[0xffffffe5][0x14][\n]"
21:51:47.411 [main] DEBUG org.apache.hc.client5.http.wire - http-outgoing-0 << "_Ok[0xffffff83][0xffffffa7][0xffffffb2]@[0xfffffffb]B[0xffffffa5]<v[0xffffff92]`O[0x1f][0xffffffe5][0x2]y[0xffffffe6]T[0xffffffc6][0xffffffa7]O`[0xffffffa5]<q[0xffffffd2][0xfffffff0]h[0xffffffa8][0xffffff83]U[0xffffffca][0xfffffff3][0xffffffa6][0xffffffd2][0xfffffff4][0xffffffa6]z[0xffffffde][0xffffff81][0xffffffa7]M[0x1a][0xf]l[0xb][0xffffffa2][0xffffff8d][0xffffff9a]JS[0xffffffe1][0xffffff92]|/"
21:51:47.415 [main] DEBUG org.apache.hc.client5.http.wire - http-outgoing-0 << "[0xffffff94][0x7]M[0xffffffa5][0xffffff95]\[0xfffffff7][0xffffffe5]1[0xffffff93][0x14][0xffffffaf]K[0xffffffc3]N[0xffffffa2]<dR[0xffffffeb]O[0xffffff8d][0xffffffa2][0xffffffb0]:b[0xffffffaa][0x14]]M[0xc][0xffffffcf][0xffffff97][0x14][0xffffff9a]n[0xffffffac]N[0xffffff97][0x14][0xffffff83]m[0xffffffac][0xffffffce][0xffffff96][0xffffffe4]U;[0xffffff99]'[0xffffffcb]@=[0xffffffc6][0xffffffa8][0xffffff82][0xffffffea]T[0x19]([0xfffffff5][0xffffffa6][0xffffffae][0xffffffaa]#e[0xffffff90][0xffffffeb][0x1]u[0xffffff9c][0xffffffc4][0xffffffd4][0xffffffe9][0xffffffea][0xffffff83]u[0xffffff94]D[\n]"
21:51:47.415 [main] DEBUG org.apache.hc.client5.http.wire - http-outgoing-0 << "[0xffffffac][0x10][0x1e]#[0xffffffd3][0xffffff8d][0xffffff97][0xffffff8b][0xffffffe1][0x11][0xffffffd2]Sn[0xffffffeb]c<?[0x2][0xffffff84]z%<;[0x2][0xffffff95][0x4][0xffffff94]\[0xfffffff0][0xffffffe0][0xffffffe8]R[0xffffff82][0xffffffeb][0xffffffaa]:5[0xffffffba][0xffffffac]82[0xffffffe1][0xffffff89][0xffffff91]Z[0xffffff83][0xffffffab][0xffffffe7]Q[0xfffffff7]*[0xffffffdd]3[0xffffffb0]O<@[0xffffffd2]w[0xffffffb6]^U[0x1b][0x1e])b[0xffffffaa][0xffffffbb][0xffffffcc][0xffffffda][0xffffffe4][0xffffff98]j[0xffffffb6][0xffffff90]:5j[0xffffffcf][0xffffffa5][0xffffffc3][0x3][0xffffffa3]6[0xffffff8d][0xffffffd4]a1[0xffffffb5][0xffffffc5]J[0xffffffea][0xffffff9c][0xffffffa8][0xc][\r][0xffffffd2][0x5]Y[0x1b][0xffffffdf][0xffffffcf][0xfffffff3][0xffffffe3][0xffffffe1]t[0xffffffb9]n[0xffffff8f][0xffffffc7]y_[0xffffffa0][0xffffff8e][0xffffff90][0xffffffbe][0xffffffec][0xffffffa6][0xffffffd4][0xffffff89]U[0xffffff91]Z[0x18][0xffffffe8]P[0xffffffc2][0xffffffb7]2R[0xffffff9f][0xffffffa4][0xffffffaf]][0xffffffb9][0xf][0xffffff83][0xffffff91]^,kB1uj:t[0xffffffd3]XjDS1[0xffffffa5]K[0xffffffa6][0xffffff9e][0xfffffff4][0xf][0x3][0x1][0xffffffec][0xffffffa6][0xffffffeb][0x12][0x0][0x0]"
21:51:47.417 [main] DEBUG org.apache.hc.client5.http.impl.classic.InternalHttpClient - ep-00000002: releasing valid endpoint
21:51:47.417 [main] DEBUG org.apache.hc.client5.http.impl.io.PoolingHttpClientConnectionManager - ep-00000002: releasing endpoint
21:51:47.417 [main] DEBUG org.apache.hc.client5.http.impl.io.PoolingHttpClientConnectionManager - ep-00000002: connection http-outgoing-0 can be kept alive for 3 MINUTES
21:51:47.417 [main] DEBUG org.apache.hc.client5.http.impl.io.PoolingHttpClientConnectionManager - ep-00000002: connection released [route: {s}->https://raw.githubusercontent.com:443][total available: 1; route allocated: 1 of 5; total allocated: 2 of 25]
21:51:47.421 [main] DEBUG io.github.bonigarcia.wdm.versions.VersionDetector - Driver for chrome117 not found in online properties (using local versions.properties)
21:51:47.424 [main] DEBUG io.github.bonigarcia.wdm.WebDriverManager - The driver version for CHROME 117 is unknown ... trying with latest
21:51:47.430 [main] DEBUG org.apache.hc.client5.http.impl.classic.InternalHttpClient - ex-00000004: preparing request execution
21:51:47.431 [main] DEBUG org.apache.hc.client5.http.protocol.RequestAddCookies - Cookie spec selected: strict
21:51:47.431 [main] DEBUG org.apache.hc.client5.http.protocol.RequestAuthCache - Auth cache not set in the context
21:51:47.431 [main] DEBUG org.apache.hc.client5.http.impl.classic.ProtocolExec - ex-00000004: target auth state: UNCHALLENGED
21:51:47.431 [main] DEBUG org.apache.hc.client5.http.impl.classic.ProtocolExec - ex-00000004: proxy auth state: UNCHALLENGED
21:51:47.431 [main] DEBUG org.apache.hc.client5.http.impl.classic.ConnectExec - ex-00000004: acquiring connection with route {s}->https://chromedriver.storage.googleapis.com:443
21:51:47.431 [main] DEBUG org.apache.hc.client5.http.impl.classic.InternalHttpClient - ex-00000004: acquiring endpoint (3 MINUTES)
21:51:47.431 [main] DEBUG org.apache.hc.client5.http.impl.io.PoolingHttpClientConnectionManager - ex-00000004: endpoint lease request (3 MINUTES) [route: {s}->https://chromedriver.storage.googleapis.com:443][total available: 1; route allocated: 1 of 5; total allocated: 2 of 25]
21:51:47.432 [main] DEBUG org.apache.hc.client5.http.impl.io.PoolingHttpClientConnectionManager - ex-00000004: endpoint leased [route: {s}->https://chromedriver.storage.googleapis.com:443][total available: 1; route allocated: 2 of 5; total allocated: 3 of 25]
21:51:47.432 [main] DEBUG org.apache.hc.client5.http.impl.io.PoolingHttpClientConnectionManager - ex-00000004: acquired ep-00000003
21:51:47.432 [main] DEBUG org.apache.hc.client5.http.impl.classic.InternalHttpClient - ex-00000004: acquired endpoint ep-00000003
21:51:47.432 [main] DEBUG org.apache.hc.client5.http.impl.classic.ConnectExec - ex-00000004: opening connection {s}->https://chromedriver.storage.googleapis.com:443
21:51:47.432 [main] DEBUG org.apache.hc.client5.http.impl.classic.InternalHttpClient - ep-00000003: connecting endpoint (30 SECONDS)
21:51:47.432 [main] DEBUG org.apache.hc.client5.http.impl.io.PoolingHttpClientConnectionManager - ep-00000003: connecting endpoint to https://chromedriver.storage.googleapis.com:443 (30 SECONDS)
21:51:47.433 [main] DEBUG org.apache.hc.client5.http.impl.io.DefaultHttpClientConnectionOperator - http-outgoing-2: connecting to chromedriver.storage.googleapis.com/142.251.223.27:443
21:51:47.434 [main] DEBUG org.apache.hc.client5.http.ssl.SSLConnectionSocketFactory - Connecting socket to chromedriver.storage.googleapis.com/142.251.223.27:443 with timeout 30 SECONDS
21:51:47.457 [main] DEBUG org.apache.hc.client5.http.ssl.SSLConnectionSocketFactory - Enabled protocols: [TLSv1.3, TLSv1.2]
21:51:47.457 [main] DEBUG org.apache.hc.client5.http.ssl.SSLConnectionSocketFactory - Enabled cipher suites: [TLS_AES_256_GCM_SHA384, TLS_AES_128_GCM_SHA256, TLS_CHACHA20_POLY1305_SHA256, TLS_ECDHE_ECDSA_WITH_AES_256_GCM_SHA384, TLS_ECDHE_ECDSA_WITH_AES_128_GCM_SHA256, TLS_ECDHE_ECDSA_WITH_CHACHA20_POLY1305_SHA256, TLS_ECDHE_RSA_WITH_AES_256_GCM_SHA384, TLS_ECDHE_RSA_WITH_CHACHA20_POLY1305_SHA256, TLS_ECDHE_RSA_WITH_AES_128_GCM_SHA256, TLS_DHE_RSA_WITH_AES_256_GCM_SHA384, TLS_DHE_RSA_WITH_CHACHA20_POLY1305_SHA256, TLS_DHE_DSS_WITH_AES_256_GCM_SHA384, TLS_DHE_RSA_WITH_AES_128_GCM_SHA256, TLS_DHE_DSS_WITH_AES_128_GCM_SHA256, TLS_ECDHE_ECDSA_WITH_AES_256_CBC_SHA384, TLS_ECDHE_RSA_WITH_AES_256_CBC_SHA384, TLS_ECDHE_ECDSA_WITH_AES_128_CBC_SHA256, TLS_ECDHE_RSA_WITH_AES_128_CBC_SHA256, TLS_DHE_RSA_WITH_AES_256_CBC_SHA256, TLS_DHE_DSS_WITH_AES_256_CBC_SHA256, TLS_DHE_RSA_WITH_AES_128_CBC_SHA256, TLS_DHE_DSS_WITH_AES_128_CBC_SHA256, TLS_ECDH_ECDSA_WITH_AES_256_GCM_SHA384, TLS_ECDH_RSA_WITH_AES_256_GCM_SHA384, TLS_ECDH_ECDSA_WITH_AES_128_GCM_SHA256, TLS_ECDH_RSA_WITH_AES_128_GCM_SHA256, TLS_ECDH_ECDSA_WITH_AES_256_CBC_SHA384, TLS_ECDH_RSA_WITH_AES_256_CBC_SHA384, TLS_ECDH_ECDSA_WITH_AES_128_CBC_SHA256, TLS_ECDH_RSA_WITH_AES_128_CBC_SHA256, TLS_ECDHE_ECDSA_WITH_AES_256_CBC_SHA, TLS_ECDHE_RSA_WITH_AES_256_CBC_SHA, TLS_ECDHE_ECDSA_WITH_AES_128_CBC_SHA, TLS_ECDHE_RSA_WITH_AES_128_CBC_SHA, TLS_DHE_RSA_WITH_AES_256_CBC_SHA, TLS_DHE_DSS_WITH_AES_256_CBC_SHA, TLS_DHE_RSA_WITH_AES_128_CBC_SHA, TLS_DHE_DSS_WITH_AES_128_CBC_SHA, TLS_ECDH_ECDSA_WITH_AES_256_CBC_SHA, TLS_ECDH_RSA_WITH_AES_256_CBC_SHA, TLS_ECDH_ECDSA_WITH_AES_128_CBC_SHA, TLS_ECDH_RSA_WITH_AES_128_CBC_SHA, TLS_RSA_WITH_AES_256_GCM_SHA384, TLS_RSA_WITH_AES_128_GCM_SHA256, TLS_RSA_WITH_AES_256_CBC_SHA256, TLS_RSA_WITH_AES_128_CBC_SHA256, TLS_RSA_WITH_AES_256_CBC_SHA, TLS_RSA_WITH_AES_128_CBC_SHA, TLS_EMPTY_RENEGOTIATION_INFO_SCSV]
21:51:47.458 [main] DEBUG org.apache.hc.client5.http.ssl.SSLConnectionSocketFactory - Starting handshake
21:51:47.524 [main] DEBUG org.apache.hc.client5.http.ssl.SSLConnectionSocketFactory - Secure session established
21:51:47.524 [main] DEBUG org.apache.hc.client5.http.ssl.SSLConnectionSocketFactory -  negotiated protocol: TLSv1.3
21:51:47.524 [main] DEBUG org.apache.hc.client5.http.ssl.SSLConnectionSocketFactory -  negotiated cipher suite: TLS_AES_256_GCM_SHA384
21:51:47.524 [main] DEBUG org.apache.hc.client5.http.ssl.SSLConnectionSocketFactory -  peer principal: CN=*.storage.googleapis.com
21:51:47.524 [main] DEBUG org.apache.hc.client5.http.ssl.SSLConnectionSocketFactory -  peer alternative names: [*.storage.googleapis.com, *.googleapis.com, commondatastorage.googleapis.com, *.commondatastorage.googleapis.com, storage.googleapis.com, storage-p2.googleapis.com, *.storage-p2.googleapis.com, storage.mtls.googleapis.com, *.appspot.com.storage.googleapis.com, *.content-storage.googleapis.com, *.content-storage-p2.googleapis.com, *.content-storage-upload.googleapis.com, *.content-storage-download.googleapis.com, *.storage-upload.googleapis.com, *.storage-download.googleapis.com]
21:51:47.524 [main] DEBUG org.apache.hc.client5.http.ssl.SSLConnectionSocketFactory -  issuer principal: CN=GTS CA 1C3, O=Google Trust Services LLC, C=US
21:51:47.524 [main] DEBUG org.apache.hc.client5.http.impl.io.DefaultHttpClientConnectionOperator - http-outgoing-2: connection established 192.168.100.42:62205<->142.251.223.27:443
21:51:47.524 [main] DEBUG org.apache.hc.client5.http.impl.io.PoolingHttpClientConnectionManager - ep-00000003: connected http-outgoing-2
21:51:47.524 [main] DEBUG org.apache.hc.client5.http.impl.classic.InternalHttpClient - ep-00000003: endpoint connected
21:51:47.524 [main] DEBUG org.apache.hc.client5.http.impl.classic.MainClientExec - ex-00000004: executing GET /LATEST_RELEASE HTTP/1.1
21:51:47.524 [main] DEBUG org.apache.hc.client5.http.impl.classic.InternalHttpClient - ep-00000003: start execution ex-00000004
21:51:47.524 [main] DEBUG org.apache.hc.client5.http.impl.io.PoolingHttpClientConnectionManager - ep-00000003: executing exchange ex-00000004 over http-outgoing-2
21:51:47.524 [main] DEBUG org.apache.hc.client5.http.headers - http-outgoing-2 >> GET /LATEST_RELEASE HTTP/1.1
21:51:47.524 [main] DEBUG org.apache.hc.client5.http.headers - http-outgoing-2 >> user-agent: Apache-HttpClient/5.0
21:51:47.524 [main] DEBUG org.apache.hc.client5.http.headers - http-outgoing-2 >> accept-encoding: gzip, deflate, br
21:51:47.524 [main] DEBUG org.apache.hc.client5.http.headers - http-outgoing-2 >> cache-control: max-age=0
21:51:47.525 [main] DEBUG org.apache.hc.client5.http.headers - http-outgoing-2 >> connection: keep-alive
21:51:47.525 [main] DEBUG org.apache.hc.client5.http.headers - http-outgoing-2 >> Host: chromedriver.storage.googleapis.com
21:51:47.525 [main] DEBUG org.apache.hc.client5.http.wire - http-outgoing-2 >> "GET /LATEST_RELEASE HTTP/1.1[\r][\n]"
21:51:47.525 [main] DEBUG org.apache.hc.client5.http.wire - http-outgoing-2 >> "user-agent: Apache-HttpClient/5.0[\r][\n]"
21:51:47.525 [main] DEBUG org.apache.hc.client5.http.wire - http-outgoing-2 >> "accept-encoding: gzip, deflate, br[\r][\n]"
21:51:47.525 [main] DEBUG org.apache.hc.client5.http.wire - http-outgoing-2 >> "cache-control: max-age=0[\r][\n]"
21:51:47.525 [main] DEBUG org.apache.hc.client5.http.wire - http-outgoing-2 >> "connection: keep-alive[\r][\n]"
21:51:47.525 [main] DEBUG org.apache.hc.client5.http.wire - http-outgoing-2 >> "Host: chromedriver.storage.googleapis.com[\r][\n]"
21:51:47.525 [main] DEBUG org.apache.hc.client5.http.wire - http-outgoing-2 >> "[\r][\n]"
21:51:47.578 [main] DEBUG org.apache.hc.client5.http.wire - http-outgoing-2 << "HTTP/1.1 200 OK[\r][\n]"
21:51:47.578 [main] DEBUG org.apache.hc.client5.http.wire - http-outgoing-2 << "X-GUploader-UploadID: ADPycdu2SI0-Tfa0cJc1elVCPBHF_UX33M7wxrDU9ocywLgW4JP2TYx50rKx5ZOl3BRM2ol1WGjDHEsD2a0aVd0k0obQuGY2b-XX[\r][\n]"
21:51:47.578 [main] DEBUG org.apache.hc.client5.http.wire - http-outgoing-2 << "x-goog-generation: 1685523462105569[\r][\n]"
21:51:47.578 [main] DEBUG org.apache.hc.client5.http.wire - http-outgoing-2 << "x-goog-metageneration: 1[\r][\n]"
21:51:47.578 [main] DEBUG org.apache.hc.client5.http.wire - http-outgoing-2 << "x-goog-stored-content-encoding: identity[\r][\n]"
21:51:47.578 [main] DEBUG org.apache.hc.client5.http.wire - http-outgoing-2 << "x-goog-stored-content-length: 13[\r][\n]"
21:51:47.578 [main] DEBUG org.apache.hc.client5.http.wire - http-outgoing-2 << "x-goog-hash: crc32c=tVW4TA==[\r][\n]"
21:51:47.578 [main] DEBUG org.apache.hc.client5.http.wire - http-outgoing-2 << "x-goog-hash: md5=NoaEuIlBlniwTkiZ1T16sA==[\r][\n]"
21:51:47.578 [main] DEBUG org.apache.hc.client5.http.wire - http-outgoing-2 << "x-goog-storage-class: STANDARD[\r][\n]"
21:51:47.578 [main] DEBUG org.apache.hc.client5.http.wire - http-outgoing-2 << "Accept-Ranges: bytes[\r][\n]"
21:51:47.578 [main] DEBUG org.apache.hc.client5.http.wire - http-outgoing-2 << "Content-Length: 13[\r][\n]"
21:51:47.578 [main] DEBUG org.apache.hc.client5.http.wire - http-outgoing-2 << "Server: UploadServer[\r][\n]"
21:51:47.578 [main] DEBUG org.apache.hc.client5.http.wire - http-outgoing-2 << "Date: Thu, 05 Oct 2023 14:28:12 GMT[\r][\n]"
21:51:47.578 [main] DEBUG org.apache.hc.client5.http.wire - http-outgoing-2 << "Expires: Thu, 05 Oct 2023 15:28:12 GMT[\r][\n]"
21:51:47.578 [main] DEBUG org.apache.hc.client5.http.wire - http-outgoing-2 << "Cache-Control: public, max-age=3600[\r][\n]"
21:51:47.578 [main] DEBUG org.apache.hc.client5.http.wire - http-outgoing-2 << "Age: 1416[\r][\n]"
21:51:47.578 [main] DEBUG org.apache.hc.client5.http.wire - http-outgoing-2 << "Last-Modified: Wed, 31 May 2023 08:57:42 GMT[\r][\n]"
21:51:47.578 [main] DEBUG org.apache.hc.client5.http.wire - http-outgoing-2 << "ETag: "368684b889419678b04e4899d53d7ab0"[\r][\n]"
21:51:47.578 [main] DEBUG org.apache.hc.client5.http.wire - http-outgoing-2 << "Content-Type: text/plain[\r][\n]"
21:51:47.578 [main] DEBUG org.apache.hc.client5.http.wire - http-outgoing-2 << "Alt-Svc: h3=":443"; ma=2592000,h3-29=":443"; ma=2592000[\r][\n]"
21:51:47.578 [main] DEBUG org.apache.hc.client5.http.wire - http-outgoing-2 << "[\r][\n]"
21:51:47.578 [main] DEBUG org.apache.hc.client5.http.wire - http-outgoing-2 << "114.0.5735.90"
21:51:47.579 [main] DEBUG org.apache.hc.client5.http.headers - http-outgoing-2 << HTTP/1.1 200 OK
21:51:47.579 [main] DEBUG org.apache.hc.client5.http.headers - http-outgoing-2 << X-GUploader-UploadID: ADPycdu2SI0-Tfa0cJc1elVCPBHF_UX33M7wxrDU9ocywLgW4JP2TYx50rKx5ZOl3BRM2ol1WGjDHEsD2a0aVd0k0obQuGY2b-XX
21:51:47.579 [main] DEBUG org.apache.hc.client5.http.headers - http-outgoing-2 << x-goog-generation: 1685523462105569
21:51:47.579 [main] DEBUG org.apache.hc.client5.http.headers - http-outgoing-2 << x-goog-metageneration: 1
21:51:47.579 [main] DEBUG org.apache.hc.client5.http.headers - http-outgoing-2 << x-goog-stored-content-encoding: identity
21:51:47.579 [main] DEBUG org.apache.hc.client5.http.headers - http-outgoing-2 << x-goog-stored-content-length: 13
21:51:47.579 [main] DEBUG org.apache.hc.client5.http.headers - http-outgoing-2 << x-goog-hash: crc32c=tVW4TA==
21:51:47.579 [main] DEBUG org.apache.hc.client5.http.headers - http-outgoing-2 << x-goog-hash: md5=NoaEuIlBlniwTkiZ1T16sA==
21:51:47.579 [main] DEBUG org.apache.hc.client5.http.headers - http-outgoing-2 << x-goog-storage-class: STANDARD
21:51:47.579 [main] DEBUG org.apache.hc.client5.http.headers - http-outgoing-2 << Accept-Ranges: bytes
21:51:47.579 [main] DEBUG org.apache.hc.client5.http.headers - http-outgoing-2 << Content-Length: 13
21:51:47.579 [main] DEBUG org.apache.hc.client5.http.headers - http-outgoing-2 << Server: UploadServer
21:51:47.579 [main] DEBUG org.apache.hc.client5.http.headers - http-outgoing-2 << Date: Thu, 05 Oct 2023 14:28:12 GMT
21:51:47.579 [main] DEBUG org.apache.hc.client5.http.headers - http-outgoing-2 << Expires: Thu, 05 Oct 2023 15:28:12 GMT
21:51:47.579 [main] DEBUG org.apache.hc.client5.http.headers - http-outgoing-2 << Cache-Control: public, max-age=3600
21:51:47.580 [main] DEBUG org.apache.hc.client5.http.headers - http-outgoing-2 << Age: 1416
21:51:47.580 [main] DEBUG org.apache.hc.client5.http.headers - http-outgoing-2 << Last-Modified: Wed, 31 May 2023 08:57:42 GMT
21:51:47.580 [main] DEBUG org.apache.hc.client5.http.headers - http-outgoing-2 << ETag: "368684b889419678b04e4899d53d7ab0"
21:51:47.580 [main] DEBUG org.apache.hc.client5.http.headers - http-outgoing-2 << Content-Type: text/plain
21:51:47.580 [main] DEBUG org.apache.hc.client5.http.headers - http-outgoing-2 << Alt-Svc: h3=":443"; ma=2592000,h3-29=":443"; ma=2592000
21:51:47.580 [main] DEBUG org.apache.hc.client5.http.impl.classic.MainClientExec - ex-00000004: connection can be kept alive for 3 MINUTES
21:51:47.580 [main] DEBUG org.apache.hc.client5.http.impl.classic.InternalHttpClient - ep-00000003: releasing valid endpoint
21:51:47.580 [main] DEBUG org.apache.hc.client5.http.impl.io.PoolingHttpClientConnectionManager - ep-00000003: releasing endpoint
21:51:47.580 [main] DEBUG org.apache.hc.client5.http.impl.io.PoolingHttpClientConnectionManager - ep-00000003: connection http-outgoing-2 can be kept alive for 3 MINUTES
21:51:47.580 [main] DEBUG org.apache.hc.client5.http.impl.io.PoolingHttpClientConnectionManager - ep-00000003: connection released [route: {s}->https://chromedriver.storage.googleapis.com:443][total available: 2; route allocated: 2 of 5; total allocated: 3 of 25]
21:51:47.580 [main] DEBUG io.github.bonigarcia.wdm.versions.VersionDetector - Latest version of chromedriver according to https://chromedriver.storage.googleapis.com/LATEST_RELEASE is 114.0.5735.90
21:51:47.587 [main] DEBUG io.github.bonigarcia.wdm.WebDriverManager - Driver chromedriver 114.0.5735.90 found in cache
21:51:47.589 [main] INFO io.github.bonigarcia.wdm.WebDriverManager - Exporting webdriver.chrome.driver as C:\Users\Bagas Dwi Saputra\.cache\selenium\chromedriver\win32\114.0.5735.90\chromedriver.exe
21:51:48.178 [main] DEBUG net.thucydides.core.reflection.ClassFinder - Could not load class net.serenitybdd.rest.utils.RestSpecificationFactory
21:51:48.469 [main] DEBUG net.thucydides.core.reflection.ClassFinder - Could not load class net.serenitybdd.rest.utils.RestSpecificationFactory
21:51:48.472 [main] INFO net.serenitybdd.core.webdriver.driverproviders.ProvideNewDriver - Instantiating driver
21:51:48.472 [main] INFO net.serenitybdd.core.webdriver.driverproviders.ProvideNewDriver - Driver capabilities: Capabilities {acceptInsecureCerts: false, base.url: https://app.jubelio.com, browserName: chrome, chrome.driver: src/test/resources/webdrive..., driver: chrome, goog:chromeOptions: {args: [], extensions: []}, loggingPrefs: org.openqa.selenium.logging...}
21:51:50.009 [main] DEBUG net.thucydides.core.reflection.ClassFinder - Could not load class net.serenitybdd.rest.utils.RestSpecificationFactory
21:51:52.470 [main] DEBUG net.serenitybdd.core.photography.Darkroom - Opening darkroom
21:51:52.493 [Darkroom Processing Line] DEBUG net.serenitybdd.core.photography.DarkroomProcessingLine - Darkroom processing line starting up
21:51:52.902 [main] DEBUG net.serenitybdd.core.photography.Darkroom - Send negative for processing for target\site\serenity\f05427e2f53ac8e85f85f1bbc481385d3d272bf91780dd0e2b264eefbb918de2.png
21:51:52.905 [Darkroom Processing Line] DEBUG net.serenitybdd.core.photography.DarkroomProcessingLine - Processing screenshot image in /var/screenshots/screenshot-15385821520222896569
21:51:52.906 [Darkroom Processing Line] DEBUG net.serenitybdd.core.photography.DarkroomProcessingLine - Saving screenshot to target\site\serenity\f05427e2f53ac8e85f85f1bbc481385d3d272bf91780dd0e2b264eefbb918de2.png
21:51:52.909 [main] DEBUG net.thucydides.core.steps.StepInterceptor - STEP DONE: openLink
21:51:52.935 [main] DEBUG net.thucydides.core.steps.StepInterceptor - STARTING STEP: InventoryStockSteps.loginClickButtonLogin - fills in the {string} with valid data email
21:51:53.277 [main] DEBUG net.serenitybdd.core.photography.Darkroom - Send negative for processing for target\site\serenity\29d3e9f166cf597135c97994c9ce45464a7cb63e7c1b11511a227ba5e21a0a13.png
21:51:53.277 [main] DEBUG net.thucydides.core.steps.StepInterceptor - STEP DONE: fills in the {string} with valid data email
21:51:53.277 [Darkroom Processing Line] DEBUG net.serenitybdd.core.photography.DarkroomProcessingLine - Processing screenshot image in /var/screenshots/screenshot-344882540940707759
21:51:53.278 [Darkroom Processing Line] DEBUG net.serenitybdd.core.photography.DarkroomProcessingLine - Saving screenshot to target\site\serenity\29d3e9f166cf597135c97994c9ce45464a7cb63e7c1b11511a227ba5e21a0a13.png
21:51:53.285 [main] DEBUG net.thucydides.core.steps.StepInterceptor - STARTING STEP: InventoryStockSteps.loginClickButtonLogin - fill in the {string} with valid data pass
21:51:53.637 [main] DEBUG net.serenitybdd.core.photography.Darkroom - Send negative for processing for target\site\serenity\23bc95ec95eb6b713773ed558dca6094d30d31a032e127606d0a497b957f9672.png
21:51:53.637 [main] DEBUG net.thucydides.core.steps.StepInterceptor - STEP DONE: fill in the {string} with valid data pass
21:51:53.640 [Darkroom Processing Line] DEBUG net.serenitybdd.core.photography.DarkroomProcessingLine - Processing screenshot image in /var/screenshots/screenshot-4881566206188246504
21:51:53.640 [Darkroom Processing Line] DEBUG net.serenitybdd.core.photography.DarkroomProcessingLine - Saving screenshot to target\site\serenity\23bc95ec95eb6b713773ed558dca6094d30d31a032e127606d0a497b957f9672.png
21:51:53.645 [main] DEBUG net.thucydides.core.steps.StepInterceptor - STARTING STEP: InventoryStockSteps.loginClickButtonLogin - clickbtnlogin
21:51:54.215 [main] DEBUG net.serenitybdd.core.photography.Darkroom - Send negative for processing for target\site\serenity\2ddaa4e4a373bd8061bbee8d32e14da5d9de3685dff529125b0819d3746d2814.png
21:51:54.215 [main] DEBUG net.thucydides.core.steps.StepInterceptor - STEP DONE: clickbtnlogin
21:51:54.216 [Darkroom Processing Line] DEBUG net.serenitybdd.core.photography.DarkroomProcessingLine - Processing screenshot image in /var/screenshots/screenshot-17488769624149800567
21:51:54.216 [Darkroom Processing Line] DEBUG net.serenitybdd.core.photography.DarkroomProcessingLine - Saving screenshot to target\site\serenity\2ddaa4e4a373bd8061bbee8d32e14da5d9de3685dff529125b0819d3746d2814.png
21:51:57.324 [main] DEBUG net.serenitybdd.core.photography.Darkroom - Send negative for processing for target\site\serenity\32028730d6617cbaf4be8a3a222b15af4c3642cbbbed6c786edb05d6cdf1a6ef.png
21:51:57.325 [main] DEBUG net.thucydides.core.steps.StepInterceptor - STARTING STEP: InventoryStockSteps.loginClickButtonLogin - openUrlInventory
21:51:57.325 [Darkroom Processing Line] DEBUG net.serenitybdd.core.photography.DarkroomProcessingLine - Processing screenshot image in /var/screenshots/screenshot-3205919216764965350
21:51:57.325 [Darkroom Processing Line] DEBUG net.serenitybdd.core.photography.DarkroomProcessingLine - Saving screenshot to target\site\serenity\32028730d6617cbaf4be8a3a222b15af4c3642cbbbed6c786edb05d6cdf1a6ef.png
21:51:59.485 [main] DEBUG net.serenitybdd.core.photography.Darkroom - Send negative for processing for target\site\serenity\623e9f25d7f0ed55cf1a44f8bbaa69acef445b8d92692c27a2371c7b87858e66.png
21:51:59.486 [main] DEBUG net.thucydides.core.steps.StepInterceptor - STEP DONE: openUrlInventory
21:51:59.486 [Darkroom Processing Line] DEBUG net.serenitybdd.core.photography.DarkroomProcessingLine - Processing screenshot image in /var/screenshots/screenshot-10968681809107072667
21:51:59.486 [Darkroom Processing Line] DEBUG net.serenitybdd.core.photography.DarkroomProcessingLine - Saving screenshot to target\site\serenity\623e9f25d7f0ed55cf1a44f8bbaa69acef445b8d92692c27a2371c7b87858e66.png
  &amp#27;[32mGiven &amp#27;[0m&amp#27;[32mLogin &amp#27;[0m&amp#27;[32m&amp#27;[1m"qa.rakamin.jubelio@gmail.com"&amp#27;[0m&amp#27;[32m, &amp#27;[0m&amp#27;[32m&amp#27;[1m"Jubelio123!"&amp#27;[0m&amp#27;[32m, click button login&amp#27;[0m &amp#27;[90m# starter.stepdefinitios.InventoryStockSteps.loginClickButtonLogin(java.lang.String,java.lang.String)&amp#27;[0m
21:51:59.763 [main] DEBUG net.serenitybdd.core.photography.Darkroom - Send negative for processing for target\site\serenity\623e9f25d7f0ed55cf1a44f8bbaa69acef445b8d92692c27a2371c7b87858e66.png
21:52:00.423 [main] DEBUG net.serenitybdd.core.photography.Darkroom - Send negative for processing for target\site\serenity\623e9f25d7f0ed55cf1a44f8bbaa69acef445b8d92692c27a2371c7b87858e66.png
21:52:00.424 [main] DEBUG net.thucydides.core.steps.StepInterceptor - STARTING STEP: InventoryStockSteps.fillsInTheWithValidDataEmail - validatePagePersedian
21:52:00.458 [main] DEBUG net.thucydides.core.steps.StepInterceptor - STEP DONE: validatePagePersedian
21:52:00.715 [main] DEBUG net.serenitybdd.core.photography.Darkroom - Send negative for processing for target\site\serenity\623e9f25d7f0ed55cf1a44f8bbaa69acef445b8d92692c27a2371c7b87858e66.png
21:52:00.715 [main] DEBUG net.thucydides.core.steps.StepInterceptor - STARTING STEP: InventoryStockSteps.fillsInTheWithValidDataEmail - btnPenyesuaianPersedian
21:52:01.068 [main] DEBUG net.serenitybdd.core.photography.Darkroom - Send negative for processing for target\site\serenity\368259e0fc038cf6f6099d8f5cb328b922c292bd1182d5c0f2b8483cc3c3a3e2.png
21:52:01.068 [Darkroom Processing Line] DEBUG net.serenitybdd.core.photography.DarkroomProcessingLine - Processing screenshot image in /var/screenshots/screenshot-7885899372156591937
21:52:01.068 [Darkroom Processing Line] DEBUG net.serenitybdd.core.photography.DarkroomProcessingLine - Saving screenshot to target\site\serenity\368259e0fc038cf6f6099d8f5cb328b922c292bd1182d5c0f2b8483cc3c3a3e2.png
21:52:01.069 [main] DEBUG net.thucydides.core.steps.StepInterceptor - STEP DONE: btnPenyesuaianPersedian
  &amp#27;[32mAnd &amp#27;[0m&amp#27;[32man inventory adjustment button click&amp#27;[0m                                      &amp#27;[90m# starter.stepdefinitios.InventoryStockSteps.fillsInTheWithValidDataEmail()&amp#27;[0m
21:52:01.694 [main] DEBUG net.serenitybdd.core.photography.Darkroom - Send negative for processing for target\site\serenity\23224668ac0c5663a6d39ccaa81712d69b7ce022f1e0e6b04dae1dca31370dac.png
21:52:01.694 [main] DEBUG net.thucydides.core.steps.StepInterceptor - STARTING STEP: InventoryStockSteps.validateTheInventoryAdjustmentPage - validatePenyesuaianPersediaa
21:52:01.695 [Darkroom Processing Line] DEBUG net.serenitybdd.core.photography.DarkroomProcessingLine - Processing screenshot image in /var/screenshots/screenshot-11462557127477531740
21:52:01.695 [Darkroom Processing Line] DEBUG net.serenitybdd.core.photography.DarkroomProcessingLine - Saving screenshot to target\site\serenity\23224668ac0c5663a6d39ccaa81712d69b7ce022f1e0e6b04dae1dca31370dac.png
21:52:01.723 [main] DEBUG net.thucydides.core.steps.StepInterceptor - STEP DONE: validatePenyesuaianPersediaa
  &amp#27;[32mAnd &amp#27;[0m&amp#27;[32mvalidate the inventory adjustment page&amp#27;[0m                                    &amp#27;[90m# starter.stepdefinitios.InventoryStockSteps.validateTheInventoryAdjustmentPage()&amp#27;[0m
21:52:02.057 [main] DEBUG net.serenitybdd.core.photography.Darkroom - Send negative for processing for target\site\serenity\23224668ac0c5663a6d39ccaa81712d69b7ce022f1e0e6b04dae1dca31370dac.png
21:52:02.057 [main] DEBUG net.thucydides.core.steps.StepInterceptor - STARTING STEP: InventoryStockSteps.click - btnLokasi
21:52:02.252 [main] DEBUG net.serenitybdd.core.photography.Darkroom - Send negative for processing for target\site\serenity\ffb9bfd3daa1394b62066e0e542acd4926d5448f4d8383464000c7cf23161974.png
21:52:02.253 [main] DEBUG net.thucydides.core.steps.StepInterceptor - STEP DONE: btnLokasi
21:52:02.253 [Darkroom Processing Line] DEBUG net.serenitybdd.core.photography.DarkroomProcessingLine - Processing screenshot image in /var/screenshots/screenshot-626482850532169811
21:52:02.253 [Darkroom Processing Line] DEBUG net.serenitybdd.core.photography.DarkroomProcessingLine - Saving screenshot to target\site\serenity\ffb9bfd3daa1394b62066e0e542acd4926d5448f4d8383464000c7cf23161974.png
21:52:02.503 [main] DEBUG net.serenitybdd.core.photography.Darkroom - Send negative for processing for target\site\serenity\ffb9bfd3daa1394b62066e0e542acd4926d5448f4d8383464000c7cf23161974.png
21:52:02.504 [main] DEBUG net.thucydides.core.steps.StepInterceptor - STARTING STEP: InventoryStockSteps.click - btnVarisi
21:52:02.703 [main] DEBUG net.serenitybdd.core.photography.Darkroom - Send negative for processing for target\site\serenity\23224668ac0c5663a6d39ccaa81712d69b7ce022f1e0e6b04dae1dca31370dac.png
21:52:02.703 [main] DEBUG net.thucydides.core.steps.StepInterceptor - STEP DONE: btnVarisi
  &amp#27;[32mAnd &amp#27;[0m&amp#27;[32mclick &amp#27;[0m&amp#27;[32m&amp#27;[1m"Pusat"&amp#27;[0m                                                             &amp#27;[90m# starter.stepdefinitios.InventoryStockSteps.click(java.lang.String)&amp#27;[0m
21:52:02.717 [main] DEBUG net.thucydides.core.steps.StepInterceptor - STARTING STEP: InventoryStockSteps.youSelectAnItem - btnPilihBarang
21:52:03.031 [main] DEBUG net.serenitybdd.core.photography.Darkroom - Send negative for processing for target\site\serenity\89f155c34cc2d84972784f9f9d9a4f4a4d417e1eb586cfb2775905cc8c901374.png
21:52:03.031 [main] DEBUG net.thucydides.core.steps.StepInterceptor - STEP DONE: btnPilihBarang
21:52:03.032 [Darkroom Processing Line] DEBUG net.serenitybdd.core.photography.DarkroomProcessingLine - Processing screenshot image in /var/screenshots/screenshot-6460483731456383592
21:52:03.032 [Darkroom Processing Line] DEBUG net.serenitybdd.core.photography.DarkroomProcessingLine - Saving screenshot to target\site\serenity\89f155c34cc2d84972784f9f9d9a4f4a4d417e1eb586cfb2775905cc8c901374.png
21:52:03.635 [main] DEBUG net.serenitybdd.core.photography.Darkroom - Send negative for processing for target\site\serenity\9311a53bc487a0fc8bc45603cf1ae1d791425fc180db490005060165b955c6fd.png
21:52:03.636 [main] DEBUG net.thucydides.core.steps.StepInterceptor - STARTING STEP: InventoryStockSteps.youSelectAnItem - btnBarang
21:52:03.636 [Darkroom Processing Line] DEBUG net.serenitybdd.core.photography.DarkroomProcessingLine - Processing screenshot image in /var/screenshots/screenshot-15916595091962109729
21:52:03.636 [Darkroom Processing Line] DEBUG net.serenitybdd.core.photography.DarkroomProcessingLine - Saving screenshot to target\site\serenity\9311a53bc487a0fc8bc45603cf1ae1d791425fc180db490005060165b955c6fd.png
21:52:03.979 [main] DEBUG net.serenitybdd.core.photography.Darkroom - Send negative for processing for target\site\serenity\a29fcb44bdf7fdd010bc24c447a0acb0037f74cd834746630567b1fd1575d9a3.png
21:52:03.980 [main] DEBUG net.thucydides.core.steps.StepInterceptor - STEP DONE: btnBarang
21:52:03.980 [Darkroom Processing Line] DEBUG net.serenitybdd.core.photography.DarkroomProcessingLine - Processing screenshot image in /var/screenshots/screenshot-4035636846462843467
21:52:03.980 [Darkroom Processing Line] DEBUG net.serenitybdd.core.photography.DarkroomProcessingLine - Saving screenshot to target\site\serenity\a29fcb44bdf7fdd010bc24c447a0acb0037f74cd834746630567b1fd1575d9a3.png
21:52:04.599 [main] DEBUG net.serenitybdd.core.photography.Darkroom - Send negative for processing for target\site\serenity\a29fcb44bdf7fdd010bc24c447a0acb0037f74cd834746630567b1fd1575d9a3.png
21:52:04.600 [main] DEBUG net.thucydides.core.steps.StepInterceptor - STARTING STEP: InventoryStockSteps.youSelectAnItem - btnSimpan
21:52:04.831 [main] DEBUG net.serenitybdd.core.photography.Darkroom - Send negative for processing for target\site\serenity\df05e8dbff0241032014f9ea85e5bdbd880d6a1d646f7b529f6c60ae9e2b2f08.png
21:52:04.831 [main] DEBUG net.thucydides.core.steps.StepInterceptor - STEP DONE: btnSimpan
  &amp#27;[32mWhen &amp#27;[0m&amp#27;[32myou select an item&amp#27;[0m                                                       &amp#27;[90m# starter.stepdefinitios.InventoryStockSteps.youSelectAnItem()&amp#27;[0m
21:52:04.832 [Darkroom Processing Line] DEBUG net.serenitybdd.core.photography.DarkroomProcessingLine - Processing screenshot image in /var/screenshots/screenshot-1026930096798624272
21:52:04.832 [Darkroom Processing Line] DEBUG net.serenitybdd.core.photography.DarkroomProcessingLine - Saving screenshot to target\site\serenity\df05e8dbff0241032014f9ea85e5bdbd880d6a1d646f7b529f6c60ae9e2b2f08.png
21:52:05.273 [main] DEBUG net.serenitybdd.core.photography.Darkroom - Send negative for processing for target\site\serenity\5ccf8e2e898daddd886af56f622260eb6a29854ce27cead540620f1cabd8f4db.png
21:52:05.273 [main] DEBUG net.thucydides.core.steps.StepInterceptor - STARTING STEP: InventoryStockSteps.validateTheNameSuccessfully - validatePagePersedian
21:52:05.274 [Darkroom Processing Line] DEBUG net.serenitybdd.core.photography.DarkroomProcessingLine - Processing screenshot image in /var/screenshots/screenshot-15929958141759796735
21:52:05.274 [Darkroom Processing Line] DEBUG net.serenitybdd.core.photography.DarkroomProcessingLine - Saving screenshot to target\site\serenity\5ccf8e2e898daddd886af56f622260eb6a29854ce27cead540620f1cabd8f4db.png
21:52:05.408 [main] DEBUG net.serenitybdd.core.photography.Darkroom - Send negative for processing for target\site\serenity\3f32a4988384aa9e019d322915bc820e8b45b495b28b9600300e26d6f4077142.png
21:52:05.408 [main] DEBUG net.thucydides.core.steps.StepInterceptor - STEP DONE: validatePagePersedian
21:52:05.408 [Darkroom Processing Line] DEBUG net.serenitybdd.core.photography.DarkroomProcessingLine - Processing screenshot image in /var/screenshots/screenshot-17912494627537810984
21:52:05.408 [Darkroom Processing Line] DEBUG net.serenitybdd.core.photography.DarkroomProcessingLine - Saving screenshot to target\site\serenity\3f32a4988384aa9e019d322915bc820e8b45b495b28b9600300e26d6f4077142.png
21:52:05.673 [main] DEBUG net.serenitybdd.core.photography.Darkroom - Send negative for processing for target\site\serenity\3f32a4988384aa9e019d322915bc820e8b45b495b28b9600300e26d6f4077142.png
21:52:05.675 [main] DEBUG net.thucydides.core.steps.StepInterceptor - STARTING STEP: InventoryStockSteps.validateTheNameSuccessfully - fieldSearch
21:52:05.880 [main] DEBUG net.serenitybdd.core.photography.Darkroom - Send negative for processing for target\site\serenity\e3141d4869afc4a291fe8f5c065a59fba9217d6312ccc118a22aabee0d75ee61.png
21:52:05.880 [main] DEBUG net.thucydides.core.steps.StepInterceptor - STEP DONE: fieldSearch
21:52:05.881 [Darkroom Processing Line] DEBUG net.serenitybdd.core.photography.DarkroomProcessingLine - Processing screenshot image in /var/screenshots/screenshot-1725553580408728152
21:52:05.881 [Darkroom Processing Line] DEBUG net.serenitybdd.core.photography.DarkroomProcessingLine - Saving screenshot to target\site\serenity\e3141d4869afc4a291fe8f5c065a59fba9217d6312ccc118a22aabee0d75ee61.png
21:52:05.885 [main] DEBUG net.thucydides.core.steps.StepInterceptor - STARTING STEP: InventoryStockSteps.validateTheNameSuccessfully - btnSearch
21:52:06.147 [main] DEBUG net.serenitybdd.core.photography.Darkroom - Send negative for processing for target\site\serenity\c010adaf590017f39be661bb9eb45b670333808c5bce496609fd7d0732ca0d46.png
21:52:06.147 [main] DEBUG net.thucydides.core.steps.StepInterceptor - STEP DONE: btnSearch
21:52:06.147 [Darkroom Processing Line] DEBUG net.serenitybdd.core.photography.DarkroomProcessingLine - Processing screenshot image in /var/screenshots/screenshot-8488478872417902071
21:52:06.147 [Darkroom Processing Line] DEBUG net.serenitybdd.core.photography.DarkroomProcessingLine - Saving screenshot to target\site\serenity\c010adaf590017f39be661bb9eb45b670333808c5bce496609fd7d0732ca0d46.png
21:52:06.446 [main] DEBUG net.serenitybdd.core.photography.Darkroom - Send negative for processing for target\site\serenity\e6b0ed0b558772b92b64170f7e3a4d625b0397fb19d0a257add64b0890c46ed8.png
21:52:06.446 [main] DEBUG net.thucydides.core.steps.StepInterceptor - STARTING STEP: InventoryStockSteps.validateTheNameSuccessfully - validateTeksBarang
21:52:06.447 [Darkroom Processing Line] DEBUG net.serenitybdd.core.photography.DarkroomProcessingLine - Processing screenshot image in /var/screenshots/screenshot-15213114236343813050
21:52:06.447 [Darkroom Processing Line] DEBUG net.serenitybdd.core.photography.DarkroomProcessingLine - Saving screenshot to target\site\serenity\e6b0ed0b558772b92b64170f7e3a4d625b0397fb19d0a257add64b0890c46ed8.png
21:52:06.473 [main] DEBUG net.thucydides.core.steps.StepInterceptor - STEP DONE: validateTeksBarang
  &amp#27;[32mThen &amp#27;[0m&amp#27;[32mvalidate the name &amp#27;[0m&amp#27;[32m&amp#27;[1m"Naruto"&amp#27;[0m&amp#27;[32m successfully&amp#27;[0m                                  &amp#27;[90m# starter.stepdefinitios.InventoryStockSteps.validateTheNameSuccessfully(java.lang.String)&amp#27;[0m
21:52:06.568 [main] DEBUG net.thucydides.core.reflection.ClassFinder - Could not load class net.serenitybdd.rest.utils.RestSpecificationFactory
21:52:06.750 [main] INFO  - 
  _____   ___   ___   _____     ___     _     ___   ___   ___   ___  
 |_   _| | __| / __| |_   _|   | _ \   /_\   / __| / __| | __| |   \ 
   | |   | _|  \__ \   | |     |  _/  / _ \  \__ \ \__ \ | _|  | |) |
   |_|   |___| |___/   |_|     |_|   /_/ \_\ |___/ |___/ |___| |___/ 

Inventory Stock
----------------------------------------------------------------------
]]></system-out>
    <system-err><![CDATA[Starting ChromeDriver 117.0.5938.88 (be6afae4721209be42944bbcd325665f9f44563b-refs/branch-heads/5938_62@{#9}) on port 60915
Only local connections are allowed.
Please see https://chromedriver.chromium.org/security-considerations for suggestions on keeping ChromeDriver safe.
ChromeDriver was started successfully.
Oct 05, 2023 9:51:49 PM org.openqa.selenium.remote.ProtocolHandshake createSession
INFO: Detected dialect: W3C
]]></system-err>
  </testcase>
  <testcase name="Inventory Stock #2" classname="Inventory Stock at app.jubelio" time="18.425">
    <system-out><![CDATA[
@Inventory @InventoryStock
Scenario Outline: Inventory Stock                                               &amp#27;[90m# src/test/resources/features/user/inventorystock.feature:16&amp#27;[0m
21:52:06.766 [main] INFO io.cucumber.core.plugin.SerenityReporter - Running feature from file:///D:/QE/Automation/Jubelio-Website/src/test/resources/features/user/inventorystock.feature
21:52:06.955 [main] DEBUG net.thucydides.core.steps.StepInterceptor - STARTING STEP: InventoryStockSteps.loginClickButtonLogin - openLink
21:52:06.957 [main] INFO net.serenitybdd.core.webdriver.driverproviders.ChromeDriverProvider - Using automatically driver download
21:52:06.978 [main] DEBUG org.apache.hc.client5.http.impl.classic.InternalHttpClient - ex-00000005: preparing request execution
21:52:06.978 [main] DEBUG org.apache.hc.client5.http.protocol.RequestAddCookies - Cookie spec selected: strict
21:52:06.978 [main] DEBUG org.apache.hc.client5.http.protocol.RequestAuthCache - Auth cache not set in the context
21:52:06.978 [main] DEBUG org.apache.hc.client5.http.impl.classic.ProtocolExec - ex-00000005: target auth state: UNCHALLENGED
21:52:06.978 [main] DEBUG org.apache.hc.client5.http.impl.classic.ProtocolExec - ex-00000005: proxy auth state: UNCHALLENGED
21:52:06.978 [main] DEBUG org.apache.hc.client5.http.impl.classic.ConnectExec - ex-00000005: acquiring connection with route {s}->https://raw.githubusercontent.com:443
21:52:06.978 [main] DEBUG org.apache.hc.client5.http.impl.classic.InternalHttpClient - ex-00000005: acquiring endpoint (3 MINUTES)
21:52:06.979 [main] DEBUG org.apache.hc.client5.http.impl.io.PoolingHttpClientConnectionManager - ex-00000005: endpoint lease request (3 MINUTES) [route: {s}->https://raw.githubusercontent.com:443][total available: 0; route allocated: 0 of 5; total allocated: 0 of 25]
21:52:06.979 [main] DEBUG org.apache.hc.client5.http.impl.io.PoolingHttpClientConnectionManager - ex-00000005: endpoint leased [route: {s}->https://raw.githubusercontent.com:443][total available: 0; route allocated: 1 of 5; total allocated: 1 of 25]
21:52:06.979 [main] DEBUG org.apache.hc.client5.http.impl.io.PoolingHttpClientConnectionManager - ex-00000005: acquired ep-00000004
21:52:06.979 [main] DEBUG org.apache.hc.client5.http.impl.classic.InternalHttpClient - ex-00000005: acquired endpoint ep-00000004
21:52:06.979 [main] DEBUG org.apache.hc.client5.http.impl.classic.ConnectExec - ex-00000005: opening connection {s}->https://raw.githubusercontent.com:443
21:52:06.979 [main] DEBUG org.apache.hc.client5.http.impl.classic.InternalHttpClient - ep-00000004: connecting endpoint (30 SECONDS)
21:52:06.979 [main] DEBUG org.apache.hc.client5.http.impl.io.PoolingHttpClientConnectionManager - ep-00000004: connecting endpoint to https://raw.githubusercontent.com:443 (30 SECONDS)
21:52:06.979 [main] DEBUG org.apache.hc.client5.http.impl.io.DefaultHttpClientConnectionOperator - http-outgoing-3: connecting to raw.githubusercontent.com/185.199.108.133:443
21:52:06.979 [main] DEBUG org.apache.hc.client5.http.ssl.SSLConnectionSocketFactory - Connecting socket to raw.githubusercontent.com/185.199.108.133:443 with timeout 30 SECONDS
21:52:07.007 [main] DEBUG org.apache.hc.client5.http.ssl.SSLConnectionSocketFactory - Enabled protocols: [TLSv1.3, TLSv1.2]
21:52:07.007 [main] DEBUG org.apache.hc.client5.http.ssl.SSLConnectionSocketFactory - Enabled cipher suites: [TLS_AES_256_GCM_SHA384, TLS_AES_128_GCM_SHA256, TLS_CHACHA20_POLY1305_SHA256, TLS_ECDHE_ECDSA_WITH_AES_256_GCM_SHA384, TLS_ECDHE_ECDSA_WITH_AES_128_GCM_SHA256, TLS_ECDHE_ECDSA_WITH_CHACHA20_POLY1305_SHA256, TLS_ECDHE_RSA_WITH_AES_256_GCM_SHA384, TLS_ECDHE_RSA_WITH_CHACHA20_POLY1305_SHA256, TLS_ECDHE_RSA_WITH_AES_128_GCM_SHA256, TLS_DHE_RSA_WITH_AES_256_GCM_SHA384, TLS_DHE_RSA_WITH_CHACHA20_POLY1305_SHA256, TLS_DHE_DSS_WITH_AES_256_GCM_SHA384, TLS_DHE_RSA_WITH_AES_128_GCM_SHA256, TLS_DHE_DSS_WITH_AES_128_GCM_SHA256, TLS_ECDHE_ECDSA_WITH_AES_256_CBC_SHA384, TLS_ECDHE_RSA_WITH_AES_256_CBC_SHA384, TLS_ECDHE_ECDSA_WITH_AES_128_CBC_SHA256, TLS_ECDHE_RSA_WITH_AES_128_CBC_SHA256, TLS_DHE_RSA_WITH_AES_256_CBC_SHA256, TLS_DHE_DSS_WITH_AES_256_CBC_SHA256, TLS_DHE_RSA_WITH_AES_128_CBC_SHA256, TLS_DHE_DSS_WITH_AES_128_CBC_SHA256, TLS_ECDH_ECDSA_WITH_AES_256_GCM_SHA384, TLS_ECDH_RSA_WITH_AES_256_GCM_SHA384, TLS_ECDH_ECDSA_WITH_AES_128_GCM_SHA256, TLS_ECDH_RSA_WITH_AES_128_GCM_SHA256, TLS_ECDH_ECDSA_WITH_AES_256_CBC_SHA384, TLS_ECDH_RSA_WITH_AES_256_CBC_SHA384, TLS_ECDH_ECDSA_WITH_AES_128_CBC_SHA256, TLS_ECDH_RSA_WITH_AES_128_CBC_SHA256, TLS_ECDHE_ECDSA_WITH_AES_256_CBC_SHA, TLS_ECDHE_RSA_WITH_AES_256_CBC_SHA, TLS_ECDHE_ECDSA_WITH_AES_128_CBC_SHA, TLS_ECDHE_RSA_WITH_AES_128_CBC_SHA, TLS_DHE_RSA_WITH_AES_256_CBC_SHA, TLS_DHE_DSS_WITH_AES_256_CBC_SHA, TLS_DHE_RSA_WITH_AES_128_CBC_SHA, TLS_DHE_DSS_WITH_AES_128_CBC_SHA, TLS_ECDH_ECDSA_WITH_AES_256_CBC_SHA, TLS_ECDH_RSA_WITH_AES_256_CBC_SHA, TLS_ECDH_ECDSA_WITH_AES_128_CBC_SHA, TLS_ECDH_RSA_WITH_AES_128_CBC_SHA, TLS_RSA_WITH_AES_256_GCM_SHA384, TLS_RSA_WITH_AES_128_GCM_SHA256, TLS_RSA_WITH_AES_256_CBC_SHA256, TLS_RSA_WITH_AES_128_CBC_SHA256, TLS_RSA_WITH_AES_256_CBC_SHA, TLS_RSA_WITH_AES_128_CBC_SHA, TLS_EMPTY_RENEGOTIATION_INFO_SCSV]
21:52:07.007 [main] DEBUG org.apache.hc.client5.http.ssl.SSLConnectionSocketFactory - Starting handshake
21:52:07.049 [main] DEBUG org.apache.hc.client5.http.ssl.SSLConnectionSocketFactory - Secure session established
21:52:07.050 [main] DEBUG org.apache.hc.client5.http.ssl.SSLConnectionSocketFactory -  negotiated protocol: TLSv1.3
21:52:07.050 [main] DEBUG org.apache.hc.client5.http.ssl.SSLConnectionSocketFactory -  negotiated cipher suite: TLS_AES_256_GCM_SHA384
21:52:07.050 [main] DEBUG org.apache.hc.client5.http.ssl.SSLConnectionSocketFactory -  peer principal: CN=*.github.io, O="GitHub, Inc.", L=San Francisco, ST=California, C=US
21:52:07.050 [main] DEBUG org.apache.hc.client5.http.ssl.SSLConnectionSocketFactory -  peer alternative names: [*.github.io, github.io, *.github.com, github.com, www.github.com, *.githubusercontent.com, githubusercontent.com]
21:52:07.050 [main] DEBUG org.apache.hc.client5.http.ssl.SSLConnectionSocketFactory -  issuer principal: CN=DigiCert TLS RSA SHA256 2020 CA1, O=DigiCert Inc, C=US
21:52:07.050 [main] DEBUG org.apache.hc.client5.http.impl.io.DefaultHttpClientConnectionOperator - http-outgoing-3: connection established 192.168.100.42:62274<->185.199.108.133:443
21:52:07.050 [main] DEBUG org.apache.hc.client5.http.impl.io.PoolingHttpClientConnectionManager - ep-00000004: connected http-outgoing-3
21:52:07.050 [main] DEBUG org.apache.hc.client5.http.impl.classic.InternalHttpClient - ep-00000004: endpoint connected
21:52:07.050 [main] DEBUG org.apache.hc.client5.http.impl.classic.MainClientExec - ex-00000005: executing GET /bonigarcia/webdrivermanager/master/src/main/resources/commands.properties HTTP/1.1
21:52:07.050 [main] DEBUG org.apache.hc.client5.http.impl.classic.InternalHttpClient - ep-00000004: start execution ex-00000005
21:52:07.050 [main] DEBUG org.apache.hc.client5.http.impl.io.PoolingHttpClientConnectionManager - ep-00000004: executing exchange ex-00000005 over http-outgoing-3
21:52:07.050 [main] DEBUG org.apache.hc.client5.http.headers - http-outgoing-3 >> GET /bonigarcia/webdrivermanager/master/src/main/resources/commands.properties HTTP/1.1
21:52:07.050 [main] DEBUG org.apache.hc.client5.http.headers - http-outgoing-3 >> user-agent: Apache-HttpClient/5.0
21:52:07.050 [main] DEBUG org.apache.hc.client5.http.headers - http-outgoing-3 >> accept-encoding: gzip, deflate, br
21:52:07.050 [main] DEBUG org.apache.hc.client5.http.headers - http-outgoing-3 >> cache-control: max-age=0
21:52:07.050 [main] DEBUG org.apache.hc.client5.http.headers - http-outgoing-3 >> connection: keep-alive
21:52:07.050 [main] DEBUG org.apache.hc.client5.http.headers - http-outgoing-3 >> Host: raw.githubusercontent.com
21:52:07.050 [main] DEBUG org.apache.hc.client5.http.wire - http-outgoing-3 >> "GET /bonigarcia/webdrivermanager/master/src/main/resources/commands.properties HTTP/1.1[\r][\n]"
21:52:07.050 [main] DEBUG org.apache.hc.client5.http.wire - http-outgoing-3 >> "user-agent: Apache-HttpClient/5.0[\r][\n]"
21:52:07.050 [main] DEBUG org.apache.hc.client5.http.wire - http-outgoing-3 >> "accept-encoding: gzip, deflate, br[\r][\n]"
21:52:07.050 [main] DEBUG org.apache.hc.client5.http.wire - http-outgoing-3 >> "cache-control: max-age=0[\r][\n]"
21:52:07.050 [main] DEBUG org.apache.hc.client5.http.wire - http-outgoing-3 >> "connection: keep-alive[\r][\n]"
21:52:07.050 [main] DEBUG org.apache.hc.client5.http.wire - http-outgoing-3 >> "Host: raw.githubusercontent.com[\r][\n]"
21:52:07.050 [main] DEBUG org.apache.hc.client5.http.wire - http-outgoing-3 >> "[\r][\n]"
21:52:07.088 [main] DEBUG org.apache.hc.client5.http.wire - http-outgoing-3 << "HTTP/1.1 200 OK[\r][\n]"
21:52:07.088 [main] DEBUG org.apache.hc.client5.http.wire - http-outgoing-3 << "Connection: keep-alive[\r][\n]"
21:52:07.088 [main] DEBUG org.apache.hc.client5.http.wire - http-outgoing-3 << "Content-Length: 723[\r][\n]"
21:52:07.088 [main] DEBUG org.apache.hc.client5.http.wire - http-outgoing-3 << "Cache-Control: max-age=300[\r][\n]"
21:52:07.088 [main] DEBUG org.apache.hc.client5.http.wire - http-outgoing-3 << "Content-Security-Policy: default-src 'none'; style-src 'unsafe-inline'; sandbox[\r][\n]"
21:52:07.088 [main] DEBUG org.apache.hc.client5.http.wire - http-outgoing-3 << "Content-Type: text/plain; charset=utf-8[\r][\n]"
21:52:07.088 [main] DEBUG org.apache.hc.client5.http.wire - http-outgoing-3 << "ETag: W/"e82b438271e9e8680c688b0b680efd0bdd22faa6d6f0a32fc1fd8accc486b67e"[\r][\n]"
21:52:07.088 [main] DEBUG org.apache.hc.client5.http.wire - http-outgoing-3 << "Strict-Transport-Security: max-age=31536000[\r][\n]"
21:52:07.088 [main] DEBUG org.apache.hc.client5.http.wire - http-outgoing-3 << "X-Content-Type-Options: nosniff[\r][\n]"
21:52:07.088 [main] DEBUG org.apache.hc.client5.http.wire - http-outgoing-3 << "X-Frame-Options: deny[\r][\n]"
21:52:07.088 [main] DEBUG org.apache.hc.client5.http.wire - http-outgoing-3 << "X-XSS-Protection: 1; mode=block[\r][\n]"
21:52:07.088 [main] DEBUG org.apache.hc.client5.http.wire - http-outgoing-3 << "X-GitHub-Request-Id: 4CA0:B8C7F:70C4E:8CACE:651389F9[\r][\n]"
21:52:07.088 [main] DEBUG org.apache.hc.client5.http.wire - http-outgoing-3 << "Content-Encoding: gzip[\r][\n]"
21:52:07.088 [main] DEBUG org.apache.hc.client5.http.wire - http-outgoing-3 << "Accept-Ranges: bytes[\r][\n]"
21:52:07.088 [main] DEBUG org.apache.hc.client5.http.wire - http-outgoing-3 << "Date: Thu, 05 Oct 2023 14:52:07 GMT[\r][\n]"
21:52:07.088 [main] DEBUG org.apache.hc.client5.http.wire - http-outgoing-3 << "Via: 1.1 varnish[\r][\n]"
21:52:07.088 [main] DEBUG org.apache.hc.client5.http.wire - http-outgoing-3 << "X-Served-By: cache-qpg1224-QPG[\r][\n]"
21:52:07.088 [main] DEBUG org.apache.hc.client5.http.wire - http-outgoing-3 << "X-Cache: HIT[\r][\n]"
21:52:07.090 [main] DEBUG org.apache.hc.client5.http.wire - http-outgoing-3 << "X-Cache-Hits: 1[\r][\n]"
21:52:07.090 [main] DEBUG org.apache.hc.client5.http.wire - http-outgoing-3 << "X-Timer: S1696517528.744320,VS0,VE1[\r][\n]"
21:52:07.090 [main] DEBUG org.apache.hc.client5.http.wire - http-outgoing-3 << "Vary: Authorization,Accept-Encoding,Origin[\r][\n]"
21:52:07.090 [main] DEBUG org.apache.hc.client5.http.wire - http-outgoing-3 << "Access-Control-Allow-Origin: *[\r][\n]"
21:52:07.090 [main] DEBUG org.apache.hc.client5.http.wire - http-outgoing-3 << "Cross-Origin-Resource-Policy: cross-origin[\r][\n]"
21:52:07.090 [main] DEBUG org.apache.hc.client5.http.wire - http-outgoing-3 << "X-Fastly-Request-ID: 26f56b7e5e83abf5d5a7cb9ca6b165a0a7207880[\r][\n]"
21:52:07.090 [main] DEBUG org.apache.hc.client5.http.wire - http-outgoing-3 << "Expires: Thu, 05 Oct 2023 14:57:07 GMT[\r][\n]"
21:52:07.090 [main] DEBUG org.apache.hc.client5.http.wire - http-outgoing-3 << "Source-Age: 9[\r][\n]"
21:52:07.090 [main] DEBUG org.apache.hc.client5.http.wire - http-outgoing-3 << "[\r][\n]"
21:52:07.092 [main] DEBUG org.apache.hc.client5.http.headers - http-outgoing-3 << HTTP/1.1 200 OK
21:52:07.092 [main] DEBUG org.apache.hc.client5.http.headers - http-outgoing-3 << Connection: keep-alive
21:52:07.092 [main] DEBUG org.apache.hc.client5.http.headers - http-outgoing-3 << Content-Length: 723
21:52:07.092 [main] DEBUG org.apache.hc.client5.http.headers - http-outgoing-3 << Cache-Control: max-age=300
21:52:07.092 [main] DEBUG org.apache.hc.client5.http.headers - http-outgoing-3 << Content-Security-Policy: default-src 'none'; style-src 'unsafe-inline'; sandbox
21:52:07.092 [main] DEBUG org.apache.hc.client5.http.headers - http-outgoing-3 << Content-Type: text/plain; charset=utf-8
21:52:07.092 [main] DEBUG org.apache.hc.client5.http.headers - http-outgoing-3 << ETag: W/"e82b438271e9e8680c688b0b680efd0bdd22faa6d6f0a32fc1fd8accc486b67e"
21:52:07.092 [main] DEBUG org.apache.hc.client5.http.headers - http-outgoing-3 << Strict-Transport-Security: max-age=31536000
21:52:07.092 [main] DEBUG org.apache.hc.client5.http.headers - http-outgoing-3 << X-Content-Type-Options: nosniff
21:52:07.092 [main] DEBUG org.apache.hc.client5.http.headers - http-outgoing-3 << X-Frame-Options: deny
21:52:07.092 [main] DEBUG org.apache.hc.client5.http.headers - http-outgoing-3 << X-XSS-Protection: 1; mode=block
21:52:07.092 [main] DEBUG org.apache.hc.client5.http.headers - http-outgoing-3 << X-GitHub-Request-Id: 4CA0:B8C7F:70C4E:8CACE:651389F9
21:52:07.092 [main] DEBUG org.apache.hc.client5.http.headers - http-outgoing-3 << Content-Encoding: gzip
21:52:07.092 [main] DEBUG org.apache.hc.client5.http.headers - http-outgoing-3 << Accept-Ranges: bytes
21:52:07.092 [main] DEBUG org.apache.hc.client5.http.headers - http-outgoing-3 << Date: Thu, 05 Oct 2023 14:52:07 GMT
21:52:07.092 [main] DEBUG org.apache.hc.client5.http.headers - http-outgoing-3 << Via: 1.1 varnish
21:52:07.092 [main] DEBUG org.apache.hc.client5.http.headers - http-outgoing-3 << X-Served-By: cache-qpg1224-QPG
21:52:07.092 [main] DEBUG org.apache.hc.client5.http.headers - http-outgoing-3 << X-Cache: HIT
21:52:07.092 [main] DEBUG org.apache.hc.client5.http.headers - http-outgoing-3 << X-Cache-Hits: 1
21:52:07.101 [main] DEBUG org.apache.hc.client5.http.headers - http-outgoing-3 << X-Timer: S1696517528.744320,VS0,VE1
21:52:07.101 [main] DEBUG org.apache.hc.client5.http.headers - http-outgoing-3 << Vary: Authorization,Accept-Encoding,Origin
21:52:07.102 [main] DEBUG org.apache.hc.client5.http.headers - http-outgoing-3 << Access-Control-Allow-Origin: *
21:52:07.103 [main] DEBUG org.apache.hc.client5.http.headers - http-outgoing-3 << Cross-Origin-Resource-Policy: cross-origin
21:52:07.103 [main] DEBUG org.apache.hc.client5.http.headers - http-outgoing-3 << X-Fastly-Request-ID: 26f56b7e5e83abf5d5a7cb9ca6b165a0a7207880
21:52:07.103 [main] DEBUG org.apache.hc.client5.http.headers - http-outgoing-3 << Expires: Thu, 05 Oct 2023 14:57:07 GMT
21:52:07.103 [main] DEBUG org.apache.hc.client5.http.headers - http-outgoing-3 << Source-Age: 9
21:52:07.105 [main] DEBUG org.apache.hc.client5.http.impl.classic.MainClientExec - ex-00000005: connection can be kept alive for 3 MINUTES
21:52:07.105 [main] DEBUG org.apache.hc.client5.http.wire - http-outgoing-3 << "[0x1f][0xffffff8b][0x8][0x0][0x0][0x0][0x0][0x0][0x0][0x3][0xffffffb5]V]o[0xffffffda]0[0x14]}[0xffffffe7]W\[0xffffff81]*[0xffffffb5][0x12][0x1f][[M[0xffffffd3]$[0x1e]hF[0xffffffbb]i [0x18][0xffffffb4][0xffffffdd]&[0xfffffff9][0xffffffc5]$7[0xffffffc1]R[0x12]#;[0xffffff94]v[0xffffffbf]~[0xffffffb6][0xfffffff3]1[0xffffff92][0xffffff9a][0xffffffc1][0x1a]x[0xffffffcb][0xffffffb5][0xffffffaf][0xffffffcf]9[0xffffffbe][0xfffffff7]8v[0xb][0x1c][0x1e]E4[0xfffffff6]$x4[0xffffffa1][0xb]*[0xffffffb1][0xffffffd1][0xffffff82][0xfffffffb]%[0xffffff93][0xffffffe0][0xffffffb3][0x10][0xffffffc1][0xffffffe5]qBY,!Y[0xffffffea] KM8,[0x10][0xfffffff0][0x19][0xffffffdd]u[0xffffff82][0x1e][0xffffffb0][0xffffffd8]L[0xffffffcb]%[0xffffff86][0xffffffa1][0xe][0xffffffb8][0xfffffff0]P[0xffffffe8]$[0xf][0x13]t[0x13]3[0xfffffff9][0xffffff84]B2[0xffffffae][0xffffffe6]|@[0xfffffff5][0x1d][0x8][0xffffffc4][0x18][0x16][0xffffff82]o[0xffffffa4][0xffffff9a]P[0xffffff94][0xffffffe7][0xffffffce]R[0xfffffff0][0x8][0xffffffdb]p[0xffffffcb][0x4][0xfffffffa][0xfffffffc][0xffffffb9][\r][0xffffff93][0x15][\n]"
21:52:07.105 [main] DEBUG org.apache.hc.client5.http.wire - http-outgoing-3 << "[0xffffffda][0xffffff86][0xffffffa1][0x17][0xffffffa8]Q3[0xffffffcb][0xffffffd6][0xffffffd1][0xffffff85][0xffffffc6][0xfffffff7][0xffffff98][0xffffffef][0xffffffa3][0xffffffc0]8[0x1][0xffffffae]s[0x12][0x16][0x7] _d[0xffffff82][0xffffff91][0xffffff84][0xfffffff3][0x1f],[0xfffffff6][0x14]j[0x1b]F,^+[0xffffff98]1ua2[0xffffffbf]h([0xffffff8e][0xffffff94][0xffffffa2][0xffffff91]m[0xffffffa3][0xffffffeb][0xffffff9a][0xffffffb0][0xffffffbb]I[0x17]t[0xffffffdf][0xffffffbd][0xffffffef][0xffffffbb][0xffffff91][0xffffffd7]U[0xffffffbb][0xffffff82][0xffffff9e][0x3][0xffffff9b][0xffffff88][0xffffffb9][0xffffffa6]$[0xffffffa6][0xc][0xffffff9b][0xffffffa5][0xffffffe2][0xffffff83][0xffffff98]F[0xffffffd8]o[0xffffff9e]Mg[0xffffff93][0xffffffbb][0xffffffd9]`|[0xfffffffb]u4[0xffffff9c][0x7f]"}B[0xffffffce][0x8][0xffffffb9][0xffffffe3]<[0x8][0xffffff91][0xffffff90][0xffffff94][0xffffff82][0xffffff90][0xffffffc1]j[0x15]2WI[0xffffffe3]1![0x19][0xffffff91]BnB[0xffffff80][0x9]<f[0xffffffb5][0xffffffe8]=[0xffffffd1]p[0xffffffbd][[0xffffffcf][0xffffffe5][0x1b][0xfffffff4][0xffffff9c][0xffffffff][0xfffffffc][0xfffffff8][0xffffffe1][0xffffffe2][0xffffff94][0xffffffa2][0xffffffae][0xe][0x14]5[0xffffff9a]8[0xffffff83][0xffffffd1]`:[0xfffffffd]<[0xffffffb8][0x1f][0xffffff9c]R[0xffffffcf]u[0x7f]6[0xffffffbc][0xffffff83][0xffffffef][0xf][0xffffffc3][0xffffffd9]/[0xfffffff8][0xfffffff2][0xffffffcd]y s[0xffffffee]'[0x1b]*0g[0xffffffcb][0xffffffc8]nF7H][0xffffff83][0xffffff97]{[0xffffffb1]Q[0x5][\r][0xffffffb5]c[0xffffffb4][0xf][0x2][0xffffffb3][0xffffffb4][0xffffff93][0xe]C[0xffffffa7][0xffffffb3]kAD][0xffffff9d][0xffffffde][0xffffffdb][0xffffffda][0xffffff88][0xffffffec][0xffffffa5][0xffffffbc][0xffffff99][0xffffffd9][0xffffffba]t[0xffffffb5][0xffffffea]9[0xffffffea][0x10])[0xffffffb7][0xffffffca][0xffffff9e][0xfffffff2][0xffffffe2]d^N[0xffffffd8]FW[0x16][0xffffffcd][0xffffffdc]_[0x10][0xfffffff9]i|[0x1c][0xffffff93][0xffffff8e][0xfffffff9]o[0x16][0xffffff86]4'!$G[0xffffffdf]W[0xfffffff4]W*j[[0xfffffff3]xR[0xffffffae][0xffffffb6][0xc][0xffffffd0],; #[0xffffffa9][0xffffff92]5[0xffffffb5][0x7][0xffffff9c][0xffffffb5][0xffffffd0][0x7f][0xffffff90][0xffffffc7]jgs[0xfffffffc][0xffffffc2][0xb][0xffffffd9][0x0]t[0xffffff9e]^'Y[0xfffffffb][0xffffff9f][0xffffffb1][0xffffffd8]:[0xffffffbf][0xffffff8d][0xffffffa5][0xffffff9a][0xffffffad][0x7f]m[0x5]&[0xffffffaa][0xffffffa0]^[0xffffff9b][0xffffffcb][0x5]f[0xffffffae][0xffffffe0]RU[0xffffff82][0x10]MS9l[0xffffff91]4t[0xfffffffb][0xffffff8a]][0xffffffd6][0xfffffff4][0xffffff96][0xffffffa6][0xffffff9f]P[0xffffffce][0xffffffd5][0xffffffce][0xffffff93][0xffffffff][0xffffff97][0xffffffcc]p[0xfffffffd][0xfffffff3][0xffffffe8][0x1b][0xffffffcc][0xffffffa2][0xffffffd9]Q[0xffffffbe][0xffffffb2][0xffffffa3][0xffffffc7]m'[0xffffffdf][0xffffffe4][[0xfffffffb]^[0xffffffb0][0xffffff9a][0xffffffbe][0xffffffda][0xffffffda]_[0xffffffce][0xffffff80][0xffffffd2][0xffffffc1]7[0xffffffb7]][0xffffffc1]b[0xffffffee][0xffffffb5][0xffffffff]w[0xffffff83][0xffffffed][0xffffffa7];[0x15]<[0x10]4[0xffffff92][0xffffff84][0x18][\n]"
21:52:07.105 [main] DEBUG org.apache.hc.client5.http.wire - http-outgoing-3 << "BB[0xffffffba][0xffffff8e]][0xffffffb5]jo[0xffffffb9]+"[0xffffffea][0xffffffb4][0xffffffff]h"[0xffffffea]\?5[0xffffffa9][0xffffffaf]k[0xffffffec][0xffffffff]P[0xffffffea][\n]"
21:52:07.105 [main] DEBUG org.apache.hc.client5.http.wire - http-outgoing-3 << "w[0xffffffe1]K[0x13][0xffffffda][0xffffffec][0xffffff98][0xffffffe6]Y[0xfffffffd]h8m6[0xffffff9c]T[0xffffffc1][0xfffffff2][0xffffffa7][0xffffff91]z_[0xffffff95]o85p[0x1c][0x13][0xffffffe6][0xfffffff0]5[0xffffffee][0xfffffffc][0xffffff92][0xffffff96][0xffffffda][0xfffffff7][0xffffffcf][0xffffffb1][0x5][0x1d][0xffffffea]K[0xffffff9b]9[0xffffff8e][0xffffffad]e[0xfffffff7][0xffffff93][0xffffffa8]`[0xffffffda][0xffffffff][0x1a][0xffffffd2][0xffffff88][0xffffff85][0xfffffffd][0xfffffff2][0xffffff91]N[0xfffffff6]`[0xffffffdf]2[0xffffffcf][0xffffffae]E[0xffffff97][0xffffffc5][0xffffffa2][0xffffff9d][0xffffffef]'[0xffffff9d]mun.[0xffffffd3]f^[0xffffffc7][0xffffff82][0xffffffda][0xffffff82]9[0xfffffff5][0xffffffa9]`[0x5][0xffffffbc]4[0xffffffa1][0x1d]<M[0xffffffb5]A[0xffffffa7]3[[0xffffffc0][0x7f][0x0][0xffffffc1][0xffffffd0]$[0xffffff85][0x1d][\r][0x0][0x0]"
21:52:07.106 [main] DEBUG org.apache.hc.client5.http.impl.classic.InternalHttpClient - ep-00000004: releasing valid endpoint
21:52:07.106 [main] DEBUG org.apache.hc.client5.http.impl.io.PoolingHttpClientConnectionManager - ep-00000004: releasing endpoint
21:52:07.106 [main] DEBUG org.apache.hc.client5.http.impl.io.PoolingHttpClientConnectionManager - ep-00000004: connection http-outgoing-3 can be kept alive for 3 MINUTES
21:52:07.106 [main] DEBUG org.apache.hc.client5.http.impl.io.PoolingHttpClientConnectionManager - ep-00000004: connection released [route: {s}->https://raw.githubusercontent.com:443][total available: 1; route allocated: 1 of 5; total allocated: 1 of 25]
21:52:07.106 [main] DEBUG io.github.bonigarcia.wdm.versions.VersionDetector - Detecting chrome version using online commands.properties
21:52:07.108 [main] DEBUG io.github.bonigarcia.wdm.versions.Shell - Running command on the shell: [cmd.exe, /C, wmic, datafile, where, name="%PROGRAMFILES:\=\\%\\Google\\Chrome\\Application\\chrome.exe", get, Version, /value]
21:52:07.221 [main] DEBUG io.github.bonigarcia.wdm.versions.Shell - Result: Version=117.0.5938.134
21:52:07.224 [main] DEBUG org.apache.hc.client5.http.impl.classic.InternalHttpClient - ex-00000006: preparing request execution
21:52:07.224 [main] DEBUG org.apache.hc.client5.http.protocol.RequestAddCookies - Cookie spec selected: strict
21:52:07.224 [main] DEBUG org.apache.hc.client5.http.protocol.RequestAuthCache - Auth cache not set in the context
21:52:07.224 [main] DEBUG org.apache.hc.client5.http.impl.classic.ProtocolExec - ex-00000006: target auth state: UNCHALLENGED
21:52:07.224 [main] DEBUG org.apache.hc.client5.http.impl.classic.ProtocolExec - ex-00000006: proxy auth state: UNCHALLENGED
21:52:07.224 [main] DEBUG org.apache.hc.client5.http.impl.classic.ConnectExec - ex-00000006: acquiring connection with route {s}->https://chromedriver.storage.googleapis.com:443
21:52:07.224 [main] DEBUG org.apache.hc.client5.http.impl.classic.InternalHttpClient - ex-00000006: acquiring endpoint (3 MINUTES)
21:52:07.224 [main] DEBUG org.apache.hc.client5.http.impl.io.PoolingHttpClientConnectionManager - ex-00000006: endpoint lease request (3 MINUTES) [route: {s}->https://chromedriver.storage.googleapis.com:443][total available: 1; route allocated: 0 of 5; total allocated: 1 of 25]
21:52:07.225 [main] DEBUG org.apache.hc.client5.http.impl.io.PoolingHttpClientConnectionManager - ex-00000006: endpoint leased [route: {s}->https://chromedriver.storage.googleapis.com:443][total available: 1; route allocated: 1 of 5; total allocated: 2 of 25]
21:52:07.225 [main] DEBUG org.apache.hc.client5.http.impl.io.PoolingHttpClientConnectionManager - ex-00000006: acquired ep-00000005
21:52:07.225 [main] DEBUG org.apache.hc.client5.http.impl.classic.InternalHttpClient - ex-00000006: acquired endpoint ep-00000005
21:52:07.225 [main] DEBUG org.apache.hc.client5.http.impl.classic.ConnectExec - ex-00000006: opening connection {s}->https://chromedriver.storage.googleapis.com:443
21:52:07.225 [main] DEBUG org.apache.hc.client5.http.impl.classic.InternalHttpClient - ep-00000005: connecting endpoint (30 SECONDS)
21:52:07.225 [main] DEBUG org.apache.hc.client5.http.impl.io.PoolingHttpClientConnectionManager - ep-00000005: connecting endpoint to https://chromedriver.storage.googleapis.com:443 (30 SECONDS)
21:52:07.225 [main] DEBUG org.apache.hc.client5.http.impl.io.DefaultHttpClientConnectionOperator - http-outgoing-4: connecting to chromedriver.storage.googleapis.com/142.251.223.27:443
21:52:07.225 [main] DEBUG org.apache.hc.client5.http.ssl.SSLConnectionSocketFactory - Connecting socket to chromedriver.storage.googleapis.com/142.251.223.27:443 with timeout 30 SECONDS
21:52:07.242 [main] DEBUG org.apache.hc.client5.http.ssl.SSLConnectionSocketFactory - Enabled protocols: [TLSv1.3, TLSv1.2]
21:52:07.242 [main] DEBUG org.apache.hc.client5.http.ssl.SSLConnectionSocketFactory - Enabled cipher suites: [TLS_AES_256_GCM_SHA384, TLS_AES_128_GCM_SHA256, TLS_CHACHA20_POLY1305_SHA256, TLS_ECDHE_ECDSA_WITH_AES_256_GCM_SHA384, TLS_ECDHE_ECDSA_WITH_AES_128_GCM_SHA256, TLS_ECDHE_ECDSA_WITH_CHACHA20_POLY1305_SHA256, TLS_ECDHE_RSA_WITH_AES_256_GCM_SHA384, TLS_ECDHE_RSA_WITH_CHACHA20_POLY1305_SHA256, TLS_ECDHE_RSA_WITH_AES_128_GCM_SHA256, TLS_DHE_RSA_WITH_AES_256_GCM_SHA384, TLS_DHE_RSA_WITH_CHACHA20_POLY1305_SHA256, TLS_DHE_DSS_WITH_AES_256_GCM_SHA384, TLS_DHE_RSA_WITH_AES_128_GCM_SHA256, TLS_DHE_DSS_WITH_AES_128_GCM_SHA256, TLS_ECDHE_ECDSA_WITH_AES_256_CBC_SHA384, TLS_ECDHE_RSA_WITH_AES_256_CBC_SHA384, TLS_ECDHE_ECDSA_WITH_AES_128_CBC_SHA256, TLS_ECDHE_RSA_WITH_AES_128_CBC_SHA256, TLS_DHE_RSA_WITH_AES_256_CBC_SHA256, TLS_DHE_DSS_WITH_AES_256_CBC_SHA256, TLS_DHE_RSA_WITH_AES_128_CBC_SHA256, TLS_DHE_DSS_WITH_AES_128_CBC_SHA256, TLS_ECDH_ECDSA_WITH_AES_256_GCM_SHA384, TLS_ECDH_RSA_WITH_AES_256_GCM_SHA384, TLS_ECDH_ECDSA_WITH_AES_128_GCM_SHA256, TLS_ECDH_RSA_WITH_AES_128_GCM_SHA256, TLS_ECDH_ECDSA_WITH_AES_256_CBC_SHA384, TLS_ECDH_RSA_WITH_AES_256_CBC_SHA384, TLS_ECDH_ECDSA_WITH_AES_128_CBC_SHA256, TLS_ECDH_RSA_WITH_AES_128_CBC_SHA256, TLS_ECDHE_ECDSA_WITH_AES_256_CBC_SHA, TLS_ECDHE_RSA_WITH_AES_256_CBC_SHA, TLS_ECDHE_ECDSA_WITH_AES_128_CBC_SHA, TLS_ECDHE_RSA_WITH_AES_128_CBC_SHA, TLS_DHE_RSA_WITH_AES_256_CBC_SHA, TLS_DHE_DSS_WITH_AES_256_CBC_SHA, TLS_DHE_RSA_WITH_AES_128_CBC_SHA, TLS_DHE_DSS_WITH_AES_128_CBC_SHA, TLS_ECDH_ECDSA_WITH_AES_256_CBC_SHA, TLS_ECDH_RSA_WITH_AES_256_CBC_SHA, TLS_ECDH_ECDSA_WITH_AES_128_CBC_SHA, TLS_ECDH_RSA_WITH_AES_128_CBC_SHA, TLS_RSA_WITH_AES_256_GCM_SHA384, TLS_RSA_WITH_AES_128_GCM_SHA256, TLS_RSA_WITH_AES_256_CBC_SHA256, TLS_RSA_WITH_AES_128_CBC_SHA256, TLS_RSA_WITH_AES_256_CBC_SHA, TLS_RSA_WITH_AES_128_CBC_SHA, TLS_EMPTY_RENEGOTIATION_INFO_SCSV]
21:52:07.242 [main] DEBUG org.apache.hc.client5.http.ssl.SSLConnectionSocketFactory - Starting handshake
21:52:07.361 [main] DEBUG org.apache.hc.client5.http.ssl.SSLConnectionSocketFactory - Secure session established
21:52:07.361 [main] DEBUG org.apache.hc.client5.http.ssl.SSLConnectionSocketFactory -  negotiated protocol: TLSv1.3
21:52:07.361 [main] DEBUG org.apache.hc.client5.http.ssl.SSLConnectionSocketFactory -  negotiated cipher suite: TLS_AES_256_GCM_SHA384
21:52:07.361 [main] DEBUG org.apache.hc.client5.http.ssl.SSLConnectionSocketFactory -  peer principal: CN=*.storage.googleapis.com
21:52:07.361 [main] DEBUG org.apache.hc.client5.http.ssl.SSLConnectionSocketFactory -  peer alternative names: [*.storage.googleapis.com, *.googleapis.com, commondatastorage.googleapis.com, *.commondatastorage.googleapis.com, storage.googleapis.com, storage-p2.googleapis.com, *.storage-p2.googleapis.com, storage.mtls.googleapis.com, *.appspot.com.storage.googleapis.com, *.content-storage.googleapis.com, *.content-storage-p2.googleapis.com, *.content-storage-upload.googleapis.com, *.content-storage-download.googleapis.com, *.storage-upload.googleapis.com, *.storage-download.googleapis.com]
21:52:07.361 [main] DEBUG org.apache.hc.client5.http.ssl.SSLConnectionSocketFactory -  issuer principal: CN=GTS CA 1C3, O=Google Trust Services LLC, C=US
21:52:07.362 [main] DEBUG org.apache.hc.client5.http.impl.io.DefaultHttpClientConnectionOperator - http-outgoing-4: connection established 192.168.100.42:62275<->142.251.223.27:443
21:52:07.362 [main] DEBUG org.apache.hc.client5.http.impl.io.PoolingHttpClientConnectionManager - ep-00000005: connected http-outgoing-4
21:52:07.362 [main] DEBUG org.apache.hc.client5.http.impl.classic.InternalHttpClient - ep-00000005: endpoint connected
21:52:07.362 [main] DEBUG org.apache.hc.client5.http.impl.classic.MainClientExec - ex-00000006: executing GET /LATEST_RELEASE_117 HTTP/1.1
21:52:07.362 [main] DEBUG org.apache.hc.client5.http.impl.classic.InternalHttpClient - ep-00000005: start execution ex-00000006
21:52:07.362 [main] DEBUG org.apache.hc.client5.http.impl.io.PoolingHttpClientConnectionManager - ep-00000005: executing exchange ex-00000006 over http-outgoing-4
21:52:07.362 [main] DEBUG org.apache.hc.client5.http.headers - http-outgoing-4 >> GET /LATEST_RELEASE_117 HTTP/1.1
21:52:07.362 [main] DEBUG org.apache.hc.client5.http.headers - http-outgoing-4 >> user-agent: Apache-HttpClient/5.0
21:52:07.362 [main] DEBUG org.apache.hc.client5.http.headers - http-outgoing-4 >> accept-encoding: gzip, deflate, br
21:52:07.362 [main] DEBUG org.apache.hc.client5.http.headers - http-outgoing-4 >> cache-control: max-age=0
21:52:07.362 [main] DEBUG org.apache.hc.client5.http.headers - http-outgoing-4 >> connection: keep-alive
21:52:07.362 [main] DEBUG org.apache.hc.client5.http.headers - http-outgoing-4 >> Host: chromedriver.storage.googleapis.com
21:52:07.362 [main] DEBUG org.apache.hc.client5.http.wire - http-outgoing-4 >> "GET /LATEST_RELEASE_117 HTTP/1.1[\r][\n]"
21:52:07.362 [main] DEBUG org.apache.hc.client5.http.wire - http-outgoing-4 >> "user-agent: Apache-HttpClient/5.0[\r][\n]"
21:52:07.362 [main] DEBUG org.apache.hc.client5.http.wire - http-outgoing-4 >> "accept-encoding: gzip, deflate, br[\r][\n]"
21:52:07.362 [main] DEBUG org.apache.hc.client5.http.wire - http-outgoing-4 >> "cache-control: max-age=0[\r][\n]"
21:52:07.362 [main] DEBUG org.apache.hc.client5.http.wire - http-outgoing-4 >> "connection: keep-alive[\r][\n]"
21:52:07.362 [main] DEBUG org.apache.hc.client5.http.wire - http-outgoing-4 >> "Host: chromedriver.storage.googleapis.com[\r][\n]"
21:52:07.362 [main] DEBUG org.apache.hc.client5.http.wire - http-outgoing-4 >> "[\r][\n]"
21:52:07.617 [main] DEBUG org.apache.hc.client5.http.wire - http-outgoing-4 << "HTTP/1.1 404 Not Found[\r][\n]"
21:52:07.617 [main] DEBUG org.apache.hc.client5.http.wire - http-outgoing-4 << "X-GUploader-UploadID: ADPycdsPOQcB9PIQFcLpI4DqdvPDYo7GYkpuBjLthNZlDiL6qPFz1bzils3HuMRtbeaz3StBTaQp3JMJuBiQhMWcyeEh_AIFW_vn[\r][\n]"
21:52:07.617 [main] DEBUG org.apache.hc.client5.http.wire - http-outgoing-4 << "Content-Type: application/xml; charset=UTF-8[\r][\n]"
21:52:07.617 [main] DEBUG org.apache.hc.client5.http.wire - http-outgoing-4 << "Content-Length: 193[\r][\n]"
21:52:07.617 [main] DEBUG org.apache.hc.client5.http.wire - http-outgoing-4 << "Date: Thu, 05 Oct 2023 14:52:08 GMT[\r][\n]"
21:52:07.617 [main] DEBUG org.apache.hc.client5.http.wire - http-outgoing-4 << "Expires: Thu, 05 Oct 2023 14:52:08 GMT[\r][\n]"
21:52:07.617 [main] DEBUG org.apache.hc.client5.http.wire - http-outgoing-4 << "Cache-Control: private, max-age=0[\r][\n]"
21:52:07.617 [main] DEBUG org.apache.hc.client5.http.wire - http-outgoing-4 << "Server: UploadServer[\r][\n]"
21:52:07.617 [main] DEBUG org.apache.hc.client5.http.wire - http-outgoing-4 << "Alt-Svc: h3=":443"; ma=2592000,h3-29=":443"; ma=2592000[\r][\n]"
21:52:07.617 [main] DEBUG org.apache.hc.client5.http.wire - http-outgoing-4 << "[\r][\n]"
21:52:07.617 [main] DEBUG org.apache.hc.client5.http.wire - http-outgoing-4 << "<?xml version='1.0' encoding='UTF-8'?><Error><Code>NoSuchKey</Code><Message>The specified key does not exist.</Message><Details>No such object: chromedriver/LATEST_RELEASE_117</Details></Error>"
21:52:07.618 [main] DEBUG org.apache.hc.client5.http.headers - http-outgoing-4 << HTTP/1.1 404 Not Found
21:52:07.618 [main] DEBUG org.apache.hc.client5.http.headers - http-outgoing-4 << X-GUploader-UploadID: ADPycdsPOQcB9PIQFcLpI4DqdvPDYo7GYkpuBjLthNZlDiL6qPFz1bzils3HuMRtbeaz3StBTaQp3JMJuBiQhMWcyeEh_AIFW_vn
21:52:07.618 [main] DEBUG org.apache.hc.client5.http.headers - http-outgoing-4 << Content-Type: application/xml; charset=UTF-8
21:52:07.618 [main] DEBUG org.apache.hc.client5.http.headers - http-outgoing-4 << Content-Length: 193
21:52:07.618 [main] DEBUG org.apache.hc.client5.http.headers - http-outgoing-4 << Date: Thu, 05 Oct 2023 14:52:08 GMT
21:52:07.618 [main] DEBUG org.apache.hc.client5.http.headers - http-outgoing-4 << Expires: Thu, 05 Oct 2023 14:52:08 GMT
21:52:07.618 [main] DEBUG org.apache.hc.client5.http.headers - http-outgoing-4 << Cache-Control: private, max-age=0
21:52:07.618 [main] DEBUG org.apache.hc.client5.http.headers - http-outgoing-4 << Server: UploadServer
21:52:07.618 [main] DEBUG org.apache.hc.client5.http.headers - http-outgoing-4 << Alt-Svc: h3=":443"; ma=2592000,h3-29=":443"; ma=2592000
21:52:07.618 [main] DEBUG org.apache.hc.client5.http.impl.classic.MainClientExec - ex-00000006: connection can be kept alive for 3 MINUTES
21:52:07.618 [main] ERROR io.github.bonigarcia.wdm.online.HttpClient - Error HTTP 404 executing https://chromedriver.storage.googleapis.com/LATEST_RELEASE_117
21:52:07.618 [main] WARN io.github.bonigarcia.wdm.versions.VersionDetector - Exception reading https://chromedriver.storage.googleapis.com/LATEST_RELEASE_117 to get latest version of chromedriver (Error HTTP 404 executing https://chromedriver.storage.googleapis.com/LATEST_RELEASE_117)
21:52:07.619 [main] DEBUG io.github.bonigarcia.wdm.versions.VersionDetector - Getting driver version for chrome117 from online versions.properties
21:52:07.620 [main] DEBUG org.apache.hc.client5.http.impl.classic.InternalHttpClient - ex-00000007: preparing request execution
21:52:07.620 [main] DEBUG org.apache.hc.client5.http.protocol.RequestAddCookies - Cookie spec selected: strict
21:52:07.620 [main] DEBUG org.apache.hc.client5.http.protocol.RequestAuthCache - Auth cache not set in the context
21:52:07.620 [main] DEBUG org.apache.hc.client5.http.impl.classic.ProtocolExec - ex-00000007: target auth state: UNCHALLENGED
21:52:07.620 [main] DEBUG org.apache.hc.client5.http.impl.classic.ProtocolExec - ex-00000007: proxy auth state: UNCHALLENGED
21:52:07.620 [main] DEBUG org.apache.hc.client5.http.impl.classic.ConnectExec - ex-00000007: acquiring connection with route {s}->https://raw.githubusercontent.com:443
21:52:07.620 [main] DEBUG org.apache.hc.client5.http.impl.classic.InternalHttpClient - ex-00000007: acquiring endpoint (3 MINUTES)
21:52:07.621 [main] DEBUG org.apache.hc.client5.http.impl.io.PoolingHttpClientConnectionManager - ex-00000007: endpoint lease request (3 MINUTES) [route: {s}->https://raw.githubusercontent.com:443][total available: 1; route allocated: 1 of 5; total allocated: 2 of 25]
21:52:07.621 [main] DEBUG org.apache.hc.client5.http.impl.io.PoolingHttpClientConnectionManager - ex-00000007: endpoint leased [route: {s}->https://raw.githubusercontent.com:443][total available: 0; route allocated: 1 of 5; total allocated: 2 of 25]
21:52:07.621 [main] DEBUG org.apache.hc.client5.http.impl.io.PoolingHttpClientConnectionManager - ex-00000007: acquired ep-00000006
21:52:07.621 [main] DEBUG org.apache.hc.client5.http.impl.classic.InternalHttpClient - ex-00000007: acquired endpoint ep-00000006
21:52:07.621 [main] DEBUG org.apache.hc.client5.http.impl.classic.MainClientExec - ex-00000007: executing GET /bonigarcia/webdrivermanager/master/src/main/resources/versions.properties HTTP/1.1
21:52:07.621 [main] DEBUG org.apache.hc.client5.http.impl.classic.InternalHttpClient - ep-00000006: start execution ex-00000007
21:52:07.621 [main] DEBUG org.apache.hc.client5.http.impl.io.PoolingHttpClientConnectionManager - ep-00000006: executing exchange ex-00000007 over http-outgoing-3
21:52:07.621 [main] DEBUG org.apache.hc.client5.http.headers - http-outgoing-3 >> GET /bonigarcia/webdrivermanager/master/src/main/resources/versions.properties HTTP/1.1
21:52:07.621 [main] DEBUG org.apache.hc.client5.http.headers - http-outgoing-3 >> user-agent: Apache-HttpClient/5.0
21:52:07.621 [main] DEBUG org.apache.hc.client5.http.headers - http-outgoing-3 >> accept-encoding: gzip, deflate, br
21:52:07.621 [main] DEBUG org.apache.hc.client5.http.headers - http-outgoing-3 >> cache-control: max-age=0
21:52:07.621 [main] DEBUG org.apache.hc.client5.http.headers - http-outgoing-3 >> connection: keep-alive
21:52:07.621 [main] DEBUG org.apache.hc.client5.http.headers - http-outgoing-3 >> Host: raw.githubusercontent.com
21:52:07.621 [main] DEBUG org.apache.hc.client5.http.wire - http-outgoing-3 >> "GET /bonigarcia/webdrivermanager/master/src/main/resources/versions.properties HTTP/1.1[\r][\n]"
21:52:07.621 [main] DEBUG org.apache.hc.client5.http.wire - http-outgoing-3 >> "user-agent: Apache-HttpClient/5.0[\r][\n]"
21:52:07.621 [main] DEBUG org.apache.hc.client5.http.wire - http-outgoing-3 >> "accept-encoding: gzip, deflate, br[\r][\n]"
21:52:07.621 [main] DEBUG org.apache.hc.client5.http.wire - http-outgoing-3 >> "cache-control: max-age=0[\r][\n]"
21:52:07.621 [main] DEBUG org.apache.hc.client5.http.wire - http-outgoing-3 >> "connection: keep-alive[\r][\n]"
21:52:07.621 [main] DEBUG org.apache.hc.client5.http.wire - http-outgoing-3 >> "Host: raw.githubusercontent.com[\r][\n]"
21:52:07.621 [main] DEBUG org.apache.hc.client5.http.wire - http-outgoing-3 >> "[\r][\n]"
21:52:07.660 [main] DEBUG org.apache.hc.client5.http.wire - http-outgoing-3 << "HTTP/1.1 200 OK[\r][\n]"
21:52:07.660 [main] DEBUG org.apache.hc.client5.http.wire - http-outgoing-3 << "Connection: keep-alive[\r][\n]"
21:52:07.660 [main] DEBUG org.apache.hc.client5.http.wire - http-outgoing-3 << "Content-Length: 1625[\r][\n]"
21:52:07.660 [main] DEBUG org.apache.hc.client5.http.wire - http-outgoing-3 << "Cache-Control: max-age=300[\r][\n]"
21:52:07.660 [main] DEBUG org.apache.hc.client5.http.wire - http-outgoing-3 << "Content-Security-Policy: default-src 'none'; style-src 'unsafe-inline'; sandbox[\r][\n]"
21:52:07.660 [main] DEBUG org.apache.hc.client5.http.wire - http-outgoing-3 << "Content-Type: text/plain; charset=utf-8[\r][\n]"
21:52:07.660 [main] DEBUG org.apache.hc.client5.http.wire - http-outgoing-3 << "ETag: W/"51a99ebb5fa30c7285d42b08929913814dd238f6403d61fccadee50390eab957"[\r][\n]"
21:52:07.660 [main] DEBUG org.apache.hc.client5.http.wire - http-outgoing-3 << "Strict-Transport-Security: max-age=31536000[\r][\n]"
21:52:07.660 [main] DEBUG org.apache.hc.client5.http.wire - http-outgoing-3 << "X-Content-Type-Options: nosniff[\r][\n]"
21:52:07.660 [main] DEBUG org.apache.hc.client5.http.wire - http-outgoing-3 << "X-Frame-Options: deny[\r][\n]"
21:52:07.660 [main] DEBUG org.apache.hc.client5.http.wire - http-outgoing-3 << "X-XSS-Protection: 1; mode=block[\r][\n]"
21:52:07.660 [main] DEBUG org.apache.hc.client5.http.wire - http-outgoing-3 << "X-GitHub-Request-Id: ADC8:C8321:F9E48:13930E:651E6E7C[\r][\n]"
21:52:07.660 [main] DEBUG org.apache.hc.client5.http.wire - http-outgoing-3 << "Content-Encoding: gzip[\r][\n]"
21:52:07.660 [main] DEBUG org.apache.hc.client5.http.wire - http-outgoing-3 << "Accept-Ranges: bytes[\r][\n]"
21:52:07.660 [main] DEBUG org.apache.hc.client5.http.wire - http-outgoing-3 << "Date: Thu, 05 Oct 2023 14:52:08 GMT[\r][\n]"
21:52:07.660 [main] DEBUG org.apache.hc.client5.http.wire - http-outgoing-3 << "Via: 1.1 varnish[\r][\n]"
21:52:07.660 [main] DEBUG org.apache.hc.client5.http.wire - http-outgoing-3 << "X-Served-By: cache-qpg1224-QPG[\r][\n]"
21:52:07.660 [main] DEBUG org.apache.hc.client5.http.wire - http-outgoing-3 << "X-Cache: HIT[\r][\n]"
21:52:07.660 [main] DEBUG org.apache.hc.client5.http.wire - http-outgoing-3 << "X-Cache-Hits: 1[\r][\n]"
21:52:07.660 [main] DEBUG org.apache.hc.client5.http.wire - http-outgoing-3 << "X-Timer: S1696517528.315449,VS0,VE1[\r][\n]"
21:52:07.660 [main] DEBUG org.apache.hc.client5.http.wire - http-outgoing-3 << "Vary: Authorization,Accept-Encoding,Origin[\r][\n]"
21:52:07.660 [main] DEBUG org.apache.hc.client5.http.wire - http-outgoing-3 << "Access-Control-Allow-Origin: *[\r][\n]"
21:52:07.660 [main] DEBUG org.apache.hc.client5.http.wire - http-outgoing-3 << "Cross-Origin-Resource-Policy: cross-origin[\r][\n]"
21:52:07.660 [main] DEBUG org.apache.hc.client5.http.wire - http-outgoing-3 << "X-Fastly-Request-ID: e2a0a986dc46391efb08d3d7130da15d30b3495e[\r][\n]"
21:52:07.660 [main] DEBUG org.apache.hc.client5.http.wire - http-outgoing-3 << "Expires: Thu, 05 Oct 2023 14:57:08 GMT[\r][\n]"
21:52:07.660 [main] DEBUG org.apache.hc.client5.http.wire - http-outgoing-3 << "Source-Age: 167[\r][\n]"
21:52:07.660 [main] DEBUG org.apache.hc.client5.http.wire - http-outgoing-3 << "[\r][\n]"
21:52:07.664 [main] DEBUG org.apache.hc.client5.http.headers - http-outgoing-3 << HTTP/1.1 200 OK
21:52:07.664 [main] DEBUG org.apache.hc.client5.http.headers - http-outgoing-3 << Connection: keep-alive
21:52:07.664 [main] DEBUG org.apache.hc.client5.http.headers - http-outgoing-3 << Content-Length: 1625
21:52:07.664 [main] DEBUG org.apache.hc.client5.http.headers - http-outgoing-3 << Cache-Control: max-age=300
21:52:07.664 [main] DEBUG org.apache.hc.client5.http.headers - http-outgoing-3 << Content-Security-Policy: default-src 'none'; style-src 'unsafe-inline'; sandbox
21:52:07.664 [main] DEBUG org.apache.hc.client5.http.headers - http-outgoing-3 << Content-Type: text/plain; charset=utf-8
21:52:07.664 [main] DEBUG org.apache.hc.client5.http.headers - http-outgoing-3 << ETag: W/"51a99ebb5fa30c7285d42b08929913814dd238f6403d61fccadee50390eab957"
21:52:07.664 [main] DEBUG org.apache.hc.client5.http.headers - http-outgoing-3 << Strict-Transport-Security: max-age=31536000
21:52:07.664 [main] DEBUG org.apache.hc.client5.http.headers - http-outgoing-3 << X-Content-Type-Options: nosniff
21:52:07.664 [main] DEBUG org.apache.hc.client5.http.headers - http-outgoing-3 << X-Frame-Options: deny
21:52:07.664 [main] DEBUG org.apache.hc.client5.http.headers - http-outgoing-3 << X-XSS-Protection: 1; mode=block
21:52:07.664 [main] DEBUG org.apache.hc.client5.http.headers - http-outgoing-3 << X-GitHub-Request-Id: ADC8:C8321:F9E48:13930E:651E6E7C
21:52:07.664 [main] DEBUG org.apache.hc.client5.http.headers - http-outgoing-3 << Content-Encoding: gzip
21:52:07.664 [main] DEBUG org.apache.hc.client5.http.headers - http-outgoing-3 << Accept-Ranges: bytes
21:52:07.664 [main] DEBUG org.apache.hc.client5.http.headers - http-outgoing-3 << Date: Thu, 05 Oct 2023 14:52:08 GMT
21:52:07.664 [main] DEBUG org.apache.hc.client5.http.headers - http-outgoing-3 << Via: 1.1 varnish
21:52:07.664 [main] DEBUG org.apache.hc.client5.http.headers - http-outgoing-3 << X-Served-By: cache-qpg1224-QPG
21:52:07.664 [main] DEBUG org.apache.hc.client5.http.headers - http-outgoing-3 << X-Cache: HIT
21:52:07.664 [main] DEBUG org.apache.hc.client5.http.headers - http-outgoing-3 << X-Cache-Hits: 1
21:52:07.664 [main] DEBUG org.apache.hc.client5.http.headers - http-outgoing-3 << X-Timer: S1696517528.315449,VS0,VE1
21:52:07.664 [main] DEBUG org.apache.hc.client5.http.headers - http-outgoing-3 << Vary: Authorization,Accept-Encoding,Origin
21:52:07.664 [main] DEBUG org.apache.hc.client5.http.headers - http-outgoing-3 << Access-Control-Allow-Origin: *
21:52:07.664 [main] DEBUG org.apache.hc.client5.http.headers - http-outgoing-3 << Cross-Origin-Resource-Policy: cross-origin
21:52:07.664 [main] DEBUG org.apache.hc.client5.http.headers - http-outgoing-3 << X-Fastly-Request-ID: e2a0a986dc46391efb08d3d7130da15d30b3495e
21:52:07.664 [main] DEBUG org.apache.hc.client5.http.headers - http-outgoing-3 << Expires: Thu, 05 Oct 2023 14:57:08 GMT
21:52:07.664 [main] DEBUG org.apache.hc.client5.http.headers - http-outgoing-3 << Source-Age: 167
21:52:07.665 [main] DEBUG org.apache.hc.client5.http.impl.classic.MainClientExec - ex-00000007: connection can be kept alive for 3 MINUTES
21:52:07.665 [main] DEBUG org.apache.hc.client5.http.wire - http-outgoing-3 << "[0x1f][0xffffff8b][0x8][0x0][0x0][0x0][0x0][0x0][0x0][0x3][0xffffff8d][0xffffff97]Ko#7[0xc][0xffffffc7][0xffffffef][0xfffffff9][0x14][0x3][0xfffffff4][0x1c]YO[0xffffff8a][\n]"
21:52:07.665 [main] DEBUG org.apache.hc.client5.http.wire - http-outgoing-3 << "[0xffffffa0]K[0xffffff9f][0xffffffa7][0xffffffa2][0xffffff87][0xfffffff6][0xb]x[0xffffffed]Ib[0xffffffac][0xffffffe3][0x9]lg[0xffffffb3][0xffffffe8][0xffffffa7]/[0xfffffff5][0xffffffa0]F[0xffffff96][[0xffffffa0][0xffffff87]`[0xffffff97]?k$[0xffffff92][0xffffffe2]p[0xfffffffe][0xfffffffc]a[0xfffffffa][0xffffffeb][0xfffffff5]p[0xffffff99][0xffffff9e][0xf][0xffffffc7]y[0xffffffda]-[0xffffffa7][0xffffffeb][0xfffffff6]p[0xffffffba]L[0xffffffd7][0xffffffd7]y[0xfffffffa]zZ>O[0xffffffd3][0xfffffffe]|[0xfffffff8]6[0xffffff9f]'[0xfffffffa][0xffffffbb][0x1c][0x16][0xfffffffa]e[0xffffffb7][0xffffffbc][0xffffffbd]o[0xffffffaf][0xffffff87]/[0xffffffb4][0xfffffffa][0xfffffff3]p}[0xffffffcd]+w[0xffffffcb][0xfffffff9]<_[0xffffffde][0xffffff97][0xffffffd3][0xfffffffe]pz[0xffffff99][0xffffffbe][0xffffff9c][0xffffff97][0xffffffcf][0xffffffcb][0xfffffffa][0xffffffc8][0xffffffc3][0xffffffc3][0xf][0xffffffd3][0xffffff8f][0x5]=M[0xffffffbf]-[0xffffffcb][0xb]=[0xfffffff9][0xffffffd3][0xffffffeb]yy[0xffffff9b][0xffffffa7][0xffffffed]i_[0xfffffffe]{[0xfffffff8]x[0xffffff9b][0x1e][0xffffffa7][0xffffff9f][0xfffffff3]QO[0xffffffd3].[0xffffffff]Z[0xe][0xffffffa6][0xffffff87][0xffffffff]\>[0xffffffce][0xffffffbb][0xfffffff9]iz[0xffffffbd]^[0xffffffdf][0xffffff9f]6[0xffffff9b][0xfffffffe]W[0xffffffb1][0xffffffab]O[0xffffff8b][0xffffffe5][0xfffffffc][0xffffffb2][0xffffffd9][0xffffff93][0xffffffbf][0xffffffc7]e[0xffffffbb][0xffffffbf]<[0xffffff94]5J[0xffffffd9]H[0x7f]B[\n]"
21:52:07.667 [main] DEBUG org.apache.hc.client5.http.wire - http-outgoing-3 << "[0xffffffe7][0xffffff8d][0x13]A6n[0xffffff88][0xffffff9b][0xffffffc4][0xffffffc1]k[0x1][0xffffffa6]qM\g[0xffffffae][0xffffff9c][0xffffffb0][0xffffffa1]qE\%[0xffffffee][0xffffffc0][0x8][0xffffffb0][0xffffff8d]K[0xffffffe2]2q[0xffffff8b]Jx[0xffffffcf]\[0xffffff86]H[0x7f][0xffffff99][0xffffffd3][0xfffffff1][0xffffffbe][0xffffffad][0xffffff97]H[0x1c][0x13]7.[0x8][0xffffffaf][0x1a][0xfffffff7][0xffffffc4]}[0xffffffe6][0xffffffd2][\n]"
21:52:07.668 [main] DEBUG org.apache.hc.client5.http.wire - http-outgoing-3 << "[0xffffffd0][0xffffff8d][0x3]qH\[0xffffffdb] `][0xffffffef][0xffffff88][0xffffffbb][0xffffffc4]Up[0xfffffff4]c[0xffffffe3][0x14][0xffffffaf][0xffffffcc][0xfffffff1][0xffffffa6]0|[0xfffffff3]_R[0xffffffbc]2[0xffffffc7]+A[\n]"
21:52:07.668 [main] DEBUG org.apache.hc.client5.http.wire - http-outgoing-3 << "eV[0xffffff87](`[0xffffff99][0x3][0xffffff96][0xffffffb4]_w[0x0][0x5],S[0xffffffc0]68%[0xffffffec][0xffffffca])`[0xffffff99][0x2][0xffffffb6][0x18]@[0x0]'4[0xffffff84][0x18]B[0xffffffa6][0xffffffd6][0xffffffd2][0xffffffd9]L1[0xffffff86][0x14][0xffffffac][0xfffffff5][0xe][0x5][0x1d][0xffffffc3][0xffffffd8][0xffffffc7][0xffffff90]b[0xffffffb5][0x10][0xfffffff4][0xffffff9a][0xffffff83][0x0]1@[0xffffffa6]`[0xffffff85]uL][0xc].S[0xffffff83][0x2]8[0xffffff9e]`c[0xffffffb0][0xffffff99]Rr[0xffffffe8]"[0x19][0xffffff9b][0x18]R[0xffffff90][0xffffffd6]y[0xffffffbf]^j[0xffffffd0]1[0xffffffe8]L[0xffffffe9]J)[0xffffffcb][0xffffff8c]U[0xc]9@K[0x15]@[0xffffffb1]2[0xffffff96]1[0xffffffe4][0xfffffff8][0xffffffac][0xffffff91]Bs[0xffffff9e]0D[0xffffffcc][0xfffffff1][0x19][0xfffffffa]G[0xfffffff3][0xffffffce][0xffffff88][0x11]s|F[[0x11][0xffffff80][0xffffffa9][0xffffff8f][0xffffff98][0xffffffc3][0xffffffd3]([0x5]"S[0xffffff88][0xffffff98][0xffffffc3][0xffffffd3][0xffffff96][0xfffffff6][0xffffffe5]T[0xffffffa0][0xffffff8b][0xffffff98][0xffffffc3]Sh[0x4][0xffffffb2]kh#[0xffffffe6][0xfffffff0][0xffffff94][0xfffffff5][0xffffffc2]p[0xffffff8e][0xffffffd1]D[0xffffffcc][0xffffffd1][0xffffffa5][0xffffff9b]4[0xffffff9c][\n]"
21:52:07.668 [main] DEBUG org.apache.hc.client5.http.wire - http-outgoing-3 << "T[0x11]s[0x18][0xffffff92]2[0xffffffaf]L;NFLa[0xffffff98]@[0xffffffbe]P[0x9]U[0xffffffec]C[0xfffffff4]!c[0xffffffeb][0xffffff84]i[0x14][0xffffffa3][0xffffffc7]L[0xffffffa9]v[0xffffffa8][0xffffffae][0x18][0xfffffffb][0xffffffe8]S [0x6][0xffffff81][0xffffffde][0x5]v[0xffffffc3]C[0xfffffff4][0xffffff90])[0x15][0xffffffb8][0xffffffd2]m[0xf][0x17]}[0xffffff8a][0xffffffc4]xO[0x5][0xffffffb6][0xffffffae][0xffffffb6][0xffffffd1][0xffffffdb][0xffffff8c]5[0xffffffd5]/C[0x13]}[0xffffff8a][0xffffffc4][0x0][0x5][0x4][0xffffffec][0xffffffb2][0xffffffd7]Q[0xffffffd3][0xffffff8d][0xffffffb2][0xffffffa5]n,[0xffffff99],v[0xc]B[0xffffffb2][0xfffffff8]n[0x0][0xffffff93][0xffffffc5][0x19][0x5][0xffffff9f],[0xffffffbe]M[0xffffff80]d[0xffffffb1]3[0xffffffe0][0xffffffc8]j)[0x2][0xffffff9b],[0xffffffce]9[0xffffff98]d[0xfffffff1]y[0xffffff90]|1[0xffffffed][0xffffffbc][0xffffffe4]K{g [0xfffffff9]b[0xffffffcc]MW[0xfffffffb]}[0xfffffff9][0xfffffffb]p<n[0xffffffa7]_[0xf][0xffffffe7][0xfffffff9]y[0xfffffff9][0xffffffde][0xffffffb5][0xffffffb2][0xffffff97]y[0xfffffff7]u[0xfffffff9][0xffffffd7]Nv[0xffffffa1]V[0xfffffff6]B[\r][0xfffffff4][0xffffffe3][0xffffff8b][0xffffffa0][0xffffff96][0xffffffba]y+[l[0xffffffba][0x7]6[0xffffffe7][0xfffffff9]8o/[0xfffffff3][0xffffffe5][0xffffffe1][0xffffffb9][0xffffffec][0xffffffab][0x14]FJ[0x1b][0xffffffe5]n%[0xfffffffe][0xffffff8e][0xffffffc0][0x1d]qw[0xffffffc4][0xffffffde][0x11]sG[0xfffffff4][0x1d]QwD&[0xffffffa2][0xffffff85]n[0xffffff84]:_&[0xffffffeb][0x1a][0xffffff89]w[0xffffffc4][0xffffffdf][0x11][0xffffffb8]#[0xffffffee][0xffffff8e]d[0xffffff9f]UO[0xffffffcc][0x1d][0xffffffd1]wD[0xffffffdd][0x11]9[0xffffff90][0x10]F[0xffffff80]#[0xfffffff0]#[0xffffff80][0x11][0xffffffb8][0x11][0xffffff8c][0xffffffde][0xffffff86][0xffffffd1][0xffffffd9]0[0xfffffffa][0x1a]FWC[0xfffffff2][0xffffff94][0xffffffde][0xffffff9b][0xe][0xffffff88][0xffffffe3][0xffffffe1][0xfffffff4][0xfffffff1][0xffffffbd]`[0xffffffc5][0x18][0xffffffc3][0xffffffb0][0xe]q[0x4]~[0x4]0[0x2]7[0x2];[0xffffff82][0x14][0xffffff80][0xffffffc6][0xe][0xffffffe8][0x11][0xffffffa4][0x0][0xffffffb4][0xffffffef][0xffffff80][0x1c][0xffffff80][0xf]#[0xffffffc8][0xffffff9e]B[0x7][0xfffffffc][0x8]`[0x4]n[0x4]v[0x4]f[0x4]z[0x4]j[0x4]r[0x0][0x10]F[0xffffff90]=u[0x1d][0xffffffc8][0xffffff9e][0xffffffda][0xe][0xffffffc0][0x8][0xffffffdc][0x8][0xffffffb2][0xffffffa7][0xffffffdd][0xb][0x4]f[0x4][0xffffffd9][0xffffffd3][0xffffffae][0xffffffec]!{[0xffffffda][0x15][0x5][0xffffffc8][0x1][0xffffffb8]0[0x2][0x1c][0xffffff81][0x1f]A[0xfffffff6]Tv[0xffffffc0]1[0xffffffe8][0xffffffbb][0xffffffda][0x1f][0xffffffef][0xfffffff3]y[0xffffffdb][0xfffffff5][0xffffffb2]%[0xffffffd9][0xffffffff][0xffffffa7][0xffffff97][0xffffffe5][0xffffff85][0xffffff97][0xffffffe5][0xfffffff9][0xfffffffa][0xffffffb9]=[0xffffffcf][0xffffffc5]b[0xffffff9d]6v[0xffffffb6][0xfffffffc]c[0xffffffd6]'*[0xffffffeb][0xffffff9f]@[0xffffffdf]ye4[0xfffffff3][0xffffffa4][0xffffffc7][0xffffffb2][0xfffffffe]A[0xfffffffa]`[0x5][0xffffffcf]8[0xffffffc9][0xffffffb1],[0x7f]<[0xffffffbd][0x12][0xffffff8a]4D[0xffffffe5][0xffffffb2][0xffffff97]{[0xffffffd4][0xffffff9d][\n]"
21:52:07.668 [main] DEBUG org.apache.hc.client5.http.wire - http-outgoing-3 << "[0xffffffa7][0x17][0xffffffbc]S{J[0xffffffd7]m[0xffffffe8]5[0xffffffef][0xffffffc4][0x1e]2[0xfffffff5]7R[0xffffffcf]U[\n]"
21:52:07.668 [main] DEBUG org.apache.hc.client5.http.wire - http-outgoing-3 << "[0xffffffbd][0xffffffd0][0xffffffa3][0xffffff83]*v[0xffffffbd][0xffffffce]S[0xffffff9a][0xffffffb1][0xffffffed]e^[0x8][0xffffff95][0xffffff9a]^[0xffffffe4][0xffffff91]2(T[0xfffffff7][0x12]O)^[0xffffffac]z[0xffffff85][0xffffff97][0xffffffc4]S[0xffffffc1][0xffffffb2][0x17]xX[0x3][0xffffffc7][0xffffffd0][0xffffffcb];[0xffffff80]Jq[0xffffffd0]v[0xffffff85][0xfffffffa]^[0xffffffd9][0xffffff91][0xffffff94]-[0x14]z][0xffffffd7]RD][0xffffffe1]F[0xffffffd7][0x15]h;Y[0xffffff87][0xffffffd5]1[0xffffffea][0xe]7[0xffffffa2][0xffffffae]@}[0xffffffab][0xffffffe9][\n]"
21:52:07.668 [main] DEBUG org.apache.hc.client5.http.wire - http-outgoing-3 << "T[0xffffff9d][0xffffffa4]s|[0xffffffbe][0xffffffec][0x14][0x1d][0xffffffbb]J[0xffffffdd][0xffffffe2]F[0xffffffcf][0x15][0xffffff88][0xffffff83][0xffffff9c]+[0xffffffd4]wj[0xffffffce]3[0xffffff84]N[0xffffffcb]a=[0xffffff9e][0xffffffda][0xffffffc7]*[0xffffffe5][0xffffffd8]{j![0xffffffab][0xffffff92][0xffffffa3][0x4]Wj:%[0x7][0xffffffbc][0xffffffa9][0xffffffee][0xffffff84][0x1c][0xffffffd6][0xb][0xffffffa7]~[0xffffffb2][0xffffffea][0xffffffb8]vY[0xffffffd4]TV[0x1d][0xffffff87][0xfffffff5]b[0xffffffa9][0xffffffb1][0xffffffac]2[0xffffff8e]+[0xffffff9a][0xffffff9a]K[0xffffffa7][0xffffffe2]T[\r][0xffffff95]:L/[0xffffffe2][0xffffffea]Y[0xffffffd4]fV[\r][0xffffffe7]yW[0xffffffd7]I8.ej7[0xffffffab][0xffffff80]k[0xffffffc5]I=[0xffffffa7][0x13]p[0xfffffffc][0xffffffaa]Q[0xffffffe3][0xffffffe9][0xfffffff4][;[0xffffffab][0xffffffea][0xffffffae]l[0xffffffb8][0xffffffd0][0x1b]Uu[0x15][0xffffffa3][0xffffff8a][0xffffffae]bT[0xffffffcd]U[0xffffff8c]*[0xffffffb9][0xffffff8a]Q[0x15]W1[0xffffffaa][0xffffffe0]*F[0xffffffd5][[0xffffffc5]PE`[0x15]Cv[0xffffff86]M[0x1e][0xffffffb0][0xffffffc7]6y`[0xffffffea]96y[0xffffffa0]k2,[0x14][0xffffffe3]F[0xffffffa1][0x1d]v[0xffffffe7]%[0xffffffb5][0xffffffa4][0xffffffe9][0xffffff97][0xfffffffd][0xffffffcb][0xffffffdc]5[0xffffffb5][0xffffffb7][0xffffffcb]L[0xffffffe0]?[0xffffffbb][0xffffffda]~[0xfffffffe]6[0x1f][0xffffffd3][0xffffffae][0xffffffe2][0xffffff8d]w[0xffffffc8]-n>=~\6[0xffffff8d]=[0xffffffa6]M6[0xffffffd7]e9^6[0xffffff9f][0xfffffff3][0xffffff97][0xffffffda][0xffffffe5][0x1e][0x12]][0xffffff87]P[0xffffff85][0xffffffd4][0xffffffea][0x15]V[0xffffffca]#[0xffffffa8][0xfffffff2][0xffffffa4][0xffffff90])[0xffffff93][0xffffff85][0xfffffff2][0x0][0xffffffaa][0xffffffbc][0xffffffce][0xffffff85]\([0xffffff8f][0xffffff9f][\n]"
21:52:07.668 [main] DEBUG org.apache.hc.client5.http.wire - http-outgoing-3 << "@[0xffffffa5][0xfffffff1][0xffffffb0]P[0x1e]>[0xffffff95][0xffffffa3][0xfffffffa][0xffffffa0][0xffffffec]e[0xffffffda]FO[0xffffffe5][0x14][\n]"
21:52:07.668 [main] DEBUG org.apache.hc.client5.http.wire - http-outgoing-3 << "_Ok[0xffffff83][0xffffffa7][0xffffffb2]@[0xfffffffb]B[0xffffffa5]<v[0xffffff92]`O[0x1f][0xffffffe5][0x2]y[0xffffffe6]T[0xffffffc6][0xffffffa7]O`[0xffffffa5]<q[0xffffffd2][0xfffffff0]h[0xffffffa8][0xffffff83]U[0xffffffca][0xfffffff3][0xffffffa6][0xffffffd2][0xfffffff4][0xffffffa6]z[0xffffffde][0xffffff81][0xffffffa7]M[0x1a][0xf]l[0xb][0xffffffa2][0xffffff8d][0xffffff9a]JS[0xffffffe1][0xffffff92]|/"
21:52:07.669 [main] DEBUG org.apache.hc.client5.http.wire - http-outgoing-3 << "[0xffffff94][0x7]M[0xffffffa5][0xffffff95]\[0xfffffff7][0xffffffe5]1[0xffffff93][0x14][0xffffffaf]K[0xffffffc3]N[0xffffffa2]<dR[0xffffffeb]O[0xffffff8d][0xffffffa2][0xffffffb0]:b[0xffffffaa][0x14]]M[0xc][0xffffffcf][0xffffff97][0x14][0xffffff9a]n[0xffffffac]N[0xffffff97][0x14][0xffffff83]m[0xffffffac][0xffffffce][0xffffff96][0xffffffe4]U;[0xffffff99]'[0xffffffcb]@=[0xffffffc6][0xffffffa8][0xffffff82][0xffffffea]T[0x19]([0xfffffff5][0xffffffa6][0xffffffae][0xffffffaa]#e[0xffffff90][0xffffffeb][0x1]u[0xffffff9c][0xffffffc4][0xffffffd4][0xffffffe9][0xffffffea][0xffffff83]u[0xffffff94]D[\n]"
21:52:07.669 [main] DEBUG org.apache.hc.client5.http.wire - http-outgoing-3 << "[0xffffffac][0x10][0x1e]#[0xffffffd3][0xffffff8d][0xffffff97][0xffffff8b][0xffffffe1][0x11][0xffffffd2]Sn[0xffffffeb]c<?[0x2][0xffffff84]z%<;[0x2][0xffffff95][0x4][0xffffff94]\[0xfffffff0][0xffffffe0][0xffffffe8]R[0xffffff82][0xffffffeb][0xffffffaa]:5[0xffffffba][0xffffffac]82[0xffffffe1][0xffffff89][0xffffff91]Z[0xffffff83][0xffffffab][0xffffffe7]Q[0xfffffff7]*[0xffffffdd]3[0xffffffb0]O<@[0xffffffd2]w[0xffffffb6]^U[0x1b][0x1e])b[0xffffffaa][0xffffffbb][0xffffffcc][0xffffffda][0xffffffe4][0xffffff98]j[0xffffffb6][0xffffff90]:5j[0xffffffcf][0xffffffa5][0xffffffc3][0x3][0xffffffa3]6[0xffffff8d][0xffffffd4]a1[0xffffffb5][0xffffffc5]J[0xffffffea][0xffffff9c][0xffffffa8][0xc][\r][0xffffffd2][0x5]Y[0x1b][0xffffffdf][0xffffffcf][0xfffffff3][0xffffffe3][0xffffffe1]t[0xffffffb9]n[0xffffff8f][0xffffffc7]y_[0xffffffa0][0xffffff8e][0xffffff90][0xffffffbe][0xffffffec][0xffffffa6][0xffffffd4][0xffffff89]U[0xffffff91]Z[0x18][0xffffffe8]P[0xffffffc2][0xffffffb7]2R[0xffffff9f][0xffffffa4][0xffffffaf]][0xffffffb9][0xf][0xffffff83][0xffffff91]^,kB1uj:t[0xffffffd3]XjDS1[0xffffffa5]K[0xffffffa6][0xffffff9e][0xfffffff4][0xf][0x3][0x1][0xffffffec][0xffffffa6][0xffffffeb][0x12][0x0][0x0]"
21:52:07.669 [main] DEBUG org.apache.hc.client5.http.impl.classic.InternalHttpClient - ep-00000006: releasing valid endpoint
21:52:07.670 [main] DEBUG org.apache.hc.client5.http.impl.io.PoolingHttpClientConnectionManager - ep-00000006: releasing endpoint
21:52:07.670 [main] DEBUG org.apache.hc.client5.http.impl.io.PoolingHttpClientConnectionManager - ep-00000006: connection http-outgoing-3 can be kept alive for 3 MINUTES
21:52:07.670 [main] DEBUG org.apache.hc.client5.http.impl.io.PoolingHttpClientConnectionManager - ep-00000006: connection released [route: {s}->https://raw.githubusercontent.com:443][total available: 1; route allocated: 1 of 5; total allocated: 2 of 25]
21:52:07.671 [main] DEBUG io.github.bonigarcia.wdm.versions.VersionDetector - Driver for chrome117 not found in online properties (using local versions.properties)
21:52:07.672 [main] DEBUG io.github.bonigarcia.wdm.WebDriverManager - The driver version for CHROME 117 is unknown ... trying with latest
21:52:07.675 [main] DEBUG org.apache.hc.client5.http.impl.classic.InternalHttpClient - ex-00000008: preparing request execution
21:52:07.675 [main] DEBUG org.apache.hc.client5.http.protocol.RequestAddCookies - Cookie spec selected: strict
21:52:07.675 [main] DEBUG org.apache.hc.client5.http.protocol.RequestAuthCache - Auth cache not set in the context
21:52:07.675 [main] DEBUG org.apache.hc.client5.http.impl.classic.ProtocolExec - ex-00000008: target auth state: UNCHALLENGED
21:52:07.675 [main] DEBUG org.apache.hc.client5.http.impl.classic.ProtocolExec - ex-00000008: proxy auth state: UNCHALLENGED
21:52:07.675 [main] DEBUG org.apache.hc.client5.http.impl.classic.ConnectExec - ex-00000008: acquiring connection with route {s}->https://chromedriver.storage.googleapis.com:443
21:52:07.675 [main] DEBUG org.apache.hc.client5.http.impl.classic.InternalHttpClient - ex-00000008: acquiring endpoint (3 MINUTES)
21:52:07.675 [main] DEBUG org.apache.hc.client5.http.impl.io.PoolingHttpClientConnectionManager - ex-00000008: endpoint lease request (3 MINUTES) [route: {s}->https://chromedriver.storage.googleapis.com:443][total available: 1; route allocated: 1 of 5; total allocated: 2 of 25]
21:52:07.675 [main] DEBUG org.apache.hc.client5.http.impl.io.PoolingHttpClientConnectionManager - ex-00000008: endpoint leased [route: {s}->https://chromedriver.storage.googleapis.com:443][total available: 1; route allocated: 2 of 5; total allocated: 3 of 25]
21:52:07.675 [main] DEBUG org.apache.hc.client5.http.impl.io.PoolingHttpClientConnectionManager - ex-00000008: acquired ep-00000007
21:52:07.676 [main] DEBUG org.apache.hc.client5.http.impl.classic.InternalHttpClient - ex-00000008: acquired endpoint ep-00000007
21:52:07.676 [main] DEBUG org.apache.hc.client5.http.impl.classic.ConnectExec - ex-00000008: opening connection {s}->https://chromedriver.storage.googleapis.com:443
21:52:07.676 [main] DEBUG org.apache.hc.client5.http.impl.classic.InternalHttpClient - ep-00000007: connecting endpoint (30 SECONDS)
21:52:07.676 [main] DEBUG org.apache.hc.client5.http.impl.io.PoolingHttpClientConnectionManager - ep-00000007: connecting endpoint to https://chromedriver.storage.googleapis.com:443 (30 SECONDS)
21:52:07.676 [main] DEBUG org.apache.hc.client5.http.impl.io.DefaultHttpClientConnectionOperator - http-outgoing-5: connecting to chromedriver.storage.googleapis.com/142.251.223.27:443
21:52:07.676 [main] DEBUG org.apache.hc.client5.http.ssl.SSLConnectionSocketFactory - Connecting socket to chromedriver.storage.googleapis.com/142.251.223.27:443 with timeout 30 SECONDS
21:52:07.693 [main] DEBUG org.apache.hc.client5.http.ssl.SSLConnectionSocketFactory - Enabled protocols: [TLSv1.3, TLSv1.2]
21:52:07.693 [main] DEBUG org.apache.hc.client5.http.ssl.SSLConnectionSocketFactory - Enabled cipher suites: [TLS_AES_256_GCM_SHA384, TLS_AES_128_GCM_SHA256, TLS_CHACHA20_POLY1305_SHA256, TLS_ECDHE_ECDSA_WITH_AES_256_GCM_SHA384, TLS_ECDHE_ECDSA_WITH_AES_128_GCM_SHA256, TLS_ECDHE_ECDSA_WITH_CHACHA20_POLY1305_SHA256, TLS_ECDHE_RSA_WITH_AES_256_GCM_SHA384, TLS_ECDHE_RSA_WITH_CHACHA20_POLY1305_SHA256, TLS_ECDHE_RSA_WITH_AES_128_GCM_SHA256, TLS_DHE_RSA_WITH_AES_256_GCM_SHA384, TLS_DHE_RSA_WITH_CHACHA20_POLY1305_SHA256, TLS_DHE_DSS_WITH_AES_256_GCM_SHA384, TLS_DHE_RSA_WITH_AES_128_GCM_SHA256, TLS_DHE_DSS_WITH_AES_128_GCM_SHA256, TLS_ECDHE_ECDSA_WITH_AES_256_CBC_SHA384, TLS_ECDHE_RSA_WITH_AES_256_CBC_SHA384, TLS_ECDHE_ECDSA_WITH_AES_128_CBC_SHA256, TLS_ECDHE_RSA_WITH_AES_128_CBC_SHA256, TLS_DHE_RSA_WITH_AES_256_CBC_SHA256, TLS_DHE_DSS_WITH_AES_256_CBC_SHA256, TLS_DHE_RSA_WITH_AES_128_CBC_SHA256, TLS_DHE_DSS_WITH_AES_128_CBC_SHA256, TLS_ECDH_ECDSA_WITH_AES_256_GCM_SHA384, TLS_ECDH_RSA_WITH_AES_256_GCM_SHA384, TLS_ECDH_ECDSA_WITH_AES_128_GCM_SHA256, TLS_ECDH_RSA_WITH_AES_128_GCM_SHA256, TLS_ECDH_ECDSA_WITH_AES_256_CBC_SHA384, TLS_ECDH_RSA_WITH_AES_256_CBC_SHA384, TLS_ECDH_ECDSA_WITH_AES_128_CBC_SHA256, TLS_ECDH_RSA_WITH_AES_128_CBC_SHA256, TLS_ECDHE_ECDSA_WITH_AES_256_CBC_SHA, TLS_ECDHE_RSA_WITH_AES_256_CBC_SHA, TLS_ECDHE_ECDSA_WITH_AES_128_CBC_SHA, TLS_ECDHE_RSA_WITH_AES_128_CBC_SHA, TLS_DHE_RSA_WITH_AES_256_CBC_SHA, TLS_DHE_DSS_WITH_AES_256_CBC_SHA, TLS_DHE_RSA_WITH_AES_128_CBC_SHA, TLS_DHE_DSS_WITH_AES_128_CBC_SHA, TLS_ECDH_ECDSA_WITH_AES_256_CBC_SHA, TLS_ECDH_RSA_WITH_AES_256_CBC_SHA, TLS_ECDH_ECDSA_WITH_AES_128_CBC_SHA, TLS_ECDH_RSA_WITH_AES_128_CBC_SHA, TLS_RSA_WITH_AES_256_GCM_SHA384, TLS_RSA_WITH_AES_128_GCM_SHA256, TLS_RSA_WITH_AES_256_CBC_SHA256, TLS_RSA_WITH_AES_128_CBC_SHA256, TLS_RSA_WITH_AES_256_CBC_SHA, TLS_RSA_WITH_AES_128_CBC_SHA, TLS_EMPTY_RENEGOTIATION_INFO_SCSV]
21:52:07.693 [main] DEBUG org.apache.hc.client5.http.ssl.SSLConnectionSocketFactory - Starting handshake
21:52:07.749 [main] DEBUG org.apache.hc.client5.http.ssl.SSLConnectionSocketFactory - Secure session established
21:52:07.749 [main] DEBUG org.apache.hc.client5.http.ssl.SSLConnectionSocketFactory -  negotiated protocol: TLSv1.3
21:52:07.749 [main] DEBUG org.apache.hc.client5.http.ssl.SSLConnectionSocketFactory -  negotiated cipher suite: TLS_AES_256_GCM_SHA384
21:52:07.750 [main] DEBUG org.apache.hc.client5.http.ssl.SSLConnectionSocketFactory -  peer principal: CN=*.storage.googleapis.com
21:52:07.750 [main] DEBUG org.apache.hc.client5.http.ssl.SSLConnectionSocketFactory -  peer alternative names: [*.storage.googleapis.com, *.googleapis.com, commondatastorage.googleapis.com, *.commondatastorage.googleapis.com, storage.googleapis.com, storage-p2.googleapis.com, *.storage-p2.googleapis.com, storage.mtls.googleapis.com, *.appspot.com.storage.googleapis.com, *.content-storage.googleapis.com, *.content-storage-p2.googleapis.com, *.content-storage-upload.googleapis.com, *.content-storage-download.googleapis.com, *.storage-upload.googleapis.com, *.storage-download.googleapis.com]
21:52:07.750 [main] DEBUG org.apache.hc.client5.http.ssl.SSLConnectionSocketFactory -  issuer principal: CN=GTS CA 1C3, O=Google Trust Services LLC, C=US
21:52:07.750 [main] DEBUG org.apache.hc.client5.http.impl.io.DefaultHttpClientConnectionOperator - http-outgoing-5: connection established 192.168.100.42:62276<->142.251.223.27:443
21:52:07.750 [main] DEBUG org.apache.hc.client5.http.impl.io.PoolingHttpClientConnectionManager - ep-00000007: connected http-outgoing-5
21:52:07.750 [main] DEBUG org.apache.hc.client5.http.impl.classic.InternalHttpClient - ep-00000007: endpoint connected
21:52:07.750 [main] DEBUG org.apache.hc.client5.http.impl.classic.MainClientExec - ex-00000008: executing GET /LATEST_RELEASE HTTP/1.1
21:52:07.750 [main] DEBUG org.apache.hc.client5.http.impl.classic.InternalHttpClient - ep-00000007: start execution ex-00000008
21:52:07.750 [main] DEBUG org.apache.hc.client5.http.impl.io.PoolingHttpClientConnectionManager - ep-00000007: executing exchange ex-00000008 over http-outgoing-5
21:52:07.750 [main] DEBUG org.apache.hc.client5.http.headers - http-outgoing-5 >> GET /LATEST_RELEASE HTTP/1.1
21:52:07.750 [main] DEBUG org.apache.hc.client5.http.headers - http-outgoing-5 >> user-agent: Apache-HttpClient/5.0
21:52:07.750 [main] DEBUG org.apache.hc.client5.http.headers - http-outgoing-5 >> accept-encoding: gzip, deflate, br
21:52:07.750 [main] DEBUG org.apache.hc.client5.http.headers - http-outgoing-5 >> cache-control: max-age=0
21:52:07.750 [main] DEBUG org.apache.hc.client5.http.headers - http-outgoing-5 >> connection: keep-alive
21:52:07.750 [main] DEBUG org.apache.hc.client5.http.headers - http-outgoing-5 >> Host: chromedriver.storage.googleapis.com
21:52:07.750 [main] DEBUG org.apache.hc.client5.http.wire - http-outgoing-5 >> "GET /LATEST_RELEASE HTTP/1.1[\r][\n]"
21:52:07.750 [main] DEBUG org.apache.hc.client5.http.wire - http-outgoing-5 >> "user-agent: Apache-HttpClient/5.0[\r][\n]"
21:52:07.750 [main] DEBUG org.apache.hc.client5.http.wire - http-outgoing-5 >> "accept-encoding: gzip, deflate, br[\r][\n]"
21:52:07.750 [main] DEBUG org.apache.hc.client5.http.wire - http-outgoing-5 >> "cache-control: max-age=0[\r][\n]"
21:52:07.750 [main] DEBUG org.apache.hc.client5.http.wire - http-outgoing-5 >> "connection: keep-alive[\r][\n]"
21:52:07.750 [main] DEBUG org.apache.hc.client5.http.wire - http-outgoing-5 >> "Host: chromedriver.storage.googleapis.com[\r][\n]"
21:52:07.750 [main] DEBUG org.apache.hc.client5.http.wire - http-outgoing-5 >> "[\r][\n]"
21:52:07.797 [main] DEBUG org.apache.hc.client5.http.wire - http-outgoing-5 << "HTTP/1.1 200 OK[\r][\n]"
21:52:07.797 [main] DEBUG org.apache.hc.client5.http.wire - http-outgoing-5 << "X-GUploader-UploadID: ADPycdu2SI0-Tfa0cJc1elVCPBHF_UX33M7wxrDU9ocywLgW4JP2TYx50rKx5ZOl3BRM2ol1WGjDHEsD2a0aVd0k0obQuGY2b-XX[\r][\n]"
21:52:07.797 [main] DEBUG org.apache.hc.client5.http.wire - http-outgoing-5 << "x-goog-generation: 1685523462105569[\r][\n]"
21:52:07.797 [main] DEBUG org.apache.hc.client5.http.wire - http-outgoing-5 << "x-goog-metageneration: 1[\r][\n]"
21:52:07.797 [main] DEBUG org.apache.hc.client5.http.wire - http-outgoing-5 << "x-goog-stored-content-encoding: identity[\r][\n]"
21:52:07.797 [main] DEBUG org.apache.hc.client5.http.wire - http-outgoing-5 << "x-goog-stored-content-length: 13[\r][\n]"
21:52:07.797 [main] DEBUG org.apache.hc.client5.http.wire - http-outgoing-5 << "x-goog-hash: crc32c=tVW4TA==[\r][\n]"
21:52:07.797 [main] DEBUG org.apache.hc.client5.http.wire - http-outgoing-5 << "x-goog-hash: md5=NoaEuIlBlniwTkiZ1T16sA==[\r][\n]"
21:52:07.797 [main] DEBUG org.apache.hc.client5.http.wire - http-outgoing-5 << "x-goog-storage-class: STANDARD[\r][\n]"
21:52:07.797 [main] DEBUG org.apache.hc.client5.http.wire - http-outgoing-5 << "Accept-Ranges: bytes[\r][\n]"
21:52:07.797 [main] DEBUG org.apache.hc.client5.http.wire - http-outgoing-5 << "Content-Length: 13[\r][\n]"
21:52:07.797 [main] DEBUG org.apache.hc.client5.http.wire - http-outgoing-5 << "Server: UploadServer[\r][\n]"
21:52:07.797 [main] DEBUG org.apache.hc.client5.http.wire - http-outgoing-5 << "Date: Thu, 05 Oct 2023 14:28:12 GMT[\r][\n]"
21:52:07.797 [main] DEBUG org.apache.hc.client5.http.wire - http-outgoing-5 << "Expires: Thu, 05 Oct 2023 15:28:12 GMT[\r][\n]"
21:52:07.797 [main] DEBUG org.apache.hc.client5.http.wire - http-outgoing-5 << "Cache-Control: public, max-age=3600[\r][\n]"
21:52:07.797 [main] DEBUG org.apache.hc.client5.http.wire - http-outgoing-5 << "Age: 1436[\r][\n]"
21:52:07.797 [main] DEBUG org.apache.hc.client5.http.wire - http-outgoing-5 << "Last-Modified: Wed, 31 May 2023 08:57:42 GMT[\r][\n]"
21:52:07.797 [main] DEBUG org.apache.hc.client5.http.wire - http-outgoing-5 << "ETag: "368684b889419678b04e4899d53d7ab0"[\r][\n]"
21:52:07.797 [main] DEBUG org.apache.hc.client5.http.wire - http-outgoing-5 << "Content-Type: text/plain[\r][\n]"
21:52:07.797 [main] DEBUG org.apache.hc.client5.http.wire - http-outgoing-5 << "Alt-Svc: h3=":443"; ma=2592000,h3-29=":443"; ma=2592000[\r][\n]"
21:52:07.797 [main] DEBUG org.apache.hc.client5.http.wire - http-outgoing-5 << "[\r][\n]"
21:52:07.797 [main] DEBUG org.apache.hc.client5.http.wire - http-outgoing-5 << "114.0.5735.90"
21:52:07.798 [main] DEBUG org.apache.hc.client5.http.headers - http-outgoing-5 << HTTP/1.1 200 OK
21:52:07.798 [main] DEBUG org.apache.hc.client5.http.headers - http-outgoing-5 << X-GUploader-UploadID: ADPycdu2SI0-Tfa0cJc1elVCPBHF_UX33M7wxrDU9ocywLgW4JP2TYx50rKx5ZOl3BRM2ol1WGjDHEsD2a0aVd0k0obQuGY2b-XX
21:52:07.798 [main] DEBUG org.apache.hc.client5.http.headers - http-outgoing-5 << x-goog-generation: 1685523462105569
21:52:07.798 [main] DEBUG org.apache.hc.client5.http.headers - http-outgoing-5 << x-goog-metageneration: 1
21:52:07.798 [main] DEBUG org.apache.hc.client5.http.headers - http-outgoing-5 << x-goog-stored-content-encoding: identity
21:52:07.798 [main] DEBUG org.apache.hc.client5.http.headers - http-outgoing-5 << x-goog-stored-content-length: 13
21:52:07.798 [main] DEBUG org.apache.hc.client5.http.headers - http-outgoing-5 << x-goog-hash: crc32c=tVW4TA==
21:52:07.798 [main] DEBUG org.apache.hc.client5.http.headers - http-outgoing-5 << x-goog-hash: md5=NoaEuIlBlniwTkiZ1T16sA==
21:52:07.798 [main] DEBUG org.apache.hc.client5.http.headers - http-outgoing-5 << x-goog-storage-class: STANDARD
21:52:07.798 [main] DEBUG org.apache.hc.client5.http.headers - http-outgoing-5 << Accept-Ranges: bytes
21:52:07.798 [main] DEBUG org.apache.hc.client5.http.headers - http-outgoing-5 << Content-Length: 13
21:52:07.798 [main] DEBUG org.apache.hc.client5.http.headers - http-outgoing-5 << Server: UploadServer
21:52:07.798 [main] DEBUG org.apache.hc.client5.http.headers - http-outgoing-5 << Date: Thu, 05 Oct 2023 14:28:12 GMT
21:52:07.798 [main] DEBUG org.apache.hc.client5.http.headers - http-outgoing-5 << Expires: Thu, 05 Oct 2023 15:28:12 GMT
21:52:07.798 [main] DEBUG org.apache.hc.client5.http.headers - http-outgoing-5 << Cache-Control: public, max-age=3600
21:52:07.798 [main] DEBUG org.apache.hc.client5.http.headers - http-outgoing-5 << Age: 1436
21:52:07.798 [main] DEBUG org.apache.hc.client5.http.headers - http-outgoing-5 << Last-Modified: Wed, 31 May 2023 08:57:42 GMT
21:52:07.798 [main] DEBUG org.apache.hc.client5.http.headers - http-outgoing-5 << ETag: "368684b889419678b04e4899d53d7ab0"
21:52:07.798 [main] DEBUG org.apache.hc.client5.http.headers - http-outgoing-5 << Content-Type: text/plain
21:52:07.798 [main] DEBUG org.apache.hc.client5.http.headers - http-outgoing-5 << Alt-Svc: h3=":443"; ma=2592000,h3-29=":443"; ma=2592000
21:52:07.798 [main] DEBUG org.apache.hc.client5.http.impl.classic.MainClientExec - ex-00000008: connection can be kept alive for 3 MINUTES
21:52:07.798 [main] DEBUG org.apache.hc.client5.http.impl.classic.InternalHttpClient - ep-00000007: releasing valid endpoint
21:52:07.798 [main] DEBUG org.apache.hc.client5.http.impl.io.PoolingHttpClientConnectionManager - ep-00000007: releasing endpoint
21:52:07.798 [main] DEBUG org.apache.hc.client5.http.impl.io.PoolingHttpClientConnectionManager - ep-00000007: connection http-outgoing-5 can be kept alive for 3 MINUTES
21:52:07.798 [main] DEBUG org.apache.hc.client5.http.impl.io.PoolingHttpClientConnectionManager - ep-00000007: connection released [route: {s}->https://chromedriver.storage.googleapis.com:443][total available: 2; route allocated: 2 of 5; total allocated: 3 of 25]
21:52:07.798 [main] DEBUG io.github.bonigarcia.wdm.versions.VersionDetector - Latest version of chromedriver according to https://chromedriver.storage.googleapis.com/LATEST_RELEASE is 114.0.5735.90
21:52:07.801 [main] DEBUG io.github.bonigarcia.wdm.WebDriverManager - Driver chromedriver 114.0.5735.90 found in cache
21:52:07.801 [main] INFO io.github.bonigarcia.wdm.WebDriverManager - Exporting webdriver.chrome.driver as C:\Users\Bagas Dwi Saputra\.cache\selenium\chromedriver\win32\114.0.5735.90\chromedriver.exe
21:52:07.961 [main] DEBUG net.thucydides.core.reflection.ClassFinder - Could not load class net.serenitybdd.rest.utils.RestSpecificationFactory
21:52:08.111 [main] DEBUG net.thucydides.core.reflection.ClassFinder - Could not load class net.serenitybdd.rest.utils.RestSpecificationFactory
21:52:08.113 [main] INFO net.serenitybdd.core.webdriver.driverproviders.ProvideNewDriver - Instantiating driver
21:52:08.113 [main] INFO net.serenitybdd.core.webdriver.driverproviders.ProvideNewDriver - Driver capabilities: Capabilities {acceptInsecureCerts: false, base.url: https://app.jubelio.com, browserName: chrome, chrome.driver: src/test/resources/webdrive..., driver: chrome, goog:chromeOptions: {args: [], extensions: []}, loggingPrefs: org.openqa.selenium.logging...}
21:52:09.191 [main] DEBUG net.thucydides.core.reflection.ClassFinder - Could not load class net.serenitybdd.rest.utils.RestSpecificationFactory
21:52:12.231 [main] DEBUG net.serenitybdd.core.photography.Darkroom - Send negative for processing for target\site\serenity\3038817d7525da4800fd8186255ce5e4cf68991618dfa75c3b583a90d9f85639.png
21:52:12.231 [main] DEBUG net.thucydides.core.steps.StepInterceptor - STEP DONE: openLink
21:52:12.231 [Darkroom Processing Line] DEBUG net.serenitybdd.core.photography.DarkroomProcessingLine - Processing screenshot image in /var/screenshots/screenshot-16485249101088055736
21:52:12.231 [Darkroom Processing Line] DEBUG net.serenitybdd.core.photography.DarkroomProcessingLine - Saving screenshot to target\site\serenity\3038817d7525da4800fd8186255ce5e4cf68991618dfa75c3b583a90d9f85639.png
21:52:12.236 [main] DEBUG net.thucydides.core.steps.StepInterceptor - STARTING STEP: InventoryStockSteps.loginClickButtonLogin - fills in the {string} with valid data email
21:52:12.506 [main] DEBUG net.serenitybdd.core.photography.Darkroom - Send negative for processing for target\site\serenity\02cb3251a2c30973c12b10e8084828a02f3abc0c297b24f7b7c3631066f5dea2.png
21:52:12.507 [main] DEBUG net.thucydides.core.steps.StepInterceptor - STEP DONE: fills in the {string} with valid data email
21:52:12.507 [Darkroom Processing Line] DEBUG net.serenitybdd.core.photography.DarkroomProcessingLine - Processing screenshot image in /var/screenshots/screenshot-15950254275883292774
21:52:12.507 [Darkroom Processing Line] DEBUG net.serenitybdd.core.photography.DarkroomProcessingLine - Saving screenshot to target\site\serenity\02cb3251a2c30973c12b10e8084828a02f3abc0c297b24f7b7c3631066f5dea2.png
21:52:12.511 [main] DEBUG net.thucydides.core.steps.StepInterceptor - STARTING STEP: InventoryStockSteps.loginClickButtonLogin - fill in the {string} with valid data pass
21:52:12.822 [main] DEBUG net.serenitybdd.core.photography.Darkroom - Send negative for processing for target\site\serenity\b763d8a2b1d63fe753c9ef573b666a29db55465a16c3209b28580de1cbd519c3.png
21:52:12.822 [main] DEBUG net.thucydides.core.steps.StepInterceptor - STEP DONE: fill in the {string} with valid data pass
21:52:12.822 [Darkroom Processing Line] DEBUG net.serenitybdd.core.photography.DarkroomProcessingLine - Processing screenshot image in /var/screenshots/screenshot-9750096496606984493
21:52:12.822 [Darkroom Processing Line] DEBUG net.serenitybdd.core.photography.DarkroomProcessingLine - Saving screenshot to target\site\serenity\b763d8a2b1d63fe753c9ef573b666a29db55465a16c3209b28580de1cbd519c3.png
21:52:12.827 [main] DEBUG net.thucydides.core.steps.StepInterceptor - STARTING STEP: InventoryStockSteps.loginClickButtonLogin - clickbtnlogin
21:52:13.423 [main] DEBUG net.serenitybdd.core.photography.Darkroom - Send negative for processing for target\site\serenity\b538f18f2212b501a99eaaad7c445d3306e9968af1a3d5bd1484b458944d37bd.png
21:52:13.423 [main] DEBUG net.thucydides.core.steps.StepInterceptor - STEP DONE: clickbtnlogin
21:52:13.424 [Darkroom Processing Line] DEBUG net.serenitybdd.core.photography.DarkroomProcessingLine - Processing screenshot image in /var/screenshots/screenshot-12454563849551762356
21:52:13.424 [Darkroom Processing Line] DEBUG net.serenitybdd.core.photography.DarkroomProcessingLine - Saving screenshot to target\site\serenity\b538f18f2212b501a99eaaad7c445d3306e9968af1a3d5bd1484b458944d37bd.png
21:52:16.559 [main] DEBUG net.serenitybdd.core.photography.Darkroom - Send negative for processing for target\site\serenity\b8d3ef7ec779dd28da6f11e1351d06d7dc2322c4fb526b00eeef9930f627e102.png
21:52:16.559 [main] DEBUG net.thucydides.core.steps.StepInterceptor - STARTING STEP: InventoryStockSteps.loginClickButtonLogin - openUrlInventory
21:52:16.559 [Darkroom Processing Line] DEBUG net.serenitybdd.core.photography.DarkroomProcessingLine - Processing screenshot image in /var/screenshots/screenshot-5166068699756146980
21:52:16.559 [Darkroom Processing Line] DEBUG net.serenitybdd.core.photography.DarkroomProcessingLine - Saving screenshot to target\site\serenity\b8d3ef7ec779dd28da6f11e1351d06d7dc2322c4fb526b00eeef9930f627e102.png
21:52:18.070 [main] DEBUG net.serenitybdd.core.photography.Darkroom - Send negative for processing for target\site\serenity\2b69418b0ccf70f1030fe3e448201316c7e310ceaff5fd1731d3ac8926f3aec9.png
21:52:18.071 [main] DEBUG net.thucydides.core.steps.StepInterceptor - STEP DONE: openUrlInventory
21:52:18.071 [Darkroom Processing Line] DEBUG net.serenitybdd.core.photography.DarkroomProcessingLine - Processing screenshot image in /var/screenshots/screenshot-1102907597776687947
21:52:18.071 [Darkroom Processing Line] DEBUG net.serenitybdd.core.photography.DarkroomProcessingLine - Saving screenshot to target\site\serenity\2b69418b0ccf70f1030fe3e448201316c7e310ceaff5fd1731d3ac8926f3aec9.png
  &amp#27;[32mGiven &amp#27;[0m&amp#27;[32mLogin &amp#27;[0m&amp#27;[32m&amp#27;[1m"qa.rakamin.jubelio@gmail.com"&amp#27;[0m&amp#27;[32m, &amp#27;[0m&amp#27;[32m&amp#27;[1m"Jubelio123!"&amp#27;[0m&amp#27;[32m, click button login&amp#27;[0m &amp#27;[90m# starter.stepdefinitios.InventoryStockSteps.loginClickButtonLogin(java.lang.String,java.lang.String)&amp#27;[0m
21:52:18.339 [main] DEBUG net.serenitybdd.core.photography.Darkroom - Send negative for processing for target\site\serenity\623e9f25d7f0ed55cf1a44f8bbaa69acef445b8d92692c27a2371c7b87858e66.png
21:52:18.941 [main] DEBUG net.serenitybdd.core.photography.Darkroom - Send negative for processing for target\site\serenity\623e9f25d7f0ed55cf1a44f8bbaa69acef445b8d92692c27a2371c7b87858e66.png
21:52:18.942 [main] DEBUG net.thucydides.core.steps.StepInterceptor - STARTING STEP: InventoryStockSteps.fillsInTheWithValidDataEmail - validatePagePersedian
21:52:18.976 [main] DEBUG net.thucydides.core.steps.StepInterceptor - STEP DONE: validatePagePersedian
21:52:19.265 [main] DEBUG net.serenitybdd.core.photography.Darkroom - Send negative for processing for target\site\serenity\623e9f25d7f0ed55cf1a44f8bbaa69acef445b8d92692c27a2371c7b87858e66.png
21:52:19.266 [main] DEBUG net.thucydides.core.steps.StepInterceptor - STARTING STEP: InventoryStockSteps.fillsInTheWithValidDataEmail - btnPenyesuaianPersedian
21:52:19.559 [main] DEBUG net.serenitybdd.core.photography.Darkroom - Send negative for processing for target\site\serenity\aba68fb9357206b0f06ff289c789c64d6b37411b6535d72b9d1137b59730818f.png
21:52:19.559 [main] DEBUG net.thucydides.core.steps.StepInterceptor - STEP DONE: btnPenyesuaianPersedian
  &amp#27;[32mAnd &amp#27;[0m&amp#27;[32man inventory adjustment button click&amp#27;[0m                                      &amp#27;[90m# starter.stepdefinitios.InventoryStockSteps.fillsInTheWithValidDataEmail()&amp#27;[0m
21:52:19.559 [Darkroom Processing Line] DEBUG net.serenitybdd.core.photography.DarkroomProcessingLine - Processing screenshot image in /var/screenshots/screenshot-17968143097656562918
21:52:19.559 [Darkroom Processing Line] DEBUG net.serenitybdd.core.photography.DarkroomProcessingLine - Saving screenshot to target\site\serenity\aba68fb9357206b0f06ff289c789c64d6b37411b6535d72b9d1137b59730818f.png
21:52:20.190 [main] DEBUG net.serenitybdd.core.photography.Darkroom - Send negative for processing for target\site\serenity\23224668ac0c5663a6d39ccaa81712d69b7ce022f1e0e6b04dae1dca31370dac.png
21:52:20.191 [main] DEBUG net.thucydides.core.steps.StepInterceptor - STARTING STEP: InventoryStockSteps.validateTheInventoryAdjustmentPage - validatePenyesuaianPersediaa
21:52:20.221 [main] DEBUG net.thucydides.core.steps.StepInterceptor - STEP DONE: validatePenyesuaianPersediaa
  &amp#27;[32mAnd &amp#27;[0m&amp#27;[32mvalidate the inventory adjustment page&amp#27;[0m                                    &amp#27;[90m# starter.stepdefinitios.InventoryStockSteps.validateTheInventoryAdjustmentPage()&amp#27;[0m
21:52:20.513 [main] DEBUG net.serenitybdd.core.photography.Darkroom - Send negative for processing for target\site\serenity\23224668ac0c5663a6d39ccaa81712d69b7ce022f1e0e6b04dae1dca31370dac.png
21:52:20.513 [main] DEBUG net.thucydides.core.steps.StepInterceptor - STARTING STEP: InventoryStockSteps.click - btnLokasi
21:52:20.718 [main] DEBUG net.serenitybdd.core.photography.Darkroom - Send negative for processing for target\site\serenity\ffb9bfd3daa1394b62066e0e542acd4926d5448f4d8383464000c7cf23161974.png
21:52:20.719 [main] DEBUG net.thucydides.core.steps.StepInterceptor - STEP DONE: btnLokasi
21:52:20.967 [main] DEBUG net.serenitybdd.core.photography.Darkroom - Send negative for processing for target\site\serenity\ffb9bfd3daa1394b62066e0e542acd4926d5448f4d8383464000c7cf23161974.png
21:52:20.967 [main] DEBUG net.thucydides.core.steps.StepInterceptor - STARTING STEP: InventoryStockSteps.click - btnVarisi
21:52:21.165 [main] DEBUG net.serenitybdd.core.photography.Darkroom - Send negative for processing for target\site\serenity\f8c16cd68fef1cd150c0ca4bf5e5a8b91c84d5640c9c32770375f2e0ea7ff215.png
21:52:21.166 [main] DEBUG net.thucydides.core.steps.StepInterceptor - STEP DONE: btnVarisi
  &amp#27;[32mAnd &amp#27;[0m&amp#27;[32mclick &amp#27;[0m&amp#27;[32m&amp#27;[1m"Simatupang Garden"&amp#27;[0m                                                 &amp#27;[90m# starter.stepdefinitios.InventoryStockSteps.click(java.lang.String)&amp#27;[0m
21:52:21.166 [Darkroom Processing Line] DEBUG net.serenitybdd.core.photography.DarkroomProcessingLine - Processing screenshot image in /var/screenshots/screenshot-3196793056428500923
21:52:21.166 [Darkroom Processing Line] DEBUG net.serenitybdd.core.photography.DarkroomProcessingLine - Saving screenshot to target\site\serenity\f8c16cd68fef1cd150c0ca4bf5e5a8b91c84d5640c9c32770375f2e0ea7ff215.png
21:52:21.175 [main] DEBUG net.thucydides.core.steps.StepInterceptor - STARTING STEP: InventoryStockSteps.youSelectAnItem - btnPilihBarang
21:52:21.523 [main] DEBUG net.serenitybdd.core.photography.Darkroom - Send negative for processing for target\site\serenity\c06d50c2a7124e082ec9a050e6db23971cd55ed4c08be4733969455272420b46.png
21:52:21.523 [main] DEBUG net.thucydides.core.steps.StepInterceptor - STEP DONE: btnPilihBarang
21:52:21.523 [Darkroom Processing Line] DEBUG net.serenitybdd.core.photography.DarkroomProcessingLine - Processing screenshot image in /var/screenshots/screenshot-13202761677437764213
21:52:21.523 [Darkroom Processing Line] DEBUG net.serenitybdd.core.photography.DarkroomProcessingLine - Saving screenshot to target\site\serenity\c06d50c2a7124e082ec9a050e6db23971cd55ed4c08be4733969455272420b46.png
21:52:22.148 [main] DEBUG net.serenitybdd.core.photography.Darkroom - Send negative for processing for target\site\serenity\c8488798a902a6a8c16700e96ddcf1d94b7e68b673f1c0340bf9982568a353c0.png
21:52:22.148 [main] DEBUG net.thucydides.core.steps.StepInterceptor - STARTING STEP: InventoryStockSteps.youSelectAnItem - btnBarang
21:52:22.148 [Darkroom Processing Line] DEBUG net.serenitybdd.core.photography.DarkroomProcessingLine - Processing screenshot image in /var/screenshots/screenshot-15230113825172832042
21:52:22.148 [Darkroom Processing Line] DEBUG net.serenitybdd.core.photography.DarkroomProcessingLine - Saving screenshot to target\site\serenity\c8488798a902a6a8c16700e96ddcf1d94b7e68b673f1c0340bf9982568a353c0.png
21:52:22.477 [main] DEBUG net.serenitybdd.core.photography.Darkroom - Send negative for processing for target\site\serenity\01af49eba0df5d95af1e45b5b06a10a24e7ffeaf934e841d6edcd4ef9c5ba766.png
21:52:22.478 [main] DEBUG net.thucydides.core.steps.StepInterceptor - STEP DONE: btnBarang
21:52:22.478 [Darkroom Processing Line] DEBUG net.serenitybdd.core.photography.DarkroomProcessingLine - Processing screenshot image in /var/screenshots/screenshot-17708134773059212897
21:52:22.478 [Darkroom Processing Line] DEBUG net.serenitybdd.core.photography.DarkroomProcessingLine - Saving screenshot to target\site\serenity\01af49eba0df5d95af1e45b5b06a10a24e7ffeaf934e841d6edcd4ef9c5ba766.png
21:52:23.061 [main] DEBUG net.serenitybdd.core.photography.Darkroom - Send negative for processing for target\site\serenity\01af49eba0df5d95af1e45b5b06a10a24e7ffeaf934e841d6edcd4ef9c5ba766.png
21:52:23.061 [main] DEBUG net.thucydides.core.steps.StepInterceptor - STARTING STEP: InventoryStockSteps.youSelectAnItem - btnSimpan
21:52:23.274 [main] DEBUG net.serenitybdd.core.photography.Darkroom - Send negative for processing for target\site\serenity\c6b41d75631ace0a9bc0cc5b74bc60f7950a72aa0468ed2cc965d49c61ee9de8.png
21:52:23.274 [main] DEBUG net.thucydides.core.steps.StepInterceptor - STEP DONE: btnSimpan
  &amp#27;[32mWhen &amp#27;[0m&amp#27;[32myou select an item&amp#27;[0m                                                       &amp#27;[90m# starter.stepdefinitios.InventoryStockSteps.youSelectAnItem()&amp#27;[0m
21:52:23.274 [Darkroom Processing Line] DEBUG net.serenitybdd.core.photography.DarkroomProcessingLine - Processing screenshot image in /var/screenshots/screenshot-13395048957220281943
21:52:23.274 [Darkroom Processing Line] DEBUG net.serenitybdd.core.photography.DarkroomProcessingLine - Saving screenshot to target\site\serenity\c6b41d75631ace0a9bc0cc5b74bc60f7950a72aa0468ed2cc965d49c61ee9de8.png
21:52:23.705 [main] DEBUG net.serenitybdd.core.photography.Darkroom - Send negative for processing for target\site\serenity\d67fb217ad966a0a7045b44603dd32ef6a4f2ed34950a252c3309e6e36741bed.png
21:52:23.705 [main] DEBUG net.thucydides.core.steps.StepInterceptor - STARTING STEP: InventoryStockSteps.validateTheNameSuccessfully - validatePagePersedian
21:52:23.706 [Darkroom Processing Line] DEBUG net.serenitybdd.core.photography.DarkroomProcessingLine - Processing screenshot image in /var/screenshots/screenshot-11924110249226146847
21:52:23.706 [Darkroom Processing Line] DEBUG net.serenitybdd.core.photography.DarkroomProcessingLine - Saving screenshot to target\site\serenity\d67fb217ad966a0a7045b44603dd32ef6a4f2ed34950a252c3309e6e36741bed.png
21:52:23.880 [main] DEBUG net.serenitybdd.core.photography.Darkroom - Send negative for processing for target\site\serenity\3f32a4988384aa9e019d322915bc820e8b45b495b28b9600300e26d6f4077142.png
21:52:23.881 [main] DEBUG net.thucydides.core.steps.StepInterceptor - STEP DONE: validatePagePersedian
21:52:24.184 [main] DEBUG net.serenitybdd.core.photography.Darkroom - Send negative for processing for target\site\serenity\3f32a4988384aa9e019d322915bc820e8b45b495b28b9600300e26d6f4077142.png
21:52:24.185 [main] DEBUG net.thucydides.core.steps.StepInterceptor - STARTING STEP: InventoryStockSteps.validateTheNameSuccessfully - fieldSearch
21:52:24.425 [main] DEBUG net.serenitybdd.core.photography.Darkroom - Send negative for processing for target\site\serenity\9e2c7f20a15e59881756d8737fe1c8fc2f2affdd9e0034c3f5290c16828805b3.png
21:52:24.426 [main] DEBUG net.thucydides.core.steps.StepInterceptor - STEP DONE: fieldSearch
21:52:24.426 [Darkroom Processing Line] DEBUG net.serenitybdd.core.photography.DarkroomProcessingLine - Processing screenshot image in /var/screenshots/screenshot-6030429277288571153
21:52:24.426 [Darkroom Processing Line] DEBUG net.serenitybdd.core.photography.DarkroomProcessingLine - Saving screenshot to target\site\serenity\9e2c7f20a15e59881756d8737fe1c8fc2f2affdd9e0034c3f5290c16828805b3.png
21:52:24.429 [main] DEBUG net.thucydides.core.steps.StepInterceptor - STARTING STEP: InventoryStockSteps.validateTheNameSuccessfully - btnSearch
21:52:24.713 [main] DEBUG net.serenitybdd.core.photography.Darkroom - Send negative for processing for target\site\serenity\c010adaf590017f39be661bb9eb45b670333808c5bce496609fd7d0732ca0d46.png
21:52:24.713 [main] DEBUG net.thucydides.core.steps.StepInterceptor - STEP DONE: btnSearch
21:52:24.984 [main] DEBUG net.serenitybdd.core.photography.Darkroom - Send negative for processing for target\site\serenity\35bb07dccd8fc5580abd3d3230b82f1f027db43ead997c6a8c97482b2b764161.png
21:52:24.984 [main] DEBUG net.thucydides.core.steps.StepInterceptor - STARTING STEP: InventoryStockSteps.validateTheNameSuccessfully - validateTeksBarang
21:52:24.984 [Darkroom Processing Line] DEBUG net.serenitybdd.core.photography.DarkroomProcessingLine - Processing screenshot image in /var/screenshots/screenshot-9316761624183671301
21:52:24.984 [Darkroom Processing Line] DEBUG net.serenitybdd.core.photography.DarkroomProcessingLine - Saving screenshot to target\site\serenity\35bb07dccd8fc5580abd3d3230b82f1f027db43ead997c6a8c97482b2b764161.png
21:52:25.012 [main] DEBUG net.thucydides.core.steps.StepInterceptor - STEP DONE: validateTeksBarang
  &amp#27;[32mThen &amp#27;[0m&amp#27;[32mvalidate the name &amp#27;[0m&amp#27;[32m&amp#27;[1m"Naruto"&amp#27;[0m&amp#27;[32m successfully&amp#27;[0m                                  &amp#27;[90m# starter.stepdefinitios.InventoryStockSteps.validateTheNameSuccessfully(java.lang.String)&amp#27;[0m
21:52:25.182 [main] INFO  - 
  _____   ___   ___   _____     ___     _     ___   ___   ___   ___  
 |_   _| | __| / __| |_   _|   | _ \   /_\   / __| / __| | __| |   \ 
   | |   | _|  \__ \   | |     |  _/  / _ \  \__ \ \__ \ | _|  | |) |
   |_|   |___| |___/   |_|     |_|   /_/ \_\ |___/ |___/ |___| |___/ 

Inventory Stock
----------------------------------------------------------------------
]]></system-out>
    <system-err><![CDATA[Starting ChromeDriver 117.0.5938.88 (be6afae4721209be42944bbcd325665f9f44563b-refs/branch-heads/5938_62@{#9}) on port 17513
Only local connections are allowed.
Please see https://chromedriver.chromium.org/security-considerations for suggestions on keeping ChromeDriver safe.
ChromeDriver was started successfully.
Oct 05, 2023 9:52:09 PM org.openqa.selenium.remote.ProtocolHandshake createSession
INFO: Detected dialect: W3C
]]></system-err>
  </testcase>
  <testcase name="Inventory Stock #3" classname="Inventory Stock at app.jubelio" time="19.41">
    <system-out><![CDATA[
@Inventory @InventoryStock
Scenario Outline: Inventory Stock                                               &amp#27;[90m# src/test/resources/features/user/inventorystock.feature:17&amp#27;[0m
21:52:25.189 [main] INFO io.cucumber.core.plugin.SerenityReporter - Running feature from file:///D:/QE/Automation/Jubelio-Website/src/test/resources/features/user/inventorystock.feature
21:52:25.385 [main] DEBUG net.thucydides.core.steps.StepInterceptor - STARTING STEP: InventoryStockSteps.loginClickButtonLogin - openLink
21:52:25.386 [main] INFO net.serenitybdd.core.webdriver.driverproviders.ChromeDriverProvider - Using automatically driver download
21:52:25.412 [main] DEBUG org.apache.hc.client5.http.impl.classic.InternalHttpClient - ex-00000009: preparing request execution
21:52:25.412 [main] DEBUG org.apache.hc.client5.http.protocol.RequestAddCookies - Cookie spec selected: strict
21:52:25.412 [main] DEBUG org.apache.hc.client5.http.protocol.RequestAuthCache - Auth cache not set in the context
21:52:25.413 [main] DEBUG org.apache.hc.client5.http.impl.classic.ProtocolExec - ex-00000009: target auth state: UNCHALLENGED
21:52:25.413 [main] DEBUG org.apache.hc.client5.http.impl.classic.ProtocolExec - ex-00000009: proxy auth state: UNCHALLENGED
21:52:25.413 [main] DEBUG org.apache.hc.client5.http.impl.classic.ConnectExec - ex-00000009: acquiring connection with route {s}->https://raw.githubusercontent.com:443
21:52:25.413 [main] DEBUG org.apache.hc.client5.http.impl.classic.InternalHttpClient - ex-00000009: acquiring endpoint (3 MINUTES)
21:52:25.413 [main] DEBUG org.apache.hc.client5.http.impl.io.PoolingHttpClientConnectionManager - ex-00000009: endpoint lease request (3 MINUTES) [route: {s}->https://raw.githubusercontent.com:443][total available: 0; route allocated: 0 of 5; total allocated: 0 of 25]
21:52:25.413 [main] DEBUG org.apache.hc.client5.http.impl.io.PoolingHttpClientConnectionManager - ex-00000009: endpoint leased [route: {s}->https://raw.githubusercontent.com:443][total available: 0; route allocated: 1 of 5; total allocated: 1 of 25]
21:52:25.413 [main] DEBUG org.apache.hc.client5.http.impl.io.PoolingHttpClientConnectionManager - ex-00000009: acquired ep-00000008
21:52:25.413 [main] DEBUG org.apache.hc.client5.http.impl.classic.InternalHttpClient - ex-00000009: acquired endpoint ep-00000008
21:52:25.413 [main] DEBUG org.apache.hc.client5.http.impl.classic.ConnectExec - ex-00000009: opening connection {s}->https://raw.githubusercontent.com:443
21:52:25.413 [main] DEBUG org.apache.hc.client5.http.impl.classic.InternalHttpClient - ep-00000008: connecting endpoint (30 SECONDS)
21:52:25.413 [main] DEBUG org.apache.hc.client5.http.impl.io.PoolingHttpClientConnectionManager - ep-00000008: connecting endpoint to https://raw.githubusercontent.com:443 (30 SECONDS)
21:52:25.415 [main] DEBUG org.apache.hc.client5.http.impl.io.DefaultHttpClientConnectionOperator - http-outgoing-6: connecting to raw.githubusercontent.com/185.199.108.133:443
21:52:25.415 [main] DEBUG org.apache.hc.client5.http.ssl.SSLConnectionSocketFactory - Connecting socket to raw.githubusercontent.com/185.199.108.133:443 with timeout 30 SECONDS
21:52:25.433 [main] DEBUG org.apache.hc.client5.http.ssl.SSLConnectionSocketFactory - Enabled protocols: [TLSv1.3, TLSv1.2]
21:52:25.433 [main] DEBUG org.apache.hc.client5.http.ssl.SSLConnectionSocketFactory - Enabled cipher suites: [TLS_AES_256_GCM_SHA384, TLS_AES_128_GCM_SHA256, TLS_CHACHA20_POLY1305_SHA256, TLS_ECDHE_ECDSA_WITH_AES_256_GCM_SHA384, TLS_ECDHE_ECDSA_WITH_AES_128_GCM_SHA256, TLS_ECDHE_ECDSA_WITH_CHACHA20_POLY1305_SHA256, TLS_ECDHE_RSA_WITH_AES_256_GCM_SHA384, TLS_ECDHE_RSA_WITH_CHACHA20_POLY1305_SHA256, TLS_ECDHE_RSA_WITH_AES_128_GCM_SHA256, TLS_DHE_RSA_WITH_AES_256_GCM_SHA384, TLS_DHE_RSA_WITH_CHACHA20_POLY1305_SHA256, TLS_DHE_DSS_WITH_AES_256_GCM_SHA384, TLS_DHE_RSA_WITH_AES_128_GCM_SHA256, TLS_DHE_DSS_WITH_AES_128_GCM_SHA256, TLS_ECDHE_ECDSA_WITH_AES_256_CBC_SHA384, TLS_ECDHE_RSA_WITH_AES_256_CBC_SHA384, TLS_ECDHE_ECDSA_WITH_AES_128_CBC_SHA256, TLS_ECDHE_RSA_WITH_AES_128_CBC_SHA256, TLS_DHE_RSA_WITH_AES_256_CBC_SHA256, TLS_DHE_DSS_WITH_AES_256_CBC_SHA256, TLS_DHE_RSA_WITH_AES_128_CBC_SHA256, TLS_DHE_DSS_WITH_AES_128_CBC_SHA256, TLS_ECDH_ECDSA_WITH_AES_256_GCM_SHA384, TLS_ECDH_RSA_WITH_AES_256_GCM_SHA384, TLS_ECDH_ECDSA_WITH_AES_128_GCM_SHA256, TLS_ECDH_RSA_WITH_AES_128_GCM_SHA256, TLS_ECDH_ECDSA_WITH_AES_256_CBC_SHA384, TLS_ECDH_RSA_WITH_AES_256_CBC_SHA384, TLS_ECDH_ECDSA_WITH_AES_128_CBC_SHA256, TLS_ECDH_RSA_WITH_AES_128_CBC_SHA256, TLS_ECDHE_ECDSA_WITH_AES_256_CBC_SHA, TLS_ECDHE_RSA_WITH_AES_256_CBC_SHA, TLS_ECDHE_ECDSA_WITH_AES_128_CBC_SHA, TLS_ECDHE_RSA_WITH_AES_128_CBC_SHA, TLS_DHE_RSA_WITH_AES_256_CBC_SHA, TLS_DHE_DSS_WITH_AES_256_CBC_SHA, TLS_DHE_RSA_WITH_AES_128_CBC_SHA, TLS_DHE_DSS_WITH_AES_128_CBC_SHA, TLS_ECDH_ECDSA_WITH_AES_256_CBC_SHA, TLS_ECDH_RSA_WITH_AES_256_CBC_SHA, TLS_ECDH_ECDSA_WITH_AES_128_CBC_SHA, TLS_ECDH_RSA_WITH_AES_128_CBC_SHA, TLS_RSA_WITH_AES_256_GCM_SHA384, TLS_RSA_WITH_AES_128_GCM_SHA256, TLS_RSA_WITH_AES_256_CBC_SHA256, TLS_RSA_WITH_AES_128_CBC_SHA256, TLS_RSA_WITH_AES_256_CBC_SHA, TLS_RSA_WITH_AES_128_CBC_SHA, TLS_EMPTY_RENEGOTIATION_INFO_SCSV]
21:52:25.433 [main] DEBUG org.apache.hc.client5.http.ssl.SSLConnectionSocketFactory - Starting handshake
21:52:25.509 [main] DEBUG org.apache.hc.client5.http.ssl.SSLConnectionSocketFactory - Secure session established
21:52:25.509 [main] DEBUG org.apache.hc.client5.http.ssl.SSLConnectionSocketFactory -  negotiated protocol: TLSv1.3
21:52:25.509 [main] DEBUG org.apache.hc.client5.http.ssl.SSLConnectionSocketFactory -  negotiated cipher suite: TLS_AES_256_GCM_SHA384
21:52:25.509 [main] DEBUG org.apache.hc.client5.http.ssl.SSLConnectionSocketFactory -  peer principal: CN=*.github.io, O="GitHub, Inc.", L=San Francisco, ST=California, C=US
21:52:25.509 [main] DEBUG org.apache.hc.client5.http.ssl.SSLConnectionSocketFactory -  peer alternative names: [*.github.io, github.io, *.github.com, github.com, www.github.com, *.githubusercontent.com, githubusercontent.com]
21:52:25.509 [main] DEBUG org.apache.hc.client5.http.ssl.SSLConnectionSocketFactory -  issuer principal: CN=DigiCert TLS RSA SHA256 2020 CA1, O=DigiCert Inc, C=US
21:52:25.509 [main] DEBUG org.apache.hc.client5.http.impl.io.DefaultHttpClientConnectionOperator - http-outgoing-6: connection established 192.168.100.42:62350<->185.199.108.133:443
21:52:25.509 [main] DEBUG org.apache.hc.client5.http.impl.io.PoolingHttpClientConnectionManager - ep-00000008: connected http-outgoing-6
21:52:25.509 [main] DEBUG org.apache.hc.client5.http.impl.classic.InternalHttpClient - ep-00000008: endpoint connected
21:52:25.509 [main] DEBUG org.apache.hc.client5.http.impl.classic.MainClientExec - ex-00000009: executing GET /bonigarcia/webdrivermanager/master/src/main/resources/commands.properties HTTP/1.1
21:52:25.509 [main] DEBUG org.apache.hc.client5.http.impl.classic.InternalHttpClient - ep-00000008: start execution ex-00000009
21:52:25.509 [main] DEBUG org.apache.hc.client5.http.impl.io.PoolingHttpClientConnectionManager - ep-00000008: executing exchange ex-00000009 over http-outgoing-6
21:52:25.509 [main] DEBUG org.apache.hc.client5.http.headers - http-outgoing-6 >> GET /bonigarcia/webdrivermanager/master/src/main/resources/commands.properties HTTP/1.1
21:52:25.509 [main] DEBUG org.apache.hc.client5.http.headers - http-outgoing-6 >> user-agent: Apache-HttpClient/5.0
21:52:25.509 [main] DEBUG org.apache.hc.client5.http.headers - http-outgoing-6 >> accept-encoding: gzip, deflate, br
21:52:25.509 [main] DEBUG org.apache.hc.client5.http.headers - http-outgoing-6 >> cache-control: max-age=0
21:52:25.509 [main] DEBUG org.apache.hc.client5.http.headers - http-outgoing-6 >> connection: keep-alive
21:52:25.509 [main] DEBUG org.apache.hc.client5.http.headers - http-outgoing-6 >> Host: raw.githubusercontent.com
21:52:25.509 [main] DEBUG org.apache.hc.client5.http.wire - http-outgoing-6 >> "GET /bonigarcia/webdrivermanager/master/src/main/resources/commands.properties HTTP/1.1[\r][\n]"
21:52:25.509 [main] DEBUG org.apache.hc.client5.http.wire - http-outgoing-6 >> "user-agent: Apache-HttpClient/5.0[\r][\n]"
21:52:25.509 [main] DEBUG org.apache.hc.client5.http.wire - http-outgoing-6 >> "accept-encoding: gzip, deflate, br[\r][\n]"
21:52:25.509 [main] DEBUG org.apache.hc.client5.http.wire - http-outgoing-6 >> "cache-control: max-age=0[\r][\n]"
21:52:25.509 [main] DEBUG org.apache.hc.client5.http.wire - http-outgoing-6 >> "connection: keep-alive[\r][\n]"
21:52:25.509 [main] DEBUG org.apache.hc.client5.http.wire - http-outgoing-6 >> "Host: raw.githubusercontent.com[\r][\n]"
21:52:25.509 [main] DEBUG org.apache.hc.client5.http.wire - http-outgoing-6 >> "[\r][\n]"
21:52:25.567 [main] DEBUG org.apache.hc.client5.http.wire - http-outgoing-6 << "HTTP/1.1 200 OK[\r][\n]"
21:52:25.567 [main] DEBUG org.apache.hc.client5.http.wire - http-outgoing-6 << "Connection: keep-alive[\r][\n]"
21:52:25.567 [main] DEBUG org.apache.hc.client5.http.wire - http-outgoing-6 << "Content-Length: 723[\r][\n]"
21:52:25.567 [main] DEBUG org.apache.hc.client5.http.wire - http-outgoing-6 << "Cache-Control: max-age=300[\r][\n]"
21:52:25.567 [main] DEBUG org.apache.hc.client5.http.wire - http-outgoing-6 << "Content-Security-Policy: default-src 'none'; style-src 'unsafe-inline'; sandbox[\r][\n]"
21:52:25.567 [main] DEBUG org.apache.hc.client5.http.wire - http-outgoing-6 << "Content-Type: text/plain; charset=utf-8[\r][\n]"
21:52:25.567 [main] DEBUG org.apache.hc.client5.http.wire - http-outgoing-6 << "ETag: W/"e82b438271e9e8680c688b0b680efd0bdd22faa6d6f0a32fc1fd8accc486b67e"[\r][\n]"
21:52:25.567 [main] DEBUG org.apache.hc.client5.http.wire - http-outgoing-6 << "Strict-Transport-Security: max-age=31536000[\r][\n]"
21:52:25.567 [main] DEBUG org.apache.hc.client5.http.wire - http-outgoing-6 << "X-Content-Type-Options: nosniff[\r][\n]"
21:52:25.567 [main] DEBUG org.apache.hc.client5.http.wire - http-outgoing-6 << "X-Frame-Options: deny[\r][\n]"
21:52:25.567 [main] DEBUG org.apache.hc.client5.http.wire - http-outgoing-6 << "X-XSS-Protection: 1; mode=block[\r][\n]"
21:52:25.567 [main] DEBUG org.apache.hc.client5.http.wire - http-outgoing-6 << "X-GitHub-Request-Id: 4CA0:B8C7F:70C4E:8CACE:651389F9[\r][\n]"
21:52:25.567 [main] DEBUG org.apache.hc.client5.http.wire - http-outgoing-6 << "Content-Encoding: gzip[\r][\n]"
21:52:25.567 [main] DEBUG org.apache.hc.client5.http.wire - http-outgoing-6 << "Accept-Ranges: bytes[\r][\n]"
21:52:25.567 [main] DEBUG org.apache.hc.client5.http.wire - http-outgoing-6 << "Date: Thu, 05 Oct 2023 14:52:26 GMT[\r][\n]"
21:52:25.567 [main] DEBUG org.apache.hc.client5.http.wire - http-outgoing-6 << "Via: 1.1 varnish[\r][\n]"
21:52:25.567 [main] DEBUG org.apache.hc.client5.http.wire - http-outgoing-6 << "X-Served-By: cache-qpg1234-QPG[\r][\n]"
21:52:25.567 [main] DEBUG org.apache.hc.client5.http.wire - http-outgoing-6 << "X-Cache: HIT[\r][\n]"
21:52:25.567 [main] DEBUG org.apache.hc.client5.http.wire - http-outgoing-6 << "X-Cache-Hits: 1[\r][\n]"
21:52:25.568 [main] DEBUG org.apache.hc.client5.http.wire - http-outgoing-6 << "X-Timer: S1696517546.225175,VS0,VE1[\r][\n]"
21:52:25.568 [main] DEBUG org.apache.hc.client5.http.wire - http-outgoing-6 << "Vary: Authorization,Accept-Encoding,Origin[\r][\n]"
21:52:25.568 [main] DEBUG org.apache.hc.client5.http.wire - http-outgoing-6 << "Access-Control-Allow-Origin: *[\r][\n]"
21:52:25.568 [main] DEBUG org.apache.hc.client5.http.wire - http-outgoing-6 << "Cross-Origin-Resource-Policy: cross-origin[\r][\n]"
21:52:25.568 [main] DEBUG org.apache.hc.client5.http.wire - http-outgoing-6 << "X-Fastly-Request-ID: 9ff5d7094bef61e03511436df167b5909969bc9e[\r][\n]"
21:52:25.568 [main] DEBUG org.apache.hc.client5.http.wire - http-outgoing-6 << "Expires: Thu, 05 Oct 2023 14:57:26 GMT[\r][\n]"
21:52:25.568 [main] DEBUG org.apache.hc.client5.http.wire - http-outgoing-6 << "Source-Age: 27[\r][\n]"
21:52:25.568 [main] DEBUG org.apache.hc.client5.http.wire - http-outgoing-6 << "[\r][\n]"
21:52:25.569 [main] DEBUG org.apache.hc.client5.http.headers - http-outgoing-6 << HTTP/1.1 200 OK
21:52:25.569 [main] DEBUG org.apache.hc.client5.http.headers - http-outgoing-6 << Connection: keep-alive
21:52:25.569 [main] DEBUG org.apache.hc.client5.http.headers - http-outgoing-6 << Content-Length: 723
21:52:25.569 [main] DEBUG org.apache.hc.client5.http.headers - http-outgoing-6 << Cache-Control: max-age=300
21:52:25.569 [main] DEBUG org.apache.hc.client5.http.headers - http-outgoing-6 << Content-Security-Policy: default-src 'none'; style-src 'unsafe-inline'; sandbox
21:52:25.569 [main] DEBUG org.apache.hc.client5.http.headers - http-outgoing-6 << Content-Type: text/plain; charset=utf-8
21:52:25.569 [main] DEBUG org.apache.hc.client5.http.headers - http-outgoing-6 << ETag: W/"e82b438271e9e8680c688b0b680efd0bdd22faa6d6f0a32fc1fd8accc486b67e"
21:52:25.569 [main] DEBUG org.apache.hc.client5.http.headers - http-outgoing-6 << Strict-Transport-Security: max-age=31536000
21:52:25.569 [main] DEBUG org.apache.hc.client5.http.headers - http-outgoing-6 << X-Content-Type-Options: nosniff
21:52:25.569 [main] DEBUG org.apache.hc.client5.http.headers - http-outgoing-6 << X-Frame-Options: deny
21:52:25.569 [main] DEBUG org.apache.hc.client5.http.headers - http-outgoing-6 << X-XSS-Protection: 1; mode=block
21:52:25.569 [main] DEBUG org.apache.hc.client5.http.headers - http-outgoing-6 << X-GitHub-Request-Id: 4CA0:B8C7F:70C4E:8CACE:651389F9
21:52:25.569 [main] DEBUG org.apache.hc.client5.http.headers - http-outgoing-6 << Content-Encoding: gzip
21:52:25.569 [main] DEBUG org.apache.hc.client5.http.headers - http-outgoing-6 << Accept-Ranges: bytes
21:52:25.569 [main] DEBUG org.apache.hc.client5.http.headers - http-outgoing-6 << Date: Thu, 05 Oct 2023 14:52:26 GMT
21:52:25.569 [main] DEBUG org.apache.hc.client5.http.headers - http-outgoing-6 << Via: 1.1 varnish
21:52:25.569 [main] DEBUG org.apache.hc.client5.http.headers - http-outgoing-6 << X-Served-By: cache-qpg1234-QPG
21:52:25.569 [main] DEBUG org.apache.hc.client5.http.headers - http-outgoing-6 << X-Cache: HIT
21:52:25.569 [main] DEBUG org.apache.hc.client5.http.headers - http-outgoing-6 << X-Cache-Hits: 1
21:52:25.569 [main] DEBUG org.apache.hc.client5.http.headers - http-outgoing-6 << X-Timer: S1696517546.225175,VS0,VE1
21:52:25.569 [main] DEBUG org.apache.hc.client5.http.headers - http-outgoing-6 << Vary: Authorization,Accept-Encoding,Origin
21:52:25.569 [main] DEBUG org.apache.hc.client5.http.headers - http-outgoing-6 << Access-Control-Allow-Origin: *
21:52:25.569 [main] DEBUG org.apache.hc.client5.http.headers - http-outgoing-6 << Cross-Origin-Resource-Policy: cross-origin
21:52:25.569 [main] DEBUG org.apache.hc.client5.http.headers - http-outgoing-6 << X-Fastly-Request-ID: 9ff5d7094bef61e03511436df167b5909969bc9e
21:52:25.569 [main] DEBUG org.apache.hc.client5.http.headers - http-outgoing-6 << Expires: Thu, 05 Oct 2023 14:57:26 GMT
21:52:25.569 [main] DEBUG org.apache.hc.client5.http.headers - http-outgoing-6 << Source-Age: 27
21:52:25.570 [main] DEBUG org.apache.hc.client5.http.impl.classic.MainClientExec - ex-00000009: connection can be kept alive for 3 MINUTES
21:52:25.571 [main] DEBUG org.apache.hc.client5.http.wire - http-outgoing-6 << "[0x1f][0xffffff8b][0x8][0x0][0x0][0x0][0x0][0x0][0x0][0x3][0xffffffb5]V]o[0xffffffda]0[0x14]}[0xffffffe7]W\[0xffffff81]*[0xffffffb5][0x12][0x1f][[M[0xffffffd3]$[0x1e]hF[0xffffffbb]i [0x18][0xffffffb4][0xffffffdd]&[0xfffffff9][0xffffffc5]$7[0xffffffc1]R[0x12]#;[0xffffff94]v[0xffffffbf]~[0xffffffb6][0xfffffff3]1[0xffffff92][0xffffff9a][0xffffffc1][0x1a]x[0xffffffcb][0xffffffb5][0xffffffaf][0xffffffcf]9[0xffffffbe][0xfffffff7]8v[0xb][0x1c][0x1e]E4[0xfffffff6]$x4[0xffffffa1][0xb]*[0xffffffb1][0xffffffd1][0xffffff82][0xfffffffb]%[0xffffff93][0xffffffe0][0xffffffb3][0x10][0xffffffc1][0xffffffe5]qBY,!Y[0xffffffea] KM8,[0x10][0xfffffff0][0x19][0xffffffdd]u[0xffffff82][0x1e][0xffffffb0][0xffffffd8]L[0xffffffcb]%[0xffffff86][0xffffffa1][0xe][0xffffffb8][0xfffffff0]P[0xffffffe8]$[0xf][0x13]t[0x13]3[0xfffffff9][0xffffff84]B2[0xffffffae][0xffffffe6]|@[0xfffffff5][0x1d][0x8][0xffffffc4][0x18][0x16][0xffffff82]o[0xffffffa4][0xffffff9a]P[0xffffff94][0xffffffe7][0xffffffce]R[0xfffffff0][0x8][0xffffffdb]p[0xffffffcb][0x4][0xfffffffa][0xfffffffc][0xffffffb9][\r][0xffffff93][0x15][\n]"
21:52:25.572 [main] DEBUG org.apache.hc.client5.http.wire - http-outgoing-6 << "[0xffffffda][0xffffff86][0xffffffa1][0x17][0xffffffa8]Q3[0xffffffcb][0xffffffd6][0xffffffd1][0xffffff85][0xffffffc6][0xfffffff7][0xffffff98][0xffffffef][0xffffffa3][0xffffffc0]8[0x1][0xffffffae]s[0x12][0x16][0x7] _d[0xffffff82][0xffffff91][0xffffff84][0xfffffff3][0x1f],[0xfffffff6][0x14]j[0x1b]F,^+[0xffffff98]1ua2[0xffffffbf]h([0xffffff8e][0xffffff94][0xffffffa2][0xffffff91]m[0xffffffa3][0xffffffeb][0xffffff9a][0xffffffb0][0xffffffbb]I[0x17]t[0xffffffdf][0xffffffbd][0xffffffef][0xffffffbb][0xffffff91][0xffffffd7]U[0xffffffbb][0xffffff82][0xffffff9e][0x3][0xffffff9b][0xffffff88][0xffffffb9][0xffffffa6]$[0xffffffa6][0xc][0xffffff9b][0xffffffa5][0xffffffe2][0xffffff83][0xffffff98]F[0xffffffd8]o[0xffffff9e]Mg[0xffffff93][0xffffffbb][0xffffffd9]`|[0xfffffffb]u4[0xffffff9c][0x7f]"}B[0xffffffce][0x8][0xffffffb9][0xffffffe3]<[0x8][0xffffff91][0xffffff90][0xffffff94][0xffffff82][0xffffff90][0xffffffc1]j[0x15]2WI[0xffffffe3]1![0x19][0xffffff91]BnB[0xffffff80][0x9]<f[0xffffffb5][0xffffffe8]=[0xffffffd1]p[0xffffffbd][[0xffffffcf][0xffffffe5][0x1b][0xfffffff4][0xffffff9c][0xffffffff][0xfffffffc][0xfffffff8][0xffffffe1][0xffffffe2][0xffffff94][0xffffffa2][0xffffffae][0xe][0x14]5[0xffffff9a]8[0xffffff83][0xffffffd1]`:[0xfffffffd]<[0xffffffb8][0x1f][0xffffff9c]R[0xffffffcf]u[0x7f]6[0xffffffbc][0xffffff83][0xffffffef][0xf][0xffffffc3][0xffffffd9]/[0xfffffff8][0xfffffff2][0xffffffcd]y s[0xffffffee]'[0x1b]*0g[0xffffffcb][0xffffffc8]nF7H][0xffffff83][0xffffff97]{[0xffffffb1]Q[0x5][\r][0xffffffb5]c[0xffffffb4][0xf][0x2][0xffffffb3][0xffffffb4][0xffffff93][0xe]C[0xffffffa7][0xffffffb3]kAD][0xffffff9d][0xffffffde][0xffffffdb][0xffffffda][0xffffff88][0xffffffec][0xffffffa5][0xffffffbc][0xffffff99][0xffffffd9][0xffffffba]t[0xffffffb5][0xffffffea]9[0xffffffea][0x10])[0xffffffb7][0xffffffca][0xffffff9e][0xfffffff2][0xffffffe2]d^N[0xffffffd8]FW[0x16][0xffffffcd][0xffffffdc]_[0x10][0xfffffff9]i|[0x1c][0xffffff93][0xffffff8e][0xfffffff9]o[0x16][0xffffff86]4'!$G[0xffffffdf]W[0xfffffff4]W*j[[0xfffffff3]xR[0xffffffae][0xffffffb6][0xc][0xffffffd0],; #[0xffffffa9][0xffffff92]5[0xffffffb5][0x7][0xffffff9c][0xffffffb5][0xffffffd0][0x7f][0xffffff90][0xffffffc7]jgs[0xfffffffc][0xffffffc2][0xb][0xffffffd9][0x0]t[0xffffff9e]^'Y[0xfffffffb][0xffffff9f][0xffffffb1][0xffffffd8]:[0xffffffbf][0xffffff8d][0xffffffa5][0xffffff9a][0xffffffad][0x7f]m[0x5]&[0xffffffaa][0xffffffa0]^[0xffffff9b][0xffffffcb][0x5]f[0xffffffae][0xffffffe0]RU[0xffffff82][0x10]MS9l[0xffffff91]4t[0xfffffffb][0xffffff8a]][0xffffffd6][0xfffffff4][0xffffff96][0xffffffa6][0xffffff9f]P[0xffffffce][0xffffffd5][0xffffffce][0xffffff93][0xffffffff][0xffffff97][0xffffffcc]p[0xfffffffd][0xfffffff3][0xffffffe8][0x1b][0xffffffcc][0xffffffa2][0xffffffd9]Q[0xffffffbe][0xffffffb2][0xffffffa3][0xffffffc7]m'[0xffffffdf][0xffffffe4][[0xfffffffb]^[0xffffffb0][0xffffff9a][0xffffffbe][0xffffffda][0xffffffda]_[0xffffffce][0xffffff80][0xffffffd2][0xffffffc1]7[0xffffffb7]][0xffffffc1]b[0xffffffee][0xffffffb5][0xffffffff]w[0xffffff83][0xffffffed][0xffffffa7];[0x15]<[0x10]4[0xffffff92][0xffffff84][0x18][\n]"
21:52:25.572 [main] DEBUG org.apache.hc.client5.http.wire - http-outgoing-6 << "BB[0xffffffba][0xffffff8e]][0xffffffb5]jo[0xffffffb9]+"[0xffffffea][0xffffffb4][0xffffffff]h"[0xffffffea]\?5[0xffffffa9][0xffffffaf]k[0xffffffec][0xffffffff]P[0xffffffea][\n]"
21:52:25.572 [main] DEBUG org.apache.hc.client5.http.wire - http-outgoing-6 << "w[0xffffffe1]K[0x13][0xffffffda][0xffffffec][0xffffff98][0xffffffe6]Y[0xfffffffd]h8m6[0xffffff9c]T[0xffffffc1][0xfffffff2][0xffffffa7][0xffffff91]z_[0xffffff95]o85p[0x1c][0x13][0xffffffe6][0xfffffff0]5[0xffffffee][0xfffffffc][0xffffff92][0xffffff96][0xffffffda][0xfffffff7][0xffffffcf][0xffffffb1][0x5][0x1d][0xffffffea]K[0xffffff9b]9[0xffffff8e][0xffffffad]e[0xfffffff7][0xffffff93][0xffffffa8]`[0xffffffda][0xffffffff][0x1a][0xffffffd2][0xffffff88][0xffffff85][0xfffffffd][0xfffffff2][0xffffff91]N[0xfffffff6]`[0xffffffdf]2[0xffffffcf][0xffffffae]E[0xffffff97][0xffffffc5][0xffffffa2][0xffffff9d][0xffffffef]'[0xffffff9d]mun.[0xffffffd3]f^[0xffffffc7][0xffffff82][0xffffffda][0xffffff82]9[0xfffffff5][0xffffffa9]`[0x5][0xffffffbc]4[0xffffffa1][0x1d]<M[0xffffffb5]A[0xffffffa7]3[[0xffffffc0][0x7f][0x0][0xffffffc1][0xffffffd0]$[0xffffff85][0x1d][\r][0x0][0x0]"
21:52:25.573 [main] DEBUG org.apache.hc.client5.http.impl.classic.InternalHttpClient - ep-00000008: releasing valid endpoint
21:52:25.573 [main] DEBUG org.apache.hc.client5.http.impl.io.PoolingHttpClientConnectionManager - ep-00000008: releasing endpoint
21:52:25.573 [main] DEBUG org.apache.hc.client5.http.impl.io.PoolingHttpClientConnectionManager - ep-00000008: connection http-outgoing-6 can be kept alive for 3 MINUTES
21:52:25.573 [main] DEBUG org.apache.hc.client5.http.impl.io.PoolingHttpClientConnectionManager - ep-00000008: connection released [route: {s}->https://raw.githubusercontent.com:443][total available: 1; route allocated: 1 of 5; total allocated: 1 of 25]
21:52:25.573 [main] DEBUG io.github.bonigarcia.wdm.versions.VersionDetector - Detecting chrome version using online commands.properties
21:52:25.575 [main] DEBUG io.github.bonigarcia.wdm.versions.Shell - Running command on the shell: [cmd.exe, /C, wmic, datafile, where, name="%PROGRAMFILES:\=\\%\\Google\\Chrome\\Application\\chrome.exe", get, Version, /value]
21:52:25.711 [main] DEBUG io.github.bonigarcia.wdm.versions.Shell - Result: Version=117.0.5938.134
21:52:25.714 [main] DEBUG org.apache.hc.client5.http.impl.classic.InternalHttpClient - ex-0000000A: preparing request execution
21:52:25.714 [main] DEBUG org.apache.hc.client5.http.protocol.RequestAddCookies - Cookie spec selected: strict
21:52:25.714 [main] DEBUG org.apache.hc.client5.http.protocol.RequestAuthCache - Auth cache not set in the context
21:52:25.714 [main] DEBUG org.apache.hc.client5.http.impl.classic.ProtocolExec - ex-0000000A: target auth state: UNCHALLENGED
21:52:25.714 [main] DEBUG org.apache.hc.client5.http.impl.classic.ProtocolExec - ex-0000000A: proxy auth state: UNCHALLENGED
21:52:25.714 [main] DEBUG org.apache.hc.client5.http.impl.classic.ConnectExec - ex-0000000A: acquiring connection with route {s}->https://chromedriver.storage.googleapis.com:443
21:52:25.714 [main] DEBUG org.apache.hc.client5.http.impl.classic.InternalHttpClient - ex-0000000A: acquiring endpoint (3 MINUTES)
21:52:25.714 [main] DEBUG org.apache.hc.client5.http.impl.io.PoolingHttpClientConnectionManager - ex-0000000A: endpoint lease request (3 MINUTES) [route: {s}->https://chromedriver.storage.googleapis.com:443][total available: 1; route allocated: 0 of 5; total allocated: 1 of 25]
21:52:25.714 [main] DEBUG org.apache.hc.client5.http.impl.io.PoolingHttpClientConnectionManager - ex-0000000A: endpoint leased [route: {s}->https://chromedriver.storage.googleapis.com:443][total available: 1; route allocated: 1 of 5; total allocated: 2 of 25]
21:52:25.714 [main] DEBUG org.apache.hc.client5.http.impl.io.PoolingHttpClientConnectionManager - ex-0000000A: acquired ep-00000009
21:52:25.714 [main] DEBUG org.apache.hc.client5.http.impl.classic.InternalHttpClient - ex-0000000A: acquired endpoint ep-00000009
21:52:25.714 [main] DEBUG org.apache.hc.client5.http.impl.classic.ConnectExec - ex-0000000A: opening connection {s}->https://chromedriver.storage.googleapis.com:443
21:52:25.714 [main] DEBUG org.apache.hc.client5.http.impl.classic.InternalHttpClient - ep-00000009: connecting endpoint (30 SECONDS)
21:52:25.715 [main] DEBUG org.apache.hc.client5.http.impl.io.PoolingHttpClientConnectionManager - ep-00000009: connecting endpoint to https://chromedriver.storage.googleapis.com:443 (30 SECONDS)
21:52:25.715 [main] DEBUG org.apache.hc.client5.http.impl.io.DefaultHttpClientConnectionOperator - http-outgoing-7: connecting to chromedriver.storage.googleapis.com/142.251.223.27:443
21:52:25.715 [main] DEBUG org.apache.hc.client5.http.ssl.SSLConnectionSocketFactory - Connecting socket to chromedriver.storage.googleapis.com/142.251.223.27:443 with timeout 30 SECONDS
21:52:25.736 [main] DEBUG org.apache.hc.client5.http.ssl.SSLConnectionSocketFactory - Enabled protocols: [TLSv1.3, TLSv1.2]
21:52:25.736 [main] DEBUG org.apache.hc.client5.http.ssl.SSLConnectionSocketFactory - Enabled cipher suites: [TLS_AES_256_GCM_SHA384, TLS_AES_128_GCM_SHA256, TLS_CHACHA20_POLY1305_SHA256, TLS_ECDHE_ECDSA_WITH_AES_256_GCM_SHA384, TLS_ECDHE_ECDSA_WITH_AES_128_GCM_SHA256, TLS_ECDHE_ECDSA_WITH_CHACHA20_POLY1305_SHA256, TLS_ECDHE_RSA_WITH_AES_256_GCM_SHA384, TLS_ECDHE_RSA_WITH_CHACHA20_POLY1305_SHA256, TLS_ECDHE_RSA_WITH_AES_128_GCM_SHA256, TLS_DHE_RSA_WITH_AES_256_GCM_SHA384, TLS_DHE_RSA_WITH_CHACHA20_POLY1305_SHA256, TLS_DHE_DSS_WITH_AES_256_GCM_SHA384, TLS_DHE_RSA_WITH_AES_128_GCM_SHA256, TLS_DHE_DSS_WITH_AES_128_GCM_SHA256, TLS_ECDHE_ECDSA_WITH_AES_256_CBC_SHA384, TLS_ECDHE_RSA_WITH_AES_256_CBC_SHA384, TLS_ECDHE_ECDSA_WITH_AES_128_CBC_SHA256, TLS_ECDHE_RSA_WITH_AES_128_CBC_SHA256, TLS_DHE_RSA_WITH_AES_256_CBC_SHA256, TLS_DHE_DSS_WITH_AES_256_CBC_SHA256, TLS_DHE_RSA_WITH_AES_128_CBC_SHA256, TLS_DHE_DSS_WITH_AES_128_CBC_SHA256, TLS_ECDH_ECDSA_WITH_AES_256_GCM_SHA384, TLS_ECDH_RSA_WITH_AES_256_GCM_SHA384, TLS_ECDH_ECDSA_WITH_AES_128_GCM_SHA256, TLS_ECDH_RSA_WITH_AES_128_GCM_SHA256, TLS_ECDH_ECDSA_WITH_AES_256_CBC_SHA384, TLS_ECDH_RSA_WITH_AES_256_CBC_SHA384, TLS_ECDH_ECDSA_WITH_AES_128_CBC_SHA256, TLS_ECDH_RSA_WITH_AES_128_CBC_SHA256, TLS_ECDHE_ECDSA_WITH_AES_256_CBC_SHA, TLS_ECDHE_RSA_WITH_AES_256_CBC_SHA, TLS_ECDHE_ECDSA_WITH_AES_128_CBC_SHA, TLS_ECDHE_RSA_WITH_AES_128_CBC_SHA, TLS_DHE_RSA_WITH_AES_256_CBC_SHA, TLS_DHE_DSS_WITH_AES_256_CBC_SHA, TLS_DHE_RSA_WITH_AES_128_CBC_SHA, TLS_DHE_DSS_WITH_AES_128_CBC_SHA, TLS_ECDH_ECDSA_WITH_AES_256_CBC_SHA, TLS_ECDH_RSA_WITH_AES_256_CBC_SHA, TLS_ECDH_ECDSA_WITH_AES_128_CBC_SHA, TLS_ECDH_RSA_WITH_AES_128_CBC_SHA, TLS_RSA_WITH_AES_256_GCM_SHA384, TLS_RSA_WITH_AES_128_GCM_SHA256, TLS_RSA_WITH_AES_256_CBC_SHA256, TLS_RSA_WITH_AES_128_CBC_SHA256, TLS_RSA_WITH_AES_256_CBC_SHA, TLS_RSA_WITH_AES_128_CBC_SHA, TLS_EMPTY_RENEGOTIATION_INFO_SCSV]
21:52:25.736 [main] DEBUG org.apache.hc.client5.http.ssl.SSLConnectionSocketFactory - Starting handshake
21:52:25.816 [main] DEBUG org.apache.hc.client5.http.ssl.SSLConnectionSocketFactory - Secure session established
21:52:25.816 [main] DEBUG org.apache.hc.client5.http.ssl.SSLConnectionSocketFactory -  negotiated protocol: TLSv1.3
21:52:25.816 [main] DEBUG org.apache.hc.client5.http.ssl.SSLConnectionSocketFactory -  negotiated cipher suite: TLS_AES_256_GCM_SHA384
21:52:25.816 [main] DEBUG org.apache.hc.client5.http.ssl.SSLConnectionSocketFactory -  peer principal: CN=*.storage.googleapis.com
21:52:25.817 [main] DEBUG org.apache.hc.client5.http.ssl.SSLConnectionSocketFactory -  peer alternative names: [*.storage.googleapis.com, *.googleapis.com, commondatastorage.googleapis.com, *.commondatastorage.googleapis.com, storage.googleapis.com, storage-p2.googleapis.com, *.storage-p2.googleapis.com, storage.mtls.googleapis.com, *.appspot.com.storage.googleapis.com, *.content-storage.googleapis.com, *.content-storage-p2.googleapis.com, *.content-storage-upload.googleapis.com, *.content-storage-download.googleapis.com, *.storage-upload.googleapis.com, *.storage-download.googleapis.com]
21:52:25.817 [main] DEBUG org.apache.hc.client5.http.ssl.SSLConnectionSocketFactory -  issuer principal: CN=GTS CA 1C3, O=Google Trust Services LLC, C=US
21:52:25.817 [main] DEBUG org.apache.hc.client5.http.impl.io.DefaultHttpClientConnectionOperator - http-outgoing-7: connection established 192.168.100.42:62351<->142.251.223.27:443
21:52:25.817 [main] DEBUG org.apache.hc.client5.http.impl.io.PoolingHttpClientConnectionManager - ep-00000009: connected http-outgoing-7
21:52:25.817 [main] DEBUG org.apache.hc.client5.http.impl.classic.InternalHttpClient - ep-00000009: endpoint connected
21:52:25.817 [main] DEBUG org.apache.hc.client5.http.impl.classic.MainClientExec - ex-0000000A: executing GET /LATEST_RELEASE_117 HTTP/1.1
21:52:25.817 [main] DEBUG org.apache.hc.client5.http.impl.classic.InternalHttpClient - ep-00000009: start execution ex-0000000A
21:52:25.817 [main] DEBUG org.apache.hc.client5.http.impl.io.PoolingHttpClientConnectionManager - ep-00000009: executing exchange ex-0000000A over http-outgoing-7
21:52:25.817 [main] DEBUG org.apache.hc.client5.http.headers - http-outgoing-7 >> GET /LATEST_RELEASE_117 HTTP/1.1
21:52:25.817 [main] DEBUG org.apache.hc.client5.http.headers - http-outgoing-7 >> user-agent: Apache-HttpClient/5.0
21:52:25.817 [main] DEBUG org.apache.hc.client5.http.headers - http-outgoing-7 >> accept-encoding: gzip, deflate, br
21:52:25.817 [main] DEBUG org.apache.hc.client5.http.headers - http-outgoing-7 >> cache-control: max-age=0
21:52:25.817 [main] DEBUG org.apache.hc.client5.http.headers - http-outgoing-7 >> connection: keep-alive
21:52:25.817 [main] DEBUG org.apache.hc.client5.http.headers - http-outgoing-7 >> Host: chromedriver.storage.googleapis.com
21:52:25.817 [main] DEBUG org.apache.hc.client5.http.wire - http-outgoing-7 >> "GET /LATEST_RELEASE_117 HTTP/1.1[\r][\n]"
21:52:25.817 [main] DEBUG org.apache.hc.client5.http.wire - http-outgoing-7 >> "user-agent: Apache-HttpClient/5.0[\r][\n]"
21:52:25.817 [main] DEBUG org.apache.hc.client5.http.wire - http-outgoing-7 >> "accept-encoding: gzip, deflate, br[\r][\n]"
21:52:25.817 [main] DEBUG org.apache.hc.client5.http.wire - http-outgoing-7 >> "cache-control: max-age=0[\r][\n]"
21:52:25.817 [main] DEBUG org.apache.hc.client5.http.wire - http-outgoing-7 >> "connection: keep-alive[\r][\n]"
21:52:25.817 [main] DEBUG org.apache.hc.client5.http.wire - http-outgoing-7 >> "Host: chromedriver.storage.googleapis.com[\r][\n]"
21:52:25.817 [main] DEBUG org.apache.hc.client5.http.wire - http-outgoing-7 >> "[\r][\n]"
21:52:26.083 [main] DEBUG org.apache.hc.client5.http.wire - http-outgoing-7 << "HTTP/1.1 404 Not Found[\r][\n]"
21:52:26.083 [main] DEBUG org.apache.hc.client5.http.wire - http-outgoing-7 << "X-GUploader-UploadID: ADPycdsmJz5BWooqP9tUbzbAESrKudAPb8jfaAoEm0S_AqzzOYXSutVUHW-HLf9I35-4VSi_bhuduOQ5RZXU33tRna8Qv5kJOUJ3[\r][\n]"
21:52:26.083 [main] DEBUG org.apache.hc.client5.http.wire - http-outgoing-7 << "Content-Type: application/xml; charset=UTF-8[\r][\n]"
21:52:26.083 [main] DEBUG org.apache.hc.client5.http.wire - http-outgoing-7 << "Content-Length: 193[\r][\n]"
21:52:26.083 [main] DEBUG org.apache.hc.client5.http.wire - http-outgoing-7 << "Date: Thu, 05 Oct 2023 14:52:26 GMT[\r][\n]"
21:52:26.083 [main] DEBUG org.apache.hc.client5.http.wire - http-outgoing-7 << "Expires: Thu, 05 Oct 2023 14:52:26 GMT[\r][\n]"
21:52:26.083 [main] DEBUG org.apache.hc.client5.http.wire - http-outgoing-7 << "Cache-Control: private, max-age=0[\r][\n]"
21:52:26.084 [main] DEBUG org.apache.hc.client5.http.wire - http-outgoing-7 << "Server: UploadServer[\r][\n]"
21:52:26.084 [main] DEBUG org.apache.hc.client5.http.wire - http-outgoing-7 << "Alt-Svc: h3=":443"; ma=2592000,h3-29=":443"; ma=2592000[\r][\n]"
21:52:26.084 [main] DEBUG org.apache.hc.client5.http.wire - http-outgoing-7 << "[\r][\n]"
21:52:26.084 [main] DEBUG org.apache.hc.client5.http.wire - http-outgoing-7 << "<?xml version='1.0' encoding='UTF-8'?><Error><Code>NoSuchKey</Code><Message>The specified key does not exist.</Message><Details>No such object: chromedriver/LATEST_RELEASE_117</Details></Error>"
21:52:26.084 [main] DEBUG org.apache.hc.client5.http.headers - http-outgoing-7 << HTTP/1.1 404 Not Found
21:52:26.084 [main] DEBUG org.apache.hc.client5.http.headers - http-outgoing-7 << X-GUploader-UploadID: ADPycdsmJz5BWooqP9tUbzbAESrKudAPb8jfaAoEm0S_AqzzOYXSutVUHW-HLf9I35-4VSi_bhuduOQ5RZXU33tRna8Qv5kJOUJ3
21:52:26.084 [main] DEBUG org.apache.hc.client5.http.headers - http-outgoing-7 << Content-Type: application/xml; charset=UTF-8
21:52:26.084 [main] DEBUG org.apache.hc.client5.http.headers - http-outgoing-7 << Content-Length: 193
21:52:26.084 [main] DEBUG org.apache.hc.client5.http.headers - http-outgoing-7 << Date: Thu, 05 Oct 2023 14:52:26 GMT
21:52:26.084 [main] DEBUG org.apache.hc.client5.http.headers - http-outgoing-7 << Expires: Thu, 05 Oct 2023 14:52:26 GMT
21:52:26.084 [main] DEBUG org.apache.hc.client5.http.headers - http-outgoing-7 << Cache-Control: private, max-age=0
21:52:26.084 [main] DEBUG org.apache.hc.client5.http.headers - http-outgoing-7 << Server: UploadServer
21:52:26.084 [main] DEBUG org.apache.hc.client5.http.headers - http-outgoing-7 << Alt-Svc: h3=":443"; ma=2592000,h3-29=":443"; ma=2592000
21:52:26.084 [main] DEBUG org.apache.hc.client5.http.impl.classic.MainClientExec - ex-0000000A: connection can be kept alive for 3 MINUTES
21:52:26.084 [main] ERROR io.github.bonigarcia.wdm.online.HttpClient - Error HTTP 404 executing https://chromedriver.storage.googleapis.com/LATEST_RELEASE_117
21:52:26.084 [main] WARN io.github.bonigarcia.wdm.versions.VersionDetector - Exception reading https://chromedriver.storage.googleapis.com/LATEST_RELEASE_117 to get latest version of chromedriver (Error HTTP 404 executing https://chromedriver.storage.googleapis.com/LATEST_RELEASE_117)
21:52:26.084 [main] DEBUG io.github.bonigarcia.wdm.versions.VersionDetector - Getting driver version for chrome117 from online versions.properties
21:52:26.085 [main] DEBUG org.apache.hc.client5.http.impl.classic.InternalHttpClient - ex-0000000B: preparing request execution
21:52:26.085 [main] DEBUG org.apache.hc.client5.http.protocol.RequestAddCookies - Cookie spec selected: strict
21:52:26.085 [main] DEBUG org.apache.hc.client5.http.protocol.RequestAuthCache - Auth cache not set in the context
21:52:26.085 [main] DEBUG org.apache.hc.client5.http.impl.classic.ProtocolExec - ex-0000000B: target auth state: UNCHALLENGED
21:52:26.085 [main] DEBUG org.apache.hc.client5.http.impl.classic.ProtocolExec - ex-0000000B: proxy auth state: UNCHALLENGED
21:52:26.085 [main] DEBUG org.apache.hc.client5.http.impl.classic.ConnectExec - ex-0000000B: acquiring connection with route {s}->https://raw.githubusercontent.com:443
21:52:26.085 [main] DEBUG org.apache.hc.client5.http.impl.classic.InternalHttpClient - ex-0000000B: acquiring endpoint (3 MINUTES)
21:52:26.085 [main] DEBUG org.apache.hc.client5.http.impl.io.PoolingHttpClientConnectionManager - ex-0000000B: endpoint lease request (3 MINUTES) [route: {s}->https://raw.githubusercontent.com:443][total available: 1; route allocated: 1 of 5; total allocated: 2 of 25]
21:52:26.085 [main] DEBUG org.apache.hc.client5.http.impl.io.PoolingHttpClientConnectionManager - ex-0000000B: endpoint leased [route: {s}->https://raw.githubusercontent.com:443][total available: 0; route allocated: 1 of 5; total allocated: 2 of 25]
21:52:26.085 [main] DEBUG org.apache.hc.client5.http.impl.io.PoolingHttpClientConnectionManager - ex-0000000B: acquired ep-0000000A
21:52:26.085 [main] DEBUG org.apache.hc.client5.http.impl.classic.InternalHttpClient - ex-0000000B: acquired endpoint ep-0000000A
21:52:26.085 [main] DEBUG org.apache.hc.client5.http.impl.classic.MainClientExec - ex-0000000B: executing GET /bonigarcia/webdrivermanager/master/src/main/resources/versions.properties HTTP/1.1
21:52:26.085 [main] DEBUG org.apache.hc.client5.http.impl.classic.InternalHttpClient - ep-0000000A: start execution ex-0000000B
21:52:26.085 [main] DEBUG org.apache.hc.client5.http.impl.io.PoolingHttpClientConnectionManager - ep-0000000A: executing exchange ex-0000000B over http-outgoing-6
21:52:26.086 [main] DEBUG org.apache.hc.client5.http.headers - http-outgoing-6 >> GET /bonigarcia/webdrivermanager/master/src/main/resources/versions.properties HTTP/1.1
21:52:26.086 [main] DEBUG org.apache.hc.client5.http.headers - http-outgoing-6 >> user-agent: Apache-HttpClient/5.0
21:52:26.086 [main] DEBUG org.apache.hc.client5.http.headers - http-outgoing-6 >> accept-encoding: gzip, deflate, br
21:52:26.086 [main] DEBUG org.apache.hc.client5.http.headers - http-outgoing-6 >> cache-control: max-age=0
21:52:26.086 [main] DEBUG org.apache.hc.client5.http.headers - http-outgoing-6 >> connection: keep-alive
21:52:26.086 [main] DEBUG org.apache.hc.client5.http.headers - http-outgoing-6 >> Host: raw.githubusercontent.com
21:52:26.086 [main] DEBUG org.apache.hc.client5.http.wire - http-outgoing-6 >> "GET /bonigarcia/webdrivermanager/master/src/main/resources/versions.properties HTTP/1.1[\r][\n]"
21:52:26.086 [main] DEBUG org.apache.hc.client5.http.wire - http-outgoing-6 >> "user-agent: Apache-HttpClient/5.0[\r][\n]"
21:52:26.086 [main] DEBUG org.apache.hc.client5.http.wire - http-outgoing-6 >> "accept-encoding: gzip, deflate, br[\r][\n]"
21:52:26.086 [main] DEBUG org.apache.hc.client5.http.wire - http-outgoing-6 >> "cache-control: max-age=0[\r][\n]"
21:52:26.086 [main] DEBUG org.apache.hc.client5.http.wire - http-outgoing-6 >> "connection: keep-alive[\r][\n]"
21:52:26.086 [main] DEBUG org.apache.hc.client5.http.wire - http-outgoing-6 >> "Host: raw.githubusercontent.com[\r][\n]"
21:52:26.086 [main] DEBUG org.apache.hc.client5.http.wire - http-outgoing-6 >> "[\r][\n]"
21:52:26.128 [main] DEBUG org.apache.hc.client5.http.wire - http-outgoing-6 << "HTTP/1.1 200 OK[\r][\n]"
21:52:26.128 [main] DEBUG org.apache.hc.client5.http.wire - http-outgoing-6 << "Connection: keep-alive[\r][\n]"
21:52:26.128 [main] DEBUG org.apache.hc.client5.http.wire - http-outgoing-6 << "Content-Length: 1625[\r][\n]"
21:52:26.128 [main] DEBUG org.apache.hc.client5.http.wire - http-outgoing-6 << "Cache-Control: max-age=300[\r][\n]"
21:52:26.128 [main] DEBUG org.apache.hc.client5.http.wire - http-outgoing-6 << "Content-Security-Policy: default-src 'none'; style-src 'unsafe-inline'; sandbox[\r][\n]"
21:52:26.128 [main] DEBUG org.apache.hc.client5.http.wire - http-outgoing-6 << "Content-Type: text/plain; charset=utf-8[\r][\n]"
21:52:26.128 [main] DEBUG org.apache.hc.client5.http.wire - http-outgoing-6 << "ETag: W/"51a99ebb5fa30c7285d42b08929913814dd238f6403d61fccadee50390eab957"[\r][\n]"
21:52:26.129 [main] DEBUG org.apache.hc.client5.http.wire - http-outgoing-6 << "Strict-Transport-Security: max-age=31536000[\r][\n]"
21:52:26.129 [main] DEBUG org.apache.hc.client5.http.wire - http-outgoing-6 << "X-Content-Type-Options: nosniff[\r][\n]"
21:52:26.129 [main] DEBUG org.apache.hc.client5.http.wire - http-outgoing-6 << "X-Frame-Options: deny[\r][\n]"
21:52:26.129 [main] DEBUG org.apache.hc.client5.http.wire - http-outgoing-6 << "X-XSS-Protection: 1; mode=block[\r][\n]"
21:52:26.129 [main] DEBUG org.apache.hc.client5.http.wire - http-outgoing-6 << "X-GitHub-Request-Id: ADC8:C8321:F9E48:13930E:651E6E7C[\r][\n]"
21:52:26.129 [main] DEBUG org.apache.hc.client5.http.wire - http-outgoing-6 << "Content-Encoding: gzip[\r][\n]"
21:52:26.129 [main] DEBUG org.apache.hc.client5.http.wire - http-outgoing-6 << "Accept-Ranges: bytes[\r][\n]"
21:52:26.129 [main] DEBUG org.apache.hc.client5.http.wire - http-outgoing-6 << "Date: Thu, 05 Oct 2023 14:52:26 GMT[\r][\n]"
21:52:26.129 [main] DEBUG org.apache.hc.client5.http.wire - http-outgoing-6 << "Via: 1.1 varnish[\r][\n]"
21:52:26.129 [main] DEBUG org.apache.hc.client5.http.wire - http-outgoing-6 << "X-Served-By: cache-qpg1234-QPG[\r][\n]"
21:52:26.129 [main] DEBUG org.apache.hc.client5.http.wire - http-outgoing-6 << "X-Cache: HIT[\r][\n]"
21:52:26.129 [main] DEBUG org.apache.hc.client5.http.wire - http-outgoing-6 << "X-Cache-Hits: 1[\r][\n]"
21:52:26.129 [main] DEBUG org.apache.hc.client5.http.wire - http-outgoing-6 << "X-Timer: S1696517547.780311,VS0,VE8[\r][\n]"
21:52:26.129 [main] DEBUG org.apache.hc.client5.http.wire - http-outgoing-6 << "Vary: Authorization,Accept-Encoding,Origin[\r][\n]"
21:52:26.129 [main] DEBUG org.apache.hc.client5.http.wire - http-outgoing-6 << "Access-Control-Allow-Origin: *[\r][\n]"
21:52:26.129 [main] DEBUG org.apache.hc.client5.http.wire - http-outgoing-6 << "Cross-Origin-Resource-Policy: cross-origin[\r][\n]"
21:52:26.129 [main] DEBUG org.apache.hc.client5.http.wire - http-outgoing-6 << "X-Fastly-Request-ID: 7df194fd7973286049034a520dcecff874f7083d[\r][\n]"
21:52:26.129 [main] DEBUG org.apache.hc.client5.http.wire - http-outgoing-6 << "Expires: Thu, 05 Oct 2023 14:57:26 GMT[\r][\n]"
21:52:26.129 [main] DEBUG org.apache.hc.client5.http.wire - http-outgoing-6 << "Source-Age: 186[\r][\n]"
21:52:26.129 [main] DEBUG org.apache.hc.client5.http.wire - http-outgoing-6 << "[\r][\n]"
21:52:26.129 [main] DEBUG org.apache.hc.client5.http.headers - http-outgoing-6 << HTTP/1.1 200 OK
21:52:26.129 [main] DEBUG org.apache.hc.client5.http.headers - http-outgoing-6 << Connection: keep-alive
21:52:26.129 [main] DEBUG org.apache.hc.client5.http.headers - http-outgoing-6 << Content-Length: 1625
21:52:26.129 [main] DEBUG org.apache.hc.client5.http.headers - http-outgoing-6 << Cache-Control: max-age=300
21:52:26.129 [main] DEBUG org.apache.hc.client5.http.headers - http-outgoing-6 << Content-Security-Policy: default-src 'none'; style-src 'unsafe-inline'; sandbox
21:52:26.129 [main] DEBUG org.apache.hc.client5.http.headers - http-outgoing-6 << Content-Type: text/plain; charset=utf-8
21:52:26.129 [main] DEBUG org.apache.hc.client5.http.headers - http-outgoing-6 << ETag: W/"51a99ebb5fa30c7285d42b08929913814dd238f6403d61fccadee50390eab957"
21:52:26.129 [main] DEBUG org.apache.hc.client5.http.headers - http-outgoing-6 << Strict-Transport-Security: max-age=31536000
21:52:26.129 [main] DEBUG org.apache.hc.client5.http.headers - http-outgoing-6 << X-Content-Type-Options: nosniff
21:52:26.129 [main] DEBUG org.apache.hc.client5.http.headers - http-outgoing-6 << X-Frame-Options: deny
21:52:26.129 [main] DEBUG org.apache.hc.client5.http.headers - http-outgoing-6 << X-XSS-Protection: 1; mode=block
21:52:26.129 [main] DEBUG org.apache.hc.client5.http.headers - http-outgoing-6 << X-GitHub-Request-Id: ADC8:C8321:F9E48:13930E:651E6E7C
21:52:26.129 [main] DEBUG org.apache.hc.client5.http.headers - http-outgoing-6 << Content-Encoding: gzip
21:52:26.129 [main] DEBUG org.apache.hc.client5.http.headers - http-outgoing-6 << Accept-Ranges: bytes
21:52:26.129 [main] DEBUG org.apache.hc.client5.http.headers - http-outgoing-6 << Date: Thu, 05 Oct 2023 14:52:26 GMT
21:52:26.129 [main] DEBUG org.apache.hc.client5.http.headers - http-outgoing-6 << Via: 1.1 varnish
21:52:26.129 [main] DEBUG org.apache.hc.client5.http.headers - http-outgoing-6 << X-Served-By: cache-qpg1234-QPG
21:52:26.129 [main] DEBUG org.apache.hc.client5.http.headers - http-outgoing-6 << X-Cache: HIT
21:52:26.129 [main] DEBUG org.apache.hc.client5.http.headers - http-outgoing-6 << X-Cache-Hits: 1
21:52:26.129 [main] DEBUG org.apache.hc.client5.http.headers - http-outgoing-6 << X-Timer: S1696517547.780311,VS0,VE8
21:52:26.129 [main] DEBUG org.apache.hc.client5.http.headers - http-outgoing-6 << Vary: Authorization,Accept-Encoding,Origin
21:52:26.129 [main] DEBUG org.apache.hc.client5.http.headers - http-outgoing-6 << Access-Control-Allow-Origin: *
21:52:26.129 [main] DEBUG org.apache.hc.client5.http.headers - http-outgoing-6 << Cross-Origin-Resource-Policy: cross-origin
21:52:26.129 [main] DEBUG org.apache.hc.client5.http.headers - http-outgoing-6 << X-Fastly-Request-ID: 7df194fd7973286049034a520dcecff874f7083d
21:52:26.129 [main] DEBUG org.apache.hc.client5.http.headers - http-outgoing-6 << Expires: Thu, 05 Oct 2023 14:57:26 GMT
21:52:26.129 [main] DEBUG org.apache.hc.client5.http.headers - http-outgoing-6 << Source-Age: 186
21:52:26.130 [main] DEBUG org.apache.hc.client5.http.impl.classic.MainClientExec - ex-0000000B: connection can be kept alive for 3 MINUTES
21:52:26.130 [main] DEBUG org.apache.hc.client5.http.wire - http-outgoing-6 << "[0x1f][0xffffff8b][0x8][0x0][0x0][0x0][0x0][0x0][0x0][0x3][0xffffff8d][0xffffff97]Ko#7[0xc][0xffffffc7][0xffffffef][0xfffffff9][0x14][0x3][0xfffffff4][0x1c]YO[0xffffff8a][\n]"
21:52:26.130 [main] DEBUG org.apache.hc.client5.http.wire - http-outgoing-6 << "[0xffffffa0]K[0xffffff9f][0xffffffa7][0xffffffa2][0xffffff87][0xfffffff6][0xb]x[0xffffffed]Ib[0xffffffac][0xffffffe3][0x9]lg[0xffffffb3][0xffffffe8][0xffffffa7]/[0xfffffff5][0xffffffa0]F[0xffffff96][[0xffffffa0][0xffffff87]`[0xffffff97]?k$[0xffffff92][0xffffffe2]p[0xfffffffe][0xfffffffc]a[0xfffffffa][0xffffffeb][0xfffffff5]p[0xffffff99][0xffffff9e][0xf][0xffffffc7]y[0xffffffda]-[0xffffffa7][0xffffffeb][0xfffffff6]p[0xffffffba]L[0xffffffd7][0xffffffd7]y[0xfffffffa]zZ>O[0xffffffd3][0xfffffffe]|[0xfffffff8]6[0xffffff9f]'[0xfffffffa][0xffffffbb][0x1c][0x16][0xfffffffa]e[0xffffffb7][0xffffffbc][0xffffffbd]o[0xffffffaf][0xffffff87]/[0xffffffb4][0xfffffffa][0xfffffff3]p}[0xffffffcd]+w[0xffffffcb][0xfffffff9]<_[0xffffffde][0xffffff97][0xffffffd3][0xfffffffe]pz[0xffffff99][0xffffffbe][0xffffff9c][0xffffff97][0xffffffcf][0xffffffcb][0xfffffffa][0xffffffc8][0xffffffc3][0xffffffc3][0xf][0xffffffd3][0xffffff8f][0x5]=M[0xffffffbf]-[0xffffffcb][0xb]=[0xfffffff9][0xffffffd3][0xffffffeb]yy[0xffffff9b][0xffffffa7][0xffffffed]i_[0xfffffffe]{[0xfffffff8]x[0xffffff9b][0x1e][0xffffffa7][0xffffff9f][0xfffffff3]QO[0xffffffd3].[0xffffffff]Z[0xe][0xffffffa6][0xffffff87][0xffffffff]\>[0xffffffce][0xffffffbb][0xfffffff9]iz[0xffffffbd]^[0xffffffdf][0xffffff9f]6[0xffffff9b][0xfffffffe]W[0xffffffb1][0xffffffab]O[0xffffff8b][0xffffffe5][0xfffffffc][0xffffffb2][0xffffffd9][0xffffff93][0xffffffbf][0xffffffc7]e[0xffffffbb][0xffffffbf]<[0xffffff94]5J[0xffffffd9]H[0x7f]B[\n]"
21:52:26.130 [main] DEBUG org.apache.hc.client5.http.wire - http-outgoing-6 << "[0xffffffe7][0xffffff8d][0x13]A6n[0xffffff88][0xffffff9b][0xffffffc4][0xffffffc1]k[0x1][0xffffffa6]qM\g[0xffffffae][0xffffff9c][0xffffffb0][0xffffffa1]qE\%[0xffffffee][0xffffffc0][0x8][0xffffffb0][0xffffff8d]K[0xffffffe2]2q[0xffffff8b]Jx[0xffffffcf]\[0xffffff86]H[0x7f][0xffffff99][0xffffffd3][0xfffffff1][0xffffffbe][0xffffffad][0xffffff97]H[0x1c][0x13]7.[0x8][0xffffffaf][0x1a][0xfffffff7][0xffffffc4]}[0xffffffe6][0xffffffd2][\n]"
21:52:26.130 [main] DEBUG org.apache.hc.client5.http.wire - http-outgoing-6 << "[0xffffffd0][0xffffff8d][0x3]qH\[0xffffffdb] `][0xffffffef][0xffffff88][0xffffffbb][0xffffffc4]Up[0xfffffff4]c[0xffffffe3][0x14][0xffffffaf][0xffffffcc][0xfffffff1][0xffffffa6]0|[0xfffffff3]_R[0xffffffbc]2[0xffffffc7]+A[\n]"
21:52:26.130 [main] DEBUG org.apache.hc.client5.http.wire - http-outgoing-6 << "eV[0xffffff87](`[0xffffff99][0x3][0xffffff96][0xffffffb4]_w[0x0][0x5],S[0xffffffc0]68%[0xffffffec][0xffffffca])`[0xffffff99][0x2][0xffffffb6][0x18]@[0x0]'4[0xffffff84][0x18]B[0xffffffa6][0xffffffd6][0xffffffd2][0xffffffd9]L1[0xffffff86][0x14][0xffffffac][0xfffffff5][0xe][0x5][0x1d][0xffffffc3][0xffffffd8][0xffffffc7][0xffffff90]b[0xffffffb5][0x10][0xfffffff4][0xffffff9a][0xffffff83][0x0]1@[0xffffffa6]`[0xffffff85]uL][0xc].S[0xffffff83][0x2]8[0xffffff9e]`c[0xffffffb0][0xffffff99]Rr[0xffffffe8]"[0x19][0xffffff9b][0x18]R[0xffffff90][0xffffffd6]y[0xffffffbf]^j[0xffffffd0]1[0xffffffe8]L[0xffffffe9]J)[0xffffffcb][0xffffff8c]U[0xc]9@K[0x15]@[0xffffffb1]2[0xffffff96]1[0xffffffe4][0xfffffff8][0xffffffac][0xffffff91]Bs[0xffffff9e]0D[0xffffffcc][0xfffffff1][0x19][0xfffffffa]G[0xfffffff3][0xffffffce][0xffffff88][0x11]s|F[[0x11][0xffffff80][0xffffffa9][0xffffff8f][0xffffff98][0xffffffc3][0xffffffd3]([0x5]"S[0xffffff88][0xffffff98][0xffffffc3][0xffffffd3][0xffffff96][0xfffffff6][0xffffffe5]T[0xffffffa0][0xffffff8b][0xffffff98][0xffffffc3]Sh[0x4][0xffffffb2]kh#[0xffffffe6][0xfffffff0][0xffffff94][0xfffffff5][0xffffffc2]p[0xffffff8e][0xffffffd1]D[0xffffffcc][0xffffffd1][0xffffffa5][0xffffff9b]4[0xffffff9c][\n]"
21:52:26.130 [main] DEBUG org.apache.hc.client5.http.wire - http-outgoing-6 << "T[0x11]s[0x18][0xffffff92]2[0xffffffaf]L;NFLa[0xffffff98]@[0xffffffbe]P[0x9]U[0xffffffec]C[0xfffffff4]!c[0xffffffeb][0xffffff84]i[0x14][0xffffffa3][0xffffffc7]L[0xffffffa9]v[0xffffffa8][0xffffffae][0x18][0xfffffffb][0xffffffe8]S [0x6][0xffffff81][0xffffffde][0x5]v[0xffffffc3]C[0xfffffff4][0xffffff90])[0x15][0xffffffb8][0xffffffd2]m[0xf][0x17]}[0xffffff8a][0xffffffc4]xO[0x5][0xffffffb6][0xffffffae][0xffffffb6][0xffffffd1][0xffffffdb][0xffffff8c]5[0xffffffd5]/C[0x13]}[0xffffff8a][0xffffffc4][0x0][0x5][0x4][0xffffffec][0xffffffb2][0xffffffd7]Q[0xffffffd3][0xffffff8d][0xffffffb2][0xffffffa5]n,[0xffffff99],v[0xc]B[0xffffffb2][0xfffffff8]n[0x0][0xffffff93][0xffffffc5][0x19][0x5][0xffffff9f],[0xffffffbe]M[0xffffff80]d[0xffffffb1]3[0xffffffe0][0xffffffc8]j)[0x2][0xffffff9b],[0xffffffce]9[0xffffff98]d[0xfffffff1]y[0xffffff90]|1[0xffffffed][0xffffffbc][0xffffffe4]K{g [0xfffffff9]b[0xffffffcc]MW[0xfffffffb]}[0xfffffff9][0xfffffffb]p<n[0xffffffa7]_[0xf][0xffffffe7][0xfffffff9]y[0xfffffff9][0xffffffde][0xffffffb5][0xffffffb2][0xffffff97]y[0xfffffff7]u[0xfffffff9][0xffffffd7]Nv[0xffffffa1]V[0xfffffff6]B[\r][0xfffffff4][0xffffffe3][0xffffff8b][0xffffffa0][0xffffff96][0xffffffba]y+[l[0xffffffba][0x7]6[0xffffffe7][0xfffffff9]8o/[0xfffffff3][0xffffffe5][0xffffffe1][0xffffffb9][0xffffffec][0xffffffab][0x14]FJ[0x1b][0xffffffe5]n%[0xfffffffe][0xffffff8e][0xffffffc0][0x1d]qw[0xffffffc4][0xffffffde][0x11]sG[0xfffffff4][0x1d]QwD&[0xffffffa2][0xffffff85]n[0xffffff84]:_&[0xffffffeb][0x1a][0xffffff89]w[0xffffffc4][0xffffffdf][0x11][0xffffffb8]#[0xffffffee][0xffffff8e]d[0xffffff9f]UO[0xffffffcc][0x1d][0xffffffd1]wD[0xffffffdd][0x11]9[0xffffff90][0x10]F[0xffffff80]#[0xfffffff0]#[0xffffff80][0x11][0xffffffb8][0x11][0xffffff8c][0xffffffde][0xffffff86][0xffffffd1][0xffffffd9]0[0xfffffffa][0x1a]FWC[0xfffffff2][0xffffff94][0xffffffde][0xffffff9b][0xe][0xffffff88][0xffffffe3][0xffffffe1][0xfffffff4][0xfffffff1][0xffffffbd]`[0xffffffc5][0x18][0xffffffc3][0xffffffb0][0xe]q[0x4]~[0x4]0[0x2]7[0x2];[0xffffff82][0x14][0xffffff80][0xffffffc6][0xe][0xffffffe8][0x11][0xffffffa4][0x0][0xffffffb4][0xffffffef][0xffffff80][0x1c][0xffffff80][0xf]#[0xffffffc8][0xffffff9e]B[0x7][0xfffffffc][0x8]`[0x4]n[0x4]v[0x4]f[0x4]z[0x4]j[0x4]r[0x0][0x10]F[0xffffff90]=u[0x1d][0xffffffc8][0xffffff9e][0xffffffda][0xe][0xffffffc0][0x8][0xffffffdc][0x8][0xffffffb2][0xffffffa7][0xffffffdd][0xb][0x4]f[0x4][0xffffffd9][0xffffffd3][0xffffffae][0xffffffec]!{[0xffffffda][0x15][0x5][0xffffffc8][0x1][0xffffffb8]0[0x2][0x1c][0xffffff81][0x1f]A[0xfffffff6]Tv[0xffffffc0]1[0xffffffe8][0xffffffbb][0xffffffda][0x1f][0xffffffef][0xfffffff3]y[0xffffffdb][0xfffffff5][0xffffffb2]%[0xffffffd9][0xffffffff][0xffffffa7][0xffffff97][0xffffffe5][0xffffff85][0xffffff97][0xffffffe5][0xfffffff9][0xfffffffa][0xffffffb9]=[0xffffffcf][0xffffffc5]b[0xffffff9d]6v[0xffffffb6][0xfffffffc]c[0xffffffd6]'*[0xffffffeb][0xffffff9f]@[0xffffffdf]ye4[0xfffffff3][0xffffffa4][0xffffffc7][0xffffffb2][0xfffffffe]A[0xfffffffa]`[0x5][0xffffffcf]8[0xffffffc9][0xffffffb1],[0x7f]<[0xffffffbd][0x12][0xffffff8a]4D[0xffffffe5][0xffffffb2][0xffffff97]{[0xffffffd4][0xffffff9d][\n]"
21:52:26.130 [main] DEBUG org.apache.hc.client5.http.wire - http-outgoing-6 << "[0xffffffa7][0x17][0xffffffbc]S{J[0xffffffd7]m[0xffffffe8]5[0xffffffef][0xffffffc4][0x1e]2[0xfffffff5]7R[0xffffffcf]U[\n]"
21:52:26.130 [main] DEBUG org.apache.hc.client5.http.wire - http-outgoing-6 << "[0xffffffbd][0xffffffd0][0xffffffa3][0xffffff83]*v[0xffffffbd][0xffffffce]S[0xffffff9a][0xffffffb1][0xffffffed]e^[0x8][0xffffff95][0xffffff9a]^[0xffffffe4][0xffffff91]2(T[0xfffffff7][0x12]O)^[0xffffffac]z[0xffffff85][0xffffff97][0xffffffc4]S[0xffffffc1][0xffffffb2][0x17]xX[0x3][0xffffffc7][0xffffffd0][0xffffffcb];[0xffffff80]Jq[0xffffffd0]v[0xffffff85][0xfffffffa]^[0xffffffd9][0xffffff91][0xffffff94]-[0x14]z][0xffffffd7]RD][0xffffffe1]F[0xffffffd7][0x15]h;Y[0xffffff87][0xffffffd5]1[0xffffffea][0xe]7[0xffffffa2][0xffffffae]@}[0xffffffab][0xffffffe9][\n]"
21:52:26.130 [main] DEBUG org.apache.hc.client5.http.wire - http-outgoing-6 << "T[0xffffff9d][0xffffffa4]s|[0xffffffbe][0xffffffec][0x14][0x1d][0xffffffbb]J[0xffffffdd][0xffffffe2]F[0xffffffcf][0x15][0xffffff88][0xffffff83][0xffffff9c]+[0xffffffd4]wj[0xffffffce]3[0xffffff84]N[0xffffffcb]a=[0xffffff9e][0xffffffda][0xffffffc7]*[0xffffffe5][0xffffffd8]{j![0xffffffab][0xffffff92][0xffffffa3][0x4]Wj:%[0x7][0xffffffbc][0xffffffa9][0xffffffee][0xffffff84][0x1c][0xffffffd6][0xb][0xffffffa7]~[0xffffffb2][0xffffffea][0xffffffb8]vY[0xffffffd4]TV[0x1d][0xffffff87][0xfffffff5]b[0xffffffa9][0xffffffb1][0xffffffac]2[0xffffff8e]+[0xffffff9a][0xffffff9a]K[0xffffffa7][0xffffffe2]T[\r][0xffffff95]:L/[0xffffffe2][0xffffffea]Y[0xffffffd4]fV[\r][0xffffffe7]yW[0xffffffd7]I8.ej7[0xffffffab][0xffffff80]k[0xffffffc5]I=[0xffffffa7][0x13]p[0xfffffffc][0xffffffaa]Q[0xffffffe3][0xffffffe9][0xfffffff4][;[0xffffffab][0xffffffea][0xffffffae]l[0xffffffb8][0xffffffd0][0x1b]Uu[0x15][0xffffffa3][0xffffff8a][0xffffffae]bT[0xffffffcd]U[0xffffff8c]*[0xffffffb9][0xffffff8a]Q[0x15]W1[0xffffffaa][0xffffffe0]*F[0xffffffd5][[0xffffffc5]PE`[0x15]Cv[0xffffff86]M[0x1e][0xffffffb0][0xffffffc7]6y`[0xffffffea]96y[0xffffffa0]k2,[0x14][0xffffffe3]F[0xffffffa1][0x1d]v[0xffffffe7]%[0xffffffb5][0xffffffa4][0xffffffe9][0xffffff97][0xfffffffd][0xffffffcb][0xffffffdc]5[0xffffffb5][0xffffffb7][0xffffffcb]L[0xffffffe0]?[0xffffffbb][0xffffffda]~[0xfffffffe]6[0x1f][0xffffffd3][0xffffffae][0xffffffe2][0xffffff8d]w[0xffffffc8]-n>=~\6[0xffffff8d]=[0xffffffa6]M6[0xffffffd7]e9^6[0xffffff9f][0xfffffff3][0xffffff97][0xffffffda][0xffffffe5][0x1e][0x12]][0xffffff87]P[0xffffff85][0xffffffd4][0xffffffea][0x15]V[0xffffffca]#[0xffffffa8][0xfffffff2][0xffffffa4][0xffffff90])[0xffffff93][0xffffff85][0xfffffff2][0x0][0xffffffaa][0xffffffbc][0xffffffce][0xffffff85]\([0xffffff8f][0xffffff9f][\n]"
21:52:26.130 [main] DEBUG org.apache.hc.client5.http.wire - http-outgoing-6 << "@[0xffffffa5][0xfffffff1][0xffffffb0]P[0x1e]>[0xffffff95][0xffffffa3][0xfffffffa][0xffffffa0][0xffffffec]e[0xffffffda]FO[0xffffffe5][0x14][\n]"
21:52:26.130 [main] DEBUG org.apache.hc.client5.http.wire - http-outgoing-6 << "_Ok[0xffffff83][0xffffffa7][0xffffffb2]@[0xfffffffb]B[0xffffffa5]<v[0xffffff92]`O[0x1f][0xffffffe5][0x2]y[0xffffffe6]T[0xffffffc6][0xffffffa7]O`[0xffffffa5]<q[0xffffffd2][0xfffffff0]h[0xffffffa8][0xffffff83]U[0xffffffca][0xfffffff3][0xffffffa6][0xffffffd2][0xfffffff4][0xffffffa6]z[0xffffffde][0xffffff81][0xffffffa7]M[0x1a][0xf]l[0xb][0xffffffa2][0xffffff8d][0xffffff9a]JS[0xffffffe1][0xffffff92]|/"
21:52:26.131 [main] DEBUG org.apache.hc.client5.http.wire - http-outgoing-6 << "[0xffffff94][0x7]M[0xffffffa5][0xffffff95]\[0xfffffff7][0xffffffe5]1[0xffffff93][0x14][0xffffffaf]K[0xffffffc3]N[0xffffffa2]<dR[0xffffffeb]O[0xffffff8d][0xffffffa2][0xffffffb0]:b[0xffffffaa][0x14]]M[0xc][0xffffffcf][0xffffff97][0x14][0xffffff9a]n[0xffffffac]N[0xffffff97][0x14][0xffffff83]m[0xffffffac][0xffffffce][0xffffff96][0xffffffe4]U;[0xffffff99]'[0xffffffcb]@=[0xffffffc6][0xffffffa8][0xffffff82][0xffffffea]T[0x19]([0xfffffff5][0xffffffa6][0xffffffae][0xffffffaa]#e[0xffffff90][0xffffffeb][0x1]u[0xffffff9c][0xffffffc4][0xffffffd4][0xffffffe9][0xffffffea][0xffffff83]u[0xffffff94]D[\n]"
21:52:26.131 [main] DEBUG org.apache.hc.client5.http.wire - http-outgoing-6 << "[0xffffffac][0x10][0x1e]#[0xffffffd3][0xffffff8d][0xffffff97][0xffffff8b][0xffffffe1][0x11][0xffffffd2]Sn[0xffffffeb]c<?[0x2][0xffffff84]z%<;[0x2][0xffffff95][0x4][0xffffff94]\[0xfffffff0][0xffffffe0][0xffffffe8]R[0xffffff82][0xffffffeb][0xffffffaa]:5[0xffffffba][0xffffffac]82[0xffffffe1][0xffffff89][0xffffff91]Z[0xffffff83][0xffffffab][0xffffffe7]Q[0xfffffff7]*[0xffffffdd]3[0xffffffb0]O<@[0xffffffd2]w[0xffffffb6]^U[0x1b][0x1e])b[0xffffffaa][0xffffffbb][0xffffffcc][0xffffffda][0xffffffe4][0xffffff98]j[0xffffffb6][0xffffff90]:5j[0xffffffcf][0xffffffa5][0xffffffc3][0x3][0xffffffa3]6[0xffffff8d][0xffffffd4]a1[0xffffffb5][0xffffffc5]J[0xffffffea][0xffffff9c][0xffffffa8][0xc][\r][0xffffffd2][0x5]Y[0x1b][0xffffffdf][0xffffffcf][0xfffffff3][0xffffffe3][0xffffffe1]t[0xffffffb9]n[0xffffff8f][0xffffffc7]y_[0xffffffa0][0xffffff8e][0xffffff90][0xffffffbe][0xffffffec][0xffffffa6][0xffffffd4][0xffffff89]U[0xffffff91]Z[0x18][0xffffffe8]P[0xffffffc2][0xffffffb7]2R[0xffffff9f][0xffffffa4][0xffffffaf]][0xffffffb9][0xf][0xffffff83][0xffffff91]^,kB1uj:t[0xffffffd3]XjDS1[0xffffffa5]K[0xffffffa6][0xffffff9e][0xfffffff4][0xf][0x3][0x1][0xffffffec][0xffffffa6][0xffffffeb][0x12][0x0][0x0]"
21:52:26.131 [main] DEBUG org.apache.hc.client5.http.impl.classic.InternalHttpClient - ep-0000000A: releasing valid endpoint
21:52:26.131 [main] DEBUG org.apache.hc.client5.http.impl.io.PoolingHttpClientConnectionManager - ep-0000000A: releasing endpoint
21:52:26.131 [main] DEBUG org.apache.hc.client5.http.impl.io.PoolingHttpClientConnectionManager - ep-0000000A: connection http-outgoing-6 can be kept alive for 3 MINUTES
21:52:26.131 [main] DEBUG org.apache.hc.client5.http.impl.io.PoolingHttpClientConnectionManager - ep-0000000A: connection released [route: {s}->https://raw.githubusercontent.com:443][total available: 1; route allocated: 1 of 5; total allocated: 2 of 25]
21:52:26.131 [main] DEBUG io.github.bonigarcia.wdm.versions.VersionDetector - Driver for chrome117 not found in online properties (using local versions.properties)
21:52:26.132 [main] DEBUG io.github.bonigarcia.wdm.WebDriverManager - The driver version for CHROME 117 is unknown ... trying with latest
21:52:26.135 [main] DEBUG org.apache.hc.client5.http.impl.classic.InternalHttpClient - ex-0000000C: preparing request execution
21:52:26.135 [main] DEBUG org.apache.hc.client5.http.protocol.RequestAddCookies - Cookie spec selected: strict
21:52:26.135 [main] DEBUG org.apache.hc.client5.http.protocol.RequestAuthCache - Auth cache not set in the context
21:52:26.135 [main] DEBUG org.apache.hc.client5.http.impl.classic.ProtocolExec - ex-0000000C: target auth state: UNCHALLENGED
21:52:26.135 [main] DEBUG org.apache.hc.client5.http.impl.classic.ProtocolExec - ex-0000000C: proxy auth state: UNCHALLENGED
21:52:26.135 [main] DEBUG org.apache.hc.client5.http.impl.classic.ConnectExec - ex-0000000C: acquiring connection with route {s}->https://chromedriver.storage.googleapis.com:443
21:52:26.135 [main] DEBUG org.apache.hc.client5.http.impl.classic.InternalHttpClient - ex-0000000C: acquiring endpoint (3 MINUTES)
21:52:26.135 [main] DEBUG org.apache.hc.client5.http.impl.io.PoolingHttpClientConnectionManager - ex-0000000C: endpoint lease request (3 MINUTES) [route: {s}->https://chromedriver.storage.googleapis.com:443][total available: 1; route allocated: 1 of 5; total allocated: 2 of 25]
21:52:26.135 [main] DEBUG org.apache.hc.client5.http.impl.io.PoolingHttpClientConnectionManager - ex-0000000C: endpoint leased [route: {s}->https://chromedriver.storage.googleapis.com:443][total available: 1; route allocated: 2 of 5; total allocated: 3 of 25]
21:52:26.135 [main] DEBUG org.apache.hc.client5.http.impl.io.PoolingHttpClientConnectionManager - ex-0000000C: acquired ep-0000000B
21:52:26.135 [main] DEBUG org.apache.hc.client5.http.impl.classic.InternalHttpClient - ex-0000000C: acquired endpoint ep-0000000B
21:52:26.135 [main] DEBUG org.apache.hc.client5.http.impl.classic.ConnectExec - ex-0000000C: opening connection {s}->https://chromedriver.storage.googleapis.com:443
21:52:26.135 [main] DEBUG org.apache.hc.client5.http.impl.classic.InternalHttpClient - ep-0000000B: connecting endpoint (30 SECONDS)
21:52:26.135 [main] DEBUG org.apache.hc.client5.http.impl.io.PoolingHttpClientConnectionManager - ep-0000000B: connecting endpoint to https://chromedriver.storage.googleapis.com:443 (30 SECONDS)
21:52:26.136 [main] DEBUG org.apache.hc.client5.http.impl.io.DefaultHttpClientConnectionOperator - http-outgoing-8: connecting to chromedriver.storage.googleapis.com/142.251.223.27:443
21:52:26.136 [main] DEBUG org.apache.hc.client5.http.ssl.SSLConnectionSocketFactory - Connecting socket to chromedriver.storage.googleapis.com/142.251.223.27:443 with timeout 30 SECONDS
21:52:26.160 [main] DEBUG org.apache.hc.client5.http.ssl.SSLConnectionSocketFactory - Enabled protocols: [TLSv1.3, TLSv1.2]
21:52:26.160 [main] DEBUG org.apache.hc.client5.http.ssl.SSLConnectionSocketFactory - Enabled cipher suites: [TLS_AES_256_GCM_SHA384, TLS_AES_128_GCM_SHA256, TLS_CHACHA20_POLY1305_SHA256, TLS_ECDHE_ECDSA_WITH_AES_256_GCM_SHA384, TLS_ECDHE_ECDSA_WITH_AES_128_GCM_SHA256, TLS_ECDHE_ECDSA_WITH_CHACHA20_POLY1305_SHA256, TLS_ECDHE_RSA_WITH_AES_256_GCM_SHA384, TLS_ECDHE_RSA_WITH_CHACHA20_POLY1305_SHA256, TLS_ECDHE_RSA_WITH_AES_128_GCM_SHA256, TLS_DHE_RSA_WITH_AES_256_GCM_SHA384, TLS_DHE_RSA_WITH_CHACHA20_POLY1305_SHA256, TLS_DHE_DSS_WITH_AES_256_GCM_SHA384, TLS_DHE_RSA_WITH_AES_128_GCM_SHA256, TLS_DHE_DSS_WITH_AES_128_GCM_SHA256, TLS_ECDHE_ECDSA_WITH_AES_256_CBC_SHA384, TLS_ECDHE_RSA_WITH_AES_256_CBC_SHA384, TLS_ECDHE_ECDSA_WITH_AES_128_CBC_SHA256, TLS_ECDHE_RSA_WITH_AES_128_CBC_SHA256, TLS_DHE_RSA_WITH_AES_256_CBC_SHA256, TLS_DHE_DSS_WITH_AES_256_CBC_SHA256, TLS_DHE_RSA_WITH_AES_128_CBC_SHA256, TLS_DHE_DSS_WITH_AES_128_CBC_SHA256, TLS_ECDH_ECDSA_WITH_AES_256_GCM_SHA384, TLS_ECDH_RSA_WITH_AES_256_GCM_SHA384, TLS_ECDH_ECDSA_WITH_AES_128_GCM_SHA256, TLS_ECDH_RSA_WITH_AES_128_GCM_SHA256, TLS_ECDH_ECDSA_WITH_AES_256_CBC_SHA384, TLS_ECDH_RSA_WITH_AES_256_CBC_SHA384, TLS_ECDH_ECDSA_WITH_AES_128_CBC_SHA256, TLS_ECDH_RSA_WITH_AES_128_CBC_SHA256, TLS_ECDHE_ECDSA_WITH_AES_256_CBC_SHA, TLS_ECDHE_RSA_WITH_AES_256_CBC_SHA, TLS_ECDHE_ECDSA_WITH_AES_128_CBC_SHA, TLS_ECDHE_RSA_WITH_AES_128_CBC_SHA, TLS_DHE_RSA_WITH_AES_256_CBC_SHA, TLS_DHE_DSS_WITH_AES_256_CBC_SHA, TLS_DHE_RSA_WITH_AES_128_CBC_SHA, TLS_DHE_DSS_WITH_AES_128_CBC_SHA, TLS_ECDH_ECDSA_WITH_AES_256_CBC_SHA, TLS_ECDH_RSA_WITH_AES_256_CBC_SHA, TLS_ECDH_ECDSA_WITH_AES_128_CBC_SHA, TLS_ECDH_RSA_WITH_AES_128_CBC_SHA, TLS_RSA_WITH_AES_256_GCM_SHA384, TLS_RSA_WITH_AES_128_GCM_SHA256, TLS_RSA_WITH_AES_256_CBC_SHA256, TLS_RSA_WITH_AES_128_CBC_SHA256, TLS_RSA_WITH_AES_256_CBC_SHA, TLS_RSA_WITH_AES_128_CBC_SHA, TLS_EMPTY_RENEGOTIATION_INFO_SCSV]
21:52:26.160 [main] DEBUG org.apache.hc.client5.http.ssl.SSLConnectionSocketFactory - Starting handshake
21:52:26.215 [main] DEBUG org.apache.hc.client5.http.ssl.SSLConnectionSocketFactory - Secure session established
21:52:26.215 [main] DEBUG org.apache.hc.client5.http.ssl.SSLConnectionSocketFactory -  negotiated protocol: TLSv1.3
21:52:26.215 [main] DEBUG org.apache.hc.client5.http.ssl.SSLConnectionSocketFactory -  negotiated cipher suite: TLS_AES_256_GCM_SHA384
21:52:26.215 [main] DEBUG org.apache.hc.client5.http.ssl.SSLConnectionSocketFactory -  peer principal: CN=*.storage.googleapis.com
21:52:26.215 [main] DEBUG org.apache.hc.client5.http.ssl.SSLConnectionSocketFactory -  peer alternative names: [*.storage.googleapis.com, *.googleapis.com, commondatastorage.googleapis.com, *.commondatastorage.googleapis.com, storage.googleapis.com, storage-p2.googleapis.com, *.storage-p2.googleapis.com, storage.mtls.googleapis.com, *.appspot.com.storage.googleapis.com, *.content-storage.googleapis.com, *.content-storage-p2.googleapis.com, *.content-storage-upload.googleapis.com, *.content-storage-download.googleapis.com, *.storage-upload.googleapis.com, *.storage-download.googleapis.com]
21:52:26.215 [main] DEBUG org.apache.hc.client5.http.ssl.SSLConnectionSocketFactory -  issuer principal: CN=GTS CA 1C3, O=Google Trust Services LLC, C=US
21:52:26.215 [main] DEBUG org.apache.hc.client5.http.impl.io.DefaultHttpClientConnectionOperator - http-outgoing-8: connection established 192.168.100.42:62352<->142.251.223.27:443
21:52:26.216 [main] DEBUG org.apache.hc.client5.http.impl.io.PoolingHttpClientConnectionManager - ep-0000000B: connected http-outgoing-8
21:52:26.216 [main] DEBUG org.apache.hc.client5.http.impl.classic.InternalHttpClient - ep-0000000B: endpoint connected
21:52:26.216 [main] DEBUG org.apache.hc.client5.http.impl.classic.MainClientExec - ex-0000000C: executing GET /LATEST_RELEASE HTTP/1.1
21:52:26.216 [main] DEBUG org.apache.hc.client5.http.impl.classic.InternalHttpClient - ep-0000000B: start execution ex-0000000C
21:52:26.216 [main] DEBUG org.apache.hc.client5.http.impl.io.PoolingHttpClientConnectionManager - ep-0000000B: executing exchange ex-0000000C over http-outgoing-8
21:52:26.216 [main] DEBUG org.apache.hc.client5.http.headers - http-outgoing-8 >> GET /LATEST_RELEASE HTTP/1.1
21:52:26.216 [main] DEBUG org.apache.hc.client5.http.headers - http-outgoing-8 >> user-agent: Apache-HttpClient/5.0
21:52:26.216 [main] DEBUG org.apache.hc.client5.http.headers - http-outgoing-8 >> accept-encoding: gzip, deflate, br
21:52:26.216 [main] DEBUG org.apache.hc.client5.http.headers - http-outgoing-8 >> cache-control: max-age=0
21:52:26.216 [main] DEBUG org.apache.hc.client5.http.headers - http-outgoing-8 >> connection: keep-alive
21:52:26.216 [main] DEBUG org.apache.hc.client5.http.headers - http-outgoing-8 >> Host: chromedriver.storage.googleapis.com
21:52:26.216 [main] DEBUG org.apache.hc.client5.http.wire - http-outgoing-8 >> "GET /LATEST_RELEASE HTTP/1.1[\r][\n]"
21:52:26.216 [main] DEBUG org.apache.hc.client5.http.wire - http-outgoing-8 >> "user-agent: Apache-HttpClient/5.0[\r][\n]"
21:52:26.216 [main] DEBUG org.apache.hc.client5.http.wire - http-outgoing-8 >> "accept-encoding: gzip, deflate, br[\r][\n]"
21:52:26.216 [main] DEBUG org.apache.hc.client5.http.wire - http-outgoing-8 >> "cache-control: max-age=0[\r][\n]"
21:52:26.216 [main] DEBUG org.apache.hc.client5.http.wire - http-outgoing-8 >> "connection: keep-alive[\r][\n]"
21:52:26.216 [main] DEBUG org.apache.hc.client5.http.wire - http-outgoing-8 >> "Host: chromedriver.storage.googleapis.com[\r][\n]"
21:52:26.216 [main] DEBUG org.apache.hc.client5.http.wire - http-outgoing-8 >> "[\r][\n]"
21:52:26.267 [main] DEBUG org.apache.hc.client5.http.wire - http-outgoing-8 << "HTTP/1.1 200 OK[\r][\n]"
21:52:26.267 [main] DEBUG org.apache.hc.client5.http.wire - http-outgoing-8 << "X-GUploader-UploadID: ADPycdu2SI0-Tfa0cJc1elVCPBHF_UX33M7wxrDU9ocywLgW4JP2TYx50rKx5ZOl3BRM2ol1WGjDHEsD2a0aVd0k0obQuGY2b-XX[\r][\n]"
21:52:26.267 [main] DEBUG org.apache.hc.client5.http.wire - http-outgoing-8 << "x-goog-generation: 1685523462105569[\r][\n]"
21:52:26.267 [main] DEBUG org.apache.hc.client5.http.wire - http-outgoing-8 << "x-goog-metageneration: 1[\r][\n]"
21:52:26.267 [main] DEBUG org.apache.hc.client5.http.wire - http-outgoing-8 << "x-goog-stored-content-encoding: identity[\r][\n]"
21:52:26.267 [main] DEBUG org.apache.hc.client5.http.wire - http-outgoing-8 << "x-goog-stored-content-length: 13[\r][\n]"
21:52:26.267 [main] DEBUG org.apache.hc.client5.http.wire - http-outgoing-8 << "x-goog-hash: crc32c=tVW4TA==[\r][\n]"
21:52:26.267 [main] DEBUG org.apache.hc.client5.http.wire - http-outgoing-8 << "x-goog-hash: md5=NoaEuIlBlniwTkiZ1T16sA==[\r][\n]"
21:52:26.267 [main] DEBUG org.apache.hc.client5.http.wire - http-outgoing-8 << "x-goog-storage-class: STANDARD[\r][\n]"
21:52:26.267 [main] DEBUG org.apache.hc.client5.http.wire - http-outgoing-8 << "Accept-Ranges: bytes[\r][\n]"
21:52:26.267 [main] DEBUG org.apache.hc.client5.http.wire - http-outgoing-8 << "Content-Length: 13[\r][\n]"
21:52:26.267 [main] DEBUG org.apache.hc.client5.http.wire - http-outgoing-8 << "Server: UploadServer[\r][\n]"
21:52:26.267 [main] DEBUG org.apache.hc.client5.http.wire - http-outgoing-8 << "Date: Thu, 05 Oct 2023 14:28:12 GMT[\r][\n]"
21:52:26.267 [main] DEBUG org.apache.hc.client5.http.wire - http-outgoing-8 << "Expires: Thu, 05 Oct 2023 15:28:12 GMT[\r][\n]"
21:52:26.267 [main] DEBUG org.apache.hc.client5.http.wire - http-outgoing-8 << "Cache-Control: public, max-age=3600[\r][\n]"
21:52:26.267 [main] DEBUG org.apache.hc.client5.http.wire - http-outgoing-8 << "Age: 1454[\r][\n]"
21:52:26.267 [main] DEBUG org.apache.hc.client5.http.wire - http-outgoing-8 << "Last-Modified: Wed, 31 May 2023 08:57:42 GMT[\r][\n]"
21:52:26.267 [main] DEBUG org.apache.hc.client5.http.wire - http-outgoing-8 << "ETag: "368684b889419678b04e4899d53d7ab0"[\r][\n]"
21:52:26.267 [main] DEBUG org.apache.hc.client5.http.wire - http-outgoing-8 << "Content-Type: text/plain[\r][\n]"
21:52:26.267 [main] DEBUG org.apache.hc.client5.http.wire - http-outgoing-8 << "Alt-Svc: h3=":443"; ma=2592000,h3-29=":443"; ma=2592000[\r][\n]"
21:52:26.267 [main] DEBUG org.apache.hc.client5.http.wire - http-outgoing-8 << "[\r][\n]"
21:52:26.267 [main] DEBUG org.apache.hc.client5.http.wire - http-outgoing-8 << "114.0.5735.90"
21:52:26.268 [main] DEBUG org.apache.hc.client5.http.headers - http-outgoing-8 << HTTP/1.1 200 OK
21:52:26.268 [main] DEBUG org.apache.hc.client5.http.headers - http-outgoing-8 << X-GUploader-UploadID: ADPycdu2SI0-Tfa0cJc1elVCPBHF_UX33M7wxrDU9ocywLgW4JP2TYx50rKx5ZOl3BRM2ol1WGjDHEsD2a0aVd0k0obQuGY2b-XX
21:52:26.268 [main] DEBUG org.apache.hc.client5.http.headers - http-outgoing-8 << x-goog-generation: 1685523462105569
21:52:26.268 [main] DEBUG org.apache.hc.client5.http.headers - http-outgoing-8 << x-goog-metageneration: 1
21:52:26.268 [main] DEBUG org.apache.hc.client5.http.headers - http-outgoing-8 << x-goog-stored-content-encoding: identity
21:52:26.268 [main] DEBUG org.apache.hc.client5.http.headers - http-outgoing-8 << x-goog-stored-content-length: 13
21:52:26.268 [main] DEBUG org.apache.hc.client5.http.headers - http-outgoing-8 << x-goog-hash: crc32c=tVW4TA==
21:52:26.268 [main] DEBUG org.apache.hc.client5.http.headers - http-outgoing-8 << x-goog-hash: md5=NoaEuIlBlniwTkiZ1T16sA==
21:52:26.268 [main] DEBUG org.apache.hc.client5.http.headers - http-outgoing-8 << x-goog-storage-class: STANDARD
21:52:26.268 [main] DEBUG org.apache.hc.client5.http.headers - http-outgoing-8 << Accept-Ranges: bytes
21:52:26.268 [main] DEBUG org.apache.hc.client5.http.headers - http-outgoing-8 << Content-Length: 13
21:52:26.268 [main] DEBUG org.apache.hc.client5.http.headers - http-outgoing-8 << Server: UploadServer
21:52:26.268 [main] DEBUG org.apache.hc.client5.http.headers - http-outgoing-8 << Date: Thu, 05 Oct 2023 14:28:12 GMT
21:52:26.268 [main] DEBUG org.apache.hc.client5.http.headers - http-outgoing-8 << Expires: Thu, 05 Oct 2023 15:28:12 GMT
21:52:26.268 [main] DEBUG org.apache.hc.client5.http.headers - http-outgoing-8 << Cache-Control: public, max-age=3600
21:52:26.268 [main] DEBUG org.apache.hc.client5.http.headers - http-outgoing-8 << Age: 1454
21:52:26.268 [main] DEBUG org.apache.hc.client5.http.headers - http-outgoing-8 << Last-Modified: Wed, 31 May 2023 08:57:42 GMT
21:52:26.268 [main] DEBUG org.apache.hc.client5.http.headers - http-outgoing-8 << ETag: "368684b889419678b04e4899d53d7ab0"
21:52:26.268 [main] DEBUG org.apache.hc.client5.http.headers - http-outgoing-8 << Content-Type: text/plain
21:52:26.268 [main] DEBUG org.apache.hc.client5.http.headers - http-outgoing-8 << Alt-Svc: h3=":443"; ma=2592000,h3-29=":443"; ma=2592000
21:52:26.268 [main] DEBUG org.apache.hc.client5.http.impl.classic.MainClientExec - ex-0000000C: connection can be kept alive for 3 MINUTES
21:52:26.268 [main] DEBUG org.apache.hc.client5.http.impl.classic.InternalHttpClient - ep-0000000B: releasing valid endpoint
21:52:26.268 [main] DEBUG org.apache.hc.client5.http.impl.io.PoolingHttpClientConnectionManager - ep-0000000B: releasing endpoint
21:52:26.268 [main] DEBUG org.apache.hc.client5.http.impl.io.PoolingHttpClientConnectionManager - ep-0000000B: connection http-outgoing-8 can be kept alive for 3 MINUTES
21:52:26.269 [main] DEBUG org.apache.hc.client5.http.impl.io.PoolingHttpClientConnectionManager - ep-0000000B: connection released [route: {s}->https://chromedriver.storage.googleapis.com:443][total available: 2; route allocated: 2 of 5; total allocated: 3 of 25]
21:52:26.269 [main] DEBUG io.github.bonigarcia.wdm.versions.VersionDetector - Latest version of chromedriver according to https://chromedriver.storage.googleapis.com/LATEST_RELEASE is 114.0.5735.90
21:52:26.271 [main] DEBUG io.github.bonigarcia.wdm.WebDriverManager - Driver chromedriver 114.0.5735.90 found in cache
21:52:26.272 [main] INFO io.github.bonigarcia.wdm.WebDriverManager - Exporting webdriver.chrome.driver as C:\Users\Bagas Dwi Saputra\.cache\selenium\chromedriver\win32\114.0.5735.90\chromedriver.exe
21:52:26.415 [main] DEBUG net.thucydides.core.reflection.ClassFinder - Could not load class net.serenitybdd.rest.utils.RestSpecificationFactory
21:52:26.616 [main] DEBUG net.thucydides.core.reflection.ClassFinder - Could not load class net.serenitybdd.rest.utils.RestSpecificationFactory
21:52:26.618 [main] INFO net.serenitybdd.core.webdriver.driverproviders.ProvideNewDriver - Instantiating driver
21:52:26.618 [main] INFO net.serenitybdd.core.webdriver.driverproviders.ProvideNewDriver - Driver capabilities: Capabilities {acceptInsecureCerts: false, base.url: https://app.jubelio.com, browserName: chrome, chrome.driver: src/test/resources/webdrive..., driver: chrome, goog:chromeOptions: {args: [], extensions: []}, loggingPrefs: org.openqa.selenium.logging...}
21:52:27.951 [main] DEBUG net.thucydides.core.reflection.ClassFinder - Could not load class net.serenitybdd.rest.utils.RestSpecificationFactory
21:52:31.150 [main] DEBUG net.serenitybdd.core.photography.Darkroom - Send negative for processing for target\site\serenity\f05427e2f53ac8e85f85f1bbc481385d3d272bf91780dd0e2b264eefbb918de2.png
21:52:31.151 [main] DEBUG net.thucydides.core.steps.StepInterceptor - STEP DONE: openLink
21:52:31.154 [main] DEBUG net.thucydides.core.steps.StepInterceptor - STARTING STEP: InventoryStockSteps.loginClickButtonLogin - fills in the {string} with valid data email
21:52:31.415 [main] DEBUG net.serenitybdd.core.photography.Darkroom - Send negative for processing for target\site\serenity\29d3e9f166cf597135c97994c9ce45464a7cb63e7c1b11511a227ba5e21a0a13.png
21:52:31.415 [main] DEBUG net.thucydides.core.steps.StepInterceptor - STEP DONE: fills in the {string} with valid data email
21:52:31.421 [main] DEBUG net.thucydides.core.steps.StepInterceptor - STARTING STEP: InventoryStockSteps.loginClickButtonLogin - fill in the {string} with valid data pass
21:52:31.730 [main] DEBUG net.serenitybdd.core.photography.Darkroom - Send negative for processing for target\site\serenity\c329e2aa7acc6bebec8dee02e691eabfa411f3a2074f31626b773d6636c0da8b.png
21:52:31.730 [main] DEBUG net.thucydides.core.steps.StepInterceptor - STEP DONE: fill in the {string} with valid data pass
21:52:31.731 [Darkroom Processing Line] DEBUG net.serenitybdd.core.photography.DarkroomProcessingLine - Processing screenshot image in /var/screenshots/screenshot-3999363503681958498
21:52:31.731 [Darkroom Processing Line] DEBUG net.serenitybdd.core.photography.DarkroomProcessingLine - Saving screenshot to target\site\serenity\c329e2aa7acc6bebec8dee02e691eabfa411f3a2074f31626b773d6636c0da8b.png
21:52:31.734 [main] DEBUG net.thucydides.core.steps.StepInterceptor - STARTING STEP: InventoryStockSteps.loginClickButtonLogin - clickbtnlogin
21:52:32.292 [main] DEBUG net.serenitybdd.core.photography.Darkroom - Send negative for processing for target\site\serenity\b38b2a9940897e98c5a9dbe079f6924045d6e4a81a37daa3895a629905ace04b.png
21:52:32.292 [main] DEBUG net.thucydides.core.steps.StepInterceptor - STEP DONE: clickbtnlogin
21:52:32.293 [Darkroom Processing Line] DEBUG net.serenitybdd.core.photography.DarkroomProcessingLine - Processing screenshot image in /var/screenshots/screenshot-11592797943923230668
21:52:32.293 [Darkroom Processing Line] DEBUG net.serenitybdd.core.photography.DarkroomProcessingLine - Saving screenshot to target\site\serenity\b38b2a9940897e98c5a9dbe079f6924045d6e4a81a37daa3895a629905ace04b.png
21:52:35.396 [main] DEBUG net.serenitybdd.core.photography.Darkroom - Send negative for processing for target\site\serenity\32028730d6617cbaf4be8a3a222b15af4c3642cbbbed6c786edb05d6cdf1a6ef.png
21:52:35.397 [main] DEBUG net.thucydides.core.steps.StepInterceptor - STARTING STEP: InventoryStockSteps.loginClickButtonLogin - openUrlInventory
21:52:37.487 [main] DEBUG net.serenitybdd.core.photography.Darkroom - Send negative for processing for target\site\serenity\18aa7301e064ab35ef8feb111167731249a63d3cf986334d702b2be7e613fb46.png
21:52:37.487 [main] DEBUG net.thucydides.core.steps.StepInterceptor - STEP DONE: openUrlInventory
21:52:37.487 [Darkroom Processing Line] DEBUG net.serenitybdd.core.photography.DarkroomProcessingLine - Processing screenshot image in /var/screenshots/screenshot-640217558764133822
21:52:37.487 [Darkroom Processing Line] DEBUG net.serenitybdd.core.photography.DarkroomProcessingLine - Saving screenshot to target\site\serenity\18aa7301e064ab35ef8feb111167731249a63d3cf986334d702b2be7e613fb46.png
  &amp#27;[32mGiven &amp#27;[0m&amp#27;[32mLogin &amp#27;[0m&amp#27;[32m&amp#27;[1m"qa.rakamin.jubelio@gmail.com"&amp#27;[0m&amp#27;[32m, &amp#27;[0m&amp#27;[32m&amp#27;[1m"Jubelio123!"&amp#27;[0m&amp#27;[32m, click button login&amp#27;[0m &amp#27;[90m# starter.stepdefinitios.InventoryStockSteps.loginClickButtonLogin(java.lang.String,java.lang.String)&amp#27;[0m
21:52:37.772 [main] DEBUG net.serenitybdd.core.photography.Darkroom - Send negative for processing for target\site\serenity\18aa7301e064ab35ef8feb111167731249a63d3cf986334d702b2be7e613fb46.png
21:52:38.368 [main] DEBUG net.serenitybdd.core.photography.Darkroom - Send negative for processing for target\site\serenity\18aa7301e064ab35ef8feb111167731249a63d3cf986334d702b2be7e613fb46.png
21:52:38.369 [main] DEBUG net.thucydides.core.steps.StepInterceptor - STARTING STEP: InventoryStockSteps.fillsInTheWithValidDataEmail - validatePagePersedian
21:52:38.405 [main] DEBUG net.thucydides.core.steps.StepInterceptor - STEP DONE: validatePagePersedian
21:52:38.677 [main] DEBUG net.serenitybdd.core.photography.Darkroom - Send negative for processing for target\site\serenity\18aa7301e064ab35ef8feb111167731249a63d3cf986334d702b2be7e613fb46.png
21:52:38.678 [main] DEBUG net.thucydides.core.steps.StepInterceptor - STARTING STEP: InventoryStockSteps.fillsInTheWithValidDataEmail - btnPenyesuaianPersedian
21:52:38.998 [main] DEBUG net.serenitybdd.core.photography.Darkroom - Send negative for processing for target\site\serenity\8ac42ccbf4d170f695a6ec3a7855af3bf7dcd69630f93f027d337a978b7aa0b8.png
21:52:38.999 [main] DEBUG net.thucydides.core.steps.StepInterceptor - STEP DONE: btnPenyesuaianPersedian
  &amp#27;[32mAnd &amp#27;[0m&amp#27;[32man inventory adjustment button click&amp#27;[0m                                      &amp#27;[90m# starter.stepdefinitios.InventoryStockSteps.fillsInTheWithValidDataEmail()&amp#27;[0m
21:52:39.001 [Darkroom Processing Line] DEBUG net.serenitybdd.core.photography.DarkroomProcessingLine - Processing screenshot image in /var/screenshots/screenshot-2496197556127184093
21:52:39.001 [Darkroom Processing Line] DEBUG net.serenitybdd.core.photography.DarkroomProcessingLine - Saving screenshot to target\site\serenity\8ac42ccbf4d170f695a6ec3a7855af3bf7dcd69630f93f027d337a978b7aa0b8.png
21:52:39.643 [main] DEBUG net.serenitybdd.core.photography.Darkroom - Send negative for processing for target\site\serenity\23224668ac0c5663a6d39ccaa81712d69b7ce022f1e0e6b04dae1dca31370dac.png
21:52:39.644 [main] DEBUG net.thucydides.core.steps.StepInterceptor - STARTING STEP: InventoryStockSteps.validateTheInventoryAdjustmentPage - validatePenyesuaianPersediaa
21:52:39.852 [main] DEBUG net.serenitybdd.core.photography.Darkroom - Send negative for processing for target\site\serenity\23224668ac0c5663a6d39ccaa81712d69b7ce022f1e0e6b04dae1dca31370dac.png
21:52:39.852 [main] DEBUG net.thucydides.core.steps.StepInterceptor - STEP DONE: validatePenyesuaianPersediaa
  &amp#27;[32mAnd &amp#27;[0m&amp#27;[32mvalidate the inventory adjustment page&amp#27;[0m                                    &amp#27;[90m# starter.stepdefinitios.InventoryStockSteps.validateTheInventoryAdjustmentPage()&amp#27;[0m
21:52:40.141 [main] DEBUG net.serenitybdd.core.photography.Darkroom - Send negative for processing for target\site\serenity\23224668ac0c5663a6d39ccaa81712d69b7ce022f1e0e6b04dae1dca31370dac.png
21:52:40.141 [main] DEBUG net.thucydides.core.steps.StepInterceptor - STARTING STEP: InventoryStockSteps.click - btnLokasi
21:52:40.349 [main] DEBUG net.serenitybdd.core.photography.Darkroom - Send negative for processing for target\site\serenity\ffb9bfd3daa1394b62066e0e542acd4926d5448f4d8383464000c7cf23161974.png
21:52:40.349 [main] DEBUG net.thucydides.core.steps.StepInterceptor - STEP DONE: btnLokasi
21:52:40.615 [main] DEBUG net.serenitybdd.core.photography.Darkroom - Send negative for processing for target\site\serenity\ffb9bfd3daa1394b62066e0e542acd4926d5448f4d8383464000c7cf23161974.png
21:52:40.615 [main] DEBUG net.thucydides.core.steps.StepInterceptor - STARTING STEP: InventoryStockSteps.click - btnVarisi
21:52:40.813 [main] DEBUG net.serenitybdd.core.photography.Darkroom - Send negative for processing for target\site\serenity\5a35573fd1f40530d8ec5016190bee7a6c00a0f59a065d39d10edbeb6edbfddc.png
21:52:40.813 [main] DEBUG net.thucydides.core.steps.StepInterceptor - STEP DONE: btnVarisi
  &amp#27;[32mAnd &amp#27;[0m&amp#27;[32mclick &amp#27;[0m&amp#27;[32m&amp#27;[1m"Gudang Pedia"&amp#27;[0m                                                      &amp#27;[90m# starter.stepdefinitios.InventoryStockSteps.click(java.lang.String)&amp#27;[0m
21:52:40.814 [Darkroom Processing Line] DEBUG net.serenitybdd.core.photography.DarkroomProcessingLine - Processing screenshot image in /var/screenshots/screenshot-6691742915844757222
21:52:40.814 [Darkroom Processing Line] DEBUG net.serenitybdd.core.photography.DarkroomProcessingLine - Saving screenshot to target\site\serenity\5a35573fd1f40530d8ec5016190bee7a6c00a0f59a065d39d10edbeb6edbfddc.png
21:52:40.821 [main] DEBUG net.thucydides.core.steps.StepInterceptor - STARTING STEP: InventoryStockSteps.youSelectAnItem - btnPilihBarang
21:52:41.146 [main] DEBUG net.serenitybdd.core.photography.Darkroom - Send negative for processing for target\site\serenity\b5a51ca6c55bcc89b6e57d784063ed0443af566ec2f161be9210d6942508a38d.png
21:52:41.146 [main] DEBUG net.thucydides.core.steps.StepInterceptor - STEP DONE: btnPilihBarang
21:52:41.146 [Darkroom Processing Line] DEBUG net.serenitybdd.core.photography.DarkroomProcessingLine - Processing screenshot image in /var/screenshots/screenshot-476065941645574622
21:52:41.146 [Darkroom Processing Line] DEBUG net.serenitybdd.core.photography.DarkroomProcessingLine - Saving screenshot to target\site\serenity\b5a51ca6c55bcc89b6e57d784063ed0443af566ec2f161be9210d6942508a38d.png
21:52:41.740 [main] DEBUG net.serenitybdd.core.photography.Darkroom - Send negative for processing for target\site\serenity\b5a51ca6c55bcc89b6e57d784063ed0443af566ec2f161be9210d6942508a38d.png
21:52:41.740 [main] DEBUG net.thucydides.core.steps.StepInterceptor - STARTING STEP: InventoryStockSteps.youSelectAnItem - btnBarang
21:52:42.081 [main] DEBUG net.serenitybdd.core.photography.Darkroom - Send negative for processing for target\site\serenity\5b4b12662c8bf56a0493dbc1fcb376b4f9d2a099849bc50ef5ff713263812a96.png
21:52:42.081 [main] DEBUG net.thucydides.core.steps.StepInterceptor - STEP DONE: btnBarang
21:52:42.081 [Darkroom Processing Line] DEBUG net.serenitybdd.core.photography.DarkroomProcessingLine - Processing screenshot image in /var/screenshots/screenshot-11597864217465541038
21:52:42.081 [Darkroom Processing Line] DEBUG net.serenitybdd.core.photography.DarkroomProcessingLine - Saving screenshot to target\site\serenity\5b4b12662c8bf56a0493dbc1fcb376b4f9d2a099849bc50ef5ff713263812a96.png
21:52:42.688 [main] DEBUG net.serenitybdd.core.photography.Darkroom - Send negative for processing for target\site\serenity\5b4b12662c8bf56a0493dbc1fcb376b4f9d2a099849bc50ef5ff713263812a96.png
21:52:42.688 [main] DEBUG net.thucydides.core.steps.StepInterceptor - STARTING STEP: InventoryStockSteps.youSelectAnItem - btnSimpan
21:52:42.884 [main] DEBUG net.serenitybdd.core.photography.Darkroom - Send negative for processing for target\site\serenity\56fa38b86eccba1a1fd140ee73295ac9d2d3a335be116ea2e6cb6c4e4b8dcee6.png
21:52:42.884 [main] DEBUG net.thucydides.core.steps.StepInterceptor - STEP DONE: btnSimpan
  &amp#27;[32mWhen &amp#27;[0m&amp#27;[32myou select an item&amp#27;[0m                                                       &amp#27;[90m# starter.stepdefinitios.InventoryStockSteps.youSelectAnItem()&amp#27;[0m
21:52:42.885 [Darkroom Processing Line] DEBUG net.serenitybdd.core.photography.DarkroomProcessingLine - Processing screenshot image in /var/screenshots/screenshot-10419899984464526074
21:52:42.885 [Darkroom Processing Line] DEBUG net.serenitybdd.core.photography.DarkroomProcessingLine - Saving screenshot to target\site\serenity\56fa38b86eccba1a1fd140ee73295ac9d2d3a335be116ea2e6cb6c4e4b8dcee6.png
21:52:43.323 [main] DEBUG net.serenitybdd.core.photography.Darkroom - Send negative for processing for target\site\serenity\a3d416ec113b978a23287f2b4661421c6baf42523d2aefd02dc6dc46b0d0b501.png
21:52:43.323 [main] DEBUG net.thucydides.core.steps.StepInterceptor - STARTING STEP: InventoryStockSteps.validateTheNameSuccessfully - validatePagePersedian
21:52:43.323 [Darkroom Processing Line] DEBUG net.serenitybdd.core.photography.DarkroomProcessingLine - Processing screenshot image in /var/screenshots/screenshot-1444598519570117948
21:52:43.323 [Darkroom Processing Line] DEBUG net.serenitybdd.core.photography.DarkroomProcessingLine - Saving screenshot to target\site\serenity\a3d416ec113b978a23287f2b4661421c6baf42523d2aefd02dc6dc46b0d0b501.png
21:52:43.372 [main] DEBUG net.thucydides.core.steps.StepInterceptor - STEP DONE: validatePagePersedian
21:52:43.624 [main] DEBUG net.serenitybdd.core.photography.Darkroom - Send negative for processing for target\site\serenity\3f32a4988384aa9e019d322915bc820e8b45b495b28b9600300e26d6f4077142.png
21:52:43.624 [main] DEBUG net.thucydides.core.steps.StepInterceptor - STARTING STEP: InventoryStockSteps.validateTheNameSuccessfully - fieldSearch
21:52:43.882 [main] DEBUG net.serenitybdd.core.photography.Darkroom - Send negative for processing for target\site\serenity\45ade5395667992979dd7c21ca5099bc093a64a04fdd29440300f29231651b27.png
21:52:43.882 [main] DEBUG net.thucydides.core.steps.StepInterceptor - STEP DONE: fieldSearch
21:52:43.882 [Darkroom Processing Line] DEBUG net.serenitybdd.core.photography.DarkroomProcessingLine - Processing screenshot image in /var/screenshots/screenshot-17202772631901782909
21:52:43.882 [Darkroom Processing Line] DEBUG net.serenitybdd.core.photography.DarkroomProcessingLine - Saving screenshot to target\site\serenity\45ade5395667992979dd7c21ca5099bc093a64a04fdd29440300f29231651b27.png
21:52:43.886 [main] DEBUG net.thucydides.core.steps.StepInterceptor - STARTING STEP: InventoryStockSteps.validateTheNameSuccessfully - btnSearch
21:52:44.137 [main] DEBUG net.serenitybdd.core.photography.Darkroom - Send negative for processing for target\site\serenity\cbddcdb93eee57239ca858ca448f85289e39250d0a624a2907a99c61325a9d3e.png
21:52:44.137 [main] DEBUG net.thucydides.core.steps.StepInterceptor - STEP DONE: btnSearch
21:52:44.137 [Darkroom Processing Line] DEBUG net.serenitybdd.core.photography.DarkroomProcessingLine - Processing screenshot image in /var/screenshots/screenshot-8900609783346980943
21:52:44.137 [Darkroom Processing Line] DEBUG net.serenitybdd.core.photography.DarkroomProcessingLine - Saving screenshot to target\site\serenity\cbddcdb93eee57239ca858ca448f85289e39250d0a624a2907a99c61325a9d3e.png
21:52:44.405 [main] DEBUG net.serenitybdd.core.photography.Darkroom - Send negative for processing for target\site\serenity\c55a06da670352572fafebb0385e5b4fad78d10d0b31b2cd1eddff88f91287e5.png
21:52:44.405 [main] DEBUG net.thucydides.core.steps.StepInterceptor - STARTING STEP: InventoryStockSteps.validateTheNameSuccessfully - validateTeksBarang
21:52:44.406 [Darkroom Processing Line] DEBUG net.serenitybdd.core.photography.DarkroomProcessingLine - Processing screenshot image in /var/screenshots/screenshot-10941140177186450397
21:52:44.406 [Darkroom Processing Line] DEBUG net.serenitybdd.core.photography.DarkroomProcessingLine - Saving screenshot to target\site\serenity\c55a06da670352572fafebb0385e5b4fad78d10d0b31b2cd1eddff88f91287e5.png
21:52:44.436 [main] DEBUG net.thucydides.core.steps.StepInterceptor - STEP DONE: validateTeksBarang
  &amp#27;[32mThen &amp#27;[0m&amp#27;[32mvalidate the name &amp#27;[0m&amp#27;[32m&amp#27;[1m"Naruto"&amp#27;[0m&amp#27;[32m successfully&amp#27;[0m                                  &amp#27;[90m# starter.stepdefinitios.InventoryStockSteps.validateTheNameSuccessfully(java.lang.String)&amp#27;[0m
]]></system-out>
    <system-err><![CDATA[Starting ChromeDriver 117.0.5938.88 (be6afae4721209be42944bbcd325665f9f44563b-refs/branch-heads/5938_62@{#9}) on port 14277
Only local connections are allowed.
Please see https://chromedriver.chromium.org/security-considerations for suggestions on keeping ChromeDriver safe.
ChromeDriver was started successfully.
Oct 05, 2023 9:52:27 PM org.openqa.selenium.remote.ProtocolHandshake createSession
INFO: Detected dialect: W3C
]]></system-err>
  </testcase>
  <testcase name="Inventory Stock - Delete #1" classname="Inventory Stock at app.jubelio" time="17.554">
    <system-out><![CDATA[
@Inventory @DeleteStock
Scenario Outline: Inventory Stock - Delete                                      &amp#27;[90m# src/test/resources/features/user/inventorystock.feature:30&amp#27;[0m
21:52:44.599 [main] INFO io.cucumber.core.plugin.SerenityReporter - Running feature from file:///D:/QE/Automation/Jubelio-Website/src/test/resources/features/user/inventorystock.feature
21:52:44.602 [main] INFO  - 
  _____   ___   ___   _____     ___   _____     _     ___   _____   ___   ___  
 |_   _| | __| / __| |_   _|   / __| |_   _|   /_\   | _ \ |_   _| | __| |   \ 
   | |   | _|  \__ \   | |     \__ \   | |    / _ \  |   /   | |   | _|  | |) |
   |_|   |___| |___/   |_|     |___/   |_|   /_/ \_\ |_|_\   |_|   |___| |___/ 

Inventory Stock - Delete(inventory-stock-at-app.jubelio;inventory-stock---delete)
--------------------------------------------------------------------------------
21:52:44.603 [main] INFO net.thucydides.core.model.TestOutcome - SetUserStory Inventory Stock at app.jubelio
21:52:44.603 [main] INFO net.thucydides.core.model.TestOutcome - SetUserStory Inventory Stock at app.jubelio
21:52:44.812 [main] DEBUG net.thucydides.core.steps.StepInterceptor - STARTING STEP: InventoryStockSteps.loginClickButtonLogin - openLink
21:52:44.813 [main] INFO net.serenitybdd.core.webdriver.driverproviders.ChromeDriverProvider - Using automatically driver download
21:52:44.836 [main] DEBUG org.apache.hc.client5.http.impl.classic.InternalHttpClient - ex-0000000D: preparing request execution
21:52:44.836 [main] DEBUG org.apache.hc.client5.http.protocol.RequestAddCookies - Cookie spec selected: strict
21:52:44.836 [main] DEBUG org.apache.hc.client5.http.protocol.RequestAuthCache - Auth cache not set in the context
21:52:44.836 [main] DEBUG org.apache.hc.client5.http.impl.classic.ProtocolExec - ex-0000000D: target auth state: UNCHALLENGED
21:52:44.836 [main] DEBUG org.apache.hc.client5.http.impl.classic.ProtocolExec - ex-0000000D: proxy auth state: UNCHALLENGED
21:52:44.836 [main] DEBUG org.apache.hc.client5.http.impl.classic.ConnectExec - ex-0000000D: acquiring connection with route {s}->https://raw.githubusercontent.com:443
21:52:44.836 [main] DEBUG org.apache.hc.client5.http.impl.classic.InternalHttpClient - ex-0000000D: acquiring endpoint (3 MINUTES)
21:52:44.837 [main] DEBUG org.apache.hc.client5.http.impl.io.PoolingHttpClientConnectionManager - ex-0000000D: endpoint lease request (3 MINUTES) [route: {s}->https://raw.githubusercontent.com:443][total available: 0; route allocated: 0 of 5; total allocated: 0 of 25]
21:52:44.837 [main] DEBUG org.apache.hc.client5.http.impl.io.PoolingHttpClientConnectionManager - ex-0000000D: endpoint leased [route: {s}->https://raw.githubusercontent.com:443][total available: 0; route allocated: 1 of 5; total allocated: 1 of 25]
21:52:44.837 [main] DEBUG org.apache.hc.client5.http.impl.io.PoolingHttpClientConnectionManager - ex-0000000D: acquired ep-0000000C
21:52:44.837 [main] DEBUG org.apache.hc.client5.http.impl.classic.InternalHttpClient - ex-0000000D: acquired endpoint ep-0000000C
21:52:44.837 [main] DEBUG org.apache.hc.client5.http.impl.classic.ConnectExec - ex-0000000D: opening connection {s}->https://raw.githubusercontent.com:443
21:52:44.837 [main] DEBUG org.apache.hc.client5.http.impl.classic.InternalHttpClient - ep-0000000C: connecting endpoint (30 SECONDS)
21:52:44.837 [main] DEBUG org.apache.hc.client5.http.impl.io.PoolingHttpClientConnectionManager - ep-0000000C: connecting endpoint to https://raw.githubusercontent.com:443 (30 SECONDS)
21:52:44.837 [main] DEBUG org.apache.hc.client5.http.impl.io.DefaultHttpClientConnectionOperator - http-outgoing-9: connecting to raw.githubusercontent.com/185.199.108.133:443
21:52:44.837 [main] DEBUG org.apache.hc.client5.http.ssl.SSLConnectionSocketFactory - Connecting socket to raw.githubusercontent.com/185.199.108.133:443 with timeout 30 SECONDS
21:52:44.856 [main] DEBUG org.apache.hc.client5.http.ssl.SSLConnectionSocketFactory - Enabled protocols: [TLSv1.3, TLSv1.2]
21:52:44.856 [main] DEBUG org.apache.hc.client5.http.ssl.SSLConnectionSocketFactory - Enabled cipher suites: [TLS_AES_256_GCM_SHA384, TLS_AES_128_GCM_SHA256, TLS_CHACHA20_POLY1305_SHA256, TLS_ECDHE_ECDSA_WITH_AES_256_GCM_SHA384, TLS_ECDHE_ECDSA_WITH_AES_128_GCM_SHA256, TLS_ECDHE_ECDSA_WITH_CHACHA20_POLY1305_SHA256, TLS_ECDHE_RSA_WITH_AES_256_GCM_SHA384, TLS_ECDHE_RSA_WITH_CHACHA20_POLY1305_SHA256, TLS_ECDHE_RSA_WITH_AES_128_GCM_SHA256, TLS_DHE_RSA_WITH_AES_256_GCM_SHA384, TLS_DHE_RSA_WITH_CHACHA20_POLY1305_SHA256, TLS_DHE_DSS_WITH_AES_256_GCM_SHA384, TLS_DHE_RSA_WITH_AES_128_GCM_SHA256, TLS_DHE_DSS_WITH_AES_128_GCM_SHA256, TLS_ECDHE_ECDSA_WITH_AES_256_CBC_SHA384, TLS_ECDHE_RSA_WITH_AES_256_CBC_SHA384, TLS_ECDHE_ECDSA_WITH_AES_128_CBC_SHA256, TLS_ECDHE_RSA_WITH_AES_128_CBC_SHA256, TLS_DHE_RSA_WITH_AES_256_CBC_SHA256, TLS_DHE_DSS_WITH_AES_256_CBC_SHA256, TLS_DHE_RSA_WITH_AES_128_CBC_SHA256, TLS_DHE_DSS_WITH_AES_128_CBC_SHA256, TLS_ECDH_ECDSA_WITH_AES_256_GCM_SHA384, TLS_ECDH_RSA_WITH_AES_256_GCM_SHA384, TLS_ECDH_ECDSA_WITH_AES_128_GCM_SHA256, TLS_ECDH_RSA_WITH_AES_128_GCM_SHA256, TLS_ECDH_ECDSA_WITH_AES_256_CBC_SHA384, TLS_ECDH_RSA_WITH_AES_256_CBC_SHA384, TLS_ECDH_ECDSA_WITH_AES_128_CBC_SHA256, TLS_ECDH_RSA_WITH_AES_128_CBC_SHA256, TLS_ECDHE_ECDSA_WITH_AES_256_CBC_SHA, TLS_ECDHE_RSA_WITH_AES_256_CBC_SHA, TLS_ECDHE_ECDSA_WITH_AES_128_CBC_SHA, TLS_ECDHE_RSA_WITH_AES_128_CBC_SHA, TLS_DHE_RSA_WITH_AES_256_CBC_SHA, TLS_DHE_DSS_WITH_AES_256_CBC_SHA, TLS_DHE_RSA_WITH_AES_128_CBC_SHA, TLS_DHE_DSS_WITH_AES_128_CBC_SHA, TLS_ECDH_ECDSA_WITH_AES_256_CBC_SHA, TLS_ECDH_RSA_WITH_AES_256_CBC_SHA, TLS_ECDH_ECDSA_WITH_AES_128_CBC_SHA, TLS_ECDH_RSA_WITH_AES_128_CBC_SHA, TLS_RSA_WITH_AES_256_GCM_SHA384, TLS_RSA_WITH_AES_128_GCM_SHA256, TLS_RSA_WITH_AES_256_CBC_SHA256, TLS_RSA_WITH_AES_128_CBC_SHA256, TLS_RSA_WITH_AES_256_CBC_SHA, TLS_RSA_WITH_AES_128_CBC_SHA, TLS_EMPTY_RENEGOTIATION_INFO_SCSV]
21:52:44.856 [main] DEBUG org.apache.hc.client5.http.ssl.SSLConnectionSocketFactory - Starting handshake
21:52:44.900 [main] DEBUG org.apache.hc.client5.http.ssl.SSLConnectionSocketFactory - Secure session established
21:52:44.901 [main] DEBUG org.apache.hc.client5.http.ssl.SSLConnectionSocketFactory -  negotiated protocol: TLSv1.3
21:52:44.901 [main] DEBUG org.apache.hc.client5.http.ssl.SSLConnectionSocketFactory -  negotiated cipher suite: TLS_AES_256_GCM_SHA384
21:52:44.901 [main] DEBUG org.apache.hc.client5.http.ssl.SSLConnectionSocketFactory -  peer principal: CN=*.github.io, O="GitHub, Inc.", L=San Francisco, ST=California, C=US
21:52:44.902 [main] DEBUG org.apache.hc.client5.http.ssl.SSLConnectionSocketFactory -  peer alternative names: [*.github.io, github.io, *.github.com, github.com, www.github.com, *.githubusercontent.com, githubusercontent.com]
21:52:44.902 [main] DEBUG org.apache.hc.client5.http.ssl.SSLConnectionSocketFactory -  issuer principal: CN=DigiCert TLS RSA SHA256 2020 CA1, O=DigiCert Inc, C=US
21:52:44.902 [main] DEBUG org.apache.hc.client5.http.impl.io.DefaultHttpClientConnectionOperator - http-outgoing-9: connection established 192.168.100.42:62433<->185.199.108.133:443
21:52:44.902 [main] DEBUG org.apache.hc.client5.http.impl.io.PoolingHttpClientConnectionManager - ep-0000000C: connected http-outgoing-9
21:52:44.902 [main] DEBUG org.apache.hc.client5.http.impl.classic.InternalHttpClient - ep-0000000C: endpoint connected
21:52:44.902 [main] DEBUG org.apache.hc.client5.http.impl.classic.MainClientExec - ex-0000000D: executing GET /bonigarcia/webdrivermanager/master/src/main/resources/commands.properties HTTP/1.1
21:52:44.902 [main] DEBUG org.apache.hc.client5.http.impl.classic.InternalHttpClient - ep-0000000C: start execution ex-0000000D
21:52:44.902 [main] DEBUG org.apache.hc.client5.http.impl.io.PoolingHttpClientConnectionManager - ep-0000000C: executing exchange ex-0000000D over http-outgoing-9
21:52:44.903 [main] DEBUG org.apache.hc.client5.http.headers - http-outgoing-9 >> GET /bonigarcia/webdrivermanager/master/src/main/resources/commands.properties HTTP/1.1
21:52:44.904 [main] DEBUG org.apache.hc.client5.http.headers - http-outgoing-9 >> user-agent: Apache-HttpClient/5.0
21:52:44.904 [main] DEBUG org.apache.hc.client5.http.headers - http-outgoing-9 >> accept-encoding: gzip, deflate, br
21:52:44.904 [main] DEBUG org.apache.hc.client5.http.headers - http-outgoing-9 >> cache-control: max-age=0
21:52:44.904 [main] DEBUG org.apache.hc.client5.http.headers - http-outgoing-9 >> connection: keep-alive
21:52:44.904 [main] DEBUG org.apache.hc.client5.http.headers - http-outgoing-9 >> Host: raw.githubusercontent.com
21:52:44.904 [main] DEBUG org.apache.hc.client5.http.wire - http-outgoing-9 >> "GET /bonigarcia/webdrivermanager/master/src/main/resources/commands.properties HTTP/1.1[\r][\n]"
21:52:44.904 [main] DEBUG org.apache.hc.client5.http.wire - http-outgoing-9 >> "user-agent: Apache-HttpClient/5.0[\r][\n]"
21:52:44.904 [main] DEBUG org.apache.hc.client5.http.wire - http-outgoing-9 >> "accept-encoding: gzip, deflate, br[\r][\n]"
21:52:44.904 [main] DEBUG org.apache.hc.client5.http.wire - http-outgoing-9 >> "cache-control: max-age=0[\r][\n]"
21:52:44.904 [main] DEBUG org.apache.hc.client5.http.wire - http-outgoing-9 >> "connection: keep-alive[\r][\n]"
21:52:44.904 [main] DEBUG org.apache.hc.client5.http.wire - http-outgoing-9 >> "Host: raw.githubusercontent.com[\r][\n]"
21:52:44.904 [main] DEBUG org.apache.hc.client5.http.wire - http-outgoing-9 >> "[\r][\n]"
21:52:44.946 [main] DEBUG org.apache.hc.client5.http.wire - http-outgoing-9 << "HTTP/1.1 200 OK[\r][\n]"
21:52:44.946 [main] DEBUG org.apache.hc.client5.http.wire - http-outgoing-9 << "Connection: keep-alive[\r][\n]"
21:52:44.946 [main] DEBUG org.apache.hc.client5.http.wire - http-outgoing-9 << "Content-Length: 723[\r][\n]"
21:52:44.946 [main] DEBUG org.apache.hc.client5.http.wire - http-outgoing-9 << "Cache-Control: max-age=300[\r][\n]"
21:52:44.946 [main] DEBUG org.apache.hc.client5.http.wire - http-outgoing-9 << "Content-Security-Policy: default-src 'none'; style-src 'unsafe-inline'; sandbox[\r][\n]"
21:52:44.946 [main] DEBUG org.apache.hc.client5.http.wire - http-outgoing-9 << "Content-Type: text/plain; charset=utf-8[\r][\n]"
21:52:44.946 [main] DEBUG org.apache.hc.client5.http.wire - http-outgoing-9 << "ETag: W/"e82b438271e9e8680c688b0b680efd0bdd22faa6d6f0a32fc1fd8accc486b67e"[\r][\n]"
21:52:44.946 [main] DEBUG org.apache.hc.client5.http.wire - http-outgoing-9 << "Strict-Transport-Security: max-age=31536000[\r][\n]"
21:52:44.946 [main] DEBUG org.apache.hc.client5.http.wire - http-outgoing-9 << "X-Content-Type-Options: nosniff[\r][\n]"
21:52:44.946 [main] DEBUG org.apache.hc.client5.http.wire - http-outgoing-9 << "X-Frame-Options: deny[\r][\n]"
21:52:44.946 [main] DEBUG org.apache.hc.client5.http.wire - http-outgoing-9 << "X-XSS-Protection: 1; mode=block[\r][\n]"
21:52:44.946 [main] DEBUG org.apache.hc.client5.http.wire - http-outgoing-9 << "X-GitHub-Request-Id: 4CA0:B8C7F:70C4E:8CACE:651389F9[\r][\n]"
21:52:44.946 [main] DEBUG org.apache.hc.client5.http.wire - http-outgoing-9 << "Content-Encoding: gzip[\r][\n]"
21:52:44.946 [main] DEBUG org.apache.hc.client5.http.wire - http-outgoing-9 << "Accept-Ranges: bytes[\r][\n]"
21:52:44.946 [main] DEBUG org.apache.hc.client5.http.wire - http-outgoing-9 << "Date: Thu, 05 Oct 2023 14:52:45 GMT[\r][\n]"
21:52:44.946 [main] DEBUG org.apache.hc.client5.http.wire - http-outgoing-9 << "Via: 1.1 varnish[\r][\n]"
21:52:44.946 [main] DEBUG org.apache.hc.client5.http.wire - http-outgoing-9 << "X-Served-By: cache-qpg1259-QPG[\r][\n]"
21:52:44.946 [main] DEBUG org.apache.hc.client5.http.wire - http-outgoing-9 << "X-Cache: HIT[\r][\n]"
21:52:44.946 [main] DEBUG org.apache.hc.client5.http.wire - http-outgoing-9 << "X-Cache-Hits: 1[\r][\n]"
21:52:44.946 [main] DEBUG org.apache.hc.client5.http.wire - http-outgoing-9 << "X-Timer: S1696517566.599551,VS0,VE1[\r][\n]"
21:52:44.946 [main] DEBUG org.apache.hc.client5.http.wire - http-outgoing-9 << "Vary: Authorization,Accept-Encoding,Origin[\r][\n]"
21:52:44.946 [main] DEBUG org.apache.hc.client5.http.wire - http-outgoing-9 << "Access-Control-Allow-Origin: *[\r][\n]"
21:52:44.947 [main] DEBUG org.apache.hc.client5.http.wire - http-outgoing-9 << "Cross-Origin-Resource-Policy: cross-origin[\r][\n]"
21:52:44.947 [main] DEBUG org.apache.hc.client5.http.wire - http-outgoing-9 << "X-Fastly-Request-ID: 91686adaa3b2f8e0203f9974c2371738956fc3ae[\r][\n]"
21:52:44.947 [main] DEBUG org.apache.hc.client5.http.wire - http-outgoing-9 << "Expires: Thu, 05 Oct 2023 14:57:45 GMT[\r][\n]"
21:52:44.947 [main] DEBUG org.apache.hc.client5.http.wire - http-outgoing-9 << "Source-Age: 46[\r][\n]"
21:52:44.947 [main] DEBUG org.apache.hc.client5.http.wire - http-outgoing-9 << "[\r][\n]"
21:52:44.947 [main] DEBUG org.apache.hc.client5.http.headers - http-outgoing-9 << HTTP/1.1 200 OK
21:52:44.947 [main] DEBUG org.apache.hc.client5.http.headers - http-outgoing-9 << Connection: keep-alive
21:52:44.948 [main] DEBUG org.apache.hc.client5.http.headers - http-outgoing-9 << Content-Length: 723
21:52:44.948 [main] DEBUG org.apache.hc.client5.http.headers - http-outgoing-9 << Cache-Control: max-age=300
21:52:44.948 [main] DEBUG org.apache.hc.client5.http.headers - http-outgoing-9 << Content-Security-Policy: default-src 'none'; style-src 'unsafe-inline'; sandbox
21:52:44.948 [main] DEBUG org.apache.hc.client5.http.headers - http-outgoing-9 << Content-Type: text/plain; charset=utf-8
21:52:44.948 [main] DEBUG org.apache.hc.client5.http.headers - http-outgoing-9 << ETag: W/"e82b438271e9e8680c688b0b680efd0bdd22faa6d6f0a32fc1fd8accc486b67e"
21:52:44.948 [main] DEBUG org.apache.hc.client5.http.headers - http-outgoing-9 << Strict-Transport-Security: max-age=31536000
21:52:44.948 [main] DEBUG org.apache.hc.client5.http.headers - http-outgoing-9 << X-Content-Type-Options: nosniff
21:52:44.948 [main] DEBUG org.apache.hc.client5.http.headers - http-outgoing-9 << X-Frame-Options: deny
21:52:44.948 [main] DEBUG org.apache.hc.client5.http.headers - http-outgoing-9 << X-XSS-Protection: 1; mode=block
21:52:44.948 [main] DEBUG org.apache.hc.client5.http.headers - http-outgoing-9 << X-GitHub-Request-Id: 4CA0:B8C7F:70C4E:8CACE:651389F9
21:52:44.948 [main] DEBUG org.apache.hc.client5.http.headers - http-outgoing-9 << Content-Encoding: gzip
21:52:44.948 [main] DEBUG org.apache.hc.client5.http.headers - http-outgoing-9 << Accept-Ranges: bytes
21:52:44.948 [main] DEBUG org.apache.hc.client5.http.headers - http-outgoing-9 << Date: Thu, 05 Oct 2023 14:52:45 GMT
21:52:44.948 [main] DEBUG org.apache.hc.client5.http.headers - http-outgoing-9 << Via: 1.1 varnish
21:52:44.948 [main] DEBUG org.apache.hc.client5.http.headers - http-outgoing-9 << X-Served-By: cache-qpg1259-QPG
21:52:44.948 [main] DEBUG org.apache.hc.client5.http.headers - http-outgoing-9 << X-Cache: HIT
21:52:44.948 [main] DEBUG org.apache.hc.client5.http.headers - http-outgoing-9 << X-Cache-Hits: 1
21:52:44.948 [main] DEBUG org.apache.hc.client5.http.headers - http-outgoing-9 << X-Timer: S1696517566.599551,VS0,VE1
21:52:44.948 [main] DEBUG org.apache.hc.client5.http.headers - http-outgoing-9 << Vary: Authorization,Accept-Encoding,Origin
21:52:44.948 [main] DEBUG org.apache.hc.client5.http.headers - http-outgoing-9 << Access-Control-Allow-Origin: *
21:52:44.948 [main] DEBUG org.apache.hc.client5.http.headers - http-outgoing-9 << Cross-Origin-Resource-Policy: cross-origin
21:52:44.948 [main] DEBUG org.apache.hc.client5.http.headers - http-outgoing-9 << X-Fastly-Request-ID: 91686adaa3b2f8e0203f9974c2371738956fc3ae
21:52:44.948 [main] DEBUG org.apache.hc.client5.http.headers - http-outgoing-9 << Expires: Thu, 05 Oct 2023 14:57:45 GMT
21:52:44.948 [main] DEBUG org.apache.hc.client5.http.headers - http-outgoing-9 << Source-Age: 46
21:52:44.948 [main] DEBUG org.apache.hc.client5.http.impl.classic.MainClientExec - ex-0000000D: connection can be kept alive for 3 MINUTES
21:52:44.949 [main] DEBUG org.apache.hc.client5.http.wire - http-outgoing-9 << "[0x1f][0xffffff8b][0x8][0x0][0x0][0x0][0x0][0x0][0x0][0x3][0xffffffb5]V]o[0xffffffda]0[0x14]}[0xffffffe7]W\[0xffffff81]*[0xffffffb5][0x12][0x1f][[M[0xffffffd3]$[0x1e]hF[0xffffffbb]i [0x18][0xffffffb4][0xffffffdd]&[0xfffffff9][0xffffffc5]$7[0xffffffc1]R[0x12]#;[0xffffff94]v[0xffffffbf]~[0xffffffb6][0xfffffff3]1[0xffffff92][0xffffff9a][0xffffffc1][0x1a]x[0xffffffcb][0xffffffb5][0xffffffaf][0xffffffcf]9[0xffffffbe][0xfffffff7]8v[0xb][0x1c][0x1e]E4[0xfffffff6]$x4[0xffffffa1][0xb]*[0xffffffb1][0xffffffd1][0xffffff82][0xfffffffb]%[0xffffff93][0xffffffe0][0xffffffb3][0x10][0xffffffc1][0xffffffe5]qBY,!Y[0xffffffea] KM8,[0x10][0xfffffff0][0x19][0xffffffdd]u[0xffffff82][0x1e][0xffffffb0][0xffffffd8]L[0xffffffcb]%[0xffffff86][0xffffffa1][0xe][0xffffffb8][0xfffffff0]P[0xffffffe8]$[0xf][0x13]t[0x13]3[0xfffffff9][0xffffff84]B2[0xffffffae][0xffffffe6]|@[0xfffffff5][0x1d][0x8][0xffffffc4][0x18][0x16][0xffffff82]o[0xffffffa4][0xffffff9a]P[0xffffff94][0xffffffe7][0xffffffce]R[0xfffffff0][0x8][0xffffffdb]p[0xffffffcb][0x4][0xfffffffa][0xfffffffc][0xffffffb9][\r][0xffffff93][0x15][\n]"
21:52:44.950 [main] DEBUG org.apache.hc.client5.http.wire - http-outgoing-9 << "[0xffffffda][0xffffff86][0xffffffa1][0x17][0xffffffa8]Q3[0xffffffcb][0xffffffd6][0xffffffd1][0xffffff85][0xffffffc6][0xfffffff7][0xffffff98][0xffffffef][0xffffffa3][0xffffffc0]8[0x1][0xffffffae]s[0x12][0x16][0x7] _d[0xffffff82][0xffffff91][0xffffff84][0xfffffff3][0x1f],[0xfffffff6][0x14]j[0x1b]F,^+[0xffffff98]1ua2[0xffffffbf]h([0xffffff8e][0xffffff94][0xffffffa2][0xffffff91]m[0xffffffa3][0xffffffeb][0xffffff9a][0xffffffb0][0xffffffbb]I[0x17]t[0xffffffdf][0xffffffbd][0xffffffef][0xffffffbb][0xffffff91][0xffffffd7]U[0xffffffbb][0xffffff82][0xffffff9e][0x3][0xffffff9b][0xffffff88][0xffffffb9][0xffffffa6]$[0xffffffa6][0xc][0xffffff9b][0xffffffa5][0xffffffe2][0xffffff83][0xffffff98]F[0xffffffd8]o[0xffffff9e]Mg[0xffffff93][0xffffffbb][0xffffffd9]`|[0xfffffffb]u4[0xffffff9c][0x7f]"}B[0xffffffce][0x8][0xffffffb9][0xffffffe3]<[0x8][0xffffff91][0xffffff90][0xffffff94][0xffffff82][0xffffff90][0xffffffc1]j[0x15]2WI[0xffffffe3]1![0x19][0xffffff91]BnB[0xffffff80][0x9]<f[0xffffffb5][0xffffffe8]=[0xffffffd1]p[0xffffffbd][[0xffffffcf][0xffffffe5][0x1b][0xfffffff4][0xffffff9c][0xffffffff][0xfffffffc][0xfffffff8][0xffffffe1][0xffffffe2][0xffffff94][0xffffffa2][0xffffffae][0xe][0x14]5[0xffffff9a]8[0xffffff83][0xffffffd1]`:[0xfffffffd]<[0xffffffb8][0x1f][0xffffff9c]R[0xffffffcf]u[0x7f]6[0xffffffbc][0xffffff83][0xffffffef][0xf][0xffffffc3][0xffffffd9]/[0xfffffff8][0xfffffff2][0xffffffcd]y s[0xffffffee]'[0x1b]*0g[0xffffffcb][0xffffffc8]nF7H][0xffffff83][0xffffff97]{[0xffffffb1]Q[0x5][\r][0xffffffb5]c[0xffffffb4][0xf][0x2][0xffffffb3][0xffffffb4][0xffffff93][0xe]C[0xffffffa7][0xffffffb3]kAD][0xffffff9d][0xffffffde][0xffffffdb][0xffffffda][0xffffff88][0xffffffec][0xffffffa5][0xffffffbc][0xffffff99][0xffffffd9][0xffffffba]t[0xffffffb5][0xffffffea]9[0xffffffea][0x10])[0xffffffb7][0xffffffca][0xffffff9e][0xfffffff2][0xffffffe2]d^N[0xffffffd8]FW[0x16][0xffffffcd][0xffffffdc]_[0x10][0xfffffff9]i|[0x1c][0xffffff93][0xffffff8e][0xfffffff9]o[0x16][0xffffff86]4'!$G[0xffffffdf]W[0xfffffff4]W*j[[0xfffffff3]xR[0xffffffae][0xffffffb6][0xc][0xffffffd0],; #[0xffffffa9][0xffffff92]5[0xffffffb5][0x7][0xffffff9c][0xffffffb5][0xffffffd0][0x7f][0xffffff90][0xffffffc7]jgs[0xfffffffc][0xffffffc2][0xb][0xffffffd9][0x0]t[0xffffff9e]^'Y[0xfffffffb][0xffffff9f][0xffffffb1][0xffffffd8]:[0xffffffbf][0xffffff8d][0xffffffa5][0xffffff9a][0xffffffad][0x7f]m[0x5]&[0xffffffaa][0xffffffa0]^[0xffffff9b][0xffffffcb][0x5]f[0xffffffae][0xffffffe0]RU[0xffffff82][0x10]MS9l[0xffffff91]4t[0xfffffffb][0xffffff8a]][0xffffffd6][0xfffffff4][0xffffff96][0xffffffa6][0xffffff9f]P[0xffffffce][0xffffffd5][0xffffffce][0xffffff93][0xffffffff][0xffffff97][0xffffffcc]p[0xfffffffd][0xfffffff3][0xffffffe8][0x1b][0xffffffcc][0xffffffa2][0xffffffd9]Q[0xffffffbe][0xffffffb2][0xffffffa3][0xffffffc7]m'[0xffffffdf][0xffffffe4][[0xfffffffb]^[0xffffffb0][0xffffff9a][0xffffffbe][0xffffffda][0xffffffda]_[0xffffffce][0xffffff80][0xffffffd2][0xffffffc1]7[0xffffffb7]][0xffffffc1]b[0xffffffee][0xffffffb5][0xffffffff]w[0xffffff83][0xffffffed][0xffffffa7];[0x15]<[0x10]4[0xffffff92][0xffffff84][0x18][\n]"
21:52:44.950 [main] DEBUG org.apache.hc.client5.http.wire - http-outgoing-9 << "BB[0xffffffba][0xffffff8e]][0xffffffb5]jo[0xffffffb9]+"[0xffffffea][0xffffffb4][0xffffffff]h"[0xffffffea]\?5[0xffffffa9][0xffffffaf]k[0xffffffec][0xffffffff]P[0xffffffea][\n]"
21:52:44.950 [main] DEBUG org.apache.hc.client5.http.wire - http-outgoing-9 << "w[0xffffffe1]K[0x13][0xffffffda][0xffffffec][0xffffff98][0xffffffe6]Y[0xfffffffd]h8m6[0xffffff9c]T[0xffffffc1][0xfffffff2][0xffffffa7][0xffffff91]z_[0xffffff95]o85p[0x1c][0x13][0xffffffe6][0xfffffff0]5[0xffffffee][0xfffffffc][0xffffff92][0xffffff96][0xffffffda][0xfffffff7][0xffffffcf][0xffffffb1][0x5][0x1d][0xffffffea]K[0xffffff9b]9[0xffffff8e][0xffffffad]e[0xfffffff7][0xffffff93][0xffffffa8]`[0xffffffda][0xffffffff][0x1a][0xffffffd2][0xffffff88][0xffffff85][0xfffffffd][0xfffffff2][0xffffff91]N[0xfffffff6]`[0xffffffdf]2[0xffffffcf][0xffffffae]E[0xffffff97][0xffffffc5][0xffffffa2][0xffffff9d][0xffffffef]'[0xffffff9d]mun.[0xffffffd3]f^[0xffffffc7][0xffffff82][0xffffffda][0xffffff82]9[0xfffffff5][0xffffffa9]`[0x5][0xffffffbc]4[0xffffffa1][0x1d]<M[0xffffffb5]A[0xffffffa7]3[[0xffffffc0][0x7f][0x0][0xffffffc1][0xffffffd0]$[0xffffff85][0x1d][\r][0x0][0x0]"
21:52:44.953 [main] DEBUG org.apache.hc.client5.http.impl.classic.InternalHttpClient - ep-0000000C: releasing valid endpoint
21:52:44.953 [main] DEBUG org.apache.hc.client5.http.impl.io.PoolingHttpClientConnectionManager - ep-0000000C: releasing endpoint
21:52:44.953 [main] DEBUG org.apache.hc.client5.http.impl.io.PoolingHttpClientConnectionManager - ep-0000000C: connection http-outgoing-9 can be kept alive for 3 MINUTES
21:52:44.954 [main] DEBUG org.apache.hc.client5.http.impl.io.PoolingHttpClientConnectionManager - ep-0000000C: connection released [route: {s}->https://raw.githubusercontent.com:443][total available: 1; route allocated: 1 of 5; total allocated: 1 of 25]
21:52:44.954 [main] DEBUG io.github.bonigarcia.wdm.versions.VersionDetector - Detecting chrome version using online commands.properties
21:52:44.955 [main] DEBUG io.github.bonigarcia.wdm.versions.Shell - Running command on the shell: [cmd.exe, /C, wmic, datafile, where, name="%PROGRAMFILES:\=\\%\\Google\\Chrome\\Application\\chrome.exe", get, Version, /value]
21:52:45.067 [main] DEBUG io.github.bonigarcia.wdm.versions.Shell - Result: Version=117.0.5938.134
21:52:45.070 [main] DEBUG org.apache.hc.client5.http.impl.classic.InternalHttpClient - ex-0000000E: preparing request execution
21:52:45.070 [main] DEBUG org.apache.hc.client5.http.protocol.RequestAddCookies - Cookie spec selected: strict
21:52:45.070 [main] DEBUG org.apache.hc.client5.http.protocol.RequestAuthCache - Auth cache not set in the context
21:52:45.070 [main] DEBUG org.apache.hc.client5.http.impl.classic.ProtocolExec - ex-0000000E: target auth state: UNCHALLENGED
21:52:45.070 [main] DEBUG org.apache.hc.client5.http.impl.classic.ProtocolExec - ex-0000000E: proxy auth state: UNCHALLENGED
21:52:45.070 [main] DEBUG org.apache.hc.client5.http.impl.classic.ConnectExec - ex-0000000E: acquiring connection with route {s}->https://chromedriver.storage.googleapis.com:443
21:52:45.070 [main] DEBUG org.apache.hc.client5.http.impl.classic.InternalHttpClient - ex-0000000E: acquiring endpoint (3 MINUTES)
21:52:45.071 [main] DEBUG org.apache.hc.client5.http.impl.io.PoolingHttpClientConnectionManager - ex-0000000E: endpoint lease request (3 MINUTES) [route: {s}->https://chromedriver.storage.googleapis.com:443][total available: 1; route allocated: 0 of 5; total allocated: 1 of 25]
21:52:45.071 [main] DEBUG org.apache.hc.client5.http.impl.io.PoolingHttpClientConnectionManager - ex-0000000E: endpoint leased [route: {s}->https://chromedriver.storage.googleapis.com:443][total available: 1; route allocated: 1 of 5; total allocated: 2 of 25]
21:52:45.071 [main] DEBUG org.apache.hc.client5.http.impl.io.PoolingHttpClientConnectionManager - ex-0000000E: acquired ep-0000000D
21:52:45.071 [main] DEBUG org.apache.hc.client5.http.impl.classic.InternalHttpClient - ex-0000000E: acquired endpoint ep-0000000D
21:52:45.071 [main] DEBUG org.apache.hc.client5.http.impl.classic.ConnectExec - ex-0000000E: opening connection {s}->https://chromedriver.storage.googleapis.com:443
21:52:45.071 [main] DEBUG org.apache.hc.client5.http.impl.classic.InternalHttpClient - ep-0000000D: connecting endpoint (30 SECONDS)
21:52:45.071 [main] DEBUG org.apache.hc.client5.http.impl.io.PoolingHttpClientConnectionManager - ep-0000000D: connecting endpoint to https://chromedriver.storage.googleapis.com:443 (30 SECONDS)
21:52:45.071 [main] DEBUG org.apache.hc.client5.http.impl.io.DefaultHttpClientConnectionOperator - http-outgoing-10: connecting to chromedriver.storage.googleapis.com/142.251.223.27:443
21:52:45.071 [main] DEBUG org.apache.hc.client5.http.ssl.SSLConnectionSocketFactory - Connecting socket to chromedriver.storage.googleapis.com/142.251.223.27:443 with timeout 30 SECONDS
21:52:45.089 [main] DEBUG org.apache.hc.client5.http.ssl.SSLConnectionSocketFactory - Enabled protocols: [TLSv1.3, TLSv1.2]
21:52:45.089 [main] DEBUG org.apache.hc.client5.http.ssl.SSLConnectionSocketFactory - Enabled cipher suites: [TLS_AES_256_GCM_SHA384, TLS_AES_128_GCM_SHA256, TLS_CHACHA20_POLY1305_SHA256, TLS_ECDHE_ECDSA_WITH_AES_256_GCM_SHA384, TLS_ECDHE_ECDSA_WITH_AES_128_GCM_SHA256, TLS_ECDHE_ECDSA_WITH_CHACHA20_POLY1305_SHA256, TLS_ECDHE_RSA_WITH_AES_256_GCM_SHA384, TLS_ECDHE_RSA_WITH_CHACHA20_POLY1305_SHA256, TLS_ECDHE_RSA_WITH_AES_128_GCM_SHA256, TLS_DHE_RSA_WITH_AES_256_GCM_SHA384, TLS_DHE_RSA_WITH_CHACHA20_POLY1305_SHA256, TLS_DHE_DSS_WITH_AES_256_GCM_SHA384, TLS_DHE_RSA_WITH_AES_128_GCM_SHA256, TLS_DHE_DSS_WITH_AES_128_GCM_SHA256, TLS_ECDHE_ECDSA_WITH_AES_256_CBC_SHA384, TLS_ECDHE_RSA_WITH_AES_256_CBC_SHA384, TLS_ECDHE_ECDSA_WITH_AES_128_CBC_SHA256, TLS_ECDHE_RSA_WITH_AES_128_CBC_SHA256, TLS_DHE_RSA_WITH_AES_256_CBC_SHA256, TLS_DHE_DSS_WITH_AES_256_CBC_SHA256, TLS_DHE_RSA_WITH_AES_128_CBC_SHA256, TLS_DHE_DSS_WITH_AES_128_CBC_SHA256, TLS_ECDH_ECDSA_WITH_AES_256_GCM_SHA384, TLS_ECDH_RSA_WITH_AES_256_GCM_SHA384, TLS_ECDH_ECDSA_WITH_AES_128_GCM_SHA256, TLS_ECDH_RSA_WITH_AES_128_GCM_SHA256, TLS_ECDH_ECDSA_WITH_AES_256_CBC_SHA384, TLS_ECDH_RSA_WITH_AES_256_CBC_SHA384, TLS_ECDH_ECDSA_WITH_AES_128_CBC_SHA256, TLS_ECDH_RSA_WITH_AES_128_CBC_SHA256, TLS_ECDHE_ECDSA_WITH_AES_256_CBC_SHA, TLS_ECDHE_RSA_WITH_AES_256_CBC_SHA, TLS_ECDHE_ECDSA_WITH_AES_128_CBC_SHA, TLS_ECDHE_RSA_WITH_AES_128_CBC_SHA, TLS_DHE_RSA_WITH_AES_256_CBC_SHA, TLS_DHE_DSS_WITH_AES_256_CBC_SHA, TLS_DHE_RSA_WITH_AES_128_CBC_SHA, TLS_DHE_DSS_WITH_AES_128_CBC_SHA, TLS_ECDH_ECDSA_WITH_AES_256_CBC_SHA, TLS_ECDH_RSA_WITH_AES_256_CBC_SHA, TLS_ECDH_ECDSA_WITH_AES_128_CBC_SHA, TLS_ECDH_RSA_WITH_AES_128_CBC_SHA, TLS_RSA_WITH_AES_256_GCM_SHA384, TLS_RSA_WITH_AES_128_GCM_SHA256, TLS_RSA_WITH_AES_256_CBC_SHA256, TLS_RSA_WITH_AES_128_CBC_SHA256, TLS_RSA_WITH_AES_256_CBC_SHA, TLS_RSA_WITH_AES_128_CBC_SHA, TLS_EMPTY_RENEGOTIATION_INFO_SCSV]
21:52:45.089 [main] DEBUG org.apache.hc.client5.http.ssl.SSLConnectionSocketFactory - Starting handshake
21:52:45.147 [main] DEBUG org.apache.hc.client5.http.ssl.SSLConnectionSocketFactory - Secure session established
21:52:45.147 [main] DEBUG org.apache.hc.client5.http.ssl.SSLConnectionSocketFactory -  negotiated protocol: TLSv1.3
21:52:45.147 [main] DEBUG org.apache.hc.client5.http.ssl.SSLConnectionSocketFactory -  negotiated cipher suite: TLS_AES_256_GCM_SHA384
21:52:45.147 [main] DEBUG org.apache.hc.client5.http.ssl.SSLConnectionSocketFactory -  peer principal: CN=*.storage.googleapis.com
21:52:45.147 [main] DEBUG org.apache.hc.client5.http.ssl.SSLConnectionSocketFactory -  peer alternative names: [*.storage.googleapis.com, *.googleapis.com, commondatastorage.googleapis.com, *.commondatastorage.googleapis.com, storage.googleapis.com, storage-p2.googleapis.com, *.storage-p2.googleapis.com, storage.mtls.googleapis.com, *.appspot.com.storage.googleapis.com, *.content-storage.googleapis.com, *.content-storage-p2.googleapis.com, *.content-storage-upload.googleapis.com, *.content-storage-download.googleapis.com, *.storage-upload.googleapis.com, *.storage-download.googleapis.com]
21:52:45.147 [main] DEBUG org.apache.hc.client5.http.ssl.SSLConnectionSocketFactory -  issuer principal: CN=GTS CA 1C3, O=Google Trust Services LLC, C=US
21:52:45.147 [main] DEBUG org.apache.hc.client5.http.impl.io.DefaultHttpClientConnectionOperator - http-outgoing-10: connection established 192.168.100.42:62434<->142.251.223.27:443
21:52:45.147 [main] DEBUG org.apache.hc.client5.http.impl.io.PoolingHttpClientConnectionManager - ep-0000000D: connected http-outgoing-10
21:52:45.147 [main] DEBUG org.apache.hc.client5.http.impl.classic.InternalHttpClient - ep-0000000D: endpoint connected
21:52:45.147 [main] DEBUG org.apache.hc.client5.http.impl.classic.MainClientExec - ex-0000000E: executing GET /LATEST_RELEASE_117 HTTP/1.1
21:52:45.147 [main] DEBUG org.apache.hc.client5.http.impl.classic.InternalHttpClient - ep-0000000D: start execution ex-0000000E
21:52:45.147 [main] DEBUG org.apache.hc.client5.http.impl.io.PoolingHttpClientConnectionManager - ep-0000000D: executing exchange ex-0000000E over http-outgoing-10
21:52:45.147 [main] DEBUG org.apache.hc.client5.http.headers - http-outgoing-10 >> GET /LATEST_RELEASE_117 HTTP/1.1
21:52:45.147 [main] DEBUG org.apache.hc.client5.http.headers - http-outgoing-10 >> user-agent: Apache-HttpClient/5.0
21:52:45.147 [main] DEBUG org.apache.hc.client5.http.headers - http-outgoing-10 >> accept-encoding: gzip, deflate, br
21:52:45.147 [main] DEBUG org.apache.hc.client5.http.headers - http-outgoing-10 >> cache-control: max-age=0
21:52:45.147 [main] DEBUG org.apache.hc.client5.http.headers - http-outgoing-10 >> connection: keep-alive
21:52:45.147 [main] DEBUG org.apache.hc.client5.http.headers - http-outgoing-10 >> Host: chromedriver.storage.googleapis.com
21:52:45.147 [main] DEBUG org.apache.hc.client5.http.wire - http-outgoing-10 >> "GET /LATEST_RELEASE_117 HTTP/1.1[\r][\n]"
21:52:45.147 [main] DEBUG org.apache.hc.client5.http.wire - http-outgoing-10 >> "user-agent: Apache-HttpClient/5.0[\r][\n]"
21:52:45.147 [main] DEBUG org.apache.hc.client5.http.wire - http-outgoing-10 >> "accept-encoding: gzip, deflate, br[\r][\n]"
21:52:45.148 [main] DEBUG org.apache.hc.client5.http.wire - http-outgoing-10 >> "cache-control: max-age=0[\r][\n]"
21:52:45.148 [main] DEBUG org.apache.hc.client5.http.wire - http-outgoing-10 >> "connection: keep-alive[\r][\n]"
21:52:45.148 [main] DEBUG org.apache.hc.client5.http.wire - http-outgoing-10 >> "Host: chromedriver.storage.googleapis.com[\r][\n]"
21:52:45.148 [main] DEBUG org.apache.hc.client5.http.wire - http-outgoing-10 >> "[\r][\n]"
21:52:45.434 [main] DEBUG org.apache.hc.client5.http.wire - http-outgoing-10 << "HTTP/1.1 404 Not Found[\r][\n]"
21:52:45.435 [main] DEBUG org.apache.hc.client5.http.wire - http-outgoing-10 << "X-GUploader-UploadID: ADPycdvJl1vRWAQmEoLqu3OZTVhKm9SnKEqZcKRf-7V9JLA1MRzdIUmtptzWqeU8TZUGmorvAesL4LgmeTfRKsN1i0EhKHa0ztAZ[\r][\n]"
21:52:45.435 [main] DEBUG org.apache.hc.client5.http.wire - http-outgoing-10 << "Content-Type: application/xml; charset=UTF-8[\r][\n]"
21:52:45.435 [main] DEBUG org.apache.hc.client5.http.wire - http-outgoing-10 << "Content-Length: 193[\r][\n]"
21:52:45.435 [main] DEBUG org.apache.hc.client5.http.wire - http-outgoing-10 << "Date: Thu, 05 Oct 2023 14:52:45 GMT[\r][\n]"
21:52:45.435 [main] DEBUG org.apache.hc.client5.http.wire - http-outgoing-10 << "Expires: Thu, 05 Oct 2023 14:52:45 GMT[\r][\n]"
21:52:45.435 [main] DEBUG org.apache.hc.client5.http.wire - http-outgoing-10 << "Cache-Control: private, max-age=0[\r][\n]"
21:52:45.435 [main] DEBUG org.apache.hc.client5.http.wire - http-outgoing-10 << "Server: UploadServer[\r][\n]"
21:52:45.435 [main] DEBUG org.apache.hc.client5.http.wire - http-outgoing-10 << "Alt-Svc: h3=":443"; ma=2592000,h3-29=":443"; ma=2592000[\r][\n]"
21:52:45.435 [main] DEBUG org.apache.hc.client5.http.wire - http-outgoing-10 << "[\r][\n]"
21:52:45.435 [main] DEBUG org.apache.hc.client5.http.wire - http-outgoing-10 << "<?xml version='1.0' encoding='UTF-8'?><Error><Code>NoSuchKey</Code><Message>The specified key does not exist.</Message><Details>No such object: chromedriver/LATEST_RELEASE_117</Details></Error>"
21:52:45.435 [main] DEBUG org.apache.hc.client5.http.headers - http-outgoing-10 << HTTP/1.1 404 Not Found
21:52:45.435 [main] DEBUG org.apache.hc.client5.http.headers - http-outgoing-10 << X-GUploader-UploadID: ADPycdvJl1vRWAQmEoLqu3OZTVhKm9SnKEqZcKRf-7V9JLA1MRzdIUmtptzWqeU8TZUGmorvAesL4LgmeTfRKsN1i0EhKHa0ztAZ
21:52:45.435 [main] DEBUG org.apache.hc.client5.http.headers - http-outgoing-10 << Content-Type: application/xml; charset=UTF-8
21:52:45.435 [main] DEBUG org.apache.hc.client5.http.headers - http-outgoing-10 << Content-Length: 193
21:52:45.435 [main] DEBUG org.apache.hc.client5.http.headers - http-outgoing-10 << Date: Thu, 05 Oct 2023 14:52:45 GMT
21:52:45.435 [main] DEBUG org.apache.hc.client5.http.headers - http-outgoing-10 << Expires: Thu, 05 Oct 2023 14:52:45 GMT
21:52:45.435 [main] DEBUG org.apache.hc.client5.http.headers - http-outgoing-10 << Cache-Control: private, max-age=0
21:52:45.435 [main] DEBUG org.apache.hc.client5.http.headers - http-outgoing-10 << Server: UploadServer
21:52:45.435 [main] DEBUG org.apache.hc.client5.http.headers - http-outgoing-10 << Alt-Svc: h3=":443"; ma=2592000,h3-29=":443"; ma=2592000
21:52:45.435 [main] DEBUG org.apache.hc.client5.http.impl.classic.MainClientExec - ex-0000000E: connection can be kept alive for 3 MINUTES
21:52:45.436 [main] ERROR io.github.bonigarcia.wdm.online.HttpClient - Error HTTP 404 executing https://chromedriver.storage.googleapis.com/LATEST_RELEASE_117
21:52:45.436 [main] WARN io.github.bonigarcia.wdm.versions.VersionDetector - Exception reading https://chromedriver.storage.googleapis.com/LATEST_RELEASE_117 to get latest version of chromedriver (Error HTTP 404 executing https://chromedriver.storage.googleapis.com/LATEST_RELEASE_117)
21:52:45.437 [main] DEBUG io.github.bonigarcia.wdm.versions.VersionDetector - Getting driver version for chrome117 from online versions.properties
21:52:45.438 [main] DEBUG org.apache.hc.client5.http.impl.classic.InternalHttpClient - ex-0000000F: preparing request execution
21:52:45.438 [main] DEBUG org.apache.hc.client5.http.protocol.RequestAddCookies - Cookie spec selected: strict
21:52:45.438 [main] DEBUG org.apache.hc.client5.http.protocol.RequestAuthCache - Auth cache not set in the context
21:52:45.438 [main] DEBUG org.apache.hc.client5.http.impl.classic.ProtocolExec - ex-0000000F: target auth state: UNCHALLENGED
21:52:45.438 [main] DEBUG org.apache.hc.client5.http.impl.classic.ProtocolExec - ex-0000000F: proxy auth state: UNCHALLENGED
21:52:45.438 [main] DEBUG org.apache.hc.client5.http.impl.classic.ConnectExec - ex-0000000F: acquiring connection with route {s}->https://raw.githubusercontent.com:443
21:52:45.438 [main] DEBUG org.apache.hc.client5.http.impl.classic.InternalHttpClient - ex-0000000F: acquiring endpoint (3 MINUTES)
21:52:45.439 [main] DEBUG org.apache.hc.client5.http.impl.io.PoolingHttpClientConnectionManager - ex-0000000F: endpoint lease request (3 MINUTES) [route: {s}->https://raw.githubusercontent.com:443][total available: 1; route allocated: 1 of 5; total allocated: 2 of 25]
21:52:45.439 [main] DEBUG org.apache.hc.client5.http.impl.io.PoolingHttpClientConnectionManager - ex-0000000F: endpoint leased [route: {s}->https://raw.githubusercontent.com:443][total available: 0; route allocated: 1 of 5; total allocated: 2 of 25]
21:52:45.439 [main] DEBUG org.apache.hc.client5.http.impl.io.PoolingHttpClientConnectionManager - ex-0000000F: acquired ep-0000000E
21:52:45.439 [main] DEBUG org.apache.hc.client5.http.impl.classic.InternalHttpClient - ex-0000000F: acquired endpoint ep-0000000E
21:52:45.439 [main] DEBUG org.apache.hc.client5.http.impl.classic.MainClientExec - ex-0000000F: executing GET /bonigarcia/webdrivermanager/master/src/main/resources/versions.properties HTTP/1.1
21:52:45.439 [main] DEBUG org.apache.hc.client5.http.impl.classic.InternalHttpClient - ep-0000000E: start execution ex-0000000F
21:52:45.439 [main] DEBUG org.apache.hc.client5.http.impl.io.PoolingHttpClientConnectionManager - ep-0000000E: executing exchange ex-0000000F over http-outgoing-9
21:52:45.439 [main] DEBUG org.apache.hc.client5.http.headers - http-outgoing-9 >> GET /bonigarcia/webdrivermanager/master/src/main/resources/versions.properties HTTP/1.1
21:52:45.439 [main] DEBUG org.apache.hc.client5.http.headers - http-outgoing-9 >> user-agent: Apache-HttpClient/5.0
21:52:45.439 [main] DEBUG org.apache.hc.client5.http.headers - http-outgoing-9 >> accept-encoding: gzip, deflate, br
21:52:45.439 [main] DEBUG org.apache.hc.client5.http.headers - http-outgoing-9 >> cache-control: max-age=0
21:52:45.439 [main] DEBUG org.apache.hc.client5.http.headers - http-outgoing-9 >> connection: keep-alive
21:52:45.439 [main] DEBUG org.apache.hc.client5.http.headers - http-outgoing-9 >> Host: raw.githubusercontent.com
21:52:45.439 [main] DEBUG org.apache.hc.client5.http.wire - http-outgoing-9 >> "GET /bonigarcia/webdrivermanager/master/src/main/resources/versions.properties HTTP/1.1[\r][\n]"
21:52:45.439 [main] DEBUG org.apache.hc.client5.http.wire - http-outgoing-9 >> "user-agent: Apache-HttpClient/5.0[\r][\n]"
21:52:45.439 [main] DEBUG org.apache.hc.client5.http.wire - http-outgoing-9 >> "accept-encoding: gzip, deflate, br[\r][\n]"
21:52:45.439 [main] DEBUG org.apache.hc.client5.http.wire - http-outgoing-9 >> "cache-control: max-age=0[\r][\n]"
21:52:45.439 [main] DEBUG org.apache.hc.client5.http.wire - http-outgoing-9 >> "connection: keep-alive[\r][\n]"
21:52:45.439 [main] DEBUG org.apache.hc.client5.http.wire - http-outgoing-9 >> "Host: raw.githubusercontent.com[\r][\n]"
21:52:45.439 [main] DEBUG org.apache.hc.client5.http.wire - http-outgoing-9 >> "[\r][\n]"
21:52:45.483 [main] DEBUG org.apache.hc.client5.http.wire - http-outgoing-9 << "HTTP/1.1 200 OK[\r][\n]"
21:52:45.483 [main] DEBUG org.apache.hc.client5.http.wire - http-outgoing-9 << "Connection: keep-alive[\r][\n]"
21:52:45.483 [main] DEBUG org.apache.hc.client5.http.wire - http-outgoing-9 << "Content-Length: 1625[\r][\n]"
21:52:45.483 [main] DEBUG org.apache.hc.client5.http.wire - http-outgoing-9 << "Cache-Control: max-age=300[\r][\n]"
21:52:45.483 [main] DEBUG org.apache.hc.client5.http.wire - http-outgoing-9 << "Content-Security-Policy: default-src 'none'; style-src 'unsafe-inline'; sandbox[\r][\n]"
21:52:45.483 [main] DEBUG org.apache.hc.client5.http.wire - http-outgoing-9 << "Content-Type: text/plain; charset=utf-8[\r][\n]"
21:52:45.483 [main] DEBUG org.apache.hc.client5.http.wire - http-outgoing-9 << "ETag: W/"51a99ebb5fa30c7285d42b08929913814dd238f6403d61fccadee50390eab957"[\r][\n]"
21:52:45.483 [main] DEBUG org.apache.hc.client5.http.wire - http-outgoing-9 << "Strict-Transport-Security: max-age=31536000[\r][\n]"
21:52:45.483 [main] DEBUG org.apache.hc.client5.http.wire - http-outgoing-9 << "X-Content-Type-Options: nosniff[\r][\n]"
21:52:45.483 [main] DEBUG org.apache.hc.client5.http.wire - http-outgoing-9 << "X-Frame-Options: deny[\r][\n]"
21:52:45.483 [main] DEBUG org.apache.hc.client5.http.wire - http-outgoing-9 << "X-XSS-Protection: 1; mode=block[\r][\n]"
21:52:45.483 [main] DEBUG org.apache.hc.client5.http.wire - http-outgoing-9 << "X-GitHub-Request-Id: ADC8:C8321:F9E48:13930E:651E6E7C[\r][\n]"
21:52:45.483 [main] DEBUG org.apache.hc.client5.http.wire - http-outgoing-9 << "Content-Encoding: gzip[\r][\n]"
21:52:45.483 [main] DEBUG org.apache.hc.client5.http.wire - http-outgoing-9 << "Accept-Ranges: bytes[\r][\n]"
21:52:45.483 [main] DEBUG org.apache.hc.client5.http.wire - http-outgoing-9 << "Date: Thu, 05 Oct 2023 14:52:46 GMT[\r][\n]"
21:52:45.483 [main] DEBUG org.apache.hc.client5.http.wire - http-outgoing-9 << "Via: 1.1 varnish[\r][\n]"
21:52:45.483 [main] DEBUG org.apache.hc.client5.http.wire - http-outgoing-9 << "X-Served-By: cache-qpg1259-QPG[\r][\n]"
21:52:45.483 [main] DEBUG org.apache.hc.client5.http.wire - http-outgoing-9 << "X-Cache: HIT[\r][\n]"
21:52:45.483 [main] DEBUG org.apache.hc.client5.http.wire - http-outgoing-9 << "X-Cache-Hits: 2[\r][\n]"
21:52:45.483 [main] DEBUG org.apache.hc.client5.http.wire - http-outgoing-9 << "X-Timer: S1696517566.133646,VS0,VE0[\r][\n]"
21:52:45.483 [main] DEBUG org.apache.hc.client5.http.wire - http-outgoing-9 << "Vary: Authorization,Accept-Encoding,Origin[\r][\n]"
21:52:45.483 [main] DEBUG org.apache.hc.client5.http.wire - http-outgoing-9 << "Access-Control-Allow-Origin: *[\r][\n]"
21:52:45.483 [main] DEBUG org.apache.hc.client5.http.wire - http-outgoing-9 << "Cross-Origin-Resource-Policy: cross-origin[\r][\n]"
21:52:45.483 [main] DEBUG org.apache.hc.client5.http.wire - http-outgoing-9 << "X-Fastly-Request-ID: 671e9a26c21e88d1a4ea6c7753e4fe0980865253[\r][\n]"
21:52:45.483 [main] DEBUG org.apache.hc.client5.http.wire - http-outgoing-9 << "Expires: Thu, 05 Oct 2023 14:57:46 GMT[\r][\n]"
21:52:45.483 [main] DEBUG org.apache.hc.client5.http.wire - http-outgoing-9 << "Source-Age: 205[\r][\n]"
21:52:45.483 [main] DEBUG org.apache.hc.client5.http.wire - http-outgoing-9 << "[\r][\n]"
21:52:45.483 [main] DEBUG org.apache.hc.client5.http.headers - http-outgoing-9 << HTTP/1.1 200 OK
21:52:45.483 [main] DEBUG org.apache.hc.client5.http.headers - http-outgoing-9 << Connection: keep-alive
21:52:45.483 [main] DEBUG org.apache.hc.client5.http.headers - http-outgoing-9 << Content-Length: 1625
21:52:45.483 [main] DEBUG org.apache.hc.client5.http.headers - http-outgoing-9 << Cache-Control: max-age=300
21:52:45.483 [main] DEBUG org.apache.hc.client5.http.headers - http-outgoing-9 << Content-Security-Policy: default-src 'none'; style-src 'unsafe-inline'; sandbox
21:52:45.483 [main] DEBUG org.apache.hc.client5.http.headers - http-outgoing-9 << Content-Type: text/plain; charset=utf-8
21:52:45.483 [main] DEBUG org.apache.hc.client5.http.headers - http-outgoing-9 << ETag: W/"51a99ebb5fa30c7285d42b08929913814dd238f6403d61fccadee50390eab957"
21:52:45.483 [main] DEBUG org.apache.hc.client5.http.headers - http-outgoing-9 << Strict-Transport-Security: max-age=31536000
21:52:45.483 [main] DEBUG org.apache.hc.client5.http.headers - http-outgoing-9 << X-Content-Type-Options: nosniff
21:52:45.483 [main] DEBUG org.apache.hc.client5.http.headers - http-outgoing-9 << X-Frame-Options: deny
21:52:45.483 [main] DEBUG org.apache.hc.client5.http.headers - http-outgoing-9 << X-XSS-Protection: 1; mode=block
21:52:45.483 [main] DEBUG org.apache.hc.client5.http.headers - http-outgoing-9 << X-GitHub-Request-Id: ADC8:C8321:F9E48:13930E:651E6E7C
21:52:45.483 [main] DEBUG org.apache.hc.client5.http.headers - http-outgoing-9 << Content-Encoding: gzip
21:52:45.483 [main] DEBUG org.apache.hc.client5.http.headers - http-outgoing-9 << Accept-Ranges: bytes
21:52:45.483 [main] DEBUG org.apache.hc.client5.http.headers - http-outgoing-9 << Date: Thu, 05 Oct 2023 14:52:46 GMT
21:52:45.483 [main] DEBUG org.apache.hc.client5.http.headers - http-outgoing-9 << Via: 1.1 varnish
21:52:45.483 [main] DEBUG org.apache.hc.client5.http.headers - http-outgoing-9 << X-Served-By: cache-qpg1259-QPG
21:52:45.483 [main] DEBUG org.apache.hc.client5.http.headers - http-outgoing-9 << X-Cache: HIT
21:52:45.483 [main] DEBUG org.apache.hc.client5.http.headers - http-outgoing-9 << X-Cache-Hits: 2
21:52:45.483 [main] DEBUG org.apache.hc.client5.http.headers - http-outgoing-9 << X-Timer: S1696517566.133646,VS0,VE0
21:52:45.483 [main] DEBUG org.apache.hc.client5.http.headers - http-outgoing-9 << Vary: Authorization,Accept-Encoding,Origin
21:52:45.483 [main] DEBUG org.apache.hc.client5.http.headers - http-outgoing-9 << Access-Control-Allow-Origin: *
21:52:45.483 [main] DEBUG org.apache.hc.client5.http.headers - http-outgoing-9 << Cross-Origin-Resource-Policy: cross-origin
21:52:45.483 [main] DEBUG org.apache.hc.client5.http.headers - http-outgoing-9 << X-Fastly-Request-ID: 671e9a26c21e88d1a4ea6c7753e4fe0980865253
21:52:45.483 [main] DEBUG org.apache.hc.client5.http.headers - http-outgoing-9 << Expires: Thu, 05 Oct 2023 14:57:46 GMT
21:52:45.483 [main] DEBUG org.apache.hc.client5.http.headers - http-outgoing-9 << Source-Age: 205
21:52:45.483 [main] DEBUG org.apache.hc.client5.http.impl.classic.MainClientExec - ex-0000000F: connection can be kept alive for 3 MINUTES
21:52:45.484 [main] DEBUG org.apache.hc.client5.http.wire - http-outgoing-9 << "[0x1f][0xffffff8b][0x8][0x0][0x0][0x0][0x0][0x0][0x0][0x3][0xffffff8d][0xffffff97]Ko#7[0xc][0xffffffc7][0xffffffef][0xfffffff9][0x14][0x3][0xfffffff4][0x1c]YO[0xffffff8a][\n]"
21:52:45.484 [main] DEBUG org.apache.hc.client5.http.wire - http-outgoing-9 << "[0xffffffa0]K[0xffffff9f][0xffffffa7][0xffffffa2][0xffffff87][0xfffffff6][0xb]x[0xffffffed]Ib[0xffffffac][0xffffffe3][0x9]lg[0xffffffb3][0xffffffe8][0xffffffa7]/[0xfffffff5][0xffffffa0]F[0xffffff96][[0xffffffa0][0xffffff87]`[0xffffff97]?k$[0xffffff92][0xffffffe2]p[0xfffffffe][0xfffffffc]a[0xfffffffa][0xffffffeb][0xfffffff5]p[0xffffff99][0xffffff9e][0xf][0xffffffc7]y[0xffffffda]-[0xffffffa7][0xffffffeb][0xfffffff6]p[0xffffffba]L[0xffffffd7][0xffffffd7]y[0xfffffffa]zZ>O[0xffffffd3][0xfffffffe]|[0xfffffff8]6[0xffffff9f]'[0xfffffffa][0xffffffbb][0x1c][0x16][0xfffffffa]e[0xffffffb7][0xffffffbc][0xffffffbd]o[0xffffffaf][0xffffff87]/[0xffffffb4][0xfffffffa][0xfffffff3]p}[0xffffffcd]+w[0xffffffcb][0xfffffff9]<_[0xffffffde][0xffffff97][0xffffffd3][0xfffffffe]pz[0xffffff99][0xffffffbe][0xffffff9c][0xffffff97][0xffffffcf][0xffffffcb][0xfffffffa][0xffffffc8][0xffffffc3][0xffffffc3][0xf][0xffffffd3][0xffffff8f][0x5]=M[0xffffffbf]-[0xffffffcb][0xb]=[0xfffffff9][0xffffffd3][0xffffffeb]yy[0xffffff9b][0xffffffa7][0xffffffed]i_[0xfffffffe]{[0xfffffff8]x[0xffffff9b][0x1e][0xffffffa7][0xffffff9f][0xfffffff3]QO[0xffffffd3].[0xffffffff]Z[0xe][0xffffffa6][0xffffff87][0xffffffff]\>[0xffffffce][0xffffffbb][0xfffffff9]iz[0xffffffbd]^[0xffffffdf][0xffffff9f]6[0xffffff9b][0xfffffffe]W[0xffffffb1][0xffffffab]O[0xffffff8b][0xffffffe5][0xfffffffc][0xffffffb2][0xffffffd9][0xffffff93][0xffffffbf][0xffffffc7]e[0xffffffbb][0xffffffbf]<[0xffffff94]5J[0xffffffd9]H[0x7f]B[\n]"
21:52:45.484 [main] DEBUG org.apache.hc.client5.http.wire - http-outgoing-9 << "[0xffffffe7][0xffffff8d][0x13]A6n[0xffffff88][0xffffff9b][0xffffffc4][0xffffffc1]k[0x1][0xffffffa6]qM\g[0xffffffae][0xffffff9c][0xffffffb0][0xffffffa1]qE\%[0xffffffee][0xffffffc0][0x8][0xffffffb0][0xffffff8d]K[0xffffffe2]2q[0xffffff8b]Jx[0xffffffcf]\[0xffffff86]H[0x7f][0xffffff99][0xffffffd3][0xfffffff1][0xffffffbe][0xffffffad][0xffffff97]H[0x1c][0x13]7.[0x8][0xffffffaf][0x1a][0xfffffff7][0xffffffc4]}[0xffffffe6][0xffffffd2][\n]"
21:52:45.484 [main] DEBUG org.apache.hc.client5.http.wire - http-outgoing-9 << "[0xffffffd0][0xffffff8d][0x3]qH\[0xffffffdb] `][0xffffffef][0xffffff88][0xffffffbb][0xffffffc4]Up[0xfffffff4]c[0xffffffe3][0x14][0xffffffaf][0xffffffcc][0xfffffff1][0xffffffa6]0|[0xfffffff3]_R[0xffffffbc]2[0xffffffc7]+A[\n]"
21:52:45.484 [main] DEBUG org.apache.hc.client5.http.wire - http-outgoing-9 << "eV[0xffffff87](`[0xffffff99][0x3][0xffffff96][0xffffffb4]_w[0x0][0x5],S[0xffffffc0]68%[0xffffffec][0xffffffca])`[0xffffff99][0x2][0xffffffb6][0x18]@[0x0]'4[0xffffff84][0x18]B[0xffffffa6][0xffffffd6][0xffffffd2][0xffffffd9]L1[0xffffff86][0x14][0xffffffac][0xfffffff5][0xe][0x5][0x1d][0xffffffc3][0xffffffd8][0xffffffc7][0xffffff90]b[0xffffffb5][0x10][0xfffffff4][0xffffff9a][0xffffff83][0x0]1@[0xffffffa6]`[0xffffff85]uL][0xc].S[0xffffff83][0x2]8[0xffffff9e]`c[0xffffffb0][0xffffff99]Rr[0xffffffe8]"[0x19][0xffffff9b][0x18]R[0xffffff90][0xffffffd6]y[0xffffffbf]^j[0xffffffd0]1[0xffffffe8]L[0xffffffe9]J)[0xffffffcb][0xffffff8c]U[0xc]9@K[0x15]@[0xffffffb1]2[0xffffff96]1[0xffffffe4][0xfffffff8][0xffffffac][0xffffff91]Bs[0xffffff9e]0D[0xffffffcc][0xfffffff1][0x19][0xfffffffa]G[0xfffffff3][0xffffffce][0xffffff88][0x11]s|F[[0x11][0xffffff80][0xffffffa9][0xffffff8f][0xffffff98][0xffffffc3][0xffffffd3]([0x5]"S[0xffffff88][0xffffff98][0xffffffc3][0xffffffd3][0xffffff96][0xfffffff6][0xffffffe5]T[0xffffffa0][0xffffff8b][0xffffff98][0xffffffc3]Sh[0x4][0xffffffb2]kh#[0xffffffe6][0xfffffff0][0xffffff94][0xfffffff5][0xffffffc2]p[0xffffff8e][0xffffffd1]D[0xffffffcc][0xffffffd1][0xffffffa5][0xffffff9b]4[0xffffff9c][\n]"
21:52:45.484 [main] DEBUG org.apache.hc.client5.http.wire - http-outgoing-9 << "T[0x11]s[0x18][0xffffff92]2[0xffffffaf]L;NFLa[0xffffff98]@[0xffffffbe]P[0x9]U[0xffffffec]C[0xfffffff4]!c[0xffffffeb][0xffffff84]i[0x14][0xffffffa3][0xffffffc7]L[0xffffffa9]v[0xffffffa8][0xffffffae][0x18][0xfffffffb][0xffffffe8]S [0x6][0xffffff81][0xffffffde][0x5]v[0xffffffc3]C[0xfffffff4][0xffffff90])[0x15][0xffffffb8][0xffffffd2]m[0xf][0x17]}[0xffffff8a][0xffffffc4]xO[0x5][0xffffffb6][0xffffffae][0xffffffb6][0xffffffd1][0xffffffdb][0xffffff8c]5[0xffffffd5]/C[0x13]}[0xffffff8a][0xffffffc4][0x0][0x5][0x4][0xffffffec][0xffffffb2][0xffffffd7]Q[0xffffffd3][0xffffff8d][0xffffffb2][0xffffffa5]n,[0xffffff99],v[0xc]B[0xffffffb2][0xfffffff8]n[0x0][0xffffff93][0xffffffc5][0x19][0x5][0xffffff9f],[0xffffffbe]M[0xffffff80]d[0xffffffb1]3[0xffffffe0][0xffffffc8]j)[0x2][0xffffff9b],[0xffffffce]9[0xffffff98]d[0xfffffff1]y[0xffffff90]|1[0xffffffed][0xffffffbc][0xffffffe4]K{g [0xfffffff9]b[0xffffffcc]MW[0xfffffffb]}[0xfffffff9][0xfffffffb]p<n[0xffffffa7]_[0xf][0xffffffe7][0xfffffff9]y[0xfffffff9][0xffffffde][0xffffffb5][0xffffffb2][0xffffff97]y[0xfffffff7]u[0xfffffff9][0xffffffd7]Nv[0xffffffa1]V[0xfffffff6]B[\r][0xfffffff4][0xffffffe3][0xffffff8b][0xffffffa0][0xffffff96][0xffffffba]y+[l[0xffffffba][0x7]6[0xffffffe7][0xfffffff9]8o/[0xfffffff3][0xffffffe5][0xffffffe1][0xffffffb9][0xffffffec][0xffffffab][0x14]FJ[0x1b][0xffffffe5]n%[0xfffffffe][0xffffff8e][0xffffffc0][0x1d]qw[0xffffffc4][0xffffffde][0x11]sG[0xfffffff4][0x1d]QwD&[0xffffffa2][0xffffff85]n[0xffffff84]:_&[0xffffffeb][0x1a][0xffffff89]w[0xffffffc4][0xffffffdf][0x11][0xffffffb8]#[0xffffffee][0xffffff8e]d[0xffffff9f]UO[0xffffffcc][0x1d][0xffffffd1]wD[0xffffffdd][0x11]9[0xffffff90][0x10]F[0xffffff80]#[0xfffffff0]#[0xffffff80][0x11][0xffffffb8][0x11][0xffffff8c][0xffffffde][0xffffff86][0xffffffd1][0xffffffd9]0[0xfffffffa][0x1a]FWC[0xfffffff2][0xffffff94][0xffffffde][0xffffff9b][0xe][0xffffff88][0xffffffe3][0xffffffe1][0xfffffff4][0xfffffff1][0xffffffbd]`[0xffffffc5][0x18][0xffffffc3][0xffffffb0][0xe]q[0x4]~[0x4]0[0x2]7[0x2];[0xffffff82][0x14][0xffffff80][0xffffffc6][0xe][0xffffffe8][0x11][0xffffffa4][0x0][0xffffffb4][0xffffffef][0xffffff80][0x1c][0xffffff80][0xf]#[0xffffffc8][0xffffff9e]B[0x7][0xfffffffc][0x8]`[0x4]n[0x4]v[0x4]f[0x4]z[0x4]j[0x4]r[0x0][0x10]F[0xffffff90]=u[0x1d][0xffffffc8][0xffffff9e][0xffffffda][0xe][0xffffffc0][0x8][0xffffffdc][0x8][0xffffffb2][0xffffffa7][0xffffffdd][0xb][0x4]f[0x4][0xffffffd9][0xffffffd3][0xffffffae][0xffffffec]!{[0xffffffda][0x15][0x5][0xffffffc8][0x1][0xffffffb8]0[0x2][0x1c][0xffffff81][0x1f]A[0xfffffff6]Tv[0xffffffc0]1[0xffffffe8][0xffffffbb][0xffffffda][0x1f][0xffffffef][0xfffffff3]y[0xffffffdb][0xfffffff5][0xffffffb2]%[0xffffffd9][0xffffffff][0xffffffa7][0xffffff97][0xffffffe5][0xffffff85][0xffffff97][0xffffffe5][0xfffffff9][0xfffffffa][0xffffffb9]=[0xffffffcf][0xffffffc5]b[0xffffff9d]6v[0xffffffb6][0xfffffffc]c[0xffffffd6]'*[0xffffffeb][0xffffff9f]@[0xffffffdf]ye4[0xfffffff3][0xffffffa4][0xffffffc7][0xffffffb2][0xfffffffe]A[0xfffffffa]`[0x5][0xffffffcf]8[0xffffffc9][0xffffffb1],[0x7f]<[0xffffffbd][0x12][0xffffff8a]4D[0xffffffe5][0xffffffb2][0xffffff97]{[0xffffffd4][0xffffff9d][\n]"
21:52:45.484 [main] DEBUG org.apache.hc.client5.http.wire - http-outgoing-9 << "[0xffffffa7][0x17][0xffffffbc]S{J[0xffffffd7]m[0xffffffe8]5[0xffffffef][0xffffffc4][0x1e]2[0xfffffff5]7R[0xffffffcf]U[\n]"
21:52:45.484 [main] DEBUG org.apache.hc.client5.http.wire - http-outgoing-9 << "[0xffffffbd][0xffffffd0][0xffffffa3][0xffffff83]*v[0xffffffbd][0xffffffce]S[0xffffff9a][0xffffffb1][0xffffffed]e^[0x8][0xffffff95][0xffffff9a]^[0xffffffe4][0xffffff91]2(T[0xfffffff7][0x12]O)^[0xffffffac]z[0xffffff85][0xffffff97][0xffffffc4]S[0xffffffc1][0xffffffb2][0x17]xX[0x3][0xffffffc7][0xffffffd0][0xffffffcb];[0xffffff80]Jq[0xffffffd0]v[0xffffff85][0xfffffffa]^[0xffffffd9][0xffffff91][0xffffff94]-[0x14]z][0xffffffd7]RD][0xffffffe1]F[0xffffffd7][0x15]h;Y[0xffffff87][0xffffffd5]1[0xffffffea][0xe]7[0xffffffa2][0xffffffae]@}[0xffffffab][0xffffffe9][\n]"
21:52:45.484 [main] DEBUG org.apache.hc.client5.http.wire - http-outgoing-9 << "T[0xffffff9d][0xffffffa4]s|[0xffffffbe][0xffffffec][0x14][0x1d][0xffffffbb]J[0xffffffdd][0xffffffe2]F[0xffffffcf][0x15][0xffffff88][0xffffff83][0xffffff9c]+[0xffffffd4]wj[0xffffffce]3[0xffffff84]N[0xffffffcb]a=[0xffffff9e][0xffffffda][0xffffffc7]*[0xffffffe5][0xffffffd8]{j![0xffffffab][0xffffff92][0xffffffa3][0x4]Wj:%[0x7][0xffffffbc][0xffffffa9][0xffffffee][0xffffff84][0x1c][0xffffffd6][0xb][0xffffffa7]~[0xffffffb2][0xffffffea][0xffffffb8]vY[0xffffffd4]TV[0x1d][0xffffff87][0xfffffff5]b[0xffffffa9][0xffffffb1][0xffffffac]2[0xffffff8e]+[0xffffff9a][0xffffff9a]K[0xffffffa7][0xffffffe2]T[\r][0xffffff95]:L/[0xffffffe2][0xffffffea]Y[0xffffffd4]fV[\r][0xffffffe7]yW[0xffffffd7]I8.ej7[0xffffffab][0xffffff80]k[0xffffffc5]I=[0xffffffa7][0x13]p[0xfffffffc][0xffffffaa]Q[0xffffffe3][0xffffffe9][0xfffffff4][;[0xffffffab][0xffffffea][0xffffffae]l[0xffffffb8][0xffffffd0][0x1b]Uu[0x15][0xffffffa3][0xffffff8a][0xffffffae]bT[0xffffffcd]U[0xffffff8c]*[0xffffffb9][0xffffff8a]Q[0x15]W1[0xffffffaa][0xffffffe0]*F[0xffffffd5][[0xffffffc5]PE`[0x15]Cv[0xffffff86]M[0x1e][0xffffffb0][0xffffffc7]6y`[0xffffffea]96y[0xffffffa0]k2,[0x14][0xffffffe3]F[0xffffffa1][0x1d]v[0xffffffe7]%[0xffffffb5][0xffffffa4][0xffffffe9][0xffffff97][0xfffffffd][0xffffffcb][0xffffffdc]5[0xffffffb5][0xffffffb7][0xffffffcb]L[0xffffffe0]?[0xffffffbb][0xffffffda]~[0xfffffffe]6[0x1f][0xffffffd3][0xffffffae][0xffffffe2][0xffffff8d]w[0xffffffc8]-n>=~\6[0xffffff8d]=[0xffffffa6]M6[0xffffffd7]e9^6[0xffffff9f][0xfffffff3][0xffffff97][0xffffffda][0xffffffe5][0x1e][0x12]][0xffffff87]P[0xffffff85][0xffffffd4][0xffffffea][0x15]V[0xffffffca]#[0xffffffa8][0xfffffff2][0xffffffa4][0xffffff90])[0xffffff93][0xffffff85][0xfffffff2][0x0][0xffffffaa][0xffffffbc][0xffffffce][0xffffff85]\([0xffffff8f][0xffffff9f][\n]"
21:52:45.484 [main] DEBUG org.apache.hc.client5.http.wire - http-outgoing-9 << "@[0xffffffa5][0xfffffff1][0xffffffb0]P[0x1e]>[0xffffff95][0xffffffa3][0xfffffffa][0xffffffa0][0xffffffec]e[0xffffffda]FO[0xffffffe5][0x14][\n]"
21:52:45.484 [main] DEBUG org.apache.hc.client5.http.wire - http-outgoing-9 << "_Ok[0xffffff83][0xffffffa7][0xffffffb2]@[0xfffffffb]B[0xffffffa5]<v[0xffffff92]`O[0x1f][0xffffffe5][0x2]y[0xffffffe6]T[0xffffffc6][0xffffffa7]O`[0xffffffa5]<q[0xffffffd2][0xfffffff0]h[0xffffffa8][0xffffff83]U[0xffffffca][0xfffffff3][0xffffffa6][0xffffffd2][0xfffffff4][0xffffffa6]z[0xffffffde][0xffffff81][0xffffffa7]M[0x1a][0xf]l[0xb][0xffffffa2][0xffffff8d][0xffffff9a]JS[0xffffffe1][0xffffff92]|/"
21:52:45.484 [main] DEBUG org.apache.hc.client5.http.wire - http-outgoing-9 << "[0xffffff94][0x7]M[0xffffffa5][0xffffff95]\[0xfffffff7][0xffffffe5]1[0xffffff93][0x14][0xffffffaf]K[0xffffffc3]N[0xffffffa2]<dR[0xffffffeb]O[0xffffff8d][0xffffffa2][0xffffffb0]:b[0xffffffaa][0x14]]M[0xc][0xffffffcf][0xffffff97][0x14][0xffffff9a]n[0xffffffac]N[0xffffff97][0x14][0xffffff83]m[0xffffffac][0xffffffce][0xffffff96][0xffffffe4]U;[0xffffff99]'[0xffffffcb]@=[0xffffffc6][0xffffffa8][0xffffff82][0xffffffea]T[0x19]([0xfffffff5][0xffffffa6][0xffffffae][0xffffffaa]#e[0xffffff90][0xffffffeb][0x1]u[0xffffff9c][0xffffffc4][0xffffffd4][0xffffffe9][0xffffffea][0xffffff83]u[0xffffff94]D[\n]"
21:52:45.485 [main] DEBUG org.apache.hc.client5.http.wire - http-outgoing-9 << "[0xffffffac][0x10][0x1e]#[0xffffffd3][0xffffff8d][0xffffff97][0xffffff8b][0xffffffe1][0x11][0xffffffd2]Sn[0xffffffeb]c<?[0x2][0xffffff84]z%<;[0x2][0xffffff95][0x4][0xffffff94]\[0xfffffff0][0xffffffe0][0xffffffe8]R[0xffffff82][0xffffffeb][0xffffffaa]:5[0xffffffba][0xffffffac]82[0xffffffe1][0xffffff89][0xffffff91]Z[0xffffff83][0xffffffab][0xffffffe7]Q[0xfffffff7]*[0xffffffdd]3[0xffffffb0]O<@[0xffffffd2]w[0xffffffb6]^U[0x1b][0x1e])b[0xffffffaa][0xffffffbb][0xffffffcc][0xffffffda][0xffffffe4][0xffffff98]j[0xffffffb6][0xffffff90]:5j[0xffffffcf][0xffffffa5][0xffffffc3][0x3][0xffffffa3]6[0xffffff8d][0xffffffd4]a1[0xffffffb5][0xffffffc5]J[0xffffffea][0xffffff9c][0xffffffa8][0xc][\r][0xffffffd2][0x5]Y[0x1b][0xffffffdf][0xffffffcf][0xfffffff3][0xffffffe3][0xffffffe1]t[0xffffffb9]n[0xffffff8f][0xffffffc7]y_[0xffffffa0][0xffffff8e][0xffffff90][0xffffffbe][0xffffffec][0xffffffa6][0xffffffd4][0xffffff89]U[0xffffff91]Z[0x18][0xffffffe8]P[0xffffffc2][0xffffffb7]2R[0xffffff9f][0xffffffa4][0xffffffaf]][0xffffffb9][0xf][0xffffff83][0xffffff91]^,kB1uj:t[0xffffffd3]XjDS1[0xffffffa5]K[0xffffffa6][0xffffff9e][0xfffffff4][0xf][0x3][0x1][0xffffffec][0xffffffa6][0xffffffeb][0x12][0x0][0x0]"
21:52:45.485 [main] DEBUG org.apache.hc.client5.http.impl.classic.InternalHttpClient - ep-0000000E: releasing valid endpoint
21:52:45.485 [main] DEBUG org.apache.hc.client5.http.impl.io.PoolingHttpClientConnectionManager - ep-0000000E: releasing endpoint
21:52:45.485 [main] DEBUG org.apache.hc.client5.http.impl.io.PoolingHttpClientConnectionManager - ep-0000000E: connection http-outgoing-9 can be kept alive for 3 MINUTES
21:52:45.485 [main] DEBUG org.apache.hc.client5.http.impl.io.PoolingHttpClientConnectionManager - ep-0000000E: connection released [route: {s}->https://raw.githubusercontent.com:443][total available: 1; route allocated: 1 of 5; total allocated: 2 of 25]
21:52:45.485 [main] DEBUG io.github.bonigarcia.wdm.versions.VersionDetector - Driver for chrome117 not found in online properties (using local versions.properties)
21:52:45.486 [main] DEBUG io.github.bonigarcia.wdm.WebDriverManager - The driver version for CHROME 117 is unknown ... trying with latest
21:52:45.488 [main] DEBUG org.apache.hc.client5.http.impl.classic.InternalHttpClient - ex-00000010: preparing request execution
21:52:45.488 [main] DEBUG org.apache.hc.client5.http.protocol.RequestAddCookies - Cookie spec selected: strict
21:52:45.488 [main] DEBUG org.apache.hc.client5.http.protocol.RequestAuthCache - Auth cache not set in the context
21:52:45.488 [main] DEBUG org.apache.hc.client5.http.impl.classic.ProtocolExec - ex-00000010: target auth state: UNCHALLENGED
21:52:45.488 [main] DEBUG org.apache.hc.client5.http.impl.classic.ProtocolExec - ex-00000010: proxy auth state: UNCHALLENGED
21:52:45.488 [main] DEBUG org.apache.hc.client5.http.impl.classic.ConnectExec - ex-00000010: acquiring connection with route {s}->https://chromedriver.storage.googleapis.com:443
21:52:45.488 [main] DEBUG org.apache.hc.client5.http.impl.classic.InternalHttpClient - ex-00000010: acquiring endpoint (3 MINUTES)
21:52:45.488 [main] DEBUG org.apache.hc.client5.http.impl.io.PoolingHttpClientConnectionManager - ex-00000010: endpoint lease request (3 MINUTES) [route: {s}->https://chromedriver.storage.googleapis.com:443][total available: 1; route allocated: 1 of 5; total allocated: 2 of 25]
21:52:45.488 [main] DEBUG org.apache.hc.client5.http.impl.io.PoolingHttpClientConnectionManager - ex-00000010: endpoint leased [route: {s}->https://chromedriver.storage.googleapis.com:443][total available: 1; route allocated: 2 of 5; total allocated: 3 of 25]
21:52:45.488 [main] DEBUG org.apache.hc.client5.http.impl.io.PoolingHttpClientConnectionManager - ex-00000010: acquired ep-0000000F
21:52:45.488 [main] DEBUG org.apache.hc.client5.http.impl.classic.InternalHttpClient - ex-00000010: acquired endpoint ep-0000000F
21:52:45.488 [main] DEBUG org.apache.hc.client5.http.impl.classic.ConnectExec - ex-00000010: opening connection {s}->https://chromedriver.storage.googleapis.com:443
21:52:45.488 [main] DEBUG org.apache.hc.client5.http.impl.classic.InternalHttpClient - ep-0000000F: connecting endpoint (30 SECONDS)
21:52:45.488 [main] DEBUG org.apache.hc.client5.http.impl.io.PoolingHttpClientConnectionManager - ep-0000000F: connecting endpoint to https://chromedriver.storage.googleapis.com:443 (30 SECONDS)
21:52:45.488 [main] DEBUG org.apache.hc.client5.http.impl.io.DefaultHttpClientConnectionOperator - http-outgoing-11: connecting to chromedriver.storage.googleapis.com/142.251.223.27:443
21:52:45.488 [main] DEBUG org.apache.hc.client5.http.ssl.SSLConnectionSocketFactory - Connecting socket to chromedriver.storage.googleapis.com/142.251.223.27:443 with timeout 30 SECONDS
21:52:45.512 [main] DEBUG org.apache.hc.client5.http.ssl.SSLConnectionSocketFactory - Enabled protocols: [TLSv1.3, TLSv1.2]
21:52:45.512 [main] DEBUG org.apache.hc.client5.http.ssl.SSLConnectionSocketFactory - Enabled cipher suites: [TLS_AES_256_GCM_SHA384, TLS_AES_128_GCM_SHA256, TLS_CHACHA20_POLY1305_SHA256, TLS_ECDHE_ECDSA_WITH_AES_256_GCM_SHA384, TLS_ECDHE_ECDSA_WITH_AES_128_GCM_SHA256, TLS_ECDHE_ECDSA_WITH_CHACHA20_POLY1305_SHA256, TLS_ECDHE_RSA_WITH_AES_256_GCM_SHA384, TLS_ECDHE_RSA_WITH_CHACHA20_POLY1305_SHA256, TLS_ECDHE_RSA_WITH_AES_128_GCM_SHA256, TLS_DHE_RSA_WITH_AES_256_GCM_SHA384, TLS_DHE_RSA_WITH_CHACHA20_POLY1305_SHA256, TLS_DHE_DSS_WITH_AES_256_GCM_SHA384, TLS_DHE_RSA_WITH_AES_128_GCM_SHA256, TLS_DHE_DSS_WITH_AES_128_GCM_SHA256, TLS_ECDHE_ECDSA_WITH_AES_256_CBC_SHA384, TLS_ECDHE_RSA_WITH_AES_256_CBC_SHA384, TLS_ECDHE_ECDSA_WITH_AES_128_CBC_SHA256, TLS_ECDHE_RSA_WITH_AES_128_CBC_SHA256, TLS_DHE_RSA_WITH_AES_256_CBC_SHA256, TLS_DHE_DSS_WITH_AES_256_CBC_SHA256, TLS_DHE_RSA_WITH_AES_128_CBC_SHA256, TLS_DHE_DSS_WITH_AES_128_CBC_SHA256, TLS_ECDH_ECDSA_WITH_AES_256_GCM_SHA384, TLS_ECDH_RSA_WITH_AES_256_GCM_SHA384, TLS_ECDH_ECDSA_WITH_AES_128_GCM_SHA256, TLS_ECDH_RSA_WITH_AES_128_GCM_SHA256, TLS_ECDH_ECDSA_WITH_AES_256_CBC_SHA384, TLS_ECDH_RSA_WITH_AES_256_CBC_SHA384, TLS_ECDH_ECDSA_WITH_AES_128_CBC_SHA256, TLS_ECDH_RSA_WITH_AES_128_CBC_SHA256, TLS_ECDHE_ECDSA_WITH_AES_256_CBC_SHA, TLS_ECDHE_RSA_WITH_AES_256_CBC_SHA, TLS_ECDHE_ECDSA_WITH_AES_128_CBC_SHA, TLS_ECDHE_RSA_WITH_AES_128_CBC_SHA, TLS_DHE_RSA_WITH_AES_256_CBC_SHA, TLS_DHE_DSS_WITH_AES_256_CBC_SHA, TLS_DHE_RSA_WITH_AES_128_CBC_SHA, TLS_DHE_DSS_WITH_AES_128_CBC_SHA, TLS_ECDH_ECDSA_WITH_AES_256_CBC_SHA, TLS_ECDH_RSA_WITH_AES_256_CBC_SHA, TLS_ECDH_ECDSA_WITH_AES_128_CBC_SHA, TLS_ECDH_RSA_WITH_AES_128_CBC_SHA, TLS_RSA_WITH_AES_256_GCM_SHA384, TLS_RSA_WITH_AES_128_GCM_SHA256, TLS_RSA_WITH_AES_256_CBC_SHA256, TLS_RSA_WITH_AES_128_CBC_SHA256, TLS_RSA_WITH_AES_256_CBC_SHA, TLS_RSA_WITH_AES_128_CBC_SHA, TLS_EMPTY_RENEGOTIATION_INFO_SCSV]
21:52:45.512 [main] DEBUG org.apache.hc.client5.http.ssl.SSLConnectionSocketFactory - Starting handshake
21:52:45.576 [main] DEBUG org.apache.hc.client5.http.ssl.SSLConnectionSocketFactory - Secure session established
21:52:45.576 [main] DEBUG org.apache.hc.client5.http.ssl.SSLConnectionSocketFactory -  negotiated protocol: TLSv1.3
21:52:45.576 [main] DEBUG org.apache.hc.client5.http.ssl.SSLConnectionSocketFactory -  negotiated cipher suite: TLS_AES_256_GCM_SHA384
21:52:45.576 [main] DEBUG org.apache.hc.client5.http.ssl.SSLConnectionSocketFactory -  peer principal: CN=*.storage.googleapis.com
21:52:45.576 [main] DEBUG org.apache.hc.client5.http.ssl.SSLConnectionSocketFactory -  peer alternative names: [*.storage.googleapis.com, *.googleapis.com, commondatastorage.googleapis.com, *.commondatastorage.googleapis.com, storage.googleapis.com, storage-p2.googleapis.com, *.storage-p2.googleapis.com, storage.mtls.googleapis.com, *.appspot.com.storage.googleapis.com, *.content-storage.googleapis.com, *.content-storage-p2.googleapis.com, *.content-storage-upload.googleapis.com, *.content-storage-download.googleapis.com, *.storage-upload.googleapis.com, *.storage-download.googleapis.com]
21:52:45.576 [main] DEBUG org.apache.hc.client5.http.ssl.SSLConnectionSocketFactory -  issuer principal: CN=GTS CA 1C3, O=Google Trust Services LLC, C=US
21:52:45.577 [main] DEBUG org.apache.hc.client5.http.impl.io.DefaultHttpClientConnectionOperator - http-outgoing-11: connection established 192.168.100.42:62435<->142.251.223.27:443
21:52:45.577 [main] DEBUG org.apache.hc.client5.http.impl.io.PoolingHttpClientConnectionManager - ep-0000000F: connected http-outgoing-11
21:52:45.577 [main] DEBUG org.apache.hc.client5.http.impl.classic.InternalHttpClient - ep-0000000F: endpoint connected
21:52:45.577 [main] DEBUG org.apache.hc.client5.http.impl.classic.MainClientExec - ex-00000010: executing GET /LATEST_RELEASE HTTP/1.1
21:52:45.577 [main] DEBUG org.apache.hc.client5.http.impl.classic.InternalHttpClient - ep-0000000F: start execution ex-00000010
21:52:45.577 [main] DEBUG org.apache.hc.client5.http.impl.io.PoolingHttpClientConnectionManager - ep-0000000F: executing exchange ex-00000010 over http-outgoing-11
21:52:45.577 [main] DEBUG org.apache.hc.client5.http.headers - http-outgoing-11 >> GET /LATEST_RELEASE HTTP/1.1
21:52:45.577 [main] DEBUG org.apache.hc.client5.http.headers - http-outgoing-11 >> user-agent: Apache-HttpClient/5.0
21:52:45.577 [main] DEBUG org.apache.hc.client5.http.headers - http-outgoing-11 >> accept-encoding: gzip, deflate, br
21:52:45.577 [main] DEBUG org.apache.hc.client5.http.headers - http-outgoing-11 >> cache-control: max-age=0
21:52:45.577 [main] DEBUG org.apache.hc.client5.http.headers - http-outgoing-11 >> connection: keep-alive
21:52:45.577 [main] DEBUG org.apache.hc.client5.http.headers - http-outgoing-11 >> Host: chromedriver.storage.googleapis.com
21:52:45.577 [main] DEBUG org.apache.hc.client5.http.wire - http-outgoing-11 >> "GET /LATEST_RELEASE HTTP/1.1[\r][\n]"
21:52:45.577 [main] DEBUG org.apache.hc.client5.http.wire - http-outgoing-11 >> "user-agent: Apache-HttpClient/5.0[\r][\n]"
21:52:45.577 [main] DEBUG org.apache.hc.client5.http.wire - http-outgoing-11 >> "accept-encoding: gzip, deflate, br[\r][\n]"
21:52:45.577 [main] DEBUG org.apache.hc.client5.http.wire - http-outgoing-11 >> "cache-control: max-age=0[\r][\n]"
21:52:45.577 [main] DEBUG org.apache.hc.client5.http.wire - http-outgoing-11 >> "connection: keep-alive[\r][\n]"
21:52:45.577 [main] DEBUG org.apache.hc.client5.http.wire - http-outgoing-11 >> "Host: chromedriver.storage.googleapis.com[\r][\n]"
21:52:45.577 [main] DEBUG org.apache.hc.client5.http.wire - http-outgoing-11 >> "[\r][\n]"
21:52:45.634 [main] DEBUG org.apache.hc.client5.http.wire - http-outgoing-11 << "HTTP/1.1 200 OK[\r][\n]"
21:52:45.634 [main] DEBUG org.apache.hc.client5.http.wire - http-outgoing-11 << "X-GUploader-UploadID: ADPycdu2SI0-Tfa0cJc1elVCPBHF_UX33M7wxrDU9ocywLgW4JP2TYx50rKx5ZOl3BRM2ol1WGjDHEsD2a0aVd0k0obQuGY2b-XX[\r][\n]"
21:52:45.634 [main] DEBUG org.apache.hc.client5.http.wire - http-outgoing-11 << "x-goog-generation: 1685523462105569[\r][\n]"
21:52:45.634 [main] DEBUG org.apache.hc.client5.http.wire - http-outgoing-11 << "x-goog-metageneration: 1[\r][\n]"
21:52:45.634 [main] DEBUG org.apache.hc.client5.http.wire - http-outgoing-11 << "x-goog-stored-content-encoding: identity[\r][\n]"
21:52:45.634 [main] DEBUG org.apache.hc.client5.http.wire - http-outgoing-11 << "x-goog-stored-content-length: 13[\r][\n]"
21:52:45.634 [main] DEBUG org.apache.hc.client5.http.wire - http-outgoing-11 << "x-goog-hash: crc32c=tVW4TA==[\r][\n]"
21:52:45.634 [main] DEBUG org.apache.hc.client5.http.wire - http-outgoing-11 << "x-goog-hash: md5=NoaEuIlBlniwTkiZ1T16sA==[\r][\n]"
21:52:45.634 [main] DEBUG org.apache.hc.client5.http.wire - http-outgoing-11 << "x-goog-storage-class: STANDARD[\r][\n]"
21:52:45.634 [main] DEBUG org.apache.hc.client5.http.wire - http-outgoing-11 << "Accept-Ranges: bytes[\r][\n]"
21:52:45.634 [main] DEBUG org.apache.hc.client5.http.wire - http-outgoing-11 << "Content-Length: 13[\r][\n]"
21:52:45.634 [main] DEBUG org.apache.hc.client5.http.wire - http-outgoing-11 << "Server: UploadServer[\r][\n]"
21:52:45.634 [main] DEBUG org.apache.hc.client5.http.wire - http-outgoing-11 << "Date: Thu, 05 Oct 2023 14:28:12 GMT[\r][\n]"
21:52:45.634 [main] DEBUG org.apache.hc.client5.http.wire - http-outgoing-11 << "Expires: Thu, 05 Oct 2023 15:28:12 GMT[\r][\n]"
21:52:45.634 [main] DEBUG org.apache.hc.client5.http.wire - http-outgoing-11 << "Cache-Control: public, max-age=3600[\r][\n]"
21:52:45.634 [main] DEBUG org.apache.hc.client5.http.wire - http-outgoing-11 << "Age: 1474[\r][\n]"
21:52:45.634 [main] DEBUG org.apache.hc.client5.http.wire - http-outgoing-11 << "Last-Modified: Wed, 31 May 2023 08:57:42 GMT[\r][\n]"
21:52:45.634 [main] DEBUG org.apache.hc.client5.http.wire - http-outgoing-11 << "ETag: "368684b889419678b04e4899d53d7ab0"[\r][\n]"
21:52:45.634 [main] DEBUG org.apache.hc.client5.http.wire - http-outgoing-11 << "Content-Type: text/plain[\r][\n]"
21:52:45.634 [main] DEBUG org.apache.hc.client5.http.wire - http-outgoing-11 << "Alt-Svc: h3=":443"; ma=2592000,h3-29=":443"; ma=2592000[\r][\n]"
21:52:45.634 [main] DEBUG org.apache.hc.client5.http.wire - http-outgoing-11 << "[\r][\n]"
21:52:45.634 [main] DEBUG org.apache.hc.client5.http.wire - http-outgoing-11 << "114.0.5735.90"
21:52:45.635 [main] DEBUG org.apache.hc.client5.http.headers - http-outgoing-11 << HTTP/1.1 200 OK
21:52:45.635 [main] DEBUG org.apache.hc.client5.http.headers - http-outgoing-11 << X-GUploader-UploadID: ADPycdu2SI0-Tfa0cJc1elVCPBHF_UX33M7wxrDU9ocywLgW4JP2TYx50rKx5ZOl3BRM2ol1WGjDHEsD2a0aVd0k0obQuGY2b-XX
21:52:45.635 [main] DEBUG org.apache.hc.client5.http.headers - http-outgoing-11 << x-goog-generation: 1685523462105569
21:52:45.635 [main] DEBUG org.apache.hc.client5.http.headers - http-outgoing-11 << x-goog-metageneration: 1
21:52:45.635 [main] DEBUG org.apache.hc.client5.http.headers - http-outgoing-11 << x-goog-stored-content-encoding: identity
21:52:45.635 [main] DEBUG org.apache.hc.client5.http.headers - http-outgoing-11 << x-goog-stored-content-length: 13
21:52:45.635 [main] DEBUG org.apache.hc.client5.http.headers - http-outgoing-11 << x-goog-hash: crc32c=tVW4TA==
21:52:45.635 [main] DEBUG org.apache.hc.client5.http.headers - http-outgoing-11 << x-goog-hash: md5=NoaEuIlBlniwTkiZ1T16sA==
21:52:45.635 [main] DEBUG org.apache.hc.client5.http.headers - http-outgoing-11 << x-goog-storage-class: STANDARD
21:52:45.635 [main] DEBUG org.apache.hc.client5.http.headers - http-outgoing-11 << Accept-Ranges: bytes
21:52:45.635 [main] DEBUG org.apache.hc.client5.http.headers - http-outgoing-11 << Content-Length: 13
21:52:45.635 [main] DEBUG org.apache.hc.client5.http.headers - http-outgoing-11 << Server: UploadServer
21:52:45.635 [main] DEBUG org.apache.hc.client5.http.headers - http-outgoing-11 << Date: Thu, 05 Oct 2023 14:28:12 GMT
21:52:45.635 [main] DEBUG org.apache.hc.client5.http.headers - http-outgoing-11 << Expires: Thu, 05 Oct 2023 15:28:12 GMT
21:52:45.635 [main] DEBUG org.apache.hc.client5.http.headers - http-outgoing-11 << Cache-Control: public, max-age=3600
21:52:45.635 [main] DEBUG org.apache.hc.client5.http.headers - http-outgoing-11 << Age: 1474
21:52:45.635 [main] DEBUG org.apache.hc.client5.http.headers - http-outgoing-11 << Last-Modified: Wed, 31 May 2023 08:57:42 GMT
21:52:45.635 [main] DEBUG org.apache.hc.client5.http.headers - http-outgoing-11 << ETag: "368684b889419678b04e4899d53d7ab0"
21:52:45.635 [main] DEBUG org.apache.hc.client5.http.headers - http-outgoing-11 << Content-Type: text/plain
21:52:45.635 [main] DEBUG org.apache.hc.client5.http.headers - http-outgoing-11 << Alt-Svc: h3=":443"; ma=2592000,h3-29=":443"; ma=2592000
21:52:45.636 [main] DEBUG org.apache.hc.client5.http.impl.classic.MainClientExec - ex-00000010: connection can be kept alive for 3 MINUTES
21:52:45.637 [main] DEBUG org.apache.hc.client5.http.impl.classic.InternalHttpClient - ep-0000000F: releasing valid endpoint
21:52:45.637 [main] DEBUG org.apache.hc.client5.http.impl.io.PoolingHttpClientConnectionManager - ep-0000000F: releasing endpoint
21:52:45.637 [main] DEBUG org.apache.hc.client5.http.impl.io.PoolingHttpClientConnectionManager - ep-0000000F: connection http-outgoing-11 can be kept alive for 3 MINUTES
21:52:45.637 [main] DEBUG org.apache.hc.client5.http.impl.io.PoolingHttpClientConnectionManager - ep-0000000F: connection released [route: {s}->https://chromedriver.storage.googleapis.com:443][total available: 2; route allocated: 2 of 5; total allocated: 3 of 25]
21:52:45.637 [main] DEBUG io.github.bonigarcia.wdm.versions.VersionDetector - Latest version of chromedriver according to https://chromedriver.storage.googleapis.com/LATEST_RELEASE is 114.0.5735.90
21:52:45.639 [main] DEBUG io.github.bonigarcia.wdm.WebDriverManager - Driver chromedriver 114.0.5735.90 found in cache
21:52:45.639 [main] INFO io.github.bonigarcia.wdm.WebDriverManager - Exporting webdriver.chrome.driver as C:\Users\Bagas Dwi Saputra\.cache\selenium\chromedriver\win32\114.0.5735.90\chromedriver.exe
21:52:45.808 [main] DEBUG net.thucydides.core.reflection.ClassFinder - Could not load class net.serenitybdd.rest.utils.RestSpecificationFactory
21:52:45.951 [main] DEBUG net.thucydides.core.reflection.ClassFinder - Could not load class net.serenitybdd.rest.utils.RestSpecificationFactory
21:52:45.953 [main] INFO net.serenitybdd.core.webdriver.driverproviders.ProvideNewDriver - Instantiating driver
21:52:45.953 [main] INFO net.serenitybdd.core.webdriver.driverproviders.ProvideNewDriver - Driver capabilities: Capabilities {acceptInsecureCerts: false, base.url: https://app.jubelio.com, browserName: chrome, chrome.driver: src/test/resources/webdrive..., driver: chrome, goog:chromeOptions: {args: [], extensions: []}, loggingPrefs: org.openqa.selenium.logging...}
21:52:46.982 [main] DEBUG net.thucydides.core.reflection.ClassFinder - Could not load class net.serenitybdd.rest.utils.RestSpecificationFactory
21:52:49.297 [main] DEBUG net.serenitybdd.core.photography.Darkroom - Send negative for processing for target\site\serenity\f97538ddc3be05bb45164a0826cf793975e889e421bf4548eb5f6c521b11c3ba.png
21:52:49.297 [main] DEBUG net.thucydides.core.steps.StepInterceptor - STEP DONE: openLink
21:52:49.298 [Darkroom Processing Line] DEBUG net.serenitybdd.core.photography.DarkroomProcessingLine - Processing screenshot image in /var/screenshots/screenshot-15888079262747840116
21:52:49.298 [Darkroom Processing Line] DEBUG net.serenitybdd.core.photography.DarkroomProcessingLine - Saving screenshot to target\site\serenity\f97538ddc3be05bb45164a0826cf793975e889e421bf4548eb5f6c521b11c3ba.png
21:52:49.304 [main] DEBUG net.thucydides.core.steps.StepInterceptor - STARTING STEP: InventoryStockSteps.loginClickButtonLogin - fills in the {string} with valid data email
21:52:49.575 [main] DEBUG net.serenitybdd.core.photography.Darkroom - Send negative for processing for target\site\serenity\02cb3251a2c30973c12b10e8084828a02f3abc0c297b24f7b7c3631066f5dea2.png
21:52:49.575 [main] DEBUG net.thucydides.core.steps.StepInterceptor - STEP DONE: fills in the {string} with valid data email
21:52:49.578 [main] DEBUG net.thucydides.core.steps.StepInterceptor - STARTING STEP: InventoryStockSteps.loginClickButtonLogin - fill in the {string} with valid data pass
21:52:49.934 [main] DEBUG net.serenitybdd.core.photography.Darkroom - Send negative for processing for target\site\serenity\b4a3d4c8af8db5b03879f3e9d4b20629ded1850826ccbf524b25f523a6cff154.png
21:52:49.935 [main] DEBUG net.thucydides.core.steps.StepInterceptor - STEP DONE: fill in the {string} with valid data pass
21:52:49.936 [Darkroom Processing Line] DEBUG net.serenitybdd.core.photography.DarkroomProcessingLine - Processing screenshot image in /var/screenshots/screenshot-14141058442851000099
21:52:49.936 [Darkroom Processing Line] DEBUG net.serenitybdd.core.photography.DarkroomProcessingLine - Saving screenshot to target\site\serenity\b4a3d4c8af8db5b03879f3e9d4b20629ded1850826ccbf524b25f523a6cff154.png
21:52:49.939 [main] DEBUG net.thucydides.core.steps.StepInterceptor - STARTING STEP: InventoryStockSteps.loginClickButtonLogin - clickbtnlogin
21:52:50.445 [main] DEBUG net.serenitybdd.core.photography.Darkroom - Send negative for processing for target\site\serenity\28787c975cc3f0e61bd95d1a58ad1b12bacd0834e8ea38bc5fdbd2f6027facdc.png
21:52:50.445 [main] DEBUG net.thucydides.core.steps.StepInterceptor - STEP DONE: clickbtnlogin
21:52:50.445 [Darkroom Processing Line] DEBUG net.serenitybdd.core.photography.DarkroomProcessingLine - Processing screenshot image in /var/screenshots/screenshot-1694671641575761117
21:52:50.445 [Darkroom Processing Line] DEBUG net.serenitybdd.core.photography.DarkroomProcessingLine - Saving screenshot to target\site\serenity\28787c975cc3f0e61bd95d1a58ad1b12bacd0834e8ea38bc5fdbd2f6027facdc.png
21:52:53.609 [main] DEBUG net.serenitybdd.core.photography.Darkroom - Send negative for processing for target\site\serenity\32028730d6617cbaf4be8a3a222b15af4c3642cbbbed6c786edb05d6cdf1a6ef.png
21:52:53.609 [main] DEBUG net.thucydides.core.steps.StepInterceptor - STARTING STEP: InventoryStockSteps.loginClickButtonLogin - openUrlInventory
21:52:56.434 [main] DEBUG net.serenitybdd.core.photography.Darkroom - Send negative for processing for target\site\serenity\18aa7301e064ab35ef8feb111167731249a63d3cf986334d702b2be7e613fb46.png
21:52:56.434 [main] DEBUG net.thucydides.core.steps.StepInterceptor - STEP DONE: openUrlInventory
  &amp#27;[32mGiven &amp#27;[0m&amp#27;[32mLogin &amp#27;[0m&amp#27;[32m&amp#27;[1m"qa.rakamin.jubelio@gmail.com"&amp#27;[0m&amp#27;[32m, &amp#27;[0m&amp#27;[32m&amp#27;[1m"Jubelio123!"&amp#27;[0m&amp#27;[32m, click button login&amp#27;[0m &amp#27;[90m# starter.stepdefinitios.InventoryStockSteps.loginClickButtonLogin(java.lang.String,java.lang.String)&amp#27;[0m
21:52:56.733 [main] DEBUG net.serenitybdd.core.photography.Darkroom - Send negative for processing for target\site\serenity\18aa7301e064ab35ef8feb111167731249a63d3cf986334d702b2be7e613fb46.png
21:52:57.369 [main] DEBUG net.serenitybdd.core.photography.Darkroom - Send negative for processing for target\site\serenity\18aa7301e064ab35ef8feb111167731249a63d3cf986334d702b2be7e613fb46.png
21:52:57.369 [main] DEBUG net.thucydides.core.steps.StepInterceptor - STARTING STEP: InventoryStockSteps.fillsInTheWithValidDataEmail - validatePagePersedian
21:52:57.406 [main] DEBUG net.thucydides.core.steps.StepInterceptor - STEP DONE: validatePagePersedian
21:52:57.724 [main] DEBUG net.serenitybdd.core.photography.Darkroom - Send negative for processing for target\site\serenity\18aa7301e064ab35ef8feb111167731249a63d3cf986334d702b2be7e613fb46.png
21:52:57.724 [main] DEBUG net.thucydides.core.steps.StepInterceptor - STARTING STEP: InventoryStockSteps.fillsInTheWithValidDataEmail - btnPenyesuaianPersedian
21:52:58.006 [main] DEBUG net.serenitybdd.core.photography.Darkroom - Send negative for processing for target\site\serenity\74fed3f80884cac840d79721e608d85d4829a5fa5e043d3afe9fd61672487e18.png
21:52:58.007 [main] DEBUG net.thucydides.core.steps.StepInterceptor - STEP DONE: btnPenyesuaianPersedian
  &amp#27;[32mAnd &amp#27;[0m&amp#27;[32man inventory adjustment button click&amp#27;[0m                                      &amp#27;[90m# starter.stepdefinitios.InventoryStockSteps.fillsInTheWithValidDataEmail()&amp#27;[0m
21:52:58.008 [Darkroom Processing Line] DEBUG net.serenitybdd.core.photography.DarkroomProcessingLine - Processing screenshot image in /var/screenshots/screenshot-17217323087467364397
21:52:58.008 [Darkroom Processing Line] DEBUG net.serenitybdd.core.photography.DarkroomProcessingLine - Saving screenshot to target\site\serenity\74fed3f80884cac840d79721e608d85d4829a5fa5e043d3afe9fd61672487e18.png
21:52:58.626 [main] DEBUG net.serenitybdd.core.photography.Darkroom - Send negative for processing for target\site\serenity\23224668ac0c5663a6d39ccaa81712d69b7ce022f1e0e6b04dae1dca31370dac.png
21:52:58.627 [main] DEBUG net.thucydides.core.steps.StepInterceptor - STARTING STEP: InventoryStockSteps.validateTheInventoryAdjustmentPage - validatePenyesuaianPersediaa
21:52:58.654 [main] DEBUG net.thucydides.core.steps.StepInterceptor - STEP DONE: validatePenyesuaianPersediaa
  &amp#27;[32mAnd &amp#27;[0m&amp#27;[32mvalidate the inventory adjustment page&amp#27;[0m                                    &amp#27;[90m# starter.stepdefinitios.InventoryStockSteps.validateTheInventoryAdjustmentPage()&amp#27;[0m
21:52:58.916 [main] DEBUG net.serenitybdd.core.photography.Darkroom - Send negative for processing for target\site\serenity\23224668ac0c5663a6d39ccaa81712d69b7ce022f1e0e6b04dae1dca31370dac.png
21:52:58.916 [main] DEBUG net.thucydides.core.steps.StepInterceptor - STARTING STEP: InventoryStockSteps.click - btnLokasi
21:52:59.129 [main] DEBUG net.serenitybdd.core.photography.Darkroom - Send negative for processing for target\site\serenity\ffb9bfd3daa1394b62066e0e542acd4926d5448f4d8383464000c7cf23161974.png
21:52:59.129 [main] DEBUG net.thucydides.core.steps.StepInterceptor - STEP DONE: btnLokasi
21:52:59.404 [main] DEBUG net.serenitybdd.core.photography.Darkroom - Send negative for processing for target\site\serenity\ffb9bfd3daa1394b62066e0e542acd4926d5448f4d8383464000c7cf23161974.png
21:52:59.405 [main] DEBUG net.thucydides.core.steps.StepInterceptor - STARTING STEP: InventoryStockSteps.click - btnVarisi
21:52:59.591 [main] DEBUG net.serenitybdd.core.photography.Darkroom - Send negative for processing for target\site\serenity\23224668ac0c5663a6d39ccaa81712d69b7ce022f1e0e6b04dae1dca31370dac.png
21:52:59.591 [main] DEBUG net.thucydides.core.steps.StepInterceptor - STEP DONE: btnVarisi
  &amp#27;[32mAnd &amp#27;[0m&amp#27;[32mclick &amp#27;[0m&amp#27;[32m&amp#27;[1m"Pusat"&amp#27;[0m                                                             &amp#27;[90m# starter.stepdefinitios.InventoryStockSteps.click(java.lang.String)&amp#27;[0m
21:52:59.600 [main] DEBUG net.thucydides.core.steps.StepInterceptor - STARTING STEP: InventoryStockSteps.youDeteleItem - btnPilihBarang
21:52:59.927 [main] DEBUG net.serenitybdd.core.photography.Darkroom - Send negative for processing for target\site\serenity\89f155c34cc2d84972784f9f9d9a4f4a4d417e1eb586cfb2775905cc8c901374.png
21:52:59.927 [main] DEBUG net.thucydides.core.steps.StepInterceptor - STEP DONE: btnPilihBarang
21:53:00.168 [main] DEBUG net.serenitybdd.core.photography.Darkroom - Send negative for processing for target\site\serenity\9311a53bc487a0fc8bc45603cf1ae1d791425fc180db490005060165b955c6fd.png
21:53:00.168 [main] DEBUG net.thucydides.core.steps.StepInterceptor - STARTING STEP: InventoryStockSteps.youDeteleItem - btnBarang
21:53:00.835 [main] DEBUG net.serenitybdd.core.photography.Darkroom - Send negative for processing for target\site\serenity\cb66d2d166d669c8bf9f230684124852a1d2c3b9f7b46db062bca14d3b92f1be.png
21:53:00.835 [main] DEBUG net.thucydides.core.steps.StepInterceptor - STEP DONE: btnBarang
21:53:00.836 [Darkroom Processing Line] DEBUG net.serenitybdd.core.photography.DarkroomProcessingLine - Processing screenshot image in /var/screenshots/screenshot-8378129486634108183
21:53:00.836 [Darkroom Processing Line] DEBUG net.serenitybdd.core.photography.DarkroomProcessingLine - Saving screenshot to target\site\serenity\cb66d2d166d669c8bf9f230684124852a1d2c3b9f7b46db062bca14d3b92f1be.png
21:53:01.096 [main] DEBUG net.serenitybdd.core.photography.Darkroom - Send negative for processing for target\site\serenity\cb66d2d166d669c8bf9f230684124852a1d2c3b9f7b46db062bca14d3b92f1be.png
21:53:01.096 [main] DEBUG net.thucydides.core.steps.StepInterceptor - STARTING STEP: InventoryStockSteps.youDeteleItem - btnCheckbox
21:53:01.372 [main] DEBUG net.serenitybdd.core.photography.Darkroom - Send negative for processing for target\site\serenity\b298ace6f420cbd842b35f54bff5d16dd9cc7973366c933cab37ae04bc68c423.png
21:53:01.373 [main] DEBUG net.thucydides.core.steps.StepInterceptor - STEP DONE: btnCheckbox
21:53:01.373 [Darkroom Processing Line] DEBUG net.serenitybdd.core.photography.DarkroomProcessingLine - Processing screenshot image in /var/screenshots/screenshot-2611304520359536756
21:53:01.373 [Darkroom Processing Line] DEBUG net.serenitybdd.core.photography.DarkroomProcessingLine - Saving screenshot to target\site\serenity\b298ace6f420cbd842b35f54bff5d16dd9cc7973366c933cab37ae04bc68c423.png
21:53:01.626 [main] DEBUG net.serenitybdd.core.photography.Darkroom - Send negative for processing for target\site\serenity\b298ace6f420cbd842b35f54bff5d16dd9cc7973366c933cab37ae04bc68c423.png
21:53:01.626 [main] DEBUG net.thucydides.core.steps.StepInterceptor - STARTING STEP: InventoryStockSteps.youDeteleItem - btnDelete
21:53:01.954 [main] DEBUG net.serenitybdd.core.photography.Darkroom - Send negative for processing for target\site\serenity\93459f193f1e3248043c3c0874d2d22c0bce9ee467eb94e74e6070f52d8ed19b.png
21:53:01.954 [main] DEBUG net.thucydides.core.steps.StepInterceptor - STEP DONE: btnDelete
  &amp#27;[32mWhen &amp#27;[0m&amp#27;[32myou detele item &amp#27;[0m&amp#27;[32m&amp#27;[1m"Ya"&amp#27;[0m                                                     &amp#27;[90m# starter.stepdefinitios.InventoryStockSteps.youDeteleItem(java.lang.String)&amp#27;[0m
21:53:01.954 [Darkroom Processing Line] DEBUG net.serenitybdd.core.photography.DarkroomProcessingLine - Processing screenshot image in /var/screenshots/screenshot-9689289961414482597
21:53:01.954 [Darkroom Processing Line] DEBUG net.serenitybdd.core.photography.DarkroomProcessingLine - Saving screenshot to target\site\serenity\93459f193f1e3248043c3c0874d2d22c0bce9ee467eb94e74e6070f52d8ed19b.png
21:53:01.963 [main] DEBUG net.thucydides.core.steps.StepInterceptor - STARTING STEP: InventoryStockSteps.validateTheNameEmpty - validatePilihBarang
21:53:01.987 [main] DEBUG net.thucydides.core.steps.StepInterceptor - STEP DONE: validatePilihBarang
  &amp#27;[32mThen &amp#27;[0m&amp#27;[32mvalidate the name empty&amp#27;[0m                                                  &amp#27;[90m# starter.stepdefinitios.InventoryStockSteps.validateTheNameEmpty()&amp#27;[0m
21:53:02.149 [main] INFO  - 
  _____   ___   ___   _____     ___     _     ___   ___   ___   ___  
 |_   _| | __| / __| |_   _|   | _ \   /_\   / __| / __| | __| |   \ 
   | |   | _|  \__ \   | |     |  _/  / _ \  \__ \ \__ \ | _|  | |) |
   |_|   |___| |___/   |_|     |_|   /_/ \_\ |___/ |___/ |___| |___/ 

Inventory Stock - Delete
----------------------------------------------------------------------
]]></system-out>
    <system-err><![CDATA[Starting ChromeDriver 117.0.5938.88 (be6afae4721209be42944bbcd325665f9f44563b-refs/branch-heads/5938_62@{#9}) on port 6134
Only local connections are allowed.
Please see https://chromedriver.chromium.org/security-considerations for suggestions on keeping ChromeDriver safe.
ChromeDriver was started successfully.
Oct 05, 2023 9:52:46 PM org.openqa.selenium.remote.ProtocolHandshake createSession
INFO: Detected dialect: W3C
]]></system-err>
  </testcase>
  <testcase name="Inventory Stock - Delete #2" classname="Inventory Stock at app.jubelio" time="16.084">
    <system-out><![CDATA[
@Inventory @DeleteStock
Scenario Outline: Inventory Stock - Delete                                      &amp#27;[90m# src/test/resources/features/user/inventorystock.feature:31&amp#27;[0m
21:53:02.155 [main] INFO io.cucumber.core.plugin.SerenityReporter - Running feature from file:///D:/QE/Automation/Jubelio-Website/src/test/resources/features/user/inventorystock.feature
21:53:02.339 [main] DEBUG net.thucydides.core.steps.StepInterceptor - STARTING STEP: InventoryStockSteps.loginClickButtonLogin - openLink
21:53:02.340 [main] INFO net.serenitybdd.core.webdriver.driverproviders.ChromeDriverProvider - Using automatically driver download
21:53:02.348 [main] DEBUG org.apache.hc.client5.http.impl.classic.InternalHttpClient - ex-00000011: preparing request execution
21:53:02.349 [main] DEBUG org.apache.hc.client5.http.protocol.RequestAddCookies - Cookie spec selected: strict
21:53:02.349 [main] DEBUG org.apache.hc.client5.http.protocol.RequestAuthCache - Auth cache not set in the context
21:53:02.349 [main] DEBUG org.apache.hc.client5.http.impl.classic.ProtocolExec - ex-00000011: target auth state: UNCHALLENGED
21:53:02.349 [main] DEBUG org.apache.hc.client5.http.impl.classic.ProtocolExec - ex-00000011: proxy auth state: UNCHALLENGED
21:53:02.349 [main] DEBUG org.apache.hc.client5.http.impl.classic.ConnectExec - ex-00000011: acquiring connection with route {s}->https://raw.githubusercontent.com:443
21:53:02.349 [main] DEBUG org.apache.hc.client5.http.impl.classic.InternalHttpClient - ex-00000011: acquiring endpoint (3 MINUTES)
21:53:02.349 [main] DEBUG org.apache.hc.client5.http.impl.io.PoolingHttpClientConnectionManager - ex-00000011: endpoint lease request (3 MINUTES) [route: {s}->https://raw.githubusercontent.com:443][total available: 0; route allocated: 0 of 5; total allocated: 0 of 25]
21:53:02.349 [main] DEBUG org.apache.hc.client5.http.impl.io.PoolingHttpClientConnectionManager - ex-00000011: endpoint leased [route: {s}->https://raw.githubusercontent.com:443][total available: 0; route allocated: 1 of 5; total allocated: 1 of 25]
21:53:02.349 [main] DEBUG org.apache.hc.client5.http.impl.io.PoolingHttpClientConnectionManager - ex-00000011: acquired ep-00000010
21:53:02.349 [main] DEBUG org.apache.hc.client5.http.impl.classic.InternalHttpClient - ex-00000011: acquired endpoint ep-00000010
21:53:02.349 [main] DEBUG org.apache.hc.client5.http.impl.classic.ConnectExec - ex-00000011: opening connection {s}->https://raw.githubusercontent.com:443
21:53:02.349 [main] DEBUG org.apache.hc.client5.http.impl.classic.InternalHttpClient - ep-00000010: connecting endpoint (30 SECONDS)
21:53:02.349 [main] DEBUG org.apache.hc.client5.http.impl.io.PoolingHttpClientConnectionManager - ep-00000010: connecting endpoint to https://raw.githubusercontent.com:443 (30 SECONDS)
21:53:02.353 [main] DEBUG org.apache.hc.client5.http.impl.io.DefaultHttpClientConnectionOperator - http-outgoing-12: connecting to raw.githubusercontent.com/185.199.108.133:443
21:53:02.353 [main] DEBUG org.apache.hc.client5.http.ssl.SSLConnectionSocketFactory - Connecting socket to raw.githubusercontent.com/185.199.108.133:443 with timeout 30 SECONDS
21:53:02.372 [main] DEBUG org.apache.hc.client5.http.ssl.SSLConnectionSocketFactory - Enabled protocols: [TLSv1.3, TLSv1.2]
21:53:02.372 [main] DEBUG org.apache.hc.client5.http.ssl.SSLConnectionSocketFactory - Enabled cipher suites: [TLS_AES_256_GCM_SHA384, TLS_AES_128_GCM_SHA256, TLS_CHACHA20_POLY1305_SHA256, TLS_ECDHE_ECDSA_WITH_AES_256_GCM_SHA384, TLS_ECDHE_ECDSA_WITH_AES_128_GCM_SHA256, TLS_ECDHE_ECDSA_WITH_CHACHA20_POLY1305_SHA256, TLS_ECDHE_RSA_WITH_AES_256_GCM_SHA384, TLS_ECDHE_RSA_WITH_CHACHA20_POLY1305_SHA256, TLS_ECDHE_RSA_WITH_AES_128_GCM_SHA256, TLS_DHE_RSA_WITH_AES_256_GCM_SHA384, TLS_DHE_RSA_WITH_CHACHA20_POLY1305_SHA256, TLS_DHE_DSS_WITH_AES_256_GCM_SHA384, TLS_DHE_RSA_WITH_AES_128_GCM_SHA256, TLS_DHE_DSS_WITH_AES_128_GCM_SHA256, TLS_ECDHE_ECDSA_WITH_AES_256_CBC_SHA384, TLS_ECDHE_RSA_WITH_AES_256_CBC_SHA384, TLS_ECDHE_ECDSA_WITH_AES_128_CBC_SHA256, TLS_ECDHE_RSA_WITH_AES_128_CBC_SHA256, TLS_DHE_RSA_WITH_AES_256_CBC_SHA256, TLS_DHE_DSS_WITH_AES_256_CBC_SHA256, TLS_DHE_RSA_WITH_AES_128_CBC_SHA256, TLS_DHE_DSS_WITH_AES_128_CBC_SHA256, TLS_ECDH_ECDSA_WITH_AES_256_GCM_SHA384, TLS_ECDH_RSA_WITH_AES_256_GCM_SHA384, TLS_ECDH_ECDSA_WITH_AES_128_GCM_SHA256, TLS_ECDH_RSA_WITH_AES_128_GCM_SHA256, TLS_ECDH_ECDSA_WITH_AES_256_CBC_SHA384, TLS_ECDH_RSA_WITH_AES_256_CBC_SHA384, TLS_ECDH_ECDSA_WITH_AES_128_CBC_SHA256, TLS_ECDH_RSA_WITH_AES_128_CBC_SHA256, TLS_ECDHE_ECDSA_WITH_AES_256_CBC_SHA, TLS_ECDHE_RSA_WITH_AES_256_CBC_SHA, TLS_ECDHE_ECDSA_WITH_AES_128_CBC_SHA, TLS_ECDHE_RSA_WITH_AES_128_CBC_SHA, TLS_DHE_RSA_WITH_AES_256_CBC_SHA, TLS_DHE_DSS_WITH_AES_256_CBC_SHA, TLS_DHE_RSA_WITH_AES_128_CBC_SHA, TLS_DHE_DSS_WITH_AES_128_CBC_SHA, TLS_ECDH_ECDSA_WITH_AES_256_CBC_SHA, TLS_ECDH_RSA_WITH_AES_256_CBC_SHA, TLS_ECDH_ECDSA_WITH_AES_128_CBC_SHA, TLS_ECDH_RSA_WITH_AES_128_CBC_SHA, TLS_RSA_WITH_AES_256_GCM_SHA384, TLS_RSA_WITH_AES_128_GCM_SHA256, TLS_RSA_WITH_AES_256_CBC_SHA256, TLS_RSA_WITH_AES_128_CBC_SHA256, TLS_RSA_WITH_AES_256_CBC_SHA, TLS_RSA_WITH_AES_128_CBC_SHA, TLS_EMPTY_RENEGOTIATION_INFO_SCSV]
21:53:02.372 [main] DEBUG org.apache.hc.client5.http.ssl.SSLConnectionSocketFactory - Starting handshake
21:53:02.421 [main] DEBUG org.apache.hc.client5.http.ssl.SSLConnectionSocketFactory - Secure session established
21:53:02.421 [main] DEBUG org.apache.hc.client5.http.ssl.SSLConnectionSocketFactory -  negotiated protocol: TLSv1.3
21:53:02.421 [main] DEBUG org.apache.hc.client5.http.ssl.SSLConnectionSocketFactory -  negotiated cipher suite: TLS_AES_256_GCM_SHA384
21:53:02.421 [main] DEBUG org.apache.hc.client5.http.ssl.SSLConnectionSocketFactory -  peer principal: CN=*.github.io, O="GitHub, Inc.", L=San Francisco, ST=California, C=US
21:53:02.421 [main] DEBUG org.apache.hc.client5.http.ssl.SSLConnectionSocketFactory -  peer alternative names: [*.github.io, github.io, *.github.com, github.com, www.github.com, *.githubusercontent.com, githubusercontent.com]
21:53:02.421 [main] DEBUG org.apache.hc.client5.http.ssl.SSLConnectionSocketFactory -  issuer principal: CN=DigiCert TLS RSA SHA256 2020 CA1, O=DigiCert Inc, C=US
21:53:02.421 [main] DEBUG org.apache.hc.client5.http.impl.io.DefaultHttpClientConnectionOperator - http-outgoing-12: connection established 192.168.100.42:62537<->185.199.108.133:443
21:53:02.421 [main] DEBUG org.apache.hc.client5.http.impl.io.PoolingHttpClientConnectionManager - ep-00000010: connected http-outgoing-12
21:53:02.421 [main] DEBUG org.apache.hc.client5.http.impl.classic.InternalHttpClient - ep-00000010: endpoint connected
21:53:02.421 [main] DEBUG org.apache.hc.client5.http.impl.classic.MainClientExec - ex-00000011: executing GET /bonigarcia/webdrivermanager/master/src/main/resources/commands.properties HTTP/1.1
21:53:02.421 [main] DEBUG org.apache.hc.client5.http.impl.classic.InternalHttpClient - ep-00000010: start execution ex-00000011
21:53:02.421 [main] DEBUG org.apache.hc.client5.http.impl.io.PoolingHttpClientConnectionManager - ep-00000010: executing exchange ex-00000011 over http-outgoing-12
21:53:02.421 [main] DEBUG org.apache.hc.client5.http.headers - http-outgoing-12 >> GET /bonigarcia/webdrivermanager/master/src/main/resources/commands.properties HTTP/1.1
21:53:02.421 [main] DEBUG org.apache.hc.client5.http.headers - http-outgoing-12 >> user-agent: Apache-HttpClient/5.0
21:53:02.421 [main] DEBUG org.apache.hc.client5.http.headers - http-outgoing-12 >> accept-encoding: gzip, deflate, br
21:53:02.421 [main] DEBUG org.apache.hc.client5.http.headers - http-outgoing-12 >> cache-control: max-age=0
21:53:02.421 [main] DEBUG org.apache.hc.client5.http.headers - http-outgoing-12 >> connection: keep-alive
21:53:02.421 [main] DEBUG org.apache.hc.client5.http.headers - http-outgoing-12 >> Host: raw.githubusercontent.com
21:53:02.421 [main] DEBUG org.apache.hc.client5.http.wire - http-outgoing-12 >> "GET /bonigarcia/webdrivermanager/master/src/main/resources/commands.properties HTTP/1.1[\r][\n]"
21:53:02.421 [main] DEBUG org.apache.hc.client5.http.wire - http-outgoing-12 >> "user-agent: Apache-HttpClient/5.0[\r][\n]"
21:53:02.421 [main] DEBUG org.apache.hc.client5.http.wire - http-outgoing-12 >> "accept-encoding: gzip, deflate, br[\r][\n]"
21:53:02.421 [main] DEBUG org.apache.hc.client5.http.wire - http-outgoing-12 >> "cache-control: max-age=0[\r][\n]"
21:53:02.421 [main] DEBUG org.apache.hc.client5.http.wire - http-outgoing-12 >> "connection: keep-alive[\r][\n]"
21:53:02.421 [main] DEBUG org.apache.hc.client5.http.wire - http-outgoing-12 >> "Host: raw.githubusercontent.com[\r][\n]"
21:53:02.421 [main] DEBUG org.apache.hc.client5.http.wire - http-outgoing-12 >> "[\r][\n]"
21:53:02.459 [main] DEBUG org.apache.hc.client5.http.wire - http-outgoing-12 << "HTTP/1.1 200 OK[\r][\n]"
21:53:02.459 [main] DEBUG org.apache.hc.client5.http.wire - http-outgoing-12 << "Connection: keep-alive[\r][\n]"
21:53:02.459 [main] DEBUG org.apache.hc.client5.http.wire - http-outgoing-12 << "Content-Length: 723[\r][\n]"
21:53:02.459 [main] DEBUG org.apache.hc.client5.http.wire - http-outgoing-12 << "Cache-Control: max-age=300[\r][\n]"
21:53:02.459 [main] DEBUG org.apache.hc.client5.http.wire - http-outgoing-12 << "Content-Security-Policy: default-src 'none'; style-src 'unsafe-inline'; sandbox[\r][\n]"
21:53:02.459 [main] DEBUG org.apache.hc.client5.http.wire - http-outgoing-12 << "Content-Type: text/plain; charset=utf-8[\r][\n]"
21:53:02.459 [main] DEBUG org.apache.hc.client5.http.wire - http-outgoing-12 << "ETag: W/"e82b438271e9e8680c688b0b680efd0bdd22faa6d6f0a32fc1fd8accc486b67e"[\r][\n]"
21:53:02.459 [main] DEBUG org.apache.hc.client5.http.wire - http-outgoing-12 << "Strict-Transport-Security: max-age=31536000[\r][\n]"
21:53:02.459 [main] DEBUG org.apache.hc.client5.http.wire - http-outgoing-12 << "X-Content-Type-Options: nosniff[\r][\n]"
21:53:02.459 [main] DEBUG org.apache.hc.client5.http.wire - http-outgoing-12 << "X-Frame-Options: deny[\r][\n]"
21:53:02.459 [main] DEBUG org.apache.hc.client5.http.wire - http-outgoing-12 << "X-XSS-Protection: 1; mode=block[\r][\n]"
21:53:02.459 [main] DEBUG org.apache.hc.client5.http.wire - http-outgoing-12 << "X-GitHub-Request-Id: 4CA0:B8C7F:70C4E:8CACE:651389F9[\r][\n]"
21:53:02.459 [main] DEBUG org.apache.hc.client5.http.wire - http-outgoing-12 << "Content-Encoding: gzip[\r][\n]"
21:53:02.459 [main] DEBUG org.apache.hc.client5.http.wire - http-outgoing-12 << "Accept-Ranges: bytes[\r][\n]"
21:53:02.459 [main] DEBUG org.apache.hc.client5.http.wire - http-outgoing-12 << "Date: Thu, 05 Oct 2023 14:53:03 GMT[\r][\n]"
21:53:02.459 [main] DEBUG org.apache.hc.client5.http.wire - http-outgoing-12 << "Via: 1.1 varnish[\r][\n]"
21:53:02.459 [main] DEBUG org.apache.hc.client5.http.wire - http-outgoing-12 << "X-Served-By: cache-qpg1272-QPG[\r][\n]"
21:53:02.459 [main] DEBUG org.apache.hc.client5.http.wire - http-outgoing-12 << "X-Cache: HIT[\r][\n]"
21:53:02.459 [main] DEBUG org.apache.hc.client5.http.wire - http-outgoing-12 << "X-Cache-Hits: 2[\r][\n]"
21:53:02.459 [main] DEBUG org.apache.hc.client5.http.wire - http-outgoing-12 << "X-Timer: S1696517583.117565,VS0,VE0[\r][\n]"
21:53:02.459 [main] DEBUG org.apache.hc.client5.http.wire - http-outgoing-12 << "Vary: Authorization,Accept-Encoding,Origin[\r][\n]"
21:53:02.459 [main] DEBUG org.apache.hc.client5.http.wire - http-outgoing-12 << "Access-Control-Allow-Origin: *[\r][\n]"
21:53:02.459 [main] DEBUG org.apache.hc.client5.http.wire - http-outgoing-12 << "Cross-Origin-Resource-Policy: cross-origin[\r][\n]"
21:53:02.459 [main] DEBUG org.apache.hc.client5.http.wire - http-outgoing-12 << "X-Fastly-Request-ID: 09b7a3cdb9474746e5b1f8f28dcdcf9330069066[\r][\n]"
21:53:02.459 [main] DEBUG org.apache.hc.client5.http.wire - http-outgoing-12 << "Expires: Thu, 05 Oct 2023 14:58:03 GMT[\r][\n]"
21:53:02.459 [main] DEBUG org.apache.hc.client5.http.wire - http-outgoing-12 << "Source-Age: 64[\r][\n]"
21:53:02.459 [main] DEBUG org.apache.hc.client5.http.wire - http-outgoing-12 << "[\r][\n]"
21:53:02.459 [main] DEBUG org.apache.hc.client5.http.headers - http-outgoing-12 << HTTP/1.1 200 OK
21:53:02.459 [main] DEBUG org.apache.hc.client5.http.headers - http-outgoing-12 << Connection: keep-alive
21:53:02.459 [main] DEBUG org.apache.hc.client5.http.headers - http-outgoing-12 << Content-Length: 723
21:53:02.459 [main] DEBUG org.apache.hc.client5.http.headers - http-outgoing-12 << Cache-Control: max-age=300
21:53:02.459 [main] DEBUG org.apache.hc.client5.http.headers - http-outgoing-12 << Content-Security-Policy: default-src 'none'; style-src 'unsafe-inline'; sandbox
21:53:02.459 [main] DEBUG org.apache.hc.client5.http.headers - http-outgoing-12 << Content-Type: text/plain; charset=utf-8
21:53:02.459 [main] DEBUG org.apache.hc.client5.http.headers - http-outgoing-12 << ETag: W/"e82b438271e9e8680c688b0b680efd0bdd22faa6d6f0a32fc1fd8accc486b67e"
21:53:02.459 [main] DEBUG org.apache.hc.client5.http.headers - http-outgoing-12 << Strict-Transport-Security: max-age=31536000
21:53:02.459 [main] DEBUG org.apache.hc.client5.http.headers - http-outgoing-12 << X-Content-Type-Options: nosniff
21:53:02.459 [main] DEBUG org.apache.hc.client5.http.headers - http-outgoing-12 << X-Frame-Options: deny
21:53:02.459 [main] DEBUG org.apache.hc.client5.http.headers - http-outgoing-12 << X-XSS-Protection: 1; mode=block
21:53:02.459 [main] DEBUG org.apache.hc.client5.http.headers - http-outgoing-12 << X-GitHub-Request-Id: 4CA0:B8C7F:70C4E:8CACE:651389F9
21:53:02.459 [main] DEBUG org.apache.hc.client5.http.headers - http-outgoing-12 << Content-Encoding: gzip
21:53:02.459 [main] DEBUG org.apache.hc.client5.http.headers - http-outgoing-12 << Accept-Ranges: bytes
21:53:02.459 [main] DEBUG org.apache.hc.client5.http.headers - http-outgoing-12 << Date: Thu, 05 Oct 2023 14:53:03 GMT
21:53:02.459 [main] DEBUG org.apache.hc.client5.http.headers - http-outgoing-12 << Via: 1.1 varnish
21:53:02.459 [main] DEBUG org.apache.hc.client5.http.headers - http-outgoing-12 << X-Served-By: cache-qpg1272-QPG
21:53:02.459 [main] DEBUG org.apache.hc.client5.http.headers - http-outgoing-12 << X-Cache: HIT
21:53:02.459 [main] DEBUG org.apache.hc.client5.http.headers - http-outgoing-12 << X-Cache-Hits: 2
21:53:02.459 [main] DEBUG org.apache.hc.client5.http.headers - http-outgoing-12 << X-Timer: S1696517583.117565,VS0,VE0
21:53:02.459 [main] DEBUG org.apache.hc.client5.http.headers - http-outgoing-12 << Vary: Authorization,Accept-Encoding,Origin
21:53:02.459 [main] DEBUG org.apache.hc.client5.http.headers - http-outgoing-12 << Access-Control-Allow-Origin: *
21:53:02.459 [main] DEBUG org.apache.hc.client5.http.headers - http-outgoing-12 << Cross-Origin-Resource-Policy: cross-origin
21:53:02.459 [main] DEBUG org.apache.hc.client5.http.headers - http-outgoing-12 << X-Fastly-Request-ID: 09b7a3cdb9474746e5b1f8f28dcdcf9330069066
21:53:02.459 [main] DEBUG org.apache.hc.client5.http.headers - http-outgoing-12 << Expires: Thu, 05 Oct 2023 14:58:03 GMT
21:53:02.459 [main] DEBUG org.apache.hc.client5.http.headers - http-outgoing-12 << Source-Age: 64
21:53:02.459 [main] DEBUG org.apache.hc.client5.http.impl.classic.MainClientExec - ex-00000011: connection can be kept alive for 3 MINUTES
21:53:02.460 [main] DEBUG org.apache.hc.client5.http.wire - http-outgoing-12 << "[0x1f][0xffffff8b][0x8][0x0][0x0][0x0][0x0][0x0][0x0][0x3][0xffffffb5]V]o[0xffffffda]0[0x14]}[0xffffffe7]W\[0xffffff81]*[0xffffffb5][0x12][0x1f][[M[0xffffffd3]$[0x1e]hF[0xffffffbb]i [0x18][0xffffffb4][0xffffffdd]&[0xfffffff9][0xffffffc5]$7[0xffffffc1]R[0x12]#;[0xffffff94]v[0xffffffbf]~[0xffffffb6][0xfffffff3]1[0xffffff92][0xffffff9a][0xffffffc1][0x1a]x[0xffffffcb][0xffffffb5][0xffffffaf][0xffffffcf]9[0xffffffbe][0xfffffff7]8v[0xb][0x1c][0x1e]E4[0xfffffff6]$x4[0xffffffa1][0xb]*[0xffffffb1][0xffffffd1][0xffffff82][0xfffffffb]%[0xffffff93][0xffffffe0][0xffffffb3][0x10][0xffffffc1][0xffffffe5]qBY,!Y[0xffffffea] KM8,[0x10][0xfffffff0][0x19][0xffffffdd]u[0xffffff82][0x1e][0xffffffb0][0xffffffd8]L[0xffffffcb]%[0xffffff86][0xffffffa1][0xe][0xffffffb8][0xfffffff0]P[0xffffffe8]$[0xf][0x13]t[0x13]3[0xfffffff9][0xffffff84]B2[0xffffffae][0xffffffe6]|@[0xfffffff5][0x1d][0x8][0xffffffc4][0x18][0x16][0xffffff82]o[0xffffffa4][0xffffff9a]P[0xffffff94][0xffffffe7][0xffffffce]R[0xfffffff0][0x8][0xffffffdb]p[0xffffffcb][0x4][0xfffffffa][0xfffffffc][0xffffffb9][\r][0xffffff93][0x15][\n]"
21:53:02.460 [main] DEBUG org.apache.hc.client5.http.wire - http-outgoing-12 << "[0xffffffda][0xffffff86][0xffffffa1][0x17][0xffffffa8]Q3[0xffffffcb][0xffffffd6][0xffffffd1][0xffffff85][0xffffffc6][0xfffffff7][0xffffff98][0xffffffef][0xffffffa3][0xffffffc0]8[0x1][0xffffffae]s[0x12][0x16][0x7] _d[0xffffff82][0xffffff91][0xffffff84][0xfffffff3][0x1f],[0xfffffff6][0x14]j[0x1b]F,^+[0xffffff98]1ua2[0xffffffbf]h([0xffffff8e][0xffffff94][0xffffffa2][0xffffff91]m[0xffffffa3][0xffffffeb][0xffffff9a][0xffffffb0][0xffffffbb]I[0x17]t[0xffffffdf][0xffffffbd][0xffffffef][0xffffffbb][0xffffff91][0xffffffd7]U[0xffffffbb][0xffffff82][0xffffff9e][0x3][0xffffff9b][0xffffff88][0xffffffb9][0xffffffa6]$[0xffffffa6][0xc][0xffffff9b][0xffffffa5][0xffffffe2][0xffffff83][0xffffff98]F[0xffffffd8]o[0xffffff9e]Mg[0xffffff93][0xffffffbb][0xffffffd9]`|[0xfffffffb]u4[0xffffff9c][0x7f]"}B[0xffffffce][0x8][0xffffffb9][0xffffffe3]<[0x8][0xffffff91][0xffffff90][0xffffff94][0xffffff82][0xffffff90][0xffffffc1]j[0x15]2WI[0xffffffe3]1![0x19][0xffffff91]BnB[0xffffff80][0x9]<f[0xffffffb5][0xffffffe8]=[0xffffffd1]p[0xffffffbd][[0xffffffcf][0xffffffe5][0x1b][0xfffffff4][0xffffff9c][0xffffffff][0xfffffffc][0xfffffff8][0xffffffe1][0xffffffe2][0xffffff94][0xffffffa2][0xffffffae][0xe][0x14]5[0xffffff9a]8[0xffffff83][0xffffffd1]`:[0xfffffffd]<[0xffffffb8][0x1f][0xffffff9c]R[0xffffffcf]u[0x7f]6[0xffffffbc][0xffffff83][0xffffffef][0xf][0xffffffc3][0xffffffd9]/[0xfffffff8][0xfffffff2][0xffffffcd]y s[0xffffffee]'[0x1b]*0g[0xffffffcb][0xffffffc8]nF7H][0xffffff83][0xffffff97]{[0xffffffb1]Q[0x5][\r][0xffffffb5]c[0xffffffb4][0xf][0x2][0xffffffb3][0xffffffb4][0xffffff93][0xe]C[0xffffffa7][0xffffffb3]kAD][0xffffff9d][0xffffffde][0xffffffdb][0xffffffda][0xffffff88][0xffffffec][0xffffffa5][0xffffffbc][0xffffff99][0xffffffd9][0xffffffba]t[0xffffffb5][0xffffffea]9[0xffffffea][0x10])[0xffffffb7][0xffffffca][0xffffff9e][0xfffffff2][0xffffffe2]d^N[0xffffffd8]FW[0x16][0xffffffcd][0xffffffdc]_[0x10][0xfffffff9]i|[0x1c][0xffffff93][0xffffff8e][0xfffffff9]o[0x16][0xffffff86]4'!$G[0xffffffdf]W[0xfffffff4]W*j[[0xfffffff3]xR[0xffffffae][0xffffffb6][0xc][0xffffffd0],; #[0xffffffa9][0xffffff92]5[0xffffffb5][0x7][0xffffff9c][0xffffffb5][0xffffffd0][0x7f][0xffffff90][0xffffffc7]jgs[0xfffffffc][0xffffffc2][0xb][0xffffffd9][0x0]t[0xffffff9e]^'Y[0xfffffffb][0xffffff9f][0xffffffb1][0xffffffd8]:[0xffffffbf][0xffffff8d][0xffffffa5][0xffffff9a][0xffffffad][0x7f]m[0x5]&[0xffffffaa][0xffffffa0]^[0xffffff9b][0xffffffcb][0x5]f[0xffffffae][0xffffffe0]RU[0xffffff82][0x10]MS9l[0xffffff91]4t[0xfffffffb][0xffffff8a]][0xffffffd6][0xfffffff4][0xffffff96][0xffffffa6][0xffffff9f]P[0xffffffce][0xffffffd5][0xffffffce][0xffffff93][0xffffffff][0xffffff97][0xffffffcc]p[0xfffffffd][0xfffffff3][0xffffffe8][0x1b][0xffffffcc][0xffffffa2][0xffffffd9]Q[0xffffffbe][0xffffffb2][0xffffffa3][0xffffffc7]m'[0xffffffdf][0xffffffe4][[0xfffffffb]^[0xffffffb0][0xffffff9a][0xffffffbe][0xffffffda][0xffffffda]_[0xffffffce][0xffffff80][0xffffffd2][0xffffffc1]7[0xffffffb7]][0xffffffc1]b[0xffffffee][0xffffffb5][0xffffffff]w[0xffffff83][0xffffffed][0xffffffa7];[0x15]<[0x10]4[0xffffff92][0xffffff84][0x18][\n]"
21:53:02.460 [main] DEBUG org.apache.hc.client5.http.wire - http-outgoing-12 << "BB[0xffffffba][0xffffff8e]][0xffffffb5]jo[0xffffffb9]+"[0xffffffea][0xffffffb4][0xffffffff]h"[0xffffffea]\?5[0xffffffa9][0xffffffaf]k[0xffffffec][0xffffffff]P[0xffffffea][\n]"
21:53:02.460 [main] DEBUG org.apache.hc.client5.http.wire - http-outgoing-12 << "w[0xffffffe1]K[0x13][0xffffffda][0xffffffec][0xffffff98][0xffffffe6]Y[0xfffffffd]h8m6[0xffffff9c]T[0xffffffc1][0xfffffff2][0xffffffa7][0xffffff91]z_[0xffffff95]o85p[0x1c][0x13][0xffffffe6][0xfffffff0]5[0xffffffee][0xfffffffc][0xffffff92][0xffffff96][0xffffffda][0xfffffff7][0xffffffcf][0xffffffb1][0x5][0x1d][0xffffffea]K[0xffffff9b]9[0xffffff8e][0xffffffad]e[0xfffffff7][0xffffff93][0xffffffa8]`[0xffffffda][0xffffffff][0x1a][0xffffffd2][0xffffff88][0xffffff85][0xfffffffd][0xfffffff2][0xffffff91]N[0xfffffff6]`[0xffffffdf]2[0xffffffcf][0xffffffae]E[0xffffff97][0xffffffc5][0xffffffa2][0xffffff9d][0xffffffef]'[0xffffff9d]mun.[0xffffffd3]f^[0xffffffc7][0xffffff82][0xffffffda][0xffffff82]9[0xfffffff5][0xffffffa9]`[0x5][0xffffffbc]4[0xffffffa1][0x1d]<M[0xffffffb5]A[0xffffffa7]3[[0xffffffc0][0x7f][0x0][0xffffffc1][0xffffffd0]$[0xffffff85][0x1d][\r][0x0][0x0]"
21:53:02.460 [main] DEBUG org.apache.hc.client5.http.impl.classic.InternalHttpClient - ep-00000010: releasing valid endpoint
21:53:02.460 [main] DEBUG org.apache.hc.client5.http.impl.io.PoolingHttpClientConnectionManager - ep-00000010: releasing endpoint
21:53:02.460 [main] DEBUG org.apache.hc.client5.http.impl.io.PoolingHttpClientConnectionManager - ep-00000010: connection http-outgoing-12 can be kept alive for 3 MINUTES
21:53:02.460 [main] DEBUG org.apache.hc.client5.http.impl.io.PoolingHttpClientConnectionManager - ep-00000010: connection released [route: {s}->https://raw.githubusercontent.com:443][total available: 1; route allocated: 1 of 5; total allocated: 1 of 25]
21:53:02.460 [main] DEBUG io.github.bonigarcia.wdm.versions.VersionDetector - Detecting chrome version using online commands.properties
21:53:02.461 [main] DEBUG io.github.bonigarcia.wdm.versions.Shell - Running command on the shell: [cmd.exe, /C, wmic, datafile, where, name="%PROGRAMFILES:\=\\%\\Google\\Chrome\\Application\\chrome.exe", get, Version, /value]
21:53:02.577 [main] DEBUG io.github.bonigarcia.wdm.versions.Shell - Result: Version=117.0.5938.134
21:53:02.579 [main] DEBUG org.apache.hc.client5.http.impl.classic.InternalHttpClient - ex-00000012: preparing request execution
21:53:02.579 [main] DEBUG org.apache.hc.client5.http.protocol.RequestAddCookies - Cookie spec selected: strict
21:53:02.579 [main] DEBUG org.apache.hc.client5.http.protocol.RequestAuthCache - Auth cache not set in the context
21:53:02.579 [main] DEBUG org.apache.hc.client5.http.impl.classic.ProtocolExec - ex-00000012: target auth state: UNCHALLENGED
21:53:02.579 [main] DEBUG org.apache.hc.client5.http.impl.classic.ProtocolExec - ex-00000012: proxy auth state: UNCHALLENGED
21:53:02.579 [main] DEBUG org.apache.hc.client5.http.impl.classic.ConnectExec - ex-00000012: acquiring connection with route {s}->https://chromedriver.storage.googleapis.com:443
21:53:02.579 [main] DEBUG org.apache.hc.client5.http.impl.classic.InternalHttpClient - ex-00000012: acquiring endpoint (3 MINUTES)
21:53:02.579 [main] DEBUG org.apache.hc.client5.http.impl.io.PoolingHttpClientConnectionManager - ex-00000012: endpoint lease request (3 MINUTES) [route: {s}->https://chromedriver.storage.googleapis.com:443][total available: 1; route allocated: 0 of 5; total allocated: 1 of 25]
21:53:02.579 [main] DEBUG org.apache.hc.client5.http.impl.io.PoolingHttpClientConnectionManager - ex-00000012: endpoint leased [route: {s}->https://chromedriver.storage.googleapis.com:443][total available: 1; route allocated: 1 of 5; total allocated: 2 of 25]
21:53:02.580 [main] DEBUG org.apache.hc.client5.http.impl.io.PoolingHttpClientConnectionManager - ex-00000012: acquired ep-00000011
21:53:02.580 [main] DEBUG org.apache.hc.client5.http.impl.classic.InternalHttpClient - ex-00000012: acquired endpoint ep-00000011
21:53:02.580 [main] DEBUG org.apache.hc.client5.http.impl.classic.ConnectExec - ex-00000012: opening connection {s}->https://chromedriver.storage.googleapis.com:443
21:53:02.580 [main] DEBUG org.apache.hc.client5.http.impl.classic.InternalHttpClient - ep-00000011: connecting endpoint (30 SECONDS)
21:53:02.580 [main] DEBUG org.apache.hc.client5.http.impl.io.PoolingHttpClientConnectionManager - ep-00000011: connecting endpoint to https://chromedriver.storage.googleapis.com:443 (30 SECONDS)
21:53:02.791 [main] DEBUG org.apache.hc.client5.http.impl.io.DefaultHttpClientConnectionOperator - http-outgoing-13: connecting to chromedriver.storage.googleapis.com/34.101.5.59:443
21:53:02.791 [main] DEBUG org.apache.hc.client5.http.ssl.SSLConnectionSocketFactory - Connecting socket to chromedriver.storage.googleapis.com/34.101.5.59:443 with timeout 30 SECONDS
21:53:02.828 [main] DEBUG org.apache.hc.client5.http.ssl.SSLConnectionSocketFactory - Enabled protocols: [TLSv1.3, TLSv1.2]
21:53:02.828 [main] DEBUG org.apache.hc.client5.http.ssl.SSLConnectionSocketFactory - Enabled cipher suites: [TLS_AES_256_GCM_SHA384, TLS_AES_128_GCM_SHA256, TLS_CHACHA20_POLY1305_SHA256, TLS_ECDHE_ECDSA_WITH_AES_256_GCM_SHA384, TLS_ECDHE_ECDSA_WITH_AES_128_GCM_SHA256, TLS_ECDHE_ECDSA_WITH_CHACHA20_POLY1305_SHA256, TLS_ECDHE_RSA_WITH_AES_256_GCM_SHA384, TLS_ECDHE_RSA_WITH_CHACHA20_POLY1305_SHA256, TLS_ECDHE_RSA_WITH_AES_128_GCM_SHA256, TLS_DHE_RSA_WITH_AES_256_GCM_SHA384, TLS_DHE_RSA_WITH_CHACHA20_POLY1305_SHA256, TLS_DHE_DSS_WITH_AES_256_GCM_SHA384, TLS_DHE_RSA_WITH_AES_128_GCM_SHA256, TLS_DHE_DSS_WITH_AES_128_GCM_SHA256, TLS_ECDHE_ECDSA_WITH_AES_256_CBC_SHA384, TLS_ECDHE_RSA_WITH_AES_256_CBC_SHA384, TLS_ECDHE_ECDSA_WITH_AES_128_CBC_SHA256, TLS_ECDHE_RSA_WITH_AES_128_CBC_SHA256, TLS_DHE_RSA_WITH_AES_256_CBC_SHA256, TLS_DHE_DSS_WITH_AES_256_CBC_SHA256, TLS_DHE_RSA_WITH_AES_128_CBC_SHA256, TLS_DHE_DSS_WITH_AES_128_CBC_SHA256, TLS_ECDH_ECDSA_WITH_AES_256_GCM_SHA384, TLS_ECDH_RSA_WITH_AES_256_GCM_SHA384, TLS_ECDH_ECDSA_WITH_AES_128_GCM_SHA256, TLS_ECDH_RSA_WITH_AES_128_GCM_SHA256, TLS_ECDH_ECDSA_WITH_AES_256_CBC_SHA384, TLS_ECDH_RSA_WITH_AES_256_CBC_SHA384, TLS_ECDH_ECDSA_WITH_AES_128_CBC_SHA256, TLS_ECDH_RSA_WITH_AES_128_CBC_SHA256, TLS_ECDHE_ECDSA_WITH_AES_256_CBC_SHA, TLS_ECDHE_RSA_WITH_AES_256_CBC_SHA, TLS_ECDHE_ECDSA_WITH_AES_128_CBC_SHA, TLS_ECDHE_RSA_WITH_AES_128_CBC_SHA, TLS_DHE_RSA_WITH_AES_256_CBC_SHA, TLS_DHE_DSS_WITH_AES_256_CBC_SHA, TLS_DHE_RSA_WITH_AES_128_CBC_SHA, TLS_DHE_DSS_WITH_AES_128_CBC_SHA, TLS_ECDH_ECDSA_WITH_AES_256_CBC_SHA, TLS_ECDH_RSA_WITH_AES_256_CBC_SHA, TLS_ECDH_ECDSA_WITH_AES_128_CBC_SHA, TLS_ECDH_RSA_WITH_AES_128_CBC_SHA, TLS_RSA_WITH_AES_256_GCM_SHA384, TLS_RSA_WITH_AES_128_GCM_SHA256, TLS_RSA_WITH_AES_256_CBC_SHA256, TLS_RSA_WITH_AES_128_CBC_SHA256, TLS_RSA_WITH_AES_256_CBC_SHA, TLS_RSA_WITH_AES_128_CBC_SHA, TLS_EMPTY_RENEGOTIATION_INFO_SCSV]
21:53:02.828 [main] DEBUG org.apache.hc.client5.http.ssl.SSLConnectionSocketFactory - Starting handshake
21:53:02.904 [main] DEBUG org.apache.hc.client5.http.ssl.SSLConnectionSocketFactory - Secure session established
21:53:02.904 [main] DEBUG org.apache.hc.client5.http.ssl.SSLConnectionSocketFactory -  negotiated protocol: TLSv1.3
21:53:02.904 [main] DEBUG org.apache.hc.client5.http.ssl.SSLConnectionSocketFactory -  negotiated cipher suite: TLS_AES_256_GCM_SHA384
21:53:02.904 [main] DEBUG org.apache.hc.client5.http.ssl.SSLConnectionSocketFactory -  peer principal: CN=*.storage.googleapis.com
21:53:02.904 [main] DEBUG org.apache.hc.client5.http.ssl.SSLConnectionSocketFactory -  peer alternative names: [*.storage.googleapis.com, *.googleapis.com, commondatastorage.googleapis.com, *.commondatastorage.googleapis.com, storage.googleapis.com, storage-p2.googleapis.com, *.storage-p2.googleapis.com, storage.mtls.googleapis.com, *.appspot.com.storage.googleapis.com, *.content-storage.googleapis.com, *.content-storage-p2.googleapis.com, *.content-storage-upload.googleapis.com, *.content-storage-download.googleapis.com, *.storage-upload.googleapis.com, *.storage-download.googleapis.com]
21:53:02.904 [main] DEBUG org.apache.hc.client5.http.ssl.SSLConnectionSocketFactory -  issuer principal: CN=GTS CA 1C3, O=Google Trust Services LLC, C=US
21:53:02.904 [main] DEBUG org.apache.hc.client5.http.impl.io.DefaultHttpClientConnectionOperator - http-outgoing-13: connection established 192.168.100.42:62538<->34.101.5.59:443
21:53:02.904 [main] DEBUG org.apache.hc.client5.http.impl.io.PoolingHttpClientConnectionManager - ep-00000011: connected http-outgoing-13
21:53:02.904 [main] DEBUG org.apache.hc.client5.http.impl.classic.InternalHttpClient - ep-00000011: endpoint connected
21:53:02.904 [main] DEBUG org.apache.hc.client5.http.impl.classic.MainClientExec - ex-00000012: executing GET /LATEST_RELEASE_117 HTTP/1.1
21:53:02.904 [main] DEBUG org.apache.hc.client5.http.impl.classic.InternalHttpClient - ep-00000011: start execution ex-00000012
21:53:02.904 [main] DEBUG org.apache.hc.client5.http.impl.io.PoolingHttpClientConnectionManager - ep-00000011: executing exchange ex-00000012 over http-outgoing-13
21:53:02.904 [main] DEBUG org.apache.hc.client5.http.headers - http-outgoing-13 >> GET /LATEST_RELEASE_117 HTTP/1.1
21:53:02.905 [main] DEBUG org.apache.hc.client5.http.headers - http-outgoing-13 >> user-agent: Apache-HttpClient/5.0
21:53:02.905 [main] DEBUG org.apache.hc.client5.http.headers - http-outgoing-13 >> accept-encoding: gzip, deflate, br
21:53:02.905 [main] DEBUG org.apache.hc.client5.http.headers - http-outgoing-13 >> cache-control: max-age=0
21:53:02.905 [main] DEBUG org.apache.hc.client5.http.headers - http-outgoing-13 >> connection: keep-alive
21:53:02.905 [main] DEBUG org.apache.hc.client5.http.headers - http-outgoing-13 >> Host: chromedriver.storage.googleapis.com
21:53:02.905 [main] DEBUG org.apache.hc.client5.http.wire - http-outgoing-13 >> "GET /LATEST_RELEASE_117 HTTP/1.1[\r][\n]"
21:53:02.905 [main] DEBUG org.apache.hc.client5.http.wire - http-outgoing-13 >> "user-agent: Apache-HttpClient/5.0[\r][\n]"
21:53:02.905 [main] DEBUG org.apache.hc.client5.http.wire - http-outgoing-13 >> "accept-encoding: gzip, deflate, br[\r][\n]"
21:53:02.905 [main] DEBUG org.apache.hc.client5.http.wire - http-outgoing-13 >> "cache-control: max-age=0[\r][\n]"
21:53:02.905 [main] DEBUG org.apache.hc.client5.http.wire - http-outgoing-13 >> "connection: keep-alive[\r][\n]"
21:53:02.905 [main] DEBUG org.apache.hc.client5.http.wire - http-outgoing-13 >> "Host: chromedriver.storage.googleapis.com[\r][\n]"
21:53:02.905 [main] DEBUG org.apache.hc.client5.http.wire - http-outgoing-13 >> "[\r][\n]"
21:53:03.179 [main] DEBUG org.apache.hc.client5.http.wire - http-outgoing-13 << "HTTP/1.1 404 Not Found[\r][\n]"
21:53:03.179 [main] DEBUG org.apache.hc.client5.http.wire - http-outgoing-13 << "X-GUploader-UploadID: ADPycdtAaSvpKiDssEdP8mb1Qm9RuLaL45jUEs6Z9AaNYey7b2f42ZQJEELJj_ybZcEA-Ji-rfG_hsOZG-iapdKtWxntQA[\r][\n]"
21:53:03.179 [main] DEBUG org.apache.hc.client5.http.wire - http-outgoing-13 << "Content-Type: application/xml; charset=UTF-8[\r][\n]"
21:53:03.179 [main] DEBUG org.apache.hc.client5.http.wire - http-outgoing-13 << "Content-Length: 193[\r][\n]"
21:53:03.179 [main] DEBUG org.apache.hc.client5.http.wire - http-outgoing-13 << "Date: Thu, 05 Oct 2023 14:53:03 GMT[\r][\n]"
21:53:03.179 [main] DEBUG org.apache.hc.client5.http.wire - http-outgoing-13 << "Expires: Thu, 05 Oct 2023 14:53:03 GMT[\r][\n]"
21:53:03.179 [main] DEBUG org.apache.hc.client5.http.wire - http-outgoing-13 << "Cache-Control: private, max-age=0[\r][\n]"
21:53:03.179 [main] DEBUG org.apache.hc.client5.http.wire - http-outgoing-13 << "Server: UploadServer[\r][\n]"
21:53:03.179 [main] DEBUG org.apache.hc.client5.http.wire - http-outgoing-13 << "Alt-Svc: h3=":443"; ma=2592000,h3-29=":443"; ma=2592000[\r][\n]"
21:53:03.179 [main] DEBUG org.apache.hc.client5.http.wire - http-outgoing-13 << "[\r][\n]"
21:53:03.179 [main] DEBUG org.apache.hc.client5.http.wire - http-outgoing-13 << "<?xml version='1.0' encoding='UTF-8'?><Error><Code>NoSuchKey</Code><Message>The specified key does not exist.</Message><Details>No such object: chromedriver/LATEST_RELEASE_117</Details></Error>"
21:53:03.179 [main] DEBUG org.apache.hc.client5.http.headers - http-outgoing-13 << HTTP/1.1 404 Not Found
21:53:03.179 [main] DEBUG org.apache.hc.client5.http.headers - http-outgoing-13 << X-GUploader-UploadID: ADPycdtAaSvpKiDssEdP8mb1Qm9RuLaL45jUEs6Z9AaNYey7b2f42ZQJEELJj_ybZcEA-Ji-rfG_hsOZG-iapdKtWxntQA
21:53:03.179 [main] DEBUG org.apache.hc.client5.http.headers - http-outgoing-13 << Content-Type: application/xml; charset=UTF-8
21:53:03.179 [main] DEBUG org.apache.hc.client5.http.headers - http-outgoing-13 << Content-Length: 193
21:53:03.179 [main] DEBUG org.apache.hc.client5.http.headers - http-outgoing-13 << Date: Thu, 05 Oct 2023 14:53:03 GMT
21:53:03.179 [main] DEBUG org.apache.hc.client5.http.headers - http-outgoing-13 << Expires: Thu, 05 Oct 2023 14:53:03 GMT
21:53:03.179 [main] DEBUG org.apache.hc.client5.http.headers - http-outgoing-13 << Cache-Control: private, max-age=0
21:53:03.179 [main] DEBUG org.apache.hc.client5.http.headers - http-outgoing-13 << Server: UploadServer
21:53:03.180 [main] DEBUG org.apache.hc.client5.http.headers - http-outgoing-13 << Alt-Svc: h3=":443"; ma=2592000,h3-29=":443"; ma=2592000
21:53:03.180 [main] DEBUG org.apache.hc.client5.http.impl.classic.MainClientExec - ex-00000012: connection can be kept alive for 3 MINUTES
21:53:03.180 [main] ERROR io.github.bonigarcia.wdm.online.HttpClient - Error HTTP 404 executing https://chromedriver.storage.googleapis.com/LATEST_RELEASE_117
21:53:03.180 [main] WARN io.github.bonigarcia.wdm.versions.VersionDetector - Exception reading https://chromedriver.storage.googleapis.com/LATEST_RELEASE_117 to get latest version of chromedriver (Error HTTP 404 executing https://chromedriver.storage.googleapis.com/LATEST_RELEASE_117)
21:53:03.180 [main] DEBUG io.github.bonigarcia.wdm.versions.VersionDetector - Getting driver version for chrome117 from online versions.properties
21:53:03.181 [main] DEBUG org.apache.hc.client5.http.impl.classic.InternalHttpClient - ex-00000013: preparing request execution
21:53:03.181 [main] DEBUG org.apache.hc.client5.http.protocol.RequestAddCookies - Cookie spec selected: strict
21:53:03.181 [main] DEBUG org.apache.hc.client5.http.protocol.RequestAuthCache - Auth cache not set in the context
21:53:03.181 [main] DEBUG org.apache.hc.client5.http.impl.classic.ProtocolExec - ex-00000013: target auth state: UNCHALLENGED
21:53:03.181 [main] DEBUG org.apache.hc.client5.http.impl.classic.ProtocolExec - ex-00000013: proxy auth state: UNCHALLENGED
21:53:03.181 [main] DEBUG org.apache.hc.client5.http.impl.classic.ConnectExec - ex-00000013: acquiring connection with route {s}->https://raw.githubusercontent.com:443
21:53:03.181 [main] DEBUG org.apache.hc.client5.http.impl.classic.InternalHttpClient - ex-00000013: acquiring endpoint (3 MINUTES)
21:53:03.181 [main] DEBUG org.apache.hc.client5.http.impl.io.PoolingHttpClientConnectionManager - ex-00000013: endpoint lease request (3 MINUTES) [route: {s}->https://raw.githubusercontent.com:443][total available: 1; route allocated: 1 of 5; total allocated: 2 of 25]
21:53:03.182 [main] DEBUG org.apache.hc.client5.http.impl.io.PoolingHttpClientConnectionManager - ex-00000013: endpoint leased [route: {s}->https://raw.githubusercontent.com:443][total available: 0; route allocated: 1 of 5; total allocated: 2 of 25]
21:53:03.182 [main] DEBUG org.apache.hc.client5.http.impl.io.PoolingHttpClientConnectionManager - ex-00000013: acquired ep-00000012
21:53:03.182 [main] DEBUG org.apache.hc.client5.http.impl.classic.InternalHttpClient - ex-00000013: acquired endpoint ep-00000012
21:53:03.182 [main] DEBUG org.apache.hc.client5.http.impl.classic.MainClientExec - ex-00000013: executing GET /bonigarcia/webdrivermanager/master/src/main/resources/versions.properties HTTP/1.1
21:53:03.182 [main] DEBUG org.apache.hc.client5.http.impl.classic.InternalHttpClient - ep-00000012: start execution ex-00000013
21:53:03.182 [main] DEBUG org.apache.hc.client5.http.impl.io.PoolingHttpClientConnectionManager - ep-00000012: executing exchange ex-00000013 over http-outgoing-12
21:53:03.182 [main] DEBUG org.apache.hc.client5.http.headers - http-outgoing-12 >> GET /bonigarcia/webdrivermanager/master/src/main/resources/versions.properties HTTP/1.1
21:53:03.182 [main] DEBUG org.apache.hc.client5.http.headers - http-outgoing-12 >> user-agent: Apache-HttpClient/5.0
21:53:03.182 [main] DEBUG org.apache.hc.client5.http.headers - http-outgoing-12 >> accept-encoding: gzip, deflate, br
21:53:03.182 [main] DEBUG org.apache.hc.client5.http.headers - http-outgoing-12 >> cache-control: max-age=0
21:53:03.182 [main] DEBUG org.apache.hc.client5.http.headers - http-outgoing-12 >> connection: keep-alive
21:53:03.182 [main] DEBUG org.apache.hc.client5.http.headers - http-outgoing-12 >> Host: raw.githubusercontent.com
21:53:03.182 [main] DEBUG org.apache.hc.client5.http.wire - http-outgoing-12 >> "GET /bonigarcia/webdrivermanager/master/src/main/resources/versions.properties HTTP/1.1[\r][\n]"
21:53:03.182 [main] DEBUG org.apache.hc.client5.http.wire - http-outgoing-12 >> "user-agent: Apache-HttpClient/5.0[\r][\n]"
21:53:03.182 [main] DEBUG org.apache.hc.client5.http.wire - http-outgoing-12 >> "accept-encoding: gzip, deflate, br[\r][\n]"
21:53:03.182 [main] DEBUG org.apache.hc.client5.http.wire - http-outgoing-12 >> "cache-control: max-age=0[\r][\n]"
21:53:03.182 [main] DEBUG org.apache.hc.client5.http.wire - http-outgoing-12 >> "connection: keep-alive[\r][\n]"
21:53:03.182 [main] DEBUG org.apache.hc.client5.http.wire - http-outgoing-12 >> "Host: raw.githubusercontent.com[\r][\n]"
21:53:03.182 [main] DEBUG org.apache.hc.client5.http.wire - http-outgoing-12 >> "[\r][\n]"
21:53:03.237 [main] DEBUG org.apache.hc.client5.http.wire - http-outgoing-12 << "HTTP/1.1 200 OK[\r][\n]"
21:53:03.237 [main] DEBUG org.apache.hc.client5.http.wire - http-outgoing-12 << "Connection: keep-alive[\r][\n]"
21:53:03.237 [main] DEBUG org.apache.hc.client5.http.wire - http-outgoing-12 << "Content-Length: 1625[\r][\n]"
21:53:03.237 [main] DEBUG org.apache.hc.client5.http.wire - http-outgoing-12 << "Cache-Control: max-age=300[\r][\n]"
21:53:03.237 [main] DEBUG org.apache.hc.client5.http.wire - http-outgoing-12 << "Content-Security-Policy: default-src 'none'; style-src 'unsafe-inline'; sandbox[\r][\n]"
21:53:03.237 [main] DEBUG org.apache.hc.client5.http.wire - http-outgoing-12 << "Content-Type: text/plain; charset=utf-8[\r][\n]"
21:53:03.237 [main] DEBUG org.apache.hc.client5.http.wire - http-outgoing-12 << "ETag: W/"51a99ebb5fa30c7285d42b08929913814dd238f6403d61fccadee50390eab957"[\r][\n]"
21:53:03.237 [main] DEBUG org.apache.hc.client5.http.wire - http-outgoing-12 << "Strict-Transport-Security: max-age=31536000[\r][\n]"
21:53:03.237 [main] DEBUG org.apache.hc.client5.http.wire - http-outgoing-12 << "X-Content-Type-Options: nosniff[\r][\n]"
21:53:03.237 [main] DEBUG org.apache.hc.client5.http.wire - http-outgoing-12 << "X-Frame-Options: deny[\r][\n]"
21:53:03.237 [main] DEBUG org.apache.hc.client5.http.wire - http-outgoing-12 << "X-XSS-Protection: 1; mode=block[\r][\n]"
21:53:03.237 [main] DEBUG org.apache.hc.client5.http.wire - http-outgoing-12 << "X-GitHub-Request-Id: ADC8:C8321:F9E48:13930E:651E6E7C[\r][\n]"
21:53:03.237 [main] DEBUG org.apache.hc.client5.http.wire - http-outgoing-12 << "Content-Encoding: gzip[\r][\n]"
21:53:03.237 [main] DEBUG org.apache.hc.client5.http.wire - http-outgoing-12 << "Accept-Ranges: bytes[\r][\n]"
21:53:03.237 [main] DEBUG org.apache.hc.client5.http.wire - http-outgoing-12 << "Date: Thu, 05 Oct 2023 14:53:03 GMT[\r][\n]"
21:53:03.237 [main] DEBUG org.apache.hc.client5.http.wire - http-outgoing-12 << "Via: 1.1 varnish[\r][\n]"
21:53:03.237 [main] DEBUG org.apache.hc.client5.http.wire - http-outgoing-12 << "X-Served-By: cache-qpg1272-QPG[\r][\n]"
21:53:03.237 [main] DEBUG org.apache.hc.client5.http.wire - http-outgoing-12 << "X-Cache: HIT[\r][\n]"
21:53:03.237 [main] DEBUG org.apache.hc.client5.http.wire - http-outgoing-12 << "X-Cache-Hits: 1[\r][\n]"
21:53:03.237 [main] DEBUG org.apache.hc.client5.http.wire - http-outgoing-12 << "X-Timer: S1696517584.888783,VS0,VE1[\r][\n]"
21:53:03.237 [main] DEBUG org.apache.hc.client5.http.wire - http-outgoing-12 << "Vary: Authorization,Accept-Encoding,Origin[\r][\n]"
21:53:03.237 [main] DEBUG org.apache.hc.client5.http.wire - http-outgoing-12 << "Access-Control-Allow-Origin: *[\r][\n]"
21:53:03.237 [main] DEBUG org.apache.hc.client5.http.wire - http-outgoing-12 << "Cross-Origin-Resource-Policy: cross-origin[\r][\n]"
21:53:03.237 [main] DEBUG org.apache.hc.client5.http.wire - http-outgoing-12 << "X-Fastly-Request-ID: 9265fa5fb46fdab9349b60dde1403d5f4bc3deac[\r][\n]"
21:53:03.237 [main] DEBUG org.apache.hc.client5.http.wire - http-outgoing-12 << "Expires: Thu, 05 Oct 2023 14:58:03 GMT[\r][\n]"
21:53:03.237 [main] DEBUG org.apache.hc.client5.http.wire - http-outgoing-12 << "Source-Age: 223[\r][\n]"
21:53:03.237 [main] DEBUG org.apache.hc.client5.http.wire - http-outgoing-12 << "[\r][\n]"
21:53:03.238 [main] DEBUG org.apache.hc.client5.http.headers - http-outgoing-12 << HTTP/1.1 200 OK
21:53:03.238 [main] DEBUG org.apache.hc.client5.http.headers - http-outgoing-12 << Connection: keep-alive
21:53:03.238 [main] DEBUG org.apache.hc.client5.http.headers - http-outgoing-12 << Content-Length: 1625
21:53:03.238 [main] DEBUG org.apache.hc.client5.http.headers - http-outgoing-12 << Cache-Control: max-age=300
21:53:03.238 [main] DEBUG org.apache.hc.client5.http.headers - http-outgoing-12 << Content-Security-Policy: default-src 'none'; style-src 'unsafe-inline'; sandbox
21:53:03.238 [main] DEBUG org.apache.hc.client5.http.headers - http-outgoing-12 << Content-Type: text/plain; charset=utf-8
21:53:03.238 [main] DEBUG org.apache.hc.client5.http.headers - http-outgoing-12 << ETag: W/"51a99ebb5fa30c7285d42b08929913814dd238f6403d61fccadee50390eab957"
21:53:03.238 [main] DEBUG org.apache.hc.client5.http.headers - http-outgoing-12 << Strict-Transport-Security: max-age=31536000
21:53:03.238 [main] DEBUG org.apache.hc.client5.http.headers - http-outgoing-12 << X-Content-Type-Options: nosniff
21:53:03.238 [main] DEBUG org.apache.hc.client5.http.headers - http-outgoing-12 << X-Frame-Options: deny
21:53:03.238 [main] DEBUG org.apache.hc.client5.http.headers - http-outgoing-12 << X-XSS-Protection: 1; mode=block
21:53:03.238 [main] DEBUG org.apache.hc.client5.http.headers - http-outgoing-12 << X-GitHub-Request-Id: ADC8:C8321:F9E48:13930E:651E6E7C
21:53:03.238 [main] DEBUG org.apache.hc.client5.http.headers - http-outgoing-12 << Content-Encoding: gzip
21:53:03.238 [main] DEBUG org.apache.hc.client5.http.headers - http-outgoing-12 << Accept-Ranges: bytes
21:53:03.238 [main] DEBUG org.apache.hc.client5.http.headers - http-outgoing-12 << Date: Thu, 05 Oct 2023 14:53:03 GMT
21:53:03.238 [main] DEBUG org.apache.hc.client5.http.headers - http-outgoing-12 << Via: 1.1 varnish
21:53:03.238 [main] DEBUG org.apache.hc.client5.http.headers - http-outgoing-12 << X-Served-By: cache-qpg1272-QPG
21:53:03.238 [main] DEBUG org.apache.hc.client5.http.headers - http-outgoing-12 << X-Cache: HIT
21:53:03.238 [main] DEBUG org.apache.hc.client5.http.headers - http-outgoing-12 << X-Cache-Hits: 1
21:53:03.238 [main] DEBUG org.apache.hc.client5.http.headers - http-outgoing-12 << X-Timer: S1696517584.888783,VS0,VE1
21:53:03.238 [main] DEBUG org.apache.hc.client5.http.headers - http-outgoing-12 << Vary: Authorization,Accept-Encoding,Origin
21:53:03.238 [main] DEBUG org.apache.hc.client5.http.headers - http-outgoing-12 << Access-Control-Allow-Origin: *
21:53:03.238 [main] DEBUG org.apache.hc.client5.http.headers - http-outgoing-12 << Cross-Origin-Resource-Policy: cross-origin
21:53:03.238 [main] DEBUG org.apache.hc.client5.http.headers - http-outgoing-12 << X-Fastly-Request-ID: 9265fa5fb46fdab9349b60dde1403d5f4bc3deac
21:53:03.238 [main] DEBUG org.apache.hc.client5.http.headers - http-outgoing-12 << Expires: Thu, 05 Oct 2023 14:58:03 GMT
21:53:03.238 [main] DEBUG org.apache.hc.client5.http.headers - http-outgoing-12 << Source-Age: 223
21:53:03.238 [main] DEBUG org.apache.hc.client5.http.impl.classic.MainClientExec - ex-00000013: connection can be kept alive for 3 MINUTES
21:53:03.238 [main] DEBUG org.apache.hc.client5.http.wire - http-outgoing-12 << "[0x1f][0xffffff8b][0x8][0x0][0x0][0x0][0x0][0x0][0x0][0x3][0xffffff8d][0xffffff97]Ko#7[0xc][0xffffffc7][0xffffffef][0xfffffff9][0x14][0x3][0xfffffff4][0x1c]YO[0xffffff8a][\n]"
21:53:03.238 [main] DEBUG org.apache.hc.client5.http.wire - http-outgoing-12 << "[0xffffffa0]K[0xffffff9f][0xffffffa7][0xffffffa2][0xffffff87][0xfffffff6][0xb]x[0xffffffed]Ib[0xffffffac][0xffffffe3][0x9]lg[0xffffffb3][0xffffffe8][0xffffffa7]/[0xfffffff5][0xffffffa0]F[0xffffff96][[0xffffffa0][0xffffff87]`[0xffffff97]?k$[0xffffff92][0xffffffe2]p[0xfffffffe][0xfffffffc]a[0xfffffffa][0xffffffeb][0xfffffff5]p[0xffffff99][0xffffff9e][0xf][0xffffffc7]y[0xffffffda]-[0xffffffa7][0xffffffeb][0xfffffff6]p[0xffffffba]L[0xffffffd7][0xffffffd7]y[0xfffffffa]zZ>O[0xffffffd3][0xfffffffe]|[0xfffffff8]6[0xffffff9f]'[0xfffffffa][0xffffffbb][0x1c][0x16][0xfffffffa]e[0xffffffb7][0xffffffbc][0xffffffbd]o[0xffffffaf][0xffffff87]/[0xffffffb4][0xfffffffa][0xfffffff3]p}[0xffffffcd]+w[0xffffffcb][0xfffffff9]<_[0xffffffde][0xffffff97][0xffffffd3][0xfffffffe]pz[0xffffff99][0xffffffbe][0xffffff9c][0xffffff97][0xffffffcf][0xffffffcb][0xfffffffa][0xffffffc8][0xffffffc3][0xffffffc3][0xf][0xffffffd3][0xffffff8f][0x5]=M[0xffffffbf]-[0xffffffcb][0xb]=[0xfffffff9][0xffffffd3][0xffffffeb]yy[0xffffff9b][0xffffffa7][0xffffffed]i_[0xfffffffe]{[0xfffffff8]x[0xffffff9b][0x1e][0xffffffa7][0xffffff9f][0xfffffff3]QO[0xffffffd3].[0xffffffff]Z[0xe][0xffffffa6][0xffffff87][0xffffffff]\>[0xffffffce][0xffffffbb][0xfffffff9]iz[0xffffffbd]^[0xffffffdf][0xffffff9f]6[0xffffff9b][0xfffffffe]W[0xffffffb1][0xffffffab]O[0xffffff8b][0xffffffe5][0xfffffffc][0xffffffb2][0xffffffd9][0xffffff93][0xffffffbf][0xffffffc7]e[0xffffffbb][0xffffffbf]<[0xffffff94]5J[0xffffffd9]H[0x7f]B[\n]"
21:53:03.238 [main] DEBUG org.apache.hc.client5.http.wire - http-outgoing-12 << "[0xffffffe7][0xffffff8d][0x13]A6n[0xffffff88][0xffffff9b][0xffffffc4][0xffffffc1]k[0x1][0xffffffa6]qM\g[0xffffffae][0xffffff9c][0xffffffb0][0xffffffa1]qE\%[0xffffffee][0xffffffc0][0x8][0xffffffb0][0xffffff8d]K[0xffffffe2]2q[0xffffff8b]Jx[0xffffffcf]\[0xffffff86]H[0x7f][0xffffff99][0xffffffd3][0xfffffff1][0xffffffbe][0xffffffad][0xffffff97]H[0x1c][0x13]7.[0x8][0xffffffaf][0x1a][0xfffffff7][0xffffffc4]}[0xffffffe6][0xffffffd2][\n]"
21:53:03.238 [main] DEBUG org.apache.hc.client5.http.wire - http-outgoing-12 << "[0xffffffd0][0xffffff8d][0x3]qH\[0xffffffdb] `][0xffffffef][0xffffff88][0xffffffbb][0xffffffc4]Up[0xfffffff4]c[0xffffffe3][0x14][0xffffffaf][0xffffffcc][0xfffffff1][0xffffffa6]0|[0xfffffff3]_R[0xffffffbc]2[0xffffffc7]+A[\n]"
21:53:03.238 [main] DEBUG org.apache.hc.client5.http.wire - http-outgoing-12 << "eV[0xffffff87](`[0xffffff99][0x3][0xffffff96][0xffffffb4]_w[0x0][0x5],S[0xffffffc0]68%[0xffffffec][0xffffffca])`[0xffffff99][0x2][0xffffffb6][0x18]@[0x0]'4[0xffffff84][0x18]B[0xffffffa6][0xffffffd6][0xffffffd2][0xffffffd9]L1[0xffffff86][0x14][0xffffffac][0xfffffff5][0xe][0x5][0x1d][0xffffffc3][0xffffffd8][0xffffffc7][0xffffff90]b[0xffffffb5][0x10][0xfffffff4][0xffffff9a][0xffffff83][0x0]1@[0xffffffa6]`[0xffffff85]uL][0xc].S[0xffffff83][0x2]8[0xffffff9e]`c[0xffffffb0][0xffffff99]Rr[0xffffffe8]"[0x19][0xffffff9b][0x18]R[0xffffff90][0xffffffd6]y[0xffffffbf]^j[0xffffffd0]1[0xffffffe8]L[0xffffffe9]J)[0xffffffcb][0xffffff8c]U[0xc]9@K[0x15]@[0xffffffb1]2[0xffffff96]1[0xffffffe4][0xfffffff8][0xffffffac][0xffffff91]Bs[0xffffff9e]0D[0xffffffcc][0xfffffff1][0x19][0xfffffffa]G[0xfffffff3][0xffffffce][0xffffff88][0x11]s|F[[0x11][0xffffff80][0xffffffa9][0xffffff8f][0xffffff98][0xffffffc3][0xffffffd3]([0x5]"S[0xffffff88][0xffffff98][0xffffffc3][0xffffffd3][0xffffff96][0xfffffff6][0xffffffe5]T[0xffffffa0][0xffffff8b][0xffffff98][0xffffffc3]Sh[0x4][0xffffffb2]kh#[0xffffffe6][0xfffffff0][0xffffff94][0xfffffff5][0xffffffc2]p[0xffffff8e][0xffffffd1]D[0xffffffcc][0xffffffd1][0xffffffa5][0xffffff9b]4[0xffffff9c][\n]"
21:53:03.238 [main] DEBUG org.apache.hc.client5.http.wire - http-outgoing-12 << "T[0x11]s[0x18][0xffffff92]2[0xffffffaf]L;NFLa[0xffffff98]@[0xffffffbe]P[0x9]U[0xffffffec]C[0xfffffff4]!c[0xffffffeb][0xffffff84]i[0x14][0xffffffa3][0xffffffc7]L[0xffffffa9]v[0xffffffa8][0xffffffae][0x18][0xfffffffb][0xffffffe8]S [0x6][0xffffff81][0xffffffde][0x5]v[0xffffffc3]C[0xfffffff4][0xffffff90])[0x15][0xffffffb8][0xffffffd2]m[0xf][0x17]}[0xffffff8a][0xffffffc4]xO[0x5][0xffffffb6][0xffffffae][0xffffffb6][0xffffffd1][0xffffffdb][0xffffff8c]5[0xffffffd5]/C[0x13]}[0xffffff8a][0xffffffc4][0x0][0x5][0x4][0xffffffec][0xffffffb2][0xffffffd7]Q[0xffffffd3][0xffffff8d][0xffffffb2][0xffffffa5]n,[0xffffff99],v[0xc]B[0xffffffb2][0xfffffff8]n[0x0][0xffffff93][0xffffffc5][0x19][0x5][0xffffff9f],[0xffffffbe]M[0xffffff80]d[0xffffffb1]3[0xffffffe0][0xffffffc8]j)[0x2][0xffffff9b],[0xffffffce]9[0xffffff98]d[0xfffffff1]y[0xffffff90]|1[0xffffffed][0xffffffbc][0xffffffe4]K{g [0xfffffff9]b[0xffffffcc]MW[0xfffffffb]}[0xfffffff9][0xfffffffb]p<n[0xffffffa7]_[0xf][0xffffffe7][0xfffffff9]y[0xfffffff9][0xffffffde][0xffffffb5][0xffffffb2][0xffffff97]y[0xfffffff7]u[0xfffffff9][0xffffffd7]Nv[0xffffffa1]V[0xfffffff6]B[\r][0xfffffff4][0xffffffe3][0xffffff8b][0xffffffa0][0xffffff96][0xffffffba]y+[l[0xffffffba][0x7]6[0xffffffe7][0xfffffff9]8o/[0xfffffff3][0xffffffe5][0xffffffe1][0xffffffb9][0xffffffec][0xffffffab][0x14]FJ[0x1b][0xffffffe5]n%[0xfffffffe][0xffffff8e][0xffffffc0][0x1d]qw[0xffffffc4][0xffffffde][0x11]sG[0xfffffff4][0x1d]QwD&[0xffffffa2][0xffffff85]n[0xffffff84]:_&[0xffffffeb][0x1a][0xffffff89]w[0xffffffc4][0xffffffdf][0x11][0xffffffb8]#[0xffffffee][0xffffff8e]d[0xffffff9f]UO[0xffffffcc][0x1d][0xffffffd1]wD[0xffffffdd][0x11]9[0xffffff90][0x10]F[0xffffff80]#[0xfffffff0]#[0xffffff80][0x11][0xffffffb8][0x11][0xffffff8c][0xffffffde][0xffffff86][0xffffffd1][0xffffffd9]0[0xfffffffa][0x1a]FWC[0xfffffff2][0xffffff94][0xffffffde][0xffffff9b][0xe][0xffffff88][0xffffffe3][0xffffffe1][0xfffffff4][0xfffffff1][0xffffffbd]`[0xffffffc5][0x18][0xffffffc3][0xffffffb0][0xe]q[0x4]~[0x4]0[0x2]7[0x2];[0xffffff82][0x14][0xffffff80][0xffffffc6][0xe][0xffffffe8][0x11][0xffffffa4][0x0][0xffffffb4][0xffffffef][0xffffff80][0x1c][0xffffff80][0xf]#[0xffffffc8][0xffffff9e]B[0x7][0xfffffffc][0x8]`[0x4]n[0x4]v[0x4]f[0x4]z[0x4]j[0x4]r[0x0][0x10]F[0xffffff90]=u[0x1d][0xffffffc8][0xffffff9e][0xffffffda][0xe][0xffffffc0][0x8][0xffffffdc][0x8][0xffffffb2][0xffffffa7][0xffffffdd][0xb][0x4]f[0x4][0xffffffd9][0xffffffd3][0xffffffae][0xffffffec]!{[0xffffffda][0x15][0x5][0xffffffc8][0x1][0xffffffb8]0[0x2][0x1c][0xffffff81][0x1f]A[0xfffffff6]Tv[0xffffffc0]1[0xffffffe8][0xffffffbb][0xffffffda][0x1f][0xffffffef][0xfffffff3]y[0xffffffdb][0xfffffff5][0xffffffb2]%[0xffffffd9][0xffffffff][0xffffffa7][0xffffff97][0xffffffe5][0xffffff85][0xffffff97][0xffffffe5][0xfffffff9][0xfffffffa][0xffffffb9]=[0xffffffcf][0xffffffc5]b[0xffffff9d]6v[0xffffffb6][0xfffffffc]c[0xffffffd6]'*[0xffffffeb][0xffffff9f]@[0xffffffdf]ye4[0xfffffff3][0xffffffa4][0xffffffc7][0xffffffb2][0xfffffffe]A[0xfffffffa]`[0x5][0xffffffcf]8[0xffffffc9][0xffffffb1],[0x7f]<[0xffffffbd][0x12][0xffffff8a]4D[0xffffffe5][0xffffffb2][0xffffff97]{[0xffffffd4][0xffffff9d][\n]"
21:53:03.238 [main] DEBUG org.apache.hc.client5.http.wire - http-outgoing-12 << "[0xffffffa7][0x17][0xffffffbc]S{J[0xffffffd7]m[0xffffffe8]5[0xffffffef][0xffffffc4][0x1e]2[0xfffffff5]7R[0xffffffcf]U[\n]"
21:53:03.238 [main] DEBUG org.apache.hc.client5.http.wire - http-outgoing-12 << "[0xffffffbd][0xffffffd0][0xffffffa3][0xffffff83]*v[0xffffffbd][0xffffffce]S[0xffffff9a][0xffffffb1][0xffffffed]e^[0x8][0xffffff95][0xffffff9a]^[0xffffffe4][0xffffff91]2(T[0xfffffff7][0x12]O)^[0xffffffac]z[0xffffff85][0xffffff97][0xffffffc4]S[0xffffffc1][0xffffffb2][0x17]xX[0x3][0xffffffc7][0xffffffd0][0xffffffcb];[0xffffff80]Jq[0xffffffd0]v[0xffffff85][0xfffffffa]^[0xffffffd9][0xffffff91][0xffffff94]-[0x14]z][0xffffffd7]RD][0xffffffe1]F[0xffffffd7][0x15]h;Y[0xffffff87][0xffffffd5]1[0xffffffea][0xe]7[0xffffffa2][0xffffffae]@}[0xffffffab][0xffffffe9][\n]"
21:53:03.239 [main] DEBUG org.apache.hc.client5.http.wire - http-outgoing-12 << "T[0xffffff9d][0xffffffa4]s|[0xffffffbe][0xffffffec][0x14][0x1d][0xffffffbb]J[0xffffffdd][0xffffffe2]F[0xffffffcf][0x15][0xffffff88][0xffffff83][0xffffff9c]+[0xffffffd4]wj[0xffffffce]3[0xffffff84]N[0xffffffcb]a=[0xffffff9e][0xffffffda][0xffffffc7]*[0xffffffe5][0xffffffd8]{j![0xffffffab][0xffffff92][0xffffffa3][0x4]Wj:%[0x7][0xffffffbc][0xffffffa9][0xffffffee][0xffffff84][0x1c][0xffffffd6][0xb][0xffffffa7]~[0xffffffb2][0xffffffea][0xffffffb8]vY[0xffffffd4]TV[0x1d][0xffffff87][0xfffffff5]b[0xffffffa9][0xffffffb1][0xffffffac]2[0xffffff8e]+[0xffffff9a][0xffffff9a]K[0xffffffa7][0xffffffe2]T[\r][0xffffff95]:L/[0xffffffe2][0xffffffea]Y[0xffffffd4]fV[\r][0xffffffe7]yW[0xffffffd7]I8.ej7[0xffffffab][0xffffff80]k[0xffffffc5]I=[0xffffffa7][0x13]p[0xfffffffc][0xffffffaa]Q[0xffffffe3][0xffffffe9][0xfffffff4][;[0xffffffab][0xffffffea][0xffffffae]l[0xffffffb8][0xffffffd0][0x1b]Uu[0x15][0xffffffa3][0xffffff8a][0xffffffae]bT[0xffffffcd]U[0xffffff8c]*[0xffffffb9][0xffffff8a]Q[0x15]W1[0xffffffaa][0xffffffe0]*F[0xffffffd5][[0xffffffc5]PE`[0x15]Cv[0xffffff86]M[0x1e][0xffffffb0][0xffffffc7]6y`[0xffffffea]96y[0xffffffa0]k2,[0x14][0xffffffe3]F[0xffffffa1][0x1d]v[0xffffffe7]%[0xffffffb5][0xffffffa4][0xffffffe9][0xffffff97][0xfffffffd][0xffffffcb][0xffffffdc]5[0xffffffb5][0xffffffb7][0xffffffcb]L[0xffffffe0]?[0xffffffbb][0xffffffda]~[0xfffffffe]6[0x1f][0xffffffd3][0xffffffae][0xffffffe2][0xffffff8d]w[0xffffffc8]-n>=~\6[0xffffff8d]=[0xffffffa6]M6[0xffffffd7]e9^6[0xffffff9f][0xfffffff3][0xffffff97][0xffffffda][0xffffffe5][0x1e][0x12]][0xffffff87]P[0xffffff85][0xffffffd4][0xffffffea][0x15]V[0xffffffca]#[0xffffffa8][0xfffffff2][0xffffffa4][0xffffff90])[0xffffff93][0xffffff85][0xfffffff2][0x0][0xffffffaa][0xffffffbc][0xffffffce][0xffffff85]\([0xffffff8f][0xffffff9f][\n]"
21:53:03.239 [main] DEBUG org.apache.hc.client5.http.wire - http-outgoing-12 << "@[0xffffffa5][0xfffffff1][0xffffffb0]P[0x1e]>[0xffffff95][0xffffffa3][0xfffffffa][0xffffffa0][0xffffffec]e[0xffffffda]FO[0xffffffe5][0x14][\n]"
21:53:03.239 [main] DEBUG org.apache.hc.client5.http.wire - http-outgoing-12 << "_Ok[0xffffff83][0xffffffa7][0xffffffb2]@[0xfffffffb]B[0xffffffa5]<v[0xffffff92]`O[0x1f][0xffffffe5][0x2]y[0xffffffe6]T[0xffffffc6][0xffffffa7]O`[0xffffffa5]<q[0xffffffd2][0xfffffff0]h[0xffffffa8][0xffffff83]U[0xffffffca][0xfffffff3][0xffffffa6][0xffffffd2][0xfffffff4][0xffffffa6]z[0xffffffde][0xffffff81][0xffffffa7]M[0x1a][0xf]l[0xb][0xffffffa2][0xffffff8d][0xffffff9a]JS[0xffffffe1][0xffffff92]|/"
21:53:03.239 [main] DEBUG org.apache.hc.client5.http.wire - http-outgoing-12 << "[0xffffff94][0x7]M[0xffffffa5][0xffffff95]\[0xfffffff7][0xffffffe5]1[0xffffff93][0x14][0xffffffaf]K[0xffffffc3]N[0xffffffa2]<dR[0xffffffeb]O[0xffffff8d][0xffffffa2][0xffffffb0]:b[0xffffffaa][0x14]]M[0xc][0xffffffcf][0xffffff97][0x14][0xffffff9a]n[0xffffffac]N[0xffffff97][0x14][0xffffff83]m[0xffffffac][0xffffffce][0xffffff96][0xffffffe4]U;[0xffffff99]'[0xffffffcb]@=[0xffffffc6][0xffffffa8][0xffffff82][0xffffffea]T[0x19]([0xfffffff5][0xffffffa6][0xffffffae][0xffffffaa]#e[0xffffff90][0xffffffeb][0x1]u[0xffffff9c][0xffffffc4][0xffffffd4][0xffffffe9][0xffffffea][0xffffff83]u[0xffffff94]D[\n]"
21:53:03.239 [main] DEBUG org.apache.hc.client5.http.wire - http-outgoing-12 << "[0xffffffac][0x10][0x1e]#[0xffffffd3][0xffffff8d][0xffffff97][0xffffff8b][0xffffffe1][0x11][0xffffffd2]Sn[0xffffffeb]c<?[0x2][0xffffff84]z%<;[0x2][0xffffff95][0x4][0xffffff94]\[0xfffffff0][0xffffffe0][0xffffffe8]R[0xffffff82][0xffffffeb][0xffffffaa]:5[0xffffffba][0xffffffac]82[0xffffffe1][0xffffff89][0xffffff91]Z[0xffffff83][0xffffffab][0xffffffe7]Q[0xfffffff7]*[0xffffffdd]3[0xffffffb0]O<@[0xffffffd2]w[0xffffffb6]^U[0x1b][0x1e])b[0xffffffaa][0xffffffbb][0xffffffcc][0xffffffda][0xffffffe4][0xffffff98]j[0xffffffb6][0xffffff90]:5j[0xffffffcf][0xffffffa5][0xffffffc3][0x3][0xffffffa3]6[0xffffff8d][0xffffffd4]a1[0xffffffb5][0xffffffc5]J[0xffffffea][0xffffff9c][0xffffffa8][0xc][\r][0xffffffd2][0x5]Y[0x1b][0xffffffdf][0xffffffcf][0xfffffff3][0xffffffe3][0xffffffe1]t[0xffffffb9]n[0xffffff8f][0xffffffc7]y_[0xffffffa0][0xffffff8e][0xffffff90][0xffffffbe][0xffffffec][0xffffffa6][0xffffffd4][0xffffff89]U[0xffffff91]Z[0x18][0xffffffe8]P[0xffffffc2][0xffffffb7]2R[0xffffff9f][0xffffffa4][0xffffffaf]][0xffffffb9][0xf][0xffffff83][0xffffff91]^,kB1uj:t[0xffffffd3]XjDS1[0xffffffa5]K[0xffffffa6][0xffffff9e][0xfffffff4][0xf][0x3][0x1][0xffffffec][0xffffffa6][0xffffffeb][0x12][0x0][0x0]"
21:53:03.239 [main] DEBUG org.apache.hc.client5.http.impl.classic.InternalHttpClient - ep-00000012: releasing valid endpoint
21:53:03.239 [main] DEBUG org.apache.hc.client5.http.impl.io.PoolingHttpClientConnectionManager - ep-00000012: releasing endpoint
21:53:03.239 [main] DEBUG org.apache.hc.client5.http.impl.io.PoolingHttpClientConnectionManager - ep-00000012: connection http-outgoing-12 can be kept alive for 3 MINUTES
21:53:03.239 [main] DEBUG org.apache.hc.client5.http.impl.io.PoolingHttpClientConnectionManager - ep-00000012: connection released [route: {s}->https://raw.githubusercontent.com:443][total available: 1; route allocated: 1 of 5; total allocated: 2 of 25]
21:53:03.239 [main] DEBUG io.github.bonigarcia.wdm.versions.VersionDetector - Driver for chrome117 not found in online properties (using local versions.properties)
21:53:03.240 [main] DEBUG io.github.bonigarcia.wdm.WebDriverManager - The driver version for CHROME 117 is unknown ... trying with latest
21:53:03.242 [main] DEBUG org.apache.hc.client5.http.impl.classic.InternalHttpClient - ex-00000014: preparing request execution
21:53:03.242 [main] DEBUG org.apache.hc.client5.http.protocol.RequestAddCookies - Cookie spec selected: strict
21:53:03.242 [main] DEBUG org.apache.hc.client5.http.protocol.RequestAuthCache - Auth cache not set in the context
21:53:03.242 [main] DEBUG org.apache.hc.client5.http.impl.classic.ProtocolExec - ex-00000014: target auth state: UNCHALLENGED
21:53:03.242 [main] DEBUG org.apache.hc.client5.http.impl.classic.ProtocolExec - ex-00000014: proxy auth state: UNCHALLENGED
21:53:03.242 [main] DEBUG org.apache.hc.client5.http.impl.classic.ConnectExec - ex-00000014: acquiring connection with route {s}->https://chromedriver.storage.googleapis.com:443
21:53:03.242 [main] DEBUG org.apache.hc.client5.http.impl.classic.InternalHttpClient - ex-00000014: acquiring endpoint (3 MINUTES)
21:53:03.242 [main] DEBUG org.apache.hc.client5.http.impl.io.PoolingHttpClientConnectionManager - ex-00000014: endpoint lease request (3 MINUTES) [route: {s}->https://chromedriver.storage.googleapis.com:443][total available: 1; route allocated: 1 of 5; total allocated: 2 of 25]
21:53:03.242 [main] DEBUG org.apache.hc.client5.http.impl.io.PoolingHttpClientConnectionManager - ex-00000014: endpoint leased [route: {s}->https://chromedriver.storage.googleapis.com:443][total available: 1; route allocated: 2 of 5; total allocated: 3 of 25]
21:53:03.242 [main] DEBUG org.apache.hc.client5.http.impl.io.PoolingHttpClientConnectionManager - ex-00000014: acquired ep-00000013
21:53:03.243 [main] DEBUG org.apache.hc.client5.http.impl.classic.InternalHttpClient - ex-00000014: acquired endpoint ep-00000013
21:53:03.243 [main] DEBUG org.apache.hc.client5.http.impl.classic.ConnectExec - ex-00000014: opening connection {s}->https://chromedriver.storage.googleapis.com:443
21:53:03.243 [main] DEBUG org.apache.hc.client5.http.impl.classic.InternalHttpClient - ep-00000013: connecting endpoint (30 SECONDS)
21:53:03.243 [main] DEBUG org.apache.hc.client5.http.impl.io.PoolingHttpClientConnectionManager - ep-00000013: connecting endpoint to https://chromedriver.storage.googleapis.com:443 (30 SECONDS)
21:53:03.243 [main] DEBUG org.apache.hc.client5.http.impl.io.DefaultHttpClientConnectionOperator - http-outgoing-14: connecting to chromedriver.storage.googleapis.com/34.101.5.59:443
21:53:03.243 [main] DEBUG org.apache.hc.client5.http.ssl.SSLConnectionSocketFactory - Connecting socket to chromedriver.storage.googleapis.com/34.101.5.59:443 with timeout 30 SECONDS
21:53:03.256 [main] DEBUG org.apache.hc.client5.http.ssl.SSLConnectionSocketFactory - Enabled protocols: [TLSv1.3, TLSv1.2]
21:53:03.256 [main] DEBUG org.apache.hc.client5.http.ssl.SSLConnectionSocketFactory - Enabled cipher suites: [TLS_AES_256_GCM_SHA384, TLS_AES_128_GCM_SHA256, TLS_CHACHA20_POLY1305_SHA256, TLS_ECDHE_ECDSA_WITH_AES_256_GCM_SHA384, TLS_ECDHE_ECDSA_WITH_AES_128_GCM_SHA256, TLS_ECDHE_ECDSA_WITH_CHACHA20_POLY1305_SHA256, TLS_ECDHE_RSA_WITH_AES_256_GCM_SHA384, TLS_ECDHE_RSA_WITH_CHACHA20_POLY1305_SHA256, TLS_ECDHE_RSA_WITH_AES_128_GCM_SHA256, TLS_DHE_RSA_WITH_AES_256_GCM_SHA384, TLS_DHE_RSA_WITH_CHACHA20_POLY1305_SHA256, TLS_DHE_DSS_WITH_AES_256_GCM_SHA384, TLS_DHE_RSA_WITH_AES_128_GCM_SHA256, TLS_DHE_DSS_WITH_AES_128_GCM_SHA256, TLS_ECDHE_ECDSA_WITH_AES_256_CBC_SHA384, TLS_ECDHE_RSA_WITH_AES_256_CBC_SHA384, TLS_ECDHE_ECDSA_WITH_AES_128_CBC_SHA256, TLS_ECDHE_RSA_WITH_AES_128_CBC_SHA256, TLS_DHE_RSA_WITH_AES_256_CBC_SHA256, TLS_DHE_DSS_WITH_AES_256_CBC_SHA256, TLS_DHE_RSA_WITH_AES_128_CBC_SHA256, TLS_DHE_DSS_WITH_AES_128_CBC_SHA256, TLS_ECDH_ECDSA_WITH_AES_256_GCM_SHA384, TLS_ECDH_RSA_WITH_AES_256_GCM_SHA384, TLS_ECDH_ECDSA_WITH_AES_128_GCM_SHA256, TLS_ECDH_RSA_WITH_AES_128_GCM_SHA256, TLS_ECDH_ECDSA_WITH_AES_256_CBC_SHA384, TLS_ECDH_RSA_WITH_AES_256_CBC_SHA384, TLS_ECDH_ECDSA_WITH_AES_128_CBC_SHA256, TLS_ECDH_RSA_WITH_AES_128_CBC_SHA256, TLS_ECDHE_ECDSA_WITH_AES_256_CBC_SHA, TLS_ECDHE_RSA_WITH_AES_256_CBC_SHA, TLS_ECDHE_ECDSA_WITH_AES_128_CBC_SHA, TLS_ECDHE_RSA_WITH_AES_128_CBC_SHA, TLS_DHE_RSA_WITH_AES_256_CBC_SHA, TLS_DHE_DSS_WITH_AES_256_CBC_SHA, TLS_DHE_RSA_WITH_AES_128_CBC_SHA, TLS_DHE_DSS_WITH_AES_128_CBC_SHA, TLS_ECDH_ECDSA_WITH_AES_256_CBC_SHA, TLS_ECDH_RSA_WITH_AES_256_CBC_SHA, TLS_ECDH_ECDSA_WITH_AES_128_CBC_SHA, TLS_ECDH_RSA_WITH_AES_128_CBC_SHA, TLS_RSA_WITH_AES_256_GCM_SHA384, TLS_RSA_WITH_AES_128_GCM_SHA256, TLS_RSA_WITH_AES_256_CBC_SHA256, TLS_RSA_WITH_AES_128_CBC_SHA256, TLS_RSA_WITH_AES_256_CBC_SHA, TLS_RSA_WITH_AES_128_CBC_SHA, TLS_EMPTY_RENEGOTIATION_INFO_SCSV]
21:53:03.256 [main] DEBUG org.apache.hc.client5.http.ssl.SSLConnectionSocketFactory - Starting handshake
21:53:03.297 [main] DEBUG org.apache.hc.client5.http.ssl.SSLConnectionSocketFactory - Secure session established
21:53:03.297 [main] DEBUG org.apache.hc.client5.http.ssl.SSLConnectionSocketFactory -  negotiated protocol: TLSv1.3
21:53:03.297 [main] DEBUG org.apache.hc.client5.http.ssl.SSLConnectionSocketFactory -  negotiated cipher suite: TLS_AES_256_GCM_SHA384
21:53:03.297 [main] DEBUG org.apache.hc.client5.http.ssl.SSLConnectionSocketFactory -  peer principal: CN=*.storage.googleapis.com
21:53:03.297 [main] DEBUG org.apache.hc.client5.http.ssl.SSLConnectionSocketFactory -  peer alternative names: [*.storage.googleapis.com, *.googleapis.com, commondatastorage.googleapis.com, *.commondatastorage.googleapis.com, storage.googleapis.com, storage-p2.googleapis.com, *.storage-p2.googleapis.com, storage.mtls.googleapis.com, *.appspot.com.storage.googleapis.com, *.content-storage.googleapis.com, *.content-storage-p2.googleapis.com, *.content-storage-upload.googleapis.com, *.content-storage-download.googleapis.com, *.storage-upload.googleapis.com, *.storage-download.googleapis.com]
21:53:03.297 [main] DEBUG org.apache.hc.client5.http.ssl.SSLConnectionSocketFactory -  issuer principal: CN=GTS CA 1C3, O=Google Trust Services LLC, C=US
21:53:03.297 [main] DEBUG org.apache.hc.client5.http.impl.io.DefaultHttpClientConnectionOperator - http-outgoing-14: connection established 192.168.100.42:62539<->34.101.5.59:443
21:53:03.297 [main] DEBUG org.apache.hc.client5.http.impl.io.PoolingHttpClientConnectionManager - ep-00000013: connected http-outgoing-14
21:53:03.297 [main] DEBUG org.apache.hc.client5.http.impl.classic.InternalHttpClient - ep-00000013: endpoint connected
21:53:03.297 [main] DEBUG org.apache.hc.client5.http.impl.classic.MainClientExec - ex-00000014: executing GET /LATEST_RELEASE HTTP/1.1
21:53:03.297 [main] DEBUG org.apache.hc.client5.http.impl.classic.InternalHttpClient - ep-00000013: start execution ex-00000014
21:53:03.297 [main] DEBUG org.apache.hc.client5.http.impl.io.PoolingHttpClientConnectionManager - ep-00000013: executing exchange ex-00000014 over http-outgoing-14
21:53:03.298 [main] DEBUG org.apache.hc.client5.http.headers - http-outgoing-14 >> GET /LATEST_RELEASE HTTP/1.1
21:53:03.298 [main] DEBUG org.apache.hc.client5.http.headers - http-outgoing-14 >> user-agent: Apache-HttpClient/5.0
21:53:03.298 [main] DEBUG org.apache.hc.client5.http.headers - http-outgoing-14 >> accept-encoding: gzip, deflate, br
21:53:03.298 [main] DEBUG org.apache.hc.client5.http.headers - http-outgoing-14 >> cache-control: max-age=0
21:53:03.298 [main] DEBUG org.apache.hc.client5.http.headers - http-outgoing-14 >> connection: keep-alive
21:53:03.298 [main] DEBUG org.apache.hc.client5.http.headers - http-outgoing-14 >> Host: chromedriver.storage.googleapis.com
21:53:03.298 [main] DEBUG org.apache.hc.client5.http.wire - http-outgoing-14 >> "GET /LATEST_RELEASE HTTP/1.1[\r][\n]"
21:53:03.298 [main] DEBUG org.apache.hc.client5.http.wire - http-outgoing-14 >> "user-agent: Apache-HttpClient/5.0[\r][\n]"
21:53:03.298 [main] DEBUG org.apache.hc.client5.http.wire - http-outgoing-14 >> "accept-encoding: gzip, deflate, br[\r][\n]"
21:53:03.298 [main] DEBUG org.apache.hc.client5.http.wire - http-outgoing-14 >> "cache-control: max-age=0[\r][\n]"
21:53:03.298 [main] DEBUG org.apache.hc.client5.http.wire - http-outgoing-14 >> "connection: keep-alive[\r][\n]"
21:53:03.298 [main] DEBUG org.apache.hc.client5.http.wire - http-outgoing-14 >> "Host: chromedriver.storage.googleapis.com[\r][\n]"
21:53:03.298 [main] DEBUG org.apache.hc.client5.http.wire - http-outgoing-14 >> "[\r][\n]"
21:53:03.351 [main] DEBUG org.apache.hc.client5.http.wire - http-outgoing-14 << "HTTP/1.1 200 OK[\r][\n]"
21:53:03.351 [main] DEBUG org.apache.hc.client5.http.wire - http-outgoing-14 << "X-GUploader-UploadID: ADPycdvLSkoryVPjL0beTG0wav98L2H9zwURtJFeXPSHDbPFHDEl3pCFiswOuBsO955fz5j5u7C8u8u62P14JOaTgCsjjQllP3zs[\r][\n]"
21:53:03.351 [main] DEBUG org.apache.hc.client5.http.wire - http-outgoing-14 << "x-goog-generation: 1685523462105569[\r][\n]"
21:53:03.351 [main] DEBUG org.apache.hc.client5.http.wire - http-outgoing-14 << "x-goog-metageneration: 1[\r][\n]"
21:53:03.351 [main] DEBUG org.apache.hc.client5.http.wire - http-outgoing-14 << "x-goog-stored-content-encoding: identity[\r][\n]"
21:53:03.351 [main] DEBUG org.apache.hc.client5.http.wire - http-outgoing-14 << "x-goog-stored-content-length: 13[\r][\n]"
21:53:03.351 [main] DEBUG org.apache.hc.client5.http.wire - http-outgoing-14 << "x-goog-hash: crc32c=tVW4TA==[\r][\n]"
21:53:03.351 [main] DEBUG org.apache.hc.client5.http.wire - http-outgoing-14 << "x-goog-hash: md5=NoaEuIlBlniwTkiZ1T16sA==[\r][\n]"
21:53:03.351 [main] DEBUG org.apache.hc.client5.http.wire - http-outgoing-14 << "x-goog-storage-class: STANDARD[\r][\n]"
21:53:03.351 [main] DEBUG org.apache.hc.client5.http.wire - http-outgoing-14 << "Accept-Ranges: bytes[\r][\n]"
21:53:03.351 [main] DEBUG org.apache.hc.client5.http.wire - http-outgoing-14 << "Content-Length: 13[\r][\n]"
21:53:03.351 [main] DEBUG org.apache.hc.client5.http.wire - http-outgoing-14 << "Server: UploadServer[\r][\n]"
21:53:03.351 [main] DEBUG org.apache.hc.client5.http.wire - http-outgoing-14 << "Date: Thu, 05 Oct 2023 14:04:14 GMT[\r][\n]"
21:53:03.351 [main] DEBUG org.apache.hc.client5.http.wire - http-outgoing-14 << "Expires: Thu, 05 Oct 2023 15:04:14 GMT[\r][\n]"
21:53:03.351 [main] DEBUG org.apache.hc.client5.http.wire - http-outgoing-14 << "Cache-Control: public, max-age=3600[\r][\n]"
21:53:03.351 [main] DEBUG org.apache.hc.client5.http.wire - http-outgoing-14 << "Age: 2929[\r][\n]"
21:53:03.351 [main] DEBUG org.apache.hc.client5.http.wire - http-outgoing-14 << "Last-Modified: Wed, 31 May 2023 08:57:42 GMT[\r][\n]"
21:53:03.351 [main] DEBUG org.apache.hc.client5.http.wire - http-outgoing-14 << "ETag: "368684b889419678b04e4899d53d7ab0"[\r][\n]"
21:53:03.351 [main] DEBUG org.apache.hc.client5.http.wire - http-outgoing-14 << "Content-Type: text/plain[\r][\n]"
21:53:03.351 [main] DEBUG org.apache.hc.client5.http.wire - http-outgoing-14 << "Alt-Svc: h3=":443"; ma=2592000,h3-29=":443"; ma=2592000[\r][\n]"
21:53:03.351 [main] DEBUG org.apache.hc.client5.http.wire - http-outgoing-14 << "[\r][\n]"
21:53:03.351 [main] DEBUG org.apache.hc.client5.http.wire - http-outgoing-14 << "114.0.5735.90"
21:53:03.351 [main] DEBUG org.apache.hc.client5.http.headers - http-outgoing-14 << HTTP/1.1 200 OK
21:53:03.351 [main] DEBUG org.apache.hc.client5.http.headers - http-outgoing-14 << X-GUploader-UploadID: ADPycdvLSkoryVPjL0beTG0wav98L2H9zwURtJFeXPSHDbPFHDEl3pCFiswOuBsO955fz5j5u7C8u8u62P14JOaTgCsjjQllP3zs
21:53:03.351 [main] DEBUG org.apache.hc.client5.http.headers - http-outgoing-14 << x-goog-generation: 1685523462105569
21:53:03.351 [main] DEBUG org.apache.hc.client5.http.headers - http-outgoing-14 << x-goog-metageneration: 1
21:53:03.351 [main] DEBUG org.apache.hc.client5.http.headers - http-outgoing-14 << x-goog-stored-content-encoding: identity
21:53:03.351 [main] DEBUG org.apache.hc.client5.http.headers - http-outgoing-14 << x-goog-stored-content-length: 13
21:53:03.351 [main] DEBUG org.apache.hc.client5.http.headers - http-outgoing-14 << x-goog-hash: crc32c=tVW4TA==
21:53:03.351 [main] DEBUG org.apache.hc.client5.http.headers - http-outgoing-14 << x-goog-hash: md5=NoaEuIlBlniwTkiZ1T16sA==
21:53:03.351 [main] DEBUG org.apache.hc.client5.http.headers - http-outgoing-14 << x-goog-storage-class: STANDARD
21:53:03.351 [main] DEBUG org.apache.hc.client5.http.headers - http-outgoing-14 << Accept-Ranges: bytes
21:53:03.351 [main] DEBUG org.apache.hc.client5.http.headers - http-outgoing-14 << Content-Length: 13
21:53:03.351 [main] DEBUG org.apache.hc.client5.http.headers - http-outgoing-14 << Server: UploadServer
21:53:03.351 [main] DEBUG org.apache.hc.client5.http.headers - http-outgoing-14 << Date: Thu, 05 Oct 2023 14:04:14 GMT
21:53:03.351 [main] DEBUG org.apache.hc.client5.http.headers - http-outgoing-14 << Expires: Thu, 05 Oct 2023 15:04:14 GMT
21:53:03.351 [main] DEBUG org.apache.hc.client5.http.headers - http-outgoing-14 << Cache-Control: public, max-age=3600
21:53:03.351 [main] DEBUG org.apache.hc.client5.http.headers - http-outgoing-14 << Age: 2929
21:53:03.351 [main] DEBUG org.apache.hc.client5.http.headers - http-outgoing-14 << Last-Modified: Wed, 31 May 2023 08:57:42 GMT
21:53:03.351 [main] DEBUG org.apache.hc.client5.http.headers - http-outgoing-14 << ETag: "368684b889419678b04e4899d53d7ab0"
21:53:03.351 [main] DEBUG org.apache.hc.client5.http.headers - http-outgoing-14 << Content-Type: text/plain
21:53:03.351 [main] DEBUG org.apache.hc.client5.http.headers - http-outgoing-14 << Alt-Svc: h3=":443"; ma=2592000,h3-29=":443"; ma=2592000
21:53:03.351 [main] DEBUG org.apache.hc.client5.http.impl.classic.MainClientExec - ex-00000014: connection can be kept alive for 3 MINUTES
21:53:03.352 [main] DEBUG org.apache.hc.client5.http.impl.classic.InternalHttpClient - ep-00000013: releasing valid endpoint
21:53:03.352 [main] DEBUG org.apache.hc.client5.http.impl.io.PoolingHttpClientConnectionManager - ep-00000013: releasing endpoint
21:53:03.352 [main] DEBUG org.apache.hc.client5.http.impl.io.PoolingHttpClientConnectionManager - ep-00000013: connection http-outgoing-14 can be kept alive for 3 MINUTES
21:53:03.352 [main] DEBUG org.apache.hc.client5.http.impl.io.PoolingHttpClientConnectionManager - ep-00000013: connection released [route: {s}->https://chromedriver.storage.googleapis.com:443][total available: 2; route allocated: 2 of 5; total allocated: 3 of 25]
21:53:03.352 [main] DEBUG io.github.bonigarcia.wdm.versions.VersionDetector - Latest version of chromedriver according to https://chromedriver.storage.googleapis.com/LATEST_RELEASE is 114.0.5735.90
21:53:03.354 [main] DEBUG io.github.bonigarcia.wdm.WebDriverManager - Driver chromedriver 114.0.5735.90 found in cache
21:53:03.355 [main] INFO io.github.bonigarcia.wdm.WebDriverManager - Exporting webdriver.chrome.driver as C:\Users\Bagas Dwi Saputra\.cache\selenium\chromedriver\win32\114.0.5735.90\chromedriver.exe
21:53:03.703 [main] DEBUG net.thucydides.core.reflection.ClassFinder - Could not load class net.serenitybdd.rest.utils.RestSpecificationFactory
21:53:03.861 [main] DEBUG net.thucydides.core.reflection.ClassFinder - Could not load class net.serenitybdd.rest.utils.RestSpecificationFactory
21:53:03.863 [main] INFO net.serenitybdd.core.webdriver.driverproviders.ProvideNewDriver - Instantiating driver
21:53:03.863 [main] INFO net.serenitybdd.core.webdriver.driverproviders.ProvideNewDriver - Driver capabilities: Capabilities {acceptInsecureCerts: false, base.url: https://app.jubelio.com, browserName: chrome, chrome.driver: src/test/resources/webdrive..., driver: chrome, goog:chromeOptions: {args: [], extensions: []}, loggingPrefs: org.openqa.selenium.logging...}
21:53:04.930 [main] DEBUG net.thucydides.core.reflection.ClassFinder - Could not load class net.serenitybdd.rest.utils.RestSpecificationFactory
21:53:06.891 [main] DEBUG net.serenitybdd.core.photography.Darkroom - Send negative for processing for target\site\serenity\4cc97b387fb82cfc136ff103deed3ff15904afea0e81e8a8130786ef5a9430f4.png
21:53:06.891 [main] DEBUG net.thucydides.core.steps.StepInterceptor - STEP DONE: openLink
21:53:06.892 [Darkroom Processing Line] DEBUG net.serenitybdd.core.photography.DarkroomProcessingLine - Processing screenshot image in /var/screenshots/screenshot-13831908691109849458
21:53:06.892 [Darkroom Processing Line] DEBUG net.serenitybdd.core.photography.DarkroomProcessingLine - Saving screenshot to target\site\serenity\4cc97b387fb82cfc136ff103deed3ff15904afea0e81e8a8130786ef5a9430f4.png
21:53:06.895 [main] DEBUG net.thucydides.core.steps.StepInterceptor - STARTING STEP: InventoryStockSteps.loginClickButtonLogin - fills in the {string} with valid data email
21:53:07.163 [main] DEBUG net.serenitybdd.core.photography.Darkroom - Send negative for processing for target\site\serenity\29d3e9f166cf597135c97994c9ce45464a7cb63e7c1b11511a227ba5e21a0a13.png
21:53:07.163 [main] DEBUG net.thucydides.core.steps.StepInterceptor - STEP DONE: fills in the {string} with valid data email
21:53:07.169 [main] DEBUG net.thucydides.core.steps.StepInterceptor - STARTING STEP: InventoryStockSteps.loginClickButtonLogin - fill in the {string} with valid data pass
21:53:07.512 [main] DEBUG net.serenitybdd.core.photography.Darkroom - Send negative for processing for target\site\serenity\58b4904ac9869ae9f74f03e20bcfc2323adfade72b9c0c850007d08b3d598516.png
21:53:07.512 [main] DEBUG net.thucydides.core.steps.StepInterceptor - STEP DONE: fill in the {string} with valid data pass
21:53:07.513 [Darkroom Processing Line] DEBUG net.serenitybdd.core.photography.DarkroomProcessingLine - Processing screenshot image in /var/screenshots/screenshot-13693961072653672914
21:53:07.513 [Darkroom Processing Line] DEBUG net.serenitybdd.core.photography.DarkroomProcessingLine - Saving screenshot to target\site\serenity\58b4904ac9869ae9f74f03e20bcfc2323adfade72b9c0c850007d08b3d598516.png
21:53:07.517 [main] DEBUG net.thucydides.core.steps.StepInterceptor - STARTING STEP: InventoryStockSteps.loginClickButtonLogin - clickbtnlogin
21:53:08.093 [main] DEBUG net.serenitybdd.core.photography.Darkroom - Send negative for processing for target\site\serenity\2ddaa4e4a373bd8061bbee8d32e14da5d9de3685dff529125b0819d3746d2814.png
21:53:08.093 [main] DEBUG net.thucydides.core.steps.StepInterceptor - STEP DONE: clickbtnlogin
21:53:11.196 [main] DEBUG net.serenitybdd.core.photography.Darkroom - Send negative for processing for target\site\serenity\b8d3ef7ec779dd28da6f11e1351d06d7dc2322c4fb526b00eeef9930f627e102.png
21:53:11.197 [main] DEBUG net.thucydides.core.steps.StepInterceptor - STARTING STEP: InventoryStockSteps.loginClickButtonLogin - openUrlInventory
21:53:12.709 [main] DEBUG net.serenitybdd.core.photography.Darkroom - Send negative for processing for target\site\serenity\623e9f25d7f0ed55cf1a44f8bbaa69acef445b8d92692c27a2371c7b87858e66.png
21:53:12.709 [main] DEBUG net.thucydides.core.steps.StepInterceptor - STEP DONE: openUrlInventory
  &amp#27;[32mGiven &amp#27;[0m&amp#27;[32mLogin &amp#27;[0m&amp#27;[32m&amp#27;[1m"qa.rakamin.jubelio@gmail.com"&amp#27;[0m&amp#27;[32m, &amp#27;[0m&amp#27;[32m&amp#27;[1m"Jubelio123!"&amp#27;[0m&amp#27;[32m, click button login&amp#27;[0m &amp#27;[90m# starter.stepdefinitios.InventoryStockSteps.loginClickButtonLogin(java.lang.String,java.lang.String)&amp#27;[0m
21:53:12.966 [main] DEBUG net.serenitybdd.core.photography.Darkroom - Send negative for processing for target\site\serenity\623e9f25d7f0ed55cf1a44f8bbaa69acef445b8d92692c27a2371c7b87858e66.png
21:53:13.574 [main] DEBUG net.serenitybdd.core.photography.Darkroom - Send negative for processing for target\site\serenity\623e9f25d7f0ed55cf1a44f8bbaa69acef445b8d92692c27a2371c7b87858e66.png
21:53:13.574 [main] DEBUG net.thucydides.core.steps.StepInterceptor - STARTING STEP: InventoryStockSteps.fillsInTheWithValidDataEmail - validatePagePersedian
21:53:13.607 [main] DEBUG net.thucydides.core.steps.StepInterceptor - STEP DONE: validatePagePersedian
21:53:13.861 [main] DEBUG net.serenitybdd.core.photography.Darkroom - Send negative for processing for target\site\serenity\623e9f25d7f0ed55cf1a44f8bbaa69acef445b8d92692c27a2371c7b87858e66.png
21:53:13.862 [main] DEBUG net.thucydides.core.steps.StepInterceptor - STARTING STEP: InventoryStockSteps.fillsInTheWithValidDataEmail - btnPenyesuaianPersedian
21:53:14.169 [main] DEBUG net.serenitybdd.core.photography.Darkroom - Send negative for processing for target\site\serenity\368259e0fc038cf6f6099d8f5cb328b922c292bd1182d5c0f2b8483cc3c3a3e2.png
21:53:14.169 [main] DEBUG net.thucydides.core.steps.StepInterceptor - STEP DONE: btnPenyesuaianPersedian
  &amp#27;[32mAnd &amp#27;[0m&amp#27;[32man inventory adjustment button click&amp#27;[0m                                      &amp#27;[90m# starter.stepdefinitios.InventoryStockSteps.fillsInTheWithValidDataEmail()&amp#27;[0m
21:53:14.763 [main] DEBUG net.serenitybdd.core.photography.Darkroom - Send negative for processing for target\site\serenity\23224668ac0c5663a6d39ccaa81712d69b7ce022f1e0e6b04dae1dca31370dac.png
21:53:14.763 [main] DEBUG net.thucydides.core.steps.StepInterceptor - STARTING STEP: InventoryStockSteps.validateTheInventoryAdjustmentPage - validatePenyesuaianPersediaa
21:53:14.790 [main] DEBUG net.thucydides.core.steps.StepInterceptor - STEP DONE: validatePenyesuaianPersediaa
  &amp#27;[32mAnd &amp#27;[0m&amp#27;[32mvalidate the inventory adjustment page&amp#27;[0m                                    &amp#27;[90m# starter.stepdefinitios.InventoryStockSteps.validateTheInventoryAdjustmentPage()&amp#27;[0m
21:53:15.041 [main] DEBUG net.serenitybdd.core.photography.Darkroom - Send negative for processing for target\site\serenity\23224668ac0c5663a6d39ccaa81712d69b7ce022f1e0e6b04dae1dca31370dac.png
21:53:15.042 [main] DEBUG net.thucydides.core.steps.StepInterceptor - STARTING STEP: InventoryStockSteps.click - btnLokasi
21:53:15.236 [main] DEBUG net.serenitybdd.core.photography.Darkroom - Send negative for processing for target\site\serenity\ffb9bfd3daa1394b62066e0e542acd4926d5448f4d8383464000c7cf23161974.png
21:53:15.236 [main] DEBUG net.thucydides.core.steps.StepInterceptor - STEP DONE: btnLokasi
21:53:15.504 [main] DEBUG net.serenitybdd.core.photography.Darkroom - Send negative for processing for target\site\serenity\ffb9bfd3daa1394b62066e0e542acd4926d5448f4d8383464000c7cf23161974.png
21:53:15.504 [main] DEBUG net.thucydides.core.steps.StepInterceptor - STARTING STEP: InventoryStockSteps.click - btnVarisi
21:53:15.701 [main] DEBUG net.serenitybdd.core.photography.Darkroom - Send negative for processing for target\site\serenity\23224668ac0c5663a6d39ccaa81712d69b7ce022f1e0e6b04dae1dca31370dac.png
21:53:15.701 [main] DEBUG net.thucydides.core.steps.StepInterceptor - STEP DONE: btnVarisi
  &amp#27;[32mAnd &amp#27;[0m&amp#27;[32mclick &amp#27;[0m&amp#27;[32m&amp#27;[1m"Pusat"&amp#27;[0m                                                             &amp#27;[90m# starter.stepdefinitios.InventoryStockSteps.click(java.lang.String)&amp#27;[0m
21:53:15.710 [main] DEBUG net.thucydides.core.steps.StepInterceptor - STARTING STEP: InventoryStockSteps.youDeteleItem - btnPilihBarang
21:53:16.024 [main] DEBUG net.serenitybdd.core.photography.Darkroom - Send negative for processing for target\site\serenity\89f155c34cc2d84972784f9f9d9a4f4a4d417e1eb586cfb2775905cc8c901374.png
21:53:16.024 [main] DEBUG net.thucydides.core.steps.StepInterceptor - STEP DONE: btnPilihBarang
21:53:16.274 [main] DEBUG net.serenitybdd.core.photography.Darkroom - Send negative for processing for target\site\serenity\9311a53bc487a0fc8bc45603cf1ae1d791425fc180db490005060165b955c6fd.png
21:53:16.274 [main] DEBUG net.thucydides.core.steps.StepInterceptor - STARTING STEP: InventoryStockSteps.youDeteleItem - btnBarang
21:53:16.903 [main] DEBUG net.serenitybdd.core.photography.Darkroom - Send negative for processing for target\site\serenity\cb66d2d166d669c8bf9f230684124852a1d2c3b9f7b46db062bca14d3b92f1be.png
21:53:16.903 [main] DEBUG net.thucydides.core.steps.StepInterceptor - STEP DONE: btnBarang
21:53:17.195 [main] DEBUG net.serenitybdd.core.photography.Darkroom - Send negative for processing for target\site\serenity\cb66d2d166d669c8bf9f230684124852a1d2c3b9f7b46db062bca14d3b92f1be.png
21:53:17.195 [main] DEBUG net.thucydides.core.steps.StepInterceptor - STARTING STEP: InventoryStockSteps.youDeteleItem - btnCheckbox
21:53:17.415 [main] DEBUG net.serenitybdd.core.photography.Darkroom - Send negative for processing for target\site\serenity\b298ace6f420cbd842b35f54bff5d16dd9cc7973366c933cab37ae04bc68c423.png
21:53:17.415 [main] DEBUG net.thucydides.core.steps.StepInterceptor - STEP DONE: btnCheckbox
21:53:17.696 [main] DEBUG net.serenitybdd.core.photography.Darkroom - Send negative for processing for target\site\serenity\b298ace6f420cbd842b35f54bff5d16dd9cc7973366c933cab37ae04bc68c423.png
21:53:17.696 [main] DEBUG net.thucydides.core.steps.StepInterceptor - STARTING STEP: InventoryStockSteps.youDeteleItem - btnDelete
21:53:18.025 [main] DEBUG net.serenitybdd.core.photography.Darkroom - Send negative for processing for target\site\serenity\9b44f8b646287d6a3251ca0a43ad268a9967f8968f24d36fd78f253f5827a9d7.png
21:53:18.026 [main] DEBUG net.thucydides.core.steps.StepInterceptor - STEP DONE: btnDelete
  &amp#27;[32mWhen &amp#27;[0m&amp#27;[32myou detele item &amp#27;[0m&amp#27;[32m&amp#27;[1m"Batal"&amp#27;[0m                                                  &amp#27;[90m# starter.stepdefinitios.InventoryStockSteps.youDeteleItem(java.lang.String)&amp#27;[0m
21:53:18.026 [Darkroom Processing Line] DEBUG net.serenitybdd.core.photography.DarkroomProcessingLine - Processing screenshot image in /var/screenshots/screenshot-8340900232892545877
21:53:18.026 [Darkroom Processing Line] DEBUG net.serenitybdd.core.photography.DarkroomProcessingLine - Saving screenshot to target\site\serenity\9b44f8b646287d6a3251ca0a43ad268a9967f8968f24d36fd78f253f5827a9d7.png
21:53:18.036 [main] DEBUG net.thucydides.core.steps.StepInterceptor - STARTING STEP: InventoryStockSteps.validateTheNameEmpty - validatePilihBarang
21:53:18.061 [main] DEBUG net.thucydides.core.steps.StepInterceptor - STEP DONE: validatePilihBarang
  &amp#27;[32mThen &amp#27;[0m&amp#27;[32mvalidate the name empty&amp#27;[0m                                                  &amp#27;[90m# starter.stepdefinitios.InventoryStockSteps.validateTheNameEmpty()&amp#27;[0m
21:53:18.234 [main] INFO  - 
  _____   ___   ___   _____     ___     _     ___   ___   ___   ___  
 |_   _| | __| / __| |_   _|   | _ \   /_\   / __| / __| | __| |   \ 
   | |   | _|  \__ \   | |     |  _/  / _ \  \__ \ \__ \ | _|  | |) |
   |_|   |___| |___/   |_|     |_|   /_/ \_\ |___/ |___/ |___| |___/ 

Inventory Stock - Delete
----------------------------------------------------------------------
]]></system-out>
    <system-err><![CDATA[Starting ChromeDriver 117.0.5938.88 (be6afae4721209be42944bbcd325665f9f44563b-refs/branch-heads/5938_62@{#9}) on port 49663
Only local connections are allowed.
Please see https://chromedriver.chromium.org/security-considerations for suggestions on keeping ChromeDriver safe.
ChromeDriver was started successfully.
Oct 05, 2023 9:53:04 PM org.openqa.selenium.remote.ProtocolHandshake createSession
INFO: Detected dialect: W3C
]]></system-err>
  </testcase>
  <testcase name="Inventory Stock - Delete #3" classname="Inventory Stock at app.jubelio" time="17.49">
    <system-out><![CDATA[
@Inventory @DeleteStock
Scenario Outline: Inventory Stock - Delete                                      &amp#27;[90m# src/test/resources/features/user/inventorystock.feature:32&amp#27;[0m
21:53:18.239 [main] INFO io.cucumber.core.plugin.SerenityReporter - Running feature from file:///D:/QE/Automation/Jubelio-Website/src/test/resources/features/user/inventorystock.feature
21:53:18.428 [main] DEBUG net.thucydides.core.steps.StepInterceptor - STARTING STEP: InventoryStockSteps.loginClickButtonLogin - openLink
21:53:18.429 [main] INFO net.serenitybdd.core.webdriver.driverproviders.ChromeDriverProvider - Using automatically driver download
21:53:18.443 [main] DEBUG org.apache.hc.client5.http.impl.classic.InternalHttpClient - ex-00000015: preparing request execution
21:53:18.443 [main] DEBUG org.apache.hc.client5.http.protocol.RequestAddCookies - Cookie spec selected: strict
21:53:18.443 [main] DEBUG org.apache.hc.client5.http.protocol.RequestAuthCache - Auth cache not set in the context
21:53:18.443 [main] DEBUG org.apache.hc.client5.http.impl.classic.ProtocolExec - ex-00000015: target auth state: UNCHALLENGED
21:53:18.443 [main] DEBUG org.apache.hc.client5.http.impl.classic.ProtocolExec - ex-00000015: proxy auth state: UNCHALLENGED
21:53:18.443 [main] DEBUG org.apache.hc.client5.http.impl.classic.ConnectExec - ex-00000015: acquiring connection with route {s}->https://raw.githubusercontent.com:443
21:53:18.443 [main] DEBUG org.apache.hc.client5.http.impl.classic.InternalHttpClient - ex-00000015: acquiring endpoint (3 MINUTES)
21:53:18.443 [main] DEBUG org.apache.hc.client5.http.impl.io.PoolingHttpClientConnectionManager - ex-00000015: endpoint lease request (3 MINUTES) [route: {s}->https://raw.githubusercontent.com:443][total available: 0; route allocated: 0 of 5; total allocated: 0 of 25]
21:53:18.444 [main] DEBUG org.apache.hc.client5.http.impl.io.PoolingHttpClientConnectionManager - ex-00000015: endpoint leased [route: {s}->https://raw.githubusercontent.com:443][total available: 0; route allocated: 1 of 5; total allocated: 1 of 25]
21:53:18.444 [main] DEBUG org.apache.hc.client5.http.impl.io.PoolingHttpClientConnectionManager - ex-00000015: acquired ep-00000014
21:53:18.444 [main] DEBUG org.apache.hc.client5.http.impl.classic.InternalHttpClient - ex-00000015: acquired endpoint ep-00000014
21:53:18.444 [main] DEBUG org.apache.hc.client5.http.impl.classic.ConnectExec - ex-00000015: opening connection {s}->https://raw.githubusercontent.com:443
21:53:18.444 [main] DEBUG org.apache.hc.client5.http.impl.classic.InternalHttpClient - ep-00000014: connecting endpoint (30 SECONDS)
21:53:18.444 [main] DEBUG org.apache.hc.client5.http.impl.io.PoolingHttpClientConnectionManager - ep-00000014: connecting endpoint to https://raw.githubusercontent.com:443 (30 SECONDS)
21:53:18.444 [main] DEBUG org.apache.hc.client5.http.impl.io.DefaultHttpClientConnectionOperator - http-outgoing-15: connecting to raw.githubusercontent.com/185.199.108.133:443
21:53:18.444 [main] DEBUG org.apache.hc.client5.http.ssl.SSLConnectionSocketFactory - Connecting socket to raw.githubusercontent.com/185.199.108.133:443 with timeout 30 SECONDS
21:53:18.465 [main] DEBUG org.apache.hc.client5.http.ssl.SSLConnectionSocketFactory - Enabled protocols: [TLSv1.3, TLSv1.2]
21:53:18.465 [main] DEBUG org.apache.hc.client5.http.ssl.SSLConnectionSocketFactory - Enabled cipher suites: [TLS_AES_256_GCM_SHA384, TLS_AES_128_GCM_SHA256, TLS_CHACHA20_POLY1305_SHA256, TLS_ECDHE_ECDSA_WITH_AES_256_GCM_SHA384, TLS_ECDHE_ECDSA_WITH_AES_128_GCM_SHA256, TLS_ECDHE_ECDSA_WITH_CHACHA20_POLY1305_SHA256, TLS_ECDHE_RSA_WITH_AES_256_GCM_SHA384, TLS_ECDHE_RSA_WITH_CHACHA20_POLY1305_SHA256, TLS_ECDHE_RSA_WITH_AES_128_GCM_SHA256, TLS_DHE_RSA_WITH_AES_256_GCM_SHA384, TLS_DHE_RSA_WITH_CHACHA20_POLY1305_SHA256, TLS_DHE_DSS_WITH_AES_256_GCM_SHA384, TLS_DHE_RSA_WITH_AES_128_GCM_SHA256, TLS_DHE_DSS_WITH_AES_128_GCM_SHA256, TLS_ECDHE_ECDSA_WITH_AES_256_CBC_SHA384, TLS_ECDHE_RSA_WITH_AES_256_CBC_SHA384, TLS_ECDHE_ECDSA_WITH_AES_128_CBC_SHA256, TLS_ECDHE_RSA_WITH_AES_128_CBC_SHA256, TLS_DHE_RSA_WITH_AES_256_CBC_SHA256, TLS_DHE_DSS_WITH_AES_256_CBC_SHA256, TLS_DHE_RSA_WITH_AES_128_CBC_SHA256, TLS_DHE_DSS_WITH_AES_128_CBC_SHA256, TLS_ECDH_ECDSA_WITH_AES_256_GCM_SHA384, TLS_ECDH_RSA_WITH_AES_256_GCM_SHA384, TLS_ECDH_ECDSA_WITH_AES_128_GCM_SHA256, TLS_ECDH_RSA_WITH_AES_128_GCM_SHA256, TLS_ECDH_ECDSA_WITH_AES_256_CBC_SHA384, TLS_ECDH_RSA_WITH_AES_256_CBC_SHA384, TLS_ECDH_ECDSA_WITH_AES_128_CBC_SHA256, TLS_ECDH_RSA_WITH_AES_128_CBC_SHA256, TLS_ECDHE_ECDSA_WITH_AES_256_CBC_SHA, TLS_ECDHE_RSA_WITH_AES_256_CBC_SHA, TLS_ECDHE_ECDSA_WITH_AES_128_CBC_SHA, TLS_ECDHE_RSA_WITH_AES_128_CBC_SHA, TLS_DHE_RSA_WITH_AES_256_CBC_SHA, TLS_DHE_DSS_WITH_AES_256_CBC_SHA, TLS_DHE_RSA_WITH_AES_128_CBC_SHA, TLS_DHE_DSS_WITH_AES_128_CBC_SHA, TLS_ECDH_ECDSA_WITH_AES_256_CBC_SHA, TLS_ECDH_RSA_WITH_AES_256_CBC_SHA, TLS_ECDH_ECDSA_WITH_AES_128_CBC_SHA, TLS_ECDH_RSA_WITH_AES_128_CBC_SHA, TLS_RSA_WITH_AES_256_GCM_SHA384, TLS_RSA_WITH_AES_128_GCM_SHA256, TLS_RSA_WITH_AES_256_CBC_SHA256, TLS_RSA_WITH_AES_128_CBC_SHA256, TLS_RSA_WITH_AES_256_CBC_SHA, TLS_RSA_WITH_AES_128_CBC_SHA, TLS_EMPTY_RENEGOTIATION_INFO_SCSV]
21:53:18.465 [main] DEBUG org.apache.hc.client5.http.ssl.SSLConnectionSocketFactory - Starting handshake
21:53:18.509 [main] DEBUG org.apache.hc.client5.http.ssl.SSLConnectionSocketFactory - Secure session established
21:53:18.509 [main] DEBUG org.apache.hc.client5.http.ssl.SSLConnectionSocketFactory -  negotiated protocol: TLSv1.3
21:53:18.509 [main] DEBUG org.apache.hc.client5.http.ssl.SSLConnectionSocketFactory -  negotiated cipher suite: TLS_AES_256_GCM_SHA384
21:53:18.509 [main] DEBUG org.apache.hc.client5.http.ssl.SSLConnectionSocketFactory -  peer principal: CN=*.github.io, O="GitHub, Inc.", L=San Francisco, ST=California, C=US
21:53:18.510 [main] DEBUG org.apache.hc.client5.http.ssl.SSLConnectionSocketFactory -  peer alternative names: [*.github.io, github.io, *.github.com, github.com, www.github.com, *.githubusercontent.com, githubusercontent.com]
21:53:18.510 [main] DEBUG org.apache.hc.client5.http.ssl.SSLConnectionSocketFactory -  issuer principal: CN=DigiCert TLS RSA SHA256 2020 CA1, O=DigiCert Inc, C=US
21:53:18.510 [main] DEBUG org.apache.hc.client5.http.impl.io.DefaultHttpClientConnectionOperator - http-outgoing-15: connection established 192.168.100.42:62614<->185.199.108.133:443
21:53:18.510 [main] DEBUG org.apache.hc.client5.http.impl.io.PoolingHttpClientConnectionManager - ep-00000014: connected http-outgoing-15
21:53:18.510 [main] DEBUG org.apache.hc.client5.http.impl.classic.InternalHttpClient - ep-00000014: endpoint connected
21:53:18.510 [main] DEBUG org.apache.hc.client5.http.impl.classic.MainClientExec - ex-00000015: executing GET /bonigarcia/webdrivermanager/master/src/main/resources/commands.properties HTTP/1.1
21:53:18.510 [main] DEBUG org.apache.hc.client5.http.impl.classic.InternalHttpClient - ep-00000014: start execution ex-00000015
21:53:18.510 [main] DEBUG org.apache.hc.client5.http.impl.io.PoolingHttpClientConnectionManager - ep-00000014: executing exchange ex-00000015 over http-outgoing-15
21:53:18.510 [main] DEBUG org.apache.hc.client5.http.headers - http-outgoing-15 >> GET /bonigarcia/webdrivermanager/master/src/main/resources/commands.properties HTTP/1.1
21:53:18.510 [main] DEBUG org.apache.hc.client5.http.headers - http-outgoing-15 >> user-agent: Apache-HttpClient/5.0
21:53:18.510 [main] DEBUG org.apache.hc.client5.http.headers - http-outgoing-15 >> accept-encoding: gzip, deflate, br
21:53:18.510 [main] DEBUG org.apache.hc.client5.http.headers - http-outgoing-15 >> cache-control: max-age=0
21:53:18.510 [main] DEBUG org.apache.hc.client5.http.headers - http-outgoing-15 >> connection: keep-alive
21:53:18.510 [main] DEBUG org.apache.hc.client5.http.headers - http-outgoing-15 >> Host: raw.githubusercontent.com
21:53:18.510 [main] DEBUG org.apache.hc.client5.http.wire - http-outgoing-15 >> "GET /bonigarcia/webdrivermanager/master/src/main/resources/commands.properties HTTP/1.1[\r][\n]"
21:53:18.510 [main] DEBUG org.apache.hc.client5.http.wire - http-outgoing-15 >> "user-agent: Apache-HttpClient/5.0[\r][\n]"
21:53:18.510 [main] DEBUG org.apache.hc.client5.http.wire - http-outgoing-15 >> "accept-encoding: gzip, deflate, br[\r][\n]"
21:53:18.510 [main] DEBUG org.apache.hc.client5.http.wire - http-outgoing-15 >> "cache-control: max-age=0[\r][\n]"
21:53:18.510 [main] DEBUG org.apache.hc.client5.http.wire - http-outgoing-15 >> "connection: keep-alive[\r][\n]"
21:53:18.510 [main] DEBUG org.apache.hc.client5.http.wire - http-outgoing-15 >> "Host: raw.githubusercontent.com[\r][\n]"
21:53:18.510 [main] DEBUG org.apache.hc.client5.http.wire - http-outgoing-15 >> "[\r][\n]"
21:53:18.545 [main] DEBUG org.apache.hc.client5.http.wire - http-outgoing-15 << "HTTP/1.1 200 OK[\r][\n]"
21:53:18.545 [main] DEBUG org.apache.hc.client5.http.wire - http-outgoing-15 << "Connection: keep-alive[\r][\n]"
21:53:18.545 [main] DEBUG org.apache.hc.client5.http.wire - http-outgoing-15 << "Content-Length: 723[\r][\n]"
21:53:18.545 [main] DEBUG org.apache.hc.client5.http.wire - http-outgoing-15 << "Cache-Control: max-age=300[\r][\n]"
21:53:18.545 [main] DEBUG org.apache.hc.client5.http.wire - http-outgoing-15 << "Content-Security-Policy: default-src 'none'; style-src 'unsafe-inline'; sandbox[\r][\n]"
21:53:18.545 [main] DEBUG org.apache.hc.client5.http.wire - http-outgoing-15 << "Content-Type: text/plain; charset=utf-8[\r][\n]"
21:53:18.545 [main] DEBUG org.apache.hc.client5.http.wire - http-outgoing-15 << "ETag: W/"e82b438271e9e8680c688b0b680efd0bdd22faa6d6f0a32fc1fd8accc486b67e"[\r][\n]"
21:53:18.545 [main] DEBUG org.apache.hc.client5.http.wire - http-outgoing-15 << "Strict-Transport-Security: max-age=31536000[\r][\n]"
21:53:18.545 [main] DEBUG org.apache.hc.client5.http.wire - http-outgoing-15 << "X-Content-Type-Options: nosniff[\r][\n]"
21:53:18.545 [main] DEBUG org.apache.hc.client5.http.wire - http-outgoing-15 << "X-Frame-Options: deny[\r][\n]"
21:53:18.545 [main] DEBUG org.apache.hc.client5.http.wire - http-outgoing-15 << "X-XSS-Protection: 1; mode=block[\r][\n]"
21:53:18.545 [main] DEBUG org.apache.hc.client5.http.wire - http-outgoing-15 << "X-GitHub-Request-Id: 4CA0:B8C7F:70C4E:8CACE:651389F9[\r][\n]"
21:53:18.545 [main] DEBUG org.apache.hc.client5.http.wire - http-outgoing-15 << "Content-Encoding: gzip[\r][\n]"
21:53:18.545 [main] DEBUG org.apache.hc.client5.http.wire - http-outgoing-15 << "Accept-Ranges: bytes[\r][\n]"
21:53:18.545 [main] DEBUG org.apache.hc.client5.http.wire - http-outgoing-15 << "Date: Thu, 05 Oct 2023 14:53:19 GMT[\r][\n]"
21:53:18.545 [main] DEBUG org.apache.hc.client5.http.wire - http-outgoing-15 << "Via: 1.1 varnish[\r][\n]"
21:53:18.545 [main] DEBUG org.apache.hc.client5.http.wire - http-outgoing-15 << "X-Served-By: cache-qpg1250-QPG[\r][\n]"
21:53:18.545 [main] DEBUG org.apache.hc.client5.http.wire - http-outgoing-15 << "X-Cache: HIT[\r][\n]"
21:53:18.545 [main] DEBUG org.apache.hc.client5.http.wire - http-outgoing-15 << "X-Cache-Hits: 1[\r][\n]"
21:53:18.545 [main] DEBUG org.apache.hc.client5.http.wire - http-outgoing-15 << "X-Timer: S1696517599.205582,VS0,VE1[\r][\n]"
21:53:18.545 [main] DEBUG org.apache.hc.client5.http.wire - http-outgoing-15 << "Vary: Authorization,Accept-Encoding,Origin[\r][\n]"
21:53:18.545 [main] DEBUG org.apache.hc.client5.http.wire - http-outgoing-15 << "Access-Control-Allow-Origin: *[\r][\n]"
21:53:18.545 [main] DEBUG org.apache.hc.client5.http.wire - http-outgoing-15 << "Cross-Origin-Resource-Policy: cross-origin[\r][\n]"
21:53:18.545 [main] DEBUG org.apache.hc.client5.http.wire - http-outgoing-15 << "X-Fastly-Request-ID: 73bce4cf4f42606c1adc6c13f3ebefb734248022[\r][\n]"
21:53:18.545 [main] DEBUG org.apache.hc.client5.http.wire - http-outgoing-15 << "Expires: Thu, 05 Oct 2023 14:58:19 GMT[\r][\n]"
21:53:18.545 [main] DEBUG org.apache.hc.client5.http.wire - http-outgoing-15 << "Source-Age: 80[\r][\n]"
21:53:18.545 [main] DEBUG org.apache.hc.client5.http.wire - http-outgoing-15 << "[\r][\n]"
21:53:18.545 [main] DEBUG org.apache.hc.client5.http.headers - http-outgoing-15 << HTTP/1.1 200 OK
21:53:18.545 [main] DEBUG org.apache.hc.client5.http.headers - http-outgoing-15 << Connection: keep-alive
21:53:18.545 [main] DEBUG org.apache.hc.client5.http.headers - http-outgoing-15 << Content-Length: 723
21:53:18.545 [main] DEBUG org.apache.hc.client5.http.headers - http-outgoing-15 << Cache-Control: max-age=300
21:53:18.545 [main] DEBUG org.apache.hc.client5.http.headers - http-outgoing-15 << Content-Security-Policy: default-src 'none'; style-src 'unsafe-inline'; sandbox
21:53:18.545 [main] DEBUG org.apache.hc.client5.http.headers - http-outgoing-15 << Content-Type: text/plain; charset=utf-8
21:53:18.545 [main] DEBUG org.apache.hc.client5.http.headers - http-outgoing-15 << ETag: W/"e82b438271e9e8680c688b0b680efd0bdd22faa6d6f0a32fc1fd8accc486b67e"
21:53:18.545 [main] DEBUG org.apache.hc.client5.http.headers - http-outgoing-15 << Strict-Transport-Security: max-age=31536000
21:53:18.545 [main] DEBUG org.apache.hc.client5.http.headers - http-outgoing-15 << X-Content-Type-Options: nosniff
21:53:18.545 [main] DEBUG org.apache.hc.client5.http.headers - http-outgoing-15 << X-Frame-Options: deny
21:53:18.545 [main] DEBUG org.apache.hc.client5.http.headers - http-outgoing-15 << X-XSS-Protection: 1; mode=block
21:53:18.545 [main] DEBUG org.apache.hc.client5.http.headers - http-outgoing-15 << X-GitHub-Request-Id: 4CA0:B8C7F:70C4E:8CACE:651389F9
21:53:18.545 [main] DEBUG org.apache.hc.client5.http.headers - http-outgoing-15 << Content-Encoding: gzip
21:53:18.545 [main] DEBUG org.apache.hc.client5.http.headers - http-outgoing-15 << Accept-Ranges: bytes
21:53:18.545 [main] DEBUG org.apache.hc.client5.http.headers - http-outgoing-15 << Date: Thu, 05 Oct 2023 14:53:19 GMT
21:53:18.545 [main] DEBUG org.apache.hc.client5.http.headers - http-outgoing-15 << Via: 1.1 varnish
21:53:18.545 [main] DEBUG org.apache.hc.client5.http.headers - http-outgoing-15 << X-Served-By: cache-qpg1250-QPG
21:53:18.546 [main] DEBUG org.apache.hc.client5.http.headers - http-outgoing-15 << X-Cache: HIT
21:53:18.546 [main] DEBUG org.apache.hc.client5.http.headers - http-outgoing-15 << X-Cache-Hits: 1
21:53:18.546 [main] DEBUG org.apache.hc.client5.http.headers - http-outgoing-15 << X-Timer: S1696517599.205582,VS0,VE1
21:53:18.546 [main] DEBUG org.apache.hc.client5.http.headers - http-outgoing-15 << Vary: Authorization,Accept-Encoding,Origin
21:53:18.546 [main] DEBUG org.apache.hc.client5.http.headers - http-outgoing-15 << Access-Control-Allow-Origin: *
21:53:18.546 [main] DEBUG org.apache.hc.client5.http.headers - http-outgoing-15 << Cross-Origin-Resource-Policy: cross-origin
21:53:18.546 [main] DEBUG org.apache.hc.client5.http.headers - http-outgoing-15 << X-Fastly-Request-ID: 73bce4cf4f42606c1adc6c13f3ebefb734248022
21:53:18.546 [main] DEBUG org.apache.hc.client5.http.headers - http-outgoing-15 << Expires: Thu, 05 Oct 2023 14:58:19 GMT
21:53:18.546 [main] DEBUG org.apache.hc.client5.http.headers - http-outgoing-15 << Source-Age: 80
21:53:18.546 [main] DEBUG org.apache.hc.client5.http.impl.classic.MainClientExec - ex-00000015: connection can be kept alive for 3 MINUTES
21:53:18.546 [main] DEBUG org.apache.hc.client5.http.wire - http-outgoing-15 << "[0x1f][0xffffff8b][0x8][0x0][0x0][0x0][0x0][0x0][0x0][0x3][0xffffffb5]V]o[0xffffffda]0[0x14]}[0xffffffe7]W\[0xffffff81]*[0xffffffb5][0x12][0x1f][[M[0xffffffd3]$[0x1e]hF[0xffffffbb]i [0x18][0xffffffb4][0xffffffdd]&[0xfffffff9][0xffffffc5]$7[0xffffffc1]R[0x12]#;[0xffffff94]v[0xffffffbf]~[0xffffffb6][0xfffffff3]1[0xffffff92][0xffffff9a][0xffffffc1][0x1a]x[0xffffffcb][0xffffffb5][0xffffffaf][0xffffffcf]9[0xffffffbe][0xfffffff7]8v[0xb][0x1c][0x1e]E4[0xfffffff6]$x4[0xffffffa1][0xb]*[0xffffffb1][0xffffffd1][0xffffff82][0xfffffffb]%[0xffffff93][0xffffffe0][0xffffffb3][0x10][0xffffffc1][0xffffffe5]qBY,!Y[0xffffffea] KM8,[0x10][0xfffffff0][0x19][0xffffffdd]u[0xffffff82][0x1e][0xffffffb0][0xffffffd8]L[0xffffffcb]%[0xffffff86][0xffffffa1][0xe][0xffffffb8][0xfffffff0]P[0xffffffe8]$[0xf][0x13]t[0x13]3[0xfffffff9][0xffffff84]B2[0xffffffae][0xffffffe6]|@[0xfffffff5][0x1d][0x8][0xffffffc4][0x18][0x16][0xffffff82]o[0xffffffa4][0xffffff9a]P[0xffffff94][0xffffffe7][0xffffffce]R[0xfffffff0][0x8][0xffffffdb]p[0xffffffcb][0x4][0xfffffffa][0xfffffffc][0xffffffb9][\r][0xffffff93][0x15][\n]"
21:53:18.546 [main] DEBUG org.apache.hc.client5.http.wire - http-outgoing-15 << "[0xffffffda][0xffffff86][0xffffffa1][0x17][0xffffffa8]Q3[0xffffffcb][0xffffffd6][0xffffffd1][0xffffff85][0xffffffc6][0xfffffff7][0xffffff98][0xffffffef][0xffffffa3][0xffffffc0]8[0x1][0xffffffae]s[0x12][0x16][0x7] _d[0xffffff82][0xffffff91][0xffffff84][0xfffffff3][0x1f],[0xfffffff6][0x14]j[0x1b]F,^+[0xffffff98]1ua2[0xffffffbf]h([0xffffff8e][0xffffff94][0xffffffa2][0xffffff91]m[0xffffffa3][0xffffffeb][0xffffff9a][0xffffffb0][0xffffffbb]I[0x17]t[0xffffffdf][0xffffffbd][0xffffffef][0xffffffbb][0xffffff91][0xffffffd7]U[0xffffffbb][0xffffff82][0xffffff9e][0x3][0xffffff9b][0xffffff88][0xffffffb9][0xffffffa6]$[0xffffffa6][0xc][0xffffff9b][0xffffffa5][0xffffffe2][0xffffff83][0xffffff98]F[0xffffffd8]o[0xffffff9e]Mg[0xffffff93][0xffffffbb][0xffffffd9]`|[0xfffffffb]u4[0xffffff9c][0x7f]"}B[0xffffffce][0x8][0xffffffb9][0xffffffe3]<[0x8][0xffffff91][0xffffff90][0xffffff94][0xffffff82][0xffffff90][0xffffffc1]j[0x15]2WI[0xffffffe3]1![0x19][0xffffff91]BnB[0xffffff80][0x9]<f[0xffffffb5][0xffffffe8]=[0xffffffd1]p[0xffffffbd][[0xffffffcf][0xffffffe5][0x1b][0xfffffff4][0xffffff9c][0xffffffff][0xfffffffc][0xfffffff8][0xffffffe1][0xffffffe2][0xffffff94][0xffffffa2][0xffffffae][0xe][0x14]5[0xffffff9a]8[0xffffff83][0xffffffd1]`:[0xfffffffd]<[0xffffffb8][0x1f][0xffffff9c]R[0xffffffcf]u[0x7f]6[0xffffffbc][0xffffff83][0xffffffef][0xf][0xffffffc3][0xffffffd9]/[0xfffffff8][0xfffffff2][0xffffffcd]y s[0xffffffee]'[0x1b]*0g[0xffffffcb][0xffffffc8]nF7H][0xffffff83][0xffffff97]{[0xffffffb1]Q[0x5][\r][0xffffffb5]c[0xffffffb4][0xf][0x2][0xffffffb3][0xffffffb4][0xffffff93][0xe]C[0xffffffa7][0xffffffb3]kAD][0xffffff9d][0xffffffde][0xffffffdb][0xffffffda][0xffffff88][0xffffffec][0xffffffa5][0xffffffbc][0xffffff99][0xffffffd9][0xffffffba]t[0xffffffb5][0xffffffea]9[0xffffffea][0x10])[0xffffffb7][0xffffffca][0xffffff9e][0xfffffff2][0xffffffe2]d^N[0xffffffd8]FW[0x16][0xffffffcd][0xffffffdc]_[0x10][0xfffffff9]i|[0x1c][0xffffff93][0xffffff8e][0xfffffff9]o[0x16][0xffffff86]4'!$G[0xffffffdf]W[0xfffffff4]W*j[[0xfffffff3]xR[0xffffffae][0xffffffb6][0xc][0xffffffd0],; #[0xffffffa9][0xffffff92]5[0xffffffb5][0x7][0xffffff9c][0xffffffb5][0xffffffd0][0x7f][0xffffff90][0xffffffc7]jgs[0xfffffffc][0xffffffc2][0xb][0xffffffd9][0x0]t[0xffffff9e]^'Y[0xfffffffb][0xffffff9f][0xffffffb1][0xffffffd8]:[0xffffffbf][0xffffff8d][0xffffffa5][0xffffff9a][0xffffffad][0x7f]m[0x5]&[0xffffffaa][0xffffffa0]^[0xffffff9b][0xffffffcb][0x5]f[0xffffffae][0xffffffe0]RU[0xffffff82][0x10]MS9l[0xffffff91]4t[0xfffffffb][0xffffff8a]][0xffffffd6][0xfffffff4][0xffffff96][0xffffffa6][0xffffff9f]P[0xffffffce][0xffffffd5][0xffffffce][0xffffff93][0xffffffff][0xffffff97][0xffffffcc]p[0xfffffffd][0xfffffff3][0xffffffe8][0x1b][0xffffffcc][0xffffffa2][0xffffffd9]Q[0xffffffbe][0xffffffb2][0xffffffa3][0xffffffc7]m'[0xffffffdf][0xffffffe4][[0xfffffffb]^[0xffffffb0][0xffffff9a][0xffffffbe][0xffffffda][0xffffffda]_[0xffffffce][0xffffff80][0xffffffd2][0xffffffc1]7[0xffffffb7]][0xffffffc1]b[0xffffffee][0xffffffb5][0xffffffff]w[0xffffff83][0xffffffed][0xffffffa7];[0x15]<[0x10]4[0xffffff92][0xffffff84][0x18][\n]"
21:53:18.546 [main] DEBUG org.apache.hc.client5.http.wire - http-outgoing-15 << "BB[0xffffffba][0xffffff8e]][0xffffffb5]jo[0xffffffb9]+"[0xffffffea][0xffffffb4][0xffffffff]h"[0xffffffea]\?5[0xffffffa9][0xffffffaf]k[0xffffffec][0xffffffff]P[0xffffffea][\n]"
21:53:18.546 [main] DEBUG org.apache.hc.client5.http.wire - http-outgoing-15 << "w[0xffffffe1]K[0x13][0xffffffda][0xffffffec][0xffffff98][0xffffffe6]Y[0xfffffffd]h8m6[0xffffff9c]T[0xffffffc1][0xfffffff2][0xffffffa7][0xffffff91]z_[0xffffff95]o85p[0x1c][0x13][0xffffffe6][0xfffffff0]5[0xffffffee][0xfffffffc][0xffffff92][0xffffff96][0xffffffda][0xfffffff7][0xffffffcf][0xffffffb1][0x5][0x1d][0xffffffea]K[0xffffff9b]9[0xffffff8e][0xffffffad]e[0xfffffff7][0xffffff93][0xffffffa8]`[0xffffffda][0xffffffff][0x1a][0xffffffd2][0xffffff88][0xffffff85][0xfffffffd][0xfffffff2][0xffffff91]N[0xfffffff6]`[0xffffffdf]2[0xffffffcf][0xffffffae]E[0xffffff97][0xffffffc5][0xffffffa2][0xffffff9d][0xffffffef]'[0xffffff9d]mun.[0xffffffd3]f^[0xffffffc7][0xffffff82][0xffffffda][0xffffff82]9[0xfffffff5][0xffffffa9]`[0x5][0xffffffbc]4[0xffffffa1][0x1d]<M[0xffffffb5]A[0xffffffa7]3[[0xffffffc0][0x7f][0x0][0xffffffc1][0xffffffd0]$[0xffffff85][0x1d][\r][0x0][0x0]"
21:53:18.547 [main] DEBUG org.apache.hc.client5.http.impl.classic.InternalHttpClient - ep-00000014: releasing valid endpoint
21:53:18.547 [main] DEBUG org.apache.hc.client5.http.impl.io.PoolingHttpClientConnectionManager - ep-00000014: releasing endpoint
21:53:18.547 [main] DEBUG org.apache.hc.client5.http.impl.io.PoolingHttpClientConnectionManager - ep-00000014: connection http-outgoing-15 can be kept alive for 3 MINUTES
21:53:18.547 [main] DEBUG org.apache.hc.client5.http.impl.io.PoolingHttpClientConnectionManager - ep-00000014: connection released [route: {s}->https://raw.githubusercontent.com:443][total available: 1; route allocated: 1 of 5; total allocated: 1 of 25]
21:53:18.547 [main] DEBUG io.github.bonigarcia.wdm.versions.VersionDetector - Detecting chrome version using online commands.properties
21:53:18.548 [main] DEBUG io.github.bonigarcia.wdm.versions.Shell - Running command on the shell: [cmd.exe, /C, wmic, datafile, where, name="%PROGRAMFILES:\=\\%\\Google\\Chrome\\Application\\chrome.exe", get, Version, /value]
21:53:18.685 [main] DEBUG io.github.bonigarcia.wdm.versions.Shell - Result: Version=117.0.5938.134
21:53:18.687 [main] DEBUG org.apache.hc.client5.http.impl.classic.InternalHttpClient - ex-00000016: preparing request execution
21:53:18.687 [main] DEBUG org.apache.hc.client5.http.protocol.RequestAddCookies - Cookie spec selected: strict
21:53:18.687 [main] DEBUG org.apache.hc.client5.http.protocol.RequestAuthCache - Auth cache not set in the context
21:53:18.687 [main] DEBUG org.apache.hc.client5.http.impl.classic.ProtocolExec - ex-00000016: target auth state: UNCHALLENGED
21:53:18.687 [main] DEBUG org.apache.hc.client5.http.impl.classic.ProtocolExec - ex-00000016: proxy auth state: UNCHALLENGED
21:53:18.687 [main] DEBUG org.apache.hc.client5.http.impl.classic.ConnectExec - ex-00000016: acquiring connection with route {s}->https://chromedriver.storage.googleapis.com:443
21:53:18.687 [main] DEBUG org.apache.hc.client5.http.impl.classic.InternalHttpClient - ex-00000016: acquiring endpoint (3 MINUTES)
21:53:18.687 [main] DEBUG org.apache.hc.client5.http.impl.io.PoolingHttpClientConnectionManager - ex-00000016: endpoint lease request (3 MINUTES) [route: {s}->https://chromedriver.storage.googleapis.com:443][total available: 1; route allocated: 0 of 5; total allocated: 1 of 25]
21:53:18.687 [main] DEBUG org.apache.hc.client5.http.impl.io.PoolingHttpClientConnectionManager - ex-00000016: endpoint leased [route: {s}->https://chromedriver.storage.googleapis.com:443][total available: 1; route allocated: 1 of 5; total allocated: 2 of 25]
21:53:18.687 [main] DEBUG org.apache.hc.client5.http.impl.io.PoolingHttpClientConnectionManager - ex-00000016: acquired ep-00000015
21:53:18.687 [main] DEBUG org.apache.hc.client5.http.impl.classic.InternalHttpClient - ex-00000016: acquired endpoint ep-00000015
21:53:18.687 [main] DEBUG org.apache.hc.client5.http.impl.classic.ConnectExec - ex-00000016: opening connection {s}->https://chromedriver.storage.googleapis.com:443
21:53:18.687 [main] DEBUG org.apache.hc.client5.http.impl.classic.InternalHttpClient - ep-00000015: connecting endpoint (30 SECONDS)
21:53:18.687 [main] DEBUG org.apache.hc.client5.http.impl.io.PoolingHttpClientConnectionManager - ep-00000015: connecting endpoint to https://chromedriver.storage.googleapis.com:443 (30 SECONDS)
21:53:18.688 [main] DEBUG org.apache.hc.client5.http.impl.io.DefaultHttpClientConnectionOperator - http-outgoing-16: connecting to chromedriver.storage.googleapis.com/34.101.5.59:443
21:53:18.688 [main] DEBUG org.apache.hc.client5.http.ssl.SSLConnectionSocketFactory - Connecting socket to chromedriver.storage.googleapis.com/34.101.5.59:443 with timeout 30 SECONDS
21:53:18.693 [main] DEBUG org.apache.hc.client5.http.ssl.SSLConnectionSocketFactory - Enabled protocols: [TLSv1.3, TLSv1.2]
21:53:18.693 [main] DEBUG org.apache.hc.client5.http.ssl.SSLConnectionSocketFactory - Enabled cipher suites: [TLS_AES_256_GCM_SHA384, TLS_AES_128_GCM_SHA256, TLS_CHACHA20_POLY1305_SHA256, TLS_ECDHE_ECDSA_WITH_AES_256_GCM_SHA384, TLS_ECDHE_ECDSA_WITH_AES_128_GCM_SHA256, TLS_ECDHE_ECDSA_WITH_CHACHA20_POLY1305_SHA256, TLS_ECDHE_RSA_WITH_AES_256_GCM_SHA384, TLS_ECDHE_RSA_WITH_CHACHA20_POLY1305_SHA256, TLS_ECDHE_RSA_WITH_AES_128_GCM_SHA256, TLS_DHE_RSA_WITH_AES_256_GCM_SHA384, TLS_DHE_RSA_WITH_CHACHA20_POLY1305_SHA256, TLS_DHE_DSS_WITH_AES_256_GCM_SHA384, TLS_DHE_RSA_WITH_AES_128_GCM_SHA256, TLS_DHE_DSS_WITH_AES_128_GCM_SHA256, TLS_ECDHE_ECDSA_WITH_AES_256_CBC_SHA384, TLS_ECDHE_RSA_WITH_AES_256_CBC_SHA384, TLS_ECDHE_ECDSA_WITH_AES_128_CBC_SHA256, TLS_ECDHE_RSA_WITH_AES_128_CBC_SHA256, TLS_DHE_RSA_WITH_AES_256_CBC_SHA256, TLS_DHE_DSS_WITH_AES_256_CBC_SHA256, TLS_DHE_RSA_WITH_AES_128_CBC_SHA256, TLS_DHE_DSS_WITH_AES_128_CBC_SHA256, TLS_ECDH_ECDSA_WITH_AES_256_GCM_SHA384, TLS_ECDH_RSA_WITH_AES_256_GCM_SHA384, TLS_ECDH_ECDSA_WITH_AES_128_GCM_SHA256, TLS_ECDH_RSA_WITH_AES_128_GCM_SHA256, TLS_ECDH_ECDSA_WITH_AES_256_CBC_SHA384, TLS_ECDH_RSA_WITH_AES_256_CBC_SHA384, TLS_ECDH_ECDSA_WITH_AES_128_CBC_SHA256, TLS_ECDH_RSA_WITH_AES_128_CBC_SHA256, TLS_ECDHE_ECDSA_WITH_AES_256_CBC_SHA, TLS_ECDHE_RSA_WITH_AES_256_CBC_SHA, TLS_ECDHE_ECDSA_WITH_AES_128_CBC_SHA, TLS_ECDHE_RSA_WITH_AES_128_CBC_SHA, TLS_DHE_RSA_WITH_AES_256_CBC_SHA, TLS_DHE_DSS_WITH_AES_256_CBC_SHA, TLS_DHE_RSA_WITH_AES_128_CBC_SHA, TLS_DHE_DSS_WITH_AES_128_CBC_SHA, TLS_ECDH_ECDSA_WITH_AES_256_CBC_SHA, TLS_ECDH_RSA_WITH_AES_256_CBC_SHA, TLS_ECDH_ECDSA_WITH_AES_128_CBC_SHA, TLS_ECDH_RSA_WITH_AES_128_CBC_SHA, TLS_RSA_WITH_AES_256_GCM_SHA384, TLS_RSA_WITH_AES_128_GCM_SHA256, TLS_RSA_WITH_AES_256_CBC_SHA256, TLS_RSA_WITH_AES_128_CBC_SHA256, TLS_RSA_WITH_AES_256_CBC_SHA, TLS_RSA_WITH_AES_128_CBC_SHA, TLS_EMPTY_RENEGOTIATION_INFO_SCSV]
21:53:18.693 [main] DEBUG org.apache.hc.client5.http.ssl.SSLConnectionSocketFactory - Starting handshake
21:53:18.727 [main] DEBUG org.apache.hc.client5.http.ssl.SSLConnectionSocketFactory - Secure session established
21:53:18.727 [main] DEBUG org.apache.hc.client5.http.ssl.SSLConnectionSocketFactory -  negotiated protocol: TLSv1.3
21:53:18.727 [main] DEBUG org.apache.hc.client5.http.ssl.SSLConnectionSocketFactory -  negotiated cipher suite: TLS_AES_256_GCM_SHA384
21:53:18.727 [main] DEBUG org.apache.hc.client5.http.ssl.SSLConnectionSocketFactory -  peer principal: CN=*.storage.googleapis.com
21:53:18.727 [main] DEBUG org.apache.hc.client5.http.ssl.SSLConnectionSocketFactory -  peer alternative names: [*.storage.googleapis.com, *.googleapis.com, commondatastorage.googleapis.com, *.commondatastorage.googleapis.com, storage.googleapis.com, storage-p2.googleapis.com, *.storage-p2.googleapis.com, storage.mtls.googleapis.com, *.appspot.com.storage.googleapis.com, *.content-storage.googleapis.com, *.content-storage-p2.googleapis.com, *.content-storage-upload.googleapis.com, *.content-storage-download.googleapis.com, *.storage-upload.googleapis.com, *.storage-download.googleapis.com]
21:53:18.727 [main] DEBUG org.apache.hc.client5.http.ssl.SSLConnectionSocketFactory -  issuer principal: CN=GTS CA 1C3, O=Google Trust Services LLC, C=US
21:53:18.727 [main] DEBUG org.apache.hc.client5.http.impl.io.DefaultHttpClientConnectionOperator - http-outgoing-16: connection established 192.168.100.42:62615<->34.101.5.59:443
21:53:18.727 [main] DEBUG org.apache.hc.client5.http.impl.io.PoolingHttpClientConnectionManager - ep-00000015: connected http-outgoing-16
21:53:18.728 [main] DEBUG org.apache.hc.client5.http.impl.classic.InternalHttpClient - ep-00000015: endpoint connected
21:53:18.728 [main] DEBUG org.apache.hc.client5.http.impl.classic.MainClientExec - ex-00000016: executing GET /LATEST_RELEASE_117 HTTP/1.1
21:53:18.728 [main] DEBUG org.apache.hc.client5.http.impl.classic.InternalHttpClient - ep-00000015: start execution ex-00000016
21:53:18.728 [main] DEBUG org.apache.hc.client5.http.impl.io.PoolingHttpClientConnectionManager - ep-00000015: executing exchange ex-00000016 over http-outgoing-16
21:53:18.728 [main] DEBUG org.apache.hc.client5.http.headers - http-outgoing-16 >> GET /LATEST_RELEASE_117 HTTP/1.1
21:53:18.728 [main] DEBUG org.apache.hc.client5.http.headers - http-outgoing-16 >> user-agent: Apache-HttpClient/5.0
21:53:18.728 [main] DEBUG org.apache.hc.client5.http.headers - http-outgoing-16 >> accept-encoding: gzip, deflate, br
21:53:18.728 [main] DEBUG org.apache.hc.client5.http.headers - http-outgoing-16 >> cache-control: max-age=0
21:53:18.728 [main] DEBUG org.apache.hc.client5.http.headers - http-outgoing-16 >> connection: keep-alive
21:53:18.728 [main] DEBUG org.apache.hc.client5.http.headers - http-outgoing-16 >> Host: chromedriver.storage.googleapis.com
21:53:18.728 [main] DEBUG org.apache.hc.client5.http.wire - http-outgoing-16 >> "GET /LATEST_RELEASE_117 HTTP/1.1[\r][\n]"
21:53:18.728 [main] DEBUG org.apache.hc.client5.http.wire - http-outgoing-16 >> "user-agent: Apache-HttpClient/5.0[\r][\n]"
21:53:18.728 [main] DEBUG org.apache.hc.client5.http.wire - http-outgoing-16 >> "accept-encoding: gzip, deflate, br[\r][\n]"
21:53:18.728 [main] DEBUG org.apache.hc.client5.http.wire - http-outgoing-16 >> "cache-control: max-age=0[\r][\n]"
21:53:18.728 [main] DEBUG org.apache.hc.client5.http.wire - http-outgoing-16 >> "connection: keep-alive[\r][\n]"
21:53:18.728 [main] DEBUG org.apache.hc.client5.http.wire - http-outgoing-16 >> "Host: chromedriver.storage.googleapis.com[\r][\n]"
21:53:18.728 [main] DEBUG org.apache.hc.client5.http.wire - http-outgoing-16 >> "[\r][\n]"
21:53:18.987 [main] DEBUG org.apache.hc.client5.http.wire - http-outgoing-16 << "HTTP/1.1 404 Not Found[\r][\n]"
21:53:18.987 [main] DEBUG org.apache.hc.client5.http.wire - http-outgoing-16 << "X-GUploader-UploadID: ADPycdv0V8amWnrucF_kfDmi4gEbN8KR-JZbLqg_XUNl0XtQl6oLLzg2nF-Gd4pyYkKZeaX654d5ys44eiPMWhUcXSFASWACcItF[\r][\n]"
21:53:18.987 [main] DEBUG org.apache.hc.client5.http.wire - http-outgoing-16 << "Content-Type: application/xml; charset=UTF-8[\r][\n]"
21:53:18.987 [main] DEBUG org.apache.hc.client5.http.wire - http-outgoing-16 << "Content-Length: 193[\r][\n]"
21:53:18.987 [main] DEBUG org.apache.hc.client5.http.wire - http-outgoing-16 << "Date: Thu, 05 Oct 2023 14:53:19 GMT[\r][\n]"
21:53:18.987 [main] DEBUG org.apache.hc.client5.http.wire - http-outgoing-16 << "Expires: Thu, 05 Oct 2023 14:53:19 GMT[\r][\n]"
21:53:18.987 [main] DEBUG org.apache.hc.client5.http.wire - http-outgoing-16 << "Cache-Control: private, max-age=0[\r][\n]"
21:53:18.987 [main] DEBUG org.apache.hc.client5.http.wire - http-outgoing-16 << "Server: UploadServer[\r][\n]"
21:53:18.987 [main] DEBUG org.apache.hc.client5.http.wire - http-outgoing-16 << "Alt-Svc: h3=":443"; ma=2592000,h3-29=":443"; ma=2592000[\r][\n]"
21:53:18.987 [main] DEBUG org.apache.hc.client5.http.wire - http-outgoing-16 << "[\r][\n]"
21:53:18.987 [main] DEBUG org.apache.hc.client5.http.wire - http-outgoing-16 << "<?xml version='1.0' encoding='UTF-8'?><Error><Code>NoSuchKey</Code><Message>The specified key does not exist.</Message><Details>No such object: chromedriver/LATEST_RELEASE_117</Details></Error>"
21:53:18.987 [main] DEBUG org.apache.hc.client5.http.headers - http-outgoing-16 << HTTP/1.1 404 Not Found
21:53:18.987 [main] DEBUG org.apache.hc.client5.http.headers - http-outgoing-16 << X-GUploader-UploadID: ADPycdv0V8amWnrucF_kfDmi4gEbN8KR-JZbLqg_XUNl0XtQl6oLLzg2nF-Gd4pyYkKZeaX654d5ys44eiPMWhUcXSFASWACcItF
21:53:18.987 [main] DEBUG org.apache.hc.client5.http.headers - http-outgoing-16 << Content-Type: application/xml; charset=UTF-8
21:53:18.987 [main] DEBUG org.apache.hc.client5.http.headers - http-outgoing-16 << Content-Length: 193
21:53:18.987 [main] DEBUG org.apache.hc.client5.http.headers - http-outgoing-16 << Date: Thu, 05 Oct 2023 14:53:19 GMT
21:53:18.987 [main] DEBUG org.apache.hc.client5.http.headers - http-outgoing-16 << Expires: Thu, 05 Oct 2023 14:53:19 GMT
21:53:18.987 [main] DEBUG org.apache.hc.client5.http.headers - http-outgoing-16 << Cache-Control: private, max-age=0
21:53:18.987 [main] DEBUG org.apache.hc.client5.http.headers - http-outgoing-16 << Server: UploadServer
21:53:18.987 [main] DEBUG org.apache.hc.client5.http.headers - http-outgoing-16 << Alt-Svc: h3=":443"; ma=2592000,h3-29=":443"; ma=2592000
21:53:18.988 [main] DEBUG org.apache.hc.client5.http.impl.classic.MainClientExec - ex-00000016: connection can be kept alive for 3 MINUTES
21:53:18.988 [main] ERROR io.github.bonigarcia.wdm.online.HttpClient - Error HTTP 404 executing https://chromedriver.storage.googleapis.com/LATEST_RELEASE_117
21:53:18.988 [main] WARN io.github.bonigarcia.wdm.versions.VersionDetector - Exception reading https://chromedriver.storage.googleapis.com/LATEST_RELEASE_117 to get latest version of chromedriver (Error HTTP 404 executing https://chromedriver.storage.googleapis.com/LATEST_RELEASE_117)
21:53:18.988 [main] DEBUG io.github.bonigarcia.wdm.versions.VersionDetector - Getting driver version for chrome117 from online versions.properties
21:53:18.989 [main] DEBUG org.apache.hc.client5.http.impl.classic.InternalHttpClient - ex-00000017: preparing request execution
21:53:18.989 [main] DEBUG org.apache.hc.client5.http.protocol.RequestAddCookies - Cookie spec selected: strict
21:53:18.989 [main] DEBUG org.apache.hc.client5.http.protocol.RequestAuthCache - Auth cache not set in the context
21:53:18.989 [main] DEBUG org.apache.hc.client5.http.impl.classic.ProtocolExec - ex-00000017: target auth state: UNCHALLENGED
21:53:18.989 [main] DEBUG org.apache.hc.client5.http.impl.classic.ProtocolExec - ex-00000017: proxy auth state: UNCHALLENGED
21:53:18.989 [main] DEBUG org.apache.hc.client5.http.impl.classic.ConnectExec - ex-00000017: acquiring connection with route {s}->https://raw.githubusercontent.com:443
21:53:18.989 [main] DEBUG org.apache.hc.client5.http.impl.classic.InternalHttpClient - ex-00000017: acquiring endpoint (3 MINUTES)
21:53:18.989 [main] DEBUG org.apache.hc.client5.http.impl.io.PoolingHttpClientConnectionManager - ex-00000017: endpoint lease request (3 MINUTES) [route: {s}->https://raw.githubusercontent.com:443][total available: 1; route allocated: 1 of 5; total allocated: 2 of 25]
21:53:18.989 [main] DEBUG org.apache.hc.client5.http.impl.io.PoolingHttpClientConnectionManager - ex-00000017: endpoint leased [route: {s}->https://raw.githubusercontent.com:443][total available: 0; route allocated: 1 of 5; total allocated: 2 of 25]
21:53:18.989 [main] DEBUG org.apache.hc.client5.http.impl.io.PoolingHttpClientConnectionManager - ex-00000017: acquired ep-00000016
21:53:18.989 [main] DEBUG org.apache.hc.client5.http.impl.classic.InternalHttpClient - ex-00000017: acquired endpoint ep-00000016
21:53:18.989 [main] DEBUG org.apache.hc.client5.http.impl.classic.MainClientExec - ex-00000017: executing GET /bonigarcia/webdrivermanager/master/src/main/resources/versions.properties HTTP/1.1
21:53:18.989 [main] DEBUG org.apache.hc.client5.http.impl.classic.InternalHttpClient - ep-00000016: start execution ex-00000017
21:53:18.989 [main] DEBUG org.apache.hc.client5.http.impl.io.PoolingHttpClientConnectionManager - ep-00000016: executing exchange ex-00000017 over http-outgoing-15
21:53:18.989 [main] DEBUG org.apache.hc.client5.http.headers - http-outgoing-15 >> GET /bonigarcia/webdrivermanager/master/src/main/resources/versions.properties HTTP/1.1
21:53:18.989 [main] DEBUG org.apache.hc.client5.http.headers - http-outgoing-15 >> user-agent: Apache-HttpClient/5.0
21:53:18.989 [main] DEBUG org.apache.hc.client5.http.headers - http-outgoing-15 >> accept-encoding: gzip, deflate, br
21:53:18.989 [main] DEBUG org.apache.hc.client5.http.headers - http-outgoing-15 >> cache-control: max-age=0
21:53:18.989 [main] DEBUG org.apache.hc.client5.http.headers - http-outgoing-15 >> connection: keep-alive
21:53:18.989 [main] DEBUG org.apache.hc.client5.http.headers - http-outgoing-15 >> Host: raw.githubusercontent.com
21:53:18.989 [main] DEBUG org.apache.hc.client5.http.wire - http-outgoing-15 >> "GET /bonigarcia/webdrivermanager/master/src/main/resources/versions.properties HTTP/1.1[\r][\n]"
21:53:18.989 [main] DEBUG org.apache.hc.client5.http.wire - http-outgoing-15 >> "user-agent: Apache-HttpClient/5.0[\r][\n]"
21:53:18.989 [main] DEBUG org.apache.hc.client5.http.wire - http-outgoing-15 >> "accept-encoding: gzip, deflate, br[\r][\n]"
21:53:18.989 [main] DEBUG org.apache.hc.client5.http.wire - http-outgoing-15 >> "cache-control: max-age=0[\r][\n]"
21:53:18.989 [main] DEBUG org.apache.hc.client5.http.wire - http-outgoing-15 >> "connection: keep-alive[\r][\n]"
21:53:18.989 [main] DEBUG org.apache.hc.client5.http.wire - http-outgoing-15 >> "Host: raw.githubusercontent.com[\r][\n]"
21:53:18.989 [main] DEBUG org.apache.hc.client5.http.wire - http-outgoing-15 >> "[\r][\n]"
21:53:19.046 [main] DEBUG org.apache.hc.client5.http.wire - http-outgoing-15 << "HTTP/1.1 200 OK[\r][\n]"
21:53:19.046 [main] DEBUG org.apache.hc.client5.http.wire - http-outgoing-15 << "Connection: keep-alive[\r][\n]"
21:53:19.046 [main] DEBUG org.apache.hc.client5.http.wire - http-outgoing-15 << "Content-Length: 1625[\r][\n]"
21:53:19.046 [main] DEBUG org.apache.hc.client5.http.wire - http-outgoing-15 << "Cache-Control: max-age=300[\r][\n]"
21:53:19.046 [main] DEBUG org.apache.hc.client5.http.wire - http-outgoing-15 << "Content-Security-Policy: default-src 'none'; style-src 'unsafe-inline'; sandbox[\r][\n]"
21:53:19.046 [main] DEBUG org.apache.hc.client5.http.wire - http-outgoing-15 << "Content-Type: text/plain; charset=utf-8[\r][\n]"
21:53:19.046 [main] DEBUG org.apache.hc.client5.http.wire - http-outgoing-15 << "ETag: W/"51a99ebb5fa30c7285d42b08929913814dd238f6403d61fccadee50390eab957"[\r][\n]"
21:53:19.046 [main] DEBUG org.apache.hc.client5.http.wire - http-outgoing-15 << "Strict-Transport-Security: max-age=31536000[\r][\n]"
21:53:19.046 [main] DEBUG org.apache.hc.client5.http.wire - http-outgoing-15 << "X-Content-Type-Options: nosniff[\r][\n]"
21:53:19.046 [main] DEBUG org.apache.hc.client5.http.wire - http-outgoing-15 << "X-Frame-Options: deny[\r][\n]"
21:53:19.046 [main] DEBUG org.apache.hc.client5.http.wire - http-outgoing-15 << "X-XSS-Protection: 1; mode=block[\r][\n]"
21:53:19.046 [main] DEBUG org.apache.hc.client5.http.wire - http-outgoing-15 << "X-GitHub-Request-Id: ADC8:C8321:F9E48:13930E:651E6E7C[\r][\n]"
21:53:19.046 [main] DEBUG org.apache.hc.client5.http.wire - http-outgoing-15 << "Content-Encoding: gzip[\r][\n]"
21:53:19.046 [main] DEBUG org.apache.hc.client5.http.wire - http-outgoing-15 << "Accept-Ranges: bytes[\r][\n]"
21:53:19.046 [main] DEBUG org.apache.hc.client5.http.wire - http-outgoing-15 << "Date: Thu, 05 Oct 2023 14:53:19 GMT[\r][\n]"
21:53:19.046 [main] DEBUG org.apache.hc.client5.http.wire - http-outgoing-15 << "Via: 1.1 varnish[\r][\n]"
21:53:19.046 [main] DEBUG org.apache.hc.client5.http.wire - http-outgoing-15 << "X-Served-By: cache-qpg1250-QPG[\r][\n]"
21:53:19.046 [main] DEBUG org.apache.hc.client5.http.wire - http-outgoing-15 << "X-Cache: HIT[\r][\n]"
21:53:19.046 [main] DEBUG org.apache.hc.client5.http.wire - http-outgoing-15 << "X-Cache-Hits: 1[\r][\n]"
21:53:19.046 [main] DEBUG org.apache.hc.client5.http.wire - http-outgoing-15 << "X-Timer: S1696517600.684901,VS0,VE1[\r][\n]"
21:53:19.046 [main] DEBUG org.apache.hc.client5.http.wire - http-outgoing-15 << "Vary: Authorization,Accept-Encoding,Origin[\r][\n]"
21:53:19.046 [main] DEBUG org.apache.hc.client5.http.wire - http-outgoing-15 << "Access-Control-Allow-Origin: *[\r][\n]"
21:53:19.046 [main] DEBUG org.apache.hc.client5.http.wire - http-outgoing-15 << "Cross-Origin-Resource-Policy: cross-origin[\r][\n]"
21:53:19.046 [main] DEBUG org.apache.hc.client5.http.wire - http-outgoing-15 << "X-Fastly-Request-ID: 36ed82e2f8300db539aebeb107c762ba4e7baa8b[\r][\n]"
21:53:19.046 [main] DEBUG org.apache.hc.client5.http.wire - http-outgoing-15 << "Expires: Thu, 05 Oct 2023 14:58:19 GMT[\r][\n]"
21:53:19.046 [main] DEBUG org.apache.hc.client5.http.wire - http-outgoing-15 << "Source-Age: 238[\r][\n]"
21:53:19.046 [main] DEBUG org.apache.hc.client5.http.wire - http-outgoing-15 << "[\r][\n]"
21:53:19.046 [main] DEBUG org.apache.hc.client5.http.headers - http-outgoing-15 << HTTP/1.1 200 OK
21:53:19.046 [main] DEBUG org.apache.hc.client5.http.headers - http-outgoing-15 << Connection: keep-alive
21:53:19.046 [main] DEBUG org.apache.hc.client5.http.headers - http-outgoing-15 << Content-Length: 1625
21:53:19.046 [main] DEBUG org.apache.hc.client5.http.headers - http-outgoing-15 << Cache-Control: max-age=300
21:53:19.046 [main] DEBUG org.apache.hc.client5.http.headers - http-outgoing-15 << Content-Security-Policy: default-src 'none'; style-src 'unsafe-inline'; sandbox
21:53:19.046 [main] DEBUG org.apache.hc.client5.http.headers - http-outgoing-15 << Content-Type: text/plain; charset=utf-8
21:53:19.046 [main] DEBUG org.apache.hc.client5.http.headers - http-outgoing-15 << ETag: W/"51a99ebb5fa30c7285d42b08929913814dd238f6403d61fccadee50390eab957"
21:53:19.047 [main] DEBUG org.apache.hc.client5.http.headers - http-outgoing-15 << Strict-Transport-Security: max-age=31536000
21:53:19.047 [main] DEBUG org.apache.hc.client5.http.headers - http-outgoing-15 << X-Content-Type-Options: nosniff
21:53:19.047 [main] DEBUG org.apache.hc.client5.http.headers - http-outgoing-15 << X-Frame-Options: deny
21:53:19.047 [main] DEBUG org.apache.hc.client5.http.headers - http-outgoing-15 << X-XSS-Protection: 1; mode=block
21:53:19.047 [main] DEBUG org.apache.hc.client5.http.headers - http-outgoing-15 << X-GitHub-Request-Id: ADC8:C8321:F9E48:13930E:651E6E7C
21:53:19.047 [main] DEBUG org.apache.hc.client5.http.headers - http-outgoing-15 << Content-Encoding: gzip
21:53:19.047 [main] DEBUG org.apache.hc.client5.http.headers - http-outgoing-15 << Accept-Ranges: bytes
21:53:19.047 [main] DEBUG org.apache.hc.client5.http.headers - http-outgoing-15 << Date: Thu, 05 Oct 2023 14:53:19 GMT
21:53:19.047 [main] DEBUG org.apache.hc.client5.http.headers - http-outgoing-15 << Via: 1.1 varnish
21:53:19.047 [main] DEBUG org.apache.hc.client5.http.headers - http-outgoing-15 << X-Served-By: cache-qpg1250-QPG
21:53:19.047 [main] DEBUG org.apache.hc.client5.http.headers - http-outgoing-15 << X-Cache: HIT
21:53:19.047 [main] DEBUG org.apache.hc.client5.http.headers - http-outgoing-15 << X-Cache-Hits: 1
21:53:19.047 [main] DEBUG org.apache.hc.client5.http.headers - http-outgoing-15 << X-Timer: S1696517600.684901,VS0,VE1
21:53:19.047 [main] DEBUG org.apache.hc.client5.http.headers - http-outgoing-15 << Vary: Authorization,Accept-Encoding,Origin
21:53:19.047 [main] DEBUG org.apache.hc.client5.http.headers - http-outgoing-15 << Access-Control-Allow-Origin: *
21:53:19.047 [main] DEBUG org.apache.hc.client5.http.headers - http-outgoing-15 << Cross-Origin-Resource-Policy: cross-origin
21:53:19.047 [main] DEBUG org.apache.hc.client5.http.headers - http-outgoing-15 << X-Fastly-Request-ID: 36ed82e2f8300db539aebeb107c762ba4e7baa8b
21:53:19.047 [main] DEBUG org.apache.hc.client5.http.headers - http-outgoing-15 << Expires: Thu, 05 Oct 2023 14:58:19 GMT
21:53:19.047 [main] DEBUG org.apache.hc.client5.http.headers - http-outgoing-15 << Source-Age: 238
21:53:19.047 [main] DEBUG org.apache.hc.client5.http.impl.classic.MainClientExec - ex-00000017: connection can be kept alive for 3 MINUTES
21:53:19.047 [main] DEBUG org.apache.hc.client5.http.wire - http-outgoing-15 << "[0x1f][0xffffff8b][0x8][0x0][0x0][0x0][0x0][0x0][0x0][0x3][0xffffff8d][0xffffff97]Ko#7[0xc][0xffffffc7][0xffffffef][0xfffffff9][0x14][0x3][0xfffffff4][0x1c]YO[0xffffff8a][\n]"
21:53:19.047 [main] DEBUG org.apache.hc.client5.http.wire - http-outgoing-15 << "[0xffffffa0]K[0xffffff9f][0xffffffa7][0xffffffa2][0xffffff87][0xfffffff6][0xb]x[0xffffffed]Ib[0xffffffac][0xffffffe3][0x9]lg[0xffffffb3][0xffffffe8][0xffffffa7]/[0xfffffff5][0xffffffa0]F[0xffffff96][[0xffffffa0][0xffffff87]`[0xffffff97]?k$[0xffffff92][0xffffffe2]p[0xfffffffe][0xfffffffc]a[0xfffffffa][0xffffffeb][0xfffffff5]p[0xffffff99][0xffffff9e][0xf][0xffffffc7]y[0xffffffda]-[0xffffffa7][0xffffffeb][0xfffffff6]p[0xffffffba]L[0xffffffd7][0xffffffd7]y[0xfffffffa]zZ>O[0xffffffd3][0xfffffffe]|[0xfffffff8]6[0xffffff9f]'[0xfffffffa][0xffffffbb][0x1c][0x16][0xfffffffa]e[0xffffffb7][0xffffffbc][0xffffffbd]o[0xffffffaf][0xffffff87]/[0xffffffb4][0xfffffffa][0xfffffff3]p}[0xffffffcd]+w[0xffffffcb][0xfffffff9]<_[0xffffffde][0xffffff97][0xffffffd3][0xfffffffe]pz[0xffffff99][0xffffffbe][0xffffff9c][0xffffff97][0xffffffcf][0xffffffcb][0xfffffffa][0xffffffc8][0xffffffc3][0xffffffc3][0xf][0xffffffd3][0xffffff8f][0x5]=M[0xffffffbf]-[0xffffffcb][0xb]=[0xfffffff9][0xffffffd3][0xffffffeb]yy[0xffffff9b][0xffffffa7][0xffffffed]i_[0xfffffffe]{[0xfffffff8]x[0xffffff9b][0x1e][0xffffffa7][0xffffff9f][0xfffffff3]QO[0xffffffd3].[0xffffffff]Z[0xe][0xffffffa6][0xffffff87][0xffffffff]\>[0xffffffce][0xffffffbb][0xfffffff9]iz[0xffffffbd]^[0xffffffdf][0xffffff9f]6[0xffffff9b][0xfffffffe]W[0xffffffb1][0xffffffab]O[0xffffff8b][0xffffffe5][0xfffffffc][0xffffffb2][0xffffffd9][0xffffff93][0xffffffbf][0xffffffc7]e[0xffffffbb][0xffffffbf]<[0xffffff94]5J[0xffffffd9]H[0x7f]B[\n]"
21:53:19.047 [main] DEBUG org.apache.hc.client5.http.wire - http-outgoing-15 << "[0xffffffe7][0xffffff8d][0x13]A6n[0xffffff88][0xffffff9b][0xffffffc4][0xffffffc1]k[0x1][0xffffffa6]qM\g[0xffffffae][0xffffff9c][0xffffffb0][0xffffffa1]qE\%[0xffffffee][0xffffffc0][0x8][0xffffffb0][0xffffff8d]K[0xffffffe2]2q[0xffffff8b]Jx[0xffffffcf]\[0xffffff86]H[0x7f][0xffffff99][0xffffffd3][0xfffffff1][0xffffffbe][0xffffffad][0xffffff97]H[0x1c][0x13]7.[0x8][0xffffffaf][0x1a][0xfffffff7][0xffffffc4]}[0xffffffe6][0xffffffd2][\n]"
21:53:19.047 [main] DEBUG org.apache.hc.client5.http.wire - http-outgoing-15 << "[0xffffffd0][0xffffff8d][0x3]qH\[0xffffffdb] `][0xffffffef][0xffffff88][0xffffffbb][0xffffffc4]Up[0xfffffff4]c[0xffffffe3][0x14][0xffffffaf][0xffffffcc][0xfffffff1][0xffffffa6]0|[0xfffffff3]_R[0xffffffbc]2[0xffffffc7]+A[\n]"
21:53:19.047 [main] DEBUG org.apache.hc.client5.http.wire - http-outgoing-15 << "eV[0xffffff87](`[0xffffff99][0x3][0xffffff96][0xffffffb4]_w[0x0][0x5],S[0xffffffc0]68%[0xffffffec][0xffffffca])`[0xffffff99][0x2][0xffffffb6][0x18]@[0x0]'4[0xffffff84][0x18]B[0xffffffa6][0xffffffd6][0xffffffd2][0xffffffd9]L1[0xffffff86][0x14][0xffffffac][0xfffffff5][0xe][0x5][0x1d][0xffffffc3][0xffffffd8][0xffffffc7][0xffffff90]b[0xffffffb5][0x10][0xfffffff4][0xffffff9a][0xffffff83][0x0]1@[0xffffffa6]`[0xffffff85]uL][0xc].S[0xffffff83][0x2]8[0xffffff9e]`c[0xffffffb0][0xffffff99]Rr[0xffffffe8]"[0x19][0xffffff9b][0x18]R[0xffffff90][0xffffffd6]y[0xffffffbf]^j[0xffffffd0]1[0xffffffe8]L[0xffffffe9]J)[0xffffffcb][0xffffff8c]U[0xc]9@K[0x15]@[0xffffffb1]2[0xffffff96]1[0xffffffe4][0xfffffff8][0xffffffac][0xffffff91]Bs[0xffffff9e]0D[0xffffffcc][0xfffffff1][0x19][0xfffffffa]G[0xfffffff3][0xffffffce][0xffffff88][0x11]s|F[[0x11][0xffffff80][0xffffffa9][0xffffff8f][0xffffff98][0xffffffc3][0xffffffd3]([0x5]"S[0xffffff88][0xffffff98][0xffffffc3][0xffffffd3][0xffffff96][0xfffffff6][0xffffffe5]T[0xffffffa0][0xffffff8b][0xffffff98][0xffffffc3]Sh[0x4][0xffffffb2]kh#[0xffffffe6][0xfffffff0][0xffffff94][0xfffffff5][0xffffffc2]p[0xffffff8e][0xffffffd1]D[0xffffffcc][0xffffffd1][0xffffffa5][0xffffff9b]4[0xffffff9c][\n]"
21:53:19.047 [main] DEBUG org.apache.hc.client5.http.wire - http-outgoing-15 << "T[0x11]s[0x18][0xffffff92]2[0xffffffaf]L;NFLa[0xffffff98]@[0xffffffbe]P[0x9]U[0xffffffec]C[0xfffffff4]!c[0xffffffeb][0xffffff84]i[0x14][0xffffffa3][0xffffffc7]L[0xffffffa9]v[0xffffffa8][0xffffffae][0x18][0xfffffffb][0xffffffe8]S [0x6][0xffffff81][0xffffffde][0x5]v[0xffffffc3]C[0xfffffff4][0xffffff90])[0x15][0xffffffb8][0xffffffd2]m[0xf][0x17]}[0xffffff8a][0xffffffc4]xO[0x5][0xffffffb6][0xffffffae][0xffffffb6][0xffffffd1][0xffffffdb][0xffffff8c]5[0xffffffd5]/C[0x13]}[0xffffff8a][0xffffffc4][0x0][0x5][0x4][0xffffffec][0xffffffb2][0xffffffd7]Q[0xffffffd3][0xffffff8d][0xffffffb2][0xffffffa5]n,[0xffffff99],v[0xc]B[0xffffffb2][0xfffffff8]n[0x0][0xffffff93][0xffffffc5][0x19][0x5][0xffffff9f],[0xffffffbe]M[0xffffff80]d[0xffffffb1]3[0xffffffe0][0xffffffc8]j)[0x2][0xffffff9b],[0xffffffce]9[0xffffff98]d[0xfffffff1]y[0xffffff90]|1[0xffffffed][0xffffffbc][0xffffffe4]K{g [0xfffffff9]b[0xffffffcc]MW[0xfffffffb]}[0xfffffff9][0xfffffffb]p<n[0xffffffa7]_[0xf][0xffffffe7][0xfffffff9]y[0xfffffff9][0xffffffde][0xffffffb5][0xffffffb2][0xffffff97]y[0xfffffff7]u[0xfffffff9][0xffffffd7]Nv[0xffffffa1]V[0xfffffff6]B[\r][0xfffffff4][0xffffffe3][0xffffff8b][0xffffffa0][0xffffff96][0xffffffba]y+[l[0xffffffba][0x7]6[0xffffffe7][0xfffffff9]8o/[0xfffffff3][0xffffffe5][0xffffffe1][0xffffffb9][0xffffffec][0xffffffab][0x14]FJ[0x1b][0xffffffe5]n%[0xfffffffe][0xffffff8e][0xffffffc0][0x1d]qw[0xffffffc4][0xffffffde][0x11]sG[0xfffffff4][0x1d]QwD&[0xffffffa2][0xffffff85]n[0xffffff84]:_&[0xffffffeb][0x1a][0xffffff89]w[0xffffffc4][0xffffffdf][0x11][0xffffffb8]#[0xffffffee][0xffffff8e]d[0xffffff9f]UO[0xffffffcc][0x1d][0xffffffd1]wD[0xffffffdd][0x11]9[0xffffff90][0x10]F[0xffffff80]#[0xfffffff0]#[0xffffff80][0x11][0xffffffb8][0x11][0xffffff8c][0xffffffde][0xffffff86][0xffffffd1][0xffffffd9]0[0xfffffffa][0x1a]FWC[0xfffffff2][0xffffff94][0xffffffde][0xffffff9b][0xe][0xffffff88][0xffffffe3][0xffffffe1][0xfffffff4][0xfffffff1][0xffffffbd]`[0xffffffc5][0x18][0xffffffc3][0xffffffb0][0xe]q[0x4]~[0x4]0[0x2]7[0x2];[0xffffff82][0x14][0xffffff80][0xffffffc6][0xe][0xffffffe8][0x11][0xffffffa4][0x0][0xffffffb4][0xffffffef][0xffffff80][0x1c][0xffffff80][0xf]#[0xffffffc8][0xffffff9e]B[0x7][0xfffffffc][0x8]`[0x4]n[0x4]v[0x4]f[0x4]z[0x4]j[0x4]r[0x0][0x10]F[0xffffff90]=u[0x1d][0xffffffc8][0xffffff9e][0xffffffda][0xe][0xffffffc0][0x8][0xffffffdc][0x8][0xffffffb2][0xffffffa7][0xffffffdd][0xb][0x4]f[0x4][0xffffffd9][0xffffffd3][0xffffffae][0xffffffec]!{[0xffffffda][0x15][0x5][0xffffffc8][0x1][0xffffffb8]0[0x2][0x1c][0xffffff81][0x1f]A[0xfffffff6]Tv[0xffffffc0]1[0xffffffe8][0xffffffbb][0xffffffda][0x1f][0xffffffef][0xfffffff3]y[0xffffffdb][0xfffffff5][0xffffffb2]%[0xffffffd9][0xffffffff][0xffffffa7][0xffffff97][0xffffffe5][0xffffff85][0xffffff97][0xffffffe5][0xfffffff9][0xfffffffa][0xffffffb9]=[0xffffffcf][0xffffffc5]b[0xffffff9d]6v[0xffffffb6][0xfffffffc]c[0xffffffd6]'*[0xffffffeb][0xffffff9f]@[0xffffffdf]ye4[0xfffffff3][0xffffffa4][0xffffffc7][0xffffffb2][0xfffffffe]A[0xfffffffa]`[0x5][0xffffffcf]8[0xffffffc9][0xffffffb1],[0x7f]<[0xffffffbd][0x12][0xffffff8a]4D[0xffffffe5][0xffffffb2][0xffffff97]{[0xffffffd4][0xffffff9d][\n]"
21:53:19.047 [main] DEBUG org.apache.hc.client5.http.wire - http-outgoing-15 << "[0xffffffa7][0x17][0xffffffbc]S{J[0xffffffd7]m[0xffffffe8]5[0xffffffef][0xffffffc4][0x1e]2[0xfffffff5]7R[0xffffffcf]U[\n]"
21:53:19.047 [main] DEBUG org.apache.hc.client5.http.wire - http-outgoing-15 << "[0xffffffbd][0xffffffd0][0xffffffa3][0xffffff83]*v[0xffffffbd][0xffffffce]S[0xffffff9a][0xffffffb1][0xffffffed]e^[0x8][0xffffff95][0xffffff9a]^[0xffffffe4][0xffffff91]2(T[0xfffffff7][0x12]O)^[0xffffffac]z[0xffffff85][0xffffff97][0xffffffc4]S[0xffffffc1][0xffffffb2][0x17]xX[0x3][0xffffffc7][0xffffffd0][0xffffffcb];[0xffffff80]Jq[0xffffffd0]v[0xffffff85][0xfffffffa]^[0xffffffd9][0xffffff91][0xffffff94]-[0x14]z][0xffffffd7]RD][0xffffffe1]F[0xffffffd7][0x15]h;Y[0xffffff87][0xffffffd5]1[0xffffffea][0xe]7[0xffffffa2][0xffffffae]@}[0xffffffab][0xffffffe9][\n]"
21:53:19.047 [main] DEBUG org.apache.hc.client5.http.wire - http-outgoing-15 << "T[0xffffff9d][0xffffffa4]s|[0xffffffbe][0xffffffec][0x14][0x1d][0xffffffbb]J[0xffffffdd][0xffffffe2]F[0xffffffcf][0x15][0xffffff88][0xffffff83][0xffffff9c]+[0xffffffd4]wj[0xffffffce]3[0xffffff84]N[0xffffffcb]a=[0xffffff9e][0xffffffda][0xffffffc7]*[0xffffffe5][0xffffffd8]{j![0xffffffab][0xffffff92][0xffffffa3][0x4]Wj:%[0x7][0xffffffbc][0xffffffa9][0xffffffee][0xffffff84][0x1c][0xffffffd6][0xb][0xffffffa7]~[0xffffffb2][0xffffffea][0xffffffb8]vY[0xffffffd4]TV[0x1d][0xffffff87][0xfffffff5]b[0xffffffa9][0xffffffb1][0xffffffac]2[0xffffff8e]+[0xffffff9a][0xffffff9a]K[0xffffffa7][0xffffffe2]T[\r][0xffffff95]:L/[0xffffffe2][0xffffffea]Y[0xffffffd4]fV[\r][0xffffffe7]yW[0xffffffd7]I8.ej7[0xffffffab][0xffffff80]k[0xffffffc5]I=[0xffffffa7][0x13]p[0xfffffffc][0xffffffaa]Q[0xffffffe3][0xffffffe9][0xfffffff4][;[0xffffffab][0xffffffea][0xffffffae]l[0xffffffb8][0xffffffd0][0x1b]Uu[0x15][0xffffffa3][0xffffff8a][0xffffffae]bT[0xffffffcd]U[0xffffff8c]*[0xffffffb9][0xffffff8a]Q[0x15]W1[0xffffffaa][0xffffffe0]*F[0xffffffd5][[0xffffffc5]PE`[0x15]Cv[0xffffff86]M[0x1e][0xffffffb0][0xffffffc7]6y`[0xffffffea]96y[0xffffffa0]k2,[0x14][0xffffffe3]F[0xffffffa1][0x1d]v[0xffffffe7]%[0xffffffb5][0xffffffa4][0xffffffe9][0xffffff97][0xfffffffd][0xffffffcb][0xffffffdc]5[0xffffffb5][0xffffffb7][0xffffffcb]L[0xffffffe0]?[0xffffffbb][0xffffffda]~[0xfffffffe]6[0x1f][0xffffffd3][0xffffffae][0xffffffe2][0xffffff8d]w[0xffffffc8]-n>=~\6[0xffffff8d]=[0xffffffa6]M6[0xffffffd7]e9^6[0xffffff9f][0xfffffff3][0xffffff97][0xffffffda][0xffffffe5][0x1e][0x12]][0xffffff87]P[0xffffff85][0xffffffd4][0xffffffea][0x15]V[0xffffffca]#[0xffffffa8][0xfffffff2][0xffffffa4][0xffffff90])[0xffffff93][0xffffff85][0xfffffff2][0x0][0xffffffaa][0xffffffbc][0xffffffce][0xffffff85]\([0xffffff8f][0xffffff9f][\n]"
21:53:19.048 [main] DEBUG org.apache.hc.client5.http.wire - http-outgoing-15 << "@[0xffffffa5][0xfffffff1][0xffffffb0]P[0x1e]>[0xffffff95][0xffffffa3][0xfffffffa][0xffffffa0][0xffffffec]e[0xffffffda]FO[0xffffffe5][0x14][\n]"
21:53:19.048 [main] DEBUG org.apache.hc.client5.http.wire - http-outgoing-15 << "_Ok[0xffffff83][0xffffffa7][0xffffffb2]@[0xfffffffb]B[0xffffffa5]<v[0xffffff92]`O[0x1f][0xffffffe5][0x2]y[0xffffffe6]T[0xffffffc6][0xffffffa7]O`[0xffffffa5]<q[0xffffffd2][0xfffffff0]h[0xffffffa8][0xffffff83]U[0xffffffca][0xfffffff3][0xffffffa6][0xffffffd2][0xfffffff4][0xffffffa6]z[0xffffffde][0xffffff81][0xffffffa7]M[0x1a][0xf]l[0xb][0xffffffa2][0xffffff8d][0xffffff9a]JS[0xffffffe1][0xffffff92]|/"
21:53:19.048 [main] DEBUG org.apache.hc.client5.http.wire - http-outgoing-15 << "[0xffffff94][0x7]M[0xffffffa5][0xffffff95]\[0xfffffff7][0xffffffe5]1[0xffffff93][0x14][0xffffffaf]K[0xffffffc3]N[0xffffffa2]<dR[0xffffffeb]O[0xffffff8d][0xffffffa2][0xffffffb0]:b[0xffffffaa][0x14]]M[0xc][0xffffffcf][0xffffff97][0x14][0xffffff9a]n[0xffffffac]N[0xffffff97][0x14][0xffffff83]m[0xffffffac][0xffffffce][0xffffff96][0xffffffe4]U;[0xffffff99]'[0xffffffcb]@=[0xffffffc6][0xffffffa8][0xffffff82][0xffffffea]T[0x19]([0xfffffff5][0xffffffa6][0xffffffae][0xffffffaa]#e[0xffffff90][0xffffffeb][0x1]u[0xffffff9c][0xffffffc4][0xffffffd4][0xffffffe9][0xffffffea][0xffffff83]u[0xffffff94]D[\n]"
21:53:19.048 [main] DEBUG org.apache.hc.client5.http.wire - http-outgoing-15 << "[0xffffffac][0x10][0x1e]#[0xffffffd3][0xffffff8d][0xffffff97][0xffffff8b][0xffffffe1][0x11][0xffffffd2]Sn[0xffffffeb]c<?[0x2][0xffffff84]z%<;[0x2][0xffffff95][0x4][0xffffff94]\[0xfffffff0][0xffffffe0][0xffffffe8]R[0xffffff82][0xffffffeb][0xffffffaa]:5[0xffffffba][0xffffffac]82[0xffffffe1][0xffffff89][0xffffff91]Z[0xffffff83][0xffffffab][0xffffffe7]Q[0xfffffff7]*[0xffffffdd]3[0xffffffb0]O<@[0xffffffd2]w[0xffffffb6]^U[0x1b][0x1e])b[0xffffffaa][0xffffffbb][0xffffffcc][0xffffffda][0xffffffe4][0xffffff98]j[0xffffffb6][0xffffff90]:5j[0xffffffcf][0xffffffa5][0xffffffc3][0x3][0xffffffa3]6[0xffffff8d][0xffffffd4]a1[0xffffffb5][0xffffffc5]J[0xffffffea][0xffffff9c][0xffffffa8][0xc][\r][0xffffffd2][0x5]Y[0x1b][0xffffffdf][0xffffffcf][0xfffffff3][0xffffffe3][0xffffffe1]t[0xffffffb9]n[0xffffff8f][0xffffffc7]y_[0xffffffa0][0xffffff8e][0xffffff90][0xffffffbe][0xffffffec][0xffffffa6][0xffffffd4][0xffffff89]U[0xffffff91]Z[0x18][0xffffffe8]P[0xffffffc2][0xffffffb7]2R[0xffffff9f][0xffffffa4][0xffffffaf]][0xffffffb9][0xf][0xffffff83][0xffffff91]^,kB1uj:t[0xffffffd3]XjDS1[0xffffffa5]K[0xffffffa6][0xffffff9e][0xfffffff4][0xf][0x3][0x1][0xffffffec][0xffffffa6][0xffffffeb][0x12][0x0][0x0]"
21:53:19.048 [main] DEBUG org.apache.hc.client5.http.impl.classic.InternalHttpClient - ep-00000016: releasing valid endpoint
21:53:19.048 [main] DEBUG org.apache.hc.client5.http.impl.io.PoolingHttpClientConnectionManager - ep-00000016: releasing endpoint
21:53:19.048 [main] DEBUG org.apache.hc.client5.http.impl.io.PoolingHttpClientConnectionManager - ep-00000016: connection http-outgoing-15 can be kept alive for 3 MINUTES
21:53:19.048 [main] DEBUG org.apache.hc.client5.http.impl.io.PoolingHttpClientConnectionManager - ep-00000016: connection released [route: {s}->https://raw.githubusercontent.com:443][total available: 1; route allocated: 1 of 5; total allocated: 2 of 25]
21:53:19.048 [main] DEBUG io.github.bonigarcia.wdm.versions.VersionDetector - Driver for chrome117 not found in online properties (using local versions.properties)
21:53:19.050 [main] DEBUG io.github.bonigarcia.wdm.WebDriverManager - The driver version for CHROME 117 is unknown ... trying with latest
21:53:19.052 [main] DEBUG org.apache.hc.client5.http.impl.classic.InternalHttpClient - ex-00000018: preparing request execution
21:53:19.052 [main] DEBUG org.apache.hc.client5.http.protocol.RequestAddCookies - Cookie spec selected: strict
21:53:19.052 [main] DEBUG org.apache.hc.client5.http.protocol.RequestAuthCache - Auth cache not set in the context
21:53:19.052 [main] DEBUG org.apache.hc.client5.http.impl.classic.ProtocolExec - ex-00000018: target auth state: UNCHALLENGED
21:53:19.052 [main] DEBUG org.apache.hc.client5.http.impl.classic.ProtocolExec - ex-00000018: proxy auth state: UNCHALLENGED
21:53:19.052 [main] DEBUG org.apache.hc.client5.http.impl.classic.ConnectExec - ex-00000018: acquiring connection with route {s}->https://chromedriver.storage.googleapis.com:443
21:53:19.052 [main] DEBUG org.apache.hc.client5.http.impl.classic.InternalHttpClient - ex-00000018: acquiring endpoint (3 MINUTES)
21:53:19.052 [main] DEBUG org.apache.hc.client5.http.impl.io.PoolingHttpClientConnectionManager - ex-00000018: endpoint lease request (3 MINUTES) [route: {s}->https://chromedriver.storage.googleapis.com:443][total available: 1; route allocated: 1 of 5; total allocated: 2 of 25]
21:53:19.052 [main] DEBUG org.apache.hc.client5.http.impl.io.PoolingHttpClientConnectionManager - ex-00000018: endpoint leased [route: {s}->https://chromedriver.storage.googleapis.com:443][total available: 1; route allocated: 2 of 5; total allocated: 3 of 25]
21:53:19.052 [main] DEBUG org.apache.hc.client5.http.impl.io.PoolingHttpClientConnectionManager - ex-00000018: acquired ep-00000017
21:53:19.052 [main] DEBUG org.apache.hc.client5.http.impl.classic.InternalHttpClient - ex-00000018: acquired endpoint ep-00000017
21:53:19.052 [main] DEBUG org.apache.hc.client5.http.impl.classic.ConnectExec - ex-00000018: opening connection {s}->https://chromedriver.storage.googleapis.com:443
21:53:19.052 [main] DEBUG org.apache.hc.client5.http.impl.classic.InternalHttpClient - ep-00000017: connecting endpoint (30 SECONDS)
21:53:19.052 [main] DEBUG org.apache.hc.client5.http.impl.io.PoolingHttpClientConnectionManager - ep-00000017: connecting endpoint to https://chromedriver.storage.googleapis.com:443 (30 SECONDS)
21:53:19.052 [main] DEBUG org.apache.hc.client5.http.impl.io.DefaultHttpClientConnectionOperator - http-outgoing-17: connecting to chromedriver.storage.googleapis.com/34.101.5.59:443
21:53:19.052 [main] DEBUG org.apache.hc.client5.http.ssl.SSLConnectionSocketFactory - Connecting socket to chromedriver.storage.googleapis.com/34.101.5.59:443 with timeout 30 SECONDS
21:53:19.063 [main] DEBUG org.apache.hc.client5.http.ssl.SSLConnectionSocketFactory - Enabled protocols: [TLSv1.3, TLSv1.2]
21:53:19.063 [main] DEBUG org.apache.hc.client5.http.ssl.SSLConnectionSocketFactory - Enabled cipher suites: [TLS_AES_256_GCM_SHA384, TLS_AES_128_GCM_SHA256, TLS_CHACHA20_POLY1305_SHA256, TLS_ECDHE_ECDSA_WITH_AES_256_GCM_SHA384, TLS_ECDHE_ECDSA_WITH_AES_128_GCM_SHA256, TLS_ECDHE_ECDSA_WITH_CHACHA20_POLY1305_SHA256, TLS_ECDHE_RSA_WITH_AES_256_GCM_SHA384, TLS_ECDHE_RSA_WITH_CHACHA20_POLY1305_SHA256, TLS_ECDHE_RSA_WITH_AES_128_GCM_SHA256, TLS_DHE_RSA_WITH_AES_256_GCM_SHA384, TLS_DHE_RSA_WITH_CHACHA20_POLY1305_SHA256, TLS_DHE_DSS_WITH_AES_256_GCM_SHA384, TLS_DHE_RSA_WITH_AES_128_GCM_SHA256, TLS_DHE_DSS_WITH_AES_128_GCM_SHA256, TLS_ECDHE_ECDSA_WITH_AES_256_CBC_SHA384, TLS_ECDHE_RSA_WITH_AES_256_CBC_SHA384, TLS_ECDHE_ECDSA_WITH_AES_128_CBC_SHA256, TLS_ECDHE_RSA_WITH_AES_128_CBC_SHA256, TLS_DHE_RSA_WITH_AES_256_CBC_SHA256, TLS_DHE_DSS_WITH_AES_256_CBC_SHA256, TLS_DHE_RSA_WITH_AES_128_CBC_SHA256, TLS_DHE_DSS_WITH_AES_128_CBC_SHA256, TLS_ECDH_ECDSA_WITH_AES_256_GCM_SHA384, TLS_ECDH_RSA_WITH_AES_256_GCM_SHA384, TLS_ECDH_ECDSA_WITH_AES_128_GCM_SHA256, TLS_ECDH_RSA_WITH_AES_128_GCM_SHA256, TLS_ECDH_ECDSA_WITH_AES_256_CBC_SHA384, TLS_ECDH_RSA_WITH_AES_256_CBC_SHA384, TLS_ECDH_ECDSA_WITH_AES_128_CBC_SHA256, TLS_ECDH_RSA_WITH_AES_128_CBC_SHA256, TLS_ECDHE_ECDSA_WITH_AES_256_CBC_SHA, TLS_ECDHE_RSA_WITH_AES_256_CBC_SHA, TLS_ECDHE_ECDSA_WITH_AES_128_CBC_SHA, TLS_ECDHE_RSA_WITH_AES_128_CBC_SHA, TLS_DHE_RSA_WITH_AES_256_CBC_SHA, TLS_DHE_DSS_WITH_AES_256_CBC_SHA, TLS_DHE_RSA_WITH_AES_128_CBC_SHA, TLS_DHE_DSS_WITH_AES_128_CBC_SHA, TLS_ECDH_ECDSA_WITH_AES_256_CBC_SHA, TLS_ECDH_RSA_WITH_AES_256_CBC_SHA, TLS_ECDH_ECDSA_WITH_AES_128_CBC_SHA, TLS_ECDH_RSA_WITH_AES_128_CBC_SHA, TLS_RSA_WITH_AES_256_GCM_SHA384, TLS_RSA_WITH_AES_128_GCM_SHA256, TLS_RSA_WITH_AES_256_CBC_SHA256, TLS_RSA_WITH_AES_128_CBC_SHA256, TLS_RSA_WITH_AES_256_CBC_SHA, TLS_RSA_WITH_AES_128_CBC_SHA, TLS_EMPTY_RENEGOTIATION_INFO_SCSV]
21:53:19.063 [main] DEBUG org.apache.hc.client5.http.ssl.SSLConnectionSocketFactory - Starting handshake
21:53:19.110 [main] DEBUG org.apache.hc.client5.http.ssl.SSLConnectionSocketFactory - Secure session established
21:53:19.110 [main] DEBUG org.apache.hc.client5.http.ssl.SSLConnectionSocketFactory -  negotiated protocol: TLSv1.3
21:53:19.110 [main] DEBUG org.apache.hc.client5.http.ssl.SSLConnectionSocketFactory -  negotiated cipher suite: TLS_AES_256_GCM_SHA384
21:53:19.110 [main] DEBUG org.apache.hc.client5.http.ssl.SSLConnectionSocketFactory -  peer principal: CN=*.storage.googleapis.com
21:53:19.110 [main] DEBUG org.apache.hc.client5.http.ssl.SSLConnectionSocketFactory -  peer alternative names: [*.storage.googleapis.com, *.googleapis.com, commondatastorage.googleapis.com, *.commondatastorage.googleapis.com, storage.googleapis.com, storage-p2.googleapis.com, *.storage-p2.googleapis.com, storage.mtls.googleapis.com, *.appspot.com.storage.googleapis.com, *.content-storage.googleapis.com, *.content-storage-p2.googleapis.com, *.content-storage-upload.googleapis.com, *.content-storage-download.googleapis.com, *.storage-upload.googleapis.com, *.storage-download.googleapis.com]
21:53:19.110 [main] DEBUG org.apache.hc.client5.http.ssl.SSLConnectionSocketFactory -  issuer principal: CN=GTS CA 1C3, O=Google Trust Services LLC, C=US
21:53:19.110 [main] DEBUG org.apache.hc.client5.http.impl.io.DefaultHttpClientConnectionOperator - http-outgoing-17: connection established 192.168.100.42:62616<->34.101.5.59:443
21:53:19.111 [main] DEBUG org.apache.hc.client5.http.impl.io.PoolingHttpClientConnectionManager - ep-00000017: connected http-outgoing-17
21:53:19.111 [main] DEBUG org.apache.hc.client5.http.impl.classic.InternalHttpClient - ep-00000017: endpoint connected
21:53:19.111 [main] DEBUG org.apache.hc.client5.http.impl.classic.MainClientExec - ex-00000018: executing GET /LATEST_RELEASE HTTP/1.1
21:53:19.111 [main] DEBUG org.apache.hc.client5.http.impl.classic.InternalHttpClient - ep-00000017: start execution ex-00000018
21:53:19.111 [main] DEBUG org.apache.hc.client5.http.impl.io.PoolingHttpClientConnectionManager - ep-00000017: executing exchange ex-00000018 over http-outgoing-17
21:53:19.111 [main] DEBUG org.apache.hc.client5.http.headers - http-outgoing-17 >> GET /LATEST_RELEASE HTTP/1.1
21:53:19.111 [main] DEBUG org.apache.hc.client5.http.headers - http-outgoing-17 >> user-agent: Apache-HttpClient/5.0
21:53:19.111 [main] DEBUG org.apache.hc.client5.http.headers - http-outgoing-17 >> accept-encoding: gzip, deflate, br
21:53:19.111 [main] DEBUG org.apache.hc.client5.http.headers - http-outgoing-17 >> cache-control: max-age=0
21:53:19.111 [main] DEBUG org.apache.hc.client5.http.headers - http-outgoing-17 >> connection: keep-alive
21:53:19.111 [main] DEBUG org.apache.hc.client5.http.headers - http-outgoing-17 >> Host: chromedriver.storage.googleapis.com
21:53:19.111 [main] DEBUG org.apache.hc.client5.http.wire - http-outgoing-17 >> "GET /LATEST_RELEASE HTTP/1.1[\r][\n]"
21:53:19.111 [main] DEBUG org.apache.hc.client5.http.wire - http-outgoing-17 >> "user-agent: Apache-HttpClient/5.0[\r][\n]"
21:53:19.111 [main] DEBUG org.apache.hc.client5.http.wire - http-outgoing-17 >> "accept-encoding: gzip, deflate, br[\r][\n]"
21:53:19.111 [main] DEBUG org.apache.hc.client5.http.wire - http-outgoing-17 >> "cache-control: max-age=0[\r][\n]"
21:53:19.111 [main] DEBUG org.apache.hc.client5.http.wire - http-outgoing-17 >> "connection: keep-alive[\r][\n]"
21:53:19.111 [main] DEBUG org.apache.hc.client5.http.wire - http-outgoing-17 >> "Host: chromedriver.storage.googleapis.com[\r][\n]"
21:53:19.111 [main] DEBUG org.apache.hc.client5.http.wire - http-outgoing-17 >> "[\r][\n]"
21:53:19.152 [main] DEBUG org.apache.hc.client5.http.wire - http-outgoing-17 << "HTTP/1.1 200 OK[\r][\n]"
21:53:19.152 [main] DEBUG org.apache.hc.client5.http.wire - http-outgoing-17 << "X-GUploader-UploadID: ADPycdvLSkoryVPjL0beTG0wav98L2H9zwURtJFeXPSHDbPFHDEl3pCFiswOuBsO955fz5j5u7C8u8u62P14JOaTgCsjjQllP3zs[\r][\n]"
21:53:19.152 [main] DEBUG org.apache.hc.client5.http.wire - http-outgoing-17 << "x-goog-generation: 1685523462105569[\r][\n]"
21:53:19.152 [main] DEBUG org.apache.hc.client5.http.wire - http-outgoing-17 << "x-goog-metageneration: 1[\r][\n]"
21:53:19.152 [main] DEBUG org.apache.hc.client5.http.wire - http-outgoing-17 << "x-goog-stored-content-encoding: identity[\r][\n]"
21:53:19.152 [main] DEBUG org.apache.hc.client5.http.wire - http-outgoing-17 << "x-goog-stored-content-length: 13[\r][\n]"
21:53:19.152 [main] DEBUG org.apache.hc.client5.http.wire - http-outgoing-17 << "x-goog-hash: crc32c=tVW4TA==[\r][\n]"
21:53:19.152 [main] DEBUG org.apache.hc.client5.http.wire - http-outgoing-17 << "x-goog-hash: md5=NoaEuIlBlniwTkiZ1T16sA==[\r][\n]"
21:53:19.152 [main] DEBUG org.apache.hc.client5.http.wire - http-outgoing-17 << "x-goog-storage-class: STANDARD[\r][\n]"
21:53:19.152 [main] DEBUG org.apache.hc.client5.http.wire - http-outgoing-17 << "Accept-Ranges: bytes[\r][\n]"
21:53:19.152 [main] DEBUG org.apache.hc.client5.http.wire - http-outgoing-17 << "Content-Length: 13[\r][\n]"
21:53:19.152 [main] DEBUG org.apache.hc.client5.http.wire - http-outgoing-17 << "Server: UploadServer[\r][\n]"
21:53:19.152 [main] DEBUG org.apache.hc.client5.http.wire - http-outgoing-17 << "Date: Thu, 05 Oct 2023 14:04:14 GMT[\r][\n]"
21:53:19.152 [main] DEBUG org.apache.hc.client5.http.wire - http-outgoing-17 << "Expires: Thu, 05 Oct 2023 15:04:14 GMT[\r][\n]"
21:53:19.152 [main] DEBUG org.apache.hc.client5.http.wire - http-outgoing-17 << "Cache-Control: public, max-age=3600[\r][\n]"
21:53:19.152 [main] DEBUG org.apache.hc.client5.http.wire - http-outgoing-17 << "Age: 2945[\r][\n]"
21:53:19.152 [main] DEBUG org.apache.hc.client5.http.wire - http-outgoing-17 << "Last-Modified: Wed, 31 May 2023 08:57:42 GMT[\r][\n]"
21:53:19.152 [main] DEBUG org.apache.hc.client5.http.wire - http-outgoing-17 << "ETag: "368684b889419678b04e4899d53d7ab0"[\r][\n]"
21:53:19.152 [main] DEBUG org.apache.hc.client5.http.wire - http-outgoing-17 << "Content-Type: text/plain[\r][\n]"
21:53:19.152 [main] DEBUG org.apache.hc.client5.http.wire - http-outgoing-17 << "Alt-Svc: h3=":443"; ma=2592000,h3-29=":443"; ma=2592000[\r][\n]"
21:53:19.152 [main] DEBUG org.apache.hc.client5.http.wire - http-outgoing-17 << "[\r][\n]"
21:53:19.152 [main] DEBUG org.apache.hc.client5.http.wire - http-outgoing-17 << "114.0.5735.90"
21:53:19.152 [main] DEBUG org.apache.hc.client5.http.headers - http-outgoing-17 << HTTP/1.1 200 OK
21:53:19.152 [main] DEBUG org.apache.hc.client5.http.headers - http-outgoing-17 << X-GUploader-UploadID: ADPycdvLSkoryVPjL0beTG0wav98L2H9zwURtJFeXPSHDbPFHDEl3pCFiswOuBsO955fz5j5u7C8u8u62P14JOaTgCsjjQllP3zs
21:53:19.152 [main] DEBUG org.apache.hc.client5.http.headers - http-outgoing-17 << x-goog-generation: 1685523462105569
21:53:19.152 [main] DEBUG org.apache.hc.client5.http.headers - http-outgoing-17 << x-goog-metageneration: 1
21:53:19.152 [main] DEBUG org.apache.hc.client5.http.headers - http-outgoing-17 << x-goog-stored-content-encoding: identity
21:53:19.152 [main] DEBUG org.apache.hc.client5.http.headers - http-outgoing-17 << x-goog-stored-content-length: 13
21:53:19.152 [main] DEBUG org.apache.hc.client5.http.headers - http-outgoing-17 << x-goog-hash: crc32c=tVW4TA==
21:53:19.152 [main] DEBUG org.apache.hc.client5.http.headers - http-outgoing-17 << x-goog-hash: md5=NoaEuIlBlniwTkiZ1T16sA==
21:53:19.152 [main] DEBUG org.apache.hc.client5.http.headers - http-outgoing-17 << x-goog-storage-class: STANDARD
21:53:19.152 [main] DEBUG org.apache.hc.client5.http.headers - http-outgoing-17 << Accept-Ranges: bytes
21:53:19.152 [main] DEBUG org.apache.hc.client5.http.headers - http-outgoing-17 << Content-Length: 13
21:53:19.152 [main] DEBUG org.apache.hc.client5.http.headers - http-outgoing-17 << Server: UploadServer
21:53:19.152 [main] DEBUG org.apache.hc.client5.http.headers - http-outgoing-17 << Date: Thu, 05 Oct 2023 14:04:14 GMT
21:53:19.152 [main] DEBUG org.apache.hc.client5.http.headers - http-outgoing-17 << Expires: Thu, 05 Oct 2023 15:04:14 GMT
21:53:19.152 [main] DEBUG org.apache.hc.client5.http.headers - http-outgoing-17 << Cache-Control: public, max-age=3600
21:53:19.152 [main] DEBUG org.apache.hc.client5.http.headers - http-outgoing-17 << Age: 2945
21:53:19.152 [main] DEBUG org.apache.hc.client5.http.headers - http-outgoing-17 << Last-Modified: Wed, 31 May 2023 08:57:42 GMT
21:53:19.152 [main] DEBUG org.apache.hc.client5.http.headers - http-outgoing-17 << ETag: "368684b889419678b04e4899d53d7ab0"
21:53:19.152 [main] DEBUG org.apache.hc.client5.http.headers - http-outgoing-17 << Content-Type: text/plain
21:53:19.152 [main] DEBUG org.apache.hc.client5.http.headers - http-outgoing-17 << Alt-Svc: h3=":443"; ma=2592000,h3-29=":443"; ma=2592000
21:53:19.152 [main] DEBUG org.apache.hc.client5.http.impl.classic.MainClientExec - ex-00000018: connection can be kept alive for 3 MINUTES
21:53:19.153 [main] DEBUG org.apache.hc.client5.http.impl.classic.InternalHttpClient - ep-00000017: releasing valid endpoint
21:53:19.153 [main] DEBUG org.apache.hc.client5.http.impl.io.PoolingHttpClientConnectionManager - ep-00000017: releasing endpoint
21:53:19.153 [main] DEBUG org.apache.hc.client5.http.impl.io.PoolingHttpClientConnectionManager - ep-00000017: connection http-outgoing-17 can be kept alive for 3 MINUTES
21:53:19.153 [main] DEBUG org.apache.hc.client5.http.impl.io.PoolingHttpClientConnectionManager - ep-00000017: connection released [route: {s}->https://chromedriver.storage.googleapis.com:443][total available: 2; route allocated: 2 of 5; total allocated: 3 of 25]
21:53:19.153 [main] DEBUG io.github.bonigarcia.wdm.versions.VersionDetector - Latest version of chromedriver according to https://chromedriver.storage.googleapis.com/LATEST_RELEASE is 114.0.5735.90
21:53:19.155 [main] DEBUG io.github.bonigarcia.wdm.WebDriverManager - Driver chromedriver 114.0.5735.90 found in cache
21:53:19.156 [main] INFO io.github.bonigarcia.wdm.WebDriverManager - Exporting webdriver.chrome.driver as C:\Users\Bagas Dwi Saputra\.cache\selenium\chromedriver\win32\114.0.5735.90\chromedriver.exe
21:53:19.307 [main] DEBUG net.thucydides.core.reflection.ClassFinder - Could not load class net.serenitybdd.rest.utils.RestSpecificationFactory
21:53:19.469 [main] DEBUG net.thucydides.core.reflection.ClassFinder - Could not load class net.serenitybdd.rest.utils.RestSpecificationFactory
21:53:19.471 [main] INFO net.serenitybdd.core.webdriver.driverproviders.ProvideNewDriver - Instantiating driver
21:53:19.471 [main] INFO net.serenitybdd.core.webdriver.driverproviders.ProvideNewDriver - Driver capabilities: Capabilities {acceptInsecureCerts: false, base.url: https://app.jubelio.com, browserName: chrome, chrome.driver: src/test/resources/webdrive..., driver: chrome, goog:chromeOptions: {args: [], extensions: []}, loggingPrefs: org.openqa.selenium.logging...}
21:53:20.532 [main] DEBUG net.thucydides.core.reflection.ClassFinder - Could not load class net.serenitybdd.rest.utils.RestSpecificationFactory
21:53:23.535 [main] DEBUG net.serenitybdd.core.photography.Darkroom - Send negative for processing for target\site\serenity\4cc97b387fb82cfc136ff103deed3ff15904afea0e81e8a8130786ef5a9430f4.png
21:53:23.535 [main] DEBUG net.thucydides.core.steps.StepInterceptor - STEP DONE: openLink
21:53:23.540 [main] DEBUG net.thucydides.core.steps.StepInterceptor - STARTING STEP: InventoryStockSteps.loginClickButtonLogin - fills in the {string} with valid data email
21:53:23.830 [main] DEBUG net.serenitybdd.core.photography.Darkroom - Send negative for processing for target\site\serenity\29d3e9f166cf597135c97994c9ce45464a7cb63e7c1b11511a227ba5e21a0a13.png
21:53:23.830 [main] DEBUG net.thucydides.core.steps.StepInterceptor - STEP DONE: fills in the {string} with valid data email
21:53:23.833 [main] DEBUG net.thucydides.core.steps.StepInterceptor - STARTING STEP: InventoryStockSteps.loginClickButtonLogin - fill in the {string} with valid data pass
21:53:24.234 [main] DEBUG net.serenitybdd.core.photography.Darkroom - Send negative for processing for target\site\serenity\fb8b5b9e823e22de996cfe4c54d002502501e0f7f9356305a01fd68e180899cd.png
21:53:24.234 [main] DEBUG net.thucydides.core.steps.StepInterceptor - STEP DONE: fill in the {string} with valid data pass
21:53:24.235 [Darkroom Processing Line] DEBUG net.serenitybdd.core.photography.DarkroomProcessingLine - Processing screenshot image in /var/screenshots/screenshot-12203205321464871690
21:53:24.235 [Darkroom Processing Line] DEBUG net.serenitybdd.core.photography.DarkroomProcessingLine - Saving screenshot to target\site\serenity\fb8b5b9e823e22de996cfe4c54d002502501e0f7f9356305a01fd68e180899cd.png
21:53:24.238 [main] DEBUG net.thucydides.core.steps.StepInterceptor - STARTING STEP: InventoryStockSteps.loginClickButtonLogin - clickbtnlogin
21:53:24.777 [main] DEBUG net.serenitybdd.core.photography.Darkroom - Send negative for processing for target\site\serenity\ee455e062e4a8c74c1b3ec74c61fd785bac3e988321c0692a9638c4453ae4a9e.png
21:53:24.777 [main] DEBUG net.thucydides.core.steps.StepInterceptor - STEP DONE: clickbtnlogin
21:53:24.777 [Darkroom Processing Line] DEBUG net.serenitybdd.core.photography.DarkroomProcessingLine - Processing screenshot image in /var/screenshots/screenshot-4158938895534627055
21:53:24.778 [Darkroom Processing Line] DEBUG net.serenitybdd.core.photography.DarkroomProcessingLine - Saving screenshot to target\site\serenity\ee455e062e4a8c74c1b3ec74c61fd785bac3e988321c0692a9638c4453ae4a9e.png
21:53:27.868 [main] DEBUG net.serenitybdd.core.photography.Darkroom - Send negative for processing for target\site\serenity\32028730d6617cbaf4be8a3a222b15af4c3642cbbbed6c786edb05d6cdf1a6ef.png
21:53:27.869 [main] DEBUG net.thucydides.core.steps.StepInterceptor - STARTING STEP: InventoryStockSteps.loginClickButtonLogin - openUrlInventory
21:53:29.986 [main] DEBUG net.serenitybdd.core.photography.Darkroom - Send negative for processing for target\site\serenity\18aa7301e064ab35ef8feb111167731249a63d3cf986334d702b2be7e613fb46.png
21:53:29.986 [main] DEBUG net.thucydides.core.steps.StepInterceptor - STEP DONE: openUrlInventory
  &amp#27;[32mGiven &amp#27;[0m&amp#27;[32mLogin &amp#27;[0m&amp#27;[32m&amp#27;[1m"qa.rakamin.jubelio@gmail.com"&amp#27;[0m&amp#27;[32m, &amp#27;[0m&amp#27;[32m&amp#27;[1m"Jubelio123!"&amp#27;[0m&amp#27;[32m, click button login&amp#27;[0m &amp#27;[90m# starter.stepdefinitios.InventoryStockSteps.loginClickButtonLogin(java.lang.String,java.lang.String)&amp#27;[0m
21:53:30.313 [main] DEBUG net.serenitybdd.core.photography.Darkroom - Send negative for processing for target\site\serenity\18aa7301e064ab35ef8feb111167731249a63d3cf986334d702b2be7e613fb46.png
21:53:30.917 [main] DEBUG net.serenitybdd.core.photography.Darkroom - Send negative for processing for target\site\serenity\18aa7301e064ab35ef8feb111167731249a63d3cf986334d702b2be7e613fb46.png
21:53:30.918 [main] DEBUG net.thucydides.core.steps.StepInterceptor - STARTING STEP: InventoryStockSteps.fillsInTheWithValidDataEmail - validatePagePersedian
21:53:30.953 [main] DEBUG net.thucydides.core.steps.StepInterceptor - STEP DONE: validatePagePersedian
21:53:31.219 [main] DEBUG net.serenitybdd.core.photography.Darkroom - Send negative for processing for target\site\serenity\18aa7301e064ab35ef8feb111167731249a63d3cf986334d702b2be7e613fb46.png
21:53:31.220 [main] DEBUG net.thucydides.core.steps.StepInterceptor - STARTING STEP: InventoryStockSteps.fillsInTheWithValidDataEmail - btnPenyesuaianPersedian
21:53:31.526 [main] DEBUG net.serenitybdd.core.photography.Darkroom - Send negative for processing for target\site\serenity\73f2a0be874a11fb5a46987bb571b74e9f9c82bc1e6c2280eb4ba688631eb8dd.png
21:53:31.526 [main] DEBUG net.thucydides.core.steps.StepInterceptor - STEP DONE: btnPenyesuaianPersedian
  &amp#27;[32mAnd &amp#27;[0m&amp#27;[32man inventory adjustment button click&amp#27;[0m                                      &amp#27;[90m# starter.stepdefinitios.InventoryStockSteps.fillsInTheWithValidDataEmail()&amp#27;[0m
21:53:31.526 [Darkroom Processing Line] DEBUG net.serenitybdd.core.photography.DarkroomProcessingLine - Processing screenshot image in /var/screenshots/screenshot-12347318573875092562
21:53:31.526 [Darkroom Processing Line] DEBUG net.serenitybdd.core.photography.DarkroomProcessingLine - Saving screenshot to target\site\serenity\73f2a0be874a11fb5a46987bb571b74e9f9c82bc1e6c2280eb4ba688631eb8dd.png
21:53:32.166 [main] DEBUG net.serenitybdd.core.photography.Darkroom - Send negative for processing for target\site\serenity\23224668ac0c5663a6d39ccaa81712d69b7ce022f1e0e6b04dae1dca31370dac.png
21:53:32.167 [main] DEBUG net.thucydides.core.steps.StepInterceptor - STARTING STEP: InventoryStockSteps.validateTheInventoryAdjustmentPage - validatePenyesuaianPersediaa
21:53:32.193 [main] DEBUG net.thucydides.core.steps.StepInterceptor - STEP DONE: validatePenyesuaianPersediaa
  &amp#27;[32mAnd &amp#27;[0m&amp#27;[32mvalidate the inventory adjustment page&amp#27;[0m                                    &amp#27;[90m# starter.stepdefinitios.InventoryStockSteps.validateTheInventoryAdjustmentPage()&amp#27;[0m
21:53:32.453 [main] DEBUG net.serenitybdd.core.photography.Darkroom - Send negative for processing for target\site\serenity\23224668ac0c5663a6d39ccaa81712d69b7ce022f1e0e6b04dae1dca31370dac.png
21:53:32.454 [main] DEBUG net.thucydides.core.steps.StepInterceptor - STARTING STEP: InventoryStockSteps.click - btnLokasi
21:53:32.661 [main] DEBUG net.serenitybdd.core.photography.Darkroom - Send negative for processing for target\site\serenity\ffb9bfd3daa1394b62066e0e542acd4926d5448f4d8383464000c7cf23161974.png
21:53:32.662 [main] DEBUG net.thucydides.core.steps.StepInterceptor - STEP DONE: btnLokasi
21:53:32.927 [main] DEBUG net.serenitybdd.core.photography.Darkroom - Send negative for processing for target\site\serenity\ffb9bfd3daa1394b62066e0e542acd4926d5448f4d8383464000c7cf23161974.png
21:53:32.927 [main] DEBUG net.thucydides.core.steps.StepInterceptor - STARTING STEP: InventoryStockSteps.click - btnVarisi
21:53:33.095 [main] DEBUG net.serenitybdd.core.photography.Darkroom - Send negative for processing for target\site\serenity\23224668ac0c5663a6d39ccaa81712d69b7ce022f1e0e6b04dae1dca31370dac.png
21:53:33.095 [main] DEBUG net.thucydides.core.steps.StepInterceptor - STEP DONE: btnVarisi
  &amp#27;[32mAnd &amp#27;[0m&amp#27;[32mclick &amp#27;[0m&amp#27;[32m&amp#27;[1m"Pusat"&amp#27;[0m                                                             &amp#27;[90m# starter.stepdefinitios.InventoryStockSteps.click(java.lang.String)&amp#27;[0m
21:53:33.104 [main] DEBUG net.thucydides.core.steps.StepInterceptor - STARTING STEP: InventoryStockSteps.youDeteleItem - btnPilihBarang
21:53:33.451 [main] DEBUG net.serenitybdd.core.photography.Darkroom - Send negative for processing for target\site\serenity\89f155c34cc2d84972784f9f9d9a4f4a4d417e1eb586cfb2775905cc8c901374.png
21:53:33.451 [main] DEBUG net.thucydides.core.steps.StepInterceptor - STEP DONE: btnPilihBarang
21:53:33.711 [main] DEBUG net.serenitybdd.core.photography.Darkroom - Send negative for processing for target\site\serenity\9311a53bc487a0fc8bc45603cf1ae1d791425fc180db490005060165b955c6fd.png
21:53:33.711 [main] DEBUG net.thucydides.core.steps.StepInterceptor - STARTING STEP: InventoryStockSteps.youDeteleItem - btnBarang
21:53:34.336 [main] DEBUG net.serenitybdd.core.photography.Darkroom - Send negative for processing for target\site\serenity\cb66d2d166d669c8bf9f230684124852a1d2c3b9f7b46db062bca14d3b92f1be.png
21:53:34.336 [main] DEBUG net.thucydides.core.steps.StepInterceptor - STEP DONE: btnBarang
21:53:34.587 [main] DEBUG net.serenitybdd.core.photography.Darkroom - Send negative for processing for target\site\serenity\cb66d2d166d669c8bf9f230684124852a1d2c3b9f7b46db062bca14d3b92f1be.png
21:53:34.587 [main] DEBUG net.thucydides.core.steps.StepInterceptor - STARTING STEP: InventoryStockSteps.youDeteleItem - btnCheckbox
21:53:34.872 [main] DEBUG net.serenitybdd.core.photography.Darkroom - Send negative for processing for target\site\serenity\b298ace6f420cbd842b35f54bff5d16dd9cc7973366c933cab37ae04bc68c423.png
21:53:34.873 [main] DEBUG net.thucydides.core.steps.StepInterceptor - STEP DONE: btnCheckbox
21:53:35.148 [main] DEBUG net.serenitybdd.core.photography.Darkroom - Send negative for processing for target\site\serenity\b298ace6f420cbd842b35f54bff5d16dd9cc7973366c933cab37ae04bc68c423.png
21:53:35.148 [main] DEBUG net.thucydides.core.steps.StepInterceptor - STARTING STEP: InventoryStockSteps.youDeteleItem - btnDelete
21:53:35.480 [main] DEBUG net.serenitybdd.core.photography.Darkroom - Send negative for processing for target\site\serenity\9b44f8b646287d6a3251ca0a43ad268a9967f8968f24d36fd78f253f5827a9d7.png
21:53:35.480 [main] DEBUG net.thucydides.core.steps.StepInterceptor - STEP DONE: btnDelete
  &amp#27;[32mWhen &amp#27;[0m&amp#27;[32myou detele item &amp#27;[0m&amp#27;[32m&amp#27;[1m"Close"&amp#27;[0m                                                  &amp#27;[90m# starter.stepdefinitios.InventoryStockSteps.youDeteleItem(java.lang.String)&amp#27;[0m
21:53:35.490 [main] DEBUG net.thucydides.core.steps.StepInterceptor - STARTING STEP: InventoryStockSteps.validateTheNameEmpty - validatePilihBarang
21:53:35.513 [main] DEBUG net.thucydides.core.steps.StepInterceptor - STEP DONE: validatePilihBarang
  &amp#27;[32mThen &amp#27;[0m&amp#27;[32mvalidate the name empty&amp#27;[0m                                                  &amp#27;[90m# starter.stepdefinitios.InventoryStockSteps.validateTheNameEmpty()&amp#27;[0m
]]></system-out>
    <system-err><![CDATA[Starting ChromeDriver 117.0.5938.88 (be6afae4721209be42944bbcd325665f9f44563b-refs/branch-heads/5938_62@{#9}) on port 19179
Only local connections are allowed.
Please see https://chromedriver.chromium.org/security-considerations for suggestions on keeping ChromeDriver safe.
ChromeDriver was started successfully.
Oct 05, 2023 9:53:20 PM org.openqa.selenium.remote.ProtocolHandshake createSession
INFO: Detected dialect: W3C
]]></system-err>
  </testcase>
</testsuite>